10000.0 59.0 429.0 429.0 429.0 0.0429 0.0429 0.0429 5.032 5.032 5.032 
20000.0 123.0 849.0 849.0 849.0 0.0424 0.0424 0.0424 6.19 6.19 6.19 
30000.0 184.0 1258.0 1258.0 1258.0 0.0419 0.0419 0.0419 6.392 6.392 6.392 
40000.0 241.0 1702.0 1702.0 1702.0 0.0426 0.0426 0.0426 7.391 7.391 7.391 
50000.0 296.0 2175.0 2175.0 2175.0 0.0435 0.0435 0.0435 7.988 7.988 7.988 
60000.0 354.0 2681.0 2681.0 2681.0 0.0447 0.0447 0.0447 8.534 8.534 8.534 
70000.0 415.0 3150.0 3150.0 3150.0 0.045 0.045 0.045 7.926 7.926 7.926 
80000.0 477.0 3622.0 3622.0 3622.0 0.0453 0.0453 0.0453 7.268 7.268 7.268 
90000.0 534.0 4075.0 4075.0 4075.0 0.0453 0.0453 0.0453 7.841 7.841 7.841 
100000.0 596.0 4558.0 4558.0 4558.0 0.0456 0.0456 0.0456 7.984 7.984 7.984 
110000.0 654.0 5039.0 5039.0 5039.0 0.0458 0.0458 0.0458 7.91 7.91 7.91 
120000.0 713.0 5597.0 5597.0 5597.0 0.0466 0.0466 0.0466 8.807 8.807 8.807 
130000.0 768.0 6093.0 6093.0 6093.0 0.0469 0.0469 0.0469 9.459 9.459 9.459 
140000.0 826.0 6578.0 6578.0 6578.0 0.047 0.047 0.047 8.659 8.659 8.659 
150000.0 877.0 7139.0 7139.0 7139.0 0.0476 0.0476 0.0476 10.422 10.422 10.422 
160000.0 933.0 7694.0 7694.0 7694.0 0.0481 0.0481 0.0481 9.934 9.934 9.934 
170000.0 992.0 8210.0 8210.0 8210.0 0.0483 0.0483 0.0483 8.926 8.926 8.926 
180000.0 1051.0 8760.0 8760.0 8760.0 0.0487 0.0487 0.0487 9.175 9.175 9.175 
190000.0 1112.0 9323.0 9323.0 9323.0 0.0491 0.0491 0.0491 9.355 9.355 9.355 
200000.0 1175.0 9861.0 9861.0 9861.0 0.0493 0.0493 0.0493 8.692 8.692 8.692 
210000.0 1230.0 10418.0 10418.0 10418.0 0.0496 0.0496 0.0496 9.777 9.777 9.777 
220000.0 1288.0 10966.0 10966.0 10966.0 0.0498 0.0498 0.0498 9.816 9.816 9.816 
230000.0 1342.0 11528.0 11528.0 11528.0 0.0501 0.0501 0.0501 10.395 10.395 10.395 
240000.0 1395.0 12108.0 12108.0 12108.0 0.0504 0.0504 0.0504 10.795 10.795 10.795 
250000.0 1451.0 12714.0 12714.0 12714.0 0.0509 0.0509 0.0509 10.765 10.765 10.765 
260000.0 1503.0 13342.0 13342.0 13342.0 0.0513 0.0513 0.0513 11.932 11.932 11.932 
270000.0 1555.0 13937.0 13937.0 13937.0 0.0516 0.0516 0.0516 11.552 11.552 11.552 
280000.0 1607.0 14552.0 14552.0 14552.0 0.052 0.052 0.052 11.854 11.854 11.854 
290000.0 1662.0 15216.0 15216.0 15216.0 0.0525 0.0525 0.0525 11.516 11.516 11.516 
300000.0 1719.0 15859.0 15859.0 15859.0 0.0529 0.0529 0.0529 11.03 11.03 11.03 
310000.0 1765.0 16556.0 16556.0 16556.0 0.0534 0.0534 0.0534 13.069 13.069 13.069 
320000.0 1816.0 17262.0 17262.0 17262.0 0.0539 0.0539 0.0539 13.924 13.924 13.924 
330000.0 1867.0 17879.0 17879.0 17879.0 0.0542 0.0542 0.0542 12.62 12.62 12.62 
340000.0 1917.0 18528.0 18528.0 18528.0 0.0545 0.0545 0.0545 12.773 12.773 12.773 
350000.0 1967.0 19254.0 19254.0 19254.0 0.055 0.055 0.055 13.681 13.681 13.681 
360000.0 2016.0 19889.0 19889.0 19889.0 0.0552 0.0552 0.0552 13.384 13.384 13.384 
370000.0 2060.0 20580.0 20580.0 20580.0 0.0556 0.0556 0.0556 14.98 14.98 14.98 
380000.0 2110.0 21273.0 21273.0 21273.0 0.056 0.056 0.056 14.413 14.413 14.413 
390000.0 2154.0 22002.0 22002.0 22002.0 0.0564 0.0564 0.0564 15.539 15.539 15.539 
400000.0 2208.0 22707.0 22707.0 22707.0 0.0568 0.0568 0.0568 13.694 13.694 13.694 
410000.0 2252.0 23435.0 23435.0 23435.0 0.0572 0.0572 0.0572 15.885 15.885 15.885 
420000.0 2298.0 24159.0 24159.0 24159.0 0.0575 0.0575 0.0575 15.617 15.617 15.617 
430000.0 2341.0 24850.0 24850.0 24850.0 0.0578 0.0578 0.0578 15.487 15.487 15.487 
440000.0 2388.0 25557.0 25557.0 25557.0 0.0581 0.0581 0.0581 15.271 15.271 15.271 
450000.0 2430.0 26240.0 26240.0 26240.0 0.0583 0.0583 0.0583 16.099 16.099 16.099 
460000.0 2475.0 27040.0 27040.0 27040.0 0.0588 0.0588 0.0588 16.852 16.852 16.852 
470000.0 2518.0 27758.0 27758.0 27758.0 0.0591 0.0591 0.0591 16.748 16.748 16.748 
480000.0 2558.0 28488.0 28488.0 28488.0 0.0594 0.0594 0.0594 17.564 17.564 17.564 
490000.0 2599.0 29218.0 29218.0 29218.0 0.0596 0.0596 0.0596 17.241 17.241 17.241 
500000.0 2640.0 29981.0 29981.0 29981.0 0.06 0.06 0.06 18.096 18.096 18.096 
510000.0 2687.0 30629.0 30629.0 30629.0 0.0601 0.0601 0.0601 15.467 15.467 15.467 
520000.0 2728.0 31352.0 31352.0 31352.0 0.0603 0.0603 0.0603 17.216 17.216 17.216 
530000.0 2777.0 32137.0 32137.0 32137.0 0.0606 0.0606 0.0606 16.189 16.189 16.189 
540000.0 2818.0 33014.0 33014.0 33014.0 0.0611 0.0611 0.0611 18.717 18.717 18.717 
550000.0 2858.0 33873.0 33873.0 33873.0 0.0616 0.0616 0.0616 20.189 20.189 20.189 
560000.0 2898.0 34690.0 34690.0 34690.0 0.0619 0.0619 0.0619 20.161 20.161 20.161 
570000.0 2940.0 35485.0 35485.0 35485.0 0.0623 0.0623 0.0623 19.876 19.876 19.876 
580000.0 2981.0 36370.0 36370.0 36370.0 0.0627 0.0627 0.0627 20.617 20.617 20.617 
590000.0 3019.0 37198.0 37198.0 37198.0 0.063 0.063 0.063 21.657 21.657 21.657 
600000.0 3059.0 37994.0 37994.0 37994.0 0.0633 0.0633 0.0633 20.989 20.989 20.989 
610000.0 3099.0 38851.0 38851.0 38851.0 0.0637 0.0637 0.0637 21.009 21.009 21.009 
620000.0 3138.0 39614.0 39614.0 39614.0 0.0639 0.0639 0.0639 20.265 20.265 20.265 
630000.0 3174.0 40464.0 40464.0 40464.0 0.0642 0.0642 0.0642 22.106 22.106 22.106 
640000.0 3216.0 41321.0 41321.0 41321.0 0.0646 0.0646 0.0646 20.713 20.713 20.713 
650000.0 3260.0 42175.0 42175.0 42175.0 0.0649 0.0649 0.0649 19.874 19.874 19.874 
660000.0 3298.0 42952.0 42952.0 42952.0 0.0651 0.0651 0.0651 19.982 19.982 19.982 
670000.0 3336.0 43778.0 43778.0 43778.0 0.0653 0.0653 0.0653 20.598 20.598 20.598 
680000.0 3372.0 44632.0 44632.0 44632.0 0.0656 0.0656 0.0656 22.508 22.508 22.508 
690000.0 3411.0 45532.0 45532.0 45532.0 0.066 0.066 0.066 22.851 22.851 22.851 
700000.0 3447.0 46412.0 46412.0 46412.0 0.0663 0.0663 0.0663 23.088 23.088 23.088 
710000.0 3487.0 47270.0 47270.0 47270.0 0.0666 0.0666 0.0666 22.702 22.702 22.702 
720000.0 3522.0 48120.0 48120.0 48120.0 0.0668 0.0668 0.0668 22.884 22.884 22.884 
730000.0 3563.0 49029.0 49029.0 49029.0 0.0672 0.0672 0.0672 22.556 22.556 22.556 
740000.0 3596.0 49891.0 49891.0 49891.0 0.0674 0.0674 0.0674 24.393 24.393 24.393 
750000.0 3632.0 50832.0 50832.0 50832.0 0.0678 0.0678 0.0678 25.342 25.342 25.342 
760000.0 3666.0 51774.0 51774.0 51774.0 0.0681 0.0681 0.0681 26.089 26.089 26.089 
770000.0 3702.0 52651.0 52651.0 52651.0 0.0684 0.0684 0.0684 25.203 25.203 25.203 
780000.0 3740.0 53564.0 53564.0 53564.0 0.0687 0.0687 0.0687 24.245 24.245 24.245 
790000.0 3777.0 54484.0 54484.0 54484.0 0.069 0.069 0.069 24.187 24.187 24.187 
800000.0 3814.0 55398.0 55398.0 55398.0 0.0692 0.0692 0.0692 24.714 24.714 24.714 
810000.0 3853.0 56320.0 56320.0 56320.0 0.0695 0.0695 0.0695 24.758 24.758 24.758 
820000.0 3893.0 57263.0 57263.0 57263.0 0.0698 0.0698 0.0698 24.348 24.348 24.348 
830000.0 3932.0 58161.0 58161.0 58161.0 0.0701 0.0701 0.0701 23.83 23.83 23.83 
840000.0 3971.0 59178.0 59178.0 59178.0 0.0704 0.0704 0.0704 25.318 25.318 25.318 
850000.0 4007.0 60192.0 60192.0 60192.0 0.0708 0.0708 0.0708 26.584 26.584 26.584 
860000.0 4041.0 61208.0 61208.0 61208.0 0.0712 0.0712 0.0712 27.67 27.67 27.67 
870000.0 4074.0 62179.0 62179.0 62179.0 0.0715 0.0715 0.0715 28.777 28.777 28.777 
880000.0 4108.0 63110.0 63110.0 63110.0 0.0717 0.0717 0.0717 28.067 28.067 28.067 
890000.0 4141.0 64087.0 64087.0 64087.0 0.072 0.072 0.072 29.385 29.385 29.385 
900000.0 4181.0 65107.0 65107.0 65107.0 0.0723 0.0723 0.0723 26.943 26.943 26.943 
910000.0 4218.0 66119.0 66119.0 66119.0 0.0727 0.0727 0.0727 27.258 27.258 27.258 
920000.0 4255.0 67103.0 67103.0 67103.0 0.0729 0.0729 0.0729 26.537 26.537 26.537 
930000.0 4291.0 68097.0 68097.0 68097.0 0.0732 0.0732 0.0732 27.428 27.428 27.428 
940000.0 4326.0 69081.0 69081.0 69081.0 0.0735 0.0735 0.0735 27.961 27.961 27.961 
950000.0 4363.0 70068.0 70068.0 70068.0 0.0738 0.0738 0.0738 27.239 27.239 27.239 
960000.0 4399.0 71056.0 71056.0 71056.0 0.074 0.074 0.074 27.362 27.362 27.362 
970000.0 4438.0 72109.0 72109.0 72109.0 0.0743 0.0743 0.0743 26.672 26.672 26.672 
980000.0 4476.0 73081.0 73081.0 73081.0 0.0746 0.0746 0.0746 26.404 26.404 26.404 
990000.0 4515.0 74149.0 74149.0 74149.0 0.0749 0.0749 0.0749 26.983 26.983 26.983 
1000000.0 4551.0 75190.0 75190.0 75190.0 0.0752 0.0752 0.0752 27.522 27.522 27.522 
1010000.0 4584.0 76151.0 76151.0 76151.0 0.0754 0.0754 0.0754 28.336 28.336 28.336 
1020000.0 4620.0 77245.0 77245.0 77245.0 0.0757 0.0757 0.0757 28.076 28.076 28.076 
1030000.0 4654.0 78264.0 78264.0 78264.0 0.076 0.076 0.076 30.341 30.341 30.341 
1040000.0 4690.0 79345.0 79345.0 79345.0 0.0763 0.0763 0.0763 29.848 29.848 29.848 
1050000.0 4729.0 80409.0 80409.0 80409.0 0.0766 0.0766 0.0766 28.402 28.402 28.402 
1060000.0 4768.0 81516.0 81516.0 81516.0 0.0769 0.0769 0.0769 28.839 28.839 28.839 
1070000.0 4803.0 82573.0 82573.0 82573.0 0.0772 0.0772 0.0772 29.577 29.577 29.577 
1080000.0 4839.0 83675.0 83675.0 83675.0 0.0775 0.0775 0.0775 29.789 29.789 29.789 
1090000.0 4874.0 84787.0 84787.0 84787.0 0.0778 0.0778 0.0778 30.915 30.915 30.915 
1100000.0 4911.0 85871.0 85871.0 85871.0 0.0781 0.0781 0.0781 30.002 30.002 30.002 
1110000.0 4944.0 86900.0 86900.0 86900.0 0.0783 0.0783 0.0783 30.259 30.259 30.259 
1120000.0 4979.0 87959.0 87959.0 87959.0 0.0785 0.0785 0.0785 30.289 30.289 30.289 
1130000.0 5007.0 88957.0 88957.0 88957.0 0.0787 0.0787 0.0787 31.045 31.045 31.045 
1140000.0 5040.0 90059.0 90059.0 90059.0 0.079 0.079 0.079 32.17 32.17 32.17 
1150000.0 5074.0 91137.0 91137.0 91137.0 0.0792 0.0792 0.0792 32.422 32.422 32.422 
1160000.0 5107.0 92162.0 92162.0 92162.0 0.0795 0.0795 0.0795 32.06 32.06 32.06 
1170000.0 5141.0 93131.0 93131.0 93131.0 0.0796 0.0796 0.0796 30.447 30.447 30.447 
1180000.0 5176.0 94097.0 94097.0 94097.0 0.0797 0.0797 0.0797 29.144 29.144 29.144 
1190000.0 5211.0 95124.0 95124.0 95124.0 0.0799 0.0799 0.0799 29.462 29.462 29.462 
1200000.0 5245.0 96225.0 96225.0 96225.0 0.0802 0.0802 0.0802 30.679 30.679 30.679 
1210000.0 5280.0 97142.0 97142.0 97142.0 0.0803 0.0803 0.0803 27.627 27.627 27.627 
1220000.0 5313.0 98045.0 98045.0 98045.0 0.0804 0.0804 0.0804 28.232 28.232 28.232 
1230000.0 5346.0 99075.0 99075.0 99075.0 0.0805 0.0805 0.0805 28.983 28.983 28.983 
1240000.0 5386.0 100116.0 100116.0 100116.0 0.0807 0.0807 0.0807 28.088 28.088 28.088 
1250000.0 5426.0 101193.0 101193.0 101193.0 0.081 0.081 0.081 27.752 27.752 27.752 
1260000.0 5463.0 102244.0 102244.0 102244.0 0.0811 0.0811 0.0811 27.4 27.4 27.4 
1270000.0 5495.0 103257.0 103257.0 103257.0 0.0813 0.0813 0.0813 29.945 29.945 29.945 
1280000.0 5535.0 104328.0 104328.0 104328.0 0.0815 0.0815 0.0815 28.4 28.4 28.4 
1290000.0 5574.0 105465.0 105465.0 105465.0 0.0818 0.0818 0.0818 28.137 28.137 28.137 
1300000.0 5610.0 106527.0 106527.0 106527.0 0.0819 0.0819 0.0819 29.318 29.318 29.318 
1310000.0 5647.0 107659.0 107659.0 107659.0 0.0822 0.0822 0.0822 29.964 29.964 29.964 
1320000.0 5687.0 108610.0 108610.0 108610.0 0.0823 0.0823 0.0823 26.654 26.654 26.654 
1330000.0 5722.0 109616.0 109616.0 109616.0 0.0824 0.0824 0.0824 27.53 27.53 27.53 
1340000.0 5755.0 110542.0 110542.0 110542.0 0.0825 0.0825 0.0825 26.933 26.933 26.933 
1350000.0 5793.0 111579.0 111579.0 111579.0 0.0827 0.0827 0.0827 27.391 27.391 27.391 
1360000.0 5832.0 112466.0 112466.0 112466.0 0.0827 0.0827 0.0827 24.914 24.914 24.914 
1370000.0 5872.0 113404.0 113404.0 113404.0 0.0828 0.0828 0.0828 23.816 23.816 23.816 
1380000.0 5907.0 114347.0 114347.0 114347.0 0.0829 0.0829 0.0829 24.902 24.902 24.902 
1390000.0 5945.0 115321.0 115321.0 115321.0 0.083 0.083 0.083 25.939 25.939 25.939 
1400000.0 5982.0 116246.0 116246.0 116246.0 0.083 0.083 0.083 25.074 25.074 25.074 
1410000.0 6021.0 117261.0 117261.0 117261.0 0.0832 0.0832 0.0832 25.862 25.862 25.862 
1420000.0 6058.0 118314.0 118314.0 118314.0 0.0833 0.0833 0.0833 27.828 27.828 27.828 
1430000.0 6094.0 119315.0 119315.0 119315.0 0.0834 0.0834 0.0834 27.729 27.729 27.729 
1440000.0 6126.0 120271.0 120271.0 120271.0 0.0835 0.0835 0.0835 28.515 28.515 28.515 
1450000.0 6166.0 121338.0 121338.0 121338.0 0.0837 0.0837 0.0837 27.668 27.668 27.668 
1460000.0 6204.0 122416.0 122416.0 122416.0 0.0838 0.0838 0.0838 27.497 27.497 27.497 
1470000.0 6240.0 123481.0 123481.0 123481.0 0.084 0.084 0.084 28.537 28.537 28.537 
1480000.0 6278.0 124532.0 124532.0 124532.0 0.0841 0.0841 0.0841 28.747 28.747 28.747 
1490000.0 6314.0 125627.0 125627.0 125627.0 0.0843 0.0843 0.0843 29.603 29.603 29.603 
1500000.0 6352.0 126648.0 126648.0 126648.0 0.0844 0.0844 0.0844 28.522 28.522 28.522 
1510000.0 6390.0 127703.0 127703.0 127703.0 0.0846 0.0846 0.0846 28.087 28.087 28.087 
1520000.0 6426.0 128762.0 128762.0 128762.0 0.0847 0.0847 0.0847 28.468 28.468 28.468 
1530000.0 6464.0 129820.0 129820.0 129820.0 0.0848 0.0848 0.0848 28.4 28.4 28.4 
1540000.0 6498.0 130929.0 130929.0 130929.0 0.085 0.085 0.085 29.637 29.637 29.637 
1550000.0 6533.0 131948.0 131948.0 131948.0 0.0851 0.0851 0.0851 30.25 30.25 30.25 
1560000.0 6573.0 133048.0 133048.0 133048.0 0.0853 0.0853 0.0853 27.347 27.347 27.347 
1570000.0 6610.0 134117.0 134117.0 134117.0 0.0854 0.0854 0.0854 29.121 29.121 29.121 
1580000.0 6649.0 135262.0 135262.0 135262.0 0.0856 0.0856 0.0856 29.254 29.254 29.254 
1590000.0 6681.0 136275.0 136275.0 136275.0 0.0857 0.0857 0.0857 29.269 29.269 29.269 
1600000.0 6720.0 137390.0 137390.0 137390.0 0.0859 0.0859 0.0859 28.658 28.658 28.658 
1610000.0 6757.0 138471.0 138471.0 138471.0 0.086 0.086 0.086 29.232 29.232 29.232 
1620000.0 6798.0 139603.0 139603.0 139603.0 0.0862 0.0862 0.0862 27.309 27.309 27.309 
1630000.0 6839.0 140701.0 140701.0 140701.0 0.0863 0.0863 0.0863 28.043 28.043 28.043 
1640000.0 6874.0 141758.0 141758.0 141758.0 0.0864 0.0864 0.0864 29.059 29.059 29.059 
1650000.0 6908.0 142851.0 142851.0 142851.0 0.0866 0.0866 0.0866 30.778 30.778 30.778 
1660000.0 6941.0 143946.0 143946.0 143946.0 0.0867 0.0867 0.0867 32.019 32.019 32.019 
1670000.0 6976.0 145049.0 145049.0 145049.0 0.0869 0.0869 0.0869 31.998 31.998 31.998 
1680000.0 7011.0 146169.0 146169.0 146169.0 0.087 0.087 0.087 31.092 31.092 31.092 
1690000.0 7048.0 147237.0 147237.0 147237.0 0.0871 0.0871 0.0871 30.641 30.641 30.641 
1700000.0 7084.0 148348.0 148348.0 148348.0 0.0873 0.0873 0.0873 31.053 31.053 31.053 
1710000.0 7119.0 149403.0 149403.0 149403.0 0.0874 0.0874 0.0874 30.7 30.7 30.7 
1720000.0 7156.0 150554.0 150554.0 150554.0 0.0875 0.0875 0.0875 30.961 30.961 30.961 
1730000.0 7194.0 151736.0 151736.0 151736.0 0.0877 0.0877 0.0877 30.762 30.762 30.762 
1740000.0 7230.0 152923.0 152923.0 152923.0 0.0879 0.0879 0.0879 31.91 31.91 31.91 
1750000.0 7264.0 154073.0 154073.0 154073.0 0.088 0.088 0.088 32.97 32.97 32.97 
1760000.0 7302.0 155219.0 155219.0 155219.0 0.0882 0.0882 0.0882 30.357 30.357 30.357 
1770000.0 7336.0 156328.0 156328.0 156328.0 0.0883 0.0883 0.0883 32.55 32.55 32.55 
1780000.0 7374.0 157511.0 157511.0 157511.0 0.0885 0.0885 0.0885 31.048 31.048 31.048 
1790000.0 7411.0 158653.0 158653.0 158653.0 0.0886 0.0886 0.0886 31.379 31.379 31.379 
1800000.0 7449.0 159763.0 159763.0 159763.0 0.0888 0.0888 0.0888 29.953 29.953 29.953 
1810000.0 7485.0 161018.0 161018.0 161018.0 0.089 0.089 0.089 31.75 31.75 31.75 
1820000.0 7521.0 162200.0 162200.0 162200.0 0.0891 0.0891 0.0891 31.794 31.794 31.794 
1830000.0 7560.0 163215.0 163215.0 163215.0 0.0892 0.0892 0.0892 29.251 29.251 29.251 
1840000.0 7598.0 164410.0 164410.0 164410.0 0.0894 0.0894 0.0894 30.1 30.1 30.1 
1850000.0 7632.0 165492.0 165492.0 165492.0 0.0895 0.0895 0.0895 30.154 30.154 30.154 
1860000.0 7669.0 166633.0 166633.0 166633.0 0.0896 0.0896 0.0896 31.079 31.079 31.079 
1870000.0 7710.0 167848.0 167848.0 167848.0 0.0898 0.0898 0.0898 29.688 29.688 29.688 
1880000.0 7746.0 168951.0 168951.0 168951.0 0.0899 0.0899 0.0899 29.966 29.966 29.966 
1890000.0 7782.0 170149.0 170149.0 170149.0 0.09 0.09 0.09 30.382 30.382 30.382 
1900000.0 7818.0 171189.0 171189.0 171189.0 0.0901 0.0901 0.0901 30.026 30.026 30.026 
1910000.0 7854.0 172247.0 172247.0 172247.0 0.0902 0.0902 0.0902 29.084 29.084 29.084 
1920000.0 7893.0 173388.0 173388.0 173388.0 0.0903 0.0903 0.0903 29.301 29.301 29.301 
1930000.0 7930.0 174578.0 174578.0 174578.0 0.0905 0.0905 0.0905 30.492 30.492 30.492 
1940000.0 7967.0 175721.0 175721.0 175721.0 0.0906 0.0906 0.0906 31.124 31.124 31.124 
1950000.0 8004.0 176864.0 176864.0 176864.0 0.0907 0.0907 0.0907 30.572 30.572 30.572 
1960000.0 8040.0 177922.0 177922.0 177922.0 0.0908 0.0908 0.0908 29.483 29.483 29.483 
1970000.0 8077.0 178968.0 178968.0 178968.0 0.0908 0.0908 0.0908 29.189 29.189 29.189 
1980000.0 8115.0 180158.0 180158.0 180158.0 0.091 0.091 0.091 30.059 30.059 30.059 
1990000.0 8150.0 181316.0 181316.0 181316.0 0.0911 0.0911 0.0911 31.783 31.783 31.783 
2000000.0 8185.0 182403.0 182403.0 182403.0 0.0912 0.0912 0.0912 31.406 31.406 31.406 
2010000.0 8223.0 183556.0 183556.0 183556.0 0.0913 0.0913 0.0913 30.934 30.934 30.934 
2020000.0 8259.0 184699.0 184699.0 184699.0 0.0914 0.0914 0.0914 30.746 30.746 30.746 
2030000.0 8292.0 185855.0 185855.0 185855.0 0.0916 0.0916 0.0916 32.114 32.114 32.114 
2040000.0 8328.0 186969.0 186969.0 186969.0 0.0917 0.0917 0.0917 31.958 31.958 31.958 
2050000.0 8362.0 188093.0 188093.0 188093.0 0.0918 0.0918 0.0918 32.105 32.105 32.105 
2060000.0 8400.0 189199.0 189199.0 189199.0 0.0918 0.0918 0.0918 31.087 31.087 31.087 
2070000.0 8436.0 190425.0 190425.0 190425.0 0.092 0.092 0.092 31.927 31.927 31.927 
2080000.0 8472.0 191604.0 191604.0 191604.0 0.0921 0.0921 0.0921 32.564 32.564 32.564 
2090000.0 8507.0 192742.0 192742.0 192742.0 0.0922 0.0922 0.0922 32.319 32.319 32.319 
2100000.0 8542.0 193850.0 193850.0 193850.0 0.0923 0.0923 0.0923 31.778 31.778 31.778 
2110000.0 8575.0 194980.0 194980.0 194980.0 0.0924 0.0924 0.0924 33.085 33.085 33.085 
2120000.0 8610.0 196089.0 196089.0 196089.0 0.0925 0.0925 0.0925 32.213 32.213 32.213 
2130000.0 8648.0 197255.0 197255.0 197255.0 0.0926 0.0926 0.0926 31.632 31.632 31.632 
2140000.0 8685.0 198359.0 198359.0 198359.0 0.0927 0.0927 0.0927 28.896 28.896 28.896 
2150000.0 8721.0 199486.0 199486.0 199486.0 0.0928 0.0928 0.0928 31.068 31.068 31.068 
2160000.0 8753.0 200546.0 200546.0 200546.0 0.0928 0.0928 0.0928 31.995 31.995 31.995 
2170000.0 8789.0 201677.0 201677.0 201677.0 0.0929 0.0929 0.0929 31.938 31.938 31.938 
2180000.0 8826.0 202793.0 202793.0 202793.0 0.093 0.093 0.093 30.271 30.271 30.271 
2190000.0 8866.0 203899.0 203899.0 203899.0 0.0931 0.0931 0.0931 29.202 29.202 29.202 
2200000.0 8901.0 205069.0 205069.0 205069.0 0.0932 0.0932 0.0932 30.404 30.404 30.404 
2210000.0 8935.0 206208.0 206208.0 206208.0 0.0933 0.0933 0.0933 32.398 32.398 32.398 
2220000.0 8970.0 207325.0 207325.0 207325.0 0.0934 0.0934 0.0934 31.468 31.468 31.468 
2230000.0 9007.0 208522.0 208522.0 208522.0 0.0935 0.0935 0.0935 32.549 32.549 32.549 
2240000.0 9043.0 209552.0 209552.0 209552.0 0.0935 0.0935 0.0935 30.518 30.518 30.518 
2250000.0 9076.0 210657.0 210657.0 210657.0 0.0936 0.0936 0.0936 31.883 31.883 31.883 
2260000.0 9111.0 211745.0 211745.0 211745.0 0.0937 0.0937 0.0937 31.184 31.184 31.184 
2270000.0 9150.0 212800.0 212800.0 212800.0 0.0937 0.0937 0.0937 28.48 28.48 28.48 
2280000.0 9183.0 213809.0 213809.0 213809.0 0.0938 0.0938 0.0938 29.614 29.614 29.614 
2290000.0 9217.0 214904.0 214904.0 214904.0 0.0938 0.0938 0.0938 30.945 30.945 30.945 
2300000.0 9256.0 216017.0 216017.0 216017.0 0.0939 0.0939 0.0939 29.738 29.738 29.738 
2310000.0 9291.0 217146.0 217146.0 217146.0 0.094 0.094 0.094 30.292 30.292 30.292 
2320000.0 9330.0 218253.0 218253.0 218253.0 0.0941 0.0941 0.0941 29.949 29.949 29.949 
2330000.0 9365.0 219392.0 219392.0 219392.0 0.0942 0.0942 0.0942 30.967 30.967 30.967 
2340000.0 9400.0 220497.0 220497.0 220497.0 0.0942 0.0942 0.0942 31.361 31.361 31.361 
2350000.0 9435.0 221567.0 221567.0 221567.0 0.0943 0.0943 0.0943 31.021 31.021 31.021 
2360000.0 9471.0 222683.0 222683.0 222683.0 0.0944 0.0944 0.0944 30.638 30.638 30.638 
2370000.0 9507.0 223825.0 223825.0 223825.0 0.0944 0.0944 0.0944 30.532 30.532 30.532 
2380000.0 9546.0 224955.0 224955.0 224955.0 0.0945 0.0945 0.0945 29.282 29.282 29.282 
2390000.0 9582.0 226104.0 226104.0 226104.0 0.0946 0.0946 0.0946 30.682 30.682 30.682 
2400000.0 9620.0 227327.0 227327.0 227327.0 0.0947 0.0947 0.0947 32.35 32.35 32.35 
2410000.0 9653.0 228515.0 228515.0 228515.0 0.0948 0.0948 0.0948 32.635 32.635 32.635 
2420000.0 9687.0 229619.0 229619.0 229619.0 0.0949 0.0949 0.0949 32.165 32.165 32.165 
2430000.0 9723.0 230672.0 230672.0 230672.0 0.0949 0.0949 0.0949 30.587 30.587 30.587 
2440000.0 9760.0 231790.0 231790.0 231790.0 0.095 0.095 0.095 31.005 31.005 31.005 
2450000.0 9798.0 232931.0 232931.0 232931.0 0.0951 0.0951 0.0951 29.762 29.762 29.762 
2460000.0 9834.0 233996.0 233996.0 233996.0 0.0951 0.0951 0.0951 29.725 29.725 29.725 
2470000.0 9871.0 235149.0 235149.0 235149.0 0.0952 0.0952 0.0952 30.99 30.99 30.99 
2480000.0 9909.0 236224.0 236224.0 236224.0 0.0953 0.0953 0.0953 29.263 29.263 29.263 
2490000.0 9945.0 237351.0 237351.0 237351.0 0.0953 0.0953 0.0953 29.818 29.818 29.818 
2500000.0 9981.0 238352.0 238352.0 238352.0 0.0953 0.0953 0.0953 28.454 28.454 28.454 
2510000.0 10022.0 239293.0 239293.0 239293.0 0.0953 0.0953 0.0953 25.787 25.787 25.787 
2520000.0 10057.0 240332.0 240332.0 240332.0 0.0954 0.0954 0.0954 28.209 28.209 28.209 
2530000.0 10092.0 241375.0 241375.0 241375.0 0.0954 0.0954 0.0954 28.049 28.049 28.049 
2540000.0 10130.0 242444.0 242444.0 242444.0 0.0955 0.0955 0.0955 28.489 28.489 28.489 
2550000.0 10164.0 243592.0 243592.0 243592.0 0.0955 0.0955 0.0955 29.765 29.765 29.765 
2560000.0 10198.0 244692.0 244692.0 244692.0 0.0956 0.0956 0.0956 31.947 31.947 31.947 
2570000.0 10238.0 245889.0 245889.0 245889.0 0.0957 0.0957 0.0957 31.05 31.05 31.05 
2580000.0 10272.0 247047.0 247047.0 247047.0 0.0958 0.0958 0.0958 30.742 30.742 30.742 
2590000.0 10307.0 248134.0 248134.0 248134.0 0.0958 0.0958 0.0958 32.458 32.458 32.458 
2600000.0 10342.0 249251.0 249251.0 249251.0 0.0959 0.0959 0.0959 31.549 31.549 31.549 
2610000.0 10377.0 250392.0 250392.0 250392.0 0.0959 0.0959 0.0959 31.629 31.629 31.629 
2620000.0 10416.0 251393.0 251393.0 251393.0 0.096 0.096 0.096 28.533 28.533 28.533 
2630000.0 10452.0 252426.0 252426.0 252426.0 0.096 0.096 0.096 28.501 28.501 28.501 
2640000.0 10485.0 253473.0 253473.0 253473.0 0.096 0.096 0.096 28.506 28.506 28.506 
2650000.0 10524.0 254560.0 254560.0 254560.0 0.0961 0.0961 0.0961 28.53 28.53 28.53 
2660000.0 10564.0 255668.0 255668.0 255668.0 0.0961 0.0961 0.0961 28.91 28.91 28.91 
2670000.0 10604.0 256710.0 256710.0 256710.0 0.0961 0.0961 0.0961 27.342 27.342 27.342 
2680000.0 10635.0 257712.0 257712.0 257712.0 0.0962 0.0962 0.0962 28.997 28.997 28.997 
2690000.0 10671.0 258763.0 258763.0 258763.0 0.0962 0.0962 0.0962 29.748 29.748 29.748 
2700000.0 10705.0 259964.0 259964.0 259964.0 0.0963 0.0963 0.0963 32.488 32.488 32.488 
2710000.0 10739.0 261068.0 261068.0 261068.0 0.0963 0.0963 0.0963 32.939 32.939 32.939 
2720000.0 10778.0 262224.0 262224.0 262224.0 0.0964 0.0964 0.0964 30.879 30.879 30.879 
2730000.0 10812.0 263246.0 263246.0 263246.0 0.0964 0.0964 0.0964 29.753 29.753 29.753 
2740000.0 10846.0 264381.0 264381.0 264381.0 0.0965 0.0965 0.0965 32.24 32.24 32.24 
2750000.0 10884.0 265588.0 265588.0 265588.0 0.0966 0.0966 0.0966 30.581 30.581 30.581 
2760000.0 10924.0 266672.0 266672.0 266672.0 0.0966 0.0966 0.0966 29.48 29.48 29.48 
2770000.0 10965.0 267809.0 267809.0 267809.0 0.0967 0.0967 0.0967 28.58 28.58 28.58 
2780000.0 11003.0 268930.0 268930.0 268930.0 0.0967 0.0967 0.0967 28.861 28.861 28.861 
2790000.0 11042.0 270031.0 270031.0 270031.0 0.0968 0.0968 0.0968 28.663 28.663 28.663 
2800000.0 11077.0 271233.0 271233.0 271233.0 0.0969 0.0969 0.0969 31.569 31.569 31.569 
2810000.0 11112.0 272342.0 272342.0 272342.0 0.0969 0.0969 0.0969 30.578 30.578 30.578 
2820000.0 11148.0 273443.0 273443.0 273443.0 0.097 0.097 0.097 30.935 30.935 30.935 
2830000.0 11181.0 274539.0 274539.0 274539.0 0.097 0.097 0.097 31.265 31.265 31.265 
2840000.0 11217.0 275656.0 275656.0 275656.0 0.0971 0.0971 0.0971 31.591 31.591 31.591 
2850000.0 11253.0 276850.0 276850.0 276850.0 0.0971 0.0971 0.0971 31.535 31.535 31.535 
2860000.0 11292.0 277903.0 277903.0 277903.0 0.0972 0.0972 0.0972 29.841 29.841 29.841 
2870000.0 11328.0 278986.0 278986.0 278986.0 0.0972 0.0972 0.0972 29.42 29.42 29.42 
2880000.0 11366.0 280044.0 280044.0 280044.0 0.0972 0.0972 0.0972 28.717 28.717 28.717 
2890000.0 11406.0 281187.0 281187.0 281187.0 0.0973 0.0973 0.0973 28.719 28.719 28.719 
2900000.0 11447.0 282285.0 282285.0 282285.0 0.0973 0.0973 0.0973 27.461 27.461 27.461 
2910000.0 11481.0 283367.0 283367.0 283367.0 0.0974 0.0974 0.0974 29.141 29.141 29.141 
2920000.0 11516.0 284371.0 284371.0 284371.0 0.0974 0.0974 0.0974 29.425 29.425 29.425 
2930000.0 11554.0 285437.0 285437.0 285437.0 0.0974 0.0974 0.0974 28.847 28.847 28.847 
2940000.0 11592.0 286486.0 286486.0 286486.0 0.0974 0.0974 0.0974 28.253 28.253 28.253 
2950000.0 11631.0 287591.0 287591.0 287591.0 0.0975 0.0975 0.0975 28.082 28.082 28.082 
2960000.0 11670.0 288720.0 288720.0 288720.0 0.0975 0.0975 0.0975 27.544 27.544 27.544 
2970000.0 11707.0 289862.0 289862.0 289862.0 0.0976 0.0976 0.0976 29.847 29.847 29.847 
2980000.0 11745.0 290990.0 290990.0 290990.0 0.0976 0.0976 0.0976 30.1 30.1 30.1 
2990000.0 11784.0 292198.0 292198.0 292198.0 0.0977 0.0977 0.0977 30.48 30.48 30.48 
3000000.0 11820.0 293339.0 293339.0 293339.0 0.0978 0.0978 0.0978 30.82 30.82 30.82 
3010000.0 11857.0 294430.0 294430.0 294430.0 0.0978 0.0978 0.0978 30.389 30.389 30.389 
3020000.0 11893.0 295440.0 295440.0 295440.0 0.0978 0.0978 0.0978 29.663 29.663 29.663 
3030000.0 11931.0 296542.0 296542.0 296542.0 0.0979 0.0979 0.0979 28.641 28.641 28.641 
3040000.0 11969.0 297610.0 297610.0 297610.0 0.0979 0.0979 0.0979 28.87 28.87 28.87 
3050000.0 12006.0 298740.0 298740.0 298740.0 0.0979 0.0979 0.0979 29.061 29.061 29.061 
3060000.0 12042.0 299821.0 299821.0 299821.0 0.098 0.098 0.098 28.996 28.996 28.996 
3070000.0 12078.0 300885.0 300885.0 300885.0 0.098 0.098 0.098 29.01 29.01 29.01 
3080000.0 12117.0 302074.0 302074.0 302074.0 0.0981 0.0981 0.0981 30.328 30.328 30.328 
3090000.0 12152.0 303280.0 303280.0 303280.0 0.0981 0.0981 0.0981 32.363 32.363 32.363 
3100000.0 12186.0 304444.0 304444.0 304444.0 0.0982 0.0982 0.0982 32.418 32.418 32.418 
3110000.0 12220.0 305618.0 305618.0 305618.0 0.0983 0.0983 0.0983 34.477 34.477 34.477 
3120000.0 12261.0 306736.0 306736.0 306736.0 0.0983 0.0983 0.0983 30.39 30.39 30.39 
3130000.0 12295.0 307847.0 307847.0 307847.0 0.0984 0.0984 0.0984 31.792 31.792 31.792 
3140000.0 12334.0 309071.0 309071.0 309071.0 0.0984 0.0984 0.0984 31.53 31.53 31.53 
3150000.0 12372.0 310239.0 310239.0 310239.0 0.0985 0.0985 0.0985 30.612 30.612 30.612 
3160000.0 12411.0 311497.0 311497.0 311497.0 0.0986 0.0986 0.0986 30.804 30.804 30.804 
3170000.0 12454.0 312709.0 312709.0 312709.0 0.0986 0.0986 0.0986 30.531 30.531 30.531 
3180000.0 12491.0 313935.0 313935.0 313935.0 0.0987 0.0987 0.0987 31.827 31.827 31.827 
3190000.0 12528.0 315097.0 315097.0 315097.0 0.0988 0.0988 0.0988 31.789 31.789 31.789 
3200000.0 12563.0 316351.0 316351.0 316351.0 0.0989 0.0989 0.0989 33.533 33.533 33.533 
3210000.0 12600.0 317482.0 317482.0 317482.0 0.0989 0.0989 0.0989 31.988 31.988 31.988 
3220000.0 12635.0 318671.0 318671.0 318671.0 0.099 0.099 0.099 32.879 32.879 32.879 
3230000.0 12668.0 319836.0 319836.0 319836.0 0.099 0.099 0.099 34.077 34.077 34.077 
3240000.0 12703.0 320989.0 320989.0 320989.0 0.0991 0.0991 0.0991 33.194 33.194 33.194 
3250000.0 12741.0 322210.0 322210.0 322210.0 0.0991 0.0991 0.0991 32.645 32.645 32.645 
3260000.0 12777.0 323426.0 323426.0 323426.0 0.0992 0.0992 0.0992 32.774 32.774 32.774 
3270000.0 12816.0 324762.0 324762.0 324762.0 0.0993 0.0993 0.0993 33.026 33.026 33.026 
3280000.0 12852.0 325960.0 325960.0 325960.0 0.0994 0.0994 0.0994 33.849 33.849 33.849 
3290000.0 12886.0 327283.0 327283.0 327283.0 0.0995 0.0995 0.0995 36.451 36.451 36.451 
3300000.0 12921.0 328544.0 328544.0 328544.0 0.0996 0.0996 0.0996 35.212 35.212 35.212 
3310000.0 12957.0 329664.0 329664.0 329664.0 0.0996 0.0996 0.0996 32.226 32.226 32.226 
3320000.0 12993.0 330870.0 330870.0 330870.0 0.0997 0.0997 0.0997 34.056 34.056 34.056 
3330000.0 13030.0 332125.0 332125.0 332125.0 0.0997 0.0997 0.0997 33.957 33.957 33.957 
3340000.0 13065.0 333375.0 333375.0 333375.0 0.0998 0.0998 0.0998 34.017 34.017 34.017 
3350000.0 13101.0 334560.0 334560.0 334560.0 0.0999 0.0999 0.0999 33.418 33.418 33.418 
3360000.0 13136.0 335709.0 335709.0 335709.0 0.0999 0.0999 0.0999 33.575 33.575 33.575 
3370000.0 13170.0 336850.0 336850.0 336850.0 0.1 0.1 0.1 32.686 32.686 32.686 
3380000.0 13204.0 338063.0 338063.0 338063.0 0.1 0.1 0.1 34.809 34.809 34.809 
3390000.0 13239.0 339263.0 339263.0 339263.0 0.1001 0.1001 0.1001 34.195 34.195 34.195 
3400000.0 13275.0 340484.0 340484.0 340484.0 0.1001 0.1001 0.1001 33.457 33.457 33.457 
3410000.0 13311.0 341583.0 341583.0 341583.0 0.1002 0.1002 0.1002 32.345 32.345 32.345 
3420000.0 13348.0 342780.0 342780.0 342780.0 0.1002 0.1002 0.1002 32.712 32.712 32.712 
3430000.0 13381.0 343901.0 343901.0 343901.0 0.1003 0.1003 0.1003 33.519 33.519 33.519 
3440000.0 13416.0 345045.0 345045.0 345045.0 0.1003 0.1003 0.1003 32.602 32.602 32.602 
3450000.0 13449.0 346206.0 346206.0 346206.0 0.1003 0.1003 0.1003 33.225 33.225 33.225 
3460000.0 13482.0 347396.0 347396.0 347396.0 0.1004 0.1004 0.1004 33.995 33.995 33.995 
3470000.0 13518.0 348619.0 348619.0 348619.0 0.1005 0.1005 0.1005 33.914 33.914 33.914 
3480000.0 13551.0 349855.0 349855.0 349855.0 0.1005 0.1005 0.1005 35.428 35.428 35.428 
3490000.0 13588.0 351071.0 351071.0 351071.0 0.1006 0.1006 0.1006 34.596 34.596 34.596 
3500000.0 13624.0 352348.0 352348.0 352348.0 0.1007 0.1007 0.1007 35.464 35.464 35.464 
3510000.0 13659.0 353520.0 353520.0 353520.0 0.1007 0.1007 0.1007 34.635 34.635 34.635 
3520000.0 13692.0 354743.0 354743.0 354743.0 0.1008 0.1008 0.1008 34.385 34.385 34.385 
3530000.0 13728.0 356004.0 356004.0 356004.0 0.1009 0.1009 0.1009 34.77 34.77 34.77 
3540000.0 13763.0 357211.0 357211.0 357211.0 0.1009 0.1009 0.1009 35.857 35.857 35.857 
3550000.0 13801.0 358524.0 358524.0 358524.0 0.101 0.101 0.101 34.697 34.697 34.697 
3560000.0 13835.0 359723.0 359723.0 359723.0 0.101 0.101 0.101 35.559 35.559 35.559 
3570000.0 13869.0 360914.0 360914.0 360914.0 0.1011 0.1011 0.1011 34.877 34.877 34.877 
3580000.0 13903.0 362055.0 362055.0 362055.0 0.1011 0.1011 0.1011 34.462 34.462 34.462 
3590000.0 13937.0 363279.0 363279.0 363279.0 0.1012 0.1012 0.1012 35.194 35.194 35.194 
3600000.0 13969.0 364548.0 364548.0 364548.0 0.1013 0.1013 0.1013 36.692 36.692 36.692 
3610000.0 14001.0 365781.0 365781.0 365781.0 0.1013 0.1013 0.1013 36.151 36.151 36.151 
3620000.0 14035.0 367032.0 367032.0 367032.0 0.1014 0.1014 0.1014 37.553 37.553 37.553 
3630000.0 14070.0 368306.0 368306.0 368306.0 0.1015 0.1015 0.1015 35.962 35.962 35.962 
3640000.0 14105.0 369535.0 369535.0 369535.0 0.1015 0.1015 0.1015 36.646 36.646 36.646 
3650000.0 14142.0 370895.0 370895.0 370895.0 0.1016 0.1016 0.1016 35.761 35.761 35.761 
3660000.0 14177.0 372179.0 372179.0 372179.0 0.1017 0.1017 0.1017 36.596 36.596 36.596 
3670000.0 14211.0 373446.0 373446.0 373446.0 0.1018 0.1018 0.1018 36.466 36.466 36.466 
3680000.0 14246.0 374781.0 374781.0 374781.0 0.1018 0.1018 0.1018 37.435 37.435 37.435 
3690000.0 14282.0 376120.0 376120.0 376120.0 0.1019 0.1019 0.1019 37.576 37.576 37.576 
3700000.0 14316.0 377352.0 377352.0 377352.0 0.102 0.102 0.102 35.403 35.403 35.403 
3710000.0 14358.0 378512.0 378512.0 378512.0 0.102 0.102 0.102 30.625 30.625 30.625 
3720000.0 14394.0 379883.0 379883.0 379883.0 0.1021 0.1021 0.1021 34.348 34.348 34.348 
3730000.0 14428.0 381161.0 381161.0 381161.0 0.1022 0.1022 0.1022 37.381 37.381 37.381 
3740000.0 14463.0 382445.0 382445.0 382445.0 0.1023 0.1023 0.1023 37.0 37.0 37.0 
3750000.0 14496.0 383775.0 383775.0 383775.0 0.1023 0.1023 0.1023 37.272 37.272 37.272 
3760000.0 14532.0 384993.0 384993.0 384993.0 0.1024 0.1024 0.1024 36.026 36.026 36.026 
3770000.0 14568.0 386338.0 386338.0 386338.0 0.1025 0.1025 0.1025 36.35 36.35 36.35 
3780000.0 14603.0 387590.0 387590.0 387590.0 0.1025 0.1025 0.1025 35.982 35.982 35.982 
3790000.0 14640.0 388814.0 388814.0 388814.0 0.1026 0.1026 0.1026 33.417 33.417 33.417 
3800000.0 14674.0 390054.0 390054.0 390054.0 0.1026 0.1026 0.1026 35.176 35.176 35.176 
3810000.0 14709.0 391340.0 391340.0 391340.0 0.1027 0.1027 0.1027 35.484 35.484 35.484 
3820000.0 14748.0 392677.0 392677.0 392677.0 0.1028 0.1028 0.1028 35.347 35.347 35.347 
3830000.0 14786.0 393986.0 393986.0 393986.0 0.1029 0.1029 0.1029 35.398 35.398 35.398 
3840000.0 14817.0 395193.0 395193.0 395193.0 0.1029 0.1029 0.1029 35.614 35.614 35.614 
3850000.0 14854.0 396316.0 396316.0 396316.0 0.1029 0.1029 0.1029 34.048 34.048 34.048 
3860000.0 14889.0 397539.0 397539.0 397539.0 0.103 0.103 0.103 33.901 33.901 33.901 
3870000.0 14925.0 398670.0 398670.0 398670.0 0.103 0.103 0.103 32.447 32.447 32.447 
3880000.0 14959.0 399939.0 399939.0 399939.0 0.1031 0.1031 0.1031 35.013 35.013 35.013 
3890000.0 14994.0 401156.0 401156.0 401156.0 0.1031 0.1031 0.1031 34.534 34.534 34.534 
3900000.0 15030.0 402299.0 402299.0 402299.0 0.1032 0.1032 0.1032 33.241 33.241 33.241 
3910000.0 15066.0 403593.0 403593.0 403593.0 0.1032 0.1032 0.1032 33.517 33.517 33.517 
3920000.0 15102.0 404839.0 404839.0 404839.0 0.1033 0.1033 0.1033 34.738 34.738 34.738 
3930000.0 15138.0 406062.0 406062.0 406062.0 0.1033 0.1033 0.1033 33.252 33.252 33.252 
3940000.0 15174.0 407232.0 407232.0 407232.0 0.1034 0.1034 0.1034 33.314 33.314 33.314 
3950000.0 15209.0 408466.0 408466.0 408466.0 0.1034 0.1034 0.1034 34.293 34.293 34.293 
3960000.0 15245.0 409682.0 409682.0 409682.0 0.1035 0.1035 0.1035 34.101 34.101 34.101 
3970000.0 15279.0 410912.0 410912.0 410912.0 0.1035 0.1035 0.1035 33.582 33.582 33.582 
3980000.0 15312.0 412053.0 412053.0 412053.0 0.1035 0.1035 0.1035 34.352 34.352 34.352 
3990000.0 15345.0 413326.0 413326.0 413326.0 0.1036 0.1036 0.1036 35.211 35.211 35.211 
4000000.0 15378.0 414540.0 414540.0 414540.0 0.1036 0.1036 0.1036 36.208 36.208 36.208 
4010000.0 15414.0 415783.0 415783.0 415783.0 0.1037 0.1037 0.1037 35.991 35.991 35.991 
4020000.0 15447.0 416936.0 416936.0 416936.0 0.1037 0.1037 0.1037 35.359 35.359 35.359 
4030000.0 15487.0 418062.0 418062.0 418062.0 0.1037 0.1037 0.1037 30.194 30.194 30.194 
4040000.0 15526.0 419210.0 419210.0 419210.0 0.1038 0.1038 0.1038 30.545 30.545 30.545 
4050000.0 15560.0 420313.0 420313.0 420313.0 0.1038 0.1038 0.1038 31.63 31.63 31.63 
4060000.0 15597.0 421474.0 421474.0 421474.0 0.1038 0.1038 0.1038 30.285 30.285 30.285 
4070000.0 15631.0 422504.0 422504.0 422504.0 0.1038 0.1038 0.1038 31.49 31.49 31.49 
4080000.0 15670.0 423450.0 423450.0 423450.0 0.1038 0.1038 0.1038 27.446 27.446 27.446 
4090000.0 15704.0 424582.0 424582.0 424582.0 0.1038 0.1038 0.1038 30.826 30.826 30.826 
4100000.0 15739.0 425815.0 425815.0 425815.0 0.1039 0.1039 0.1039 33.236 33.236 33.236 
4110000.0 15775.0 426948.0 426948.0 426948.0 0.1039 0.1039 0.1039 33.034 33.034 33.034 
4120000.0 15809.0 428082.0 428082.0 428082.0 0.1039 0.1039 0.1039 32.585 32.585 32.585 
4130000.0 15845.0 429211.0 429211.0 429211.0 0.1039 0.1039 0.1039 32.324 32.324 32.324 
4140000.0 15876.0 430310.0 430310.0 430310.0 0.1039 0.1039 0.1039 32.701 32.701 32.701 
4150000.0 15915.0 431555.0 431555.0 431555.0 0.104 0.104 0.104 31.877 31.877 31.877 
4160000.0 15953.0 432680.0 432680.0 432680.0 0.104 0.104 0.104 30.752 30.752 30.752 
4170000.0 15986.0 433848.0 433848.0 433848.0 0.104 0.104 0.104 33.227 33.227 33.227 
4180000.0 16023.0 434943.0 434943.0 434943.0 0.1041 0.1041 0.1041 29.812 29.812 29.812 
4190000.0 16062.0 436198.0 436198.0 436198.0 0.1041 0.1041 0.1041 31.906 31.906 31.906 
4200000.0 16098.0 437488.0 437488.0 437488.0 0.1042 0.1042 0.1042 32.489 32.489 32.489 
4210000.0 16130.0 438647.0 438647.0 438647.0 0.1042 0.1042 0.1042 35.485 35.485 35.485 
4220000.0 16164.0 439829.0 439829.0 439829.0 0.1042 0.1042 0.1042 34.463 34.463 34.463 
4230000.0 16198.0 441025.0 441025.0 441025.0 0.1043 0.1043 0.1043 35.467 35.467 35.467 
4240000.0 16235.0 442131.0 442131.0 442131.0 0.1043 0.1043 0.1043 32.335 32.335 32.335 
4250000.0 16269.0 443368.0 443368.0 443368.0 0.1043 0.1043 0.1043 33.063 33.063 33.063 
4260000.0 16306.0 444577.0 444577.0 444577.0 0.1044 0.1044 0.1044 34.052 34.052 34.052 
4270000.0 16340.0 445786.0 445786.0 445786.0 0.1044 0.1044 0.1044 35.158 35.158 35.158 
4280000.0 16377.0 447035.0 447035.0 447035.0 0.1044 0.1044 0.1044 34.393 34.393 34.393 
4290000.0 16409.0 448267.0 448267.0 448267.0 0.1045 0.1045 0.1045 36.065 36.065 36.065 
4300000.0 16445.0 449509.0 449509.0 449509.0 0.1045 0.1045 0.1045 35.525 35.525 35.525 
4310000.0 16479.0 450742.0 450742.0 450742.0 0.1046 0.1046 0.1046 35.674 35.674 35.674 
4320000.0 16515.0 452112.0 452112.0 452112.0 0.1047 0.1047 0.1047 35.914 35.914 35.914 
4330000.0 16548.0 453269.0 453269.0 453269.0 0.1047 0.1047 0.1047 35.415 35.415 35.415 
4340000.0 16581.0 454475.0 454475.0 454475.0 0.1047 0.1047 0.1047 35.581 35.581 35.581 
4350000.0 16615.0 455605.0 455605.0 455605.0 0.1047 0.1047 0.1047 35.186 35.186 35.186 
4360000.0 16650.0 456861.0 456861.0 456861.0 0.1048 0.1048 0.1048 35.512 35.512 35.512 
4370000.0 16685.0 458097.0 458097.0 458097.0 0.1048 0.1048 0.1048 36.047 36.047 36.047 
4380000.0 16720.0 459308.0 459308.0 459308.0 0.1049 0.1049 0.1049 35.4 35.4 35.4 
4390000.0 16757.0 460475.0 460475.0 460475.0 0.1049 0.1049 0.1049 33.317 33.317 33.317 
4400000.0 16793.0 461573.0 461573.0 461573.0 0.1049 0.1049 0.1049 32.337 32.337 32.337 
4410000.0 16828.0 462746.0 462746.0 462746.0 0.1049 0.1049 0.1049 33.008 33.008 33.008 
4420000.0 16862.0 463878.0 463878.0 463878.0 0.1049 0.1049 0.1049 33.521 33.521 33.521 
4430000.0 16895.0 464913.0 464913.0 464913.0 0.1049 0.1049 0.1049 32.22 32.22 32.22 
4440000.0 16927.0 466146.0 466146.0 466146.0 0.105 0.105 0.105 35.045 35.045 35.045 
4450000.0 16962.0 467313.0 467313.0 467313.0 0.105 0.105 0.105 33.755 33.755 33.755 
4460000.0 16998.0 468592.0 468592.0 468592.0 0.1051 0.1051 0.1051 34.261 34.261 34.261 
4470000.0 17034.0 469729.0 469729.0 469729.0 0.1051 0.1051 0.1051 32.851 32.851 32.851 
4480000.0 17066.0 470869.0 470869.0 470869.0 0.1051 0.1051 0.1051 34.744 34.744 34.744 
4490000.0 17101.0 472027.0 472027.0 472027.0 0.1051 0.1051 0.1051 33.589 33.589 33.589 
4500000.0 17137.0 473127.0 473127.0 473127.0 0.1051 0.1051 0.1051 32.313 32.313 32.313 
4510000.0 17173.0 474169.0 474169.0 474169.0 0.1051 0.1051 0.1051 30.711 30.711 30.711 
4520000.0 17205.0 475158.0 475158.0 475158.0 0.1051 0.1051 0.1051 31.2 31.2 31.2 
4530000.0 17238.0 476229.0 476229.0 476229.0 0.1051 0.1051 0.1051 30.653 30.653 30.653 
4540000.0 17275.0 477355.0 477355.0 477355.0 0.1051 0.1051 0.1051 31.796 31.796 31.796 
4550000.0 17311.0 478513.0 478513.0 478513.0 0.1052 0.1052 0.1052 31.902 31.902 31.902 
4560000.0 17347.0 479673.0 479673.0 479673.0 0.1052 0.1052 0.1052 32.262 32.262 32.262 
4570000.0 17385.0 480781.0 480781.0 480781.0 0.1052 0.1052 0.1052 30.409 30.409 30.409 
4580000.0 17418.0 481915.0 481915.0 481915.0 0.1052 0.1052 0.1052 31.055 31.055 31.055 
4590000.0 17454.0 483126.0 483126.0 483126.0 0.1053 0.1053 0.1053 32.257 32.257 32.257 
4600000.0 17487.0 484362.0 484362.0 484362.0 0.1053 0.1053 0.1053 34.366 34.366 34.366 
4610000.0 17520.0 485513.0 485513.0 485513.0 0.1053 0.1053 0.1053 35.246 35.246 35.246 
4620000.0 17553.0 486753.0 486753.0 486753.0 0.1054 0.1054 0.1054 35.058 35.058 35.058 
4630000.0 17586.0 487917.0 487917.0 487917.0 0.1054 0.1054 0.1054 35.92 35.92 35.92 
4640000.0 17619.0 489043.0 489043.0 489043.0 0.1054 0.1054 0.1054 34.612 34.612 34.612 
4650000.0 17653.0 490183.0 490183.0 490183.0 0.1054 0.1054 0.1054 34.124 34.124 34.124 
4660000.0 17689.0 491328.0 491328.0 491328.0 0.1054 0.1054 0.1054 32.867 32.867 32.867 
4670000.0 17724.0 492457.0 492457.0 492457.0 0.1055 0.1055 0.1055 32.288 32.288 32.288 
4680000.0 17757.0 493544.0 493544.0 493544.0 0.1055 0.1055 0.1055 32.753 32.753 32.753 
4690000.0 17789.0 494763.0 494763.0 494763.0 0.1055 0.1055 0.1055 35.078 35.078 35.078 
4700000.0 17823.0 496017.0 496017.0 496017.0 0.1055 0.1055 0.1055 35.402 35.402 35.402 
4710000.0 17857.0 497313.0 497313.0 497313.0 0.1056 0.1056 0.1056 37.171 37.171 37.171 
4720000.0 17892.0 498566.0 498566.0 498566.0 0.1056 0.1056 0.1056 35.662 35.662 35.662 
4730000.0 17922.0 499725.0 499725.0 499725.0 0.1057 0.1057 0.1057 36.8 36.8 36.8 
4740000.0 17955.0 500918.0 500918.0 500918.0 0.1057 0.1057 0.1057 36.689 36.689 36.689 
4750000.0 17985.0 502039.0 502039.0 502039.0 0.1057 0.1057 0.1057 36.391 36.391 36.391 
4760000.0 18020.0 503173.0 503173.0 503173.0 0.1057 0.1057 0.1057 35.678 35.678 35.678 
4770000.0 18053.0 504363.0 504363.0 504363.0 0.1057 0.1057 0.1057 35.693 35.693 35.693 
4780000.0 18090.0 505665.0 505665.0 505665.0 0.1058 0.1058 0.1058 34.266 34.266 34.266 
4790000.0 18123.0 506941.0 506941.0 506941.0 0.1058 0.1058 0.1058 36.027 36.027 36.027 
4800000.0 18159.0 508136.0 508136.0 508136.0 0.1059 0.1059 0.1059 34.835 34.835 34.835 
4810000.0 18192.0 509252.0 509252.0 509252.0 0.1059 0.1059 0.1059 33.291 33.291 33.291 
4820000.0 18225.0 510381.0 510381.0 510381.0 0.1059 0.1059 0.1059 33.663 33.663 33.663 
4830000.0 18261.0 511627.0 511627.0 511627.0 0.1059 0.1059 0.1059 34.456 34.456 34.456 
4840000.0 18295.0 512816.0 512816.0 512816.0 0.106 0.106 0.106 34.83 34.83 34.83 
4850000.0 18328.0 514049.0 514049.0 514049.0 0.106 0.106 0.106 36.21 36.21 36.21 
4860000.0 18360.0 515186.0 515186.0 515186.0 0.106 0.106 0.106 35.263 35.263 35.263 
4870000.0 18396.0 516253.0 516253.0 516253.0 0.106 0.106 0.106 32.298 32.298 32.298 
4880000.0 18434.0 517438.0 517438.0 517438.0 0.106 0.106 0.106 31.652 31.652 31.652 
4890000.0 18470.0 518482.0 518482.0 518482.0 0.106 0.106 0.106 30.718 30.718 30.718 
4900000.0 18504.0 519655.0 519655.0 519655.0 0.1061 0.1061 0.1061 31.138 31.138 31.138 
4910000.0 18540.0 520724.0 520724.0 520724.0 0.1061 0.1061 0.1061 31.382 31.382 31.382 
4920000.0 18573.0 521774.0 521774.0 521774.0 0.1061 0.1061 0.1061 31.214 31.214 31.214 
4930000.0 18612.0 522917.0 522917.0 522917.0 0.1061 0.1061 0.1061 29.055 29.055 29.055 
4940000.0 18645.0 524064.0 524064.0 524064.0 0.1061 0.1061 0.1061 32.102 32.102 32.102 
4950000.0 18681.0 525298.0 525298.0 525298.0 0.1061 0.1061 0.1061 33.211 33.211 33.211 
4960000.0 18717.0 526482.0 526482.0 526482.0 0.1061 0.1061 0.1061 32.451 32.451 32.451 
4970000.0 18752.0 527627.0 527627.0 527627.0 0.1062 0.1062 0.1062 32.627 32.627 32.627 
4980000.0 18786.0 528750.0 528750.0 528750.0 0.1062 0.1062 0.1062 32.405 32.405 32.405 
4990000.0 18817.0 529950.0 529950.0 529950.0 0.1062 0.1062 0.1062 34.782 34.782 34.782 
5000000.0 18851.0 531128.0 531128.0 531128.0 0.1062 0.1062 0.1062 35.471 35.471 35.471 
5010000.0 18884.0 532295.0 532295.0 532295.0 0.1062 0.1062 0.1062 35.509 35.509 35.509 
5020000.0 18917.0 533527.0 533527.0 533527.0 0.1063 0.1063 0.1063 35.981 35.981 35.981 
5030000.0 18948.0 534689.0 534689.0 534689.0 0.1063 0.1063 0.1063 35.835 35.835 35.835 
5040000.0 18983.0 535912.0 535912.0 535912.0 0.1063 0.1063 0.1063 36.198 36.198 36.198 
5050000.0 19015.0 537121.0 537121.0 537121.0 0.1064 0.1064 0.1064 36.997 36.997 36.997 
5060000.0 19050.0 538354.0 538354.0 538354.0 0.1064 0.1064 0.1064 35.162 35.162 35.162 
5070000.0 19080.0 539534.0 539534.0 539534.0 0.1064 0.1064 0.1064 36.275 36.275 36.275 
5080000.0 19113.0 540646.0 540646.0 540646.0 0.1064 0.1064 0.1064 36.004 36.004 36.004 
5090000.0 19146.0 541879.0 541879.0 541879.0 0.1065 0.1065 0.1065 35.382 35.382 35.382 
5100000.0 19182.0 543077.0 543077.0 543077.0 0.1065 0.1065 0.1065 34.943 34.943 34.943 
5110000.0 19217.0 544318.0 544318.0 544318.0 0.1065 0.1065 0.1065 35.743 35.743 35.743 
5120000.0 19254.0 545595.0 545595.0 545595.0 0.1066 0.1066 0.1066 34.924 34.924 34.924 
5130000.0 19285.0 546782.0 546782.0 546782.0 0.1066 0.1066 0.1066 36.469 36.469 36.469 
5140000.0 19316.0 547915.0 547915.0 547915.0 0.1066 0.1066 0.1066 36.682 36.682 36.682 
5150000.0 19350.0 549068.0 549068.0 549068.0 0.1066 0.1066 0.1066 34.589 34.589 34.589 
5160000.0 19384.0 550271.0 550271.0 550271.0 0.1066 0.1066 0.1066 35.512 35.512 35.512 
5170000.0 19419.0 551457.0 551457.0 551457.0 0.1067 0.1067 0.1067 33.993 33.993 33.993 
5180000.0 19455.0 552555.0 552555.0 552555.0 0.1067 0.1067 0.1067 32.322 32.322 32.322 
5190000.0 19490.0 553718.0 553718.0 553718.0 0.1067 0.1067 0.1067 32.512 32.512 32.512 
5200000.0 19524.0 554795.0 554795.0 554795.0 0.1067 0.1067 0.1067 31.929 31.929 31.929 
5210000.0 19561.0 555895.0 555895.0 555895.0 0.1067 0.1067 0.1067 30.186 30.186 30.186 
5220000.0 19596.0 557030.0 557030.0 557030.0 0.1067 0.1067 0.1067 31.57 31.57 31.57 
5230000.0 19632.0 558201.0 558201.0 558201.0 0.1067 0.1067 0.1067 31.817 31.817 31.817 
5240000.0 19668.0 559287.0 559287.0 559287.0 0.1067 0.1067 0.1067 30.726 30.726 30.726 
5250000.0 19704.0 560394.0 560394.0 560394.0 0.1067 0.1067 0.1067 30.347 30.347 30.347 
5260000.0 19739.0 561518.0 561518.0 561518.0 0.1068 0.1068 0.1068 31.841 31.841 31.841 
5270000.0 19771.0 562582.0 562582.0 562582.0 0.1068 0.1068 0.1068 32.508 32.508 32.508 
5280000.0 19807.0 563727.0 563727.0 563727.0 0.1068 0.1068 0.1068 32.039 32.039 32.039 
5290000.0 19845.0 564832.0 564832.0 564832.0 0.1068 0.1068 0.1068 30.599 30.599 30.599 
5300000.0 19879.0 565972.0 565972.0 565972.0 0.1068 0.1068 0.1068 32.237 32.237 32.237 
5310000.0 19913.0 567059.0 567059.0 567059.0 0.1068 0.1068 0.1068 31.342 31.342 31.342 
5320000.0 19948.0 568187.0 568187.0 568187.0 0.1068 0.1068 0.1068 32.052 32.052 32.052 
5330000.0 19980.0 569268.0 569268.0 569268.0 0.1068 0.1068 0.1068 31.824 31.824 31.824 
5340000.0 20016.0 570393.0 570393.0 570393.0 0.1068 0.1068 0.1068 31.931 31.931 31.931 
5350000.0 20049.0 571511.0 571511.0 571511.0 0.1068 0.1068 0.1068 31.646 31.646 31.646 
5360000.0 20082.0 572682.0 572682.0 572682.0 0.1068 0.1068 0.1068 33.606 33.606 33.606 
5370000.0 20115.0 573795.0 573795.0 573795.0 0.1069 0.1069 0.1069 33.104 33.104 33.104 
5380000.0 20152.0 574874.0 574874.0 574874.0 0.1069 0.1069 0.1069 31.797 31.797 31.797 
5390000.0 20184.0 575988.0 575988.0 575988.0 0.1069 0.1069 0.1069 32.493 32.493 32.493 
5400000.0 20217.0 577084.0 577084.0 577084.0 0.1069 0.1069 0.1069 32.07 32.07 32.07 
5410000.0 20253.0 578078.0 578078.0 578078.0 0.1069 0.1069 0.1069 30.174 30.174 30.174 
5420000.0 20289.0 579094.0 579094.0 579094.0 0.1068 0.1068 0.1068 29.332 29.332 29.332 
5430000.0 20322.0 580229.0 580229.0 580229.0 0.1069 0.1069 0.1069 31.355 31.355 31.355 
5440000.0 20356.0 581436.0 581436.0 581436.0 0.1069 0.1069 0.1069 33.76 33.76 33.76 
5450000.0 20391.0 582600.0 582600.0 582600.0 0.1069 0.1069 0.1069 33.447 33.447 33.447 
5460000.0 20427.0 583841.0 583841.0 583841.0 0.1069 0.1069 0.1069 33.748 33.748 33.748 
5470000.0 20463.0 584959.0 584959.0 584959.0 0.1069 0.1069 0.1069 33.176 33.176 33.176 
5480000.0 20498.0 586065.0 586065.0 586065.0 0.1069 0.1069 0.1069 32.308 32.308 32.308 
5490000.0 20534.0 587246.0 587246.0 587246.0 0.107 0.107 0.107 32.626 32.626 32.626 
5500000.0 20568.0 588417.0 588417.0 588417.0 0.107 0.107 0.107 32.62 32.62 32.62 
5510000.0 20604.0 589562.0 589562.0 589562.0 0.107 0.107 0.107 31.979 31.979 31.979 
5520000.0 20638.0 590618.0 590618.0 590618.0 0.107 0.107 0.107 32.247 32.247 32.247 
5530000.0 20676.0 591752.0 591752.0 591752.0 0.107 0.107 0.107 30.819 30.819 30.819 
5540000.0 20712.0 592795.0 592795.0 592795.0 0.107 0.107 0.107 29.385 29.385 29.385 
5550000.0 20747.0 593913.0 593913.0 593913.0 0.107 0.107 0.107 30.841 30.841 30.841 
5560000.0 20781.0 595014.0 595014.0 595014.0 0.107 0.107 0.107 30.723 30.723 30.723 
5570000.0 20814.0 596018.0 596018.0 596018.0 0.107 0.107 0.107 30.271 30.271 30.271 
5580000.0 20849.0 597079.0 597079.0 597079.0 0.107 0.107 0.107 30.952 30.952 30.952 
5590000.0 20883.0 598167.0 598167.0 598167.0 0.107 0.107 0.107 30.957 30.957 30.957 
5600000.0 20919.0 599239.0 599239.0 599239.0 0.107 0.107 0.107 29.458 29.458 29.458 
5610000.0 20958.0 600416.0 600416.0 600416.0 0.107 0.107 0.107 30.211 30.211 30.211 
5620000.0 20991.0 601527.0 601527.0 601527.0 0.107 0.107 0.107 31.009 31.009 31.009 
5630000.0 21033.0 602704.0 602704.0 602704.0 0.1071 0.1071 0.1071 29.374 29.374 29.374 
5640000.0 21073.0 604003.0 604003.0 604003.0 0.1071 0.1071 0.1071 30.822 30.822 30.822 
5650000.0 21111.0 605157.0 605157.0 605157.0 0.1071 0.1071 0.1071 30.502 30.502 30.502 
5660000.0 21150.0 606302.0 606302.0 606302.0 0.1071 0.1071 0.1071 29.951 29.951 29.951 
5670000.0 21186.0 607460.0 607460.0 607460.0 0.1071 0.1071 0.1071 30.046 30.046 30.046 
5680000.0 21222.0 608626.0 608626.0 608626.0 0.1072 0.1072 0.1072 30.884 30.884 30.884 
5690000.0 21256.0 609779.0 609779.0 609779.0 0.1072 0.1072 0.1072 33.464 33.464 33.464 
5700000.0 21294.0 610833.0 610833.0 610833.0 0.1072 0.1072 0.1072 30.29 30.29 30.29 
5710000.0 21331.0 612048.0 612048.0 612048.0 0.1072 0.1072 0.1072 32.143 32.143 32.143 
5720000.0 21369.0 613096.0 613096.0 613096.0 0.1072 0.1072 0.1072 29.19 29.19 29.19 
5730000.0 21405.0 614205.0 614205.0 614205.0 0.1072 0.1072 0.1072 28.757 28.757 28.757 
5740000.0 21441.0 615222.0 615222.0 615222.0 0.1072 0.1072 0.1072 28.924 28.924 28.924 
5750000.0 21480.0 616326.0 616326.0 616326.0 0.1072 0.1072 0.1072 28.943 28.943 28.943 
5760000.0 21516.0 617308.0 617308.0 617308.0 0.1072 0.1072 0.1072 28.068 28.068 28.068 
5770000.0 21555.0 618409.0 618409.0 618409.0 0.1072 0.1072 0.1072 27.701 27.701 27.701 
5780000.0 21589.0 619463.0 619463.0 619463.0 0.1072 0.1072 0.1072 30.151 30.151 30.151 
5790000.0 21627.0 620564.0 620564.0 620564.0 0.1072 0.1072 0.1072 28.695 28.695 28.695 
5800000.0 21662.0 621580.0 621580.0 621580.0 0.1072 0.1072 0.1072 29.755 29.755 29.755 
5810000.0 21699.0 622596.0 622596.0 622596.0 0.1072 0.1072 0.1072 27.928 27.928 27.928 
5820000.0 21736.0 623629.0 623629.0 623629.0 0.1072 0.1072 0.1072 28.39 28.39 28.39 
5830000.0 21774.0 624656.0 624656.0 624656.0 0.1071 0.1071 0.1071 27.705 27.705 27.705 
5840000.0 21813.0 625789.0 625789.0 625789.0 0.1072 0.1072 0.1072 27.471 27.471 27.471 
5850000.0 21850.0 626812.0 626812.0 626812.0 0.1071 0.1071 0.1071 28.518 28.518 28.518 
5860000.0 21887.0 627849.0 627849.0 627849.0 0.1071 0.1071 0.1071 28.093 28.093 28.093 
5870000.0 21923.0 628841.0 628841.0 628841.0 0.1071 0.1071 0.1071 27.722 27.722 27.722 
5880000.0 21959.0 629889.0 629889.0 629889.0 0.1071 0.1071 0.1071 28.139 28.139 28.139 
5890000.0 21996.0 630936.0 630936.0 630936.0 0.1071 0.1071 0.1071 27.596 27.596 27.596 
5900000.0 22032.0 631946.0 631946.0 631946.0 0.1071 0.1071 0.1071 27.973 27.973 27.973 
5910000.0 22068.0 633011.0 633011.0 633011.0 0.1071 0.1071 0.1071 28.885 28.885 28.885 
5920000.0 22103.0 634096.0 634096.0 634096.0 0.1071 0.1071 0.1071 29.943 29.943 29.943 
5930000.0 22139.0 635192.0 635192.0 635192.0 0.1071 0.1071 0.1071 30.283 30.283 30.283 
5940000.0 22176.0 636392.0 636392.0 636392.0 0.1071 0.1071 0.1071 30.661 30.661 30.661 
5950000.0 22213.0 637437.0 637437.0 637437.0 0.1071 0.1071 0.1071 30.158 30.158 30.158 
5960000.0 22251.0 638496.0 638496.0 638496.0 0.1071 0.1071 0.1071 28.486 28.486 28.486 
5970000.0 22288.0 639685.0 639685.0 639685.0 0.1071 0.1071 0.1071 30.573 30.573 30.573 
5980000.0 22326.0 640736.0 640736.0 640736.0 0.1071 0.1071 0.1071 29.12 29.12 29.12 
5990000.0 22362.0 641845.0 641845.0 641845.0 0.1072 0.1072 0.1072 30.114 30.114 30.114 
6000000.0 22404.0 642986.0 642986.0 642986.0 0.1072 0.1072 0.1072 28.415 28.415 28.415 
6010000.0 22440.0 644042.0 644042.0 644042.0 0.1072 0.1072 0.1072 28.099 28.099 28.099 
6020000.0 22476.0 645174.0 645174.0 645174.0 0.1072 0.1072 0.1072 30.564 30.564 30.564 
6030000.0 22512.0 646406.0 646406.0 646406.0 0.1072 0.1072 0.1072 31.139 31.139 31.139 
6040000.0 22550.0 647600.0 647600.0 647600.0 0.1072 0.1072 0.1072 32.03 32.03 32.03 
6050000.0 22586.0 648809.0 648809.0 648809.0 0.1072 0.1072 0.1072 32.27 32.27 32.27 
6060000.0 22624.0 650012.0 650012.0 650012.0 0.1073 0.1073 0.1073 32.374 32.374 32.374 
6070000.0 22660.0 651181.0 651181.0 651181.0 0.1073 0.1073 0.1073 32.705 32.705 32.705 
6080000.0 22693.0 652344.0 652344.0 652344.0 0.1073 0.1073 0.1073 33.984 33.984 33.984 
6090000.0 22721.0 653280.0 653280.0 653280.0 0.1073 0.1073 0.1073 33.529 33.529 33.529 
6100000.0 22755.0 654481.0 654481.0 654481.0 0.1073 0.1073 0.1073 33.762 33.762 33.762 
6110000.0 22786.0 655577.0 655577.0 655577.0 0.1073 0.1073 0.1073 35.168 35.168 35.168 
6120000.0 22818.0 656742.0 656742.0 656742.0 0.1073 0.1073 0.1073 34.675 34.675 34.675 
6130000.0 22851.0 657847.0 657847.0 657847.0 0.1073 0.1073 0.1073 34.614 34.614 34.614 
6140000.0 22882.0 659055.0 659055.0 659055.0 0.1073 0.1073 0.1073 36.904 36.904 36.904 
6150000.0 22920.0 660146.0 660146.0 660146.0 0.1073 0.1073 0.1073 31.842 31.842 31.842 
6160000.0 22954.0 661291.0 661291.0 661291.0 0.1074 0.1074 0.1074 33.862 33.862 33.862 
6170000.0 22989.0 662456.0 662456.0 662456.0 0.1074 0.1074 0.1074 33.76 33.76 33.76 
6180000.0 23021.0 663621.0 663621.0 663621.0 0.1074 0.1074 0.1074 34.695 34.695 34.695 
6190000.0 23055.0 664839.0 664839.0 664839.0 0.1074 0.1074 0.1074 35.239 35.239 35.239 
6200000.0 23089.0 666138.0 666138.0 666138.0 0.1074 0.1074 0.1074 36.901 36.901 36.901 
6210000.0 23126.0 667403.0 667403.0 667403.0 0.1075 0.1075 0.1075 35.571 35.571 35.571 
6220000.0 23158.0 668640.0 668640.0 668640.0 0.1075 0.1075 0.1075 37.248 37.248 37.248 
6230000.0 23193.0 669887.0 669887.0 669887.0 0.1075 0.1075 0.1075 35.602 35.602 35.602 
6240000.0 23231.0 671090.0 671090.0 671090.0 0.1075 0.1075 0.1075 34.454 34.454 34.454 
6250000.0 23267.0 672193.0 672193.0 672193.0 0.1076 0.1076 0.1076 32.381 32.381 32.381 
6260000.0 23295.0 673305.0 673305.0 673305.0 0.1076 0.1076 0.1076 34.758 34.758 34.758 
6270000.0 23332.0 674348.0 674348.0 674348.0 0.1076 0.1076 0.1076 32.219 32.219 32.219 
6280000.0 23364.0 675445.0 675445.0 675445.0 0.1076 0.1076 0.1076 33.122 33.122 33.122 
6290000.0 23397.0 676553.0 676553.0 676553.0 0.1076 0.1076 0.1076 32.332 32.332 32.332 
6300000.0 23433.0 677781.0 677781.0 677781.0 0.1076 0.1076 0.1076 33.253 33.253 33.253 
6310000.0 23466.0 679103.0 679103.0 679103.0 0.1076 0.1076 0.1076 36.033 36.033 36.033 
6320000.0 23503.0 680293.0 680293.0 680293.0 0.1076 0.1076 0.1076 34.377 34.377 34.377 
6330000.0 23535.0 681567.0 681567.0 681567.0 0.1077 0.1077 0.1077 35.54 35.54 35.54 
6340000.0 23570.0 682721.0 682721.0 682721.0 0.1077 0.1077 0.1077 35.401 35.401 35.401 
6350000.0 23601.0 683799.0 683799.0 683799.0 0.1077 0.1077 0.1077 34.508 34.508 34.508 
6360000.0 23637.0 684959.0 684959.0 684959.0 0.1077 0.1077 0.1077 34.236 34.236 34.236 
6370000.0 23665.0 686093.0 686093.0 686093.0 0.1077 0.1077 0.1077 36.649 36.649 36.649 
6380000.0 23700.0 687246.0 687246.0 687246.0 0.1077 0.1077 0.1077 34.499 34.499 34.499 
6390000.0 23733.0 688430.0 688430.0 688430.0 0.1077 0.1077 0.1077 35.545 35.545 35.545 
6400000.0 23767.0 689731.0 689731.0 689731.0 0.1078 0.1078 0.1078 37.068 37.068 37.068 
6410000.0 23802.0 690917.0 690917.0 690917.0 0.1078 0.1078 0.1078 34.137 34.137 34.137 
6420000.0 23837.0 692041.0 692041.0 692041.0 0.1078 0.1078 0.1078 34.206 34.206 34.206 
6430000.0 23868.0 693146.0 693146.0 693146.0 0.1078 0.1078 0.1078 34.127 34.127 34.127 
6440000.0 23901.0 694334.0 694334.0 694334.0 0.1078 0.1078 0.1078 35.014 35.014 35.014 
6450000.0 23937.0 695483.0 695483.0 695483.0 0.1078 0.1078 0.1078 33.487 33.487 33.487 
6460000.0 23969.0 696662.0 696662.0 696662.0 0.1078 0.1078 0.1078 35.502 35.502 35.502 
6470000.0 23998.0 697793.0 697793.0 697793.0 0.1079 0.1079 0.1079 37.126 37.126 37.126 
6480000.0 24033.0 698931.0 698931.0 698931.0 0.1079 0.1079 0.1079 34.32 34.32 34.32 
6490000.0 24069.0 700020.0 700020.0 700020.0 0.1079 0.1079 0.1079 32.0 32.0 32.0 
6500000.0 24102.0 701116.0 701116.0 701116.0 0.1079 0.1079 0.1079 32.016 32.016 32.016 
6510000.0 24138.0 702364.0 702364.0 702364.0 0.1079 0.1079 0.1079 32.401 32.401 32.401 
6520000.0 24174.0 703370.0 703370.0 703370.0 0.1079 0.1079 0.1079 31.068 31.068 31.068 
6530000.0 24208.0 704516.0 704516.0 704516.0 0.1079 0.1079 0.1079 32.624 32.624 32.624 
6540000.0 24240.0 705660.0 705660.0 705660.0 0.1079 0.1079 0.1079 33.762 33.762 33.762 
6550000.0 24274.0 706711.0 706711.0 706711.0 0.1079 0.1079 0.1079 32.994 32.994 32.994 
6560000.0 24305.0 707689.0 707689.0 707689.0 0.1079 0.1079 0.1079 32.32 32.32 32.32 
6570000.0 24338.0 708802.0 708802.0 708802.0 0.1079 0.1079 0.1079 33.0 33.0 33.0 
6580000.0 24371.0 709876.0 709876.0 709876.0 0.1079 0.1079 0.1079 33.095 33.095 33.095 
6590000.0 24402.0 710907.0 710907.0 710907.0 0.1079 0.1079 0.1079 32.512 32.512 32.512 
6600000.0 24432.0 711961.0 711961.0 711961.0 0.1079 0.1079 0.1079 33.753 33.753 33.753 
6610000.0 24463.0 713054.0 713054.0 713054.0 0.1079 0.1079 0.1079 34.608 34.608 34.608 
6620000.0 24494.0 714123.0 714123.0 714123.0 0.1079 0.1079 0.1079 34.611 34.611 34.611 
6630000.0 24524.0 715185.0 715185.0 715185.0 0.1079 0.1079 0.1079 35.02 35.02 35.02 
6640000.0 24556.0 716236.0 716236.0 716236.0 0.1079 0.1079 0.1079 33.993 33.993 33.993 
6650000.0 24596.0 717180.0 717180.0 717180.0 0.1078 0.1078 0.1078 28.54 28.54 28.54 
6660000.0 24630.0 718228.0 718228.0 718228.0 0.1078 0.1078 0.1078 28.823 28.823 28.823 
6670000.0 24664.0 719322.0 719322.0 719322.0 0.1078 0.1078 0.1078 31.226 31.226 31.226 
6680000.0 24703.0 720379.0 720379.0 720379.0 0.1078 0.1078 0.1078 29.609 29.609 29.609 
6690000.0 24738.0 721374.0 721374.0 721374.0 0.1078 0.1078 0.1078 28.795 28.795 28.795 
6700000.0 24773.0 722332.0 722332.0 722332.0 0.1078 0.1078 0.1078 28.411 28.411 28.411 
6710000.0 24807.0 723434.0 723434.0 723434.0 0.1078 0.1078 0.1078 29.384 29.384 29.384 
6720000.0 24840.0 724383.0 724383.0 724383.0 0.1078 0.1078 0.1078 28.989 28.989 28.989 
6730000.0 24874.0 725373.0 725373.0 725373.0 0.1078 0.1078 0.1078 30.225 30.225 30.225 
6740000.0 24912.0 726376.0 726376.0 726376.0 0.1078 0.1078 0.1078 27.751 27.751 27.751 
6750000.0 24945.0 727323.0 727323.0 727323.0 0.1078 0.1078 0.1078 27.857 27.857 27.857 
6760000.0 24983.0 728283.0 728283.0 728283.0 0.1077 0.1077 0.1077 26.636 26.636 26.636 
6770000.0 25017.0 729243.0 729243.0 729243.0 0.1077 0.1077 0.1077 27.646 27.646 27.646 
6780000.0 25053.0 730232.0 730232.0 730232.0 0.1077 0.1077 0.1077 27.075 27.075 27.075 
6790000.0 25089.0 731217.0 731217.0 731217.0 0.1077 0.1077 0.1077 25.873 25.873 25.873 
6800000.0 25127.0 732350.0 732350.0 732350.0 0.1077 0.1077 0.1077 28.759 28.759 28.759 
6810000.0 25161.0 733466.0 733466.0 733466.0 0.1077 0.1077 0.1077 30.553 30.553 30.553 
6820000.0 25194.0 734506.0 734506.0 734506.0 0.1077 0.1077 0.1077 30.18 30.18 30.18 
6830000.0 25227.0 735495.0 735495.0 735495.0 0.1077 0.1077 0.1077 30.386 30.386 30.386 
6840000.0 25260.0 736569.0 736569.0 736569.0 0.1077 0.1077 0.1077 30.514 30.514 30.514 
6850000.0 25296.0 737676.0 737676.0 737676.0 0.1077 0.1077 0.1077 30.522 30.522 30.522 
6860000.0 25334.0 738737.0 738737.0 738737.0 0.1077 0.1077 0.1077 30.073 30.073 30.073 
6870000.0 25368.0 739807.0 739807.0 739807.0 0.1077 0.1077 0.1077 29.159 29.159 29.159 
6880000.0 25401.0 740918.0 740918.0 740918.0 0.1077 0.1077 0.1077 31.009 31.009 31.009 
6890000.0 25434.0 741972.0 741972.0 741972.0 0.1077 0.1077 0.1077 31.551 31.551 31.551 
6900000.0 25468.0 743074.0 743074.0 743074.0 0.1077 0.1077 0.1077 32.235 32.235 32.235 
6910000.0 25503.0 744176.0 744176.0 744176.0 0.1077 0.1077 0.1077 31.258 31.258 31.258 
6920000.0 25536.0 745227.0 745227.0 745227.0 0.1077 0.1077 0.1077 30.771 30.771 30.771 
6930000.0 25578.0 746202.0 746202.0 746202.0 0.1077 0.1077 0.1077 27.197 27.197 27.197 
6940000.0 25619.0 747337.0 747337.0 747337.0 0.1077 0.1077 0.1077 27.45 27.45 27.45 
6950000.0 25654.0 748460.0 748460.0 748460.0 0.1077 0.1077 0.1077 29.365 29.365 29.365 
6960000.0 25692.0 749484.0 749484.0 749484.0 0.1077 0.1077 0.1077 27.209 27.209 27.209 
6970000.0 25731.0 750468.0 750468.0 750468.0 0.1077 0.1077 0.1077 26.737 26.737 26.737 
6980000.0 25767.0 751637.0 751637.0 751637.0 0.1077 0.1077 0.1077 28.686 28.686 28.686 
6990000.0 25802.0 752648.0 752648.0 752648.0 0.1077 0.1077 0.1077 29.578 29.578 29.578 
7000000.0 25836.0 753677.0 753677.0 753677.0 0.1077 0.1077 0.1077 28.858 28.858 28.858 
7010000.0 25870.0 754652.0 754652.0 754652.0 0.1077 0.1077 0.1077 29.49 29.49 29.49 
7020000.0 25908.0 755716.0 755716.0 755716.0 0.1077 0.1077 0.1077 28.38 28.38 28.38 
7030000.0 25944.0 756828.0 756828.0 756828.0 0.1077 0.1077 0.1077 28.182 28.182 28.182 
7040000.0 25977.0 757783.0 757783.0 757783.0 0.1076 0.1076 0.1076 28.349 28.349 28.349 
7050000.0 26013.0 758784.0 758784.0 758784.0 0.1076 0.1076 0.1076 28.828 28.828 28.828 
7060000.0 26052.0 759825.0 759825.0 759825.0 0.1076 0.1076 0.1076 26.67 26.67 26.67 
7070000.0 26086.0 760828.0 760828.0 760828.0 0.1076 0.1076 0.1076 28.888 28.888 28.888 
7080000.0 26123.0 761764.0 761764.0 761764.0 0.1076 0.1076 0.1076 26.837 26.837 26.837 
7090000.0 26157.0 762700.0 762700.0 762700.0 0.1076 0.1076 0.1076 26.828 26.828 26.828 
7100000.0 26190.0 763700.0 763700.0 763700.0 0.1076 0.1076 0.1076 27.652 27.652 27.652 
7110000.0 26226.0 764774.0 764774.0 764774.0 0.1076 0.1076 0.1076 29.005 29.005 29.005 
7120000.0 26265.0 765880.0 765880.0 765880.0 0.1076 0.1076 0.1076 28.758 28.758 28.758 
7130000.0 26301.0 766985.0 766985.0 766985.0 0.1076 0.1076 0.1076 29.421 29.421 29.421 
7140000.0 26340.0 768150.0 768150.0 768150.0 0.1076 0.1076 0.1076 28.484 28.484 28.484 
7150000.0 26372.0 769224.0 769224.0 769224.0 0.1076 0.1076 0.1076 32.085 32.085 32.085 
7160000.0 26408.0 770330.0 770330.0 770330.0 0.1076 0.1076 0.1076 31.587 31.587 31.587 
7170000.0 26445.0 771550.0 771550.0 771550.0 0.1076 0.1076 0.1076 32.108 32.108 32.108 
7180000.0 26481.0 772726.0 772726.0 772726.0 0.1076 0.1076 0.1076 32.561 32.561 32.561 
7190000.0 26518.0 773944.0 773944.0 773944.0 0.1076 0.1076 0.1076 32.503 32.503 32.503 
7200000.0 26558.0 775051.0 775051.0 775051.0 0.1076 0.1076 0.1076 30.113 30.113 30.113 
7210000.0 26596.0 776153.0 776153.0 776153.0 0.1076 0.1076 0.1076 29.941 29.941 29.941 
7220000.0 26638.0 777342.0 777342.0 777342.0 0.1077 0.1077 0.1077 29.106 29.106 29.106 
7230000.0 26676.0 778523.0 778523.0 778523.0 0.1077 0.1077 0.1077 29.249 29.249 29.249 
7240000.0 26715.0 779680.0 779680.0 779680.0 0.1077 0.1077 0.1077 30.057 30.057 30.057 
7250000.0 26751.0 780785.0 780785.0 780785.0 0.1077 0.1077 0.1077 29.549 29.549 29.549 
7260000.0 26790.0 781980.0 781980.0 781980.0 0.1077 0.1077 0.1077 29.665 29.665 29.665 
7270000.0 26823.0 783038.0 783038.0 783038.0 0.1077 0.1077 0.1077 31.264 31.264 31.264 
7280000.0 26862.0 784152.0 784152.0 784152.0 0.1077 0.1077 0.1077 29.601 29.601 29.601 
7290000.0 26896.0 785254.0 785254.0 785254.0 0.1077 0.1077 0.1077 31.752 31.752 31.752 
7300000.0 26929.0 786333.0 786333.0 786333.0 0.1077 0.1077 0.1077 32.082 32.082 32.082 
7310000.0 26961.0 787436.0 787436.0 787436.0 0.1077 0.1077 0.1077 32.036 32.036 32.036 
7320000.0 26998.0 788588.0 788588.0 788588.0 0.1077 0.1077 0.1077 32.559 32.559 32.559 
7330000.0 27036.0 789660.0 789660.0 789660.0 0.1077 0.1077 0.1077 28.9 28.9 28.9 
7340000.0 27072.0 790839.0 790839.0 790839.0 0.1077 0.1077 0.1077 31.105 31.105 31.105 
7350000.0 27111.0 792057.0 792057.0 792057.0 0.1078 0.1078 0.1078 31.061 31.061 31.061 
7360000.0 27146.0 793281.0 793281.0 793281.0 0.1078 0.1078 0.1078 33.137 33.137 33.137 
7370000.0 27183.0 794500.0 794500.0 794500.0 0.1078 0.1078 0.1078 31.491 31.491 31.491 
7380000.0 27227.0 795584.0 795584.0 795584.0 0.1078 0.1078 0.1078 28.319 28.319 28.319 
7390000.0 27263.0 796818.0 796818.0 796818.0 0.1078 0.1078 0.1078 31.4 31.4 31.4 
7400000.0 27297.0 797924.0 797924.0 797924.0 0.1078 0.1078 0.1078 30.66 30.66 30.66 
7410000.0 27330.0 799005.0 799005.0 799005.0 0.1078 0.1078 0.1078 32.536 32.536 32.536 
7420000.0 27362.0 800065.0 800065.0 800065.0 0.1078 0.1078 0.1078 32.601 32.601 32.601 
7430000.0 27398.0 801194.0 801194.0 801194.0 0.1078 0.1078 0.1078 32.453 32.453 32.453 
7440000.0 27432.0 802316.0 802316.0 802316.0 0.1078 0.1078 0.1078 31.146 31.146 31.146 
7450000.0 27468.0 803379.0 803379.0 803379.0 0.1078 0.1078 0.1078 30.608 30.608 30.608 
7460000.0 27503.0 804563.0 804563.0 804563.0 0.1079 0.1079 0.1079 33.099 33.099 33.099 
7470000.0 27542.0 805775.0 805775.0 805775.0 0.1079 0.1079 0.1079 31.325 31.325 31.325 
7480000.0 27574.0 806981.0 806981.0 806981.0 0.1079 0.1079 0.1079 34.136 34.136 34.136 
7490000.0 27608.0 808137.0 808137.0 808137.0 0.1079 0.1079 0.1079 34.261 34.261 34.261 
7500000.0 27644.0 809258.0 809258.0 809258.0 0.1079 0.1079 0.1079 32.245 32.245 32.245 
7510000.0 27677.0 810426.0 810426.0 810426.0 0.1079 0.1079 0.1079 33.668 33.668 33.668 
7520000.0 27711.0 811594.0 811594.0 811594.0 0.1079 0.1079 0.1079 32.614 32.614 32.614 
7530000.0 27750.0 812682.0 812682.0 812682.0 0.1079 0.1079 0.1079 30.589 30.589 30.589 
7540000.0 27785.0 813823.0 813823.0 813823.0 0.1079 0.1079 0.1079 31.763 31.763 31.763 
7550000.0 27821.0 814896.0 814896.0 814896.0 0.1079 0.1079 0.1079 30.889 30.889 30.889 
7560000.0 27854.0 816026.0 816026.0 816026.0 0.1079 0.1079 0.1079 32.317 32.317 32.317 
7570000.0 27888.0 817145.0 817145.0 817145.0 0.1079 0.1079 0.1079 31.726 31.726 31.726 
7580000.0 27927.0 818155.0 818155.0 818155.0 0.1079 0.1079 0.1079 28.852 28.852 28.852 
7590000.0 27965.0 819232.0 819232.0 819232.0 0.1079 0.1079 0.1079 28.968 28.968 28.968 
7600000.0 28000.0 820336.0 820336.0 820336.0 0.1079 0.1079 0.1079 30.341 30.341 30.341 
7610000.0 28036.0 821356.0 821356.0 821356.0 0.1079 0.1079 0.1079 29.689 29.689 29.689 
7620000.0 28071.0 822528.0 822528.0 822528.0 0.1079 0.1079 0.1079 30.724 30.724 30.724 
7630000.0 28104.0 823625.0 823625.0 823625.0 0.1079 0.1079 0.1079 31.376 31.376 31.376 
7640000.0 28143.0 824752.0 824752.0 824752.0 0.108 0.108 0.108 30.124 30.124 30.124 
7650000.0 28177.0 825847.0 825847.0 825847.0 0.108 0.108 0.108 31.645 31.645 31.645 
7660000.0 28215.0 827007.0 827007.0 827007.0 0.108 0.108 0.108 30.435 30.435 30.435 
7670000.0 28248.0 828120.0 828120.0 828120.0 0.108 0.108 0.108 31.797 31.797 31.797 
7680000.0 28284.0 829279.0 829279.0 829279.0 0.108 0.108 0.108 31.259 31.259 31.259 
7690000.0 28316.0 830350.0 830350.0 830350.0 0.108 0.108 0.108 33.133 33.133 33.133 
7700000.0 28350.0 831603.0 831603.0 831603.0 0.108 0.108 0.108 33.593 33.593 33.593 
7710000.0 28388.0 832760.0 832760.0 832760.0 0.108 0.108 0.108 33.014 33.014 33.014 
7720000.0 28424.0 833916.0 833916.0 833916.0 0.108 0.108 0.108 32.876 32.876 32.876 
7730000.0 28461.0 835095.0 835095.0 835095.0 0.108 0.108 0.108 31.934 31.934 31.934 
7740000.0 28494.0 836241.0 836241.0 836241.0 0.108 0.108 0.108 32.064 32.064 32.064 
7750000.0 28530.0 837427.0 837427.0 837427.0 0.1081 0.1081 0.1081 32.19 32.19 32.19 
7760000.0 28569.0 838579.0 838579.0 838579.0 0.1081 0.1081 0.1081 31.303 31.303 31.303 
7770000.0 28605.0 839691.0 839691.0 839691.0 0.1081 0.1081 0.1081 30.484 30.484 30.484 
7780000.0 28638.0 840836.0 840836.0 840836.0 0.1081 0.1081 0.1081 32.324 32.324 32.324 
7790000.0 28675.0 841919.0 841919.0 841919.0 0.1081 0.1081 0.1081 31.84 31.84 31.84 
7800000.0 28711.0 843076.0 843076.0 843076.0 0.1081 0.1081 0.1081 32.285 32.285 32.285 
7810000.0 28749.0 844228.0 844228.0 844228.0 0.1081 0.1081 0.1081 31.017 31.017 31.017 
7820000.0 28785.0 845452.0 845452.0 845452.0 0.1081 0.1081 0.1081 31.832 31.832 31.832 
7830000.0 28821.0 846606.0 846606.0 846606.0 0.1081 0.1081 0.1081 31.119 31.119 31.119 
7840000.0 28858.0 847850.0 847850.0 847850.0 0.1081 0.1081 0.1081 33.412 33.412 33.412 
7850000.0 28893.0 849014.0 849014.0 849014.0 0.1082 0.1082 0.1082 33.211 33.211 33.211 
7860000.0 28932.0 850228.0 850228.0 850228.0 0.1082 0.1082 0.1082 32.38 32.38 32.38 
7870000.0 28968.0 851408.0 851408.0 851408.0 0.1082 0.1082 0.1082 31.313 31.313 31.313 
7880000.0 29006.0 852548.0 852548.0 852548.0 0.1082 0.1082 0.1082 31.443 31.443 31.443 
7890000.0 29039.0 853737.0 853737.0 853737.0 0.1082 0.1082 0.1082 33.342 33.342 33.342 
7900000.0 29073.0 854910.0 854910.0 854910.0 0.1082 0.1082 0.1082 33.667 33.667 33.667 
7910000.0 29107.0 856143.0 856143.0 856143.0 0.1082 0.1082 0.1082 35.3 35.3 35.3 
7920000.0 29142.0 857322.0 857322.0 857322.0 0.1082 0.1082 0.1082 34.128 34.128 34.128 
7930000.0 29178.0 858455.0 858455.0 858455.0 0.1083 0.1083 0.1083 32.514 32.514 32.514 
7940000.0 29210.0 859644.0 859644.0 859644.0 0.1083 0.1083 0.1083 34.493 34.493 34.493 
7950000.0 29245.0 860816.0 860816.0 860816.0 0.1083 0.1083 0.1083 34.459 34.459 34.459 
7960000.0 29282.0 862017.0 862017.0 862017.0 0.1083 0.1083 0.1083 33.207 33.207 33.207 
7970000.0 29322.0 863284.0 863284.0 863284.0 0.1083 0.1083 0.1083 32.844 32.844 32.844 
7980000.0 29353.0 864493.0 864493.0 864493.0 0.1083 0.1083 0.1083 35.448 35.448 35.448 
7990000.0 29391.0 865667.0 865667.0 865667.0 0.1083 0.1083 0.1083 32.257 32.257 32.257 
8000000.0 29426.0 866850.0 866850.0 866850.0 0.1084 0.1084 0.1084 34.297 34.297 34.297 
8010000.0 29461.0 868040.0 868040.0 868040.0 0.1084 0.1084 0.1084 34.741 34.741 34.741 
8020000.0 29495.0 869222.0 869222.0 869222.0 0.1084 0.1084 0.1084 34.818 34.818 34.818 
8030000.0 29531.0 870432.0 870432.0 870432.0 0.1084 0.1084 0.1084 34.003 34.003 34.003 
8040000.0 29565.0 871624.0 871624.0 871624.0 0.1084 0.1084 0.1084 32.937 32.937 32.937 
8050000.0 29601.0 872844.0 872844.0 872844.0 0.1084 0.1084 0.1084 33.16 33.16 33.16 
8060000.0 29637.0 874063.0 874063.0 874063.0 0.1084 0.1084 0.1084 34.045 34.045 34.045 
8070000.0 29674.0 875235.0 875235.0 875235.0 0.1085 0.1085 0.1085 33.515 33.515 33.515 
8080000.0 29708.0 876465.0 876465.0 876465.0 0.1085 0.1085 0.1085 34.832 34.832 34.832 
8090000.0 29742.0 877724.0 877724.0 877724.0 0.1085 0.1085 0.1085 35.058 35.058 35.058 
8100000.0 29773.0 878841.0 878841.0 878841.0 0.1085 0.1085 0.1085 36.229 36.229 36.229 
8110000.0 29811.0 880105.0 880105.0 880105.0 0.1085 0.1085 0.1085 33.787 33.787 33.787 
8120000.0 29850.0 881380.0 881380.0 881380.0 0.1085 0.1085 0.1085 33.63 33.63 33.63 
8130000.0 29886.0 882702.0 882702.0 882702.0 0.1086 0.1086 0.1086 33.672 33.672 33.672 
8140000.0 29919.0 883785.0 883785.0 883785.0 0.1086 0.1086 0.1086 32.486 32.486 32.486 
8150000.0 29953.0 884851.0 884851.0 884851.0 0.1086 0.1086 0.1086 33.093 33.093 33.093 
8160000.0 29986.0 886023.0 886023.0 886023.0 0.1086 0.1086 0.1086 34.807 34.807 34.807 
8170000.0 30019.0 887210.0 887210.0 887210.0 0.1086 0.1086 0.1086 35.626 35.626 35.626 
8180000.0 30054.0 888373.0 888373.0 888373.0 0.1086 0.1086 0.1086 34.063 34.063 34.063 
8190000.0 30089.0 889722.0 889722.0 889722.0 0.1086 0.1086 0.1086 36.601 36.601 36.601 
8200000.0 30123.0 890883.0 890883.0 890883.0 0.1086 0.1086 0.1086 35.023 35.023 35.023 
8210000.0 30160.0 892178.0 892178.0 892178.0 0.1087 0.1087 0.1087 34.524 34.524 34.524 
8220000.0 30194.0 893330.0 893330.0 893330.0 0.1087 0.1087 0.1087 34.66 34.66 34.66 
8230000.0 30230.0 894277.0 894277.0 894277.0 0.1087 0.1087 0.1087 30.371 30.371 30.371 
8240000.0 30264.0 895531.0 895531.0 895531.0 0.1087 0.1087 0.1087 32.214 32.214 32.214 
8250000.0 30304.0 896549.0 896549.0 896549.0 0.1087 0.1087 0.1087 29.729 29.729 29.729 
8260000.0 30339.0 897760.0 897760.0 897760.0 0.1087 0.1087 0.1087 31.186 31.186 31.186 
8270000.0 30377.0 898996.0 898996.0 898996.0 0.1087 0.1087 0.1087 32.711 32.711 32.711 
8280000.0 30412.0 900212.0 900212.0 900212.0 0.1087 0.1087 0.1087 34.246 34.246 34.246 
8290000.0 30450.0 901379.0 901379.0 901379.0 0.1087 0.1087 0.1087 32.356 32.356 32.356 
8300000.0 30489.0 902644.0 902644.0 902644.0 0.1088 0.1088 0.1088 32.765 32.765 32.765 
8310000.0 30525.0 903948.0 903948.0 903948.0 0.1088 0.1088 0.1088 33.195 33.195 33.195 
8320000.0 30561.0 905193.0 905193.0 905193.0 0.1088 0.1088 0.1088 34.784 34.784 34.784 
8330000.0 30594.0 906438.0 906438.0 906438.0 0.1088 0.1088 0.1088 35.294 35.294 35.294 
8340000.0 30626.0 907644.0 907644.0 907644.0 0.1088 0.1088 0.1088 37.192 37.192 37.192 
8350000.0 30658.0 908797.0 908797.0 908797.0 0.1088 0.1088 0.1088 36.673 36.673 36.673 
8360000.0 30690.0 909930.0 909930.0 909930.0 0.1088 0.1088 0.1088 35.108 35.108 35.108 
8370000.0 30725.0 911143.0 911143.0 911143.0 0.1089 0.1089 0.1089 35.335 35.335 35.335 
8380000.0 30763.0 912377.0 912377.0 912377.0 0.1089 0.1089 0.1089 33.534 33.534 33.534 
8390000.0 30801.0 913526.0 913526.0 913526.0 0.1089 0.1089 0.1089 30.554 30.554 30.554 
8400000.0 30840.0 914704.0 914704.0 914704.0 0.1089 0.1089 0.1089 30.858 30.858 30.858 
8410000.0 30874.0 915889.0 915889.0 915889.0 0.1089 0.1089 0.1089 32.861 32.861 32.861 
8420000.0 30909.0 917027.0 917027.0 917027.0 0.1089 0.1089 0.1089 31.923 31.923 31.923 
8430000.0 30942.0 918159.0 918159.0 918159.0 0.1089 0.1089 0.1089 33.48 33.48 33.48 
8440000.0 30975.0 919316.0 919316.0 919316.0 0.1089 0.1089 0.1089 33.638 33.638 33.638 
8450000.0 31009.0 920515.0 920515.0 920515.0 0.1089 0.1089 0.1089 34.682 34.682 34.682 
8460000.0 31047.0 921761.0 921761.0 921761.0 0.109 0.109 0.109 33.408 33.408 33.408 
8470000.0 31086.0 922848.0 922848.0 922848.0 0.109 0.109 0.109 30.722 30.722 30.722 
8480000.0 31119.0 923997.0 923997.0 923997.0 0.109 0.109 0.109 32.159 32.159 32.159 
8490000.0 31155.0 925169.0 925169.0 925169.0 0.109 0.109 0.109 32.372 32.372 32.372 
8500000.0 31187.0 926290.0 926290.0 926290.0 0.109 0.109 0.109 33.333 33.333 33.333 
8510000.0 31223.0 927390.0 927390.0 927390.0 0.109 0.109 0.109 32.02 32.02 32.02 
8520000.0 31258.0 928460.0 928460.0 928460.0 0.109 0.109 0.109 31.394 31.394 31.394 
8530000.0 31291.0 929513.0 929513.0 929513.0 0.109 0.109 0.109 31.491 31.491 31.491 
8540000.0 31328.0 930669.0 930669.0 930669.0 0.109 0.109 0.109 31.751 31.751 31.751 
8550000.0 31363.0 931695.0 931695.0 931695.0 0.109 0.109 0.109 30.275 30.275 30.275 
8560000.0 31398.0 932857.0 932857.0 932857.0 0.109 0.109 0.109 31.211 31.211 31.211 
8570000.0 31430.0 933916.0 933916.0 933916.0 0.109 0.109 0.109 32.665 32.665 32.665 
8580000.0 31461.0 934915.0 934915.0 934915.0 0.109 0.109 0.109 32.221 32.221 32.221 
8590000.0 31496.0 935955.0 935955.0 935955.0 0.109 0.109 0.109 31.137 31.137 31.137 
8600000.0 31533.0 936927.0 936927.0 936927.0 0.1089 0.1089 0.1089 28.464 28.464 28.464 
8610000.0 31565.0 938034.0 938034.0 938034.0 0.1089 0.1089 0.1089 31.433 31.433 31.433 
8620000.0 31602.0 939077.0 939077.0 939077.0 0.1089 0.1089 0.1089 28.593 28.593 28.593 
8630000.0 31638.0 940108.0 940108.0 940108.0 0.1089 0.1089 0.1089 29.446 29.446 29.446 
8640000.0 31674.0 941221.0 941221.0 941221.0 0.1089 0.1089 0.1089 30.07 30.07 30.07 
8650000.0 31709.0 942344.0 942344.0 942344.0 0.1089 0.1089 0.1089 30.654 30.654 30.654 
8660000.0 31746.0 943535.0 943535.0 943535.0 0.109 0.109 0.109 31.283 31.283 31.283 
8670000.0 31779.0 944711.0 944711.0 944711.0 0.109 0.109 0.109 32.156 32.156 32.156 
8680000.0 31811.0 945796.0 945796.0 945796.0 0.109 0.109 0.109 34.024 34.024 34.024 
8690000.0 31845.0 946904.0 946904.0 946904.0 0.109 0.109 0.109 32.46 32.46 32.46 
8700000.0 31878.0 947970.0 947970.0 947970.0 0.109 0.109 0.109 32.819 32.819 32.819 
8710000.0 31917.0 949022.0 949022.0 949022.0 0.109 0.109 0.109 29.008 29.008 29.008 
8720000.0 31947.0 950124.0 950124.0 950124.0 0.109 0.109 0.109 32.002 32.002 32.002 
8730000.0 31983.0 951130.0 951130.0 951130.0 0.1089 0.1089 0.1089 30.839 30.839 30.839 
8740000.0 32017.0 952115.0 952115.0 952115.0 0.1089 0.1089 0.1089 29.386 29.386 29.386 
8750000.0 32055.0 953193.0 953193.0 953193.0 0.1089 0.1089 0.1089 29.115 29.115 29.115 
8760000.0 32089.0 954241.0 954241.0 954241.0 0.1089 0.1089 0.1089 29.935 29.935 29.935 
8770000.0 32130.0 955284.0 955284.0 955284.0 0.1089 0.1089 0.1089 27.341 27.341 27.341 
8780000.0 32172.0 956384.0 956384.0 956384.0 0.1089 0.1089 0.1089 26.302 26.302 26.302 
8790000.0 32211.0 957466.0 957466.0 957466.0 0.1089 0.1089 0.1089 27.021 27.021 27.021 
8800000.0 32248.0 958562.0 958562.0 958562.0 0.1089 0.1089 0.1089 28.011 28.011 28.011 
8810000.0 32286.0 959645.0 959645.0 959645.0 0.1089 0.1089 0.1089 27.864 27.864 27.864 
8820000.0 32324.0 960750.0 960750.0 960750.0 0.1089 0.1089 0.1089 28.887 28.887 28.887 
8830000.0 32361.0 961702.0 961702.0 961702.0 0.1089 0.1089 0.1089 26.121 26.121 26.121 
8840000.0 32397.0 962660.0 962660.0 962660.0 0.1089 0.1089 0.1089 27.204 27.204 27.204 
8850000.0 32436.0 963792.0 963792.0 963792.0 0.1089 0.1089 0.1089 27.354 27.354 27.354 
8860000.0 32472.0 964981.0 964981.0 964981.0 0.1089 0.1089 0.1089 29.873 29.873 29.873 
8870000.0 32505.0 966058.0 966058.0 966058.0 0.1089 0.1089 0.1089 31.228 31.228 31.228 
8880000.0 32544.0 967089.0 967089.0 967089.0 0.1089 0.1089 0.1089 28.755 28.755 28.755 
8890000.0 32578.0 968198.0 968198.0 968198.0 0.1089 0.1089 0.1089 30.935 30.935 30.935 
8900000.0 32617.0 969366.0 969366.0 969366.0 0.1089 0.1089 0.1089 30.544 30.544 30.544 
8910000.0 32657.0 970446.0 970446.0 970446.0 0.1089 0.1089 0.1089 28.399 28.399 28.399 
8920000.0 32695.0 971510.0 971510.0 971510.0 0.1089 0.1089 0.1089 28.537 28.537 28.537 
8930000.0 32732.0 972649.0 972649.0 972649.0 0.1089 0.1089 0.1089 30.013 30.013 30.013 
8940000.0 32766.0 973734.0 973734.0 973734.0 0.1089 0.1089 0.1089 29.962 29.962 29.962 
8950000.0 32796.0 974667.0 974667.0 974667.0 0.1089 0.1089 0.1089 30.219 30.219 30.219 
8960000.0 32831.0 975745.0 975745.0 975745.0 0.1089 0.1089 0.1089 31.554 31.554 31.554 
8970000.0 32865.0 976830.0 976830.0 976830.0 0.1089 0.1089 0.1089 30.439 30.439 30.439 
8980000.0 32901.0 977865.0 977865.0 977865.0 0.1089 0.1089 0.1089 30.319 30.319 30.319 
8990000.0 32937.0 978976.0 978976.0 978976.0 0.1089 0.1089 0.1089 29.795 29.795 29.795 
9000000.0 32974.0 980021.0 980021.0 980021.0 0.1089 0.1089 0.1089 29.576 29.576 29.576 
9010000.0 33007.0 980969.0 980969.0 980969.0 0.1089 0.1089 0.1089 29.302 29.302 29.302 
9020000.0 33044.0 982080.0 982080.0 982080.0 0.1089 0.1089 0.1089 30.145 30.145 30.145 
9030000.0 33078.0 983116.0 983116.0 983116.0 0.1089 0.1089 0.1089 29.914 29.914 29.914 
9040000.0 33114.0 984221.0 984221.0 984221.0 0.1089 0.1089 0.1089 29.644 29.644 29.644 
9050000.0 33152.0 985316.0 985316.0 985316.0 0.1089 0.1089 0.1089 29.825 29.825 29.825 
9060000.0 33186.0 986418.0 986418.0 986418.0 0.1089 0.1089 0.1089 30.516 30.516 30.516 
9070000.0 33222.0 987417.0 987417.0 987417.0 0.1089 0.1089 0.1089 29.34 29.34 29.34 
9080000.0 33255.0 988431.0 988431.0 988431.0 0.1089 0.1089 0.1089 29.256 29.256 29.256 
9090000.0 33287.0 989359.0 989359.0 989359.0 0.1088 0.1088 0.1088 29.754 29.754 29.754 
9100000.0 33324.0 990438.0 990438.0 990438.0 0.1088 0.1088 0.1088 28.494 28.494 28.494 
9110000.0 33366.0 991449.0 991449.0 991449.0 0.1088 0.1088 0.1088 26.673 26.673 26.673 
9120000.0 33396.0 992516.0 992516.0 992516.0 0.1088 0.1088 0.1088 29.065 29.065 29.065 
9130000.0 33434.0 993592.0 993592.0 993592.0 0.1088 0.1088 0.1088 29.797 29.797 29.797 
9140000.0 33468.0 994582.0 994582.0 994582.0 0.1088 0.1088 0.1088 28.885 28.885 28.885 
9150000.0 33502.0 995513.0 995513.0 995513.0 0.1088 0.1088 0.1088 28.88 28.88 28.88 
9160000.0 33536.0 996532.0 996532.0 996532.0 0.1088 0.1088 0.1088 29.101 29.101 29.101 
9170000.0 33570.0 997586.0 997586.0 997586.0 0.1088 0.1088 0.1088 29.43 29.43 29.43 
9180000.0 33608.0 998631.0 998631.0 998631.0 0.1088 0.1088 0.1088 29.194 29.194 29.194 
9190000.0 33641.0 999703.0 999703.0 999703.0 0.1088 0.1088 0.1088 30.558 30.558 30.558 
9200000.0 33675.0 1000688.0 1000688.0 1000688.0 0.1088 0.1088 0.1088 29.827 29.827 29.827 
9210000.0 33709.0 1001763.0 1001763.0 1001763.0 0.1088 0.1088 0.1088 30.666 30.666 30.666 
9220000.0 33745.0 1002833.0 1002833.0 1002833.0 0.1088 0.1088 0.1088 29.921 29.921 29.921 
9230000.0 33780.0 1003843.0 1003843.0 1003843.0 0.1088 0.1088 0.1088 28.867 28.867 28.867 
9240000.0 33816.0 1004811.0 1004811.0 1004811.0 0.1087 0.1087 0.1087 28.129 28.129 28.129 
9250000.0 33852.0 1005774.0 1005774.0 1005774.0 0.1087 0.1087 0.1087 27.396 27.396 27.396 
9260000.0 33886.0 1006754.0 1006754.0 1006754.0 0.1087 0.1087 0.1087 27.841 27.841 27.841 
9270000.0 33921.0 1007683.0 1007683.0 1007683.0 0.1087 0.1087 0.1087 26.522 26.522 26.522 
9280000.0 33952.0 1008625.0 1008625.0 1008625.0 0.1087 0.1087 0.1087 28.839 28.839 28.839 
9290000.0 33987.0 1009639.0 1009639.0 1009639.0 0.1087 0.1087 0.1087 27.879 27.879 27.879 
9300000.0 34017.0 1010553.0 1010553.0 1010553.0 0.1087 0.1087 0.1087 29.237 29.237 29.237 
9310000.0 34053.0 1011622.0 1011622.0 1011622.0 0.1087 0.1087 0.1087 29.45 29.45 29.45 
9320000.0 34092.0 1012621.0 1012621.0 1012621.0 0.1087 0.1087 0.1087 27.479 27.479 27.479 
9330000.0 34128.0 1013677.0 1013677.0 1013677.0 0.1086 0.1086 0.1086 28.128 28.128 28.128 
9340000.0 34164.0 1014602.0 1014602.0 1014602.0 0.1086 0.1086 0.1086 26.839 26.839 26.839 
9350000.0 34201.0 1015463.0 1015463.0 1015463.0 0.1086 0.1086 0.1086 25.502 25.502 25.502 
9360000.0 34238.0 1016302.0 1016302.0 1016302.0 0.1086 0.1086 0.1086 24.261 24.261 24.261 
9370000.0 34275.0 1017192.0 1017192.0 1017192.0 0.1086 0.1086 0.1086 23.768 23.768 23.768 
9380000.0 34314.0 1018157.0 1018157.0 1018157.0 0.1085 0.1085 0.1085 24.86 24.86 24.86 
9390000.0 34347.0 1018959.0 1018959.0 1018959.0 0.1085 0.1085 0.1085 24.575 24.575 24.575 
9400000.0 34385.0 1019985.0 1019985.0 1019985.0 0.1085 0.1085 0.1085 25.926 25.926 25.926 
9410000.0 34417.0 1020970.0 1020970.0 1020970.0 0.1085 0.1085 0.1085 28.467 28.467 28.467 
9420000.0 34452.0 1021938.0 1021938.0 1021938.0 0.1085 0.1085 0.1085 27.441 27.441 27.441 
9430000.0 34489.0 1022982.0 1022982.0 1022982.0 0.1085 0.1085 0.1085 28.646 28.646 28.646 
9440000.0 34525.0 1024008.0 1024008.0 1024008.0 0.1085 0.1085 0.1085 28.233 28.233 28.233 
9450000.0 34563.0 1025067.0 1025067.0 1025067.0 0.1085 0.1085 0.1085 27.597 27.597 27.597 
9460000.0 34600.0 1026143.0 1026143.0 1026143.0 0.1085 0.1085 0.1085 28.682 28.682 28.682 
9470000.0 34636.0 1027173.0 1027173.0 1027173.0 0.1085 0.1085 0.1085 28.357 28.357 28.357 
9480000.0 34676.0 1028082.0 1028082.0 1028082.0 0.1084 0.1084 0.1084 25.503 25.503 25.503 
9490000.0 34710.0 1029110.0 1029110.0 1029110.0 0.1084 0.1084 0.1084 27.301 27.301 27.301 
9500000.0 34749.0 1030053.0 1030053.0 1030053.0 0.1084 0.1084 0.1084 26.091 26.091 26.091 
9510000.0 34782.0 1031046.0 1031046.0 1031046.0 0.1084 0.1084 0.1084 27.045 27.045 27.045 
9520000.0 34821.0 1032031.0 1032031.0 1032031.0 0.1084 0.1084 0.1084 26.706 26.706 26.706 
9530000.0 34858.0 1032988.0 1032988.0 1032988.0 0.1084 0.1084 0.1084 26.375 26.375 26.375 
9540000.0 34893.0 1034007.0 1034007.0 1034007.0 0.1084 0.1084 0.1084 26.767 26.767 26.767 
9550000.0 34932.0 1034996.0 1034996.0 1034996.0 0.1084 0.1084 0.1084 26.458 26.458 26.458 
9560000.0 34970.0 1035968.0 1035968.0 1035968.0 0.1084 0.1084 0.1084 26.362 26.362 26.362 
9570000.0 35001.0 1036922.0 1036922.0 1036922.0 0.1084 0.1084 0.1084 27.646 27.646 27.646 
9580000.0 35035.0 1037854.0 1037854.0 1037854.0 0.1083 0.1083 0.1083 28.338 28.338 28.338 
9590000.0 35070.0 1038824.0 1038824.0 1038824.0 0.1083 0.1083 0.1083 27.827 27.827 27.827 
9600000.0 35106.0 1039805.0 1039805.0 1039805.0 0.1083 0.1083 0.1083 27.532 27.532 27.532 
9610000.0 35139.0 1040838.0 1040838.0 1040838.0 0.1083 0.1083 0.1083 28.132 28.132 28.132 
9620000.0 35177.0 1041873.0 1041873.0 1041873.0 0.1083 0.1083 0.1083 28.541 28.541 28.541 
9630000.0 35213.0 1042843.0 1042843.0 1042843.0 0.1083 0.1083 0.1083 27.972 27.972 27.972 
9640000.0 35252.0 1043862.0 1043862.0 1043862.0 0.1083 0.1083 0.1083 26.67 26.67 26.67 
9650000.0 35286.0 1044772.0 1044772.0 1044772.0 0.1083 0.1083 0.1083 26.415 26.415 26.415 
9660000.0 35322.0 1045794.0 1045794.0 1045794.0 0.1083 0.1083 0.1083 27.605 27.605 27.605 
9670000.0 35358.0 1046868.0 1046868.0 1046868.0 0.1083 0.1083 0.1083 27.196 27.196 27.196 
9680000.0 35394.0 1047920.0 1047920.0 1047920.0 0.1083 0.1083 0.1083 28.888 28.888 28.888 
9690000.0 35432.0 1049036.0 1049036.0 1049036.0 0.1083 0.1083 0.1083 28.878 28.878 28.878 
9700000.0 35466.0 1050049.0 1050049.0 1050049.0 0.1083 0.1083 0.1083 28.804 28.804 28.804 
9710000.0 35503.0 1051004.0 1051004.0 1051004.0 0.1082 0.1082 0.1082 27.791 27.791 27.791 
9720000.0 35538.0 1051958.0 1051958.0 1051958.0 0.1082 0.1082 0.1082 27.104 27.104 27.104 
9730000.0 35573.0 1053044.0 1053044.0 1053044.0 0.1082 0.1082 0.1082 29.124 29.124 29.124 
9740000.0 35607.0 1054201.0 1054201.0 1054201.0 0.1082 0.1082 0.1082 30.402 30.402 30.402 
9750000.0 35642.0 1055235.0 1055235.0 1055235.0 0.1082 0.1082 0.1082 30.92 30.92 30.92 
9760000.0 35676.0 1056319.0 1056319.0 1056319.0 0.1082 0.1082 0.1082 31.339 31.339 31.339 
9770000.0 35711.0 1057396.0 1057396.0 1057396.0 0.1082 0.1082 0.1082 30.609 30.609 30.609 
9780000.0 35747.0 1058535.0 1058535.0 1058535.0 0.1082 0.1082 0.1082 31.906 31.906 31.906 
9790000.0 35782.0 1059753.0 1059753.0 1059753.0 0.1082 0.1082 0.1082 33.492 33.492 33.492 
9800000.0 35812.0 1060914.0 1060914.0 1060914.0 0.1083 0.1083 0.1083 35.56 35.56 35.56 
9810000.0 35847.0 1062133.0 1062133.0 1062133.0 0.1083 0.1083 0.1083 34.753 34.753 34.753 
9820000.0 35879.0 1063283.0 1063283.0 1063283.0 0.1083 0.1083 0.1083 35.876 35.876 35.876 
9830000.0 35913.0 1064482.0 1064482.0 1064482.0 0.1083 0.1083 0.1083 34.831 34.831 34.831 
9840000.0 35953.0 1065624.0 1065624.0 1065624.0 0.1083 0.1083 0.1083 32.551 32.551 32.551 
9850000.0 35986.0 1066772.0 1066772.0 1066772.0 0.1083 0.1083 0.1083 33.653 33.653 33.653 
9860000.0 36018.0 1067897.0 1067897.0 1067897.0 0.1083 0.1083 0.1083 33.63 33.63 33.63 
9870000.0 36051.0 1069058.0 1069058.0 1069058.0 0.1083 0.1083 0.1083 34.638 34.638 34.638 
9880000.0 36085.0 1070298.0 1070298.0 1070298.0 0.1083 0.1083 0.1083 35.948 35.948 35.948 
9890000.0 36119.0 1071463.0 1071463.0 1071463.0 0.1083 0.1083 0.1083 35.272 35.272 35.272 
9900000.0 36153.0 1072653.0 1072653.0 1072653.0 0.1083 0.1083 0.1083 35.074 35.074 35.074 
9910000.0 36184.0 1073870.0 1073870.0 1073870.0 0.1084 0.1084 0.1084 36.705 36.705 36.705 
9920000.0 36219.0 1075106.0 1075106.0 1075106.0 0.1084 0.1084 0.1084 35.286 35.286 35.286 
9930000.0 36254.0 1076336.0 1076336.0 1076336.0 0.1084 0.1084 0.1084 35.432 35.432 35.432 
9940000.0 36291.0 1077555.0 1077555.0 1077555.0 0.1084 0.1084 0.1084 34.468 34.468 34.468 
9950000.0 36327.0 1078639.0 1078639.0 1078639.0 0.1084 0.1084 0.1084 31.389 31.389 31.389 
9960000.0 36365.0 1079851.0 1079851.0 1079851.0 0.1084 0.1084 0.1084 32.073 32.073 32.073 
9970000.0 36401.0 1081050.0 1081050.0 1081050.0 0.1084 0.1084 0.1084 33.121 33.121 33.121 
9980000.0 36441.0 1082107.0 1082107.0 1082107.0 0.1084 0.1084 0.1084 28.974 28.974 28.974 
9990000.0 36473.0 1083269.0 1083269.0 1083269.0 0.1084 0.1084 0.1084 32.722 32.722 32.722 
10000000.0 36507.0 1084446.0 1084446.0 1084446.0 0.1084 0.1084 0.1084 33.09 33.09 33.09 
