10000.0 60.0 479.0 479.0 479.0 0.0479 0.0479 0.0479 5.67 5.67 5.67 
20000.0 121.0 897.0 897.0 897.0 0.0448 0.0448 0.0448 6.508 6.508 6.508 
30000.0 183.0 1309.0 1309.0 1309.0 0.0436 0.0436 0.0436 6.622 6.622 6.622 
40000.0 239.0 1714.0 1714.0 1714.0 0.0428 0.0428 0.0428 7.086 7.086 7.086 
50000.0 297.0 2139.0 2139.0 2139.0 0.0428 0.0428 0.0428 7.305 7.305 7.305 
60000.0 353.0 2584.0 2584.0 2584.0 0.0431 0.0431 0.0431 7.713 7.713 7.713 
70000.0 413.0 3036.0 3036.0 3036.0 0.0434 0.0434 0.0434 7.843 7.843 7.843 
80000.0 470.0 3510.0 3510.0 3510.0 0.0439 0.0439 0.0439 8.05 8.05 8.05 
90000.0 529.0 3984.0 3984.0 3984.0 0.0443 0.0443 0.0443 7.9 7.9 7.9 
100000.0 588.0 4441.0 4441.0 4441.0 0.0444 0.0444 0.0444 7.926 7.926 7.926 
110000.0 647.0 4942.0 4942.0 4942.0 0.0449 0.0449 0.0449 8.137 8.137 8.137 
120000.0 709.0 5437.0 5437.0 5437.0 0.0453 0.0453 0.0453 7.753 7.753 7.753 
130000.0 771.0 5890.0 5890.0 5890.0 0.0453 0.0453 0.0453 7.337 7.337 7.337 
140000.0 835.0 6388.0 6388.0 6388.0 0.0456 0.0456 0.0456 7.682 7.682 7.682 
150000.0 890.0 6917.0 6917.0 6917.0 0.0461 0.0461 0.0461 8.765 8.765 8.765 
160000.0 951.0 7481.0 7481.0 7481.0 0.0468 0.0468 0.0468 9.004 9.004 9.004 
170000.0 1007.0 8005.0 8005.0 8005.0 0.0471 0.0471 0.0471 8.841 8.841 8.841 
180000.0 1064.0 8498.0 8498.0 8498.0 0.0472 0.0472 0.0472 8.828 8.828 8.828 
190000.0 1122.0 8989.0 8989.0 8989.0 0.0473 0.0473 0.0473 8.226 8.226 8.226 
200000.0 1181.0 9549.0 9549.0 9549.0 0.0477 0.0477 0.0477 9.366 9.366 9.366 
210000.0 1242.0 10085.0 10085.0 10085.0 0.048 0.048 0.048 9.034 9.034 9.034 
220000.0 1299.0 10645.0 10645.0 10645.0 0.0484 0.0484 0.0484 9.722 9.722 9.722 
230000.0 1355.0 11202.0 11202.0 11202.0 0.0487 0.0487 0.0487 9.694 9.694 9.694 
240000.0 1413.0 11774.0 11774.0 11774.0 0.0491 0.0491 0.0491 9.675 9.675 9.675 
250000.0 1468.0 12391.0 12391.0 12391.0 0.0496 0.0496 0.0496 10.773 10.773 10.773 
260000.0 1524.0 12983.0 12983.0 12983.0 0.0499 0.0499 0.0499 10.677 10.677 10.677 
270000.0 1576.0 13543.0 13543.0 13543.0 0.0502 0.0502 0.0502 10.712 10.712 10.712 
280000.0 1628.0 14134.0 14134.0 14134.0 0.0505 0.0505 0.0505 11.177 11.177 11.177 
290000.0 1678.0 14730.0 14730.0 14730.0 0.0508 0.0508 0.0508 11.493 11.493 11.493 
300000.0 1733.0 15376.0 15376.0 15376.0 0.0513 0.0513 0.0513 11.648 11.648 11.648 
310000.0 1792.0 16017.0 16017.0 16017.0 0.0517 0.0517 0.0517 11.182 11.182 11.182 
320000.0 1845.0 16637.0 16637.0 16637.0 0.052 0.052 0.052 11.474 11.474 11.474 
330000.0 1897.0 17288.0 17288.0 17288.0 0.0524 0.0524 0.0524 12.467 12.467 12.467 
340000.0 1948.0 17937.0 17937.0 17937.0 0.0528 0.0528 0.0528 12.622 12.622 12.622 
350000.0 2000.0 18639.0 18639.0 18639.0 0.0533 0.0533 0.0533 12.68 12.68 12.68 
360000.0 2050.0 19298.0 19298.0 19298.0 0.0536 0.0536 0.0536 13.18 13.18 13.18 
370000.0 2101.0 19998.0 19998.0 19998.0 0.054 0.054 0.054 13.372 13.372 13.372 
380000.0 2151.0 20684.0 20684.0 20684.0 0.0544 0.0544 0.0544 13.862 13.862 13.862 
390000.0 2199.0 21399.0 21399.0 21399.0 0.0549 0.0549 0.0549 14.271 14.271 14.271 
400000.0 2245.0 22102.0 22102.0 22102.0 0.0553 0.0553 0.0553 14.821 14.821 14.821 
410000.0 2286.0 22830.0 22830.0 22830.0 0.0557 0.0557 0.0557 16.185 16.185 16.185 
420000.0 2330.0 23550.0 23550.0 23550.0 0.0561 0.0561 0.0561 16.691 16.691 16.691 
430000.0 2380.0 24244.0 24244.0 24244.0 0.0564 0.0564 0.0564 15.05 15.05 15.05 
440000.0 2423.0 25029.0 25029.0 25029.0 0.0569 0.0569 0.0569 16.962 16.962 16.962 
450000.0 2468.0 25773.0 25773.0 25773.0 0.0573 0.0573 0.0573 16.467 16.467 16.467 
460000.0 2506.0 26531.0 26531.0 26531.0 0.0577 0.0577 0.0577 18.181 18.181 18.181 
470000.0 2547.0 27258.0 27258.0 27258.0 0.058 0.058 0.058 18.243 18.243 18.243 
480000.0 2588.0 27978.0 27978.0 27978.0 0.0583 0.0583 0.0583 18.175 18.175 18.175 
490000.0 2627.0 28751.0 28751.0 28751.0 0.0587 0.0587 0.0587 19.281 19.281 19.281 
500000.0 2670.0 29549.0 29549.0 29549.0 0.0591 0.0591 0.0591 18.622 18.622 18.622 
510000.0 2711.0 30319.0 30319.0 30319.0 0.0594 0.0594 0.0594 18.957 18.957 18.957 
520000.0 2751.0 31120.0 31120.0 31120.0 0.0598 0.0598 0.0598 19.515 19.515 19.515 
530000.0 2790.0 31895.0 31895.0 31895.0 0.0602 0.0602 0.0602 19.394 19.394 19.394 
540000.0 2834.0 32755.0 32755.0 32755.0 0.0607 0.0607 0.0607 19.849 19.849 19.849 
550000.0 2873.0 33601.0 33601.0 33601.0 0.0611 0.0611 0.0611 20.309 20.309 20.309 
560000.0 2911.0 34449.0 34449.0 34449.0 0.0615 0.0615 0.0615 21.692 21.692 21.692 
570000.0 2950.0 35303.0 35303.0 35303.0 0.0619 0.0619 0.0619 21.56 21.56 21.56 
580000.0 2987.0 36100.0 36100.0 36100.0 0.0622 0.0622 0.0622 22.207 22.207 22.207 
590000.0 3027.0 36894.0 36894.0 36894.0 0.0625 0.0625 0.0625 20.942 20.942 20.942 
600000.0 3066.0 37709.0 37709.0 37709.0 0.0628 0.0628 0.0628 20.293 20.293 20.293 
610000.0 3110.0 38518.0 38518.0 38518.0 0.0631 0.0631 0.0631 19.691 19.691 19.691 
620000.0 3148.0 39344.0 39344.0 39344.0 0.0635 0.0635 0.0635 20.637 20.637 20.637 
630000.0 3186.0 40185.0 40185.0 40185.0 0.0638 0.0638 0.0638 20.429 20.429 20.429 
640000.0 3232.0 40969.0 40969.0 40969.0 0.064 0.064 0.064 18.8 18.8 18.8 
650000.0 3273.0 41742.0 41742.0 41742.0 0.0642 0.0642 0.0642 18.671 18.671 18.671 
660000.0 3313.0 42610.0 42610.0 42610.0 0.0646 0.0646 0.0646 20.559 20.559 20.559 
670000.0 3351.0 43424.0 43424.0 43424.0 0.0648 0.0648 0.0648 20.713 20.713 20.713 
680000.0 3391.0 44236.0 44236.0 44236.0 0.0651 0.0651 0.0651 19.982 19.982 19.982 
690000.0 3431.0 45103.0 45103.0 45103.0 0.0654 0.0654 0.0654 21.077 21.077 21.077 
700000.0 3471.0 45983.0 45983.0 45983.0 0.0657 0.0657 0.0657 21.719 21.719 21.719 
710000.0 3509.0 46815.0 46815.0 46815.0 0.0659 0.0659 0.0659 21.668 21.668 21.668 
720000.0 3547.0 47645.0 47645.0 47645.0 0.0662 0.0662 0.0662 21.543 21.543 21.543 
730000.0 3585.0 48504.0 48504.0 48504.0 0.0664 0.0664 0.0664 21.906 21.906 21.906 
740000.0 3623.0 49362.0 49362.0 49362.0 0.0667 0.0667 0.0667 22.061 22.061 22.061 
750000.0 3663.0 50150.0 50150.0 50150.0 0.0669 0.0669 0.0669 20.974 20.974 20.974 
760000.0 3699.0 50979.0 50979.0 50979.0 0.0671 0.0671 0.0671 21.246 21.246 21.246 
770000.0 3741.0 51759.0 51759.0 51759.0 0.0672 0.0672 0.0672 19.62 19.62 19.62 
780000.0 3782.0 52545.0 52545.0 52545.0 0.0674 0.0674 0.0674 19.498 19.498 19.498 
790000.0 3819.0 53341.0 53341.0 53341.0 0.0675 0.0675 0.0675 20.375 20.375 20.375 
800000.0 3852.0 54113.0 54113.0 54113.0 0.0676 0.0676 0.0676 21.654 21.654 21.654 
810000.0 3889.0 54922.0 54922.0 54922.0 0.0678 0.0678 0.0678 21.322 21.322 21.322 
820000.0 3929.0 55795.0 55795.0 55795.0 0.068 0.068 0.068 22.349 22.349 22.349 
830000.0 3966.0 56627.0 56627.0 56627.0 0.0682 0.0682 0.0682 22.478 22.478 22.478 
840000.0 4002.0 57496.0 57496.0 57496.0 0.0684 0.0684 0.0684 23.059 23.059 23.059 
850000.0 4044.0 58442.0 58442.0 58442.0 0.0688 0.0688 0.0688 22.95 22.95 22.95 
860000.0 4084.0 59359.0 59359.0 59359.0 0.069 0.069 0.069 22.948 22.948 22.948 
870000.0 4122.0 60315.0 60315.0 60315.0 0.0693 0.0693 0.0693 24.264 24.264 24.264 
880000.0 4164.0 61230.0 61230.0 61230.0 0.0696 0.0696 0.0696 22.813 22.813 22.813 
890000.0 4201.0 62128.0 62128.0 62128.0 0.0698 0.0698 0.0698 23.312 23.312 23.312 
900000.0 4236.0 63097.0 63097.0 63097.0 0.0701 0.0701 0.0701 24.75 24.75 24.75 
910000.0 4278.0 64078.0 64078.0 64078.0 0.0704 0.0704 0.0704 23.884 23.884 23.884 
920000.0 4316.0 64999.0 64999.0 64999.0 0.0707 0.0707 0.0707 25.09 25.09 25.09 
930000.0 4356.0 66080.0 66080.0 66080.0 0.0711 0.0711 0.0711 26.165 26.165 26.165 
940000.0 4397.0 67243.0 67243.0 67243.0 0.0715 0.0715 0.0715 27.398 27.398 27.398 
950000.0 4437.0 68326.0 68326.0 68326.0 0.0719 0.0719 0.0719 26.519 26.519 26.519 
960000.0 4477.0 69373.0 69373.0 69373.0 0.0723 0.0723 0.0723 26.696 26.696 26.696 
970000.0 4518.0 70417.0 70417.0 70417.0 0.0726 0.0726 0.0726 25.074 25.074 25.074 
980000.0 4553.0 71416.0 71416.0 71416.0 0.0729 0.0729 0.0729 27.033 27.033 27.033 
990000.0 4592.0 72465.0 72465.0 72465.0 0.0732 0.0732 0.0732 27.158 27.158 27.158 
1000000.0 4632.0 73469.0 73469.0 73469.0 0.0735 0.0735 0.0735 25.994 25.994 25.994 
1010000.0 4671.0 74549.0 74549.0 74549.0 0.0738 0.0738 0.0738 26.718 26.718 26.718 
1020000.0 4711.0 75596.0 75596.0 75596.0 0.0741 0.0741 0.0741 27.117 27.117 27.117 
1030000.0 4750.0 76723.0 76723.0 76723.0 0.0745 0.0745 0.0745 28.045 28.045 28.045 
1040000.0 4786.0 77782.0 77782.0 77782.0 0.0748 0.0748 0.0748 28.738 28.738 28.738 
1050000.0 4824.0 78902.0 78902.0 78902.0 0.0751 0.0751 0.0751 28.346 28.346 28.346 
1060000.0 4860.0 79945.0 79945.0 79945.0 0.0754 0.0754 0.0754 29.218 29.218 29.218 
1070000.0 4897.0 81122.0 81122.0 81122.0 0.0758 0.0758 0.0758 30.797 30.797 30.797 
1080000.0 4938.0 82373.0 82373.0 82373.0 0.0763 0.0763 0.0763 30.253 30.253 30.253 
1090000.0 4975.0 83476.0 83476.0 83476.0 0.0766 0.0766 0.0766 30.716 30.716 30.716 
1100000.0 5016.0 84659.0 84659.0 84659.0 0.077 0.077 0.077 28.72 28.72 28.72 
1110000.0 5053.0 85824.0 85824.0 85824.0 0.0773 0.0773 0.0773 30.859 30.859 30.859 
1120000.0 5090.0 86906.0 86906.0 86906.0 0.0776 0.0776 0.0776 30.405 30.405 30.405 
1130000.0 5130.0 87966.0 87966.0 87966.0 0.0778 0.0778 0.0778 28.674 28.674 28.674 
1140000.0 5172.0 89148.0 89148.0 89148.0 0.0782 0.0782 0.0782 27.801 27.801 27.801 
1150000.0 5209.0 90261.0 90261.0 90261.0 0.0785 0.0785 0.0785 29.145 29.145 29.145 
1160000.0 5251.0 91486.0 91486.0 91486.0 0.0789 0.0789 0.0789 29.355 29.355 29.355 
1170000.0 5289.0 92642.0 92642.0 92642.0 0.0792 0.0792 0.0792 29.214 29.214 29.214 
1180000.0 5331.0 93826.0 93826.0 93826.0 0.0795 0.0795 0.0795 29.147 29.147 29.147 
1190000.0 5369.0 94930.0 94930.0 94930.0 0.0798 0.0798 0.0798 29.126 29.126 29.126 
1200000.0 5408.0 96022.0 96022.0 96022.0 0.08 0.08 0.08 28.526 28.526 28.526 
1210000.0 5446.0 97071.0 97071.0 97071.0 0.0802 0.0802 0.0802 28.353 28.353 28.353 
1220000.0 5484.0 98157.0 98157.0 98157.0 0.0805 0.0805 0.0805 28.304 28.304 28.304 
1230000.0 5523.0 99321.0 99321.0 99321.0 0.0807 0.0807 0.0807 27.802 27.802 27.802 
1240000.0 5566.0 100486.0 100486.0 100486.0 0.081 0.081 0.081 28.315 28.315 28.315 
1250000.0 5610.0 101625.0 101625.0 101625.0 0.0813 0.0813 0.0813 27.134 27.134 27.134 
1260000.0 5649.0 102775.0 102775.0 102775.0 0.0816 0.0816 0.0816 27.461 27.461 27.461 
1270000.0 5688.0 103823.0 103823.0 103823.0 0.0818 0.0818 0.0818 26.646 26.646 26.646 
1280000.0 5727.0 104853.0 104853.0 104853.0 0.0819 0.0819 0.0819 26.849 26.849 26.849 
1290000.0 5764.0 105928.0 105928.0 105928.0 0.0821 0.0821 0.0821 28.408 28.408 28.408 
1300000.0 5802.0 107016.0 107016.0 107016.0 0.0823 0.0823 0.0823 28.686 28.686 28.686 
1310000.0 5836.0 108158.0 108158.0 108158.0 0.0826 0.0826 0.0826 30.832 30.832 30.832 
1320000.0 5873.0 109270.0 109270.0 109270.0 0.0828 0.0828 0.0828 30.98 30.98 30.98 
1330000.0 5907.0 110364.0 110364.0 110364.0 0.083 0.083 0.083 30.422 30.422 30.422 
1340000.0 5943.0 111505.0 111505.0 111505.0 0.0832 0.0832 0.0832 31.533 31.533 31.533 
1350000.0 5977.0 112703.0 112703.0 112703.0 0.0835 0.0835 0.0835 33.727 33.727 33.727 
1360000.0 6015.0 113843.0 113843.0 113843.0 0.0837 0.0837 0.0837 31.958 31.958 31.958 
1370000.0 6054.0 115055.0 115055.0 115055.0 0.084 0.084 0.084 31.214 31.214 31.214 
1380000.0 6090.0 116157.0 116157.0 116157.0 0.0842 0.0842 0.0842 31.341 31.341 31.341 
1390000.0 6126.0 117374.0 117374.0 117374.0 0.0844 0.0844 0.0844 31.795 31.795 31.795 
1400000.0 6161.0 118542.0 118542.0 118542.0 0.0847 0.0847 0.0847 32.946 32.946 32.946 
1410000.0 6195.0 119553.0 119553.0 119553.0 0.0848 0.0848 0.0848 31.394 31.394 31.394 
1420000.0 6232.0 120588.0 120588.0 120588.0 0.0849 0.0849 0.0849 30.071 30.071 30.071 
1430000.0 6269.0 121568.0 121568.0 121568.0 0.085 0.085 0.085 28.789 28.789 28.789 
1440000.0 6306.0 122612.0 122612.0 122612.0 0.0851 0.0851 0.0851 27.514 27.514 27.514 
1450000.0 6345.0 123563.0 123563.0 123563.0 0.0852 0.0852 0.0852 25.924 25.924 25.924 
1460000.0 6384.0 124602.0 124602.0 124602.0 0.0853 0.0853 0.0853 26.194 26.194 26.194 
1470000.0 6421.0 125683.0 125683.0 125683.0 0.0855 0.0855 0.0855 28.392 28.392 28.392 
1480000.0 6456.0 126749.0 126749.0 126749.0 0.0856 0.0856 0.0856 28.864 28.864 28.864 
1490000.0 6495.0 127868.0 127868.0 127868.0 0.0858 0.0858 0.0858 29.193 29.193 29.193 
1500000.0 6531.0 129005.0 129005.0 129005.0 0.086 0.086 0.086 29.733 29.733 29.733 
1510000.0 6567.0 130010.0 130010.0 130010.0 0.0861 0.0861 0.0861 28.979 28.979 28.979 
1520000.0 6612.0 131076.0 131076.0 131076.0 0.0862 0.0862 0.0862 26.371 26.371 26.371 
1530000.0 6649.0 132080.0 132080.0 132080.0 0.0863 0.0863 0.0863 27.043 27.043 27.043 
1540000.0 6688.0 133133.0 133133.0 133133.0 0.0864 0.0864 0.0864 26.836 26.836 26.836 
1550000.0 6726.0 134068.0 134068.0 134068.0 0.0865 0.0865 0.0865 25.598 25.598 25.598 
1560000.0 6767.0 135164.0 135164.0 135164.0 0.0866 0.0866 0.0866 26.379 26.379 26.379 
1570000.0 6808.0 136256.0 136256.0 136256.0 0.0868 0.0868 0.0868 26.732 26.732 26.732 
1580000.0 6848.0 137353.0 137353.0 137353.0 0.0869 0.0869 0.0869 27.173 27.173 27.173 
1590000.0 6889.0 138448.0 138448.0 138448.0 0.0871 0.0871 0.0871 27.195 27.195 27.195 
1600000.0 6930.0 139475.0 139475.0 139475.0 0.0872 0.0872 0.0872 26.045 26.045 26.045 
1610000.0 6969.0 140557.0 140557.0 140557.0 0.0873 0.0873 0.0873 26.11 26.11 26.11 
1620000.0 7007.0 141538.0 141538.0 141538.0 0.0874 0.0874 0.0874 26.545 26.545 26.545 
1630000.0 7050.0 142643.0 142643.0 142643.0 0.0875 0.0875 0.0875 26.012 26.012 26.012 
1640000.0 7089.0 143704.0 143704.0 143704.0 0.0876 0.0876 0.0876 26.37 26.37 26.37 
1650000.0 7125.0 144758.0 144758.0 144758.0 0.0877 0.0877 0.0877 27.298 27.298 27.298 
1660000.0 7162.0 145845.0 145845.0 145845.0 0.0879 0.0879 0.0879 28.838 28.838 28.838 
1670000.0 7201.0 146946.0 146946.0 146946.0 0.088 0.088 0.088 28.384 28.384 28.384 
1680000.0 7238.0 147967.0 147967.0 147967.0 0.0881 0.0881 0.0881 28.141 28.141 28.141 
1690000.0 7273.0 148986.0 148986.0 148986.0 0.0882 0.0882 0.0882 28.31 28.31 28.31 
1700000.0 7308.0 150077.0 150077.0 150077.0 0.0883 0.0883 0.0883 29.481 29.481 29.481 
1710000.0 7347.0 151078.0 151078.0 151078.0 0.0883 0.0883 0.0883 27.811 27.811 27.811 
1720000.0 7386.0 152221.0 152221.0 152221.0 0.0885 0.0885 0.0885 28.356 28.356 28.356 
1730000.0 7424.0 153278.0 153278.0 153278.0 0.0886 0.0886 0.0886 27.811 27.811 27.811 
1740000.0 7462.0 154494.0 154494.0 154494.0 0.0888 0.0888 0.0888 29.812 29.812 29.812 
1750000.0 7498.0 155599.0 155599.0 155599.0 0.0889 0.0889 0.0889 30.734 30.734 30.734 
1760000.0 7536.0 156690.0 156690.0 156690.0 0.089 0.089 0.089 28.372 28.372 28.372 
1770000.0 7572.0 157748.0 157748.0 157748.0 0.0891 0.0891 0.0891 29.661 29.661 29.661 
1780000.0 7614.0 158835.0 158835.0 158835.0 0.0892 0.0892 0.0892 27.351 27.351 27.351 
1790000.0 7650.0 159983.0 159983.0 159983.0 0.0894 0.0894 0.0894 29.504 29.504 29.504 
1800000.0 7686.0 161231.0 161231.0 161231.0 0.0896 0.0896 0.0896 30.955 30.955 30.955 
1810000.0 7722.0 162267.0 162267.0 162267.0 0.0897 0.0897 0.0897 30.361 30.361 30.361 
1820000.0 7759.0 163337.0 163337.0 163337.0 0.0897 0.0897 0.0897 30.069 30.069 30.069 
1830000.0 7798.0 164524.0 164524.0 164524.0 0.0899 0.0899 0.0899 30.319 30.319 30.319 
1840000.0 7834.0 165593.0 165593.0 165593.0 0.09 0.09 0.09 30.076 30.076 30.076 
1850000.0 7869.0 166665.0 166665.0 166665.0 0.0901 0.0901 0.0901 30.171 30.171 30.171 
1860000.0 7902.0 167696.0 167696.0 167696.0 0.0902 0.0902 0.0902 30.161 30.161 30.161 
1870000.0 7935.0 168812.0 168812.0 168812.0 0.0903 0.0903 0.0903 31.89 31.89 31.89 
1880000.0 7971.0 169887.0 169887.0 169887.0 0.0904 0.0904 0.0904 30.023 30.023 30.023 
1890000.0 8007.0 170984.0 170984.0 170984.0 0.0905 0.0905 0.0905 30.137 30.137 30.137 
1900000.0 8039.0 172142.0 172142.0 172142.0 0.0906 0.0906 0.0906 33.594 33.594 33.594 
1910000.0 8075.0 173392.0 173392.0 173392.0 0.0908 0.0908 0.0908 34.425 34.425 34.425 
1920000.0 8112.0 174705.0 174705.0 174705.0 0.091 0.091 0.091 34.252 34.252 34.252 
1930000.0 8144.0 175946.0 175946.0 175946.0 0.0912 0.0912 0.0912 36.918 36.918 36.918 
1940000.0 8178.0 177168.0 177168.0 177168.0 0.0913 0.0913 0.0913 35.988 35.988 35.988 
1950000.0 8209.0 178374.0 178374.0 178374.0 0.0915 0.0915 0.0915 37.829 37.829 37.829 
1960000.0 8242.0 179447.0 179447.0 179447.0 0.0916 0.0916 0.0916 35.743 35.743 35.743 
1970000.0 8277.0 180623.0 180623.0 180623.0 0.0917 0.0917 0.0917 34.298 34.298 34.298 
1980000.0 8310.0 181788.0 181788.0 181788.0 0.0918 0.0918 0.0918 33.73 33.73 33.73 
1990000.0 8347.0 183017.0 183017.0 183017.0 0.092 0.092 0.092 34.924 34.924 34.924 
2000000.0 8384.0 184179.0 184179.0 184179.0 0.0921 0.0921 0.0921 33.09 33.09 33.09 
2010000.0 8415.0 185351.0 185351.0 185351.0 0.0922 0.0922 0.0922 34.369 34.369 34.369 
2020000.0 8448.0 186508.0 186508.0 186508.0 0.0923 0.0923 0.0923 34.444 34.444 34.444 
2030000.0 8482.0 187697.0 187697.0 187697.0 0.0925 0.0925 0.0925 34.141 34.141 34.141 
2040000.0 8518.0 188888.0 188888.0 188888.0 0.0926 0.0926 0.0926 33.17 33.17 33.17 
2050000.0 8553.0 190007.0 190007.0 190007.0 0.0927 0.0927 0.0927 32.095 32.095 32.095 
2060000.0 8592.0 191168.0 191168.0 191168.0 0.0928 0.0928 0.0928 30.812 30.812 30.812 
2070000.0 8620.0 192293.0 192293.0 192293.0 0.0929 0.0929 0.0929 34.521 34.521 34.521 
2080000.0 8655.0 193478.0 193478.0 193478.0 0.093 0.093 0.093 33.275 33.275 33.275 
2090000.0 8688.0 194677.0 194677.0 194677.0 0.0931 0.0931 0.0931 34.631 34.631 34.631 
2100000.0 8722.0 195820.0 195820.0 195820.0 0.0932 0.0932 0.0932 35.273 35.273 35.273 
2110000.0 8759.0 196985.0 196985.0 196985.0 0.0934 0.0934 0.0934 32.886 32.886 32.886 
2120000.0 8792.0 198211.0 198211.0 198211.0 0.0935 0.0935 0.0935 34.993 34.993 34.993 
2130000.0 8827.0 199312.0 199312.0 199312.0 0.0936 0.0936 0.0936 32.8 32.8 32.8 
2140000.0 8860.0 200479.0 200479.0 200479.0 0.0937 0.0937 0.0937 34.081 34.081 34.081 
2150000.0 8892.0 201636.0 201636.0 201636.0 0.0938 0.0938 0.0938 34.005 34.005 34.005 
2160000.0 8922.0 202805.0 202805.0 202805.0 0.0939 0.0939 0.0939 35.929 35.929 35.929 
2170000.0 8958.0 203874.0 203874.0 203874.0 0.094 0.094 0.094 33.089 33.089 33.089 
2180000.0 8991.0 205098.0 205098.0 205098.0 0.0941 0.0941 0.0941 33.693 33.693 33.693 
2190000.0 9024.0 206237.0 206237.0 206237.0 0.0942 0.0942 0.0942 34.474 34.474 34.474 
2200000.0 9059.0 207384.0 207384.0 207384.0 0.0943 0.0943 0.0943 34.542 34.542 34.542 
2210000.0 9090.0 208508.0 208508.0 208508.0 0.0943 0.0943 0.0943 34.461 34.461 34.461 
2220000.0 9125.0 209584.0 209584.0 209584.0 0.0944 0.0944 0.0944 32.52 32.52 32.52 
2230000.0 9156.0 210804.0 210804.0 210804.0 0.0945 0.0945 0.0945 34.603 34.603 34.603 
2240000.0 9192.0 211895.0 211895.0 211895.0 0.0946 0.0946 0.0946 33.206 33.206 33.206 
2250000.0 9226.0 212940.0 212940.0 212940.0 0.0946 0.0946 0.0946 32.127 32.127 32.127 
2260000.0 9263.0 213936.0 213936.0 213936.0 0.0947 0.0947 0.0947 29.452 29.452 29.452 
2270000.0 9294.0 215137.0 215137.0 215137.0 0.0948 0.0948 0.0948 32.131 32.131 32.131 
2280000.0 9331.0 216235.0 216235.0 216235.0 0.0948 0.0948 0.0948 32.89 32.89 32.89 
2290000.0 9366.0 217361.0 217361.0 217361.0 0.0949 0.0949 0.0949 31.342 31.342 31.342 
2300000.0 9402.0 218421.0 218421.0 218421.0 0.095 0.095 0.095 30.64 30.64 30.64 
2310000.0 9432.0 219537.0 219537.0 219537.0 0.095 0.095 0.095 32.71 32.71 32.71 
2320000.0 9465.0 220717.0 220717.0 220717.0 0.0951 0.0951 0.0951 35.303 35.303 35.303 
