10000 10 182.927 4891.285 89.546 0.2713 0 0 0 
20000 21 317.578 9826.017 156.413 0.4706 0 0 0 
30000 43 363.847 12780.41 148.279 0.9074 0 0 0 
40000 127 163.33 17811.737 76.315 0.5341 0 0 0 
50000 324 88.695 22432.347 44.124 0.339 0 0 0 
60000 340 237.472 27901.313 126.467 0.9144 0 0 0 
70000 352 367.29 32572.036 183.958 1.4148 0 0 0 
80000 362 483.03 38002.536 249.358 1.8515 0 0 0 
90000 372 577.598 43783.454 308.815 2.2146 0 0 0 
100000 382 654.867 49814.24 362.014 2.5073 0 0 0 
110000 392 718.001 55716.342 404.558 2.7483 0 0 0 
120000 402 769.586 62584.343 456.127 2.9377 0 0 0 
130000 412 811.735 70135.688 510.676 3.0975 0 0 0 
140000 423 826.031 77161.321 533.763 3.1478 0 0 0 
150000 434 843.238 84207.41 556.058 3.2122 0 0 0 
160000 444 865.761 91127.17 576.048 3.3009 0 0 0 
170000 454 890.317 98437.325 601.009 3.3945 0 0 0 
180000 464 910.381 106781.303 646.38 3.4725 0 0 0 
190000 474 926.775 114636.56 673.353 3.5309 0 0 0 
200000 486 913.56 123453.455 692.358 3.4769 0 0 0 
210000 496 929.372 133292.137 744.548 3.5415 0 0 0 
220000 508 897.89 143094.148 750.518 3.4184 0 0 0 
230000 519 902.022 152324.617 774.031 3.442 0 0 0 
240000 529 919.945 160546.558 778.533 3.5158 0 0 0 
250000 539 934.589 169279.317 797.647 3.5713 0 0 0 
260000 549 946.554 176132.988 778.39 3.6269 0 0 0 
270000 559 956.331 183402.085 772.043 3.6708 0 0 0 
280000 569 964.319 190399.619 753.335 3.7076 0 0 0 
290000 579 970.846 198065.08 755.093 3.7345 0 0 0 
300000 589 976.179 207023.071 782.192 3.752 0 0 0 
310000 599 980.537 214643.958 772.119 3.7738 0 0 0 
320000 609 984.097 224904.929 819.985 3.7877 0 0 0 
330000 619 987.006 234689.454 849.744 3.7935 0 0 0 
340000 629 989.383 245280.925 887.722 3.7998 0 0 0 
350000 639 991.325 257832.77 953.294 3.8028 0 0 0 
360000 649 992.912 270225.803 1005.486 3.8051 0 0 0 
370000 659 994.209 283307.214 1058.073 3.8019 0 0 0 
380000 669 995.268 294466.631 1076.628 3.7989 0 0 0 
390000 679 996.134 305462.802 1074.174 3.8003 0 0 0 
400000 689 996.841 317568.326 1100.273 3.8073 0 0 0 
410000 699 997.419 330006.944 1128.183 3.8108 0 0 0 
420000 709 997.891 343700.323 1170.708 3.8173 0 0 0 
430000 719 998.277 355450.158 1173.693 3.8208 0 0 0 
440000 729 998.592 369511.213 1213.562 3.8196 0 0 0 
450000 739 998.85 382656.946 1243.401 3.8211 0 0 0 
460000 749 999.06 396908.475 1261.648 3.8198 0 0 0 
470000 759 999.232 413166.53 1331.666 3.8166 0 0 0 
480000 769 999.372 427712.279 1353.318 3.8222 0 0 0 
490000 779 999.487 442275.199 1374.713 3.8249 0 0 0 
500000 789 999.581 456946.137 1387.087 3.8339 0 0 0 
510000 799 999.658 471311.712 1411.123 3.8393 0 0 0 
520000 809 999.72 485308.607 1395.602 3.8427 0 0 0 
530000 819 999.771 499995.298 1406.893 3.8454 0 0 0 
540000 829 999.813 513324.725 1390.211 3.8459 0 0 0 
550000 839 999.847 528976.779 1429.948 3.841 0 0 0 
560000 849 999.875 543697.541 1429.251 3.8397 0 0 0 
570000 859 999.898 558596.614 1444.507 3.8378 0 0 0 
580000 869 999.917 574514.979 1468.608 3.8322 0 0 0 
590000 879 999.932 590784.84 1496.145 3.8305 0 0 0 
600000 889 999.944 607804.459 1533.905 3.8284 0 0 0 
610000 899 999.955 625245.287 1572.798 3.8183 0 0 0 
620000 909 999.963 642207.217 1600.063 3.8158 0 0 0 
630000 919 999.97 658066.861 1593.968 3.8252 0 0 0 
640000 929 999.975 674245.488 1597.219 3.8227 0 0 0 
650000 939 999.98 689638.415 1588.181 3.8176 0 0 0 
660000 949 999.983 705876.497 1597.528 3.821 0 0 0 
670000 959 999.986 722498.981 1608.943 3.82 0 0 0 
680000 969 999.989 737607.832 1599.08 3.8247 0 0 0 
690000 979 999.991 753565.357 1588.465 3.8188 0 0 0 
700000 989 999.993 766725.928 1543.913 3.8234 0 0 0 
710000 999 999.994 782446.335 1550.62 3.8278 0 0 0 
720000 1009 999.995 798712.103 1557.353 3.8167 0 0 0 
730000 1019 999.996 817925.34 1624.598 3.8146 0 0 0 
740000 1029 999.997 833073.027 1603.143 3.8187 0 0 0 
750000 1039 999.997 849506.669 1611.824 3.8219 0 0 0 
760000 1049 999.998 863279.426 1564.07 3.8257 0 0 0 
770000 1059 999.998 880970.801 1599.38 3.823 0 0 0 
780000 1069 999.999 900224.294 1660.498 3.8274 0 0 0 
790000 1079 999.999 916713.384 1658.307 3.8285 0 0 0 
800000 1089 999.999 936941.077 1722.661 3.8274 0 0 0 
810000 1099 999.999 957331.646 1782.147 3.821 0 0 0 
820000 1109 999.999 977665.561 1827.4 3.8167 0 0 0 
830000 1119 999.999 997558.018 1853.762 3.8173 0 0 0 
840000 1129 1000.0 1016260.619 1854.932 3.8135 0 0 0 
850000 1139 1000.0 1035270.036 1860.975 3.8148 0 0 0 
860000 1149 1000.0 1054594.914 1874.965 3.8139 0 0 0 
870000 1159 1000.0 1073550.347 1880.84 3.8087 0 0 0 
880000 1169 1000.0 1091398.683 1864.694 3.8116 0 0 0 
890000 1179 1000.0 1111103.375 1880.718 3.8073 0 0 0 
900000 1189 1000.0 1130614.992 1894.797 3.8105 0 0 0 
910000 1199 1000.0 1149002.481 1883.874 3.8164 0 0 0 
920000 1209 1000.0 1168415.861 1891.707 3.8198 0 0 0 
930000 1219 1000.0 1183857.702 1828.002 3.8255 0 0 0 
940000 1229 1000.0 1204356.247 1871.611 3.824 0 0 0 
950000 1239 1000.0 1224865.986 1903.875 3.8274 0 0 0 
960000 1250 993.246 1243030.707 1876.525 3.7998 0 0 0 
970000 1260 994.481 1259805.57 1841.706 3.7986 0 0 0 
980000 1270 990.074 1275587.61 1780.849 3.7815 0 0 0 
990000 1280 991.89 1293268.141 1783.105 3.7874 0 0 0 
1000000 1290 993.374 1311750.896 1799.197 3.7916 0 0 0 
1010000 1300 994.586 1329463.424 1790.476 3.7995 0 0 0 
1020000 1310 995.576 1348692.961 1816.899 3.8011 0 0 0 
1030000 1320 996.385 1364785.746 1778.623 3.8093 0 0 0 
1040000 1330 997.047 1382420.921 1775.94 3.8165 0 0 0 
1050000 1340 997.587 1401001.754 1788.22 3.8198 0 0 0 
1060000 1350 998.028 1415776.331 1738.283 3.8221 0 0 0 
1070000 1360 998.389 1428907.874 1652.42 3.8253 0 0 0 
1080000 1370 998.684 1448192.653 1706.048 3.8254 0 0 0 
1090000 1380 998.924 1468771.508 1770.314 3.823 0 0 0 
1100000 1390 999.121 1488953.773 1812.8 3.8261 0 0 0 
1110000 1400 999.282 1509325.252 1856.018 3.8202 0 0 0 
1120000 1410 999.413 1529792.08 1896.642 3.8172 0 0 0 
1130000 1420 999.521 1546491.344 1851.191 3.8222 0 0 0 
1140000 1430 999.608 1565287.376 1858.405 3.8221 0 0 0 
1150000 1440 999.68 1581289.915 1814.347 3.8281 0 0 0 
1160000 1451 983.13 1596128.814 1726.629 3.7673 0 0 0 
1170000 1461 986.216 1614073.381 1735.63 3.7746 0 0 0 
1180000 1471 988.737 1633358.632 1773.17 3.7862 0 0 0 
1190000 1481 990.798 1653121.365 1809.742 3.7865 0 0 0 
1200000 1491 992.481 1673219.923 1844.605 3.7936 0 0 0 
1210000 1501 993.856 1689379.847 1809.653 3.7916 0 0 0 
1220000 1511 994.98 1700942.693 1687.663 3.8014 0 0 0 
1230000 1521 995.898 1716484.799 1664.094 3.8089 0 0 0 
1240000 1531 996.649 1737713.925 1752.538 3.802 0 0 0 
1250000 1541 997.262 1756074.754 1766.286 3.8157 0 0 0 
1260000 1551 997.763 1773743.247 1768.595 3.8174 0 0 0 
1270000 1561 998.172 1791652.082 1772.112 3.8153 0 0 0 
1280000 1571 998.506 1812223.629 1825.87 3.8118 0 0 0 
1290000 1581 998.78 1832702.56 1866.798 3.7926 0 0 0 
1300000 1591 999.003 1851992.734 1877.098 3.7968 0 0 0 
1310000 1601 999.185 1871667.663 1894.507 3.7967 0 0 0 
1320000 1611 999.334 1888512.434 1855.997 3.8 0 0 0 
1330000 1621 999.456 1902423.464 1770.259 3.8102 0 0 0 
1340000 1631 999.556 1916570.811 1704.848 3.8201 0 0 0 
1350000 1641 999.637 1935756.428 1742.05 3.8156 0 0 0 
1360000 1651 999.703 1954755.453 1773.02 3.8166 0 0 0 
1370000 1661 999.758 1973101.052 1785.569 3.822 0 0 0 
1380000 1671 999.802 1994963.183 1858.637 3.8182 0 0 0 
1390000 1681 999.838 2014759.495 1881.787 3.8152 0 0 0 
1400000 1691 999.868 2033413.192 1877.382 3.8206 0 0 0 
1410000 1701 999.892 2050545.174 1851.59 3.8876 0 0 0 
1420000 1711 999.912 2067065.586 1811.299 3.9123 0 0 0 
1430000 1721 999.928 2083958.485 1788.866 3.8975 0 0 0 
1440000 1731 999.941 2102114.79 1793.181 3.8833 0 0 0 
1450000 1741 999.952 2119625.202 1785.386 3.8697 0 0 0 
1460000 1751 999.961 2138103.51 1796.975 3.8651 0 0 0 
1470000 1761 999.968 2156111.266 1798.935 3.8591 0 0 0 
1480000 1771 999.974 2174821.923 1816.195 3.859 0 0 0 
1490000 1781 999.979 2192846.451 1811.879 3.853 0 0 0 
1500000 1791 999.982 2211613.744 1823.399 3.8478 0 0 0 
1510000 1801 999.986 2230776.63 1838.846 3.8477 0 0 0 
1520000 1811 999.988 2246339.151 1787.488 3.8487 0 0 0 
1530000 1821 999.99 2261399.184 1745.741 3.8431 0 0 0 
1540000 1831 999.992 2269999.088 1586.991 3.8563 0 0 0 
1550000 1841 999.994 2287172.225 1608.429 3.8532 0 0 0 
1560000 1851 999.995 2300811.155 1569.585 3.8556 0 0 0 
1570000 1861 999.996 2316529.338 1569.678 3.8552 0 0 0 
1580000 1871 999.997 2331512.687 1556.721 3.8535 0 0 0 
1590000 1881 999.997 2349806.097 1610.016 3.8525 0 0 0 
1600000 1891 999.998 2368853.945 1663.493 3.8483 0 0 0 
1610000 1901 999.998 2387569.329 1703.541 3.8495 0 0 0 
1620000 1911 999.998 2405439.038 1719.856 3.8495 0 0 0 
1630000 1921 999.999 2422121.539 1706.686 3.8449 0 0 0 
1640000 1931 999.999 2438334.892 1693.897 3.8436 0 0 0 
1650000 1941 999.999 2452594.256 1642.885 3.8442 0 0 0 
1660000 1951 999.999 2466341.073 1592.351 3.8484 0 0 0 
1670000 1961 999.999 2480452.801 1558.801 3.8477 0 0 0 
1680000 1971 1000.0 2492331.776 1492.94 3.8461 0 0 0 
1690000 1981 1000.0 2507766.369 1502.04 3.8446 0 0 0 
1700000 1991 1000.0 2523419.132 1513.684 3.8443 0 0 0 
1710000 2001 1000.0 2539356.158 1532.198 3.8461 0 0 0 
1720000 2011 1000.0 2557054.017 1573.397 3.8443 0 0 0 
1730000 2021 1000.0 2575741.364 1626.635 3.8451 0 0 0 
1740000 2031 1000.0 2594574.137 1671.947 3.84 0 0 0 
1750000 2041 1000.0 2612927.43 1703.398 3.8399 0 0 0 
1760000 2051 1000.0 2634259.923 1780.508 3.834 0 0 0 
1770000 2061 1000.0 2653980.876 1815.214 3.8341 0 0 0 
1780000 2071 1000.0 2673892.444 1849.416 3.8304 0 0 0 
1790000 2081 1000.0 2693137.987 1862.567 3.8343 0 0 0 
1800000 2091 1000.0 2710824.508 1848.225 3.837 0 0 0 
1810000 2101 1000.0 2731204.257 1879.169 3.8389 0 0 0 
1820000 2111 1000.0 2751094.247 1901.365 3.8396 0 0 0 
1830000 2121 1000.0 2770901.888 1919.576 3.8358 0 0 0 
1840000 2131 1000.0 2787413.308 1874.626 3.8373 0 0 0 
1850000 2141 1000.0 2805245.822 1853.755 3.8377 0 0 0 
1860000 2151 1000.0 2823248.798 1847.191 3.8308 0 0 0 
1870000 2161 1000.0 2839480.929 1805.912 3.8309 0 0 0 
1880000 2171 1000.0 2856073.484 1781.948 3.8356 0 0 0 
1890000 2181 1000.0 2868670.577 1682.828 3.8443 0 0 0 
1900000 2191 1000.0 2883057.673 1640.197 3.8499 0 0 0 
1910000 2201 1000.0 2899895.026 1646.124 3.8497 0 0 0 
1920000 2211 1000.0 2914934.869 1617.539 3.8486 0 0 0 
1930000 2221 1000.0 2936571.239 1720.109 3.8449 0 0 0 
1940000 2231 1000.0 2957215.685 1780.452 3.8422 0 0 0 
1950000 2241 1000.0 2976480.006 1808.426 3.8364 0 0 0 
1960000 2251 1000.0 2997696.019 1864.15 3.8325 0 0 0 
1970000 2261 1000.0 3017976.604 1894.71 3.8344 0 0 0 
1980000 2271 1000.0 3037663.167 1907.91 3.8366 0 0 0 
1990000 2281 1000.0 3059587.68 1960.382 3.8329 0 0 0 
2000000 2291 1000.0 3080327.279 1983.028 3.8259 0 0 0 
2010000 2301 1000.0 3100713.955 1990.964 3.8285 0 0 0 
2020000 2311 1000.0 3119185.15 1962.22 3.8256 0 0 0 
2030000 2321 1000.0 3140515.159 1993.537 3.8318 0 0 0 
2040000 2331 1000.0 3161205.843 2006.77 3.831 0 0 0 
2050000 2341 1000.0 3180648.157 1991.358 3.9556 0 0 0 
2060000 2351 1000.0 3199501.573 1973.435 3.9443 0 0 0 
2070000 2361 1000.0 3215807.1 1909.638 3.9761 0 0 0 
2080000 2371 1000.0 3237106.832 1951.607 3.9448 0 0 0 
2090000 2381 1000.0 3259667.378 2005.99 3.9174 0 0 0 
2100000 2391 1000.0 3282545.599 2057.418 3.9013 0 0 0 
2110000 2401 1000.0 3303671.505 2064.975 3.8894 0 0 0 
2120000 2411 1000.0 3325624.429 2091.421 3.8805 0 0 0 
2130000 2421 1000.0 3346316.486 2087.058 3.8623 0 0 0 
2140000 2431 1000.0 3367874.436 2101.834 3.8548 0 0 0 
2150000 2441 1000.0 3389765.706 2117.473 3.851 0 0 0 
2160000 2451 1000.0 3411356.298 2123.64 3.8534 0 0 0 
2170000 2461 1000.0 3430963.832 2097.804 3.8539 0 0 0 
2180000 2471 1000.0 3447085.429 2008.509 3.8457 0 0 0 
2190000 2481 1000.0 3465097.074 1971.075 3.8472 0 0 0 
2200000 2491 1000.0 3484574.422 1967.269 3.8415 0 0 0 
2210000 2501 1000.0 3501594.962 1921.716 3.8477 0 0 0 
2220000 2511 1000.0 3523133.808 1957.378 3.8429 0 0 0 
2230000 2521 1000.0 3538358.331 1880.312 3.8494 0 0 0 
2240000 2531 1000.0 3558402.703 1904.461 3.8482 0 0 0 
2250000 2541 1000.0 3576042.312 1875.935 3.8474 0 0 0 
2260000 2551 1000.0 3593262.924 1846.444 3.8472 0 0 0 
2270000 2561 1000.0 3609832.148 1818.166 3.8462 0 0 0 
2280000 2571 1000.0 3626793.502 1793.757 3.8506 0 0 0 
2290000 2582 983.904 3645382.458 1773.729 3.7856 0 0 0 
2300000 2592 986.848 3662833.705 1767.52 3.796 0 0 0 
2310000 2602 989.254 3682786.327 1807.615 3.8026 0 0 0 
2320000 2613 967.223 3701493.025 1770.668 3.7152 0 0 0 
2330000 2623 973.219 3722441.169 1830.608 3.7428 0 0 0 
2340000 2633 978.118 3739289.823 1805.418 3.7629 0 0 0 
2350000 2643 982.121 3750842.723 1696.673 3.7825 0 0 0 
2360000 2653 985.391 3772518.315 1775.479 3.791 0 0 0 
2370000 2663 988.064 3794636.336 1850.33 3.7976 0 0 0 
2380000 2673 990.247 3816975.363 1923.941 3.802 0 0 0 
2390000 2683 992.031 3836442.855 1923.817 3.807 0 0 0 
2400000 2693 993.489 3857538.493 1961.767 3.8092 0 0 0 
2410000 2704 983.072 3874383.514 1889.244 3.7722 0 0 0 
2420000 2714 986.168 3896378.094 1945.291 3.784 0 0 0 
2430000 2724 988.698 3915380.378 1938.922 3.7963 0 0 0 
2440000 2734 990.766 3933078.337 1906.319 3.8076 0 0 0 
2450000 2744 992.455 3952593.051 1915.299 3.8145 0 0 0 
2460000 2754 993.835 3971053.904 1899.807 3.8132 0 0 0 
2470000 2764 980.316 3987307.786 1848.055 3.7673 0 0 0 
2480000 2774 983.916 4005970.384 1827.154 3.7804 0 0 0 
2490000 2784 986.859 4025465.978 1842.971 3.7861 0 0 0 
2500000 2794 989.263 4042010.615 1808.412 3.7932 0 0 0 
2510000 2804 991.227 4054414.861 1731.74 3.8124 0 0 0 
2520000 2814 992.832 4068690.796 1682.1 3.8191 0 0 0 
2530000 2824 994.143 4080885.806 1572.7 3.8349 0 0 0 
2540000 2834 995.214 4097891.571 1590.935 3.8366 0 0 0 
2550000 2844 996.09 4114800.065 1616.224 3.8389 0 0 0 
2560000 2854 996.805 4130659.61 1608.844 3.8465 0 0 0 
2570000 2864 997.389 4143539.263 1547.212 3.8422 0 0 0 
2580000 2874 997.867 4156196.019 1489.913 3.845 0 0 0 
2590000 2884 998.257 4167954.367 1434.202 3.8486 0 0 0 
2600000 2894 998.576 4186089.526 1496.587 3.8492 0 0 0 
2610000 2904 998.836 4206283.976 1596.913 3.8397 0 0 0 
2620000 2914 999.049 4221536.552 1578.26 3.8407 0 0 0 
2630000 2924 999.223 4235033.854 1562.813 3.8359 0 0 0 
2640000 2934 999.365 4249067.099 1540.331 3.8352 0 0 0 
2650000 2944 999.481 4261935.989 1487.014 3.8444 0 0 0 
2660000 2954 999.576 4272153.76 1401.214 3.8567 0 0 0 
2670000 2964 999.654 4288094.971 1422.412 3.8559 0 0 0 
2680000 2974 999.717 4301012.731 1417.327 3.8499 0 0 0 
2690000 2984 999.769 4316335.256 1441.093 3.8522 0 0 0 
2700000 2994 999.811 4334545.865 1490.485 3.8495 0 0 0 
2710000 3004 999.846 4356858.875 1625.848 3.8482 0 0 0 
2720000 3014 999.874 4378227.716 1724.869 3.83 0 0 0 
2730000 3024 999.897 4400414.13 1810.451 3.8287 0 0 0 
2740000 3034 999.916 4419044.068 1848.672 3.8313 0 0 0 
2750000 3044 999.931 4438469.943 1840.474 3.8264 0 0 0 
2760000 3054 999.944 4459444.143 1895.013 3.8253 0 0 0 
2770000 3064 999.954 4480812.423 1939.629 3.8268 0 0 0 
2780000 3074 999.962 4498488.88 1900.954 3.8215 0 0 0 
2790000 3084 999.969 4517112.924 1892.607 3.8261 0 0 0 
2800000 3094 999.975 4532449.299 1849.742 3.8183 0 0 0 
2810000 3104 999.98 4549173.671 1806.758 3.8232 0 0 0 
2820000 3114 999.983 4570303.902 1859.623 3.8284 0 0 0 
2830000 3124 999.986 4590529.507 1905.246 3.8346 0 0 0 
2840000 3134 999.989 4609272.636 1886.916 3.8432 0 0 0 
2850000 3144 999.991 4628906.506 1894.518 3.8455 0 0 0 
2860000 3154 999.993 4646881.146 1887.109 3.8482 0 0 0 
2870000 3164 999.994 4664761.411 1861.493 3.8476 0 0 0 
2880000 3174 999.995 4682940.249 1853.797 3.8461 0 0 0 
2890000 3184 999.996 4704012.683 1902.128 3.8444 0 0 0 
2900000 3194 999.997 4725823.088 1949.246 3.8454 0 0 0 
2910000 3204 999.997 4747433.572 1985.831 3.8436 0 0 0 
2920000 3214 999.998 4768635.212 2010.896 3.8374 0 0 0 
2930000 3224 999.998 4789022.149 2017.251 3.8397 0 0 0 
2940000 3234 999.999 4807782.275 1991.75 3.8424 0 0 0 
2950000 3244 999.999 4825176.941 1949.963 3.8377 0 0 0 
2960000 3254 999.999 4838725.234 1841.061 3.8439 0 0 0 
2970000 3264 999.999 4858111.024 1858.224 3.8476 0 0 0 
2980000 3274 999.999 4876593.173 1860.361 3.8488 0 0 0 
2990000 3284 999.999 4892029.185 1822.281 3.8524 0 0 0 
3000000 3294 1000.0 4907398.575 1774.956 3.8521 0 0 0 
3010000 3304 1000.0 4928122.547 1806.005 3.8511 0 0 0 
3020000 3314 1000.0 4947257.32 1828.981 3.8509 0 0 0 
3030000 3324 1000.0 4966217.199 1856.346 3.8491 0 0 0 
3040000 3334 1000.0 4986296.554 1867.586 3.844 0 0 0 
3050000 3344 1000.0 5006549.006 1891.117 3.8449 0 0 0 
3060000 3354 1000.0 5027389.028 1930.129 3.84 0 0 0 
3070000 3364 1000.0 5047406.11 1942.404 3.8394 0 0 0 
3080000 3374 1000.0 5066705.437 1947.65 3.8307 0 0 0 
3090000 3384 1000.0 5083895.761 1894.412 3.8276 0 0 0 
3100000 3394 1000.0 5106970.83 1970.374 3.8298 0 0 0 
3110000 3404 1000.0 5123155.523 1900.633 3.8402 0 0 0 
3120000 3414 1000.0 5142282.596 1907.875 3.8401 0 0 0 
3130000 3424 1000.0 5158992.691 1877.83 3.8431 0 0 0 
3140000 3434 1000.0 5177687.949 1858.843 3.8467 0 0 0 
3150000 3444 1000.0 5196929.553 1873.483 3.8489 0 0 0 
3160000 3454 1000.0 5216567.66 1886.497 3.8443 0 0 0 
3170000 3464 1000.0 5236775.122 1906.992 3.8416 0 0 0 
3180000 3474 1000.0 5256307.267 1922.962 3.8271 0 0 0 
3190000 3484 1000.0 5272951.779 1870.583 3.8244 0 0 0 
3200000 3494 1000.0 5291660.346 1873.348 3.8293 0 0 0 
3210000 3504 1000.0 5310524.807 1869.401 3.8327 0 0 0 
3220000 3514 1000.0 5331679.398 1914.553 3.8275 0 0 0 
3230000 3524 1000.0 5346191.166 1851.205 3.8347 0 0 0 
3240000 3534 1000.0 5366721.101 1874.247 3.8376 0 0 0 
3250000 3544 1000.0 5388133.773 1913.46 3.8335 0 0 0 
3260000 3554 1000.0 5408295.209 1933.967 3.8341 0 0 0 
3270000 3564 1000.0 5428360.802 1945.015 3.8179 0 0 0 
3280000 3574 1000.0 5447303.512 1934.771 3.8265 0 0 0 
3290000 3584 1000.0 5465122.136 1904.402 3.837 0 0 0 
3300000 3594 1000.0 5483924.555 1915.709 3.8314 0 0 0 
3310000 3604 1000.0 5499480.155 1835.821 3.8375 0 0 0 
3320000 3614 1000.0 5518709.269 1860.166 3.8283 0 0 0 
3330000 3624 1000.0 5536405.48 1836.793 3.8321 0 0 0 
3340000 3634 1000.0 5555997.49 1870.467 3.8361 0 0 0 
3350000 3644 1000.0 5575858.014 1879.647 3.8343 0 0 0 
3360000 3654 1000.0 5594130.693 1877.084 3.8292 0 0 0 
3370000 3664 1000.0 5614533.688 1898.565 3.8307 0 0 0 
3380000 3674 1000.0 5634016.343 1929.738 3.8324 0 0 0 
3390000 3684 1000.0 5655145.925 1942.584 3.8369 0 0 0 
3400000 3694 1000.0 5676637.4 1984.609 3.8269 0 0 0 
3410000 3704 1000.0 5697259.757 1999.366 3.8268 0 0 0 
3420000 3714 1000.0 5719439.756 2038.401 3.8279 0 0 0 
3430000 3724 1000.0 5740534.852 2053.172 3.8153 0 0 0 
3440000 3734 1000.0 5762020.352 2069.857 3.8206 0 0 0 
3450000 3744 1000.0 5782856.611 2071.051 3.8245 0 0 0 
3460000 3754 1000.0 5805357.312 2101.741 3.8272 0 0 0 
3470000 3764 1000.0 5823861.063 2064.287 3.8343 0 0 0 
3480000 3774 1000.0 5842729.064 2035.0 3.8391 0 0 0 
3490000 3784 1000.0 5860381.205 1978.933 3.847 0 0 0 
3500000 3794 1000.0 5880039.95 1983.625 3.8281 0 0 0 
3510000 3804 1000.0 5898876.823 1963.5 3.8284 0 0 0 
3520000 3814 1000.0 5919662.826 1983.612 3.8282 0 0 0 
3530000 3824 1000.0 5938541.139 1965.363 3.8291 0 0 0 
3540000 3834 1000.0 5956502.893 1932.243 3.839 0 0 0 
3550000 3844 1000.0 5971496.592 1877.805 3.8402 0 0 0 
3560000 3854 1000.0 5991460.832 1871.358 3.8403 0 0 0 
3570000 3864 1000.0 6010321.558 1877.357 3.8419 0 0 0 
3580000 3874 1000.0 6030370.894 1897.931 3.8402 0 0 0 
3590000 3884 1000.0 6049170.202 1895.529 3.8394 0 0 0 
3600000 3894 1000.0 6069452.414 1919.472 3.8402 0 0 0 
3610000 3904 1000.0 6089172.357 1928.725 3.8426 0 0 0 
3620000 3914 1000.0 6108295.362 1951.159 3.8408 0 0 0 
3630000 3924 1000.0 6124720.639 1890.917 3.8469 0 0 0 
3640000 3934 1000.0 6144372.626 1888.164 3.8503 0 0 0 
3650000 3944 1000.0 6164416.796 1907.8 3.8508 0 0 0 
3660000 3954 1000.0 6186485.878 1977.899 3.8488 0 0 0 
3670000 3964 1000.0 6208124.906 2002.502 3.8553 0 0 0 
3680000 3974 1000.0 6227755.842 1997.921 3.8558 0 0 0 
3690000 3984 1000.0 6248508.541 2009.75 3.8558 0 0 0 
3700000 3994 1000.0 6268480.607 2003.644 3.8541 0 0 0 
3710000 4004 1000.0 6290560.292 2044.007 3.8477 0 0 0 
3720000 4014 1000.0 6311462.5 2050.195 3.8362 0 0 0 
3730000 4024 1000.0 6332082.668 2053.248 3.8407 0 0 0 
3740000 4034 1000.0 6354515.886 2087.872 3.8336 0 0 0 
3750000 4044 1000.0 6376328.794 2102.513 3.8289 0 0 0 
3760000 4054 1000.0 6397505.952 2128.59 3.8351 0 0 0 
3770000 4064 1000.0 6415935.627 2060.413 3.8365 0 0 0 
3780000 4074 1000.0 6430188.861 1973.146 3.845 0 0 0 
3790000 4084 1000.0 6445688.892 1882.477 3.8443 0 0 0 
3800000 4094 1000.0 6462517.046 1844.771 3.8459 0 0 0 
3810000 4104 1000.0 6474902.392 1725.344 3.8492 0 0 0 
3820000 4114 1000.0 6495739.004 1790.819 3.8497 0 0 0 
3830000 4124 1000.0 6516441.055 1840.795 3.8419 0 0 0 
3840000 4134 1000.0 6537066.174 1881.708 3.8434 0 0 0 
3850000 4144 1000.0 6551607.225 1834.152 3.8457 0 0 0 
3860000 4154 1000.0 6562904.48 1704.564 3.8581 0 0 0 
3870000 4164 1000.0 6579785.807 1705.154 3.8529 0 0 0 
3880000 4174 1000.0 6595647.542 1688.319 3.838 0 0 0 
3890000 4184 1000.0 6610149.432 1640.294 3.844 0 0 0 
3900000 4194 1000.0 6621136.044 1527.552 3.8553 0 0 0 
3910000 4204 1000.0 6628776.928 1409.072 3.8655 0 0 0 
3920000 4214 1000.0 6642020.657 1368.57 3.875 0 0 0 
3930000 4224 1000.0 6661418.82 1473.531 3.8672 0 0 0 
3940000 4234 1000.0 6677225.209 1514.326 3.8699 0 0 0 
3950000 4244 1000.0 6690391.303 1478.879 3.8723 0 0 0 
3960000 4255 985.241 6708465.005 1493.057 3.8143 0 0 0 
3970000 4265 987.941 6723918.787 1525.51 3.8208 0 0 0 
3980000 4275 990.147 6738893.157 1522.024 3.8347 0 0 0 
3990000 4285 991.949 6756124.443 1544.507 3.8454 0 0 0 
4000000 4295 993.422 6773894.55 1586.64 3.8499 0 0 0 
