10000 442 23.092 3340.64 7.834 0.0283 0 0 0 
20000 879 22.752 6629.369 7.765 0.0279 0 0 0 
30000 1366 22.111 12121.968 18.325 0.0765 0 0 0 
40000 1932 18.781 20358.895 16.005 0.065 0 0 0 
50000 2335 29.72 28696.893 23.144 0.1037 0 0 0 
60000 2589 40.608 36259.189 31.004 0.1409 0 0 0 
70000 2777 55.173 43516.475 40.76 0.1943 0 0 0 
80000 2978 58.781 50828.743 41.838 0.2073 0 0 0 
90000 3152 58.084 59048.209 46.927 0.2073 0 0 0 
100000 3370 60.348 67557.037 48.359 0.2135 0 0 0 
110000 3465 102.204 74754.397 73.453 0.3596 0 0 0 
120000 3571 81.951 82321.79 64.997 0.2885 0 0 0 
130000 3706 72.959 90766.44 61.836 0.2563 0 0 0 
140000 3840 71.525 99178.213 60.678 0.2501 0 0 0 
150000 3990 68.83 107718.104 58.627 0.2409 0 0 0 
160000 4131 68.863 116419.747 59.869 0.2427 0 0 0 
170000 4287 63.991 124757.241 53.323 0.2255 0 0 0 
180000 4404 88.127 132977.723 71.876 0.3118 0 0 0 
190000 4483 129.884 141196.342 107.285 0.4587 0 0 0 
200000 4529 176.352 148543.983 135.56 0.6228 0 0 0 
210000 4569 222.254 155507.291 160.906 0.7895 0 0 0 
220000 4596 274.596 162546.687 196.298 0.9729 0 0 0 
230000 4612 372.329 169486.65 261.163 1.3245 0 0 0 
240000 4633 411.954 176765.851 294.857 1.4679 0 0 0 
250000 4662 381.401 182788.66 255.472 1.3588 0 0 0 
260000 4682 420.337 188385.817 262.732 1.5027 0 0 0 
270000 4696 494.966 194138.819 300.009 1.7646 0 0 0 
280000 4708 570.721 200333.52 348.893 2.0355 0 0 0 
290000 4719 628.438 206833.306 390.608 2.2412 0 0 0 
300000 4740 568.249 213466.315 359.213 2.0257 0 0 0 
310000 4758 557.379 220113.726 357.148 1.9807 0 0 0 
320000 4771 603.574 227043.953 395.744 2.1464 0 0 0 
330000 4783 664.07 233598.976 435.435 2.3648 0 0 0 
340000 4794 699.189 240207.499 459.483 2.4963 0 0 0 
350000 4806 735.751 246793.93 484.444 2.6168 0 0 0 
360000 4823 687.144 253384.68 451.887 2.4457 0 0 0 
370000 4836 707.476 259638.303 458.921 2.5253 0 0 0 
380000 4848 737.52 265955.071 475.733 2.6266 0 0 0 
390000 4861 741.714 272124.84 473.459 2.6412 0 0 0 
400000 4872 771.833 278435.873 491.815 2.7492 0 0 0 
410000 4883 802.968 285020.233 515.94 2.8543 0 0 0 
420000 4893 839.011 291663.845 542.125 2.9875 0 0 0 
430000 4905 841.712 298398.253 548.919 2.9993 0 0 0 
440000 4915 861.539 305184.193 565.074 3.0687 0 0 0 
450000 4927 860.301 312085.039 571.433 3.0647 0 0 0 
460000 4945 755.354 318328.754 495.127 2.6903 0 0 0 
470000 4965 660.387 324764.702 430.76 2.3531 0 0 0 
480000 4983 639.445 331289.919 416.623 2.284 0 0 0 
490000 4994 686.235 337638.516 444.497 2.455 0 0 0 
500000 5012 663.512 344130.671 429.93 2.3762 0 0 0 
510000 5055 397.798 349889.698 248.853 1.4295 0 0 0 
520000 5073 456.459 355874.124 280.331 1.6435 0 0 0 
530000 5102 409.452 362763.035 261.272 1.4707 0 0 0 
540000 5118 453.099 369026.566 288.492 1.6282 0 0 0 
550000 5140 466.148 375713.63 299.807 1.6748 0 0 0 
560000 5152 544.217 382202.356 351.508 1.9538 0 0 0 
570000 5166 590.715 388731.546 382.851 2.1223 0 0 0 
580000 5179 625.29 394998.519 401.277 2.2478 0 0 0 
590000 5191 660.304 401524.874 427.74 2.3757 0 0 0 
600000 5208 646.465 408213.687 421.699 2.3287 0 0 0 
610000 5233 549.468 414708.316 357.659 1.973 0 0 0 
620000 5248 586.436 420803.087 374.127 2.1031 0 0 0 
630000 5269 548.384 427611.35 357.219 1.9595 0 0 0 
640000 5291 519.902 433871.436 333.294 1.8588 0 0 0 
650000 5305 563.52 440390.149 364.194 2.0172 0 0 0 
660000 5321 571.816 447653.485 381.229 2.0528 0 0 0 
670000 5337 587.486 455176.199 406.358 2.0958 0 0 0 
680000 5367 477.069 462317.867 333.87 1.7039 0 0 0 
690000 5388 471.877 468643.231 319.431 1.6811 0 0 0 
700000 5399 555.272 474298.921 357.791 1.9785 0 0 0 
710000 5411 613.761 480385.841 386.586 2.1894 0 0 0 
720000 5423 660.525 487240.804 427.255 2.3529 0 0 0 
730000 5437 678.54 493797.497 440.216 2.4085 0 0 0 
740000 5458 592.415 498986.864 363.263 2.1113 0 0 0 
750000 5474 608.191 505832.667 386.576 2.1647 0 0 0 
760000 5486 656.165 512364.523 420.467 2.3415 0 0 0 
770000 5497 710.751 517852.257 439.275 2.5455 0 0 0 
780000 5509 738.814 524139.799 457.938 2.6509 0 0 0 
790000 5521 755.912 531075.147 481.666 2.694 0 0 0 
800000 5540 674.929 537550.103 432.438 2.402 0 0 0 
810000 5559 634.629 543967.737 406.701 2.265 0 0 0 
820000 5576 611.72 550278.01 392.433 2.1841 0 0 0 
830000 5591 628.935 555404.325 380.37 2.2543 0 0 0 
840000 5609 610.849 561891.379 378.076 2.1901 0 0 0 
850000 5623 622.074 568125.275 386.852 2.2407 0 0 0 
860000 5642 587.185 574761.221 371.626 2.1144 0 0 0 
870000 5660 588.399 580982.477 368.8 2.1193 0 0 0 
880000 5699 392.246 586669.448 237.654 1.4077 0 0 0 
890000 5720 413.325 592849.692 250.588 1.4811 0 0 0 
900000 5745 412.645 598851.241 252.473 1.4794 0 0 0 
910000 5790 297.552 604751.007 178.305 1.0698 0 0 0 
920000 5805 396.713 611334.125 248.743 1.4287 0 0 0 
930000 5835 366.615 617890.927 234.603 1.3202 0 0 0 
940000 5848 445.053 625004.347 296.564 1.6027 0 0 0 
950000 5863 504.836 632186.991 345.749 1.8026 0 0 0 
960000 5893 421.187 639659.297 296.88 1.5013 0 0 0 
970000 5954 248.134 646484.023 171.46 0.8873 0 0 0 
980000 5972 344.089 653330.885 238.306 1.2272 0 0 0 
990000 6006 328.517 659843.998 219.229 1.1635 0 0 0 
1000000 6024 396.971 665450.149 247.554 1.4092 0 0 0 
1010000 6037 488.353 672298.334 316.146 1.7337 0 0 0 
1020000 6047 581.947 679538.618 390.215 2.0631 0 0 0 
1030000 6058 640.507 687362.278 449.553 2.2754 0 0 0 
1040000 6070 672.877 694751.241 477.698 2.4008 0 0 0 
1050000 6085 676.686 702686.142 496.069 2.4156 0 0 0 
1060000 6098 701.0 709327.913 502.792 2.5069 0 0 0 
1070000 6108 747.221 716843.61 542.028 2.6724 0 0 0 
1080000 6122 740.99 723165.582 521.566 2.654 0 0 0 
1090000 6132 788.37 729400.426 540.639 2.8315 0 0 0 
1100000 6143 818.099 735566.301 548.021 2.9344 0 0 0 
1110000 6154 821.995 741169.031 533.844 2.9515 0 0 0 
1120000 6167 820.151 747439.324 525.966 2.9375 0 0 0 
1130000 6177 845.83 755237.286 566.73 3.027 0 0 0 
1140000 6188 851.672 762513.669 581.583 3.0467 0 0 0 
1150000 6205 786.389 770405.734 554.697 2.8162 0 0 0 
1160000 6220 743.178 777106.195 520.937 2.6641 0 0 0 
1170000 6257 472.539 784391.351 334.508 1.6973 0 0 0 
1180000 6279 468.645 790927.891 324.054 1.6837 0 0 0 
1190000 6301 472.828 797946.911 327.437 1.7051 0 0 0 
1200000 6320 487.936 804882.65 341.115 1.762 0 0 0 
1210000 6341 491.589 811790.22 339.799 1.7749 0 0 0 
1220000 6354 544.97 818736.156 377.203 1.9671 0 0 0 
1230000 6369 590.777 825414.401 403.596 2.1328 0 0 0 
1240000 6385 593.236 832123.446 403.481 2.1392 0 0 0 
1250000 6396 651.227 838291.102 432.659 2.3466 0 0 0 
1260000 6414 606.65 846472.277 427.026 2.181 0 0 0 
1270000 6441 519.751 854052.788 374.618 1.8649 0 0 0 
1280000 6455 555.013 860417.707 385.409 1.9968 0 0 0 
1290000 6475 548.838 867459.028 383.16 1.9675 0 0 0 
1300000 6502 462.534 874739.154 328.219 1.6616 0 0 0 
1310000 6529 419.631 881278.692 288.819 1.5092 0 0 0 
1320000 6575 300.808 888427.542 212.432 1.0777 0 0 0 
1330000 6589 405.368 895399.941 284.23 1.4557 0 0 0 
1340000 6600 491.04 901933.406 337.609 1.7606 0 0 0 
1350000 6614 557.768 907585.442 360.192 2.005 0 0 0 
1360000 6629 579.635 914517.063 381.586 2.0801 0 0 0 
1370000 6648 559.944 921196.108 368.63 2.0075 0 0 0 
1380000 6663 588.28 928969.396 409.098 2.1089 0 0 0 
1390000 6676 622.12 937208.454 453.211 2.2293 0 0 0 
1400000 6687 678.508 945632.403 516.743 2.4299 0 0 0 
1410000 6699 713.517 953141.462 543.295 2.5537 0 0 0 
1420000 6710 753.797 959827.114 555.991 2.7073 0 0 0 
1430000 6721 792.033 966695.786 575.216 2.8501 0 0 0 
1440000 6733 805.8 974060.255 586.696 2.9 0 0 0 
1450000 6744 810.541 981071.01 587.209 2.9181 0 0 0 
1460000 6758 782.593 988062.505 562.999 2.818 0 0 0 
1470000 6772 785.297 995471.271 568.61 2.8267 0 0 0 
1480000 6789 725.39 1002510.679 522.871 2.6056 0 0 0 
1490000 6805 679.783 1010679.056 508.788 2.4313 0 0 0 
1500000 6822 657.39 1019070.147 501.042 2.353 0 0 0 
1510000 6840 622.3 1028077.078 500.816 2.2292 0 0 0 
1520000 6855 636.425 1036696.506 520.018 2.2857 0 0 0 
1530000 6872 625.715 1045165.427 516.484 2.2441 0 0 0 
1540000 6890 600.517 1052346.524 481.191 2.1495 0 0 0 
1550000 6906 606.406 1061134.611 496.044 2.1668 0 0 0 
1560000 6916 678.405 1067038.758 514.056 2.4311 0 0 0 
1570000 6950 475.834 1074307.901 360.278 1.7078 0 0 0 
1580000 7011 262.939 1084031.568 224.068 0.9426 0 0 0 
1590000 7040 311.063 1092805.512 268.669 1.1167 0 0 0 
1600000 7067 329.101 1101421.277 284.773 1.1817 0 0 0 
1610000 7083 410.156 1108226.002 324.02 1.4779 0 0 0 
1620000 7130 303.319 1118846.487 280.535 1.0867 0 0 0 
1630000 7150 368.666 1129168.05 358.101 1.3182 0 0 0 
1640000 7166 432.66 1137808.321 400.67 1.56 0 0 0 
1650000 7177 520.592 1147115.647 482.212 1.8773 0 0 0 
1660000 7187 608.288 1157832.28 589.68 2.1913 0 0 0 
1670000 7199 660.479 1168593.601 660.946 2.3738 0 0 0 
1680000 7209 722.587 1177843.611 707.878 2.5975 0 0 0 
1690000 7219 773.333 1188894.527 783.662 2.7774 0 0 0 
1700000 7230 804.905 1199213.471 817.333 2.8986 0 0 0 
1710000 7242 805.267 1208616.742 801.632 2.8942 0 0 0 
1720000 7254 818.718 1218338.16 813.719 2.933 0 0 0 
1730000 7264 847.82 1226895.159 821.356 3.0368 0 0 0 
1740000 7275 865.766 1235589.145 817.327 3.1082 0 0 0 
1750000 7286 860.652 1243429.129 787.735 3.0981 0 0 0 
1760000 7300 840.96 1253628.943 787.813 3.0287 0 0 0 
1770000 7311 844.167 1264978.601 822.03 3.0379 0 0 0 
1780000 7323 838.915 1271881.724 771.576 3.0246 0 0 0 
1790000 7334 858.064 1278844.229 748.912 3.0929 0 0 0 
1800000 7348 815.757 1286707.475 696.314 2.9478 0 0 0 
1810000 7362 792.158 1295082.965 669.392 2.8672 0 0 0 
1820000 7381 705.909 1305862.461 634.015 2.5552 0 0 0 
1830000 7402 613.916 1314436.997 552.814 2.2231 0 0 0 
1840000 7416 653.383 1324741.87 610.345 2.3597 0 0 0 
1850000 7440 559.099 1335144.186 540.686 2.0199 0 0 0 
1860000 7459 549.066 1345213.397 542.426 1.9863 0 0 0 
1870000 7473 596.186 1356029.684 602.047 2.1693 0 0 0 
1880000 7487 627.509 1366523.647 639.95 2.3696 0 0 0 
1890000 7501 647.68 1377017.927 665.392 2.5324 0 0 0 
1900000 7513 674.63 1388882.268 720.298 2.61 0 0 0 
1910000 7528 680.921 1400250.867 739.651 2.7852 0 0 0 
1920000 7542 681.671 1410095.443 724.375 2.8449 0 0 0 
1930000 7557 683.519 1418909.886 692.137 2.754 0 0 0 
1940000 7572 657.29 1426263.611 624.412 2.5885 0 0 0 
1950000 7583 711.578 1431863.289 604.493 2.7412 0 0 0 
1960000 7597 710.93 1440972.431 607.255 2.7027 0 0 0 
1970000 7615 673.919 1449535.436 579.962 2.538 0 0 0 
1980000 7626 707.886 1458881.769 623.991 2.6473 0 0 0 
1990000 7641 698.079 1468858.185 635.847 2.585 0 0 0 
2000000 7655 704.472 1481203.306 698.305 2.5953 0 0 0 
2010000 7670 686.268 1493303.646 711.155 2.5946 0 0 0 
2020000 7700 513.129 1503518.933 531.465 1.9775 0 0 0 
2030000 7724 475.572 1512441.775 470.673 1.8279 0 0 0 
2040000 7746 464.12 1522001.508 454.794 1.7541 0 0 0 
2050000 7758 549.802 1530927.268 521.686 2.0481 0 0 0 
2060000 7777 533.443 1539153.364 489.778 1.9646 0 0 0 
2070000 7810 430.059 1546964.857 372.328 1.5731 0 0 0 
2080000 7825 498.31 1557080.148 458.858 1.8116 0 0 0 
2090000 7836 575.099 1567048.964 543.458 2.0799 0 0 0 
2100000 7848 634.901 1576930.614 606.654 2.2921 0 0 0 
2110000 7863 639.377 1587784.688 640.901 2.3019 0 0 0 
2120000 7875 677.614 1599491.168 701.872 2.435 0 0 0 
2130000 7891 669.802 1611034.093 717.954 2.4041 0 0 0 
2140000 7904 695.2 1624253.153 789.755 2.4893 0 0 0 
2150000 7916 730.908 1637924.802 871.815 2.6179 0 0 0 
2160000 7927 762.761 1648874.981 890.669 2.7341 0 0 0 
2170000 7939 781.067 1660829.959 917.109 2.7982 0 0 0 
2180000 7952 777.031 1671951.645 902.975 2.7909 0 0 0 
2190000 7965 765.056 1682561.81 868.013 2.7413 0 0 0 
2200000 7985 684.954 1693837.779 776.954 2.4893 0 0 0 
2210000 8002 657.216 1702310.845 697.45 2.3843 0 0 0 
2220000 8020 620.44 1710820.879 625.148 2.2477 0 0 0 
2230000 8034 650.066 1719367.987 626.314 2.3492 0 0 0 
2240000 8049 653.519 1728888.206 627.63 2.3629 0 0 0 
2250000 8060 695.049 1740284.908 710.306 2.5043 0 0 0 
2260000 8079 640.817 1750542.708 641.851 2.3112 0 0 0 
2270000 8090 694.818 1763650.09 754.191 2.5038 0 0 0 
2280000 8100 747.344 1777801.161 870.253 2.6822 0 0 0 
2290000 8112 771.06 1791745.791 942.665 2.7661 0 0 0 
2300000 8123 789.477 1806163.205 1000.435 2.8352 0 0 0 
2310000 8136 800.656 1819812.823 1035.451 2.8764 0 0 0 
2320000 8148 790.607 1833211.353 1029.086 2.8402 0 0 0 
2330000 8159 827.551 1846126.22 1078.855 2.9684 0 0 0 
2340000 8169 854.26 1858131.817 1094.092 3.0668 0 0 0 
2350000 8180 871.568 1872400.227 1144.594 3.1302 0 0 0 
2360000 8191 865.685 1886742.207 1157.52 3.1059 0 0 0 
2370000 8205 839.095 1899970.689 1119.749 3.0123 0 0 0 
2380000 8216 851.989 1913123.551 1132.201 3.0662 0 0 0 
2390000 8230 814.159 1924260.398 1044.724 2.9271 0 0 0 
2400000 8244 791.441 1937950.401 1029.27 2.8487 0 0 0 
2410000 8256 799.581 1952189.687 1068.971 2.8821 0 0 0 
2420000 8268 800.674 1963842.73 1032.556 2.879 0 0 0 
2430000 8279 827.02 1978488.366 1097.217 2.9705 0 0 0 
2440000 8289 855.444 1993580.771 1168.002 3.0754 0 0 0 
2450000 8299 881.887 2008346.596 1224.279 3.1742 0 0 0 
2460000 8316 801.927 2022569.715 1121.47 2.8947 0 0 0 
2470000 8329 784.841 2036738.469 1100.577 2.8409 0 0 0 
2480000 8343 777.074 2049149.727 1061.412 2.8146 0 0 0 
2490000 8355 791.406 2062777.007 1080.871 2.8638 0 0 0 
2500000 8366 806.878 2076288.105 1099.821 2.9161 0 0 0 
2510000 8376 842.206 2090212.259 1152.06 3.0489 0 0 0 
2520000 8386 863.434 2103970.045 1187.766 3.1208 0 0 0 
2530000 8401 811.218 2115940.985 1083.874 2.9342 0 0 0 
2540000 8418 757.752 2126835.406 967.03 2.7458 0 0 0 
2550000 8431 758.877 2139697.897 969.719 2.7346 0 0 0 
2560000 8444 766.24 2150803.069 951.198 2.7673 0 0 0 
2570000 8457 771.026 2164582.338 982.364 2.7888 0 0 0 
2580000 8469 780.249 2176518.348 980.068 2.824 0 0 0 
2590000 8484 745.609 2188707.919 928.214 2.6967 0 0 0 
2600000 8497 737.398 2198350.344 862.766 2.6712 0 0 0 
2610000 8512 733.471 2211534.185 888.474 2.6617 0 0 0 
2620000 8525 736.366 2224376.246 902.639 2.6724 0 0 0 
2630000 8538 734.93 2237492.488 912.424 2.6672 0 0 0 
2640000 8550 758.823 2247744.503 907.729 2.7622 0 0 0 
2650000 8563 766.858 2257711.303 882.985 2.7874 0 0 0 
2660000 8575 778.235 2265907.196 837.296 2.8322 0 0 0 
2670000 8585 815.433 2275704.515 856.724 2.9667 0 0 0 
2680000 8598 804.113 2286818.124 858.684 2.9279 0 0 0 
2690000 8609 840.629 2298368.752 911.847 3.0572 0 0 0 
2700000 8620 845.615 2310711.135 942.004 3.0692 0 0 0 
2710000 8631 851.545 2322694.06 963.548 3.0876 0 0 0 
2720000 8646 800.238 2334431.137 912.205 2.9006 0 0 0 
2730000 8666 712.846 2344706.304 792.72 2.5753 0 0 0 
2740000 8696 533.302 2355110.609 582.52 1.93 0 0 0 
2750000 8717 517.173 2366516.474 573.359 1.8756 0 0 0 
2760000 8737 513.137 2378194.527 580.827 1.8603 0 0 0 
2770000 8750 566.473 2387041.015 600.749 2.0526 0 0 0 
2780000 8766 588.192 2398874.91 638.247 2.1327 0 0 0 
2790000 8783 585.073 2411663.774 667.852 2.1137 0 0 0 
2800000 8797 619.686 2424230.527 727.404 2.2385 0 0 0 
2810000 8815 602.082 2436413.755 713.578 2.1757 0 0 0 
2820000 8827 644.787 2449617.441 787.787 2.3329 0 0 0 
2830000 8840 682.183 2463033.652 854.566 2.473 0 0 0 
2840000 8854 686.273 2475841.884 863.484 2.4899 0 0 0 
2850000 8865 718.086 2488199.673 899.868 2.6106 0 0 0 
2860000 8876 755.521 2499810.649 928.485 2.7464 0 0 0 
2870000 8889 769.588 2510752.395 920.834 2.8005 0 0 0 
2880000 8899 809.619 2522680.623 967.509 2.9395 0 0 0 
2890000 8910 837.036 2534744.234 1005.081 3.0509 0 0 0 
2900000 8920 851.303 2547248.465 1031.775 3.0901 0 0 0 
2910000 8931 875.765 2559404.946 1060.894 3.1734 0 0 0 
2920000 8942 873.38 2570391.318 1039.75 3.161 0 0 0 
2930000 8953 882.601 2581196.994 1028.8 3.1952 0 0 0 
2940000 8965 872.212 2592898.655 1014.63 3.1626 0 0 0 
2950000 8980 825.472 2603312.969 941.494 2.988 0 0 0 
2960000 8998 736.149 2613525.509 818.407 2.6703 0 0 0 
2970000 9018 665.811 2624503.178 736.494 2.4214 0 0 0 
2980000 9030 705.395 2635494.997 783.467 2.5675 0 0 0 
2990000 9041 749.855 2648491.627 866.894 2.7365 0 0 0 
3000000 9051 787.47 2659824.524 904.638 2.8734 0 0 0 
3010000 9064 792.618 2670372.621 897.227 2.8977 0 0 0 
3020000 9075 803.944 2682118.177 917.66 2.9419 0 0 0 
3030000 9086 832.354 2694414.94 965.785 3.0464 0 0 0 
3040000 9098 834.129 2707425.544 994.687 3.0529 0 0 0 
3050000 9118 706.723 2720200.979 853.952 2.5817 0 0 0 
3060000 9145 572.56 2732372.68 694.222 2.0938 0 0 0 
3070000 9159 614.454 2745467.422 761.131 2.246 0 0 0 
3080000 9176 608.034 2758371.448 763.963 2.2183 0 0 0 
3090000 9194 598.884 2770314.424 740.698 2.1828 0 0 0 
3100000 9209 617.782 2783721.876 782.457 2.2487 0 0 0 
3110000 9220 669.615 2796439.68 848.808 2.4398 0 0 0 
3120000 9232 696.215 2809757.709 893.756 2.5324 0 0 0 
3130000 9245 716.495 2822805.146 922.6 2.6012 0 0 0 
3140000 9258 730.574 2836465.756 954.55 2.6533 0 0 0 
3150000 9274 700.626 2848495.831 901.18 2.5467 0 0 0 
3160000 9291 676.131 2856455.991 782.702 2.4713 0 0 0 
3170000 9312 602.493 2866369.989 674.665 2.2037 0 0 0 
3180000 9326 632.09 2875092.377 662.709 2.3144 0 0 0 
3190000 9348 567.36 2886291.447 606.753 2.0704 0 0 0 
3200000 9361 618.461 2897302.267 667.376 2.2532 0 0 0 
3210000 9377 615.654 2908056.234 663.64 2.2396 0 0 0 
3220000 9389 666.564 2918308.783 709.261 2.4241 0 0 0 
3230000 9401 700.848 2928614.306 739.365 2.5521 0 0 0 
3240000 9414 704.049 2941052.009 773.331 2.5683 0 0 0 
3250000 9427 727.331 2951740.628 797.117 2.6576 0 0 0 
3260000 9438 757.423 2962537.908 823.038 2.7694 0 0 0 
3270000 9450 776.803 2975596.732 887.304 2.8414 0 0 0 
3280000 9461 797.287 2988858.979 942.164 2.9078 0 0 0 
3290000 9477 756.653 3001549.99 910.541 2.7511 0 0 0 
3300000 9495 699.316 3013392.388 837.877 2.54 0 0 0 
3310000 9513 650.863 3022417.036 725.956 2.3657 0 0 0 
3320000 9555 415.541 3033438.801 462.662 1.511 0 0 0 
3330000 9592 333.103 3043934.293 360.968 1.215 0 0 0 
3340000 9621 339.626 3055055.663 372.558 1.2414 0 0 0 
3350000 9642 382.536 3063128.278 371.496 1.4001 0 0 0 
3360000 9654 478.43 3071136.771 432.75 1.7425 0 0 0 
3370000 9666 561.052 3081047.789 527.11 2.0424 0 0 0 
3380000 9677 617.715 3092005.338 602.999 2.246 0 0 0 
3390000 9689 667.504 3103057.267 678.831 2.4213 0 0 0 
3400000 9702 685.969 3114816.626 724.137 2.4861 0 0 0 
3410000 9717 691.192 3127469.332 768.358 2.5033 0 0 0 
3420000 9728 720.855 3139808.491 819.286 2.6115 0 0 0 
3430000 9745 691.804 3151914.349 800.117 2.5079 0 0 0 
3440000 9757 725.857 3161973.404 812.939 2.6255 0 0 0 
3450000 9771 722.684 3173845.351 821.995 2.6139 0 0 0 
3460000 9785 707.567 3185696.619 811.687 2.5647 0 0 0 
3470000 9800 705.728 3195948.572 790.12 2.5608 0 0 0 
3480000 9814 706.281 3206131.247 770.184 2.5688 0 0 0 
3490000 9829 697.712 3217336.032 769.568 2.5312 0 0 0 
3500000 9842 712.524 3226852.413 756.53 2.5901 0 0 0 
3510000 9856 714.526 3237717.987 763.633 2.6 0 0 0 
3520000 9870 703.423 3249414.861 767.647 2.5613 0 0 0 
3530000 9883 721.394 3261131.748 805.408 2.6261 0 0 0 
3540000 9898 707.467 3272584.991 793.405 2.5677 0 0 0 
3550000 9915 679.952 3284152.802 767.867 2.4716 0 0 0 
3560000 9928 686.984 3296564.267 792.765 2.4933 0 0 0 
3570000 9940 722.157 3308421.19 845.296 2.6229 0 0 0 
3580000 9953 746.447 3320797.843 880.018 2.79 0 0 0 
3590000 9963 784.361 3332290.628 926.673 2.958 0 0 0 
3600000 9976 791.326 3341693.907 889.383 2.9647 0 0 0 
3610000 9989 773.158 3355729.252 914.716 2.8779 0 0 0 
3620000 10008 701.395 3369357.141 862.717 2.5991 0 0 0 
3630000 10020 721.637 3381630.802 886.089 2.6678 0 0 0 
3640000 10034 720.741 3394939.533 906.321 2.6527 0 0 0 
3650000 10050 688.253 3405648.203 828.992 2.5329 0 0 0 
3660000 10064 691.665 3416131.139 815.772 2.5403 0 0 0 
3670000 10079 693.277 3427029.087 796.472 2.5435 0 0 0 
3680000 10100 622.505 3437346.214 695.738 2.2804 0 0 0 
3690000 10113 651.267 3447375.145 708.151 2.3799 0 0 0 
3700000 10126 681.997 3457372.002 724.925 2.4923 0 0 0 
3710000 10141 684.395 3467487.889 718.873 2.5113 0 0 0 
3720000 10151 732.273 3478398.852 772.055 2.6869 0 0 0 
3730000 10166 714.122 3492212.983 810.954 2.6125 0 0 0 
3740000 10180 725.511 3504570.799 845.874 2.646 0 0 0 
3750000 10195 701.432 3516776.005 826.305 2.5521 0 0 0 
3760000 10209 713.694 3528641.623 843.536 2.5975 0 0 0 
3770000 10224 699.414 3541701.382 848.632 2.5316 0 0 0 
3780000 10244 631.015 3553575.642 761.583 2.291 0 0 0 
3790000 10258 656.692 3566219.08 803.992 2.3773 0 0 0 
3800000 10271 679.651 3580115.35 861.409 2.4618 0 0 0 
3810000 10282 725.115 3594093.76 940.414 2.6252 0 0 0 
3820000 10298 691.891 3606324.103 882.773 2.5039 0 0 0 
3830000 10311 701.912 3618340.022 883.348 2.5455 0 0 0 
3840000 10326 704.216 3632464.942 913.382 2.5497 0 0 0 
3850000 10340 704.134 3643380.986 877.542 2.5624 0 0 0 
3860000 10354 698.491 3653267.855 824.831 2.5475 0 0 0 
3870000 10369 696.656 3663011.616 786.772 2.5436 0 0 0 
3880000 10388 639.363 3672275.266 687.894 2.3321 0 0 0 
3890000 10401 663.549 3682841.9 706.332 2.412 0 0 0 
3900000 10419 640.81 3693313.627 684.132 2.3321 0 0 0 
3910000 10447 516.135 3702663.625 528.727 1.8779 0 0 0 
3920000 10461 569.408 3710293.249 536.005 2.0796 0 0 0 
3930000 10473 627.128 3721582.871 625.79 2.2855 0 0 0 
3940000 10491 593.021 3732475.683 613.798 2.1598 0 0 0 
3950000 10514 538.34 3738433.146 484.016 1.9647 0 0 0 
3960000 10540 472.164 3747453.244 427.525 1.7238 0 0 0 
3970000 10578 360.608 3757918.507 347.131 1.3135 0 0 0 
3980000 10634 244.845 3768509.439 247.069 0.886 0 0 0 
3990000 10664 284.348 3780091.539 307.063 1.0263 0 0 0 
4000000 10685 357.913 3792242.412 410.473 1.2893 0 0 0 
