1000 11 16.779 -106.753 -1.913 0.0152 0.0 
2000 24 31.103 -260.775 -4.197 0.0288 0.0 
3000 35 42.954 -404.192 -5.984 0.0361 0.0 
4000 47 51.178 -521.104 -6.471 0.0393 0.0 
5000 60 58.068 -608.029 -6.836 0.0417 0.0 
6000 70 64.133 -712.676 -7.448 0.0432 0.0 
7000 81 70.492 -768.046 -7.007 0.0455 0.0 
8000 94 72.827 -847.144 -6.916 0.0452 0.0 
9000 105 76.055 -1006.27 -8.353 0.0935 0.0 
10000 115 80.812 -1227.164 -10.883 0.1503 0.0 
11000 125 83.883 -1413.542 -12.381 0.194 0.0 
12000 135 87.278 -1579.129 -13.088 0.2341 0.0 
13000 146 87.838 -1667.022 -12.145 0.2612 0.0 
14000 158 85.802 -1735.58 -10.583 0.2731 0.0 
15000 168 88.448 -1842.132 -10.633 0.2984 0.0 
16000 181 86.908 -1959.946 -10.462 0.3069 0.0 
17000 192 86.678 -2102.373 -10.782 0.3156 0.0 
18000 204 86.756 -2188.432 -10.191 0.3298 0.0 
19000 214 89.032 -2249.009 -9.458 0.3432 0.0 
20000 225 89.687 -2419.29 -10.896 0.3493 0.0 
21000 235 89.955 -2649.631 -12.72 0.3535 0.0 
22000 244 94.008 -2825.606 -13.948 0.3726 0.0 
23000 254 95.155 -2876.296 -12.407 0.3813 0.0 
24000 267 92.481 -3004.701 -11.914 0.372 0.0 
25000 278 90.842 -3064.504 -10.518 0.3757 0.0 
26000 291 88.129 -3173.345 -10.156 0.501 0.0 
27000 304 84.701 -3227.525 -8.68 0.5401 0.0 
28000 317 83.977 -3337.648 -8.719 0.5956 0.0 
29000 326 86.355 -3439.117 -9.194 0.5817 0.0 
30000 334 93.093 -3646.75 -11.526 0.5901 0.0 
31000 343 95.712 -3790.927 -12.365 0.6179 0.0 
32000 352 98.477 -3870.414 -11.863 0.6231 0.0 
33000 362 98.687 -3957.352 -10.985 0.6755 0.0 
34000 374 96.147 -4189.434 -12.949 0.7465 0.0 
35000 387 91.706 -4370.664 -13.281 0.6978 0.0 
36000 401 87.178 -4527.129 -12.743 0.6605 0.0 
37000 413 86.005 -4575.793 -10.827 0.7222 0.0 
38000 424 87.216 -4688.483 -10.738 0.7658 0.0 
39000 434 89.195 -4917.539 -13.09 0.7054 0.0 
40000 443 92.761 -5099.969 -14.229 0.669 0.0 
41000 451 96.118 -5305.209 -15.742 0.643 0.0 
42000 460 99.502 -5430.089 -15.656 0.6244 0.0 
43000 471 98.85 -5608.72 -15.842 0.5927 0.0 
44000 481 97.854 -5745.846 -14.99 0.5594 0.0 
45000 494 93.601 -6015.616 -16.723 0.5107 0.0 
46000 507 90.174 -6125.864 -14.756 0.4676 0.0 
47000 518 89.341 -6242.298 -13.744 0.4428 0.0 
48000 531 86.845 -6426.844 -13.953 0.4143 0.0 
49000 545 82.921 -6551.764 -12.669 0.3831 0.0 
50000 558 81.801 -6608.093 -10.831 0.368 0.0 
51000 569 82.295 -6641.136 -9.059 0.3642 0.0 
52000 578 88.531 -6825.029 -11.164 0.3843 0.0 
53000 586 94.206 -6992.786 -12.623 0.4055 0.0 
54000 594 98.221 -7081.925 -12.203 0.4194 0.0 
55000 602 101.161 -7173.601 -12.301 0.4294 0.0 
56000 614 98.405 -7250.252 -11.042 0.4341 0.0 
57000 626 95.084 -7378.801 -10.832 0.4197 0.0 
58000 638 92.579 -7479.603 -10.442 0.4137 0.0 
59000 651 89.299 -7632.694 -10.745 0.4088 0.0 
60000 663 88.235 -7840.866 -12.174 0.3967 0.0 
61000 676 85.491 -8073.474 -13.46 0.3771 0.0 
62000 690 81.575 -8381.026 -15.455 0.3541 0.0 
63000 704 79.652 -8511.362 -14.102 0.3423 0.0 
64000 713 82.834 -8562.679 -12.632 0.3566 0.0 
65000 722 88.642 -8749.6 -14.048 0.3781 0.0 
66000 731 93.013 -8822.002 -13.078 0.4305 0.0 
67000 742 92.708 -8883.298 -11.589 0.4638 0.0 
68000 752 92.85 -8980.128 -11.085 0.4632 0.0 
69000 763 93.197 -9145.632 -11.975 0.4741 0.0 
70000 773 93.49 -9172.439 -10.3 0.4958 0.0 
71000 784 93.245 -9278.696 -10.226 0.4935 0.0 
72000 797 89.991 -9571.524 -13.113 0.4735 0.0 
73000 810 86.536 -9787.314 -13.828 0.447 0.0 
74000 823 84.038 -9888.819 -12.329 0.4274 0.0 
75000 836 82.272 -10019.308 -11.625 0.4132 0.0 
76000 849 82.245 -10105.083 -10.739 0.4059 0.0 
77000 859 85.693 -10300.171 -12.355 0.4177 0.0 
78000 867 90.384 -10451.712 -13.197 0.4374 0.0 
79000 877 93.023 -10546.298 -12.649 0.447 0.0 
80000 886 94.828 -10566.925 -10.849 0.4533 0.0 
81000 896 96.109 -10626.353 -9.972 0.4589 0.0 
82000 907 95.952 -10644.281 -8.315 0.4498 0.0 
83000 918 94.078 -10696.664 -7.41 0.4549 0.0 
84000 930 92.46 -10877.257 -9.242 0.4607 0.0 
85000 943 88.002 -10918.233 -7.83 0.4733 0.0 
86000 956 85.339 -11046.652 -8.251 0.474 0.0 
87000 970 82.697 -11182.338 -8.616 0.4707 0.0 
88000 984 79.938 -11254.767 -7.741 0.429 0.0 
89000 997 79.145 -11556.176 -11.382 0.4291 0.0 
90000 1006 83.632 -11818.059 -13.846 0.4473 0.0 
91000 1015 88.117 -11923.451 -14.024 0.4643 0.0 
92000 1026 89.35 -11982.208 -12.117 0.4551 0.0 
93000 1035 92.689 -12097.325 -12.375 0.4658 0.0 
94000 1046 92.921 -12246.677 -12.489 0.4629 0.0 
95000 1058 90.347 -12545.289 -14.888 0.4349 0.0 
96000 1072 86.707 -12970.126 -19.158 0.4021 0.0 
97000 1085 84.292 -13194.516 -18.694 0.3782 0.0 
98000 1097 84.013 -13263.94 -15.942 0.3661 0.0 
99000 1109 83.222 -13314.404 -13.39 0.3546 0.0 
100000 1122 81.581 -13379.78 -11.369 0.3526 0.0 
101000 1136 80.147 -13519.395 -11.147 0.3477 0.0 
