10000 579 17.363 3022.805 5.316 0.012 0.0 
20000 1163 17.193 6021.433 5.115 0.0117 0.0 
30000 1746 17.148 9097.536 5.255 0.0118 0.0 
40000 2330 17.3 12172.732 5.267 0.0118 0.0 
50000 2916 17.082 15314.234 5.685 0.0117 0.0 
60000 3497 17.247 18473.18 5.599 0.0118 0.0 
70000 4079 17.252 21685.421 5.463 0.0119 0.0 
80000 4663 17.034 24932.55 5.76 0.0117 0.0 
90000 5246 17.088 28187.067 5.671 0.0117 0.0 
100000 5831 17.224 31566.027 5.831 0.0117 0.0 
110000 6406 18.885 35638.062 11.266 0.1055 0.0 
120000 6871 23.068 42190.493 15.457 0.1277 0.0 
130000 7318 22.283 49315.005 16.337 0.1305 0.0 
140000 7772 21.97 56809.935 16.681 0.1282 0.0 
150000 8229 21.876 64169.988 15.999 0.126 0.0 
160000 8672 22.24 71539.423 16.279 0.1257 0.0 
170000 9027 28.679 78420.133 18.039 0.1606 0.0 
180000 9253 57.679 84859.065 35.894 0.3304 0.0 
190000 9377 85.56 91494.643 57.006 0.4789 0.0 
200000 9448 119.94 98579.366 86.826 0.6702 0.0 
210000 9560 88.199 106946.679 73.25 0.5104 0.0 
220000 9667 94.327 115520.266 79.787 0.5393 0.0 
230000 9807 70.046 124711.918 64.798 0.4079 0.0 
240000 9957 69.527 133890.466 63.566 0.4003 0.0 
250000 10075 88.98 142906.385 80.692 0.503 0.0 
260000 10169 103.895 151971.574 93.875 0.5901 0.0 
270000 10278 90.465 161338.53 84.845 0.4956 0.0 
280000 10390 89.834 170541.508 81.984 0.5235 0.0 
290000 10448 142.327 177560.043 106.666 0.8282 0.0 
300000 10465 285.484 184056.31 194.475 1.6392 0.0 
310000 10477 393.704 190967.897 268.178 2.2665 0.0 
320000 10492 464.463 198849.645 334.635 2.6678 0.0 
330000 10504 551.913 207422.288 423.748 3.164 0.0 
340000 10514 633.881 215634.935 496.427 3.613 0.0 
350000 10524 700.854 224514.986 568.247 3.9752 0.0 
360000 10534 755.576 233447.583 626.942 4.2857 0.0 
370000 10544 800.288 243023.41 687.388 4.5411 0.0 
380000 10555 813.984 253126.959 724.599 4.6097 0.0 
390000 10566 834.071 263340.698 767.154 4.7205 0.0 
400000 10577 844.838 274164.019 803.721 4.7742 0.0 
410000 10591 821.966 285005.14 807.41 4.6453 0.0 
420000 10602 835.663 296555.259 851.104 4.7164 0.0 
430000 10623 716.163 307870.514 748.882 4.0656 0.0 
440000 10658 490.483 318502.734 511.646 2.7941 0.0 
450000 10706 309.525 330110.657 337.04 1.7575 0.0 
460000 10747 265.565 342357.323 306.941 1.5108 0.0 
470000 10782 284.396 355270.269 350.269 1.618 0.0 
480000 10845 193.556 366538.577 225.986 1.0936 0.0 
490000 10881 246.74 378709.41 295.761 1.3994 0.0 
500000 10939 231.909 389919.358 273.409 1.3111 0.0 
510000 10955 356.422 403533.257 454.672 2.0076 0.0 
520000 10981 361.681 416762.987 469.206 2.0435 0.0 
530000 11009 365.487 430380.898 485.368 2.0635 0.0 
540000 11024 442.904 444835.512 608.158 2.502 0.0 
550000 11040 494.387 459194.864 689.727 2.7919 0.0 
560000 11063 470.365 472045.07 638.258 2.6513 0.0 
570000 11131 204.287 482099.165 236.233 1.1502 0.0 
580000 11157 281.319 493624.505 320.388 1.5978 0.0 
590000 11182 330.834 503550.369 350.756 1.879 0.0 
600000 11213 327.353 516278.185 381.732 1.8543 0.0 
610000 11235 369.838 529510.299 457.569 2.0926 0.0 
620000 11255 414.444 543835.257 544.018 2.3474 0.0 
630000 11270 475.038 557760.591 638.941 2.6922 0.0 
640000 11285 530.59 569317.916 675.146 3.0094 0.0 
650000 11300 554.112 583475.641 729.368 3.1497 0.0 
660000 11312 617.723 597776.02 832.961 3.5155 0.0 
670000 11325 655.689 611270.819 883.612 3.731 0.0 
680000 11336 699.754 625198.347 951.554 3.9597 0.0 
690000 11348 734.79 638856.031 1000.914 4.1572 0.0 
700000 11360 760.261 652001.814 1026.853 4.2948 0.0 
710000 11374 742.681 664885.562 994.96 4.2037 0.0 
720000 11404 538.866 672599.698 641.215 3.0494 0.0 
730000 11431 480.542 676305.93 433.952 2.7104 0.0 
740000 11443 558.613 682792.047 457.585 3.1721 0.0 
750000 11455 611.24 689065.685 468.272 3.4546 0.0 
760000 11482 506.983 696287.439 380.516 2.8839 0.0 
770000 11551 230.132 703690.602 173.076 1.3121 0.0 
780000 11594 242.953 712945.77 210.49 1.3893 0.0 
790000 11626 283.588 721726.77 246.216 1.6104 0.0 
800000 11639 394.638 731916.757 369.59 2.2381 0.0 
810000 11652 483.418 743023.324 484.25 2.7429 0.0 
820000 11669 513.111 753670.653 523.96 2.911 0.0 
830000 11683 550.987 764635.258 571.996 3.1268 0.0 
840000 11696 604.194 776609.103 653.113 3.4227 0.0 
850000 11707 667.853 789616.953 766.101 3.7938 0.0 
860000 11718 724.222 803820.27 879.941 4.1196 0.0 
870000 11729 753.326 817963.868 951.158 4.2825 0.0 
880000 11741 778.01 832666.889 1020.952 4.432 0.0 
890000 11753 787.426 847525.955 1064.559 4.4909 0.0 
900000 11764 812.774 862612.149 1128.765 4.6238 0.0 
910000 11776 805.449 876591.651 1115.506 4.5911 0.0 
920000 11787 831.232 890440.248 1153.043 4.7218 0.0 
930000 11805 750.457 903316.218 1021.226 4.2635 0.0 
940000 11815 796.105 917404.244 1090.937 4.5293 0.0 
950000 11825 823.11 930461.848 1122.105 4.6783 0.0 
960000 11839 811.553 942231.177 1069.476 4.6058 0.0 
970000 11849 831.402 955295.23 1093.489 4.7107 0.0 
980000 11861 845.001 967912.893 1100.496 4.7934 0.0 
990000 11872 844.656 980028.433 1083.002 4.7839 0.0 
1000000 11884 842.492 993526.864 1092.921 4.7703 0.0 
1010000 11900 787.42 1006129.093 1014.824 4.4529 0.0 
1020000 11911 816.976 1018619.098 1044.282 4.6219 0.0 
1030000 11923 812.771 1032673.507 1061.981 4.6031 0.0 
1040000 11934 831.96 1046199.403 1093.872 4.7096 0.0 
1050000 11948 810.538 1057747.04 1035.757 4.6116 0.0 
1060000 11959 815.422 1069464.204 1028.37 4.6221 0.0 
1070000 11974 782.461 1081032.587 968.279 4.4241 0.0 
1080000 11991 728.044 1090711.791 856.485 4.1253 0.0 
1090000 12003 755.609 1103345.663 902.019 4.2858 0.0 
1100000 12017 745.298 1116204.278 905.888 4.2255 0.0 
1110000 12028 763.394 1128453.419 929.05 4.3253 0.0 
1120000 12040 779.111 1139831.645 930.682 4.4154 0.0 
1130000 12061 681.992 1149510.432 779.618 3.8719 0.0 
1140000 12076 674.548 1157242.126 710.384 3.8354 0.0 
1150000 12088 704.783 1168111.221 747.739 3.9914 0.0 
1160000 12098 751.772 1178876.499 799.26 4.2668 0.0 
1170000 12111 764.161 1189786.652 817.276 4.343 0.0 
1180000 12124 769.73 1200013.2 813.399 4.3726 0.0 
1190000 12134 797.948 1211363.23 864.924 4.5307 0.0 
1200000 12144 834.909 1219923.948 862.446 4.7375 0.0 
1210000 12155 856.389 1231711.149 904.385 4.8558 0.0 
1220000 12165 882.66 1244009.74 963.663 5.012 0.0 
1230000 12182 788.088 1256248.341 881.103 4.4624 0.0 
1240000 12193 812.54 1270115.008 956.407 4.6108 0.0 
1250000 12205 814.664 1283411.109 990.016 4.6337 0.0 
1260000 12219 802.011 1295790.725 977.761 4.5599 0.0 
1270000 12232 793.827 1308837.801 984.023 4.5103 0.0 
1280000 12244 787.184 1322430.664 992.879 4.4486 0.0 
1290000 12255 816.771 1336059.729 1050.095 4.6083 0.0 
1300000 12266 830.061 1350854.748 1096.953 4.6926 0.0 
1310000 12276 857.947 1367539.094 1194.838 4.8452 0.0 
1320000 12288 855.382 1382353.898 1205.92 4.8496 0.0 
1330000 12299 877.342 1399083.638 1289.181 4.9717 0.0 
1340000 12309 899.779 1415386.755 1351.418 5.0853 0.0 
1350000 12325 823.073 1426899.413 1178.833 4.6541 0.0 
1360000 12340 772.273 1437181.235 1041.279 4.3844 0.0 
1370000 12351 807.443 1451470.354 1097.034 4.593 0.0 
1380000 12363 815.96 1466778.013 1138.704 4.6424 0.0 
1390000 12375 815.099 1481009.76 1140.964 4.6579 0.0 
1400000 12385 847.722 1495709.319 1199.923 4.8246 0.0 
1410000 12396 860.945 1508703.304 1196.153 4.906 0.0 
1420000 12407 875.181 1521506.294 1194.282 4.9872 0.0 
1430000 12418 880.662 1535385.501 1205.606 5.0147 0.0 
1440000 12428 902.492 1549449.36 1240.069 5.1303 0.0 
1450000 12440 887.207 1562889.543 1213.812 5.0381 0.0 
1460000 12452 869.817 1577046.116 1197.842 4.9458 0.0 
1470000 12467 821.897 1591036.474 1135.85 4.6583 0.0 
1480000 12477 854.477 1606893.113 1217.723 4.8356 0.0 
1490000 12489 842.653 1621645.991 1205.209 4.7609 0.0 
1500000 12502 829.098 1633040.341 1135.334 4.6964 0.0 
1510000 12516 804.631 1645529.271 1082.042 4.5489 0.0 
1520000 12527 825.186 1659400.923 1119.206 4.6632 0.0 
1530000 12542 772.012 1674758.815 1079.827 4.3683 0.0 
1540000 12556 768.584 1689620.089 1089.217 4.3407 0.0 
1550000 12573 703.314 1704414.904 1002.093 3.9747 0.0 
1560000 12586 725.197 1718209.362 1025.213 4.1001 0.0 
1570000 12604 679.542 1732487.701 961.542 3.8342 0.0 
1580000 12617 691.978 1748707.677 1013.392 3.9167 0.0 
1590000 12628 733.077 1765325.508 1119.233 4.147 0.0 
1600000 12644 715.399 1779341.7 1065.678 4.0473 0.0 
1610000 12655 749.205 1797297.919 1169.993 4.2566 0.0 
1620000 12665 792.79 1815294.4 1280.026 4.503 0.0 
1630000 12676 817.563 1833509.724 1358.953 4.6506 0.0 
1640000 12687 842.193 1851627.992 1427.637 4.7756 0.0 
1650000 12698 838.482 1870349.947 1449.283 4.7712 0.0 
1660000 12711 829.7 1887120.56 1424.445 4.7218 0.0 
1670000 12723 824.116 1905579.842 1435.957 4.6809 0.0 
1680000 12737 805.612 1923335.707 1411.997 4.565 0.0 
1690000 12752 774.715 1935304.032 1257.301 4.3931 0.0 
1700000 12763 791.059 1946677.609 1199.034 4.4741 0.0 
1710000 12775 800.265 1960454.178 1189.124 4.526 0.0 
1720000 12788 798.401 1975904.365 1193.946 4.526 0.0 
1730000 12802 777.304 1988841.529 1128.402 4.4112 0.0 
1740000 12829 600.689 2000509.585 827.47 3.4069 0.0 
1750000 12855 517.198 2014665.196 720.702 2.9349 0.0 
1760000 12866 587.837 2030299.214 847.882 3.3344 0.0 
1770000 12879 639.81 2046953.701 963.857 3.6306 0.0 
1780000 12889 697.853 2061636.473 1052.287 3.9618 0.0 
1790000 12901 726.568 2073445.472 1030.859 4.117 0.0 
1800000 12914 736.969 2087889.123 1051.15 4.1874 0.0 
1810000 12925 780.303 2101738.365 1105.949 4.44 0.0 
1820000 12940 736.898 2116584.138 1055.341 4.1911 0.0 
1830000 12952 766.388 2132727.35 1130.352 4.3446 0.0 
1840000 12963 791.686 2148850.122 1189.883 4.475 0.0 
1850000 12977 776.644 2164449.11 1178.581 4.4043 0.0 
1860000 12992 744.808 2180066.116 1138.626 4.2308 0.0 
1870000 13008 716.81 2193562.643 1063.917 4.0568 0.0 
1880000 13021 730.924 2205140.359 1027.572 4.134 0.0 
1890000 13036 709.074 2220820.681 1021.605 4.0698 0.0 
1900000 13049 719.916 2235146.432 1031.573 4.113 0.0 
1910000 13062 720.953 2251033.717 1068.213 4.1203 0.0 
1920000 13073 767.585 2264750.213 1114.133 4.3733 0.0 
1930000 13084 789.311 2282454.14 1195.171 4.4883 0.0 
1940000 13096 804.283 2297458.169 1214.144 4.5785 0.0 
1950000 13109 802.83 2315080.756 1262.977 4.5624 0.0 
1960000 13121 806.544 2332402.537 1297.155 4.5861 0.0 
1970000 13133 807.388 2349845.854 1319.821 4.5739 0.0 
1980000 13150 741.155 2366126.839 1213.373 4.1753 0.0 
1990000 13160 783.415 2381191.89 1251.62 4.4291 0.0 
2000000 13171 808.494 2395973.172 1268.399 4.5933 0.0 
2010000 13181 839.008 2409527.449 1275.634 4.7616 0.0 
2020000 13195 819.433 2424538.417 1246.576 4.6222 0.0 
2030000 13207 819.588 2432409.747 1113.944 4.6165 0.0 
2040000 13221 792.361 2439564.75 967.66 4.4714 0.0 
2050000 13233 788.3 2450309.718 942.815 4.4615 0.0 
2060000 13247 786.74 2462842.738 952.691 4.4651 0.0 
2070000 13257 825.751 2479493.214 1084.685 4.6895 0.0 
2080000 13267 844.703 2496581.14 1176.94 4.8107 0.0 
2090000 13277 873.111 2517159.475 1344.825 4.9725 0.0 
2100000 13289 873.279 2533351.104 1351.023 4.9838 0.0 
2110000 13299 888.008 2553049.27 1449.887 5.0565 0.0 
2120000 13310 905.065 2572029.601 1528.68 5.1407 0.0 
2130000 13323 855.388 2591115.241 1477.415 4.8705 0.0 
2140000 13337 828.299 2609981.279 1461.724 4.7046 0.0 
2150000 13351 790.039 2626201.337 1362.01 4.4744 0.0 
2160000 13366 759.82 2645356.844 1344.475 4.2841 0.0 
2170000 13379 765.11 2664418.238 1382.574 4.3257 0.0 
2180000 13392 773.665 2682377.282 1397.931 4.4049 0.0 
2190000 13406 754.21 2702297.428 1395.449 4.2929 0.0 
2200000 13424 693.941 2718937.122 1245.132 3.9575 0.0 
2210000 13439 686.384 2735333.747 1208.086 3.9227 0.0 
2220000 13453 686.672 2754702.528 1234.0 3.9148 0.0 
2230000 13464 726.019 2771027.219 1290.519 4.1387 0.0 
2240000 13476 764.956 2789965.422 1370.916 4.3586 0.0 
2250000 13488 765.683 2802762.8 1284.461 4.3464 0.0 
2260000 13501 774.945 2818953.258 1291.145 4.4068 0.0 
2270000 13516 738.618 2835396.066 1226.231 4.2008 0.0 
2280000 13532 702.39 2852985.365 1181.14 3.9866 0.0 
2290000 13547 701.256 2871543.595 1208.359 3.973 0.0 
2300000 13565 654.763 2892356.169 1188.1 3.6991 0.0 
2310000 13584 611.297 2910121.697 1102.925 3.4605 0.0 
2320000 13598 642.243 2927684.886 1147.019 3.625 0.0 
2330000 13609 689.867 2943247.986 1189.188 3.9202 0.0 
2340000 13625 677.126 2960151.63 1164.659 3.8246 0.0 
2350000 13646 606.15 2977946.542 1054.0 3.4453 0.0 
2360000 13659 649.405 2989865.195 1030.449 3.7054 0.0 
2370000 13672 674.091 3002222.604 1006.626 3.8656 0.0 
2380000 13684 704.652 3018729.209 1080.039 4.0411 0.0 
2390000 13697 717.256 3031963.414 1061.088 4.1019 0.0 
2400000 13710 721.484 3045955.441 1065.169 4.1217 0.0 
2410000 13724 716.042 3063120.945 1089.583 4.078 0.0 
2420000 13735 761.703 3079494.361 1181.776 4.3188 0.0 
2430000 13748 770.426 3095646.737 1212.037 4.3577 0.0 
2440000 13761 762.664 3115213.997 1266.273 4.3096 0.0 
2450000 13773 779.342 3134366.621 1339.518 4.4078 0.0 
2460000 13787 760.928 3153957.004 1348.942 4.3165 0.0 
2470000 13799 789.465 3173283.999 1431.468 4.5044 0.0 
2480000 13812 782.573 3190798.977 1405.84 4.4674 0.0 
2490000 13824 787.561 3209814.174 1433.39 4.4866 0.0 
2500000 13845 672.756 3225858.55 1187.702 3.8399 0.0 
2510000 13859 679.017 3241782.928 1161.867 3.8729 0.0 
2520000 13873 692.873 3258222.742 1175.854 3.9392 0.0 
2530000 13887 701.595 3276716.329 1218.554 3.9647 0.0 
2540000 13904 669.528 3295078.983 1181.063 3.7836 0.0 
2550000 13918 674.183 3312755.586 1188.024 3.8079 0.0 
2560000 13930 703.338 3331038.634 1249.896 3.9725 0.0 
2570000 13943 735.107 3349742.456 1326.059 4.1436 0.0 
2580000 13955 745.356 3366408.173 1314.917 4.2012 0.0 
2590000 13967 762.527 3386967.625 1401.056 4.3221 0.0 
2600000 13978 798.284 3406778.891 1493.951 4.5073 0.0 
2610000 13990 805.796 3425701.539 1508.45 4.5621 0.0 
2620000 14001 821.258 3444901.092 1544.364 4.6555 0.0 
2630000 14016 776.972 3464655.085 1477.832 4.4156 0.0 
2640000 14027 807.109 3483810.57 1537.706 4.5842 0.0 
2650000 14039 814.562 3503960.513 1570.662 4.6269 0.0 
2660000 14050 839.644 3524175.639 1636.399 4.7597 0.0 
2670000 14062 824.275 3542209.176 1581.656 4.6842 0.0 
2680000 14077 796.781 3559350.666 1497.035 4.5251 0.0 
2690000 14090 792.425 3576200.726 1451.743 4.4928 0.0 
2700000 14100 827.475 3595086.442 1526.24 4.6896 0.0 
2710000 14113 815.212 3611113.591 1461.304 4.6273 0.0 
2720000 14128 765.95 3626845.12 1335.049 4.3608 0.0 
2730000 14142 763.369 3642134.94 1292.533 4.3518 0.0 
2740000 14152 790.412 3657346.754 1306.284 4.504 0.0 
2750000 14171 700.887 3673825.942 1153.11 3.9865 0.0 
2760000 14188 671.686 3689791.862 1097.65 3.8324 0.0 
2770000 14202 675.049 3705994.576 1105.953 3.8552 0.0 
2780000 14221 641.593 3722034.585 1043.827 3.6589 0.0 
2790000 14235 658.46 3737758.407 1061.953 3.7557 0.0 
2800000 14262 526.42 3753622.068 844.036 2.9837 0.0 
2810000 14288 477.77 3771111.425 789.079 2.708 0.0 
2820000 14304 515.574 3788673.717 867.829 2.92 0.0 
2830000 14323 514.467 3807790.298 902.998 2.9351 0.0 
2840000 14351 433.566 3823882.496 735.376 2.4635 0.0 
2850000 14369 479.37 3842610.529 841.992 2.7258 0.0 
2860000 14389 485.729 3860246.587 856.551 2.7513 0.0 
2870000 14411 471.517 3878363.75 835.722 2.6782 0.0 
2880000 14429 495.208 3895374.093 867.847 2.8029 0.0 
2890000 14440 562.475 3912998.279 985.512 3.1744 0.0 
2900000 14452 636.4 3930774.672 1121.147 3.6014 0.0 
2910000 14475 543.978 3946513.351 928.672 3.0805 0.0 
2920000 14491 570.594 3962810.63 959.01 3.2356 0.0 
2930000 14510 564.543 3978359.941 926.14 3.2027 0.0 
2940000 14534 508.081 3990207.451 757.941 2.8859 0.0 
2950000 14554 505.704 4001041.825 687.075 2.8746 0.0 
2960000 14576 475.862 4012611.014 626.846 2.7257 0.0 
2970000 14592 523.024 4028257.727 722.017 2.9764 0.0 
2980000 14605 579.099 4045900.713 869.44 3.2873 0.0 
2990000 14617 640.024 4063948.002 1014.925 3.6429 0.0 
3000000 14629 679.501 4082882.254 1132.673 3.8598 0.0 
3010000 14640 724.729 4101611.251 1244.456 4.1177 0.0 
3020000 14656 694.793 4119379.65 1203.026 3.9519 0.0 
3030000 14675 634.186 4137210.131 1104.239 3.6152 0.0 
3040000 14690 640.442 4151035.816 1058.081 3.6481 0.0 
3050000 14704 660.802 4167327.363 1086.104 3.7642 0.0 
3060000 14719 667.004 4183641.292 1096.082 3.804 0.0 
3070000 14735 643.453 4201512.849 1076.15 3.6666 0.0 
3080000 14757 579.082 4219892.001 997.255 3.2943 0.0 
3090000 14773 586.224 4237114.994 1009.747 3.3264 0.0 
3100000 14797 530.119 4253874.084 906.625 3.041 0.0 
3110000 14816 512.27 4270958.991 874.511 2.9425 0.0 
3120000 14830 571.676 4286803.332 959.708 3.2757 0.0 
3130000 14845 594.481 4302819.698 976.146 3.3892 0.0 
3140000 14858 642.422 4322478.986 1114.91 3.6315 0.0 
3150000 14872 662.397 4341476.35 1179.281 3.7477 0.0 
3160000 14885 676.582 4359665.645 1206.905 3.8401 0.0 
3170000 14904 640.409 4377189.416 1142.592 3.6365 0.0 
3180000 14923 602.699 4393872.028 1055.518 3.4389 0.0 
3190000 14942 582.608 4411611.291 1024.303 3.3271 0.0 
3200000 14959 583.966 4428689.633 1017.075 3.3266 0.0 
3210000 14972 627.714 4445490.042 1082.635 3.5757 0.0 
3220000 14982 691.539 4462907.572 1191.585 3.946 0.0 
3230000 14994 713.896 4480234.847 1246.59 4.0709 0.0 
3240000 15010 692.925 4496397.976 1176.904 3.9535 0.0 
3250000 15021 734.858 4511500.453 1216.514 4.1821 0.0 
3260000 15034 755.531 4527234.927 1235.271 4.2946 0.0 
3270000 15045 786.815 4543591.046 1287.514 4.4598 0.0 
3280000 15057 786.343 4560968.55 1306.926 4.4393 0.0 
3290000 15071 779.023 4577070.679 1284.389 4.4075 0.0 
3300000 15083 783.794 4592287.356 1269.411 4.4439 0.0 
3310000 15097 758.883 4607617.753 1215.461 4.3117 0.0 
3320000 15108 789.626 4624283.114 1273.719 4.4986 0.0 
3330000 15122 762.915 4639598.998 1215.937 4.3388 0.0 
3340000 15138 732.203 4654989.65 1160.097 4.1565 0.0 
3350000 15152 725.927 4670793.651 1147.889 4.1247 0.0 
3360000 15168 700.348 4686074.297 1100.071 3.9809 0.0 
3370000 15182 701.077 4701834.442 1103.725 3.9739 0.0 
3380000 15200 653.089 4718044.064 1035.189 3.699 0.0 
3390000 15214 671.184 4735040.949 1085.379 3.8078 0.0 
3400000 15230 652.98 4751100.702 1053.504 3.7086 0.0 
3410000 15248 625.634 4767462.833 1012.435 3.543 0.0 
3420000 15266 604.224 4784099.666 988.807 3.428 0.0 
3430000 15287 562.589 4800651.862 922.964 3.2048 0.0 
3440000 15302 585.123 4818650.444 988.641 3.3353 0.0 
3450000 15315 635.24 4838303.183 1122.18 3.6132 0.0 
3460000 15329 652.09 4857049.602 1169.758 3.706 0.0 
3470000 15342 674.341 4874599.139 1202.992 3.8427 0.0 
3480000 15355 703.366 4892159.776 1250.509 4.0128 0.0 
3490000 15369 703.902 4911583.906 1278.339 3.9903 0.0 
3500000 15382 717.075 4929886.09 1304.084 4.0685 0.0 
3510000 15396 717.046 4947197.192 1286.577 4.0577 0.0 
3520000 15410 719.933 4965917.698 1305.065 4.0778 0.0 
3530000 15421 746.131 4983680.738 1346.979 4.2148 0.0 
3540000 15434 753.438 5002687.906 1373.938 4.254 0.0 
3550000 15445 781.089 5020691.31 1422.253 4.4009 0.0 
3560000 15456 804.986 5040020.089 1488.231 4.5422 0.0 
3570000 15467 825.081 5057838.397 1513.947 4.6679 0.0 
3580000 15481 807.213 5075807.006 1473.391 4.5784 0.0 
3590000 15496 765.233 5093607.555 1391.773 4.3275 0.0 
3600000 15508 780.643 5111416.594 1411.58 4.423 0.0 
3610000 15521 781.08 5128733.957 1396.705 4.4247 0.0 
3620000 15535 768.328 5144978.323 1346.545 4.3553 0.0 
3630000 15547 784.924 5163910.994 1400.867 4.4643 0.0 
3640000 15566 699.882 5181468.192 1243.301 3.9615 0.0 
3650000 15578 725.57 5198824.587 1283.696 4.0933 0.0 
3660000 15601 615.7 5215400.836 1070.523 3.4767 0.0 
3670000 15625 535.362 5231489.809 910.264 3.0375 0.0 
3680000 15651 458.6 5247454.895 760.35 2.6065 0.0 
3690000 15664 525.537 5266625.622 911.868 2.9777 0.0 
3700000 15680 556.951 5284989.231 985.729 3.1683 0.0 
3710000 15697 564.541 5301459.147 977.723 3.203 0.0 
3720000 15714 574.838 5317315.981 970.179 3.2636 0.0 
3730000 15729 603.094 5330846.0 955.713 3.4176 0.0 
3740000 15748 580.381 5342002.663 844.086 3.2662 0.0 
3750000 15763 589.72 5353246.62 801.764 3.3498 0.0 
3760000 15784 559.06 5367849.416 777.688 3.1831 0.0 
3770000 15805 512.91 5383724.264 739.622 2.9245 0.0 
3780000 15823 538.79 5400021.383 812.078 3.0533 0.0 
3790000 15840 539.983 5416423.788 837.463 3.0733 0.0 
3800000 15854 595.217 5434739.443 971.836 3.3719 0.0 
3810000 15865 661.214 5452898.125 1114.203 3.7404 0.0 
3820000 15882 629.569 5470351.078 1064.193 3.5602 0.0 
3830000 15903 590.182 5481708.566 899.364 3.3715 0.0 
3840000 15935 452.026 5490906.566 604.692 2.6021 0.0 
3850000 15979 317.861 5501597.749 393.026 1.83 0.0 
3860000 16013 304.51 5515312.753 397.888 1.7525 0.0 
3870000 16031 379.565 5529917.375 521.047 2.1726 0.0 
3880000 16050 421.819 5545795.648 613.217 2.4086 0.0 
3890000 16062 505.42 5560981.632 737.196 2.8716 0.0 
3900000 16074 577.611 5575335.541 839.72 3.2762 0.0 
3910000 16093 566.644 5592483.083 873.616 3.2202 0.0 
3920000 16105 613.306 5612199.677 1017.634 3.4723 0.0 
3930000 16119 645.468 5631415.615 1118.861 3.6556 0.0 
3940000 16132 675.429 5650947.73 1209.104 3.8257 0.0 
3950000 16151 622.174 5669746.738 1127.36 3.518 0.0 
3960000 16174 533.219 5687649.548 958.368 3.013 0.0 
3970000 16195 525.953 5704669.93 930.908 2.9789 0.0 
3980000 16218 489.668 5721391.557 851.393 2.7782 0.0 
3990000 16244 436.773 5736912.99 730.539 2.4878 0.0 
4000000 16256 533.743 5754357.227 905.03 3.0457 0.0 
4010000 16268 585.76 5771306.711 990.673 3.3442 0.0 
4020000 16279 665.515 5789688.28 1154.473 3.8046 0.0 
4030000 16292 685.414 5806505.104 1178.516 3.9114 0.0 
4040000 16306 688.27 5824655.536 1198.991 4.0159 0.0 
4050000 16318 720.742 5844582.896 1297.341 4.1688 0.0 
4060000 16328 771.826 5864935.239 1432.802 4.4342 0.0 
4070000 16340 785.567 5883155.146 1451.444 4.4892 0.0 
4080000 16351 808.592 5899828.311 1471.224 4.6328 0.0 
4090000 16362 825.518 5913750.657 1414.044 4.7362 0.0 
4100000 16373 845.783 5928016.002 1399.661 4.8347 0.0 
4110000 16386 820.052 5945227.604 1368.056 4.6912 0.0 
4120000 16400 805.114 5961219.955 1334.707 4.626 0.0 
4130000 16420 703.858 5976931.872 1152.873 4.024 0.0 
4140000 16434 703.058 5995279.187 1182.004 4.0123 0.0 
4150000 16451 668.1 6012015.485 1123.976 3.8039 0.0 
4160000 16463 699.109 6031368.303 1219.151 3.9918 0.0 
4170000 16477 708.17 6050628.634 1267.446 4.0284 0.0 
4180000 16490 726.702 6069053.808 1309.591 4.1361 0.0 
4190000 16503 732.387 6088414.479 1342.506 4.1665 0.0 
4200000 16530 590.882 6103070.194 1028.641 3.3688 0.0 
4210000 16545 608.011 6119892.023 1047.889 3.4496 0.0 
4220000 16560 627.461 6137159.936 1083.488 3.5598 0.0 
4230000 16573 645.338 6153037.333 1091.478 3.6715 0.0 
4240000 16589 652.668 6166917.39 1050.299 3.7433 0.0 
4250000 16603 671.921 6182441.598 1070.903 3.8364 0.0 
4260000 16628 560.196 6194673.077 833.097 3.1834 0.0 
4270000 16659 446.94 6206034.885 615.871 2.5427 0.0 
4280000 16679 469.22 6219347.628 640.46 2.6442 0.0 
4290000 16701 461.124 6233679.136 637.927 2.6011 0.0 
4300000 16721 462.737 6248962.226 663.611 2.5983 0.0 
4310000 16739 496.528 6262490.766 699.932 2.8117 0.0 
4320000 16760 487.273 6277011.583 692.931 2.7812 0.0 
4330000 16774 545.121 6293287.222 811.073 3.1138 0.0 
4340000 16788 588.639 6310282.185 913.162 3.3502 0.0 
4350000 16800 640.021 6328100.914 1033.38 3.6718 0.0 
4360000 16813 670.422 6344812.325 1095.493 3.8256 0.0 
4370000 16826 695.704 6362885.659 1166.534 3.9746 0.0 
4380000 16836 744.16 6381494.372 1280.98 4.2491 0.0 
4390000 16848 771.996 6400225.761 1356.977 4.3995 0.0 
4400000 16862 749.158 6418766.709 1333.537 4.2719 0.0 
4410000 16874 758.923 6437890.458 1370.267 4.3214 0.0 
4420000 16887 762.683 6455757.875 1377.466 4.3262 0.0 
4430000 16904 712.527 6472897.799 1269.536 4.0409 0.0 
4440000 16916 737.784 6490095.131 1303.908 4.1928 0.0 
4450000 16936 661.417 6508639.879 1180.583 3.746 0.0 
4460000 16952 656.769 6527642.793 1193.165 3.7185 0.0 
4470000 16973 594.06 6544589.34 1060.051 3.3631 0.0 
4480000 16985 638.141 6563577.962 1159.078 3.6194 0.0 
4490000 17003 601.436 6581316.245 1088.266 3.3896 0.0 
4500000 17016 647.068 6598268.311 1149.538 3.6538 0.0 
4510000 17028 675.982 6613845.909 1161.942 3.8314 0.0 
4520000 17043 689.527 6629652.369 1162.064 3.9031 0.0 
4530000 17060 650.337 6646335.179 1093.06 3.6904 0.0 
4540000 17077 636.711 6662691.918 1062.787 3.6017 0.0 
4550000 17094 611.655 6679296.89 1017.761 3.462 0.0 
4560000 17118 545.345 6695328.662 899.605 3.109 0.0 
4570000 17136 547.41 6711102.178 892.754 3.1341 0.0 
4580000 17162 474.017 6726094.527 753.363 2.7181 0.0 
4590000 17183 463.789 6742357.082 739.524 2.6474 0.0 
4600000 17201 489.829 6757701.497 772.165 2.8017 0.0 
4610000 17214 564.541 6772907.623 883.328 3.2419 0.0 
4620000 17230 576.57 6790001.596 926.218 3.3153 0.0 
4630000 17244 613.15 6807911.917 1020.461 3.5189 0.0 
4640000 17266 559.574 6824313.113 928.9 3.2184 0.0 
4650000 17280 583.818 6844143.937 1016.513 3.3384 0.0 
4660000 17292 646.52 6864330.436 1181.639 3.6822 0.0 
4670000 17319 526.274 6881910.382 949.651 3.0029 0.0 
4680000 17337 531.04 6899651.296 948.695 3.0457 0.0 
4690000 17361 483.741 6915155.079 825.336 2.7624 0.0 
4700000 17384 475.47 6932379.932 817.606 2.7267 0.0 
4710000 17402 499.268 6951150.773 884.974 2.8806 0.0 
4720000 17422 495.44 6969643.46 889.713 2.8488 0.0 
4730000 17436 542.025 6988262.558 981.494 3.1222 0.0 
4740000 17452 573.992 7004439.493 1011.393 3.3027 0.0 
4750000 17467 603.555 7020694.355 1037.048 3.4787 0.0 
4760000 17485 579.603 7035944.605 966.202 3.3209 0.0 
4770000 17504 572.316 7053690.69 972.141 3.2673 0.0 
4780000 17518 598.398 7073141.881 1056.476 3.4111 0.0 
4790000 17530 645.736 7091884.338 1158.174 3.6664 0.0 
4800000 17545 660.38 7110296.784 1195.969 3.7426 0.0 
4810000 17564 614.946 7128156.12 1107.767 3.498 0.0 
4820000 17587 542.949 7145620.47 970.757 3.0948 0.0 
4830000 17611 495.914 7162174.824 865.023 2.8287 0.0 
4840000 17623 565.494 7180812.875 1003.367 3.2197 0.0 
4850000 17636 608.629 7199783.704 1101.191 3.4518 0.0 
4860000 17646 677.193 7219619.829 1256.73 3.8352 0.0 
4870000 17657 731.518 7239192.052 1377.116 4.1269 0.0 
4880000 17667 780.631 7258284.362 1477.013 4.4127 0.0 
4890000 17680 769.43 7277515.25 1458.873 4.3383 0.0 
4900000 17696 739.661 7295867.804 1392.58 4.1844 0.0 
4910000 17706 777.142 7314106.76 1449.449 4.3985 0.0 
4920000 17720 779.087 7331927.296 1440.964 4.4108 0.0 
4930000 17734 766.73 7348911.614 1390.699 4.3455 0.0 
4940000 17752 699.763 7365873.522 1249.595 3.9776 0.0 
4950000 17788 479.473 7382448.846 839.714 2.7182 0.0 
4960000 17812 453.733 7401028.388 811.657 2.5789 0.0 
4970000 17826 516.969 7420021.668 944.111 2.9339 0.0 
4980000 17848 500.019 7437902.108 908.658 2.8398 0.0 
4990000 17868 484.813 7456412.111 887.234 2.7499 0.0 
5000000 17898 423.505 7473526.418 756.82 2.4143 0.0 
5010000 17926 396.585 7490270.245 692.136 2.2606 0.0 
5020000 17955 366.28 7506262.035 617.071 2.0794 0.0 
5030000 17984 355.027 7522526.37 588.965 2.0265 0.0 
5040000 18015 351.866 7538147.543 569.241 1.9877 0.0 
5050000 18034 397.367 7554721.995 647.893 2.252 0.0 
5060000 18050 454.089 7572107.088 759.216 2.5831 0.0 
5070000 18070 476.465 7588863.102 798.267 2.7138 0.0 
5080000 18091 462.269 7605360.576 768.38 2.6308 0.0 
5090000 18114 457.959 7622029.643 765.019 2.6014 0.0 
5100000 18138 453.029 7639028.88 762.285 2.5858 0.0 
5110000 18160 446.853 7656330.415 759.402 2.5399 0.0 
5120000 18182 441.073 7673633.42 753.343 2.5017 0.0 
5130000 18206 440.116 7690363.17 747.343 2.4857 0.0 
5140000 18225 463.482 7708038.243 797.377 2.6381 0.0 
5150000 18245 467.385 7725415.602 806.263 2.6662 0.0 
5160000 18277 394.28 7740577.69 647.701 2.2342 0.0 
5170000 18300 400.454 7757050.351 656.067 2.2496 0.0 
5180000 18325 410.191 7773469.71 675.781 2.2955 0.0 
5190000 18354 381.901 7789362.898 619.835 2.1538 0.0 
5200000 18384 358.608 7804333.744 560.999 2.015 0.0 
5210000 18425 290.56 7818092.307 425.746 1.6545 0.0 
5220000 18457 302.524 7832749.215 443.233 1.7174 0.0 
5230000 18486 323.664 7847083.897 471.464 1.8396 0.0 
5240000 18509 371.712 7862708.831 558.904 2.146 0.0 
5250000 18541 341.59 7879262.375 536.729 1.9661 0.0 
5260000 18563 382.959 7896471.402 627.392 2.19 0.0 
5270000 18579 448.069 7915055.465 772.18 2.568 0.0 
5280000 18600 457.61 7933014.79 800.69 2.6233 0.0 
5290000 18639 346.08 7949050.195 584.803 1.9758 0.0 
5300000 18681 286.475 7964744.262 468.267 1.6303 0.0 
5310000 18724 257.214 7981016.034 419.751 1.4547 0.0 
5320000 18758 274.179 7996528.872 438.228 1.5589 0.0 
5330000 18786 294.139 8012333.931 468.223 1.685 0.0 
5340000 18811 344.572 8029382.359 568.287 1.9638 0.0 
5350000 18835 361.667 8043159.982 545.048 2.0614 0.0 
5360000 18859 397.545 8059816.561 628.448 2.2681 0.0 
5370000 18883 402.082 8076888.824 657.821 2.3047 0.0 
5380000 18925 327.419 8093321.492 540.197 1.8699 0.0 
5390000 18963 287.381 8110164.156 479.222 1.6463 0.0 
5400000 18991 315.509 8128080.164 545.04 1.8074 0.0 
5410000 19013 364.271 8146387.3 646.286 2.0623 0.0 
5420000 19042 361.661 8164359.832 645.547 2.039 0.0 
5430000 19059 421.656 8183476.787 775.805 2.3756 0.0 
5440000 19097 335.952 8200525.999 598.345 1.8991 0.0 
5450000 19116 393.535 8219692.676 723.166 2.2229 0.0 
5460000 19130 477.283 8238765.668 890.2 2.6923 0.0 
5470000 19147 496.387 8257564.308 928.596 2.8203 0.0 
5480000 19168 487.788 8275583.168 897.993 2.7699 0.0 
5490000 19193 461.1 8293173.362 836.452 2.6254 0.0 
5500000 19221 413.152 8310933.57 745.25 2.3509 0.0 
5510000 19241 434.777 8329371.742 787.607 2.4811 0.0 
5520000 19255 511.546 8347888.929 938.515 2.9007 0.0 
5530000 19270 541.841 8365201.442 972.873 3.0733 0.0 
5540000 19287 557.766 8384975.196 1030.186 3.1585 0.0 
5550000 19305 559.941 8404377.443 1052.861 3.1789 0.0 
5560000 19323 560.282 8423959.894 1066.249 3.1753 0.0 
5570000 19351 467.941 8442559.267 884.049 2.6508 0.0 
5580000 19380 411.945 8461423.874 778.071 2.3444 0.0 
5590000 19414 362.921 8479853.196 679.489 2.0589 0.0 
5600000 19449 325.605 8498662.785 614.14 1.8602 0.0 
5610000 19485 306.791 8517151.578 573.245 1.7383 0.0 
5620000 19525 271.917 8534631.219 491.788 1.5409 0.0 
5630000 19551 313.207 8553965.881 585.484 1.7704 0.0 
5640000 19573 370.825 8573269.381 703.379 2.0897 0.0 
5650000 19595 397.142 8592716.124 763.198 2.2455 0.0 
5660000 19625 368.106 8611918.592 704.859 2.085 0.0 
5670000 19658 329.5 8630392.506 619.224 1.8737 0.0 
5680000 19690 319.779 8648735.394 594.565 1.8255 0.0 
5690000 19726 307.353 8666770.883 564.571 1.7493 0.0 
5700000 19758 311.522 8684259.247 560.758 1.7563 0.0 
5710000 19798 275.871 8702193.508 496.712 1.5695 0.0 
5720000 19826 316.868 8721232.667 586.3 1.8209 0.0 
5730000 19870 252.449 8739391.385 459.025 1.4512 0.0 
5740000 19892 316.594 8758468.809 589.655 1.8066 0.0 
5750000 19913 369.599 8778032.478 703.972 2.0884 0.0 
5760000 19931 426.446 8797179.503 813.693 2.412 0.0 
5770000 19949 468.463 8815795.166 885.156 2.6424 0.0 
5780000 19975 442.496 8835250.129 847.115 2.526 0.0 
5790000 19988 513.444 8855687.081 1006.526 2.933 0.0 
5800000 20007 507.054 8875926.399 1001.504 2.8859 0.0 
5810000 20028 506.29 8894690.835 984.191 2.8809 0.0 
5820000 20055 441.056 8909803.809 794.752 2.5065 0.0 
5830000 20076 454.388 8927561.184 815.853 2.606 0.0 
5840000 20093 491.955 8941370.502 811.205 2.8226 0.0 
5850000 20106 540.692 8957151.026 898.582 3.0787 0.0 
5860000 20125 548.8 8974841.625 918.725 3.1196 0.0 
5870000 20145 530.718 8990154.383 866.402 3.025 0.0 
5880000 20173 457.946 9006209.674 743.14 2.6011 0.0 
5890000 20207 376.373 9021598.14 597.524 2.1361 0.0 
5900000 20245 310.084 9037768.579 495.135 1.7605 0.0 
5910000 20278 311.92 9052468.447 475.115 1.7561 0.0 
5920000 20310 312.918 9064846.46 430.156 1.7626 0.0 
5930000 20348 288.806 9078838.78 402.315 1.6254 0.0 
5940000 20395 240.754 9093787.73 346.42 1.3612 0.0 
5950000 20446 208.779 9108437.05 299.606 1.1914 0.0 
5960000 20485 234.144 9124407.277 357.752 1.3265 0.0 
5970000 20511 294.859 9141011.776 470.353 1.6617 0.0 
5980000 20535 336.924 9157412.902 541.917 1.8982 0.0 
5990000 20558 382.362 9172194.031 594.043 2.1602 0.0 
6000000 20584 396.433 9188533.206 632.367 2.2408 0.0 
6010000 20602 433.628 9203306.058 672.511 2.4631 0.0 
6020000 20638 356.179 9218787.255 548.178 2.0257 0.0 
6030000 20678 294.797 9235106.877 464.21 1.672 0.0 
6040000 20717 270.331 9251901.477 439.962 1.5344 0.0 
6050000 20747 293.71 9269540.309 494.75 1.6633 0.0 
6060000 20773 329.029 9286773.437 558.583 1.8588 0.0 
6070000 20800 349.846 9302058.135 567.343 1.9722 0.0 
6080000 20835 325.215 9317887.788 520.875 1.8414 0.0 
6090000 20874 282.867 9333404.075 446.085 1.5901 0.0 
6100000 20913 268.042 9350579.041 442.028 1.5218 0.0 
6110000 20945 287.149 9368187.812 489.542 1.6209 0.0 
6120000 20983 270.155 9384309.847 449.812 1.531 0.0 
6130000 21014 290.904 9400472.07 477.505 1.6687 0.0 
6140000 21035 363.319 9417235.396 602.647 2.0731 0.0 
6150000 21063 356.084 9433721.056 588.423 2.0295 0.0 
6160000 21092 352.317 9449322.704 568.868 2.0106 0.0 
6170000 21129 302.115 9463108.781 455.392 1.7176 0.0 
6180000 21162 299.8 9476581.35 422.674 1.7179 0.0 
6190000 21195 304.863 9491738.975 446.282 1.7358 0.0 
6200000 21229 288.942 9506874.346 425.335 1.6375 0.0 
6210000 21257 326.308 9522438.692 496.449 1.8298 0.0 
6220000 21281 360.122 9537117.581 537.088 2.0397 0.0 
6230000 21311 346.18 9552418.998 523.618 1.9657 0.0 
6240000 21347 310.856 9566849.537 458.976 1.7594 0.0 
6250000 21376 314.073 9581396.334 458.668 1.7807 0.0 
6260000 21396 381.743 9597431.233 582.914 2.1763 0.0 
6270000 21416 420.504 9613241.949 652.935 2.393 0.0 
6280000 21438 426.565 9629349.284 671.05 2.4162 0.0 
6290000 21463 414.235 9644188.41 638.3 2.3444 0.0 
6300000 21484 435.74 9659767.902 676.693 2.4814 0.0 
6310000 21510 415.891 9675388.65 646.302 2.3613 0.0 
6320000 21525 481.964 9692516.468 776.54 2.729 0.0 
6330000 21546 487.737 9709840.607 807.852 2.7667 0.0 
6340000 21564 494.658 9726132.913 813.43 2.8064 0.0 
6350000 21584 504.429 9742833.39 834.85 2.8713 0.0 
6360000 21606 474.453 9758359.382 768.762 2.6995 0.0 
6370000 21634 408.746 9771880.469 621.191 2.33 0.0 
6380000 21658 416.064 9787359.077 637.655 2.3518 0.0 
6390000 21684 398.866 9802485.593 607.49 2.2659 0.0 
6400000 21702 440.17 9818328.253 674.695 2.5064 0.0 
6410000 21727 434.816 9832711.455 653.136 2.4846 0.0 
6420000 21756 391.769 9847231.595 579.668 2.2397 0.0 
6430000 21778 412.281 9862324.482 614.349 2.3518 0.0 
6440000 21811 367.768 9875929.18 528.456 2.0936 0.0 
6450000 21830 418.223 9889431.757 587.587 2.3754 0.0 
6460000 21876 309.866 9902345.954 419.162 1.7558 0.0 
6470000 21893 393.105 9914572.748 508.781 2.234 0.0 
6480000 21911 438.127 9927068.788 562.014 2.4991 0.0 
6490000 21929 474.6 9939111.838 595.522 2.6831 0.0 
6500000 21944 526.295 9953384.564 691.823 2.9789 0.0 
6510000 21960 562.394 9968005.438 765.972 3.1901 0.0 
6520000 21975 592.178 9982207.65 815.21 3.361 0.0 
6530000 22003 484.133 9995852.954 664.118 2.739 0.0 
6540000 22043 355.204 10009551.121 485.591 2.0133 0.0 
6550000 22063 400.942 10024172.581 564.731 2.2743 0.0 
6560000 22087 411.586 10038156.921 580.001 2.3386 0.0 
6570000 22111 413.741 10051193.243 564.814 2.3467 0.0 
6580000 22144 350.236 10063929.747 464.971 1.9843 0.0 
6590000 22168 374.147 10079277.028 526.907 2.1094 0.0 
6600000 22192 397.19 10094132.016 575.146 2.2531 0.0 
6610000 22216 401.761 10109142.601 590.078 2.2772 0.0 
6620000 22258 300.651 10121246.847 407.849 1.7169 0.0 
6630000 22309 221.715 10134359.764 296.778 1.2704 0.0 
6640000 22589 35.786 10141326.352 25.595 0.2006 0.0 
6650000 22658 129.439 10152779.371 139.895 0.7423 0.0 
6660000 22691 215.926 10162360.001 205.487 1.2414 0.0 
6670000 22723 260.29 10174597.381 285.684 1.4776 0.0 
6680000 22767 245.475 10187415.153 302.107 1.3949 0.0 
6690000 22791 314.481 10199613.812 390.852 1.7897 0.0 
6700000 22811 374.686 10211298.027 449.879 2.1242 0.0 
6710000 22840 356.095 10224093.64 433.788 2.0128 0.0 
6720000 22874 318.138 10237291.437 400.805 1.7837 0.0 
6730000 22901 350.994 10251969.656 478.0 1.9735 0.0 
6740000 22936 317.442 10265385.168 428.282 1.7797 0.0 
6750000 22974 280.011 10278190.859 367.267 1.589 0.0 
6760000 23001 319.286 10290364.021 397.447 1.8056 0.0 
6770000 23026 337.728 10298967.342 371.314 1.9138 0.0 
6780000 23064 301.725 10308534.264 317.191 1.711 0.0 
6790000 23111 249.559 10322612.305 309.927 1.4246 0.0 
6800000 23169 190.296 10335110.398 234.91 1.0857 0.0 
6810000 23245 133.79 10345738.795 147.538 0.7481 0.0 
6820000 23303 170.334 10357242.964 198.088 0.9559 0.0 
6830000 23341 216.854 10369413.04 261.011 1.2244 0.0 
6840000 23360 314.885 10381278.3 380.012 1.7859 0.0 
6850000 23379 382.337 10392575.698 449.585 2.1774 0.0 
6860000 23416 317.14 10405839.921 391.87 1.7976 0.0 
6870000 23476 218.045 10418126.683 269.133 1.236 0.0 
6880000 23517 246.747 10430735.601 312.648 1.4004 0.0 
6890000 23559 246.859 10443310.516 311.384 1.4074 0.0 
6900000 23600 243.263 10454968.772 293.941 1.3805 0.0 
6910000 23663 187.107 10465494.56 210.322 1.0719 0.0 
6920000 23717 179.205 10476576.374 197.999 1.0261 0.0 
6930000 23766 194.632 10488537.663 225.273 1.0963 0.0 
6940000 23803 240.644 10500923.582 291.184 1.3571 0.0 
6950000 23833 282.647 10513966.785 356.728 1.6147 0.0 
6960000 23868 273.838 10527525.36 357.833 1.5649 0.0 
6970000 23892 326.096 10539660.088 404.182 1.8629 0.0 
6980000 23926 308.482 10553648.295 406.609 1.7577 0.0 
6990000 23962 286.405 10567399.497 394.728 1.626 0.0 
7000000 23988 332.399 10581662.525 456.388 1.9003 0.0 
7010000 24015 352.018 10595967.631 494.39 2.0148 0.0 
7020000 24037 397.754 10610053.537 560.761 2.2708 0.0 
7030000 24050 486.074 10624728.561 694.388 2.7623 0.0 
7040000 24063 544.578 10639111.995 779.908 3.0805 0.0 
7050000 24076 592.235 10654338.623 861.226 3.3524 0.0 
7060000 24089 631.33 10669900.589 934.677 3.5763 0.0 
7070000 24105 625.914 10685787.722 945.677 3.5455 0.0 
7080000 24125 583.374 10701924.452 900.812 3.3043 0.0 
7090000 24151 497.957 10717277.405 764.912 2.817 0.0 
7100000 24192 358.63 10731251.386 532.598 2.0394 0.0 
7110000 24234 282.007 10745664.247 409.815 1.609 0.0 
7120000 24281 239.725 10759869.729 346.006 1.3712 0.0 
7130000 24350 166.584 10772163.937 216.621 0.936 0.0 
7140000 24406 184.134 10785791.583 250.87 1.0411 0.0 
7150000 24429 284.242 10800978.153 414.841 1.6092 0.0 
7160000 24453 328.71 10815548.962 478.178 1.8869 0.0 
7170000 24474 377.929 10830348.056 555.385 2.1834 0.0 
7180000 24506 347.302 10845104.806 510.249 2.0203 0.0 
7190000 24537 340.487 10859415.82 495.338 1.9741 0.0 
7200000 24566 335.866 10874869.912 501.305 1.9192 0.0 
7210000 24601 316.989 10887919.334 441.378 1.8032 0.0 
7220000 24635 288.284 10902609.337 409.285 1.6302 0.0 
7230000 24662 325.677 10917294.862 470.21 1.8535 0.0 
7240000 24681 387.824 10933661.384 590.9 2.2029 0.0 
7250000 24698 443.408 10949741.629 688.433 2.526 0.0 
7260000 24727 400.291 10965129.504 620.922 2.277 0.0 
7270000 24742 468.676 10980715.607 731.415 2.6908 0.0 
7280000 24763 472.088 10996025.429 729.64 2.6968 0.0 
7290000 24781 496.431 11013489.642 801.896 2.8353 0.0 
7300000 24807 446.027 11029482.127 718.842 2.5488 0.0 
7310000 24842 367.398 11044950.223 581.658 2.0939 0.0 
7320000 24871 355.813 11059846.931 545.301 2.0176 0.0 
7330000 24896 364.77 11075951.354 565.14 2.0687 0.0 
7340000 24945 279.991 11091011.563 434.98 1.5922 0.0 
7350000 24969 324.383 11108569.439 533.009 1.8555 0.0 
7360000 25022 224.912 11124237.758 356.64 1.2706 0.0 
7370000 25049 298.877 11141493.448 498.996 1.6911 0.0 
7380000 25088 270.227 11157744.577 444.075 1.5347 0.0 
7390000 25121 286.926 11173954.968 469.08 1.6291 0.0 
7400000 25156 292.078 11190586.753 480.62 1.6573 0.0 
7410000 25190 290.818 11206372.964 467.049 1.6557 0.0 
7420000 25212 349.206 11222184.532 559.052 1.9868 0.0 
7430000 25241 347.957 11237925.442 552.15 1.9886 0.0 
7440000 25263 381.32 11253789.144 603.812 2.1758 0.0 
7450000 25284 413.544 11270666.825 671.017 2.366 0.0 
7460000 25315 372.435 11287312.298 610.373 2.1266 0.0 
7470000 25339 383.704 11304206.845 636.262 2.1865 0.0 
7480000 25367 363.568 11320565.735 599.393 2.0786 0.0 
7490000 25390 397.58 11337019.598 654.025 2.2599 0.0 
7500000 25421 363.469 11352771.989 587.509 2.0753 0.0 
7510000 25452 343.986 11368458.269 547.71 1.9759 0.0 
7520000 25481 337.594 11384116.013 535.628 1.9279 0.0 
7530000 25500 397.702 11401938.574 664.564 2.2585 0.0 
7540000 25521 426.145 11419384.608 723.687 2.4164 0.0 
7550000 25540 459.955 11438972.949 824.28 2.6186 0.0 
7560000 25557 502.196 11457872.847 918.209 2.8618 0.0 
7570000 25575 512.965 11475989.921 937.136 2.9103 0.0 
7580000 25605 435.459 11493040.646 776.698 2.4848 0.0 
7590000 25640 360.165 11510241.818 635.706 2.0517 0.0 
7600000 25663 383.999 11528834.587 692.748 2.1707 0.0 
7610000 25702 310.449 11545263.489 538.869 1.7689 0.0 
7620000 25735 293.861 11563842.673 524.075 1.6688 0.0 
7630000 25753 387.189 11583314.172 721.306 2.2046 0.0 
7640000 25767 461.88 11603331.788 883.732 2.6252 0.0 
7650000 25789 453.03 11623465.548 880.641 2.5665 0.0 
7660000 25811 453.56 11642948.506 883.136 2.5685 0.0 
7670000 25834 452.564 11662543.038 883.19 2.5651 0.0 
7680000 25857 442.474 11681787.405 859.785 2.5011 0.0 
7690000 25881 434.82 11700602.021 834.298 2.4554 0.0 
7700000 25902 439.561 11718764.939 830.801 2.4823 0.0 
7710000 25918 500.557 11736396.578 923.605 2.8336 0.0 
7720000 25936 517.958 11756819.424 989.94 2.9134 0.0 
7730000 25961 462.812 11775102.637 870.864 2.6142 0.0 
7740000 26000 333.947 11792558.188 609.616 1.8945 0.0 
7750000 26038 298.632 11809939.75 534.423 1.6725 0.0 
7760000 26060 345.536 11829346.991 639.471 1.9454 0.0 
7770000 26085 359.314 11848115.507 670.959 2.0491 0.0 
7780000 26123 316.804 11866544.243 589.318 1.7975 0.0 
7790000 26170 252.939 11882982.955 448.255 1.4345 0.0 
7800000 26192 321.852 11893446.057 466.084 1.8384 0.0 
7810000 26214 359.026 11899680.358 397.63 2.0583 0.0 
7820000 26241 360.829 11911768.54 426.962 2.0628 0.0 
7830000 26266 384.722 11920150.043 398.692 2.2104 0.0 
7840000 26304 311.605 11934262.498 376.484 1.7706 0.0 
7850000 26328 366.285 11950581.351 515.494 2.0796 0.0 
7860000 26344 437.311 11967248.713 661.103 2.4781 0.0 
7870000 26359 490.813 11986307.659 806.304 2.7884 0.0 
7880000 26374 543.904 12005377.997 943.336 3.097 0.0 
7890000 26435 273.304 12021352.661 457.608 1.5716 0.0 
7900000 26507 156.033 12036450.363 235.549 0.8829 0.0 
7910000 26566 169.592 12051397.242 258.111 0.963 0.0 
7920000 26602 213.872 12069042.829 354.915 1.2145 0.0 
7930000 26647 220.394 12085345.607 360.467 1.2615 0.0 
7940000 26694 217.758 12101521.667 356.532 1.2324 0.0 
7950000 26721 290.688 12119810.419 508.688 1.6498 0.0 
7960000 26779 209.682 12135691.535 347.073 1.1966 0.0 
7970000 26820 233.217 12151490.139 372.916 1.3363 0.0 
7980000 26849 289.013 12167405.508 463.386 1.6417 0.0 
7990000 26877 318.948 12184246.828 524.644 1.8026 0.0 
8000000 26920 264.831 12200248.194 428.892 1.5009 0.0 
8010000 26976 205.602 12216187.208 328.851 1.1673 0.0 
8020000 27020 214.911 12232644.486 348.075 1.2201 0.0 
8030000 27046 286.482 12249804.068 478.941 1.6357 0.0 
8040000 27069 346.205 12266594.667 580.245 1.9595 0.0 
8050000 27087 395.782 12282759.279 653.016 2.2435 0.0 
8060000 27102 476.069 12299290.482 784.43 2.7132 0.0 
8070000 27118 523.609 12314784.062 846.695 2.9948 0.0 
8080000 27136 527.435 12330223.525 839.791 3.0115 0.0 
8090000 27166 431.952 12345429.442 676.398 2.4657 0.0 
8100000 27205 339.319 12360481.91 521.613 1.9381 0.0 
8110000 27266 206.009 12373919.555 294.423 1.178 0.0 
8120000 27345 139.015 12386587.95 180.103 0.796 0.0 
8130000 27441 122.714 12397679.477 130.553 0.7004 0.0 
8140000 27513 136.669 12410733.885 179.106 0.7759 0.0 
8150000 27545 226.693 12424645.23 315.968 1.2885 0.0 
8160000 27580 254.376 12438786.544 361.438 1.4576 0.0 
8170000 27610 293.583 12452410.959 407.173 1.6643 0.0 
8180000 27649 266.437 12467567.87 388.556 1.5161 0.0 
8190000 27685 265.783 12483262.871 401.226 1.5193 0.0 
8200000 27736 213.822 12497236.998 304.903 1.2203 0.0 
8210000 27789 193.968 12511022.082 272.034 1.101 0.0 
8220000 27843 199.49 12524003.738 272.744 1.1271 0.0 
8230000 27890 198.765 12537444.268 269.404 1.1362 0.0 
8240000 27932 219.432 12552965.12 321.901 1.2392 0.0 
8250000 27974 230.637 12568825.602 354.056 1.2944 0.0 
8260000 28011 259.636 12586405.222 434.781 1.4667 0.0 
8270000 28048 254.356 12603458.116 430.423 1.4423 0.0 
8280000 28080 289.121 12620377.202 487.165 1.6553 0.0 
8290000 28107 327.713 12637467.878 555.572 1.8522 0.0 
8300000 28140 310.669 12655287.905 539.233 1.7732 0.0 
8310000 28179 290.225 12672063.036 499.477 1.6437 0.0 
8320000 28199 353.541 12689586.349 611.591 2.0213 0.0 
8330000 28221 380.281 12705931.538 638.748 2.1695 0.0 
8340000 28254 354.003 12721360.062 575.09 2.003 0.0 
8350000 28272 412.742 12737554.625 670.779 2.3557 0.0 
8360000 28306 348.045 12752497.782 543.605 1.9879 0.0 
8370000 28383 164.824 12766199.622 238.474 0.9444 0.0 
8380000 28442 167.579 12781017.295 245.949 0.945 0.0 
8390000 28510 139.839 12794616.771 193.639 0.7858 0.0 
8400000 28608 114.907 12807046.994 148.248 0.6441 0.0 
8410000 28682 136.211 12820902.73 186.985 0.7735 0.0 
8420000 28729 173.457 12835750.372 252.608 0.9913 0.0 
8430000 28774 217.568 12852877.74 357.779 1.2428 0.0 
8440000 28800 283.418 12869920.248 476.179 1.6144 0.0 
8450000 28840 260.132 12884368.296 404.652 1.4858 0.0 
8460000 28867 310.33 12900657.747 494.699 1.7636 0.0 
8470000 28904 294.41 12916567.833 471.164 1.6563 0.0 
8480000 28921 371.538 12933481.635 609.789 2.0876 0.0 
8490000 28950 360.295 12950626.389 602.892 2.0474 0.0 
8500000 28973 381.418 12967581.811 639.59 2.1732 0.0 
8510000 28997 398.805 12982849.216 644.893 2.265 0.0 
8520000 29033 326.178 12998544.902 519.783 1.8569 0.0 
8530000 29078 260.268 13014312.421 412.178 1.4806 0.0 
8540000 29122 239.352 13029346.251 369.306 1.3701 0.0 
8550000 29159 260.786 13043573.831 385.36 1.4861 0.0 
8560000 29197 277.881 13058698.364 423.006 1.5803 0.0 
8570000 29237 268.465 13074452.577 417.19 1.5108 0.0 
8580000 29278 250.555 13090617.766 397.304 1.4055 0.0 
8590000 29304 304.298 13106925.02 488.705 1.6997 0.0 
8600000 29329 336.713 13123626.09 549.426 1.8906 0.0 
8610000 29365 305.525 13140288.253 504.015 1.7227 0.0 
8620000 29406 275.399 13155828.774 437.212 1.543 0.0 
8630000 29440 283.054 13170796.303 443.942 1.5988 0.0 
8640000 29475 288.998 13185322.334 433.035 1.6381 0.0 
8650000 29502 319.653 13198908.561 458.699 1.8212 0.0 
8660000 29522 370.34 13211469.732 507.649 2.0953 0.0 
8670000 29539 427.675 13225725.55 584.145 2.4142 0.0 
8680000 29559 465.18 13239817.676 642.875 2.6434 0.0 
8690000 29578 485.393 13252775.392 662.697 2.7523 0.0 
8700000 29600 464.657 13264586.195 602.922 2.6569 0.0 
8710000 29640 340.758 13275997.995 418.477 1.9404 0.0 
8720000 29672 319.164 13284911.615 350.862 1.8197 0.0 
8730000 29708 302.149 13294588.374 321.127 1.7221 0.0 
8740000 29737 329.655 13308700.231 411.665 1.8596 0.0 
8750000 29770 311.038 13322885.101 412.16 1.7606 0.0 
8760000 29807 277.411 13336940.531 375.993 1.5813 0.0 
8770000 29824 368.244 13351658.999 521.392 2.1 0.0 
8780000 29851 371.28 13365341.373 516.606 2.1083 0.0 
8790000 29885 330.791 13378169.256 445.02 1.8979 0.0 
8800000 29923 288.715 13391315.113 383.772 1.6467 0.0 
8810000 29946 343.937 13404864.955 461.916 1.9686 0.0 
8820000 29976 343.099 13416232.557 423.875 1.9745 0.0 
8830000 29992 417.247 13424694.238 454.125 2.3922 0.0 
8840000 30004 510.62 13433063.111 508.485 2.919 0.0 
8850000 30019 536.249 13440480.364 495.498 3.0472 0.0 
8860000 30041 513.11 13450963.119 494.061 2.9277 0.0 
8870000 30085 325.628 13459926.835 311.237 1.871 0.0 
8880000 30104 405.219 13465419.14 313.193 2.3144 0.0 
8890000 30153 274.493 13477783.532 271.051 1.5568 0.0 
8900000 30193 263.258 13489697.375 286.674 1.491 0.0 
8910000 30218 323.5 13501509.333 366.745 1.8222 0.0 
8920000 30251 306.409 13514398.114 364.817 1.7427 0.0 
8930000 30289 285.674 13525974.835 337.582 1.6237 0.0 
8940000 30311 341.26 13536619.788 384.733 1.9416 0.0 
8950000 30340 342.943 13545928.505 351.77 1.9417 0.0 
8960000 30389 253.36 13558493.437 290.471 1.4425 0.0 
8970000 30482 133.684 13569769.364 151.041 0.7658 0.0 
8980000 30557 143.031 13582396.515 180.068 0.8157 0.0 
8990000 30632 132.882 13594125.719 157.529 0.7555 0.0 
9000000 30678 189.669 13606962.476 239.576 1.0792 0.0 
9010000 30705 260.706 13619471.732 325.562 1.4816 0.0 
9020000 30729 326.772 13628687.868 357.304 1.8499 0.0 
9030000 30755 350.874 13637204.615 349.06 1.9913 0.0 
9040000 30778 373.809 13649717.143 414.718 2.1299 0.0 
9050000 30818 305.755 13663019.298 371.215 1.7315 0.0 
9060000 30864 248.88 13676189.197 314.859 1.4027 0.0 
9070000 30918 206.034 13688552.957 256.518 1.169 0.0 
9080000 30958 229.76 13699913.516 272.657 1.2882 0.0 
9090000 31000 237.642 13710629.301 261.258 1.3494 0.0 
9100000 31041 247.359 13721762.304 272.794 1.3875 0.0 
9110000 31083 245.066 13733717.627 282.861 1.3781 0.0 
9120000 31106 317.488 13746997.3 394.352 1.7968 0.0 
9130000 31140 302.597 13759773.749 382.787 1.7483 0.0 
9140000 31173 295.662 13773733.316 390.441 1.6981 0.0 
9150000 31204 305.727 13786922.343 403.734 1.7444 0.0 
9160000 31230 325.087 13800640.052 433.932 1.853 0.0 
9170000 31273 270.214 13813794.922 358.384 1.5386 0.0 
9180000 31299 309.294 13827451.116 413.927 1.758 0.0 
9190000 31338 281.132 13841117.488 381.328 1.6117 0.0 
9200000 31362 335.794 13854841.744 459.46 1.9194 0.0 
9210000 31386 364.158 13869384.273 511.82 2.0717 0.0 
9220000 31423 320.987 13883047.297 447.189 1.8232 0.0 
9230000 31451 346.71 13897335.374 489.58 1.9569 0.0 
9240000 31484 319.499 13911917.367 457.276 1.797 0.0 
9250000 31512 334.12 13924638.843 452.329 1.8948 0.0 
9260000 31532 386.124 13938908.401 537.2 2.1931 0.0 
9270000 31558 386.031 13953312.92 545.07 2.1813 0.0 
9280000 31587 372.612 13967563.721 529.947 2.1177 0.0 
9290000 31613 375.979 13982278.127 541.904 2.129 0.0 
9300000 31693 153.441 13994335.584 194.994 0.8761 0.0 
9310000 31725 220.859 14006925.552 278.425 1.2833 0.0 
9320000 31748 293.853 14020016.303 374.254 1.6842 0.0 
9330000 31770 358.796 14032130.223 448.199 2.0499 0.0 
9340000 31812 283.917 14043986.12 345.611 1.6173 0.0 
9350000 31879 197.728 14051633.988 183.394 1.1299 0.0 
9360000 31932 205.313 14058814.254 163.269 1.1849 0.0 
9370000 31963 256.303 14066280.435 198.332 1.4784 0.0 
9380000 31985 334.048 14073094.569 243.62 1.905 0.0 
9390000 32019 305.265 14083104.801 254.931 1.7326 0.0 
9400000 32045 340.056 14095470.948 348.894 1.9299 0.0 
9410000 32071 365.932 14108166.244 420.016 2.09 0.0 
9420000 32099 356.942 14119440.292 409.601 2.043 0.0 
9430000 32120 402.439 14127446.338 401.064 2.2866 0.0 
9440000 32157 327.736 14137429.298 329.638 1.8614 0.0 
9450000 32185 336.337 14148613.205 357.182 1.9204 0.0 
9460000 32197 446.053 14155287.711 402.924 2.5418 0.0 
9470000 32211 513.338 14162541.189 431.073 2.928 0.0 
9480000 32243 413.062 14174191.426 392.079 2.3483 0.0 
9490000 32284 319.67 14187138.487 351.581 1.8033 0.0 
9500000 32320 284.77 14198289.06 320.329 1.6187 0.0 
9510000 32374 225.708 14209546.017 243.44 1.2856 0.0 
9520000 32407 263.504 14216937.818 234.643 1.5068 0.0 
9530000 32441 281.069 14228049.551 290.537 1.5924 0.0 
9540000 32464 346.834 14242180.406 423.967 1.9816 0.0 
9550000 32495 340.491 14255863.243 439.599 1.9377 0.0 
9560000 32535 284.819 14270479.18 390.241 1.6201 0.0 
9570000 32588 219.955 14284038.89 300.45 1.2589 0.0 
9580000 32617 268.883 14297890.991 367.69 1.5265 0.0 
9590000 32651 286.31 14310686.419 381.994 1.6391 0.0 
9600000 32682 314.223 14324496.544 427.125 1.8076 0.0 
9610000 32700 374.354 14339548.981 530.629 2.1337 0.0 
9620000 32740 309.32 14352684.506 425.122 1.7713 0.0 
9630000 32773 299.612 14365831.855 400.23 1.7135 0.0 
9640000 32812 279.477 14373559.628 293.966 1.5925 0.0 
9650000 32868 206.989 14379427.889 166.421 1.1786 0.0 
9660000 32934 184.601 14386406.373 140.409 1.0616 0.0 
9670000 32959 266.751 14392015.644 174.069 1.5361 0.0 
9680000 33005 220.779 14399132.745 155.994 1.263 0.0 
9690000 33053 213.507 14404072.583 124.25 1.2112 0.0 
9700000 33076 312.933 14409314.625 171.03 1.7884 0.0 
9710000 33095 371.125 14413934.263 189.629 2.1272 0.0 
9720000 33150 254.985 14418589.623 124.229 1.4655 0.0 
9730000 33183 271.165 14423492.401 133.128 1.5575 0.0 
9740000 33207 319.395 14427748.11 147.425 1.8195 0.0 
9750000 33228 384.597 14432045.864 171.298 2.2193 0.0 
9760000 33259 340.365 14436412.018 150.264 1.9496 0.0 
9770000 33321 222.409 14441293.185 109.029 1.2702 0.0 
9780000 33360 240.799 14449556.683 161.526 1.386 0.0 
9790000 33390 275.22 14454995.922 166.786 1.566 0.0 
9800000 33438 246.305 14460314.504 143.289 1.4179 0.0 
9810000 33503 157.929 14466704.753 89.692 0.9096 0.0 
9820000 33566 168.362 14471888.569 90.116 0.9669 0.0 
9830000 33615 184.685 14475420.293 76.361 1.0482 0.0 
9840000 33658 215.528 14478608.735 76.677 0.9849 0.0 
9850000 33679 299.888 14482933.221 118.738 1.0089 0.0 
9860000 33755 178.154 14493958.096 154.501 0.4757 0.0 
9870000 33819 156.436 14503236.472 140.688 0.4755 0.0 
9880000 33877 162.331 14513133.884 149.954 0.5855 0.0 
9890000 33907 247.35 14519261.823 182.485 0.9458 0.0 
9900000 33934 299.219 14524334.376 183.986 1.135 0.0 
9910000 34000 189.104 14529149.994 100.885 0.7213 0.0 
9920000 34036 237.388 14533572.832 113.23 0.9081 0.0 
9930000 34073 250.784 14538039.662 115.693 0.9498 0.0 
9940000 34101 299.657 14543002.643 143.957 1.1385 0.0 
9950000 34123 347.394 14549326.302 190.716 1.3089 0.0 
9960000 34143 404.554 14556420.206 251.769 1.5387 0.0 
9970000 34171 385.379 14566430.286 294.445 1.4691 0.0 
9980000 34194 395.278 14574185.444 303.231 1.4945 0.0 
9990000 34219 383.128 14583006.945 313.311 1.4556 0.0 
10000000 34237 452.272 14589314.47 334.834 1.7001 0.0 
