1000 1 0.4 350.192 0.025 0.0003 0.0 
2000 2 20.392 721.84 7.111 0.0159 0.0 
3000 4 52.984 1162.404 20.185 0.0411 0.0 
4000 5 71.925 1585.606 28.393 0.0557 0.0 
5000 6 79.286 1965.606 31.435 0.0614 0.0 
6000 7 97.701 2361.585 38.1 0.0758 0.0 
7000 8 115.747 2775.13 45.601 0.0897 0.0 
8000 9 133.432 3118.588 52.927 0.1036 0.0 
9000 10 150.763 3461.249 58.447 0.1171 0.0 
10000 12 172.173 3837.595 65.941 0.1336 0.0 
11000 13 188.729 4152.993 70.842 0.1466 0.0 
12000 15 205.216 4535.122 77.787 0.1592 0.0 
13000 16 221.111 4791.893 80.773 0.1716 0.0 
14000 19 230.608 5239.03 85.843 0.1788 0.0 
15000 20 238.095 5653.498 89.155 0.1845 0.0 
16000 21 253.334 6014.302 94.855 0.1964 0.0 
17000 23 270.748 6450.079 102.881 0.2096 0.0 
18000 24 269.173 6852.46 102.398 0.2084 0.0 
19000 25 283.79 7271.814 108.105 0.2196 0.0 
20000 26 298.114 7681.352 114.186 0.2306 0.0 
21000 27 312.152 8034.386 120.274 0.2414 0.0 
22000 28 325.909 8358.226 125.038 0.2521 0.0 
23000 29 339.391 8745.474 128.768 0.2626 0.0 
24000 31 354.111 9171.912 135.565 0.2738 0.0 
25000 32 367.029 9558.774 140.296 0.2838 0.0 
26000 33 379.688 9936.723 145.46 0.2936 0.0 
27000 34 392.094 10343.924 150.226 0.3031 0.0 
28000 35 404.252 10768.218 155.499 0.3124 0.0 
29000 36 416.167 11113.507 160.214 0.3216 0.0 
30000 37 427.844 11408.623 163.38 0.3309 0.0 
31000 39 439.661 11731.315 166.076 0.3403 0.0 
32000 40 450.868 12143.18 170.939 0.3489 0.0 
33000 41 461.851 12541.211 175.581 0.3574 0.0 
34000 42 454.394 12874.001 172.639 0.3517 0.0 
35000 45 450.975 13258.21 170.892 0.3491 0.0 
36000 46 461.955 13602.941 174.74 0.3577 0.0 
37000 47 472.716 13956.664 178.112 0.366 0.0 
38000 50 475.118 14322.891 178.206 0.3678 0.0 
39000 51 485.616 14716.958 182.529 0.3759 0.0 
40000 52 495.903 15061.3 185.896 0.384 0.0 
41000 53 489.805 15411.501 183.573 0.3793 0.0 
42000 54 500.009 15747.048 186.9 0.3872 0.0 
43000 57 501.735 16164.827 187.384 0.3884 0.0 
44000 58 511.701 16542.365 191.388 0.3963 0.0 
45000 59 521.467 16801.687 192.93 0.4039 0.0 
46000 60 531.037 17197.431 196.922 0.4113 0.0 
47000 61 540.417 17635.168 201.106 0.4186 0.0 
48000 62 543.168 18064.98 203.023 0.4207 0.0 
49000 63 552.305 18320.724 206.731 0.4277 0.0 
50000 64 561.259 18635.55 207.314 0.4349 0.0 
51000 67 560.874 19020.806 207.448 0.4345 0.0 
52000 68 569.656 19420.541 211.284 0.4415 0.0 
53000 69 578.263 19738.244 213.469 0.4483 0.0 
54000 71 574.917 20156.714 212.936 0.4456 0.0 
55000 72 583.419 20634.953 218.504 0.4519 0.0 
56000 74 575.729 21031.865 215.727 0.4459 0.0 
57000 75 570.674 21383.111 214.051 0.4419 0.0 
58000 77 575.716 21796.256 215.724 0.4459 0.0 
59000 78 584.201 22211.883 219.773 0.4523 0.0 
60000 80 577.129 22553.546 217.611 0.4468 0.0 
61000 83 568.565 22882.862 212.61 0.4403 0.0 
62000 84 577.194 23257.1 215.785 0.4469 0.0 
63000 85 585.65 23664.853 219.312 0.4534 0.0 
64000 86 593.697 24067.135 223.658 0.4595 0.0 
65000 87 601.823 24438.033 225.945 0.466 0.0 
66000 89 599.031 24767.999 224.23 0.4639 0.0 
67000 90 600.25 25160.646 225.319 0.4647 0.0 
68000 92 607.0 25548.544 227.939 0.4698 0.0 
69000 93 602.22 25895.233 226.141 0.4661 0.0 
70000 95 608.072 26291.785 228.033 0.4706 0.0 
71000 97 608.413 26616.619 227.466 0.4709 0.0 
72000 98 616.244 26966.192 229.98 0.4771 0.0 
73000 99 606.319 27365.243 226.406 0.4694 0.0 
74000 100 614.193 27650.191 229.597 0.4754 0.0 
75000 101 621.909 27985.504 230.385 0.4816 0.0 
76000 103 631.042 28399.116 233.834 0.4886 0.0 
77000 104 638.421 28739.59 236.301 0.4943 0.0 
78000 105 645.652 29036.345 237.319 0.4999 0.0 
79000 107 642.425 29385.964 236.069 0.4973 0.0 
80000 110 610.614 29758.526 224.631 0.4727 0.0 
81000 112 608.794 30133.4 223.745 0.4712 0.0 
82000 113 616.618 30456.241 226.319 0.4773 0.0 
83000 115 617.08 30835.034 225.856 0.4783 0.0 
84000 117 612.889 31279.446 225.719 0.4748 0.0 
85000 118 613.111 31689.289 227.201 0.4748 0.0 
86000 120 617.312 32031.826 227.717 0.4782 0.0 
87000 121 611.745 32262.034 226.403 0.4737 0.0 
88000 122 619.511 32529.179 225.933 0.4802 0.0 
89000 126 600.764 32897.875 217.22 0.4657 0.0 
90000 127 599.209 33299.415 217.215 0.4644 0.0 
91000 128 607.225 33676.412 220.976 0.4706 0.0 
92000 129 615.08 34016.329 223.983 0.4768 0.0 
93000 130 622.779 34403.509 226.429 0.4829 0.0 
94000 131 630.323 34797.744 229.529 0.4887 0.0 
95000 134 622.873 35231.86 227.756 0.4829 0.0 
96000 135 630.416 35628.73 231.898 0.4887 0.0 
97000 136 637.808 36011.83 235.226 0.4944 0.0 
98000 137 645.051 36328.643 236.939 0.5002 0.0 
99000 139 642.807 36601.646 233.781 0.4986 0.0 
100000 140 634.311 36951.207 231.009 0.492 0.0 
101000 141 641.625 37296.551 233.131 0.5672 0.0 
102000 142 648.793 37582.394 235.618 1.5466 0.0 
103000 143 655.817 37829.114 236.518 2.5132 0.0 
104000 144 662.7 38076.393 236.862 3.4661 0.0 
105000 145 669.446 38394.508 236.863 4.3966 0.0 
106000 146 676.057 38688.482 238.61 5.3106 0.0 
107000 147 682.536 39092.421 239.55 6.2056 0.0 
108000 148 688.886 39442.763 242.923 7.0839 0.0 
109000 149 695.108 39851.679 245.22 7.9501 0.0 
110000 150 701.206 40320.478 248.534 8.7936 0.0 
111000 151 707.182 40743.468 252.977 9.6216 0.0 
112000 152 713.038 41155.515 256.512 10.4333 0.0 
113000 199 295.906 41381.755 105.02 5.0383 0.0 
114000 249 120.489 41590.862 40.942 2.4709 0.0 
115000 299 56.595 41801.121 17.564 1.5409 0.0 
116000 349 33.327 42027.881 9.342 1.2033 0.0 
117000 358 31.111 42485.801 8.63 1.1712 0.0 
118000 400 33.33 42743.402 10.406 1.5181 0.0 
119000 427 28.023 43094.497 8.266 1.322 0.0 
120000 444 41.118 43420.835 13.58 2.0156 0.0 
121000 459 47.623 43697.673 14.791 2.3674 0.0 
122000 473 52.25 44062.936 17.071 2.6092 0.0 
123000 497 44.855 44386.481 14.351 2.2427 0.0 
124000 515 49.762 44745.215 16.626 2.4936 0.0 
125000 536 44.579 45120.061 14.657 2.2454 0.0 
126000 551 53.661 45594.349 20.709 2.707 0.0 
127000 557 49.838 46067.598 18.828 2.5193 0.0 
128000 573 62.38 46502.956 25.595 3.1708 0.0 
129000 580 74.153 47013.999 32.507 3.7754 0.0 
130000 581 92.67 47546.008 42.875 4.7222 0.0 
131000 583 109.001 48121.457 52.411 5.5681 0.0 
132000 584 109.641 48704.772 52.653 5.6017 0.0 
133000 586 136.119 49214.353 67.275 6.9599 0.0 
134000 591 143.098 49772.979 71.779 7.3217 0.0 
135000 597 146.8 50303.64 74.638 7.5138 0.0 
136000 600 158.187 50870.228 81.819 8.1063 0.0 
137000 608 154.58 51397.905 79.979 7.9258 0.0 
138000 623 119.453 51894.174 60.324 6.1244 0.0 
139000 624 137.064 52494.258 70.99 7.0352 0.0 
140000 625 154.323 53087.87 81.262 7.9239 0.0 
141000 626 171.236 53661.074 92.155 8.7996 0.0 
142000 627 187.812 54287.906 101.378 9.6549 0.0 
143000 628 204.055 54906.797 112.331 10.4971 0.0 
144000 630 216.035 55513.04 119.811 11.1218 0.0 
145000 635 215.297 56112.281 120.305 11.0892 0.0 
146000 639 218.584 56724.442 123.352 11.2641 0.0 
147000 641 229.948 57310.053 130.564 11.8614 0.0 
148000 642 245.349 57882.821 139.094 12.6646 0.0 
149000 643 260.442 58503.442 148.015 13.4479 0.0 
150000 645 270.148 59026.039 153.858 13.9561 0.0 
151000 646 284.745 59606.23 162.028 14.718 0.0 
152000 650 282.759 60075.56 159.583 14.6249 0.0 
153000 651 297.104 60644.711 167.015 15.375 0.0 
154000 652 311.162 61241.527 176.044 16.1078 0.0 
155000 653 324.939 61720.7 181.99 16.8288 0.0 
156000 654 338.44 62202.855 187.603 17.5345 0.0 
157000 655 351.671 62705.578 194.66 18.2299 0.0 
158000 656 364.638 63201.633 201.754 18.9153 0.0 
159000 657 377.345 63638.656 205.361 19.5821 0.0 
160000 658 389.798 64164.67 211.662 20.2356 0.0 
161000 659 402.002 64675.251 217.611 20.8884 0.0 
162000 660 413.962 65227.531 223.97 21.53 0.0 
163000 661 425.683 65752.071 230.239 22.1532 0.0 
164000 662 437.169 66144.96 235.143 22.7613 0.0 
165000 663 448.426 66708.948 239.371 23.3426 0.0 
166000 664 459.457 67071.858 243.363 23.9211 0.0 
167000 665 470.268 67476.087 245.853 24.5025 0.0 
168000 666 480.863 67851.265 249.842 25.0736 0.0 
169000 667 491.245 68289.269 252.01 25.6273 0.0 
170000 668 501.421 68718.003 255.197 26.168 0.0 
171000 669 511.392 69160.112 258.865 26.6896 0.0 
172000 670 521.164 69569.652 261.842 27.2038 0.0 
173000 671 530.061 70212.624 269.272 27.6787 0.0 
174000 672 539.46 70755.828 274.944 28.1785 0.0 
175000 673 548.671 71269.852 279.996 28.672 0.0 
176000 674 557.697 71842.261 285.068 29.1577 0.0 
177000 675 566.543 72377.952 290.682 29.6337 0.0 
178000 676 575.212 72897.953 294.963 30.103 0.0 
179000 677 583.708 73426.589 300.248 30.5541 0.0 
180000 678 592.034 74000.535 304.725 30.9994 0.0 
181000 679 600.193 74550.98 309.627 31.4368 0.0 
182000 680 608.189 75062.328 314.766 31.8645 0.0 
183000 681 616.026 75523.921 318.159 32.2828 0.0 
184000 682 623.705 76119.512 321.535 32.6925 0.0 
185000 683 631.231 76756.17 327.723 33.1001 0.0 
186000 684 638.606 77374.103 333.614 33.5019 0.0 
187000 685 645.834 78022.733 340.097 33.8879 0.0 
188000 686 652.918 78717.007 346.436 34.2642 0.0 
189000 687 659.859 79249.1 352.478 34.6329 0.0 
190000 688 666.662 79772.701 355.747 34.9957 0.0 
191000 689 673.329 80272.686 359.258 35.3563 0.0 
192000 690 679.862 80878.563 361.694 35.7028 0.0 
193000 691 686.265 81345.067 366.094 36.0422 0.0 
194000 692 692.54 81883.391 368.425 36.3743 0.0 
195000 693 698.689 82508.313 372.449 36.7016 0.0 
196000 694 704.715 83025.509 376.869 37.0238 0.0 
197000 695 710.621 83529.24 379.939 37.3364 0.0 
198000 696 716.408 84024.874 381.966 37.6467 0.0 
199000 697 722.08 84487.014 383.996 37.9497 0.0 
200000 698 727.639 85008.966 385.566 38.2465 0.0 
201000 699 733.086 85431.185 388.226 38.5354 0.0 
202000 700 738.424 85904.163 389.988 38.8159 0.0 
203000 701 743.656 86541.6 391.268 39.0918 0.0 
204000 702 748.783 87093.884 397.441 39.3639 0.0 
205000 703 753.807 87727.744 399.946 39.6344 0.0 
206000 704 758.731 88336.045 405.489 39.8981 0.0 
207000 705 763.556 88810.221 407.984 40.1545 0.0 
208000 706 767.265 89434.578 409.382 40.3506 0.0 
209000 707 771.92 89923.341 414.357 40.5996 0.0 
210000 708 776.481 90441.086 413.568 40.8496 0.0 
211000 709 780.952 91047.598 416.077 41.0958 0.0 
212000 710 785.333 91731.369 421.368 41.3325 0.0 
213000 711 789.626 92419.644 429.069 41.559 0.0 
214000 712 793.833 92993.226 430.984 41.7851 0.0 
215000 713 797.957 93608.193 433.343 42.007 0.0 
216000 714 801.998 94266.343 437.89 42.2197 0.0 
217000 715 805.958 95042.002 444.369 42.429 0.0 
218000 716 809.839 95710.441 448.653 42.6327 0.0 
219000 717 813.642 96578.371 456.527 42.831 0.0 
220000 718 817.369 97184.73 462.37 43.0296 0.0 
221000 719 821.022 97850.625 466.053 43.222 0.0 
222000 720 824.601 98510.966 469.041 43.4099 0.0 
223000 721 828.109 99161.767 471.284 43.5959 0.0 
224000 722 831.547 99821.081 476.706 43.7768 0.0 
225000 723 834.916 100479.332 479.657 43.9501 0.0 
226000 724 838.218 101176.039 484.916 44.1236 0.0 
227000 725 841.453 101768.269 487.336 44.2917 0.0 
228000 726 844.624 102293.077 488.572 44.4581 0.0 
229000 727 847.732 102995.798 491.857 44.6206 0.0 
230000 728 850.777 103684.769 494.53 44.7786 0.0 
231000 729 853.762 104391.98 498.127 44.9335 0.0 
232000 730 856.686 105109.81 503.829 45.0874 0.0 
233000 731 859.553 105690.548 506.766 45.2401 0.0 
234000 732 862.362 106362.393 507.389 45.3861 0.0 
235000 733 865.114 107029.828 510.401 45.5275 0.0 
236000 734 867.812 107813.877 516.275 45.6658 0.0 
237000 735 870.456 108437.072 520.119 45.7913 0.0 
238000 736 873.047 109110.736 523.038 45.9202 0.0 
239000 737 875.586 109718.38 525.719 46.0472 0.0 
240000 738 878.074 110314.806 526.826 46.1765 0.0 
241000 739 880.513 110890.593 528.209 46.3043 0.0 
242000 740 882.902 111467.702 528.442 46.4238 0.0 
243000 741 885.244 112125.617 531.111 46.5453 0.0 
244000 742 887.539 112734.683 533.278 46.6688 0.0 
245000 743 889.789 113304.646 534.252 46.787 0.0 
246000 744 891.993 113935.357 535.0 46.904 0.0 
247000 745 894.153 114528.422 536.137 47.0194 0.0 
248000 746 896.27 115248.675 538.496 47.1291 0.0 
249000 747 898.345 115897.49 542.367 47.2389 0.0 
250000 748 900.378 116573.767 544.788 47.3503 0.0 
251000 749 902.37 117202.778 546.503 47.4563 0.0 
252000 750 904.323 117861.405 548.626 47.5621 0.0 
253000 751 906.236 118519.726 551.002 47.6679 0.0 
254000 752 908.111 119223.955 552.889 47.7727 0.0 
255000 753 909.949 119889.136 555.85 47.8675 0.0 
256000 754 911.75 120525.885 558.317 47.9602 0.0 
257000 755 913.515 121220.112 559.694 48.0568 0.0 
258000 756 915.245 121915.929 563.14 48.1515 0.0 
259000 757 916.94 122547.449 565.248 48.2346 0.0 
260000 758 918.601 123105.133 565.612 48.3233 0.0 
261000 759 920.229 123827.746 567.103 48.4067 0.0 
262000 760 921.825 124432.528 568.654 48.4868 0.0 
263000 761 923.388 125050.321 570.039 48.5655 0.0 
264000 762 924.92 125726.641 570.907 48.6426 0.0 
265000 763 926.422 126420.761 574.013 48.7202 0.0 
266000 764 927.894 127090.14 575.726 48.7947 0.0 
267000 765 929.336 127732.689 577.901 48.8677 0.0 
268000 766 930.749 128417.782 578.87 48.9362 0.0 
269000 767 932.134 129099.231 580.955 49.0049 0.0 
270000 768 933.491 129748.692 582.89 49.0716 0.0 
271000 769 934.821 130447.475 584.847 49.1399 0.0 
272000 770 936.125 131165.564 586.834 49.2113 0.0 
273000 771 937.403 131875.721 589.713 49.2765 0.0 
274000 772 938.655 132571.544 591.371 49.3423 0.0 
275000 773 939.881 133263.792 594.107 49.4054 0.0 
276000 774 941.084 133951.517 596.054 49.4722 0.0 
277000 775 942.262 134631.79 597.945 49.5236 0.0 
278000 776 943.417 135352.645 599.418 49.585 0.0 
279000 777 944.549 136136.947 602.347 49.6441 0.0 
280000 778 945.658 136918.719 607.298 49.701 0.0 
281000 779 946.744 137707.064 609.97 49.7566 0.0 
282000 780 947.81 138588.903 614.073 49.8113 0.0 
283000 781 948.853 139425.667 619.571 49.8627 0.0 
284000 782 949.876 140312.933 624.346 49.9146 0.0 
285000 783 950.879 141155.412 629.502 49.9661 0.0 
286000 784 951.861 142064.328 634.143 50.016 0.0 
287000 785 952.824 142881.158 639.777 50.063 0.0 
288000 786 953.767 143708.109 642.138 50.1076 0.0 
289000 787 954.692 144680.448 647.629 50.1567 0.0 
290000 788 955.598 145537.292 653.102 50.2035 0.0 
291000 789 956.486 146360.666 657.555 50.2499 0.0 
292000 790 957.357 147221.615 660.643 50.2924 0.0 
293000 791 958.209 148103.308 664.647 50.3287 0.0 
294000 792 959.045 148959.895 669.739 50.3593 0.0 
295000 793 959.864 149789.738 670.503 50.3981 0.0 
296000 794 960.667 150637.669 675.62 50.4285 0.0 
297000 795 961.454 151481.134 677.905 50.4583 0.0 
298000 796 962.225 152246.765 682.276 50.4867 0.0 
299000 797 962.98 153043.37 682.424 50.5119 0.0 
300000 798 963.721 153903.932 687.157 50.5374 0.0 
301000 799 964.446 154708.928 689.647 50.5618 0.0 
302000 800 965.157 155479.291 690.956 50.5856 0.0 
303000 801 965.854 156179.827 691.632 50.6052 0.0 
304000 802 966.537 157122.348 695.563 50.6274 0.0 
305000 803 967.206 157891.127 697.959 50.6477 0.0 
306000 804 967.862 158694.678 698.805 50.6674 0.0 
307000 805 968.505 159457.891 700.889 50.6873 0.0 
308000 806 969.135 160184.548 702.88 50.7099 0.0 
309000 807 969.752 160847.735 701.408 50.7391 0.0 
310000 808 970.357 161612.606 702.603 50.7622 0.0 
311000 809 970.95 162361.047 703.009 50.7842 0.0 
312000 810 971.531 163089.703 703.485 50.8022 0.0 
313000 811 972.1 163732.056 703.023 50.8298 0.0 
314000 812 972.658 164459.849 702.49 50.8508 0.0 
315000 813 973.205 165280.117 706.186 50.8705 0.0 
316000 814 973.741 165968.513 705.832 50.8928 0.0 
317000 815 974.266 166739.469 705.468 50.9079 0.0 
318000 816 974.781 167612.232 709.288 50.9229 0.0 
319000 817 975.285 168357.948 710.014 50.935 0.0 
320000 818 975.78 169185.533 711.721 50.9492 0.0 
321000 819 976.264 170095.03 716.164 50.9599 0.0 
322000 820 976.739 170803.519 716.745 50.9747 0.0 
323000 821 977.204 171644.642 717.613 50.9874 0.0 
324000 822 977.66 172511.596 720.039 51.0036 0.0 
325000 823 978.107 173500.341 723.756 51.0176 0.0 
326000 824 978.545 174330.304 728.573 51.0369 0.0 
327000 825 978.974 175119.868 730.399 51.0533 0.0 
328000 826 979.394 175985.148 732.78 51.0679 0.0 
329000 827 979.806 176740.984 733.906 51.0776 0.0 
330000 828 980.21 177528.25 734.411 51.09 0.0 
331000 829 980.606 178336.931 736.182 51.1025 0.0 
332000 830 980.994 179072.315 735.701 51.1155 0.0 
333000 831 981.374 179820.512 737.278 51.1241 0.0 
334000 832 981.746 180739.072 739.791 51.1415 0.0 
335000 833 982.112 181391.081 739.229 51.1495 0.0 
336000 834 982.469 182070.753 737.142 51.1624 0.0 
337000 835 982.82 182889.037 738.018 51.1692 0.0 
338000 836 983.164 183583.579 740.062 51.1833 0.0 
339000 837 983.5 184374.865 737.861 51.1964 0.0 
340000 838 983.83 185410.619 742.129 51.2095 0.0 
341000 839 984.154 186217.727 745.985 51.2315 0.0 
342000 840 984.471 187184.727 747.96 51.2487 0.0 
343000 841 984.781 188257.308 755.215 51.2648 0.0 
344000 842 985.086 189253.932 759.315 51.2793 0.0 
345000 843 985.384 190261.076 764.557 51.2906 0.0 
346000 844 985.676 191366.489 770.79 51.2916 0.0 
347000 845 985.963 192351.713 775.613 51.2983 0.0 
348000 846 986.243 193441.837 781.746 51.3003 0.0 
349000 847 986.518 194318.584 785.42 51.3089 0.0 
350000 848 986.788 195296.508 788.092 51.3121 0.0 
351000 849 987.052 196264.774 791.82 51.3214 0.0 
352000 850 987.311 197191.067 796.307 51.3292 0.0 
353000 851 987.565 198038.432 795.633 51.3372 0.0 
354000 852 987.814 198845.654 798.245 51.3462 0.0 
355000 853 988.058 199719.98 796.417 51.3548 0.0 
356000 854 988.296 200725.528 800.589 51.3621 0.0 
357000 855 988.53 201709.538 805.347 51.3701 0.0 
358000 856 988.76 202487.707 808.427 51.3777 0.0 
359000 857 988.985 203237.178 804.15 51.3856 0.0 
360000 858 989.205 204114.862 806.162 51.3979 0.0 
361000 859 989.421 204914.125 807.998 51.3936 0.0 
362000 860 989.632 205708.857 804.617 51.4044 0.0 
363000 861 989.84 206641.608 806.593 51.4103 0.0 
364000 862 990.043 207725.562 811.002 51.4189 0.0 
365000 863 990.242 208780.587 815.289 51.4299 0.0 
366000 864 990.437 209825.777 821.531 51.4434 0.0 
367000 865 990.629 210898.623 827.015 51.4572 0.0 
368000 866 990.816 211867.435 829.863 51.4724 0.0 
369000 867 991.0 212914.759 834.245 51.4845 0.0 
370000 868 991.18 213788.677 834.557 51.4992 0.0 
371000 869 991.356 214712.589 838.87 51.5085 0.0 
372000 870 991.529 215512.569 833.9 51.5076 0.0 
373000 871 991.698 216613.745 839.47 51.5167 0.0 
374000 872 991.864 217801.784 845.0 51.5226 0.0 
375000 873 992.027 218786.136 850.516 51.5319 0.0 
376000 874 992.187 219740.076 855.719 51.5392 0.0 
377000 875 992.343 220747.432 856.052 51.5494 0.0 
378000 876 992.496 222036.677 862.135 51.5542 0.0 
379000 877 992.646 223205.875 869.468 51.5585 0.0 
380000 878 992.793 224366.559 873.888 51.5515 0.0 
381000 879 992.937 225347.382 881.957 51.559 0.0 
382000 880 993.079 226241.209 877.496 51.5693 0.0 
383000 881 993.217 227189.054 880.913 51.578 0.0 
384000 882 993.353 228081.851 881.711 51.5854 0.0 
385000 883 993.486 229021.474 880.555 51.5932 0.0 
386000 884 993.616 230202.499 885.979 51.5949 0.0 
387000 885 993.744 231433.757 891.504 51.5984 0.0 
388000 886 993.869 232546.462 897.059 51.6037 0.0 
389000 887 993.991 233385.277 895.477 51.6098 0.0 
390000 888 994.111 234428.62 900.441 51.6073 0.0 
391000 889 994.229 235384.994 901.257 51.6075 0.0 
392000 890 994.345 236545.252 904.667 51.612 0.0 
393000 891 994.458 237769.739 910.762 51.6146 0.0 
394000 892 994.569 238911.614 915.795 51.612 0.0 
395000 893 994.677 240169.661 923.373 51.6142 0.0 
396000 894 994.784 241303.529 927.158 51.6171 0.0 
397000 895 994.888 242549.502 933.056 51.6206 0.0 
398000 896 994.99 243410.476 938.352 51.6239 0.0 
399000 897 995.09 244472.415 934.539 51.6279 0.0 
400000 898 995.189 245708.174 940.119 51.6285 0.0 
401000 899 995.285 246959.382 946.952 51.6306 0.0 
402000 900 995.379 248088.792 949.517 51.6426 0.0 
403000 901 995.472 249161.916 952.765 51.6429 0.0 
404000 902 995.562 250244.684 958.717 51.6453 0.0 
405000 903 995.651 251290.145 956.42 51.6467 0.0 
406000 904 995.738 252583.715 963.131 51.6544 0.0 
407000 905 995.823 253809.87 969.438 51.6589 0.0 
408000 906 995.907 255072.634 974.503 51.6649 0.0 
409000 907 995.989 256076.121 975.879 51.6732 0.0 
410000 908 996.069 257136.562 978.606 51.6745 0.0 
411000 909 996.147 258179.902 977.108 51.675 0.0 
412000 910 996.224 259473.886 984.155 51.6878 0.0 
413000 911 996.3 260723.55 989.977 51.688 0.0 
414000 912 996.374 262013.821 995.054 51.692 0.0 
415000 913 996.446 263329.433 1001.518 51.6963 0.0 
416000 914 996.518 264670.971 1009.243 51.7009 0.0 
417000 915 996.587 265770.335 1011.917 51.7104 0.0 
418000 916 996.655 267119.732 1017.554 51.7199 0.0 
419000 917 996.722 268425.12 1022.239 51.7282 0.0 
420000 918 996.788 269654.583 1027.311 51.7406 0.0 
421000 919 996.852 270756.981 1032.37 51.7508 0.0 
422000 920 996.915 271756.816 1027.502 51.7475 0.0 
423000 921 996.977 273136.045 1034.076 51.7495 0.0 
424000 922 997.037 274473.675 1040.463 51.7527 0.0 
425000 923 997.097 275832.976 1046.838 51.7534 0.0 
426000 924 997.155 277109.046 1051.917 51.7549 0.0 
427000 925 997.211 277916.988 1052.1 51.7551 0.0 
428000 926 997.267 278861.254 1043.83 51.758 0.0 
429000 927 997.322 279907.825 1049.953 51.762 0.0 
430000 928 997.375 280791.951 1040.74 51.7649 0.0 
431000 929 997.428 282009.126 1045.122 51.7667 0.0 
432000 930 997.479 283522.678 1052.494 51.7666 0.0 
433000 931 997.53 284795.468 1059.897 51.7678 0.0 
434000 932 997.579 286127.001 1064.771 51.7693 0.0 
435000 933 997.628 287551.703 1069.754 51.7635 0.0 
436000 934 997.675 288845.438 1076.17 51.7627 0.0 
437000 935 997.722 290320.782 1081.756 51.7599 0.0 
438000 936 997.767 291777.971 1089.588 51.757 0.0 
439000 937 997.812 293188.525 1097.151 51.752 0.0 
440000 938 997.856 294552.196 1102.328 51.7488 0.0 
441000 939 997.898 295840.732 1106.331 51.7497 0.0 
442000 940 997.94 297037.199 1108.856 51.7513 0.0 
443000 941 997.982 298281.907 1110.507 51.7526 0.0 
444000 942 998.022 299728.96 1117.174 51.755 0.0 
445000 943 998.062 301147.816 1123.06 51.7582 0.0 
446000 944 998.1 302393.111 1127.625 51.7569 0.0 
447000 945 998.138 303786.469 1131.16 51.7539 0.0 
448000 946 998.176 305082.57 1135.372 51.7568 0.0 
449000 947 998.212 306295.583 1138.446 51.7587 0.0 
450000 948 998.248 307650.741 1140.253 51.7609 0.0 
451000 949 998.283 308636.956 1144.844 51.7665 0.0 
452000 950 998.317 309623.353 1134.193 51.7636 0.0 
453000 951 998.351 310971.831 1138.628 51.7745 0.0 
454000 952 998.384 312229.912 1142.697 51.7747 0.0 
455000 953 998.416 313530.002 1143.903 51.769 0.0 
456000 954 998.448 314920.085 1149.885 51.773 0.0 
457000 955 998.479 316083.269 1148.867 51.7731 0.0 
458000 956 998.509 317025.189 1153.001 51.7702 0.0 
459000 957 998.539 318253.757 1149.528 51.7698 0.0 
460000 958 998.568 319604.95 1151.016 51.7664 0.0 
461000 959 998.597 320843.48 1155.996 51.7635 0.0 
462000 960 998.625 321878.003 1156.732 51.7617 0.0 
463000 961 998.653 323076.175 1152.816 51.7612 0.0 
464000 962 998.68 324301.627 1155.582 51.7608 0.0 
465000 963 998.706 325604.8 1155.825 51.7581 0.0 
466000 964 998.732 326923.766 1160.786 51.7577 0.0 
467000 965 998.757 328256.225 1163.866 51.758 0.0 
468000 966 998.782 329250.701 1160.382 51.7552 0.0 
469000 967 998.806 330637.78 1163.087 51.7554 0.0 
470000 968 998.83 331901.854 1166.03 51.7517 0.0 
471000 969 998.854 333021.884 1167.966 51.7477 0.0 
472000 970 998.877 333855.026 1165.516 51.7485 0.0 
473000 971 998.899 335149.678 1160.722 51.7469 0.0 
474000 972 998.921 336602.238 1165.043 51.7492 0.0 
475000 973 998.943 337965.072 1171.314 51.7518 0.0 
476000 974 998.964 339455.479 1174.827 51.7578 0.0 
477000 975 998.985 340862.196 1181.332 51.759 0.0 
478000 976 999.005 342108.312 1184.856 51.7591 0.0 
479000 977 999.025 343448.819 1186.237 51.7589 0.0 
480000 978 999.044 344750.031 1188.287 51.7646 0.0 
481000 979 999.063 346061.505 1191.363 51.7721 0.0 
482000 980 999.082 347546.675 1194.756 51.7798 0.0 
483000 981 999.1 348879.12 1200.231 51.7809 0.0 
484000 982 999.118 350264.307 1202.74 51.7799 0.0 
485000 983 999.136 351380.116 1201.895 51.7823 0.0 
486000 984 999.153 352746.69 1204.536 51.7777 0.0 
487000 985 999.17 354125.75 1207.883 51.7769 0.0 
488000 986 999.187 355472.367 1210.438 51.776 0.0 
489000 987 999.203 356820.459 1212.271 51.7763 0.0 
490000 988 999.219 358186.181 1216.093 51.7758 0.0 
491000 989 999.235 359455.358 1217.394 51.774 0.0 
492000 990 999.25 360881.71 1220.435 51.7701 0.0 
493000 991 999.265 362217.007 1224.294 51.7708 0.0 
494000 992 999.28 363637.046 1227.494 51.7741 0.0 
495000 993 999.294 365083.591 1231.808 51.7771 0.0 
496000 994 999.308 366233.98 1230.555 51.7805 0.0 
497000 995 999.322 367399.61 1231.477 51.7863 0.0 
498000 996 999.336 368637.806 1229.327 51.7943 0.0 
499000 997 999.349 369983.44 1231.227 51.7982 0.0 
500000 998 999.362 371502.42 1235.331 51.8035 0.0 
501000 999 999.375 372911.505 1240.829 51.8044 0.0 
502000 1000 999.387 374273.218 1241.767 51.8074 0.0 
503000 1001 999.399 375545.964 1245.068 51.8073 0.0 
504000 1002 999.411 376996.804 1247.226 51.8081 0.0 
505000 1003 999.423 378343.547 1249.623 51.8128 0.0 
506000 1005 982.046 379590.437 1228.263 50.9134 0.0 
507000 1006 982.405 380889.778 1230.985 50.9285 0.0 
508000 1007 982.757 382307.719 1233.718 50.9437 0.0 
509000 1008 983.102 383720.088 1235.931 50.9634 0.0 
510000 1009 983.44 385226.891 1240.989 50.98 0.0 
511000 1010 983.771 386370.151 1246.052 50.9943 0.0 
512000 1011 984.096 387912.703 1245.374 51.0098 0.0 
513000 1012 984.414 389412.57 1250.843 51.0245 0.0 
514000 1013 984.725 390881.907 1256.468 51.0373 0.0 
515000 1014 985.031 391967.677 1254.397 51.0514 0.0 
516000 1015 985.33 393450.331 1256.154 51.0655 0.0 
517000 1016 985.624 394948.312 1262.0 51.0793 0.0 
518000 1017 985.911 396252.423 1265.264 51.0889 0.0 
519000 1018 986.193 397683.969 1266.044 51.1003 0.0 
520000 1019 986.469 399109.713 1269.044 51.114 0.0 
521000 1020 986.74 400381.651 1269.518 51.1254 0.0 
522000 1021 987.005 401810.791 1272.223 51.14 0.0 
523000 1022 987.265 403268.518 1275.069 51.146 0.0 
524000 1023 987.52 404863.402 1281.714 51.1569 0.0 
525000 1024 987.769 406354.486 1287.096 51.1699 0.0 
526000 1025 988.014 407908.754 1291.187 51.1804 0.0 
527000 1026 988.254 409402.613 1295.997 51.1948 0.0 
528000 1027 988.488 410737.367 1296.743 51.1966 0.0 
529000 1028 988.719 412222.78 1301.04 51.209 0.0 
530000 1029 988.944 413581.65 1302.223 51.2247 0.0 
531000 1030 989.165 414885.289 1302.134 51.2398 0.0 
532000 1031 989.382 416331.738 1304.628 51.2491 0.0 
533000 1032 989.594 417751.134 1308.139 51.26 0.0 
534000 1033 989.803 419199.725 1310.595 51.2704 0.0 
535000 1034 990.007 420712.367 1313.391 51.2816 0.0 
536000 1035 990.206 422166.997 1315.891 51.2902 0.0 
537000 1036 990.402 423584.57 1318.644 51.3005 0.0 
538000 1037 990.594 425111.215 1321.901 51.3089 0.0 
539000 1038 990.782 426477.063 1324.035 51.3183 0.0 
540000 1039 990.967 427901.008 1324.542 51.327 0.0 
541000 1040 991.147 429326.963 1326.815 51.3406 0.0 
542000 1041 991.324 430880.042 1331.565 51.3548 0.0 
543000 1042 991.498 432458.441 1336.161 51.365 0.0 
544000 1043 991.668 433875.562 1340.2 51.376 0.0 
545000 1044 991.835 435468.826 1342.931 51.388 0.0 
546000 1045 991.998 436881.647 1345.389 51.3975 0.0 
547000 1046 992.158 438320.578 1346.049 51.4046 0.0 
548000 1047 992.315 439925.39 1350.566 51.4113 0.0 
549000 1048 992.469 441297.361 1356.266 51.4211 0.0 
550000 1049 992.619 442587.036 1350.912 51.4272 0.0 
551000 1050 992.767 443940.295 1351.413 51.4311 0.0 
552000 1051 992.911 445439.572 1353.767 51.4391 0.0 
553000 1052 993.053 446720.382 1354.277 51.4423 0.0 
554000 1053 993.192 448080.378 1351.393 51.4561 0.0 
555000 1054 993.328 449614.782 1356.953 51.4663 0.0 
556000 1055 993.462 451014.008 1357.115 51.4634 0.0 
557000 1056 993.592 452361.204 1357.976 51.4646 0.0 
558000 1057 993.721 453614.041 1354.386 51.4637 0.0 
559000 1058 993.846 455018.047 1356.977 51.4625 0.0 
560000 1059 993.969 456649.506 1360.024 51.4656 0.0 
561000 1060 994.09 458063.962 1361.704 51.4701 0.0 
562000 1061 994.208 459373.965 1362.073 51.4734 0.0 
563000 1062 994.324 460868.367 1362.656 51.4695 0.0 
564000 1063 994.437 462534.808 1368.733 51.4747 0.0 
565000 1064 994.549 463993.32 1371.665 51.4757 0.0 
566000 1065 994.658 465273.972 1369.55 51.4755 0.0 
567000 1066 994.765 466495.079 1374.4 51.4799 0.0 
568000 1067 994.869 467700.877 1365.672 51.489 0.0 
569000 1068 994.972 468993.723 1364.006 51.4975 0.0 
570000 1069 995.072 470376.347 1364.379 51.506 0.0 
571000 1070 995.171 471905.788 1366.218 51.5105 0.0 
572000 1071 995.268 473523.244 1370.569 51.5163 0.0 
573000 1072 995.362 474944.349 1373.604 51.5268 0.0 
574000 1073 995.455 476399.871 1373.554 51.5268 0.0 
575000 1074 995.546 477910.985 1377.523 51.5318 0.0 
576000 1075 995.635 479370.96 1378.515 51.5364 0.0 
577000 1076 995.722 480774.023 1378.897 51.5465 0.0 
578000 1077 995.808 482398.723 1382.607 51.5519 0.0 
579000 1078 995.892 483904.28 1385.975 51.5549 0.0 
580000 1079 995.974 485548.909 1390.527 51.5614 0.0 
581000 1080 996.054 487011.173 1392.43 51.5595 0.0 
582000 1081 996.133 488625.769 1395.591 51.5628 0.0 
583000 1082 996.211 490217.034 1400.666 51.5681 0.0 
584000 1083 996.286 491868.409 1404.041 51.5779 0.0 
585000 1084 996.361 493448.463 1409.188 51.5841 0.0 
586000 1085 996.433 495091.4 1411.779 51.5837 0.0 
587000 1086 996.505 496564.51 1414.034 51.5861 0.0 
588000 1087 996.575 498045.409 1417.019 51.5862 0.0 
589000 1088 996.643 499584.516 1419.15 51.587 0.0 
590000 1089 996.71 501049.82 1418.353 51.5913 0.0 
591000 1090 996.776 502519.323 1420.765 51.5931 0.0 
592000 1091 996.841 503909.107 1419.894 51.5914 0.0 
593000 1092 996.904 505368.198 1422.213 51.5962 0.0 
594000 1093 996.966 506847.437 1422.409 51.5914 0.0 
595000 1094 997.026 508368.532 1423.674 51.5924 0.0 
596000 1095 997.086 509954.181 1427.241 51.589 0.0 
597000 1096 997.144 511520.964 1429.571 51.5876 0.0 
598000 1097 997.201 513083.633 1433.238 51.5841 0.0 
599000 1098 997.257 514648.946 1434.894 51.587 0.0 
600000 1099 997.312 516138.388 1435.985 51.5852 0.0 
601000 1100 997.366 517716.0 1440.242 51.594 0.0 
602000 1101 997.419 519145.382 1440.863 51.6 0.0 
603000 1102 997.47 520651.203 1440.438 51.6015 0.0 
604000 1103 997.521 522221.257 1442.578 51.6047 0.0 
605000 1104 997.57 523675.249 1443.781 51.6074 0.0 
606000 1105 997.619 525205.658 1444.085 51.6116 0.0 
607000 1106 997.667 526774.166 1446.225 51.613 0.0 
608000 1107 997.713 528178.22 1449.786 51.6162 0.0 
609000 1108 997.759 529685.237 1446.789 51.6191 0.0 
610000 1109 997.804 531309.03 1449.936 51.6211 0.0 
611000 1110 997.848 532913.056 1453.074 51.6244 0.0 
612000 1111 997.891 534482.316 1456.248 51.6238 0.0 
613000 1112 997.933 535828.37 1456.99 51.6241 0.0 
614000 1113 997.974 537387.059 1456.54 51.6275 0.0 
615000 1114 998.015 538919.255 1457.898 51.6393 0.0 
616000 1115 998.055 540472.161 1459.718 51.6426 0.0 
617000 1116 998.093 542110.578 1461.583 51.649 0.0 
618000 1117 998.132 543770.552 1466.819 51.6522 0.0 
619000 1118 998.169 545403.028 1470.044 51.6547 0.0 
620000 1119 998.206 546995.155 1473.633 51.6589 0.0 
621000 1120 998.241 548542.911 1475.813 51.664 0.0 
622000 1121 998.277 550186.751 1476.921 51.668 0.0 
623000 1122 998.311 551654.528 1477.706 51.6719 0.0 
624000 1123 998.345 553256.383 1479.224 51.6794 0.0 
625000 1124 998.378 554763.141 1480.648 51.685 0.0 
626000 1125 998.41 556320.719 1481.927 51.6923 0.0 
627000 1126 998.442 557773.928 1481.69 51.7009 0.0 
628000 1127 998.473 559257.545 1481.545 51.6994 0.0 
629000 1128 998.504 560670.954 1480.826 51.6955 0.0 
630000 1129 998.534 562286.128 1481.338 51.7071 0.0 
631000 1130 998.563 563827.767 1484.621 51.7044 0.0 
632000 1131 998.592 565299.527 1482.427 51.7057 0.0 
633000 1132 998.62 566855.718 1486.499 51.7081 0.0 
634000 1133 998.648 568407.136 1487.55 51.708 0.0 
635000 1134 998.675 569900.354 1487.448 51.7093 0.0 
636000 1135 998.701 571224.716 1482.66 51.7106 0.0 
637000 1136 998.727 572782.569 1483.961 51.7114 0.0 
638000 1137 998.753 574345.59 1485.481 51.7122 0.0 
639000 1138 998.778 575810.345 1487.808 51.7115 0.0 
640000 1139 998.802 577292.03 1486.574 51.711 0.0 
641000 1140 998.826 578702.029 1484.247 51.709 0.0 
642000 1141 998.849 580152.856 1482.604 51.7098 0.0 
643000 1142 998.872 581806.637 1485.729 51.7083 0.0 
644000 1143 998.895 583435.447 1489.683 51.715 0.0 
645000 1144 998.917 584895.623 1490.665 51.7176 0.0 
646000 1145 998.939 586384.795 1488.449 51.72 0.0 
647000 1146 998.96 587795.374 1488.797 51.7205 0.0 
648000 1147 998.981 589088.925 1485.739 51.7225 0.0 
649000 1148 999.001 590511.058 1481.704 51.722 0.0 
650000 1149 999.021 592139.309 1484.954 51.7202 0.0 
651000 1150 999.041 593538.296 1485.21 51.7151 0.0 
652000 1151 999.06 594577.028 1475.254 51.7176 0.0 
653000 1152 999.079 596018.254 1478.004 51.7173 0.0 
654000 1153 999.097 596942.105 1464.468 51.7168 0.0 
655000 1154 999.115 598482.032 1465.302 51.7144 0.0 
656000 1155 999.133 600031.408 1465.85 51.7136 0.0 
657000 1156 999.15 601627.052 1469.593 51.7125 0.0 
658000 1157 999.167 603123.818 1470.036 51.7099 0.0 
659000 1158 999.184 604811.388 1472.489 51.7138 0.0 
660000 1159 999.2 606405.421 1475.881 51.7132 0.0 
661000 1160 999.216 607627.525 1469.812 51.7166 0.0 
662000 1161 999.232 609187.455 1474.145 51.7208 0.0 
663000 1162 999.247 610416.31 1467.085 51.7299 0.0 
664000 1163 999.262 611994.53 1470.253 51.7363 0.0 
665000 1164 999.277 613683.757 1472.742 51.7377 0.0 
666000 1165 999.292 614920.747 1471.479 51.7466 0.0 
667000 1166 999.306 616615.145 1472.492 51.7484 0.0 
668000 1167 999.32 618324.233 1477.65 51.7525 0.0 
669000 1168 999.333 619956.344 1481.411 51.7599 0.0 
670000 1169 999.347 621454.202 1482.376 51.7625 0.0 
671000 1170 999.36 623020.894 1481.668 51.7624 0.0 
672000 1171 999.372 624688.337 1486.383 51.7624 0.0 
673000 1172 999.385 626250.734 1488.698 51.7715 0.0 
674000 1173 999.397 627913.621 1491.346 51.7706 0.0 
675000 1174 999.409 629559.61 1495.973 51.7715 0.0 
676000 1175 999.421 631103.342 1497.291 51.7714 0.0 
677000 1176 999.433 632357.691 1491.464 51.7691 0.0 
678000 1177 999.444 634137.153 1496.356 51.7776 0.0 
679000 1178 999.455 635871.84 1501.069 51.7803 0.0 
680000 1179 999.466 637696.999 1507.256 51.7789 0.0 
681000 1180 999.477 639464.72 1512.521 51.7745 0.0 
682000 1181 999.487 641176.349 1517.866 51.7729 0.0 
683000 1182 999.497 642425.897 1519.085 51.7751 0.0 
684000 1183 999.508 644152.049 1515.817 51.7715 0.0 
685000 1184 999.517 645883.249 1520.5 51.7674 0.0 
686000 1185 999.527 647684.676 1524.982 51.7682 0.0 
687000 1186 999.536 649416.919 1530.342 51.7672 0.0 
688000 1187 999.546 651065.459 1531.969 51.7552 0.0 
689000 1188 999.555 652778.469 1536.559 51.7538 0.0 
690000 1189 999.564 654163.21 1537.665 51.754 0.0 
691000 1190 999.572 655873.178 1535.879 51.7562 0.0 
692000 1191 999.581 657702.489 1541.476 51.7546 0.0 
693000 1192 999.589 659401.976 1547.309 51.7527 0.0 
694000 1193 999.598 660738.45 1541.286 51.7536 0.0 
695000 1194 999.606 662343.433 1541.746 51.7501 0.0 
696000 1195 999.614 663838.717 1543.107 51.7473 0.0 
697000 1196 999.621 665164.379 1537.538 51.7465 0.0 
698000 1197 999.629 666498.805 1534.426 51.745 0.0 
699000 1198 999.636 667845.681 1532.675 51.7443 0.0 
700000 1199 999.644 669197.172 1528.294 51.7453 0.0 
701000 1200 999.651 670762.597 1528.629 51.7441 0.0 
702000 1201 999.658 672094.625 1522.731 51.7426 0.0 
703000 1202 999.664 673827.184 1528.389 51.7416 0.0 
704000 1203 999.671 675414.845 1529.969 51.7407 0.0 
705000 1204 999.678 677148.142 1532.703 51.736 0.0 
706000 1205 999.684 678790.687 1535.127 51.7292 0.0 
707000 1206 999.691 680490.325 1538.125 51.7334 0.0 
708000 1207 999.697 681874.511 1534.413 51.7393 0.0 
709000 1208 999.703 683553.464 1537.55 51.7411 0.0 
710000 1209 999.709 685292.119 1541.097 51.7409 0.0 
711000 1210 999.715 686946.633 1545.301 51.7419 0.0 
712000 1211 999.72 688523.251 1549.487 51.7407 0.0 
713000 1212 999.726 689797.394 1539.701 51.7381 0.0 
714000 1213 999.731 691371.008 1540.015 51.7359 0.0 
715000 1214 999.737 693085.997 1542.48 51.7318 0.0 
716000 1215 999.742 694699.902 1545.897 51.7343 0.0 
717000 1216 999.747 696173.12 1543.01 51.7339 0.0 
718000 1217 999.752 697666.725 1541.104 51.7341 0.0 
719000 1218 999.757 699271.63 1545.287 51.7343 0.0 
720000 1219 999.762 700668.975 1539.635 51.7356 0.0 
721000 1220 999.767 702264.627 1542.054 51.7349 0.0 
722000 1221 999.771 703479.104 1535.273 51.7324 0.0 
723000 1222 999.776 705130.042 1537.451 51.7271 0.0 
724000 1223 999.78 706745.1 1539.74 51.7311 0.0 
725000 1224 999.785 708072.292 1542.685 51.7252 0.0 
726000 1225 999.789 708961.482 1523.948 51.7267 0.0 
727000 1226 999.793 710515.902 1522.313 51.7181 0.0 
728000 1227 999.798 712181.695 1525.338 51.721 0.0 
729000 1228 999.802 713737.366 1526.39 51.7242 0.0 
730000 1229 999.806 715369.861 1528.405 51.7276 0.0 
731000 1230 999.809 717142.857 1531.918 51.7267 0.0 
732000 1231 999.813 718618.762 1530.715 51.7272 0.0 
733000 1232 999.817 720360.2 1535.562 51.7215 0.0 
734000 1233 999.821 721977.681 1537.727 51.7214 0.0 
735000 1234 999.824 723679.045 1541.47 51.7226 0.0 
736000 1235 999.828 725373.486 1545.317 51.7197 0.0 
737000 1236 999.831 727007.741 1545.791 51.7182 0.0 
738000 1237 999.835 728765.197 1550.378 51.719 0.0 
739000 1238 999.838 730420.514 1551.788 51.7166 0.0 
740000 1239 999.841 732064.435 1553.125 51.7144 0.0 
741000 1240 999.844 733806.536 1557.997 51.7133 0.0 
742000 1241 999.847 735485.088 1560.489 51.7093 0.0 
743000 1242 999.85 737023.87 1561.306 51.71 0.0 
744000 1243 999.853 738690.971 1562.346 51.715 0.0 
745000 1244 999.856 740429.515 1565.286 51.718 0.0 
746000 1245 999.859 742198.748 1568.593 51.7262 0.0 
747000 1246 999.862 743897.345 1571.504 51.7301 0.0 
748000 1247 999.865 745610.23 1574.443 51.7357 0.0 
749000 1248 999.868 747391.313 1578.013 51.7394 0.0 
750000 1249 999.87 749190.626 1582.118 51.7431 0.0 
751000 1250 999.873 751031.802 1587.136 51.7428 0.0 
752000 1251 999.875 752624.545 1588.284 51.7447 0.0 
753000 1252 999.878 754416.841 1593.33 51.7452 0.0 
754000 1253 999.88 756134.537 1595.865 51.7416 0.0 
755000 1254 999.883 757841.389 1596.995 51.7393 0.0 
756000 1255 999.885 759597.314 1600.058 51.7365 0.0 
757000 1256 999.887 761442.006 1605.042 51.7324 0.0 
758000 1257 999.89 763166.278 1607.316 51.7329 0.0 
759000 1258 999.892 764975.548 1611.313 51.7325 0.0 
760000 1259 999.894 766631.522 1613.522 51.7311 0.0 
761000 1260 999.896 768345.757 1614.468 51.7291 0.0 
762000 1261 999.898 769944.066 1615.169 51.7275 0.0 
763000 1262 999.9 771334.71 1612.669 51.726 0.0 
764000 1263 999.902 772889.42 1608.935 51.7202 0.0 
765000 1264 999.904 774221.733 1605.285 51.7309 0.0 
766000 1265 999.906 775252.858 1594.217 51.7354 0.0 
767000 1266 999.908 776695.703 1588.305 51.7369 0.0 
768000 1267 999.91 778085.691 1585.473 51.7383 0.0 
769000 1268 999.912 779588.419 1584.406 51.7378 0.0 
770000 1269 999.913 781320.047 1585.937 51.7386 0.0 
771000 1270 999.915 782902.838 1586.449 51.7407 0.0 
772000 1271 999.917 784162.644 1579.963 51.7424 0.0 
773000 1272 999.918 785560.973 1576.812 51.7428 0.0 
774000 1273 999.92 787053.725 1575.358 51.7442 0.0 
775000 1274 999.922 788870.329 1578.271 51.7459 0.0 
776000 1275 999.923 790415.35 1579.322 51.7396 0.0 
777000 1276 999.925 791923.883 1576.464 51.7328 0.0 
778000 1277 999.926 793442.82 1576.641 51.7242 0.0 
779000 1278 999.928 795219.474 1579.374 51.7309 0.0 
780000 1279 999.929 796732.64 1581.754 51.7256 0.0 
781000 1280 999.931 798489.954 1580.847 51.73 0.0 
782000 1281 999.932 800202.389 1583.915 51.7308 0.0 
783000 1282 999.933 801901.51 1586.696 51.7312 0.0 
784000 1283 999.935 803426.43 1585.599 51.7312 0.0 
785000 1284 999.936 804990.923 1585.392 51.7375 0.0 
786000 1285 999.937 806630.936 1587.209 51.7412 0.0 
787000 1286 999.939 808143.78 1589.238 51.7388 0.0 
788000 1287 999.94 809612.867 1584.124 51.7297 0.0 
789000 1288 999.941 811172.871 1584.256 51.7174 0.0 
790000 1289 999.942 812481.304 1578.724 51.7196 0.0 
791000 1290 999.943 813997.734 1575.733 51.7193 0.0 
792000 1291 999.944 815222.789 1569.945 51.7233 0.0 
793000 1292 999.946 816558.006 1568.168 51.7268 0.0 
794000 1293 999.947 817791.965 1557.222 51.7252 0.0 
795000 1294 999.948 819222.77 1555.639 51.7228 0.0 
796000 1295 999.949 820830.016 1555.717 51.7273 0.0 
797000 1296 999.95 822175.666 1550.918 51.7243 0.0 
798000 1297 999.951 823741.387 1554.528 51.7279 0.0 
799000 1298 999.952 825098.157 1548.79 51.7315 0.0 
800000 1299 999.953 826294.292 1543.718 51.7222 0.0 
801000 1300 999.954 827747.683 1537.929 51.7299 0.0 
802000 1301 999.955 829488.729 1542.019 51.7239 0.0 
803000 1302 999.956 831176.209 1545.99 51.7273 0.0 
804000 1303 999.956 832797.695 1547.047 51.7335 0.0 
805000 1304 999.957 834503.213 1550.937 51.7321 0.0 
806000 1305 999.958 836224.743 1552.5 51.7285 0.0 
807000 1306 999.959 837821.555 1553.878 51.7324 0.0 
808000 1307 999.96 839559.471 1557.551 51.7318 0.0 
809000 1308 999.961 841327.102 1564.616 51.7329 0.0 
810000 1309 999.961 842505.095 1552.979 51.7326 0.0 
811000 1310 999.962 844252.89 1558.063 51.725 0.0 
812000 1311 999.963 845929.322 1560.87 51.7271 0.0 
813000 1312 999.964 847827.992 1567.129 51.7323 0.0 
814000 1313 999.964 849633.868 1572.81 51.7334 0.0 
815000 1314 999.965 851440.509 1576.1 51.7342 0.0 
816000 1315 999.966 853213.7 1581.441 51.7329 0.0 
817000 1316 999.966 855139.968 1586.599 51.734 0.0 
818000 1317 999.967 857079.555 1593.57 51.735 0.0 
819000 1318 999.968 858130.15 1584.206 51.7349 0.0 
820000 1319 999.968 860003.213 1587.966 51.7341 0.0 
821000 1320 999.969 861767.414 1593.885 51.7319 0.0 
822000 1321 999.97 862840.517 1582.584 51.734 0.0 
823000 1322 999.97 864694.515 1586.576 51.7341 0.0 
824000 1323 999.971 866656.429 1593.7 51.7361 0.0 
825000 1324 999.971 868515.617 1600.572 51.7388 0.0 
826000 1325 999.972 870371.058 1605.118 51.7418 0.0 
827000 1326 999.973 872249.504 1610.873 51.7445 0.0 
828000 1327 999.973 874084.477 1615.153 51.7462 0.0 
829000 1328 999.974 875786.506 1618.384 51.7524 0.0 
830000 1329 999.974 877477.634 1618.934 51.757 0.0 
831000 1330 999.975 879220.007 1622.207 51.7618 0.0 
832000 1331 999.975 881058.821 1625.156 51.7658 0.0 
833000 1332 999.976 882682.352 1626.016 51.7661 0.0 
834000 1333 999.976 884369.227 1628.029 51.7629 0.0 
835000 1334 999.977 886158.852 1630.323 51.7612 0.0 
836000 1335 999.977 887898.296 1632.851 51.7656 0.0 
837000 1336 999.978 889547.722 1633.847 51.7664 0.0 
838000 1337 999.978 891226.375 1633.225 51.7679 0.0 
839000 1338 999.978 893017.022 1636.263 51.7683 0.0 
840000 1339 999.979 894827.699 1640.186 51.7724 0.0 
841000 1340 999.979 896756.717 1644.804 51.7708 0.0 
842000 1341 999.98 898631.984 1650.85 51.768 0.0 
843000 1342 999.98 900443.264 1653.299 51.7647 0.0 
844000 1343 999.981 902241.879 1655.992 51.7703 0.0 
845000 1344 999.981 903941.436 1658.988 51.7753 0.0 
846000 1345 999.981 905772.695 1660.472 51.7764 0.0 
847000 1346 999.982 907507.136 1663.194 51.7757 0.0 
848000 1347 999.982 909218.494 1664.96 51.7783 0.0 
849000 1348 999.982 911058.036 1667.124 51.78 0.0 
850000 1349 999.983 912886.445 1669.662 51.7808 0.0 
851000 1350 999.983 914762.546 1673.43 51.7831 0.0 
852000 1351 999.983 916666.675 1678.13 51.7838 0.0 
853000 1352 999.984 918566.313 1682.275 51.7848 0.0 
854000 1353 999.984 920458.285 1686.761 51.7858 0.0 
855000 1354 999.984 922282.065 1689.745 51.7844 0.0 
856000 1355 999.985 924223.2 1693.246 51.7807 0.0 
857000 1356 999.985 926077.523 1699.304 51.7811 0.0 
858000 1357 999.985 927784.245 1700.495 51.7808 0.0 
859000 1358 999.986 929027.31 1700.079 51.7776 0.0 
860000 1359 999.986 929473.738 1673.923 51.7771 0.0 
861000 1360 999.986 930282.383 1649.585 51.7799 0.0 
862000 1361 999.986 931866.641 1646.418 51.7828 0.0 
863000 1362 999.987 933462.561 1646.407 51.7859 0.0 
864000 1363 999.987 935206.718 1647.01 51.7866 0.0 
865000 1364 999.987 936902.413 1650.6 51.7855 0.0 
866000 1365 999.988 938728.774 1651.432 51.7826 0.0 
867000 1366 999.988 940554.62 1655.135 51.7821 0.0 
868000 1367 999.988 942365.326 1658.473 51.7838 0.0 
869000 1368 999.988 944205.715 1661.291 51.7815 0.0 
870000 1369 999.989 946028.592 1664.277 51.7831 0.0 
871000 1370 999.989 947909.493 1668.755 51.7899 0.0 
872000 1371 999.989 949813.87 1672.827 51.7976 0.0 
873000 1372 999.989 951631.427 1676.623 51.8001 0.0 
874000 1373 999.989 953325.097 1678.484 51.806 0.0 
875000 1374 999.99 954549.485 1671.805 51.8071 0.0 
876000 1375 999.99 956114.431 1667.531 51.8027 0.0 
877000 1376 999.99 957947.799 1668.484 51.8001 0.0 
878000 1377 999.99 959795.41 1671.552 51.8016 0.0 
879000 1378 999.99 961692.472 1676.78 51.8054 0.0 
880000 1379 999.991 963487.189 1680.314 51.8053 0.0 
881000 1380 999.991 964897.208 1674.493 51.8041 0.0 
882000 1381 999.991 966822.105 1678.563 51.8067 0.0 
883000 1382 999.991 968655.798 1682.573 51.8092 0.0 
884000 1383 999.991 970577.499 1686.222 51.8116 0.0 
885000 1384 999.992 972128.672 1689.035 51.8165 0.0 
886000 1385 999.992 973396.576 1687.425 51.8206 0.0 
887000 1386 999.992 974230.395 1658.25 51.8255 0.0 
888000 1387 999.992 976011.218 1660.69 51.8282 0.0 
889000 1388 999.992 977971.144 1665.937 51.8294 0.0 
890000 1389 999.992 979887.516 1670.78 51.8344 0.0 
891000 1390 999.992 981748.634 1675.566 51.842 0.0 
892000 1391 999.993 983671.943 1679.674 51.8435 0.0 
893000 1392 999.993 985370.933 1683.767 51.8506 0.0 
894000 1393 999.993 986889.437 1678.522 51.8472 0.0 
895000 1394 999.993 988447.833 1675.421 51.8534 0.0 
896000 1395 999.993 990264.912 1677.894 51.8585 0.0 
897000 1396 999.993 992118.391 1681.432 51.8614 0.0 
898000 1397 999.993 994043.782 1685.351 51.8633 0.0 
899000 1398 999.994 995877.798 1689.053 51.868 0.0 
900000 1399 999.994 997524.249 1694.222 51.8722 0.0 
901000 1400 999.994 999064.171 1684.763 51.875 0.0 
902000 1401 999.994 1001008.942 1691.104 51.8784 0.0 
903000 1402 999.994 1002852.051 1693.95 51.8806 0.0 
904000 1403 999.994 1004632.969 1696.392 51.8835 0.0 
905000 1404 999.994 1006458.456 1698.418 51.8878 0.0 
906000 1405 999.994 1008267.566 1700.161 51.8924 0.0 
907000 1406 999.995 1010203.719 1704.436 51.8995 0.0 
908000 1407 999.995 1011935.769 1706.58 51.9008 0.0 
909000 1408 999.995 1013804.771 1709.076 51.8922 0.0 
910000 1409 999.995 1015610.959 1711.784 51.8919 0.0 
911000 1410 999.995 1017363.809 1713.653 51.8993 0.0 
912000 1411 999.995 1019162.658 1713.847 51.898 0.0 
913000 1412 999.995 1020972.52 1716.732 51.8973 0.0 
914000 1413 999.995 1022671.874 1716.003 51.8966 0.0 
915000 1414 999.995 1024378.066 1717.672 51.8954 0.0 
916000 1415 999.995 1025833.848 1715.718 51.8937 0.0 
917000 1416 999.996 1027321.362 1707.074 51.8927 0.0 
918000 1417 999.996 1028929.122 1705.387 51.8914 0.0 
919000 1418 999.996 1030159.617 1704.879 51.8911 0.0 
920000 1419 999.996 1031452.565 1688.373 51.8865 0.0 
921000 1420 999.996 1033072.47 1685.58 51.8825 0.0 
922000 1421 999.996 1034854.045 1686.969 51.8854 0.0 
923000 1422 999.996 1036678.602 1688.317 51.8861 0.0 
924000 1423 999.996 1038578.45 1692.974 51.8865 0.0 
925000 1424 999.996 1040416.211 1696.799 51.8859 0.0 
926000 1425 999.996 1042207.114 1697.718 51.8762 0.0 
927000 1426 999.996 1043928.39 1699.52 51.8707 0.0 
928000 1427 999.996 1045755.426 1701.02 51.879 0.0 
929000 1428 999.997 1047588.766 1704.411 51.88 0.0 
930000 1429 999.997 1049411.303 1706.35 51.8854 0.0 
931000 1430 999.997 1051128.817 1708.968 51.8851 0.0 
932000 1431 999.997 1053055.584 1709.698 51.8831 0.0 
933000 1432 999.997 1054979.769 1714.863 51.8817 0.0 
934000 1433 999.997 1056825.555 1717.793 51.8822 0.0 
935000 1434 999.997 1058466.499 1720.491 51.8843 0.0 
936000 1435 999.997 1060287.258 1718.762 51.8852 0.0 
937000 1436 999.997 1062123.172 1719.961 51.8837 0.0 
938000 1437 999.997 1063711.053 1723.463 51.8872 0.0 
939000 1438 999.997 1065254.803 1717.317 51.8932 0.0 
940000 1439 999.997 1066714.49 1712.041 51.8956 0.0 
941000 1440 999.997 1068487.725 1711.186 51.8952 0.0 
942000 1441 999.997 1070308.821 1712.124 51.9001 0.0 
943000 1442 999.997 1072088.442 1713.793 51.9017 0.0 
944000 1443 999.997 1073882.706 1716.661 51.9068 0.0 
945000 1444 999.997 1075562.589 1716.631 51.9093 0.0 
946000 1446 985.538 1076870.82 1683.924 51.1602 0.0 
947000 1447 985.827 1078487.262 1681.8 51.1701 0.0 
948000 1448 986.11 1080311.272 1684.487 51.1818 0.0 
949000 1449 986.388 1081567.055 1676.751 51.1924 0.0 
950000 1450 986.66 1083303.942 1676.039 51.2033 0.0 
951000 1451 986.927 1085162.085 1681.313 51.2118 0.0 
952000 1452 987.189 1086955.924 1683.054 51.2211 0.0 
953000 1453 987.445 1088679.571 1683.643 51.2348 0.0 
954000 1454 987.696 1090367.72 1684.339 51.2479 0.0 
955000 1455 987.942 1092039.436 1685.551 51.2635 0.0 
956000 1456 988.183 1093617.344 1681.926 51.2783 0.0 
957000 1457 988.419 1095328.531 1682.549 51.2959 0.0 
958000 1458 988.651 1097037.279 1683.3 51.3111 0.0 
959000 1459 988.878 1098734.852 1684.903 51.3274 0.0 
960000 1460 989.101 1100512.558 1683.496 51.3457 0.0 
961000 1461 989.318 1101914.457 1681.301 51.361 0.0 
962000 1462 989.532 1103192.848 1673.135 51.3758 0.0 
963000 1463 989.741 1104365.764 1661.821 51.3892 0.0 
964000 1464 989.947 1105942.553 1660.196 51.4044 0.0 
965000 1465 990.148 1106718.709 1641.998 51.4177 0.0 
966000 1466 990.345 1108220.669 1637.851 51.4286 0.0 
967000 1467 990.538 1109699.793 1635.456 51.4439 0.0 
968000 1468 990.727 1111513.328 1638.62 51.4568 0.0 
969000 1469 990.913 1113367.354 1642.844 51.4711 0.0 
970000 1470 991.094 1115135.576 1645.124 51.485 0.0 
971000 1471 991.272 1116902.661 1647.618 51.4983 0.0 
972000 1472 991.447 1118678.632 1650.374 51.5119 0.0 
973000 1473 991.618 1120015.646 1644.321 51.5231 0.0 
974000 1474 991.786 1121913.635 1648.886 51.5367 0.0 
975000 1475 991.95 1123743.347 1652.464 51.5448 0.0 
976000 1476 992.111 1125613.858 1657.382 51.5529 0.0 
977000 1477 992.269 1127449.188 1660.224 51.5621 0.0 
978000 1478 992.423 1129433.528 1667.211 51.5728 0.0 
979000 1479 992.575 1131170.656 1668.161 51.5802 0.0 
980000 1480 992.723 1132921.787 1669.739 51.5878 0.0 
981000 1481 992.869 1134654.264 1672.015 51.5982 0.0 
982000 1482 993.012 1136373.889 1672.674 51.6075 0.0 
983000 1483 993.151 1138148.555 1674.544 51.6167 0.0 
984000 1484 993.288 1140014.483 1677.864 51.62 0.0 
985000 1485 993.423 1141876.994 1682.07 51.6305 0.0 
986000 1486 993.554 1143669.082 1683.614 51.6364 0.0 
987000 1487 993.683 1145396.8 1686.779 51.6433 0.0 
988000 1488 993.809 1145847.499 1660.164 51.6534 0.0 
989000 1489 993.933 1147547.719 1661.097 51.6588 0.0 
990000 1490 994.054 1149442.98 1665.43 51.6674 0.0 
991000 1491 994.173 1151364.041 1670.979 51.6782 0.0 
992000 1492 994.29 1153274.031 1675.704 51.6803 0.0 
993000 1493 994.404 1155126.467 1680.027 51.6892 0.0 
994000 1494 994.516 1156983.495 1683.435 51.7024 0.0 
995000 1495 994.626 1158783.837 1685.387 51.7149 0.0 
996000 1496 994.733 1160612.442 1688.219 51.7184 0.0 
997000 1497 994.839 1162319.504 1688.553 51.7233 0.0 
998000 1498 994.942 1164120.494 1690.527 51.727 0.0 
999000 1499 995.043 1165935.332 1693.623 51.7321 0.0 
1000000 1500 995.142 1167744.929 1695.409 51.7348 0.0 
1001000 1501 995.239 1169468.508 1696.15 51.7402 0.0 
1002000 1502 995.334 1171279.155 1698.794 51.7482 0.0 
1003000 1503 995.428 1173155.731 1702.383 51.7488 0.0 
1004000 1504 995.519 1174950.543 1704.429 51.7543 0.0 
1005000 1505 995.609 1176539.252 1701.955 51.7605 0.0 
1006000 1506 995.697 1178134.321 1700.599 51.7654 0.0 
1007000 1507 995.783 1179757.606 1698.668 51.7708 0.0 
1008000 1508 995.867 1181582.174 1701.244 51.7647 0.0 
1009000 1509 995.95 1183378.315 1702.11 51.7654 0.0 
1010000 1510 996.031 1185017.284 1702.762 51.7736 0.0 
1011000 1511 996.11 1185362.524 1673.826 51.782 0.0 
1012000 1512 996.188 1187186.537 1676.975 51.7882 0.0 
1013000 1513 996.264 1188733.003 1675.469 51.7949 0.0 
1014000 1514 996.339 1190264.045 1671.83 51.795 0.0 
1015000 1515 996.412 1192066.605 1674.072 51.7948 0.0 
1016000 1516 996.484 1193799.533 1675.696 51.7979 0.0 
1017000 1517 996.554 1195577.188 1677.765 51.7981 0.0 
1018000 1518 996.623 1197481.383 1681.639 51.7976 0.0 
1019000 1519 996.691 1199249.691 1684.68 51.7999 0.0 
1020000 1520 996.757 1200731.391 1679.933 51.8023 0.0 
1021000 1521 996.822 1202329.967 1678.541 51.8024 0.0 
1022000 1522 996.885 1203229.675 1662.602 51.8054 0.0 
1023000 1523 996.948 1205005.079 1664.759 51.8067 0.0 
1024000 1524 997.009 1206815.926 1667.685 51.8084 0.0 
1025000 1525 997.068 1208437.477 1666.65 51.8131 0.0 
1026000 1526 997.127 1210027.995 1665.068 51.8199 0.0 
1027000 1527 997.185 1212000.254 1671.21 51.8234 0.0 
1028000 1528 997.241 1213664.82 1671.051 51.8261 0.0 
1029000 1529 997.296 1215427.365 1672.9 51.8277 0.0 
1030000 1530 997.35 1217235.73 1675.585 51.8391 0.0 
