1000 0 0.0 -160.055 0.0 0.0 0.0 
2000 3 36.874 -523.664 -10.14 0.832 0.0 
3000 5 56.907 -907.776 -17.394 1.2606 0.0 
4000 6 73.729 -1206.377 -22.61 1.6151 0.0 
5000 7 75.995 -1504.126 -24.902 1.6916 0.0 
6000 9 104.773 -1860.332 -34.172 2.283 0.0 
7000 10 124.158 -2101.184 -37.748 2.6071 0.0 
8000 12 143.025 -2500.784 -44.962 3.0128 0.0 
9000 13 148.065 -2752.156 -47.638 3.0984 0.0 
10000 14 163.203 -3051.956 -51.333 3.6871 0.0 
11000 16 188.149 -3386.377 -58.23 4.4593 0.0 
12000 19 190.118 -3857.13 -63.282 4.56 0.0 
13000 19 190.118 -3993.232 -63.282 4.56 0.0 
14000 21 218.548 -4293.032 -68.15 5.2378 0.0 
15000 22 244.217 -4481.338 -72.561 5.9291 0.0 
16000 22 244.217 -4662.518 -72.561 5.9291 0.0 
17000 25 271.379 -5128.714 -81.455 6.5034 0.0 
18000 39 222.378 -6656.238 -88.194 5.6319 0.0 
19000 43 207.872 -7255.438 -89.647 5.369 0.0 
20000 54 197.72 -7826.323 -85.846 5.5991 0.0 
21000 67 170.885 -8595.142 -78.975 4.9337 0.0 
22000 68 174.427 -8833.581 -80.484 5.0222 0.0 
23000 69 196.998 -9125.168 -84.976 5.687 0.0 
24000 69 196.998 -9323.685 -84.976 5.687 0.0 
25000 70 223.098 -9523.685 -89.09 6.2239 0.0 
26000 74 239.027 -10100.518 -96.137 6.8712 0.0 
27000 85 208.232 -11079.288 -94.474 6.1347 0.0 
28000 85 208.232 -11233.223 -94.474 6.1347 0.0 
29000 86 234.107 -11372.666 -97.006 6.8494 0.0 
30000 87 254.745 -11649.59 -100.904 7.2911 0.0 
31000 90 263.298 -12104.624 -104.685 7.4576 0.0 
32000 94 261.171 -12683.029 -107.679 7.3939 0.0 
33000 95 265.408 -12908.064 -108.916 7.4769 0.0 
34000 96 290.14 -13011.841 -110.96 8.0311 0.0 
35000 97 293.637 -13266.779 -111.155 8.092 0.0 
36000 98 311.344 -13544.04 -114.884 8.501 0.0 
37000 100 321.428 -13943.64 -118.328 8.8993 0.0 
38000 101 337.94 -14231.679 -122.545 9.7435 0.0 
39000 102 344.801 -14466.593 -124.579 10.0515 0.0 
40000 103 366.265 -14460.797 -122.346 10.9086 0.0 
41000 103 366.265 -14645.032 -122.346 10.9086 0.0 
42000 105 388.521 -14806.47 -127.613 11.7387 0.0 
43000 106 399.631 -15093.169 -126.907 11.9988 0.0 
44000 106 399.631 -15273.313 -126.907 11.9988 0.0 
45000 107 421.678 -15470.73 -129.75 12.6406 0.0 
46000 108 443.285 -15670.73 -133.125 13.2572 0.0 
47000 108 443.285 -15870.73 -133.125 13.2572 0.0 
48000 109 464.459 -16063.376 -136.47 14.0458 0.0 
49000 110 475.03 -16363.176 -139.562 14.4775 0.0 
50000 111 488.949 -16661.33 -143.45 14.8879 0.0 
51000 112 509.21 -16847.841 -146.557 15.2749 0.0 
52000 112 509.21 -16945.942 -146.557 15.2749 0.0 
53000 113 529.066 -17036.617 -146.594 15.8357 0.0 
54000 114 548.525 -17235.919 -148.201 16.5117 0.0 
55000 116 551.971 -17633.665 -151.281 16.6909 0.0 
56000 117 549.971 -17888.38 -152.021 16.5735 0.0 
57000 118 569.012 -18086.415 -154.086 16.89 0.0 
58000 119 573.212 -18357.958 -155.589 16.912 0.0 
59000 122 554.267 -18841.199 -155.187 16.2953 0.0 
60000 123 573.222 -19010.212 -157.186 16.5764 0.0 
61000 125 552.71 -19409.812 -155.351 16.0239 0.0 
62000 126 571.695 -19609.098 -158.252 16.7084 0.0 
63000 129 562.812 -20087.135 -159.338 16.4404 0.0 
64000 129 562.812 -20216.536 -159.338 16.4404 0.0 
65000 133 542.321 -20815.736 -158.027 15.7689 0.0 
66000 134 561.515 -21002.308 -160.875 16.1054 0.0 
67000 134 561.515 -21182.96 -160.875 16.1054 0.0 
68000 135 580.324 -21377.478 -162.939 16.3887 0.0 
69000 136 598.758 -21575.54 -165.649 16.6895 0.0 
70000 137 597.863 -21658.344 -166.51 16.6458 0.0 
71000 139 605.907 -21930.259 -163.813 16.8212 0.0 
72000 141 596.805 -21677.037 -161.852 16.6074 0.0 
73000 146 566.139 -20943.128 -125.111 15.9929 0.0 
74000 157 471.242 -20773.64 -97.349 13.4772 0.0 
75000 173 356.468 -20814.075 -76.421 10.4252 0.0 
76000 181 320.931 -20279.054 -55.799 9.4884 0.0 
77000 185 316.183 -18750.616 -22.306 9.3512 0.0 
78000 188 310.767 -17143.411 3.269 9.2541 0.0 
79000 198 280.382 -16979.733 18.247 8.4517 0.0 
80000 201 278.692 -15402.102 36.366 8.3872 0.0 
81000 204 286.095 -13719.949 77.294 8.6333 0.0 
82000 207 288.984 -11600.175 114.449 8.8129 0.0 
83000 211 285.981 -9549.909 145.782 8.8392 0.0 
84000 214 288.83 -7304.509 181.225 9.0881 0.0 
85000 216 291.443 -4989.256 205.229 9.2188 0.0 
86000 219 293.532 -2617.002 241.405 9.352 0.0 
87000 222 295.829 -245.466 273.706 9.4295 0.0 
88000 226 298.204 1979.231 307.416 9.5005 0.0 
89000 229 298.13 4621.436 336.038 9.4978 0.0 
90000 232 297.94 7253.625 363.941 9.5185 0.0 
91000 236 298.488 9469.562 387.747 9.5318 0.0 
92000 239 300.47 11816.638 410.61 9.6484 0.0 
93000 242 300.493 14389.328 433.309 9.6573 0.0 
94000 245 300.35 17018.51 454.501 9.6722 0.0 
95000 249 300.248 19452.043 475.159 9.7024 0.0 
96000 252 301.47 22036.432 493.786 9.7527 0.0 
97000 255 300.211 24748.195 513.868 9.7381 0.0 
98000 259 300.254 27576.619 537.029 9.7595 0.0 
99000 262 299.238 30484.538 554.225 9.7649 0.0 
100000 265 300.369 33020.538 568.471 9.8171 0.0 
