1000 9 15.973 -132.272 -2.43 0.0084 0.0 
2000 19 32.815 -271.382 -4.501 0.018 0.0 
3000 27 46.186 -406.666 -6.318 0.0253 0.0 
4000 37 56.604 -456.006 -6.07 0.0303 0.0 
5000 47 63.55 -550.528 -6.738 0.0335 0.0 
6000 56 71.488 -644.419 -7.181 0.0373 0.0 
7000 66 76.738 -712.905 -7.28 0.0397 0.0 
8000 76 82.137 -871.85 -8.856 0.0422 0.0 
9000 86 84.299 -1014.31 -9.828 0.0429 0.0 
10000 96 87.765 -1146.661 -10.246 0.0444 0.0 
11000 106 90.638 -1188.969 -9.253 0.0459 0.0 
12000 115 93.232 -1266.882 -9.108 0.0469 0.0 
13000 125 94.721 -1351.544 -8.87 0.0476 0.0 
14000 134 96.075 -1495.571 -9.696 0.0481 0.0 
15000 144 97.22 -1674.807 -11.286 0.0486 0.0 
16000 154 97.852 -1772.178 -11.176 0.0489 0.0 
17000 163 99.557 -1974.025 -12.609 0.0886 0.0 
18000 174 99.483 -2652.598 -22.992 0.1616 0.0 
19000 182 102.884 -3117.772 -28.005 0.2213 0.0 
20000 191 103.251 -3381.395 -28.177 0.2642 0.0 
21000 202 101.891 -3419.13 -23.402 0.2978 0.0 
22000 209 104.596 -3436.618 -20.879 0.3317 0.0 
23000 210 122.504 -3454.172 -20.647 0.4398 0.0 
24000 214 133.14 -3484.428 -19.664 0.5066 0.0 
25000 216 143.323 -3510.673 -19.208 0.5702 0.0 
26000 218 156.077 -3540.77 -18.903 0.6461 0.0 
27000 220 171.111 -3553.813 -18.617 0.7264 0.0 
28000 221 183.329 -3569.787 -18.51 0.7895 0.0 
29000 222 199.662 -3590.985 -18.4 0.9033 0.0 
30000 223 215.669 -3603.431 -18.335 0.9926 0.0 
31000 225 231.609 -3629.745 -18.264 1.1034 0.0 
32000 227 246.377 -3649.362 -17.952 1.185 0.0 
33000 228 261.449 -3669.481 -17.95 1.283 0.0 
34000 229 276.22 -3688.369 -17.938 1.3841 0.0 
35000 234 269.207 -3806.053 -18.565 1.3342 0.0 
36000 241 253.675 -3998.861 -19.687 1.2445 0.0 
37000 248 238.547 -4141.14 -19.599 1.169 0.0 
38000 255 224.08 -4374.832 -20.897 1.0964 0.0 
39000 261 218.316 -4519.355 -21.724 1.0656 0.0 
40000 268 208.547 -4729.426 -22.895 1.0146 0.0 
41000 273 204.671 -4890.319 -23.906 0.9939 0.0 
42000 277 208.947 -5009.192 -23.987 1.0171 0.0 
43000 280 218.674 -5077.811 -24.357 1.0673 0.0 
44000 282 224.329 -5114.93 -24.048 1.0946 0.0 
45000 284 229.575 -5157.623 -23.854 1.1207 0.0 
46000 286 243.784 -5167.45 -23.111 1.201 0.0 
47000 289 256.03 -5212.995 -22.745 1.3005 0.0 
48000 290 254.79 -5237.715 -22.605 1.2908 0.0 
49000 294 265.461 -5306.86 -22.36 1.3602 0.0 
50000 295 280.152 -5320.698 -22.206 1.4698 0.0 
51000 296 294.549 -5351.809 -22.026 1.5862 0.0 
52000 298 295.159 -5384.188 -22.127 1.5798 0.0 
53000 299 309.256 -5393.068 -21.86 1.6838 0.0 
54000 301 323.17 -5417.186 -21.525 1.7607 0.0 
55000 302 336.706 -5430.373 -21.304 1.8561 0.0 
56000 303 349.972 -5441.558 -21.173 1.937 0.0 
57000 304 362.973 -5453.047 -20.945 2.0172 0.0 
58000 305 371.733 -5467.86 -20.795 2.0706 0.0 
59000 306 384.298 -5485.623 -20.636 2.148 0.0 
60000 307 395.513 -5499.068 -20.535 2.2057 0.0 
61000 308 401.302 -5507.884 -20.267 2.2312 0.0 
62000 309 413.276 -5517.841 -20.025 2.308 0.0 
63000 310 425.011 -5528.052 -19.801 2.4084 0.0 
64000 311 436.51 -5533.308 -19.602 2.4878 0.0 
65000 312 447.78 -5540.365 -19.341 2.5689 0.0 
66000 313 458.825 -5550.984 -19.094 2.6374 0.0 
67000 314 469.648 -5559.388 -18.923 2.706 0.0 
68000 315 480.255 -5567.101 -18.72 2.7742 0.0 
69000 316 490.65 -5577.717 -18.492 2.8353 0.0 
70000 317 500.837 -5587.612 -18.337 2.9328 0.0 
71000 318 510.82 -5598.256 -18.188 3.0105 0.0 
72000 319 520.604 -5603.541 -18.011 3.0745 0.0 
73000 320 530.192 -5613.896 -17.775 3.1617 0.0 
74000 321 539.588 -5626.097 -17.628 3.2107 0.0 
75000 322 548.796 -5632.129 -17.503 3.2752 0.0 
76000 323 557.82 -5637.848 -17.27 3.3213 0.0 
77000 324 566.664 -5650.258 -17.049 3.4045 0.0 
78000 325 575.331 -5656.961 -16.976 3.4673 0.0 
79000 326 583.824 -5665.989 -16.749 3.5008 0.0 
80000 327 592.148 -5674.425 -16.591 3.5475 0.0 
81000 328 600.305 -5681.855 -16.399 3.6103 0.0 
82000 329 608.299 -5693.209 -16.258 3.6645 0.0 
83000 330 616.133 -5701.137 -16.148 3.7313 0.0 
84000 331 623.81 -5711.577 -15.996 3.773 0.0 
85000 332 631.334 -5722.465 -15.875 3.8393 0.0 
86000 333 638.707 -5733.048 -15.779 3.8749 0.0 
87000 334 645.933 -5738.746 -15.665 3.9242 0.0 
88000 335 653.014 -5744.998 -15.467 3.9786 0.0 
89000 336 659.954 -5754.135 -15.28 4.039 0.0 
90000 337 666.755 -5765.947 -15.172 4.0924 0.0 
91000 338 673.42 -5775.285 -15.096 4.1177 0.0 
92000 339 679.951 -5786.057 -14.993 4.1576 0.0 
93000 340 686.352 -5790.197 -14.878 4.1858 0.0 
94000 341 692.625 -5795.18 -14.683 4.2115 0.0 
95000 342 698.773 -5804.517 -14.492 4.2428 0.0 
96000 343 704.797 -5813.336 -14.384 4.2992 0.0 
97000 344 710.701 -5821.243 -14.276 4.3433 0.0 
98000 345 716.487 -5827.174 -14.182 4.3836 0.0 
99000 346 722.158 -5833.627 -13.967 4.4099 0.0 
100000 347 727.714 -5835.532 -13.827 4.4684 0.0 
101000 348 733.16 -5844.421 -13.593 4.5009 0.0 
102000 349 738.497 -5851.735 -13.504 4.5469 0.0 
103000 350 743.727 -5854.019 -13.351 4.586 0.0 
104000 351 748.852 -5862.121 -13.152 4.6084 0.0 
105000 352 753.875 -5865.304 -13.052 4.6162 0.0 
106000 353 758.798 -5872.04 -12.843 4.6358 0.0 
107000 354 763.622 -5876.906 -12.726 4.7013 0.0 
108000 355 768.35 -5884.341 -12.568 4.7326 0.0 
109000 356 772.983 -5889.537 -12.463 4.7751 0.0 
110000 357 777.523 -5897.237 -12.365 4.821 0.0 
111000 358 781.972 -5905.199 -12.232 4.8816 0.0 
112000 359 786.333 -5906.853 -12.145 4.925 0.0 
113000 361 793.094 -5918.618 -11.923 4.9906 0.0 
114000 362 797.232 -5924.007 -11.782 5.0355 0.0 
115000 363 801.288 -5933.886 -11.788 5.074 0.0 
116000 364 805.262 -5935.893 -11.584 5.1066 0.0 
117000 366 781.696 -5933.838 -11.084 4.941 0.0 
118000 369 764.844 -5933.486 -10.497 4.8366 0.0 
119000 370 761.967 -5947.709 -10.468 4.8153 0.0 
120000 371 766.728 -5955.366 -10.439 4.8448 0.0 
121000 372 771.394 -5954.208 -10.226 4.856 0.0 
122000 373 775.826 -5954.295 -10.017 4.8787 0.0 
123000 374 776.969 -5957.217 -9.959 4.8771 0.0 
124000 375 781.43 -5955.904 -9.646 4.8924 0.0 
125000 376 785.801 -5953.653 -9.401 4.9083 0.0 
126000 377 790.085 -5951.891 -9.176 4.9544 0.0 
127000 379 781.378 -5952.589 -8.82 4.9056 0.0 
128000 381 773.195 -5954.605 -8.535 4.8533 0.0 
129000 382 774.951 -5953.131 -8.336 4.8581 0.0 
130000 385 756.575 -5952.163 -7.803 4.7492 0.0 
131000 386 761.443 -5957.284 -7.753 4.7868 0.0 
132000 387 766.214 -5959.072 -7.697 4.8506 0.0 
133000 388 763.45 -5956.563 -7.49 4.8259 0.0 
134000 391 743.819 -5956.916 -7.035 4.6897 0.0 
135000 393 723.867 -5961.277 -6.852 4.553 0.0 
136000 394 729.389 -5967.122 -6.704 4.594 0.0 
137000 395 730.242 -5975.44 -6.758 4.5807 0.0 
138000 397 723.884 -5977.684 -6.527 4.5316 0.0 
139000 398 729.406 -5978.95 -6.458 4.5721 0.0 
140000 399 734.818 -5984.325 -6.411 4.6233 0.0 
141000 401 728.299 -5987.094 -6.3 4.6193 0.0 
142000 402 733.733 -5990.259 -6.2 4.6829 0.0 
143000 403 739.059 -5990.919 -6.147 4.7096 0.0 
144000 404 743.918 -5988.766 -5.978 4.7482 0.0 
145000 406 737.678 -5984.435 -5.716 4.6776 0.0 
146000 407 738.725 -5983.243 -5.458 4.6663 0.0 
147000 408 743.95 -5978.99 -5.422 4.7118 0.0 
148000 409 749.071 -5977.406 -5.212 4.7509 0.0 
149000 410 754.09 -5967.851 -5.016 4.7641 0.0 
150000 412 751.268 -5951.165 -4.387 4.7002 0.0 
151000 414 742.839 -5928.331 -3.778 4.6397 0.0 
152000 416 736.835 -5915.53 -3.258 4.5823 0.0 
153000 417 742.099 -5904.281 -2.969 4.6089 0.0 
154000 418 747.257 -5891.226 -2.646 4.6435 0.0 
155000 419 741.011 -5875.199 -2.334 4.5991 0.0 
156000 422 725.651 -5862.688 -1.939 4.495 0.0 
157000 423 731.138 -5852.041 -1.741 4.5505 0.0 
158000 425 723.783 -5838.434 -1.353 4.4867 0.0 
159000 426 723.027 -5825.084 -1.122 4.4866 0.0 
160000 427 728.566 -5827.188 -1.106 4.5254 0.0 
161000 428 725.575 -5822.84 -0.94 4.5015 0.0 
162000 430 716.891 -5811.464 -0.811 4.4306 0.0 
163000 433 707.178 -5792.565 -0.313 4.3531 0.0 
164000 434 696.095 -5805.594 -0.277 4.2806 0.0 
165000 435 702.173 -5810.13 -0.503 4.3376 0.0 
166000 436 708.129 -5795.563 -0.524 4.405 0.0 
167000 438 712.268 -5777.937 -0.09 4.3904 0.0 
168000 440 706.738 -5772.258 0.086 4.3478 0.0 
169000 441 712.603 -5772.352 0.137 4.3735 0.0 
170000 443 693.852 -5772.776 0.245 4.2403 0.0 
171000 446 681.905 -5768.525 0.167 4.1497 0.0 
172000 448 677.962 -5780.424 0.032 4.1241 0.0 
173000 449 668.142 -5780.828 0.079 4.0592 0.0 
174000 451 676.844 -5777.486 0.023 4.1342 0.0 
175000 452 683.307 -5775.312 0.092 4.1624 0.0 
176000 454 668.939 -5778.347 0.012 4.0523 0.0 
177000 455 675.301 -5781.421 -0.045 4.0985 0.0 
178000 458 660.56 -5785.976 -0.073 3.9977 0.0 
179000 462 626.484 -5788.57 -0.187 3.7703 0.0 
180000 464 612.189 -5791.17 -0.148 3.6731 0.0 
181000 465 619.945 -5792.994 -0.279 3.7477 0.0 
182000 467 622.535 -5778.123 0.035 3.7488 0.0 
183000 468 630.085 -5782.819 -0.072 3.8003 0.0 
184000 470 628.813 -5779.646 -0.04 3.7844 0.0 
185000 471 636.237 -5786.035 -0.174 3.8545 0.0 
186000 472 643.512 -5791.224 -0.264 3.882 0.0 
187000 474 630.389 -5793.755 -0.315 3.7823 0.0 
188000 475 637.781 -5804.919 -0.429 3.856 0.0 
189000 476 645.025 -5810.988 -0.581 3.8944 0.0 
190000 478 647.582 -5804.198 -0.513 3.9119 0.0 
191000 480 642.664 -5801.715 -0.379 3.8874 0.0 
192000 481 649.81 -5802.746 -0.338 3.954 0.0 
193000 483 634.451 -5793.799 -0.185 3.8469 0.0 
194000 486 623.782 -5791.522 -0.158 3.7571 0.0 
195000 487 616.087 -5794.836 -0.05 3.7053 0.0 
196000 489 615.41 -5793.58 -0.125 3.7037 0.0 
197000 492 609.364 -5786.871 -0.047 3.6657 0.0 
198000 493 617.177 -5790.864 -0.127 3.6914 0.0 
199000 494 622.573 -5781.333 0.063 3.7145 0.0 
200000 495 630.122 -5784.676 -0.026 3.7461 0.0 
201000 496 637.519 -5786.086 -0.091 3.7998 0.0 
202000 497 644.769 -5791.212 -0.135 3.8825 0.0 
203000 498 651.873 -5794.137 -0.217 3.8967 0.0 
204000 499 658.836 -5800.777 -0.301 3.9319 0.0 
205000 500 665.659 -5808.911 -0.432 3.9572 0.0 
206000 501 672.346 -5815.112 -0.593 3.9795 0.0 
207000 503 669.081 -5813.369 -0.456 3.9642 0.0 
208000 504 675.7 -5819.067 -0.628 4.0262 0.0 
209000 505 682.186 -5821.369 -0.608 4.068 0.0 
210000 506 681.582 -5819.152 -0.589 4.0562 0.0 
211000 507 687.95 -5824.982 -0.746 4.1086 0.0 
212000 508 694.191 -5832.367 -0.849 4.1575 0.0 
213000 509 700.307 -5837.437 -0.916 4.1788 0.0 
214000 510 706.301 -5842.913 -1.021 4.2321 0.0 
215000 511 712.175 -5848.454 -1.068 4.2518 0.0 
216000 512 717.932 -5851.64 -1.148 4.2949 0.0 
217000 513 723.573 -5854.016 -1.179 4.307 0.0 
218000 514 729.102 -5858.212 -1.196 4.3391 0.0 
219000 515 734.52 -5861.25 -1.304 4.4047 0.0 
220000 516 739.829 -5864.678 -1.31 4.4094 0.0 
221000 517 745.033 -5866.863 -1.359 4.4278 0.0 
222000 518 750.132 -5872.432 -1.353 4.4677 0.0 
223000 519 755.129 -5872.876 -1.421 4.5008 0.0 
224000 520 760.027 -5870.577 -1.39 4.5291 0.0 
225000 521 764.826 -5870.235 -1.312 4.5512 0.0 
226000 522 769.53 -5871.368 -1.292 4.5744 0.0 
227000 523 774.139 -5867.728 -1.291 4.5924 0.0 
228000 524 776.256 -5866.502 -1.114 4.6083 0.0 
229000 525 780.731 -5870.781 -1.11 4.6167 0.0 
230000 526 785.117 -5870.855 -1.202 4.6339 0.0 
231000 527 787.574 -5857.756 -1.002 4.6387 0.0 
232000 528 791.823 -5862.543 -0.822 4.6603 0.0 
233000 530 779.209 -5863.114 -0.844 4.5632 0.0 
234000 532 773.852 -5865.951 -0.951 4.5281 0.0 
235000 533 778.375 -5865.002 -1.013 4.5367 0.0 
236000 535 771.291 -5863.933 -0.877 4.4873 0.0 
237000 536 775.865 -5867.363 -0.819 4.4967 0.0 
238000 538 768.261 -5868.568 -0.829 4.4466 0.0 
239000 539 772.896 -5874.429 -0.921 4.4834 0.0 
240000 540 777.438 -5877.277 -0.961 4.5061 0.0 
241000 541 781.889 -5877.208 -0.958 4.5272 0.0 
242000 542 786.251 -5878.33 -0.928 4.5431 0.0 
243000 543 790.526 -5879.124 -0.956 4.5618 0.0 
244000 544 794.716 -5883.243 -1.003 4.628 0.0 
245000 545 798.822 -5887.544 -1.067 4.6283 0.0 
246000 546 802.845 -5890.888 -1.109 4.6563 0.0 
247000 547 806.788 -5895.705 -1.188 4.6871 0.0 
248000 548 810.652 -5898.256 -1.23 4.7306 0.0 
249000 549 814.439 -5901.316 -1.259 4.7608 0.0 
250000 550 818.151 -5907.881 -1.349 4.7945 0.0 
251000 551 821.788 -5909.387 -1.375 4.8386 0.0 
252000 552 825.352 -5915.122 -1.446 4.8592 0.0 
253000 553 828.845 -5918.17 -1.493 4.8841 0.0 
254000 554 832.268 -5919.56 -1.477 4.9012 0.0 
255000 555 835.623 -5924.647 -1.552 4.9444 0.0 
256000 556 838.91 -5928.58 -1.585 4.9874 0.0 
257000 557 842.132 -5931.747 -1.64 4.9983 0.0 
258000 558 845.289 -5936.074 -1.684 5.0159 0.0 
259000 559 848.383 -5939.929 -1.735 5.0313 0.0 
260000 560 851.416 -5945.862 -1.807 5.0471 0.0 
261000 561 854.387 -5951.735 -1.895 5.0707 0.0 
262000 562 857.3 -5958.077 -1.993 5.0884 0.0 
263000 563 860.154 -5963.106 -2.033 5.1054 0.0 
264000 564 862.951 -5965.965 -2.065 5.1467 0.0 
265000 565 865.692 -5973.518 -2.172 5.1719 0.0 
266000 566 868.378 -5975.987 -2.19 5.2142 0.0 
267000 567 871.01 -5980.717 -2.242 5.2448 0.0 
268000 568 873.59 -5983.569 -2.243 5.2566 0.0 
269000 569 876.118 -5985.504 -2.246 5.2627 0.0 
270000 570 878.596 -5987.307 -2.222 5.2813 0.0 
271000 571 881.024 -5990.532 -2.233 5.2924 0.0 
272000 572 883.403 -5991.291 -2.225 5.327 0.0 
273000 573 876.455 -5986.731 -2.161 5.2806 0.0 
274000 574 874.306 -5987.368 -2.032 5.2548 0.0 
275000 575 876.82 -5992.17 -2.097 5.2612 0.0 
276000 576 879.284 -5995.784 -2.138 5.2948 0.0 
277000 577 881.698 -6000.402 -2.159 5.3326 0.0 
278000 579 871.923 -6003.999 -2.245 5.2734 0.0 
279000 580 874.484 -6006.489 -2.272 5.2893 0.0 
280000 581 876.995 -6011.292 -2.17 5.3112 0.0 
281000 582 879.455 -6010.051 -2.267 5.3201 0.0 
282000 584 869.688 -6018.612 -2.19 5.2255 0.0 
283000 585 872.295 -6024.746 -2.418 5.2406 0.0 
284000 586 874.849 -6034.181 -2.496 5.264 0.0 
285000 587 877.352 -6034.967 -2.553 5.3127 0.0 
286000 589 861.105 -6033.244 -2.394 5.1893 0.0 
287000 591 843.331 -6028.623 -2.22 5.0595 0.0 
288000 592 844.684 -6032.724 -2.144 5.0572 0.0 
289000 594 839.328 -6041.127 -2.2 5.0279 0.0 
290000 595 838.341 -6037.347 -2.206 5.0241 0.0 
291000 596 841.434 -6039.06 -2.159 5.0471 0.0 
292000 597 844.606 -6045.941 -2.226 5.0666 0.0 
293000 598 847.713 -6050.111 -2.24 5.0929 0.0 
294000 599 850.759 -6053.93 -2.321 5.1416 0.0 
295000 600 853.744 -6058.599 -2.335 5.1549 0.0 
296000 601 856.669 -6063.827 -2.468 5.1675 0.0 
297000 602 859.536 -6064.261 -2.441 5.1936 0.0 
298000 603 862.345 -6073.273 -2.513 5.1969 0.0 
299000 604 865.098 -6070.943 -2.494 5.2238 0.0 
300000 605 867.796 -6070.687 -2.413 5.2669 0.0 
301000 606 870.44 -6069.085 -2.353 5.2846 0.0 
302000 607 873.031 -6068.373 -2.288 5.2766 0.0 
303000 609 862.439 -6066.833 -2.069 5.1864 0.0 
304000 610 865.191 -6067.707 -2.076 5.1839 0.0 
305000 611 851.207 -6074.554 -1.955 5.0943 0.0 
306000 612 854.183 -6078.998 -2.087 5.125 0.0 
307000 613 857.099 -6084.562 -2.118 5.1231 0.0 
308000 614 859.957 -6090.648 -2.197 5.1467 0.0 
309000 615 862.758 -6099.148 -2.261 5.1592 0.0 
310000 616 865.503 -6102.844 -2.387 5.1717 0.0 
311000 617 868.193 -6106.667 -2.409 5.1843 0.0 
312000 618 870.829 -6110.343 -2.45 5.2467 0.0 
313000 620 866.989 -6109.837 -2.41 5.2261 0.0 
314000 621 869.649 -6108.386 -2.459 5.2394 0.0 
315000 622 872.256 -6110.097 -2.427 5.2671 0.0 
316000 623 873.911 -6111.034 -2.38 5.2766 0.0 
317000 624 875.713 -6117.292 -2.473 5.2852 0.0 
318000 625 877.079 -6119.679 -2.379 5.2902 0.0 
319000 626 879.537 -6125.661 -2.486 5.2999 0.0 
320000 627 881.946 -6127.755 -2.485 5.3426 0.0 
321000 629 874.179 -6126.281 -2.328 5.2677 0.0 
322000 630 876.695 -6128.472 -2.413 5.2828 0.0 
323000 631 879.161 -6135.851 -2.412 5.2991 0.0 
324000 632 881.578 -6137.201 -2.478 5.322 0.0 
325000 633 883.947 -6141.817 -2.51 5.3284 0.0 
326000 634 886.268 -6149.05 -2.534 5.3751 0.0 
327000 635 888.542 -6152.894 -2.606 5.3876 0.0 
328000 636 882.492 -6162.099 -2.608 5.3432 0.0 
329000 637 884.842 -6170.563 -2.711 5.3626 0.0 
330000 638 887.145 -6174.464 -2.849 5.3992 0.0 
331000 639 889.402 -6185.772 -2.879 5.4344 0.0 
332000 641 877.742 -6179.977 -2.838 5.3622 0.0 
333000 642 871.627 -6182.169 -2.715 5.3058 0.0 
334000 643 874.194 -6186.824 -2.757 5.2909 0.0 
335000 644 876.71 -6192.948 -2.784 5.2999 0.0 
336000 645 879.176 -6196.174 -2.827 5.3109 0.0 
337000 646 881.593 -6201.712 -2.833 5.325 0.0 
338000 647 883.961 -6206.707 -2.913 5.3356 0.0 
339000 648 886.282 -6209.63 -2.96 5.3451 0.0 
340000 649 888.556 -6220.478 -2.939 5.3466 0.0 
341000 650 890.785 -6225.013 -3.049 5.3723 0.0 
342000 651 892.969 -6229.603 -3.124 5.3752 0.0 
343000 652 895.11 -6229.776 -3.11 5.3909 0.0 
344000 653 897.208 -6234.889 -3.097 5.4154 0.0 
345000 654 899.263 -6239.203 -3.141 5.4699 0.0 
346000 655 901.278 -6241.465 -3.146 5.476 0.0 
347000 656 903.253 -6249.759 -3.148 5.4804 0.0 
348000 657 905.188 -6257.173 -3.251 5.4773 0.0 
349000 658 907.084 -6261.729 -3.325 5.4845 0.0 
350000 659 908.942 -6264.131 -3.358 5.4682 0.0 
351000 660 910.763 -6271.649 -3.347 5.4706 0.0 
352000 661 912.548 -6276.015 -3.402 5.4869 0.0 
353000 662 914.297 -6279.646 -3.447 5.4742 0.0 
354000 664 912.311 -6279.245 -3.301 5.4498 0.0 
355000 665 914.065 -6273.976 -3.13 5.4664 0.0 
356000 666 909.463 -6271.624 -3.033 5.4415 0.0 
357000 668 896.389 -6271.47 -2.967 5.3873 0.0 
358000 669 898.461 -6273.689 -2.997 5.4184 0.0 
359000 670 900.492 -6279.674 -3.024 5.4266 0.0 
360000 671 896.262 -6289.178 -3.077 5.3957 0.0 
361000 672 890.677 -6294.425 -3.08 5.3601 0.0 
362000 673 892.863 -6301.974 -3.094 5.4048 0.0 
363000 674 895.006 -6303.275 -3.205 5.4384 0.0 
364000 677 875.562 -6285.208 -2.73 5.3267 0.0 
365000 678 863.971 -6289.094 -2.622 5.2467 0.0 
366000 680 866.678 -6300.814 -2.768 5.2581 0.0 
367000 681 869.344 -6299.906 -2.698 5.2497 0.0 
368000 683 849.209 -6293.685 -2.511 5.1103 0.0 
369000 685 830.153 -6285.51 -2.263 4.9719 0.0 
370000 687 818.781 -6271.366 -1.902 4.896 0.0 
371000 689 809.149 -6286.116 -2.136 4.8301 0.0 
372000 691 802.564 -6275.987 -1.783 4.7923 0.0 
373000 692 798.193 -6269.996 -1.646 4.7612 0.0 
374000 693 802.229 -6275.53 -1.701 4.7807 0.0 
375000 694 804.605 -6272.209 -1.642 4.8114 0.0 
376000 695 808.512 -6267.475 -1.555 4.8423 0.0 
377000 696 812.342 -6267.392 -1.478 4.8577 0.0 
378000 699 793.993 -6268.493 -1.365 4.7073 0.0 
379000 700 787.533 -6268.331 -1.402 4.6552 0.0 
380000 702 784.967 -6266.44 -1.281 4.6082 0.0 
381000 703 775.347 -6260.406 -1.085 4.5436 0.0 
382000 704 779.84 -6256.155 -1.146 4.5596 0.0 
383000 705 782.004 -6248.215 -0.942 4.575 0.0 
384000 707 777.136 -6235.769 -0.607 4.5673 0.0 
385000 708 781.593 -6233.776 -0.571 4.5862 0.0 
386000 710 768.417 -6212.176 -0.2 4.5014 0.0 
387000 712 769.967 -6198.115 0.252 4.5056 0.0 
388000 713 763.248 -6188.3 0.461 4.4597 0.0 
389000 715 761.858 -6175.697 0.602 4.4501 0.0 
390000 716 766.62 -6171.32 0.664 4.5105 0.0 
391000 717 771.288 -6167.426 0.637 4.5398 0.0 
392000 718 768.762 -6190.761 0.287 4.5094 0.0 
393000 720 758.38 -6173.7 0.625 4.4243 0.0 
394000 721 763.213 -6174.796 0.536 4.4559 0.0 
395000 722 767.949 -6179.853 0.421 4.4876 0.0 
396000 723 772.59 -6176.922 0.524 4.5299 0.0 
397000 724 772.518 -6179.598 0.506 4.5255 0.0 
398000 726 773.483 -6164.866 0.634 4.5249 0.0 
399000 727 764.273 -6159.15 0.837 4.4638 0.0 
400000 728 768.988 -6162.805 0.841 4.5034 0.0 
401000 729 773.608 -6158.758 0.704 4.5419 0.0 
402000 731 772.453 -6148.344 0.938 4.5358 0.0 
403000 732 766.524 -6145.19 0.963 4.4897 0.0 
404000 734 770.55 -6135.259 1.188 4.5295 0.0 
405000 735 775.139 -6136.83 1.11 4.5896 0.0 
406000 736 778.016 -6126.304 1.215 4.6367 0.0 
407000 737 782.456 -6122.964 1.279 4.6763 0.0 
408000 738 786.807 -6122.355 1.266 4.6969 0.0 
409000 739 791.07 -6115.807 1.32 4.7491 0.0 
410000 740 795.249 -6122.266 1.188 4.7674 0.0 
411000 741 795.404 -6117.219 1.27 4.7628 0.0 
412000 742 799.036 -6110.913 1.394 4.8096 0.0 
413000 743 803.055 -6116.068 1.28 4.8338 0.0 
414000 744 798.294 -6114.751 1.435 4.7975 0.0 
415000 745 802.328 -6113.706 1.292 4.8415 0.0 
416000 746 806.282 -6113.723 1.375 4.8672 0.0 
417000 747 807.716 -6110.414 1.358 4.8731 0.0 
418000 748 811.562 -6114.608 1.395 4.8901 0.0 
419000 750 811.624 -6100.27 1.349 4.9105 0.0 
420000 751 815.391 -6105.835 1.293 4.9641 0.0 
421000 752 817.944 -6104.846 1.314 4.9873 0.0 
422000 753 821.585 -6099.907 1.324 4.9915 0.0 
423000 754 825.153 -6101.539 1.292 5.0293 0.0 
424000 755 826.87 -6097.172 1.426 5.0396 0.0 
425000 756 829.553 -6094.085 1.414 5.028 0.0 
426000 757 825.381 -6083.915 1.498 4.9905 0.0 
427000 759 826.81 -6076.095 1.642 4.9966 0.0 
428000 760 824.013 -6077.87 1.667 4.9685 0.0 
429000 761 827.533 -6080.526 1.513 4.9973 0.0 
430000 762 830.982 -6074.43 1.516 5.0136 0.0 
431000 763 834.363 -6073.375 1.656 5.0114 0.0 
432000 765 829.842 -6068.231 1.693 4.9778 0.0 
433000 766 827.486 -6055.386 1.796 4.9703 0.0 
434000 767 830.936 -6056.059 1.79 4.9798 0.0 
435000 769 822.724 -6038.742 2.074 4.9174 0.0 
436000 770 816.73 -6032.979 2.118 4.8742 0.0 
437000 772 814.367 -6025.355 2.286 4.8474 0.0 
438000 774 800.001 -6015.895 2.283 4.7471 0.0 
439000 775 804.001 -6010.646 2.371 4.768 0.0 
440000 777 791.521 -5990.636 2.638 4.6859 0.0 
441000 779 781.672 -5982.936 2.811 4.6152 0.0 
442000 780 777.379 -5965.632 2.928 4.5861 0.0 
443000 782 770.145 -5948.791 3.188 4.5454 0.0 
444000 784 758.014 -5937.189 3.322 4.4609 0.0 
445000 786 749.003 -5914.074 3.543 4.4069 0.0 
446000 788 739.848 -5888.047 3.965 4.353 0.0 
447000 790 729.567 -5877.987 4.157 4.292 0.0 
448000 793 709.63 -5844.038 4.412 4.1592 0.0 
449000 794 715.438 -5848.637 4.268 4.1951 0.0 
450000 797 695.02 -5820.702 4.693 4.0524 0.0 
451000 799 683.606 -5796.816 4.837 3.9726 0.0 
452000 801 670.725 -5770.218 5.086 3.8896 0.0 
453000 802 677.311 -5762.067 5.244 3.9351 0.0 
454000 803 675.125 -5751.888 5.332 3.9208 0.0 
455000 806 667.023 -5714.239 5.723 3.8463 0.0 
456000 808 666.428 -5701.931 5.942 3.8164 0.0 
457000 810 660.083 -5677.104 6.153 3.7779 0.0 
458000 812 648.363 -5652.693 6.325 3.6973 0.0 
459000 813 644.316 -5632.803 6.494 3.6675 0.0 
460000 814 651.43 -5622.03 6.596 3.6967 0.0 
461000 815 658.401 -5613.763 6.666 3.7283 0.0 
462000 818 652.831 -5590.596 6.822 3.6978 0.0 
463000 821 635.612 -5546.533 7.357 3.5933 0.0 
464000 824 615.492 -5509.124 7.469 3.4595 0.0 
465000 825 623.183 -5501.439 7.426 3.5088 0.0 
466000 828 606.799 -5461.884 7.901 3.4101 0.0 
467000 831 589.429 -5416.567 8.241 3.3059 0.0 
468000 832 597.64 -5411.379 8.24 3.3537 0.0 
469000 835 584.874 -5370.751 8.653 3.2618 0.0 
470000 837 579.822 -5332.694 8.965 3.2184 0.0 
471000 840 567.141 -5287.215 9.393 3.1275 0.0 
472000 843 550.986 -5236.436 9.748 3.022 0.0 
473000 847 529.817 -5186.013 10.068 2.8852 0.0 
474000 851 504.485 -5142.083 9.947 2.7261 0.0 
475000 854 494.581 -5102.496 10.223 2.6544 0.0 
476000 855 504.689 -5092.012 10.236 2.7115 0.0 
477000 857 504.971 -5064.209 10.407 2.7127 0.0 
478000 860 493.852 -5017.717 10.634 2.6487 0.0 
479000 861 503.975 -4995.422 10.77 2.7091 0.0 
480000 864 492.769 -4954.683 10.896 2.6461 0.0 
481000 868 480.306 -4914.055 11.16 2.5727 0.0 
482000 869 475.68 -4894.351 11.151 2.5461 0.0 
483000 872 477.337 -4862.628 11.111 2.5569 0.0 
484000 873 473.63 -4844.328 11.122 2.5346 0.0 
485000 875 480.855 -4821.053 11.275 2.5797 0.0 
486000 876 491.238 -4812.446 11.135 2.657 0.0 
487000 878 497.865 -4783.138 11.323 2.674 0.0 
488000 881 491.61 -4756.916 11.339 2.6241 0.0 
489000 884 483.02 -4719.397 11.419 2.5601 0.0 
490000 886 480.558 -4678.896 11.617 2.5359 0.0 
491000 888 473.316 -4646.576 11.732 2.4883 0.0 
492000 890 484.993 -4633.196 11.731 2.5317 0.0 
493000 893 473.647 -4580.374 11.917 2.4593 0.0 
494000 894 484.174 -4570.325 11.931 2.514 0.0 
495000 897 476.065 -4522.224 12.15 2.457 0.0 
496000 898 486.543 -4513.387 12.179 2.5064 0.0 
497000 900 478.221 -4487.393 12.097 2.4643 0.0 
498000 903 479.44 -4453.862 12.104 2.4703 0.0 
499000 905 480.981 -4425.013 12.215 2.4691 0.0 
500000 908 467.461 -4379.944 12.243 2.3896 0.0 
501000 912 454.348 -4339.996 12.167 2.3192 0.0 
502000 914 455.14 -4316.333 12.07 2.325 0.0 
503000 915 466.038 -4303.954 12.148 2.4154 0.0 
504000 917 458.268 -4285.731 12.049 2.3722 0.0 
505000 918 468.583 -4278.865 11.982 2.4316 0.0 
506000 919 474.711 -4264.227 11.891 2.4663 0.0 
507000 921 489.253 -4243.615 11.929 2.5718 0.0 
508000 923 485.691 -4228.116 11.778 2.5504 0.0 
509000 925 479.9 -4207.541 11.664 2.5221 0.0 
510000 926 490.302 -4198.486 11.621 2.5804 0.0 
511000 927 500.496 -4187.048 11.575 2.651 0.0 
512000 928 510.486 -4183.997 11.553 2.7164 0.0 
513000 932 501.975 -4152.827 11.288 2.6735 0.0 
514000 934 504.013 -4128.627 11.391 2.6905 0.0 
515000 937 488.631 -4070.65 11.514 2.602 0.0 
516000 941 471.236 -4021.51 11.741 2.4992 0.0 
517000 943 463.323 -3998.733 11.723 2.4545 0.0 
518000 946 465.269 -3961.57 11.716 2.4616 0.0 
519000 947 475.964 -3953.181 11.714 2.5211 0.0 
520000 951 458.313 -3906.984 11.709 2.4201 0.0 
521000 954 447.662 -3856.473 11.818 2.3612 0.0 
522000 957 446.348 -3824.458 11.95 2.3439 0.0 
523000 958 443.041 -3817.74 12.02 2.3215 0.0 
524000 962 439.508 -3776.871 11.725 2.2768 0.0 
525000 965 435.733 -3740.97 11.804 2.2456 0.0 
526000 969 420.707 -3701.889 11.729 2.1509 0.0 
527000 973 409.254 -3643.955 11.934 2.0766 0.0 
528000 975 410.843 -3621.213 11.893 2.0903 0.0 
529000 978 407.778 -3573.514 12.092 2.0765 0.0 
530000 979 405.582 -3542.796 12.151 2.0648 0.0 
531000 982 412.344 -3507.563 12.357 2.0991 0.0 
532000 986 402.191 -3461.665 12.414 2.0459 0.0 
533000 989 395.425 -3415.827 12.419 2.0085 0.0 
534000 990 407.517 -3413.641 12.414 2.0806 0.0 
535000 992 410.185 -3376.424 12.459 2.1001 0.0 
536000 993 410.082 -3360.194 12.406 2.1005 0.0 
537000 995 422.282 -3340.469 12.348 2.1717 0.0 
538000 996 425.237 -3332.23 12.327 2.1856 0.0 
539000 998 434.343 -3304.602 12.384 2.2536 0.0 
540000 1000 445.083 -3287.954 12.361 2.3166 0.0 
541000 1002 447.265 -3268.514 12.291 2.3313 0.0 
542000 1003 448.74 -3239.309 12.289 2.3331 0.0 
543000 1005 457.27 -3216.733 12.381 2.3667 0.0 
544000 1007 459.395 -3185.321 12.563 2.3736 0.0 
545000 1008 465.867 -3170.808 12.537 2.4226 0.0 
546000 1010 472.598 -3148.842 12.57 2.4481 0.0 
547000 1012 466.73 -3123.919 12.576 2.4101 0.0 
548000 1015 460.794 -3081.22 12.463 2.3628 0.0 
549000 1017 456.752 -3054.691 12.574 2.3371 0.0 
550000 1019 464.565 -3029.137 12.544 2.3867 0.0 
551000 1020 462.014 -3015.49 12.623 2.3739 0.0 
552000 1023 471.228 -2989.242 12.559 2.4297 0.0 
553000 1026 464.117 -2938.414 12.892 2.3937 0.0 
554000 1028 465.687 -2912.491 12.908 2.4028 0.0 
555000 1029 461.493 -2883.463 13.021 2.3801 0.0 
556000 1031 465.517 -2856.695 13.043 2.4249 0.0 
557000 1033 467.56 -2829.547 13.029 2.4456 0.0 
558000 1036 469.047 -2796.628 12.947 2.4434 0.0 
559000 1040 451.932 -2737.374 13.112 2.3357 0.0 
560000 1043 440.446 -2697.807 13.15 2.264 0.0 
561000 1044 442.397 -2687.121 13.032 2.2654 0.0 
562000 1048 442.009 -2642.38 12.998 2.2533 0.0 
563000 1050 434.609 -2608.071 13.188 2.2072 0.0 
564000 1053 439.509 -2570.431 13.208 2.219 0.0 
565000 1054 436.419 -2543.998 13.305 2.1996 0.0 
566000 1056 444.976 -2522.91 13.177 2.2385 0.0 
567000 1058 452.755 -2502.714 13.118 2.2702 0.0 
568000 1059 451.06 -2496.22 13.036 2.2577 0.0 
569000 1062 453.569 -2449.068 13.011 2.2634 0.0 
570000 1063 464.498 -2435.48 13.058 2.3304 0.0 
571000 1067 452.475 -2392.068 13.113 2.273 0.0 
572000 1069 447.671 -2353.476 13.135 2.2471 0.0 
573000 1071 450.215 -2329.449 13.102 2.2757 0.0 
574000 1073 456.315 -2313.808 12.965 2.324 0.0 
575000 1074 467.189 -2302.973 12.891 2.3899 0.0 
576000 1075 470.945 -2294.581 12.796 2.4091 0.0 
577000 1076 478.626 -2279.987 12.682 2.4786 0.0 
578000 1077 489.053 -2264.469 12.758 2.5475 0.0 
579000 1078 499.272 -2259.475 12.81 2.5924 0.0 
580000 1079 509.287 -2243.959 12.657 2.6363 0.0 
581000 1081 517.439 -2226.708 12.641 2.6885 0.0 
582000 1082 513.45 -2211.185 12.602 2.6628 0.0 
583000 1085 515.149 -2160.416 12.86 2.6654 0.0 
584000 1088 505.489 -2123.736 12.844 2.5996 0.0 
585000 1089 508.499 -2118.046 12.931 2.6119 0.0 
586000 1091 511.095 -2100.585 12.566 2.6137 0.0 
587000 1092 520.873 -2091.655 12.51 2.6612 0.0 
588000 1093 530.456 -2077.799 12.445 2.7143 0.0 
589000 1095 531.431 -2054.082 12.623 2.7155 0.0 
590000 1096 540.802 -2056.62 12.263 2.7669 0.0 
591000 1099 532.252 -2049.737 11.966 2.7113 0.0 
592000 1100 528.487 -2019.956 12.115 2.6881 0.0 
593000 1102 533.799 -1994.682 11.905 2.7293 0.0 
594000 1105 522.629 -1957.156 12.046 2.6598 0.0 
595000 1106 532.177 -1947.201 12.051 2.7225 0.0 
596000 1107 541.533 -1945.509 11.755 2.8204 0.0 
597000 1108 550.703 -1933.951 11.785 2.8597 0.0 
598000 1110 547.373 -1918.697 11.71 2.8367 0.0 
599000 1112 553.557 -1913.862 11.443 2.8583 0.0 
600000 1113 553.086 -1887.674 11.476 2.8566 0.0 
601000 1114 562.024 -1879.659 11.494 2.9002 0.0 
602000 1116 566.108 -1864.83 11.365 2.9381 0.0 
603000 1117 570.546 -1852.89 11.385 2.9836 0.0 
604000 1118 579.135 -1847.652 11.207 3.0332 0.0 
605000 1119 576.292 -1849.599 11.223 3.0152 0.0 
606000 1120 584.766 -1845.55 10.898 3.0771 0.0 
607000 1121 592.671 -1832.036 10.799 3.1186 0.0 
608000 1123 597.781 -1817.768 10.757 3.1491 0.0 
609000 1124 603.826 -1809.646 10.605 3.1918 0.0 
610000 1125 609.129 -1807.721 10.641 3.229 0.0 
611000 1126 616.946 -1813.768 10.365 3.2646 0.0 
612000 1127 624.607 -1817.81 10.028 3.333 0.0 
613000 1131 608.685 -1800.992 9.659 3.2282 0.0 
614000 1132 616.511 -1793.851 9.6 3.2749 0.0 
615000 1136 578.411 -1751.634 9.541 3.0666 0.0 
616000 1138 577.786 -1738.404 9.34 3.0784 0.0 
617000 1140 569.236 -1722.456 9.464 3.0305 0.0 
618000 1141 577.851 -1714.685 9.165 3.0874 0.0 
619000 1142 585.734 -1714.043 9.246 3.1265 0.0 
620000 1145 583.187 -1704.292 8.841 3.1144 0.0 
621000 1146 591.524 -1725.945 8.579 3.1506 0.0 
622000 1147 582.093 -1698.533 8.508 3.0975 0.0 
623000 1148 590.451 -1692.32 8.478 3.164 0.0 
624000 1150 603.316 -1683.126 8.41 3.2417 0.0 
625000 1151 611.25 -1672.478 8.462 3.28 0.0 
626000 1152 619.025 -1661.894 8.422 3.3469 0.0 
627000 1153 620.444 -1656.052 8.363 3.3642 0.0 
628000 1154 628.035 -1663.003 8.024 3.4266 0.0 
629000 1155 625.455 -1662.403 8.071 3.4131 0.0 
630000 1159 608.773 -1629.016 7.875 3.3257 0.0 
631000 1160 607.737 -1629.866 7.9 3.3233 0.0 
632000 1161 615.583 -1634.599 7.639 3.3804 0.0 
633000 1162 623.271 -1637.54 7.386 3.4366 0.0 
634000 1164 625.938 -1619.473 7.361 3.4643 0.0 
635000 1165 633.42 -1625.45 7.087 3.5404 0.0 
636000 1166 640.751 -1628.882 6.853 3.5839 0.0 
637000 1167 647.936 -1634.666 6.631 3.6083 0.0 
638000 1168 654.977 -1638.968 6.413 3.6532 0.0 
639000 1169 661.878 -1642.113 6.213 3.6829 0.0 
640000 1170 668.64 -1638.79 5.983 3.7236 0.0 
641000 1172 664.222 -1626.708 6.178 3.6996 0.0 
642000 1173 661.678 -1620.579 6.244 3.6846 0.0 
643000 1174 667.144 -1620.919 6.185 3.7213 0.0 
644000 1175 673.801 -1616.515 5.953 3.7591 0.0 
645000 1177 673.644 -1597.125 6.143 3.7622 0.0 
646000 1178 674.051 -1593.799 6.173 3.7687 0.0 
647000 1182 652.616 -1576.016 6.109 3.6392 0.0 
648000 1183 652.223 -1551.375 6.252 3.636 0.0 
649000 1184 655.239 -1543.393 6.362 3.645 0.0 
650000 1187 644.946 -1515.742 6.504 3.5781 0.0 
651000 1189 638.98 -1494.912 6.658 3.5357 0.0 
652000 1190 646.2 -1493.193 6.456 3.5563 0.0 
653000 1192 641.778 -1472.546 6.653 3.5397 0.0 
654000 1193 648.943 -1479.518 6.462 3.5889 0.0 
655000 1194 643.804 -1473.069 6.617 3.5545 0.0 
656000 1197 636.463 -1430.645 6.822 3.5196 0.0 
657000 1198 643.734 -1441.183 6.615 3.5523 0.0 
658000 1200 639.879 -1439.356 6.498 3.5332 0.0 
659000 1203 618.419 -1401.218 6.667 3.4092 0.0 
660000 1204 611.99 -1397.023 6.849 3.3716 0.0 
661000 1207 608.002 -1356.224 7.075 3.3553 0.0 
662000 1209 607.105 -1350.041 6.976 3.3563 0.0 
663000 1210 601.363 -1346.554 7.056 3.3229 0.0 
664000 1212 603.509 -1329.092 6.807 3.3338 0.0 
665000 1213 611.359 -1319.339 6.935 3.3709 0.0 
666000 1214 619.132 -1308.907 6.97 3.4152 0.0 
667000 1217 608.494 -1278.204 7.201 3.3405 0.0 
668000 1218 602.304 -1277.48 7.309 3.3017 0.0 
669000 1221 601.289 -1261.686 7.134 3.2903 0.0 
670000 1223 596.666 -1222.428 7.49 3.2533 0.0 
671000 1225 595.148 -1210.473 7.589 3.2464 0.0 
672000 1227 583.713 -1179.572 7.813 3.1801 0.0 
673000 1229 586.477 -1174.683 7.664 3.1941 0.0 
674000 1230 594.748 -1150.886 7.826 3.2445 0.0 
675000 1231 602.853 -1161.053 7.566 3.3193 0.0 
676000 1232 597.696 -1150.002 7.701 3.2856 0.0 
677000 1234 605.907 -1135.702 7.608 3.3045 0.0 
678000 1237 588.836 -1092.825 7.943 3.1931 0.0 
679000 1238 582.58 -1092.263 7.999 3.1531 0.0 
680000 1239 590.928 -1098.848 7.749 3.2124 0.0 
681000 1240 599.11 -1105.453 7.448 3.2833 0.0 
682000 1242 609.145 -1082.646 7.394 3.3508 0.0 
683000 1243 616.962 -1082.302 7.275 3.4068 0.0 
684000 1244 624.623 -1084.672 7.028 3.4481 0.0 
685000 1245 617.65 -1070.281 7.119 3.4063 0.0 
686000 1248 618.601 -1038.681 7.548 3.4299 0.0 
687000 1249 626.229 -1027.178 7.631 3.4809 0.0 
688000 1250 633.705 -1020.06 7.613 3.5038 0.0 
689000 1251 641.031 -1012.126 7.623 3.5382 0.0 
690000 1253 627.635 -980.445 7.803 3.4519 0.0 
691000 1255 629.821 -978.203 7.697 3.4665 0.0 
692000 1256 634.704 -951.555 7.844 3.4955 0.0 
693000 1257 632.81 -950.785 7.924 3.4858 0.0 
694000 1258 640.154 -944.432 7.689 3.5268 0.0 
695000 1259 647.351 -935.332 7.718 3.5664 0.0 
696000 1261 646.036 -928.694 7.576 3.5557 0.0 
697000 1263 644.433 -926.811 7.349 3.5626 0.0 
698000 1264 651.544 -928.673 7.106 3.6029 0.0 
699000 1265 658.513 -937.646 6.84 3.6424 0.0 
700000 1266 660.503 -915.482 6.95 3.6644 0.0 
701000 1267 667.293 -907.717 7.138 3.7011 0.0 
702000 1268 665.167 -898.405 7.147 3.6891 0.0 
703000 1269 671.864 -889.304 7.195 3.7298 0.0 
704000 1272 663.558 -866.932 7.18 3.6617 0.0 
705000 1273 670.106 -853.234 7.265 3.6891 0.0 
706000 1276 653.787 -830.791 7.449 3.6021 0.0 
707000 1277 656.171 -816.637 7.547 3.5995 0.0 
708000 1278 663.047 -814.188 7.389 3.6215 0.0 
709000 1279 669.786 -817.311 7.18 3.6524 0.0 
710000 1280 676.391 -808.249 7.157 3.6771 0.0 
711000 1281 669.743 -805.09 7.297 3.6394 0.0 
712000 1282 676.348 -810.343 7.163 3.7046 0.0 
713000 1284 675.505 -784.464 7.05 3.6934 0.0 
714000 1286 677.735 -767.406 7.156 3.7112 0.0 
715000 1287 684.18 -764.161 7.098 3.7545 0.0 
716000 1288 688.836 -753.98 7.163 3.7927 0.0 
717000 1289 695.06 -755.244 6.978 3.8413 0.0 
718000 1290 701.158 -757.241 6.759 3.8866 0.0 
719000 1291 702.575 -753.62 6.818 3.8842 0.0 
720000 1293 698.039 -730.359 6.906 3.8412 0.0 
721000 1294 704.078 -735.747 6.737 3.904 0.0 
722000 1295 709.996 -737.12 6.488 3.9319 0.0 
723000 1296 715.796 -732.269 6.441 3.9713 0.0 
724000 1297 721.48 -740.722 6.271 4.0149 0.0 
725000 1298 727.051 -738.528 6.084 4.0436 0.0 
726000 1299 732.51 -737.684 5.961 4.0918 0.0 
727000 1300 737.86 -734.842 5.946 4.1529 0.0 
728000 1301 743.102 -742.545 5.744 4.1787 0.0 
729000 1302 742.2 -740.48 5.673 4.1869 0.0 
730000 1303 747.356 -740.964 5.557 4.2181 0.0 
731000 1304 749.509 -733.612 5.557 4.2488 0.0 
732000 1305 754.519 -732.671 5.578 4.2772 0.0 
733000 1307 756.42 -717.638 5.432 4.2725 0.0 
734000 1308 759.952 -719.393 5.34 4.2975 0.0 
735000 1309 755.193 -712.932 5.41 4.2734 0.0 
736000 1311 751.534 -700.579 5.493 4.2627 0.0 
737000 1313 744.713 -698.975 5.254 4.2324 0.0 
738000 1314 749.819 -701.479 5.113 4.2474 0.0 
739000 1315 754.822 -691.655 5.15 4.2798 0.0 
740000 1316 754.646 -686.325 5.203 4.2885 0.0 
741000 1318 743.329 -661.318 5.494 4.2153 0.0 
742000 1320 737.903 -640.071 5.678 4.1733 0.0 
743000 1322 726.138 -622.986 5.823 4.107 0.0 
744000 1323 726.456 -619.123 5.842 4.1076 0.0 
745000 1325 728.282 -606.167 5.836 4.1373 0.0 
746000 1326 726.677 -598.904 5.816 4.1292 0.0 
747000 1328 723.619 -577.783 5.948 4.1105 0.0 
748000 1330 707.231 -553.989 6.268 4.0132 0.0 
749000 1332 699.245 -540.799 6.322 3.9716 0.0 
750000 1334 695.271 -527.986 6.195 3.9444 0.0 
751000 1336 692.131 -514.753 6.331 3.9363 0.0 
752000 1337 694.368 -506.655 6.275 3.9461 0.0 
753000 1338 692.481 -502.743 6.317 3.9387 0.0 
754000 1340 697.399 -490.209 6.421 3.9608 0.0 
755000 1341 698.931 -465.638 6.57 3.9571 0.0 
756000 1343 694.954 -449.666 6.723 3.9192 0.0 
757000 1344 701.055 -440.638 6.769 3.9706 0.0 
758000 1345 707.034 -443.507 6.585 4.0162 0.0 
759000 1346 707.633 -432.619 6.591 4.0375 0.0 
760000 1348 698.676 -410.67 6.805 3.98 0.0 
761000 1349 694.662 -396.946 6.853 3.956 0.0 
762000 1351 694.513 -383.198 7.012 3.9498 0.0 
763000 1353 688.846 -353.516 7.13 3.9012 0.0 
764000 1356 674.383 -327.818 7.412 3.7966 0.0 
765000 1358 668.033 -320.765 7.345 3.7615 0.0 
766000 1360 654.529 -289.881 7.458 3.6776 0.0 
767000 1361 658.598 -279.177 7.543 3.7092 0.0 
768000 1364 645.814 -235.958 7.873 3.6366 0.0 
769000 1366 636.799 -214.969 8.023 3.577 0.0 
770000 1368 636.559 -197.618 8.138 3.5734 0.0 
771000 1370 630.474 -175.744 8.275 3.5317 0.0 
772000 1371 637.865 -178.475 7.96 3.5962 0.0 
773000 1372 645.108 -176.097 7.893 3.6531 0.0 
774000 1373 638.065 -162.775 7.984 3.6103 0.0 
775000 1375 634.665 -142.08 8.146 3.5955 0.0 
776000 1378 626.246 -112.901 8.124 3.5583 0.0 
777000 1381 605.045 -74.753 8.411 3.4285 0.0 
778000 1384 595.209 -38.729 8.579 3.3676 0.0 
779000 1385 597.465 -28.29 8.635 3.3826 0.0 
780000 1387 599.406 -9.31 8.688 3.3718 0.0 
781000 1388 607.417 -2.942 8.704 3.4009 0.0 
782000 1389 612.749 11.464 8.744 3.4268 0.0 
783000 1391 609.373 31.744 8.83 3.4156 0.0 
784000 1392 617.186 35.566 8.674 3.4647 0.0 
785000 1393 623.182 41.844 8.555 3.4885 0.0 
786000 1395 621.884 51.91 8.721 3.4499 0.0 
787000 1396 626.286 66.569 8.574 3.4687 0.0 
788000 1397 633.76 87.358 8.723 3.4931 0.0 
789000 1399 620.528 107.713 9.049 3.4076 0.0 
790000 1402 614.708 124.875 8.95 3.3607 0.0 
791000 1405 593.121 189.659 9.342 3.2249 0.0 
792000 1408 572.494 224.167 9.519 3.1071 0.0 
793000 1410 572.403 241.626 9.621 3.1048 0.0 
794000 1413 559.381 270.669 9.598 3.0266 0.0 
795000 1418 530.99 327.589 9.942 2.8671 0.0 
796000 1421 509.382 371.143 10.051 2.7436 0.0 
797000 1423 518.117 379.021 9.897 2.798 0.0 
798000 1425 508.399 400.248 9.754 2.7409 0.0 
799000 1430 484.475 450.78 9.852 2.603 0.0 
800000 1431 485.845 461.3 9.884 2.6092 0.0 
801000 1433 490.386 482.799 9.851 2.6357 0.0 
802000 1438 469.809 508.378 9.67 2.5169 0.0 
803000 1439 475.872 527.833 9.658 2.565 0.0 
804000 1441 479.748 542.207 9.584 2.5876 0.0 
805000 1448 436.475 593.489 9.43 2.3383 0.0 
806000 1452 416.17 634.043 9.238 2.222 0.0 
807000 1454 425.651 643.707 9.363 2.2693 0.0 
808000 1455 437.138 650.198 9.298 2.3388 0.0 
809000 1456 446.215 680.0 9.413 2.3869 0.0 
810000 1457 457.291 682.007 9.416 2.4571 0.0 
811000 1459 461.202 689.738 9.31 2.4745 0.0 
812000 1460 471.978 698.994 9.268 2.5363 0.0 
813000 1463 452.528 741.895 9.352 2.4206 0.0 
814000 1466 456.004 756.481 9.299 2.4247 0.0 
815000 1472 422.02 815.224 9.197 2.2217 0.0 
816000 1474 424.359 831.168 9.175 2.2288 0.0 
817000 1478 413.736 859.56 9.134 2.1485 0.0 
818000 1481 399.525 895.82 9.193 2.0632 0.0 
819000 1483 409.244 922.496 9.279 2.103 0.0 
820000 1484 421.059 935.391 9.229 2.1802 0.0 
821000 1485 427.358 942.519 9.381 2.2052 0.0 
822000 1486 438.811 946.427 9.271 2.2576 0.0 
823000 1487 447.795 962.596 9.207 2.3072 0.0 
824000 1488 458.839 978.745 9.383 2.3548 0.0 
825000 1490 471.72 999.65 9.744 2.4099 0.0 
826000 1491 466.346 1000.396 9.527 2.3785 0.0 
827000 1492 473.719 1014.667 9.393 2.409 0.0 
828000 1494 484.1 1042.981 9.639 2.4833 0.0 
829000 1495 494.418 1052.997 9.642 2.5484 0.0 
830000 1497 496.49 1085.157 9.777 2.5559 0.0 
831000 1499 501.577 1104.202 10.04 2.5877 0.0 
832000 1501 494.631 1138.798 10.188 2.5432 0.0 
833000 1503 502.903 1155.951 10.211 2.5746 0.0 
834000 1504 507.585 1180.068 10.362 2.5933 0.0 
835000 1505 517.433 1189.587 10.381 2.6347 0.0 
836000 1507 518.149 1215.094 10.442 2.6273 0.0 
837000 1508 527.786 1226.136 10.495 2.6805 0.0 
838000 1509 537.23 1238.557 10.558 2.7396 0.0 
839000 1510 546.486 1235.918 10.207 2.8323 0.0 
840000 1513 536.069 1274.642 10.382 2.7801 0.0 
841000 1514 545.348 1274.976 10.189 2.8526 0.0 
842000 1515 554.441 1275.457 9.994 2.9187 0.0 
843000 1518 542.572 1313.934 10.215 2.8519 0.0 
844000 1520 539.771 1351.069 10.44 2.838 0.0 
845000 1523 526.795 1387.282 10.528 2.772 0.0 
846000 1524 530.779 1397.115 10.611 2.7992 0.0 
847000 1526 533.106 1429.63 10.703 2.8148 0.0 
848000 1527 538.363 1444.098 10.805 2.8336 0.0 
849000 1528 547.596 1458.075 10.881 2.881 0.0 
850000 1530 550.351 1485.753 11.057 2.8807 0.0 
851000 1531 559.344 1498.213 11.043 2.9202 0.0 
852000 1534 550.04 1534.37 11.324 2.8569 0.0 
853000 1537 532.154 1594.456 11.621 2.7502 0.0 
854000 1539 537.021 1608.8 11.694 2.754 0.0 
855000 1541 529.944 1651.212 11.851 2.7106 0.0 
856000 1544 520.228 1695.072 12.045 2.6481 0.0 
857000 1547 511.664 1729.05 12.142 2.5937 0.0 
858000 1548 521.431 1747.411 12.154 2.6388 0.0 
859000 1549 526.583 1765.753 12.15 2.6639 0.0 
860000 1550 536.051 1778.714 12.193 2.7048 0.0 
861000 1552 533.565 1808.102 12.283 2.6855 0.0 
862000 1553 532.034 1825.407 12.345 2.6768 0.0 
863000 1556 531.902 1868.67 12.591 2.6751 0.0 
864000 1560 512.914 1928.607 12.778 2.5778 0.0 
865000 1562 507.261 1959.238 12.85 2.5498 0.0 
866000 1564 511.517 1981.871 12.845 2.594 0.0 
867000 1567 504.082 2015.186 12.915 2.5599 0.0 
868000 1569 499.62 2051.738 12.897 2.5444 0.0 
869000 1572 487.712 2098.286 13.016 2.486 0.0 
870000 1574 492.953 2114.853 12.994 2.5316 0.0 
871000 1578 471.581 2183.387 13.148 2.4056 0.0 
872000 1582 454.926 2244.698 13.327 2.3038 0.0 
873000 1584 458.331 2267.795 13.383 2.3147 0.0 
874000 1586 455.462 2304.536 13.458 2.2998 0.0 
875000 1590 445.358 2354.134 13.649 2.2487 0.0 
876000 1594 430.197 2418.797 13.797 2.1708 0.0 
877000 1595 439.713 2439.53 13.832 2.2344 0.0 
878000 1597 438.814 2479.447 13.911 2.2373 0.0 
879000 1601 429.107 2519.114 13.904 2.1865 0.0 
880000 1603 425.963 2563.833 13.913 2.1703 0.0 
881000 1606 419.963 2603.515 13.974 2.1419 0.0 
882000 1609 419.197 2642.859 13.96 2.1411 0.0 
883000 1610 429.373 2663.866 14.004 2.2028 0.0 
884000 1614 414.794 2722.494 14.043 2.1238 0.0 
885000 1617 411.591 2768.198 14.191 2.107 0.0 
886000 1620 402.722 2813.23 14.18 2.059 0.0 
887000 1622 409.628 2841.057 14.155 2.0878 0.0 
888000 1624 406.163 2871.023 14.188 2.0586 0.0 
889000 1625 418.039 2884.086 14.18 2.1075 0.0 
890000 1626 421.339 2886.897 14.185 2.123 0.0 
891000 1630 421.453 2943.709 13.995 2.1072 0.0 
892000 1632 427.458 2971.146 14.007 2.1295 0.0 
893000 1635 416.702 3023.313 14.067 2.0663 0.0 
894000 1637 424.156 3055.966 14.213 2.0916 0.0 
895000 1640 420.425 3091.517 14.184 2.0608 0.0 
896000 1644 406.08 3153.222 14.242 1.9785 0.0 
897000 1645 403.238 3170.774 14.319 1.9614 0.0 
898000 1648 408.864 3219.476 14.319 2.0098 0.0 
899000 1651 406.817 3265.811 14.51 2.0078 0.0 
900000 1654 404.962 3302.961 14.421 2.0 0.0 
901000 1657 399.287 3353.003 14.529 1.9741 0.0 
902000 1658 411.302 3370.89 14.52 2.0389 0.0 
903000 1660 407.21 3395.443 14.516 2.0205 0.0 
904000 1661 419.065 3398.129 14.198 2.0981 0.0 
905000 1663 423.159 3428.557 14.22 2.1254 0.0 
906000 1664 429.436 3438.289 14.267 2.1658 0.0 
907000 1666 439.99 3462.892 14.068 2.2568 0.0 
908000 1669 435.367 3510.877 14.132 2.2353 0.0 
909000 1670 446.659 3515.912 14.11 2.3003 0.0 
910000 1673 440.503 3564.657 14.087 2.2536 0.0 
911000 1674 451.693 3583.694 14.148 2.3037 0.0 
912000 1677 442.057 3636.471 14.402 2.2406 0.0 
913000 1679 445.497 3659.064 14.422 2.2516 0.0 
914000 1680 456.587 3678.515 14.413 2.3262 0.0 
915000 1683 455.64 3707.611 14.443 2.3242 0.0 
916000 1684 466.527 3724.161 14.431 2.3853 0.0 
917000 1686 466.71 3762.083 14.473 2.3868 0.0 
918000 1689 458.876 3801.531 14.506 2.344 0.0 
919000 1691 453.807 3846.89 14.533 2.3155 0.0 
920000 1694 451.038 3890.846 14.593 2.3003 0.0 
921000 1697 445.842 3931.976 14.706 2.2692 0.0 
922000 1700 434.848 3982.062 14.723 2.2003 0.0 
923000 1702 440.988 4008.399 14.687 2.2294 0.0 
924000 1704 435.861 4045.267 14.765 2.2023 0.0 
925000 1706 445.066 4081.979 14.805 2.2687 0.0 
926000 1709 438.323 4113.97 14.597 2.2353 0.0 
927000 1714 416.008 4177.006 14.528 2.1164 0.0 
928000 1715 427.008 4187.675 14.447 2.1834 0.0 
929000 1719 413.023 4254.819 14.548 2.1091 0.0 
930000 1720 424.763 4268.394 14.509 2.1575 0.0 
931000 1723 415.17 4321.96 14.681 2.0977 0.0 
932000 1725 417.192 4347.892 14.693 2.0989 0.0 
933000 1727 424.548 4375.693 14.6 2.1269 0.0 
934000 1730 421.621 4407.261 14.52 2.1015 0.0 
935000 1731 420.128 4423.954 14.488 2.089 0.0 
936000 1734 427.066 4455.761 14.244 2.1223 0.0 
937000 1737 421.618 4496.11 14.223 2.0856 0.0 
938000 1740 416.285 4533.819 14.081 2.0465 0.0 
939000 1744 404.393 4579.339 14.061 1.9728 0.0 
940000 1745 416.285 4589.345 13.878 2.0329 0.0 
941000 1748 409.97 4631.762 13.862 1.9949 0.0 
942000 1752 397.864 4689.56 13.82 1.9259 0.0 
943000 1753 395.927 4691.537 13.871 1.9144 0.0 
944000 1756 403.52 4728.403 13.598 1.9833 0.0 
945000 1757 415.45 4733.562 13.453 2.0642 0.0 
946000 1761 406.863 4772.285 13.421 2.0234 0.0 
947000 1764 399.056 4827.729 13.391 1.9826 0.0 
948000 1766 398.08 4853.21 13.332 1.9812 0.0 
949000 1768 405.598 4867.258 13.201 2.0339 0.0 
950000 1772 398.349 4917.663 13.274 1.995 0.0 
951000 1775 394.714 4952.574 13.279 1.9778 0.0 
952000 1776 390.879 4981.443 13.287 1.9571 0.0 
953000 1777 402.862 4994.846 13.268 2.0296 0.0 
954000 1778 411.905 4993.008 13.275 2.0742 0.0 
955000 1781 421.315 5027.407 12.902 2.1346 0.0 
956000 1783 417.122 5058.828 12.939 2.1094 0.0 
957000 1784 428.779 5067.985 12.971 2.1603 0.0 
958000 1788 423.648 5123.841 12.947 2.1189 0.0 
959000 1789 425.275 5130.653 13.01 2.1261 0.0 
960000 1791 435.934 5155.073 12.786 2.2 0.0 
961000 1793 436.734 5181.295 12.924 2.2079 0.0 
962000 1796 436.57 5222.04 13.047 2.2076 0.0 
963000 1799 428.935 5277.766 13.245 2.1659 0.0 
964000 1801 429.643 5306.763 13.261 2.1715 0.0 
965000 1804 419.86 5344.385 13.264 2.1192 0.0 
966000 1805 428.003 5355.119 13.147 2.1703 0.0 
967000 1808 430.373 5388.849 13.183 2.1881 0.0 
968000 1810 427.758 5419.388 13.171 2.1756 0.0 
969000 1812 437.767 5439.269 13.084 2.2275 0.0 
970000 1815 431.787 5485.341 13.224 2.1926 0.0 
971000 1817 428.975 5518.152 13.209 2.1764 0.0 
972000 1818 428.596 5530.446 13.289 2.1764 0.0 
973000 1820 438.064 5553.153 13.219 2.2293 0.0 
974000 1822 451.923 5574.538 13.275 2.3161 0.0 
975000 1824 449.318 5613.081 13.385 2.301 0.0 
976000 1825 447.871 5617.214 13.364 2.2959 0.0 
977000 1828 455.65 5658.315 13.168 2.369 0.0 
978000 1829 453.277 5661.337 13.178 2.3558 0.0 
979000 1832 460.361 5699.426 13.025 2.398 0.0 
980000 1833 461.534 5717.067 13.085 2.3981 0.0 
981000 1836 463.467 5743.188 13.045 2.3855 0.0 
982000 1840 446.54 5811.858 13.154 2.2807 0.0 
983000 1842 445.185 5846.53 13.238 2.2626 0.0 
984000 1844 445.917 5873.419 13.234 2.2542 0.0 
985000 1846 448.428 5905.306 13.384 2.2569 0.0 
986000 1849 444.419 5956.481 13.609 2.2255 0.0 
987000 1851 445.109 5980.75 13.548 2.2204 0.0 
988000 1852 456.206 5987.753 13.444 2.2844 0.0 
989000 1857 433.953 6043.262 13.251 2.1707 0.0 
990000 1860 429.591 6071.849 13.27 2.1508 0.0 
991000 1862 427.348 6116.749 13.307 2.1402 0.0 
992000 1867 409.405 6157.476 13.008 2.0481 0.0 
993000 1869 410.143 6202.079 13.096 2.0488 0.0 
994000 1871 413.562 6226.363 13.178 2.0602 0.0 
995000 1875 398.991 6289.859 13.354 1.9742 0.0 
996000 1876 404.271 6300.819 13.356 2.0067 0.0 
997000 1879 401.91 6346.621 13.381 1.9985 0.0 
998000 1882 406.248 6385.386 13.411 2.0324 0.0 
999000 1885 402.716 6420.953 13.434 2.0132 0.0 
1000000 1888 388.98 6458.242 13.4 1.942 0.0 
