10000 572 17.486 2687.732 4.655 0.0122 0.0 
20000 1145 17.269 5402.761 4.634 0.0122 0.0 
30000 1719 17.612 8026.7 4.877 0.0129 0.0 
40000 2291 17.608 10744.749 4.719 0.0123 0.0 
50000 2862 17.856 13487.341 4.681 0.0126 0.0 
60000 3433 17.611 16240.553 4.878 0.0122 0.0 
70000 4003 17.705 19030.255 5.096 0.0126 0.0 
80000 4574 17.412 21927.028 5.051 0.0121 0.0 
90000 5145 17.783 24829.778 5.184 0.0123 0.0 
100000 5714 17.427 27713.05 4.943 0.0121 0.0 
110000 6254 19.447 31463.456 11.47 0.1829 0.0 
120000 6690 25.036 37970.052 17.167 0.2399 0.0 
130000 7096 25.199 45193.061 18.016 0.2375 0.0 
140000 7470 26.909 52381.62 19.769 0.2553 0.0 
150000 7837 27.915 59668.971 21.667 0.2632 0.0 
160000 8078 46.56 67364.696 36.005 0.4443 0.0 
170000 8276 46.228 75449.216 40.082 0.4397 0.0 
180000 8462 56.583 84482.642 51.23 0.526 0.0 
190000 8601 69.806 93105.841 62.124 0.6554 0.0 
200000 8736 68.215 102034.937 62.521 0.6402 0.0 
210000 8867 78.596 110801.623 69.224 0.7345 0.0 
220000 8989 80.416 119768.367 72.732 0.7635 0.0 
230000 9120 76.137 129376.833 72.535 0.7282 0.0 
240000 9271 64.831 138746.43 59.878 0.6144 0.0 
250000 9423 64.315 148032.878 60.881 0.6067 0.0 
260000 9588 57.096 157843.355 57.324 0.544 0.0 
270000 9758 60.471 167797.827 60.149 0.5794 0.0 
280000 9873 93.125 176342.802 77.673 0.8816 0.0 
290000 9924 151.58 183475.975 113.783 1.4528 0.0 
300000 9972 192.249 191171.502 146.58 1.8238 0.0 
310000 10005 245.368 198526.295 182.718 2.328 0.0 
320000 10028 314.578 205683.479 229.63 2.9864 0.0 
330000 10039 433.489 213107.243 319.426 4.1169 0.0 
340000 10052 506.049 220729.753 377.876 4.8033 0.0 
350000 10067 558.012 228197.793 415.493 5.3098 0.0 
360000 10079 618.84 235074.465 449.844 5.8905 0.0 
370000 10090 668.085 241909.08 477.831 6.3518 0.0 
380000 10107 643.589 248834.981 457.028 6.1267 0.0 
390000 10141 461.038 255595.038 322.825 4.3913 0.0 
400000 10152 550.972 262890.719 390.01 5.2398 0.0 
410000 10162 633.112 270111.611 451.178 6.0388 0.0 
420000 10172 700.225 277744.677 508.367 6.677 0.0 
430000 10192 632.132 285453.85 466.098 6.0272 0.0 
440000 10203 695.02 294144.287 537.04 6.6058 0.0 
450000 10221 646.279 302815.104 514.056 6.141 0.0 
460000 10262 415.611 310219.692 322.302 3.9552 0.0 
470000 10318 265.234 316666.152 188.356 2.5215 0.0 
480000 10339 333.333 323011.401 224.391 3.1771 0.0 
490000 10350 450.259 329562.111 299.598 4.3141 0.0 
500000 10360 550.821 336527.129 371.807 5.2517 0.0 
510000 10371 626.538 343320.587 425.713 5.9768 0.0 
520000 10396 538.33 349322.785 353.871 5.1164 0.0 
530000 10417 519.106 356317.906 348.336 4.941 0.0 
540000 10434 529.463 363432.493 361.939 5.0267 0.0 
550000 10482 350.355 370906.072 250.436 3.3309 0.0 
560000 10502 383.119 378893.483 286.215 3.6347 0.0 
570000 10513 506.027 386947.666 389.983 4.7887 0.0 
580000 10528 550.401 394939.941 429.561 5.2222 0.0 
590000 10598 247.912 400778.254 169.849 2.3566 0.0 
600000 10623 319.756 406946.038 208.104 3.0574 0.0 
610000 10644 361.898 412873.566 226.367 3.4631 0.0 
620000 10658 446.094 418574.832 268.814 4.262 0.0 
630000 10678 448.349 424169.234 263.942 4.2703 0.0 
640000 10701 454.05 429957.77 265.602 4.3249 0.0 
650000 10711 553.919 436091.575 330.319 5.2717 0.0 
660000 10722 612.723 441466.384 354.508 5.8414 0.0 
670000 10745 545.546 448006.016 328.151 5.1943 0.0 
680000 10772 480.174 454940.193 303.467 4.5659 0.0 
690000 10790 503.58 461884.822 329.764 4.7811 0.0 
700000 10802 578.963 468898.135 388.282 5.4898 0.0 
710000 10812 655.982 475470.394 438.328 6.2072 0.0 
720000 10827 663.332 481411.019 430.274 6.2775 0.0 
730000 10839 702.635 487865.283 455.619 6.6642 0.0 
740000 10853 686.114 494883.515 452.864 6.5046 0.0 
750000 10864 731.405 501738.396 487.097 6.925 0.0 
760000 10875 766.556 509145.587 522.952 7.2661 0.0 
770000 10888 769.476 516590.603 536.537 7.3073 0.0 
780000 10900 785.465 524047.224 557.912 7.4534 0.0 
790000 10910 824.709 530912.822 582.554 7.829 0.0 
800000 10920 853.99 538050.025 604.08 8.1213 0.0 
810000 10937 779.872 544503.138 540.126 7.4155 0.0 
820000 10952 762.813 551368.259 527.077 7.2506 0.0 
830000 10971 675.052 558109.11 465.098 6.4182 0.0 
840000 10986 677.165 564395.66 456.129 6.4426 0.0 
850000 11004 626.234 570978.154 421.714 5.953 0.0 
860000 11065 297.784 577281.065 193.12 2.8253 0.0 
870000 11118 237.523 584282.166 160.614 2.2455 0.0 
880000 11173 196.333 591714.44 141.327 1.8666 0.0 
890000 11221 199.988 598695.951 141.537 1.9024 0.0 
900000 11239 320.808 605751.702 226.782 3.0648 0.0 
910000 11251 434.087 612977.891 310.153 4.129 0.0 
920000 11261 537.608 620641.129 393.395 5.1175 0.0 
930000 11273 586.642 628650.4 440.777 5.5804 0.0 
940000 11283 662.257 635469.573 483.03 6.3018 0.0 
950000 11296 693.401 642687.376 504.561 6.6044 0.0 
960000 11315 630.482 650204.823 464.545 6.0016 0.0 
970000 11329 649.689 657250.677 471.684 6.1751 0.0 
980000 11360 496.056 663979.82 353.131 4.7114 0.0 
990000 11386 449.698 669865.83 298.236 4.271 0.0 
1000000 11400 509.379 675061.253 313.539 4.8596 0.0 
1010000 11414 566.8 680737.258 338.799 5.4036 0.0 
1020000 11433 549.227 686013.379 317.587 5.2322 0.0 
1030000 11455 502.45 691907.551 292.162 4.7942 0.0 
1040000 11480 476.818 697870.56 279.493 4.5672 0.0 
1050000 11496 516.168 702822.116 287.391 4.9324 0.0 
1060000 11530 398.139 706534.103 195.74 3.8027 0.0 
1070000 11555 394.912 710044.156 172.141 3.7642 0.0 
1080000 11571 466.643 714998.441 213.822 4.4444 0.0 
1090000 11585 517.546 721509.019 267.313 4.9196 0.0 
1100000 11597 587.837 728323.937 334.258 5.5914 0.0 
1110000 11609 648.306 734744.725 383.157 6.1784 0.0 
1120000 11637 514.091 740812.013 307.121 4.91 0.0 
1130000 11660 479.703 747518.455 299.092 4.5843 0.0 
1140000 11681 486.298 754042.303 308.172 4.6454 0.0 
1150000 11694 538.501 760950.927 349.413 5.1378 0.0 
1160000 11705 625.383 768158.753 420.373 5.9736 0.0 
1170000 11717 669.453 775244.945 456.036 6.386 0.0 
1180000 11730 694.256 782551.011 481.268 6.6251 0.0 
1190000 11743 706.21 789630.675 491.94 6.7407 0.0 
1200000 11753 759.952 796755.176 532.179 7.2654 0.0 
1210000 11773 661.102 803577.059 460.22 6.3155 0.0 
1220000 11787 662.459 810445.829 459.717 6.3339 0.0 
1230000 11818 517.405 817135.966 355.441 4.9455 0.0 
1240000 11857 374.602 823720.376 253.176 3.5852 0.0 
1250000 11889 347.419 829954.148 228.293 3.3243 0.0 
1260000 11909 386.069 836915.975 258.629 3.6992 0.0 
1270000 11923 482.22 844206.876 334.403 4.6089 0.0 
1280000 11946 446.795 851445.716 314.904 4.1216 0.0 
1290000 11967 462.666 858821.346 331.482 3.4959 0.0 
1300000 11980 530.039 866188.507 382.446 3.5073 0.0 
1310000 11998 538.772 873645.795 392.968 3.2358 0.0 
1320000 12028 461.229 881971.557 353.339 2.5424 0.0 
1330000 12059 392.127 889569.25 299.706 2.0398 0.0 
1340000 12114 238.239 897275.436 183.266 1.1802 0.0 
1350000 12163 194.975 905200.456 152.488 0.9352 0.0 
1360000 12234 162.142 912386.497 118.169 0.7602 0.0 
1370000 12255 280.559 919306.224 197.653 1.3116 0.0 
1380000 12280 332.025 926231.842 233.326 1.5492 0.0 
1390000 12300 386.83 932437.391 258.404 1.8076 0.0 
1400000 12314 461.893 936599.721 262.502 2.1549 0.0 
1410000 12333 480.456 942285.256 274.996 2.2372 0.0 
1420000 12349 521.43 949356.628 321.114 2.4357 0.0 
1430000 12364 558.446 955426.794 342.596 2.6123 0.0 
1440000 12389 511.322 962034.547 322.169 2.3924 0.0 
1450000 12421 405.885 970139.861 284.325 1.8953 0.0 
1460000 12436 484.145 976953.427 334.052 2.263 0.0 
1470000 12451 534.024 984187.221 374.449 2.4906 0.0 
1480000 12463 592.687 990654.095 405.035 2.7683 0.0 
1490000 12475 651.95 997599.73 448.499 3.0434 0.0 
1500000 12487 694.229 1004259.618 473.781 3.2411 0.0 
1510000 12497 736.722 1011743.665 514.47 3.4449 0.0 
1520000 12512 732.742 1018809.932 512.463 3.4224 0.0 
1530000 12525 731.437 1025855.674 512.337 3.4214 0.0 
1540000 12545 666.756 1033248.287 474.468 3.1178 0.0 
1550000 12558 685.808 1040507.161 490.429 3.1993 0.0 
1560000 12570 715.412 1047727.636 511.261 3.3331 0.0 
1570000 12581 761.131 1054869.616 545.228 3.5402 0.0 
1580000 12593 780.049 1061231.609 543.428 3.6263 0.0 
1590000 12611 701.477 1067897.399 484.901 3.2627 0.0 
1600000 12624 713.412 1075736.173 509.671 3.3178 0.0 
1610000 12635 744.2 1082881.923 530.674 3.4536 0.0 
1620000 12651 719.518 1092105.626 551.485 3.3377 0.0 
1630000 12691 471.44 1101520.809 388.389 2.1805 0.0 
1640000 12741 276.802 1111934.743 248.213 1.2845 0.0 
1650000 12861 82.126 1119698.527 62.121 0.3836 0.0 
1660000 12953 101.964 1126063.544 67.733 0.4765 0.0 
1670000 13169 49.446 1131810.835 26.042 0.231 0.0 
1680000 13320 104.958 1136302.668 50.839 0.4882 0.0 
1690000 13348 205.782 1142127.23 114.089 0.9553 0.0 
1700000 13395 223.657 1147580.072 122.449 1.0362 0.0 
1710000 13416 308.768 1153925.054 183.608 1.4308 0.0 
1720000 13433 395.396 1160496.204 246.002 1.8366 0.0 
1730000 13445 484.004 1166435.716 296.175 2.2557 0.0 
1740000 13459 533.597 1172161.306 320.023 2.4909 0.0 
1750000 13470 610.013 1177736.32 358.042 2.8537 0.0 
1760000 13489 583.155 1183337.717 338.482 2.7253 0.0 
1770000 13502 630.733 1189299.592 368.119 2.9461 0.0 
1780000 13516 646.382 1195841.637 387.987 3.01 0.0 
1790000 13529 666.412 1202192.268 406.761 3.1035 0.0 
1800000 13544 668.892 1208414.836 410.435 3.1121 0.0 
1810000 13558 686.952 1214916.587 428.105 3.1963 0.0 
1820000 13573 688.989 1221745.118 440.537 3.199 0.0 
1830000 13589 673.601 1227416.894 417.244 3.1265 0.0 
1840000 13602 691.383 1233823.357 431.514 3.2142 0.0 
1850000 13612 737.777 1240690.486 471.001 3.4313 0.0 
1860000 13630 697.86 1248029.333 463.704 3.2547 0.0 
1870000 13646 665.628 1255380.153 452.619 3.1045 0.0 
1880000 13662 661.982 1261585.91 440.975 3.0847 0.0 
1890000 13674 681.849 1267761.103 441.37 3.1766 0.0 
1900000 13688 688.518 1273983.891 448.011 3.2096 0.0 
1910000 13715 562.431 1279970.905 356.065 2.6193 0.0 
1920000 13753 391.962 1286560.867 253.683 1.8269 0.0 
1930000 13777 397.542 1292436.164 245.473 1.8598 0.0 
1940000 13792 471.869 1297584.733 277.17 2.2158 0.0 
1950000 13808 508.985 1302589.708 284.182 2.3851 0.0 
1960000 13826 525.55 1307563.559 283.427 2.4641 0.0 
1970000 13842 537.175 1312508.059 281.768 2.5125 0.0 
1980000 13854 605.827 1317641.848 317.621 2.8318 0.0 
1990000 13868 639.23 1323309.805 341.424 2.9825 0.0 
2000000 13888 600.329 1328639.942 321.485 2.7989 0.0 
2010000 13899 661.389 1334444.807 362.487 3.086 0.0 
2020000 13912 684.888 1340201.933 379.582 3.1963 0.0 
2030000 13923 722.422 1346490.59 413.595 3.3719 0.0 
2040000 13934 764.858 1352837.607 449.925 3.5661 0.0 
2050000 13944 807.276 1359936.034 494.868 3.7658 0.0 
2060000 13956 817.946 1366746.908 516.522 3.8134 0.0 
2070000 13968 809.541 1373271.902 516.164 3.7769 0.0 
2080000 13980 817.509 1379491.278 517.435 3.8184 0.0 
2090000 13991 842.976 1385758.056 531.769 3.9426 0.0 
2100000 14005 811.93 1391455.713 501.847 3.8042 0.0 
2110000 14016 820.428 1397549.746 505.094 3.8429 0.0 
2120000 14028 822.867 1404138.177 511.49 3.8535 0.0 
2130000 14040 821.805 1411841.661 536.329 3.8459 0.0 
2140000 14060 718.622 1417984.477 462.179 3.3594 0.0 
2150000 14070 770.093 1425030.04 510.031 3.5984 0.0 
2160000 14082 786.562 1430694.37 502.77 3.6727 0.0 
2170000 14092 825.606 1435866.606 506.493 3.8549 0.0 
2180000 14102 849.191 1441506.525 506.487 3.9644 0.0 
2190000 14118 799.492 1450663.666 539.027 3.73 0.0 
2200000 14129 817.738 1461406.795 620.092 3.8123 0.0 
2210000 14139 846.161 1471742.484 690.45 3.9387 0.0 
2220000 14149 865.067 1479222.607 690.268 4.0293 0.0 
2230000 14163 838.482 1487157.686 673.469 3.9111 0.0 
2240000 14180 761.519 1494911.431 605.815 3.5548 0.0 
2250000 14195 741.149 1503991.315 613.616 3.4547 0.0 
2260000 14206 779.456 1512623.857 650.449 3.6334 0.0 
2270000 14221 743.443 1520002.876 601.54 3.4681 0.0 
2280000 14241 658.265 1527591.109 525.954 3.068 0.0 
2290000 14265 565.192 1533999.092 428.843 2.6354 0.0 
2300000 14277 633.091 1539260.521 435.584 2.9557 0.0 
2310000 14295 611.242 1544533.854 393.704 2.8571 0.0 
2320000 14337 390.125 1549526.516 233.255 1.8286 0.0 
2330000 14376 318.589 1555020.435 183.782 1.4954 0.0 
2340000 14413 280.563 1560099.543 152.349 1.3172 0.0 
2350000 14449 289.056 1565987.654 164.54 1.3567 0.0 
2360000 14477 315.071 1570537.147 162.132 1.4742 0.0 
2370000 14512 309.233 1575643.86 156.078 1.4474 0.0 
2380000 14544 304.54 1580623.682 154.196 1.4253 0.0 
2390000 14580 305.582 1587056.19 176.035 1.4278 0.0 
2400000 14617 281.986 1592925.196 162.021 1.3223 0.0 
2410000 14645 313.485 1598249.399 174.245 1.467 0.0 
2420000 14685 279.138 1603149.372 146.275 1.3039 0.0 
2430000 14706 352.79 1608284.497 183.339 1.6482 0.0 
2440000 14750 291.85 1613571.926 152.888 1.3633 0.0 
2450000 14766 388.748 1619180.822 210.826 1.8207 0.0 
2460000 14782 444.016 1624964.212 246.583 2.0835 0.0 
2470000 14798 492.634 1630587.589 275.107 2.3051 0.0 
2480000 14832 392.671 1635831.655 214.028 1.8321 0.0 
2490000 14871 319.463 1641417.103 175.797 1.4891 0.0 
2500000 14886 419.281 1647132.361 235.542 1.9566 0.0 
2510000 14902 478.033 1652306.549 260.942 2.235 0.0 
2520000 14919 510.758 1657269.349 270.009 2.3867 0.0 
2530000 14943 474.379 1662934.73 255.671 2.2106 0.0 
2540000 14965 469.851 1669249.99 268.737 2.1853 0.0 
2550000 15013 301.859 1675297.761 177.674 1.4097 0.0 
2560000 15030 380.06 1681371.533 226.555 1.7742 0.0 
2570000 15052 418.206 1687115.132 245.591 1.9461 0.0 
2580000 15067 475.838 1692524.833 272.027 2.2227 0.0 
2590000 15079 565.88 1696657.464 292.935 2.6462 0.0 
2600000 15093 604.829 1701669.898 311.166 2.8382 0.0 
2610000 15111 587.867 1707128.148 307.783 2.7511 0.0 
2620000 15138 491.821 1712624.25 260.639 2.2939 0.0 
2630000 15161 476.752 1717822.965 251.162 2.2231 0.0 
2640000 15191 411.49 1723052.281 216.472 1.9186 0.0 
2650000 15217 388.839 1728183.297 203.522 1.8096 0.0 
2660000 15234 455.954 1733323.332 237.29 2.1295 0.0 
2670000 15257 438.757 1738786.96 234.797 2.0513 0.0 
2680000 15291 370.042 1744681.849 203.702 1.7276 0.0 
2690000 15306 454.49 1750028.228 248.193 2.1252 0.0 
2700000 15323 488.521 1754724.377 253.13 2.2887 0.0 
2710000 15339 532.392 1760338.326 283.17 2.4878 0.0 
2720000 15354 558.56 1766096.461 303.326 2.61 0.0 
2730000 15366 619.625 1772495.619 354.333 2.8944 0.0 
2740000 15384 584.361 1778015.073 330.763 2.733 0.0 
2750000 15399 600.46 1784155.975 348.552 2.798 0.0 
2760000 15413 643.938 1790271.118 379.401 3.0058 0.0 
2770000 15424 700.15 1796449.585 418.669 3.2736 0.0 
2780000 15441 664.215 1802759.966 402.514 3.1136 0.0 
2790000 15451 721.487 1808425.375 430.484 3.3832 0.0 
2800000 15461 772.435 1814197.902 457.515 3.6274 0.0 
2810000 15471 814.063 1820498.374 488.553 3.8243 0.0 
2820000 15483 828.237 1826047.8 488.349 3.8885 0.0 
2830000 15497 802.121 1832000.282 473.416 3.7609 0.0 
2840000 15507 832.696 1837131.408 477.01 3.8978 0.0 
2850000 15518 846.372 1842237.372 472.934 3.9621 0.0 
2860000 15528 865.316 1847903.505 485.006 4.0511 0.0 
2870000 15545 798.943 1855111.003 476.585 3.732 0.0 
2880000 15570 631.461 1861484.565 382.856 2.9471 0.0 
2890000 15582 673.321 1868213.87 419.488 3.139 0.0 
2900000 15596 679.16 1874688.727 426.678 3.1629 0.0 
2910000 15607 722.072 1880647.212 449.811 3.3697 0.0 
2920000 15631 617.542 1885870.731 365.504 2.8916 0.0 
2930000 15655 541.573 1892003.0 325.473 2.5348 0.0 
2940000 15674 536.174 1897531.097 315.152 2.5086 0.0 
2950000 15687 589.849 1903084.165 341.43 2.7538 0.0 
2960000 15700 633.314 1908632.185 361.672 2.9563 0.0 
2970000 15711 685.29 1914846.127 400.043 3.2069 0.0 
2980000 15728 657.812 1920885.892 387.887 3.0769 0.0 
2990000 15753 557.372 1926868.73 329.565 2.6108 0.0 
3000000 15771 550.994 1931895.217 310.096 2.5767 0.0 
3010000 15787 585.14 1937620.348 331.857 2.7426 0.0 
3020000 15813 495.236 1943473.216 282.772 2.3259 0.0 
3030000 15837 469.795 1949670.59 276.239 2.208 0.0 
3040000 15868 396.742 1956275.824 244.973 1.8649 0.0 
3050000 15885 462.678 1961772.44 273.218 2.1703 0.0 
3060000 15900 508.827 1967361.079 295.774 2.3848 0.0 
3070000 15915 535.924 1972268.123 297.885 2.5063 0.0 
3080000 15931 559.006 1976168.555 281.508 2.6183 0.0 
3090000 15959 477.195 1981204.732 241.708 2.2343 0.0 
3100000 15971 563.68 1987650.432 311.678 2.6423 0.0 
3110000 15981 633.718 1993597.507 358.449 2.9721 0.0 
3120000 15995 661.543 2000073.994 388.794 3.1056 0.0 
3130000 16013 617.12 2006914.282 376.881 2.8916 0.0 
3140000 16037 535.555 2012627.345 321.107 2.5078 0.0 
3150000 16065 467.358 2017418.939 261.434 2.1893 0.0 
3160000 16084 489.151 2022742.321 269.134 2.2915 0.0 
3170000 16112 419.531 2027780.403 224.316 1.9639 0.0 
3180000 16144 379.836 2033389.045 207.075 1.7746 0.0 
3190000 16157 479.734 2039801.588 278.546 2.248 0.0 
3200000 16168 557.345 2045432.515 321.605 2.6147 0.0 
3210000 16184 580.257 2051499.13 339.729 2.7209 0.0 
3220000 16196 633.368 2057883.729 380.062 2.9699 0.0 
3230000 16207 682.529 2064124.419 412.777 3.2009 0.0 
3240000 16217 736.36 2071417.095 468.67 3.4528 0.0 
3250000 16229 761.281 2077462.918 479.842 3.5691 0.0 
3260000 16240 790.02 2083953.674 500.968 3.6999 0.0 
3270000 16250 828.431 2090458.846 527.775 3.8808 0.0 
3280000 16260 859.479 2096980.526 550.349 4.0261 0.0 
3290000 16276 794.135 2103432.8 508.22 3.7189 0.0 
3300000 16289 797.28 2109479.016 503.961 3.7385 0.0 
3310000 16302 792.711 2116012.555 505.192 3.7049 0.0 
3320000 16322 696.265 2122529.597 446.298 3.2586 0.0 
3330000 16340 651.273 2130203.36 438.037 3.0511 0.0 
3340000 16371 493.605 2136819.717 332.129 2.3093 0.0 
3350000 16385 552.474 2143596.59 370.572 2.5906 0.0 
3360000 16404 548.58 2150483.26 372.089 2.5683 0.0 
3370000 16436 455.612 2156975.819 306.374 2.1322 0.0 
3380000 16454 486.152 2163465.728 324.223 2.2734 0.0 
3390000 16466 556.169 2170489.928 373.917 2.5962 0.0 
3400000 16489 513.278 2177850.356 355.967 2.3916 0.0 
3410000 16519 422.435 2183416.882 274.011 1.9703 0.0 
3420000 16539 440.93 2189711.833 283.318 2.0622 0.0 
3430000 16557 468.473 2196111.719 300.309 2.191 0.0 
3440000 16572 531.982 2202166.462 336.129 2.4891 0.0 
3450000 16583 598.632 2207962.474 367.865 2.8038 0.0 
3460000 16595 657.472 2213808.61 399.541 3.0819 0.0 
3470000 16610 639.758 2219686.838 385.449 2.989 0.0 
3480000 16622 684.78 2225508.834 411.019 3.2006 0.0 
3490000 16636 700.101 2232051.738 426.898 3.2742 0.0 
3500000 16650 700.617 2239394.276 450.625 3.2783 0.0 
3510000 16668 655.234 2247529.948 448.96 3.0713 0.0 
3520000 16682 666.708 2255403.556 474.855 3.1226 0.0 
3530000 16700 637.01 2263167.952 465.104 2.9816 0.0 
3540000 16713 653.592 2269852.649 468.335 3.0618 0.0 
3550000 16731 634.077 2276268.968 440.686 2.9729 0.0 
3560000 16747 630.185 2282626.791 427.579 2.9598 0.0 
3570000 16760 655.05 2289651.951 446.515 3.0714 0.0 
3580000 16774 660.202 2296448.85 451.303 3.0974 0.0 
3590000 16793 619.524 2303078.005 421.018 2.9102 0.0 
3600000 16809 628.057 2310238.525 433.816 2.9514 0.0 
3610000 16821 676.583 2316889.101 461.728 3.2398 0.0 
3620000 16837 658.34 2323473.01 444.649 3.3327 0.0 
3630000 16852 665.881 2330644.546 457.709 4.7055 0.0 
3640000 16863 703.181 2337625.994 484.47 5.9107 0.0 
3650000 16880 673.798 2345212.364 476.732 6.4084 0.0 
3660000 16892 703.567 2351925.395 490.131 7.2282 0.0 
3670000 16908 680.479 2359843.004 490.403 7.3871 0.0 
3680000 16928 624.304 2368124.634 467.997 7.0575 0.0 
3690000 16964 438.153 2376243.043 336.638 5.0865 0.0 
3700000 16995 392.418 2383521.989 295.133 4.6909 0.0 
3710000 17007 487.305 2390664.703 359.699 5.907 0.0 
3720000 17018 563.316 2397825.464 411.778 6.8863 0.0 
3730000 17031 620.689 2405119.14 453.416 7.6335 0.0 
3740000 17046 621.428 2413162.318 466.261 7.6905 0.0 
3750000 17059 651.86 2420429.317 484.47 8.0968 0.0 
3760000 17076 626.846 2428784.23 481.274 7.7868 0.0 
3770000 17097 585.262 2437674.002 469.774 7.2916 0.0 
3780000 17109 642.707 2446613.073 533.493 8.0075 0.0 
3790000 17119 697.273 2455908.706 595.66 8.7044 0.0 
3800000 17129 752.65 2466250.12 676.075 9.412 0.0 
3810000 17142 766.412 2476101.186 704.34 9.5817 0.0 
3820000 17155 763.323 2485600.53 707.967 9.5018 0.0 
3830000 17169 747.263 2496232.19 715.484 9.3022 0.0 
3840000 17183 743.618 2506502.048 723.659 9.2735 0.0 
3850000 17196 752.284 2517342.515 753.071 9.384 0.0 
3860000 17211 720.384 2529311.11 757.211 8.9718 0.0 
3870000 17221 767.653 2540177.217 817.044 9.5738 0.0 
3880000 17237 738.932 2550432.087 775.419 9.2494 0.0 
3890000 17251 733.826 2561597.308 783.561 9.1987 0.0 
3900000 17267 705.31 2573592.335 775.42 8.8194 0.0 
3910000 17280 715.516 2585515.238 801.602 8.9303 0.0 
3920000 17294 721.304 2598001.26 831.607 8.9977 0.0 
3930000 17305 759.985 2608658.092 861.18 9.4444 0.0 
3940000 17323 695.327 2618466.053 764.354 8.6587 0.0 
3950000 17333 751.06 2629263.333 822.776 9.375 0.0 
3960000 17344 772.214 2639900.043 839.897 9.6489 0.0 
3970000 17354 810.115 2653927.103 933.741 10.1308 0.0 
3980000 17365 827.585 2666970.162 983.936 10.3467 0.0 
3990000 17378 814.065 2680387.714 993.388 10.1824 0.0 
4000000 17388 846.557 2694582.109 1069.903 10.6137 0.0 
4010000 17399 855.439 2706025.837 1061.15 10.7032 0.0 
4020000 17410 881.109 2715955.706 1049.039 11.0256 0.0 
4030000 17427 789.766 2726864.616 921.132 9.8815 0.0 
4040000 17478 391.514 2737208.684 444.835 4.8954 0.0 
4050000 17524 286.411 2749859.539 342.66 3.5778 0.0 
4060000 17536 396.854 2763327.018 499.458 4.9474 0.0 
4070000 17548 484.143 2775266.668 598.45 6.0632 0.0 
4080000 17566 515.756 2786107.422 611.337 6.476 0.0 
4090000 17580 554.832 2797705.172 647.305 6.9686 0.0 
4100000 17593 612.916 2809273.766 714.28 7.6741 0.0 
4110000 17621 511.743 2820481.39 590.653 6.4251 0.0 
4120000 17650 415.574 2830202.636 455.702 5.2199 0.0 
4130000 17671 436.103 2840049.182 461.085 5.4533 0.0 
4140000 17698 405.774 2851466.719 441.85 5.0891 0.0 
4150000 17722 399.981 2862905.705 445.64 5.0157 0.0 
4160000 17736 491.9 2875492.179 571.905 6.187 0.0 
4170000 17746 569.683 2887977.362 673.993 7.1393 0.0 
4180000 17761 596.396 2900502.591 718.931 7.4604 0.0 
4190000 17779 583.773 2912613.728 705.773 7.3198 0.0 
4200000 17790 655.325 2924495.177 789.579 8.2384 0.0 
4210000 17802 693.684 2934995.592 807.561 8.7279 0.0 
4220000 17822 623.097 2947492.647 739.702 7.8138 0.0 
4230000 17847 539.535 2959789.185 647.771 6.7786 0.0 
4240000 17863 552.068 2972903.71 682.088 6.9247 0.0 
4250000 17878 591.068 2986392.901 749.447 7.4023 0.0 
4260000 17890 646.014 2999633.188 831.266 8.0848 0.0 
4270000 17902 680.247 3012374.707 872.83 8.5258 0.0 
4280000 17915 694.016 3025845.844 899.61 8.6912 0.0 
4290000 17926 744.815 3039075.568 970.599 9.3279 0.0 
4300000 17945 682.003 3051980.743 886.609 8.5478 0.0 
4310000 17961 659.998 3064445.369 849.924 8.2772 0.0 
4320000 17980 613.556 3076502.572 774.329 7.7577 0.0 
4330000 18007 517.625 3087722.72 632.932 6.5023 0.0 
4340000 18039 415.462 3099408.144 497.71 5.229 0.0 
4350000 18066 392.514 3111410.799 466.188 4.9337 0.0 
4360000 18081 467.759 3121301.114 528.975 5.8755 0.0 
4370000 18097 511.681 3133040.965 583.679 6.4302 0.0 
4380000 18113 533.48 3144130.288 595.427 6.6844 0.0 
4390000 18143 441.037 3157786.082 530.672 5.5061 0.0 
4400000 18159 489.764 3172321.311 631.574 6.1278 0.0 
4410000 18174 532.916 3186086.547 701.851 6.6796 0.0 
4420000 18193 530.816 3197629.615 673.68 6.6582 0.0 
4430000 18211 529.621 3208822.134 647.388 6.6435 0.0 
4440000 18228 540.753 3221351.881 672.489 6.7756 0.0 
4450000 18243 578.283 3234426.679 721.35 7.2325 0.0 
4460000 18257 611.457 3249355.532 804.529 7.6632 0.0 
4470000 18269 670.771 3263039.845 894.142 8.3997 0.0 
4480000 18279 719.533 3277097.713 970.562 9.0053 0.0 
4490000 18294 716.474 3290103.747 957.729 8.9892 0.0 
4500000 18316 621.202 3304500.652 846.567 7.8199 0.0 
4510000 18344 510.57 3319576.292 719.213 6.4217 0.0 
4520000 18358 560.91 3335500.645 823.426 7.0444 0.0 
4530000 18373 571.397 3351310.249 853.642 7.1959 0.0 
4540000 18406 446.407 3365414.15 655.381 5.6278 0.0 
4550000 18437 388.844 3378861.673 549.996 4.8885 0.0 
4560000 18450 462.028 3386900.945 548.82 5.8185 0.0 
4570000 18466 502.887 3400184.646 617.559 6.2885 0.0 
4580000 18483 532.738 3415033.332 702.215 6.6627 0.0 
4590000 18495 608.037 3429129.843 820.472 7.6182 0.0 
4600000 18505 667.365 3443057.55 907.868 8.3426 0.0 
4610000 18519 682.519 3454284.496 886.834 8.5459 0.0 
4620000 18541 592.939 3465015.479 735.497 7.4065 0.0 
4630000 18561 565.255 3478133.015 711.221 7.0706 0.0 
4640000 18573 629.079 3491461.931 808.637 7.88 0.0 
4650000 18600 515.181 3504572.45 661.499 6.448 0.0 
4660000 18622 498.339 3519674.992 680.22 6.2287 0.0 
4670000 18640 515.745 3534525.428 723.661 6.453 0.0 
4680000 18664 478.737 3549630.917 688.387 5.9944 0.0 
4690000 18680 514.878 3561514.464 698.948 6.4501 0.0 
4700000 18699 519.324 3571671.875 646.926 6.5166 0.0 
4710000 18717 527.033 3582754.753 637.133 6.6034 0.0 
4720000 18733 549.364 3594973.181 666.272 6.8627 0.0 
4730000 18748 566.013 3606092.121 668.969 7.0835 0.0 
4740000 18766 567.693 3619142.613 694.339 7.0982 0.0 
4750000 18781 596.628 3629100.691 688.516 7.473 0.0 
4760000 18804 544.4 3639978.883 619.6 6.8009 0.0 
4770000 18821 546.339 3652156.815 633.824 6.821 0.0 
4780000 18836 588.933 3664147.869 690.55 7.3461 0.0 
4790000 18859 525.162 3674530.799 594.008 6.5505 0.0 
4800000 18880 509.016 3683274.385 534.754 6.3806 0.0 
4810000 18904 470.972 3692484.417 473.182 5.8923 0.0 
4820000 18918 529.564 3700256.38 483.595 6.6248 0.0 
4830000 18928 610.433 3708293.591 545.124 7.6622 0.0 
4840000 18940 659.718 3718006.361 601.986 8.2779 0.0 
4850000 18956 654.746 3728425.65 622.211 8.2402 0.0 
4860000 18971 655.594 3735536.964 580.922 8.2564 0.0 
4870000 18990 615.078 3744733.64 551.003 7.7483 0.0 
4880000 19015 533.306 3754670.249 493.976 6.7144 0.0 
4890000 19033 532.589 3762034.959 463.042 6.7219 0.0 
4900000 19049 552.987 3770550.024 476.414 6.9681 0.0 
4910000 19064 586.216 3780947.862 533.667 7.3745 0.0 
4920000 19098 445.497 3792038.862 439.711 5.5902 0.0 
4930000 19114 498.937 3803664.177 524.243 6.2695 0.0 
4940000 19129 535.484 3815406.689 582.833 6.7088 0.0 
4950000 19144 572.045 3827016.869 635.697 7.1624 0.0 
4960000 19162 572.772 3840237.765 673.248 7.1727 0.0 
4970000 19176 598.376 3853106.58 726.774 7.4762 0.0 
4980000 19214 425.574 3863813.76 495.041 5.3269 0.0 
4990000 19262 285.253 3874149.331 312.395 3.5664 0.0 
5000000 19325 183.344 3883191.009 174.73 2.3009 0.0 
5010000 19385 168.101 3892367.585 157.177 2.0973 0.0 
5020000 19485 115.022 3897538.385 69.865 1.4506 0.0 
5030000 19508 236.175 3906064.502 183.712 2.9997 0.0 
5040000 19534 296.935 3915239.842 252.73 3.7583 0.0 
5050000 19579 253.269 3924111.008 220.883 3.1825 0.0 
5060000 19620 255.931 3931551.261 204.546 3.2257 0.0 
5070000 19666 231.685 3939216.283 179.225 2.9264 0.0 
5080000 19699 280.428 3944878.47 180.876 3.5246 0.0 
5090000 19717 349.37 3950739.361 217.634 4.3894 0.0 
5100000 19740 386.15 3957513.494 250.244 4.8192 0.0 
5110000 19754 478.567 3963105.781 294.103 5.9638 0.0 
5120000 19768 520.753 3969669.343 333.007 6.5209 0.0 
5130000 19787 530.637 3977693.262 364.397 6.6863 0.0 
5140000 19802 564.371 3987375.875 437.672 7.088 0.0 
5150000 19822 550.903 3995904.579 439.633 6.9263 0.0 
5160000 19851 462.612 4003650.861 364.513 5.8119 0.0 
5170000 19878 427.595 4010308.625 312.548 5.3666 0.0 
5180000 19897 463.515 4018092.794 350.539 5.8281 0.0 
5190000 19919 458.716 4027438.435 375.649 5.7724 0.0 
5200000 19943 434.057 4035332.096 353.73 5.4613 0.0 
5210000 19968 426.962 4042775.949 335.014 5.3655 0.0 
5220000 19985 462.38 4051295.921 374.747 5.8139 0.0 
5230000 20010 441.672 4060538.439 378.271 5.5555 0.0 
5240000 20031 454.712 4068831.978 379.068 5.7291 0.0 
5250000 20052 457.332 4077258.768 387.793 5.7441 0.0 
5260000 20068 500.406 4084650.423 407.244 6.289 0.0 
5270000 20092 480.458 4093799.261 401.883 6.0215 0.0 
5280000 20108 510.856 4101594.721 417.604 6.416 0.0 
5290000 20126 532.575 4110823.312 452.143 6.7101 0.0 
5300000 20153 461.634 4118016.285 374.074 5.8308 0.0 
5310000 20207 269.668 4126595.533 227.929 3.3844 0.0 
5320000 20253 240.507 4135481.172 212.434 3.0418 0.0 
5330000 20283 273.568 4146559.031 278.185 3.4404 0.0 
5340000 20303 360.425 4157466.164 378.452 4.4792 0.0 
5350000 20318 433.717 4167035.887 440.148 5.4222 0.0 
5360000 20335 476.973 4176229.257 467.22 5.9568 0.0 
5370000 20367 400.476 4185615.327 386.92 5.0208 0.0 
5380000 20395 373.998 4194606.69 349.258 4.6759 0.0 
5390000 20419 397.107 4202146.034 343.068 4.9801 0.0 
5400000 20438 443.673 4211865.368 401.231 5.5606 0.0 
5410000 20461 443.444 4222126.756 420.671 5.5541 0.0 
5420000 20478 476.909 4232593.724 466.719 5.9505 0.0 
5430000 20494 517.521 4241575.487 496.996 6.4993 0.0 
5440000 20509 549.93 4251672.046 532.148 6.9019 0.0 
5450000 20527 560.232 4259434.553 509.846 7.0149 0.0 
5460000 20553 476.147 4266303.592 393.776 5.9483 0.0 
5470000 20576 472.257 4272119.422 352.94 5.9177 0.0 
5480000 20610 379.152 4278698.22 269.867 4.7541 0.0 
5490000 20624 462.238 4284596.685 307.838 5.788 0.0 
5500000 20645 463.124 4290850.745 301.954 5.812 0.0 
5510000 20666 460.041 4296116.251 279.052 5.8062 0.0 
5520000 20685 490.212 4300471.294 268.229 6.1795 0.0 
5530000 20702 509.994 4305593.502 274.332 6.4441 0.0 
5540000 20715 572.563 4310640.803 301.211 7.2275 0.0 
5550000 20728 610.844 4315892.161 322.428 7.7092 0.0 
5560000 20743 625.14 4321224.553 329.598 7.9093 0.0 
5570000 20764 584.83 4326514.714 308.144 7.3857 0.0 
5580000 20785 539.54 4332754.027 301.601 6.801 0.0 
5590000 20812 465.108 4338952.161 270.243 5.8388 0.0 
5600000 20844 382.463 4345303.021 229.168 4.7683 0.0 
5610000 20881 327.314 4351092.168 191.894 4.1043 0.0 
5620000 20924 274.324 4357614.853 170.086 3.4307 0.0 
5630000 20954 298.574 4363523.951 180.867 3.7304 0.0 
5640000 20971 388.705 4369466.783 233.851 4.8477 0.0 
5650000 20986 452.669 4375527.363 275.811 5.6374 0.0 
5660000 21004 474.837 4381093.083 281.775 5.9599 0.0 
5670000 21027 481.647 4386438.694 271.768 6.0308 0.0 
5680000 21045 500.013 4391120.804 266.348 6.2851 0.0 
5690000 21084 368.994 4398495.403 224.795 4.6578 0.0 
5700000 21109 377.66 4405374.213 242.709 4.7678 0.0 
5710000 21128 431.56 4411635.057 274.397 5.4627 0.0 
5720000 21144 476.726 4416847.224 284.022 5.975 0.0 
5730000 21206 227.299 4421406.442 121.858 2.8437 0.0 
5740000 21220 328.238 4426019.208 162.813 4.1298 0.0 
5750000 21239 402.154 4431675.45 211.026 5.0601 0.0 
5760000 21253 479.684 4437932.222 271.239 6.0581 0.0 
5770000 21272 490.361 4443909.116 284.448 6.1764 0.0 
5780000 21294 475.175 4450606.04 288.297 5.9813 0.0 
5790000 21314 487.334 4457025.525 302.235 6.1076 0.0 
5800000 21328 532.418 4463497.222 333.862 6.6593 0.0 
5810000 21340 605.611 4469145.971 370.614 7.59 0.0 
5820000 21350 677.755 4474528.182 400.808 8.5089 0.0 
5830000 21363 680.602 4480128.6 398.38 8.5519 0.0 
5840000 21376 707.123 4485779.854 409.3 8.9115 0.0 
5850000 21387 739.359 4491664.007 430.725 9.3035 0.0 
5860000 21403 721.301 4497354.204 416.968 9.0951 0.0 
5870000 21422 655.851 4503820.976 390.963 8.2829 0.0 
5880000 21456 474.38 4512150.551 315.847 5.9765 0.0 
5890000 21473 505.018 4518685.85 335.008 6.3753 0.0 
5900000 21498 464.631 4525817.95 313.097 5.8654 0.0 
5910000 21517 482.112 4532720.79 329.462 6.0567 0.0 
5920000 21536 501.499 4539233.516 336.903 6.2901 0.0 
5930000 21553 520.264 4545376.41 340.895 6.5267 0.0 
5940000 21586 394.836 4552328.878 264.764 4.9726 0.0 
5950000 21601 453.858 4558798.7 301.102 5.7369 0.0 
5960000 21625 439.08 4564322.451 273.967 5.5381 0.0 
5970000 21644 459.474 4570813.113 292.709 5.7668 0.0 
5980000 21663 486.45 4577244.971 310.8 6.1301 0.0 
5990000 21678 541.748 4582491.996 324.95 6.8035 0.0 
6000000 21689 609.818 4588648.053 365.614 7.6492 0.0 
6010000 21699 681.193 4593663.671 393.38 8.5629 0.0 
6020000 21710 719.77 4598708.457 402.859 9.0209 0.0 
6030000 21723 732.939 4603336.852 393.92 9.2136 0.0 
6040000 21736 742.511 4608660.501 397.459 9.2918 0.0 
6050000 21749 741.495 4614701.895 407.471 9.3053 0.0 
6060000 21767 694.679 4620798.815 392.923 8.7267 0.0 
6070000 21786 636.787 4627168.795 371.835 7.9906 0.0 
6080000 21801 641.118 4633132.721 376.097 8.0521 0.0 
6090000 21874 231.826 4637832.644 123.658 2.9087 0.0 
6100000 21895 332.629 4643441.89 182.747 4.166 0.0 
6110000 21931 301.411 4649012.959 166.778 3.7937 0.0 
6120000 21947 378.224 4654243.268 203.343 4.7756 0.0 
6130000 21982 332.072 4659528.275 177.603 4.1998 0.0 
6140000 22013 329.476 4665950.079 194.217 4.1128 0.0 
6150000 22039 345.495 4672329.285 211.389 4.3495 0.0 
6160000 22060 384.327 4680425.581 268.445 4.8295 0.0 
6170000 22079 431.187 4688193.41 312.609 5.4176 0.0 
6180000 22099 451.561 4695274.131 326.566 5.6667 0.0 
6190000 22121 449.231 4702626.487 325.562 5.6655 0.0 
6200000 22139 477.329 4710035.369 352.613 6.0259 0.0 
6210000 22168 414.674 4717223.01 304.484 5.2275 0.0 
6220000 22199 388.009 4723556.752 263.34 4.8901 0.0 
6230000 22210 488.502 4727941.959 289.205 6.1443 0.0 
6240000 22230 485.603 4733651.138 283.466 6.0954 0.0 
6250000 22250 487.755 4739621.068 288.442 6.1382 0.0 
6260000 22275 453.432 4746280.535 277.681 5.6867 0.0 
6270000 22289 507.295 4751106.951 290.703 6.339 0.0 
6280000 22317 448.462 4757096.735 260.083 5.6212 0.0 
6290000 22347 397.702 4765771.686 274.431 4.9759 0.0 
6300000 22370 406.057 4773945.477 299.108 5.0802 0.0 
6310000 22389 436.429 4781151.301 320.711 5.4668 0.0 
6320000 22437 300.704 4787769.74 209.501 3.7857 0.0 
6330000 22540 112.71 4794086.517 76.047 1.4087 0.0 
6340000 22599 152.568 4801373.351 111.781 1.9113 0.0 
6350000 22629 241.312 4808782.425 178.118 3.05 0.0 
6360000 22659 285.042 4815800.342 205.262 3.5883 0.0 
6370000 22698 266.606 4822542.691 186.269 3.3663 0.0 
6380000 22724 320.899 4829419.283 222.438 4.0221 0.0 
6390000 22756 307.283 4836448.049 216.508 3.8739 0.0 
6400000 22806 245.231 4844953.151 191.827 3.0938 0.0 
6410000 22892 126.404 4853031.53 93.878 1.5841 0.0 
6420000 22944 175.095 4860108.179 130.298 2.2067 0.0 
6430000 22961 301.802 4865341.032 185.769 3.7927 0.0 
6440000 22972 428.082 4870879.431 250.45 5.3714 0.0 
6450000 22988 467.074 4877882.729 291.558 5.8705 0.0 
6460000 23000 542.998 4883473.149 325.526 6.7968 0.0 
6470000 23016 578.608 4891521.661 386.284 7.2449 0.0 
6480000 23029 616.219 4897748.495 400.208 7.6695 0.0 
6490000 23043 641.766 4902715.599 392.382 8.007 0.0 
6500000 23055 686.385 4907928.593 402.394 8.603 0.0 
6510000 23066 725.876 4912584.232 404.507 9.1146 0.0 
6520000 23081 709.113 4917006.884 375.042 8.9208 0.0 
6530000 23102 629.228 4922441.772 333.618 7.8978 0.0 
6540000 23117 637.322 4928494.176 351.722 7.9909 0.0 
6550000 23128 680.428 4934305.638 380.019 8.5435 0.0 
6560000 23139 725.605 4940130.385 409.682 9.1178 0.0 
6570000 23150 774.827 4945865.431 438.751 9.7011 0.0 
6580000 23161 801.07 4952531.837 472.032 10.0196 0.0 
6590000 23171 828.307 4958768.365 494.441 10.3864 0.0 
6600000 23228 363.558 4963956.353 208.278 4.5501 0.0 
6610000 23308 209.568 4969309.616 116.766 2.6207 0.0 
6620000 23329 298.733 4975229.588 173.074 3.7526 0.0 
6630000 23345 393.379 4982121.297 247.063 4.9245 0.0 
6640000 23358 480.627 4988410.807 302.734 6.0427 0.0 
6650000 23377 491.415 4994826.676 311.332 6.1776 0.0 
6660000 23399 482.153 5000543.986 295.349 6.0788 0.0 
6670000 23414 523.968 5006739.496 321.635 6.602 0.0 
6680000 23435 502.304 5012692.843 305.622 6.3262 0.0 
6690000 23456 489.139 5018624.681 295.484 6.1537 0.0 
6700000 23494 357.867 5024300.893 212.193 4.5026 0.0 
6710000 23515 407.107 5030317.825 242.828 5.1037 0.0 
6720000 23547 347.031 5036684.913 214.058 4.3665 0.0 
6730000 23583 303.467 5043050.151 189.189 3.8125 0.0 
6740000 23624 263.708 5050796.579 187.053 3.3052 0.0 
6750000 23680 200.757 5057151.662 133.764 2.522 0.0 
6760000 23731 205.154 5063999.203 140.578 2.5751 0.0 
6770000 23763 247.943 5070442.899 167.023 3.1119 0.0 
6780000 23780 351.117 5075529.89 207.155 4.4063 0.0 
6790000 23791 471.218 5081148.221 272.173 5.9413 0.0 
6800000 23813 466.58 5087370.601 278.431 5.8795 0.0 
6810000 23831 506.713 5093560.591 305.641 6.364 0.0 
6820000 23854 473.038 5100290.016 296.021 5.9349 0.0 
6830000 23880 421.207 5106467.319 262.297 5.3051 0.0 
6840000 23897 468.185 5112514.962 290.002 5.891 0.0 
6850000 23916 500.45 5118493.548 307.325 6.2831 0.0 
6860000 23929 567.382 5124223.079 340.596 7.0938 0.0 
6870000 23948 556.941 5129499.598 322.236 6.9621 0.0 
6880000 23961 607.588 5135464.974 355.223 7.6017 0.0 
6890000 23971 669.162 5141448.668 393.172 8.3937 0.0 
6900000 23986 666.444 5147385.815 392.727 8.3744 0.0 
6910000 24002 648.185 5152709.923 370.208 8.1293 0.0 
6920000 24023 601.991 5158374.089 344.211 7.5604 0.0 
6930000 24036 640.13 5163158.448 348.658 8.0297 0.0 
6940000 24048 682.186 5168763.341 374.027 8.5634 0.0 
6950000 24064 661.59 5174433.29 366.338 8.3079 0.0 
6960000 24077 679.343 5180014.148 376.362 8.538 0.0 
6970000 24091 695.319 5186175.315 396.257 8.735 0.0 
6980000 24101 745.618 5192440.949 434.128 9.3423 0.0 
6990000 24113 761.183 5198647.175 451.062 9.5441 0.0 
7000000 24125 780.486 5204406.186 459.067 9.778 0.0 
7010000 24137 789.571 5210937.928 476.853 9.9124 0.0 
7020000 24149 804.244 5216625.43 479.3 10.1013 0.0 
7030000 24161 811.229 5222259.67 477.809 10.1616 0.0 
7040000 24187 625.311 5228147.186 367.797 7.8113 0.0 
7050000 24213 542.419 5234697.636 330.988 6.7703 0.0 
7060000 24234 518.067 5241821.551 331.018 6.4915 0.0 
7070000 24276 355.551 5248978.995 239.114 4.4623 0.0 
7080000 24302 372.437 5255493.188 245.664 4.6982 0.0 
7090000 24315 462.703 5261421.899 294.33 5.837 0.0 
7100000 24341 430.245 5267507.319 268.497 5.4003 0.0 
7110000 24357 489.339 5273186.7 296.393 6.1449 0.0 
7120000 24374 511.596 5279186.719 309.666 6.4257 0.0 
7130000 24397 481.082 5286427.128 310.056 6.0426 0.0 
7140000 24424 434.196 5293114.056 282.777 5.4507 0.0 
7150000 24459 363.447 5299690.476 239.699 4.5581 0.0 
7160000 24502 294.213 5307320.545 211.707 3.6977 0.0 
7170000 24521 365.657 5314517.404 266.731 4.6014 0.0 
7180000 24539 417.836 5321956.814 306.153 5.2509 0.0 
7190000 24552 511.453 5328738.155 363.811 6.4401 0.0 
7200000 24564 580.504 5335544.841 406.828 7.2923 0.0 
7210000 24576 633.626 5341874.541 432.988 7.9557 0.0 
7220000 24588 682.733 5347586.3 446.397 8.5711 0.0 
7230000 24599 723.151 5353940.575 469.516 9.0865 0.0 
7240000 24613 719.01 5360998.061 476.415 9.0493 0.0 
7250000 24632 669.256 5366095.441 417.19 8.4413 0.0 
7260000 24670 449.198 5372683.812 286.832 5.6431 0.0 
7270000 24693 447.16 5378533.723 272.495 5.6387 0.0 
7280000 24715 441.452 5383290.171 252.077 5.5611 0.0 
7290000 24729 519.841 5388197.135 280.678 6.5219 0.0 
7300000 24745 545.021 5393212.784 288.008 6.8259 0.0 
7310000 24779 410.049 5397501.72 201.026 5.1276 0.0 
7320000 24797 459.874 5401480.713 209.106 5.7715 0.0 
7330000 24809 531.198 5406922.523 256.631 6.6899 0.0 
7340000 24822 576.75 5412698.191 294.504 7.2546 0.0 
7350000 24839 595.304 5418685.089 320.213 7.515 0.0 
7360000 24852 629.094 5424433.027 344.272 7.926 0.0 
7370000 24864 667.763 5429928.692 366.307 8.4013 0.0 
7380000 24882 636.047 5435518.475 351.049 7.9834 0.0 
7390000 24909 529.393 5441166.671 293.136 6.6562 0.0 
7400000 24927 535.082 5446089.219 286.721 6.7244 0.0 
7410000 24949 498.474 5450314.539 250.965 6.2637 0.0 
7420000 24962 561.451 5454508.269 267.508 7.0718 0.0 
7430000 24977 581.84 5459261.977 277.334 7.3531 0.0 
7440000 24995 576.241 5465420.829 296.4 7.2778 0.0 
7450000 25005 653.758 5470569.194 337.832 8.2335 0.0 
7460000 25022 626.896 5474821.888 309.105 7.905 0.0 
7470000 25034 674.101 5479453.674 325.747 8.5038 0.0 
7480000 25055 619.452 5483962.388 294.361 7.7858 0.0 
7490000 25067 649.798 5488480.518 305.022 8.1532 0.0 
7500000 25090 578.83 5495359.925 308.475 7.2861 0.0 
7510000 25120 461.368 5502586.569 272.391 5.812 0.0 
7520000 25155 362.968 5509141.944 224.333 4.5631 0.0 
7530000 25178 391.215 5514744.643 232.735 4.8991 0.0 
7540000 25217 331.685 5519603.219 178.976 4.1735 0.0 
7550000 25262 277.565 5525527.576 156.815 3.5041 0.0 
7560000 25291 314.331 5530348.686 163.314 3.9531 0.0 
7570000 25307 401.715 5534970.757 199.678 5.058 0.0 
7580000 25324 453.179 5539771.058 222.955 5.7077 0.0 
7590000 25348 439.596 5545989.352 234.668 5.1083 0.0 
7600000 25364 498.506 5552122.835 282.483 5.2494 0.0 
7610000 25388 465.727 5557803.876 263.706 5.0118 0.0 
7620000 25408 473.305 5563621.717 270.532 5.388 0.0 
7630000 25433 430.061 5569082.869 243.809 5.0503 0.0 
7640000 25457 431.306 5575643.916 260.406 5.1936 0.0 
7650000 25470 509.972 5581663.501 306.091 6.2212 0.0 
7660000 25483 570.485 5587624.879 341.421 7.03 0.0 
7670000 25503 537.661 5592987.565 311.908 6.6516 0.0 
7680000 25515 605.323 5597937.758 336.147 7.4816 0.0 
7690000 25528 632.686 5603098.391 343.927 6.7806 0.0 
7700000 25542 659.652 5610056.129 386.497 5.9659 0.0 
7710000 25553 714.095 5616707.011 433.171 5.6522 0.0 
7720000 25564 744.195 5623600.001 466.012 5.3375 0.0 
7730000 25576 757.156 5630303.387 483.65 5.0023 0.0 
7740000 25589 772.557 5636995.687 497.509 4.7478 0.0 
7750000 25603 748.289 5643466.628 484.038 4.3614 0.0 
7760000 25628 617.773 5650007.606 399.878 3.4177 0.0 
7770000 25646 591.234 5655287.817 363.185 3.141 0.0 
7780000 25670 513.38 5660634.56 304.364 2.639 0.0 
7790000 25687 537.828 5666302.406 314.602 2.6928 0.0 
7800000 25718 440.382 5672987.707 268.224 2.1604 0.0 
7810000 25740 434.907 5679736.802 278.586 2.105 0.0 
7820000 25776 356.129 5688626.128 262.295 1.704 0.0 
7830000 25789 442.281 5696013.975 323.551 2.1024 0.0 
7840000 25803 506.304 5703058.401 366.886 2.4026 0.0 
7850000 25823 510.227 5710392.23 370.448 2.4143 0.0 
7860000 25844 490.602 5717370.031 350.212 2.3186 0.0 
7870000 25868 468.355 5726760.231 373.408 2.2142 0.0 
7880000 25897 404.402 5735642.358 335.32 1.9038 0.0 
7890000 25929 360.279 5743178.016 289.617 1.6966 0.0 
7900000 25981 231.191 5750557.425 182.555 1.0903 0.0 
7910000 26003 318.726 5757924.344 240.522 1.5005 0.0 
7920000 26034 313.715 5765007.833 229.407 1.4754 0.0 
7930000 26052 382.289 5770884.756 256.378 1.8017 0.0 
7940000 26075 389.948 5777792.22 266.074 1.8346 0.0 
7950000 26101 398.763 5783974.67 260.236 1.8819 0.0 
7960000 26126 391.468 5790448.884 253.285 1.8514 0.0 
7970000 26150 389.28 5797609.09 264.051 1.84 0.0 
7980000 26171 434.518 5805426.959 311.931 2.0496 0.0 
7990000 26191 443.305 5813633.532 337.047 2.0878 0.0 
8000000 26218 425.126 5821413.472 321.521 2.001 0.0 
8010000 26238 443.069 5828466.014 327.442 2.0804 0.0 
8020000 26255 476.576 5836842.715 368.688 2.2411 0.0 
8030000 26271 529.131 5844098.014 394.554 2.4831 0.0 
8040000 26287 554.604 5850225.843 393.308 2.6083 0.0 
8050000 26301 602.323 5856217.749 406.461 2.8361 0.0 
8060000 26319 588.562 5862486.883 389.189 2.7683 0.0 
8070000 26332 630.142 5868508.603 406.012 2.9667 0.0 
8080000 26343 678.934 5874725.439 433.703 3.1975 0.0 
8090000 26363 608.87 5881644.344 398.195 2.8651 0.0 
8100000 26385 560.396 5888818.496 377.39 2.636 0.0 
8110000 26396 623.761 5895340.441 418.109 2.9326 0.0 
8120000 26416 589.702 5902938.717 410.05 2.7738 0.0 
8130000 26446 467.849 5912515.983 362.057 2.1926 0.0 
8140000 26478 394.697 5920586.832 309.441 1.8481 0.0 
8150000 26515 318.726 5927941.905 244.713 1.4959 0.0 
8160000 26543 347.849 5935531.047 262.385 1.6398 0.0 
8170000 26573 335.699 5942329.178 243.711 1.5776 0.0 
8180000 26622 253.793 5951675.221 207.763 1.1892 0.0 
8190000 26650 306.317 5961053.556 274.513 1.4355 0.0 
8200000 26673 349.402 5969350.679 301.447 1.6393 0.0 
8210000 26694 390.94 5978065.813 339.348 1.8347 0.0 
8220000 26716 417.972 5986471.491 362.057 1.9629 0.0 
8230000 26735 443.399 5993497.279 355.873 2.0822 0.0 
8240000 26748 526.014 6000246.917 401.486 2.4655 0.0 
8250000 26768 509.407 6007840.271 391.582 2.3898 0.0 
8260000 26793 461.882 6013775.564 323.168 2.1702 0.0 
8270000 26818 445.038 6021062.028 313.864 2.0959 0.0 
8280000 26830 534.111 6027318.174 366.787 2.5153 0.0 
8290000 26845 556.238 6034371.764 385.531 2.6159 0.0 
8300000 26859 606.681 6040906.103 408.352 2.862 0.0 
8310000 26878 574.723 6049087.57 415.679 2.7129 0.0 
8320000 26890 632.11 6056294.752 453.582 2.9846 0.0 
8330000 26908 613.438 6064536.862 457.89 2.8956 0.0 
8340000 26930 560.978 6071713.913 413.074 2.6418 0.0 
8350000 26948 554.198 6078464.825 398.795 2.6061 0.0 
8360000 26971 505.029 6087306.725 386.915 2.3721 0.0 
8370000 26988 535.297 6094335.547 401.631 2.5164 0.0 
8380000 27004 565.065 6102204.597 427.835 2.659 0.0 
8390000 27018 593.154 6111226.395 470.258 2.7892 0.0 
8400000 27034 598.448 6118945.128 478.165 2.8158 0.0 
8410000 27046 653.169 6125545.613 493.251 3.0762 0.0 
8420000 27068 577.866 6130716.219 397.619 2.7224 0.0 
8430000 27104 431.956 6136251.775 282.406 2.0356 0.0 
8440000 27137 370.207 6140794.985 211.482 1.7426 0.0 
8450000 27154 443.841 6145057.387 227.371 2.0873 0.0 
8460000 27167 516.549 6150160.899 263.279 2.4361 0.0 
8470000 27186 501.863 6155364.784 256.883 2.3672 0.0 
8480000 27197 584.108 6160398.027 298.512 2.7571 0.0 
8490000 27218 543.205 6165359.495 275.691 2.5672 0.0 
8500000 27239 527.041 6170882.607 274.515 2.4871 0.0 
8510000 27263 489.235 6177886.313 279.962 2.2987 0.0 
8520000 27291 420.132 6183126.979 233.752 1.9744 0.0 
8530000 27311 434.842 6187913.701 230.816 2.0402 0.0 
8540000 27348 348.414 6192958.881 179.5 1.6369 0.0 
8550000 27428 170.822 6197268.087 77.057 0.8038 0.0 
8560000 27478 169.581 6201313.064 68.688 0.8005 0.0 
8570000 27524 210.146 6205711.43 90.959 0.9911 0.0 
8580000 27544 304.985 6210445.389 138.608 1.4354 0.0 
8590000 27570 338.668 6215543.315 162.224 1.5942 0.0 
8600000 27632 201.485 6221144.55 105.643 0.9496 0.0 
8610000 27649 316.348 6225903.543 157.023 1.4915 0.0 
8620000 27667 394.952 6230559.57 191.108 1.8595 0.0 
8630000 27705 314.909 6235436.392 151.962 1.4826 0.0 
8640000 27753 257.07 6240545.054 126.166 1.2082 0.0 
8650000 27780 308.247 6245682.101 155.79 1.4553 0.0 
8660000 27797 379.136 6252169.773 215.385 1.7887 0.0 
8670000 27818 407.371 6258368.82 240.938 1.9209 0.0 
8680000 27843 401.013 6265362.446 250.627 1.8911 0.0 
8690000 27863 433.098 6270346.605 252.601 2.0414 0.0 
8700000 27884 432.847 6275904.262 250.878 2.0333 0.0 
8710000 27909 432.038 6282363.363 259.117 2.0349 0.0 
8720000 27927 465.898 6288286.031 278.559 2.1996 0.0 
8730000 27946 486.782 6295263.923 308.716 2.2972 0.0 
8740000 27976 412.664 6305331.4 316.069 1.9437 0.0 
8750000 27992 464.829 6314053.494 377.11 2.1848 0.0 
8760000 28020 417.572 6323470.946 353.927 1.9638 0.0 
8770000 28041 429.831 6332216.493 370.32 2.0229 0.0 
8780000 28059 482.547 6339647.226 392.969 2.2666 0.0 
8790000 28077 492.008 6346388.921 379.559 2.3081 0.0 
8800000 28094 517.346 6352807.502 378.358 2.4374 0.0 
8810000 28114 518.89 6359066.326 359.207 2.4464 0.0 
8820000 28127 583.002 6365961.489 401.264 2.7534 0.0 
8830000 28146 553.114 6373467.471 394.901 2.6174 0.0 
8840000 28172 484.363 6380258.969 339.099 2.2824 0.0 
8850000 28196 455.269 6386886.442 311.845 2.1427 0.0 
8860000 28220 443.431 6394932.9 323.122 2.0821 0.0 
8870000 28242 441.104 6402689.821 330.575 2.0697 0.0 
8880000 28280 349.066 6409963.27 255.619 1.6355 0.0 
8890000 28309 342.221 6416029.438 233.33 1.604 0.0 
8900000 28329 387.423 6421242.369 239.506 1.8168 0.0 
8910000 28342 466.569 6426882.855 278.962 2.1937 0.0 
8920000 28354 560.421 6432103.757 320.846 2.6373 0.0 
8930000 28367 610.184 6438562.509 362.714 2.8699 0.0 
8940000 28383 611.195 6444542.615 362.319 2.8784 0.0 
8950000 28404 568.747 6451866.044 360.687 2.6773 0.0 
8960000 28428 501.331 6459480.175 334.874 2.3568 0.0 
8970000 28448 492.478 6467411.537 351.958 2.3087 0.0 
8980000 28466 514.867 6474274.472 362.588 2.4117 0.0 
8990000 28478 580.174 6480051.009 387.915 2.7256 0.0 
9000000 28492 613.696 6486393.867 403.577 2.8814 0.0 
9010000 28515 545.527 6494197.995 376.71 2.5591 0.0 
9020000 28537 513.166 6502404.939 374.986 2.4018 0.0 
9030000 28564 430.734 6509056.201 306.781 2.0171 0.0 
9040000 28582 477.877 6516523.767 344.755 2.2385 0.0 
9050000 28604 465.01 6524322.863 342.968 2.1825 0.0 
9060000 28620 514.945 6532082.292 384.023 2.416 0.0 
9070000 28645 461.795 6540329.821 360.823 2.167 0.0 
9080000 28663 498.298 6548462.18 393.717 2.3369 0.0 
9090000 28686 473.474 6558618.717 412.175 2.22 0.0 
9100000 28705 494.009 6568222.274 446.204 2.3214 0.0 
9110000 28730 442.81 6577092.629 399.51 2.0828 0.0 
9120000 28754 433.136 6586268.62 393.645 2.0353 0.0 
9130000 28778 427.588 6594565.649 376.741 2.0054 0.0 
9140000 28809 386.143 6603125.022 335.826 1.8091 0.0 
9150000 28838 365.098 6610700.718 303.45 1.7168 0.0 
9160000 28857 427.126 6618319.569 337.728 2.0111 0.0 
9170000 28924 214.21 6626784.246 174.387 1.0066 0.0 
9180000 28963 239.172 6633214.479 167.238 1.1232 0.0 
9190000 29003 251.137 6638857.66 159.27 1.1812 0.0 
9200000 29022 333.062 6647984.527 253.854 1.5712 0.0 
9210000 29040 401.946 6657914.369 349.248 1.8934 0.0 
9220000 29055 466.279 6665921.135 395.181 2.1934 0.0 
9230000 29072 508.385 6677426.451 478.713 2.3925 0.0 
9240000 29089 534.892 6688046.336 522.537 2.5187 0.0 
9250000 29110 513.508 6698748.532 513.941 2.4141 0.0 
9260000 29134 483.864 6709125.919 490.79 2.269 0.0 
9270000 29164 410.178 6721232.984 447.243 1.9173 0.0 
9280000 29184 450.766 6732120.522 489.425 2.1135 0.0 
9290000 29199 507.325 6741895.733 531.472 2.3842 0.0 
9300000 29214 550.429 6752695.913 582.952 2.588 0.0 
9310000 29229 579.557 6764545.294 637.275 2.7243 0.0 
9320000 29246 584.041 6775168.772 637.726 2.7479 0.0 
9330000 29257 649.81 6785275.429 693.705 3.0508 0.0 
9340000 29275 624.39 6794127.651 634.593 2.925 0.0 
9350000 29293 592.468 6804621.016 605.735 2.7703 0.0 
9360000 29309 610.801 6816608.871 657.76 2.8543 0.0 
9370000 29325 612.239 6827875.335 665.682 2.8604 0.0 
9380000 29349 542.275 6838894.991 593.338 2.5387 0.0 
9390000 29378 453.177 6851741.736 523.018 2.122 0.0 
9400000 29414 357.971 6864074.032 425.475 1.6732 0.0 
9410000 29445 340.213 6876301.508 410.75 1.5878 0.0 
9420000 29478 311.704 6888349.774 372.833 1.4529 0.0 
9430000 29509 320.334 6900692.618 386.84 1.4922 0.0 
9440000 29535 342.629 6912177.012 403.762 1.6028 0.0 
9450000 29556 386.336 6921361.007 413.752 1.8079 0.0 
9460000 29584 368.815 6928998.703 349.491 1.7324 0.0 
9470000 29601 427.311 6936394.718 370.717 2.0061 0.0 
9480000 29624 423.09 6944429.903 356.677 1.9888 0.0 
9490000 29652 385.86 6954402.185 349.249 1.8092 0.0 
9500000 29684 356.258 6964742.601 343.611 1.6699 0.0 
9510000 29697 445.255 6972986.356 399.475 2.0885 0.0 
9520000 29713 485.734 6981813.913 442.42 2.2828 0.0 
9530000 29725 570.251 6990276.668 502.022 2.6902 0.0 
9540000 29743 564.722 7002247.488 551.73 2.663 0.0 
9550000 29763 544.491 7012188.751 533.332 2.5644 0.0 
9560000 29779 563.238 7025216.449 607.848 2.6532 0.0 
9570000 29800 530.731 7036963.322 589.527 2.497 0.0 
9580000 29822 503.802 7047260.967 550.903 2.3686 0.0 
9590000 29851 426.603 7061285.093 511.918 1.9989 0.0 
9600000 29882 375.642 7072750.437 441.793 1.7645 0.0 
9610000 29897 443.451 7082101.829 483.654 2.0803 0.0 
9620000 29911 512.165 7093169.207 556.697 2.4076 0.0 
9630000 29926 551.98 7107087.719 654.869 2.597 0.0 
9640000 29945 539.814 7118986.476 638.841 2.5367 0.0 
9650000 29963 538.913 7128415.243 594.698 2.5279 0.0 
9660000 29992 451.416 7141052.01 524.74 2.1158 0.0 
9670000 30015 440.506 7152755.838 511.684 2.0726 0.0 
9680000 30043 399.027 7165170.789 475.357 1.8735 0.0 
9690000 30070 378.152 7178599.616 473.006 1.7721 0.0 
9700000 30093 412.015 7191931.936 529.151 1.9329 0.0 
9710000 30111 447.288 7205752.116 590.973 2.0985 0.0 
9720000 30129 483.303 7218777.312 640.327 2.2682 0.0 
9730000 30150 475.807 7231624.13 619.336 2.2317 0.0 
9740000 30168 503.245 7243318.826 635.756 2.3561 0.0 
9750000 30188 488.596 7255986.76 623.032 2.288 0.0 
9760000 30205 531.21 7266191.934 627.362 2.4926 0.0 
9770000 30232 465.188 7276468.835 525.196 2.1879 0.0 
9780000 30258 435.211 7286424.472 470.28 2.0445 0.0 
9790000 30275 473.296 7293536.325 441.865 2.2262 0.0 
9800000 30296 477.606 7301433.526 426.896 2.2506 0.0 
9810000 30317 472.424 7309399.201 402.108 2.2296 0.0 
9820000 30336 496.205 7315842.219 391.048 2.3477 0.0 
9830000 30355 499.781 7322909.695 379.15 2.3621 0.0 
9840000 30375 507.905 7331084.831 397.98 2.3976 0.0 
9850000 30387 572.651 7336078.664 398.541 2.708 0.0 
9860000 30403 589.235 7340859.114 369.876 2.7816 0.0 
9870000 30438 442.318 7345654.579 257.592 2.0843 0.0 
9880000 30457 460.017 7349977.464 245.358 2.1773 0.0 
9890000 30481 445.485 7355551.472 240.829 2.1109 0.0 
9900000 30509 403.922 7361559.686 228.398 1.9152 0.0 
9910000 30531 423.42 7367205.949 238.855 1.9949 0.0 
9920000 30550 440.639 7373979.926 265.371 2.0782 0.0 
9930000 30575 437.333 7380255.741 266.782 2.0563 0.0 
9940000 30601 409.323 7387002.086 259.355 1.9211 0.0 
9950000 30624 422.624 7394824.187 293.097 1.9832 0.0 
9960000 30649 404.296 7400689.871 264.498 1.901 0.0 
9970000 30684 356.884 7407843.814 241.007 1.682 0.0 
9980000 30708 376.388 7416632.07 289.272 1.7759 0.0 
9990000 30722 453.389 7426728.178 385.044 2.139 0.0 
10000000 30736 514.096 7439513.749 508.205 2.4219 0.0 
