10000.0 281.0 -189.0 -189.0 -189.0 -0.0189 -0.0189 -0.0189 -0.628 -0.628 -0.628 
20000.0 576.0 -401.0 -401.0 -401.0 -0.02 -0.02 -0.02 -0.766 -0.766 -0.766 
30000.0 847.0 -576.0 -576.0 -576.0 -0.0192 -0.0192 -0.0192 -0.681 -0.681 -0.681 
40000.0 1142.0 -791.0 -791.0 -791.0 -0.0198 -0.0198 -0.0198 -0.713 -0.713 -0.713 
50000.0 1438.0 -1003.0 -1003.0 -1003.0 -0.0201 -0.0201 -0.0201 -0.736 -0.736 -0.736 
60000.0 1731.0 -1210.0 -1210.0 -1210.0 -0.0202 -0.0202 -0.0202 -0.709 -0.709 -0.709 
70000.0 2046.0 -1450.0 -1450.0 -1450.0 -0.0207 -0.0207 -0.0207 -0.782 -0.782 -0.782 
80000.0 2324.0 -1634.0 -1634.0 -1634.0 -0.0204 -0.0204 -0.0204 -0.665 -0.665 -0.665 
90000.0 2588.0 -1800.0 -1800.0 -1800.0 -0.02 -0.02 -0.02 -0.648 -0.648 -0.648 
100000.0 2841.0 -1943.0 -1943.0 -1943.0 -0.0194 -0.0194 -0.0194 -0.61 -0.61 -0.61 
110000.0 3099.0 -2096.0 -2096.0 -2096.0 -0.0191 -0.0191 -0.0191 -0.53 -0.53 -0.53 
120000.0 3361.0 -2253.0 -2253.0 -2253.0 -0.0188 -0.0188 -0.0188 -0.605 -0.605 -0.605 
130000.0 3612.0 -2397.0 -2397.0 -2397.0 -0.0184 -0.0184 -0.0184 -0.635 -0.635 -0.635 
140000.0 3859.0 -2531.0 -2531.0 -2531.0 -0.0181 -0.0181 -0.0181 -0.54 -0.54 -0.54 
150000.0 4105.0 -2663.0 -2663.0 -2663.0 -0.0178 -0.0178 -0.0178 -0.408 -0.408 -0.408 
160000.0 4358.0 -2809.0 -2809.0 -2809.0 -0.0176 -0.0176 -0.0176 -0.642 -0.642 -0.642 
170000.0 4593.0 -2928.0 -2928.0 -2928.0 -0.0172 -0.0172 -0.0172 -0.464 -0.464 -0.464 
180000.0 4850.0 -3075.0 -3075.0 -3075.0 -0.0171 -0.0171 -0.0171 -0.559 -0.559 -0.559 
190000.0 5080.0 -3187.0 -3187.0 -3187.0 -0.0168 -0.0168 -0.0168 -0.345 -0.345 -0.345 
200000.0 5330.0 -3327.0 -3327.0 -3327.0 -0.0166 -0.0166 -0.0166 -0.595 -0.595 -0.595 
210000.0 5576.0 -3461.0 -3461.0 -3461.0 -0.0165 -0.0165 -0.0165 -0.603 -0.603 -0.603 
220000.0 5802.0 -3561.0 -3561.0 -3561.0 -0.0162 -0.0162 -0.0162 -0.609 -0.609 -0.609 
230000.0 6025.0 -3661.0 -3661.0 -3661.0 -0.0159 -0.0159 -0.0159 -0.308 -0.308 -0.308 
240000.0 6241.0 -3749.0 -3749.0 -3749.0 -0.0156 -0.0156 -0.0156 -0.242 -0.242 -0.242 
250000.0 6443.0 -3820.0 -3820.0 -3820.0 -0.0153 -0.0153 -0.0153 -0.285 -0.285 -0.285 
260000.0 6674.0 -3929.0 -3929.0 -3929.0 -0.0151 -0.0151 -0.0151 -0.401 -0.401 -0.401 
270000.0 6900.0 -4030.0 -4030.0 -4030.0 -0.0149 -0.0149 -0.0149 -0.436 -0.436 -0.436 
280000.0 7120.0 -4125.0 -4125.0 -4125.0 -0.0147 -0.0147 -0.0147 -0.505 -0.505 -0.505 
290000.0 7316.0 -4174.0 -4174.0 -4174.0 -0.0144 -0.0144 -0.0144 -0.203 -0.203 -0.203 
300000.0 7523.0 -4239.0 -4239.0 -4239.0 -0.0141 -0.0141 -0.0141 -0.267 -0.267 -0.267 
310000.0 7702.0 -4268.0 -4268.0 -4268.0 -0.0138 -0.0138 -0.0138 -0.189 -0.189 -0.189 
320000.0 7899.0 -4328.0 -4328.0 -4328.0 -0.0135 -0.0135 -0.0135 -0.346 -0.346 -0.346 
330000.0 8104.0 -4397.0 -4397.0 -4397.0 -0.0133 -0.0133 -0.0133 -0.297 -0.297 -0.297 
340000.0 8302.0 -4454.0 -4454.0 -4454.0 -0.0131 -0.0131 -0.0131 -0.272 -0.272 -0.272 
350000.0 8492.0 -4499.0 -4499.0 -4499.0 -0.0129 -0.0129 -0.0129 -0.2 -0.2 -0.2 
360000.0 8676.0 -4534.0 -4534.0 -4534.0 -0.0126 -0.0126 -0.0126 -0.235 -0.235 -0.235 
370000.0 8898.0 -4627.0 -4627.0 -4627.0 -0.0125 -0.0125 -0.0125 -0.409 -0.409 -0.409 
380000.0 9069.0 -4639.0 -4639.0 -4639.0 -0.0122 -0.0122 -0.0122 -0.162 -0.162 -0.162 
390000.0 9269.0 -4697.0 -4697.0 -4697.0 -0.012 -0.012 -0.012 -0.208 -0.208 -0.208 
400000.0 9441.0 -4713.0 -4713.0 -4713.0 -0.0118 -0.0118 -0.0118 -0.067 -0.067 -0.067 
410000.0 9621.0 -4742.0 -4742.0 -4742.0 -0.0116 -0.0116 -0.0116 -0.107 -0.107 -0.107 
420000.0 9791.0 -4748.0 -4748.0 -4748.0 -0.0113 -0.0113 -0.0113 0.058 0.058 0.058 
430000.0 9959.0 -4755.0 -4755.0 -4755.0 -0.0111 -0.0111 -0.0111 -0.186 -0.186 -0.186 
440000.0 10110.0 -4729.0 -4729.0 -4729.0 -0.0107 -0.0107 -0.0107 -0.104 -0.104 -0.104 
450000.0 10244.0 -4684.0 -4684.0 -4684.0 -0.0104 -0.0104 -0.0104 0.301 0.301 0.301 
460000.0 10421.0 -4707.0 -4707.0 -4707.0 -0.0102 -0.0102 -0.0102 -0.153 -0.153 -0.153 
470000.0 10574.0 -4687.0 -4687.0 -4687.0 -0.01 -0.01 -0.01 0.274 0.274 0.274 
480000.0 10708.0 -4633.0 -4633.0 -4633.0 -0.0097 -0.0097 -0.0097 0.417 0.417 0.417 
490000.0 10855.0 -4612.0 -4612.0 -4612.0 -0.0094 -0.0094 -0.0094 0.171 0.171 0.171 
500000.0 11012.0 -4600.0 -4600.0 -4600.0 -0.0092 -0.0092 -0.0092 0.046 0.046 0.046 
510000.0 11152.0 -4561.0 -4561.0 -4561.0 -0.0089 -0.0089 -0.0089 0.463 0.463 0.463 
520000.0 11280.0 -4499.0 -4499.0 -4499.0 -0.0087 -0.0087 -0.0087 0.602 0.602 0.602 
530000.0 11391.0 -4407.0 -4407.0 -4407.0 -0.0083 -0.0083 -0.0083 0.777 0.777 0.777 
540000.0 11504.0 -4320.0 -4320.0 -4320.0 -0.008 -0.008 -0.008 0.735 0.735 0.735 
550000.0 11611.0 -4235.0 -4235.0 -4235.0 -0.0077 -0.0077 -0.0077 0.892 0.892 0.892 
560000.0 11736.0 -4169.0 -4169.0 -4169.0 -0.0074 -0.0074 -0.0074 0.533 0.533 0.533 
570000.0 11847.0 -4076.0 -4076.0 -4076.0 -0.0072 -0.0072 -0.0072 0.83 0.83 0.83 
580000.0 11957.0 -3978.0 -3978.0 -3978.0 -0.0069 -0.0069 -0.0069 0.96 0.96 0.96 
590000.0 12076.0 -3902.0 -3902.0 -3902.0 -0.0066 -0.0066 -0.0066 0.61 0.61 0.61 
600000.0 12186.0 -3803.0 -3803.0 -3803.0 -0.0063 -0.0063 -0.0063 0.929 0.929 0.929 
610000.0 12291.0 -3699.0 -3699.0 -3699.0 -0.0061 -0.0061 -0.0061 1.007 1.007 1.007 
620000.0 12387.0 -3577.0 -3577.0 -3577.0 -0.0058 -0.0058 -0.0058 1.201 1.201 1.201 
630000.0 12479.0 -3445.0 -3445.0 -3445.0 -0.0055 -0.0055 -0.0055 1.446 1.446 1.446 
640000.0 12560.0 -3303.0 -3303.0 -3303.0 -0.0052 -0.0052 -0.0052 1.667 1.667 1.667 
650000.0 12655.0 -3183.0 -3183.0 -3183.0 -0.0049 -0.0049 -0.0049 1.14 1.14 1.14 
660000.0 12744.0 -3053.0 -3053.0 -3053.0 -0.0046 -0.0046 -0.0046 1.33 1.33 1.33 
670000.0 12828.0 -2908.0 -2908.0 -2908.0 -0.0043 -0.0043 -0.0043 1.716 1.716 1.716 
680000.0 12914.0 -2774.0 -2774.0 -2774.0 -0.0041 -0.0041 -0.0041 1.614 1.614 1.614 
690000.0 13000.0 -2643.0 -2643.0 -2643.0 -0.0038 -0.0038 -0.0038 1.606 1.606 1.606 
700000.0 13086.0 -2499.0 -2499.0 -2499.0 -0.0036 -0.0036 -0.0036 1.624 1.624 1.624 
710000.0 13158.0 -2330.0 -2330.0 -2330.0 -0.0033 -0.0033 -0.0033 2.403 2.403 2.403 
720000.0 13224.0 -2158.0 -2158.0 -2158.0 -0.003 -0.003 -0.003 2.683 2.683 2.683 
730000.0 13304.0 -2002.0 -2002.0 -2002.0 -0.0027 -0.0027 -0.0027 2.127 2.127 2.127 
740000.0 13379.0 -1847.0 -1847.0 -1847.0 -0.0025 -0.0025 -0.0025 2.175 2.175 2.175 
750000.0 13459.0 -1692.0 -1692.0 -1692.0 -0.0023 -0.0023 -0.0023 2.161 2.161 2.161 
760000.0 13525.0 -1511.0 -1511.0 -1511.0 -0.002 -0.002 -0.002 2.636 2.636 2.636 
770000.0 13597.0 -1345.0 -1345.0 -1345.0 -0.0017 -0.0017 -0.0017 2.208 2.208 2.208 
780000.0 13663.0 -1170.0 -1170.0 -1170.0 -0.0015 -0.0015 -0.0015 2.433 2.433 2.433 
790000.0 13722.0 -986.0 -986.0 -986.0 -0.0012 -0.0012 -0.0012 2.807 2.807 2.807 
800000.0 13781.0 -785.0 -785.0 -785.0 -0.001 -0.001 -0.001 3.057 3.057 3.057 
810000.0 13832.0 -581.0 -581.0 -581.0 -0.0007 -0.0007 -0.0007 3.801 3.801 3.801 
820000.0 13888.0 -373.0 -373.0 -373.0 -0.0005 -0.0005 -0.0005 3.817 3.817 3.817 
830000.0 13947.0 -173.0 -173.0 -173.0 -0.0002 -0.0002 -0.0002 3.705 3.705 3.705 
840000.0 13999.0 36.0 36.0 36.0 0.0 0.0 0.0 3.927 3.927 3.927 
850000.0 14052.0 247.0 247.0 247.0 0.0003 0.0003 0.0003 3.871 3.871 3.871 
860000.0 14092.0 481.0 481.0 481.0 0.0006 0.0006 0.0006 5.006 5.006 5.006 
870000.0 14141.0 709.0 709.0 709.0 0.0008 0.0008 0.0008 4.694 4.694 4.694 
880000.0 14187.0 924.0 924.0 924.0 0.001 0.001 0.001 4.563 4.563 4.563 
890000.0 14238.0 1137.0 1137.0 1137.0 0.0013 0.0013 0.0013 4.449 4.449 4.449 
900000.0 14275.0 1368.0 1368.0 1368.0 0.0015 0.0015 0.0015 5.338 5.338 5.338 
910000.0 14321.0 1597.0 1597.0 1597.0 0.0018 0.0018 0.0018 4.963 4.963 4.963 
920000.0 14365.0 1831.0 1831.0 1831.0 0.002 0.002 0.002 5.266 5.266 5.266 
930000.0 14403.0 2072.0 2072.0 2072.0 0.0022 0.0022 0.0022 5.785 5.785 5.785 
940000.0 14443.0 2302.0 2302.0 2302.0 0.0024 0.0024 0.0024 5.636 5.636 5.636 
950000.0 14484.0 2553.0 2553.0 2553.0 0.0027 0.0027 0.0027 5.925 5.925 5.925 
960000.0 14524.0 2872.0 2872.0 2872.0 0.003 0.003 0.003 6.843 6.843 6.843 
970000.0 14560.0 3121.0 3121.0 3121.0 0.0032 0.0032 0.0032 6.906 6.906 6.906 
980000.0 14599.0 3391.0 3391.0 3391.0 0.0035 0.0035 0.0035 6.921 6.921 6.921 
990000.0 14631.0 3691.0 3691.0 3691.0 0.0037 0.0037 0.0037 7.922 7.922 7.922 
1000000.0 14663.0 3979.0 3979.0 3979.0 0.004 0.004 0.004 8.064 8.064 8.064 
1010000.0 14695.0 4266.0 4266.0 4266.0 0.0042 0.0042 0.0042 8.726 8.726 8.726 
1020000.0 14727.0 4591.0 4591.0 4591.0 0.0045 0.0045 0.0045 9.268 9.268 9.268 
1030000.0 14760.0 4912.0 4912.0 4912.0 0.0048 0.0048 0.0048 9.506 9.506 9.506 
1040000.0 14796.0 5175.0 5175.0 5175.0 0.005 0.005 0.005 8.573 8.573 8.573 
1050000.0 14832.0 5490.0 5490.0 5490.0 0.0052 0.0052 0.0052 8.73 8.73 8.73 
1060000.0 14866.0 5786.0 5786.0 5786.0 0.0055 0.0055 0.0055 8.598 8.598 8.598 
1070000.0 14898.0 6094.0 6094.0 6094.0 0.0057 0.0057 0.0057 9.069 9.069 9.069 
1080000.0 14931.0 6408.0 6408.0 6408.0 0.0059 0.0059 0.0059 9.337 9.337 9.337 
1090000.0 14965.0 6708.0 6708.0 6708.0 0.0062 0.0062 0.0062 9.057 9.057 9.057 
1100000.0 15000.0 7027.0 7027.0 7027.0 0.0064 0.0064 0.0064 8.536 8.536 8.536 
1110000.0 15034.0 7332.0 7332.0 7332.0 0.0066 0.0066 0.0066 8.94 8.94 8.94 
1120000.0 15070.0 7639.0 7639.0 7639.0 0.0068 0.0068 0.0068 8.775 8.775 8.775 
1130000.0 15104.0 7934.0 7934.0 7934.0 0.007 0.007 0.007 8.311 8.311 8.311 
1140000.0 15136.0 8287.0 8287.0 8287.0 0.0073 0.0073 0.0073 9.715 9.715 9.715 
1150000.0 15170.0 8606.0 8606.0 8606.0 0.0075 0.0075 0.0075 9.562 9.562 9.562 
1160000.0 15200.0 8967.0 8967.0 8967.0 0.0077 0.0077 0.0077 10.655 10.655 10.655 
1170000.0 15234.0 9301.0 9301.0 9301.0 0.0079 0.0079 0.0079 10.061 10.061 10.061 
1180000.0 15270.0 9648.0 9648.0 9648.0 0.0082 0.0082 0.0082 9.987 9.987 9.987 
1190000.0 15300.0 9968.0 9968.0 9968.0 0.0084 0.0084 0.0084 10.292 10.292 10.292 
1200000.0 15335.0 10256.0 10256.0 10256.0 0.0085 0.0085 0.0085 8.77 8.77 8.77 
1210000.0 15371.0 10566.0 10566.0 10566.0 0.0087 0.0087 0.0087 9.106 9.106 9.106 
1220000.0 15402.0 10901.0 10901.0 10901.0 0.0089 0.0089 0.0089 9.995 9.995 9.995 
1230000.0 15433.0 11221.0 11221.0 11221.0 0.0091 0.0091 0.0091 10.172 10.172 10.172 
1240000.0 15462.0 11583.0 11583.0 11583.0 0.0093 0.0093 0.0093 11.19 11.19 11.19 
1250000.0 15498.0 11839.0 11839.0 11839.0 0.0095 0.0095 0.0095 9.164 9.164 9.164 
1260000.0 15528.0 12185.0 12185.0 12185.0 0.0097 0.0097 0.0097 10.228 10.228 10.228 
1270000.0 15565.0 12495.0 12495.0 12495.0 0.0098 0.0098 0.0098 9.197 9.197 9.197 
1280000.0 15600.0 12806.0 12806.0 12806.0 0.01 0.01 0.01 9.209 9.209 9.209 
1290000.0 15627.0 13144.0 13144.0 13144.0 0.0102 0.0102 0.0102 10.246 10.246 10.246 
1300000.0 15660.0 13535.0 13535.0 13535.0 0.0104 0.0104 0.0104 10.737 10.737 10.737 
1310000.0 15696.0 13881.0 13881.0 13881.0 0.0106 0.0106 0.0106 10.181 10.181 10.181 
1320000.0 15730.0 14192.0 14192.0 14192.0 0.0108 0.0108 0.0108 9.594 9.594 9.594 
1330000.0 15766.0 14479.0 14479.0 14479.0 0.0109 0.0109 0.0109 8.705 8.705 8.705 
1340000.0 15802.0 14820.0 14820.0 14820.0 0.0111 0.0111 0.0111 9.211 9.211 9.211 
1350000.0 15834.0 15138.0 15138.0 15138.0 0.0112 0.0112 0.0112 9.584 9.584 9.584 
1360000.0 15869.0 15424.0 15424.0 15424.0 0.0113 0.0113 0.0113 8.848 8.848 8.848 
1370000.0 15900.0 15813.0 15813.0 15813.0 0.0115 0.0115 0.0115 10.642 10.642 10.642 
1380000.0 15930.0 16165.0 16165.0 16165.0 0.0117 0.0117 0.0117 10.738 10.738 10.738 
1390000.0 15964.0 16470.0 16470.0 16470.0 0.0118 0.0118 0.0118 9.79 9.79 9.79 
1400000.0 15993.0 16776.0 16776.0 16776.0 0.012 0.012 0.012 9.903 9.903 9.903 
1410000.0 16030.0 17049.0 17049.0 17049.0 0.0121 0.0121 0.0121 8.98 8.98 8.98 
1420000.0 16059.0 17469.0 17469.0 17469.0 0.0123 0.0123 0.0123 11.242 11.242 11.242 
1430000.0 16091.0 17785.0 17785.0 17785.0 0.0124 0.0124 0.0124 10.755 10.755 10.755 
1440000.0 16122.0 18131.0 18131.0 18131.0 0.0126 0.0126 0.0126 10.784 10.784 10.784 
1450000.0 16152.0 18463.0 18463.0 18463.0 0.0127 0.0127 0.0127 10.561 10.561 10.561 
1460000.0 16180.0 18838.0 18838.0 18838.0 0.0129 0.0129 0.0129 11.434 11.434 11.434 
1470000.0 16214.0 19163.0 19163.0 19163.0 0.013 0.013 0.013 10.828 10.828 10.828 
1480000.0 16244.0 19540.0 19540.0 19540.0 0.0132 0.0132 0.0132 11.78 11.78 11.78 
1490000.0 16274.0 19893.0 19893.0 19893.0 0.0134 0.0134 0.0134 11.203 11.203 11.203 
1500000.0 16304.0 20303.0 20303.0 20303.0 0.0135 0.0135 0.0135 12.647 12.647 12.647 
1510000.0 16340.0 20588.0 20588.0 20588.0 0.0136 0.0136 0.0136 10.373 10.373 10.373 
1520000.0 16369.0 20947.0 20947.0 20947.0 0.0138 0.0138 0.0138 11.282 11.282 11.282 
1530000.0 16401.0 21295.0 21295.0 21295.0 0.0139 0.0139 0.0139 11.02 11.02 11.02 
1540000.0 16431.0 21662.0 21662.0 21662.0 0.0141 0.0141 0.0141 11.309 11.309 11.309 
1550000.0 16457.0 22074.0 22074.0 22074.0 0.0142 0.0142 0.0142 13.313 13.313 13.313 
1560000.0 16489.0 22445.0 22445.0 22445.0 0.0144 0.0144 0.0144 12.151 12.151 12.151 
1570000.0 16521.0 22819.0 22819.0 22819.0 0.0145 0.0145 0.0145 12.135 12.135 12.135 
1580000.0 16551.0 23176.0 23176.0 23176.0 0.0147 0.0147 0.0147 12.133 12.133 12.133 
1590000.0 16580.0 23526.0 23526.0 23526.0 0.0148 0.0148 0.0148 12.033 12.033 12.033 
1600000.0 16614.0 23880.0 23880.0 23880.0 0.0149 0.0149 0.0149 11.451 11.451 11.451 
1610000.0 16645.0 24230.0 24230.0 24230.0 0.015 0.015 0.015 11.198 11.198 11.198 
1620000.0 16676.0 24551.0 24551.0 24551.0 0.0152 0.0152 0.0152 10.706 10.706 10.706 
1630000.0 16715.0 24863.0 24863.0 24863.0 0.0153 0.0153 0.0153 9.173 9.173 9.173 
1640000.0 16751.0 25168.0 25168.0 25168.0 0.0153 0.0153 0.0153 9.132 9.132 9.132 
1650000.0 16780.0 25510.0 25510.0 25510.0 0.0155 0.0155 0.0155 10.358 10.358 10.358 
1660000.0 16805.0 25907.0 25907.0 25907.0 0.0156 0.0156 0.0156 12.518 12.518 12.518 
1670000.0 16832.0 26259.0 26259.0 26259.0 0.0157 0.0157 0.0157 12.734 12.734 12.734 
1680000.0 16861.0 26661.0 26661.0 26661.0 0.0159 0.0159 0.0159 13.19 13.19 13.19 
1690000.0 16893.0 27058.0 27058.0 27058.0 0.016 0.016 0.016 12.831 12.831 12.831 
1700000.0 16923.0 27421.0 27421.0 27421.0 0.0161 0.0161 0.0161 12.477 12.477 12.477 
1710000.0 16953.0 27777.0 27777.0 27777.0 0.0162 0.0162 0.0162 11.747 11.747 11.747 
1720000.0 16984.0 28195.0 28195.0 28195.0 0.0164 0.0164 0.0164 12.521 12.521 12.521 
1730000.0 17015.0 28581.0 28581.0 28581.0 0.0165 0.0165 0.0165 12.755 12.755 12.755 
1740000.0 17043.0 28937.0 28937.0 28937.0 0.0166 0.0166 0.0166 12.565 12.565 12.565 
1750000.0 17070.0 29375.0 29375.0 29375.0 0.0168 0.0168 0.0168 14.136 14.136 14.136 
1760000.0 17101.0 29708.0 29708.0 29708.0 0.0169 0.0169 0.0169 12.68 12.68 12.68 
1770000.0 17121.0 30077.0 30077.0 30077.0 0.017 0.017 0.017 14.422 14.422 14.422 
1780000.0 17150.0 30485.0 30485.0 30485.0 0.0171 0.0171 0.0171 14.425 14.425 14.425 
1790000.0 17177.0 30884.0 30884.0 30884.0 0.0173 0.0173 0.0173 14.421 14.421 14.421 
1800000.0 17205.0 31257.0 31257.0 31257.0 0.0174 0.0174 0.0174 14.166 14.166 14.166 
1810000.0 17237.0 31576.0 31576.0 31576.0 0.0174 0.0174 0.0174 11.955 11.955 11.955 
1820000.0 17267.0 31935.0 31935.0 31935.0 0.0175 0.0175 0.0175 11.813 11.813 11.813 
1830000.0 17294.0 32311.0 32311.0 32311.0 0.0177 0.0177 0.0177 12.434 12.434 12.434 
1840000.0 17331.0 32641.0 32641.0 32641.0 0.0177 0.0177 0.0177 10.143 10.143 10.143 
1850000.0 17361.0 33027.0 33027.0 33027.0 0.0179 0.0179 0.0179 11.829 11.829 11.829 
1860000.0 17395.0 33360.0 33360.0 33360.0 0.0179 0.0179 0.0179 10.989 10.989 10.989 
1870000.0 17445.0 33609.0 33609.0 33609.0 0.018 0.018 0.018 6.531 6.531 6.531 
1880000.0 17485.0 33890.0 33890.0 33890.0 0.018 0.018 0.018 7.287 7.287 7.287 
1890000.0 17515.0 34276.0 34276.0 34276.0 0.0181 0.0181 0.0181 9.605 9.605 9.605 
1900000.0 17542.0 34688.0 34688.0 34688.0 0.0183 0.0183 0.0183 11.358 11.358 11.358 
1910000.0 17570.0 35057.0 35057.0 35057.0 0.0184 0.0184 0.0184 12.628 12.628 12.628 
1920000.0 17600.0 35459.0 35459.0 35459.0 0.0185 0.0185 0.0185 13.235 13.235 13.235 
1930000.0 17632.0 35828.0 35828.0 35828.0 0.0186 0.0186 0.0186 12.564 12.564 12.564 
1940000.0 17656.0 36165.0 36165.0 36165.0 0.0186 0.0186 0.0186 13.066 13.066 13.066 
1950000.0 17678.0 36564.0 36564.0 36564.0 0.0188 0.0188 0.0188 15.025 15.025 15.025 
1960000.0 17712.0 36886.0 36886.0 36886.0 0.0188 0.0188 0.0188 11.968 11.968 11.968 
1970000.0 17746.0 37209.0 37209.0 37209.0 0.0189 0.0189 0.0189 10.692 10.692 10.692 
1980000.0 17772.0 37575.0 37575.0 37575.0 0.019 0.019 0.019 11.819 11.819 11.819 
1990000.0 17805.0 37950.0 37950.0 37950.0 0.0191 0.0191 0.0191 11.832 11.832 11.832 
2000000.0 17834.0 38330.0 38330.0 38330.0 0.0192 0.0192 0.0192 12.623 12.623 12.623 
2010000.0 17864.0 38689.0 38689.0 38689.0 0.0192 0.0192 0.0192 12.021 12.021 12.021 
2020000.0 17897.0 39034.0 39034.0 39034.0 0.0193 0.0193 0.0193 11.267 11.267 11.267 
2030000.0 17932.0 39425.0 39425.0 39425.0 0.0194 0.0194 0.0194 11.431 11.431 11.431 
2040000.0 17964.0 39811.0 39811.0 39811.0 0.0195 0.0195 0.0195 11.572 11.572 11.572 
2050000.0 17992.0 40211.0 40211.0 40211.0 0.0196 0.0196 0.0196 12.455 12.455 12.455 
2060000.0 18023.0 40588.0 40588.0 40588.0 0.0197 0.0197 0.0197 12.653 12.653 12.653 
2070000.0 18050.0 40959.0 40959.0 40959.0 0.0198 0.0198 0.0198 13.075 13.075 13.075 
2080000.0 18076.0 41318.0 41318.0 41318.0 0.0199 0.0199 0.0199 13.178 13.178 13.178 
2090000.0 18096.0 41613.0 41613.0 41613.0 0.0199 0.0199 0.0199 13.651 13.651 13.651 
2100000.0 18125.0 41958.0 41958.0 41958.0 0.02 0.02 0.02 12.693 12.693 12.693 
2110000.0 18161.0 42336.0 42336.0 42336.0 0.0201 0.0201 0.0201 11.954 11.954 11.954 
2120000.0 18191.0 42676.0 42676.0 42676.0 0.0201 0.0201 0.0201 11.032 11.032 11.032 
2130000.0 18217.0 43113.0 43113.0 43113.0 0.0202 0.0202 0.0202 13.134 13.134 13.134 
2140000.0 18245.0 43489.0 43489.0 43489.0 0.0203 0.0203 0.0203 13.436 13.436 13.436 
2150000.0 18275.0 43911.0 43911.0 43911.0 0.0204 0.0204 0.0204 13.83 13.83 13.83 
2160000.0 18303.0 44295.0 44295.0 44295.0 0.0205 0.0205 0.0205 13.809 13.809 13.809 
2170000.0 18331.0 44651.0 44651.0 44651.0 0.0206 0.0206 0.0206 12.965 12.965 12.965 
2180000.0 18363.0 45036.0 45036.0 45036.0 0.0207 0.0207 0.0207 12.477 12.477 12.477 
2190000.0 18392.0 45427.0 45427.0 45427.0 0.0207 0.0207 0.0207 12.838 12.838 12.838 
2200000.0 18417.0 45813.0 45813.0 45813.0 0.0208 0.0208 0.0208 14.001 14.001 14.001 
2210000.0 18452.0 46140.0 46140.0 46140.0 0.0209 0.0209 0.0209 11.874 11.874 11.874 
2220000.0 18480.0 46520.0 46520.0 46520.0 0.021 0.021 0.021 12.489 12.489 12.489 
2230000.0 18508.0 46928.0 46928.0 46928.0 0.021 0.021 0.021 13.052 13.052 13.052 
2240000.0 18540.0 47271.0 47271.0 47271.0 0.0211 0.0211 0.0211 11.85 11.85 11.85 
2250000.0 18570.0 47600.0 47600.0 47600.0 0.0212 0.0212 0.0212 11.757 11.757 11.757 
2260000.0 18600.0 47993.0 47993.0 47993.0 0.0212 0.0212 0.0212 12.076 12.076 12.076 
2270000.0 18633.0 48430.0 48430.0 48430.0 0.0213 0.0213 0.0213 12.622 12.622 12.622 
2280000.0 18655.0 48765.0 48765.0 48765.0 0.0214 0.0214 0.0214 13.337 13.337 13.337 
2290000.0 18685.0 49171.0 49171.0 49171.0 0.0215 0.0215 0.0215 13.581 13.581 13.581 
2300000.0 18710.0 49538.0 49538.0 49538.0 0.0215 0.0215 0.0215 13.356 13.356 13.356 
2310000.0 18735.0 49991.0 49991.0 49991.0 0.0216 0.0216 0.0216 14.92 14.92 14.92 
2320000.0 18760.0 50306.0 50306.0 50306.0 0.0217 0.0217 0.0217 14.872 14.872 14.872 
2330000.0 18787.0 50715.0 50715.0 50715.0 0.0218 0.0218 0.0218 14.842 14.842 14.842 
2340000.0 18818.0 51171.0 51171.0 51171.0 0.0219 0.0219 0.0219 14.908 14.908 14.908 
2350000.0 18850.0 51532.0 51532.0 51532.0 0.0219 0.0219 0.0219 13.0 13.0 13.0 
2360000.0 18880.0 51909.0 51909.0 51909.0 0.022 0.022 0.022 12.43 12.43 12.43 
2370000.0 18912.0 52316.0 52316.0 52316.0 0.0221 0.0221 0.0221 12.535 12.535 12.535 
2380000.0 18940.0 52682.0 52682.0 52682.0 0.0221 0.0221 0.0221 12.764 12.764 12.764 
2390000.0 18987.0 52972.0 52972.0 52972.0 0.0222 0.0222 0.0222 8.588 8.588 8.588 
2400000.0 19012.0 53388.0 53388.0 53388.0 0.0222 0.0222 0.0222 11.935 11.935 11.935 
2410000.0 19043.0 53732.0 53732.0 53732.0 0.0223 0.0223 0.0223 10.637 10.637 10.637 
2420000.0 19076.0 54136.0 54136.0 54136.0 0.0224 0.0224 0.0224 12.068 12.068 12.068 
2430000.0 19105.0 54501.0 54501.0 54501.0 0.0224 0.0224 0.0224 12.242 12.242 12.242 
2440000.0 19132.0 54926.0 54926.0 54926.0 0.0225 0.0225 0.0225 14.012 14.012 14.012 
2450000.0 19164.0 55265.0 55265.0 55265.0 0.0226 0.0226 0.0226 12.293 12.293 12.293 
2460000.0 19190.0 55674.0 55674.0 55674.0 0.0226 0.0226 0.0226 13.726 13.726 13.726 
2470000.0 19218.0 55998.0 55998.0 55998.0 0.0227 0.0227 0.0227 12.298 12.298 12.298 
2480000.0 19246.0 56354.0 56354.0 56354.0 0.0227 0.0227 0.0227 12.655 12.655 12.655 
2490000.0 19277.0 56718.0 56718.0 56718.0 0.0228 0.0228 0.0228 11.76 11.76 11.76 
2500000.0 19305.0 57054.0 57054.0 57054.0 0.0228 0.0228 0.0228 12.238 12.238 12.238 
2510000.0 19335.0 57391.0 57391.0 57391.0 0.0229 0.0229 0.0229 11.325 11.325 11.325 
2520000.0 19362.0 57747.0 57747.0 57747.0 0.0229 0.0229 0.0229 12.299 12.299 12.299 
2530000.0 19385.0 58101.0 58101.0 58101.0 0.023 0.023 0.023 13.366 13.366 13.366 
2540000.0 19422.0 58433.0 58433.0 58433.0 0.023 0.023 0.023 10.932 10.932 10.932 
2550000.0 19457.0 58796.0 58796.0 58796.0 0.0231 0.0231 0.0231 10.611 10.611 10.611 
2560000.0 19487.0 59197.0 59197.0 59197.0 0.0231 0.0231 0.0231 12.046 12.046 12.046 
2570000.0 19517.0 59544.0 59544.0 59544.0 0.0232 0.0232 0.0232 11.927 11.927 11.927 
2580000.0 19550.0 59890.0 59890.0 59890.0 0.0232 0.0232 0.0232 10.942 10.942 10.942 
2590000.0 19587.0 60199.0 60199.0 60199.0 0.0232 0.0232 0.0232 9.637 9.637 9.637 
2600000.0 19615.0 60586.0 60586.0 60586.0 0.0233 0.0233 0.0233 10.187 10.187 10.187 
2610000.0 19649.0 60976.0 60976.0 60976.0 0.0234 0.0234 0.0234 11.367 11.367 11.367 
2620000.0 19675.0 61347.0 61347.0 61347.0 0.0234 0.0234 0.0234 12.641 12.641 12.641 
2630000.0 19706.0 61733.0 61733.0 61733.0 0.0235 0.0235 0.0235 12.145 12.145 12.145 
2640000.0 19725.0 62092.0 62092.0 62092.0 0.0235 0.0235 0.0235 14.448 14.448 14.448 
2650000.0 19758.0 62448.0 62448.0 62448.0 0.0236 0.0236 0.0236 12.453 12.453 12.453 
2660000.0 19786.0 62855.0 62855.0 62855.0 0.0236 0.0236 0.0236 13.011 13.011 13.011 
2670000.0 19820.0 63225.0 63225.0 63225.0 0.0237 0.0237 0.0237 12.156 12.156 12.156 
2680000.0 19856.0 63551.0 63551.0 63551.0 0.0237 0.0237 0.0237 10.448 10.448 10.448 
2690000.0 19880.0 63994.0 63994.0 63994.0 0.0238 0.0238 0.0238 13.713 13.713 13.713 
2700000.0 19907.0 64324.0 64324.0 64324.0 0.0238 0.0238 0.0238 13.217 13.217 13.217 
2710000.0 19932.0 64683.0 64683.0 64683.0 0.0239 0.0239 0.0239 13.602 13.602 13.602 
2720000.0 19964.0 65107.0 65107.0 65107.0 0.0239 0.0239 0.0239 13.339 13.339 13.339 
2730000.0 19992.0 65497.0 65497.0 65497.0 0.024 0.024 0.024 13.584 13.584 13.584 
2740000.0 20017.0 65837.0 65837.0 65837.0 0.024 0.024 0.024 13.295 13.295 13.295 
2750000.0 20048.0 66199.0 66199.0 66199.0 0.0241 0.0241 0.0241 12.651 12.651 12.651 
2760000.0 20072.0 66599.0 66599.0 66599.0 0.0241 0.0241 0.0241 13.884 13.884 13.884 
2770000.0 20100.0 66958.0 66958.0 66958.0 0.0242 0.0242 0.0242 13.509 13.509 13.509 
2780000.0 20129.0 67293.0 67293.0 67293.0 0.0242 0.0242 0.0242 13.164 13.164 13.164 
2790000.0 20154.0 67660.0 67660.0 67660.0 0.0243 0.0243 0.0243 13.735 13.735 13.735 
2800000.0 20175.0 68024.0 68024.0 68024.0 0.0243 0.0243 0.0243 14.894 14.894 14.894 
2810000.0 20200.0 68403.0 68403.0 68403.0 0.0243 0.0243 0.0243 14.777 14.777 14.777 
2820000.0 20223.0 68778.0 68778.0 68778.0 0.0244 0.0244 0.0244 15.394 15.394 15.394 
2830000.0 20254.0 69128.0 69128.0 69128.0 0.0244 0.0244 0.0244 13.546 13.546 13.546 
2840000.0 20280.0 69532.0 69532.0 69532.0 0.0245 0.0245 0.0245 14.614 14.614 14.614 
2850000.0 20306.0 69880.0 69880.0 69880.0 0.0245 0.0245 0.0245 13.916 13.916 13.916 
2860000.0 20339.0 70245.0 70245.0 70245.0 0.0246 0.0246 0.0246 12.216 12.216 12.216 
2870000.0 20364.0 70607.0 70607.0 70607.0 0.0246 0.0246 0.0246 13.155 13.155 13.155 
2880000.0 20388.0 70993.0 70993.0 70993.0 0.0247 0.0247 0.0247 14.381 14.381 14.381 
2890000.0 20422.0 71316.0 71316.0 71316.0 0.0247 0.0247 0.0247 12.272 12.272 12.272 
2900000.0 20451.0 71634.0 71634.0 71634.0 0.0247 0.0247 0.0247 11.682 11.682 11.682 
2910000.0 20475.0 71968.0 71968.0 71968.0 0.0247 0.0247 0.0247 12.839 12.839 12.839 
2920000.0 20507.0 72375.0 72375.0 72375.0 0.0248 0.0248 0.0248 12.763 12.763 12.763 
2930000.0 20533.0 72784.0 72784.0 72784.0 0.0248 0.0248 0.0248 14.022 14.022 14.022 
2940000.0 20558.0 73164.0 73164.0 73164.0 0.0249 0.0249 0.0249 14.355 14.355 14.355 
2950000.0 20588.0 73532.0 73532.0 73532.0 0.0249 0.0249 0.0249 13.323 13.323 13.323 
2960000.0 20615.0 73929.0 73929.0 73929.0 0.025 0.025 0.025 13.759 13.759 13.759 
2970000.0 20641.0 74288.0 74288.0 74288.0 0.025 0.025 0.025 13.392 13.392 13.392 
2980000.0 20671.0 74686.0 74686.0 74686.0 0.0251 0.0251 0.0251 13.358 13.358 13.358 
2990000.0 20695.0 75067.0 75067.0 75067.0 0.0251 0.0251 0.0251 14.424 14.424 14.424 
3000000.0 20725.0 75434.0 75434.0 75434.0 0.0251 0.0251 0.0251 13.372 13.372 13.372 
3010000.0 20752.0 75848.0 75848.0 75848.0 0.0252 0.0252 0.0252 14.079 14.079 14.079 
3020000.0 20785.0 76225.0 76225.0 76225.0 0.0252 0.0252 0.0252 12.762 12.762 12.762 
3030000.0 20815.0 76627.0 76627.0 76627.0 0.0253 0.0253 0.0253 13.099 13.099 13.099 
3040000.0 20845.0 76979.0 76979.0 76979.0 0.0253 0.0253 0.0253 12.352 12.352 12.352 
3050000.0 20876.0 77363.0 77363.0 77363.0 0.0254 0.0254 0.0254 12.581 12.581 12.581 
3060000.0 20898.0 77703.0 77703.0 77703.0 0.0254 0.0254 0.0254 13.559 13.559 13.559 
3070000.0 20933.0 78031.0 78031.0 78031.0 0.0254 0.0254 0.0254 11.068 11.068 11.068 
3080000.0 20967.0 78397.0 78397.0 78397.0 0.0255 0.0255 0.0255 10.83 10.83 10.83 
3090000.0 20997.0 78765.0 78765.0 78765.0 0.0255 0.0255 0.0255 11.429 11.429 11.429 
3100000.0 21026.0 79172.0 79172.0 79172.0 0.0255 0.0255 0.0255 12.739 12.739 12.739 
3110000.0 21053.0 79588.0 79588.0 79588.0 0.0256 0.0256 0.0256 13.388 13.388 13.388 
3120000.0 21081.0 79976.0 79976.0 79976.0 0.0256 0.0256 0.0256 13.952 13.952 13.952 
3130000.0 21105.0 80359.0 80359.0 80359.0 0.0257 0.0257 0.0257 14.297 14.297 14.297 
3140000.0 21135.0 80821.0 80821.0 80821.0 0.0257 0.0257 0.0257 15.265 15.265 15.265 
3150000.0 21165.0 81167.0 81167.0 81167.0 0.0258 0.0258 0.0258 13.454 13.454 13.454 
3160000.0 21196.0 81592.0 81592.0 81592.0 0.0258 0.0258 0.0258 13.648 13.648 13.648 
3170000.0 21217.0 81961.0 81961.0 81961.0 0.0259 0.0259 0.0259 14.769 14.769 14.769 
3180000.0 21246.0 82333.0 82333.0 82333.0 0.0259 0.0259 0.0259 14.178 14.178 14.178 
3190000.0 21266.0 82705.0 82705.0 82705.0 0.0259 0.0259 0.0259 15.595 15.595 15.595 
3200000.0 21297.0 83090.0 83090.0 83090.0 0.026 0.026 0.026 13.838 13.838 13.838 
3210000.0 21325.0 83430.0 83430.0 83430.0 0.026 0.026 0.026 13.411 13.411 13.411 
3220000.0 21351.0 83827.0 83827.0 83827.0 0.026 0.026 0.026 13.907 13.907 13.907 
3230000.0 21378.0 84204.0 84204.0 84204.0 0.0261 0.0261 0.0261 14.04 14.04 14.04 
3240000.0 21401.0 84584.0 84584.0 84584.0 0.0261 0.0261 0.0261 14.863 14.863 14.863 
3250000.0 21430.0 84997.0 84997.0 84997.0 0.0262 0.0262 0.0262 14.332 14.332 14.332 
3260000.0 21465.0 85259.0 85259.0 85259.0 0.0262 0.0262 0.0262 10.739 10.739 10.739 
3270000.0 21490.0 85666.0 85666.0 85666.0 0.0262 0.0262 0.0262 12.892 12.892 12.892 
3280000.0 21524.0 86011.0 86011.0 86011.0 0.0262 0.0262 0.0262 11.325 11.325 11.325 
3290000.0 21554.0 86432.0 86432.0 86432.0 0.0263 0.0263 0.0263 12.625 12.625 12.625 
3300000.0 21583.0 86822.0 86822.0 86822.0 0.0263 0.0263 0.0263 12.965 12.965 12.965 
3310000.0 21610.0 87181.0 87181.0 87181.0 0.0263 0.0263 0.0263 13.288 13.288 13.288 
3320000.0 21643.0 87518.0 87518.0 87518.0 0.0264 0.0264 0.0264 11.544 11.544 11.544 
3330000.0 21671.0 87951.0 87951.0 87951.0 0.0264 0.0264 0.0264 13.352 13.352 13.352 
3340000.0 21695.0 88375.0 88375.0 88375.0 0.0265 0.0265 0.0265 14.905 14.905 14.905 
3350000.0 21731.0 88707.0 88707.0 88707.0 0.0265 0.0265 0.0265 11.565 11.565 11.565 
3360000.0 21773.0 88949.0 88949.0 88949.0 0.0265 0.0265 0.0265 8.199 8.199 8.199 
3370000.0 21810.0 89244.0 89244.0 89244.0 0.0265 0.0265 0.0265 8.198 8.198 8.198 
3380000.0 21841.0 89578.0 89578.0 89578.0 0.0265 0.0265 0.0265 9.32 9.32 9.32 
3390000.0 21872.0 89914.0 89914.0 89914.0 0.0265 0.0265 0.0265 9.848 9.848 9.848 
3400000.0 21899.0 90325.0 90325.0 90325.0 0.0266 0.0266 0.0266 11.768 11.768 11.768 
3410000.0 21932.0 90603.0 90603.0 90603.0 0.0266 0.0266 0.0266 9.85 9.85 9.85 
3420000.0 21962.0 90969.0 90969.0 90969.0 0.0266 0.0266 0.0266 10.786 10.786 10.786 
3430000.0 21989.0 91401.0 91401.0 91401.0 0.0266 0.0266 0.0266 12.703 12.703 12.703 
3440000.0 22017.0 91767.0 91767.0 91767.0 0.0267 0.0267 0.0267 12.679 12.679 12.679 
3450000.0 22045.0 92100.0 92100.0 92100.0 0.0267 0.0267 0.0267 12.812 12.812 12.812 
3460000.0 22069.0 92495.0 92495.0 92495.0 0.0267 0.0267 0.0267 14.235 14.235 14.235 
3470000.0 22095.0 92877.0 92877.0 92877.0 0.0268 0.0268 0.0268 14.524 14.524 14.524 
3480000.0 22126.0 93204.0 93204.0 93204.0 0.0268 0.0268 0.0268 12.871 12.871 12.871 
3490000.0 22168.0 93519.0 93519.0 93519.0 0.0268 0.0268 0.0268 9.98 9.98 9.98 
3500000.0 22206.0 93797.0 93797.0 93797.0 0.0268 0.0268 0.0268 8.375 8.375 8.375 
3510000.0 22240.0 94155.0 94155.0 94155.0 0.0268 0.0268 0.0268 9.785 9.785 9.785 
3520000.0 22272.0 94522.0 94522.0 94522.0 0.0269 0.0269 0.0269 10.717 10.717 10.717 
3530000.0 22301.0 94852.0 94852.0 94852.0 0.0269 0.0269 0.0269 10.859 10.859 10.859 
3540000.0 22327.0 95238.0 95238.0 95238.0 0.0269 0.0269 0.0269 12.847 12.847 12.847 
3550000.0 22359.0 95625.0 95625.0 95625.0 0.0269 0.0269 0.0269 12.402 12.402 12.402 
3560000.0 22385.0 95972.0 95972.0 95972.0 0.027 0.027 0.027 12.611 12.611 12.611 
3570000.0 22412.0 96337.0 96337.0 96337.0 0.027 0.027 0.027 12.862 12.862 12.862 
3580000.0 22436.0 96747.0 96747.0 96747.0 0.027 0.027 0.027 14.677 14.677 14.677 
3590000.0 22464.0 97130.0 97130.0 97130.0 0.0271 0.0271 0.0271 14.132 14.132 14.132 
3600000.0 22487.0 97525.0 97525.0 97525.0 0.0271 0.0271 0.0271 15.142 15.142 15.142 
3610000.0 22516.0 97903.0 97903.0 97903.0 0.0271 0.0271 0.0271 13.72 13.72 13.72 
3620000.0 22546.0 98350.0 98350.0 98350.0 0.0272 0.0272 0.0272 15.028 15.028 15.028 
3630000.0 22571.0 98777.0 98777.0 98777.0 0.0272 0.0272 0.0272 15.818 15.818 15.818 
3640000.0 22602.0 99103.0 99103.0 99103.0 0.0272 0.0272 0.0272 13.647 13.647 13.647 
3650000.0 22634.0 99451.0 99451.0 99451.0 0.0272 0.0272 0.0272 12.057 12.057 12.057 
3660000.0 22676.0 99827.0 99827.0 99827.0 0.0273 0.0273 0.0273 10.736 10.736 10.736 
3670000.0 22706.0 100187.0 100187.0 100187.0 0.0273 0.0273 0.0273 11.641 11.641 11.641 
3680000.0 22736.0 100602.0 100602.0 100602.0 0.0273 0.0273 0.0273 12.453 12.453 12.453 
3690000.0 22762.0 101015.0 101015.0 101015.0 0.0274 0.0274 0.0274 13.746 13.746 13.746 
3700000.0 22785.0 101419.0 101419.0 101419.0 0.0274 0.0274 0.0274 15.076 15.076 15.076 
3710000.0 22806.0 101766.0 101766.0 101766.0 0.0274 0.0274 0.0274 15.508 15.508 15.508 
3720000.0 22836.0 102117.0 102117.0 102117.0 0.0275 0.0275 0.0275 13.829 13.829 13.829 
3730000.0 22865.0 102436.0 102436.0 102436.0 0.0275 0.0275 0.0275 12.418 12.418 12.418 
3740000.0 22890.0 102888.0 102888.0 102888.0 0.0275 0.0275 0.0275 14.646 14.646 14.646 
3750000.0 22914.0 103306.0 103306.0 103306.0 0.0275 0.0275 0.0275 15.74 15.74 15.74 
3760000.0 22934.0 103631.0 103631.0 103631.0 0.0276 0.0276 0.0276 15.969 15.969 15.969 
3770000.0 22962.0 104041.0 104041.0 104041.0 0.0276 0.0276 0.0276 15.527 15.527 15.527 
3780000.0 22993.0 104468.0 104468.0 104468.0 0.0276 0.0276 0.0276 14.967 14.967 14.967 
3790000.0 23015.0 104821.0 104821.0 104821.0 0.0277 0.0277 0.0277 15.287 15.287 15.287 
3800000.0 23036.0 105158.0 105158.0 105158.0 0.0277 0.0277 0.0277 15.345 15.345 15.345 
3810000.0 23063.0 105569.0 105569.0 105569.0 0.0277 0.0277 0.0277 14.762 14.762 14.762 
3820000.0 23091.0 105932.0 105932.0 105932.0 0.0277 0.0277 0.0277 14.044 14.044 14.044 
3830000.0 23123.0 106308.0 106308.0 106308.0 0.0278 0.0278 0.0278 13.042 13.042 13.042 
3840000.0 23145.0 106682.0 106682.0 106682.0 0.0278 0.0278 0.0278 14.425 14.425 14.425 
3850000.0 23185.0 107030.0 107030.0 107030.0 0.0278 0.0278 0.0278 10.662 10.662 10.662 
3860000.0 23227.0 107334.0 107334.0 107334.0 0.0278 0.0278 0.0278 9.038 9.038 9.038 
3870000.0 23253.0 107670.0 107670.0 107670.0 0.0278 0.0278 0.0278 10.12 10.12 10.12 
3880000.0 23285.0 108050.0 108050.0 108050.0 0.0278 0.0278 0.0278 10.911 10.911 10.911 
3890000.0 23310.0 108388.0 108388.0 108388.0 0.0279 0.0279 0.0279 11.977 11.977 11.977 
3900000.0 23336.0 108730.0 108730.0 108730.0 0.0279 0.0279 0.0279 12.146 12.146 12.146 
3910000.0 23372.0 109078.0 109078.0 109078.0 0.0279 0.0279 0.0279 10.166 10.166 10.166 
3920000.0 23409.0 109401.0 109401.0 109401.0 0.0279 0.0279 0.0279 10.086 10.086 10.086 
3930000.0 23433.0 109799.0 109799.0 109799.0 0.0279 0.0279 0.0279 12.346 12.346 12.346 
3940000.0 23465.0 110226.0 110226.0 110226.0 0.028 0.028 0.028 12.423 12.423 12.423 
3950000.0 23490.0 110604.0 110604.0 110604.0 0.028 0.028 0.028 13.295 13.295 13.295 
3960000.0 23529.0 110904.0 110904.0 110904.0 0.028 0.028 0.028 9.933 9.933 9.933 
3970000.0 23561.0 111290.0 111290.0 111290.0 0.028 0.028 0.028 10.403 10.403 10.403 
3980000.0 23593.0 111642.0 111642.0 111642.0 0.0281 0.0281 0.0281 10.87 10.87 10.87 
3990000.0 23619.0 112084.0 112084.0 112084.0 0.0281 0.0281 0.0281 12.435 12.435 12.435 
4000000.0 23647.0 112478.0 112478.0 112478.0 0.0281 0.0281 0.0281 13.794 13.794 13.794 
4010000.0 23681.0 112800.0 112800.0 112800.0 0.0281 0.0281 0.0281 11.517 11.517 11.517 
4020000.0 23706.0 113169.0 113169.0 113169.0 0.0282 0.0282 0.0282 12.791 12.791 12.791 
4030000.0 23740.0 113521.0 113521.0 113521.0 0.0282 0.0282 0.0282 11.613 11.613 11.613 
4040000.0 23765.0 113909.0 113909.0 113909.0 0.0282 0.0282 0.0282 12.858 12.858 12.858 
4050000.0 23819.0 114180.0 114180.0 114180.0 0.0282 0.0282 0.0282 7.376 7.376 7.376 
4060000.0 23869.0 114475.0 114475.0 114475.0 0.0282 0.0282 0.0282 6.158 6.158 6.158 
4070000.0 23892.0 114865.0 114865.0 114865.0 0.0282 0.0282 0.0282 9.675 9.675 9.675 
4080000.0 23922.0 115238.0 115238.0 115238.0 0.0282 0.0282 0.0282 11.12 11.12 11.12 
4090000.0 23953.0 115585.0 115585.0 115585.0 0.0283 0.0283 0.0283 11.393 11.393 11.393 
4100000.0 23985.0 115981.0 115981.0 115981.0 0.0283 0.0283 0.0283 11.994 11.994 11.994 
4110000.0 24013.0 116352.0 116352.0 116352.0 0.0283 0.0283 0.0283 12.372 12.372 12.372 
4120000.0 24045.0 116715.0 116715.0 116715.0 0.0283 0.0283 0.0283 11.716 11.716 11.716 
4130000.0 24070.0 117098.0 117098.0 117098.0 0.0284 0.0284 0.0284 13.038 13.038 13.038 
4140000.0 24093.0 117474.0 117474.0 117474.0 0.0284 0.0284 0.0284 14.116 14.116 14.116 
4150000.0 24120.0 117936.0 117936.0 117936.0 0.0284 0.0284 0.0284 14.699 14.699 14.699 
4160000.0 24148.0 118325.0 118325.0 118325.0 0.0284 0.0284 0.0284 14.669 14.669 14.669 
4170000.0 24177.0 118649.0 118649.0 118649.0 0.0285 0.0285 0.0285 12.478 12.478 12.478 
4180000.0 24212.0 118962.0 118962.0 118962.0 0.0285 0.0285 0.0285 10.593 10.593 10.593 
4190000.0 24247.0 119322.0 119322.0 119322.0 0.0285 0.0285 0.0285 10.625 10.625 10.625 
4200000.0 24271.0 119750.0 119750.0 119750.0 0.0285 0.0285 0.0285 13.063 13.063 13.063 
4210000.0 24296.0 120125.0 120125.0 120125.0 0.0285 0.0285 0.0285 13.772 13.772 13.772 
4220000.0 24321.0 120487.0 120487.0 120487.0 0.0286 0.0286 0.0286 14.111 14.111 14.111 
4230000.0 24351.0 120883.0 120883.0 120883.0 0.0286 0.0286 0.0286 13.383 13.383 13.383 
4240000.0 24380.0 121242.0 121242.0 121242.0 0.0286 0.0286 0.0286 12.965 12.965 12.965 
4250000.0 24404.0 121577.0 121577.0 121577.0 0.0286 0.0286 0.0286 13.139 13.139 13.139 
4260000.0 24441.0 121919.0 121919.0 121919.0 0.0286 0.0286 0.0286 11.762 11.762 11.762 
4270000.0 24465.0 122275.0 122275.0 122275.0 0.0286 0.0286 0.0286 12.991 12.991 12.991 
4280000.0 24522.0 122510.0 122510.0 122510.0 0.0286 0.0286 0.0286 7.616 7.616 7.616 
4290000.0 24550.0 122862.0 122862.0 122862.0 0.0286 0.0286 0.0286 9.645 9.645 9.645 
4300000.0 24579.0 123257.0 123257.0 123257.0 0.0287 0.0287 0.0287 11.108 11.108 11.108 
4310000.0 24607.0 123610.0 123610.0 123610.0 0.0287 0.0287 0.0287 11.283 11.283 11.283 
4320000.0 24638.0 123973.0 123973.0 123973.0 0.0287 0.0287 0.0287 12.031 12.031 12.031 
4330000.0 24667.0 124340.0 124340.0 124340.0 0.0287 0.0287 0.0287 12.093 12.093 12.093 
4340000.0 24693.0 124718.0 124718.0 124718.0 0.0287 0.0287 0.0287 12.926 12.926 12.926 
4350000.0 24726.0 125034.0 125034.0 125034.0 0.0287 0.0287 0.0287 11.113 11.113 11.113 
4360000.0 24756.0 125382.0 125382.0 125382.0 0.0288 0.0288 0.0288 11.619 11.619 11.619 
4370000.0 24785.0 125734.0 125734.0 125734.0 0.0288 0.0288 0.0288 11.584 11.584 11.584 
4380000.0 24814.0 126084.0 126084.0 126084.0 0.0288 0.0288 0.0288 11.873 11.873 11.873 
4390000.0 24834.0 126410.0 126410.0 126410.0 0.0288 0.0288 0.0288 13.277 13.277 13.277 
4400000.0 24863.0 126719.0 126719.0 126719.0 0.0288 0.0288 0.0288 12.07 12.07 12.07 
4410000.0 24897.0 127092.0 127092.0 127092.0 0.0288 0.0288 0.0288 11.403 11.403 11.403 
4420000.0 24928.0 127487.0 127487.0 127487.0 0.0288 0.0288 0.0288 11.869 11.869 11.869 
4430000.0 24956.0 127881.0 127881.0 127881.0 0.0289 0.0289 0.0289 12.328 12.328 12.328 
4440000.0 24984.0 128282.0 128282.0 128282.0 0.0289 0.0289 0.0289 13.227 13.227 13.227 
4450000.0 25005.0 128620.0 128620.0 128620.0 0.0289 0.0289 0.0289 14.541 14.541 14.541 
4460000.0 25044.0 128958.0 128958.0 128958.0 0.0289 0.0289 0.0289 10.944 10.944 10.944 
4470000.0 25070.0 129327.0 129327.0 129327.0 0.0289 0.0289 0.0289 12.27 12.27 12.27 
4480000.0 25095.0 129722.0 129722.0 129722.0 0.029 0.029 0.029 12.924 12.924 12.924 
4490000.0 25121.0 130143.0 130143.0 130143.0 0.029 0.029 0.029 14.049 14.049 14.049 
4500000.0 25156.0 130514.0 130514.0 130514.0 0.029 0.029 0.029 13.149 13.149 13.149 
4510000.0 25180.0 130908.0 130908.0 130908.0 0.029 0.029 0.029 13.925 13.925 13.925 
4520000.0 25214.0 131308.0 131308.0 131308.0 0.0291 0.0291 0.0291 13.332 13.332 13.332 
4530000.0 25244.0 131716.0 131716.0 131716.0 0.0291 0.0291 0.0291 13.597 13.597 13.597 
4540000.0 25272.0 132116.0 132116.0 132116.0 0.0291 0.0291 0.0291 13.588 13.588 13.588 
4550000.0 25308.0 132460.0 132460.0 132460.0 0.0291 0.0291 0.0291 11.608 11.608 11.608 
4560000.0 25333.0 132913.0 132913.0 132913.0 0.0291 0.0291 0.0291 13.415 13.415 13.415 
4570000.0 25356.0 133226.0 133226.0 133226.0 0.0292 0.0292 0.0292 13.981 13.981 13.981 
4580000.0 25385.0 133588.0 133588.0 133588.0 0.0292 0.0292 0.0292 13.32 13.32 13.32 
4590000.0 25408.0 133926.0 133926.0 133926.0 0.0292 0.0292 0.0292 13.799 13.799 13.799 
4600000.0 25460.0 134182.0 134182.0 134182.0 0.0292 0.0292 0.0292 7.826 7.826 7.826 
4610000.0 25509.0 134451.0 134451.0 134451.0 0.0292 0.0292 0.0292 6.985 6.985 6.985 
4620000.0 25537.0 134802.0 134802.0 134802.0 0.0292 0.0292 0.0292 9.391 9.391 9.391 
4630000.0 25567.0 135192.0 135192.0 135192.0 0.0292 0.0292 0.0292 10.616 10.616 10.616 
4640000.0 25604.0 135610.0 135610.0 135610.0 0.0292 0.0292 0.0292 11.21 11.21 11.21 
4650000.0 25629.0 136058.0 136058.0 136058.0 0.0293 0.0293 0.0293 14.216 14.216 14.216 
4660000.0 25653.0 136407.0 136407.0 136407.0 0.0293 0.0293 0.0293 14.183 14.183 14.183 
4670000.0 25684.0 136800.0 136800.0 136800.0 0.0293 0.0293 0.0293 13.25 13.25 13.25 
4680000.0 25714.0 137198.0 137198.0 137198.0 0.0293 0.0293 0.0293 13.393 13.393 13.393 
4690000.0 25742.0 137661.0 137661.0 137661.0 0.0294 0.0294 0.0294 14.696 14.696 14.696 
4700000.0 25772.0 138012.0 138012.0 138012.0 0.0294 0.0294 0.0294 13.147 13.147 13.147 
4710000.0 25802.0 138411.0 138411.0 138411.0 0.0294 0.0294 0.0294 13.149 13.149 13.149 
4720000.0 25830.0 138808.0 138808.0 138808.0 0.0294 0.0294 0.0294 13.634 13.634 13.634 
4730000.0 25854.0 139200.0 139200.0 139200.0 0.0294 0.0294 0.0294 14.3 14.3 14.3 
4740000.0 25881.0 139580.0 139580.0 139580.0 0.0294 0.0294 0.0294 13.936 13.936 13.936 
4750000.0 25904.0 139985.0 139985.0 139985.0 0.0295 0.0295 0.0295 15.375 15.375 15.375 
4760000.0 25936.0 140288.0 140288.0 140288.0 0.0295 0.0295 0.0295 12.35 12.35 12.35 
4770000.0 25965.0 140665.0 140665.0 140665.0 0.0295 0.0295 0.0295 12.71 12.71 12.71 
4780000.0 25994.0 141084.0 141084.0 141084.0 0.0295 0.0295 0.0295 13.218 13.218 13.218 
4790000.0 26026.0 141462.0 141462.0 141462.0 0.0295 0.0295 0.0295 12.295 12.295 12.295 
4800000.0 26058.0 141799.0 141799.0 141799.0 0.0295 0.0295 0.0295 11.242 11.242 11.242 
4810000.0 26085.0 142167.0 142167.0 142167.0 0.0296 0.0296 0.0296 11.879 11.879 11.879 
4820000.0 26111.0 142553.0 142553.0 142553.0 0.0296 0.0296 0.0296 12.896 12.896 12.896 
4830000.0 26132.0 142881.0 142881.0 142881.0 0.0296 0.0296 0.0296 14.06 14.06 14.06 
4840000.0 26158.0 143224.0 143224.0 143224.0 0.0296 0.0296 0.0296 13.749 13.749 13.749 
4850000.0 26228.0 143445.0 143445.0 143445.0 0.0296 0.0296 0.0296 5.165 5.165 5.165 
4860000.0 26267.0 143798.0 143798.0 143798.0 0.0296 0.0296 0.0296 8.084 8.084 8.084 
4870000.0 26290.0 144246.0 144246.0 144246.0 0.0296 0.0296 0.0296 11.233 11.233 11.233 
4880000.0 26320.0 144494.0 144494.0 144494.0 0.0296 0.0296 0.0296 10.968 10.968 10.968 
4890000.0 26347.0 144887.0 144887.0 144887.0 0.0296 0.0296 0.0296 12.391 12.391 12.391 
4900000.0 26404.0 145118.0 145118.0 145118.0 0.0296 0.0296 0.0296 6.597 6.597 6.597 
4910000.0 26433.0 145470.0 145470.0 145470.0 0.0296 0.0296 0.0296 9.024 9.024 9.024 
4920000.0 26457.0 145905.0 145905.0 145905.0 0.0297 0.0297 0.0297 13.035 13.035 13.035 
4930000.0 26484.0 146220.0 146220.0 146220.0 0.0297 0.0297 0.0297 12.597 12.597 12.597 
4940000.0 26511.0 146557.0 146557.0 146557.0 0.0297 0.0297 0.0297 12.3 12.3 12.3 
4950000.0 26535.0 146978.0 146978.0 146978.0 0.0297 0.0297 0.0297 14.491 14.491 14.491 
4960000.0 26577.0 147264.0 147264.0 147264.0 0.0297 0.0297 0.0297 10.029 10.029 10.029 
4970000.0 26605.0 147678.0 147678.0 147678.0 0.0297 0.0297 0.0297 12.004 12.004 12.004 
4980000.0 26630.0 148074.0 148074.0 148074.0 0.0297 0.0297 0.0297 13.478 13.478 13.478 
4990000.0 26655.0 148445.0 148445.0 148445.0 0.0297 0.0297 0.0297 13.819 13.819 13.819 
5000000.0 26688.0 148758.0 148758.0 148758.0 0.0298 0.0298 0.0298 11.804 11.804 11.804 
5010000.0 26715.0 149076.0 149076.0 149076.0 0.0298 0.0298 0.0298 11.408 11.408 11.408 
5020000.0 26744.0 149450.0 149450.0 149450.0 0.0298 0.0298 0.0298 12.032 12.032 12.032 
5030000.0 26766.0 149774.0 149774.0 149774.0 0.0298 0.0298 0.0298 13.039 13.039 13.039 
5040000.0 26797.0 150154.0 150154.0 150154.0 0.0298 0.0298 0.0298 12.518 12.518 12.518 
5050000.0 26822.0 150518.0 150518.0 150518.0 0.0298 0.0298 0.0298 13.434 13.434 13.434 
5060000.0 26843.0 150802.0 150802.0 150802.0 0.0298 0.0298 0.0298 13.24 13.24 13.24 
5070000.0 26892.0 151111.0 151111.0 151111.0 0.0298 0.0298 0.0298 8.226 8.226 8.226 
5080000.0 26937.0 151400.0 151400.0 151400.0 0.0298 0.0298 0.0298 7.785 7.785 7.785 
5090000.0 26967.0 151781.0 151781.0 151781.0 0.0298 0.0298 0.0298 9.928 9.928 9.928 
5100000.0 26991.0 152170.0 152170.0 152170.0 0.0298 0.0298 0.0298 12.027 12.027 12.027 
5110000.0 27018.0 152592.0 152592.0 152592.0 0.0299 0.0299 0.0299 13.602 13.602 13.602 
5120000.0 27046.0 152957.0 152957.0 152957.0 0.0299 0.0299 0.0299 13.46 13.46 13.46 
5130000.0 27103.0 153223.0 153223.0 153223.0 0.0299 0.0299 0.0299 6.869 6.869 6.869 
5140000.0 27157.0 153438.0 153438.0 153438.0 0.0299 0.0299 0.0299 5.126 5.126 5.126 
5150000.0 27183.0 153817.0 153817.0 153817.0 0.0299 0.0299 0.0299 9.24 9.24 9.24 
5160000.0 27207.0 154157.0 154157.0 154157.0 0.0299 0.0299 0.0299 11.244 11.244 11.244 
5170000.0 27240.0 154581.0 154581.0 154581.0 0.0299 0.0299 0.0299 11.953 11.953 11.953 
5180000.0 27270.0 154933.0 154933.0 154933.0 0.0299 0.0299 0.0299 11.715 11.715 11.715 
5190000.0 27297.0 155299.0 155299.0 155299.0 0.0299 0.0299 0.0299 12.353 12.353 12.353 
5200000.0 27323.0 155758.0 155758.0 155758.0 0.03 0.03 0.03 14.743 14.743 14.743 
5210000.0 27350.0 156138.0 156138.0 156138.0 0.03 0.03 0.03 14.392 14.392 14.392 
5220000.0 27385.0 156456.0 156456.0 156456.0 0.03 0.03 0.03 11.309 11.309 11.309 
5230000.0 27440.0 156666.0 156666.0 156666.0 0.03 0.03 0.03 6.512 6.512 6.512 
5240000.0 27470.0 156988.0 156988.0 156988.0 0.03 0.03 0.03 8.266 8.266 8.266 
5250000.0 27497.0 157428.0 157428.0 157428.0 0.03 0.03 0.03 11.773 11.773 11.773 
5260000.0 27521.0 157837.0 157837.0 157837.0 0.03 0.03 0.03 14.182 14.182 14.182 
5270000.0 27546.0 158249.0 158249.0 158249.0 0.03 0.03 0.03 15.098 15.098 15.098 
5280000.0 27599.0 158537.0 158537.0 158537.0 0.03 0.03 0.03 8.433 8.433 8.433 
5290000.0 27638.0 158838.0 158838.0 158838.0 0.03 0.03 0.03 8.599 8.599 8.599 
5300000.0 27670.0 159203.0 159203.0 159203.0 0.03 0.03 0.03 9.887 9.887 9.887 
5310000.0 27698.0 159622.0 159622.0 159622.0 0.0301 0.0301 0.0301 11.265 11.265 11.265 
5320000.0 27725.0 159969.0 159969.0 159969.0 0.0301 0.0301 0.0301 12.236 12.236 12.236 
5330000.0 27750.0 160301.0 160301.0 160301.0 0.0301 0.0301 0.0301 12.376 12.376 12.376 
5340000.0 27823.0 160470.0 160470.0 160470.0 0.0301 0.0301 0.0301 4.796 4.796 4.796 
5350000.0 27866.0 160783.0 160783.0 160783.0 0.0301 0.0301 0.0301 6.025 6.025 6.025 
5360000.0 27891.0 161155.0 161155.0 161155.0 0.0301 0.0301 0.0301 9.572 9.572 9.572 
5370000.0 27917.0 161539.0 161539.0 161539.0 0.0301 0.0301 0.0301 11.934 11.934 11.934 
5380000.0 27945.0 161924.0 161924.0 161924.0 0.0301 0.0301 0.0301 12.537 12.537 12.537 
5390000.0 27970.0 162285.0 162285.0 162285.0 0.0301 0.0301 0.0301 13.571 13.571 13.571 
5400000.0 28000.0 162652.0 162652.0 162652.0 0.0301 0.0301 0.0301 12.736 12.736 12.736 
5410000.0 28032.0 162986.0 162986.0 162986.0 0.0301 0.0301 0.0301 11.224 11.224 11.224 
5420000.0 28058.0 163364.0 163364.0 163364.0 0.0301 0.0301 0.0301 13.161 13.161 13.161 
5430000.0 28085.0 163769.0 163769.0 163769.0 0.0302 0.0302 0.0302 14.011 14.011 14.011 
5440000.0 28111.0 164119.0 164119.0 164119.0 0.0302 0.0302 0.0302 13.644 13.644 13.644 
5450000.0 28135.0 164525.0 164525.0 164525.0 0.0302 0.0302 0.0302 14.71 14.71 14.71 
5460000.0 28160.0 164956.0 164956.0 164956.0 0.0302 0.0302 0.0302 14.563 14.563 14.563 
5470000.0 28185.0 165315.0 165315.0 165315.0 0.0302 0.0302 0.0302 15.421 15.421 15.421 
5480000.0 28215.0 165708.0 165708.0 165708.0 0.0302 0.0302 0.0302 14.352 14.352 14.352 
5490000.0 28243.0 166092.0 166092.0 166092.0 0.0303 0.0303 0.0303 13.954 13.954 13.954 
5500000.0 28272.0 166440.0 166440.0 166440.0 0.0303 0.0303 0.0303 12.966 12.966 12.966 
5510000.0 28289.0 166800.0 166800.0 166800.0 0.0303 0.0303 0.0303 15.111 15.111 15.111 
5520000.0 28312.0 167161.0 167161.0 167161.0 0.0303 0.0303 0.0303 15.359 15.359 15.359 
5530000.0 28337.0 167539.0 167539.0 167539.0 0.0303 0.0303 0.0303 15.219 15.219 15.219 
5540000.0 28362.0 167889.0 167889.0 167889.0 0.0303 0.0303 0.0303 14.466 14.466 14.466 
5550000.0 28390.0 168256.0 168256.0 168256.0 0.0303 0.0303 0.0303 13.687 13.687 13.687 
5560000.0 28413.0 168602.0 168602.0 168602.0 0.0303 0.0303 0.0303 14.425 14.425 14.425 
5570000.0 28446.0 168910.0 168910.0 168910.0 0.0303 0.0303 0.0303 11.756 11.756 11.756 
5580000.0 28489.0 169184.0 169184.0 169184.0 0.0303 0.0303 0.0303 7.91 7.91 7.91 
5590000.0 28524.0 169457.0 169457.0 169457.0 0.0303 0.0303 0.0303 8.033 8.033 8.033 
5600000.0 28559.0 169786.0 169786.0 169786.0 0.0303 0.0303 0.0303 9.446 9.446 9.446 
5610000.0 28583.0 170182.0 170182.0 170182.0 0.0303 0.0303 0.0303 12.116 12.116 12.116 
5620000.0 28608.0 170514.0 170514.0 170514.0 0.0303 0.0303 0.0303 12.398 12.398 12.398 
5630000.0 28632.0 170938.0 170938.0 170938.0 0.0304 0.0304 0.0304 14.234 14.234 14.234 
5640000.0 28665.0 171255.0 171255.0 171255.0 0.0304 0.0304 0.0304 11.607 11.607 11.607 
5650000.0 28687.0 171594.0 171594.0 171594.0 0.0304 0.0304 0.0304 13.086 13.086 13.086 
5660000.0 28729.0 171853.0 171853.0 171853.0 0.0304 0.0304 0.0304 8.728 8.728 8.728 
5670000.0 28754.0 172282.0 172282.0 172282.0 0.0304 0.0304 0.0304 12.158 12.158 12.158 
5680000.0 28785.0 172654.0 172654.0 172654.0 0.0304 0.0304 0.0304 12.264 12.264 12.264 
5690000.0 28811.0 173009.0 173009.0 173009.0 0.0304 0.0304 0.0304 12.77 12.77 12.77 
5700000.0 28863.0 173250.0 173250.0 173250.0 0.0304 0.0304 0.0304 7.257 7.257 7.257 
5710000.0 28886.0 173625.0 173625.0 173625.0 0.0304 0.0304 0.0304 10.687 10.687 10.687 
5720000.0 28910.0 173966.0 173966.0 173966.0 0.0304 0.0304 0.0304 12.355 12.355 12.355 
5730000.0 28936.0 174307.0 174307.0 174307.0 0.0304 0.0304 0.0304 12.577 12.577 12.577 
5740000.0 28959.0 174654.0 174654.0 174654.0 0.0304 0.0304 0.0304 13.256 13.256 13.256 
5750000.0 29007.0 174918.0 174918.0 174918.0 0.0304 0.0304 0.0304 8.08 8.08 8.08 
5760000.0 29044.0 175264.0 175264.0 175264.0 0.0304 0.0304 0.0304 8.988 8.988 8.988 
5770000.0 29068.0 175629.0 175629.0 175629.0 0.0304 0.0304 0.0304 11.338 11.338 11.338 
5780000.0 29088.0 175919.0 175919.0 175919.0 0.0304 0.0304 0.0304 12.404 12.404 12.404 
5790000.0 29117.0 176249.0 176249.0 176249.0 0.0304 0.0304 0.0304 11.713 11.713 11.713 
5800000.0 29141.0 176617.0 176617.0 176617.0 0.0305 0.0305 0.0305 13.189 13.189 13.189 
5810000.0 29179.0 176954.0 176954.0 176954.0 0.0305 0.0305 0.0305 11.51 11.51 11.51 
5820000.0 29205.0 177304.0 177304.0 177304.0 0.0305 0.0305 0.0305 11.961 11.961 11.961 
5830000.0 29233.0 177640.0 177640.0 177640.0 0.0305 0.0305 0.0305 11.854 11.854 11.854 
5840000.0 29279.0 177908.0 177908.0 177908.0 0.0305 0.0305 0.0305 7.649 7.649 7.649 
5850000.0 29304.0 178258.0 178258.0 178258.0 0.0305 0.0305 0.0305 9.973 9.973 9.973 
5860000.0 29328.0 178640.0 178640.0 178640.0 0.0305 0.0305 0.0305 12.225 12.225 12.225 
5870000.0 29349.0 179018.0 179018.0 179018.0 0.0305 0.0305 0.0305 14.478 14.478 14.478 
5880000.0 29366.0 179310.0 179310.0 179310.0 0.0305 0.0305 0.0305 15.185 15.185 15.185 
5890000.0 29393.0 179660.0 179660.0 179660.0 0.0305 0.0305 0.0305 14.535 14.535 14.535 
5900000.0 29417.0 180016.0 180016.0 180016.0 0.0305 0.0305 0.0305 14.891 14.891 14.891 
5910000.0 29439.0 180409.0 180409.0 180409.0 0.0305 0.0305 0.0305 15.66 15.66 15.66 
5920000.0 29460.0 180745.0 180745.0 180745.0 0.0305 0.0305 0.0305 15.476 15.476 15.476 
5930000.0 29520.0 181056.0 181056.0 181056.0 0.0305 0.0305 0.0305 7.849 7.849 7.849 
5940000.0 29543.0 181402.0 181402.0 181402.0 0.0305 0.0305 0.0305 10.529 10.529 10.529 
5950000.0 29572.0 181751.0 181751.0 181751.0 0.0305 0.0305 0.0305 11.196 11.196 11.196 
5960000.0 29602.0 182177.0 182177.0 182177.0 0.0306 0.0306 0.0306 12.272 12.272 12.272 
5970000.0 29629.0 182566.0 182566.0 182566.0 0.0306 0.0306 0.0306 13.146 13.146 13.146 
5980000.0 29650.0 182968.0 182968.0 182968.0 0.0306 0.0306 0.0306 15.052 15.052 15.052 
5990000.0 29671.0 183337.0 183337.0 183337.0 0.0306 0.0306 0.0306 15.756 15.756 15.756 
6000000.0 29699.0 183683.0 183683.0 183683.0 0.0306 0.0306 0.0306 14.407 14.407 14.407 
6010000.0 29727.0 184084.0 184084.0 184084.0 0.0306 0.0306 0.0306 14.23 14.23 14.23 
6020000.0 29752.0 184499.0 184499.0 184499.0 0.0306 0.0306 0.0306 15.02 15.02 15.02 
6030000.0 29778.0 184923.0 184923.0 184923.0 0.0307 0.0307 0.0307 15.115 15.115 15.115 
6040000.0 29807.0 185293.0 185293.0 185293.0 0.0307 0.0307 0.0307 13.048 13.048 13.048 
6050000.0 29830.0 185642.0 185642.0 185642.0 0.0307 0.0307 0.0307 14.298 14.298 14.298 
6060000.0 29857.0 186037.0 186037.0 186037.0 0.0307 0.0307 0.0307 14.73 14.73 14.73 
6070000.0 29886.0 186473.0 186473.0 186473.0 0.0307 0.0307 0.0307 14.556 14.556 14.556 
6080000.0 29916.0 186904.0 186904.0 186904.0 0.0307 0.0307 0.0307 14.701 14.701 14.701 
6090000.0 29941.0 187301.0 187301.0 187301.0 0.0308 0.0308 0.0308 15.13 15.13 15.13 
6100000.0 29960.0 187602.0 187602.0 187602.0 0.0308 0.0308 0.0308 15.029 15.029 15.029 
6110000.0 29982.0 187996.0 187996.0 187996.0 0.0308 0.0308 0.0308 16.427 16.427 16.427 
6120000.0 30017.0 188339.0 188339.0 188339.0 0.0308 0.0308 0.0308 12.967 12.967 12.967 
6130000.0 30047.0 188713.0 188713.0 188713.0 0.0308 0.0308 0.0308 12.46 12.46 12.46 
6140000.0 30075.0 189109.0 189109.0 189109.0 0.0308 0.0308 0.0308 13.04 13.04 13.04 
6150000.0 30102.0 189496.0 189496.0 189496.0 0.0308 0.0308 0.0308 13.623 13.623 13.623 
6160000.0 30130.0 189865.0 189865.0 189865.0 0.0308 0.0308 0.0308 13.542 13.542 13.542 
6170000.0 30155.0 190244.0 190244.0 190244.0 0.0308 0.0308 0.0308 14.066 14.066 14.066 
6180000.0 30188.0 190616.0 190616.0 190616.0 0.0308 0.0308 0.0308 12.119 12.119 12.119 
6190000.0 30210.0 190991.0 190991.0 190991.0 0.0309 0.0309 0.0309 13.925 13.925 13.925 
6200000.0 30235.0 191387.0 191387.0 191387.0 0.0309 0.0309 0.0309 14.278 14.278 14.278 
6210000.0 30257.0 191749.0 191749.0 191749.0 0.0309 0.0309 0.0309 15.766 15.766 15.766 
6220000.0 30285.0 192068.0 192068.0 192068.0 0.0309 0.0309 0.0309 13.971 13.971 13.971 
6230000.0 30311.0 192455.0 192455.0 192455.0 0.0309 0.0309 0.0309 14.359 14.359 14.359 
6240000.0 30335.0 192823.0 192823.0 192823.0 0.0309 0.0309 0.0309 14.599 14.599 14.599 
6250000.0 30379.0 193146.0 193146.0 193146.0 0.0309 0.0309 0.0309 10.032 10.032 10.032 
6260000.0 30435.0 193403.0 193403.0 193403.0 0.0309 0.0309 0.0309 6.995 6.995 6.995 
6270000.0 30456.0 193790.0 193790.0 193790.0 0.0309 0.0309 0.0309 10.778 10.778 10.778 
6280000.0 30484.0 194177.0 194177.0 194177.0 0.0309 0.0309 0.0309 12.139 12.139 12.139 
6290000.0 30510.0 194570.0 194570.0 194570.0 0.0309 0.0309 0.0309 13.242 13.242 13.242 
6300000.0 30540.0 194938.0 194938.0 194938.0 0.0309 0.0309 0.0309 13.024 13.024 13.024 
6310000.0 30567.0 195396.0 195396.0 195396.0 0.031 0.031 0.031 14.891 14.891 14.891 
6320000.0 30592.0 195790.0 195790.0 195790.0 0.031 0.031 0.031 15.437 15.437 15.437 
6330000.0 30622.0 196158.0 196158.0 196158.0 0.031 0.031 0.031 13.904 13.904 13.904 
6340000.0 30650.0 196570.0 196570.0 196570.0 0.031 0.031 0.031 14.001 14.001 14.001 
6350000.0 30677.0 196978.0 196978.0 196978.0 0.031 0.031 0.031 14.489 14.489 14.489 
6360000.0 30702.0 197360.0 197360.0 197360.0 0.031 0.031 0.031 14.283 14.283 14.283 
6370000.0 30725.0 197680.0 197680.0 197680.0 0.031 0.031 0.031 14.705 14.705 14.705 
6380000.0 30753.0 198063.0 198063.0 198063.0 0.031 0.031 0.031 14.228 14.228 14.228 
6390000.0 30782.0 198429.0 198429.0 198429.0 0.0311 0.0311 0.0311 13.574 13.574 13.574 
6400000.0 30815.0 198804.0 198804.0 198804.0 0.0311 0.0311 0.0311 12.233 12.233 12.233 
6410000.0 30840.0 199174.0 199174.0 199174.0 0.0311 0.0311 0.0311 13.147 13.147 13.147 
6420000.0 30861.0 199567.0 199567.0 199567.0 0.0311 0.0311 0.0311 14.61 14.61 14.61 
6430000.0 30886.0 199942.0 199942.0 199942.0 0.0311 0.0311 0.0311 15.228 15.228 15.228 
6440000.0 30916.0 200395.0 200395.0 200395.0 0.0311 0.0311 0.0311 15.119 15.119 15.119 
6450000.0 30946.0 200765.0 200765.0 200765.0 0.0311 0.0311 0.0311 13.869 13.869 13.869 
6460000.0 30972.0 201195.0 201195.0 201195.0 0.0311 0.0311 0.0311 14.578 14.578 14.578 
6470000.0 30996.0 201564.0 201564.0 201564.0 0.0312 0.0312 0.0312 14.733 14.733 14.733 
6480000.0 31023.0 202011.0 202011.0 202011.0 0.0312 0.0312 0.0312 15.944 15.944 15.944 
6490000.0 31046.0 202342.0 202342.0 202342.0 0.0312 0.0312 0.0312 15.469 15.469 15.469 
6500000.0 31074.0 202712.0 202712.0 202712.0 0.0312 0.0312 0.0312 14.403 14.403 14.403 
6510000.0 31100.0 203053.0 203053.0 203053.0 0.0312 0.0312 0.0312 13.243 13.243 13.243 
6520000.0 31147.0 203329.0 203329.0 203329.0 0.0312 0.0312 0.0312 8.566 8.566 8.566 
6530000.0 31174.0 203708.0 203708.0 203708.0 0.0312 0.0312 0.0312 11.112 11.112 11.112 
6540000.0 31200.0 204093.0 204093.0 204093.0 0.0312 0.0312 0.0312 12.57 12.57 12.57 
6550000.0 31221.0 204478.0 204478.0 204478.0 0.0312 0.0312 0.0312 13.788 13.788 13.788 
6560000.0 31249.0 204851.0 204851.0 204851.0 0.0312 0.0312 0.0312 14.164 14.164 14.164 
6570000.0 31271.0 205233.0 205233.0 205233.0 0.0312 0.0312 0.0312 15.172 15.172 15.172 
6580000.0 31300.0 205663.0 205663.0 205663.0 0.0313 0.0313 0.0313 15.403 15.403 15.403 
6590000.0 31326.0 206039.0 206039.0 206039.0 0.0313 0.0313 0.0313 14.902 14.902 14.902 
6600000.0 31354.0 206403.0 206403.0 206403.0 0.0313 0.0313 0.0313 13.789 13.789 13.789 
6610000.0 31382.0 206803.0 206803.0 206803.0 0.0313 0.0313 0.0313 14.391 14.391 14.391 
6620000.0 31404.0 207162.0 207162.0 207162.0 0.0313 0.0313 0.0313 15.035 15.035 15.035 
6630000.0 31429.0 207543.0 207543.0 207543.0 0.0313 0.0313 0.0313 15.034 15.034 15.034 
6640000.0 31450.0 207890.0 207890.0 207890.0 0.0313 0.0313 0.0313 15.595 15.595 15.595 
6650000.0 31471.0 208253.0 208253.0 208253.0 0.0313 0.0313 0.0313 14.993 14.993 14.993 
6660000.0 31503.0 208613.0 208613.0 208613.0 0.0313 0.0313 0.0313 13.673 13.673 13.673 
6670000.0 31587.0 208762.0 208762.0 208762.0 0.0313 0.0313 0.0313 3.937 3.937 3.937 
6680000.0 31607.0 209092.0 209092.0 209092.0 0.0313 0.0313 0.0313 7.896 7.896 7.896 
6690000.0 31635.0 209454.0 209454.0 209454.0 0.0313 0.0313 0.0313 9.703 9.703 9.703 
6700000.0 31659.0 209813.0 209813.0 209813.0 0.0313 0.0313 0.0313 11.684 11.684 11.684 
6710000.0 31681.0 210222.0 210222.0 210222.0 0.0313 0.0313 0.0313 13.473 13.473 13.473 
6720000.0 31716.0 210522.0 210522.0 210522.0 0.0313 0.0313 0.0313 11.005 11.005 11.005 
6730000.0 31753.0 210814.0 210814.0 210814.0 0.0313 0.0313 0.0313 9.443 9.443 9.443 
6740000.0 31776.0 211210.0 211210.0 211210.0 0.0313 0.0313 0.0313 12.124 12.124 12.124 
6750000.0 31801.0 211576.0 211576.0 211576.0 0.0313 0.0313 0.0313 12.986 12.986 12.986 
6760000.0 31827.0 211956.0 211956.0 211956.0 0.0314 0.0314 0.0314 13.01 13.01 13.01 
6770000.0 31855.0 212340.0 212340.0 212340.0 0.0314 0.0314 0.0314 13.695 13.695 13.695 
6780000.0 31902.0 212645.0 212645.0 212645.0 0.0314 0.0314 0.0314 10.104 10.104 10.104 
6790000.0 31930.0 212993.0 212993.0 212993.0 0.0314 0.0314 0.0314 11.117 11.117 11.117 
6800000.0 31955.0 213328.0 213328.0 213328.0 0.0314 0.0314 0.0314 12.028 12.028 12.028 
6810000.0 31978.0 213701.0 213701.0 213701.0 0.0314 0.0314 0.0314 13.48 13.48 13.48 
6820000.0 32007.0 214083.0 214083.0 214083.0 0.0314 0.0314 0.0314 13.3 13.3 13.3 
6830000.0 32026.0 214438.0 214438.0 214438.0 0.0314 0.0314 0.0314 14.948 14.948 14.948 
6840000.0 32052.0 214821.0 214821.0 214821.0 0.0314 0.0314 0.0314 14.342 14.342 14.342 
6850000.0 32107.0 215018.0 215018.0 215018.0 0.0314 0.0314 0.0314 7.038 7.038 7.038 
6860000.0 32141.0 215286.0 215286.0 215286.0 0.0314 0.0314 0.0314 7.746 7.746 7.746 
6870000.0 32167.0 215718.0 215718.0 215718.0 0.0314 0.0314 0.0314 10.794 10.794 10.794 
6880000.0 32190.0 216024.0 216024.0 216024.0 0.0314 0.0314 0.0314 11.552 11.552 11.552 
6890000.0 32220.0 216412.0 216412.0 216412.0 0.0314 0.0314 0.0314 12.637 12.637 12.637 
6900000.0 32242.0 216800.0 216800.0 216800.0 0.0314 0.0314 0.0314 14.694 14.694 14.694 
6910000.0 32264.0 217054.0 217054.0 217054.0 0.0314 0.0314 0.0314 13.757 13.757 13.757 
6920000.0 32301.0 217355.0 217355.0 217355.0 0.0314 0.0314 0.0314 11.054 11.054 11.054 
6930000.0 32326.0 217714.0 217714.0 217714.0 0.0314 0.0314 0.0314 12.485 12.485 12.485 
6940000.0 32348.0 218099.0 218099.0 218099.0 0.0314 0.0314 0.0314 14.086 14.086 14.086 
6950000.0 32369.0 218516.0 218516.0 218516.0 0.0314 0.0314 0.0314 15.961 15.961 15.961 
6960000.0 32391.0 218892.0 218892.0 218892.0 0.0314 0.0314 0.0314 16.421 16.421 16.421 
6970000.0 32421.0 219278.0 219278.0 219278.0 0.0315 0.0315 0.0315 14.764 14.764 14.764 
6980000.0 32449.0 219695.0 219695.0 219695.0 0.0315 0.0315 0.0315 14.336 14.336 14.336 
6990000.0 32474.0 220079.0 220079.0 220079.0 0.0315 0.0315 0.0315 14.92 14.92 14.92 
7000000.0 32497.0 220525.0 220525.0 220525.0 0.0315 0.0315 0.0315 16.738 16.738 16.738 
7010000.0 32522.0 220931.0 220931.0 220931.0 0.0315 0.0315 0.0315 16.33 16.33 16.33 
7020000.0 32542.0 221240.0 221240.0 221240.0 0.0315 0.0315 0.0315 15.929 15.929 15.929 
7030000.0 32570.0 221642.0 221642.0 221642.0 0.0315 0.0315 0.0315 15.785 15.785 15.785 
7040000.0 32596.0 222020.0 222020.0 222020.0 0.0315 0.0315 0.0315 15.192 15.192 15.192 
7050000.0 32628.0 222418.0 222418.0 222418.0 0.0315 0.0315 0.0315 14.046 14.046 14.046 
7060000.0 32655.0 222822.0 222822.0 222822.0 0.0316 0.0316 0.0316 14.594 14.594 14.594 
7070000.0 32687.0 223163.0 223163.0 223163.0 0.0316 0.0316 0.0316 12.384 12.384 12.384 
7080000.0 32721.0 223542.0 223542.0 223542.0 0.0316 0.0316 0.0316 12.007 12.007 12.007 
7090000.0 32741.0 223944.0 223944.0 223944.0 0.0316 0.0316 0.0316 13.64 13.64 13.64 
7100000.0 32769.0 224273.0 224273.0 224273.0 0.0316 0.0316 0.0316 14.122 14.122 14.122 
7110000.0 32793.0 224650.0 224650.0 224650.0 0.0316 0.0316 0.0316 14.59 14.59 14.59 
7120000.0 32817.0 224968.0 224968.0 224968.0 0.0316 0.0316 0.0316 13.897 13.897 13.897 
7130000.0 32842.0 225336.0 225336.0 225336.0 0.0316 0.0316 0.0316 13.965 13.965 13.965 
7140000.0 32869.0 225695.0 225695.0 225695.0 0.0316 0.0316 0.0316 14.205 14.205 14.205 
7150000.0 32900.0 226014.0 226014.0 226014.0 0.0316 0.0316 0.0316 12.659 12.659 12.659 
7160000.0 32930.0 226397.0 226397.0 226397.0 0.0316 0.0316 0.0316 12.618 12.618 12.618 
7170000.0 32959.0 226795.0 226795.0 226795.0 0.0316 0.0316 0.0316 13.143 13.143 13.143 
7180000.0 32980.0 227181.0 227181.0 227181.0 0.0316 0.0316 0.0316 14.856 14.856 14.856 
7190000.0 33008.0 227582.0 227582.0 227582.0 0.0317 0.0317 0.0317 14.891 14.891 14.891 
7200000.0 33030.0 227908.0 227908.0 227908.0 0.0317 0.0317 0.0317 14.801 14.801 14.801 
7210000.0 33082.0 228203.0 228203.0 228203.0 0.0317 0.0317 0.0317 7.992 7.992 7.992 
7220000.0 33111.0 228582.0 228582.0 228582.0 0.0317 0.0317 0.0317 10.078 10.078 10.078 
7230000.0 33130.0 228938.0 228938.0 228938.0 0.0317 0.0317 0.0317 12.941 12.941 12.941 
7240000.0 33159.0 229338.0 229338.0 229338.0 0.0317 0.0317 0.0317 13.38 13.38 13.38 
7250000.0 33183.0 229743.0 229743.0 229743.0 0.0317 0.0317 0.0317 14.065 14.065 14.065 
7260000.0 33225.0 230032.0 230032.0 230032.0 0.0317 0.0317 0.0317 10.05 10.05 10.05 
7270000.0 33255.0 230399.0 230399.0 230399.0 0.0317 0.0317 0.0317 11.31 11.31 11.31 
7280000.0 33282.0 230734.0 230734.0 230734.0 0.0317 0.0317 0.0317 11.356 11.356 11.356 
7290000.0 33306.0 231096.0 231096.0 231096.0 0.0317 0.0317 0.0317 12.904 12.904 12.904 
7300000.0 33331.0 231478.0 231478.0 231478.0 0.0317 0.0317 0.0317 13.583 13.583 13.583 
7310000.0 33353.0 231814.0 231814.0 231814.0 0.0317 0.0317 0.0317 14.432 14.432 14.432 
7320000.0 33375.0 232179.0 232179.0 232179.0 0.0317 0.0317 0.0317 15.263 15.263 15.263 
7330000.0 33399.0 232536.0 232536.0 232536.0 0.0317 0.0317 0.0317 15.143 15.143 15.143 
7340000.0 33421.0 232965.0 232965.0 232965.0 0.0317 0.0317 0.0317 16.109 16.109 16.109 
7350000.0 33446.0 233342.0 233342.0 233342.0 0.0317 0.0317 0.0317 16.306 16.306 16.306 
7360000.0 33473.0 233638.0 233638.0 233638.0 0.0317 0.0317 0.0317 13.909 13.909 13.909 
7370000.0 33494.0 234042.0 234042.0 234042.0 0.0318 0.0318 0.0318 15.634 15.634 15.634 
7380000.0 33539.0 234339.0 234339.0 234339.0 0.0318 0.0318 0.0318 9.514 9.514 9.514 
7390000.0 33570.0 234703.0 234703.0 234703.0 0.0318 0.0318 0.0318 10.597 10.597 10.597 
7400000.0 33598.0 235105.0 235105.0 235105.0 0.0318 0.0318 0.0318 12.377 12.377 12.377 
7410000.0 33621.0 235527.0 235527.0 235527.0 0.0318 0.0318 0.0318 14.614 14.614 14.614 
7420000.0 33647.0 235926.0 235926.0 235926.0 0.0318 0.0318 0.0318 14.962 14.962 14.962 
7430000.0 33674.0 236364.0 236364.0 236364.0 0.0318 0.0318 0.0318 15.311 15.311 15.311 
7440000.0 33699.0 236776.0 236776.0 236776.0 0.0318 0.0318 0.0318 15.5 15.5 15.5 
7450000.0 33727.0 237180.0 237180.0 237180.0 0.0318 0.0318 0.0318 15.045 15.045 15.045 
7460000.0 33751.0 237590.0 237590.0 237590.0 0.0318 0.0318 0.0318 15.361 15.361 15.361 
7470000.0 33780.0 238037.0 238037.0 238037.0 0.0319 0.0319 0.0319 15.423 15.423 15.423 
7480000.0 33801.0 238413.0 238413.0 238413.0 0.0319 0.0319 0.0319 16.231 16.231 16.231 
7490000.0 33819.0 238764.0 238764.0 238764.0 0.0319 0.0319 0.0319 17.343 17.343 17.343 
7500000.0 33846.0 239120.0 239120.0 239120.0 0.0319 0.0319 0.0319 15.434 15.434 15.434 
7510000.0 33874.0 239559.0 239559.0 239559.0 0.0319 0.0319 0.0319 15.702 15.702 15.702 
7520000.0 33906.0 239879.0 239879.0 239879.0 0.0319 0.0319 0.0319 12.593 12.593 12.593 
7530000.0 33931.0 240289.0 240289.0 240289.0 0.0319 0.0319 0.0319 14.253 14.253 14.253 
7540000.0 33953.0 240630.0 240630.0 240630.0 0.0319 0.0319 0.0319 14.759 14.759 14.759 
7550000.0 33982.0 240950.0 240950.0 240950.0 0.0319 0.0319 0.0319 13.401 13.401 13.401 
7560000.0 34005.0 241327.0 241327.0 241327.0 0.0319 0.0319 0.0319 14.305 14.305 14.305 
7570000.0 34043.0 241652.0 241652.0 241652.0 0.0319 0.0319 0.0319 11.139 11.139 11.139 
7580000.0 34066.0 242012.0 242012.0 242012.0 0.0319 0.0319 0.0319 12.72 12.72 12.72 
7590000.0 34088.0 242287.0 242287.0 242287.0 0.0319 0.0319 0.0319 12.79 12.79 12.79 
7600000.0 34108.0 242677.0 242677.0 242677.0 0.0319 0.0319 0.0319 15.242 15.242 15.242 
7610000.0 34140.0 242997.0 242997.0 242997.0 0.0319 0.0319 0.0319 12.554 12.554 12.554 
7620000.0 34166.0 243331.0 243331.0 243331.0 0.0319 0.0319 0.0319 12.816 12.816 12.816 
7630000.0 34188.0 243698.0 243698.0 243698.0 0.0319 0.0319 0.0319 14.074 14.074 14.074 
7640000.0 34211.0 244091.0 244091.0 244091.0 0.0319 0.0319 0.0319 14.954 14.954 14.954 
7650000.0 34240.0 244494.0 244494.0 244494.0 0.032 0.032 0.032 13.641 13.641 13.641 
7660000.0 34262.0 244868.0 244868.0 244868.0 0.032 0.032 0.032 15.743 15.743 15.743 
7670000.0 34288.0 245258.0 245258.0 245258.0 0.032 0.032 0.032 15.419 15.419 15.419 
7680000.0 34312.0 245692.0 245692.0 245692.0 0.032 0.032 0.032 16.652 16.652 16.652 
7690000.0 34337.0 246094.0 246094.0 246094.0 0.032 0.032 0.032 16.043 16.043 16.043 
7700000.0 34370.0 246444.0 246444.0 246444.0 0.032 0.032 0.032 13.271 13.271 13.271 
7710000.0 34392.0 246777.0 246777.0 246777.0 0.032 0.032 0.032 13.821 13.821 13.821 
7720000.0 34421.0 247193.0 247193.0 247193.0 0.032 0.032 0.032 13.787 13.787 13.787 
7730000.0 34446.0 247586.0 247586.0 247586.0 0.032 0.032 0.032 14.748 14.748 14.748 
7740000.0 34473.0 247985.0 247985.0 247985.0 0.032 0.032 0.032 14.645 14.645 14.645 
7750000.0 34499.0 248413.0 248413.0 248413.0 0.0321 0.0321 0.0321 15.258 15.258 15.258 
7760000.0 34532.0 248744.0 248744.0 248744.0 0.0321 0.0321 0.0321 12.55 12.55 12.55 
7770000.0 34566.0 249105.0 249105.0 249105.0 0.0321 0.0321 0.0321 11.544 11.544 11.544 
7780000.0 34595.0 249564.0 249564.0 249564.0 0.0321 0.0321 0.0321 13.399 13.399 13.399 
7790000.0 34621.0 249890.0 249890.0 249890.0 0.0321 0.0321 0.0321 12.678 12.678 12.678 
7800000.0 34647.0 250285.0 250285.0 250285.0 0.0321 0.0321 0.0321 14.419 14.419 14.419 
7810000.0 34673.0 250649.0 250649.0 250649.0 0.0321 0.0321 0.0321 14.419 14.419 14.419 
7820000.0 34703.0 250934.0 250934.0 250934.0 0.0321 0.0321 0.0321 11.915 11.915 11.915 
7830000.0 34735.0 251291.0 251291.0 251291.0 0.0321 0.0321 0.0321 11.418 11.418 11.418 
7840000.0 34776.0 251673.0 251673.0 251673.0 0.0321 0.0321 0.0321 10.764 10.764 10.764 
7850000.0 34803.0 252063.0 252063.0 252063.0 0.0321 0.0321 0.0321 11.688 11.688 11.688 
7860000.0 34828.0 252477.0 252477.0 252477.0 0.0321 0.0321 0.0321 13.407 13.407 13.407 
7870000.0 34855.0 252862.0 252862.0 252862.0 0.0321 0.0321 0.0321 14.254 14.254 14.254 
7880000.0 34880.0 253222.0 253222.0 253222.0 0.0321 0.0321 0.0321 14.038 14.038 14.038 
7890000.0 34905.0 253607.0 253607.0 253607.0 0.0321 0.0321 0.0321 14.502 14.502 14.502 
7900000.0 34943.0 253894.0 253894.0 253894.0 0.0321 0.0321 0.0321 10.447 10.447 10.447 
7910000.0 34966.0 254279.0 254279.0 254279.0 0.0321 0.0321 0.0321 12.913 12.913 12.913 
7920000.0 35000.0 254667.0 254667.0 254667.0 0.0322 0.0322 0.0322 12.45 12.45 12.45 
7930000.0 35028.0 255032.0 255032.0 255032.0 0.0322 0.0322 0.0322 12.948 12.948 12.948 
7940000.0 35052.0 255418.0 255418.0 255418.0 0.0322 0.0322 0.0322 14.265 14.265 14.265 
7950000.0 35080.0 255780.0 255780.0 255780.0 0.0322 0.0322 0.0322 13.354 13.354 13.354 
7960000.0 35110.0 256100.0 256100.0 256100.0 0.0322 0.0322 0.0322 11.999 11.999 11.999 
7970000.0 35135.0 256466.0 256466.0 256466.0 0.0322 0.0322 0.0322 13.304 13.304 13.304 
7980000.0 35163.0 256837.0 256837.0 256837.0 0.0322 0.0322 0.0322 13.271 13.271 13.271 
7990000.0 35188.0 257151.0 257151.0 257151.0 0.0322 0.0322 0.0322 12.724 12.724 12.724 
8000000.0 35216.0 257543.0 257543.0 257543.0 0.0322 0.0322 0.0322 13.388 13.388 13.388 
8010000.0 35247.0 257917.0 257917.0 257917.0 0.0322 0.0322 0.0322 12.448 12.448 12.448 
8020000.0 35276.0 258358.0 258358.0 258358.0 0.0322 0.0322 0.0322 13.622 13.622 13.622 
8030000.0 35349.0 258520.0 258520.0 258520.0 0.0322 0.0322 0.0322 5.317 5.317 5.317 
8040000.0 35376.0 258943.0 258943.0 258943.0 0.0322 0.0322 0.0322 9.291 9.291 9.291 
8050000.0 35396.0 259282.0 259282.0 259282.0 0.0322 0.0322 0.0322 11.923 11.923 11.923 
8060000.0 35420.0 259686.0 259686.0 259686.0 0.0322 0.0322 0.0322 14.075 14.075 14.075 
8070000.0 35447.0 260034.0 260034.0 260034.0 0.0322 0.0322 0.0322 13.127 13.127 13.127 
8080000.0 35472.0 260430.0 260430.0 260430.0 0.0322 0.0322 0.0322 14.461 14.461 14.461 
8090000.0 35494.0 260783.0 260783.0 260783.0 0.0322 0.0322 0.0322 14.759 14.759 14.759 
8100000.0 35516.0 261175.0 261175.0 261175.0 0.0322 0.0322 0.0322 15.258 15.258 15.258 
8110000.0 35540.0 261567.0 261567.0 261567.0 0.0323 0.0323 0.0323 16.09 16.09 16.09 
8120000.0 35569.0 261968.0 261968.0 261968.0 0.0323 0.0323 0.0323 15.245 15.245 15.245 
8130000.0 35595.0 262361.0 262361.0 262361.0 0.0323 0.0323 0.0323 15.147 15.147 15.147 
8140000.0 35623.0 262779.0 262779.0 262779.0 0.0323 0.0323 0.0323 14.612 14.612 14.612 
8150000.0 35652.0 263171.0 263171.0 263171.0 0.0323 0.0323 0.0323 14.098 14.098 14.098 
8160000.0 35680.0 263524.0 263524.0 263524.0 0.0323 0.0323 0.0323 13.06 13.06 13.06 
8170000.0 35709.0 263898.0 263898.0 263898.0 0.0323 0.0323 0.0323 13.451 13.451 13.451 
8180000.0 35734.0 264256.0 264256.0 264256.0 0.0323 0.0323 0.0323 13.494 13.494 13.494 
8190000.0 35755.0 264580.0 264580.0 264580.0 0.0323 0.0323 0.0323 14.379 14.379 14.379 
8200000.0 35805.0 264792.0 264792.0 264792.0 0.0323 0.0323 0.0323 7.499 7.499 7.499 
8210000.0 35835.0 265225.0 265225.0 265225.0 0.0323 0.0323 0.0323 10.662 10.662 10.662 
8220000.0 35857.0 265607.0 265607.0 265607.0 0.0323 0.0323 0.0323 12.876 12.876 12.876 
8230000.0 35885.0 265999.0 265999.0 265999.0 0.0323 0.0323 0.0323 13.576 13.576 13.576 
8240000.0 35906.0 266375.0 266375.0 266375.0 0.0323 0.0323 0.0323 15.014 15.014 15.014 
8250000.0 35926.0 266766.0 266766.0 266766.0 0.0323 0.0323 0.0323 16.449 16.449 16.449 
8260000.0 35951.0 267181.0 267181.0 267181.0 0.0323 0.0323 0.0323 16.425 16.425 16.425 
8270000.0 35980.0 267618.0 267618.0 267618.0 0.0324 0.0324 0.0324 16.195 16.195 16.195 
8280000.0 36001.0 268018.0 268018.0 268018.0 0.0324 0.0324 0.0324 17.314 17.314 17.314 
8290000.0 36024.0 268353.0 268353.0 268353.0 0.0324 0.0324 0.0324 15.842 15.842 15.842 
8300000.0 36050.0 268717.0 268717.0 268717.0 0.0324 0.0324 0.0324 14.568 14.568 14.568 
8310000.0 36078.0 269090.0 269090.0 269090.0 0.0324 0.0324 0.0324 14.478 14.478 14.478 
8320000.0 36140.0 269313.0 269313.0 269313.0 0.0324 0.0324 0.0324 6.011 6.011 6.011 
8330000.0 36195.0 269606.0 269606.0 269606.0 0.0324 0.0324 0.0324 6.264 6.264 6.264 
8340000.0 36225.0 269991.0 269991.0 269991.0 0.0324 0.0324 0.0324 9.616 9.616 9.616 
8350000.0 36252.0 270332.0 270332.0 270332.0 0.0324 0.0324 0.0324 10.486 10.486 10.486 
8360000.0 36283.0 270750.0 270750.0 270750.0 0.0324 0.0324 0.0324 12.272 12.272 12.272 
8370000.0 36305.0 271179.0 271179.0 271179.0 0.0324 0.0324 0.0324 14.627 14.627 14.627 
8380000.0 36335.0 271574.0 271574.0 271574.0 0.0324 0.0324 0.0324 14.289 14.289 14.289 
8390000.0 36363.0 271959.0 271959.0 271959.0 0.0324 0.0324 0.0324 13.663 13.663 13.663 
8400000.0 36391.0 272386.0 272386.0 272386.0 0.0324 0.0324 0.0324 14.365 14.365 14.365 
8410000.0 36415.0 272707.0 272707.0 272707.0 0.0324 0.0324 0.0324 13.963 13.963 13.963 
8420000.0 36441.0 273126.0 273126.0 273126.0 0.0324 0.0324 0.0324 14.666 14.666 14.666 
8430000.0 36472.0 273520.0 273520.0 273520.0 0.0324 0.0324 0.0324 13.425 13.425 13.425 
8440000.0 36497.0 273934.0 273934.0 273934.0 0.0325 0.0325 0.0325 14.58 14.58 14.58 
8450000.0 36517.0 274293.0 274293.0 274293.0 0.0325 0.0325 0.0325 15.129 15.129 15.129 
8460000.0 36540.0 274693.0 274693.0 274693.0 0.0325 0.0325 0.0325 16.063 16.063 16.063 
8470000.0 36585.0 275003.0 275003.0 275003.0 0.0325 0.0325 0.0325 10.321 10.321 10.321 
8480000.0 36618.0 275316.0 275316.0 275316.0 0.0325 0.0325 0.0325 10.213 10.213 10.213 
8490000.0 36642.0 275715.0 275715.0 275715.0 0.0325 0.0325 0.0325 12.937 12.937 12.937 
8500000.0 36673.0 276047.0 276047.0 276047.0 0.0325 0.0325 0.0325 11.921 11.921 11.921 
8510000.0 36705.0 276410.0 276410.0 276410.0 0.0325 0.0325 0.0325 11.565 11.565 11.565 
8520000.0 36731.0 276764.0 276764.0 276764.0 0.0325 0.0325 0.0325 12.058 12.058 12.058 
8530000.0 36773.0 277058.0 277058.0 277058.0 0.0325 0.0325 0.0325 9.023 9.023 9.023 
8540000.0 36801.0 277450.0 277450.0 277450.0 0.0325 0.0325 0.0325 11.287 11.287 11.287 
8550000.0 36828.0 277869.0 277869.0 277869.0 0.0325 0.0325 0.0325 13.361 13.361 13.361 
8560000.0 36854.0 278238.0 278238.0 278238.0 0.0325 0.0325 0.0325 13.623 13.623 13.623 
8570000.0 36881.0 278650.0 278650.0 278650.0 0.0325 0.0325 0.0325 14.168 14.168 14.168 
8580000.0 36908.0 279003.0 279003.0 279003.0 0.0325 0.0325 0.0325 13.802 13.802 13.802 
8590000.0 36936.0 279380.0 279380.0 279380.0 0.0325 0.0325 0.0325 14.121 14.121 14.121 
8600000.0 36968.0 279722.0 279722.0 279722.0 0.0325 0.0325 0.0325 12.647 12.647 12.647 
8610000.0 36990.0 280096.0 280096.0 280096.0 0.0325 0.0325 0.0325 14.009 14.009 14.009 
8620000.0 37011.0 280415.0 280415.0 280415.0 0.0325 0.0325 0.0325 14.685 14.685 14.685 
8630000.0 37055.0 280685.0 280685.0 280685.0 0.0325 0.0325 0.0325 9.732 9.732 9.732 
8640000.0 37084.0 281085.0 281085.0 281085.0 0.0325 0.0325 0.0325 11.558 11.558 11.558 
8650000.0 37112.0 281465.0 281465.0 281465.0 0.0325 0.0325 0.0325 12.487 12.487 12.487 
8660000.0 37140.0 281874.0 281874.0 281874.0 0.0325 0.0325 0.0325 13.369 13.369 13.369 
8670000.0 37168.0 282259.0 282259.0 282259.0 0.0326 0.0326 0.0326 13.708 13.708 13.708 
8680000.0 37198.0 282636.0 282636.0 282636.0 0.0326 0.0326 0.0326 13.019 13.019 13.019 
8690000.0 37228.0 283022.0 283022.0 283022.0 0.0326 0.0326 0.0326 12.876 12.876 12.876 
8700000.0 37258.0 283416.0 283416.0 283416.0 0.0326 0.0326 0.0326 12.815 12.815 12.815 
8710000.0 37298.0 283729.0 283729.0 283729.0 0.0326 0.0326 0.0326 9.643 9.643 9.643 
8720000.0 37320.0 284058.0 284058.0 284058.0 0.0326 0.0326 0.0326 10.513 10.513 10.513 
8730000.0 37350.0 284412.0 284412.0 284412.0 0.0326 0.0326 0.0326 11.857 11.857 11.857 
8740000.0 37374.0 284794.0 284794.0 284794.0 0.0326 0.0326 0.0326 13.504 13.504 13.504 
8750000.0 37397.0 285154.0 285154.0 285154.0 0.0326 0.0326 0.0326 14.234 14.234 14.234 
8760000.0 37427.0 285528.0 285528.0 285528.0 0.0326 0.0326 0.0326 12.867 12.867 12.867 
8770000.0 37455.0 285893.0 285893.0 285893.0 0.0326 0.0326 0.0326 13.192 13.192 13.192 
8780000.0 37479.0 286234.0 286234.0 286234.0 0.0326 0.0326 0.0326 13.31 13.31 13.31 
8790000.0 37505.0 286579.0 286579.0 286579.0 0.0326 0.0326 0.0326 13.511 13.511 13.511 
8800000.0 37529.0 286953.0 286953.0 286953.0 0.0326 0.0326 0.0326 14.709 14.709 14.709 
8810000.0 37555.0 287338.0 287338.0 287338.0 0.0326 0.0326 0.0326 14.782 14.782 14.782 
8820000.0 37579.0 287666.0 287666.0 287666.0 0.0326 0.0326 0.0326 14.337 14.337 14.337 
8830000.0 37604.0 288035.0 288035.0 288035.0 0.0326 0.0326 0.0326 14.185 14.185 14.185 
8840000.0 37626.0 288446.0 288446.0 288446.0 0.0326 0.0326 0.0326 15.256 15.256 15.256 
8850000.0 37704.0 288638.0 288638.0 288638.0 0.0326 0.0326 0.0326 4.968 4.968 4.968 
8860000.0 37750.0 288911.0 288911.0 288911.0 0.0326 0.0326 0.0326 6.245 6.245 6.245 
8870000.0 37775.0 289193.0 289193.0 289193.0 0.0326 0.0326 0.0326 8.2 8.2 8.2 
8880000.0 37798.0 289545.0 289545.0 289545.0 0.0326 0.0326 0.0326 10.682 10.682 10.682 
8890000.0 37822.0 289954.0 289954.0 289954.0 0.0326 0.0326 0.0326 13.098 13.098 13.098 
8900000.0 37852.0 290282.0 290282.0 290282.0 0.0326 0.0326 0.0326 12.166 12.166 12.166 
8910000.0 37879.0 290679.0 290679.0 290679.0 0.0326 0.0326 0.0326 13.379 13.379 13.379 
8920000.0 37902.0 291046.0 291046.0 291046.0 0.0326 0.0326 0.0326 14.227 14.227 14.227 
8930000.0 37930.0 291418.0 291418.0 291418.0 0.0326 0.0326 0.0326 13.317 13.317 13.317 
8940000.0 37953.0 291772.0 291772.0 291772.0 0.0326 0.0326 0.0326 14.443 14.443 14.443 
8950000.0 37986.0 292160.0 292160.0 292160.0 0.0326 0.0326 0.0326 12.184 12.184 12.184 
8960000.0 38011.0 292524.0 292524.0 292524.0 0.0326 0.0326 0.0326 13.228 13.228 13.228 
8970000.0 38046.0 292886.0 292886.0 292886.0 0.0327 0.0327 0.0327 12.557 12.557 12.557 
8980000.0 38071.0 293239.0 293239.0 293239.0 0.0327 0.0327 0.0327 12.969 12.969 12.969 
8990000.0 38102.0 293630.0 293630.0 293630.0 0.0327 0.0327 0.0327 13.041 13.041 13.041 
9000000.0 38128.0 294054.0 294054.0 294054.0 0.0327 0.0327 0.0327 14.422 14.422 14.422 
9010000.0 38155.0 294406.0 294406.0 294406.0 0.0327 0.0327 0.0327 13.764 13.764 13.764 
9020000.0 38180.0 294857.0 294857.0 294857.0 0.0327 0.0327 0.0327 15.397 15.397 15.397 
9030000.0 38206.0 295223.0 295223.0 295223.0 0.0327 0.0327 0.0327 14.923 14.923 14.923 
9040000.0 38231.0 295626.0 295626.0 295626.0 0.0327 0.0327 0.0327 15.151 15.151 15.151 
9050000.0 38261.0 296042.0 296042.0 296042.0 0.0327 0.0327 0.0327 14.518 14.518 14.518 
9060000.0 38289.0 296401.0 296401.0 296401.0 0.0327 0.0327 0.0327 13.717 13.717 13.717 
9070000.0 38316.0 296836.0 296836.0 296836.0 0.0327 0.0327 0.0327 14.394 14.394 14.394 
9080000.0 38345.0 297230.0 297230.0 297230.0 0.0327 0.0327 0.0327 14.062 14.062 14.062 
9090000.0 38376.0 297567.0 297567.0 297567.0 0.0327 0.0327 0.0327 12.22 12.22 12.22 
9100000.0 38405.0 297977.0 297977.0 297977.0 0.0327 0.0327 0.0327 13.174 13.174 13.174 
9110000.0 38437.0 298319.0 298319.0 298319.0 0.0327 0.0327 0.0327 11.963 11.963 11.963 
9120000.0 38463.0 298713.0 298713.0 298713.0 0.0328 0.0328 0.0328 12.813 12.813 12.813 
9130000.0 38489.0 299141.0 299141.0 299141.0 0.0328 0.0328 0.0328 14.405 14.405 14.405 
9140000.0 38516.0 299565.0 299565.0 299565.0 0.0328 0.0328 0.0328 15.224 15.224 15.224 
9150000.0 38538.0 299953.0 299953.0 299953.0 0.0328 0.0328 0.0328 15.368 15.368 15.368 
9160000.0 38558.0 300309.0 300309.0 300309.0 0.0328 0.0328 0.0328 16.686 16.686 16.686 
9170000.0 38583.0 300590.0 300590.0 300590.0 0.0328 0.0328 0.0328 14.567 14.567 14.567 
9180000.0 38609.0 300972.0 300972.0 300972.0 0.0328 0.0328 0.0328 14.806 14.806 14.806 
9190000.0 38632.0 301370.0 301370.0 301370.0 0.0328 0.0328 0.0328 15.938 15.938 15.938 
9200000.0 38656.0 301655.0 301655.0 301655.0 0.0328 0.0328 0.0328 14.47 14.47 14.47 
9210000.0 38676.0 301984.0 301984.0 301984.0 0.0328 0.0328 0.0328 15.093 15.093 15.093 
9220000.0 38703.0 302367.0 302367.0 302367.0 0.0328 0.0328 0.0328 14.234 14.234 14.234 
9230000.0 38730.0 302798.0 302798.0 302798.0 0.0328 0.0328 0.0328 14.795 14.795 14.795 
9240000.0 38778.0 303015.0 303015.0 303015.0 0.0328 0.0328 0.0328 8.126 8.126 8.126 
9250000.0 38847.0 303228.0 303228.0 303228.0 0.0328 0.0328 0.0328 4.908 4.908 4.908 
9260000.0 38873.0 303540.0 303540.0 303540.0 0.0328 0.0328 0.0328 8.04 8.04 8.04 
9270000.0 38895.0 303900.0 303900.0 303900.0 0.0328 0.0328 0.0328 10.967 10.967 10.967 
9280000.0 38920.0 304316.0 304316.0 304316.0 0.0328 0.0328 0.0328 12.897 12.897 12.897 
9290000.0 38945.0 304723.0 304723.0 304723.0 0.0328 0.0328 0.0328 14.407 14.407 14.407 
9300000.0 38964.0 305023.0 305023.0 305023.0 0.0328 0.0328 0.0328 14.353 14.353 14.353 
9310000.0 38992.0 305395.0 305395.0 305395.0 0.0328 0.0328 0.0328 14.251 14.251 14.251 
9320000.0 39032.0 305685.0 305685.0 305685.0 0.0328 0.0328 0.0328 9.901 9.901 9.901 
9330000.0 39062.0 306011.0 306011.0 306011.0 0.0328 0.0328 0.0328 10.377 10.377 10.377 
9340000.0 39089.0 306379.0 306379.0 306379.0 0.0328 0.0328 0.0328 12.039 12.039 12.039 
9350000.0 39115.0 306800.0 306800.0 306800.0 0.0328 0.0328 0.0328 13.749 13.749 13.749 
9360000.0 39134.0 307163.0 307163.0 307163.0 0.0328 0.0328 0.0328 15.158 15.158 15.158 
9370000.0 39165.0 307548.0 307548.0 307548.0 0.0328 0.0328 0.0328 13.926 13.926 13.926 
9380000.0 39215.0 307843.0 307843.0 307843.0 0.0328 0.0328 0.0328 7.886 7.886 7.886 
9390000.0 39291.0 308015.0 308015.0 308015.0 0.0328 0.0328 0.0328 3.944 3.944 3.944 
9400000.0 39316.0 308380.0 308380.0 308380.0 0.0328 0.0328 0.0328 7.748 7.748 7.748 
9410000.0 39340.0 308702.0 308702.0 308702.0 0.0328 0.0328 0.0328 10.033 10.033 10.033 
9420000.0 39364.0 309086.0 309086.0 309086.0 0.0328 0.0328 0.0328 12.004 12.004 12.004 
9430000.0 39389.0 309433.0 309433.0 309433.0 0.0328 0.0328 0.0328 12.97 12.97 12.97 
9440000.0 39415.0 309814.0 309814.0 309814.0 0.0328 0.0328 0.0328 13.421 13.421 13.421 
9450000.0 39443.0 310220.0 310220.0 310220.0 0.0328 0.0328 0.0328 13.731 13.731 13.731 
9460000.0 39471.0 310606.0 310606.0 310606.0 0.0328 0.0328 0.0328 13.777 13.777 13.777 
9470000.0 39498.0 310988.0 310988.0 310988.0 0.0328 0.0328 0.0328 13.845 13.845 13.845 
9480000.0 39523.0 311385.0 311385.0 311385.0 0.0328 0.0328 0.0328 14.608 14.608 14.608 
9490000.0 39542.0 311795.0 311795.0 311795.0 0.0329 0.0329 0.0329 16.03 16.03 16.03 
9500000.0 39568.0 312187.0 312187.0 312187.0 0.0329 0.0329 0.0329 16.532 16.532 16.532 
9510000.0 39595.0 312606.0 312606.0 312606.0 0.0329 0.0329 0.0329 15.993 15.993 15.993 
9520000.0 39625.0 312996.0 312996.0 312996.0 0.0329 0.0329 0.0329 14.282 14.282 14.282 
9530000.0 39645.0 313313.0 313313.0 313313.0 0.0329 0.0329 0.0329 15.063 15.063 15.063 
9540000.0 39671.0 313658.0 313658.0 313658.0 0.0329 0.0329 0.0329 14.137 14.137 14.137 
9550000.0 39691.0 313976.0 313976.0 313976.0 0.0329 0.0329 0.0329 14.866 14.866 14.866 
9560000.0 39716.0 314355.0 314355.0 314355.0 0.0329 0.0329 0.0329 14.307 14.307 14.307 
9570000.0 39756.0 314668.0 314668.0 314668.0 0.0329 0.0329 0.0329 11.551 11.551 11.551 
9580000.0 39781.0 314980.0 314980.0 314980.0 0.0329 0.0329 0.0329 12.126 12.126 12.126 
9590000.0 39807.0 315401.0 315401.0 315401.0 0.0329 0.0329 0.0329 13.181 13.181 13.181 
9600000.0 39832.0 315737.0 315737.0 315737.0 0.0329 0.0329 0.0329 14.071 14.071 14.071 
9610000.0 39853.0 316080.0 316080.0 316080.0 0.0329 0.0329 0.0329 14.763 14.763 14.763 
9620000.0 39912.0 316256.0 316256.0 316256.0 0.0329 0.0329 0.0329 6.74 6.74 6.74 
9630000.0 39953.0 316526.0 316526.0 316526.0 0.0329 0.0329 0.0329 6.819 6.819 6.819 
9640000.0 39980.0 316969.0 316969.0 316969.0 0.0329 0.0329 0.0329 10.968 10.968 10.968 
9650000.0 40006.0 317317.0 317317.0 317317.0 0.0329 0.0329 0.0329 11.72 11.72 11.72 
9660000.0 40037.0 317642.0 317642.0 317642.0 0.0329 0.0329 0.0329 11.23 11.23 11.23 
9670000.0 40055.0 317983.0 317983.0 317983.0 0.0329 0.0329 0.0329 13.328 13.328 13.328 
9680000.0 40083.0 318408.0 318408.0 318408.0 0.0329 0.0329 0.0329 13.819 13.819 13.819 
9690000.0 40114.0 318769.0 318769.0 318769.0 0.0329 0.0329 0.0329 13.154 13.154 13.154 
9700000.0 40133.0 319070.0 319070.0 319070.0 0.0329 0.0329 0.0329 14.087 14.087 14.087 
9710000.0 40158.0 319478.0 319478.0 319478.0 0.0329 0.0329 0.0329 14.473 14.473 14.473 
9720000.0 40185.0 319860.0 319860.0 319860.0 0.0329 0.0329 0.0329 13.946 13.946 13.946 
9730000.0 40206.0 320229.0 320229.0 320229.0 0.0329 0.0329 0.0329 15.131 15.131 15.131 
9740000.0 40226.0 320516.0 320516.0 320516.0 0.0329 0.0329 0.0329 14.88 14.88 14.88 
9750000.0 40251.0 320960.0 320960.0 320960.0 0.0329 0.0329 0.0329 15.89 15.89 15.89 
9760000.0 40282.0 321297.0 321297.0 321297.0 0.0329 0.0329 0.0329 13.332 13.332 13.332 
9770000.0 40322.0 321622.0 321622.0 321622.0 0.0329 0.0329 0.0329 11.008 11.008 11.008 
9780000.0 40349.0 322015.0 322015.0 322015.0 0.0329 0.0329 0.0329 12.6 12.6 12.6 
9790000.0 40374.0 322370.0 322370.0 322370.0 0.0329 0.0329 0.0329 13.262 13.262 13.262 
9800000.0 40397.0 322784.0 322784.0 322784.0 0.0329 0.0329 0.0329 14.902 14.902 14.902 
9810000.0 40436.0 323071.0 323071.0 323071.0 0.0329 0.0329 0.0329 10.328 10.328 10.328 
9820000.0 40473.0 323370.0 323370.0 323370.0 0.0329 0.0329 0.0329 9.615 9.615 9.615 
9830000.0 40495.0 323799.0 323799.0 323799.0 0.0329 0.0329 0.0329 12.421 12.421 12.421 
9840000.0 40519.0 324105.0 324105.0 324105.0 0.0329 0.0329 0.0329 13.263 13.263 13.263 
9850000.0 40540.0 324470.0 324470.0 324470.0 0.0329 0.0329 0.0329 14.75 14.75 14.75 
9860000.0 40567.0 324815.0 324815.0 324815.0 0.0329 0.0329 0.0329 13.679 13.679 13.679 
9870000.0 40594.0 325201.0 325201.0 325201.0 0.0329 0.0329 0.0329 14.031 14.031 14.031 
9880000.0 40619.0 325567.0 325567.0 325567.0 0.033 0.033 0.033 13.647 13.647 13.647 
9890000.0 40644.0 325931.0 325931.0 325931.0 0.033 0.033 0.033 14.389 14.389 14.389 
9900000.0 40661.0 326280.0 326280.0 326280.0 0.033 0.033 0.033 15.459 15.459 15.459 
9910000.0 40680.0 326584.0 326584.0 326584.0 0.033 0.033 0.033 16.14 16.14 16.14 
9920000.0 40701.0 326977.0 326977.0 326977.0 0.033 0.033 0.033 16.964 16.964 16.964 
9930000.0 40726.0 327324.0 327324.0 327324.0 0.033 0.033 0.033 15.743 15.743 15.743 
9940000.0 40753.0 327669.0 327669.0 327669.0 0.033 0.033 0.033 14.766 14.766 14.766 
9950000.0 40816.0 327983.0 327983.0 327983.0 0.033 0.033 0.033 7.476 7.476 7.476 
9960000.0 40837.0 328404.0 328404.0 328404.0 0.033 0.033 0.033 11.35 11.35 11.35 
9970000.0 40860.0 328727.0 328727.0 328727.0 0.033 0.033 0.033 12.199 12.199 12.199 
9980000.0 40887.0 329080.0 329080.0 329080.0 0.033 0.033 0.033 12.952 12.952 12.952 
9990000.0 40908.0 329487.0 329487.0 329487.0 0.033 0.033 0.033 15.345 15.345 15.345 
10000000.0 40932.0 329825.0 329825.0 329825.0 0.033 0.033 0.033 14.689 14.689 14.689 
