10000 459 21.673 5544.418 11.742 0.0261 0 0 0 
20000 917 21.567 11055.96 11.925 0.0259 0 0 0 
30000 1388 25.257 16038.432 20.128 0.089 0 0 0 
40000 1823 21.809 24363.783 18.525 0.0767 0 0 0 
50000 2310 20.751 32542.475 16.681 0.073 0 0 0 
60000 2792 20.718 40499.324 16.595 0.0729 0 0 0 
70000 3180 31.822 48598.163 26.517 0.1133 0 0 0 
80000 3413 47.885 57424.285 41.896 0.17 0 0 0 
90000 3633 47.468 66811.343 44.867 0.1683 0 0 0 
100000 3819 69.173 75216.309 52.071 0.2424 0 0 0 
110000 3993 65.402 84274.571 56.607 0.2318 0 0 0 
120000 4122 70.562 92330.985 59.102 0.2513 0 0 0 
130000 4260 72.244 101212.825 65.091 0.2571 0 0 0 
140000 4365 94.241 109780.139 81.417 0.3336 0 0 0 
150000 4440 120.078 117723.157 98.518 0.4205 0 0 0 
160000 4513 137.66 126083.657 113.927 0.4878 0 0 0 
170000 4592 128.535 134436.227 107.479 0.4578 0 0 0 
180000 4648 164.125 142138.275 128.623 0.5829 0 0 0 
190000 4693 196.425 149309.204 145.59 0.6992 0 0 0 
200000 4733 229.795 156227.857 163.068 0.8055 0 0 0 
210000 4763 281.511 163337.922 199.309 0.9963 0 0 0 
220000 4788 322.777 170246.858 226.389 1.1476 0 0 0 
230000 4815 341.946 177136.54 238.001 1.2168 0 0 0 
240000 4848 324.538 184268.815 227.703 1.1597 0 0 0 
250000 4871 373.027 191020.851 256.877 1.3309 0 0 0 
260000 4905 333.323 197841.867 227.87 1.1863 0 0 0 
270000 4931 353.43 204909.413 245.289 1.259 0 0 0 
280000 4950 410.082 211688.661 282.09 1.4542 0 0 0 
290000 4970 439.3 218193.329 296.035 1.5565 0 0 0 
300000 4986 495.211 224790.769 331.438 1.7478 0 0 0 
310000 4999 563.142 231074.776 369.589 1.9964 0 0 0 
320000 5010 626.702 238162.09 420.233 2.2241 0 0 0 
330000 5021 682.501 244424.134 450.014 2.4275 0 0 0 
340000 5035 696.755 251890.525 475.006 2.4784 0 0 0 
350000 5053 657.976 259426.553 460.56 2.3382 0 0 0 
360000 5064 711.893 266380.753 497.44 2.5302 0 0 0 
370000 5074 760.436 273211.858 528.366 2.707 0 0 0 
380000 5084 798.555 280608.968 561.977 2.8463 0 0 0 
390000 5095 819.021 287583.04 576.246 2.9224 0 0 0 
400000 5112 758.069 294858.751 535.993 2.6989 0 0 0 
410000 5131 679.861 301762.881 477.28 2.4228 0 0 0 
420000 5160 529.305 308925.418 373.062 1.8869 0 0 0 
430000 5194 409.972 316261.972 292.992 1.4637 0 0 0 
440000 5216 413.671 324256.527 309.008 1.4787 0 0 0 
450000 5227 513.532 332546.444 397.21 1.828 0 0 0 
460000 5239 587.02 340804.541 464.138 2.0844 0 0 0 
470000 5251 635.519 349397.351 513.454 2.2616 0 0 0 
480000 5261 702.192 358081.888 581.794 2.4987 0 0 0 
490000 5272 755.934 366571.58 628.826 2.6946 0 0 0 
500000 5286 734.565 375952.414 627.83 2.6175 0 0 0 
510000 5298 759.943 384881.932 660.703 2.705 0 0 0 
520000 5312 758.138 391401.75 617.891 2.7138 0 0 0 
530000 5322 789.33 399246.532 640.114 2.8326 0 0 0 
540000 5333 811.112 405669.713 627.762 2.9147 0 0 0 
550000 5353 703.751 413171.29 539.855 2.5237 0 0 0 
560000 5380 565.713 420875.798 435.795 2.0281 0 0 0 
570000 5403 526.449 428618.724 405.451 1.8819 0 0 0 
580000 5417 554.678 436270.056 425.47 1.9877 0 0 0 
590000 5432 588.293 444755.131 465.785 2.1025 0 0 0 
600000 5453 541.506 453091.514 435.309 1.9346 0 0 0 
610000 5470 551.409 463163.913 475.38 1.971 0 0 0 
620000 5482 623.593 473340.874 567.72 2.2318 0 0 0 
630000 5500 603.332 481815.602 538.406 2.1612 0 0 0 
640000 5510 665.041 492322.461 623.711 2.3765 0 0 0 
650000 5521 715.82 502483.186 683.423 2.5576 0 0 0 
660000 5532 750.361 513710.715 744.836 2.6768 0 0 0 
670000 5544 781.479 524838.551 800.592 2.7863 0 0 0 
680000 5558 761.245 534236.359 766.143 2.7078 0 0 0 
690000 5571 761.299 541164.901 711.764 2.7159 0 0 0 
700000 5588 718.413 547615.566 620.909 2.5657 0 0 0 
710000 5601 715.438 554163.706 580.321 2.5584 0 0 0 
720000 5613 745.065 563189.776 619.802 2.6624 0 0 0 
730000 5626 747.327 573385.044 654.793 2.6563 0 0 0 
740000 5641 737.475 583479.948 672.172 2.622 0 0 0 
750000 5654 734.088 594128.394 695.879 2.6075 0 0 0 
760000 5666 763.545 604583.079 742.355 2.7113 0 0 0 
770000 5698 552.975 615705.497 558.734 1.9582 0 0 0 
780000 5720 514.284 626148.907 525.35 1.8275 0 0 0 
790000 5749 448.217 635100.879 436.134 1.596 0 0 0 
800000 5767 475.649 646875.935 495.013 1.6851 0 0 0 
810000 5793 429.332 656807.788 443.551 1.5203 0 0 0 
820000 5818 413.816 665735.493 405.093 1.4644 0 0 0 
830000 5845 396.796 675756.692 390.988 1.4005 0 0 0 
840000 5902 234.812 686170.95 237.252 0.8272 0 0 0 
850000 5994 138.504 696552.749 146.905 0.4883 0 0 0 
860000 6042 185.033 707708.3 201.545 0.6564 0 0 0 
870000 6076 246.621 717726.375 255.99 0.87 0 0 0 
880000 6091 360.489 728233.592 378.938 1.2693 0 0 0 
890000 6102 474.192 738108.683 484.078 1.6661 0 0 0 
900000 6118 517.794 750097.208 561.154 1.8257 0 0 0 
910000 6132 567.495 762560.674 644.756 2.0059 0 0 0 
920000 6147 585.593 775175.164 684.83 2.0666 0 0 0 
930000 6163 606.19 786089.854 698.474 2.1289 0 0 0 
940000 6179 600.938 795218.727 651.146 2.1178 0 0 0 
950000 6190 669.15 807823.103 760.387 2.3664 0 0 0 
960000 6206 657.445 819878.578 757.738 2.3255 0 0 0 
970000 6219 681.522 830419.77 767.554 2.4088 0 0 0 
980000 6235 667.014 839899.176 720.913 2.3629 0 0 0 
990000 6251 648.436 847378.95 646.526 2.2982 0 0 0 
1000000 6266 651.523 855946.816 620.784 2.3171 0 0 0 
1010000 6278 684.778 865021.741 652.54 2.4374 0 0 0 
1020000 6295 653.893 873322.489 601.682 2.3324 0 0 0 
1030000 6310 653.156 881548.492 583.415 2.336 0 0 0 
1040000 6321 712.66 891753.218 654.828 2.5518 0 0 0 
1050000 6332 741.994 901393.629 692.995 2.6545 0 0 0 
1060000 6344 774.832 911766.677 744.153 2.7679 0 0 0 
1070000 6359 747.413 922251.329 731.814 2.6637 0 0 0 
1080000 6374 720.997 932872.299 719.767 2.5744 0 0 0 
1090000 6391 669.061 942770.887 669.302 2.3897 0 0 0 
1100000 6409 642.288 949732.976 587.315 2.2938 0 0 0 
1110000 6431 571.817 955757.464 476.876 2.0657 0 0 0 
1120000 6459 469.509 962083.52 363.653 1.7505 0 0 0 
1130000 6483 454.226 969280.676 342.675 1.6666 0 0 0 
1140000 6505 449.371 978190.463 358.403 1.6376 0 0 0 
1150000 6521 499.135 987235.461 416.482 1.8189 0 0 0 
1160000 6536 541.968 997435.389 485.547 1.9584 0 0 0 
1170000 6548 601.932 1010056.368 598.906 2.1598 0 0 0 
1180000 6561 652.294 1023548.116 719.76 2.3279 0 0 0 
1190000 6571 712.253 1037541.314 838.406 2.5355 0 0 0 
1200000 6588 671.955 1050400.918 809.96 2.383 0 0 0 
1210000 6606 644.0 1062836.387 782.989 2.2791 0 0 0 
1220000 6635 505.522 1070931.935 547.283 1.7901 0 0 0 
1230000 6704 217.896 1075899.528 181.691 0.7734 0 0 0 
1240000 6756 212.388 1084200.51 176.547 0.758 0 0 0 
1250000 6788 258.716 1092278.767 216.637 0.9254 0 0 0 
1260000 6829 250.483 1101498.122 221.713 0.8948 0 0 0 
1270000 6862 274.16 1110117.463 242.675 0.9752 0 0 0 
1280000 6876 377.545 1116858.305 298.16 1.3425 0 0 0 
1290000 6889 472.391 1124198.96 362.203 1.6818 0 0 0 
1300000 6899 568.905 1132297.655 445.922 2.0333 0 0 0 
1310000 6913 610.495 1141652.677 500.307 2.1817 0 0 0 
1320000 6925 655.053 1152632.609 585.697 2.3363 0 0 0 
1330000 6936 699.796 1163624.397 672.851 2.4894 0 0 0 
1340000 6951 690.194 1172874.716 656.949 2.448 0 0 0 
1350000 6968 671.651 1182911.075 644.606 2.383 0 0 0 
1360000 6987 626.813 1189498.247 550.218 2.2303 0 0 0 
1370000 7001 645.37 1195886.582 523.371 2.2971 0 0 0 
1380000 7011 696.136 1202926.516 546.516 2.4748 0 0 0 
1390000 7025 711.823 1212501.465 589.068 2.5321 0 0 0 
1400000 7039 698.509 1220071.045 569.545 2.4836 0 0 0 
1410000 7059 646.028 1228173.715 522.312 2.2967 0 0 0 
1420000 7076 624.184 1235719.269 491.773 2.2207 0 0 0 
1430000 7088 676.788 1243993.482 542.523 2.4091 0 0 0 
1440000 7098 731.944 1250353.68 557.761 2.607 0 0 0 
1450000 7108 777.515 1258458.251 598.572 2.7666 0 0 0 
1460000 7121 775.24 1265628.02 591.634 2.7588 0 0 0 
1470000 7136 737.048 1274704.053 583.627 2.62 0 0 0 
1480000 7149 757.112 1282784.159 603.589 2.6938 0 0 0 
1490000 7172 626.528 1289999.58 487.792 2.2235 0 0 0 
1500000 7197 543.696 1298171.142 430.195 1.9313 0 0 0 
1510000 7211 573.019 1308569.928 493.776 2.0347 0 0 0 
1520000 7223 627.452 1318912.0 570.792 2.2196 0 0 0 
1530000 7238 638.137 1329212.514 600.782 2.2511 0 0 0 
1540000 7251 661.717 1337584.289 605.893 2.3394 0 0 0 
1550000 7263 708.522 1346864.851 650.578 2.5082 0 0 0 
1560000 7285 621.522 1352751.889 516.281 2.211 0 0 0 
1570000 7305 573.195 1359153.114 445.35 2.0413 0 0 0 
1580000 7327 527.283 1365916.337 394.31 1.8795 0 0 0 
1590000 7345 535.979 1374208.519 413.789 1.907 0 0 0 
1600000 7358 588.531 1382880.169 472.171 2.0979 0 0 0 
1610000 7377 570.21 1390340.919 447.441 2.0316 0 0 0 
1620000 7388 637.376 1398819.464 513.856 2.2642 0 0 0 
1630000 7402 658.02 1409191.056 570.939 2.3331 0 0 0 
1640000 7417 661.117 1421188.466 633.576 2.3459 0 0 0 
1650000 7427 723.108 1433597.404 745.903 2.562 0 0 0 
1660000 7441 721.391 1446994.242 797.78 2.5533 0 0 0 
1670000 7455 722.179 1458002.301 796.133 2.5547 0 0 0 
1680000 7469 717.992 1466660.788 750.8 2.5502 0 0 0 
1690000 7485 692.352 1474383.412 676.707 2.4547 0 0 0 
1700000 7498 704.449 1481495.942 640.082 2.4972 0 0 0 
1710000 7521 604.754 1490672.283 553.71 2.1468 0 0 0 
1720000 7537 608.5 1500618.019 572.628 2.1614 0 0 0 
1730000 7554 595.803 1509526.117 555.796 2.1158 0 0 0 
1740000 7575 556.378 1518234.968 508.199 1.9809 0 0 0 
1750000 7589 593.276 1526170.012 517.954 2.1155 0 0 0 
1760000 7611 540.768 1536119.281 490.687 1.9263 0 0 0 
1770000 7630 538.138 1544498.191 475.236 1.9173 0 0 0 
1780000 7648 538.471 1552547.278 462.872 1.9201 0 0 0 
1790000 7663 567.359 1560994.142 483.962 2.0202 0 0 0 
1800000 7677 611.909 1569606.381 523.077 2.176 0 0 0 
1810000 7689 648.837 1578346.694 555.845 2.3097 0 0 0 
1820000 7703 675.454 1586369.71 570.026 2.4006 0 0 0 
1830000 7723 611.59 1594246.736 509.113 2.1674 0 0 0 
1840000 7743 579.887 1602618.703 483.223 2.0449 0 0 0 
1850000 7759 588.297 1611502.403 499.181 2.0763 0 0 0 
1860000 7774 610.405 1620615.039 530.7 2.1569 0 0 0 
1870000 7791 597.059 1629622.943 523.058 2.1187 0 0 0 
1880000 7813 546.498 1638762.925 484.356 1.9429 0 0 0 
1890000 7841 462.488 1646348.529 393.591 1.6475 0 0 0 
1900000 7865 438.532 1654463.775 366.291 1.5623 0 0 0 
1910000 7889 430.299 1662632.697 356.03 1.5284 0 0 0 
1920000 7902 511.938 1671482.435 436.196 1.8176 0 0 0 
1930000 7924 487.917 1678214.574 387.998 1.7317 0 0 0 
1940000 7945 485.005 1684357.955 356.075 1.7242 0 0 0 
1950000 7960 520.199 1691297.551 375.345 1.8557 0 0 0 
1960000 7976 563.692 1698408.213 404.188 2.0126 0 0 0 
1970000 7992 580.326 1706215.444 427.199 2.0772 0 0 0 
1980000 8002 648.113 1712902.262 467.59 2.3232 0 0 0 
1990000 8015 676.746 1720121.604 482.78 2.423 0 0 0 
2000000 8028 705.844 1727949.289 516.09 2.524 0 0 0 
2010000 8043 692.08 1735635.953 514.478 2.4754 0 0 0 
2020000 8057 711.633 1742920.947 526.664 2.5436 0 0 0 
2030000 8073 685.123 1749692.565 492.615 2.449 0 0 0 
2040000 8097 585.03 1757148.745 423.827 2.0909 0 0 0 
2050000 8115 564.434 1765665.247 430.326 2.0164 0 0 0 
2060000 8144 474.385 1775971.132 404.996 1.6888 0 0 0 
2070000 8168 454.382 1786791.108 423.904 1.6137 0 0 0 
2080000 8178 554.19 1796368.122 525.077 1.9688 0 0 0 
2090000 8190 606.978 1804348.831 547.058 2.1664 0 0 0 
2100000 8201 674.355 1812151.836 586.532 2.4102 0 0 0 
2110000 8212 716.038 1818940.283 587.904 2.5625 0 0 0 
2120000 8226 710.432 1826243.06 567.432 2.5472 0 0 0 
2130000 8241 709.877 1832377.19 534.828 2.5484 0 0 0 
2140000 8254 720.366 1838430.744 513.803 2.5823 0 0 0 
2150000 8265 758.507 1846151.548 553.825 2.72 0 0 0 
2160000 8276 776.624 1854843.49 591.768 2.7731 0 0 0 
2170000 8289 777.994 1865029.305 636.732 2.7795 0 0 0 
2180000 8305 736.57 1873889.937 620.328 2.6337 0 0 0 
2190000 8330 606.261 1882662.559 514.842 2.1627 0 0 0 
2200000 8356 507.397 1890443.804 419.672 1.8055 0 0 0 
2210000 8369 559.052 1897941.66 452.448 1.9936 0 0 0 
2220000 8388 561.112 1907910.53 484.806 2.0057 0 0 0 
2230000 8399 621.039 1916401.036 535.97 2.2266 0 0 0 
2240000 8411 664.778 1923318.495 543.091 2.3877 0 0 0 
2250000 8426 673.616 1930554.781 530.157 2.4268 0 0 0 
2260000 8441 668.175 1937826.336 515.254 2.4025 0 0 0 
2270000 8454 698.616 1945252.14 533.81 2.5066 0 0 0 
2280000 8473 635.957 1953337.38 494.139 2.2844 0 0 0 
2290000 8492 597.554 1960773.984 459.082 2.147 0 0 0 
2300000 8512 565.568 1968470.988 433.555 2.0293 0 0 0 
2310000 8525 603.872 1975176.746 449.558 2.1702 0 0 0 
2320000 8537 657.669 1981698.376 472.743 2.3644 0 0 0 
2330000 8550 690.71 1987644.294 472.955 2.4814 0 0 0 
2340000 8564 700.165 1993622.719 463.284 2.5161 0 0 0 
2350000 8576 719.015 1999999.633 464.521 2.583 0 0 0 
2360000 8588 752.916 2007211.326 506.736 2.709 0 0 0 
2370000 8606 683.835 2014308.563 467.309 2.4586 0 0 0 
2380000 8623 657.458 2021922.378 463.638 2.3624 0 0 0 
2390000 8639 637.03 2028582.839 443.564 2.2915 0 0 0 
2400000 8650 687.888 2034143.379 455.623 2.4769 0 0 0 
2410000 8663 714.489 2042252.864 499.719 2.5744 0 0 0 
2420000 8679 692.773 2053183.144 551.936 2.4831 0 0 0 
2430000 8693 691.853 2061587.066 555.529 2.4794 0 0 0 
2440000 8707 697.614 2070477.097 573.123 2.5047 0 0 0 
2450000 8719 733.677 2078243.302 602.683 2.6366 0 0 0 
2460000 8730 772.763 2085873.223 623.944 2.7811 0 0 0 
2470000 8741 797.19 2097334.827 704.034 2.8616 0 0 0 
2480000 8751 834.289 2105049.526 714.919 2.9991 0 0 0 
2490000 8763 834.438 2115328.867 744.659 3.003 0 0 0 
2500000 8773 850.436 2126386.552 792.699 3.0598 0 0 0 
2510000 8785 843.111 2139626.117 855.929 3.0237 0 0 0 
2520000 8796 863.23 2152999.787 936.346 3.0963 0 0 0 
2530000 8808 856.921 2166537.01 982.427 3.07 0 0 0 
2540000 8820 842.24 2179341.48 983.097 3.0144 0 0 0 
2550000 8839 747.035 2188907.648 838.936 2.6751 0 0 0 
2560000 8859 658.628 2196740.87 685.405 2.3531 0 0 0 
2570000 8884 549.874 2206036.611 550.629 1.9702 0 0 0 
2580000 8897 586.9 2217451.553 613.194 2.1031 0 0 0 
2590000 8913 607.123 2230019.781 671.477 2.1765 0 0 0 
2600000 8937 527.671 2241320.158 586.749 1.8976 0 0 0 
2610000 8965 437.93 2254040.053 508.329 1.5779 0 0 0 
2620000 9011 300.431 2266291.003 355.858 1.0787 0 0 0 
2630000 9079 185.772 2276250.062 195.408 0.6695 0 0 0 
2640000 9139 180.763 2287194.536 193.282 0.6501 0 0 0 
2650000 9152 323.387 2301019.698 404.29 1.1657 0 0 0 
2660000 9162 444.554 2312221.112 529.752 1.6062 0 0 0 
2670000 9176 500.388 2321596.984 546.989 1.8105 0 0 0 
2680000 9190 565.01 2328676.121 556.974 2.0482 0 0 0 
2690000 9206 579.274 2336351.488 534.633 2.0979 0 0 0 
2700000 9221 588.597 2345884.977 545.99 2.134 0 0 0 
2710000 9234 623.381 2355463.749 583.306 2.2567 0 0 0 
2720000 9251 610.686 2363596.956 557.671 2.2052 0 0 0 
2730000 9268 603.436 2371751.335 532.625 2.1801 0 0 0 
2740000 9284 596.026 2381228.203 538.257 2.1534 0 0 0 
2750000 9301 608.461 2391971.742 578.322 2.1954 0 0 0 
2760000 9312 660.415 2402119.198 639.666 2.379 0 0 0 
2770000 9338 537.852 2411403.6 518.171 1.9362 0 0 0 
2780000 9352 581.369 2421999.058 573.441 2.089 0 0 0 
2790000 9367 606.496 2431924.033 600.535 2.18 0 0 0 
2800000 9382 616.391 2441927.244 611.211 2.2132 0 0 0 
2810000 9412 489.325 2450359.905 460.934 1.7574 0 0 0 
2820000 9433 490.982 2459021.014 449.084 1.7609 0 0 0 
2830000 9452 493.744 2468997.525 469.717 1.766 0 0 0 
2840000 9473 496.086 2478693.643 471.76 1.779 0 0 0 
2850000 9491 509.763 2490217.853 519.611 1.8296 0 0 0 
2860000 9508 530.883 2502272.906 570.734 1.906 0 0 0 
2870000 9528 527.351 2512725.293 562.744 1.8951 0 0 0 
2880000 9549 503.648 2522110.609 516.138 1.8081 0 0 0 
2890000 9567 516.694 2531174.997 509.636 1.8582 0 0 0 
2900000 9584 531.145 2539863.111 507.916 1.9129 0 0 0 
2910000 9617 415.018 2548551.538 381.797 1.4908 0 0 0 
2920000 9650 355.503 2557390.069 324.645 1.2763 0 0 0 
2930000 9667 417.242 2566317.552 367.151 1.4998 0 0 0 
2940000 9693 415.329 2575289.065 370.413 1.4927 0 0 0 
2950000 9710 457.408 2587419.913 457.41 1.639 0 0 0 
2960000 9722 547.567 2598810.844 573.938 1.9493 0 0 0 
2970000 9734 606.498 2610985.198 665.674 2.1638 0 0 0 
2980000 9747 644.478 2623625.18 735.998 2.2964 0 0 0 
2990000 9766 614.454 2636136.691 722.23 2.1865 0 0 0 
3000000 9787 559.569 2646778.219 640.84 1.9897 0 0 0 
3010000 9816 463.026 2655987.329 495.134 1.6484 0 0 0 
3020000 9832 509.696 2664426.08 504.738 1.821 0 0 0 
3030000 9845 570.871 2674832.408 573.923 2.0516 0 0 0 
3040000 9856 640.465 2682677.493 603.563 2.2978 0 0 0 
3050000 9870 644.72 2689029.386 556.138 2.3214 0 0 0 
3060000 9888 618.332 2696916.438 518.99 2.2194 0 0 0 
3070000 9918 487.583 2705278.871 409.281 1.7502 0 0 0 
3080000 9946 414.594 2713254.106 349.315 1.4827 0 0 0 
3090000 9978 381.098 2722644.37 325.509 1.3655 0 0 0 
3100000 10014 327.442 2734437.924 327.109 1.1721 0 0 0 
3110000 10031 394.871 2746072.962 421.656 1.4168 0 0 0 
3120000 10047 457.267 2756588.184 484.475 1.6429 0 0 0 
3130000 10061 525.556 2763477.58 494.233 1.8954 0 0 0 
3140000 10081 517.092 2768254.58 408.64 1.8625 0 0 0 
3150000 10098 534.531 2778160.719 458.127 1.9209 0 0 0 
3160000 10145 345.504 2787029.632 304.907 1.2386 0 0 0 
3170000 10184 292.556 2795850.925 261.365 1.0439 0 0 0 
3180000 10198 400.671 2807646.478 408.177 1.4327 0 0 0 
3190000 10210 500.455 2817910.86 512.451 1.7847 0 0 0 
3200000 10236 464.319 2830567.761 515.453 1.6595 0 0 0 
3210000 10258 456.467 2841975.6 510.948 1.6355 0 0 0 
3220000 10277 482.602 2852968.729 535.251 1.7301 0 0 0 
3230000 10291 543.114 2864343.237 607.12 1.9481 0 0 0 
3240000 10313 498.923 2874666.046 544.166 1.7883 0 0 0 
3250000 10332 492.722 2884118.762 516.145 1.7677 0 0 0 
3260000 10353 497.075 2893006.203 495.796 1.7833 0 0 0 
3270000 10376 466.348 2903170.158 465.894 1.6698 0 0 0 
3280000 10394 483.956 2914046.759 493.473 1.7429 0 0 0 
3290000 10420 450.436 2925476.506 480.816 1.6227 0 0 0 
3300000 10443 452.76 2935395.888 470.918 1.6316 0 0 0 
3310000 10456 525.284 2945082.05 532.315 1.8904 0 0 0 
3320000 10472 541.25 2954967.308 546.373 1.9467 0 0 0 
3330000 10499 481.537 2965445.349 492.667 1.7276 0 0 0 
3340000 10511 555.982 2976240.118 576.228 1.9903 0 0 0 
3350000 10525 584.47 2989238.556 647.105 2.0888 0 0 0 
3360000 10539 628.431 3002247.043 734.521 2.2408 0 0 0 
3370000 10553 634.302 3016277.429 776.636 2.2609 0 0 0 
3380000 10578 554.347 3029176.987 693.242 1.987 0 0 0 
3390000 10595 562.216 3042682.305 720.873 2.022 0 0 0 
3400000 10611 575.854 3054189.544 709.766 2.0777 0 0 0 
3410000 10627 599.347 3065407.672 723.967 2.1488 0 0 0 
3420000 10638 652.324 3077691.109 792.735 2.3421 0 0 0 
3430000 10653 662.61 3089411.905 795.411 2.3822 0 0 0 
3440000 10665 699.293 3098849.107 796.236 2.5095 0 0 0 
3450000 10679 697.446 3106626.902 734.233 2.5041 0 0 0 
3460000 10695 679.573 3114646.826 665.968 2.4452 0 0 0 
3470000 10711 666.795 3124640.918 655.706 2.3976 0 0 0 
3480000 10731 618.333 3133375.728 590.956 2.2164 0 0 0 
3490000 10753 554.659 3142716.255 526.228 1.9915 0 0 0 
3500000 10773 527.784 3152114.134 500.529 1.8983 0 0 0 
3510000 10797 489.054 3163406.836 492.452 1.7575 0 0 0 
3520000 10824 444.425 3174876.85 471.827 1.5881 0 0 0 
3530000 10843 471.181 3186851.437 525.24 1.6875 0 0 0 
3540000 10854 558.755 3198641.895 635.012 1.9994 0 0 0 
3550000 10875 524.816 3208485.018 571.381 1.8828 0 0 0 
3560000 10904 433.336 3220171.039 479.518 1.5562 0 0 0 
3570000 10925 458.819 3231075.662 505.143 1.6455 0 0 0 
3580000 10951 423.618 3242994.287 479.875 1.5219 0 0 0 
3590000 10966 498.701 3254618.614 570.668 1.7973 0 0 0 
3600000 10979 558.495 3266883.034 650.785 2.0087 0 0 0 
3610000 10998 557.798 3278842.691 658.93 2.0038 0 0 0 
3620000 11020 511.659 3290156.163 594.398 1.8352 0 0 0 
3630000 11036 537.092 3300918.945 612.204 1.9277 0 0 0 
3640000 11059 508.904 3308609.958 518.926 1.8283 0 0 0 
3650000 11081 479.219 3317602.073 470.344 1.7223 0 0 0 
3660000 11096 532.902 3324388.037 469.545 1.926 0 0 0 
3670000 11111 559.882 3331454.411 466.64 2.0271 0 0 0 
3680000 11131 541.025 3337904.545 418.553 1.96 0 0 0 
3690000 11149 551.18 3344368.507 405.174 2.0003 0 0 0 
3700000 11174 488.358 3353137.668 380.568 1.7724 0 0 0 
3710000 11194 491.777 3362174.928 405.639 1.7837 0 0 0 
3720000 11219 449.562 3373776.723 418.584 1.6145 0 0 0 
3730000 11234 510.178 3386072.254 527.673 1.8318 0 0 0 
3740000 11248 553.626 3399690.68 627.032 1.9875 0 0 0 
3750000 11259 634.236 3412362.412 746.972 2.2684 0 0 0 
3760000 11269 698.733 3425569.008 854.464 2.4981 0 0 0 
3770000 11280 746.651 3437747.714 909.904 2.6682 0 0 0 
3780000 11294 728.916 3449885.219 888.066 2.592 0 0 0 
3790000 11310 704.058 3461166.534 844.972 2.5147 0 0 0 
3800000 11323 734.009 3470171.669 822.311 2.6339 0 0 0 
3810000 11336 731.17 3478171.493 760.544 2.6287 0 0 0 
3820000 11350 727.798 3489048.846 765.782 2.6111 0 0 0 
3830000 11364 723.483 3497776.243 727.971 2.5978 0 0 0 
3840000 11380 703.267 3508067.279 714.775 2.5072 0 0 0 
3850000 11391 735.115 3520802.102 791.069 2.6265 0 0 0 
3860000 11405 734.996 3533838.864 832.173 2.6227 0 0 0 
3870000 11422 692.603 3546921.112 814.784 2.4742 0 0 0 
3880000 11438 668.246 3560011.996 807.18 2.3854 0 0 0 
3890000 11466 536.987 3572048.181 647.629 1.9216 0 0 0 
3900000 11490 482.744 3583914.52 577.387 1.7356 0 0 0 
3910000 11506 522.576 3596250.547 633.668 1.881 0 0 0 
3920000 11527 506.94 3609038.271 624.7 1.8195 0 0 0 
3930000 11540 562.32 3620505.267 679.375 2.0156 0 0 0 
3940000 11552 626.066 3631699.961 738.699 2.2511 0 0 0 
3950000 11582 485.025 3641243.446 539.041 1.7453 0 0 0 
3960000 11605 480.796 3648604.877 468.701 1.7338 0 0 0 
3970000 11630 443.849 3658431.605 431.638 1.5937 0 0 0 
3980000 11644 513.225 3670511.587 542.604 1.8449 0 0 0 
3990000 11655 591.685 3681533.244 634.3 2.1327 0 0 0 
4000000 11679 520.868 3690875.858 537.225 1.8739 0 0 0 
