10000 469 21.518 4077.076 8.85 0.0144 0.0 
20000 943 20.908 8133.811 7.902 0.014 0.0 
30000 1413 21.064 12142.48 8.454 0.0141 0.0 
40000 1886 21.86 16291.93 9.359 0.0148 0.0 
50000 2349 21.455 20705.923 9.18 0.0145 0.0 
60000 2816 21.588 24876.151 8.995 0.0143 0.0 
70000 3290 20.771 29161.826 9.244 0.0139 0.0 
80000 3759 21.255 33535.391 9.572 0.0144 0.0 
90000 4221 21.416 37928.719 9.824 0.0143 0.0 
100000 4688 22.097 42513.298 10.348 0.015 0.0 
110000 5172 25.211 46085.779 15.229 0.0637 0.0 
120000 5572 24.989 53459.47 19.751 0.0657 0.0 
130000 6002 23.511 61071.833 17.606 0.0595 0.0 
140000 6434 22.972 68246.878 16.631 0.058 0.0 
150000 6864 23.632 75398.423 17.684 0.0627 0.0 
160000 7188 32.976 82649.047 24.485 0.0848 0.0 
170000 7463 41.223 89759.379 28.425 0.1058 0.0 
180000 7668 55.769 97374.196 42.857 0.1403 0.0 
190000 7783 93.781 104934.114 68.723 0.2451 0.0 
200000 7829 176.39 110509.356 103.305 0.4512 0.0 
210000 7862 236.174 115452.139 124.823 0.6037 0.0 
220000 7941 138.938 123002.324 96.554 0.3518 0.0 
230000 8054 99.429 131566.365 81.982 0.2515 0.0 
240000 8158 92.848 139988.412 77.868 0.2324 0.0 
250000 8261 95.481 148353.07 79.739 0.2441 0.0 
260000 8377 88.422 156313.215 70.697 0.2216 0.0 
270000 8435 141.518 163062.996 99.127 0.3547 0.0 
280000 8473 201.007 169204.297 128.792 0.5058 0.0 
290000 8501 286.031 175337.389 178.093 0.7196 0.0 
300000 8511 404.64 181562.31 252.193 1.0185 0.0 
310000 8521 513.547 188039.168 324.672 1.3016 0.0 
320000 8531 602.533 194250.766 378.806 1.5248 0.0 
330000 8541 675.24 200696.832 426.853 1.7033 0.0 
340000 8551 734.648 207438.319 472.37 1.8598 0.0 
350000 8566 726.122 213392.719 458.529 1.8441 0.0 
360000 8585 668.923 219888.512 425.476 1.7023 0.0 
370000 8598 683.969 226118.962 432.615 1.7397 0.0 
380000 8609 737.905 231949.382 457.485 1.8736 0.0 
390000 8619 771.957 238264.488 480.681 1.9611 0.0 
400000 8642 644.648 244586.284 402.719 1.6342 0.0 
410000 8652 709.651 251278.549 451.299 1.7979 0.0 
420000 8665 735.926 257602.114 467.576 1.8558 0.0 
430000 8675 775.645 263720.851 487.902 1.9605 0.0 
440000 8686 800.773 270522.308 513.542 2.0269 0.0 
450000 8712 622.129 276770.583 396.315 1.5707 0.0 
460000 8743 489.625 283137.47 312.14 1.2337 0.0 
470000 8759 518.628 289723.674 333.705 1.3182 0.0 
480000 8769 606.684 296973.968 404.721 1.5431 0.0 
490000 8782 645.975 304247.199 441.965 1.6392 0.0 
500000 8795 683.698 311358.213 472.88 1.7475 0.0 
510000 8809 683.54 318828.917 482.211 1.7427 0.0 
520000 8819 741.429 326019.911 527.42 1.8896 0.0 
530000 8831 762.503 333255.355 542.878 1.9412 0.0 
540000 8841 805.948 340672.335 579.587 2.0381 0.0 
550000 8851 841.445 347941.253 606.972 2.1281 0.0 
560000 8864 818.397 355023.64 588.193 2.0752 0.0 
570000 8888 660.452 362294.271 476.082 1.6834 0.0 
580000 9289 18.414 362644.578 -5.002 0.0481 0.0 
590000 9374 144.494 367452.08 73.015 0.3727 0.0 
600000 9390 272.423 372950.854 145.497 0.705 0.0 
610000 9418 316.641 377869.857 162.801 0.8136 0.0 
620000 9434 396.905 383475.506 212.414 1.0189 0.0 
630000 9447 485.665 389690.23 275.81 1.2421 0.0 
640000 9464 513.721 396003.388 301.963 1.312 0.0 
650000 9491 448.319 402207.815 267.873 1.1522 0.0 
660000 9506 495.397 408231.121 295.696 1.2673 0.0 
670000 9520 558.501 414790.265 344.841 1.428 0.0 
680000 9534 588.76 421193.724 367.65 1.5036 0.0 
690000 9549 624.154 427015.838 382.031 1.6039 0.0 
700000 9560 681.948 433370.963 421.8 1.7479 0.0 
710000 9596 466.0 438576.973 273.161 1.1849 0.0 
720000 9612 511.515 445292.841 314.381 1.3033 0.0 
730000 9632 500.272 452080.924 318.194 1.2689 0.0 
740000 9683 305.823 458817.073 199.156 0.7855 0.0 
750000 9714 319.975 465099.726 204.617 0.8223 0.0 
760000 9762 241.822 471539.359 154.844 0.6146 0.0 
770000 9804 251.009 478191.284 164.236 0.6513 0.0 
780000 9820 355.641 484613.48 230.249 0.9244 0.0 
790000 9835 439.163 491517.48 292.254 1.1427 0.0 
800000 9845 541.756 498302.078 362.729 1.3933 0.0 
810000 9872 473.225 505256.847 321.094 1.2169 0.0 
820000 9898 449.537 512104.454 305.06 1.1529 0.0 
830000 9917 462.375 518587.491 309.247 1.1751 0.0 
840000 9930 536.178 525129.428 355.494 1.3631 0.0 
850000 9941 617.832 531610.664 407.51 1.5685 0.0 
860000 9956 634.608 537083.643 398.243 1.6105 0.0 
870000 9968 673.577 542579.216 409.058 1.707 0.0 
880000 9980 706.798 548402.033 424.029 1.7908 0.0 
890000 9995 692.939 553606.992 402.258 1.756 0.0 
900000 10009 699.939 559556.603 408.707 1.7827 0.0 
910000 10040 526.94 565384.926 306.045 1.3532 0.0 
920000 10080 384.668 571842.543 233.975 0.9847 0.0 
930000 10106 392.799 577889.738 237.33 1.0018 0.0 
940000 10117 498.79 583597.458 295.644 1.2636 0.0 
950000 10128 585.508 589571.923 347.93 1.4799 0.0 
960000 10142 609.796 595560.561 363.81 1.543 0.0 
970000 10156 638.361 600794.041 367.073 1.6147 0.0 
980000 10176 595.495 606698.669 345.021 1.511 0.0 
990000 10191 617.942 612748.062 362.784 1.5771 0.0 
1000000 10206 620.445 619180.97 373.729 1.5835 0.0 
1010000 10232 508.797 625388.214 308.102 1.2991 0.0 
1020000 10248 550.196 631119.938 328.642 1.412 0.0 
1030000 10266 553.075 636978.958 328.84 1.4231 0.0 
1040000 10283 561.693 643259.864 340.156 1.4492 0.0 
1050000 10304 532.234 649654.248 328.6 1.3686 0.0 
1060000 10323 537.966 655846.294 332.345 1.3859 0.0 
1070000 10337 574.333 661719.6 349.891 1.4771 0.0 
1080000 10357 536.859 667685.779 324.27 1.3793 0.0 
1090000 10370 595.003 673268.815 353.937 1.5313 0.0 
1100000 10385 617.421 679276.019 366.901 1.5827 0.0 
1110000 10405 580.399 685144.369 343.409 1.4876 0.0 
1120000 10421 594.098 691792.348 364.894 1.5236 0.0 
1130000 10439 577.12 698399.273 361.549 1.4778 0.0 
1140000 10459 550.055 704919.266 349.561 1.408 0.0 
1150000 10479 531.998 711474.644 341.235 1.3533 0.0 
1160000 10495 557.138 717555.521 352.979 1.4196 0.0 
1170000 10508 611.023 723686.47 382.231 1.5584 0.0 
1180000 10531 544.004 730103.182 343.23 1.3875 0.0 
1190000 10546 581.547 736761.931 373.693 1.486 0.0 
1200000 10560 597.863 743251.716 385.642 1.5325 0.0 
1210000 10572 650.781 750003.646 424.446 1.6684 0.0 
1220000 10583 707.171 756845.215 467.111 1.8043 0.0 
1230000 10600 671.467 763644.26 449.635 1.7124 0.0 
1240000 10614 680.735 770476.09 456.536 1.7392 0.0 
1250000 10626 715.901 777094.931 478.347 1.8297 0.0 
1260000 10643 675.772 783230.093 442.536 1.7125 0.0 
1270000 10655 717.908 789610.264 466.823 1.8295 0.0 
1280000 10665 766.987 795685.346 490.943 1.9574 0.0 
1290000 10678 753.894 801830.624 477.37 1.9245 0.0 
1300000 10699 669.731 808793.666 434.969 1.705 0.0 
1310000 10713 673.221 815700.59 445.463 1.7164 0.0 
1320000 10738 558.519 821498.397 357.996 1.4171 0.0 
1330000 10768 461.985 826747.236 278.194 1.1849 0.0 
1340000 10788 473.434 832351.671 278.186 1.2126 0.0 
1350000 10812 451.982 836874.115 243.922 1.1504 0.0 
1360000 10840 396.545 841132.207 196.86 1.0073 0.0 
1370000 10859 451.001 847301.803 244.736 1.1561 0.0 
1380000 10883 442.666 854115.758 264.821 1.1243 0.0 
1390000 10911 402.993 860268.866 243.279 1.0211 0.0 
1400000 10927 457.809 866427.496 279.292 1.1737 0.0 
1410000 10939 544.218 873301.297 344.639 1.3975 0.0 
1420000 10949 627.593 881023.025 423.53 1.6092 0.0 
1430000 10962 657.19 888151.984 449.61 1.7028 0.0 
1440000 10981 619.13 894022.034 406.604 1.5924 0.0 
1450000 11013 471.169 900612.783 309.802 1.2171 0.0 
1460000 11036 459.806 906963.68 297.904 1.1752 0.0 
1470000 11064 404.941 913844.773 267.678 1.0245 0.0 
1480000 11106 310.592 918847.662 184.36 0.7886 0.0 
1490000 11180 170.843 924167.167 94.957 0.4335 0.0 
1500000 11227 177.762 929234.391 93.395 0.449 0.0 
1510000 11246 301.011 934391.587 155.866 0.767 0.0 
1520000 11262 391.649 940261.5 214.855 1.0043 0.0 
1530000 11291 372.456 945542.952 200.926 0.9639 0.0 
1540000 11317 380.122 951051.415 206.846 0.9852 0.0 
1550000 11334 442.243 957041.916 249.448 1.1443 0.0 
1560000 11352 459.931 962629.838 258.394 1.182 0.0 
1570000 11371 479.794 968117.469 266.808 1.1484 0.0 
1580000 11388 520.01 974196.021 299.2 1.1728 0.0 
1590000 11406 518.914 979517.319 289.962 1.1287 0.0 
1600000 11426 516.556 984855.177 284.196 1.092 0.0 
1610000 11452 456.737 990383.955 250.89 1.2185 0.0 
1620000 11475 452.495 995487.004 243.199 1.4695 0.0 
1630000 11488 521.573 1001042.554 284.044 1.858 0.0 
1640000 11501 577.435 1006635.98 317.291 2.1725 0.0 
1650000 11517 589.083 1012889.213 336.667 2.3039 0.0 
1660000 11552 423.258 1018191.682 236.022 1.6693 0.0 
1670000 11572 446.761 1023834.685 251.518 1.7982 0.0 
1680000 11587 512.882 1029957.205 296.096 2.0865 0.0 
1690000 11604 532.894 1035989.915 311.955 2.1832 0.0 
1700000 11634 448.847 1041887.083 263.315 1.8498 0.0 
1710000 11651 483.041 1048216.675 291.323 2.0048 0.0 
1720000 11669 506.046 1054111.576 303.389 2.1049 0.0 
1730000 11693 477.225 1059332.797 273.258 1.9995 0.0 
1740000 11721 419.853 1064757.53 235.249 1.7409 0.0 
1750000 11744 425.886 1069517.973 224.726 1.7722 0.0 
1760000 11760 467.506 1074976.054 251.009 1.9619 0.0 
1770000 11783 457.803 1080456.247 246.287 1.9065 0.0 
1780000 11802 464.567 1085767.984 248.995 1.9288 0.0 
1790000 11823 478.709 1091447.233 262.09 1.9967 0.0 
1800000 11834 576.516 1097474.495 325.979 2.4201 0.0 
1810000 11850 588.014 1102780.005 327.231 2.4657 0.0 
1820000 11864 612.25 1108690.988 345.558 2.5641 0.0 
1830000 11884 587.926 1114281.745 331.205 2.4608 0.0 
1840000 11900 601.434 1120269.541 344.544 2.5063 0.0 
1850000 11925 514.251 1126258.98 298.863 2.1417 0.0 
1860000 11940 544.777 1132352.568 321.1 2.2651 0.0 
1870000 11957 568.48 1138488.92 339.766 2.3508 0.0 
1880000 11986 460.15 1144424.151 272.847 1.9179 0.0 
1890000 12011 436.107 1149002.847 239.25 1.817 0.0 
1900000 12083 208.21 1154053.194 110.476 0.8728 0.0 
1910000 12110 273.893 1159327.888 144.478 1.1367 0.0 
1920000 12125 369.287 1164920.856 201.547 1.5392 0.0 
1930000 12147 412.154 1170299.117 222.931 1.7258 0.0 
1940000 12161 488.688 1175351.642 257.233 2.0542 0.0 
1950000 12178 515.97 1180841.756 275.84 2.1666 0.0 
1960000 12194 545.45 1187032.804 305.899 2.2769 0.0 
1970000 12210 572.393 1192611.401 320.348 2.3741 0.0 
1980000 12223 617.901 1198260.893 346.379 2.5778 0.0 
1990000 12236 642.556 1203898.772 360.164 2.6823 0.0 
2000000 12252 641.147 1210609.186 379.51 2.6842 0.0 
2010000 12266 659.621 1217560.138 407.655 2.7678 0.0 
2020000 12280 671.629 1223922.852 419.498 2.8145 0.0 
2030000 12294 676.108 1230396.893 426.481 2.8175 0.0 
2040000 12316 585.08 1235824.874 354.999 2.4465 0.0 
2050000 12353 412.95 1241608.836 246.814 1.7176 0.0 
2060000 12389 343.164 1247328.318 201.475 1.4348 0.0 
2070000 12411 377.448 1253138.507 220.446 1.5951 0.0 
2080000 12432 414.72 1258535.809 235.494 1.7499 0.0 
2090000 12454 435.272 1264356.299 249.57 1.8377 0.0 
2100000 12472 469.955 1270658.224 278.558 1.9743 0.0 
2110000 12485 545.357 1276680.533 325.736 2.2745 0.0 
2120000 12518 422.444 1281524.687 234.205 1.7658 0.0 
2130000 12534 471.004 1287141.563 261.502 1.9672 0.0 
2140000 12553 481.421 1293249.083 276.695 2.0079 0.0 
2150000 12581 425.167 1299142.759 247.447 1.767 0.0 
2160000 12595 487.698 1304965.448 284.536 2.0243 0.0 
2170000 12608 564.832 1310790.496 328.714 2.3557 0.0 
2180000 12623 582.206 1316418.609 335.552 2.4349 0.0 
2190000 12640 589.104 1321892.123 334.532 2.4585 0.0 
2200000 12652 643.826 1327695.979 367.27 2.6859 0.0 
2210000 12663 686.88 1333583.182 394.778 2.8613 0.0 
2220000 12674 743.12 1339165.877 425.358 3.1033 0.0 
2230000 12684 781.681 1344804.192 446.249 3.2738 0.0 
2240000 12697 776.58 1350772.661 447.386 3.2627 0.0 
2250000 12716 701.14 1356668.577 407.653 2.9258 0.0 
2260000 12742 574.466 1362891.942 340.221 2.3829 0.0 
2270000 12753 629.42 1368053.554 360.653 2.6156 0.0 
2280000 12765 681.555 1373974.406 392.064 2.8325 0.0 
2290000 12775 737.203 1379908.751 427.695 3.0684 0.0 
2300000 12787 759.801 1385650.26 439.472 3.1835 0.0 
2310000 12799 768.054 1391231.382 441.342 3.2229 0.0 
2320000 12814 742.41 1396972.902 425.855 3.1104 0.0 
2330000 12826 763.241 1403542.149 452.002 3.1859 0.0 
2340000 12836 793.732 1409826.775 478.062 3.3075 0.0 
2350000 12903 289.998 1416435.209 178.693 1.2055 0.0 
2360000 12979 189.6 1422473.05 116.5 0.7974 0.0 
2370000 13032 174.522 1428208.299 103.483 0.7391 0.0 
2380000 13132 112.883 1434205.66 66.888 0.4752 0.0 
2390000 13165 207.198 1439745.451 117.112 0.8711 0.0 
2400000 13184 302.807 1445050.962 163.606 1.2708 0.0 
2410000 13200 404.099 1450708.371 223.701 1.6973 0.0 
2420000 13212 496.066 1455791.905 266.625 2.0818 0.0 
2430000 13228 529.439 1461303.723 286.635 2.2166 0.0 
2440000 13239 602.914 1466670.018 325.732 2.526 0.0 
2450000 13253 634.445 1471666.593 335.964 2.674 0.0 
2460000 13274 586.338 1476500.909 302.706 2.4646 0.0 
2470000 13293 565.816 1481559.895 290.357 2.3761 0.0 
2480000 13311 563.99 1486789.616 291.626 2.3684 0.0 
2490000 13331 529.565 1491845.582 273.018 2.2273 0.0 
2500000 13352 521.654 1496466.766 259.427 2.1657 0.0 
2510000 13369 528.463 1501408.246 263.94 2.2009 0.0 
2520000 13387 525.525 1506197.56 259.845 2.1993 0.0 
2530000 13402 579.781 1511145.699 286.392 2.426 0.0 
2540000 13472 209.752 1516372.99 104.123 0.8773 0.0 
2550000 13567 159.186 1521161.115 78.459 0.6638 0.0 
2560000 13605 213.418 1526267.062 108.466 0.89 0.0 
2570000 13618 343.052 1531669.574 179.29 1.4387 0.0 
2580000 13635 412.674 1536766.228 213.104 1.734 0.0 
2590000 13650 469.362 1542207.489 246.388 1.9741 0.0 
2600000 13669 494.431 1547745.92 264.404 2.0962 0.0 
2610000 13692 476.577 1553313.742 258.406 2.0211 0.0 
2620000 13702 572.325 1558966.874 315.338 2.4329 0.0 
2630000 13714 614.981 1564347.477 336.558 2.5955 0.0 
2640000 13744 498.541 1569394.558 265.664 2.0986 0.0 
2650000 13758 549.959 1574699.314 292.035 2.325 0.0 
2660000 13776 547.515 1580250.663 295.355 2.3038 0.0 
2670000 13799 508.883 1585301.632 268.789 2.1388 0.0 
2680000 13813 560.054 1589907.673 284.291 2.3476 0.0 
2690000 13828 585.971 1595331.732 302.262 2.4759 0.0 
2700000 13845 583.631 1600462.659 301.547 2.4609 0.0 
2710000 13859 602.041 1605848.553 313.472 2.5362 0.0 
2720000 13871 663.597 1611259.626 350.32 2.809 0.0 
2730000 13890 618.435 1616121.24 319.259 2.6137 0.0 
2740000 13904 642.058 1621748.902 339.632 2.7233 0.0 
2750000 13916 680.466 1626831.955 356.161 2.8916 0.0 
2760000 13933 638.744 1631758.686 329.31 2.7189 0.0 
2770000 13955 581.366 1636921.071 299.806 2.468 0.0 
2780000 13967 627.997 1642376.3 328.426 2.6646 0.0 
2790000 13977 696.046 1648154.127 374.83 2.9492 0.0 
2800000 13988 743.012 1653518.64 399.506 3.1497 0.0 
2810000 13999 773.459 1658707.467 412.699 3.288 0.0 
2820000 14011 789.372 1664108.562 422.294 3.3625 0.0 
2830000 14026 748.848 1669639.95 403.345 3.1924 0.0 
2840000 14040 741.965 1675180.401 402.599 3.1557 0.0 
2850000 14055 724.162 1680902.22 398.363 3.0747 0.0 
2860000 14071 697.495 1686281.854 382.245 2.9686 0.0 
2870000 14085 711.132 1690980.664 375.712 3.0173 0.0 
2880000 14097 738.731 1696174.727 388.58 3.1338 0.0 
2890000 14112 704.635 1701327.406 368.066 2.9843 0.0 
2900000 14128 680.493 1706392.783 352.334 2.8781 0.0 
2910000 14146 650.608 1711571.291 338.384 2.7473 0.0 
2920000 14162 644.432 1715912.137 320.753 2.7104 0.0 
2930000 14180 610.207 1721018.288 305.62 2.5691 0.0 
2940000 14204 540.758 1725948.643 269.382 2.2657 0.0 
2950000 14261 281.932 1731623.994 147.82 1.1818 0.0 
2960000 14333 167.574 1737361.529 93.834 0.7108 0.0 
2970000 14366 229.733 1743225.953 132.391 0.981 0.0 
2980000 14386 326.874 1749071.797 189.535 1.3924 0.0 
2990000 14403 394.306 1754676.679 225.217 1.691 0.0 
3000000 14418 453.84 1760088.619 254.459 1.9533 0.0 
3010000 14432 519.781 1765369.975 286.087 2.238 0.0 
3020000 14449 551.287 1770703.027 300.18 2.3732 0.0 
3030000 14473 496.131 1776046.764 269.171 2.1456 0.0 
3040000 14528 276.694 1781640.581 152.648 1.1815 0.0 
3050000 14577 227.34 1787583.71 131.395 0.9756 0.0 
3060000 14610 277.636 1793361.029 158.899 1.1871 0.0 
3070000 14622 386.289 1797828.336 200.992 1.6514 0.0 
3080000 14644 413.335 1802749.417 211.398 1.7565 0.0 
3090000 14659 478.059 1808380.251 253.394 2.0277 0.0 
3100000 14676 505.727 1814258.823 277.806 2.1442 0.0 
3110000 14697 497.037 1820104.345 278.864 2.1114 0.0 
3120000 14716 501.715 1825904.815 284.138 2.1296 0.0 
3130000 14745 436.219 1831625.322 247.802 1.8356 0.0 
3140000 14771 416.383 1837495.163 239.666 1.7562 0.0 
3150000 14796 406.995 1843153.398 231.292 1.7217 0.0 
3160000 14818 431.487 1849147.252 251.338 1.8274 0.0 
3170000 14836 473.533 1854525.587 266.9 2.0024 0.0 
3180000 14851 510.638 1859924.576 284.924 2.1442 0.0 
3190000 14866 545.248 1864866.814 293.94 2.2932 0.0 
3200000 14891 497.109 1870403.71 268.727 2.089 0.0 
3210000 14918 455.515 1875647.962 243.673 1.9079 0.0 
3220000 14979 227.925 1881400.89 126.005 0.9516 0.0 
3230000 15053 147.293 1886936.121 80.994 0.6215 0.0 
3240000 15088 207.535 1892898.915 120.905 0.8611 0.0 
3250000 15128 237.536 1898389.19 132.993 0.997 0.0 
3260000 15147 329.071 1903213.851 171.806 1.3901 0.0 
3270000 15159 428.824 1908009.391 217.731 1.8347 0.0 
3280000 15176 470.854 1912998.022 237.755 2.0136 0.0 
3290000 15194 492.384 1918600.813 257.69 2.0919 0.0 
3300000 15251 269.081 1922691.579 126.247 1.1367 0.0 
3310000 15320 170.153 1926255.068 70.065 0.7202 0.0 
3320000 15373 177.384 1931024.576 81.064 0.7444 0.0 
3330000 15406 244.952 1935807.632 115.202 1.0375 0.0 
3340000 15423 342.203 1940754.071 165.568 1.4516 0.0 
3350000 15445 373.164 1945235.102 174.979 1.5791 0.0 
3360000 15480 316.426 1949484.75 141.791 1.3402 0.0 
3370000 15499 376.678 1954429.707 174.704 1.6047 0.0 
3380000 15520 417.054 1959461.624 201.294 1.7692 0.0 
3390000 15538 463.51 1964578.447 228.773 1.9612 0.0 
3400000 15552 525.936 1969666.628 262.497 2.2154 0.0 
3410000 15614 238.79 1974083.441 112.233 1.0001 0.0 
3420000 15633 343.615 1979056.501 166.998 1.4544 0.0 
3430000 15650 398.363 1984164.778 197.679 1.6853 0.0 
3440000 15667 462.552 1988536.684 218.902 1.9667 0.0 
3450000 15685 487.662 1992643.592 219.344 2.0929 0.0 
3460000 15703 505.877 1996699.03 220.598 2.1563 0.0 
3470000 15723 500.998 2001298.347 222.498 2.1443 0.0 
3480000 15743 496.155 2006036.337 224.942 2.1162 0.0 
3490000 15757 549.939 2010964.306 256.632 2.3526 0.0 
3500000 15773 564.906 2015753.609 265.718 2.4155 0.0 
3510000 15798 493.992 2020217.586 228.669 2.1101 0.0 
3520000 15831 386.551 2024159.701 169.188 1.6407 0.0 
3530000 15872 333.793 2027958.276 138.612 1.4193 0.0 
3540000 15891 392.547 2032379.159 168.117 1.672 0.0 
3550000 15903 485.411 2036970.827 213.32 2.0716 0.0 
3560000 15921 504.862 2041378.851 221.775 2.1572 0.0 
3570000 15933 566.539 2046298.547 257.683 2.4122 0.0 
3580000 15950 571.674 2050967.494 262.965 2.4432 0.0 
3590000 15973 518.623 2055640.58 238.766 2.206 0.0 
3600000 15998 472.511 2060416.67 220.792 2.0157 0.0 
3610000 16029 387.738 2064672.686 175.007 1.6565 0.0 
3620000 16052 408.783 2068944.965 180.114 1.7411 0.0 
3630000 16065 490.425 2073219.152 213.868 2.0919 0.0 
3640000 16075 583.64 2077395.343 251.067 2.5062 0.0 
3650000 16086 650.223 2081548.174 277.071 2.7982 0.0 
3660000 16099 668.578 2085789.45 284.477 2.8715 0.0 
3670000 16112 698.796 2089969.882 295.88 2.989 0.0 
3680000 16133 613.056 2094459.096 264.058 2.5975 0.0 
3690000 16172 430.938 2098603.213 182.576 1.8417 0.0 
3700000 16193 440.559 2103006.801 189.262 1.8916 0.0 
3710000 16214 455.467 2107210.342 194.343 1.9693 0.0 
3720000 16240 411.682 2111110.546 170.395 1.79 0.0 
3730000 16274 343.528 2115257.564 142.206 1.4679 0.0 
3740000 16289 430.411 2119428.231 179.157 1.8394 0.0 
3750000 16316 401.694 2123923.568 171.371 1.7092 0.0 
3760000 16345 365.932 2127783.418 150.657 1.5585 0.0 
3770000 16373 364.555 2131433.736 141.128 1.5571 0.0 
3780000 16391 416.751 2135445.01 165.099 1.7942 0.0 
3790000 16419 411.371 2138745.418 151.787 1.7774 0.0 
3800000 16441 411.842 2141905.571 143.94 1.7745 0.0 
3810000 16474 370.155 2145018.857 123.863 1.5937 0.0 
3820000 16488 451.47 2147940.493 143.643 1.9481 0.0 
3830000 16501 517.376 2150921.275 161.183 2.2449 0.0 
3840000 16534 415.358 2153435.005 120.585 1.8058 0.0 
3850000 16549 461.417 2156192.439 130.574 1.9999 0.0 
3860000 16586 376.76 2158554.734 99.816 1.6253 0.0 
3870000 16602 437.531 2161391.308 118.906 1.8946 0.0 
3880000 16648 283.887 2164591.22 82.704 1.2229 0.0 
3890000 16711 213.842 2167940.927 71.065 0.9035 0.0 
3900000 16731 307.54 2171006.365 97.655 1.3048 0.0 
3910000 16791 214.062 2173948.883 67.93 0.9231 0.0 
3920000 16834 213.633 2176791.251 63.157 0.9202 0.0 
3930000 16944 94.037 2177351.788 7.2 0.4054 0.0 
3940000 16970 216.451 2180028.13 48.021 0.9342 0.0 
3950000 16988 325.627 2183191.486 88.609 1.3944 0.0 
3960000 17000 432.894 2186282.678 124.628 1.8477 0.0 
3970000 17013 508.968 2189747.061 157.29 2.1821 0.0 
3980000 17023 591.985 2193107.279 187.588 2.5366 0.0 
3990000 17033 666.622 2196309.054 211.842 2.8613 0.0 
4000000 17049 650.964 2199613.734 208.525 2.7926 0.0 
4010000 17072 579.944 2203495.667 197.626 2.4852 0.0 
4020000 17100 483.326 2207522.466 173.646 2.0611 0.0 
4030000 17116 524.241 2211567.136 196.082 2.2404 0.0 
4040000 17130 569.285 2215553.211 216.697 2.4273 0.0 
4050000 17145 598.024 2219463.174 229.648 2.5606 0.0 
4060000 17162 591.456 2223800.137 235.731 2.5273 0.0 
4070000 17183 543.466 2228414.987 226.235 2.3201 0.0 
4080000 17203 521.624 2232663.082 218.53 2.226 0.0 
4090000 17218 560.575 2236787.682 233.752 2.3808 0.0 
4100000 17235 575.158 2240857.027 238.122 2.44 0.0 
4110000 17249 602.511 2245223.737 253.747 2.5608 0.0 
4120000 17269 565.251 2249477.855 238.248 2.3868 0.0 
4130000 17283 606.735 2253739.245 256.781 2.5701 0.0 
4140000 17301 586.414 2258261.171 252.712 2.4771 0.0 
4150000 17339 416.039 2262269.854 175.176 1.7528 0.0 
4160000 17362 419.336 2266461.131 176.214 1.7731 0.0 
4170000 17380 452.749 2270945.318 194.459 1.9035 0.0 
4180000 17396 512.082 2275061.878 217.015 2.1611 0.0 
4190000 17417 490.187 2279150.157 205.504 2.0889 0.0 
4200000 17459 333.192 2283965.299 147.101 1.4148 0.0 
4210000 17476 400.256 2288945.138 185.364 1.6955 0.0 
4220000 17489 494.082 2293745.415 230.842 2.1056 0.0 
4230000 17512 469.398 2299170.847 230.305 2.0117 0.0 
4240000 17530 494.86 2304404.219 247.556 2.1239 0.0 
4250000 17542 564.372 2309093.178 277.509 2.4192 0.0 
4260000 17554 620.17 2313860.588 301.262 2.6486 0.0 
4270000 17569 636.964 2318744.973 311.19 2.7199 0.0 
4280000 17582 661.893 2322784.378 308.637 2.8243 0.0 
4290000 17592 723.742 2327553.366 338.655 3.0901 0.0 
4300000 17609 682.611 2332140.643 318.366 2.9057 0.0 
4310000 17621 709.626 2337073.586 335.687 3.0149 0.0 
4320000 17635 711.43 2342093.99 340.905 3.0412 0.0 
4330000 17655 653.214 2347544.195 324.816 2.8021 0.0 
4340000 17672 637.934 2352277.257 314.821 2.7826 0.0 
4350000 17691 602.154 2357337.599 297.73 2.6173 0.0 
4360000 17717 509.582 2362348.927 252.446 2.2141 0.0 
4370000 17733 541.786 2367227.738 268.074 2.3364 0.0 
4380000 17747 570.265 2372148.035 279.775 2.4541 0.0 
4390000 17761 619.165 2377132.079 305.908 2.6487 0.0 
4400000 17779 584.956 2381379.619 277.602 2.4996 0.0 
4410000 17801 536.782 2385759.188 247.654 2.2855 0.0 
4420000 17812 612.041 2390449.745 283.966 2.6108 0.0 
4430000 17823 674.648 2395230.76 315.32 2.8944 0.0 
4440000 17833 734.164 2400606.571 355.883 3.1589 0.0 
4450000 17846 732.441 2405693.66 360.719 3.1405 0.0 
4460000 17859 746.882 2411043.184 374.279 3.1878 0.0 
4470000 17869 784.885 2416217.908 397.184 3.3736 0.0 
4480000 17891 673.002 2421236.675 339.255 2.9006 0.0 
4490000 17906 658.164 2426138.522 329.93 2.8301 0.0 
4500000 17921 663.725 2431185.307 333.097 2.8458 0.0 
4510000 17934 686.244 2435984.968 339.936 2.9446 0.0 
4520000 17949 681.578 2440753.079 334.193 2.9219 0.0 
4530000 17961 709.756 2445720.917 348.937 3.033 0.0 
4540000 17971 762.849 2451504.216 389.731 3.2591 0.0 
4550000 17983 787.273 2457840.787 426.005 3.3671 0.0 
4560000 17998 738.531 2464521.953 419.053 3.1399 0.0 
4570000 18009 772.478 2470489.577 443.354 3.2786 0.0 
4580000 18024 740.24 2476766.873 432.853 3.1355 0.0 
4590000 18040 717.38 2482746.162 424.219 3.0469 0.0 
4600000 18053 724.652 2488988.736 434.641 3.0851 0.0 
4610000 18065 752.277 2494726.235 445.885 3.2061 0.0 
4620000 18088 628.831 2499619.166 356.49 2.673 0.0 
4630000 18110 572.84 2504049.439 304.076 2.4259 0.0 
4640000 18126 589.252 2508180.381 292.513 2.4795 0.0 
4650000 18139 627.147 2512898.384 307.402 2.6524 0.0 
4660000 18158 606.521 2518205.153 303.781 2.5716 0.0 
4670000 18177 580.115 2523528.029 295.817 2.4639 0.0 
4680000 18202 510.059 2528848.438 263.901 2.1554 0.0 
4690000 18215 572.119 2533889.102 292.676 2.4379 0.0 
4700000 18230 593.446 2539631.381 314.962 2.5366 0.0 
4710000 18245 615.609 2544963.154 327.305 2.6272 0.0 
4720000 18263 608.004 2550619.989 328.828 2.6041 0.0 
4730000 18280 594.309 2555929.789 319.929 2.5223 0.0 
4740000 18309 486.481 2560640.767 251.47 2.0615 0.0 
4750000 18347 357.701 2566127.332 189.464 1.5285 0.0 
4760000 18373 359.978 2571712.234 195.417 1.5474 0.0 
4770000 18417 296.357 2577265.081 162.888 1.2728 0.0 
4780000 18453 286.104 2582190.664 149.339 1.2212 0.0 
4790000 18484 310.767 2587128.293 157.543 1.3229 0.0 
4800000 18500 398.464 2592361.932 204.675 1.6807 0.0 
4810000 18513 483.1 2597870.226 254.862 2.0274 0.0 
4820000 18528 527.324 2602756.148 271.129 2.2211 0.0 
4830000 18541 592.776 2607966.604 306.177 2.4909 0.0 
4840000 18553 628.832 2612771.998 320.354 2.6382 0.0 
4850000 18567 657.402 2617807.285 332.603 2.7838 0.0 
4860000 18579 692.234 2622785.628 349.187 2.9377 0.0 
4870000 18594 688.513 2628470.817 358.134 2.9216 0.0 
4880000 18606 711.066 2634061.083 375.885 3.0277 0.0 
4890000 18622 696.446 2640199.365 383.596 2.9652 0.0 
4900000 18641 632.16 2645264.647 339.879 2.6975 0.0 
4910000 18655 660.043 2650665.819 354.782 2.813 0.0 
4920000 18682 530.545 2655974.293 284.003 2.2514 0.0 
4930000 18697 559.785 2661892.872 308.703 2.3633 0.0 
4940000 18712 577.246 2667911.497 328.028 2.4375 0.0 
4950000 18736 518.088 2673647.271 294.826 2.1928 0.0 
4960000 18755 510.295 2678629.926 279.497 2.1633 0.0 
4970000 18770 555.484 2684391.528 308.358 2.3646 0.0 
4980000 18786 569.955 2690089.15 320.62 2.4244 0.0 
4990000 18808 536.597 2694722.711 283.583 2.2918 0.0 
5000000 18820 611.272 2698990.019 302.917 2.6085 0.0 
5010000 18832 660.528 2703624.275 322.152 2.8197 0.0 
5020000 18845 681.91 2709032.218 341.45 2.9099 0.0 
5030000 18860 671.557 2714617.528 346.449 2.8557 0.0 
5040000 18875 667.941 2720699.183 360.904 2.8378 0.0 
5050000 18886 719.516 2726896.804 403.293 3.0459 0.0 
5060000 18900 707.641 2733140.224 407.408 2.9843 0.0 
5070000 18919 653.321 2738665.139 373.101 2.7451 0.0 
5080000 18942 570.103 2743448.955 310.123 2.3981 0.0 
5090000 18962 546.314 2748511.944 291.436 2.3007 0.0 
5100000 18984 515.871 2754591.347 287.172 2.1885 0.0 
5110000 18996 584.277 2760427.247 330.034 2.4807 0.0 
5120000 19008 635.525 2765538.868 350.198 2.7023 0.0 
5130000 19018 702.197 2771585.389 396.223 2.9803 0.0 
5140000 19031 710.051 2777153.381 399.553 3.0242 0.0 
5150000 19056 585.203 2782796.123 329.159 2.4941 0.0 
5160000 19110 304.008 2788289.687 168.516 1.2877 0.0 
5170000 19191 163.756 2794135.137 94.544 0.6848 0.0 
5180000 19201 316.727 2800716.33 198.743 1.333 0.0 
5190000 19211 441.717 2807397.864 282.657 1.8575 0.0 
5200000 19223 533.19 2813332.659 334.103 2.2426 0.0 
5210000 19242 529.197 2818473.335 314.107 2.229 0.0 
5220000 19255 572.477 2823063.547 317.395 2.4163 0.0 
5230000 19293 402.875 2827734.069 210.862 1.7021 0.0 
5240000 19315 428.637 2832743.944 220.305 1.8146 0.0 
5250000 19357 313.863 2838129.111 164.833 1.3211 0.0 
5260000 19397 287.549 2842991.806 142.991 1.2111 0.0 
5270000 19413 377.231 2847552.101 180.797 1.5881 0.0 
5280000 19425 474.393 2851945.722 221.485 2.0141 0.0 
5290000 19461 353.507 2856582.506 165.005 1.5001 0.0 
5300000 19475 439.928 2861463.541 208.469 1.8647 0.0 
5310000 19486 540.044 2866630.167 264.139 2.2875 0.0 
5320000 19501 569.419 2872391.459 293.446 2.4127 0.0 
5330000 19517 584.005 2877549.064 301.471 2.4647 0.0 
5340000 19549 442.544 2883075.531 233.737 1.8559 0.0 
5350000 19562 526.348 2888515.541 280.649 2.2059 0.0 
5360000 19585 484.399 2894053.174 263.288 2.0329 0.0 
5370000 19612 423.449 2899445.601 229.569 1.7809 0.0 
5380000 19636 427.224 2905352.537 240.021 1.8094 0.0 
5390000 19666 380.173 2910910.726 212.503 1.6175 0.0 
5400000 19690 392.185 2916295.186 216.227 1.6766 0.0 
5410000 19729 310.698 2922046.051 175.691 1.3358 0.0 
5420000 19777 246.34 2928156.478 144.392 1.0469 0.0 
5430000 19800 299.332 2933869.155 172.763 1.2827 0.0 
5440000 19829 329.751 2938953.365 179.461 1.4136 0.0 
5450000 19847 408.76 2944258.359 220.471 1.7439 0.0 
5460000 19873 386.058 2949406.702 203.472 1.6621 0.0 
5470000 19909 325.153 2954283.304 165.814 1.3791 0.0 
5480000 19939 321.028 2959549.473 166.279 1.3567 0.0 
5490000 19957 401.191 2964837.328 210.22 1.6884 0.0 
5500000 19970 475.243 2969996.137 247.438 1.9952 0.0 
5510000 19983 542.133 2974842.649 275.685 2.2769 0.0 
5520000 20003 523.939 2979750.335 263.071 2.2126 0.0 
5530000 20017 584.864 2984995.701 297.951 2.4799 0.0 
5540000 20030 629.149 2990606.591 329.571 2.687 0.0 
5550000 20042 654.98 2996273.669 350.658 2.8032 0.0 
5560000 20060 644.263 3001887.64 349.753 2.755 0.0 
5570000 20073 661.095 3007950.84 369.73 2.8203 0.0 
5580000 20085 700.886 3013695.77 393.783 2.9856 0.0 
5590000 20099 711.945 3019525.15 405.154 3.0285 0.0 
5600000 20124 582.515 3026099.457 343.478 2.4538 0.0 
5610000 20143 573.346 3032855.414 353.31 2.4074 0.0 
5620000 20154 642.104 3039433.723 403.791 2.6904 0.0 
5630000 20173 606.164 3045092.176 370.484 2.5599 0.0 
5640000 20205 454.205 3050029.963 262.243 1.9174 0.0 
5650000 20229 439.249 3055341.988 246.09 1.8583 0.0 
5660000 20242 511.141 3060313.925 277.105 2.1554 0.0 
5670000 20257 543.418 3066136.944 299.896 2.2926 0.0 
5680000 20270 603.313 3071710.234 334.712 2.5582 0.0 
5690000 20283 644.383 3078456.275 378.026 2.7286 0.0 
5700000 20294 701.461 3085255.739 429.801 2.9581 0.0 
5710000 20305 743.296 3091204.921 451.639 3.1423 0.0 
5720000 20315 790.254 3096860.781 473.127 3.343 0.0 
5730000 20325 817.96 3102198.737 477.808 3.463 0.0 
5740000 20337 823.196 3107752.295 477.064 3.479 0.0 
5750000 20349 824.958 3112577.622 460.427 3.4873 0.0 
5760000 20372 681.046 3117780.61 373.753 2.883 0.0 
5770000 20385 701.436 3122915.886 378.42 2.9717 0.0 
5780000 20401 689.358 3128212.968 370.07 2.9276 0.0 
5790000 20411 730.337 3133897.234 397.423 3.103 0.0 
5800000 20459 392.179 3139756.604 220.757 1.6619 0.0 
5810000 20498 310.958 3145730.443 179.827 1.3219 0.0 
5820000 20548 239.207 3152262.997 148.512 1.0177 0.0 
5830000 20563 337.584 3156480.274 177.185 1.4292 0.0 
5840000 20576 447.295 3160559.468 211.266 1.892 0.0 
5850000 20593 486.547 3165538.331 234.449 2.0712 0.0 
5860000 20611 503.962 3171600.998 262.141 2.1436 0.0 
5870000 20625 555.852 3176960.985 293.358 2.3529 0.0 
5880000 20636 631.92 3183029.506 348.058 2.6764 0.0 
5890000 20649 666.843 3188948.537 375.153 2.8253 0.0 
5900000 20659 727.786 3194694.06 411.384 3.0965 0.0 
5910000 20671 747.383 3200029.204 416.76 3.1833 0.0 
5920000 20682 768.792 3205998.189 435.327 3.2702 0.0 
5930000 20694 797.218 3212217.592 462.751 3.3787 0.0 
5940000 20712 719.854 3218099.282 418.061 3.0629 0.0 
5950000 20736 603.049 3223823.656 347.504 2.5772 0.0 
5960000 20806 246.867 3228596.906 127.597 1.056 0.0 
5970000 20861 209.473 3232412.003 91.271 0.8972 0.0 
5980000 20917 188.341 3236933.948 86.75 0.8037 0.0 
5990000 20965 193.527 3243420.733 114.627 0.8167 0.0 
6000000 21000 257.339 3250079.525 162.366 1.0778 0.0 
6010000 21024 317.067 3256677.193 203.97 1.3497 0.0 
6020000 21045 369.079 3262537.259 227.701 1.5901 0.0 
6030000 21065 409.766 3269419.72 264.787 1.7568 0.0 
6040000 21087 413.031 3276656.002 279.358 1.7723 0.0 
6050000 21112 413.672 3283613.404 281.435 1.7757 0.0 
6060000 21132 437.844 3290931.803 307.711 1.8831 0.0 
6070000 21153 446.107 3297813.625 310.766 1.9251 0.0 
6080000 21179 420.021 3305253.367 299.803 1.8144 0.0 
6090000 21216 317.007 3312316.037 225.893 1.3629 0.0 
6100000 21232 402.498 3319217.418 285.112 1.7297 0.0 
6110000 21248 466.917 3326550.33 332.718 2.0132 0.0 
6120000 21286 350.472 3333543.448 247.606 1.5085 0.0 
6130000 21348 194.509 3339654.109 128.698 0.8313 0.0 
6140000 21411 180.186 3346804.146 125.254 0.7789 0.0 
6150000 21449 218.701 3353782.808 149.171 0.9231 0.0 
6160000 21467 319.362 3361021.894 222.53 1.358 0.0 
6170000 21483 402.68 3368466.539 287.727 1.7066 0.0 
6180000 21502 450.898 3377484.618 355.755 1.8867 0.0 
6190000 21531 409.788 3386935.784 351.782 1.7066 0.0 
6200000 21551 445.913 3396948.207 406.793 1.8411 0.0 
6210000 21573 443.141 3406779.282 415.442 1.8358 0.0 
6220000 21598 423.364 3415726.376 389.09 1.7546 0.0 
6230000 21630 375.014 3424428.216 335.971 1.5599 0.0 
6240000 21651 405.46 3433275.406 362.4 1.6961 0.0 
6250000 21674 422.524 3442359.918 381.033 1.7544 0.0 
6260000 21697 424.331 3451705.931 389.152 1.7686 0.0 
6270000 21810 101.727 3459139.139 76.391 0.4337 0.0 
6280000 22080 71.986 3462677.951 33.238 0.3071 0.0 
6290000 22211 119.473 3467931.785 68.255 0.509 0.0 
6300000 22224 277.571 3475394.61 195.797 1.1843 0.0 
6310000 22238 379.254 3481998.527 259.246 1.6144 0.0 
6320000 22255 438.786 3489839.518 314.529 1.874 0.0 
6330000 22269 509.143 3498413.611 393.225 2.1616 0.0 
6340000 22289 505.237 3506955.016 401.01 2.1422 0.0 
6350000 22306 534.125 3515275.356 433.896 2.2766 0.0 
6360000 22328 498.787 3521656.387 378.834 2.132 0.0 
6370000 22363 396.232 3528768.844 290.027 1.6871 0.0 
6380000 22428 213.224 3536387.729 161.325 0.9079 0.0 
6390000 22535 129.998 3544275.065 106.303 0.5528 0.0 
6400000 22565 223.469 3553246.785 194.696 0.9452 0.0 
6410000 22588 304.098 3560873.975 246.635 1.2789 0.0 
6420000 22612 350.445 3569910.844 299.653 1.4706 0.0 
6430000 22629 416.587 3577397.494 335.579 1.7622 0.0 
6440000 22649 442.748 3585432.731 356.365 1.8731 0.0 
6450000 22662 509.317 3593388.061 410.59 2.149 0.0 
6460000 22676 574.048 3600883.231 452.481 2.425 0.0 
6470000 22692 590.445 3607913.913 450.315 2.5182 0.0 
6480000 22704 644.81 3615154.695 483.758 2.7388 0.0 
6490000 22719 650.937 3622274.795 482.211 2.7664 0.0 
6500000 22737 616.49 3629722.1 457.879 2.6057 0.0 
6510000 22750 652.485 3636296.66 470.21 2.7554 0.0 
6520000 22768 612.359 3642333.788 422.676 2.5765 0.0 
6530000 22794 533.63 3648412.745 355.208 2.2418 0.0 
6540000 22812 545.702 3654356.443 349.359 2.2933 0.0 
6550000 22839 463.789 3661094.271 301.943 1.9686 0.0 
6560000 22884 313.718 3668243.997 212.005 1.3235 0.0 
6570000 22940 216.588 3676038.267 158.874 0.913 0.0 
6580000 22978 243.08 3683070.965 175.332 1.0173 0.0 
6590000 23015 263.617 3691150.385 203.229 1.1012 0.0 
6600000 23050 275.279 3697468.491 190.14 1.1674 0.0 
6610000 23076 313.361 3702794.031 193.063 1.3447 0.0 
6620000 23090 402.543 3708370.919 241.748 1.7275 0.0 
6630000 23106 474.289 3713151.405 262.171 2.0317 0.0 
6640000 23127 474.442 3721681.999 310.485 2.025 0.0 
6650000 23158 402.887 3730073.993 291.575 1.7185 0.0 
6660000 23190 357.096 3737475.172 258.405 1.5327 0.0 
6670000 23212 388.982 3745728.723 296.976 1.6578 0.0 
6680000 23233 417.299 3754047.549 332.178 1.7677 0.0 
6690000 23259 392.194 3761681.854 305.231 1.6546 0.0 
6700000 23285 391.021 3769593.023 309.358 1.6495 0.0 
6710000 23305 418.756 3776447.041 316.968 1.7771 0.0 
6720000 23336 375.442 3783078.415 266.456 1.6011 0.0 
6730000 23383 282.225 3791338.052 219.587 1.1975 0.0 
6740000 23404 333.747 3799474.217 266.333 1.4231 0.0 
6750000 23431 352.314 3808143.289 288.644 1.4851 0.0 
6760000 23463 324.504 3816286.653 263.881 1.3719 0.0 
6770000 23504 286.023 3824351.251 232.234 1.2238 0.0 
6780000 23525 358.335 3831865.243 280.432 1.5111 0.0 
6790000 23547 379.585 3839535.206 296.219 1.5964 0.0 
6800000 23567 419.183 3845645.577 297.861 1.7833 0.0 
6810000 23579 518.583 3851237.069 340.075 2.2112 0.0 
6820000 23594 545.885 3858018.39 362.006 2.3297 0.0 
6830000 23615 519.312 3865873.304 360.49 2.2016 0.0 
6840000 23642 472.862 3874072.968 349.072 2.008 0.0 
6850000 23655 532.351 3880164.385 368.103 2.2498 0.0 
6860000 23667 596.107 3887627.613 421.3 2.5221 0.0 
6870000 23681 628.81 3894901.634 451.355 2.6681 0.0 
6880000 23701 583.858 3901892.612 416.463 2.4822 0.0 
6890000 23725 526.56 3908740.147 368.547 2.2473 0.0 
6900000 23768 351.469 3918270.33 279.652 1.4873 0.0 
6910000 23791 380.468 3926032.108 299.354 1.6049 0.0 
6920000 23814 400.399 3933459.883 307.089 1.6883 0.0 
6930000 23847 334.542 3940922.097 255.279 1.4045 0.0 
6940000 23870 366.734 3947649.751 262.976 1.5461 0.0 
6950000 23887 435.131 3955094.86 318.245 1.8413 0.0 
6960000 23908 449.406 3963793.643 354.719 1.8933 0.0 
6970000 23925 489.633 3971700.243 386.01 2.0662 0.0 
6980000 23966 355.529 3980378.763 291.404 1.4952 0.0 
6990000 23991 369.372 3990825.285 335.773 1.5449 0.0 
7000000 24007 440.049 4000926.278 418.84 1.8413 0.0 
7010000 24030 447.132 4011523.193 443.259 1.8798 0.0 
7020000 24058 393.419 4021008.877 380.561 1.6608 0.0 
7030000 24086 388.844 4029632.513 361.423 1.6404 0.0 
7040000 24107 407.675 4040231.882 402.802 1.7149 0.0 
7050000 24132 412.467 4049917.072 404.147 1.7435 0.0 
7060000 24165 356.975 4062372.223 388.402 1.5039 0.0 
7070000 24195 350.46 4074915.912 410.022 1.4743 0.0 
7080000 24219 377.57 4086333.748 437.821 1.5743 0.0 
7090000 24256 329.363 4097416.654 376.658 1.3911 0.0 
7100000 24286 329.522 4106886.9 350.516 1.3858 0.0 
7110000 24336 255.995 4118951.529 289.84 1.0798 0.0 
7120000 24376 253.311 4131293.333 300.588 1.0637 0.0 
7130000 24406 277.648 4143299.3 335.119 1.1571 0.0 
7140000 24457 228.393 4153490.738 251.244 0.9583 0.0 
7150000 24491 258.213 4165040.941 292.402 1.0868 0.0 
7160000 24543 214.883 4173833.003 208.091 0.9131 0.0 
7170000 24562 318.363 4178411.741 221.254 1.3476 0.0 
7180000 24582 378.992 4183067.47 224.283 1.6239 0.0 
7190000 24594 462.71 4187137.989 245.409 1.987 0.0 
7200000 24630 372.436 4194374.178 220.378 1.5964 0.0 
7210000 24665 327.4 4202281.592 224.815 1.3856 0.0 
7220000 24718 234.214 4211497.037 191.511 0.9878 0.0 
7230000 24759 243.425 4220950.524 213.314 1.0312 0.0 
7240000 24780 322.676 4226346.054 230.881 1.3671 0.0 
7250000 24805 367.382 4234433.928 277.661 1.5721 0.0 
7260000 24817 460.846 4240721.562 327.997 1.9688 0.0 
7270000 24833 499.796 4248007.637 356.477 2.1295 0.0 
7280000 24861 442.996 4256239.09 332.947 1.8761 0.0 
7290000 24878 482.284 4262236.52 333.571 2.055 0.0 
7300000 24895 507.639 4267971.29 331.512 2.1676 0.0 
7310000 24926 417.35 4273134.347 254.566 1.7726 0.0 
7320000 24971 292.65 4279488.265 181.78 1.261 0.0 
7330000 25013 257.073 4287587.657 182.566 1.102 0.0 
7340000 25041 300.15 4297393.003 253.758 1.2784 0.0 
7350000 25069 318.743 4305527.262 267.89 1.3501 0.0 
7360000 25090 384.164 4313050.493 306.542 1.6402 0.0 
7370000 25132 294.924 4320327.307 226.72 1.255 0.0 
7380000 25155 354.3 4329032.406 290.474 1.5 0.0 
7390000 25169 443.359 4336521.174 350.749 1.8577 0.0 
7400000 25182 508.454 4343581.57 384.57 1.7678 0.0 
7410000 25194 574.352 4351666.535 446.837 1.7437 0.0 
7420000 25211 582.749 4358659.06 437.553 1.593 0.0 
7430000 25224 613.965 4364161.366 429.558 1.5613 0.0 
7440000 25242 591.005 4369880.96 393.457 1.507 0.0 
7450000 25257 612.713 4375217.074 383.933 1.5664 0.0 
7460000 25279 560.138 4381305.011 348.965 1.4366 0.0 
7470000 25311 446.444 4387921.555 282.55 1.1422 0.0 
7480000 25338 406.964 4395025.71 270.676 1.0421 0.0 
7490000 25356 438.255 4402185.491 300.892 1.1295 0.0 
7500000 25389 376.21 4409615.212 265.844 0.9694 0.0 
7510000 25420 342.552 4417522.217 255.732 0.8834 0.0 
7520000 25449 355.102 4425671.408 277.048 0.9099 0.0 
7530000 25464 426.057 4432908.783 327.512 1.0922 0.0 
7540000 25486 450.398 4440616.31 342.732 1.1616 0.0 
7550000 25503 481.158 4447157.879 350.497 1.2402 0.0 
7560000 25522 503.045 4455551.283 382.343 1.3035 0.0 
7570000 25542 493.993 4462105.529 362.011 1.2908 0.0 
7580000 25559 510.761 4468231.15 357.408 1.3364 0.0 
7590000 25579 521.342 4474829.456 356.033 1.363 0.0 
7600000 25596 539.655 4481778.351 369.596 1.407 0.0 
7610000 25613 544.741 4489094.527 376.393 1.4247 0.0 
7620000 25635 524.042 4495040.1 347.365 1.3796 0.0 
7630000 25655 507.363 4502686.976 349.066 1.3343 0.0 
7640000 25689 406.439 4511511.398 306.058 1.0534 0.0 
7650000 25720 370.718 4518098.452 265.989 0.9602 0.0 
7660000 25743 394.991 4524983.373 278.116 1.0243 0.0 
7670000 25788 287.776 4532111.689 203.1 0.747 0.0 
7680000 25820 283.728 4538658.528 195.234 0.734 0.0 
7690000 25834 400.772 4545150.203 266.048 1.0432 0.0 
7700000 25849 472.214 4551885.79 316.443 1.2194 0.0 
7710000 25863 521.746 4558672.393 352.26 1.3453 0.0 
7720000 25875 593.082 4563851.221 372.49 1.5295 0.0 
7730000 25893 589.321 4568867.953 347.661 1.5077 0.0 
7740000 25910 586.042 4574227.592 336.612 1.4983 0.0 
7750000 25931 549.773 4580026.017 316.605 1.3971 0.0 
7760000 25948 558.043 4585745.474 320.8 1.4255 0.0 
7770000 25996 337.592 4591835.391 199.452 0.8658 0.0 
7780000 26033 306.167 4597654.311 177.234 0.7864 0.0 
7790000 26048 397.981 4603052.073 222.979 1.0231 0.0 
7800000 26066 445.085 4608033.484 239.845 1.1642 0.0 
7810000 26082 503.426 4611745.553 239.762 1.3107 0.0 
7820000 26097 546.36 4614950.222 233.115 1.4126 0.0 
7830000 26115 535.385 4618734.082 220.104 1.3863 0.0 
7840000 26140 491.231 4623254.677 210.872 1.2562 0.0 
7850000 26151 576.815 4628390.095 262.888 1.474 0.0 
7860000 26162 626.952 4633631.362 296.781 1.6087 0.0 
7870000 26173 688.098 4638866.133 335.239 1.7706 0.0 
7880000 26185 724.016 4643736.071 352.515 1.8743 0.0 
7890000 26195 774.501 4649525.032 394.527 1.9972 0.0 
7900000 26213 697.563 4654729.154 355.964 1.7943 0.0 
7910000 26224 742.48 4660019.835 383.203 1.9106 0.0 
7920000 26237 743.811 4664345.018 369.397 1.9105 0.0 
7930000 26255 684.811 4668744.92 330.054 1.7506 0.0 
7940000 26272 663.72 4673206.837 314.653 1.7052 0.0 
7950000 26284 700.495 4677434.981 323.069 1.793 0.0 
7960000 26296 724.692 4681891.478 331.572 1.8632 0.0 
7970000 26309 739.814 4686294.563 334.844 1.9089 0.0 
7980000 26321 748.643 4690884.594 339.041 1.9364 0.0 
7990000 26344 631.206 4696423.672 302.205 1.6405 0.0 
8000000 26360 611.835 4701373.856 293.999 1.5835 0.0 
8010000 26425 278.715 4706250.19 133.066 0.7243 0.0 
8020000 26446 352.373 4710609.296 159.693 0.9055 0.0 
8030000 26458 463.29 4714781.152 204.19 1.179 0.0 
8040000 26478 473.833 4720067.437 222.908 1.2243 0.0 
8050000 26493 526.487 4725099.029 252.904 1.3602 0.0 
8060000 26509 551.011 4730112.746 268.41 1.4256 0.0 
8070000 26523 598.804 4735455.094 300.406 1.5529 0.0 
8080000 26537 610.146 4741541.326 324.809 1.575 0.0 
8090000 26559 557.052 4746825.91 293.672 1.4362 0.0 
8100000 26581 518.249 4752304.439 277.938 1.3436 0.0 
8110000 26607 467.263 4757134.69 240.941 1.2064 0.0 
8120000 26639 388.28 4762490.26 203.8 1.0012 0.0 
8130000 26696 238.883 4768606.596 135.034 0.613 0.0 
8140000 26727 293.731 4775081.964 178.693 0.7534 0.0 
8150000 26745 356.753 4780715.467 210.436 0.913 0.0 
8160000 26778 338.628 4786639.497 200.315 0.8653 0.0 
8170000 26798 396.032 4793183.566 242.673 1.0241 0.0 
8180000 26833 338.203 4800505.815 226.512 0.8683 0.0 
8190000 26865 319.917 4806818.974 211.473 0.8212 0.0 
8200000 26875 440.174 4811536.328 257.719 1.1334 0.0 
8210000 26887 536.475 4816620.163 295.347 1.373 0.0 
8220000 26899 602.355 4821101.752 316.134 1.5478 0.0 
8230000 26914 620.008 4825654.661 312.904 1.6053 0.0 
8240000 26934 580.386 4830632.126 289.932 1.5045 0.0 
8250000 26950 597.26 4835874.122 304.439 1.5464 0.0 
8260000 26965 610.425 4841409.471 318.794 1.5745 0.0 
8270000 26980 629.758 4846609.306 328.976 1.6187 0.0 
8280000 26999 589.203 4852123.687 313.285 1.506 0.0 
8290000 27020 553.488 4858619.189 312.634 1.4162 0.0 
8300000 27051 442.956 4864265.308 249.307 1.1345 0.0 
8310000 27092 328.978 4870060.574 187.753 0.8471 0.0 
8320000 27123 340.402 4876410.724 206.068 0.867 0.0 
8330000 27160 306.221 4883634.341 201.319 0.7936 0.0 
8340000 27189 315.089 4890213.704 209.451 0.8188 0.0 
8350000 27215 342.355 4897012.831 228.351 0.8894 0.0 
8360000 27238 380.233 4904295.281 263.306 0.9817 0.0 
8370000 27265 377.545 4910928.961 256.308 0.9672 0.0 
8380000 27288 386.956 4917428.962 260.314 0.9994 0.0 
8390000 27315 386.48 4923590.52 250.224 0.9977 0.0 
8400000 27339 392.803 4929832.639 251.919 1.0103 0.0 
8410000 27358 448.628 4935410.142 271.261 1.1549 0.0 
8420000 27378 461.048 4940621.319 265.076 1.1804 0.0 
8430000 27409 386.773 4946394.404 223.633 0.9836 0.0 
8440000 27440 366.059 4952105.402 209.874 0.9294 0.0 
8450000 27468 352.743 4957826.565 204.393 0.9031 0.0 
8460000 27499 338.475 4963867.242 196.758 0.876 0.0 
8470000 27521 374.057 4969277.12 214.597 0.9643 0.0 
8480000 27537 438.279 4974404.676 241.511 1.1221 0.0 
8490000 27549 520.471 4979044.729 270.58 1.3365 0.0 
8500000 27566 550.329 4983875.076 278.803 1.4122 0.0 
8510000 27582 574.812 4988909.595 291.371 1.472 0.0 
8520000 27609 487.631 4994999.669 263.813 1.2567 0.0 
8530000 27624 534.193 5000412.525 289.204 1.3702 0.0 
8540000 27636 585.823 5005335.903 311.03 1.5021 0.0 
8550000 27660 524.93 5010606.363 277.469 1.3561 0.0 
8560000 27678 542.805 5015612.831 281.613 1.4068 0.0 
8570000 27694 568.981 5021385.673 305.718 1.4781 0.0 
8580000 27711 567.84 5026440.713 298.665 1.4744 0.0 
8590000 27725 607.458 5032138.089 328.804 1.575 0.0 
8600000 27744 580.663 5037496.026 312.309 1.5055 0.0 
8610000 27761 581.106 5042296.534 304.28 1.5062 0.0 
8620000 27786 504.401 5048115.547 273.68 1.2976 0.0 
8630000 27816 423.072 5054337.656 241.642 1.0873 0.0 
8640000 27833 465.924 5060207.469 267.129 1.2008 0.0 
8650000 27856 449.926 5066317.047 264.386 1.154 0.0 
8660000 27872 504.038 5072597.592 303.658 1.298 0.0 
8670000 27900 446.114 5080108.949 289.843 1.155 0.0 
8680000 27916 495.654 5086669.994 323.211 1.2822 0.0 
8690000 27939 455.323 5091294.986 268.79 1.1774 0.0 
8700000 27954 518.676 5096305.473 290.802 1.3438 0.0 
8710000 27971 533.717 5101307.475 287.93 1.3852 0.0 
8720000 27993 510.631 5106448.555 271.443 1.3182 0.0 
8730000 28014 491.065 5112034.369 265.983 1.2612 0.0 
8740000 28029 545.246 5117463.433 294.742 1.4054 0.0 
8750000 28044 583.171 5123775.499 330.461 1.5043 0.0 
8760000 28064 557.227 5130135.566 327.45 1.4373 0.0 
8770000 28091 469.664 5136209.399 278.765 1.2299 0.0 
8780000 28112 465.041 5142130.718 275.88 1.204 0.0 
8790000 28146 385.236 5148414.366 234.041 0.9888 0.0 
8800000 28179 340.89 5154951.567 213.466 0.8796 0.0 
8810000 28222 279.992 5162387.621 191.285 0.726 0.0 
8820000 28243 351.274 5168104.135 221.013 0.9177 0.0 
8830000 28279 313.118 5174977.14 202.268 0.8134 0.0 
8840000 28354 133.699 5179570.862 72.054 0.3426 0.0 
8850000 28411 180.63 5183438.74 76.677 0.4618 0.0 
8860000 28449 216.599 5188115.919 98.115 0.5538 0.0 
8870000 28470 305.987 5193491.716 153.033 0.7794 0.0 
8880000 28494 345.175 5200061.978 194.252 0.8799 0.0 
8890000 28520 362.041 5207642.381 236.745 0.9197 0.0 
8900000 28552 347.316 5215369.278 245.353 0.8846 0.0 
8910000 28575 381.138 5224526.437 304.622 0.9768 0.0 
8920000 28602 366.669 5232998.622 299.465 0.9419 0.0 
8930000 28629 382.444 5241049.737 311.798 0.9849 0.0 
8940000 28653 397.263 5249427.493 326.344 1.034 0.0 
8950000 28672 427.018 5256718.892 341.366 1.0962 0.0 
8960000 28702 388.913 5265239.931 318.444 0.9972 0.0 
8970000 28730 376.28 5274171.028 320.381 0.9591 0.0 
8980000 28758 359.67 5283280.482 315.369 0.9211 0.0 
8990000 28784 373.286 5290761.149 307.277 0.9585 0.0 
9000000 28804 403.179 5298259.364 319.784 1.0373 0.0 
9010000 28838 360.014 5306586.531 294.149 0.9207 0.0 
9020000 28868 349.311 5315451.015 297.257 0.8998 0.0 
9030000 28884 427.383 5322594.779 335.53 1.1035 0.0 
9040000 28905 444.222 5330189.339 341.378 1.1415 0.0 
9050000 28919 514.2 5336810.007 378.882 1.3221 0.0 
9060000 28937 522.774 5344311.605 385.702 1.3387 0.0 
9070000 28951 564.683 5350031.333 390.451 1.4354 0.0 
9080000 28966 583.942 5356098.278 394.174 1.4815 0.0 
9090000 28983 600.547 5364544.517 428.408 1.5235 0.0 
9100000 28998 609.838 5370051.847 403.885 1.5578 0.0 
9110000 29016 595.801 5378375.935 425.309 1.5241 0.0 
9120000 29041 505.694 5387826.644 395.995 1.2929 0.0 
9130000 29063 487.126 5396706.151 398.781 1.2505 0.0 
9140000 29085 472.829 5405228.593 389.641 1.2181 0.0 
9150000 29105 466.298 5411685.535 361.487 1.2032 0.0 
9160000 29133 412.411 5420226.496 331.068 1.062 0.0 
9170000 29170 336.548 5428994.717 279.772 0.8601 0.0 
9180000 29207 305.005 5437476.915 253.607 0.785 0.0 
9190000 29252 234.388 5443758.076 167.181 0.6012 0.0 
9200000 29263 377.498 5449362.326 240.801 0.9621 0.0 
9210000 29273 489.811 5455287.35 304.214 1.2485 0.0 
9220000 29284 567.252 5460937.42 341.674 1.4542 0.0 
9230000 29300 583.74 5466236.33 338.811 1.5122 0.0 
9240000 29322 537.288 5471711.519 304.806 1.379 0.0 
9250000 29349 464.789 5478737.671 282.887 1.1988 0.0 
9260000 29366 500.188 5485277.86 318.358 1.281 0.0 
9270000 29403 371.116 5491167.991 231.561 0.9568 0.0 
9280000 29428 385.564 5497746.703 244.93 0.9927 0.0 
9290000 29453 401.635 5504116.807 254.026 1.0337 0.0 
9300000 29470 450.504 5509126.764 262.744 1.1586 0.0 
9310000 29484 518.923 5514891.895 300.588 1.3389 0.0 
9320000 29499 554.643 5520145.404 311.883 1.4289 0.0 
9330000 29521 507.99 5526444.143 296.098 1.311 0.0 
9340000 29564 348.373 5533132.507 215.962 0.8905 0.0 
9350000 29611 262.389 5539852.615 166.157 0.6753 0.0 
9360000 29630 342.241 5545730.753 213.334 0.8803 0.0 
9370000 29651 397.186 5551730.492 244.531 1.0177 0.0 
9380000 29708 243.018 5556479.456 133.772 0.6262 0.0 
9390000 29737 300.481 5562216.647 170.524 0.769 0.0 
9400000 29752 390.66 5568557.581 232.996 0.9988 0.0 
9410000 29765 466.728 5575134.9 288.46 1.2027 0.0 
9420000 29785 485.195 5581902.437 309.247 1.2413 0.0 
9430000 29810 451.97 5587826.037 281.954 1.1615 0.0 
9440000 29841 380.304 5594044.485 236.31 0.9752 0.0 
9450000 29874 341.53 5600665.352 219.518 0.8769 0.0 
9460000 29909 307.796 5606795.953 192.539 0.7942 0.0 
9470000 29941 299.571 5612585.477 179.405 0.7672 0.0 
9480000 29960 387.653 5618114.184 226.132 0.98 0.0 
9490000 29972 467.905 5623330.13 262.241 1.1897 0.0 
9500000 29990 498.462 5628903.129 276.9 1.2686 0.0 
9510000 30014 461.952 5635253.714 271.477 1.1702 0.0 
9520000 30029 518.994 5641185.762 305.171 1.3228 0.0 
9530000 30050 494.382 5647472.219 298.688 1.2525 0.0 
9540000 30076 448.382 5653526.327 270.632 1.1333 0.0 
9550000 30114 339.392 5660282.886 212.443 0.8583 0.0 
9560000 30142 345.705 5667711.285 238.261 0.8878 0.0 
9570000 30159 401.178 5674000.239 270.246 1.0303 0.0 
9580000 30178 450.999 5680930.748 304.567 1.1664 0.0 
9590000 30201 442.569 5687927.126 302.424 1.1398 0.0 
9600000 30218 486.475 5694728.203 330.258 1.2595 0.0 
9610000 30237 487.872 5701944.808 340.261 1.2647 0.0 
9620000 30253 524.724 5708633.465 361.783 1.3673 0.0 
9630000 30281 462.157 5715356.469 316.05 1.1985 0.0 
9640000 30298 494.225 5721810.01 332.21 1.274 0.0 
9650000 30316 504.71 5728064.387 331.75 1.2914 0.0 
9660000 30331 553.552 5733745.418 348.176 1.4242 0.0 
9670000 30345 594.927 5740556.12 384.388 1.5379 0.0 
9680000 30355 657.881 5746211.823 412.491 1.7087 0.0 
9690000 30370 666.008 5751662.27 401.227 1.7228 0.0 
9700000 30381 714.282 5756851.807 416.744 1.834 0.0 
9710000 30396 697.708 5762511.823 404.393 1.785 0.0 
9720000 30409 710.816 5767485.032 396.026 1.8197 0.0 
9730000 30436 572.225 5772208.205 305.639 1.461 0.0 
9740000 30455 561.807 5777972.922 307.408 1.4467 0.0 
9750000 30471 566.508 5782930.402 301.732 1.4574 0.0 
9760000 30496 515.983 5789247.116 290.412 1.3258 0.0 
9770000 30519 475.704 5796334.474 290.444 1.228 0.0 
9780000 30543 449.599 5803540.435 290.816 1.1644 0.0 
9790000 30559 486.518 5808921.229 298.734 1.2529 0.0 
9800000 30575 522.627 5812987.211 287.833 1.3528 0.0 
9810000 30592 551.924 5816663.507 269.787 1.4276 0.0 
9820000 30604 604.994 5820217.903 273.861 1.5594 0.0 
9830000 30620 606.402 5824650.668 270.862 1.5578 0.0 
9840000 30638 604.097 5829572.017 277.517 1.5579 0.0 
9850000 30654 601.517 5835514.618 298.754 1.5498 0.0 
9860000 30676 558.703 5841101.66 290.365 1.438 0.0 
9870000 30695 541.306 5846832.811 288.219 1.3944 0.0 
9880000 30712 559.459 5852675.448 308.294 1.4379 0.0 
9890000 30738 495.984 5857796.477 266.38 1.2725 0.0 
9900000 30764 440.142 5863013.893 233.963 1.1343 0.0 
9910000 30784 458.614 5868081.032 240.954 1.1748 0.0 
9920000 30822 346.745 5876104.487 220.068 0.8968 0.0 
9930000 30868 275.909 5884291.728 196.124 0.7058 0.0 
9940000 30912 252.522 5891308.999 178.399 0.645 0.0 
9950000 30956 240.481 5897785.515 162.187 0.6209 0.0 
9960000 30987 279.065 5904266.041 182.915 0.7188 0.0 
9970000 31019 295.789 5910745.441 192.224 0.7558 0.0 
9980000 31038 366.87 5916654.081 228.941 0.9367 0.0 
9990000 31058 416.033 5921860.44 242.085 1.0561 0.0 
10000000 31076 455.148 5926270.056 240.978 1.1606 0.0 
