10000 466 21.853 2508.224 6.196 0.0148 0.0 
20000 942 20.4 5053.438 4.75 0.0137 0.0 
30000 1411 21.816 7952.259 5.641 0.0148 0.0 
40000 1875 21.612 10713.59 5.663 0.0148 0.0 
50000 2340 21.834 13609.789 5.496 0.0146 0.0 
60000 2811 20.485 16326.629 5.48 0.0139 0.0 
70000 3286 20.238 19076.419 5.709 0.0137 0.0 
80000 3750 21.47 22054.411 6.276 0.0146 0.0 
90000 4226 20.726 24965.278 6.173 0.014 0.0 
100000 4681 21.858 28071.667 5.612 0.0147 0.0 
110000 5167 22.308 32765.458 14.401 0.1226 0.0 
120000 5597 23.262 40099.974 17.695 0.1232 0.0 
130000 6008 24.413 47817.021 18.602 0.1296 0.0 
140000 6436 22.762 55321.888 16.852 0.1017 0.0 
150000 6873 24.094 62377.882 16.258 0.1061 0.0 
160000 7185 38.871 69143.141 26.577 0.2757 0.0 
170000 7407 50.223 77470.352 41.718 0.361 0.0 
180000 7556 65.594 85703.107 54.322 0.4788 0.0 
190000 7702 65.461 93749.67 53.53 0.4735 0.0 
200000 7804 104.862 101289.821 77.177 0.769 0.0 
210000 7923 83.174 109781.572 70.564 0.6091 0.0 
220000 8000 131.141 117791.005 104.778 0.9647 0.0 
230000 8059 156.024 125196.2 118.239 1.1518 0.0 
240000 8097 216.006 132345.559 157.525 1.5841 0.0 
250000 8157 172.226 140259.158 133.628 1.2582 0.0 
260000 8251 111.103 149362.906 99.776 0.8172 0.0 
270000 8368 87.455 159123.473 84.475 0.641 0.0 
280000 8472 106.558 168591.913 97.563 0.7817 0.0 
290000 8557 107.843 177701.762 101.228 0.7892 0.0 
300000 8651 107.001 186935.938 98.79 0.7834 0.0 
310000 8729 127.619 195689.901 112.129 0.9273 0.0 
320000 8793 156.731 204643.547 139.676 1.1356 0.0 
330000 8851 173.903 212881.822 145.737 1.266 0.0 
340000 8868 297.997 221461.156 252.824 2.1539 0.0 
350000 8884 380.534 229158.248 309.202 2.759 0.0 
360000 8898 465.145 237381.806 378.977 3.3714 0.0 
370000 8910 546.646 245275.948 442.345 3.9429 0.0 
380000 8924 579.761 253142.151 464.011 4.1783 0.0 
390000 8938 621.178 261368.978 500.984 4.5059 0.0 
400000 8953 639.309 270567.291 537.449 4.641 0.0 
410000 8965 666.555 280562.579 585.958 4.8342 0.0 
420000 8982 643.233 290087.806 578.28 4.6672 0.0 
430000 8993 705.928 300057.133 653.242 5.1338 0.0 
440000 9009 681.19 310773.177 655.953 4.9371 0.0 
450000 9026 649.287 321087.928 635.938 4.7098 0.0 
460000 9041 654.299 331976.436 659.469 4.7431 0.0 
470000 9058 618.015 342959.877 638.398 4.4596 0.0 
480000 9088 506.151 353734.066 529.8 3.6489 0.0 
490000 9104 531.451 364942.379 567.872 3.8513 0.0 
500000 9121 560.073 375801.552 602.566 4.0554 0.0 
510000 9135 587.271 386947.286 637.129 4.2469 0.0 
520000 9146 656.092 397811.781 713.652 4.7435 0.0 
530000 9160 668.809 409510.355 742.123 4.8432 0.0 
540000 9175 669.324 421921.735 765.803 4.8321 0.0 
550000 9194 611.005 434699.309 719.442 4.4219 0.0 
560000 9210 628.24 447052.584 750.781 4.5402 0.0 
570000 9227 615.523 459593.89 745.846 4.4508 0.0 
580000 9244 594.738 472320.054 730.758 4.2951 0.0 
590000 9267 543.582 485185.986 678.758 3.9211 0.0 
600000 9301 419.986 496866.008 513.097 3.031 0.0 
610000 9361 241.256 508016.821 282.306 1.7493 0.0 
620000 9445 139.914 519241.877 154.581 1.0145 0.0 
630000 9501 162.743 531690.382 192.41 1.1721 0.0 
640000 9517 288.831 543866.356 347.813 2.0784 0.0 
650000 9533 381.879 553531.907 420.298 2.7612 0.0 
660000 9551 419.989 562388.994 429.162 3.0311 0.0 
670000 9568 480.069 570985.805 459.674 3.4788 0.0 
680000 9593 440.615 582219.996 453.352 3.188 0.0 
690000 9612 476.979 594861.866 529.299 3.465 0.0 
700000 9626 536.822 609970.753 668.639 3.909 0.0 
710000 9653 470.497 625524.462 635.255 3.4266 0.0 
720000 9691 355.662 639567.844 482.459 2.5887 0.0 
730000 9746 229.681 653743.474 316.139 1.6708 0.0 
740000 9805 195.199 666249.537 254.664 1.4173 0.0 
750000 9902 109.504 677634.69 128.102 0.8011 0.0 
760000 9972 133.775 687479.696 139.578 0.9702 0.0 
770000 10026 166.362 698721.632 186.143 1.2077 0.0 
780000 10074 181.915 710436.128 207.188 1.3197 0.0 
790000 10097 265.346 723047.948 320.076 1.9161 0.0 
800000 10112 366.594 731994.861 392.127 2.6472 0.0 
810000 10135 388.882 741058.787 388.856 2.8151 0.0 
820000 10189 249.382 752198.494 266.357 1.8149 0.0 
830000 10260 163.903 765196.684 200.776 1.2019 0.0 
840000 10318 171.174 779564.301 235.628 1.2537 0.0 
850000 10361 210.046 794211.402 302.708 1.5355 0.0 
860000 10389 269.739 809736.751 404.088 1.9711 0.0 
870000 10410 344.877 825469.858 529.393 2.5093 0.0 
880000 10429 392.638 839976.909 594.482 2.8551 0.0 
890000 10441 493.392 854818.205 735.333 3.5844 0.0 
900000 10479 375.794 869907.685 563.853 2.724 0.0 
910000 10496 432.752 885302.989 656.85 3.1366 0.0 
920000 10513 480.398 900836.595 734.066 3.4863 0.0 
930000 10551 359.165 915479.792 539.044 2.603 0.0 
940000 10584 327.118 930112.467 484.743 2.3846 0.0 
950000 10605 378.629 944667.551 553.984 2.7505 0.0 
960000 10631 380.336 959951.733 566.863 2.7515 0.0 
970000 10658 366.23 974059.025 534.13 2.6636 0.0 
980000 10696 311.496 988212.487 448.386 2.2603 0.0 
990000 10743 249.175 1002166.697 351.969 1.8074 0.0 
1000000 10802 201.606 1014396.32 261.737 1.4523 0.0 
1010000 10882 171.336 1022050.242 153.304 1.2392 0.0 
1020000 10909 256.132 1032136.149 242.135 1.8648 0.0 
1030000 10940 293.208 1047652.239 372.861 2.1224 0.0 
1040000 10963 348.449 1062935.958 486.047 2.5026 0.0 
1050000 10979 415.341 1079205.356 617.079 2.9871 0.0 
1060000 10997 465.32 1095571.448 718.539 3.3465 0.0 
1070000 11013 501.246 1111189.292 776.973 3.6022 0.0 
1080000 11031 516.534 1127285.068 808.322 3.7132 0.0 
1090000 11050 518.049 1143618.026 823.354 3.7467 0.0 
1100000 11075 482.053 1160087.602 777.094 3.4775 0.0 
1110000 11131 277.918 1174278.616 424.62 2.0062 0.0 
1120000 11181 225.431 1188810.513 333.432 1.6284 0.0 
1130000 11236 198.13 1201965.762 271.26 1.4258 0.0 
1140000 11279 223.629 1215477.83 304.385 1.6249 0.0 
1150000 11312 255.032 1229261.697 346.78 1.8516 0.0 
1160000 11350 264.694 1244356.901 380.78 1.9171 0.0 
1170000 11375 318.262 1258562.264 454.341 2.3052 0.0 
1180000 11407 307.585 1272980.499 438.751 2.2254 0.0 
1190000 11440 301.643 1285649.34 404.282 2.1824 0.0 
1200000 11496 218.129 1300337.88 308.494 1.5785 0.0 
1210000 11539 220.346 1314836.132 313.997 1.5922 0.0 
1220000 11573 250.264 1328858.823 350.376 1.8102 0.0 
1230000 11619 232.31 1341777.618 312.756 1.6847 0.0 
1240000 11649 275.375 1354326.408 356.237 2.0061 0.0 
1250000 11690 254.614 1367274.828 326.645 1.8556 0.0 
1260000 11721 288.645 1380485.364 377.684 2.0998 0.0 
1270000 11755 293.917 1391714.492 360.15 2.1287 0.0 
1280000 11780 333.075 1402540.301 384.504 2.4033 0.0 
1290000 11815 303.283 1414675.545 356.896 2.2004 0.0 
1300000 11860 249.735 1426524.722 296.005 1.8181 0.0 
1310000 11925 177.197 1439104.668 216.751 1.2826 0.0 
1320000 11980 177.97 1452793.033 234.323 1.2877 0.0 
1330000 12020 218.891 1466183.804 290.586 1.607 0.0 
1340000 12058 245.441 1480799.024 345.374 1.7883 0.0 
1350000 12080 329.809 1494951.506 463.993 2.3953 0.0 
1360000 12105 348.495 1507217.239 469.115 2.5441 0.0 
1370000 12125 398.672 1516696.396 468.263 2.9009 0.0 
1380000 12161 329.876 1526797.971 367.342 2.4055 0.0 
1390000 12188 344.509 1538955.33 398.612 2.5075 0.0 
1400000 12220 325.424 1553037.209 413.692 2.3607 0.0 
1410000 12290 175.937 1567168.828 236.162 1.2704 0.0 
1420000 12362 156.652 1581658.929 224.882 1.1342 0.0 
1430000 12485 80.963 1595040.944 104.051 0.5859 0.0 
1440000 12595 86.177 1608110.959 112.168 0.6249 0.0 
1450000 12679 130.63 1622540.197 190.761 0.9379 0.0 
1460000 12726 199.21 1637544.073 299.927 1.4414 0.0 
1470000 12755 265.017 1651799.178 383.771 1.92 0.0 
1480000 12781 314.218 1666530.322 458.726 2.2799 0.0 
1490000 12803 360.483 1681449.27 530.85 2.6219 0.0 
1500000 12849 271.027 1695649.513 392.081 1.9787 0.0 
1510000 12892 257.82 1709842.861 371.814 1.8726 0.0 
1520000 12914 325.333 1725215.811 484.851 2.3688 0.0 
1530000 12928 424.007 1738587.998 605.768 3.1113 0.0 
1540000 12944 476.394 1751765.975 659.188 3.4604 0.0 
1550000 12962 504.895 1761514.242 630.227 3.6722 0.0 
1560000 12975 565.011 1770490.744 645.692 4.114 0.0 
1570000 12997 518.477 1782361.915 600.187 3.8619 0.0 
1580000 13032 405.193 1793815.092 468.548 2.9776 0.0 
1590000 13077 289.198 1804873.017 336.185 2.1164 0.0 
1600000 13159 146.591 1815979.392 159.373 1.0683 0.0 
1610000 13219 168.812 1829744.438 222.28 1.2187 0.0 
1620000 13282 146.603 1842776.831 187.51 1.0576 0.0 
1630000 13351 152.001 1852208.437 153.911 1.0932 0.0 
1640000 13373 269.603 1859671.541 224.097 1.9443 0.0 
1650000 13424 201.257 1868897.823 179.311 1.4585 0.0 
1660000 13526 107.082 1879100.943 103.805 0.7762 0.0 
1670000 13589 145.65 1890150.844 159.418 1.0713 0.0 
1680000 13639 172.421 1899263.382 160.77 1.2636 0.0 
1690000 13667 250.367 1906218.295 199.014 1.8166 0.0 
1700000 13719 209.512 1915107.554 176.906 1.5233 0.0 
1710000 13761 215.666 1923405.64 185.018 1.5734 0.0 
1720000 13822 182.449 1932113.757 162.428 1.3265 0.0 
1730000 13892 158.015 1940012.129 127.193 1.1469 0.0 
1740000 13954 145.367 1949630.388 137.439 1.0572 0.0 
1750000 14041 110.756 1959158.333 107.963 0.8054 0.0 
1760000 14116 126.465 1967996.592 113.886 0.9052 0.0 
1770000 14186 149.482 1978379.42 146.872 1.0797 0.0 
1780000 14251 149.297 1987168.271 140.099 1.0789 0.0 
1790000 14302 179.498 1995141.036 149.064 1.2993 0.0 
1800000 14343 206.68 2002803.982 164.168 1.4941 0.0 
1810000 14399 201.148 2009143.216 135.292 1.4584 0.0 
1820000 14466 154.945 2017324.907 123.091 1.117 0.0 
1830000 14539 137.128 2027693.377 133.062 0.9928 0.0 
1840000 14586 187.336 2036555.356 168.409 1.3636 0.0 
1850000 14641 172.662 2047308.467 175.743 1.2497 0.0 
1860000 14707 160.847 2057043.183 156.525 1.1713 0.0 
1870000 14775 144.474 2067257.416 145.758 1.0429 0.0 
1880000 14846 138.011 2077665.477 145.694 1.0041 0.0 
1890000 14901 172.042 2088428.265 182.265 1.2492 0.0 
1900000 14966 176.434 2099362.787 191.618 1.2777 0.0 
1910000 15032 161.722 2109389.254 166.479 1.1767 0.0 
1920000 15060 246.821 2119231.83 248.113 1.7901 0.0 
1930000 15098 257.79 2128476.747 251.954 1.8821 0.0 
1940000 15138 268.34 2136162.533 227.619 1.9561 0.0 
1950000 15164 318.03 2142726.667 238.701 2.3127 0.0 
1960000 15188 350.091 2149160.357 246.449 2.567 0.0 
1970000 15210 406.69 2154635.311 259.547 2.9678 0.0 
1980000 15234 407.068 2160272.367 247.186 2.9775 0.0 
1990000 15277 299.733 2166555.331 187.002 2.1885 0.0 
2000000 15335 226.324 2172748.109 136.946 1.6502 0.0 
2010000 15376 229.347 2178424.659 136.965 1.674 0.0 
2020000 15409 265.027 2183654.947 147.146 1.9397 0.0 
2030000 15439 289.778 2189299.083 163.04 2.1083 0.0 
2040000 15549 119.6 2195897.386 71.367 0.8683 0.0 
2050000 15602 156.518 2201667.164 90.71 1.1405 0.0 
2060000 15669 151.915 2206782.89 79.068 1.1045 0.0 
2070000 15712 197.861 2212259.263 109.152 1.4333 0.0 
2080000 15733 284.798 2217730.66 155.988 2.0718 0.0 
2090000 15747 395.793 2222856.814 210.574 2.8728 0.0 
2100000 15790 278.01 2227337.885 135.901 2.0234 0.0 
2110000 15878 129.209 2230774.404 51.265 0.9589 0.0 
2120000 15957 130.031 2234726.451 51.225 0.9595 0.0 
2130000 15982 232.638 2239211.069 99.814 1.7167 0.0 
2140000 16015 255.348 2243488.338 108.698 1.867 0.0 
2150000 16035 345.204 2248236.659 155.653 2.5251 0.0 
2160000 16053 397.936 2252920.625 182.153 2.8971 0.0 
2170000 16085 353.448 2257704.628 164.91 2.5737 0.0 
2180000 16103 425.736 2261837.094 189.875 3.1003 0.0 
2190000 16114 528.445 2266163.655 233.301 3.8689 0.0 
2200000 16136 485.293 2270615.113 214.707 3.5526 0.0 
2210000 16206 213.042 2275249.986 95.192 1.5548 0.0 
2220000 16245 224.85 2279992.41 102.823 1.6451 0.0 
2230000 16285 210.357 2284532.022 94.676 1.5355 0.0 
2240000 16385 133.585 2289852.815 70.947 0.9691 0.0 
2250000 16447 163.0 2295546.482 92.341 1.1943 0.0 
2260000 16610 63.133 2301959.487 42.055 0.4578 0.0 
2270000 16781 64.677 2308992.844 48.391 0.4694 0.0 
2280000 16878 98.36 2315652.524 67.93 0.7041 0.0 
2290000 16956 133.907 2321050.602 73.846 0.9768 0.0 
2300000 16979 243.299 2326437.658 131.937 1.778 0.0 
2310000 16997 346.196 2332305.082 195.092 2.5173 0.0 
2320000 17020 388.911 2338473.176 229.202 2.8201 0.0 
2330000 17036 443.724 2344197.119 259.251 3.4787 0.0 
2340000 17056 466.66 2350057.141 272.104 3.5703 0.0 
2350000 17101 303.404 2356737.606 188.285 2.2837 0.0 
2360000 17162 215.315 2364264.903 149.231 1.5904 0.0 
2370000 17215 197.382 2371070.418 134.45 1.4498 0.0 
2380000 17253 235.095 2377162.752 149.106 1.7151 0.0 
2390000 17312 171.355 2383079.942 104.824 1.2437 0.0 
2400000 17423 93.677 2389549.792 59.66 0.6771 0.0 
2410000 17446 223.743 2395783.259 139.984 1.6131 0.0 
2420000 17462 328.663 2401346.718 194.782 2.3886 0.0 
2430000 17492 330.467 2407661.932 200.871 2.4061 0.0 
2440000 17521 338.201 2414364.751 213.989 2.464 0.0 
2450000 17545 372.313 2420750.203 238.941 2.7175 0.0 
2460000 17588 293.763 2427367.025 190.293 2.1314 0.0 
2470000 17606 358.275 2434172.902 238.106 2.6025 0.0 
2480000 17629 393.141 2440594.579 258.05 2.8665 0.0 
2490000 17647 448.796 2446908.099 289.488 3.2663 0.0 
2500000 17688 328.727 2453307.564 210.597 2.4009 0.0 
2510000 17739 236.874 2459800.128 152.627 1.7247 0.0 
2520000 17794 208.248 2467063.827 144.415 1.5173 0.0 
2530000 17844 201.646 2474061.848 141.407 1.4611 0.0 
2540000 17885 216.601 2481163.409 155.965 1.5693 0.0 
2550000 17920 245.583 2489162.668 187.838 1.7741 0.0 
2560000 17938 331.579 2496663.861 252.35 2.3996 0.0 
2570000 17964 362.21 2503884.552 269.003 2.6342 0.0 
2580000 17987 375.682 2511189.49 276.676 2.7139 0.0 
2590000 18011 386.864 2518531.611 284.612 2.825 0.0 
2600000 18037 385.232 2525400.244 274.694 2.8223 0.0 
2610000 18074 319.518 2531868.076 219.955 2.332 0.0 
2620000 18096 370.027 2538146.984 245.264 2.7035 0.0 
2630000 18117 410.619 2543202.72 246.225 3.0059 0.0 
2640000 18136 439.158 2548691.182 254.973 3.2156 0.0 
2650000 18156 460.0 2554238.885 262.44 3.385 0.0 
2660000 18176 462.608 2559888.547 262.795 3.3998 0.0 
2670000 18199 459.414 2565802.425 265.1 3.3712 0.0 
2680000 18227 405.529 2571676.79 234.4 2.9792 0.0 
2690000 18261 353.672 2577466.468 204.419 2.5952 0.0 
2700000 18306 278.859 2583757.279 169.051 2.0207 0.0 
2710000 18376 192.905 2589573.776 114.101 1.3945 0.0 
2720000 18411 228.376 2595931.197 143.676 1.6542 0.0 
2730000 18449 252.737 2601440.402 146.939 1.8414 0.0 
2740000 18486 260.174 2607037.906 148.123 1.9012 0.0 
2750000 18506 329.697 2612174.715 176.793 2.403 0.0 
2760000 18563 212.262 2618502.508 124.269 1.5485 0.0 
2770000 18599 249.982 2625326.601 161.864 1.83 0.0 
2780000 18636 257.044 2632287.534 172.399 1.8734 0.0 
2790000 18661 302.151 2638642.329 196.628 2.2045 0.0 
2800000 18679 376.318 2645280.445 249.458 2.7445 0.0 
2810000 18694 458.113 2650644.055 280.465 3.3474 0.0 
2820000 18711 488.294 2655893.511 283.811 3.5854 0.0 
2830000 18735 472.053 2660865.143 260.513 3.4645 0.0 
2840000 18771 363.446 2665661.516 192.274 2.6555 0.0 
2850000 18798 368.472 2670950.51 194.377 2.6573 0.0 
2860000 18830 326.578 2676604.361 176.97 2.3703 0.0 
2870000 18948 89.994 2682067.789 49.55 0.6585 0.0 
2880000 19030 140.886 2687938.946 82.983 1.0244 0.0 
2890000 19086 158.474 2694180.579 96.609 1.1516 0.0 
2900000 19137 179.115 2700723.63 116.804 1.302 0.0 
2910000 19158 280.893 2706524.464 172.216 2.0415 0.0 
2920000 19179 348.802 2711611.902 195.983 2.5382 0.0 
2930000 19218 288.5 2716099.056 147.075 2.1027 0.0 
2940000 19243 344.064 2721291.547 177.255 2.51 0.0 
2950000 19276 304.446 2726425.137 157.25 2.226 0.0 
2960000 19325 234.878 2731653.119 121.183 1.7178 0.0 
2970000 19378 198.251 2736307.003 96.131 1.4478 0.0 
2980000 19409 257.256 2741686.356 133.571 1.8714 0.0 
2990000 19500 127.278 2747549.702 71.166 0.9258 0.0 
3000000 19564 138.584 2753123.918 76.502 0.998 0.0 
3010000 19615 166.009 2758596.736 90.415 1.215 0.0 
3020000 19683 149.398 2762716.046 67.178 1.0849 0.0 
3030000 19734 171.182 2767449.983 80.968 1.2515 0.0 
3040000 19768 234.834 2772395.258 111.948 1.7076 0.0 
3050000 19800 270.433 2777761.517 137.02 1.984 0.0 
3060000 19876 169.363 2780693.191 62.933 1.2298 0.0 
3070000 19936 170.281 2786389.278 88.044 1.2321 0.0 
3080000 20031 125.268 2792876.916 77.545 0.9046 0.0 
3090000 20107 128.214 2799462.277 80.487 0.9374 0.0 
3100000 20253 65.863 2805056.549 36.732 0.4864 0.0 
3110000 20334 123.26 2811209.863 75.61 0.8959 0.0 
3120000 20431 97.027 2817601.31 61.618 0.6996 0.0 
3130000 20512 111.319 2823707.655 68.978 0.8029 0.0 
3140000 20579 145.234 2829252.391 81.695 1.0563 0.0 
3150000 20678 108.695 2834903.681 60.327 0.7974 0.0 
3160000 20718 176.544 2839477.369 84.539 1.2904 0.0 
3170000 20776 169.084 2845652.515 98.621 1.2352 0.0 
3180000 20826 191.346 2852216.968 122.767 1.3937 0.0 
3190000 20880 187.157 2859408.279 130.574 1.3595 0.0 
3200000 20918 221.328 2866475.408 154.929 1.6158 0.0 
3210000 20944 281.976 2873391.014 197.091 2.0521 0.0 
3220000 20967 341.492 2879323.099 220.876 2.4845 0.0 
3230000 20981 427.244 2884390.657 252.273 3.1136 0.0 
3240000 21012 379.323 2890349.307 225.598 2.7571 0.0 
3250000 21050 296.42 2896931.076 183.067 2.1469 0.0 
3260000 21122 184.425 2902677.321 109.992 1.3441 0.0 
3270000 21163 224.851 2908859.253 137.274 1.6317 0.0 
3280000 21241 136.84 2915832.916 93.837 1.0027 0.0 
3290000 21323 136.528 2922000.956 85.284 1.0052 0.0 
3300000 21388 138.455 2927922.519 83.846 1.0092 0.0 
3310000 21452 161.461 2934457.409 105.65 1.177 0.0 
3320000 21512 157.305 2941379.62 104.024 1.1465 0.0 
3330000 21553 208.063 2947421.002 130.313 1.5203 0.0 
3340000 21603 197.162 2954072.126 129.972 1.4393 0.0 
3350000 21660 185.953 2960544.733 118.655 1.3583 0.0 
3360000 21709 187.976 2966637.377 117.598 1.383 0.0 
3370000 21746 231.009 2972197.513 134.15 1.6946 0.0 
3380000 21799 195.375 2977745.065 110.444 1.4312 0.0 
3390000 21824 273.988 2982961.962 148.277 2.0067 0.0 
3400000 21848 335.452 2988285.585 180.065 2.455 0.0 
3410000 21864 418.78 2994507.56 239.001 3.055 0.0 
3420000 21899 351.995 3000598.119 207.495 2.563 0.0 
3430000 21923 379.315 3007041.039 234.104 2.7694 0.0 
3440000 21950 385.663 3013570.098 245.154 2.811 0.0 
3450000 21979 357.741 3020362.958 231.926 2.5973 0.0 
3460000 22018 303.692 3027327.095 203.984 2.2145 0.0 
3470000 22045 331.151 3034160.542 224.86 2.4084 0.0 
3480000 22065 392.175 3040996.286 267.11 2.8499 0.0 
3490000 22114 249.853 3047078.26 162.165 1.8199 0.0 
3500000 22173 214.493 3053294.615 134.484 1.57 0.0 
3510000 22207 256.038 3059317.076 156.265 1.8743 0.0 
3520000 22230 326.093 3065077.851 193.621 2.3769 0.0 
3530000 22254 358.867 3070687.102 207.961 2.6192 0.0 
3540000 22309 239.53 3076250.139 135.346 1.7568 0.0 
3550000 22350 237.109 3082077.66 135.788 1.7315 0.0 
3560000 22394 231.95 3087808.701 133.079 1.7007 0.0 
3570000 22427 257.316 3093379.761 145.389 1.8788 0.0 
3580000 22455 298.453 3098852.085 165.1 2.1826 0.0 
3590000 22489 292.186 3103877.782 155.384 2.1527 0.0 
3600000 22514 338.826 3108698.805 172.314 2.4805 0.0 
3610000 22532 394.53 3113164.391 190.258 2.8903 0.0 
3620000 22552 438.893 3117604.568 205.689 3.2052 0.0 
3630000 22585 358.849 3122301.261 169.538 2.6251 0.0 
3640000 22611 370.648 3127539.204 183.651 2.7082 0.0 
3650000 22646 319.725 3132671.586 161.592 2.3328 0.0 
3660000 22687 286.632 3138297.045 151.74 2.0888 0.0 
3670000 22718 304.832 3143253.694 155.925 2.2101 0.0 
3680000 22744 337.911 3148491.778 173.642 2.4635 0.0 
3690000 22767 378.22 3153791.009 197.185 2.7623 0.0 
3700000 22795 364.514 3159002.471 190.749 2.654 0.0 
3710000 22847 254.728 3163706.243 125.603 1.8661 0.0 
3720000 22892 228.262 3167568.141 94.575 1.6669 0.0 
3730000 22971 158.464 3171064.045 60.57 1.1563 0.0 
3740000 23015 188.334 3175131.557 74.131 1.3766 0.0 
3750000 23082 164.227 3178652.422 56.915 1.2041 0.0 
3760000 23168 101.819 3181867.582 32.886 0.7438 0.0 
3770000 23224 172.201 3186252.781 73.814 1.2558 0.0 
3780000 23253 246.009 3191104.646 113.472 1.7873 0.0 
3790000 23309 181.272 3195518.255 79.582 1.3273 0.0 
3800000 23430 73.221 3198857.389 22.997 0.5347 0.0 
3810000 23570 70.459 3202720.286 28.224 0.5238 0.0 
3820000 23695 78.617 3207052.224 34.84 0.5697 0.0 
3830000 23748 147.678 3211740.556 68.604 1.0898 0.0 
3840000 23776 241.688 3216560.052 114.773 1.767 0.0 
3850000 23803 312.325 3221471.777 151.818 2.2728 0.0 
3860000 23833 311.593 3225156.332 131.747 2.2743 0.0 
3870000 23857 352.132 3230620.921 167.971 2.576 0.0 
3880000 23872 432.959 3235674.734 210.807 3.1442 0.0 
3890000 23884 506.843 3240488.992 245.572 3.679 0.0 
3900000 23905 502.711 3245074.618 239.715 3.6701 0.0 
3910000 23927 485.873 3250168.211 236.711 3.546 0.0 
3920000 23951 464.039 3254857.995 223.847 3.392 0.0 
3930000 23963 540.892 3260014.671 265.754 3.9518 0.0 
3940000 23980 561.672 3264755.757 273.668 4.1007 0.0 
3950000 24000 541.937 3269615.35 263.764 3.9463 0.0 
3960000 24053 310.575 3274163.482 146.728 2.2699 0.0 
3970000 24086 309.36 3279013.302 148.899 2.2553 0.0 
3980000 24110 345.291 3283669.748 164.521 2.508 0.0 
3990000 24140 331.415 3288522.247 158.99 2.4133 0.0 
4000000 24163 378.784 3293792.128 190.189 2.7673 0.0 
4010000 24183 414.242 3298847.334 208.802 3.0116 0.0 
4020000 24219 333.602 3303467.149 162.278 2.426 0.0 
4030000 24299 167.328 3307590.998 73.822 1.22 0.0 
4040000 24400 118.294 3311671.077 49.393 0.8577 0.0 
4050000 24425 240.595 3316319.895 108.677 1.7478 0.0 
4060000 24438 357.251 3320917.183 162.931 2.5941 0.0 
4070000 24464 372.647 3325431.763 169.44 2.7108 0.0 
4080000 24496 322.086 3330268.255 150.377 2.3528 0.0 
4090000 24512 393.235 3335130.604 187.711 2.8819 0.0 
4100000 24535 416.118 3339859.128 197.33 3.0361 0.0 
4110000 24551 481.883 3343056.847 201.446 3.5193 0.0 
4120000 24561 576.661 3347809.469 251.759 4.2152 0.0 
4130000 24580 553.096 3352809.344 251.905 4.0354 0.0 
4140000 24597 557.132 3357994.861 263.868 3.6795 0.0 
4150000 24632 401.869 3363198.889 195.644 2.3832 0.0 
4160000 24772 92.574 3366884.453 36.889 0.521 0.0 
4170000 24883 106.773 3371578.52 49.787 0.6021 0.0 
4180000 24915 193.293 3376826.696 97.49 1.0614 0.0 
4190000 24946 254.934 3381866.308 128.825 1.4003 0.0 
4200000 24985 234.102 3386844.969 116.761 1.2838 0.0 
4210000 25010 307.558 3391163.744 142.106 1.6919 0.0 
4220000 25029 372.794 3395283.84 165.379 2.0573 0.0 
4230000 25050 395.717 3399808.934 176.801 2.1801 0.0 
4240000 25067 456.581 3404571.719 208.919 2.4959 0.0 
4250000 25088 450.585 3409378.911 208.754 2.4583 0.0 
4260000 25121 373.925 3414320.775 177.833 2.0292 0.0 
4270000 25182 236.151 3419121.699 113.713 1.2889 0.0 
4280000 25205 308.04 3424307.069 154.176 1.6833 0.0 
4290000 25389 84.497 3428562.207 37.926 0.4613 0.0 
4300000 25423 195.506 3433716.333 98.27 1.0685 0.0 
4310000 25445 292.059 3439196.528 154.049 1.6003 0.0 
4320000 25468 332.979 3444510.067 176.08 1.8284 0.0 
4330000 25496 343.825 3449841.186 182.499 1.8851 0.0 
4340000 25522 373.017 3455295.55 199.923 2.0488 0.0 
4350000 25549 370.717 3460617.365 197.967 2.0372 0.0 
4360000 25572 391.047 3466056.102 210.752 2.1642 0.0 
4370000 25598 388.593 3471734.992 213.864 2.1451 0.0 
4380000 25646 285.568 3477310.475 158.766 1.5758 0.0 
4390000 25799 55.48 3482309.49 26.158 0.3017 0.0 
4400000 26024 37.364 3487697.011 18.762 0.2016 0.0 
4410000 26099 124.136 3493147.937 68.165 0.6773 0.0 
4420000 26128 222.098 3498602.143 121.039 1.2171 0.0 
4430000 26179 204.144 3503552.045 104.764 1.1141 0.0 
4440000 26205 280.529 3509193.628 152.786 1.5382 0.0 
4450000 26223 359.032 3514803.075 197.991 1.9555 0.0 
4460000 26276 240.108 3519564.545 122.824 1.3144 0.0 
4470000 26319 246.377 3524140.363 119.147 1.3532 0.0 
4480000 26453 91.063 3527351.047 31.186 0.5045 0.0 
4490000 26473 232.489 3533089.971 118.884 1.2885 0.0 
4500000 26518 231.999 3538516.231 123.103 1.2758 0.0 
4510000 26544 292.602 3543715.788 153.259 1.6144 0.0 
4520000 26556 410.251 3549157.927 218.198 2.2469 0.0 
4530000 26571 462.59 3554188.976 241.168 2.5169 0.0 
4540000 26584 541.835 3559259.569 279.448 2.9476 0.0 
4550000 26599 572.92 3564195.016 291.988 3.11 0.0 
4560000 26611 623.148 3569734.425 325.482 3.3836 0.0 
4570000 26623 672.548 3575493.945 360.951 3.6543 0.0 
4580000 26652 528.384 3581399.861 291.893 2.866 0.0 
4590000 26672 525.375 3586867.31 289.355 2.8726 0.0 
4600000 26682 612.197 3592580.113 340.978 3.3448 0.0 
4610000 26701 583.044 3597595.93 315.414 3.1825 0.0 
4620000 26722 545.99 3602005.666 279.944 2.9873 0.0 
4630000 26748 470.484 3606564.952 232.725 2.5855 0.0 
4640000 26777 415.648 3611195.976 200.518 2.2837 0.0 
4650000 26805 388.365 3615691.578 180.808 2.1403 0.0 
4660000 26832 377.779 3620345.118 176.507 2.0832 0.0 
4670000 26848 441.632 3625611.962 216.702 2.427 0.0 
4680000 26863 501.287 3630917.455 254.281 2.7583 0.0 
4690000 26898 374.163 3636081.505 190.992 2.057 0.0 
4700000 26950 256.215 3641639.801 136.204 1.392 0.0 
4710000 26980 297.785 3647124.525 161.248 1.6211 0.0 
4720000 27010 311.284 3652400.741 165.917 1.6957 0.0 
4730000 27031 378.766 3657713.213 203.009 2.0648 0.0 
4740000 27042 487.084 3663750.802 273.207 2.6461 0.0 
4750000 27066 450.34 3668982.852 246.735 2.4566 0.0 
4760000 27089 427.251 3674524.634 234.446 2.3284 0.0 
4770000 27162 181.077 3679415.607 93.496 0.9907 0.0 
4780000 27180 304.129 3684801.073 160.126 1.6684 0.0 
4790000 27202 359.383 3690082.223 189.062 1.9832 0.0 
4800000 27219 411.686 3695116.837 210.997 2.286 0.0 
4810000 27264 309.036 3700593.312 163.507 1.7045 0.0 
4820000 27299 303.425 3705665.068 157.723 1.6642 0.0 
4830000 27324 338.662 3711266.586 181.973 1.8549 0.0 
4840000 27384 188.983 3716745.681 101.609 1.0339 0.0 
4850000 27449 189.403 3722704.93 109.594 1.0227 0.0 
4860000 27467 301.109 3728919.401 182.063 1.6487 0.0 
4870000 27500 310.117 3735088.976 189.59 1.6876 0.0 
4880000 27539 261.249 3739006.565 130.067 1.4251 0.0 
4890000 27572 274.851 3743109.211 124.329 1.4963 0.0 
4900000 27590 376.214 3748215.465 181.953 2.0433 0.0 
4910000 27610 417.619 3753631.684 210.916 2.2755 0.0 
4920000 27621 500.71 3758397.635 249.368 2.7352 0.0 
4930000 27639 520.964 3762522.016 244.839 2.852 0.0 
4940000 27659 514.376 3767267.52 242.722 2.8099 0.0 
4950000 27672 576.965 3771923.503 270.888 3.1522 0.0 
4960000 27714 368.979 3776488.407 170.922 2.0251 0.0 
4970000 27748 332.898 3781348.234 157.646 1.8192 0.0 
4980000 27778 334.319 3786045.19 157.038 1.8317 0.0 
4990000 27820 266.668 3790527.87 122.448 1.4558 0.0 
5000000 27840 349.77 3795370.776 164.933 1.9244 0.0 
5010000 27869 337.7 3800401.847 164.066 1.8479 0.0 
5020000 27912 271.54 3805094.473 129.589 1.4919 0.0 
5030000 27976 174.242 3809672.191 79.29 0.9583 0.0 
5040000 27999 276.444 3815151.556 141.299 1.5022 0.0 
5050000 28014 379.742 3820540.925 198.811 2.0538 0.0 
5060000 28029 448.19 3825534.897 230.167 2.4283 0.0 
5070000 28043 512.303 3831643.93 280.05 2.7744 0.0 
5080000 28060 543.467 3837169.174 298.12 2.9684 0.0 
5090000 28080 526.193 3842736.122 290.367 2.8775 0.0 
5100000 28125 335.06 3848819.026 191.678 1.8353 0.0 
5110000 28150 372.198 3854043.649 203.669 2.0408 0.0 
5120000 28185 324.746 3858561.785 163.808 1.7799 0.0 
5130000 28210 353.623 3863136.25 170.695 1.9259 0.0 
5140000 28272 213.017 3867877.011 100.585 1.17 0.0 
5150000 28333 192.537 3872727.878 92.445 1.0527 0.0 
5160000 28359 256.89 3877744.737 125.138 1.41 0.0 
5170000 28384 321.73 3882933.886 162.779 1.7527 0.0 
5180000 28402 389.383 3889013.965 213.749 2.1292 0.0 
5190000 28422 431.905 3894827.228 243.126 2.3573 0.0 
5200000 28435 494.29 3901016.299 287.515 2.7039 0.0 
5210000 28451 530.263 3907035.614 312.139 2.9021 0.0 
5220000 28485 407.627 3913243.011 245.003 2.2433 0.0 
5230000 28534 293.891 3918790.791 168.973 1.6208 0.0 
5240000 28552 371.705 3924452.586 212.389 2.0498 0.0 
5250000 28583 336.452 3931310.433 209.235 1.845 0.0 
5260000 28600 410.6 3937360.013 252.703 2.2429 0.0 
5270000 28694 119.614 3941714.464 60.155 0.6469 0.0 
5280000 28821 121.955 3945935.3 58.06 0.6534 0.0 
5290000 28896 119.334 3948793.412 41.313 0.651 0.0 
5300000 28994 122.148 3953074.292 51.761 0.6732 0.0 
5310000 29056 156.906 3957706.703 72.527 0.868 0.0 
5320000 29122 168.513 3962697.241 82.215 0.9163 0.0 
5330000 29143 274.854 3967703.498 135.061 1.4897 0.0 
5340000 29165 342.95 3972545.324 167.703 1.8589 0.0 
5350000 29187 365.055 3977650.03 180.532 1.9755 0.0 
5360000 29221 338.691 3982701.288 169.576 1.8368 0.0 
5370000 29264 282.126 3986503.642 125.907 1.5376 0.0 
5380000 29288 333.705 3990893.322 146.158 1.8345 0.0 
5390000 29332 271.535 3994856.282 114.425 1.4997 0.0 
5400000 29366 276.023 3998061.219 102.311 1.5295 0.0 
5410000 29421 213.928 4001127.435 72.362 1.1771 0.0 
5420000 29470 198.313 4004753.909 67.224 1.0864 0.0 
5430000 29510 229.409 4008972.76 88.202 1.259 0.0 
5440000 29568 196.691 4012135.214 71.273 1.0878 0.0 
5450000 29596 264.0 4016429.174 105.514 1.4625 0.0 
5460000 29641 219.614 4020753.991 90.74 1.2211 0.0 
5470000 29710 158.924 4024839.09 64.49 0.8695 0.0 
5480000 29725 289.908 4029603.528 130.532 1.6069 0.0 
5490000 29755 314.377 4033691.156 134.881 1.7379 0.0 
5500000 29805 242.217 4037965.035 104.413 1.3347 0.0 
5510000 29820 344.545 4042830.877 157.228 1.9002 0.0 
5520000 29841 390.65 4047822.301 185.989 2.1393 0.0 
5530000 29863 419.634 4052816.259 203.294 2.3001 0.0 
5540000 29893 378.834 4057934.328 187.201 2.0866 0.0 
5550000 29913 418.125 4062985.764 210.397 2.2932 0.0 
5560000 29935 436.544 4069224.075 238.211 2.3885 0.0 
5570000 29969 369.505 4075216.994 207.693 2.0274 0.0 
5580000 30002 327.802 4081314.223 188.926 1.7877 0.0 
5590000 30041 287.638 4086842.743 163.034 1.5734 0.0 
5600000 30062 350.107 4092826.491 203.28 1.9171 0.0 
5610000 30084 389.967 4098459.525 223.731 2.1319 0.0 
5620000 30098 467.671 4104308.675 270.64 2.5582 0.0 
5630000 30121 458.185 4109998.085 262.852 2.5092 0.0 
5640000 30143 447.511 4115326.39 249.841 2.4618 0.0 
5650000 30187 309.63 4120093.02 162.341 1.7047 0.0 
5660000 30206 380.764 4125446.523 201.253 2.0948 0.0 
5670000 30221 454.635 4130691.931 239.375 2.502 0.0 
5680000 30239 481.271 4135979.55 253.065 2.655 0.0 
5690000 30257 490.297 4141666.263 265.111 2.7127 0.0 
5700000 30293 375.47 4147108.843 204.824 2.0676 0.0 
5710000 30346 256.119 4153107.425 145.68 1.4065 0.0 
5720000 30374 308.079 4159045.884 179.376 1.6961 0.0 
5730000 30430 211.549 4165215.157 127.229 1.1678 0.0 
5740000 30500 147.374 4172395.82 99.82 0.8 0.0 
5750000 30703 40.018 4177074.622 17.432 0.2128 0.0 
5760000 30827 95.334 4182150.178 50.948 0.5152 0.0 
5770000 30862 178.157 4187852.894 101.064 0.9552 0.0 
5780000 30880 283.381 4193913.823 167.312 1.53 0.0 
5790000 30897 385.761 4201100.805 250.604 2.1134 0.0 
5800000 30913 446.365 4206656.407 274.238 2.4507 0.0 
5810000 30931 470.132 4212629.427 286.061 2.5757 0.0 
5820000 30974 334.055 4218678.43 200.659 1.832 0.0 
5830000 31022 253.269 4224442.685 150.471 1.3885 0.0 
5840000 31068 232.368 4231063.585 146.675 1.2701 0.0 
5850000 31090 311.296 4237187.78 192.944 1.6962 0.0 
5860000 31140 244.49 4244444.143 168.007 1.3219 0.0 
5870000 31156 352.161 4251870.635 251.171 1.9217 0.0 
5880000 31172 429.831 4259332.821 313.701 2.3434 0.0 
5890000 31184 513.061 4266529.191 373.403 2.8097 0.0 
5900000 31207 485.437 4272963.364 338.943 2.6725 0.0 
5910000 31239 400.857 4278508.487 257.859 2.2146 0.0 
5920000 31272 334.568 4284768.46 213.477 1.8374 0.0 
5930000 31310 295.454 4291148.102 188.177 1.627 0.0 
5940000 31376 191.413 4297697.495 124.098 1.0531 0.0 
5950000 31395 288.231 4303075.153 168.292 1.5775 0.0 
5960000 31422 321.382 4307967.404 172.587 1.768 0.0 
5970000 31443 370.266 4315109.34 226.892 2.0333 0.0 
5980000 31460 436.202 4321948.043 280.387 2.3982 0.0 
5990000 31471 511.172 4327898.542 319.319 2.8145 0.0 
6000000 31497 458.075 4333602.778 281.327 2.532 0.0 
6010000 31529 411.166 4338450.677 228.048 2.2823 0.0 
6020000 31572 299.666 4342416.5 147.798 1.6541 0.0 
6030000 31605 294.368 4347276.851 144.668 1.6256 0.0 
6040000 31643 269.515 4352236.584 133.881 1.4856 0.0 
6050000 31708 184.359 4355722.221 75.094 1.0213 0.0 
6060000 31744 244.796 4361047.264 121.931 1.3453 0.0 
6070000 31758 351.63 4367942.295 207.203 1.9341 0.0 
6080000 31782 372.076 4375185.207 240.093 2.0552 0.0 
6090000 31801 436.071 4381126.494 271.928 2.3976 0.0 
6100000 31831 377.999 4386197.07 219.589 2.0862 0.0 
6110000 31887 239.034 4390371.818 120.339 1.3211 0.0 
6120000 31978 120.728 4394947.604 55.465 0.6658 0.0 
6130000 32062 122.691 4399186.225 53.745 0.6812 0.0 
6140000 32115 157.493 4404241.434 76.425 0.866 0.0 
6150000 32155 202.557 4408545.749 91.211 1.1089 0.0 
6160000 32207 179.561 4413626.207 86.269 0.9744 0.0 
6170000 32248 211.0 4418654.384 105.035 1.1624 0.0 
6180000 32280 274.998 4424242.833 145.784 1.5194 0.0 
6190000 32302 336.614 4429450.176 176.582 1.8654 0.0 
6200000 32319 404.923 4434484.527 209.064 2.245 0.0 
6210000 32361 292.827 4439360.739 146.619 1.6278 0.0 
6220000 32413 218.367 4444550.246 110.962 1.208 0.0 
6230000 32449 252.888 4449455.351 126.051 1.4047 0.0 
6240000 32478 293.852 4454054.316 141.094 1.6351 0.0 
6250000 32549 194.33 4459296.613 99.745 1.0766 0.0 
6260000 32590 222.424 4463875.614 106.491 1.228 0.0 
6270000 32615 289.703 4468748.747 139.741 1.6008 0.0 
6280000 32636 353.961 4473723.522 173.086 1.9542 0.0 
6290000 32662 356.634 4479012.512 180.633 1.9743 0.0 
6300000 32692 334.301 4484018.586 169.026 1.8559 0.0 
6310000 32734 280.753 4488959.462 140.854 1.5467 0.0 
6320000 32760 309.921 4494167.186 157.408 1.7117 0.0 
6330000 32775 409.232 4499433.838 211.01 2.2439 0.0 
6340000 32799 402.669 4504554.237 207.28 2.221 0.0 
6350000 32817 450.073 4509653.487 232.034 2.4841 0.0 
6360000 32836 473.996 4513972.648 231.775 2.6207 0.0 
6370000 32854 498.766 4518564.109 236.706 2.7369 0.0 
6380000 32877 477.439 4523220.41 224.949 2.6201 0.0 
6390000 32897 488.714 4528122.812 234.086 2.6832 0.0 
6400000 32923 438.957 4532972.453 210.87 2.4097 0.0 
6410000 32950 408.44 4537761.493 195.932 2.2346 0.0 
6420000 32987 335.136 4542455.304 160.369 1.8305 0.0 
6430000 33021 318.479 4547360.284 153.595 1.744 0.0 
6440000 33041 379.541 4552463.997 188.206 2.0855 0.0 
6450000 33065 373.931 4557407.267 184.312 2.0623 0.0 
6460000 33100 323.621 4562726.805 166.181 1.7724 0.0 
6470000 33118 386.563 4567471.199 191.666 2.1254 0.0 
6480000 33148 349.713 4571976.307 167.416 1.9231 0.0 
6490000 33209 235.292 4575554.842 97.513 1.2915 0.0 
6500000 33237 274.456 4579977.417 117.637 1.5161 0.0 
6510000 33283 235.339 4583951.821 96.046 1.2952 0.0 
6520000 33336 225.748 4587193.635 82.382 1.2359 0.0 
6530000 33381 219.866 4590930.536 80.26 1.2167 0.0 
6540000 33423 240.903 4595522.175 102.6 1.3347 0.0 
6550000 33453 277.156 4599932.873 119.841 1.5143 0.0 
6560000 33468 385.181 4604645.313 172.853 2.1015 0.0 
6570000 33482 475.771 4609539.569 221.726 2.621 0.0 
6580000 33494 537.147 4613853.952 246.473 2.9684 0.0 
6590000 33527 429.122 4618496.079 198.729 2.3794 0.0 
6600000 33624 125.889 4623661.294 61.43 0.6961 0.0 
6610000 33712 163.268 4628705.779 80.963 0.8968 0.0 
6620000 33744 220.839 4633343.547 105.534 1.2198 0.0 
6630000 33815 174.78 4638710.635 89.517 0.9626 0.0 
6640000 33836 291.177 4643308.331 140.442 1.5926 0.0 
6650000 33858 343.726 4647324.977 152.12 1.8828 0.0 
6660000 33887 350.266 4651423.954 150.109 1.9118 0.0 
6670000 33900 448.203 4656017.012 196.74 2.4644 0.0 
6680000 33916 489.368 4661030.526 225.154 2.6992 0.0 
6690000 33942 457.694 4665930.17 214.421 2.5314 0.0 
6700000 33963 465.151 4670896.538 223.455 2.5697 0.0 
6710000 33987 432.579 4675706.596 207.748 2.4022 0.0 
6720000 34012 410.523 4680473.409 195.998 2.2959 0.0 
6730000 34041 387.125 4685208.145 184.391 2.1619 0.0 
6740000 34076 321.217 4690051.834 154.231 1.7835 0.0 
6750000 34136 193.948 4694088.862 82.921 1.0758 0.0 
6760000 34166 256.628 4698948.971 118.098 1.4257 0.0 
6770000 34197 283.174 4703603.56 131.225 1.5751 0.0 
6780000 34227 289.278 4708196.031 132.123 1.608 0.0 
6790000 34281 210.437 4712324.308 89.831 1.1751 0.0 
6800000 34298 321.4 4717339.713 151.279 1.7989 0.0 
6810000 34318 381.12 4722236.829 181.653 2.1232 0.0 
6820000 34346 358.852 4727182.319 173.883 1.9972 0.0 
6830000 34386 285.065 4731217.58 128.184 1.5794 0.0 
6840000 34424 267.375 4735799.451 121.261 1.4885 0.0 
6850000 34466 257.602 4740660.582 121.997 1.4268 0.0 
6860000 34503 277.158 4745393.249 132.127 1.5395 0.0 
6870000 34517 387.948 4750114.086 184.138 2.1492 0.0 
6880000 34529 468.339 4754788.04 218.798 2.5971 0.0 
6890000 34548 487.202 4759185.994 224.604 2.6967 0.0 
6900000 34572 448.951 4762819.362 193.01 2.4702 0.0 
6910000 34637 241.173 4765996.351 89.494 1.3208 0.0 
6920000 34652 355.889 4770866.137 153.366 1.9459 0.0 
6930000 34666 436.634 4775658.087 195.851 2.3968 0.0 
6940000 34678 516.968 4780705.725 241.241 2.8389 0.0 
6950000 34698 516.316 4784819.618 232.385 2.8409 0.0 
6960000 34711 570.474 4789292.291 256.175 3.1273 0.0 
6970000 34721 646.733 4793723.235 289.628 3.5515 0.0 
6980000 34732 698.148 4798326.237 314.469 3.8298 0.0 
6990000 34746 711.709 4802816.117 320.593 3.9065 0.0 
7000000 34771 573.286 4807322.916 256.658 3.1491 0.0 
7010000 34790 552.906 4811527.19 242.074 3.03 0.0 
7020000 34803 610.238 4816584.133 279.423 3.3577 0.0 
7030000 34815 654.085 4822008.147 314.926 3.5991 0.0 
7040000 34841 537.761 4827263.927 265.464 2.9566 0.0 
7050000 34864 492.712 4832430.288 247.702 2.7104 0.0 
7060000 34934 248.661 4836850.835 118.758 1.3606 0.0 
7070000 34958 332.072 4841815.632 162.333 1.8136 0.0 
7080000 34983 342.218 4846607.05 165.47 1.869 0.0 
7090000 35003 396.61 4851280.467 190.031 2.1779 0.0 
7100000 35025 401.117 4855091.365 176.475 2.219 0.0 
7110000 35042 458.405 4859132.8 195.053 2.5389 0.0 
7120000 35057 511.545 4863205.013 214.627 2.8369 0.0 
7130000 35094 388.341 4867874.628 170.414 2.1503 0.0 
7140000 35128 353.256 4872367.947 155.743 1.9622 0.0 
7150000 35146 409.625 4876362.955 172.781 2.2814 0.0 
7160000 35158 498.727 4880637.518 212.757 2.7696 0.0 
7170000 35176 521.885 4885217.645 227.678 2.9201 0.0 
7180000 35195 519.479 4889448.95 224.234 2.9106 0.0 
7190000 35205 607.379 4893912.458 264.148 3.4152 0.0 
7200000 35220 625.208 4898327.774 272.993 3.5038 0.0 
7210000 35242 554.028 4902851.201 244.618 3.1082 0.0 
7220000 35263 536.917 4907914.192 248.718 2.9842 0.0 
7230000 35279 555.753 4912528.138 256.419 3.0689 0.0 
7240000 35300 534.939 4917792.969 258.395 2.9483 0.0 
7250000 35325 479.252 4923032.897 237.889 2.6548 0.0 
7260000 35352 446.315 4928399.152 228.146 2.4762 0.0 
7270000 35364 533.843 4933220.437 268.016 2.9832 0.0 
7280000 35376 598.401 4937886.188 293.605 3.3353 0.0 
7290000 35406 470.085 4942840.575 231.42 2.6227 0.0 
7300000 35426 483.299 4947645.402 235.141 2.6893 0.0 
7310000 35449 454.863 4951940.814 213.081 2.5331 0.0 
7320000 35481 406.362 4956111.043 181.575 2.2738 0.0 
7330000 35653 69.392 4961071.1 36.47 0.3854 0.0 
7340000 35719 146.585 4966796.956 84.357 0.8075 0.0 
7350000 35817 94.077 4972013.329 48.815 0.519 0.0 
7360000 35883 159.735 4976979.964 80.406 0.8799 0.0 
7370000 35918 217.289 4982234.516 113.315 1.2041 0.0 
7380000 35958 242.327 4987925.73 133.66 1.3336 0.0 
7390000 35985 288.44 4993343.886 157.453 1.5769 0.0 
7400000 36075 140.212 4997420.745 62.805 0.7736 0.0 
7410000 36092 278.648 5002611.076 137.832 1.5464 0.0 
7420000 36107 378.094 5007886.373 193.636 2.1023 0.0 
7430000 36122 455.919 5012807.513 229.21 2.5282 0.0 
7440000 36146 436.254 5018234.531 225.167 2.4151 0.0 
7450000 36164 467.745 5024204.747 255.021 2.5902 0.0 
7460000 36181 506.011 5029838.218 278.242 2.8072 0.0 
7470000 36231 321.639 5035550.281 179.536 1.7899 0.0 
7480000 36245 422.584 5041567.468 243.614 2.3458 0.0 
7490000 36274 386.087 5047046.929 218.484 2.1421 0.0 
7500000 36297 401.661 5052924.544 231.58 2.2374 0.0 
7510000 36329 362.146 5058697.135 207.76 2.0066 0.0 
7520000 36351 399.879 5065321.962 244.654 2.2084 0.0 
7530000 36367 451.996 5070986.463 270.526 2.4825 0.0 
7540000 36395 409.62 5076108.648 232.208 2.2604 0.0 
7550000 36455 252.561 5079956.742 120.759 1.3966 0.0 
7560000 36503 236.027 5083517.513 96.676 1.3116 0.0 
7570000 36516 358.355 5087192.653 137.737 2.0019 0.0 
7580000 36532 437.927 5090943.611 166.041 2.4361 0.0 
7590000 36559 405.237 5095222.463 161.431 2.2723 0.0 
7600000 36578 444.421 5100047.526 191.21 2.487 0.0 
7610000 36597 473.761 5104637.554 208.717 2.6483 0.0 
7620000 36611 528.859 5109399.084 238.981 2.9643 0.0 
7630000 36627 563.453 5114271.366 261.319 3.1643 0.0 
7640000 36641 587.592 5120145.883 291.439 3.2839 0.0 
7650000 36663 531.898 5125796.96 274.398 2.9651 0.0 
7660000 37013 21.815 5125312.212 -1.358 0.1217 0.0 
7670000 37205 94.933 5127454.889 26.934 0.5217 0.0 
7680000 37274 130.362 5131047.426 44.615 0.6863 0.0 
7690000 37317 178.082 5135442.398 72.481 0.8373 0.0 
7700000 37384 155.063 5139826.197 66.655 0.8458 0.0 
7710000 37413 240.596 5144577.345 111.621 1.5905 0.0 
7720000 37434 324.357 5149325.473 152.478 2.2526 0.0 
7730000 37453 390.064 5153732.061 179.966 2.769 0.0 
7740000 37500 275.172 5158268.051 127.135 1.9678 0.0 
7750000 37633 84.041 5163612.204 44.914 0.6135 0.0 
7760000 37893 34.058 5169535.309 19.841 0.2496 0.0 
7770000 38186 36.419 5175422.176 23.173 0.2667 0.0 
7780000 38474 34.457 5181928.07 21.833 0.2512 0.0 
7790000 38639 64.747 5187190.191 32.507 0.4746 0.0 
7800000 38706 135.978 5192217.492 69.318 1.0087 0.0 
7810000 38728 261.894 5196787.456 123.847 1.9266 0.0 
7820000 38743 351.365 5201851.006 171.583 2.5684 0.0 
7830000 38758 431.07 5206329.742 204.275 3.1559 0.0 
7840000 38780 445.88 5211010.927 210.134 3.2623 0.0 
7850000 38794 503.846 5215964.719 241.135 3.7027 0.0 
7860000 38827 383.763 5219779.161 168.995 2.8223 0.0 
7870000 38885 240.34 5223302.921 96.215 1.7628 0.0 
7880000 38914 280.311 5228118.484 124.381 2.0425 0.0 
7890000 38930 385.614 5232844.976 176.509 2.8263 0.0 
7900000 38947 446.584 5238050.291 215.233 3.2654 0.0 
7910000 38965 469.028 5242945.117 227.89 3.4188 0.0 
7920000 38987 465.407 5247778.269 225.085 3.3955 0.0 
7930000 39007 478.665 5252723.001 233.41 3.4969 0.0 
7940000 39024 506.141 5257759.899 249.568 3.6935 0.0 
7950000 39049 472.449 5262399.679 227.26 3.4483 0.0 
7960000 39069 477.592 5267362.499 231.448 3.4907 0.0 
7970000 39092 459.892 5272863.048 233.708 3.3522 0.0 
7980000 39141 290.369 5277554.562 141.912 2.1211 0.0 
7990000 39188 231.551 5281751.963 103.229 1.6795 0.0 
8000000 39239 219.084 5286167.302 98.782 1.6047 0.0 
8010000 39272 260.563 5290807.783 119.67 1.8902 0.0 
8020000 39298 315.853 5296301.051 160.303 2.3055 0.0 
8030000 39321 360.771 5301745.819 189.098 2.6197 0.0 
8040000 39363 305.014 5307302.028 164.548 2.2141 0.0 
8050000 39387 342.11 5312761.228 186.469 2.4967 0.0 
8060000 39445 207.417 5317868.116 108.665 1.5186 0.0 
8070000 39526 152.317 5323228.677 81.756 1.1164 0.0 
8080000 39566 194.616 5328736.186 106.489 1.432 0.0 
8090000 39612 219.969 5333612.559 111.736 1.603 0.0 
8100000 39625 330.45 5338360.928 160.464 2.3925 0.0 
8110000 39641 418.241 5342492.471 192.436 3.0402 0.0 
8120000 39655 492.328 5347518.45 233.926 3.5926 0.0 
8130000 39672 513.533 5352571.066 249.704 3.7494 0.0 
8140000 39688 548.835 5358366.986 281.753 4.0273 0.0 
8150000 39702 575.701 5364180.706 305.338 4.2164 0.0 
8160000 39736 430.208 5369607.282 231.47 3.1444 0.0 
8170000 39794 282.327 5374948.073 154.758 2.0647 0.0 
8180000 39807 381.564 5380262.68 206.639 2.7969 0.0 
8190000 39820 477.392 5385339.531 252.325 3.5156 0.0 
8200000 39834 543.664 5390543.706 285.65 3.9888 0.0 
8210000 39884 312.151 5395405.121 159.49 2.2948 0.0 
8220000 39911 333.96 5400411.025 169.333 2.4514 0.0 
8230000 39927 411.877 5405311.736 206.654 3.0221 0.0 
8240000 39943 470.275 5410270.076 234.212 3.4415 0.0 
8250000 39954 541.194 5414860.999 263.034 3.9583 0.0 
8260000 39975 538.173 5419011.527 249.796 3.9491 0.0 
8270000 39988 590.871 5423026.7 262.822 4.3339 0.0 
8280000 40003 603.507 5426571.246 252.537 4.4292 0.0 
8290000 40014 669.829 5430995.036 284.924 4.9172 0.0 
8300000 40024 730.227 5435601.046 316.827 5.3506 0.0 
8310000 40044 645.293 5439660.954 275.637 4.7451 0.0 
8320000 40065 595.725 5443405.2 246.43 4.3666 0.0 
8330000 40088 529.432 5446549.815 201.477 3.8829 0.0 
8340000 40132 339.346 5448111.263 99.136 2.4889 0.0 
8350000 40163 328.302 5451358.261 99.954 2.4048 0.0 
8360000 40178 418.619 5455857.854 152.819 3.0737 0.0 
8370000 40198 449.697 5461031.212 190.036 3.2951 0.0 
8380000 40231 374.492 5466399.944 174.762 2.7491 0.0 
8390000 40257 388.041 5472250.321 199.542 2.8528 0.0 
8400000 40290 327.436 5478070.386 177.271 2.4055 0.0 
8410000 40341 251.183 5483517.534 136.793 1.8381 0.0 
8420000 40377 276.025 5489253.557 155.796 2.0168 0.0 
8430000 40397 344.973 5494391.494 187.443 2.5185 0.0 
8440000 40431 308.239 5499104.219 156.62 2.2382 0.0 
8450000 40456 356.398 5504167.154 180.984 2.5986 0.0 
8460000 40475 409.857 5509211.084 205.439 2.9941 0.0 
8470000 40514 320.135 5514500.913 164.695 2.347 0.0 
8480000 40558 253.328 5520103.462 135.102 1.8521 0.0 
8490000 40600 236.121 5525593.071 127.213 1.737 0.0 
8500000 40624 314.792 5531239.399 174.925 2.3216 0.0 
8510000 40639 403.99 5537475.54 235.998 2.9661 0.0 
8520000 40662 413.668 5543559.932 245.746 3.0262 0.0 
8530000 40685 413.005 5549134.461 238.95 3.0088 0.0 
8540000 40708 427.444 5554504.136 242.33 3.1153 0.0 
8550000 40738 372.667 5560183.713 212.142 2.7219 0.0 
8560000 40764 375.058 5564996.574 200.088 2.742 0.0 
8570000 40781 451.36 5569640.603 228.335 3.3081 0.0 
8580000 40805 449.951 5575242.719 237.1 3.2996 0.0 
8590000 40825 461.435 5581204.366 254.101 3.3881 0.0 
8600000 40853 412.452 5587003.371 231.888 3.0258 0.0 
8610000 40924 205.531 5591385.859 104.427 1.5098 0.0 
8620000 40987 191.242 5596297.175 95.806 1.3893 0.0 
8630000 41075 89.462 5601274.782 42.721 0.6576 0.0 
8640000 41092 236.782 5606543.426 121.858 1.747 0.0 
8650000 41112 312.899 5611971.837 165.042 2.3075 0.0 
8660000 41147 298.549 5617203.205 157.119 2.208 0.0 
8670000 41244 166.888 5622430.255 89.717 1.2283 0.0 
8680000 41294 169.669 5627796.172 91.263 1.2524 0.0 
8690000 41338 213.36 5633137.941 114.054 1.561 0.0 
8700000 41358 307.246 5638453.042 163.671 2.2467 0.0 
8710000 41385 320.762 5643669.012 169.441 2.3578 0.0 
8720000 41404 385.158 5649380.772 210.841 2.842 0.0 
8730000 41436 350.579 5654505.78 188.335 2.58 0.0 
8740000 41454 414.423 5660353.876 231.228 3.0474 0.0 
8750000 41467 507.173 5666182.008 287.371 3.735 0.0 
8760000 41477 597.324 5671930.266 340.226 4.4032 0.0 
8770000 41490 633.779 5677575.742 360.166 4.6681 0.0 
8780000 41510 583.476 5683364.504 333.704 4.2868 0.0 
8790000 41534 519.317 5689170.519 298.306 3.8118 0.0 
8800000 41551 533.367 5694711.305 303.303 3.9182 0.0 
8810000 41563 604.263 5700352.68 342.459 4.4435 0.0 
8820000 41581 586.157 5705646.557 325.271 4.3024 0.0 
8830000 41598 591.015 5711120.052 327.004 4.3185 0.0 
8840000 41651 293.254 5715630.509 147.354 2.1385 0.0 
8850000 41774 130.963 5717663.603 42.26 0.9523 0.0 
8860000 41832 192.063 5721598.867 73.58 1.4006 0.0 
8870000 41844 317.453 5725897.832 129.097 2.3229 0.0 
8880000 41924 166.589 5730359.642 72.61 1.2282 0.0 
8890000 41957 248.238 5734571.352 105.688 1.8126 0.0 
8900000 41972 356.285 5738824.283 151.943 2.6135 0.0 
8910000 41984 452.242 5743115.371 193.754 3.3143 0.0 
8920000 41995 543.113 5747258.795 230.066 3.9841 0.0 
8930000 42006 608.847 5751476.618 257.406 4.467 0.0 
8940000 42026 588.656 5757248.937 277.012 4.331 0.0 
8950000 42036 662.256 5763249.564 334.084 4.88 0.0 
8960000 42051 650.498 5768970.596 339.583 4.7916 0.0 
8970000 42063 689.371 5773650.586 350.063 5.0678 0.0 
8980000 42075 723.906 5778818.124 369.39 5.3141 0.0 
8990000 42089 720.516 5783877.043 366.171 5.2882 0.0 
9000000 42104 720.188 5788663.808 361.816 5.276 0.0 
9010000 42116 729.11 5793745.636 367.04 5.3468 0.0 
9020000 42129 750.24 5798405.098 371.514 5.514 0.0 
9030000 42141 751.733 5803217.239 368.82 5.5064 0.0 
9040000 42154 760.821 5807525.054 363.097 5.5672 0.0 
9050000 42220 348.539 5811741.798 159.728 2.5517 0.0 
9060000 42230 459.661 5816505.311 213.696 3.3505 0.0 
9070000 42244 510.955 5821065.244 236.254 3.7367 0.0 
9080000 42260 556.746 5825070.898 246.628 4.07 0.0 
9090000 42282 518.858 5829530.136 231.213 3.8112 0.0 
9100000 42302 511.514 5833878.589 225.915 3.7486 0.0 
9110000 42320 520.349 5838253.478 229.541 3.8108 0.0 
9120000 42335 563.42 5843870.339 269.676 4.1374 0.0 
9130000 42352 573.33 5849200.222 283.864 4.2071 0.0 
9140000 42373 525.716 5854133.944 258.441 3.8634 0.0 
9150000 42391 525.763 5858277.098 247.483 3.8554 0.0 
9160000 42409 537.428 5862470.566 242.724 3.9541 0.0 
9170000 42423 584.417 5867424.264 272.147 4.3044 0.0 
9180000 42437 606.65 5873051.651 301.161 4.4636 0.0 
9190000 42462 522.703 5878239.688 262.867 3.8364 0.0 
9200000 42478 548.854 5883921.744 285.862 4.0288 0.0 
9210000 42501 499.69 5889877.93 272.763 3.6666 0.0 
9220000 42517 533.445 5895705.341 298.676 3.9217 0.0 
9230000 42534 554.546 5902030.592 321.759 4.0886 0.0 
9240000 42549 583.272 5908141.636 343.651 4.2894 0.0 
9250000 42565 588.195 5914589.606 355.654 4.3342 0.0 
9260000 42589 517.032 5919876.507 300.223 3.7958 0.0 
9270000 42654 245.66 5923004.849 112.373 1.7978 0.0 
9280000 42702 219.637 5927152.241 94.122 1.6127 0.0 
9290000 42740 239.851 5931880.779 109.259 1.7722 0.0 
9300000 42755 344.747 5938444.142 191.85 2.5554 0.0 
9310000 42768 452.153 5942444.34 222.537 3.3374 0.0 
9320000 42780 532.019 5947138.768 256.555 3.9189 0.0 
9330000 42797 549.098 5952450.644 273.517 4.0424 0.0 
9340000 42810 588.444 5957427.7 293.818 4.3261 0.0 
9350000 42830 560.209 5962629.322 281.263 4.1183 0.0 
9360000 42849 543.492 5967608.422 270.798 4.0048 0.0 
9370000 42873 504.593 5972517.059 251.085 3.7145 0.0 
9380000 42897 466.331 5977472.9 230.589 3.4433 0.0 
9390000 42919 455.939 5982349.737 222.461 3.3697 0.0 
9400000 42929 555.463 5988480.237 294.552 4.0986 0.0 
9410000 42939 634.898 5993619.047 333.522 4.6699 0.0 
9420000 42954 659.885 5998540.099 341.595 4.8411 0.0 
9430000 42971 626.829 6003935.252 327.44 4.5922 0.0 
9440000 42997 512.907 6009363.997 270.014 3.753 0.0 
9450000 43020 491.467 6014924.77 264.325 3.6051 0.0 
9460000 43035 534.142 6020450.238 289.666 3.9182 0.0 
9470000 43049 572.908 6024669.514 290.02 4.2004 0.0 
9480000 43064 594.972 6029394.443 293.95 4.3571 0.0 
9490000 43077 641.866 6034587.317 323.386 4.6954 0.0 
9500000 43096 607.709 6039492.735 303.277 4.4543 0.0 
9510000 43118 544.136 6044718.442 275.274 3.9858 0.0 
9520000 43145 478.609 6049803.953 242.588 3.5158 0.0 
9530000 43185 337.801 6054828.979 171.731 2.4739 0.0 
9540000 43214 367.418 6060207.533 192.04 2.7065 0.0 
9550000 43227 440.513 6065228.238 227.704 3.2463 0.0 
9560000 43248 463.472 6069962.306 231.65 3.4171 0.0 
9570000 43269 450.91 6075482.343 233.767 3.3246 0.0 
9580000 43279 551.354 6080330.861 280.797 4.0835 0.0 
9590000 43290 621.763 6084839.685 305.858 4.6035 0.0 
9600000 43305 633.704 6089662.392 309.689 4.6899 0.0 
9610000 43315 700.71 6094090.604 334.777 5.1772 0.0 
9620000 43325 755.458 6098891.585 358.585 5.5763 0.0 
9630000 43336 781.234 6104360.494 383.602 5.7624 0.0 
9640000 43347 811.237 6110322.106 419.663 5.9695 0.0 
9650000 43359 813.605 6115033.933 412.337 5.9848 0.0 
9660000 43375 765.162 6119671.531 379.699 5.6534 0.0 
9670000 43392 714.996 6124351.766 351.953 5.2791 0.0 
9680000 43404 740.755 6129253.894 361.987 5.4589 0.0 
9690000 43415 776.953 6134195.756 381.467 5.7251 0.0 
9700000 43426 797.742 6139393.807 397.749 5.8837 0.0 
9710000 43441 763.911 6143998.584 373.446 5.6304 0.0 
9720000 43458 706.4 6148440.687 335.919 5.212 0.0 
9730000 43493 484.775 6154086.304 243.447 3.57 0.0 
9740000 43534 363.869 6159079.614 181.928 2.6706 0.0 
9750000 43559 382.269 6163620.745 184.35 2.8136 0.0 
9760000 43591 346.715 6168834.537 172.896 2.5401 0.0 
9770000 43639 234.728 6174940.48 129.975 1.7236 0.0 
9780000 43792 68.73 6183226.728 52.991 0.5067 0.0 
9790000 43878 137.875 6189374.96 81.86 1.0185 0.0 
9800000 43900 240.492 6194680.45 134.103 1.7797 0.0 
9810000 43914 359.783 6199928.036 194.572 2.6531 0.0 
9820000 43958 243.945 6205138.748 126.386 1.8015 0.0 
9830000 43978 336.026 6211084.849 187.577 2.4881 0.0 
9840000 43990 434.047 6217314.027 256.161 3.2081 0.0 
9850000 44006 495.474 6223258.553 291.14 3.6545 0.0 
9860000 44020 541.036 6229822.249 330.232 3.983 0.0 
9870000 44038 539.885 6236420.393 337.325 3.9733 0.0 
9880000 44055 545.413 6243305.456 351.036 4.014 0.0 
9890000 44071 564.192 6247964.146 334.798 4.1641 0.0 
9900000 44086 597.032 6252898.321 336.254 4.3946 0.0 
9910000 44119 435.706 6258496.107 245.094 3.1986 0.0 
9920000 44193 228.4 6264195.583 129.699 1.682 0.0 
9930000 44227 260.016 6269939.281 148.395 1.9166 0.0 
9940000 44243 358.945 6276158.04 213.582 2.6503 0.0 
9950000 44258 424.703 6281749.121 245.746 3.1226 0.0 
9960000 44287 389.739 6286301.698 207.755 2.8743 0.0 
9970000 44312 406.316 6289456.482 181.8 2.989 0.0 
9980000 44342 379.998 6293440.325 163.834 2.8012 0.0 
9990000 44354 475.413 6298175.361 212.163 3.4892 0.0 
10000000 44371 497.585 6302894.12 227.031 3.6603 0.0 
