10000 613 16.187 2428.003 3.765 0.0103 0.0 
20000 1228 16.175 4958.368 4.084 0.0104 0.0 
30000 1840 16.247 7401.421 4.224 0.0104 0.0 
40000 2453 15.987 9918.675 4.137 0.0102 0.0 
50000 3065 16.274 12544.263 4.354 0.0104 0.0 
60000 3676 16.192 15173.29 4.529 0.0104 0.0 
70000 4289 16.425 17790.805 4.378 0.0105 0.0 
80000 4897 16.561 20542.231 4.519 0.0106 0.0 
90000 5507 16.457 23310.465 4.886 0.0105 0.0 
100000 6115 16.258 26131.803 4.309 0.0104 0.0 
110000 6633 18.636 30648.839 11.156 0.0385 0.0 
120000 7130 20.778 37428.153 14.69 0.0434 0.0 
130000 7586 22.68 44737.179 16.791 0.0478 0.0 
140000 8044 21.421 51845.263 14.632 0.0448 0.0 
150000 8501 22.045 58552.763 14.666 0.0458 0.0 
160000 8914 26.206 65953.237 21.347 0.0552 0.0 
170000 9118 69.851 74068.644 51.946 0.1469 0.0 
180000 9186 133.624 80156.2 83.761 0.2788 0.0 
190000 9238 170.125 87107.496 117.199 0.3574 0.0 
200000 9297 166.652 95030.224 127.053 0.3493 0.0 
210000 9332 224.443 102438.238 168.199 0.4702 0.0 
220000 9385 196.2 110465.851 154.083 0.4093 0.0 
230000 9474 122.537 119725.656 109.568 0.2569 0.0 
240000 9579 95.868 129371.534 92.171 0.2007 0.0 
250000 9694 87.226 139196.142 85.642 0.1878 0.0 
260000 9816 82.002 149238.478 82.6 0.1739 0.0 
270000 9942 79.922 159434.644 80.769 0.1693 0.0 
280000 10075 76.347 169766.497 78.3 0.1621 0.0 
290000 10191 87.892 179597.877 86.015 0.1857 0.0 
300000 10257 144.602 187589.447 117.651 0.3057 0.0 
310000 10275 271.791 193763.19 186.621 0.5763 0.0 
320000 10295 335.227 200319.643 226.167 0.7102 0.0 
330000 10344 262.338 208298.48 192.309 0.5537 0.0 
340000 10383 266.175 215952.834 199.537 0.5605 0.0 
350000 10404 333.497 222894.371 240.468 0.7042 0.0 
360000 10427 373.194 230794.311 279.598 0.7849 0.0 
370000 10441 468.586 238542.689 357.241 0.9839 0.0 
380000 10454 536.041 247035.732 423.425 1.1192 0.0 
390000 10468 576.631 255821.815 471.099 1.2013 0.0 
400000 10479 645.906 265348.637 552.593 1.3417 0.0 
410000 10496 635.384 275037.526 563.465 1.3264 0.0 
420000 10506 702.082 284710.016 637.382 1.4681 0.0 
430000 10517 738.696 294822.435 690.962 1.5449 0.0 
440000 10540 624.149 304257.877 585.13 1.3024 0.0 
450000 10552 662.73 314123.259 629.907 1.3836 0.0 
460000 10564 703.789 324444.745 683.637 1.4648 0.0 
470000 10578 700.293 335106.812 696.016 1.4562 0.0 
480000 10596 659.987 345764.741 669.681 1.371 0.0 
490000 10607 693.725 355809.642 704.492 1.4402 0.0 
500000 10618 738.149 367477.46 773.031 1.5346 0.0 
510000 10629 782.587 378927.868 839.332 1.6242 0.0 
520000 10648 701.959 390173.356 762.322 1.4576 0.0 
530000 10662 690.032 402456.712 771.547 1.4311 0.0 
540000 10680 654.41 413245.57 727.679 1.3582 0.0 
550000 10709 516.106 422890.653 556.26 1.0759 0.0 
560000 10732 490.318 434297.759 531.55 1.0265 0.0 
570000 10753 493.071 447706.167 578.648 1.0309 0.0 
580000 10807 280.683 458420.576 316.439 0.5897 0.0 
590000 10836 308.359 470133.211 349.806 0.6474 0.0 
600000 10852 405.006 483914.231 505.242 0.848 0.0 
610000 10864 497.814 497420.592 639.127 1.0435 0.0 
620000 10877 565.646 511655.887 752.108 1.183 0.0 
630000 10887 640.238 526351.079 876.075 1.3357 0.0 
640000 10905 613.094 540434.233 845.67 1.2789 0.0 
650000 10935 476.847 553932.801 651.745 0.9958 0.0 
660000 10970 376.984 565289.257 482.267 0.7871 0.0 
670000 10988 435.558 578130.849 558.85 0.9069 0.0 
680000 11011 431.291 589855.043 535.75 0.897 0.0 
690000 11060 274.338 599995.23 312.95 0.5707 0.0 
700000 11093 303.579 611099.317 345.367 0.6302 0.0 
710000 11123 316.702 621483.333 351.915 0.6599 0.0 
720000 11140 408.371 627989.384 367.807 0.853 0.0 
730000 11157 454.507 635944.295 389.491 0.9507 0.0 
740000 11170 524.957 646032.451 478.729 1.0977 0.0 
750000 11208 368.793 655929.999 347.437 0.7699 0.0 
760000 11284 175.883 663973.278 152.039 0.368 0.0 
770000 11320 239.535 672916.091 214.319 0.5018 0.0 
780000 11336 342.344 683177.841 327.15 0.7151 0.0 
790000 11352 418.041 694691.358 432.129 0.8712 0.0 
800000 11364 508.625 704043.459 506.104 1.0573 0.0 
810000 11374 589.482 715708.736 615.472 1.228 0.0 
820000 11385 652.462 723734.069 637.242 1.3612 0.0 
830000 11398 688.744 734224.434 694.443 1.4344 0.0 
840000 11410 720.0 747611.981 781.056 1.4986 0.0 
850000 11429 654.128 759349.319 724.718 1.3621 0.0 
860000 11459 504.51 770144.035 555.657 1.0508 0.0 
870000 11475 544.907 778078.049 550.427 1.1336 0.0 
880000 11498 498.519 786690.941 480.149 1.0396 0.0 
890000 11517 502.649 793001.777 432.405 1.0526 0.0 
900000 11537 513.702 803180.087 462.074 1.0721 0.0 
910000 11559 477.745 813819.531 460.894 0.9971 0.0 
920000 11571 559.153 823436.76 529.327 1.1672 0.0 
930000 11586 587.431 831402.343 533.073 1.2268 0.0 
940000 11596 656.825 842061.838 625.213 1.3721 0.0 
950000 11607 713.447 852310.634 691.271 1.4882 0.0 
960000 11619 745.973 864368.096 767.337 1.5565 0.0 
970000 11631 752.805 877287.59 817.472 1.5698 0.0 
980000 11644 760.373 889584.275 858.194 1.5857 0.0 
990000 11655 781.003 900756.536 871.972 1.6269 0.0 
1000000 11667 808.772 913196.256 931.599 1.6849 0.0 
1010000 11681 780.743 923169.397 870.973 1.6269 0.0 
1020000 11695 747.315 931374.417 780.864 1.5605 0.0 
1030000 11712 705.955 943959.683 773.254 1.4754 0.0 
1040000 11735 607.544 956482.046 694.012 1.2709 0.0 
1050000 11750 621.658 970032.934 745.515 1.2967 0.0 
1060000 11767 609.032 981945.536 728.385 1.2715 0.0 
1070000 11779 659.808 994441.184 799.119 1.3773 0.0 
1080000 11794 661.243 1006209.74 794.779 1.3787 0.0 
1090000 11806 689.59 1018032.21 824.672 1.4386 0.0 
1100000 11820 697.74 1028181.024 804.339 1.4567 0.0 
1110000 11830 744.208 1042532.453 905.382 1.5587 0.0 
1120000 11840 790.372 1055671.833 978.786 1.6564 0.0 
1130000 11853 790.41 1068277.227 984.104 1.659 0.0 
1140000 11865 812.005 1082317.826 1042.274 1.6974 0.0 
1150000 11877 806.516 1095252.563 1033.853 1.6846 0.0 
1160000 11893 762.966 1108158.139 981.95 1.5908 0.0 
1170000 11906 761.419 1119424.75 948.323 1.5885 0.0 
1180000 11925 682.869 1131070.258 837.462 1.4258 0.0 
1190000 11938 697.485 1143875.119 862.182 1.4539 0.0 
1200000 11951 723.442 1156558.282 901.315 1.507 0.0 
1210000 11964 729.617 1168785.202 904.169 1.5213 0.0 
1220000 11977 747.034 1183028.888 959.865 1.5617 0.0 
1230000 11989 756.651 1196644.08 984.678 1.5834 0.0 
1240000 12003 754.429 1210516.364 996.386 1.5807 0.0 
1250000 12018 713.169 1223231.369 929.736 1.4941 0.0 
1260000 12030 749.071 1237251.67 995.844 1.5705 0.0 
1270000 12043 755.04 1252132.125 1031.285 1.5821 0.0 
1280000 12054 786.763 1265805.604 1076.301 1.6489 0.0 
1290000 12074 691.019 1277945.082 921.794 1.4446 0.0 
1300000 12107 496.033 1289315.301 628.63 1.0355 0.0 
1310000 12138 403.826 1296557.511 439.152 0.8429 0.0 
1320000 12165 387.507 1307569.716 416.789 0.8117 0.0 
1330000 12196 366.502 1315609.882 346.45 0.7717 0.0 
1340000 12229 325.142 1326093.459 322.949 0.683 0.0 
1350000 12250 382.72 1336986.495 390.742 0.8036 0.0 
1360000 12269 421.701 1347139.642 424.535 0.8853 0.0 
1370000 12296 404.894 1357684.147 414.131 0.8509 0.0 
1380000 12311 472.236 1370051.601 525.467 0.9909 0.0 
1390000 12338 438.212 1377792.84 438.225 0.9194 0.0 
1400000 12356 481.551 1387707.397 474.294 1.0107 0.0 
1410000 12377 484.72 1397997.894 488.24 1.0124 0.0 
1420000 12413 375.205 1407299.731 367.402 0.7859 0.0 
1430000 12456 294.935 1414229.426 251.537 0.6184 0.0 
1440000 12473 379.212 1424042.088 347.495 0.7923 0.0 
1450000 12492 424.331 1434674.755 414.15 0.8864 0.0 
1460000 12514 436.707 1442569.953 391.811 0.9154 0.0 
1470000 12531 477.938 1451808.435 430.294 1.0011 0.0 
1480000 12547 519.628 1464827.974 536.975 1.0818 0.0 
1490000 12560 583.639 1478394.869 665.133 1.2165 0.0 
1500000 12573 613.037 1488148.056 665.612 1.2804 0.0 
1510000 12586 653.736 1497197.139 678.846 1.3659 0.0 
1520000 12602 652.844 1506252.087 657.196 1.3671 0.0 
1530000 12617 648.858 1515208.847 632.721 1.3561 0.0 
1540000 12642 545.305 1523426.441 510.424 1.1398 0.0 
1550000 12654 597.916 1532033.111 548.667 1.2539 0.0 
1560000 12669 622.997 1540160.093 548.6 1.3078 0.0 
1570000 12681 673.535 1552004.709 648.753 1.4117 0.0 
1580000 12693 702.797 1561831.592 679.557 1.4729 0.0 
1590000 12705 722.901 1572899.287 730.807 1.5153 0.0 
1600000 12734 559.676 1580963.699 531.007 1.175 0.0 
1610000 12758 499.09 1587960.533 430.702 1.049 0.0 
1620000 12771 563.996 1595681.674 476.741 1.185 0.0 
1630000 12789 572.234 1604231.964 483.461 1.2022 0.0 
1640000 12808 554.841 1615388.103 513.775 1.1615 0.0 
1650000 12825 557.378 1628618.12 576.722 1.1674 0.0 
1660000 12847 521.657 1639124.594 546.155 1.0908 0.0 
1670000 12869 495.51 1648282.285 494.169 1.0367 0.0 
1680000 12901 405.71 1657225.484 391.217 0.8501 0.0 
1690000 12926 400.459 1669878.634 435.4 0.8379 0.0 
1700000 12947 436.883 1684122.829 534.351 0.913 0.0 
1710000 12961 504.91 1697120.033 629.888 1.0562 0.0 
1720000 12973 576.592 1710116.985 729.457 1.2027 0.0 
1730000 12987 611.064 1722737.301 773.258 1.274 0.0 
1740000 13003 614.725 1736170.425 794.204 1.2807 0.0 
1750000 13020 600.618 1745363.912 717.072 1.2522 0.0 
1760000 13032 650.917 1758241.055 795.75 1.3538 0.0 
1770000 13046 669.932 1771273.553 825.794 1.3938 0.0 
1780000 13056 729.991 1785218.557 930.729 1.5159 0.0 
1790000 13066 779.383 1797753.13 987.734 1.6194 0.0 
1800000 13078 795.429 1810254.875 1005.347 1.6532 0.0 
1810000 13090 801.301 1823397.569 1023.596 1.6666 0.0 
1820000 13102 808.01 1837597.31 1054.525 1.6767 0.0 
1830000 13118 763.968 1850205.232 990.969 1.5855 0.0 
1840000 13139 653.717 1861469.958 819.821 1.3604 0.0 
1850000 13165 545.227 1871837.46 650.052 1.14 0.0 
1860000 13186 524.165 1883701.71 625.992 1.0945 0.0 
1870000 13198 582.724 1895043.341 682.959 1.2167 0.0 
1880000 13211 633.626 1905123.369 714.842 1.3269 0.0 
1890000 13221 700.646 1914118.903 748.922 1.4668 0.0 
1900000 13235 696.277 1925147.615 748.346 1.4571 0.0 
1910000 13246 730.802 1935242.738 783.252 1.5299 0.0 
1920000 13260 739.622 1948414.9 828.439 1.5477 0.0 
1930000 13272 745.284 1961531.259 860.967 1.5593 0.0 
1940000 13297 622.483 1971801.872 701.014 1.3039 0.0 
1950000 13317 569.641 1980401.362 598.847 1.1956 0.0 
1960000 13343 490.766 1991038.084 517.547 1.0308 0.0 
1970000 13357 552.654 2001855.077 587.013 1.1615 0.0 
1980000 13372 585.539 2011128.352 601.478 1.231 0.0 
1990000 13387 611.449 2023091.535 658.414 1.28 0.0 
2000000 13398 658.157 2036740.295 755.099 1.3751 0.0 
2010000 13410 704.329 2050600.309 854.9 1.467 0.0 
2020000 13424 707.2 2066917.342 930.583 1.4734 0.0 
2030000 13437 715.505 2080230.077 942.77 1.4942 0.0 
2040000 13453 698.878 2091155.612 881.824 1.4626 0.0 
2050000 13471 658.919 2101322.714 792.76 1.3754 0.0 
2060000 13501 513.231 2111614.485 593.051 1.0707 0.0 
2070000 13522 503.469 2124021.823 598.168 1.0512 0.0 
2080000 13536 553.616 2135307.307 649.051 1.1602 0.0 
2090000 13557 529.984 2145856.836 594.893 1.1149 0.0 
2100000 13570 575.035 2159397.678 683.836 1.2095 0.0 
2110000 13585 599.699 2169861.45 685.182 1.2622 0.0 
2120000 13597 663.848 2184486.204 818.59 1.3907 0.0 
2130000 13609 687.957 2199902.459 901.478 1.4381 0.0 
2140000 13621 723.385 2213399.948 955.464 1.5086 0.0 
2150000 13633 754.246 2226419.815 994.464 1.5747 0.0 
2160000 13645 773.025 2239626.024 1018.098 1.6141 0.0 
2170000 13656 789.203 2254040.944 1058.824 1.6474 0.0 
2180000 13667 814.93 2268086.611 1103.873 1.7017 0.0 
2190000 13680 815.716 2279707.495 1075.005 1.7027 0.0 
2200000 13694 787.887 2291879.669 1018.212 1.6429 0.0 
2210000 13709 750.86 2304993.475 975.702 1.5641 0.0 
2220000 13726 711.343 2317439.454 914.725 1.4815 0.0 
2230000 13741 690.222 2330636.034 890.022 1.4385 0.0 
2240000 13756 685.987 2345123.203 911.261 1.4279 0.0 
2250000 13767 734.195 2360521.948 1015.029 1.524 0.0 
2260000 13784 689.713 2375703.507 976.383 1.4315 0.0 
2270000 13798 686.152 2391029.164 990.484 1.423 0.0 
2280000 13813 683.814 2406978.798 1015.619 1.4215 0.0 
2290000 13824 736.315 2423494.354 1124.428 1.5307 0.0 
2300000 13837 736.592 2438972.009 1127.011 1.5307 0.0 
2310000 13848 776.775 2455722.15 1216.877 1.6199 0.0 
2320000 13859 800.291 2471198.321 1249.507 1.6722 0.0 
2330000 13869 836.823 2486908.724 1308.682 1.751 0.0 
2340000 13886 776.018 2501557.542 1197.136 1.6242 0.0 
2350000 13899 767.112 2516107.811 1170.252 1.6043 0.0 
2360000 13914 742.7 2528782.905 1085.473 1.5532 0.0 
2370000 13926 754.515 2543627.598 1106.911 1.575 0.0 
2380000 13941 747.587 2555637.86 1050.839 1.5588 0.0 
2390000 13955 739.199 2569753.321 1041.335 1.5418 0.0 
2400000 13972 685.834 2581785.683 931.246 1.4286 0.0 
2410000 13984 713.292 2595633.083 970.026 1.4889 0.0 
2420000 14000 691.126 2610596.409 964.041 1.4441 0.0 
2430000 14033 498.112 2623957.704 684.531 1.0408 0.0 
2440000 14067 385.043 2635520.69 503.692 0.807 0.0 
2450000 14096 373.062 2647889.074 472.036 0.7822 0.0 
2460000 14118 397.961 2659120.633 481.006 0.8367 0.0 
2470000 14131 486.182 2671541.161 592.339 1.0216 0.0 
2480000 14151 480.524 2683581.912 582.28 1.0109 0.0 
2490000 14171 480.728 2696605.687 590.648 1.0124 0.0 
2500000 14194 469.094 2709529.06 591.185 0.9835 0.0 
2510000 14214 484.156 2720069.26 582.21 1.0189 0.0 
2520000 14233 497.112 2732625.145 605.32 1.0459 0.0 
2530000 14252 491.203 2743994.406 581.491 1.0318 0.0 
2540000 14271 496.106 2756048.009 598.601 1.0431 0.0 
2550000 14290 519.583 2768234.84 622.162 1.0895 0.0 
2560000 14300 593.607 2779369.921 693.303 1.2454 0.0 
2570000 14314 620.063 2789873.39 704.802 1.2975 0.0 
2580000 14327 650.113 2801355.254 742.068 1.362 0.0 
2590000 14344 642.677 2810049.362 690.577 1.3475 0.0 
2600000 14359 644.53 2820968.335 693.282 1.3519 0.0 
2610000 14372 664.176 2831925.15 724.661 1.3899 0.0 
2620000 14388 657.744 2844052.671 729.285 1.38 0.0 
2630000 14400 686.536 2859138.111 827.342 1.4385 0.0 
2640000 14414 707.773 2870378.822 842.269 1.4821 0.0 
2650000 14424 761.229 2879915.868 863.496 1.596 0.0 
2660000 14434 804.907 2888663.503 864.207 1.6916 0.0 
2670000 14445 815.794 2898814.69 860.085 1.7132 0.0 
2680000 14457 826.765 2909656.515 887.235 1.7341 0.0 
2690000 14468 847.045 2920496.158 909.216 1.7775 0.0 
2700000 14479 855.61 2932493.892 942.737 1.7956 0.0 
2710000 14498 755.877 2945369.735 864.846 1.5851 0.0 
2720000 14510 770.787 2956723.871 879.834 1.6151 0.0 
2730000 14524 744.711 2971473.072 899.731 1.5555 0.0 
2740000 14541 705.991 2985888.883 901.257 1.471 0.0 
2750000 14553 733.095 2999803.295 954.638 1.5271 0.0 
2760000 14564 773.128 3012482.06 1000.615 1.614 0.0 
2770000 14574 814.629 3024073.161 1032.597 1.7039 0.0 
2780000 14587 805.729 3034818.754 988.938 1.6896 0.0 
2790000 14597 828.186 3046153.723 995.981 1.7341 0.0 
2800000 14607 857.771 3057412.948 1022.974 1.7966 0.0 
2810000 14617 883.789 3069938.317 1064.732 1.8525 0.0 
2820000 14630 860.943 3085224.09 1090.574 1.8006 0.0 
2830000 14640 886.38 3098149.899 1127.166 1.8537 0.0 
2840000 14652 868.941 3109428.456 1081.872 1.816 0.0 
2850000 14666 842.584 3118699.16 989.391 1.7618 0.0 
2860000 14679 828.606 3129094.26 948.788 1.7332 0.0 
2870000 14695 753.941 3142410.776 894.269 1.5748 0.0 
2880000 14710 733.263 3156171.848 901.697 1.527 0.0 
2890000 14725 721.184 3170682.924 923.367 1.5025 0.0 
2900000 14738 732.057 3185453.482 976.216 1.5249 0.0 
2910000 14750 753.205 3199977.985 1023.313 1.568 0.0 
2920000 14764 747.679 3213003.083 1005.468 1.5553 0.0 
2930000 14777 748.855 3226669.439 1011.116 1.5605 0.0 
2940000 14790 754.672 3239815.772 1011.488 1.571 0.0 
2950000 14809 684.887 3252725.049 910.894 1.426 0.0 
2960000 14826 649.499 3265721.661 858.36 1.3515 0.0 
2970000 14841 642.533 3278896.692 844.872 1.3386 0.0 
2980000 14855 671.399 3292346.022 892.608 1.399 0.0 
2990000 14867 706.621 3306755.749 958.744 1.4706 0.0 
3000000 14877 760.288 3321013.364 1044.301 1.5813 0.0 
3010000 14889 776.577 3334692.294 1066.321 1.6131 0.0 
3020000 14901 777.713 3347124.051 1044.219 1.6172 0.0 
3030000 14915 774.791 3360040.697 1029.077 1.609 0.0 
3040000 14925 806.913 3373775.742 1081.946 1.6777 0.0 
3050000 14941 768.094 3388055.571 1044.96 1.5979 0.0 
3060000 14952 798.047 3403478.621 1118.654 1.6635 0.0 
3070000 14965 777.433 3417570.517 1087.387 1.6208 0.0 
3080000 14979 771.581 3432838.423 1105.611 1.6087 0.0 
3090000 14995 719.317 3444540.817 985.139 1.5016 0.0 
3100000 15012 682.135 3457885.149 931.876 1.4233 0.0 
3110000 15027 691.047 3470717.561 927.622 1.4468 0.0 
3120000 15045 641.07 3482949.427 837.262 1.3413 0.0 
3130000 15057 675.831 3494260.302 849.825 1.4194 0.0 
3140000 15069 714.49 3508409.604 923.64 1.4991 0.0 
3150000 15079 766.717 3523100.566 1022.189 1.6078 0.0 
3160000 15091 788.877 3537592.846 1078.42 1.6544 0.0 
3170000 15102 799.397 3552691.372 1114.759 1.6767 0.0 
3180000 15114 808.856 3567225.033 1152.421 1.6949 0.0 
3190000 15125 841.798 3578210.196 1130.099 1.7708 0.0 
3200000 15135 857.194 3593242.819 1174.343 1.7998 0.0 
3210000 15151 804.962 3604552.327 1062.309 1.691 0.0 
3220000 15171 694.425 3615536.38 884.405 1.4579 0.0 
3230000 15184 723.514 3622120.879 803.546 1.5224 0.0 
3240000 15195 747.799 3628397.775 753.516 1.5736 0.0 
3250000 15208 764.095 3635106.739 702.689 1.6125 0.0 
3260000 15219 795.379 3644790.582 740.146 1.6785 0.0 
3270000 15231 800.887 3655955.595 777.241 1.6871 0.0 
3280000 15242 824.828 3664923.159 789.927 1.7361 0.0 
3290000 15254 826.986 3677069.335 838.748 1.7391 0.0 
3300000 15264 855.11 3690368.11 926.572 1.7959 0.0 
3310000 15277 836.18 3701012.973 905.203 1.7531 0.0 
3320000 15290 809.286 3713645.984 901.045 1.6968 0.0 
3330000 15304 780.57 3726274.857 888.476 1.6329 0.0 
3340000 15319 765.162 3741085.142 940.111 1.5997 0.0 
3350000 15331 776.329 3756234.723 1003.974 1.6233 0.0 
3360000 15342 794.845 3770273.704 1047.041 1.6584 0.0 
3370000 15353 814.521 3785143.877 1101.274 1.6977 0.0 
3380000 15366 818.252 3800588.847 1143.999 1.7072 0.0 
3390000 15377 828.335 3816284.285 1185.97 1.7291 0.0 
3400000 15389 828.363 3831374.13 1202.959 1.732 0.0 
3410000 15404 796.09 3845539.793 1147.988 1.6601 0.0 
3420000 15415 809.684 3859661.105 1162.739 1.688 0.0 
3430000 15425 844.498 3872953.136 1193.137 1.7591 0.0 
3440000 15437 839.445 3886765.647 1177.606 1.7463 0.0 
3450000 15454 763.932 3900719.645 1072.87 1.5926 0.0 
3460000 15469 743.745 3910908.316 974.815 1.5519 0.0 
3470000 15481 755.991 3923057.867 970.029 1.5761 0.0 
3480000 15494 765.07 3936075.921 983.17 1.5999 0.0 
3490000 15507 764.743 3949001.625 983.678 1.5998 0.0 
3500000 15523 724.687 3962423.301 943.852 1.5144 0.0 
3510000 15540 690.444 3971893.788 836.188 1.4416 0.0 
3520000 15550 736.705 3986476.415 932.088 1.5378 0.0 
3530000 15560 784.869 4000524.822 1020.374 1.637 0.0 
3540000 15570 824.222 4012098.0 1044.813 1.7208 0.0 
3550000 15581 849.486 4022789.006 1042.242 1.7782 0.0 
3560000 15594 823.212 4034524.602 996.025 1.7211 0.0 
3570000 15605 836.923 4049865.729 1068.349 1.7474 0.0 
3580000 15618 832.258 4063741.583 1087.278 1.7366 0.0 
3590000 15628 862.943 4076455.447 1119.62 1.8021 0.0 
3600000 15641 834.176 4085562.396 1011.331 1.7473 0.0 
3610000 15651 864.51 4094480.294 988.348 1.81 0.0 
3620000 15662 872.142 4105983.936 995.664 1.8242 0.0 
3630000 15672 895.531 4118962.758 1050.848 1.8733 0.0 
3640000 15687 841.163 4131120.324 993.785 1.7633 0.0 
3650000 15701 797.161 4142607.494 945.989 1.6701 0.0 
3660000 15719 726.07 4157173.688 898.726 1.5195 0.0 
3670000 15730 768.212 4168272.389 928.552 1.6075 0.0 
3680000 15743 758.083 4179164.158 896.686 1.5833 0.0 
3690000 15759 728.862 4188925.558 825.971 1.5233 0.0 
3700000 15770 767.912 4201620.575 901.105 1.6048 0.0 
3710000 15780 806.467 4214275.319 960.259 1.6885 0.0 
3720000 15790 838.358 4227328.425 1024.638 1.7501 0.0 
3730000 15803 830.21 4238640.947 997.606 1.7303 0.0 
3740000 15814 832.0 4250933.962 997.569 1.7346 0.0 
3750000 15829 799.923 4261406.947 933.336 1.6695 0.0 
3760000 15842 790.455 4273856.761 934.095 1.6501 0.0 
3770000 15854 794.244 4287310.376 969.285 1.6587 0.0 
3780000 15865 813.191 4303294.849 1057.122 1.6955 0.0 
3790000 15878 815.563 4315582.312 1052.689 1.7005 0.0 
3800000 15890 805.337 4328145.118 1027.56 1.6799 0.0 
3810000 15916 638.182 4338785.015 785.709 1.3291 0.0 
3820000 15929 666.99 4351548.712 828.454 1.3896 0.0 
3830000 15944 669.338 4365786.952 865.642 1.4003 0.0 
3840000 15961 651.45 4377373.799 819.336 1.3631 0.0 
3850000 15973 678.939 4386281.694 787.071 1.4236 0.0 
3860000 15986 701.6 4397489.19 810.412 1.469 0.0 
3870000 16000 707.867 4407879.453 793.013 1.482 0.0 
3880000 16011 753.249 4420376.12 865.659 1.5774 0.0 
3890000 16021 797.177 4433938.526 956.3 1.6707 0.0 
3900000 16031 833.688 4447140.901 1025.5 1.7484 0.0 
3910000 16041 854.68 4457744.904 1026.632 1.7953 0.0 
3920000 16053 853.524 4467694.658 975.786 1.7964 0.0 
3930000 16064 872.852 4478227.327 983.914 1.8379 0.0 
3940000 16074 883.744 4487002.617 952.428 1.8629 0.0 
3950000 16084 905.01 4496604.395 955.442 1.9044 0.0 
3960000 16095 914.762 4510600.727 1026.831 1.9239 0.0 
3970000 16105 923.768 4525424.582 1094.48 1.9402 0.0 
3980000 16120 860.487 4541926.373 1101.56 1.8044 0.0 
3990000 16133 836.889 4557543.209 1120.725 1.7533 0.0 
4000000 16148 791.153 4571504.721 1070.803 1.6566 0.0 
4010000 16161 793.877 4585313.974 1077.96 1.6608 0.0 
4020000 16171 818.81 4596739.72 1085.404 1.7134 0.0 
4030000 16185 795.44 4609300.676 1031.665 1.6662 0.0 
4040000 16205 698.637 4622731.631 916.585 1.4651 0.0 
4050000 16218 708.666 4638423.318 972.338 1.4853 0.0 
4060000 16230 749.988 4654413.769 1073.677 1.5709 0.0 
4070000 16247 705.603 4669859.265 1030.553 1.4791 0.0 
4080000 16263 671.265 4684812.306 983.841 1.4085 0.0 
4090000 16283 614.637 4699669.08 906.046 1.2882 0.0 
4100000 16298 628.71 4712769.648 897.091 1.3175 0.0 
4110000 16313 638.786 4720060.598 794.356 1.3425 0.0 
4120000 16323 703.195 4726788.543 765.714 1.4778 0.0 
4130000 16343 631.565 4739104.936 709.331 1.3226 0.0 
4140000 16357 648.606 4753818.788 789.648 1.3579 0.0 
4150000 16369 685.058 4768850.938 882.098 1.4302 0.0 
4160000 16384 682.141 4782676.177 905.184 1.423 0.0 
4170000 16399 685.892 4793079.373 855.184 1.4299 0.0 
4180000 16411 714.905 4800386.191 802.68 1.4928 0.0 
4190000 16421 767.057 4807193.004 780.888 1.6073 0.0 
4200000 16433 780.639 4816844.091 780.726 1.6369 0.0 
4210000 16443 820.766 4827056.902 824.596 1.7236 0.0 
4220000 16457 800.11 4836502.482 793.803 1.68 0.0 
4230000 16468 819.667 4848541.836 850.602 1.7225 0.0 
4240000 16478 850.561 4863980.052 974.341 1.7838 0.0 
4250000 16489 855.087 4879149.135 1044.782 1.7911 0.0 
4260000 16500 863.38 4895444.577 1126.706 1.8051 0.0 
4270000 16512 865.33 4910946.006 1176.768 1.8126 0.0 
4280000 16523 863.52 4925787.208 1193.019 1.8111 0.0 
4290000 16535 864.058 4939299.87 1189.134 1.8076 0.0 
4300000 16550 812.248 4953610.047 1135.82 1.6952 0.0 
4310000 16562 822.836 4968288.69 1154.816 1.7196 0.0 
4320000 16576 796.703 4983753.913 1142.079 1.6662 0.0 
4330000 16589 784.944 4999720.191 1154.286 1.6385 0.0 
4340000 16606 732.64 5015658.301 1098.535 1.5349 0.0 
4350000 16616 781.548 5032077.08 1198.55 1.636 0.0 
4360000 16626 806.368 5049285.555 1270.573 1.6856 0.0 
4370000 16638 820.273 5065201.361 1295.504 1.7125 0.0 
4380000 16649 828.741 5080370.922 1305.372 1.7291 0.0 
4390000 16662 811.813 5095186.451 1265.541 1.6942 0.0 
4400000 16678 771.473 5109497.662 1172.025 1.6093 0.0 
4410000 16692 742.659 5123976.107 1112.381 1.5496 0.0 
4420000 16710 687.359 5135037.839 967.709 1.4338 0.0 
4430000 16726 675.609 5145617.249 888.915 1.4124 0.0 
4440000 16737 725.41 5153742.716 862.145 1.5168 0.0 
4450000 16756 650.66 5165242.761 766.434 1.3649 0.0 
4460000 16771 654.155 5180878.668 837.47 1.3709 0.0 
4470000 16783 688.393 5197529.141 950.996 1.4387 0.0 
4480000 16795 729.264 5213462.715 1050.638 1.5254 0.0 
4490000 16808 728.513 5227533.395 1038.434 1.5222 0.0 
4500000 16824 702.881 5243549.192 1032.211 1.4662 0.0 
4510000 16838 705.275 5259744.893 1062.717 1.4706 0.0 
4520000 16851 709.135 5275606.6 1081.114 1.4794 0.0 
4530000 16864 728.226 5290171.462 1098.294 1.518 0.0 
4540000 16877 723.357 5304728.256 1080.477 1.5102 0.0 
4550000 16888 760.123 5318557.098 1124.422 1.5829 0.0 
4560000 16903 739.203 5335078.657 1115.865 1.5423 0.0 
4570000 16916 743.355 5351167.133 1138.541 1.5497 0.0 
4580000 16930 744.344 5366067.198 1137.325 1.5567 0.0 
4590000 16943 736.338 5378869.089 1100.231 1.542 0.0 
4600000 16960 698.159 5392535.636 1002.462 1.465 0.0 
4610000 16972 721.36 5405502.13 1023.454 1.5115 0.0 
4620000 16987 708.259 5420467.842 1008.346 1.4824 0.0 
4630000 17000 722.178 5435652.032 1039.408 1.5108 0.0 
4640000 17012 751.724 5452518.398 1128.951 1.572 0.0 
4650000 17022 789.451 5469830.457 1224.437 1.6479 0.0 
4660000 17033 818.101 5486519.644 1292.385 1.7098 0.0 
4670000 17045 827.624 5503003.583 1320.67 1.7265 0.0 
4680000 17055 852.601 5519601.532 1370.558 1.7779 0.0 
4690000 17069 822.876 5533354.91 1279.575 1.7147 0.0 
4700000 17082 806.366 5547933.695 1238.463 1.6795 0.0 
4710000 17098 764.22 5561153.696 1138.312 1.5918 0.0 
4720000 17110 777.961 5574201.61 1126.511 1.6257 0.0 
4730000 17124 760.416 5584511.159 1022.682 1.5925 0.0 
4740000 17136 783.353 5596925.331 1036.806 1.6388 0.0 
4750000 17152 725.004 5609002.549 943.022 1.5162 0.0 
4760000 17183 538.765 5619118.59 654.803 1.1275 0.0 
4770000 17216 433.612 5630781.342 523.009 0.9069 0.0 
4780000 17235 469.171 5642765.392 566.806 0.9798 0.0 
4790000 17248 524.899 5656599.784 661.608 1.0938 0.0 
4800000 17271 486.359 5669041.861 615.452 1.0146 0.0 
4810000 17282 572.86 5682858.362 743.931 1.1964 0.0 
4820000 17292 643.229 5698598.176 879.427 1.3427 0.0 
4830000 17305 687.48 5713266.041 961.552 1.4349 0.0 
4840000 17316 721.843 5727711.576 1015.308 1.5058 0.0 
4850000 17328 748.207 5740715.316 1033.348 1.5616 0.0 
4860000 17340 757.065 5749107.396 960.002 1.5825 0.0 
4870000 17350 801.505 5756379.841 907.202 1.6798 0.0 
4880000 17361 831.403 5764282.686 883.623 1.7439 0.0 
4890000 17374 814.115 5773467.716 834.26 1.7098 0.0 
4900000 17385 834.184 5780609.144 797.968 1.7538 0.0 
4910000 17398 820.335 5788921.005 766.289 1.7279 0.0 
4920000 17410 827.116 5795959.421 728.463 1.7415 0.0 
4930000 17422 812.287 5804652.494 721.335 1.7117 0.0 
4940000 17442 721.572 5816713.022 690.691 1.5226 0.0 
4950000 17458 686.913 5828807.311 698.749 1.444 0.0 
4960000 17482 575.845 5840882.099 613.135 1.2056 0.0 
4970000 17511 479.029 5852799.514 531.455 1.0012 0.0 
4980000 17547 371.252 5865721.893 438.104 0.7758 0.0 
4990000 17575 354.251 5878760.052 437.234 0.7403 0.0 
5000000 17600 374.809 5892770.06 487.03 0.7781 0.0 
5010000 17616 448.348 5907505.006 615.137 0.9303 0.0 
5020000 17628 533.767 5921881.155 744.613 1.1098 0.0 
5030000 17639 599.364 5937395.972 862.083 1.2453 0.0 
5040000 17650 658.321 5952331.122 954.383 1.3695 0.0 
5050000 17661 717.936 5966821.473 1043.126 1.4935 0.0 
5060000 17671 767.065 5981366.893 1113.831 1.5943 0.0 
5070000 17681 809.675 5993243.892 1130.424 1.6887 0.0 
5080000 17692 832.918 6006557.839 1148.82 1.7396 0.0 
5090000 17703 834.622 6021249.206 1162.909 1.7397 0.0 
5100000 17715 843.159 6035435.315 1181.289 1.7611 0.0 
5110000 17725 867.897 6049879.418 1224.915 1.8178 0.0 
5120000 17746 728.79 6063806.948 1028.663 1.5266 0.0 
5130000 17765 665.271 6078474.366 945.028 1.394 0.0 
5140000 17783 630.506 6091106.779 867.519 1.32 0.0 
5150000 17798 643.731 6103480.982 861.301 1.3464 0.0 
5160000 17810 678.905 6117636.965 926.206 1.4183 0.0 
5170000 17822 702.506 6130808.497 947.536 1.4684 0.0 
5180000 17834 738.249 6144738.684 999.036 1.5438 0.0 
5190000 17845 774.126 6159585.459 1079.821 1.618 0.0 
5200000 17857 782.205 6174534.074 1102.59 1.6342 0.0 
5210000 17871 767.423 6190999.415 1121.466 1.6054 0.0 
5220000 17882 801.714 6207324.119 1204.988 1.6792 0.0 
5230000 17895 800.102 6223498.932 1223.334 1.6749 0.0 
5240000 17909 775.047 6238638.619 1183.653 1.6221 0.0 
5250000 17924 742.726 6253793.331 1130.607 1.5545 0.0 
5260000 17939 727.472 6267978.374 1089.721 1.5199 0.0 
5270000 17954 706.367 6280124.27 1009.321 1.4743 0.0 
5280000 17965 745.821 6291966.606 1020.758 1.5585 0.0 
5290000 17984 680.452 6303817.858 903.655 1.4212 0.0 
5300000 18007 595.492 6316360.34 777.211 1.2436 0.0 
5310000 18032 507.514 6327214.331 632.775 1.0639 0.0 
5320000 18068 375.757 6340404.656 476.687 0.7891 0.0 
5330000 18084 442.204 6355524.572 602.588 0.927 0.0 
5340000 18104 478.428 6368749.058 650.73 1.0036 0.0 
5350000 18123 497.513 6383083.351 688.399 1.0436 0.0 
5360000 18140 522.821 6397801.895 738.213 1.0957 0.0 
5370000 18169 440.795 6411416.205 613.364 0.9212 0.0 
5380000 18187 474.544 6420033.002 568.401 0.9931 0.0 
5390000 18201 535.871 6428711.182 582.907 1.1232 0.0 
5400000 18216 566.826 6440977.426 640.601 1.1892 0.0 
5410000 18228 634.713 6454528.851 760.434 1.3306 0.0 
5420000 18240 664.467 6467107.875 804.946 1.3938 0.0 
5430000 18258 634.047 6480804.661 794.713 1.3287 0.0 
5440000 18273 635.996 6495021.393 826.817 1.3332 0.0 
5450000 18295 577.745 6507795.366 749.545 1.2105 0.0 
5460000 18311 588.827 6522308.553 790.224 1.2304 0.0 
5470000 18332 548.288 6532147.683 674.476 1.1475 0.0 
5480000 18351 536.334 6547312.364 705.811 1.1216 0.0 
5490000 18377 457.879 6560840.308 612.79 0.9556 0.0 
5500000 18400 456.537 6570368.017 545.367 0.9568 0.0 
5510000 18429 400.115 6582773.146 486.566 0.8389 0.0 
5520000 18454 397.873 6595934.117 499.246 0.8314 0.0 
5530000 18476 407.967 6608515.91 510.062 0.8526 0.0 
5540000 18507 368.398 6621360.551 465.804 0.7703 0.0 
5550000 18532 374.653 6631980.957 447.88 0.7858 0.0 
5560000 18560 363.581 6644603.833 444.048 0.7622 0.0 
5570000 18602 292.239 6656871.628 356.587 0.6109 0.0 
5580000 18637 285.807 6669804.478 359.348 0.5949 0.0 
5590000 18662 324.206 6681298.073 389.221 0.6753 0.0 
5600000 18689 341.824 6694137.582 424.599 0.7122 0.0 
5610000 18708 406.245 6705658.445 489.229 0.8467 0.0 
5620000 18726 461.012 6717033.423 542.39 0.965 0.0 
5630000 18743 492.564 6730717.029 611.31 1.0326 0.0 
5640000 18767 461.808 6743180.919 568.36 0.9681 0.0 
5650000 18793 435.662 6757068.091 564.169 0.913 0.0 
5660000 18814 442.587 6770337.519 575.452 0.929 0.0 
5670000 18856 332.989 6783537.76 437.109 0.6983 0.0 
5680000 18888 309.85 6797375.738 414.385 0.6475 0.0 
5690000 18904 386.0 6805002.044 428.885 0.8076 0.0 
5700000 18925 429.134 6813215.562 422.993 0.9008 0.0 
5710000 18945 448.639 6823002.995 438.646 0.9464 0.0 
5720000 18978 372.798 6836118.39 412.814 0.785 0.0 
5730000 19006 362.82 6849338.272 435.473 0.763 0.0 
5740000 19023 440.813 6862002.117 541.527 0.9246 0.0 
5750000 19039 486.755 6874482.828 601.397 1.0189 0.0 
5760000 19054 530.732 6887442.058 664.654 1.1095 0.0 
5770000 19072 536.579 6899676.464 668.593 1.1233 0.0 
5780000 19088 563.513 6912128.005 702.233 1.1764 0.0 
5790000 19106 556.608 6925739.405 712.735 1.1622 0.0 
5800000 19125 547.088 6937462.991 679.358 1.1458 0.0 
5810000 19140 570.079 6950064.863 709.378 1.1934 0.0 
5820000 19155 596.04 6963529.956 761.426 1.2476 0.0 
5830000 19177 545.922 6976513.653 697.162 1.1414 0.0 
5840000 19195 546.854 6991947.19 744.708 1.1428 0.0 
5850000 19215 540.174 7005646.267 737.502 1.1293 0.0 
5860000 19230 557.534 7019515.353 773.608 1.1673 0.0 
5870000 19245 596.308 7033472.155 822.523 1.2455 0.0 
5880000 19266 551.231 7046694.194 750.492 1.1514 0.0 
5890000 19283 563.571 7060062.432 759.375 1.1781 0.0 
5900000 19300 567.487 7074730.075 783.929 1.1835 0.0 
5910000 19318 560.07 7086787.485 742.606 1.1704 0.0 
5920000 19341 506.362 7096022.84 612.496 1.0606 0.0 
5930000 19365 460.405 7105255.871 520.312 0.9682 0.0 
5940000 19383 489.215 7113274.471 492.293 1.0328 0.0 
5950000 19411 427.721 7122170.774 415.412 0.904 0.0 
5960000 19432 447.876 7131743.961 431.801 0.9448 0.0 
5970000 19449 480.776 7141641.214 470.275 1.0138 0.0 
5980000 19465 507.625 7155254.477 546.883 1.0688 0.0 
5990000 19485 523.476 7168288.807 611.896 1.1002 0.0 
6000000 19500 552.819 7177461.365 604.679 1.1642 0.0 
6010000 19510 630.833 7184385.352 619.544 1.3294 0.0 
6020000 19532 560.873 7192975.467 517.251 1.1845 0.0 
6030000 19550 563.432 7200208.313 498.981 1.1919 0.0 
6040000 19571 531.462 7209749.887 478.676 1.1248 0.0 
6050000 19603 429.783 7219728.613 405.924 0.907 0.0 
6060000 19626 432.625 7231888.368 452.483 0.9131 0.0 
6070000 19651 415.951 7242999.2 447.712 0.8762 0.0 
6080000 19673 442.923 7254431.173 488.62 0.9313 0.0 
6090000 19695 449.365 7268481.387 545.48 0.945 0.0 
6100000 19713 466.404 7281395.771 571.634 0.979 0.0 
6110000 19731 503.012 7295576.653 656.568 1.0537 0.0 
6120000 19747 539.851 7310309.166 731.511 1.1289 0.0 
6130000 19758 603.301 7323709.731 813.775 1.2614 0.0 
6140000 19774 610.374 7337688.754 834.121 1.2756 0.0 
6150000 19791 612.193 7349541.796 806.948 1.2796 0.0 
6160000 19824 453.831 7361279.751 576.761 0.9491 0.0 
6170000 19849 438.406 7373786.038 555.944 0.9206 0.0 
6180000 19870 445.591 7384734.575 540.684 0.939 0.0 
6190000 19899 400.826 7393114.017 429.185 0.8453 0.0 
6200000 19932 348.623 7402938.133 358.759 0.7331 0.0 
6210000 19950 414.449 7415091.556 459.261 0.8719 0.0 
6220000 19961 504.755 7426496.955 573.147 1.0619 0.0 
6230000 19975 565.071 7435214.302 587.02 1.1935 0.0 
6240000 19986 627.355 7445419.513 649.537 1.3242 0.0 
6250000 20000 644.689 7457313.318 693.645 1.3576 0.0 
6260000 20017 623.374 7470170.606 701.004 1.3138 0.0 
6270000 20042 534.959 7484067.252 644.761 1.1243 0.0 
6280000 20061 527.459 7497674.586 656.246 1.1096 0.0 
6290000 20080 537.699 7509962.488 667.791 1.1305 0.0 
6300000 20097 546.802 7520435.546 649.769 1.1532 0.0 
6310000 20111 599.349 7533937.283 738.287 1.2651 0.0 
6320000 20123 654.721 7545897.859 797.942 1.3782 0.0 
6330000 20136 675.458 7554250.466 755.565 1.4244 0.0 
6340000 20158 596.007 7566977.307 691.555 1.2557 0.0 
6350000 20178 555.993 7580103.727 665.751 1.1696 0.0 
6360000 20198 529.879 7593766.6 663.524 1.1125 0.0 
6370000 20220 512.171 7607801.454 666.417 1.0767 0.0 
6380000 20236 528.901 7620473.464 680.053 1.1107 0.0 
6390000 20259 502.594 7632915.939 640.058 1.0527 0.0 
6400000 20280 487.154 7645638.685 618.879 1.0216 0.0 
6410000 20300 489.543 7659079.247 634.127 1.0235 0.0 
6420000 20317 513.643 7672303.213 665.341 1.0731 0.0 
6430000 20349 423.666 7685670.608 555.345 0.8865 0.0 
6440000 20366 459.792 7697822.626 594.154 0.9622 0.0 
6450000 20401 366.137 7709037.469 444.07 0.7666 0.0 
6460000 20429 356.305 7718240.821 379.768 0.748 0.0 
6470000 20448 428.601 7732263.943 524.03 0.8988 0.0 
6480000 20462 503.112 7747332.898 667.389 1.0554 0.0 
6490000 20476 554.088 7761784.997 755.117 1.1595 0.0 
6500000 20495 543.695 7775963.83 749.079 1.1414 0.0 
6510000 20516 527.168 7791003.255 749.605 1.1026 0.0 
6520000 20532 553.465 7805982.519 802.754 1.1578 0.0 
6530000 20562 445.254 7817492.315 602.697 0.9316 0.0 
6540000 20585 428.884 7828403.788 539.69 0.9001 0.0 
6550000 20606 445.339 7841170.024 575.777 0.934 0.0 
6560000 20627 468.635 7851444.955 549.381 0.9849 0.0 
6570000 20638 547.166 7856893.867 533.217 1.1536 0.0 
6580000 20657 546.73 7863232.728 473.273 1.1546 0.0 
6590000 20686 459.445 7869256.769 356.761 0.9708 0.0 
6600000 20707 462.008 7875452.715 334.07 0.979 0.0 
6610000 20725 494.228 7881552.242 337.661 1.0449 0.0 
6620000 20738 552.186 7887885.59 368.724 1.1674 0.0 
6630000 20757 544.663 7895140.059 371.54 1.1507 0.0 
6640000 20780 486.289 7904510.281 368.868 1.0266 0.0 
6650000 20795 542.783 7918626.627 526.47 1.1411 0.0 
6660000 20809 576.83 7932289.062 638.52 1.2128 0.0 
6670000 20822 625.641 7940424.508 639.674 1.3206 0.0 
6680000 20836 653.24 7948602.931 628.416 1.38 0.0 
6690000 20850 667.279 7955812.139 603.922 1.4128 0.0 
6700000 20869 612.642 7963694.329 533.243 1.2944 0.0 
6710000 20884 629.042 7973197.938 557.433 1.3271 0.0 
6720000 20901 624.936 7979183.399 508.762 1.3218 0.0 
6730000 20917 621.239 7984903.668 464.201 1.3141 0.0 
6740000 20946 482.611 7994524.657 390.128 1.021 0.0 
6750000 20971 448.279 8006370.178 423.082 0.9458 0.0 
6760000 20992 445.402 8016373.013 432.597 0.9389 0.0 
6770000 21041 304.133 8024990.824 276.007 0.6418 0.0 
6780000 21073 305.734 8034091.472 274.642 0.6454 0.0 
6790000 21104 307.497 8043093.863 278.497 0.648 0.0 
6800000 21132 318.253 8053334.755 305.447 0.6701 0.0 
6810000 21158 335.214 8063125.85 328.04 0.7081 0.0 
6820000 21207 259.103 8073586.45 261.977 0.5477 0.0 
6830000 21243 272.959 8084838.805 291.483 0.5746 0.0 
6840000 21281 269.31 8096037.74 301.83 0.5658 0.0 
6850000 21299 366.581 8106282.42 392.734 0.7748 0.0 
6860000 21314 437.611 8115482.499 446.88 0.9268 0.0 
6870000 21339 424.107 8128404.882 471.038 0.9008 0.0 
6880000 21373 361.971 8139594.809 400.751 0.7687 0.0 
6890000 21388 426.959 8148405.447 435.287 0.9077 0.0 
6900000 21402 499.617 8153252.614 411.42 1.066 0.0 
6910000 21415 568.637 8163675.422 510.585 1.2102 0.0 
6920000 21427 625.953 8174015.731 587.947 1.33 0.0 
6930000 21443 619.233 8186244.685 627.313 1.3143 0.0 
6940000 21463 586.481 8194545.217 562.066 1.2419 0.0 
6950000 21486 520.542 8201709.121 461.262 1.1025 0.0 
6960000 21583 146.223 8208120.263 112.256 0.3084 0.0 
6970000 21608 254.98 8216219.065 207.657 0.5383 0.0 
6980000 21624 347.385 8223645.663 272.619 0.7338 0.0 
6990000 21646 383.002 8230891.478 289.677 0.8106 0.0 
7000000 21675 359.807 8242967.861 338.774 0.7595 0.0 
7010000 21708 333.593 8255736.807 359.904 0.7014 0.0 
7020000 21726 408.836 8262569.669 368.599 0.8639 0.0 
7030000 21744 443.739 8271682.272 398.064 0.9363 0.0 
7040000 21763 477.991 8283672.328 484.606 1.0071 0.0 
7050000 21782 499.906 8297166.257 567.088 1.0491 0.0 
7060000 21792 587.862 8309807.716 686.623 1.2329 0.0 
7070000 21805 621.239 8317702.845 663.998 1.3029 0.0 
7080000 21819 646.535 8328653.604 690.259 1.3573 0.0 
7090000 21832 683.615 8341592.593 771.594 1.4357 0.0 
7100000 21854 597.366 8350827.267 643.716 1.2572 0.0 
7110000 21867 633.536 8362789.387 699.049 1.3332 0.0 
7120000 21883 643.657 8371195.331 663.128 1.3577 0.0 
7130000 21904 575.193 8376816.105 520.587 1.2166 0.0 
7140000 21923 563.361 8382550.485 452.816 1.1937 0.0 
7150000 21949 477.376 8389742.453 371.169 1.0142 0.0 
7160000 21964 532.235 8398917.673 441.523 1.1294 0.0 
7170000 21985 517.466 8405384.389 398.044 1.0969 0.0 
7180000 22006 488.88 8411981.169 366.504 1.0377 0.0 
7190000 22031 456.107 8422128.711 378.252 0.9653 0.0 
7200000 22054 443.564 8431039.034 378.298 0.9375 0.0 
7210000 22086 372.79 8440271.033 329.502 0.7875 0.0 
7220000 22109 401.642 8450104.881 372.436 0.8509 0.0 
7230000 22138 383.849 8459728.097 353.423 0.8128 0.0 
7240000 22166 368.538 8469297.497 348.529 0.7768 0.0 
7250000 22191 386.066 8481297.3 407.464 0.8112 0.0 
7260000 22209 435.965 8493644.42 491.622 0.9174 0.0 
7270000 22228 459.029 8505837.312 538.505 0.9664 0.0 
7280000 22258 398.765 8517725.074 467.242 0.8405 0.0 
7290000 22275 453.398 8529726.056 536.967 0.958 0.0 
7300000 22295 472.143 8540152.432 529.5 1.0017 0.0 
7310000 22314 477.041 8550881.197 527.961 1.0107 0.0 
7320000 22337 458.434 8562689.418 528.162 0.9681 0.0 
7330000 22361 448.788 8574283.219 513.428 0.9463 0.0 
7340000 22378 477.196 8585722.865 545.12 1.0039 0.0 
7350000 22406 436.687 8597068.062 498.086 0.9183 0.0 
7360000 22426 452.353 8610083.205 539.872 0.95 0.0 
7370000 22457 391.559 8623010.284 482.505 0.8224 0.0 
7380000 22487 373.214 8634782.404 453.153 0.7847 0.0 
7390000 22510 398.363 8647743.081 494.095 0.8348 0.0 
7400000 22538 379.636 8662251.387 503.489 0.7964 0.0 
7410000 22557 436.887 8677510.72 617.631 0.9138 0.0 
7420000 22572 489.006 8689932.555 663.32 1.0282 0.0 
7430000 22587 534.457 8702807.548 707.167 1.1216 0.0 
7440000 22613 472.64 8715945.136 635.279 0.9957 0.0 
7450000 22632 487.623 8725083.722 586.369 1.0291 0.0 
7460000 22652 496.106 8736076.856 578.304 1.0483 0.0 
7470000 22673 483.554 8747634.919 561.441 1.0176 0.0 
7480000 22706 400.811 8762145.509 509.128 0.8428 0.0 
7490000 22730 396.956 8775603.95 510.229 0.8329 0.0 
7500000 22753 412.216 8790235.518 558.52 0.8647 0.0 
7510000 22771 453.73 8804721.871 629.568 0.95 0.0 
7520000 22801 407.843 8817247.674 543.528 0.8562 0.0 
7530000 22836 340.01 8829124.85 439.071 0.7157 0.0 
7540000 22861 358.683 8841897.346 455.038 0.7556 0.0 
7550000 22882 403.532 8853507.294 493.153 0.8496 0.0 
7560000 22906 408.241 8864839.274 489.002 0.8679 0.0 
7570000 22921 476.716 8875806.765 552.108 1.0112 0.0 
7580000 22937 519.053 8887221.82 598.372 1.0979 0.0 
7590000 22953 545.439 8899605.984 644.056 1.1525 0.0 
7600000 22976 498.876 8910896.621 582.424 1.056 0.0 
7610000 22999 479.097 8922961.613 568.608 1.0115 0.0 
7620000 23020 479.406 8933330.139 546.163 1.0103 0.0 
7630000 23036 518.905 8944428.787 585.536 1.0949 0.0 
7640000 23051 551.781 8951822.807 562.055 1.1675 0.0 
7650000 23080 457.668 8963653.933 487.711 0.9657 0.0 
7660000 23109 409.862 8977201.536 477.811 0.8626 0.0 
7670000 23130 426.434 8989876.571 510.564 0.9002 0.0 
7680000 23151 442.456 9003643.853 560.547 0.9321 0.0 
7690000 23165 518.584 9016754.741 665.432 1.0925 0.0 
7700000 23181 550.523 9029966.808 713.417 1.1559 0.0 
7710000 23200 538.853 9043481.302 709.435 1.1273 0.0 
7720000 23214 578.35 9057833.102 778.258 1.2143 0.0 
7730000 23232 573.153 9072171.418 794.765 1.1997 0.0 
7740000 23247 598.898 9084892.055 806.734 1.2562 0.0 
7750000 23264 594.486 9098100.62 791.05 1.2465 0.0 
7760000 23276 646.503 9107171.685 782.221 1.3611 0.0 
7770000 23289 668.538 9117981.599 784.537 1.4063 0.0 
7780000 23302 687.353 9130457.931 820.434 1.4462 0.0 
7790000 23315 714.236 9138649.741 791.195 1.5065 0.0 
7800000 23332 672.649 9151376.812 775.087 1.4152 0.0 
7810000 23355 593.743 9162765.859 677.492 1.2486 0.0 
7820000 23374 574.295 9174159.251 656.31 1.207 0.0 
7830000 23391 580.96 9185898.627 668.354 1.2203 0.0 
7840000 23403 624.687 9197114.225 711.404 1.314 0.0 
7850000 23418 633.948 9210965.362 761.295 1.3314 0.0 
7860000 23435 624.723 9225531.895 792.935 1.3126 0.0 
7870000 23449 656.383 9241777.453 899.243 1.3769 0.0 
7880000 23472 567.473 9256541.442 793.943 1.1888 0.0 
7890000 23501 471.866 9269694.831 644.676 0.9884 0.0 
7900000 23521 479.671 9282521.808 642.18 1.0072 0.0 
7910000 23548 435.522 9296182.092 588.385 0.9128 0.0 
7920000 23571 425.783 9309359.106 565.423 0.8927 0.0 
7930000 23600 395.337 9323232.472 535.055 0.8279 0.0 
7940000 23626 398.652 9337367.924 550.79 0.8347 0.0 
7950000 23651 397.185 9352448.791 569.107 0.8281 0.0 
7960000 23668 456.432 9367931.809 674.981 0.9519 0.0 
7970000 23683 494.709 9384215.36 752.09 1.0365 0.0 
7980000 23700 527.963 9399490.317 805.707 1.1067 0.0 
7990000 23718 539.329 9414031.499 814.032 1.1318 0.0 
8000000 23735 542.636 9427930.633 797.775 1.138 0.0 
8010000 23756 523.565 9442349.746 766.437 1.0994 0.0 
8020000 23779 489.53 9457301.091 720.322 1.0284 0.0 
8030000 23807 430.728 9470202.94 607.01 0.9065 0.0 
8040000 23834 403.168 9483827.415 564.153 0.8497 0.0 
8050000 23863 390.89 9496500.878 525.464 0.8252 0.0 
8060000 23894 359.381 9508142.03 457.903 0.7613 0.0 
8070000 23923 353.628 9522686.056 478.211 0.7494 0.0 
8080000 23945 387.125 9535575.221 510.871 0.819 0.0 
8090000 23971 382.109 9549195.943 509.358 0.8065 0.0 
8100000 23999 358.328 9562114.152 469.003 0.7522 0.0 
8110000 24019 415.105 9574455.46 531.004 0.8715 0.0 
8120000 24042 419.462 9585817.046 511.86 0.8803 0.0 
8130000 24061 466.764 9598211.988 574.486 0.9794 0.0 
8140000 24084 450.616 9610954.226 561.555 0.9455 0.0 
8150000 24113 410.999 9623238.593 507.997 0.8656 0.0 
8160000 24132 442.406 9636471.075 555.609 0.9309 0.0 
8170000 24160 405.504 9649950.442 523.014 0.8538 0.0 
8180000 24177 468.892 9664308.559 631.063 0.9873 0.0 
8190000 24192 508.9 9679848.904 717.348 1.0721 0.0 
8200000 24209 530.424 9694951.408 766.989 1.1164 0.0 
8210000 24230 511.468 9709845.151 746.831 1.0775 0.0 
8220000 24247 535.409 9723932.189 772.181 1.1277 0.0 
8230000 24266 540.078 9737375.831 763.057 1.1366 0.0 
8240000 24279 585.612 9751845.644 836.076 1.2322 0.0 
8250000 24306 475.44 9761223.428 604.967 1.0029 0.0 
8260000 24336 419.095 9770032.223 473.168 0.885 0.0 
8270000 24354 457.844 9779494.425 484.122 0.9677 0.0 
8280000 24372 495.121 9788419.072 496.757 1.041 0.0 
8290000 24394 466.192 9798299.341 462.975 0.9819 0.0 
8300000 24408 528.806 9806745.188 506.862 1.1157 0.0 
8310000 24425 557.116 9814571.542 498.014 1.1786 0.0 
8320000 24446 531.835 9822293.322 453.363 1.1269 0.0 
8330000 24469 488.344 9830605.601 413.48 1.0382 0.0 
8340000 24495 442.699 9840625.851 400.918 0.9373 0.0 
8350000 24511 492.786 9852668.341 495.32 1.0391 0.0 
8360000 24535 463.022 9864765.953 495.755 0.973 0.0 
8370000 24556 470.11 9878211.591 549.279 0.9853 0.0 
8380000 24575 483.361 9891321.706 586.418 1.0133 0.0 
8390000 24603 430.305 9903587.354 521.135 0.906 0.0 
8400000 24638 358.189 9913819.878 412.137 0.7513 0.0 
8410000 24678 286.697 9924146.259 309.207 0.6031 0.0 
8420000 24720 280.153 9931574.6 242.124 0.5922 0.0 
8430000 24743 333.838 9939045.527 269.511 0.7032 0.0 
8440000 24768 344.812 9945204.555 252.941 0.7274 0.0 
8450000 24799 330.515 9952918.807 251.24 0.7004 0.0 
8460000 24816 412.894 9959622.746 296.229 0.8746 0.0 
8470000 24836 432.155 9965941.513 297.241 0.9148 0.0 
8480000 24856 443.434 9972737.628 300.141 0.9383 0.0 
8490000 24880 426.31 9980858.717 308.855 0.9004 0.0 
8500000 24901 451.716 9987808.497 321.734 0.9538 0.0 
8510000 24918 491.151 9994557.576 344.373 1.039 0.0 
8520000 24938 487.653 10001977.903 342.971 1.0314 0.0 
8530000 24962 460.879 10009799.353 337.467 0.9725 0.0 
8540000 25002 346.629 10017282.601 257.979 0.73 0.0 
8550000 25030 336.883 10023455.262 234.291 0.716 0.0 
8560000 25052 384.445 10030597.65 269.604 0.8189 0.0 
8570000 25069 450.54 10037132.191 306.406 0.9619 0.0 
8580000 25093 429.246 10043683.63 290.232 0.9159 0.0 
8590000 25121 404.153 10050616.929 276.833 0.864 0.0 
8600000 25147 400.414 10056399.672 258.03 0.8555 0.0 
8610000 25173 388.872 10062227.132 240.218 0.8282 0.0 
8620000 25199 383.649 10069466.271 254.67 0.8141 0.0 
8630000 25219 418.679 10075790.601 271.562 0.8875 0.0 
8640000 25239 442.906 10083241.521 305.303 0.9415 0.0 
8650000 25264 429.08 10090057.437 292.226 0.9085 0.0 
8660000 25292 393.496 10099622.614 310.66 0.832 0.0 
8670000 25314 424.596 10109481.638 365.56 0.8968 0.0 
8680000 25329 477.118 10121236.546 463.647 1.0068 0.0 
8690000 25346 515.967 10133147.839 540.609 1.0906 0.0 
8700000 25366 507.574 10145215.566 555.985 1.0715 0.0 
8710000 25379 557.342 10158533.129 647.885 1.1716 0.0 
8720000 25398 551.541 10170364.697 648.506 1.1575 0.0 
8730000 25416 548.062 10179208.165 594.828 1.1513 0.0 
8740000 25464 332.67 10187071.09 323.352 0.6979 0.0 
8750000 25488 369.005 10195564.517 337.986 0.7761 0.0 
8760000 25503 435.851 10204302.471 391.946 0.9203 0.0 
8770000 25522 464.684 10212940.384 409.721 0.9812 0.0 
8780000 25539 503.588 10222046.748 450.687 1.061 0.0 
8790000 25555 539.807 10233097.931 519.147 1.1335 0.0 
8800000 25573 548.317 10245483.945 574.091 1.1507 0.0 
8810000 25599 482.948 10258697.801 549.854 1.0144 0.0 
8820000 25629 415.413 10270444.607 477.694 0.8708 0.0 
8830000 25648 443.313 10282958.407 526.191 0.9284 0.0 
8840000 25667 477.054 10294228.253 556.34 1.0007 0.0 
8850000 25682 514.782 10305545.832 591.876 1.0778 0.0 
8860000 25699 544.522 10315057.354 592.588 1.1442 0.0 
8870000 25720 526.096 10325379.427 562.293 1.1072 0.0 
8880000 25741 499.981 10337187.219 553.054 1.0496 0.0 
8890000 25763 486.258 10348900.4 546.583 1.0232 0.0 
8900000 25782 484.446 10359450.595 537.635 1.0199 0.0 
8910000 25810 433.747 10369945.161 468.273 0.9128 0.0 
8920000 25847 348.317 10381085.015 383.393 0.734 0.0 
8930000 25872 370.521 10392563.354 413.687 0.7791 0.0 
8940000 25886 457.716 10405009.028 534.372 0.962 0.0 
8950000 25901 497.576 10415951.788 567.962 1.0476 0.0 
8960000 25921 504.796 10426948.672 567.999 1.0595 0.0 
8970000 25935 554.479 10440090.311 657.603 1.1639 0.0 
8980000 25949 599.081 10452955.883 727.25 1.256 0.0 
8990000 25963 615.527 10465112.252 744.886 1.294 0.0 
9000000 25979 629.901 10476927.865 757.397 1.3211 0.0 
9010000 25997 610.591 10488728.608 730.56 1.2799 0.0 
9020000 26010 649.071 10500554.977 773.736 1.3613 0.0 
9030000 26026 642.072 10514769.494 805.186 1.3457 0.0 
9040000 26042 627.968 10525851.232 759.291 1.3206 0.0 
9050000 26058 623.725 10539316.987 775.797 1.3077 0.0 
9060000 26074 617.956 10552430.942 784.821 1.2981 0.0 
9070000 26088 649.313 10564724.666 815.624 1.3638 0.0 
9080000 26104 649.616 10577751.468 823.764 1.362 0.0 
9090000 26120 641.522 10591275.608 827.443 1.3455 0.0 
9100000 26139 612.359 10603644.141 781.424 1.2844 0.0 
9110000 26157 590.167 10614974.865 729.067 1.2369 0.0 
9120000 26172 592.739 10624696.452 685.867 1.2442 0.0 
9130000 26192 568.035 10635581.639 646.061 1.1924 0.0 
9140000 26209 573.702 10646538.337 649.534 1.2072 0.0 
9150000 26225 578.641 10654585.692 600.547 1.2201 0.0 
9160000 26236 641.551 10663951.256 644.315 1.3526 0.0 
9170000 26251 660.676 10674576.398 676.719 1.3899 0.0 
9180000 26267 644.671 10686267.055 684.494 1.3563 0.0 
9190000 26282 643.746 10698889.345 729.296 1.3524 0.0 
9200000 26296 659.401 10711764.7 764.057 1.3885 0.0 
9210000 26315 629.522 10725257.191 764.802 1.3248 0.0 
9220000 26330 631.744 10739103.955 794.657 1.3237 0.0 
9230000 26343 671.94 10752982.631 871.469 1.4097 0.0 
9240000 26358 662.981 10766810.294 875.6 1.389 0.0 
9250000 26373 670.342 10779286.143 872.072 1.4042 0.0 
9260000 26384 713.582 10791907.934 921.828 1.4982 0.0 
9270000 26403 653.843 10803721.625 824.59 1.3759 0.0 
9280000 26417 675.861 10816113.553 852.482 1.4182 0.0 
9290000 26430 695.153 10828810.37 878.54 1.4606 0.0 
9300000 26446 678.605 10841830.508 864.165 1.4217 0.0 
9310000 26460 692.39 10854985.456 888.45 1.457 0.0 
9320000 26473 705.703 10865243.404 859.255 1.4867 0.0 
9330000 26488 698.833 10874010.537 791.015 1.4743 0.0 
9340000 26505 669.483 10881832.301 699.701 1.4139 0.0 
9350000 26523 633.243 10891207.001 646.065 1.3373 0.0 
9360000 26540 615.453 10900115.005 608.88 1.2995 0.0 
9370000 26558 597.987 10909172.944 576.794 1.2632 0.0 
9380000 26576 580.366 10920037.344 578.457 1.2267 0.0 
9390000 26599 516.629 10929781.529 511.83 1.0939 0.0 
9400000 26628 439.886 10937313.261 401.956 0.9312 0.0 
9410000 26663 348.016 10946640.954 319.329 0.7353 0.0 
9420000 26697 318.681 10954398.851 271.882 0.6734 0.0 
9430000 26718 367.621 10960297.445 271.234 0.7795 0.0 
9440000 26742 389.136 10967195.906 280.57 0.8252 0.0 
9450000 26757 472.077 10973771.589 326.545 1.0028 0.0 
9460000 26779 460.806 10982706.038 348.426 0.9786 0.0 
9470000 26800 470.274 10989544.13 347.463 0.9985 0.0 
9480000 26821 466.39 10998336.903 368.939 0.9883 0.0 
9490000 26841 477.055 11005799.458 371.364 1.0123 0.0 
9500000 26857 509.252 11014816.696 419.501 1.0809 0.0 
9510000 26879 497.6 11023064.401 406.492 1.0558 0.0 
9520000 26901 490.043 11030842.372 391.155 1.0363 0.0 
9530000 26917 512.005 11038777.476 410.322 1.0849 0.0 
9540000 26936 520.091 11045722.65 400.044 1.1 0.0 
9550000 26953 535.324 11052709.873 401.427 1.1342 0.0 
9560000 26979 478.328 11061473.474 378.732 1.0123 0.0 
9570000 27001 466.004 11071644.073 409.235 0.9876 0.0 
9580000 27020 496.441 11081376.202 448.825 1.0532 0.0 
9590000 27040 499.589 11090646.027 455.148 1.0591 0.0 
9600000 27056 534.177 11100867.047 506.167 1.1335 0.0 
9610000 27079 498.858 11111842.649 499.013 1.0555 0.0 
9620000 27104 453.867 11122545.57 464.695 0.9568 0.0 
9630000 27129 434.276 11133651.311 460.012 0.915 0.0 
9640000 27157 395.341 11144590.19 424.26 0.8331 0.0 
9650000 27184 387.988 11156559.194 436.598 0.8149 0.0 
9660000 27205 413.172 11168023.966 469.803 0.8701 0.0 
9670000 27222 468.358 11179001.305 523.954 0.9853 0.0 
9680000 27247 438.603 11188898.158 471.515 0.925 0.0 
9690000 27267 461.525 11196420.057 440.675 0.9775 0.0 
9700000 27283 502.051 11205557.813 473.085 1.0633 0.0 
9710000 27296 564.132 11213519.503 505.729 1.1966 0.0 
9720000 27310 592.003 11220675.968 500.038 1.2563 0.0 
9730000 27327 602.67 11229155.969 508.06 1.2846 0.0 
9740000 27345 579.733 11236494.764 472.039 1.2386 0.0 
9750000 27364 558.518 11243703.037 440.554 1.1934 0.0 
9760000 27384 539.376 11251946.119 428.382 1.1562 0.0 
9770000 27401 554.153 11259887.807 438.728 1.188 0.0 
9780000 27420 555.434 11269621.917 472.672 1.1867 0.0 
9790000 27440 522.045 11278856.861 457.648 1.114 0.0 
9800000 27466 474.501 11289205.938 441.282 1.0104 0.0 
9810000 27499 396.696 11299894.26 389.166 0.8392 0.0 
9820000 27516 452.197 11309873.773 446.189 0.9547 0.0 
9830000 27537 458.448 11321026.165 473.34 0.9672 0.0 
9840000 27559 443.239 11331826.569 465.908 0.9345 0.0 
9850000 27583 434.535 11342742.663 462.544 0.9144 0.0 
9860000 27600 472.179 11351614.69 473.798 0.9957 0.0 
9870000 27616 515.432 11360787.34 494.965 1.0897 0.0 
9880000 27628 576.126 11370396.951 562.719 1.2167 0.0 
9890000 27642 616.718 11379107.9 579.213 1.3101 0.0 
9900000 27659 620.418 11387705.274 569.469 1.34 0.0 
9910000 27680 572.583 11398541.847 551.393 1.2519 0.0 
9920000 27694 604.131 11409465.863 605.62 1.3829 0.0 
9930000 27708 626.109 11421243.718 657.303 1.6777 0.0 
9940000 27726 607.397 11432003.792 643.322 1.8206 0.0 
9950000 27743 600.099 11442288.801 631.04 1.9393 0.0 
9960000 27755 647.123 11450587.491 641.469 2.1987 0.0 
9970000 27767 680.129 11460329.202 669.241 2.3736 0.0 
9980000 27780 703.909 11468882.581 673.297 2.5235 0.0 
9990000 27796 684.454 11477198.98 631.39 2.4817 0.0 
10000000 27815 633.469 11486185.253 580.149 2.3358 0.0 
