10000 60 113.973 436.0 5.004 0.1973 57.0735 
20000 128 138.865 811.0 5.41 0.6449 62.6052 
30000 189 153.788 1299.0 7.031 1.1989 80.0028 
40000 250 155.356 1743.0 6.916 1.3329 78.3584 
50000 311 166.648 2193.0 7.537 1.4712 96.8978 
60000 377 155.141 2665.0 7.288 1.3817 85.1788 
70000 441 158.213 3137.0 7.457 1.4128 87.2502 
80000 498 173.076 3620.0 8.201 1.5405 107.6439 
90000 564 157.6 4080.0 7.247 1.3992 85.8575 
100000 627 154.886 4563.0 7.457 1.3769 87.0393 
110000 690 158.06 5021.0 7.328 1.4137 83.2523 
120000 750 162.77 5528.0 7.927 1.4527 100.9266 
130000 809 170.887 6063.0 9.063 1.5245 114.2272 
140000 866 174.331 6569.0 9.068 1.5554 123.672 
150000 924 175.858 7042.0 8.553 1.5715 106.6233 
160000 979 178.495 7648.0 10.184 1.5962 135.4662 
170000 1038 171.607 8209.0 9.605 1.5335 121.3564 
180000 1096 169.225 8739.0 9.031 1.5125 110.0061 
190000 1152 178.507 9351.0 10.65 1.5981 132.8644 
200000 1209 175.08 9920.0 10.187 1.5649 132.3564 
210000 1266 175.983 10470.0 9.887 1.5701 123.2581 
220000 1325 172.771 11013.0 9.657 1.5424 111.7431 
230000 1383 172.48 11545.0 9.234 1.5457 112.1168 
240000 1436 184.249 12144.0 10.461 1.6463 129.1179 
250000 1490 183.314 12729.0 10.745 1.637 133.2537 
260000 1549 173.116 13299.0 10.053 1.5452 115.6507 
270000 1606 177.292 13921.0 10.884 1.5892 127.3815 
280000 1654 196.463 14536.0 12.144 1.7578 152.752 
290000 1706 189.521 15135.0 11.331 1.6909 135.9025 
300000 1753 200.756 15807.0 13.013 1.7901 172.3625 
310000 1806 195.035 16464.0 12.858 1.7403 169.0558 
320000 1856 195.805 17174.0 13.533 1.7519 179.0376 
330000 1904 202.693 17818.0 13.371 1.8128 182.5511 
340000 1959 187.422 18472.0 12.253 1.6753 146.9967 
350000 2013 192.166 19141.0 12.996 1.7201 166.6172 
360000 2063 198.077 19775.0 12.774 1.7723 160.7365 
370000 2115 194.501 20478.0 13.306 1.7414 187.6543 
380000 2164 201.449 21190.0 14.202 1.7978 198.2751 
390000 2208 220.032 21850.0 15.151 1.9569 232.7217 
400000 2256 212.72 22565.0 14.963 1.8983 209.6728 
410000 2306 206.578 23267.0 14.568 1.851 196.8183 
420000 2357 200.918 23950.0 13.952 1.7987 206.4176 
430000 2402 210.993 24729.0 15.704 1.8821 229.0008 
440000 2453 204.285 25451.0 15.015 1.8282 218.6256 
450000 2502 200.725 26202.0 14.905 1.792 203.6708 
460000 2547 212.355 26987.0 16.295 1.8988 266.4067 
470000 2594 216.959 27781.0 17.088 1.9385 272.1447 
480000 2647 197.785 28596.0 16.039 1.7684 263.6721 
490000 2694 204.898 29377.0 16.219 1.8357 253.7024 
500000 2736 225.938 30170.0 17.872 2.0233 274.3527 
510000 2778 230.932 30957.0 18.343 2.0656 266.9467 
520000 2826 216.655 31790.0 17.618 1.9365 230.3496 
530000 2865 234.787 32624.0 19.022 2.1001 282.5324 
540000 2905 245.673 33340.0 18.92 2.1983 319.5258 
550000 2950 232.441 34201.0 18.995 2.0786 301.2154 
560000 2993 233.426 35051.0 19.712 2.0924 312.7845 
570000 3039 223.982 35927.0 19.208 2.0045 283.2086 
580000 3077 249.065 36800.0 21.827 2.2304 334.8113 
590000 3116 249.607 37685.0 21.901 2.2325 330.9715 
600000 3158 240.491 38537.0 21.264 2.1474 316.259 
610000 3201 237.868 39361.0 20.087 2.1247 295.8441 
620000 3242 240.448 40178.0 19.959 2.1498 277.037 
630000 3284 241.284 41040.0 20.524 2.1567 329.8402 
640000 3323 250.667 41844.0 20.788 2.2406 322.4897 
650000 3365 244.257 42680.0 20.245 2.1817 304.1008 
660000 3404 249.453 43568.0 21.666 2.2249 316.0806 
670000 3444 247.114 44503.0 22.198 2.2121 322.5428 
680000 3480 263.856 45351.0 22.858 2.3609 394.3447 
690000 3523 252.088 46289.0 23.091 2.2565 368.769 
700000 3558 269.859 47197.0 24.614 2.4117 415.4422 
710000 3595 268.346 48122.0 25.011 2.4012 416.765 
720000 3639 242.9 49113.0 22.941 2.1757 356.9277 
730000 3677 256.137 50001.0 23.488 2.294 374.0921 
740000 3716 254.742 50951.0 23.912 2.2791 373.0005 
750000 3753 261.164 52027.0 26.396 2.3342 429.2457 
760000 3792 262.315 52993.0 26.026 2.3439 425.9779 
770000 3827 271.976 53992.0 27.235 2.4292 426.4429 
780000 3862 280.405 54974.0 27.649 2.502 446.7282 
790000 3895 286.896 55892.0 26.89 2.5588 438.4488 
800000 3933 272.006 56863.0 26.147 2.4293 399.9446 
810000 3971 264.932 57830.0 25.56 2.3639 365.5807 
820000 4010 266.054 58827.0 26.1 2.37 390.3141 
830000 4051 252.391 59893.0 25.991 2.2476 384.6787 
840000 4090 257.063 60860.0 25.529 2.2856 352.3516 
850000 4128 258.419 61872.0 25.679 2.3038 381.6292 
860000 4167 260.234 62737.0 24.16 2.3297 342.2415 
870000 4208 254.625 63697.0 23.964 2.2766 341.5995 
880000 4249 251.638 64632.0 23.91 2.2529 371.9763 
890000 4291 240.464 65683.0 24.366 2.1525 340.3713 
900000 4327 258.638 66770.0 27.329 2.3085 354.1023 
910000 4365 261.848 67809.0 27.384 2.3413 372.9915 
920000 4405 258.51 68907.0 27.394 2.307 375.5011 
930000 4441 270.601 69975.0 29.109 2.4145 434.0661 
940000 4480 260.677 70990.0 27.305 2.328 430.3478 
950000 4515 267.2 72046.0 27.935 2.3887 452.6429 
960000 4551 275.009 72990.0 27.488 2.4536 443.6348 
970000 4583 291.925 73984.0 29.098 2.6075 443.5695 
980000 4620 281.834 74982.0 28.01 2.5167 444.5049 
990000 4657 272.213 76007.0 27.399 2.432 441.7881 
1000000 4693 274.688 77064.0 28.345 2.4536 435.5023 
1010000 4731 270.264 78159.0 28.902 2.4144 433.5832 
1020000 4769 267.247 79188.0 27.83 2.3851 439.3688 
1030000 4803 279.358 80195.0 28.439 2.4949 438.2734 
1040000 4842 267.159 81267.0 27.846 2.3894 430.5912 
1050000 4884 252.541 82319.0 26.609 2.2545 411.9101 
1060000 4920 260.099 83414.0 27.844 2.3249 422.1578 
1070000 4958 262.285 84426.0 27.256 2.3413 397.4702 
1080000 4995 264.516 85473.0 27.202 2.364 441.9825 
1090000 5034 264.514 86427.0 26.472 2.3625 406.6142 
1100000 5069 275.216 87490.0 28.396 2.4553 446.6705 
1110000 5106 271.404 88565.0 28.323 2.4213 434.9149 
1120000 5144 264.928 89622.0 28.337 2.367 430.7895 
1130000 5178 273.961 90649.0 28.716 2.4453 431.7873 
1140000 5211 288.178 91735.0 30.466 2.5744 463.07 
1150000 5244 295.674 92760.0 30.466 2.6391 468.4032 
1160000 5280 284.497 93832.0 29.633 2.5432 455.702 
1170000 5317 278.578 94874.0 29.166 2.4882 443.6521 
1180000 5355 267.109 96007.0 28.956 2.3896 431.0706 
1190000 5388 282.942 97091.0 30.464 2.5338 482.1549 
1200000 5427 267.789 98222.0 29.975 2.3935 448.8818 
1210000 5465 265.602 99415.0 30.751 2.3731 444.7102 
1220000 5499 268.949 100446.0 28.992 2.4048 432.0488 
1230000 5536 269.993 101505.0 29.071 2.4118 475.7595 
1240000 5575 260.124 102546.0 27.535 2.3199 436.8442 
1250000 5612 263.524 103535.0 26.954 2.3539 385.8239 
1260000 5651 257.694 104581.0 27.135 2.3052 385.5655 
1270000 5691 258.857 105597.0 26.432 2.3142 380.4369 
1280000 5724 278.937 106642.0 28.126 2.4895 419.3987 
1290000 5761 278.261 107734.0 29.939 2.4809 452.004 
1300000 5796 278.642 108832.0 30.246 2.4862 440.2234 
1310000 5827 298.017 109850.0 32.013 2.6613 464.973 
1320000 5861 292.665 110856.0 30.078 2.6174 468.4817 
1330000 5898 283.83 111973.0 30.636 2.5401 487.5907 
1340000 5934 272.652 113130.0 30.161 2.4387 440.1426 
1350000 5971 273.065 114184.0 29.883 2.4366 428.8007 
1360000 6008 275.149 115292.0 30.609 2.4513 443.9603 
1370000 6044 274.085 116457.0 31.48 2.4402 475.6156 
1380000 6078 279.36 117642.0 31.862 2.4921 474.9183 
1390000 6116 275.022 118808.0 32.567 2.4561 494.4376 
1400000 6153 269.234 119940.0 30.936 2.4053 476.112 
1410000 6192 261.574 120925.0 27.88 2.3376 402.259 
1420000 6228 270.394 122007.0 29.26 2.4207 427.0429 
1430000 6267 258.002 123223.0 29.407 2.3039 443.8037 
1440000 6303 268.607 124303.0 29.954 2.402 428.5479 
1450000 6340 271.98 125419.0 30.491 2.4293 428.4926 
1460000 6373 287.499 126556.0 32.502 2.5692 472.2501 
1470000 6414 258.474 127721.0 29.409 2.306 395.001 
1480000 6450 265.388 128722.0 28.58 2.3715 401.8406 
1490000 6484 281.657 129732.0 29.636 2.5154 399.9813 
1500000 6519 280.344 130775.0 28.675 2.5025 430.9021 
1510000 6564 244.561 131805.0 25.352 2.1799 392.7701 
1520000 6605 244.073 132916.0 26.353 2.1791 398.0224 
1530000 6648 233.123 133917.0 23.971 2.0834 326.7766 
1540000 6683 263.092 134967.0 27.666 2.3513 381.1059 
1550000 6718 273.49 136044.0 29.177 2.4458 413.09 
1560000 6756 261.561 137089.0 27.376 2.3366 427.2227 
1570000 6797 258.459 138160.0 27.656 2.308 397.7875 
1580000 6836 256.631 139242.0 27.533 2.2934 392.7622 
1590000 6874 258.575 140329.0 28.021 2.3097 388.6046 
1600000 6909 265.666 141415.0 28.427 2.3705 400.4957 
1610000 6946 270.352 142468.0 29.217 2.4142 423.712 
1620000 6982 278.773 143529.0 29.559 2.4822 425.4221 
1630000 7019 276.569 144671.0 30.391 2.4627 411.1395 
1640000 7057 268.671 145773.0 29.596 2.3971 397.3466 
1650000 7092 278.442 146826.0 29.76 2.4886 388.4021 
1660000 7132 266.643 147847.0 27.748 2.3783 362.4778 
1670000 7166 275.609 148866.0 28.046 2.4583 369.832 
1680000 7200 288.208 149943.0 30.346 2.5629 462.175 
1690000 7239 265.757 151045.0 28.565 2.3708 420.0526 
1700000 7272 286.06 152032.0 29.309 2.5505 439.4945 
1710000 7309 281.345 153109.0 29.814 2.508 438.8547 
1720000 7343 288.398 154143.0 30.107 2.577 472.9002 
1730000 7379 281.751 155218.0 29.378 2.514 467.8477 
1740000 7411 292.358 156299.0 31.029 2.6086 488.4359 
1750000 7442 307.446 157317.0 32.075 2.7528 522.7026 
1760000 7477 298.654 158389.0 31.793 2.67 483.4866 
1770000 7514 287.634 159491.0 30.867 2.5762 450.44 
1780000 7547 292.807 160554.0 31.123 2.6162 463.6883 
1790000 7580 294.339 161601.0 31.047 2.6293 478.8754 
1800000 7611 308.669 162678.0 32.838 2.7603 492.8943 
1810000 7641 313.44 163820.0 33.982 2.7989 499.1093 
1820000 7675 306.647 165023.0 35.295 2.7316 531.0406 
1830000 7708 309.079 166261.0 37.037 2.7594 563.6204 
1840000 7742 302.85 167430.0 36.142 2.7029 555.5841 
1850000 7775 304.663 168582.0 35.584 2.7201 519.0027 
1860000 7808 306.84 169727.0 35.386 2.7394 515.0296 
1870000 7844 293.172 170910.0 34.24 2.6178 512.8773 
1880000 7882 276.018 172097.0 32.611 2.4607 496.9277 
1890000 7917 278.885 173300.0 32.834 2.4862 478.0517 
1900000 7950 294.173 174476.0 34.825 2.6235 516.9431 
1910000 7986 285.631 175719.0 34.851 2.5568 546.7284 
1920000 8016 301.523 176962.0 36.743 2.6911 576.725 
1930000 8047 310.803 178200.0 38.335 2.7709 593.5139 
1940000 8080 312.489 179465.0 39.368 2.7869 606.3223 
1950000 8112 307.077 180696.0 38.266 2.7437 605.4421 
1960000 8146 305.426 181881.0 37.44 2.7248 561.1355 
1970000 8181 288.249 183247.0 36.695 2.5742 524.6621 
1980000 8211 309.939 184384.0 37.587 2.7652 550.6031 
1990000 8243 314.886 185611.0 38.747 2.8137 587.923 
2000000 8279 295.706 186878.0 36.691 2.6452 568.9206 
2010000 8315 286.639 188219.0 37.217 2.5628 584.1925 
2020000 8346 301.227 189470.0 37.94 2.6907 643.1155 
2030000 8379 298.731 190770.0 37.879 2.6716 621.2895 
2040000 8410 315.49 192005.0 39.893 2.8198 645.2585 
2050000 8441 317.278 193201.0 39.427 2.837 628.1263 
2060000 8473 316.509 194514.0 40.408 2.8291 623.3594 
2070000 8503 326.578 195731.0 40.938 2.9154 625.4061 
2080000 8534 324.05 196942.0 40.0 2.8929 619.8731 
2090000 8570 297.963 198238.0 37.822 2.663 572.8241 
2100000 8601 304.568 199449.0 37.303 2.7117 569.7225 
2110000 8634 297.357 200655.0 35.938 2.6425 537.8135 
2120000 8670 295.954 201956.0 37.396 2.635 533.5357 
2130000 8705 294.631 203187.0 36.734 2.6216 511.7029 
2140000 8738 297.073 204397.0 36.762 2.651 546.7083 
2150000 8769 305.375 205630.0 37.329 2.7315 537.5136 
2160000 8799 313.413 206780.0 37.094 2.8101 537.8298 
2170000 8831 318.09 208019.0 39.045 2.8442 578.5647 
2180000 8862 322.611 209221.0 38.766 2.8881 598.6322 
2190000 8894 317.23 210543.0 39.782 2.834 645.6648 
2200000 8926 316.449 211809.0 39.817 2.832 615.5901 
2210000 8961 295.953 213002.0 35.941 2.6505 536.7644 
2220000 8997 288.715 214131.0 33.92 2.5777 536.4199 
2230000 9030 289.849 215388.0 34.577 2.5852 543.9148 
2240000 9064 298.269 216628.0 36.82 2.6618 606.8099 
2250000 9102 273.268 217912.0 34.289 2.439 540.4714 
2260000 9133 300.557 219125.0 37.49 2.683 557.7878 
2270000 9168 288.523 220349.0 35.128 2.5787 511.2191 
2280000 9203 290.548 221553.0 35.408 2.5946 506.7161 
2290000 9231 318.191 222618.0 36.085 2.8401 511.3958 
2300000 9264 305.942 223910.0 36.963 2.731 527.6546 
2310000 9297 307.641 225145.0 37.501 2.7425 554.2438 
2320000 9330 299.293 226392.0 36.529 2.6672 535.1255 
2330000 9363 299.038 227669.0 37.181 2.6671 552.1393 
2340000 9396 299.59 228969.0 37.974 2.6737 568.5207 
2350000 9429 296.403 230180.0 36.301 2.6463 524.659 
2360000 9465 290.566 231343.0 35.074 2.5949 513.9961 
2370000 9498 290.214 232502.0 33.77 2.5898 496.2984 
2380000 9534 286.29 233794.0 35.558 2.4706 541.4382 
2390000 9567 293.018 235148.0 37.733 2.5195 551.4984 
2400000 9602 291.044 236443.0 37.753 2.4989 565.5383 
2410000 9637 288.712 237690.0 36.735 2.4798 537.5311 
2420000 9670 292.084 238945.0 37.004 2.5051 566.0113 
2430000 9705 288.672 240085.0 34.436 2.4804 527.4534 
2440000 9738 298.501 241299.0 35.874 2.5659 556.564 
2450000 9774 288.664 242560.0 35.489 2.4816 533.5637 
2460000 9807 293.208 243827.0 36.474 2.5177 566.8797 
2470000 9840 294.882 245183.0 37.401 2.5299 567.0094 
2480000 9871 313.377 246434.0 40.077 2.6906 609.3355 
2490000 9907 286.455 247641.0 35.384 2.4585 548.2511 
2500000 9942 290.194 248916.0 36.45 2.4879 567.6406 
2510000 9976 293.799 250166.0 36.927 2.5177 551.9198 
2520000 10008 303.472 251340.0 36.782 2.6024 555.9359 
2530000 10041 301.016 252629.0 37.793 2.5821 556.3246 
2540000 10073 302.771 253896.0 38.224 2.5963 568.1166 
2550000 10108 296.004 255122.0 36.683 2.5387 568.5669 
2560000 10142 297.965 256358.0 36.85 2.5576 598.3663 
2570000 10176 293.081 257669.0 37.182 2.5154 587.8676 
2580000 10208 301.615 258975.0 39.135 2.5869 600.8302 
2590000 10244 288.09 260141.0 35.387 2.4742 547.6804 
2600000 10278 289.577 261410.0 36.289 2.4893 543.2168 
2610000 10314 277.817 262713.0 34.958 2.3865 526.4119 
2620000 10344 302.312 263867.0 36.695 2.5957 565.8583 
2630000 10380 287.569 265137.0 35.063 2.4657 524.2854 
2640000 10414 298.748 266398.0 37.696 2.5624 568.4729 
2650000 10444 316.992 267573.0 38.723 2.7173 561.9563 
2660000 10479 296.621 268864.0 36.612 2.5412 523.6231 
2670000 10511 305.079 269933.0 36.169 2.6189 529.6037 
2680000 10546 294.154 271152.0 35.24 2.5214 524.5172 
2690000 10579 295.721 272384.0 36.363 2.5329 544.81 
2700000 10613 296.653 273547.0 35.446 2.5416 527.6569 
2710000 10648 291.204 274766.0 35.159 2.4962 511.6826 
2720000 10683 281.57 276044.0 34.454 2.4182 500.1222 
2730000 10716 294.835 277299.0 36.335 2.5269 602.225 
2740000 10749 295.481 278502.0 36.018 2.5296 567.1041 
2750000 10782 302.994 279734.0 37.282 2.5978 576.164 
2760000 10812 307.92 280844.0 36.068 2.6407 553.1184 
2770000 10850 290.647 282169.0 36.352 2.4913 560.4223 
2780000 10886 286.106 283454.0 36.458 2.4518 554.395 
2790000 10920 284.902 284683.0 34.762 2.4442 534.8222 
2800000 10956 286.728 285994.0 36.728 2.46 562.4654 
2810000 10989 291.909 287262.0 37.175 2.5031 577.0216 
2820000 11020 304.519 288543.0 38.96 2.6128 571.928 
2830000 11057 287.332 289790.0 36.64 2.4624 528.6919 
2840000 11092 289.358 291156.0 38.202 2.4789 534.7687 
2850000 11124 297.521 292377.0 37.098 2.546 550.6939 
2860000 11157 297.697 293600.0 36.896 2.5468 515.7574 
2870000 11191 301.305 294787.0 37.244 2.5791 541.6863 
2880000 11223 305.019 296046.0 37.77 2.611 546.3229 
2890000 11256 303.801 297317.0 38.289 2.6003 568.4506 
2900000 11286 316.633 298527.0 38.646 2.7127 600.8017 
2910000 11319 304.682 299802.0 37.868 2.6085 599.4253 
2920000 11351 308.179 301038.0 38.842 2.638 614.5875 
2930000 11384 306.911 302316.0 39.206 2.6288 588.3364 
2940000 11415 310.769 303662.0 40.657 2.6661 601.67 
2950000 11446 319.24 305008.0 42.31 2.7346 663.2568 
2960000 11478 308.114 306269.0 39.473 2.6388 606.8791 
2970000 11513 303.089 307535.0 39.09 2.5988 576.828 
2980000 11548 293.979 308922.0 39.354 2.5207 592.1087 
2990000 11580 296.936 310212.0 38.417 2.5475 602.753 
3000000 11613 304.374 311282.0 36.081 2.61 547.3207 
3010000 11652 278.873 312511.0 33.748 2.3902 504.7624 
3020000 11682 301.397 313676.0 35.628 2.5827 573.8906 
3030000 11714 311.135 314859.0 36.7 2.669 567.1886 
3040000 11748 300.438 316107.0 36.431 2.5749 562.6261 
3050000 11781 294.996 317443.0 36.823 2.5295 603.0823 
3060000 11815 294.468 318737.0 37.775 2.5266 596.7119 
3070000 11847 296.361 320059.0 38.233 2.5427 597.6741 
3080000 11877 316.112 321233.0 39.626 2.712 642.0241 
3090000 11913 295.443 322595.0 38.116 2.535 612.6043 
3100000 11946 294.002 323927.0 38.021 2.5203 598.8811 
3110000 11978 310.605 325115.0 38.973 2.6601 592.8919 
3120000 12009 313.098 326368.0 38.274 2.6775 569.0623 
3130000 12040 322.738 327567.0 39.843 2.7634 584.5194 
3140000 12073 314.659 328870.0 40.149 2.6979 599.5206 
3150000 12108 299.772 330115.0 37.732 2.542 579.5827 
3160000 12143 292.482 331428.0 37.468 2.4966 565.1212 
3170000 12177 287.911 332748.0 36.847 2.469 543.864 
3180000 12210 292.696 334050.0 37.701 2.5153 581.8497 
3190000 12246 289.955 335337.0 37.526 2.4921 565.9425 
3200000 12277 304.012 336598.0 39.303 2.6098 594.5451 
3210000 12311 303.598 337789.0 37.384 2.6063 557.6315 
3220000 12344 303.733 338957.0 36.258 2.6066 573.7663 
3230000 12373 322.162 340150.0 38.674 2.7672 598.1657 
3240000 12411 292.335 341293.0 34.348 2.5074 501.584 
3250000 12449 273.101 342509.0 32.203 2.3441 455.747 
3260000 12482 286.095 343748.0 34.761 2.459 500.3432 
3270000 12516 292.23 345026.0 36.367 2.5109 520.7735 
3280000 12550 291.428 346317.0 37.184 2.5044 546.8638 
3290000 12585 284.591 347599.0 36.055 2.4439 539.93 
3300000 12618 290.491 348905.0 37.323 2.4933 549.5874 
3310000 12648 309.295 350183.0 38.966 2.659 553.5073 
3320000 12682 300.569 351392.0 37.365 2.583 541.0402 
3330000 12713 312.703 352655.0 39.45 2.6861 580.8952 
3340000 12743 325.168 353870.0 40.238 2.7892 605.2779 
3350000 12774 319.729 355094.0 38.924 2.7456 563.7479 
3360000 12807 311.531 356257.0 36.891 2.676 547.9892 
3370000 12843 290.865 357535.0 35.512 2.5002 513.6132 
3380000 12872 320.628 358688.0 38.715 2.7577 579.121 
3390000 12902 326.881 359916.0 39.829 2.805 584.3634 
3400000 12935 312.837 361166.0 38.217 2.6861 563.4015 
3410000 12966 316.718 362419.0 39.177 2.7158 569.4139 
3420000 13000 306.23 363777.0 39.539 2.6282 596.9432 
3430000 13030 317.126 364972.0 39.663 2.7205 630.8655 
3440000 13059 327.976 366076.0 38.935 2.813 613.383 
3450000 13092 310.571 367402.0 38.226 2.6608 585.8 
3460000 13122 316.708 368608.0 38.31 2.7146 586.0228 
3470000 13156 314.031 369855.0 38.838 2.6928 616.5631 
3480000 13186 322.552 371083.0 40.005 2.762 630.8004 
3490000 13216 328.54 372253.0 39.613 2.8147 662.8571 
3500000 13249 314.482 373514.0 38.985 2.6965 630.3935 
3510000 13281 307.451 374714.0 36.987 2.6382 590.9974 
3520000 13315 304.906 375980.0 38.208 2.6129 603.0906 
3530000 13344 319.911 377154.0 38.949 2.7448 580.851 
3540000 13378 302.948 378381.0 37.25 2.5984 542.4446 
3550000 13410 304.698 379469.0 34.888 2.6097 507.2506 
3560000 13441 319.071 380663.0 37.665 2.733 574.1266 
3570000 13473 311.731 381836.0 36.198 2.6723 557.3624 
3580000 13502 330.745 382944.0 38.196 2.8353 597.903 
3590000 13536 312.695 384188.0 36.918 2.6804 572.4899 
3600000 13569 310.198 385451.0 37.935 2.6587 584.2546 
3610000 13601 304.845 386658.0 37.649 2.6136 571.8961 
3620000 13634 308.385 387861.0 37.377 2.6418 547.7902 
3630000 13662 324.603 389029.0 38.082 2.7787 561.2754 
3640000 13693 329.152 390227.0 39.679 2.8207 586.8526 
3650000 13727 314.846 391546.0 39.532 2.7003 584.1345 
3660000 13759 311.397 392804.0 39.504 2.6707 589.2552 
3670000 13791 312.726 394089.0 39.244 2.6823 585.7634 
3680000 13824 309.833 395374.0 39.696 2.6563 611.5827 
3690000 13857 301.285 396718.0 39.174 2.5835 635.9149 
3700000 13890 300.224 397977.0 38.434 2.5719 614.9942 
3710000 13924 301.86 399298.0 39.364 2.5913 615.9659 
3720000 13957 300.234 400526.0 38.032 2.5739 596.3509 
3730000 13990 307.365 401874.0 40.153 2.6345 645.5374 
3740000 14028 285.276 403182.0 37.322 2.4427 581.584 
3750000 14059 298.453 404404.0 37.5 2.5545 615.3324 
3760000 14091 304.866 405752.0 39.344 2.6097 619.008 
3770000 14127 287.985 407163.0 38.717 2.4671 579.0303 
3780000 14160 299.349 408346.0 38.026 2.5633 555.4517 
3790000 14191 309.564 409703.0 40.359 2.6505 589.4564 
3800000 14220 323.155 410919.0 40.152 2.766 586.8477 
3810000 14253 315.089 412253.0 40.638 2.7005 582.0747 
3820000 14283 317.233 413498.0 39.748 2.7179 583.0061 
3830000 14317 310.421 414789.0 39.923 2.6583 576.6776 
3840000 14349 310.479 416071.0 39.963 2.6564 586.773 
3850000 14378 322.895 417236.0 39.51 2.7682 569.2381 
3860000 14414 301.266 418478.0 37.175 2.5781 546.1719 
3870000 14446 307.815 419715.0 38.191 2.6351 552.3487 
3880000 14478 310.14 420919.0 37.587 2.6534 530.2884 
3890000 14511 303.428 422230.0 37.954 2.5964 537.4824 
3900000 14544 299.917 423560.0 38.621 2.5687 554.8536 
3910000 14574 310.919 424889.0 40.345 2.6654 609.4159 
3920000 14607 309.867 426173.0 40.237 2.6528 603.8385 
3930000 14637 317.491 427415.0 40.152 2.7204 620.1565 
3940000 14670 311.869 428689.0 39.743 2.6753 591.1128 
3950000 14699 327.115 429855.0 39.845 2.8048 583.244 
3960000 14730 321.054 431083.0 38.691 2.7508 556.1409 
3970000 14763 312.538 432254.0 37.14 2.6757 543.7104 
3980000 14793 316.168 433440.0 36.842 2.7061 517.4913 
3990000 14824 321.399 434588.0 37.854 2.751 527.488 
4000000 14856 314.243 435865.0 37.691 2.6915 557.3075 
4010000 14886 325.543 437067.0 38.635 2.7939 556.1958 
4020000 14916 331.3 438297.0 40.519 2.8431 626.304 
4030000 14949 315.852 439562.0 38.642 2.7096 593.9674 
4040000 14982 310.142 440845.0 38.309 2.6588 566.1985 
4050000 15018 298.965 442181.0 38.908 2.5639 561.4192 
4060000 15048 312.05 443449.0 39.562 2.6772 631.9174 
4070000 15081 307.87 444682.0 38.402 2.6414 572.5937 
4080000 15112 317.536 445955.0 40.124 2.7233 609.1904 
4090000 15144 309.565 447241.0 39.054 2.6536 589.7413 
4100000 15177 306.472 448569.0 39.329 2.6266 580.0006 
4110000 15210 304.908 449837.0 38.821 2.6147 559.452 
4120000 15245 298.951 451150.0 39.071 2.5627 577.3604 
4130000 15278 299.73 452373.0 37.869 2.5732 585.2959 
4140000 15312 294.613 453633.0 37.058 2.5284 565.7868 
4150000 15344 300.8 454849.0 37.344 2.5789 570.4908 
4160000 15376 309.869 456151.0 39.281 2.6564 606.9417 
4170000 15411 292.273 457534.0 37.95 2.5067 562.9715 
4180000 15442 310.025 458697.0 38.224 2.6564 545.8938 
4190000 15474 307.811 460034.0 39.386 2.6343 587.5014 
4200000 15502 332.752 461188.0 40.909 2.8463 588.9003 
4210000 15534 322.162 462463.0 40.288 2.7558 580.9927 
4220000 15565 326.402 463824.0 42.454 2.7975 596.5212 
4230000 15599 312.276 465168.0 41.433 2.6767 609.3085 
4240000 15630 314.599 466433.0 40.683 2.7002 594.6771 
4250000 15666 296.945 467831.0 39.741 2.5449 607.4197 
4260000 15695 318.197 469068.0 41.046 2.7259 649.0727 
4270000 15725 322.341 470360.0 41.9 2.7683 657.1522 
4280000 15756 316.465 471719.0 41.221 2.715 621.6477 
4290000 15789 316.84 472922.0 39.942 2.719 617.4818 
4300000 15816 331.384 474141.0 40.587 2.8389 612.8697 
4310000 15852 307.705 475433.0 38.935 2.6359 580.4256 
4320000 15885 301.49 476749.0 38.806 2.5845 577.7553 
