10000 9 166.418 4.52 0.07 0.9476 0 0 0 
20000 19 319.086 9.68 0.156 1.8138 0 0 0 
30000 187 89.708 0.962 -0.056 0.7703 0 0 0 
40000 261 172.483 -0.393 -0.043 1.4242 0 0 0 
50000 271 324.041 8.568 0.121 2.6324 0 0 0 
60000 283 432.025 15.071 0.224 3.4983 0 0 0 
70000 293 536.106 19.281 0.254 4.3387 0 0 0 
80000 303 621.148 25.49 0.316 5.0232 0 0 0 
90000 313 690.633 33.65 0.414 5.5814 0 0 0 
100000 323 747.408 40.853 0.455 5.9868 0 0 0 
110000 338 729.444 59.812 0.665 5.7947 0 0 0 
120000 359 635.873 85.46 0.834 5.0777 0 0 0 
130000 398 433.608 105.411 0.677 3.4531 0 0 0 
140000 416 464.297 117.834 0.682 3.6487 0 0 0 
150000 432 507.268 127.16 0.644 3.9996 0 0 0 
160000 445 569.56 139.028 0.708 4.4746 0 0 0 
170000 460 605.114 159.086 0.892 4.7528 0 0 0 
180000 481 552.082 182.885 0.947 4.3391 0 0 0 
190000 496 580.428 209.635 1.158 4.5973 0 0 0 
200000 511 599.844 237.865 1.336 4.7353 0 0 0 
210000 530 577.077 267.178 1.417 4.553 0 0 0 
220000 546 598.995 282.304 1.3 4.7186 0 0 0 
230000 563 584.997 311.65 1.389 4.6182 0 0 0 
240000 574 650.395 349.232 1.797 5.1172 0 0 0 
250000 587 678.532 384.455 2.01 5.3343 0 0 0 
260000 610 585.309 421.419 1.85 4.6243 0 0 0 
270000 643 449.402 454.19 1.436 3.5694 0 0 0 
280000 661 480.261 493.561 1.671 3.8013 0 0 0 
290000 699 367.279 532.736 1.344 2.9107 0 0 0 
300000 719 409.529 573.465 1.577 3.2343 0 0 0 
310000 729 515.091 613.43 2.003 4.0719 0 0 0 
320000 740 592.869 654.637 2.347 4.7078 0 0 0 
330000 750 667.527 691.288 2.587 5.3051 0 0 0 
340000 761 715.793 727.02 2.73 5.7041 0 0 0 
350000 772 752.84 765.444 2.862 5.989 0 0 0 
360000 783 782.848 802.496 2.966 6.2437 0 0 0 
370000 796 787.914 840.982 2.997 6.274 0 0 0 
380000 810 768.27 884.167 3.013 6.1301 0 0 0 
390000 824 748.495 930.867 3.055 5.9589 0 0 0 
400000 834 794.685 981.589 3.425 6.3288 0 0 0 
410000 845 816.185 1033.27 3.682 6.4977 0 0 0 
420000 858 804.76 1088.53 3.784 6.3701 0 0 0 
430000 868 840.657 1147.52 4.183 6.6357 0 0 0 
440000 878 869.988 1205.274 4.476 6.859 0 0 0 
450000 892 831.864 1256.668 4.287 6.5524 0 0 0 
460000 902 862.804 1309.456 4.471 6.818 0 0 0 
470000 914 858.983 1354.988 4.328 6.7938 0 0 0 
480000 925 870.196 1407.369 4.427 6.919 0 0 0 
490000 935 894.123 1466.543 4.689 7.1158 0 0 0 
500000 945 913.674 1527.983 4.962 7.3317 0 0 0 
510000 956 912.949 1590.752 5.11 7.3589 0 0 0 
520000 966 929.056 1650.225 5.262 7.4611 0 0 0 
530000 977 924.444 1709.659 5.29 7.4534 0 0 0 
540000 987 938.448 1767.91 5.385 7.5764 0 0 0 
550000 997 949.89 1830.355 5.534 7.6731 0 0 0 
560000 1008 940.134 1893.563 5.567 7.5981 0 0 0 
570000 1018 951.268 1959.393 5.755 7.6942 0 0 0 
580000 1028 960.365 2021.251 5.841 7.7298 0 0 0 
590000 1038 967.798 2089.106 6.013 7.8152 0 0 0 
600000 1048 973.872 2152.976 6.083 7.8814 0 0 0 
610000 1058 978.834 2221.47 6.221 7.9057 0 0 0 
620000 1068 982.889 2292.823 6.396 7.9182 0 0 0 
630000 1078 986.202 2360.014 6.456 7.9666 0 0 0 
640000 1088 988.909 2425.815 6.477 7.9749 0 0 0 
650000 1098 991.121 2497.35 6.605 8.0021 0 0 0 
660000 1108 992.928 2571.208 6.749 8.0285 0 0 0 
670000 1118 994.405 2648.014 6.917 8.0466 0 0 0 
680000 1129 976.707 2722.805 6.888 7.8636 0 0 0 
690000 1139 981.151 2803.663 7.105 7.94 0 0 0 
700000 1149 984.782 2886.337 7.32 7.9451 0 0 0 
710000 1159 987.748 2965.968 7.444 7.9918 0 0 0 
720000 1169 990.172 3040.929 7.452 8.058 0 0 0 
730000 1179 992.153 3122.265 7.581 8.0963 0 0 0 
740000 1189 993.771 3205.7 7.722 8.0768 0 0 0 
750000 1199 995.094 3290.721 7.867 8.079 0 0 0 
760000 1209 996.174 3378.729 8.039 8.0905 0 0 0 
770000 1219 997.057 3461.343 8.082 8.0981 0 0 0 
780000 1229 997.778 3548.157 8.192 8.1182 0 0 0 
790000 1239 998.368 3638.027 8.337 8.1144 0 0 0 
800000 1249 998.849 3731.375 8.522 8.1337 0 0 0 
810000 1259 999.243 3820.359 8.596 8.1143 0 0 0 
820000 1269 999.564 3911.999 8.699 8.1341 0 0 0 
830000 1279 999.827 4004.108 8.789 8.1448 0 0 0 
840000 1289 1000.041 4098.158 8.903 8.1551 0 0 0 
850000 1300 981.878 4184.423 8.691 7.999 0 0 0 
860000 1310 985.376 4279.91 8.856 8.0077 0 0 0 
870000 1320 988.234 4375.641 8.989 8.0452 0 0 0 
880000 1330 990.569 4470.405 9.085 8.0893 0 0 0 
890000 1340 992.477 4563.802 9.137 8.0833 0 0 0 
900000 1350 994.036 4657.952 9.193 8.1108 0 0 0 
910000 1360 995.31 4745.8 9.118 8.1165 0 0 0 
920000 1370 996.351 4837.333 9.123 8.1303 0 0 0 
930000 1380 997.202 4918.995 8.946 8.104 0 0 0 
940000 1390 997.896 4996.978 8.744 8.1176 0 0 0 
950000 1401 978.817 5077.275 8.439 7.9854 0 0 0 
960000 1411 982.875 5160.169 8.409 8.0296 0 0 0 
970000 1421 986.191 5233.231 8.206 8.013 0 0 0 
980000 1431 988.9 5317.689 8.25 8.0361 0 0 0 
990000 1442 973.33 5399.654 8.09 7.8827 0 0 0 
1000000 1452 978.392 5481.245 8.101 7.9466 0 0 0 
1010000 1462 962.874 5570.924 8.092 7.8265 0 0 0 
1020000 1473 951.979 5662.373 8.132 7.7278 0 0 0 
1030000 1485 926.287 5745.832 7.873 7.5473 0 0 0 
1040000 1495 938.737 5844.672 8.216 7.6317 0 0 0 
1050000 1505 950.126 5940.635 8.477 7.7551 0 0 0 
1060000 1515 959.432 6038.467 8.716 7.8058 0 0 0 
1070000 1525 967.036 6134.462 8.889 7.8715 0 0 0 
1080000 1535 973.249 6221.079 8.942 7.8983 0 0 0 
1090000 1545 978.326 6313.082 8.909 7.9503 0 0 0 
1100000 1559 914.082 6402.621 8.317 7.4665 0 0 0 
1110000 1569 929.982 6500.934 8.599 7.5595 0 0 0 
1120000 1580 927.35 6597.55 8.632 7.5816 0 0 0 
1130000 1593 889.112 6681.434 8.118 7.2843 0 0 0 
1140000 1610 802.278 6771.417 7.306 6.5502 0 0 0 
1150000 1624 782.093 6863.152 7.137 6.5677 0 0 0 
1160000 1636 792.41 6961.561 7.345 6.8629 0 0 0 
1170000 1648 801.204 7048.978 7.372 6.8263 0 0 0 
1180000 1659 822.516 7150.42 7.672 6.9497 0 0 0 
1190000 1669 855.165 7249.222 8.096 7.1686 0 0 0 
1200000 1679 881.843 7345.598 8.388 7.3644 0 0 0 
1210000 1692 857.304 7443.694 8.198 7.1466 0 0 0 
1220000 1703 868.738 7542.153 8.361 7.1985 0 0 0 
1230000 1715 858.724 7641.443 8.317 7.1378 0 0 0 
1240000 1729 822.808 7737.22 7.981 6.8181 0 0 0 
1250000 1740 840.527 7837.585 8.182 6.9352 0 0 0 
1260000 1752 839.054 7932.87 8.121 6.9124 0 0 0 
1270000 1762 868.678 8031.529 8.445 7.1549 0 0 0 
1280000 1772 892.884 8127.721 8.655 7.3624 0 0 0 
1290000 1782 912.661 8216.201 8.728 7.5291 0 0 0 
1300000 1792 928.821 8310.207 8.836 7.6618 0 0 0 
1310000 1802 942.024 8409.291 9.038 7.7523 0 0 0 
1320000 1813 935.35 8502.531 8.901 7.6768 0 0 0 
1330000 1823 947.359 8607.797 9.23 7.7501 0 0 0 
1340000 1833 957.171 8710.955 9.423 7.7974 0 0 0 
1350000 1843 965.189 8808.723 9.483 7.8497 0 0 0 
1360000 1853 971.74 8905.373 9.53 8.1125 0 0 0 
1370000 1863 977.092 9003.937 9.575 8.1517 0 0 0 
1380000 1874 962.189 9108.073 9.539 8.0061 0 0 0 
1390000 1884 969.288 9211.06 9.682 8.0311 0 0 0 
1400000 1894 975.089 9318.625 9.871 8.0657 0 0 0 
1410000 1904 979.829 9422.677 9.978 8.0872 0 0 0 
1420000 1914 983.702 9525.789 10.057 8.1329 0 0 0 
1430000 1924 986.866 9616.576 9.879 8.1248 0 0 0 
1440000 1934 989.452 9715.541 9.86 8.2342 0 0 0 
1450000 1946 956.31 9811.271 9.469 7.9482 0 0 0 
1460000 1956 964.485 9915.404 9.65 7.9934 0 0 0 
1470000 1967 952.194 10007.167 9.368 7.8548 0 0 0 
1480000 1978 943.875 10099.351 9.195 7.7863 0 0 0 
1490000 1988 954.324 10188.354 9.132 7.8399 0 0 0 
1500000 1998 962.863 10285.592 9.259 7.8741 0 0 0 
1510000 2010 933.191 10376.397 8.877 7.6342 0 0 0 
1520000 2022 911.669 10465.264 8.538 7.4615 0 0 0 
1530000 2033 910.391 10557.349 8.506 7.47 0 0 0 
1540000 2047 864.722 10639.199 7.865 7.0866 0 0 0 
1550000 2058 874.924 10727.43 7.916 7.1576 0 0 0 
1560000 2068 897.987 10812.59 8.026 7.2917 0 0 0 
1570000 2078 916.831 10903.979 8.239 7.4547 0 0 0 
1580000 2089 915.623 10987.341 8.127 7.4601 0 0 0 
1590000 2099 931.24 11080.74 8.338 7.5791 0 0 0 
1600000 2110 926.373 11164.79 8.201 7.5447 0 0 0 
1610000 2120 940.024 11254.991 8.346 7.6679 0 0 0 
1620000 2131 933.022 11340.844 8.232 7.6182 0 0 0 
1630000 2143 912.046 11424.886 7.977 7.4357 0 0 0 
1640000 2158 846.0 11510.116 7.359 6.9183 0 0 0 
1650000 2170 845.699 11597.73 7.368 6.913 0 0 0 
1660000 2180 874.108 11694.502 7.788 7.1246 0 0 0 
1670000 2193 851.952 11774.337 7.451 6.9532 0 0 0 
1680000 2204 865.162 11858.93 7.487 7.0494 0 0 0 
1690000 2215 873.614 11941.866 7.504 7.1133 0 0 0 
1700000 2226 879.519 12026.629 7.535 7.1736 0 0 0 
1710000 2238 870.356 12110.927 7.421 7.1348 0 0 0 
1720000 2250 862.839 12204.656 7.518 7.0724 0 0 0 
1730000 2260 888.113 12296.814 7.827 7.2574 0 0 0 
1740000 2270 908.763 12395.798 8.205 7.4273 0 0 0 
1750000 2280 925.636 12493.583 8.497 7.5623 0 0 0 
1760000 2293 889.724 12587.186 8.203 7.2628 0 0 0 
1770000 2303 910.079 12687.033 8.526 7.4579 0 0 0 
1780000 2313 926.711 12781.409 8.697 7.6169 0 0 0 
1790000 2326 889.769 12872.909 8.308 7.3328 0 0 0 
1800000 2337 893.59 12970.823 8.424 7.3519 0 0 0 
1810000 2350 863.996 13062.883 8.099 7.1174 0 0 0 
1820000 2360 886.89 13161.941 8.414 7.2823 0 0 0 
1830000 2371 892.381 13260.003 8.529 7.3192 0 0 0 
1840000 2382 894.452 13356.448 8.57 7.3144 0 0 0 
1850000 2392 913.943 13448.475 8.698 7.4444 0 0 0 
1860000 2402 929.868 13542.499 8.825 7.59 0 0 0 
1870000 2413 925.309 13641.087 8.851 7.5632 0 0 0 
1880000 2423 939.155 13743.34 9.098 7.7154 0 0 0 
1890000 2433 950.468 13843.478 9.265 7.7835 0 0 0 
1900000 2446 908.26 13934.818 8.745 7.4313 0 0 0 
1910000 2457 907.561 14035.963 8.823 7.4025 0 0 0 
1920000 2467 924.654 14136.017 9.044 7.5195 0 0 0 
1930000 2477 938.62 14234.444 9.196 7.6641 0 0 0 
1940000 2487 950.031 14332.072 9.299 7.7822 0 0 0 
1950000 2497 959.354 14437.448 9.525 7.8496 0 0 0 
1960000 2507 966.972 14543.47 9.724 7.9211 0 0 0 
1970000 2517 973.197 14652.786 9.948 7.9507 0 0 0 
1980000 2527 978.283 14759.624 10.083 8.0439 0 0 0 
1990000 2537 982.439 14858.736 10.06 8.0933 0 0 0 
2000000 2547 985.834 14959.236 10.053 8.2278 0 0 0 
2010000 2556 988.355 15060.901 10.079 8.2776 0 0 0 
2020000 2566 990.668 15173.706 10.293 8.2872 0 0 0 
2030000 2577 975.587 15283.061 10.243 8.1876 0 0 0 
2040000 2587 980.235 15390.37 10.315 8.2461 0 0 0 
2050000 2598 966.661 15495.248 10.198 8.1159 0 0 0 
2060000 2608 972.942 15597.422 10.191 8.143 0 0 0 
2070000 2618 978.075 15701.696 10.239 8.1792 0 0 0 
2080000 2628 982.269 15801.353 10.192 8.2286 0 0 0 
2090000 2638 985.695 15905.259 10.225 8.2449 0 0 0 
2100000 2649 970.499 16007.806 10.05 8.1192 0 0 0 
2110000 2659 976.078 16107.242 10.02 8.1774 0 0 0 
2120000 2669 980.637 16205.101 10.004 8.2203 0 0 0 
2130000 2679 984.362 16305.702 9.99 8.2249 0 0 0 
2140000 2689 987.405 16402.997 9.949 8.27 0 0 0 
2150000 2699 989.892 16499.741 9.904 8.2741 0 0 0 
2160000 2709 991.924 16601.038 9.942 8.2421 0 0 0 
2170000 2719 993.584 16693.14 9.838 8.219 0 0 0 
2180000 2729 994.941 16787.226 9.744 8.2162 0 0 0 
2190000 2739 996.049 16882.923 9.715 8.5389 0 0 0 
2200000 2749 996.955 16980.993 9.718 8.6959 0 0 0 
2210000 2760 980.778 17077.89 9.548 8.4596 0 0 0 
2220000 2770 984.477 17179.723 9.671 8.4598 0 0 0 
2230000 2780 987.5 17279.153 9.723 8.4229 0 0 0 
2240000 2791 970.764 17378.277 9.564 8.2463 0 0 0 
2250000 2801 976.295 17476.721 9.623 8.2913 0 0 0 
2260000 2811 980.814 17570.451 9.596 8.3202 0 0 0 
2270000 2821 984.507 17660.948 9.487 8.33 0 0 0 
2280000 2831 987.524 17753.629 9.448 8.3476 0 0 0 
2290000 2842 970.65 17839.817 9.106 8.1744 0 0 0 
2300000 2854 939.75 17936.552 8.872 7.8845 0 0 0 
2310000 2865 933.973 18028.983 8.798 7.8111 0 0 0 
2320000 2875 946.234 18132.117 9.054 7.9104 0 0 0 
2330000 2885 956.252 18238.859 9.358 7.9835 0 0 0 
2340000 2896 949.749 18333.825 9.245 7.9227 0 0 0 
2350000 2909 903.553 18420.413 8.614 7.5284 0 0 0 
2360000 2921 888.917 18510.514 8.373 7.4198 0 0 0 
2370000 2931 909.42 18601.269 8.488 7.5813 0 0 0 
2380000 2941 926.172 18702.444 8.803 7.7365 0 0 0 
2390000 2953 903.756 18801.983 8.68 7.5551 0 0 0 
2400000 2963 921.544 18898.637 8.838 7.6709 0 0 0 
2410000 2973 936.079 18988.925 8.884 7.7797 0 0 0 
2420000 2984 930.504 19079.187 8.734 7.716 0 0 0 
2430000 2995 925.664 19167.815 8.598 7.6946 0 0 0 
2440000 3005 939.445 19259.269 8.71 7.7988 0 0 0 
2450000 3015 950.705 19350.051 8.756 7.8767 0 0 0 
2460000 3025 959.906 19445.761 8.926 7.9964 0 0 0 
2470000 3035 967.423 19538.832 8.993 8.0604 0 0 0 
2480000 3045 973.565 19634.749 9.11 8.1139 0 0 0 
2490000 3055 978.584 19715.888 8.92 8.1155 0 0 0 
2500000 3066 965.752 19792.302 8.531 7.9991 0 0 0 
2510000 3077 959.776 19873.727 8.359 7.9321 0 0 0 
2520000 3088 942.799 19959.944 8.197 7.8068 0 0 0 
2530000 3098 953.446 20041.604 8.185 7.8655 0 0 0 
2540000 3108 962.145 20124.674 8.212 7.9642 0 0 0 
2550000 3118 969.252 20210.648 8.274 8.0244 0 0 0 
2560000 3128 975.06 20300.852 8.422 8.0665 0 0 0 
2570000 3139 960.426 20383.105 8.218 7.9399 0 0 0 
2580000 3149 967.848 20468.888 8.294 8.0471 0 0 0 
2590000 3159 973.912 20548.477 8.22 8.0904 0 0 0 
2600000 3170 959.893 20623.275 7.931 7.9728 0 0 0 
2610000 3181 948.705 20699.17 7.726 7.8845 0 0 0 
2620000 3191 958.271 20774.372 7.675 7.9518 0 0 0 
2630000 3201 966.087 20856.46 7.797 8.0394 0 0 0 
2640000 3211 972.474 20940.189 7.889 8.0992 0 0 0 
2650000 3221 977.692 21034.869 8.159 8.1719 0 0 0 
2660000 3231 981.956 21131.168 8.434 8.2361 0 0 0 
2670000 3241 985.439 21220.109 8.523 8.2406 0 0 0 
2680000 3251 988.286 21311.124 8.63 8.2703 0 0 0 
2690000 3261 990.612 21398.992 8.657 8.2814 0 0 0 
2700000 3271 992.512 21485.146 8.657 8.3169 0 0 0 
2710000 3281 994.065 21571.167 8.647 8.333 0 0 0 
2720000 3291 995.333 21662.835 8.743 8.3641 0 0 0 
2730000 3301 996.37 21757.302 8.871 8.3676 0 0 0 
2740000 3311 997.217 21856.312 9.064 8.3695 0 0 0 
2750000 3321 997.909 21947.044 9.062 8.3486 0 0 0 
2760000 3331 998.474 22031.106 8.944 8.3943 0 0 0 
2770000 3341 998.936 22117.612 8.899 8.372 0 0 0 
2780000 3352 979.844 22203.395 8.673 8.2035 0 0 0 
2790000 3362 983.714 22294.814 8.754 8.2611 0 0 0 
2800000 3372 986.876 22381.028 8.726 8.2869 0 0 0 
2810000 3383 972.291 22471.323 8.628 8.1506 0 0 0 
2820000 3393 975.358 22560.179 8.658 8.1547 0 0 0 
2830000 3403 980.049 22657.989 8.864 8.1835 0 0 0 
2840000 3414 965.648 22744.93 8.672 8.0892 0 0 0 
2850000 3424 972.115 22839.286 8.821 8.1442 0 0 0 
2860000 3435 958.565 22925.813 8.628 8.0396 0 0 0 
2870000 3445 966.328 23012.319 8.622 8.076 0 0 0 
2880000 3455 972.67 23100.175 8.665 8.1162 0 0 0 
2890000 3465 977.852 23186.979 8.659 8.1734 0 0 0 
2900000 3476 965.874 23269.187 8.439 8.0611 0 0 0 
2910000 3486 972.299 23349.189 8.361 8.1061 0 0 0 
2920000 3496 977.549 23433.233 8.366 8.1597 0 0 0 
2930000 3506 981.839 23513.652 8.313 8.2044 0 0 0 
2940000 3517 966.445 23603.073 8.266 8.0607 0 0 0 
2950000 3527 972.766 23694.767 8.433 8.1166 0 0 0 
2960000 3537 977.931 23781.245 8.472 8.1437 0 0 0 
2970000 3548 966.058 23867.068 8.365 8.0504 0 0 0 
2980000 3558 972.45 23957.154 8.488 8.1038 0 0 0 
2990000 3570 939.804 24041.963 8.154 7.873 0 0 0 
3000000 3580 950.998 24129.156 8.26 7.9331 0 0 0 
3010000 3590 941.14 24217.095 8.198 7.8206 0 0 0 
3020000 3601 934.522 24306.604 8.167 7.7784 0 0 0 
3030000 3611 946.683 24412.405 8.58 7.8725 0 0 0 
3040000 3621 956.619 24517.826 8.983 7.9515 0 0 0 
3050000 3632 947.651 24618.49 8.993 7.8535 0 0 0 
3060000 3643 944.562 24708.24 8.9 7.8254 0 0 0 
3070000 3655 917.804 24802.837 8.71 7.6395 0 0 0 
3080000 3667 898.784 24881.924 8.201 7.475 0 0 0 
3090000 3677 917.482 24975.211 8.397 7.6459 0 0 0 
3100000 3687 932.76 25067.911 8.571 7.748 0 0 0 
3110000 3697 945.243 25166.096 8.78 7.8486 0 0 0 
3120000 3707 955.442 25265.077 8.97 7.9301 0 0 0 
3130000 3717 963.776 25369.416 9.244 7.9958 0 0 0 
3140000 3727 970.585 25467.064 9.354 8.0602 0 0 0 
3150000 3737 976.149 25558.044 9.316 8.087 0 0 0 
3160000 3748 961.846 25652.118 9.204 7.9635 0 0 0 
3170000 3760 935.94 25741.544 8.806 7.7513 0 0 0 
3180000 3771 930.376 25831.566 8.707 7.7176 0 0 0 
3190000 3781 943.295 25921.198 8.708 7.8271 0 0 0 
3200000 3792 937.942 26014.21 8.672 7.7943 0 0 0 
3210000 3803 932.739 26107.88 8.66 7.7791 0 0 0 
3220000 3813 945.226 26206.738 8.89 7.9098 0 0 0 
3230000 3823 955.429 26305.928 9.057 8.0 0 0 0 
3240000 3833 963.765 26408.638 9.296 8.0709 0 0 0 
3250000 3844 953.128 26509.144 9.319 7.9974 0 0 0 
3260000 3856 929.338 26608.757 9.073 7.7998 0 0 0 
3270000 3866 940.162 26715.173 9.342 7.8857 0 0 0 
3280000 3878 914.141 26815.975 9.102 7.6372 0 0 0 
3290000 3890 896.432 26915.359 8.912 7.4781 0 0 0 
3300000 3900 915.561 27016.819 9.189 7.655 0 0 0 
3310000 3911 915.137 27113.213 9.082 7.6759 0 0 0 
3320000 3922 916.967 27216.251 9.172 7.6667 0 0 0 
3330000 3932 928.387 27320.214 9.389 7.7592 0 0 0 
3340000 3943 924.714 27429.14 9.461 7.7449 0 0 0 
3350000 3953 938.669 27540.516 9.76 7.8904 0 0 0 
3360000 3963 950.071 27646.989 9.945 7.9984 0 0 0 
3370000 3973 959.387 27751.483 10.052 8.0793 0 0 0 
3380000 3983 966.999 27853.611 10.065 8.1235 0 0 0 
3390000 3993 973.219 27958.885 10.142 8.1775 0 0 0 
3400000 4003 978.301 28065.779 10.255 8.2221 0 0 0 
3410000 4013 982.453 28171.85 10.316 8.2828 0 0 0 
3420000 4023 985.846 28272.891 10.296 8.3134 0 0 0 
3430000 4033 988.618 28371.898 10.231 8.3171 0 0 0 
3440000 4043 990.883 28473.488 10.209 8.321 0 0 0 
3450000 4053 992.734 28575.511 10.19 8.3321 0 0 0 
3460000 4063 994.246 28677.493 10.226 8.3242 0 0 0 
3470000 4073 995.481 28778.302 10.185 8.3371 0 0 0 
3480000 4083 996.491 28870.153 10.037 8.3252 0 0 0 
3490000 4093 997.316 28956.014 9.761 8.3146 0 0 0 
3500000 4103 997.99 29047.566 9.675 8.3513 0 0 0 
3510000 4113 998.54 29138.768 9.57 8.3652 0 0 0 
3520000 4123 998.99 29230.491 9.486 8.3769 0 0 0 
3530000 4133 999.358 29325.72 9.493 8.3736 0 0 0 
3540000 4144 982.245 29415.246 9.236 8.185 0 0 0 
3550000 4157 928.887 29509.586 8.765 7.7202 0 0 0 
3560000 4169 906.455 29590.046 8.292 7.5615 0 0 0 
3570000 4181 890.012 29664.722 7.816 7.423 0 0 0 
3580000 4193 879.684 29740.011 7.493 7.327 0 0 0 
3590000 4207 837.077 29801.151 6.739 6.9715 0 0 0 
3600000 4218 850.459 29887.695 6.984 7.0751 0 0 0 
3610000 4230 847.598 29965.454 6.866 7.0493 0 0 0 
3620000 4242 845.795 30056.202 7.038 7.03 0 0 0 
3630000 4252 874.187 30150.125 7.454 7.2149 0 0 0 
3640000 4264 864.688 30238.073 7.432 7.1702 0 0 0 
3650000 4274 889.623 30323.548 7.636 7.352 0 0 0 
3660000 4289 832.211 30402.515 7.028 6.8736 0 0 0 
3670000 4300 848.168 30490.33 7.222 7.0101 0 0 0 
3680000 4310 876.125 30576.67 7.483 7.2428 0 0 0 
3690000 4323 851.368 30654.923 7.14 7.0033 0 0 0 
3700000 4336 830.715 30735.187 6.886 6.8421 0 0 0 
3710000 4347 846.002 30810.045 6.86 6.98 0 0 0 
3720000 4358 857.212 30891.149 6.952 7.0914 0 0 0 
3730000 4370 852.13 30966.099 6.814 7.0615 0 0 0 
3740000 4382 845.814 31041.875 6.695 6.9873 0 0 0 
3750000 4393 857.149 31108.481 6.555 7.0651 0 0 0 
3760000 4405 852.617 31166.858 6.201 7.0114 0 0 0 
3770000 4416 862.892 31240.05 6.27 7.1097 0 0 0 
3780000 4427 871.92 31313.879 6.354 7.2199 0 0 0 
3790000 4441 834.846 31375.096 5.865 6.883 0 0 0 
3800000 4453 835.12 31432.757 5.647 6.881 0 0 0 
3810000 4465 833.802 31498.903 5.622 6.8637 0 0 0 
3820000 4476 847.936 31569.704 5.776 6.9843 0 0 0 
3830000 4489 828.005 31621.74 5.341 6.7962 0 0 0 
3840000 4500 844.202 31679.799 5.324 6.9172 0 0 0 
3850000 4515 798.832 31745.126 5.073 6.5498 0 0 0 
3860000 4528 791.571 31813.982 5.118 6.4856 0 0 0 
3870000 4540 800.935 31871.043 5.04 6.5901 0 0 0 
3880000 4557 742.074 31927.873 4.576 6.1245 0 0 0 
3890000 4583 604.469 31974.672 3.495 4.9907 0 0 0 
3900000 4597 632.269 32028.62 3.586 5.2141 0 0 0 
3910000 4609 673.986 32079.476 3.714 5.5684 0 0 0 
3920000 4623 683.499 32119.959 3.503 5.6347 0 0 0 
3930000 4635 714.906 32160.306 3.48 5.8607 0 0 0 
3940000 4654 649.263 32197.705 2.982 5.3298 0 0 0 
3950000 4673 607.769 32237.812 2.682 4.971 0 0 0 
3960000 4691 596.934 32281.954 2.636 4.8865 0 0 0 
3970000 4711 562.93 32322.664 2.421 4.6328 0 0 0 
3980000 4723 620.273 32380.363 2.925 5.0932 0 0 0 
3990000 4733 689.918 32438.718 3.459 5.6874 0 0 0 
4000000 4747 693.54 32497.467 3.618 5.7436 0 0 0 
