1000 10 17.552 -265.843 -4.697 0.0091 0.0 
2000 19 32.681 -475.967 -7.745 0.0172 0.0 
3000 26 46.438 -667.631 -10.16 0.0255 0.0 
4000 35 58.814 -911.993 -13.218 0.0325 0.0 
5000 44 67.427 -1117.253 -14.817 0.037 0.0 
6000 51 76.422 -1253.688 -15.472 0.0424 0.0 
7000 58 84.996 -1445.419 -16.61 0.0482 0.0 
8000 68 88.608 -1682.37 -18.295 0.0494 0.0 
9000 76 93.263 -1957.572 -20.565 0.0524 0.0 
10000 84 97.14 -2151.602 -21.204 0.054 0.0 
11000 93 99.58 -2364.64 -21.476 0.0551 0.0 
12000 102 103.324 -2532.228 -21.153 0.0572 0.0 
13000 111 103.328 -2723.34 -21.061 0.0567 0.0 
14000 120 105.328 -2903.513 -20.896 0.0577 0.0 
15000 129 105.88 -3178.02 -22.509 0.0579 0.0 
16000 138 106.33 -3376.588 -22.394 0.0579 0.0 
17000 148 105.747 -3734.335 -24.785 0.1009 0.0 
18000 162 97.767 -4216.368 -27.445 0.1565 0.0 
19000 175 92.391 -4566.169 -27.087 0.1959 0.0 
20000 186 92.329 -5061.451 -30.954 0.2401 0.0 
21000 196 94.056 -5325.843 -30.086 0.2806 0.0 
22000 198 93.66 -5329.4 -28.797 0.2844 0.0 
23000 205 113.613 -5370.741 -25.821 0.4197 0.0 
24000 214 115.172 -5340.081 -21.044 0.4428 0.0 
25000 220 119.85 -5309.275 -17.971 0.4745 0.0 
26000 223 122.229 -5277.364 -16.627 0.4898 0.0 
27000 224 139.784 -5289.315 -16.205 0.5969 0.0 
28000 225 156.988 -5291.72 -16.059 0.7281 0.0 
29000 226 167.528 -5306.545 -15.712 0.78 0.0 
30000 227 184.178 -5319.193 -15.683 0.8991 0.0 
31000 228 200.494 -5330.64 -15.613 1.0253 0.0 
32000 229 216.484 -5340.782 -15.574 1.1288 0.0 
33000 230 232.155 -5355.512 -15.466 1.231 0.0 
34000 231 247.512 -5367.498 -15.442 1.3592 0.0 
35000 232 262.561 -5383.485 -15.393 1.47 0.0 
36000 233 277.31 -5390.833 -15.365 1.5698 0.0 
37000 234 291.764 -5398.368 -15.223 1.6703 0.0 
38000 236 304.87 -5428.316 -15.258 1.758 0.0 
39000 239 315.852 -5484.189 -15.533 1.8357 0.0 
40000 240 329.535 -5522.626 -15.411 1.9369 0.0 
41000 241 326.204 -5540.356 -15.709 1.9141 0.0 
42000 245 331.236 -5657.425 -17.052 1.9445 0.0 
43000 248 334.291 -5760.906 -17.861 1.9638 0.0 
44000 253 321.786 -5901.892 -18.922 1.8717 0.0 
45000 258 312.533 -5987.656 -18.949 1.7993 0.0 
46000 259 326.283 -6003.394 -18.825 1.9167 0.0 
47000 264 315.065 -6096.476 -18.797 1.8271 0.0 
48000 269 302.769 -6153.537 -18.021 1.7384 0.0 
49000 273 295.388 -6207.778 -17.773 1.6816 0.0 
50000 275 308.771 -6237.7 -17.696 1.7718 0.0 
51000 276 322.596 -6249.998 -17.598 1.8713 0.0 
52000 277 336.144 -6259.85 -17.431 1.9747 0.0 
53000 278 333.781 -6289.038 -17.48 1.9533 0.0 
54000 279 347.105 -6299.694 -17.361 2.0166 0.0 
55000 280 360.163 -6309.714 -17.259 2.1121 0.0 
56000 281 372.96 -6318.385 -17.105 2.1915 0.0 
57000 282 385.501 -6324.833 -16.904 2.2898 0.0 
58000 283 397.791 -6332.962 -16.712 2.3721 0.0 
59000 284 409.835 -6341.898 -16.535 2.4686 0.0 
60000 285 421.638 -6353.587 -16.393 2.5499 0.0 
61000 286 433.205 -6354.56 -16.311 2.615 0.0 
62000 287 444.541 -6361.882 -15.956 2.7078 0.0 
63000 288 455.65 -6371.721 -15.824 2.7923 0.0 
64000 289 466.537 -6382.546 -15.706 2.8691 0.0 
65000 290 477.207 -6390.898 -15.614 2.9301 0.0 
66000 291 487.663 -6396.547 -15.457 2.988 0.0 
67000 292 497.909 -6406.112 -15.263 3.0516 0.0 
68000 293 507.951 -6417.394 -15.152 3.1277 0.0 
69000 294 517.792 -6428.0 -15.071 3.2073 0.0 
70000 295 527.436 -6438.377 -14.992 3.2559 0.0 
71000 296 536.888 -6449.316 -14.909 3.3283 0.0 
72000 297 546.15 -6459.006 -14.806 3.3788 0.0 
73000 298 555.227 -6470.983 -14.721 3.4584 0.0 
74000 299 564.122 -6485.539 -14.664 3.5217 0.0 
75000 300 572.84 -6497.403 -14.66 3.5822 0.0 
76000 301 581.383 -6509.221 -14.624 3.6174 0.0 
77000 302 589.755 -6517.491 -14.557 3.6619 0.0 
78000 303 597.96 -6528.744 -14.416 3.7157 0.0 
79000 304 606.001 -6535.917 -14.342 3.7799 0.0 
80000 305 613.881 -6548.06 -14.207 3.8227 0.0 
81000 306 621.603 -6558.596 -14.17 3.8723 0.0 
82000 307 629.171 -6570.887 -14.108 3.9176 0.0 
83000 308 636.588 -6578.874 -14.043 3.9546 0.0 
84000 309 643.856 -6584.133 -13.935 4.0207 0.0 
85000 310 650.979 -6592.9 -13.763 4.0593 0.0 
86000 311 657.959 -6602.262 -13.659 4.1035 0.0 
87000 312 664.8 -6611.601 -13.586 4.1504 0.0 
88000 313 671.504 -6623.159 -13.49 4.163 0.0 
89000 314 678.074 -6633.003 -13.441 4.2276 0.0 
90000 315 684.513 -6641.575 -13.387 4.2792 0.0 
91000 316 690.822 -6643.057 -13.286 4.3043 0.0 
92000 317 697.006 -6648.757 -12.96 4.3329 0.0 
93000 318 703.066 -6659.877 -12.9 4.3726 0.0 
94000 319 709.005 -6662.352 -12.837 4.3966 0.0 
95000 320 714.824 -6669.689 -12.631 4.4603 0.0 
96000 321 720.528 -6681.539 -12.564 4.4889 0.0 
97000 322 726.117 -6694.785 -12.57 4.5185 0.0 
98000 323 731.595 -6705.929 -12.555 4.5627 0.0 
99000 324 736.963 -6717.129 -12.533 4.6063 0.0 
100000 325 742.224 -6728.748 -12.488 4.6305 0.0 
101000 326 747.379 -6731.931 -12.478 4.6779 0.0 
102000 327 752.432 -6737.545 -12.248 4.7319 0.0 
103000 328 757.383 -6748.178 -12.149 4.7642 0.0 
104000 329 762.236 -6757.045 -12.09 4.7957 0.0 
105000 330 766.991 -6760.409 -12.049 4.8563 0.0 
106000 331 771.651 -6760.658 -11.878 4.8933 0.0 
107000 332 776.218 -6756.561 -11.628 4.9083 0.0 
108000 333 780.694 -6762.018 -11.261 4.9275 0.0 
109000 334 785.08 -6769.741 -11.19 4.9629 0.0 
110000 335 789.378 -6781.338 -11.147 4.984 0.0 
111000 336 793.591 -6787.014 -11.147 5.0072 0.0 
112000 337 797.719 -6797.145 -11.055 5.0457 0.0 
113000 338 801.764 -6809.059 -11.045 5.0624 0.0 
114000 339 805.729 -6818.753 -11.077 5.0837 0.0 
115000 341 806.562 -6827.361 -11.023 5.075 0.0 
116000 342 807.651 -6834.265 -10.913 5.0933 0.0 
117000 343 811.498 -6839.24 -10.831 5.0994 0.0 
118000 344 804.308 -6852.861 -10.667 5.0382 0.0 
119000 346 807.205 -6868.473 -10.691 5.0242 0.0 
120000 347 803.221 -6877.031 -10.685 4.9937 0.0 
121000 348 807.156 -6882.963 -10.544 5.0265 0.0 
122000 349 811.013 -6885.106 -10.438 5.0375 0.0 
123000 350 812.373 -6890.909 -10.337 5.0231 0.0 
124000 352 806.423 -6883.46 -9.884 4.9651 0.0 
125000 353 810.294 -6894.626 -9.782 4.9761 0.0 
126000 355 798.155 -6896.709 -9.515 4.8878 0.0 
127000 358 765.785 -6891.713 -8.758 4.6691 0.0 
128000 359 770.469 -6903.026 -8.721 4.7235 0.0 
129000 361 763.558 -6906.626 -8.586 4.6882 0.0 
130000 362 763.867 -6903.736 -8.292 4.6995 0.0 
131000 363 768.59 -6903.329 -8.145 4.7257 0.0 
132000 365 760.874 -6905.625 -7.878 4.6661 0.0 
133000 368 742.051 -6913.817 -7.543 4.5724 0.0 
134000 369 747.21 -6921.205 -7.516 4.6091 0.0 
135000 370 741.786 -6923.909 -7.465 4.5634 0.0 
136000 373 723.164 -6920.877 -6.931 4.4375 0.0 
137000 374 728.7 -6925.726 -6.897 4.4927 0.0 
138000 377 708.745 -6930.404 -6.601 4.3608 0.0 
139000 380 684.052 -6938.004 -6.426 4.1824 0.0 
140000 382 665.824 -6938.76 -6.084 4.0543 0.0 
141000 385 651.693 -6945.123 -5.934 3.9565 0.0 
142000 388 640.775 -6943.308 -5.488 3.8912 0.0 
143000 391 618.175 -6950.041 -5.22 3.7445 0.0 
144000 396 579.386 -6942.719 -4.782 3.4844 0.0 
145000 397 587.798 -6942.405 -4.635 3.5693 0.0 
146000 398 596.043 -6953.059 -4.591 3.6059 0.0 
147000 405 538.583 -6962.952 -4.264 3.2333 0.0 
148000 409 515.376 -6963.038 -3.948 3.0804 0.0 
149000 410 525.069 -6978.713 -4.138 3.1322 0.0 
150000 411 518.027 -6988.468 -4.165 3.0859 0.0 
151000 417 493.361 -6988.92 -3.796 2.9184 0.0 
152000 418 503.494 -6989.272 -3.708 2.9935 0.0 
153000 420 491.061 -6995.713 -3.65 2.9092 0.0 
154000 425 475.423 -7001.255 -3.425 2.8175 0.0 
155000 430 446.851 -7008.649 -3.22 2.6277 0.0 
156000 431 440.554 -7004.768 -3.216 2.587 0.0 
157000 435 440.456 -6990.981 -2.668 2.564 0.0 
158000 439 427.256 -7002.113 -2.615 2.465 0.0 
159000 442 416.533 -7001.197 -2.523 2.397 0.0 
160000 443 428.203 -6998.159 -2.39 2.4587 0.0 
161000 447 420.473 -6981.0 -1.808 2.3956 0.0 
162000 451 403.71 -6970.61 -1.546 2.2799 0.0 
163000 453 406.013 -6965.676 -1.36 2.2932 0.0 
164000 454 414.993 -6965.834 -1.362 2.3431 0.0 
165000 456 415.114 -6972.295 -1.281 2.3363 0.0 
166000 457 426.811 -6972.463 -1.319 2.3929 0.0 
167000 461 423.05 -6989.174 -1.651 2.3723 0.0 
168000 464 417.438 -6993.314 -1.59 2.335 0.0 
169000 466 412.456 -7001.858 -1.737 2.3009 0.0 
170000 468 422.962 -6990.943 -1.404 2.3559 0.0 
171000 469 428.883 -6988.142 -1.344 2.3986 0.0 
172000 472 430.437 -6981.712 -1.081 2.4135 0.0 
173000 476 414.754 -6976.26 -0.985 2.3116 0.0 
174000 478 417.412 -6983.949 -1.093 2.3138 0.0 
175000 479 423.144 -6995.552 -1.2 2.3428 0.0 
176000 482 423.017 -6999.646 -1.323 2.3281 0.0 
177000 483 434.557 -7001.924 -1.379 2.4162 0.0 
178000 484 445.866 -7006.947 -1.442 2.5082 0.0 
179000 486 450.152 -7019.084 -1.511 2.5376 0.0 
180000 487 451.109 -7019.226 -1.468 2.5476 0.0 
181000 489 460.771 -7004.714 -1.182 2.611 0.0 
182000 491 465.064 -7006.799 -1.127 2.6401 0.0 
183000 492 467.863 -6999.325 -1.029 2.6585 0.0 
184000 493 473.666 -6995.333 -0.916 2.6921 0.0 
185000 495 486.749 -6999.466 -0.98 2.7906 0.0 
186000 497 486.579 -7004.157 -0.979 2.7813 0.0 
187000 500 478.243 -6994.343 -0.746 2.7204 0.0 
188000 502 476.917 -6993.506 -0.802 2.7126 0.0 
189000 503 487.378 -7005.924 -0.834 2.7648 0.0 
190000 504 482.011 -7012.65 -0.874 2.7306 0.0 
191000 505 492.371 -7016.58 -0.954 2.7987 0.0 
192000 508 493.171 -7015.337 -1.004 2.7987 0.0 
193000 509 503.308 -7016.974 -1.082 2.8588 0.0 
194000 512 493.316 -7011.378 -0.871 2.7918 0.0 
195000 514 496.023 -7012.55 -0.868 2.792 0.0 
196000 515 503.543 -7023.244 -1.002 2.8462 0.0 
197000 517 505.562 -7027.306 -1.098 2.8507 0.0 
198000 518 515.271 -7038.25 -1.283 2.9007 0.0 
199000 520 514.276 -7034.093 -1.136 2.8957 0.0 
200000 521 523.99 -7040.986 -1.241 2.946 0.0 
201000 522 524.471 -7040.603 -1.186 2.946 0.0 
202000 524 530.902 -7041.621 -1.16 2.9777 0.0 
203000 525 539.824 -7054.151 -1.438 3.0425 0.0 
204000 527 541.665 -7050.909 -1.259 3.057 0.0 
205000 528 541.292 -7055.731 -1.332 3.0513 0.0 
206000 530 548.516 -7050.843 -1.244 3.1109 0.0 
207000 531 550.206 -7054.254 -1.254 3.1115 0.0 
208000 532 559.202 -7060.104 -1.299 3.1901 0.0 
209000 533 568.018 -7069.853 -1.405 3.2423 0.0 
210000 534 576.658 -7076.541 -1.567 3.2711 0.0 
211000 535 579.084 -7077.248 -1.509 3.2907 0.0 
212000 536 587.503 -7083.235 -1.529 3.3366 0.0 
213000 537 595.753 -7085.639 -1.621 3.389 0.0 
214000 538 603.838 -7092.422 -1.631 3.4464 0.0 
215000 540 608.786 -7086.401 -1.642 3.4837 0.0 
216000 541 616.61 -7094.063 -1.732 3.5183 0.0 
217000 542 624.278 -7101.987 -1.864 3.567 0.0 
218000 543 631.792 -7104.514 -1.933 3.6341 0.0 
219000 544 639.156 -7110.268 -1.979 3.6883 0.0 
220000 545 646.373 -7114.464 -2.012 3.7566 0.0 
221000 546 653.446 -7117.057 -2.084 3.7851 0.0 
222000 547 660.377 -7122.51 -2.071 3.8207 0.0 
223000 548 667.169 -7127.629 -2.129 3.892 0.0 
224000 549 673.826 -7129.686 -2.191 3.9422 0.0 
225000 550 680.349 -7136.194 -2.241 3.9979 0.0 
226000 551 686.742 -7138.989 -2.22 4.0239 0.0 
227000 552 693.008 -7139.952 -2.254 4.0595 0.0 
228000 553 699.147 -7148.912 -2.289 4.1388 0.0 
229000 554 705.164 -7159.703 -2.417 4.181 0.0 
230000 555 711.061 -7173.379 -2.567 4.2291 0.0 
231000 556 716.84 -7180.396 -2.735 4.2774 0.0 
232000 557 722.503 -7186.437 -2.893 4.3048 0.0 
233000 558 728.053 -7188.201 -2.926 4.3238 0.0 
234000 559 733.492 -7190.601 -2.93 4.356 0.0 
235000 560 738.822 -7196.492 -2.932 4.3817 0.0 
236000 561 744.046 -7200.238 -2.96 4.4346 0.0 
237000 562 749.165 -7204.666 -3.013 4.4513 0.0 
238000 563 754.182 -7212.059 -3.068 4.4969 0.0 
239000 564 758.858 -7225.505 -3.196 4.5349 0.0 
240000 565 763.681 -7238.0 -3.392 4.5666 0.0 
241000 566 768.407 -7241.676 -3.443 4.6033 0.0 
242000 567 773.039 -7245.88 -3.458 4.663 0.0 
243000 568 773.378 -7256.504 -3.538 4.6507 0.0 
244000 569 777.911 -7262.049 -3.594 4.688 0.0 
245000 570 782.352 -7270.29 -3.645 4.7287 0.0 
246000 571 786.705 -7275.349 -3.715 4.7522 0.0 
247000 572 790.971 -7280.573 -3.746 4.7619 0.0 
248000 573 795.152 -7293.814 -3.774 4.8191 0.0 
249000 574 799.249 -7300.265 -3.917 4.8659 0.0 
250000 575 803.264 -7306.658 -3.995 4.9025 0.0 
251000 576 807.199 -7316.422 -4.019 4.9299 0.0 
252000 577 811.055 -7321.194 -4.167 4.9751 0.0 
253000 578 814.834 -7329.13 -4.172 4.9793 0.0 
254000 579 818.537 -7330.257 -4.285 4.9922 0.0 
255000 580 820.266 -7332.689 -4.066 5.0129 0.0 
256000 581 823.861 -7337.171 -4.165 5.0142 0.0 
257000 582 827.384 -7345.131 -4.122 5.0611 0.0 
258000 583 830.836 -7352.217 -4.216 5.0868 0.0 
259000 584 834.219 -7358.87 -4.313 5.1139 0.0 
260000 585 837.535 -7367.99 -4.364 5.1378 0.0 
261000 586 840.784 -7370.748 -4.411 5.1445 0.0 
262000 587 843.968 -7373.057 -4.39 5.1463 0.0 
263000 588 847.089 -7380.777 -4.344 5.1545 0.0 
264000 590 845.964 -7383.011 -4.434 5.1162 0.0 
265000 591 849.045 -7396.554 -4.569 5.125 0.0 
266000 592 852.064 -7402.704 -4.635 5.1428 0.0 
267000 593 855.023 -7409.214 -4.67 5.1539 0.0 
268000 594 857.922 -7411.051 -4.642 5.1491 0.0 
269000 595 860.764 -7419.81 -4.71 5.1475 0.0 
270000 596 862.949 -7426.839 -4.756 5.1548 0.0 
271000 597 865.69 -7433.473 -4.786 5.1725 0.0 
272000 599 848.915 -7438.313 -4.641 5.0579 0.0 
273000 601 838.338 -7441.509 -4.534 4.9953 0.0 
274000 602 841.571 -7445.53 -4.61 5.0184 0.0 
275000 603 833.48 -7455.224 -4.514 4.9653 0.0 
276000 604 835.77 -7464.524 -4.578 4.9746 0.0 
277000 605 839.055 -7469.361 -4.645 5.0014 0.0 
278000 607 834.268 -7462.983 -4.398 4.948 0.0 
279000 608 837.583 -7466.592 -4.445 5.0158 0.0 
280000 609 840.831 -7466.849 -4.318 5.0441 0.0 
281000 610 844.015 -7471.36 -4.331 5.0542 0.0 
282000 611 847.134 -7475.432 -4.355 5.0758 0.0 
283000 612 844.272 -7485.391 -4.303 5.0619 0.0 
284000 613 847.386 -7490.729 -4.351 5.0607 0.0 
285000 614 850.439 -7490.509 -4.293 5.0988 0.0 
286000 615 853.43 -7497.862 -4.322 5.1345 0.0 
287000 617 848.674 -7494.247 -4.254 5.0956 0.0 
288000 618 851.7 -7497.461 -4.194 5.1137 0.0 
289000 619 854.666 -7501.802 -4.217 5.1441 0.0 
290000 620 857.573 -7506.802 -4.209 5.1372 0.0 
291000 621 860.422 -7515.295 -4.271 5.1792 0.0 
292000 622 863.213 -7518.497 -4.276 5.2016 0.0 
293000 623 865.949 -7520.267 -4.269 5.2401 0.0 
294000 624 868.63 -7523.661 -4.238 5.2873 0.0 
295000 625 856.577 -7523.427 -3.96 5.2069 0.0 
296000 626 859.446 -7523.45 -3.951 5.2232 0.0 
297000 627 862.257 -7530.596 -3.868 5.2317 0.0 
298000 628 865.012 -7533.107 -3.938 5.2409 0.0 
299000 629 867.712 -7534.425 -3.895 5.2324 0.0 
300000 631 857.71 -7530.242 -3.706 5.1537 0.0 
301000 632 860.556 -7535.739 -3.689 5.1757 0.0 
302000 633 863.345 -7534.048 -3.698 5.1965 0.0 
303000 634 859.458 -7534.013 -3.487 5.1697 0.0 
304000 635 862.269 -7537.48 -3.445 5.1745 0.0 
305000 636 865.023 -7540.973 -3.451 5.1788 0.0 
306000 637 867.723 -7539.164 -3.45 5.1788 0.0 
307000 638 870.369 -7540.514 -3.339 5.2148 0.0 
308000 639 872.961 -7546.794 -3.3 5.2221 0.0 
309000 640 875.502 -7547.448 -3.374 5.251 0.0 
310000 641 877.992 -7541.423 -3.316 5.2661 0.0 
311000 642 880.432 -7536.381 -3.119 5.2588 0.0 
312000 644 883.047 -7530.591 -2.861 5.244 0.0 
313000 645 875.546 -7524.231 -2.645 5.1973 0.0 
314000 646 878.035 -7530.697 -2.682 5.2323 0.0 
315000 647 880.474 -7539.866 -2.857 5.2445 0.0 
316000 648 882.865 -7541.253 -2.86 5.2434 0.0 
317000 650 872.691 -7534.338 -2.62 5.209 0.0 
318000 651 875.238 -7537.54 -2.653 5.2265 0.0 
319000 652 864.693 -7542.698 -2.447 5.1595 0.0 
320000 654 862.251 -7532.774 -2.456 5.1391 0.0 
321000 655 865.006 -7536.021 -2.427 5.1518 0.0 
322000 657 854.532 -7530.605 -2.268 5.0699 0.0 
323000 658 850.741 -7530.125 -2.178 5.0405 0.0 
324000 659 853.726 -7535.324 -2.141 5.0539 0.0 
325000 661 848.759 -7530.999 -1.892 5.0128 0.0 
326000 662 851.784 -7532.546 -1.923 5.0299 0.0 
327000 663 852.768 -7519.189 -1.745 5.0226 0.0 
328000 664 855.713 -7511.643 -1.67 5.0278 0.0 
329000 665 858.598 -7511.079 -1.534 5.0884 0.0 
330000 666 861.426 -7511.493 -1.498 5.1142 0.0 
331000 668 846.106 -7512.584 -1.403 5.0067 0.0 
332000 670 829.466 -7501.014 -1.184 4.891 0.0 
333000 672 822.382 -7502.818 -1.027 4.8512 0.0 
334000 673 820.554 -7489.809 -0.86 4.8355 0.0 
335000 674 820.383 -7485.598 -0.787 4.8395 0.0 
336000 676 817.077 -7471.51 -0.337 4.803 0.0 
337000 677 818.615 -7452.293 -0.12 4.8301 0.0 
338000 678 820.203 -7454.652 -0.072 4.8541 0.0 
339000 679 823.799 -7454.257 -0.217 4.8673 0.0 
340000 680 827.323 -7444.036 0.007 4.9039 0.0 
341000 681 821.037 -7438.808 0.246 4.8604 0.0 
342000 683 818.815 -7432.496 0.347 4.8409 0.0 
343000 685 800.879 -7417.056 0.541 4.7303 0.0 
344000 686 804.861 -7414.275 0.71 4.7651 0.0 
345000 688 797.378 -7420.595 0.541 4.7052 0.0 
346000 691 770.027 -7403.262 0.861 4.5299 0.0 
347000 693 756.953 -7390.613 1.089 4.448 0.0 
348000 694 761.814 -7392.009 0.97 4.4939 0.0 
349000 696 757.726 -7384.085 1.221 4.4883 0.0 
350000 697 762.572 -7389.878 1.092 4.5151 0.0 
351000 698 767.32 -7393.801 1.01 4.5392 0.0 
352000 699 771.974 -7394.258 0.963 4.5943 0.0 
353000 700 776.534 -7391.482 0.996 4.6278 0.0 
354000 701 781.004 -7389.563 1.02 4.6545 0.0 
355000 702 785.384 -7383.669 1.104 4.6752 0.0 
356000 703 779.376 -7366.264 1.357 4.6346 0.0 
357000 704 783.788 -7366.697 1.292 4.6617 0.0 
358000 706 778.37 -7345.553 1.56 4.619 0.0 
359000 707 773.883 -7349.06 1.707 4.5853 0.0 
360000 708 778.405 -7351.96 1.511 4.602 0.0 
361000 709 782.837 -7350.907 1.506 4.6427 0.0 
362000 710 787.18 -7347.884 1.472 4.6932 0.0 
363000 711 791.437 -7342.285 1.564 4.7121 0.0 
364000 712 795.608 -7344.517 1.576 4.7246 0.0 
365000 713 799.696 -7333.281 1.491 4.7611 0.0 
366000 715 799.838 -7333.755 1.718 4.7419 0.0 
367000 716 803.842 -7332.024 1.701 4.7834 0.0 
368000 719 773.674 -7321.033 1.707 4.58 0.0 
369000 721 757.923 -7317.118 1.721 4.4706 0.0 
370000 722 762.764 -7306.423 1.81 4.4988 0.0 
371000 725 742.421 -7295.898 1.979 4.3518 0.0 
372000 726 747.573 -7297.239 2.001 4.3845 0.0 
373000 727 736.401 -7287.237 2.005 4.3147 0.0 
374000 728 741.673 -7291.517 2.184 4.3552 0.0 
375000 729 746.84 -7299.262 2.052 4.3837 0.0 
376000 731 747.185 -7280.989 2.135 4.3825 0.0 
377000 732 752.241 -7283.539 1.961 4.3992 0.0 
378000 733 752.096 -7282.597 1.934 4.3961 0.0 
379000 734 757.054 -7281.783 2.023 4.4282 0.0 
380000 735 761.913 -7278.595 2.063 4.4624 0.0 
381000 737 759.982 -7278.028 1.853 4.4544 0.0 
382000 738 764.782 -7276.155 1.844 4.4777 0.0 
383000 740 758.057 -7286.115 1.619 4.4739 0.0 
384000 741 747.415 -7276.852 1.762 4.4064 0.0 
385000 743 754.798 -7267.585 2.005 4.4511 0.0 
386000 744 759.702 -7259.032 2.136 4.495 0.0 
387000 745 764.508 -7264.792 1.978 4.5117 0.0 
388000 746 769.218 -7264.891 1.937 4.5504 0.0 
389000 747 772.953 -7264.026 1.901 4.5669 0.0 
390000 748 777.494 -7259.169 1.888 4.5933 0.0 
391000 750 765.681 -7233.308 2.328 4.5098 0.0 
392000 751 770.367 -7224.573 2.366 4.5411 0.0 
393000 752 774.96 -7237.619 2.148 4.5718 0.0 
394000 753 779.461 -7233.839 2.174 4.5992 0.0 
395000 754 783.872 -7228.767 2.191 4.6286 0.0 
396000 755 788.194 -7221.524 2.309 4.6431 0.0 
397000 756 790.45 -7211.152 2.321 4.6469 0.0 
398000 757 786.101 -7207.087 2.557 4.6208 0.0 
399000 758 790.379 -7203.984 2.47 4.6437 0.0 
400000 759 794.572 -7193.168 2.569 4.6699 0.0 
401000 760 798.68 -7187.167 2.738 4.7138 0.0 
402000 761 802.707 -7181.606 2.839 4.7451 0.0 
403000 762 806.653 -7177.378 2.848 4.7627 0.0 
404000 763 810.519 -7179.089 2.77 4.7962 0.0 
405000 764 814.309 -7179.798 2.678 4.8143 0.0 
406000 765 814.443 -7172.959 2.825 4.8185 0.0 
407000 766 818.154 -7177.629 2.757 4.828 0.0 
408000 767 821.791 -7176.622 2.605 4.858 0.0 
409000 768 825.355 -7167.147 2.634 4.9046 0.0 
410000 769 828.848 -7156.391 2.765 4.9327 0.0 
411000 771 826.606 -7131.149 3.149 4.9143 0.0 
412000 772 830.074 -7123.127 3.236 4.9657 0.0 
413000 774 815.24 -7106.663 3.475 4.8686 0.0 
414000 775 818.935 -7108.712 3.363 4.9031 0.0 
415000 776 819.117 -7100.913 3.442 4.9043 0.0 
416000 777 822.734 -7091.427 3.58 4.9124 0.0 
417000 778 826.28 -7091.154 3.6 4.9301 0.0 
418000 779 821.614 -7088.099 3.687 4.8958 0.0 
419000 781 819.685 -7067.027 3.758 4.8786 0.0 
420000 783 804.553 -7045.602 4.111 4.7779 0.0 
421000 784 807.742 -7034.568 4.217 4.8057 0.0 
422000 785 811.587 -7028.276 4.284 4.8284 0.0 
423000 787 809.191 -7021.163 4.383 4.7965 0.0 
424000 788 806.627 -7002.395 4.497 4.7726 0.0 
425000 789 810.494 -6999.625 4.47 4.8096 0.0 
426000 790 803.644 -6996.737 4.609 4.7633 0.0 
427000 791 807.572 -6998.816 4.481 4.7708 0.0 
428000 792 811.42 -6997.61 4.347 4.7968 0.0 
429000 794 815.128 -6989.567 4.387 4.841 0.0 
430000 795 809.745 -6975.62 4.446 4.8016 0.0 
431000 797 800.58 -6945.429 4.737 4.7421 0.0 
432000 799 792.464 -6925.331 4.994 4.6986 0.0 
433000 800 788.115 -6926.001 5.079 4.6761 0.0 
434000 801 792.352 -6928.355 4.871 4.6881 0.0 
435000 803 789.575 -6910.965 4.958 4.6969 0.0 
436000 804 786.864 -6900.684 5.017 4.6805 0.0 
437000 805 791.127 -6898.546 4.946 4.7115 0.0 
438000 806 795.304 -6893.863 5.072 4.7255 0.0 
439000 807 799.398 -6897.29 4.878 4.765 0.0 
440000 808 803.41 -6901.276 4.705 4.8062 0.0 
441000 809 807.342 -6893.805 4.776 4.8391 0.0 
442000 810 811.195 -6892.593 4.657 4.877 0.0 
443000 812 805.552 -6877.251 4.696 4.8641 0.0 
444000 813 809.441 -6884.208 4.504 4.8697 0.0 
445000 814 813.252 -6896.607 4.29 4.8902 0.0 
446000 815 809.007 -6877.556 4.532 4.8517 0.0 
447000 817 802.73 -6859.285 4.617 4.8059 0.0 
448000 818 806.675 -6862.467 4.463 4.8454 0.0 
449000 819 810.542 -6864.086 4.348 4.874 0.0 
450000 820 814.331 -6872.177 4.173 4.8941 0.0 
451000 821 814.585 -6868.772 4.281 4.9104 0.0 
452000 822 818.293 -6854.795 4.403 4.914 0.0 
453000 823 821.927 -6842.261 4.538 4.9359 0.0 
454000 824 825.488 -6852.281 4.217 4.9727 0.0 
455000 825 828.979 -6859.988 4.03 4.9777 0.0 
456000 826 823.299 -6863.22 4.044 4.9282 0.0 
457000 828 819.45 -6843.154 4.054 4.9122 0.0 
458000 829 823.061 -6830.219 4.235 4.9356 0.0 
459000 830 826.599 -6833.831 4.086 4.9549 0.0 
460000 832 821.346 -6828.61 4.139 4.9128 0.0 
461000 833 824.919 -6819.043 4.285 4.9294 0.0 
462000 834 828.421 -6807.599 4.477 4.9525 0.0 
463000 835 831.852 -6804.358 4.421 4.9905 0.0 
464000 836 835.215 -6806.946 4.244 5.0365 0.0 
465000 837 838.511 -6809.661 4.15 5.0577 0.0 
466000 838 841.741 -6809.639 4.05 5.0829 0.0 
467000 839 844.906 -6811.169 3.949 5.11 0.0 
468000 840 848.008 -6813.647 3.779 5.1364 0.0 
469000 841 851.048 -6815.671 3.669 5.1844 0.0 
470000 842 854.027 -6818.099 3.568 5.1898 0.0 
471000 843 856.946 -6816.802 3.503 5.2083 0.0 
472000 844 859.807 -6820.9 3.383 5.2198 0.0 
473000 845 862.611 -6827.261 3.16 5.2411 0.0 
474000 846 865.359 -6813.601 3.366 5.2595 0.0 
475000 847 858.692 -6796.006 3.506 5.2171 0.0 
476000 848 861.518 -6796.775 3.417 5.245 0.0 
477000 849 857.228 -6801.072 3.428 5.2191 0.0 
478000 850 860.083 -6805.593 3.332 5.2589 0.0 
479000 851 860.521 -6798.856 3.276 5.2542 0.0 
480000 852 863.311 -6799.226 3.269 5.2685 0.0 
481000 854 861.644 -6778.965 3.339 5.2389 0.0 
482000 855 864.411 -6783.804 3.241 5.261 0.0 
483000 856 867.123 -6779.462 3.167 5.2799 0.0 
484000 858 858.225 -6781.178 3.257 5.2086 0.0 
485000 859 861.06 -6782.037 3.171 5.236 0.0 
486000 860 863.839 -6780.987 3.121 5.2463 0.0 
487000 861 866.562 -6785.32 3.001 5.3036 0.0 
488000 862 869.231 -6781.436 3.032 5.3165 0.0 
489000 863 871.846 -6786.244 2.835 5.3721 0.0 
490000 864 874.409 -6781.143 2.845 5.3997 0.0 
491000 865 876.921 -6770.821 3.012 5.4326 0.0 
492000 866 879.383 -6771.63 2.996 5.4448 0.0 
493000 867 881.795 -6769.35 2.929 5.4773 0.0 
494000 868 884.159 -6761.391 3.032 5.5142 0.0 
495000 869 886.476 -6753.773 3.118 5.5291 0.0 
496000 870 888.747 -6754.504 3.043 5.5547 0.0 
497000 871 889.272 -6737.756 3.25 5.5442 0.0 
498000 872 891.486 -6726.625 3.291 5.5418 0.0 
499000 874 868.7 -6709.463 3.537 5.3827 0.0 
500000 875 861.206 -6700.189 3.637 5.3317 0.0 
501000 876 863.982 -6690.716 3.729 5.346 0.0 
502000 877 866.702 -6677.406 3.843 5.3514 0.0 
503000 879 863.281 -6649.327 4.239 5.3187 0.0 
504000 880 860.955 -6635.767 4.412 5.3158 0.0 
505000 881 863.736 -6624.14 4.716 5.3412 0.0 
506000 882 866.461 -6623.737 4.58 5.3981 0.0 
507000 883 867.032 -6612.444 4.698 5.3898 0.0 
508000 884 865.851 -6600.42 4.818 5.3795 0.0 
509000 886 861.104 -6589.931 5.036 5.3399 0.0 
510000 887 863.881 -6585.994 4.761 5.384 0.0 
511000 889 853.732 -6577.595 4.973 5.2952 0.0 
512000 892 818.682 -6547.965 5.052 5.0517 0.0 
513000 894 801.36 -6520.493 5.371 4.9341 0.0 
514000 895 805.333 -6507.257 5.528 4.9562 0.0 
515000 896 804.446 -6493.946 5.712 4.9265 0.0 
516000 899 794.87 -6467.461 6.137 4.8444 0.0 
517000 902 766.247 -6420.964 6.465 4.6541 0.0 
518000 903 755.182 -6404.475 6.588 4.5813 0.0 
519000 905 748.797 -6376.3 6.899 4.5258 0.0 
520000 906 753.821 -6363.433 7.012 4.5678 0.0 
521000 909 739.847 -6332.658 7.303 4.4601 0.0 
522000 912 713.587 -6296.097 7.685 4.2858 0.0 
523000 915 685.337 -6256.937 7.813 4.0986 0.0 
524000 918 672.415 -6224.761 8.142 4.0068 0.0 
525000 919 663.867 -6213.842 8.211 3.9512 0.0 
526000 922 653.272 -6178.796 8.364 3.8818 0.0 
527000 923 660.207 -6176.998 8.217 3.927 0.0 
528000 924 655.943 -6161.412 8.288 3.8945 0.0 
529000 926 656.207 -6137.923 8.57 3.8745 0.0 
530000 927 663.083 -6131.083 8.369 3.9216 0.0 
531000 929 666.045 -6110.35 8.473 3.9297 0.0 
532000 930 661.884 -6109.978 8.481 3.9051 0.0 
533000 931 668.647 -6113.933 8.267 3.9582 0.0 
534000 933 671.928 -6083.375 8.368 3.9811 0.0 
535000 934 678.49 -6077.722 8.416 4.0337 0.0 
536000 936 661.77 -6059.184 8.521 3.923 0.0 
537000 937 666.535 -6058.635 8.36 3.9502 0.0 
538000 938 673.204 -6052.332 8.24 4.0235 0.0 
539000 941 665.006 -6012.091 8.477 3.9462 0.0 
540000 943 650.123 -5996.675 8.49 3.8501 0.0 
541000 945 650.138 -5978.539 8.467 3.8344 0.0 
542000 946 650.135 -5978.429 8.38 3.8349 0.0 
543000 948 652.89 -5960.548 8.271 3.8493 0.0 
544000 949 650.572 -5956.684 8.323 3.8369 0.0 
545000 950 657.561 -5956.616 8.155 3.8713 0.0 
546000 952 662.273 -5940.875 8.168 3.9074 0.0 
547000 953 669.028 -5948.643 7.878 3.9661 0.0 
548000 954 662.647 -5937.112 8.003 3.9206 0.0 
549000 956 663.726 -5921.179 7.88 3.9314 0.0 
550000 957 665.712 -5919.95 7.783 3.9447 0.0 
551000 958 672.397 -5910.222 7.579 3.9777 0.0 
552000 960 669.438 -5883.856 7.919 3.9433 0.0 
553000 961 674.91 -5875.67 8.078 3.9729 0.0 
554000 964 658.44 -5835.412 8.326 3.8708 0.0 
555000 966 655.506 -5814.839 8.507 3.8387 0.0 
556000 968 641.976 -5783.236 8.738 3.7475 0.0 
557000 969 647.917 -5776.62 8.542 3.7969 0.0 
558000 971 647.707 -5749.154 8.764 3.7984 0.0 
559000 974 624.87 -5714.384 9.016 3.6526 0.0 
560000 975 632.373 -5721.381 8.773 3.7125 0.0 
561000 977 635.351 -5721.736 8.507 3.7198 0.0 
562000 978 631.784 -5704.505 8.561 3.689 0.0 
563000 980 632.625 -5681.715 8.533 3.7063 0.0 
564000 981 639.973 -5682.605 8.294 3.7519 0.0 
565000 983 628.799 -5665.941 8.332 3.6729 0.0 
566000 984 636.223 -5657.403 8.425 3.7149 0.0 
567000 985 634.058 -5660.119 8.46 3.7049 0.0 
568000 986 641.377 -5644.87 8.217 3.7521 0.0 
569000 989 639.135 -5604.126 8.628 3.7263 0.0 
570000 991 633.972 -5585.527 8.78 3.6931 0.0 
571000 992 641.292 -5560.045 8.941 3.7337 0.0 
572000 993 648.466 -5564.253 8.669 3.7844 0.0 
573000 995 639.493 -5542.476 8.802 3.7286 0.0 
574000 997 628.765 -5514.069 8.963 3.6538 0.0 
575000 999 628.282 -5488.342 9.049 3.6433 0.0 
576000 1003 600.605 -5425.566 9.658 3.4616 0.0 
577000 1005 598.481 -5408.91 9.541 3.443 0.0 
578000 1007 583.254 -5386.023 9.675 3.3472 0.0 
579000 1008 591.588 -5370.688 9.746 3.396 0.0 
580000 1011 579.849 -5353.691 9.633 3.3058 0.0 
581000 1014 570.943 -5330.407 9.523 3.246 0.0 
582000 1017 552.676 -5294.398 9.596 3.132 0.0 
583000 1019 554.49 -5276.957 9.555 3.1557 0.0 
584000 1023 532.625 -5238.975 9.56 3.0133 0.0 
585000 1024 541.973 -5230.134 9.539 3.0778 0.0 
586000 1025 539.694 -5219.928 9.691 3.0636 0.0 
587000 1029 529.058 -5198.394 9.359 2.9997 0.0 
588000 1033 502.748 -5147.49 9.451 2.8368 0.0 
589000 1034 502.293 -5141.302 9.551 2.829 0.0 
590000 1038 495.859 -5095.872 9.659 2.803 0.0 
591000 1039 492.962 -5080.872 9.721 2.7795 0.0 
592000 1045 462.161 -5059.56 9.002 2.6025 0.0 
593000 1046 472.918 -5055.854 8.766 2.6739 0.0 
594000 1047 471.62 -5042.794 8.925 2.6629 0.0 
595000 1051 465.198 -4999.702 9.095 2.6428 0.0 
596000 1054 463.927 -4981.947 9.029 2.6362 0.0 
597000 1055 474.648 -4980.667 8.944 2.7247 0.0 
598000 1056 485.155 -4984.684 8.702 2.7937 0.0 
599000 1057 487.132 -4972.025 8.649 2.801 0.0 
600000 1059 483.115 -4958.529 8.605 2.7734 0.0 
601000 1061 493.609 -4948.225 8.391 2.8548 0.0 
602000 1062 502.917 -4940.407 8.309 2.9077 0.0 
603000 1063 500.159 -4928.002 8.446 2.8836 0.0 
604000 1065 511.052 -4901.279 8.598 2.9504 0.0 
605000 1067 508.606 -4878.201 8.702 2.9357 0.0 
606000 1068 507.893 -4871.333 8.805 2.9278 0.0 
607000 1070 518.721 -4853.617 8.737 3.0107 0.0 
608000 1073 513.171 -4830.107 8.757 2.9655 0.0 
609000 1074 510.507 -4811.181 8.816 2.9419 0.0 
610000 1076 510.523 -4789.023 8.944 2.9422 0.0 
611000 1077 520.313 -4786.299 8.979 3.0004 0.0 
612000 1078 529.906 -4779.791 8.805 3.0701 0.0 
613000 1079 539.308 -4776.923 8.809 3.1318 0.0 
614000 1080 548.522 -4780.006 8.558 3.1799 0.0 
615000 1081 557.552 -4779.204 8.347 3.2349 0.0 
616000 1083 559.633 -4762.119 8.337 3.2547 0.0 
617000 1084 559.9 -4761.582 8.343 3.2536 0.0 
618000 1086 567.628 -4742.156 8.192 3.2946 0.0 
619000 1087 576.275 -4745.16 7.998 3.371 0.0 
620000 1088 584.75 -4735.729 8.0 3.4144 0.0 
621000 1089 593.055 -4739.375 7.797 3.4612 0.0 
622000 1090 601.194 -4742.3 7.546 3.5265 0.0 
623000 1091 609.17 -4750.16 7.323 3.564 0.0 
624000 1092 616.987 -4757.833 6.988 3.6079 0.0 
625000 1093 618.287 -4751.109 7.023 3.6181 0.0 
626000 1095 627.003 -4748.629 6.911 3.6553 0.0 
627000 1096 634.463 -4743.188 6.881 3.6799 0.0 
628000 1097 641.773 -4743.227 6.737 3.74 0.0 
629000 1098 648.938 -4744.967 6.573 3.7743 0.0 
630000 1099 650.479 -4723.176 6.71 3.7846 0.0 
631000 1100 647.75 -4704.262 6.888 3.766 0.0 
632000 1102 650.595 -4679.038 7.134 3.8061 0.0 
633000 1103 646.243 -4675.226 7.229 3.7771 0.0 
634000 1104 653.318 -4668.39 7.097 3.8262 0.0 
635000 1105 660.252 -4660.486 7.119 3.8633 0.0 
636000 1107 670.103 -4654.946 7.024 3.9178 0.0 
637000 1108 676.701 -4653.465 6.795 3.9599 0.0 
638000 1110 670.887 -4642.143 6.988 3.9156 0.0 
639000 1111 677.469 -4643.422 6.841 3.9763 0.0 
640000 1112 681.219 -4619.852 6.876 4.0023 0.0 
641000 1115 660.318 -4582.43 7.214 3.8662 0.0 
642000 1116 667.111 -4586.159 7.028 3.9126 0.0 
643000 1117 673.769 -4586.798 6.858 3.9424 0.0 
644000 1118 680.294 -4592.477 6.604 3.9715 0.0 
645000 1119 686.688 -4580.947 6.684 4.0147 0.0 
646000 1120 692.954 -4580.42 6.61 4.0517 0.0 
647000 1121 692.755 -4579.514 6.601 4.0473 0.0 
648000 1122 698.9 -4580.415 6.383 4.114 0.0 
649000 1123 704.922 -4585.722 6.236 4.1374 0.0 
650000 1124 710.823 -4571.969 6.323 4.173 0.0 
651000 1126 711.535 -4572.767 6.22 4.1678 0.0 
652000 1127 707.504 -4559.723 6.21 4.1367 0.0 
653000 1128 713.354 -4551.335 6.079 4.1699 0.0 
654000 1129 719.087 -4543.485 6.267 4.2028 0.0 
655000 1130 724.705 -4550.415 6.079 4.2213 0.0 
656000 1132 723.127 -4531.051 6.107 4.1918 0.0 
657000 1134 715.501 -4519.628 6.178 4.1465 0.0 
658000 1135 721.191 -4516.605 6.138 4.1854 0.0 
659000 1136 724.007 -4508.348 6.081 4.1941 0.0 
660000 1137 718.867 -4508.326 6.1 4.1596 0.0 
661000 1138 724.49 -4511.473 5.93 4.2057 0.0 
662000 1139 730.0 -4511.526 5.802 4.229 0.0 
663000 1140 735.4 -4507.66 5.648 4.2715 0.0 
664000 1142 730.571 -4490.513 5.824 4.2556 0.0 
665000 1144 731.18 -4492.809 5.631 4.2449 0.0 
666000 1145 736.557 -4487.493 5.657 4.2865 0.0 
667000 1146 739.706 -4475.925 5.601 4.3103 0.0 
668000 1147 744.911 -4479.378 5.48 4.3367 0.0 
669000 1148 750.013 -4471.512 5.417 4.3698 0.0 
670000 1149 742.493 -4462.451 5.517 4.3246 0.0 
671000 1151 738.209 -4435.625 5.744 4.2963 0.0 
672000 1152 738.625 -4433.979 5.894 4.3026 0.0 
673000 1154 735.415 -4410.855 5.992 4.2611 0.0 
674000 1155 740.707 -4408.189 5.904 4.3221 0.0 
675000 1156 745.893 -4403.054 5.93 4.347 0.0 
676000 1157 742.955 -4404.221 5.955 4.3323 0.0 
677000 1159 741.5 -4384.903 5.903 4.3106 0.0 
678000 1160 746.67 -4380.225 5.765 4.3445 0.0 
679000 1162 734.044 -4359.235 6.056 4.2589 0.0 
680000 1164 726.625 -4337.247 6.244 4.207 0.0 
681000 1165 732.092 -4337.73 6.129 4.2485 0.0 
682000 1166 737.45 -4340.017 6.0 4.2799 0.0 
683000 1168 733.927 -4314.891 6.12 4.2555 0.0 
684000 1169 725.989 -4309.077 6.313 4.2026 0.0 
685000 1171 726.753 -4288.688 6.291 4.204 0.0 
686000 1174 707.902 -4250.351 6.857 4.0785 0.0 
687000 1175 713.744 -4241.797 6.861 4.1022 0.0 
688000 1177 703.637 -4207.178 7.202 4.0288 0.0 
689000 1179 693.92 -4174.111 7.469 3.9683 0.0 
690000 1180 700.041 -4164.336 7.519 4.0029 0.0 
691000 1181 700.96 -4156.736 7.619 4.0177 0.0 
692000 1183 699.462 -4132.858 7.76 4.0056 0.0 
693000 1185 692.04 -4104.485 7.978 3.9552 0.0 
694000 1186 684.559 -4102.69 8.065 3.9102 0.0 
695000 1188 684.911 -4075.091 8.002 3.919 0.0 
696000 1190 684.588 -4057.085 8.273 3.9074 0.0 
697000 1191 690.897 -4052.189 8.264 3.9651 0.0 
698000 1192 697.079 -4033.548 8.387 3.9897 0.0 
699000 1193 703.137 -4025.556 8.38 4.0219 0.0 
700000 1195 693.048 -3989.251 8.567 3.9483 0.0 
701000 1196 688.347 -3979.829 8.689 3.9157 0.0 
702000 1198 689.148 -3952.078 8.804 3.9221 0.0 
703000 1199 681.386 -3957.198 8.948 3.8744 0.0 
704000 1203 663.451 -3892.913 9.063 3.7531 0.0 
705000 1205 652.554 -3867.475 9.28 3.6885 0.0 
706000 1206 648.043 -3853.403 9.377 3.6648 0.0 
707000 1207 655.082 -3844.208 9.45 3.7027 0.0 
708000 1210 651.407 -3795.266 9.743 3.6903 0.0 
709000 1211 643.458 -3784.508 9.936 3.6404 0.0 
710000 1215 629.239 -3737.876 10.112 3.5558 0.0 
711000 1218 610.501 -3689.664 10.371 3.4425 0.0 
712000 1219 606.031 -3669.349 10.485 3.4179 0.0 
713000 1221 602.02 -3637.059 10.678 3.3926 0.0 
714000 1223 605.24 -3608.549 10.914 3.3958 0.0 
715000 1226 595.378 -3583.159 10.961 3.335 0.0 
716000 1227 592.07 -3559.831 11.032 3.3115 0.0 
717000 1230 584.261 -3513.815 11.274 3.2541 0.0 
718000 1231 587.415 -3499.086 11.325 3.268 0.0 
719000 1232 595.667 -3488.452 11.27 3.3428 0.0 
720000 1234 590.356 -3464.665 11.39 3.3145 0.0 
721000 1236 593.778 -3437.025 11.35 3.3356 0.0 
722000 1239 576.787 -3397.242 11.475 3.2284 0.0 
723000 1242 565.897 -3361.34 11.672 3.1625 0.0 
724000 1245 552.943 -3331.002 11.698 3.0853 0.0 
725000 1247 540.634 -3293.23 11.889 3.0106 0.0 
726000 1248 547.661 -3277.164 11.784 3.0797 0.0 
727000 1249 556.708 -3267.034 11.818 3.1284 0.0 
728000 1251 567.023 -3257.398 11.666 3.1974 0.0 
729000 1253 560.385 -3228.154 11.728 3.1577 0.0 
730000 1254 569.177 -3220.934 11.574 3.2064 0.0 
731000 1255 563.114 -3211.291 11.568 3.1685 0.0 
732000 1258 564.498 -3172.595 11.605 3.1787 0.0 
733000 1259 573.208 -3160.238 11.599 3.2335 0.0 
734000 1260 581.744 -3146.41 11.61 3.2959 0.0 
735000 1262 572.241 -3119.38 11.74 3.2292 0.0 
736000 1264 578.481 -3104.236 11.763 3.2573 0.0 
737000 1267 557.853 -3048.808 11.891 3.1315 0.0 
738000 1268 566.696 -3040.467 11.923 3.1836 0.0 
739000 1269 567.582 -3029.358 11.891 3.1834 0.0 
740000 1271 578.126 -3016.257 11.806 3.2437 0.0 
741000 1272 582.704 -2997.464 11.847 3.2705 0.0 
742000 1273 591.05 -2976.93 11.873 3.3072 0.0 
743000 1274 594.109 -2962.389 11.975 3.3285 0.0 
744000 1277 578.213 -2924.299 12.118 3.224 0.0 
745000 1278 586.649 -2910.638 12.036 3.2905 0.0 
746000 1280 588.838 -2893.038 12.018 3.2998 0.0 
747000 1281 585.861 -2881.989 11.953 3.2832 0.0 
748000 1285 573.326 -2831.957 11.97 3.2172 0.0 
749000 1289 548.809 -2779.272 12.217 3.0677 0.0 
750000 1291 538.717 -2750.296 12.227 3.0099 0.0 
751000 1292 547.942 -2733.923 12.159 3.0629 0.0 
752000 1294 550.844 -2700.608 12.258 3.0812 0.0 
753000 1297 539.777 -2647.902 12.75 3.0036 0.0 
754000 1301 519.677 -2607.885 12.769 2.8737 0.0 
755000 1303 512.074 -2569.933 12.726 2.8241 0.0 
756000 1307 498.568 -2525.192 12.882 2.7383 0.0 
757000 1308 508.596 -2522.329 12.703 2.8088 0.0 
758000 1310 500.287 -2485.96 12.662 2.7597 0.0 
759000 1312 505.935 -2468.514 12.573 2.7854 0.0 
760000 1316 485.668 -2406.607 12.77 2.6572 0.0 
761000 1320 469.549 -2362.642 12.79 2.5584 0.0 
762000 1323 461.287 -2315.514 12.873 2.5054 0.0 
763000 1326 451.358 -2260.507 13.047 2.4457 0.0 
764000 1327 462.331 -2245.67 13.032 2.5043 0.0 
765000 1330 448.567 -2203.208 13.117 2.4242 0.0 
766000 1333 447.875 -2161.085 13.2 2.4181 0.0 
767000 1335 446.009 -2137.82 13.209 2.4074 0.0 
768000 1337 450.269 -2103.096 13.185 2.4274 0.0 
769000 1338 446.823 -2090.835 13.327 2.4071 0.0 
770000 1341 453.72 -2045.528 13.316 2.4458 0.0 
771000 1343 446.538 -2011.353 13.537 2.4016 0.0 
772000 1345 459.535 -1986.65 13.532 2.4767 0.0 
773000 1347 458.908 -1950.471 13.653 2.4718 0.0 
774000 1349 462.383 -1931.951 13.525 2.4969 0.0 
775000 1350 462.835 -1917.734 13.535 2.4989 0.0 
776000 1353 464.602 -1871.749 13.608 2.489 0.0 
777000 1357 450.837 -1816.568 13.889 2.4016 0.0 
778000 1360 442.281 -1759.099 13.982 2.3465 0.0 
779000 1363 435.396 -1712.404 14.021 2.3071 0.0 
780000 1364 446.688 -1699.541 14.019 2.3806 0.0 
781000 1368 432.766 -1633.146 14.289 2.2944 0.0 
782000 1371 423.222 -1577.571 14.376 2.2409 0.0 
783000 1375 410.715 -1510.146 14.546 2.1698 0.0 
784000 1378 403.687 -1474.437 14.514 2.1298 0.0 
785000 1380 413.921 -1461.348 14.46 2.1878 0.0 
786000 1384 401.051 -1380.841 14.8 2.1103 0.0 
787000 1385 413.03 -1370.555 14.785 2.1646 0.0 
788000 1387 408.769 -1333.578 14.829 2.139 0.0 
789000 1388 410.853 -1319.934 14.657 2.1529 0.0 
790000 1392 412.434 -1259.896 14.786 2.1741 0.0 
791000 1396 398.391 -1191.299 14.883 2.0941 0.0 
792000 1399 393.285 -1142.033 14.953 2.0622 0.0 
793000 1400 391.779 -1127.051 14.962 2.0545 0.0 
794000 1403 401.834 -1088.823 14.845 2.1107 0.0 
795000 1406 399.59 -1042.933 14.835 2.0989 0.0 
796000 1408 393.407 -1011.218 14.958 2.0626 0.0 
797000 1412 395.218 -965.022 14.956 2.0868 0.0 
798000 1415 391.283 -914.023 14.991 2.0608 0.0 
799000 1416 388.257 -887.1 14.981 2.0434 0.0 
800000 1418 399.662 -864.1 14.921 2.1155 0.0 
801000 1419 411.669 -849.38 14.814 2.1835 0.0 
802000 1420 423.436 -839.719 14.766 2.2574 0.0 
803000 1422 427.189 -809.429 14.683 2.2788 0.0 
804000 1424 427.293 -779.769 14.762 2.2627 0.0 
805000 1426 437.473 -753.07 14.724 2.327 0.0 
806000 1427 448.723 -740.032 14.711 2.3959 0.0 
807000 1429 440.303 -716.12 14.654 2.3416 0.0 
808000 1431 454.347 -697.061 14.496 2.4342 0.0 
809000 1434 447.808 -651.884 14.531 2.3925 0.0 
810000 1435 442.652 -628.141 14.607 2.3605 0.0 
811000 1436 453.799 -611.912 14.566 2.4245 0.0 
812000 1440 451.503 -552.312 14.642 2.4109 0.0 
813000 1442 443.022 -524.832 14.616 2.3636 0.0 
814000 1445 448.63 -484.463 14.677 2.4048 0.0 
815000 1448 437.085 -428.577 14.742 2.3383 0.0 
816000 1451 430.532 -384.483 14.808 2.2982 0.0 
817000 1454 426.956 -347.437 14.658 2.273 0.0 
818000 1455 423.157 -332.96 14.648 2.2477 0.0 
819000 1457 429.441 -311.487 14.501 2.291 0.0 
820000 1459 442.795 -289.249 14.39 2.3679 0.0 
821000 1462 434.664 -240.968 14.373 2.3161 0.0 
822000 1465 433.176 -208.08 14.35 2.2992 0.0 
823000 1466 433.553 -192.373 14.238 2.2964 0.0 
824000 1469 436.481 -140.451 14.375 2.3119 0.0 
825000 1473 424.662 -97.382 14.357 2.2458 0.0 
826000 1476 414.65 -39.135 14.466 2.189 0.0 
827000 1480 405.805 5.215 14.388 2.1387 0.0 
828000 1481 403.029 29.191 14.356 2.1224 0.0 
829000 1482 414.968 45.158 14.359 2.1887 0.0 
830000 1484 423.395 62.981 14.249 2.2377 0.0 
831000 1486 433.261 89.296 14.185 2.2938 0.0 
832000 1490 420.639 153.177 14.314 2.2168 0.0 
833000 1491 423.067 163.388 14.181 2.2305 0.0 
834000 1494 423.842 209.029 14.313 2.238 0.0 
835000 1496 424.252 238.554 14.321 2.2424 0.0 
836000 1497 425.727 250.322 14.287 2.2539 0.0 
837000 1499 444.231 274.798 14.256 2.3772 0.0 
838000 1500 441.927 283.128 14.16 2.3624 0.0 
839000 1503 446.772 327.313 14.04 2.3986 0.0 
840000 1505 445.354 343.173 14.057 2.3896 0.0 
841000 1509 436.514 392.758 13.99 2.3398 0.0 
842000 1513 421.029 456.114 13.957 2.2482 0.0 
843000 1516 413.219 499.092 13.87 2.1996 0.0 
844000 1517 414.375 511.762 13.833 2.2065 0.0 
845000 1521 413.829 564.565 13.879 2.2067 0.0 
846000 1525 402.926 602.031 13.706 2.1406 0.0 
847000 1526 400.208 628.762 13.727 2.1247 0.0 
848000 1528 412.679 642.336 13.56 2.2 0.0 
849000 1530 413.568 667.436 13.42 2.2055 0.0 
850000 1532 419.892 689.541 13.356 2.2442 0.0 
851000 1535 414.174 738.316 13.509 2.206 0.0 
852000 1539 407.255 782.394 13.539 2.1617 0.0 
853000 1540 419.11 798.435 13.572 2.2211 0.0 
854000 1541 417.047 816.709 13.553 2.2048 0.0 
855000 1544 422.848 856.553 13.43 2.2486 0.0 
856000 1546 427.62 870.959 13.432 2.2735 0.0 
857000 1548 428.567 903.502 13.317 2.2781 0.0 
858000 1550 424.488 931.419 13.342 2.2558 0.0 
859000 1552 434.978 948.248 13.185 2.3172 0.0 
860000 1555 423.77 980.705 13.029 2.2517 0.0 
861000 1559 415.275 1030.324 12.963 2.1991 0.0 
862000 1561 412.427 1053.863 12.996 2.1849 0.0 
863000 1562 414.738 1070.178 12.951 2.2005 0.0 
864000 1565 426.921 1094.475 12.963 2.2738 0.0 
865000 1568 416.745 1148.583 12.968 2.2145 0.0 
866000 1569 428.41 1160.15 12.972 2.2868 0.0 
867000 1571 431.888 1181.028 12.874 2.3107 0.0 
868000 1573 436.507 1200.75 12.817 2.3303 0.0 
869000 1576 425.417 1250.537 12.947 2.2612 0.0 
870000 1578 432.051 1280.206 12.999 2.3087 0.0 
871000 1579 428.25 1295.413 13.086 2.286 0.0 
872000 1582 432.393 1332.413 13.093 2.3175 0.0 
873000 1584 436.804 1351.233 12.966 2.3452 0.0 
874000 1586 439.113 1375.257 12.88 2.3513 0.0 
875000 1588 446.213 1406.723 12.994 2.3997 0.0 
876000 1589 449.989 1424.368 13.025 2.4248 0.0 
877000 1590 451.349 1434.749 13.047 2.4343 0.0 
878000 1592 458.655 1454.827 12.919 2.4896 0.0 
879000 1594 470.931 1482.544 12.914 2.5704 0.0 
880000 1596 470.116 1507.913 12.925 2.5619 0.0 
881000 1598 461.881 1536.435 12.999 2.5134 0.0 
882000 1600 475.904 1549.705 12.908 2.5893 0.0 
883000 1602 473.117 1594.828 13.035 2.5656 0.0 
884000 1604 477.601 1609.793 13.062 2.5855 0.0 
885000 1606 475.485 1644.311 13.029 2.5707 0.0 
886000 1609 471.41 1672.987 13.067 2.5456 0.0 
887000 1610 468.902 1696.894 13.021 2.5317 0.0 
888000 1612 477.253 1721.052 13.107 2.5877 0.0 
889000 1616 465.374 1766.128 13.116 2.5131 0.0 
890000 1618 462.067 1808.512 13.163 2.4925 0.0 
891000 1619 465.105 1822.255 13.168 2.5019 0.0 
892000 1622 467.66 1855.304 13.192 2.5165 0.0 
893000 1623 474.327 1881.915 13.255 2.5509 0.0 
894000 1625 471.974 1914.809 13.437 2.5345 0.0 
895000 1630 454.568 1971.126 13.482 2.4282 0.0 
896000 1632 455.186 2000.194 13.467 2.4324 0.0 
897000 1635 443.288 2068.082 13.794 2.3594 0.0 
898000 1636 454.423 2079.192 13.776 2.4216 0.0 
899000 1637 461.314 2093.82 13.737 2.4581 0.0 
900000 1639 469.007 2124.333 13.782 2.5073 0.0 
901000 1640 469.486 2134.424 13.823 2.5108 0.0 
902000 1642 475.067 2164.151 13.808 2.546 0.0 
903000 1644 483.554 2186.4 13.718 2.5979 0.0 
904000 1645 493.883 2197.827 13.705 2.658 0.0 
905000 1646 491.845 2220.474 13.729 2.6491 0.0 
906000 1648 505.088 2215.156 13.44 2.7037 0.0 
907000 1652 485.539 2271.057 13.48 2.5818 0.0 
908000 1653 495.828 2287.128 13.471 2.6338 0.0 
909000 1655 490.665 2326.47 13.428 2.5999 0.0 
910000 1659 476.965 2366.973 13.493 2.5072 0.0 
911000 1660 487.426 2377.364 13.376 2.568 0.0 
912000 1661 490.217 2406.158 13.422 2.5898 0.0 
913000 1663 495.366 2430.223 13.477 2.6061 0.0 
914000 1666 484.651 2471.949 13.472 2.5393 0.0 
915000 1668 477.279 2500.45 13.526 2.5002 0.0 
916000 1669 487.733 2507.05 13.463 2.561 0.0 
917000 1670 497.978 2519.019 13.341 2.6372 0.0 
918000 1672 509.218 2530.855 13.221 2.6808 0.0 
919000 1674 503.582 2564.369 13.182 2.6544 0.0 
920000 1677 500.002 2597.961 13.295 2.6292 0.0 
921000 1678 510.002 2610.757 13.322 2.7038 0.0 
922000 1679 504.982 2636.901 13.255 2.6764 0.0 
923000 1682 500.024 2674.244 13.342 2.6413 0.0 
924000 1683 508.544 2693.319 13.252 2.6956 0.0 
925000 1684 518.373 2705.358 13.335 2.7402 0.0 
926000 1687 518.001 2733.852 13.355 2.7366 0.0 
927000 1688 516.461 2756.971 13.258 2.7296 0.0 
928000 1690 523.469 2784.32 13.296 2.768 0.0 
929000 1691 533.0 2796.881 13.321 2.8425 0.0 
930000 1692 542.34 2804.617 13.222 2.9014 0.0 
931000 1693 537.873 2824.715 13.267 2.8773 0.0 
932000 1697 530.749 2863.701 13.285 2.8428 0.0 
933000 1699 522.741 2909.004 13.351 2.7967 0.0 
934000 1701 521.117 2929.68 13.303 2.7876 0.0 
935000 1704 514.855 2974.227 13.36 2.7555 0.0 
936000 1706 517.368 2988.613 13.369 2.7759 0.0 
937000 1707 522.481 3016.408 13.388 2.8082 0.0 
938000 1708 525.771 3025.736 13.364 2.83 0.0 
939000 1709 535.256 3031.686 13.367 2.8865 0.0 
940000 1712 531.233 3070.102 13.287 2.8719 0.0 
941000 1713 539.848 3090.116 13.329 2.92 0.0 
942000 1715 539.453 3120.391 13.406 2.9175 0.0 
943000 1717 533.341 3152.009 13.437 2.88 0.0 
944000 1718 534.914 3166.985 13.476 2.8969 0.0 
945000 1721 532.63 3208.664 13.524 2.8836 0.0 
946000 1722 541.978 3219.335 13.523 2.9555 0.0 
947000 1724 532.562 3252.735 13.605 2.8998 0.0 
948000 1726 540.602 3279.555 13.589 2.9483 0.0 
949000 1727 549.79 3292.438 13.619 2.9918 0.0 
950000 1728 558.794 3308.196 13.614 3.0291 0.0 
951000 1729 555.358 3326.13 13.629 3.004 0.0 
952000 1731 561.214 3353.625 13.648 3.0408 0.0 
953000 1732 569.99 3371.737 13.68 3.0878 0.0 
954000 1733 567.65 3389.839 13.801 3.074 0.0 
955000 1737 560.044 3443.935 14.102 3.0214 0.0 
956000 1740 543.197 3509.001 14.304 2.924 0.0 
957000 1741 536.674 3526.22 14.311 2.8862 0.0 
958000 1745 531.131 3585.204 14.48 2.8566 0.0 
959000 1748 519.306 3632.516 14.579 2.7768 0.0 
960000 1750 516.08 3672.439 14.703 2.7501 0.0 
961000 1751 517.578 3689.704 14.711 2.7586 0.0 
962000 1754 508.87 3722.204 14.646 2.7071 0.0 
963000 1756 517.254 3738.764 14.435 2.766 0.0 
964000 1758 513.679 3778.923 14.448 2.7421 0.0 
965000 1762 494.879 3837.735 14.541 2.6264 0.0 
966000 1766 475.357 3902.498 14.617 2.5146 0.0 
967000 1769 461.9 3951.519 14.675 2.4374 0.0 
968000 1771 469.763 3970.083 14.704 2.4757 0.0 
969000 1774 462.378 4019.015 14.808 2.4345 0.0 
970000 1778 444.327 4099.422 15.057 2.3328 0.0 
971000 1782 430.255 4150.655 14.998 2.2521 0.0 
972000 1784 428.546 4198.343 15.105 2.2451 0.0 
973000 1785 436.796 4205.139 14.975 2.3062 0.0 
974000 1787 435.998 4240.07 15.073 2.3026 0.0 
975000 1788 443.218 4258.242 15.105 2.3344 0.0 
976000 1790 458.247 4288.36 15.157 2.4138 0.0 
977000 1791 469.082 4304.952 15.18 2.4758 0.0 
978000 1793 469.506 4332.894 15.165 2.4823 0.0 
979000 1794 472.276 4347.5 15.147 2.5016 0.0 
980000 1795 482.831 4365.764 15.081 2.5884 0.0 
981000 1796 493.174 4378.638 15.118 2.6714 0.0 
982000 1797 503.311 4395.492 15.126 2.7263 0.0 
983000 1799 510.3 4421.209 15.076 2.7785 0.0 
984000 1801 514.972 4432.362 14.999 2.8094 0.0 
985000 1802 509.512 4460.196 14.993 2.7742 0.0 
986000 1803 519.322 4472.643 14.894 2.8381 0.0 
987000 1804 528.936 4485.798 14.889 2.9177 0.0 
988000 1805 538.357 4498.354 14.866 2.9879 0.0 
989000 1807 547.598 4527.224 14.823 3.0453 0.0 
990000 1808 556.646 4540.039 14.818 3.0972 0.0 
991000 1809 565.513 4552.44 14.767 3.1378 0.0 
992000 1810 574.203 4562.083 14.705 3.1921 0.0 
993000 1814 549.307 4630.664 14.873 3.036 0.0 
994000 1817 530.448 4677.305 14.87 2.9207 0.0 
995000 1819 532.806 4707.102 14.942 2.923 0.0 
996000 1821 532.003 4737.646 14.905 2.9176 0.0 
997000 1824 522.944 4785.612 14.984 2.8632 0.0 
998000 1826 517.537 4814.087 14.975 2.8292 0.0 
999000 1827 527.186 4828.14 14.871 2.8954 0.0 
1000000 1828 525.102 4845.703 14.903 2.8778 0.0 
