256 2 4.859 19.0 0.374 0.0303 0 208.0 0.0 
512 3 6.102 37.0 0.367 0.0975 1 437.0 21.7 
768 4 13.76 36.0 0.7 0.5825 1 436.0 21.7 
1024 6 17.453 51.0 0.751 0.845 2 604.0 47.23 
1280 7 21.324 76.0 1.196 1.1224 2 863.0 47.23 
1536 8 24.477 90.0 1.412 1.3535 2 1052.0 47.23 
1792 9 29.328 110.0 1.664 1.8359 3 1491.0 98.207 
2048 10 36.581 112.0 2.07 2.3718 3 2700.0 98.207 
2304 11 38.989 120.0 2.069 2.5453 3 2789.0 98.207 
2560 13 45.025 143.0 2.505 2.9788 4 3037.0 262.0863 
2816 14 47.905 157.0 2.594 3.1771 4 3226.0 262.0863 
3072 15 51.906 169.0 2.743 3.5481 5 3355.0 279.5777 
3328 17 55.775 195.0 3.165 4.0219 5 3673.0 279.5777 
3584 18 59.399 208.0 3.342 4.3288 6 3812.0 297.3199 
3840 20 62.128 224.0 3.581 4.6207 6 3990.0 297.3199 
4096 21 63.466 250.0 3.69 4.7504 7 4259.0 298.2879 
4352 24 68.303 264.0 4.273 5.2149 8 4426.0 312.1591 
4608 26 71.126 283.0 4.475 5.4654 8 4634.0 312.1591 
4864 27 72.004 307.0 4.506 5.5218 9 5113.0 308.6432 
5120 29 76.801 306.0 4.66 5.9724 9 5121.0 308.6432 
