10000 329 28.343 -248.0 -0.796 0.1287 65 -242.0 -3.9952 
20000 650 33.324 -482.0 -0.658 0.1512 130 -476.0 -3.2871 
30000 980 29.269 -731.0 -0.791 0.1336 196 -725.0 -3.9465 
40000 1299 31.279 -973.0 -0.779 0.3482 259 -967.0 -4.0213 
50000 1609 30.331 -1201.0 -0.781 0.3396 321 -1192.0 -4.0181 
60000 1945 28.025 -1465.0 -0.83 0.3145 389 -1453.0 -4.1452 
70000 2262 33.764 -1699.0 -0.676 0.3782 452 -1681.0 -3.218 
80000 2553 31.025 -1904.0 -0.77 0.348 510 -1886.0 -3.7733 
90000 2830 35.219 -2082.0 -0.672 0.3946 566 -2058.0 -3.244 
100000 3125 32.192 -2291.0 -0.761 0.3608 625 -2267.0 -3.7993 
110000 3432 33.956 -2523.0 -0.742 0.3805 686 -2499.0 -3.6403 
120000 3710 36.614 -2709.0 -0.642 0.4106 742 -2679.0 -2.9788 
130000 4019 30.194 -2936.0 -0.769 0.3389 803 -2903.0 -3.6964 
140000 4317 34.074 -3148.0 -0.701 0.3824 863 -3115.0 -3.4389 
150000 4624 32.736 -3380.0 -0.755 0.3674 924 -3347.0 -3.6638 
160000 4893 38.519 -3550.0 -0.596 0.4318 978 -3517.0 -3.1646 
170000 5203 36.475 -3778.0 -0.629 0.4088 1040 -3745.0 -3.0022 
180000 5483 39.201 -3964.0 -0.587 0.4392 1096 -3931.0 -3.0017 
190000 5776 35.904 -4168.0 -0.678 0.4005 1155 -4135.0 -3.3434 
200000 6078 35.864 -4383.0 -0.633 0.3996 1215 -4344.0 -2.8239 
210000 6301 43.819 -4483.0 -0.471 0.4878 1260 -4444.0 -2.2765 
220000 6533 43.529 -4592.0 -0.458 0.4847 1306 -4553.0 -2.4136 
230000 6754 46.857 -4686.0 -0.389 0.5215 1350 -4647.0 -1.8698 
240000 6935 45.434 -4715.0 -0.399 0.5056 1387 -4658.0 -1.6663 
250000 7052 86.05 -4633.0 0.755 0.9547 1410 -4543.0 5.8012 
260000 7146 107.874 -4511.0 1.339 1.1965 1429 -4352.0 9.6042 
270000 7241 106.055 -4387.0 1.366 1.1768 1448 -4183.0 9.9644 
280000 7319 131.774 -4231.0 2.066 1.4611 1463 -3973.0 14.1922 
290000 7384 151.521 -4055.0 2.612 1.6795 1476 -3710.0 18.2942 
300000 7452 143.383 -3873.0 2.541 1.5892 1490 -3435.0 19.2003 
310000 7510 167.846 -3687.0 3.166 1.8596 1502 -3135.0 26.0544 
320000 7571 160.798 -3502.0 2.944 1.7817 1514 -2878.0 22.2762 
330000 7628 171.791 -3301.0 3.393 1.9034 1525 -2566.0 28.2471 
340000 7671 208.221 -3094.0 4.259 2.3145 1534 -2242.0 33.2271 
350000 7717 213.394 -2873.0 4.556 2.3755 1543 -1859.0 38.2318 
360000 7761 225.809 -2654.0 4.963 2.515 1552 -1493.0 42.2561 
370000 7800 239.925 -2408.0 5.667 2.6727 1560 -1013.0 54.0515 
380000 7859 184.972 -2209.0 3.892 2.0612 1571 -706.0 33.3104 
390000 7905 209.528 -1978.0 4.757 2.3345 1581 -289.0 42.9051 
400000 7946 226.111 -1731.0 5.38 2.5176 1589 186.0 50.6755 
410000 7991 221.934 -1487.0 5.37 2.4706 1598 676.0 53.2853 
420000 8027 249.013 -1221.0 6.399 2.7712 1605 1248.0 67.4524 
430000 8071 243.351 -982.0 6.063 2.7085 1614 1697.0 58.2332 
440000 8113 241.061 -718.0 6.243 2.6832 1622 2240.0 62.1647 
450000 8150 253.575 -453.0 6.704 2.8202 1630 2859.0 75.3771 
460000 8194 236.943 -209.0 5.951 2.629 1638 3340.0 62.7147 
470000 8226 270.969 82.0 7.364 3.0018 1645 3979.0 75.9157 
480000 8263 273.754 360.0 7.42 3.0314 1652 4656.0 83.4716 
490000 8300 267.236 642.0 7.292 2.9648 1660 5364.0 85.7187 
500000 8331 290.526 949.0 8.432 3.2286 1666 6211.0 110.1723 
510000 8365 291.224 1250.0 8.575 3.2399 1673 7001.0 111.8497 
520000 8403 284.149 1570.0 8.763 3.1629 1680 7918.0 119.5335 
530000 8445 261.207 1883.0 8.079 2.9094 1689 8771.0 109.7387 
540000 8479 274.831 2183.0 8.313 3.0615 1695 9563.0 113.4681 
550000 8518 267.822 2483.0 8.123 2.9824 1703 10355.0 104.9748 
560000 8550 282.907 2854.0 9.398 3.1496 1710 11665.0 145.9978 
570000 8584 288.408 3173.0 9.269 3.2113 1716 12569.0 141.9789 
580000 8620 282.804 3500.0 9.209 3.1478 1724 13547.0 137.3839 
590000 8658 275.386 3788.0 8.419 3.0656 1731 14273.0 115.702 
600000 8691 280.751 4125.0 8.982 3.1245 1738 15345.0 139.527 
610000 8729 278.773 4444.0 9.037 3.103 1745 16288.0 119.5299 
620000 8758 311.185 4807.0 10.839 3.4632 1751 17494.0 155.6572 
630000 8785 335.284 5208.0 12.669 3.7312 1757 19020.0 228.8698 
640000 8811 353.565 5592.0 13.373 3.933 1762 20412.0 248.0739 
650000 8838 356.131 6040.0 14.147 3.9742 1767 22252.0 269.2949 
660000 8858 403.491 6413.0 15.557 4.5107 1771 23768.0 307.3148 
670000 8887 389.319 6777.0 14.859 4.3454 1777 25029.0 283.953 
680000 8910 396.515 7190.0 15.71 4.4206 1782 26708.0 306.7441 
690000 8942 355.044 7572.0 13.611 3.9572 1788 28011.0 249.8549 
700000 8966 376.981 7969.0 14.844 4.1977 1793 29545.0 287.5223 
710000 8996 361.915 8342.0 13.94 4.0299 1799 30821.0 257.2694 
720000 9015 415.622 8670.0 14.941 4.6239 1803 31911.0 267.0198 
730000 9046 371.236 9063.0 13.877 4.1302 1809 33369.0 255.6155 
740000 9071 377.188 9471.0 14.672 4.1958 1814 34947.0 281.1376 
750000 9096 378.995 9861.0 14.722 4.2158 1819 36381.0 283.1272 
760000 9130 339.879 10244.0 13.07 3.7814 1826 37835.0 240.4444 
770000 9152 385.55 10597.0 14.163 4.2811 1830 39112.0 261.9385 
780000 9174 410.052 10981.0 15.318 4.545 1834 40669.0 285.5136 
790000 9198 405.036 11368.0 15.175 4.4858 1839 42154.0 303.5374 
800000 9225 383.766 11736.0 14.457 4.2476 1845 43404.0 265.8702 
810000 9250 391.438 12107.0 14.716 4.3315 1850 44780.0 272.3671 
820000 9271 421.155 12503.0 15.775 4.6594 1854 46310.0 283.0886 
830000 9290 455.607 12811.0 16.427 5.0376 1858 47590.0 322.9771 
840000 9315 431.363 13182.0 15.69 4.7709 1863 48933.0 301.3432 
850000 9342 407.613 13560.0 15.012 4.5148 1868 50304.0 288.451 
860000 9370 387.644 13943.0 14.384 4.3008 1874 51746.0 266.0977 
870000 9393 404.341 14284.0 14.4 4.4892 1878 53053.0 276.983 
880000 9420 379.753 14667.0 13.891 4.2192 1884 54513.0 260.3851 
890000 9444 395.361 15082.0 15.361 4.3934 1888 56212.0 279.9323 
900000 9471 379.154 15458.0 14.6 4.2145 1894 57530.0 284.1568 
910000 9495 395.965 15879.0 15.789 4.4015 1899 59256.0 311.7191 
920000 9512 428.59 16177.0 15.398 4.7629 1902 60358.0 306.9422 
930000 9535 418.955 16565.0 15.355 4.6564 1907 61787.0 291.4697 
940000 9565 402.608 16927.0 14.94 4.4746 1913 63229.0 288.3142 
950000 9602 321.768 17237.0 11.07 3.5781 1920 64085.0 194.82 
960000 9621 393.676 17591.0 13.453 4.3752 1924 65375.0 239.9446 
970000 9648 384.714 17940.0 13.282 4.277 1929 66660.0 250.8116 
980000 9669 424.052 18300.0 14.85 4.7144 1933 68064.0 267.3465 
990000 9691 432.577 18650.0 15.193 4.8108 1938 69416.0 290.7837 
1000000 9710 452.943 19010.0 16.158 5.0363 1942 70805.0 309.455 
1010000 9739 394.727 19352.0 13.85 4.3909 1947 71873.0 260.933 
1020000 9762 404.846 19699.0 14.106 4.5035 1952 73087.0 254.729 
1030000 9785 416.604 20060.0 14.539 4.6342 1957 74453.0 262.9917 
1040000 9811 400.808 20482.0 14.955 4.4587 1962 76051.0 270.0592 
1050000 9839 388.266 20837.0 14.369 4.318 1967 77399.0 270.6104 
1060000 9857 437.226 21247.0 16.927 4.8604 1971 79093.0 303.716 
1070000 9878 454.768 21624.0 17.534 5.0544 1975 80616.0 330.2074 
1080000 9904 426.134 22017.0 16.513 4.7375 1980 82104.0 322.8448 
1090000 9930 401.525 22412.0 15.753 4.4652 1986 83537.0 302.6967 
1100000 9951 429.427 22757.0 16.115 4.774 1990 84869.0 315.6182 
1110000 9969 471.165 23125.0 17.427 5.2353 1993 86422.0 335.5327 
1120000 9991 462.725 23552.0 17.773 5.1424 1998 88079.0 336.8599 
1130000 10020 411.216 23891.0 15.474 4.5717 2004 89237.0 291.2118 
1140000 10043 406.092 24269.0 14.645 4.5081 2008 90752.0 286.6898 
1150000 10065 423.225 24608.0 15.449 4.6903 2013 92027.0 298.5506 
1160000 10082 476.511 24920.0 16.221 5.2751 2016 93263.0 323.3284 
1170000 10107 451.503 25261.0 15.32 5.0075 2021 94450.0 280.5573 
1180000 10126 465.95 25592.0 15.91 5.1719 2025 95765.0 311.6428 
1190000 10140 535.425 25808.0 16.113 5.9351 2028 96683.0 313.7036 
1200000 10163 496.96 26234.0 17.017 5.5144 2032 98423.0 321.796 
1210000 10185 457.021 26656.0 16.419 5.0747 2037 100084.0 324.7577 
1220000 10208 462.39 26986.0 16.406 5.1362 2041 101269.0 319.8786 
1230000 10230 454.103 27341.0 16.35 5.0354 2046 102566.0 313.7177 
1240000 10251 471.734 27724.0 17.318 5.2242 2050 104131.0 333.7991 
1250000 10270 485.226 28060.0 17.173 5.3677 2054 105427.0 337.8263 
1260000 10301 409.752 28408.0 14.422 4.5326 2060 106564.0 267.0383 
1270000 10330 383.01 28786.0 13.768 4.2362 2066 107932.0 245.455 
1280000 10363 338.208 29145.0 12.081 3.7408 2072 109170.0 223.6356 
1290000 10391 346.817 29541.0 12.949 3.8351 2078 110562.0 225.5001 
1300000 10420 349.553 29995.0 14.436 3.8651 2084 112444.0 277.5011 
1310000 10445 354.903 30389.0 14.379 3.9239 2089 113855.0 271.5685 
1320000 10470 388.373 30759.0 15.098 4.2939 2094 115401.0 292.8094 
1330000 10493 405.91 31177.0 16.422 4.4876 2098 117019.0 299.541 
1340000 10512 446.451 31537.0 16.8 4.9339 2102 118501.0 335.7954 
1350000 10539 417.28 31950.0 16.644 4.6128 2107 120162.0 323.1824 
1360000 10562 423.909 32278.0 15.837 4.6866 2112 121291.0 309.1221 
1370000 10583 442.892 32701.0 17.32 4.8959 2116 123082.0 332.6435 
1380000 10615 372.784 33090.0 14.563 4.1225 2123 124614.0 287.373 
1390000 10636 394.972 33511.0 15.519 4.3666 2127 126316.0 306.22 
1400000 10662 396.689 33903.0 15.987 4.3849 2132 127863.0 301.7717 
1410000 10687 412.984 34302.0 16.572 4.5632 2137 129507.0 319.0026 
1420000 10713 399.921 34695.0 15.839 4.4195 2142 131049.0 336.0937 
1430000 10735 412.483 35111.0 16.756 4.5576 2147 132734.0 338.7648 
1440000 10759 422.115 35465.0 16.171 4.6649 2151 134093.0 332.4126 
1450000 10774 475.271 35740.0 15.983 5.2491 2154 135019.0 289.0178 
1460000 10799 458.334 36133.0 16.395 5.0637 2159 136570.0 334.384 
1470000 10825 423.811 36518.0 15.685 4.683 2165 138035.0 301.8306 
1480000 10850 401.293 36919.0 15.14 4.4344 2170 139519.0 290.4042 
1490000 10878 396.043 37297.0 15.065 4.3764 2175 140869.0 265.0322 
1500000 10894 446.806 37631.0 16.775 4.9356 2178 142196.0 304.0445 
1510000 10913 476.199 38026.0 18.069 5.2645 2182 143821.0 339.6238 
1520000 10936 464.99 38374.0 17.084 5.1497 2187 145039.0 324.8883 
1530000 10956 476.682 38745.0 17.379 5.2831 2191 146631.0 354.1262 
1540000 10982 443.322 39159.0 16.639 4.9178 2196 148200.0 318.6968 
1550000 11006 435.963 39528.0 16.516 4.8386 2201 149679.0 332.0469 
1560000 11025 456.009 39890.0 17.128 5.0526 2205 151070.0 336.9645 
1570000 11045 465.195 40261.0 17.232 5.1484 2209 152521.0 344.6992 
1580000 11071 445.704 40698.0 17.601 4.9292 2214 154317.0 351.1693 
1590000 11095 436.727 41105.0 17.36 4.828 2219 156038.0 351.1982 
1600000 11119 417.201 41491.0 16.869 4.6119 2223 157486.0 325.1177 
1610000 11146 410.217 41845.0 15.621 4.5331 2229 158695.0 290.8722 
1620000 11170 418.169 42158.0 14.752 4.6198 2234 159845.0 278.469 
1630000 11195 408.696 42531.0 14.74 4.5156 2239 161214.0 276.5333 
1640000 11216 435.396 42912.0 15.956 4.8088 2243 162747.0 314.1121 
1650000 11240 402.585 43293.0 14.83 4.4478 2248 164097.0 282.9501 
1660000 11262 439.161 43666.0 16.579 4.8509 2252 165661.0 307.0783 
1670000 11285 432.067 44049.0 16.56 4.772 2257 167157.0 329.0385 
1680000 11308 434.447 44455.0 17.044 4.7978 2261 168763.0 334.3703 
1690000 11330 426.062 44816.0 16.255 4.705 2266 170081.0 317.3818 
1700000 11354 432.415 45222.0 16.839 4.7748 2270 171768.0 320.102 
1710000 11378 416.433 45655.0 16.379 4.6116 2275 173506.0 334.3094 
1720000 11401 428.485 46027.0 16.801 4.7509 2280 174856.0 331.9973 
1730000 11425 430.102 46442.0 17.207 4.7717 2285 176657.0 351.2472 
1740000 11445 452.481 46783.0 17.062 5.021 2289 177997.0 344.275 
1750000 11459 509.076 47159.0 19.273 5.6495 2291 179510.0 381.4128 
1760000 11481 481.859 47553.0 18.546 5.3447 2296 181035.0 378.1986 
1770000 11511 421.339 47968.0 16.727 4.6668 2302 182617.0 330.9486 
1780000 11533 426.513 48302.0 15.849 4.7187 2306 183935.0 316.8712 
1790000 11554 448.228 48687.0 16.907 4.9552 2310 185487.0 330.9709 
1800000 11576 446.254 49040.0 16.355 4.9311 2315 186782.0 318.9169 
1810000 11600 439.948 49419.0 16.245 4.8608 2320 188283.0 318.25 
1820000 11621 457.237 49787.0 16.792 5.0491 2324 189788.0 339.5023 
1830000 11643 453.2 50167.0 16.797 5.0044 2328 191227.0 330.0646 
1840000 11663 452.118 50542.0 16.297 4.9915 2332 192820.0 332.1501 
1850000 11684 466.689 50871.0 16.837 5.1595 2336 194124.0 359.0628 
1860000 11705 456.735 51296.0 17.524 5.0484 2341 195890.0 361.7815 
1870000 11730 440.622 51707.0 17.328 4.8691 2346 197612.0 357.9776 
1880000 11756 408.133 52099.0 16.016 4.51 2351 199033.0 323.6264 
1890000 11780 413.302 52502.0 16.387 4.5675 2356 200654.0 324.061 
1900000 11806 403.061 52906.0 16.135 4.4533 2361 202261.0 324.735 
1910000 11826 431.968 53281.0 16.789 4.771 2365 203806.0 346.2417 
