10000 836 11.946 4097.18 4.831 0.0078 0 0 0 
20000 1671 12.098 8192.203 5.011 0.0079 0 0 0 
30000 2138 20.552 13921.728 16.982 0.1269 0 0 0 
40000 2546 25.461 22546.094 22.82 0.1662 0 0 0 
50000 2924 26.512 31100.264 22.226 0.1755 0 0 0 
60000 3345 26.219 39200.569 19.786 0.1704 0 0 0 
70000 3695 28.658 47691.731 25.191 0.1864 0 0 0 
80000 4018 37.626 56336.137 30.92 0.2492 0 0 0 
90000 4193 75.567 63169.832 45.865 0.4818 0 0 0 
100000 4305 77.713 69841.202 53.489 0.5088 0 0 0 
110000 4376 129.295 76266.273 85.033 0.8456 0 0 0 
120000 4432 156.582 82906.513 104.954 1.0174 0 0 0 
130000 4534 94.725 90864.29 74.517 0.5776 0 0 0 
140000 4665 72.628 99500.107 64.053 0.2898 0 0 0 
150000 4775 95.252 107954.336 79.491 0.4559 0 0 0 
160000 4875 99.268 116404.478 83.123 0.4815 0 0 0 
170000 5010 72.213 125668.995 67.897 0.3514 0 0 0 
180000 5126 93.292 134449.392 79.97 0.4459 0 0 0 
190000 5217 110.381 142255.275 86.268 0.5291 0 0 0 
200000 5281 143.907 149718.889 110.115 0.6853 0 0 0 
210000 5319 221.282 155901.932 144.921 1.0578 0 0 0 
220000 5336 315.611 161658.608 193.651 1.5184 0 0 0 
230000 5360 351.912 167599.957 213.486 1.6967 0 0 0 
240000 5383 393.687 173565.732 236.853 1.9065 0 0 0 
250000 5404 411.496 179353.864 244.486 1.9902 0 0 0 
260000 5421 456.148 184935.999 265.65 2.2216 0 0 0 
270000 5437 500.28 190809.236 292.236 2.4321 0 0 0 
280000 5467 407.793 197193.173 247.262 1.9729 0 0 0 
290000 5547 184.806 205075.667 129.213 0.8905 0 0 0 
300000 5611 163.898 212916.012 124.7 0.7893 0 0 0 
310000 5659 185.305 219609.886 130.266 0.8836 0 0 0 
320000 5678 308.242 225047.059 186.813 1.4805 0 0 0 
330000 5691 405.575 230870.399 242.837 1.9361 0 0 0 
340000 5701 514.312 236274.997 294.439 2.4555 0 0 0 
350000 5711 603.157 242414.343 354.864 2.8814 0 0 0 
360000 5722 668.163 248025.682 388.38 3.1961 0 0 0 
370000 5735 686.412 253746.618 398.665 3.2954 0 0 0 
380000 5750 676.161 259797.184 395.472 3.2093 0 0 0 
390000 5776 561.521 266533.273 340.652 2.6689 0 0 0 
400000 5789 618.118 273184.159 386.623 2.9374 0 0 0 
410000 5807 584.334 279649.426 370.013 2.7852 0 0 0 
420000 5828 541.134 286039.274 345.365 2.5731 0 0 0 
430000 5842 589.188 291814.488 363.657 2.799 0 0 0 
440000 5854 635.748 296824.031 372.338 3.0294 0 0 0 
450000 5868 660.343 302640.673 386.34 3.1421 0 0 0 
460000 5880 692.059 308102.749 397.61 3.2977 0 0 0 
470000 5897 660.145 314041.548 383.078 3.1436 0 0 0 
480000 5911 661.73 319710.59 382.699 3.1568 0 0 0 
490000 5923 707.825 326210.108 420.738 3.3761 0 0 0 
500000 5937 695.341 333205.417 432.359 3.315 0 0 0 
510000 5948 742.063 339624.458 465.092 3.528 0 0 0 
520000 5958 786.407 345957.288 493.265 3.7435 0 0 0 
530000 5969 826.105 352575.002 525.153 3.9293 0 0 0 
540000 5979 845.537 359545.172 547.605 4.0351 0 0 0 
550000 5989 873.792 366639.75 577.467 4.1908 0 0 0 
560000 5999 896.879 373816.278 602.783 4.3146 0 0 0 
570000 6009 915.743 380968.978 623.438 4.4073 0 0 0 
580000 6019 931.156 389201.481 660.493 4.4794 0 0 0 
590000 6031 917.292 397016.572 663.497 4.404 0 0 0 
600000 6042 908.653 404882.118 667.664 4.3541 0 0 0 
610000 6057 857.94 412397.205 633.399 4.1314 0 0 0 
620000 6067 869.703 419829.156 645.735 4.1879 0 0 0 
630000 6077 893.538 427485.304 665.511 4.301 0 0 0 
640000 6089 896.341 435931.673 685.36 4.3071 0 0 0 
650000 6099 901.795 444296.0 701.632 4.3494 0 0 0 
660000 6110 914.044 452018.908 710.516 4.4088 0 0 0 
670000 6122 898.466 459618.353 695.228 4.3422 0 0 0 
680000 6135 860.365 468032.653 679.671 4.1517 0 0 0 
690000 6148 832.997 477290.275 676.205 4.0169 0 0 0 
700000 6159 852.404 486460.348 715.62 4.0915 0 0 0 
710000 6174 803.258 495658.051 686.406 3.8629 0 0 0 
720000 6186 816.579 504565.567 705.854 3.9245 0 0 0 
730000 6196 838.039 512809.654 717.416 4.0287 0 0 0 
740000 6208 845.652 522524.933 744.102 4.0627 0 0 0 
750000 6220 829.51 529578.142 704.901 3.9868 0 0 0 
760000 6245 663.121 536755.378 539.468 3.1837 0 0 0 
770000 6271 545.111 543189.73 419.66 2.6179 0 0 0 
780000 6283 603.881 549289.651 436.286 2.901 0 0 0 
790000 6298 623.084 557198.206 461.711 3.0073 0 0 0 
800000 6310 662.013 564324.768 487.982 3.2005 0 0 0 
810000 6322 710.94 572536.316 535.421 3.4437 0 0 0 
820000 6337 694.047 580081.848 522.296 3.358 0 0 0 
830000 6350 714.076 589702.947 576.388 3.4629 0 0 0 
840000 6365 686.74 598826.614 576.04 3.3253 0 0 0 
850000 6379 702.462 611787.577 664.249 3.3988 0 0 0 
860000 6393 710.395 623760.113 717.938 3.4228 0 0 0 
870000 6404 741.368 637341.78 802.959 3.5734 0 0 0 
880000 6417 755.786 650879.369 872.513 3.6391 0 0 0 
890000 6429 776.107 663000.624 906.978 3.759 0 0 0 
900000 6439 817.063 676090.125 984.964 3.9675 0 0 0 
910000 6450 840.267 688821.228 1022.107 4.0693 0 0 0 
920000 6462 835.699 704588.549 1079.357 4.0353 0 0 0 
930000 6474 837.71 718812.058 1106.801 4.0214 0 0 0 
940000 6486 822.979 733801.504 1113.897 3.9557 0 0 0 
950000 6497 852.394 749865.604 1208.183 4.0976 0 0 0 
960000 6507 863.971 764985.518 1238.541 4.1592 0 0 0 
970000 6518 877.179 781793.755 1304.623 4.2092 0 0 0 
980000 6528 899.646 794736.382 1311.023 4.3281 0 0 0 
990000 6540 890.45 802292.491 1162.899 4.2849 0 0 0 
1000000 6552 877.902 814659.815 1131.199 4.2221 0 0 0 
1010000 6563 884.958 826742.203 1124.343 4.2417 0 0 0 
1020000 6575 879.447 840754.71 1145.109 4.2107 0 0 0 
1030000 6589 842.155 855608.603 1130.128 4.0412 0 0 0 
1040000 6602 818.658 869942.299 1115.964 3.9143 0 0 0 
1050000 6616 799.561 886273.258 1139.131 3.8343 0 0 0 
1060000 6628 805.93 901111.834 1155.73 3.8725 0 0 0 
1070000 6642 774.001 914682.888 1102.629 3.6982 0 0 0 
1080000 6657 745.252 930978.846 1089.641 3.5876 0 0 0 
1090000 6668 793.794 949826.66 1244.12 3.8316 0 0 0 
1100000 6680 796.261 966118.183 1257.739 3.8627 0 0 0 
1110000 6690 833.53 983844.146 1352.869 4.0503 0 0 0 
1120000 6700 863.982 999648.605 1395.737 4.2051 0 0 0 
1130000 6712 862.283 1015194.412 1379.659 4.2013 0 0 0 
1140000 6722 873.089 1032263.842 1415.706 4.2579 0 0 0 
1150000 6732 896.305 1049121.257 1461.855 4.371 0 0 0 
1160000 6743 909.438 1066175.445 1498.38 4.442 0 0 0 
1170000 6753 926.005 1084872.423 1565.945 4.5232 0 0 0 
1180000 6763 936.33 1103670.602 1617.47 4.5729 0 0 0 
1190000 6774 933.588 1122430.54 1639.483 4.5609 0 0 0 
1200000 6786 912.029 1140806.606 1616.391 4.4566 0 0 0 
1210000 6797 900.47 1158806.035 1596.894 4.3885 0 0 0 
1220000 6812 845.983 1174137.491 1463.657 4.1251 0 0 0 
1230000 6824 838.161 1188635.421 1395.265 4.0802 0 0 0 
1240000 6835 865.301 1204840.242 1436.044 4.2173 0 0 0 
1250000 6846 867.025 1222917.651 1464.233 4.2266 0 0 0 
1260000 6857 867.781 1239597.629 1461.196 4.2411 0 0 0 
1270000 6869 872.25 1258703.978 1511.47 4.2789 0 0 0 
1280000 6880 866.705 1277165.803 1520.383 4.2388 0 0 0 
1290000 6893 852.202 1295870.051 1516.254 4.1795 0 0 0 
1300000 6906 826.295 1312375.716 1444.824 4.0588 0 0 0 
1310000 6918 831.56 1328804.993 1437.04 4.1014 0 0 0 
1320000 6929 846.36 1345561.633 1453.458 4.1659 0 0 0 
1330000 6940 857.934 1362735.5 1473.761 4.2274 0 0 0 
1340000 6952 852.875 1378412.757 1438.711 4.2096 0 0 0 
1350000 6963 865.913 1395376.122 1461.794 4.2593 0 0 0 
1360000 6973 890.441 1411973.519 1498.51 4.3702 0 0 0 
1370000 6984 884.303 1428354.337 1477.581 4.3419 0 0 0 
1380000 6996 881.053 1442100.517 1417.73 4.3347 0 0 0 
1390000 7006 892.894 1457170.308 1425.019 4.3741 0 0 0 
1400000 7018 881.49 1473842.921 1410.291 4.3203 0 0 0 
1410000 7029 889.371 1489836.895 1428.272 4.3516 0 0 0 
1420000 7042 859.516 1505363.072 1368.964 4.2004 0 0 0 
1430000 7053 870.496 1517497.476 1320.608 4.2411 0 0 0 
1440000 7064 885.618 1533217.533 1350.154 4.3097 0 0 0 
1450000 7075 891.487 1548604.75 1362.511 4.3198 0 0 0 
1460000 7085 898.903 1563932.357 1369.934 4.3493 0 0 0 
1470000 7097 891.607 1580435.63 1384.027 4.2976 0 0 0 
1480000 7108 888.605 1597686.773 1410.482 4.2848 0 0 0 
1490000 7126 796.643 1614255.214 1276.631 3.8331 0 0 0 
1500000 7138 804.717 1628961.465 1264.07 3.8587 0 0 0 
1510000 7151 798.307 1646014.549 1280.054 3.8362 0 0 0 
1520000 7162 811.15 1661759.004 1292.979 3.9204 0 0 0 
1530000 7181 725.015 1676294.612 1135.0 3.4918 0 0 0 
1540000 7192 756.743 1692013.789 1185.019 3.6567 0 0 0 
1550000 7202 794.845 1708891.048 1266.843 3.8522 0 0 0 
1560000 7213 821.869 1725971.354 1331.636 3.991 0 0 0 
1570000 7224 842.556 1741321.766 1347.896 4.0917 0 0 0 
1580000 7236 845.461 1757329.546 1353.077 4.1036 0 0 0 
1590000 7246 866.553 1771789.87 1359.949 4.1956 0 0 0 
1600000 7257 872.751 1787823.902 1372.282 4.2367 0 0 0 
1610000 7267 893.615 1805287.02 1436.096 4.3424 0 0 0 
1620000 7278 905.176 1822676.765 1482.705 4.3992 0 0 0 
1630000 7289 897.692 1840057.579 1484.775 4.3738 0 0 0 
1640000 7299 916.407 1856912.502 1521.057 4.472 0 0 0 
1650000 7311 907.366 1870773.391 1461.733 4.432 0 0 0 
1660000 7321 913.947 1888084.629 1494.139 4.4588 0 0 0 
1670000 7332 924.835 1904154.601 1508.299 4.4947 0 0 0 
1680000 7342 929.125 1917373.837 1468.692 4.5138 0 0 0 
1690000 7352 934.719 1933410.894 1468.327 4.531 0 0 0 
1700000 7363 940.357 1949312.675 1485.979 4.5607 0 0 0 
1710000 7373 947.505 1965735.981 1513.734 4.6019 0 0 0 
1720000 7384 941.931 1979982.118 1470.249 4.5816 0 0 0 
1730000 7394 952.554 1997181.954 1513.903 4.6183 0 0 0 
1740000 7406 920.836 2012835.68 1459.989 4.4515 0 0 0 
1750000 7417 925.499 2027052.653 1436.644 4.4753 0 0 0 
1760000 7431 871.878 2039489.778 1304.16 4.2196 0 0 0 
1770000 7444 846.926 2051342.062 1220.418 4.0704 0 0 0 
1780000 7459 808.9 2062804.868 1105.784 3.8923 0 0 0 
1790000 7469 837.314 2077946.521 1170.846 4.0322 0 0 0 
1800000 7480 848.526 2090836.697 1163.904 4.0967 0 0 0 
1810000 7496 782.06 2102314.351 1042.583 3.7779 0 0 0 
1820000 7507 809.694 2112770.634 1014.046 3.926 0 0 0 
1830000 7521 782.664 2127234.611 1013.925 3.7866 0 0 0 
1840000 7531 822.42 2143759.616 1138.988 3.9778 0 0 0 
1850000 7542 850.701 2158259.683 1186.835 4.1067 0 0 0 
1860000 7552 878.012 2174599.609 1265.126 4.2314 0 0 0 
1870000 7562 900.327 2191482.391 1341.851 4.3476 0 0 0 
1880000 7572 918.56 2208837.393 1414.024 4.4487 0 0 0 
1890000 7583 918.43 2225067.801 1428.205 4.4539 0 0 0 
1900000 7594 920.905 2242241.095 1461.921 4.4669 0 0 0 
1910000 7607 877.813 2256619.025 1360.399 4.2714 0 0 0 
1920000 7618 881.542 2273728.166 1399.071 4.2842 0 0 0 
1930000 7628 903.212 2292248.723 1481.397 4.3715 0 0 0 
1940000 7640 894.149 2309694.203 1484.511 4.3248 0 0 0 
1950000 7651 898.661 2326518.819 1497.394 4.3366 0 0 0 
1960000 7661 917.051 2343626.17 1536.77 4.4095 0 0 0 
1970000 7671 932.224 2361515.698 1583.345 4.4935 0 0 0 
1980000 7682 917.98 2379186.108 1571.144 4.4098 0 0 0 
1990000 7693 924.815 2398820.795 1630.043 4.4465 0 0 0 
2000000 7704 919.371 2418694.295 1659.228 4.4389 0 0 0 
2010000 7717 882.741 2437784.632 1610.298 4.2528 0 0 0 
2020000 7730 858.087 2455400.601 1557.093 4.1357 0 0 0 
2030000 7742 846.582 2472844.907 1524.114 4.075 0 0 0 
2040000 7757 799.895 2488837.491 1401.687 3.8613 0 0 0 
2050000 7769 810.86 2505308.204 1402.048 3.9132 0 0 0 
2060000 7781 815.206 2522063.156 1397.876 3.9383 0 0 0 
2070000 7791 837.984 2539935.05 1452.887 4.0404 0 0 0 
2080000 7802 859.256 2557104.599 1484.573 4.1384 0 0 0 
2090000 7812 879.416 2572944.614 1493.386 4.2169 0 0 0 
2100000 7824 878.035 2590071.215 1494.152 4.2279 0 0 0 
2110000 7834 900.346 2607214.696 1534.73 4.3388 0 0 0 
2120000 7845 895.266 2620184.97 1451.838 4.3267 0 0 0 
2130000 7858 870.534 2633852.726 1369.146 4.2047 0 0 0 
2140000 7872 835.238 2645140.493 1231.447 4.0262 0 0 0 
2150000 7885 816.073 2658710.295 1182.362 3.876 0 0 0 
2160000 7896 829.705 2675177.486 1235.255 3.5242 0 0 0 
2170000 7908 843.56 2690226.83 1264.434 3.2212 0 0 0 
2180000 7918 872.177 2707233.633 1345.298 3.0668 0 0 0 
2190000 7928 891.69 2724368.023 1411.528 2.9248 0 0 0 
2200000 7939 885.608 2734615.643 1313.838 2.752 0 0 0 
2210000 7951 886.851 2746305.978 1248.277 2.6137 0 0 0 
2220000 7962 880.166 2757683.845 1186.6 2.4973 0 0 0 
2230000 7973 892.655 2773658.492 1246.507 2.4424 0 0 0 
2240000 7983 906.403 2788689.158 1294.348 2.4174 0 0 0 
2250000 7994 917.096 2805799.121 1356.781 2.3903 0 0 0 
2260000 8004 932.262 2822170.053 1409.215 2.3817 0 0 0 
2270000 8014 944.653 2837421.043 1430.904 2.3742 0 0 0 
2280000 8024 954.777 2852966.048 1451.858 2.3713 0 0 0 
2290000 8034 963.05 2869302.372 1485.514 2.369 0 0 0 
2300000 8044 968.757 2883685.378 1476.745 2.3669 0 0 0 
2310000 8055 957.478 2896899.74 1421.4 2.3239 0 0 0 
2320000 8065 952.155 2912483.417 1423.272 2.3002 0 0 0 
2330000 8076 946.544 2928856.224 1441.818 2.2725 0 0 0 
2340000 8089 910.753 2937702.308 1271.567 2.1787 0 0 0 
2350000 8103 857.355 2947363.992 1125.355 2.103 0 0 0 
2360000 8115 857.128 2959277.103 1098.816 2.1931 0 0 0 
2370000 8129 824.822 2967763.857 979.375 2.153 0 0 0 
2380000 8142 811.264 2976341.539 905.63 2.2674 0 0 0 
2390000 8154 816.912 2985782.903 880.204 2.6683 0 0 0 
2400000 8167 800.056 2997710.018 881.426 2.6103 0 0 0 
2410000 8179 793.968 3009051.393 877.585 2.4496 0 0 0 
2420000 8194 771.19 3022522.585 897.614 2.3584 0 0 0 
2430000 8213 698.722 3032485.032 785.134 2.1157 0 0 0 
2440000 8223 746.024 3042802.164 821.493 2.2249 0 0 0 
2450000 8235 773.416 3055134.795 875.202 2.5138 0 0 0 
2460000 8246 786.795 3069409.108 936.359 2.8293 0 0 0 
2470000 8256 825.796 3085457.946 1058.228 3.1899 0 0 0 
2480000 8266 857.663 3103084.419 1184.572 3.4812 0 0 0 
2490000 8277 877.343 3120121.424 1271.57 3.72 0 0 0 
2500000 8288 882.539 3136495.993 1315.397 3.8405 0 0 0 
2510000 8298 904.026 3150847.884 1341.694 4.0095 0 0 0 
2520000 8310 884.454 3166403.375 1317.973 3.9815 0 0 0 
2530000 8321 894.336 3182039.366 1347.079 4.0951 0 0 0 
2540000 8332 894.608 3196524.272 1336.591 4.155 0 0 0 
2550000 8342 907.314 3211489.273 1355.749 4.2441 0 0 0 
2560000 8354 903.976 3225065.053 1325.662 4.2528 0 0 0 
2570000 8369 839.551 3239667.319 1231.267 3.9479 0 0 0 
2580000 8380 856.553 3253076.522 1232.834 4.0481 0 0 0 
2590000 8391 855.348 3267823.905 1252.477 4.0626 0 0 0 
2600000 8404 831.635 3283974.675 1228.421 3.9657 0 0 0 
2610000 8418 802.298 3299714.412 1200.252 3.845 0 0 0 
2620000 8428 838.463 3316131.599 1282.173 4.0278 0 0 0 
2630000 8439 864.487 3331397.951 1324.235 4.1253 0 0 0 
2640000 8449 884.594 3347749.229 1373.993 4.2222 0 0 0 
2650000 8459 893.533 3364603.446 1407.831 4.2759 0 0 0 
2660000 8470 906.099 3381340.254 1448.875 4.3394 0 0 0 
2670000 8480 913.262 3399971.242 1503.133 4.382 0 0 0 
2680000 8490 929.128 3418272.183 1562.627 4.481 0 0 0 
2690000 8501 926.444 3435294.87 1568.051 4.4608 0 0 0 
2700000 8512 922.854 3452695.431 1570.56 4.4388 0 0 0 
2710000 8524 908.904 3470197.524 1555.453 4.3637 0 0 0 
2720000 8534 925.203 3487142.926 1579.09 4.4532 0 0 0 
2730000 8545 927.108 3503661.592 1576.154 4.4667 0 0 0 
2740000 8555 940.442 3521005.923 1602.711 4.5293 0 0 0 
2750000 8565 939.792 3537435.476 1589.609 4.526 0 0 0 
2760000 8576 946.99 3553510.494 1588.746 4.5665 0 0 0 
2770000 8587 942.991 3571292.636 1599.576 4.5295 0 0 0 
2780000 8597 947.8 3589379.593 1628.25 4.5359 0 0 0 
2790000 8608 941.262 3604369.409 1580.198 4.5154 0 0 0 
2800000 8619 926.29 3620224.169 1530.852 4.4343 0 0 0 
2810000 8629 939.774 3635094.513 1528.744 4.5081 0 0 0 
2820000 8640 942.493 3648556.073 1481.217 4.5212 0 0 0 
2830000 8650 946.467 3664858.819 1501.672 4.5464 0 0 0 
2840000 8661 944.804 3682352.485 1527.233 4.5503 0 0 0 
2850000 8672 940.057 3699962.02 1546.201 4.5153 0 0 0 
2860000 8682 951.022 3716754.407 1572.56 4.5538 0 0 0 
2870000 8696 884.409 3734329.012 1479.779 4.2391 0 0 0 
2880000 8708 871.219 3751841.468 1471.233 4.1737 0 0 0 
2890000 8719 889.476 3767865.614 1487.787 4.2455 0 0 0 
2900000 8730 896.712 3786734.555 1539.432 4.2975 0 0 0 
2910000 8740 909.906 3803893.151 1564.076 4.3712 0 0 0 
2920000 8753 874.753 3820092.378 1485.244 4.1996 0 0 0 
2930000 8764 884.112 3837431.291 1506.192 4.2353 0 0 0 
2940000 8775 893.167 3855873.064 1550.107 4.2635 0 0 0 
2950000 8785 901.19 3873233.704 1564.419 4.2853 0 0 0 
2960000 8795 919.265 3889896.844 1583.372 4.3705 0 0 0 
2970000 8808 897.76 3907083.598 1545.145 4.2824 0 0 0 
2980000 8818 916.462 3924271.022 1577.585 4.3671 0 0 0 
2990000 8829 901.512 3941095.127 1541.047 4.298 0 0 0 
3000000 8841 894.594 3958410.565 1538.423 4.2723 0 0 0 
3010000 8853 874.508 3975592.487 1497.122 4.1894 0 0 0 
3020000 8865 871.644 3991848.433 1480.991 4.1894 0 0 0 
3030000 8877 867.992 4007798.494 1451.869 4.1796 0 0 0 
3040000 8890 838.234 4025681.443 1429.911 4.0265 0 0 0 
3050000 8908 765.194 4038627.215 1228.741 3.674 0 0 0 
3060000 8920 776.938 4055980.75 1270.978 3.7359 0 0 0 
3070000 8932 782.833 4073478.218 1295.163 3.765 0 0 0 
3080000 8944 799.758 4089122.91 1307.99 3.8648 0 0 0 
3090000 8954 827.404 4108673.188 1406.6 3.9769 0 0 0 
3100000 8964 858.976 4125789.04 1457.766 4.1295 0 0 0 
3110000 8975 869.129 4144443.656 1506.161 4.1649 0 0 0 
3120000 8985 893.069 4164610.322 1598.879 4.2841 0 0 0 
3130000 8996 895.217 4184257.827 1642.295 4.296 0 0 0 
3140000 9008 891.774 4204412.507 1665.445 4.2809 0 0 0 
3150000 9019 897.346 4223870.188 1691.405 4.3112 0 0 0 
3160000 9029 904.1 4244487.616 1734.509 4.3395 0 0 0 
3170000 9039 921.643 4264547.771 1784.441 4.4352 0 0 0 
3180000 9051 898.211 4282052.652 1700.907 4.3274 0 0 0 
3190000 9061 916.831 4299990.424 1718.227 4.4113 0 0 0 
3200000 9071 932.045 4319649.282 1763.914 4.4811 0 0 0 
3210000 9082 943.921 4337782.11 1774.797 4.5471 0 0 0 
3220000 9092 942.39 4356808.293 1775.256 4.5153 0 0 0 
3230000 9105 912.132 4374797.528 1705.393 4.3793 0 0 0 
3240000 9116 907.584 4390743.047 1645.526 4.3503 0 0 0 
3250000 9126 920.373 4411002.566 1704.465 4.4131 0 0 0 
3260000 9136 934.939 4428959.034 1724.544 4.4894 0 0 0 
3270000 9147 938.149 4446436.42 1711.67 4.5092 0 0 0 
3280000 9158 931.677 4465000.687 1704.969 4.4793 0 0 0 
3290000 9169 924.099 4483210.19 1689.468 4.4378 0 0 0 
3300000 9179 937.984 4502654.916 1734.96 4.5218 0 0 0 
3310000 9190 932.643 4521686.933 1736.867 4.4993 0 0 0 
3320000 9200 944.964 4542308.83 1797.119 4.5603 0 0 0 
3330000 9210 955.032 4561550.291 1820.202 4.5968 0 0 0 
3340000 9220 962.844 4582288.035 1864.326 4.6435 0 0 0 
3350000 9230 961.644 4602000.982 1867.577 4.6487 0 0 0 
3360000 9240 968.66 4622584.299 1900.765 4.6902 0 0 0 
3370000 9250 974.393 4642902.967 1924.614 4.6988 0 0 0 
3380000 9260 979.077 4662485.77 1931.266 4.7274 0 0 0 
3390000 9270 982.905 4682603.92 1948.257 4.748 0 0 0 
3400000 9284 922.143 4701012.495 1801.592 4.446 0 0 0 
3410000 9298 869.099 4719627.91 1683.585 4.192 0 0 0 
3420000 9308 890.157 4739533.146 1731.368 4.3138 0 0 0 
3430000 9319 887.827 4758077.221 1710.434 4.3021 0 0 0 
3440000 9329 908.346 4775623.891 1717.117 4.3876 0 0 0 
3450000 9339 925.112 4794767.685 1758.307 4.4334 0 0 0 
3460000 9349 938.811 4813848.384 1782.048 4.4964 0 0 0 
3470000 9361 915.088 4829575.593 1682.278 4.3859 0 0 0 
3480000 9372 929.58 4848222.304 1712.935 4.4618 0 0 0 
3490000 9382 942.462 4867517.369 1752.374 4.5137 0 0 0 
3500000 9394 916.198 4886172.038 1706.414 4.4007 0 0 0 
3510000 9404 917.2 4904946.598 1706.772 4.4134 0 0 0 
3520000 9416 911.979 4922125.622 1675.747 4.39 0 0 0 
3530000 9426 928.08 4938002.101 1657.822 4.4669 0 0 0 
3540000 9436 929.189 4955224.095 1648.408 4.4787 0 0 0 
3550000 9446 942.142 4973088.104 1673.344 4.5393 0 0 0 
3560000 9456 952.726 4991515.963 1704.584 4.5993 0 0 0 
3570000 9466 958.975 5010037.444 1726.054 4.6165 0 0 0 
3580000 9477 964.038 5028538.215 1744.864 4.663 0 0 0 
3590000 9487 959.744 5046117.144 1727.477 4.6424 0 0 0 
3600000 9498 950.515 5063223.342 1691.477 4.5909 0 0 0 
3610000 9510 932.797 5079807.96 1641.418 4.5281 0 0 0 
3620000 9523 887.758 5096195.275 1542.228 4.3085 0 0 0 
3630000 9533 908.29 5113773.252 1577.954 4.3989 0 0 0 
3640000 9543 925.066 5131728.825 1617.53 4.4858 0 0 0 
3650000 9554 925.476 5147993.703 1597.88 4.4706 0 0 0 
3660000 9567 888.267 5163049.424 1496.528 4.2819 0 0 0 
3670000 9579 868.971 5177031.843 1407.684 4.1789 0 0 0 
3680000 9594 823.398 5192404.154 1323.39 3.9564 0 0 0 
3690000 9606 829.375 5206249.894 1291.754 3.9899 0 0 0 
3700000 9618 831.392 5222656.75 1309.012 4.006 0 0 0 
3710000 9630 831.29 5239204.203 1326.219 4.0077 0 0 0 
3720000 9643 816.612 5254057.712 1281.625 3.9539 0 0 0 
3730000 9653 837.674 5268871.364 1296.323 4.0622 0 0 0 
3740000 9664 853.531 5285650.098 1343.451 4.1284 0 0 0 
3750000 9676 860.734 5301048.853 1350.351 4.1573 0 0 0 
3760000 9687 854.056 5318835.959 1372.478 4.1454 0 0 0 
3770000 9699 858.598 5331788.758 1328.677 4.1782 0 0 0 
3780000 9709 872.312 5348463.107 1386.957 4.2293 0 0 0 
3790000 9719 895.67 5363222.252 1389.17 4.3502 0 0 0 
3800000 9729 914.755 5376719.196 1380.548 4.4418 0 0 0 
3810000 9741 900.953 5394657.558 1411.613 4.3705 0 0 0 
3820000 9752 901.741 5412237.109 1443.766 4.3725 0 0 0 
3830000 9764 884.932 5428373.973 1419.485 4.2959 0 0 0 
3840000 9776 872.17 5445076.25 1420.103 4.2335 0 0 0 
3850000 9787 895.28 5461307.313 1453.862 4.3526 0 0 0 
3860000 9797 914.436 5478523.533 1503.042 4.422 0 0 0 
3870000 9808 911.061 5494177.366 1483.648 4.3999 0 0 0 
3880000 9821 880.032 5510936.112 1439.152 4.253 0 0 0 
3890000 9831 901.977 5527327.042 1478.145 4.3402 0 0 0 
3900000 9841 905.859 5544133.553 1487.471 4.3576 0 0 0 
3910000 9852 920.508 5560784.066 1519.483 4.4314 0 0 0 
3920000 9863 904.985 5575271.175 1460.4 4.1643 0 0 0 
3930000 9873 922.366 5592173.339 1494.881 3.8309 0 0 0 
3940000 9884 921.127 5609622.847 1514.401 3.4945 0 0 0 
3950000 9894 935.555 5627237.585 1561.097 3.2892 0 0 0 
3960000 9905 941.202 5641668.183 1530.613 3.091 0 0 0 
3970000 9915 947.707 5659192.599 1564.768 2.9465 0 0 0 
3980000 9926 934.611 5676386.68 1554.009 2.7737 0 0 0 
3990000 9936 943.592 5691288.86 1534.519 2.6942 0 0 0 
4000000 9949 905.372 5706690.804 1468.709 2.5009 0 0 0 
