10000 84 95.345 3834.694 37.357 0.1429 0 0 0 
20000 174 104.307 7964.989 42.733 0.1555 0 0 0 
30000 192 247.365 11727.944 97.226 0.7738 0 0 0 
40000 251 184.494 17461.041 92.78 0.6526 0 0 0 
50000 317 162.647 22845.275 84.145 0.6068 0 0 0 
60000 327 315.822 28348.52 169.487 1.1947 0 0 0 
70000 337 428.473 33816.083 233.348 1.633 0 0 0 
80000 349 527.204 39658.691 293.13 2.0106 0 0 0 
90000 360 601.203 45581.77 340.524 2.295 0 0 0 
100000 370 674.154 52062.164 396.393 2.5776 0 0 0 
110000 383 696.722 58319.222 416.864 2.6664 0 0 0 
120000 398 680.274 64638.513 411.258 2.6055 0 0 0 
130000 409 727.821 70917.318 445.39 2.7876 0 0 0 
140000 424 702.576 76729.777 428.947 2.6927 0 0 0 
150000 435 755.309 81735.828 436.521 2.9005 0 0 0 
160000 446 774.563 87638.869 449.015 2.9748 0 0 0 
170000 458 798.449 93394.674 463.477 3.069 0 0 0 
180000 468 835.318 99537.482 490.875 3.2087 0 0 0 
190000 479 851.294 105651.112 504.901 3.2665 0 0 0 
200000 490 852.874 110882.117 492.734 3.2752 0 0 0 
210000 500 879.788 116646.468 510.376 3.3786 0 0 0 
220000 510 899.482 121946.655 509.499 3.4598 0 0 0 
230000 520 917.869 128086.854 528.717 3.5389 0 0 0 
240000 530 929.713 134232.98 541.654 3.5841 0 0 0 
250000 540 942.571 139566.605 541.176 3.6384 0 0 0 
260000 550 952.389 145217.822 546.414 3.6831 0 0 0 
270000 560 961.098 151119.902 554.972 3.7192 0 0 0 
280000 570 968.215 156888.826 557.127 3.7481 0 0 0 
290000 580 974.029 162459.913 559.028 3.7744 0 0 0 
300000 591 963.505 166967.376 529.161 3.7427 0 0 0 
310000 601 970.181 171871.264 522.012 3.7662 0 0 0 
320000 611 975.636 176868.021 517.563 3.7896 0 0 0 
330000 623 959.454 181496.595 497.857 3.724 0 0 0 
340000 634 934.832 187351.969 500.235 3.6288 0 0 0 
350000 644 946.753 192694.26 504.841 3.6746 0 0 0 
360000 655 951.391 197910.791 503.566 3.6943 0 0 0 
370000 665 960.283 204031.053 523.884 3.7254 0 0 0 
380000 675 967.548 209693.267 530.593 3.7512 0 0 0 
390000 685 973.485 215336.981 537.393 3.7759 0 0 0 
400000 695 978.335 221238.449 546.692 3.7945 0 0 0 
410000 705 982.298 227460.603 560.107 3.8118 0 0 0 
420000 715 985.536 234667.403 589.562 3.8233 0 0 0 
430000 725 974.925 241756.325 605.12 3.7765 0 0 0 
440000 735 979.512 248221.569 613.392 3.7926 0 0 0 
450000 745 983.26 254787.988 622.087 3.804 0 0 0 
460000 755 986.322 260763.374 614.255 3.8182 0 0 0 
470000 766 987.857 266906.146 615.231 3.8266 0 0 0 
480000 776 990.078 273655.201 625.891 3.8318 0 0 0 
490000 786 981.905 279823.317 617.553 3.7991 0 0 0 
500000 796 985.215 287009.485 635.1 3.8176 0 0 0 
510000 807 979.793 294625.888 655.042 3.8043 0 0 0 
520000 817 983.489 301627.078 663.039 3.8266 0 0 0 
530000 827 986.509 308887.457 674.378 3.8394 0 0 0 
540000 837 988.977 316613.031 692.341 3.8471 0 0 0 
550000 847 990.994 323770.226 697.617 3.8533 0 0 0 
560000 857 992.641 330929.235 700.973 3.8587 0 0 0 
570000 867 993.987 338012.812 702.435 3.8636 0 0 0 
580000 877 995.087 345155.686 704.671 3.8632 0 0 0 
590000 887 995.986 351907.444 699.333 3.8626 0 0 0 
600000 897 996.72 359355.502 707.455 3.8568 0 0 0 
610000 907 997.32 366591.286 710.833 3.86 0 0 0 
620000 917 997.81 374351.214 723.325 3.8643 0 0 0 
630000 927 998.211 381419.369 719.845 3.8642 0 0 0 
640000 937 998.538 389549.486 735.873 3.8554 0 0 0 
650000 947 998.806 397769.668 752.742 3.8475 0 0 0 
660000 957 999.024 405557.024 756.784 3.8518 0 0 0 
670000 967 999.203 413012.048 754.57 3.8487 0 0 0 
680000 977 999.348 420007.81 743.738 3.8524 0 0 0 
690000 987 999.468 427410.676 743.563 3.8536 0 0 0 
700000 997 984.939 435250.06 736.162 3.8022 0 0 0 
710000 1007 987.694 443562.631 756.677 3.8094 0 0 0 
720000 1017 989.945 450771.235 748.75 3.8152 0 0 0 
730000 1027 991.784 459087.101 762.619 3.8185 0 0 0 
740000 1037 993.287 467515.726 774.071 3.8177 0 0 0 
750000 1047 994.515 475803.333 787.6 3.8195 0 0 0 
760000 1057 995.519 484825.662 807.452 3.8204 0 0 0 
770000 1067 996.338 493116.568 814.647 3.8221 0 0 0 
780000 1077 997.008 500753.17 803.656 3.8301 0 0 0 
790000 1087 997.555 510365.311 827.46 3.8164 0 0 0 
800000 1097 998.003 521043.263 873.736 3.8192 0 0 0 
810000 1107 998.368 531153.145 903.114 3.824 0 0 0 
820000 1117 998.667 538453.905 876.341 3.8382 0 0 0 
830000 1127 998.91 546669.882 861.456 3.8496 0 0 0 
840000 1137 999.11 555438.969 860.331 3.8515 0 0 0 
850000 1147 999.273 565772.856 892.917 3.8499 0 0 0 
860000 1157 999.406 574702.495 896.777 3.8551 0 0 0 
870000 1167 999.514 584076.185 901.938 3.8563 0 0 0 
880000 1177 999.603 592752.002 896.785 3.8613 0 0 0 
890000 1187 999.676 601228.987 886.731 3.8622 0 0 0 
900000 1197 999.735 609742.164 883.304 3.859 0 0 0 
910000 1207 999.784 618139.782 870.764 3.8587 0 0 0 
920000 1217 999.823 625843.7 855.49 3.8633 0 0 0 
930000 1227 999.856 634346.34 851.277 3.8659 0 0 0 
940000 1237 999.882 645130.527 890.657 3.8684 0 0 0 
950000 1247 999.904 654729.833 908.054 3.8702 0 0 0 
960000 1257 999.921 664580.716 915.266 3.868 0 0 0 
970000 1267 999.936 675238.951 946.003 3.8662 0 0 0 
980000 1277 999.947 684914.59 953.578 3.865 0 0 0 
990000 1287 999.957 696202.666 988.897 3.8646 0 0 0 
1000000 1298 985.34 703983.867 934.202 3.8132 0 0 0 
1010000 1308 988.022 714211.009 955.244 3.8237 0 0 0 
1020000 1318 990.213 723872.836 951.218 3.837 0 0 0 
1030000 1328 992.003 732923.048 939.381 3.8464 0 0 0 
1040000 1338 993.466 744118.261 971.893 3.8519 0 0 0 
1050000 1348 994.661 754898.807 995.086 3.8602 0 0 0 
1060000 1358 995.638 763647.441 976.228 3.8703 0 0 0 
1070000 1368 996.436 774522.633 988.729 3.8727 0 0 0 
1080000 1379 984.656 785847.703 1008.007 3.8239 0 0 0 
1090000 1389 987.463 796892.209 1023.023 3.8298 0 0 0 
1100000 1399 989.756 807963.579 1039.741 3.8331 0 0 0 
1110000 1409 991.63 818267.772 1038.12 3.8368 0 0 0 
1120000 1419 993.161 828910.401 1040.01 3.8409 0 0 0 
1130000 1429 994.412 841062.964 1074.014 3.8428 0 0 0 
1140000 1439 995.434 853402.569 1104.032 3.8446 0 0 0 
1150000 1449 996.269 864898.677 1112.077 3.8448 0 0 0 
1160000 1459 996.952 876828.913 1131.22 3.86 0 0 0 
1170000 1469 996.703 889089.382 1145.843 3.9007 0 0 0 
1180000 1479 997.306 902685.842 1184.15 3.8924 0 0 0 
1190000 1489 997.799 916057.707 1211.358 3.8865 0 0 0 
1200000 1499 998.201 929009.786 1227.93 3.8853 0 0 0 
1210000 1509 998.53 941821.328 1235.778 3.888 0 0 0 
1220000 1519 998.799 953839.63 1228.518 3.884 0 0 0 
1230000 1529 999.019 965871.456 1224.065 3.8764 0 0 0 
1240000 1539 999.198 978038.983 1224.438 3.8746 0 0 0 
1250000 1549 999.345 990570.21 1225.796 3.8685 0 0 0 
1260000 1559 999.465 1003709.908 1241.239 3.856 0 0 0 
1270000 1569 999.563 1019123.178 1295.404 3.8534 0 0 0 
1280000 1579 999.643 1033006.42 1312.301 3.8491 0 0 0 
1290000 1589 999.708 1048502.641 1355.929 3.8483 0 0 0 
1300000 1599 999.761 1063740.79 1384.058 3.8388 0 0 0 
1310000 1609 999.805 1077811.436 1389.922 3.8339 0 0 0 
1320000 1619 999.841 1094300.984 1437.645 3.8315 0 0 0 
1330000 1629 999.87 1106155.697 1394.062 3.8304 0 0 0 
1340000 1639 999.894 1121231.619 1414.034 3.8254 0 0 0 
1350000 1649 999.913 1137095.797 1445.759 3.818 0 0 0 
1360000 1659 999.929 1150849.637 1435.237 3.8222 0 0 0 
1370000 1669 999.942 1166186.556 1451.647 3.8256 0 0 0 
1380000 1679 999.953 1179993.304 1441.074 3.8345 0 0 0 
1390000 1689 999.961 1194404.132 1439.885 3.8383 0 0 0 
1400000 1699 999.968 1207441.789 1414.104 3.8471 0 0 0 
1410000 1709 999.974 1220503.578 1391.19 3.8433 0 0 0 
1420000 1719 999.979 1231368.646 1333.407 3.8538 0 0 0 
1430000 1729 999.983 1243440.066 1311.008 3.8572 0 0 0 
1440000 1739 999.986 1253577.932 1261.173 3.8644 0 0 0 
1450000 1749 999.988 1264854.997 1230.374 3.8662 0 0 0 
1460000 1759 999.991 1279927.261 1281.995 3.8672 0 0 0 
1470000 1769 999.992 1294459.756 1312.908 3.8682 0 0 0 
1480000 1779 999.994 1308809.107 1334.085 3.8712 0 0 0 
1490000 1789 999.995 1322801.44 1345.584 3.8733 0 0 0 
1500000 1799 999.996 1335868.26 1337.547 3.8784 0 0 0 
1510000 1809 999.997 1349752.111 1346.676 3.8831 0 0 0 
1520000 1819 999.997 1363377.176 1346.66 3.8847 0 0 0 
1530000 1829 999.998 1377414.73 1359.509 3.8797 0 0 0 
1540000 1839 999.998 1392139.427 1380.026 3.8795 0 0 0 
1550000 1849 999.998 1405391.32 1370.591 3.8772 0 0 0 
1560000 1859 999.999 1419383.686 1380.657 3.8768 0 0 0 
1570000 1869 999.999 1431984.469 1354.192 3.8712 0 0 0 
1580000 1879 999.999 1447591.364 1390.832 3.8663 0 0 0 
1590000 1889 999.999 1462834.221 1415.167 3.8626 0 0 0 
1600000 1899 999.999 1474574.127 1368.843 3.8675 0 0 0 
1610000 1909 1000.0 1488928.435 1379.739 3.867 0 0 0 
1620000 1919 1000.0 1502320.249 1371.993 3.8699 0 0 0 
1630000 1929 1000.0 1517099.388 1391.39 3.8679 0 0 0 
1640000 1939 1000.0 1527259.135 1323.783 3.8733 0 0 0 
1650000 1949 1000.0 1536866.916 1257.274 3.8819 0 0 0 
1660000 1959 1000.0 1552573.452 1311.598 3.878 0 0 0 
1670000 1969 1000.0 1563841.025 1279.747 3.8822 0 0 0 
1680000 1979 1000.0 1578244.045 1308.129 3.8809 0 0 0 
1690000 1989 1000.0 1591966.531 1317.454 3.8812 0 0 0 
1700000 1999 1000.0 1604843.751 1314.55 3.8825 0 0 0 
1710000 2009 1000.0 1616655.22 1285.857 3.8856 0 0 0 
1720000 2019 1000.0 1629427.246 1287.392 3.88 0 0 0 
1730000 2029 1000.0 1644050.445 1319.789 3.878 0 0 0 
1740000 2039 1000.0 1658246.841 1338.696 3.8787 0 0 0 
1750000 2049 1000.0 1672532.795 1353.366 3.8684 0 0 0 
1760000 2059 1000.0 1687848.25 1385.115 3.869 0 0 0 
1770000 2069 1000.0 1704060.126 1428.783 3.8722 0 0 0 
1780000 2079 1000.0 1718652.837 1435.18 3.8713 0 0 0 
1790000 2089 1000.0 1731314.244 1404.686 3.8739 0 0 0 
1800000 2099 1000.0 1744970.474 1398.557 3.8744 0 0 0 
1810000 2109 1000.0 1759543.657 1405.162 3.8759 0 0 0 
1820000 2119 1000.0 1775215.915 1437.662 3.8777 0 0 0 
1830000 2129 1000.0 1787453.409 1397.828 3.879 0 0 0 
1840000 2139 1000.0 1798373.887 1344.031 3.8809 0 0 0 
1850000 2149 1000.0 1806854.433 1250.956 3.8825 0 0 0 
1860000 2159 1000.0 1819408.432 1253.389 3.8838 0 0 0 
1870000 2169 1000.0 1831824.88 1253.642 3.8867 0 0 0 
1880000 2179 1000.0 1844467.795 1247.135 3.888 0 0 0 
1890000 2190 988.286 1854615.62 1189.611 3.8456 0 0 0 
1900000 2200 990.429 1865659.909 1175.619 3.8567 0 0 0 
1910000 2210 983.976 1878348.713 1179.473 3.8315 0 0 0 
1920000 2220 986.907 1889500.746 1169.201 3.8354 0 0 0 
1930000 2230 989.302 1901068.426 1163.191 3.8389 0 0 0 
1940000 2241 976.657 1912696.153 1145.634 3.796 0 0 0 
1950000 2252 953.766 1922502.398 1098.296 3.7107 0 0 0 
1960000 2263 951.937 1934374.031 1094.457 3.7068 0 0 0 
1970000 2273 960.542 1946806.75 1116.616 3.7379 0 0 0 
1980000 2283 967.76 1959448.935 1146.646 3.7631 0 0 0 
1990000 2293 973.657 1972981.01 1187.236 3.7852 0 0 0 
2000000 2303 978.476 1987889.32 1231.285 3.8032 0 0 0 
2010000 2313 982.413 2004223.315 1308.273 3.8168 0 0 0 
2020000 2323 985.63 2018906.922 1334.851 3.8268 0 0 0 
2030000 2333 988.259 2033736.725 1359.078 3.8326 0 0 0 
2040000 2343 990.407 2048760.219 1395.828 3.8412 0 0 0 
2050000 2353 992.162 2064504.795 1423.344 3.846 0 0 0 
2060000 2363 993.596 2079068.493 1426.392 3.8477 0 0 0 
2070000 2373 994.767 2092335.269 1408.383 3.8445 0 0 0 
2080000 2383 995.724 2107151.189 1420.054 3.8462 0 0 0 
2090000 2393 996.506 2124572.871 1478.18 3.8476 0 0 0 
2100000 2403 997.146 2141167.361 1509.71 3.8445 0 0 0 
2110000 2413 997.668 2157571.578 1531.713 3.8468 0 0 0 
2120000 2423 998.094 2172199.026 1521.778 3.8502 0 0 0 
2130000 2433 998.443 2187247.475 1516.831 3.8456 0 0 0 
2140000 2443 998.728 2202918.705 1527.917 3.8423 0 0 0 
2150000 2453 998.96 2219673.703 1556.092 3.8347 0 0 0 
2160000 2463 999.151 2235407.702 1562.518 3.8296 0 0 0 
2170000 2473 999.306 2249461.938 1529.029 3.8322 0 0 0 
2180000 2483 999.433 2264708.882 1527.563 3.832 0 0 0 
2190000 2493 999.537 2281558.309 1554.372 3.8361 0 0 0 
2200000 2503 999.621 2296514.225 1545.319 3.8378 0 0 0 
2210000 2514 985.008 2313476.278 1551.507 3.7834 0 0 0 
2220000 2524 987.751 2329207.672 1553.825 3.8024 0 0 0 
2230000 2534 989.991 2345027.341 1560.031 3.8136 0 0 0 
2240000 2544 991.822 2361733.191 1581.592 3.8159 0 0 0 
2250000 2554 993.318 2376122.275 1554.288 3.8225 0 0 0 
2260000 2564 994.54 2392514.793 1570.284 3.8295 0 0 0 
2270000 2574 995.539 2409189.494 1597.227 3.8377 0 0 0 
2280000 2584 996.355 2425498.368 1595.27 3.8407 0 0 0 
2290000 2594 997.022 2439807.573 1560.391 3.8478 0 0 0 
2300000 2604 997.567 2452955.333 1517.703 3.8554 0 0 0 
2310000 2614 998.012 2463269.659 1432.178 3.8668 0 0 0 
2320000 2624 998.375 2477926.259 1431.934 3.8707 0 0 0 
2330000 2634 998.673 2493822.32 1460.835 3.8691 0 0 0 
2340000 2644 998.915 2508561.053 1463.266 3.8717 0 0 0 
2350000 2654 999.114 2521823.182 1442.45 3.8733 0 0 0 
2360000 2664 999.276 2535592.657 1427.856 3.8759 0 0 0 
2370000 2674 999.408 2552770.078 1479.771 3.8744 0 0 0 
2380000 2684 999.517 2569125.841 1506.692 3.8775 0 0 0 
2390000 2694 999.605 2584090.485 1505.09 3.875 0 0 0 
2400000 2704 999.677 2596338.324 1453.969 3.8778 0 0 0 
2410000 2714 999.736 2611193.998 1457.611 3.8808 0 0 0 
2420000 2724 999.785 2627183.328 1482.808 3.8788 0 0 0 
2430000 2734 999.824 2645875.275 1552.897 3.8742 0 0 0 
2440000 2744 999.856 2663229.585 1590.196 3.8695 0 0 0 
2450000 2754 999.882 2679330.028 1593.402 3.8661 0 0 0 
2460000 2764 999.904 2695351.312 1593.315 3.8668 0 0 0 
2470000 2774 999.922 2711896.762 1607.11 3.8673 0 0 0 
2480000 2784 999.936 2728446.678 1612.779 3.8652 0 0 0 
2490000 2794 999.948 2739458.219 1519.707 3.874 0 0 0 
2500000 2804 999.957 2751947.69 1467.353 3.8783 0 0 0 
2510000 2814 999.965 2768187.921 1496.871 3.8799 0 0 0 
2520000 2824 999.971 2782668.291 1486.542 3.8786 0 0 0 
2530000 2834 999.977 2799211.456 1520.094 3.882 0 0 0 
2540000 2844 999.981 2816042.211 1547.834 3.8796 0 0 0 
2550000 2854 999.984 2834710.808 1605.942 3.8741 0 0 0 
2560000 2864 999.987 2851968.479 1628.084 3.8787 0 0 0 
2570000 2874 999.99 2869653.008 1655.111 3.875 0 0 0 
2580000 2884 999.991 2888751.524 1703.983 3.8708 0 0 0 
2590000 2894 999.993 2907577.778 1732.625 3.8649 0 0 0 
2600000 2904 999.994 2924937.523 1736.531 3.8626 0 0 0 
2610000 2914 999.995 2940258.286 1697.425 3.861 0 0 0 
2620000 2924 999.996 2957025.307 1696.768 3.8609 0 0 0 
2630000 2934 999.997 2972685.499 1670.579 3.8595 0 0 0 
2640000 2944 999.997 2987924.774 1645.12 3.8622 0 0 0 
2650000 2954 991.903 3003767.823 1619.499 3.8285 0 0 0 
2660000 2965 984.605 3017132.783 1554.779 3.7975 0 0 0 
2670000 2976 971.934 3034275.073 1560.574 3.7447 0 0 0 
2680000 2986 963.834 3049513.908 1526.977 3.7148 0 0 0 
2690000 2996 970.449 3063526.739 1503.816 3.743 0 0 0 
2700000 3006 975.855 3080856.977 1544.396 3.7624 0 0 0 
2710000 3016 980.272 3097810.425 1576.323 3.7768 0 0 0 
2720000 3026 983.881 3114557.587 1592.808 3.7873 0 0 0 
2730000 3036 986.829 3131723.149 1613.628 3.7987 0 0 0 
2740000 3046 989.239 3147291.907 1603.398 3.811 0 0 0 
2750000 3056 991.207 3162567.72 1583.422 3.8214 0 0 0 
2760000 3066 992.816 3180093.87 1616.946 3.8108 0 0 0 
2770000 3077 979.194 3196892.788 1607.72 3.7482 0 0 0 
2780000 3087 983.0 3213767.184 1618.408 3.757 0 0 0 
2790000 3097 986.11 3230087.179 1633.593 3.7698 0 0 0 
2800000 3107 988.651 3241899.737 1556.342 3.7837 0 0 0 
2810000 3117 990.727 3252904.663 1473.167 3.7994 0 0 0 
2820000 3127 992.423 3266845.912 1455.231 3.8085 0 0 0 
2830000 3137 992.589 3280146.068 1435.128 3.8124 0 0 0 
2840000 3147 993.945 3296412.707 1477.265 3.8199 0 0 0 
2850000 3157 995.052 3309212.797 1427.201 3.8331 0 0 0 
2860000 3168 988.586 3319477.485 1344.945 3.8123 0 0 0 
2870000 3178 983.848 3332418.596 1333.62 3.7936 0 0 0 
2880000 3189 972.192 3344819.146 1296.194 3.7469 0 0 0 
2890000 3199 977.279 3356365.249 1272.896 3.7723 0 0 0 
2900000 3209 969.407 3366426.485 1206.586 3.7418 0 0 0 
2910000 3219 975.003 3379162.252 1232.226 3.7608 0 0 0 
2920000 3229 979.576 3389586.198 1201.364 3.779 0 0 0 
2930000 3239 983.312 3400207.102 1178.48 3.7886 0 0 0 
2940000 3249 986.365 3409265.246 1129.994 3.8045 0 0 0 
2950000 3260 975.688 3421078.549 1118.622 3.7626 0 0 0 
2960000 3270 980.135 3431853.958 1110.666 3.7817 0 0 0 
2970000 3280 983.769 3443532.016 1115.534 3.7974 0 0 0 
2980000 3290 986.738 3459098.888 1194.459 3.8097 0 0 0 
2990000 3300 989.164 3473733.761 1254.485 3.8213 0 0 0 
3000000 3310 991.146 3489724.683 1306.211 3.8249 0 0 0 
3010000 3320 992.766 3507014.222 1387.36 3.8303 0 0 0 
3020000 3330 994.089 3525862.815 1470.348 3.8366 0 0 0 
3030000 3340 995.17 3544156.787 1535.22 3.8395 0 0 0 
3040000 3350 996.054 3562968.327 1599.481 3.8412 0 0 0 
3050000 3360 996.776 3575059.166 1536.254 3.8521 0 0 0 
3060000 3370 997.366 3584909.649 1442.594 3.8625 0 0 0 
3070000 3380 997.847 3601996.055 1482.556 3.8658 0 0 0 
3080000 3390 998.241 3619072.599 1523.081 3.865 0 0 0 
3090000 3400 998.563 3636326.789 1557.101 3.8669 0 0 0 
3100000 3410 998.826 3656144.203 1639.335 3.865 0 0 0 
3110000 3420 999.041 3673567.447 1653.955 3.8582 0 0 0 
3120000 3431 982.732 3691131.704 1642.023 3.7873 0 0 0 
3130000 3441 985.891 3709250.12 1671.579 3.7904 0 0 0 
3140000 3451 988.472 3727397.923 1702.672 3.7898 0 0 0 
3150000 3461 990.581 3744175.273 1695.272 3.8032 0 0 0 
3160000 3471 992.304 3755510.453 1594.689 3.8169 0 0 0 
3170000 3481 993.712 3771190.142 1583.224 3.8232 0 0 0 
3180000 3491 994.862 3787259.696 1591.366 3.8299 0 0 0 
3190000 3502 981.076 3804295.017 1590.599 3.779 0 0 0 
3200000 3512 984.537 3820885.305 1601.684 3.7915 0 0 0 
3210000 3522 982.053 3841110.165 1666.159 3.7826 0 0 0 
3220000 3532 985.336 3861971.995 1743.698 3.7904 0 0 0 
3230000 3542 988.018 3880611.99 1767.381 3.7967 0 0 0 
3240000 3553 977.268 3899399.852 1765.043 3.7497 0 0 0 
3250000 3563 981.426 3918478.557 1799.63 3.7608 0 0 0 
3260000 3574 963.229 3938560.546 1788.526 3.6929 0 0 0 
3270000 3584 969.956 3959893.153 1846.097 3.7219 0 0 0 
3280000 3594 975.451 3979191.395 1862.07 3.7506 0 0 0 
3290000 3604 979.942 3999488.342 1894.98 3.7729 0 0 0 
3300000 3614 983.611 4019947.899 1921.942 3.7874 0 0 0 
3310000 3624 986.609 4039093.494 1926.291 3.7958 0 0 0 
3320000 3634 989.059 4060718.063 1964.746 3.8036 0 0 0 
3330000 3644 991.06 4082019.406 1996.339 3.8115 0 0 0 
3340000 3654 992.696 4102653.34 2003.197 3.8165 0 0 0 
3350000 3664 994.032 4124143.759 2035.842 3.8173 0 0 0 
3360000 3674 995.123 4144585.979 2033.603 3.8188 0 0 0 
3370000 3684 996.016 4166041.398 2076.188 3.8181 0 0 0 
3380000 3694 996.744 4185608.041 2039.142 3.8204 0 0 0 
3390000 3705 989.903 4201830.974 1952.528 3.7902 0 0 0 
3400000 3715 991.75 4221701.733 1959.898 3.7979 0 0 0 
3410000 3725 993.259 4241243.71 1961.324 3.8033 0 0 0 
3420000 3735 994.493 4263575.622 2010.418 3.7935 0 0 0 
3430000 3745 995.5 4285440.761 2042.339 3.7973 0 0 0 
3440000 3755 996.323 4305719.338 2039.559 3.7984 0 0 0 
3450000 3765 996.996 4328129.006 2077.146 3.799 0 0 0 
3460000 3775 997.545 4350441.432 2104.799 3.8044 0 0 0 
3470000 3785 997.994 4372036.158 2115.237 3.8119 0 0 0 
3480000 3795 998.361 4393493.48 2120.069 3.8121 0 0 0 
3490000 3805 998.661 4415259.167 2129.151 3.8152 0 0 0 
3500000 3815 998.906 4434613.97 2094.206 3.8241 0 0 0 
3510000 3825 999.106 4453878.588 2063.752 3.8271 0 0 0 
3520000 3835 999.27 4472208.562 2021.976 3.8303 0 0 0 
3530000 3845 999.403 4493516.719 2041.455 3.8303 0 0 0 
3540000 3855 999.512 4512969.373 2025.947 3.8263 0 0 0 
3550000 3865 999.602 4533800.632 2036.127 3.8144 0 0 0 
3560000 3875 999.674 4555112.617 2052.947 3.8222 0 0 0 
3570000 3885 999.734 4571467.47 1975.03 3.8242 0 0 0 
3580000 3895 999.783 4584764.397 1855.06 3.8248 0 0 0 
3590000 3905 999.822 4601313.083 1817.953 3.8294 0 0 0 
3600000 3915 984.288 4620212.009 1788.685 3.7721 0 0 0 
3610000 3925 987.162 4642242.284 1868.494 3.7804 0 0 0 
3620000 3935 989.51 4663593.053 1921.02 3.787 0 0 0 
3630000 3945 991.429 4687422.096 2003.621 3.7929 0 0 0 
3640000 3955 992.997 4708698.896 2028.086 3.8051 0 0 0 
3650000 3965 994.278 4729236.733 2028.971 3.8179 0 0 0 
3660000 3976 986.097 4749250.155 2008.919 3.79 0 0 0 
3670000 3986 988.64 4767744.49 1980.364 3.8045 0 0 0 
3680000 3996 990.718 4786444.22 1960.33 3.807 0 0 0 
3690000 4007 977.628 4804699.994 1909.675 3.7601 0 0 0 
3700000 4017 981.721 4826457.805 1958.176 3.7709 0 0 0 
3710000 4027 985.065 4844330.564 1931.403 3.7762 0 0 0 
3720000 4037 987.797 4863470.324 1928.007 3.7786 0 0 0 
3730000 4047 990.029 4882860.121 1939.071 3.7916 0 0 0 
3740000 4057 991.853 4898190.316 1860.679 3.8011 0 0 0 
3750000 4067 993.343 4917620.044 1875.12 3.7999 0 0 0 
3760000 4077 994.561 4940397.012 1948.631 3.8062 0 0 0 
3770000 4087 995.556 4963811.748 2019.697 3.813 0 0 0 
3780000 4097 996.369 4985953.515 2056.084 3.8207 0 0 0 
3790000 4107 997.033 5008640.244 2093.321 3.8253 0 0 0 
3800000 4117 997.576 5024913.535 2013.865 3.8325 0 0 0 
3810000 4127 998.019 5042597.454 1973.308 3.8379 0 0 0 
3820000 4137 998.382 5057052.52 1878.61 3.8435 0 0 0 
3830000 4147 993.709 5074358.917 1843.56 3.8306 0 0 0 
3840000 4157 994.86 5090796.445 1818.472 3.8296 0 0 0 
3850000 4168 988.231 5106325.296 1747.683 3.804 0 0 0 
3860000 4178 984.253 5122152.331 1705.324 3.788 0 0 0 
3870000 4188 987.134 5143129.097 1775.012 3.7846 0 0 0 
3880000 4198 989.487 5160601.258 1774.672 3.7927 0 0 0 
3890000 4208 991.411 5175589.355 1721.012 3.8036 0 0 0 
3900000 4218 992.982 5192274.132 1711.313 3.8137 0 0 0 
3910000 4228 994.266 5213051.1 1774.039 3.8169 0 0 0 
3920000 4238 995.315 5232690.981 1809.717 3.8235 0 0 0 
3930000 4248 996.172 5253041.546 1853.547 3.8278 0 0 0 
3940000 4258 996.872 5271989.085 1859.612 3.8297 0 0 0 
3950000 4268 997.444 5292855.005 1895.52 3.8337 0 0 0 
3960000 4278 997.912 5312895.339 1917.897 3.8343 0 0 0 
3970000 4288 998.294 5334830.609 1973.694 3.8344 0 0 0 
3980000 4298 998.606 5355567.979 1990.925 3.8344 0 0 0 
3990000 4308 998.861 5377730.641 2026.406 3.8241 0 0 0 
4000000 4318 999.069 5399226.495 2050.105 3.8182 0 0 0 
