10000.0 25.5 4093.5891 3425.0544 4762.1238 0.4094 0.3425 0.4762 67.1482 47.8284 86.4681 
20000.0 52.125 8277.301 6875.2043 9679.3977 0.4139 0.3438 0.484 115.7618 74.2144 157.3091 
30000.0 103.5 11349.0224 9612.516 13085.5288 0.3783 0.3204 0.4362 92.869 36.987 148.751 
40000.0 216.625 15896.685 13995.2949 17798.0751 0.3974 0.3499 0.445 73.6734 35.0015 112.3453 
50000.0 279.125 21165.5718 19359.3261 22971.8174 0.4233 0.3872 0.4594 105.8968 72.624 139.1695 
60000.0 290.75 26695.7387 24788.7575 28602.72 0.4449 0.4131 0.4767 183.0725 153.6965 212.4485 
70000.0 301.5 31987.1231 29810.4297 34163.8166 0.457 0.4259 0.4881 243.2865 215.6322 270.9408 
80000.0 315.875 37306.4089 34976.6859 39636.1319 0.4663 0.4372 0.4955 278.221 239.2752 317.1668 
90000.0 326.5 43102.1434 40593.0584 45611.2284 0.4789 0.451 0.5068 331.0651 295.6028 366.5275 
100000.0 336.625 48815.4754 46013.4245 51617.5263 0.4882 0.4601 0.5162 374.1395 342.1877 406.0913 
110000.0 347.375 54685.2808 51751.3581 57619.2034 0.4971 0.4705 0.5238 408.1772 381.5609 434.7936 
120000.0 358.125 60610.7599 57395.0433 63826.4765 0.5051 0.4783 0.5319 434.5205 406.1175 462.9235 
130000.0 368.625 66429.1309 62880.3422 69977.9195 0.511 0.4837 0.5383 457.5242 427.3656 487.6829 
140000.0 379.375 72345.8004 68563.7521 76127.8486 0.5168 0.4897 0.5438 475.3495 444.276 506.423 
150000.0 389.625 78053.692 73931.0297 82176.3543 0.5204 0.4929 0.5478 490.809 456.2434 525.3746 
160000.0 400.125 83848.9562 79161.0492 88536.8633 0.5241 0.4948 0.5534 501.5025 462.8237 540.1813 
170000.0 410.75 89647.1999 84399.7406 94894.6592 0.5273 0.4965 0.5582 510.8984 466.7589 555.0379 
180000.0 421.375 95746.1246 89809.723 101682.5263 0.5319 0.4989 0.5649 523.9784 469.0115 578.9453 
190000.0 431.75 101842.6657 95359.8348 108325.4967 0.536 0.5019 0.5701 535.9036 476.6575 595.1497 
200000.0 442.25 107994.4684 100750.6119 115238.3248 0.54 0.5038 0.5762 544.9819 480.9142 609.0495 
210000.0 452.5 113982.7804 105652.4994 122313.0614 0.5428 0.5031 0.5824 553.2049 477.6845 628.7253 
220000.0 463.125 119999.2508 110565.2118 129433.2897 0.5455 0.5026 0.5883 553.4411 476.9177 629.9646 
230000.0 473.875 126163.8171 115741.8955 136585.7387 0.5485 0.5032 0.5939 559.1664 475.7078 642.6249 
240000.0 484.125 132400.6076 121270.6417 143530.5735 0.5517 0.5053 0.598 568.3008 485.903 650.6985 
250000.0 494.625 138713.3333 126855.0792 150571.5873 0.5549 0.5074 0.6023 574.7638 491.122 658.4055 
260000.0 504.875 144815.497 132762.4665 156868.5275 0.557 0.5106 0.6033 578.9869 505.5575 652.4163 
270000.0 515.5 151002.1007 138609.9225 163394.279 0.5593 0.5134 0.6052 579.0522 510.0677 648.0368 
280000.0 525.875 157193.0506 144674.3821 169711.7191 0.5614 0.5167 0.6061 583.2204 522.6094 643.8314 
290000.0 536.0 163111.7541 150047.272 176176.2362 0.5625 0.5174 0.6075 583.3045 520.9734 645.6356 
300000.0 546.375 169203.6865 155111.0041 183296.3689 0.564 0.517 0.611 584.5314 507.626 661.4368 
310000.0 556.375 174780.5174 160159.3757 189401.6591 0.5638 0.5166 0.611 578.6276 504.2902 652.9651 
320000.0 566.5 180824.5098 164925.6939 196723.3256 0.5651 0.5154 0.6148 581.7778 494.8738 668.6817 
330000.0 577.0 187121.2269 170113.4293 204129.0245 0.567 0.5155 0.6186 586.686 491.8502 681.5218 
340000.0 587.25 193746.8801 175415.7296 212078.0306 0.5698 0.5159 0.6238 597.9581 494.3086 701.6077 
350000.0 597.25 200882.1175 180860.1492 220904.0858 0.5739 0.5167 0.6312 616.1926 498.5336 733.8517 
360000.0 607.625 208090.28 186391.8822 229788.6778 0.578 0.5178 0.6383 634.9222 505.7866 764.0579 
370000.0 617.75 215561.8905 192077.1279 239046.6531 0.5826 0.5191 0.6461 652.664 513.1371 792.1909 
380000.0 628.0 223000.5958 198323.9625 247677.229 0.5868 0.5219 0.6518 668.2861 526.7259 809.8463 
390000.0 638.25 230193.7215 204224.9376 256162.5054 0.5902 0.5237 0.6568 674.2524 534.6462 813.8586 
400000.0 648.25 237546.9019 209991.8894 265101.9144 0.5939 0.525 0.6628 685.3178 541.7098 828.9257 
410000.0 658.375 244999.9402 215777.1995 274222.681 0.5976 0.5263 0.6688 695.7926 546.8436 844.7417 
420000.0 668.375 252598.2544 221378.9465 283817.5623 0.6014 0.5271 0.6758 706.9886 548.7404 865.2369 
430000.0 678.5 260114.7299 227516.7077 292712.752 0.6049 0.5291 0.6807 713.7709 556.5031 871.0387 
440000.0 688.5 267777.7766 233076.2927 302479.2606 0.6086 0.5297 0.6875 722.348 554.3796 890.3164 
450000.0 698.5 275583.4835 239056.429 312110.538 0.6124 0.5312 0.6936 734.651 561.0796 908.2224 
460000.0 708.5 283382.4828 244716.3803 322048.5852 0.616 0.532 0.7001 740.5444 562.0144 919.0743 
470000.0 718.625 291701.3185 250343.9305 333058.7065 0.6206 0.5326 0.7086 756.7809 558.8579 954.7038 
480000.0 728.75 299875.6489 256374.9301 343376.3676 0.6247 0.5341 0.7154 766.7859 564.5349 969.0368 
490000.0 738.75 308128.6705 262451.9665 353805.3745 0.6288 0.5356 0.7221 777.2108 568.5159 985.9056 
500000.0 748.75 316724.6462 269010.6105 364438.682 0.6334 0.538 0.7289 790.2214 582.1588 998.284 
510000.0 759.125 324860.0631 275076.4001 374643.7262 0.637 0.5394 0.7346 794.2358 581.0016 1007.4699 
520000.0 769.125 332858.4459 281029.2495 384687.6422 0.6401 0.5404 0.7398 793.6184 586.1188 1001.118 
530000.0 779.25 341494.8359 287591.2439 395398.4279 0.6443 0.5426 0.746 804.8696 596.2908 1013.4485 
540000.0 789.25 349745.9362 294119.2276 405372.6449 0.6477 0.5447 0.7507 807.7405 605.3902 1010.0908 
550000.0 799.25 358491.4934 300502.275 416480.7117 0.6518 0.5464 0.7572 821.3996 609.1819 1033.6173 
560000.0 809.25 367419.2366 307386.9117 427451.5615 0.6561 0.5489 0.7633 832.929 623.5598 1042.2982 
570000.0 819.25 376905.2531 314863.4228 438947.0835 0.6612 0.5524 0.7701 853.8788 640.6037 1067.1538 
580000.0 829.25 386715.5889 322473.4823 450957.6954 0.6668 0.556 0.7775 876.3194 658.2961 1094.3427 
590000.0 839.75 396362.754 329678.227 463047.281 0.6718 0.5588 0.7848 885.7616 654.0387 1117.4846 
600000.0 849.75 406194.8526 336866.9301 475522.7751 0.677 0.5614 0.7925 904.33 664.1815 1144.4785 
610000.0 859.75 416373.8587 344347.6552 488400.0623 0.6826 0.5645 0.8007 925.0114 676.2004 1173.8223 
620000.0 869.75 426426.818 351906.5348 500947.1012 0.6878 0.5676 0.808 940.7478 689.7878 1191.7077 
630000.0 879.75 436667.927 360052.9272 513282.9268 0.6931 0.5715 0.8147 954.024 709.9608 1198.0872 
640000.0 889.75 446418.1018 367625.4246 525210.7789 0.6975 0.5744 0.8206 957.0995 718.8725 1195.3265 
650000.0 899.75 456147.242 375318.5363 536975.9477 0.7018 0.5774 0.8261 959.9001 726.1658 1193.6345 
660000.0 909.875 466229.0564 383318.2882 549139.8246 0.7064 0.5808 0.832 968.6448 739.2012 1198.0883 
670000.0 919.875 475791.4724 390384.1637 561198.781 0.7101 0.5827 0.8376 967.489 733.6136 1201.3644 
680000.0 929.875 485382.2538 398041.3043 572723.2032 0.7138 0.5854 0.8422 964.9929 735.8998 1194.086 
690000.0 939.875 495386.6749 405817.6599 584955.6898 0.718 0.5881 0.8478 971.2999 744.6901 1197.9097 
700000.0 949.875 505278.3015 414365.8119 596190.7911 0.7218 0.592 0.8517 972.7674 755.3948 1190.14 
710000.0 959.875 515698.8475 422764.6884 608633.0066 0.7263 0.5954 0.8572 985.2575 767.5255 1202.9895 
720000.0 969.875 527291.624 432489.9788 622093.2692 0.7323 0.6007 0.864 1015.9689 799.7969 1232.1409 
730000.0 979.875 539402.8057 442064.5344 636741.0771 0.7389 0.6056 0.8722 1051.7018 827.2138 1276.1897 
740000.0 989.875 550820.3479 452071.5129 649569.1828 0.7444 0.6109 0.8778 1067.4734 853.6607 1281.286 
750000.0 999.875 562172.1895 461535.2296 662809.1494 0.7496 0.6154 0.8837 1080.2051 869.2132 1291.197 
760000.0 1009.875 573633.2804 472036.2808 675230.2799 0.7548 0.6211 0.8885 1091.2595 899.4842 1283.0348 
770000.0 1019.875 585787.9221 482173.8389 689402.0053 0.7608 0.6262 0.8953 1115.206 918.5269 1311.8851 
780000.0 1029.875 598674.3841 492609.7132 704739.055 0.7675 0.6316 0.9035 1146.1799 934.0445 1358.3153 
790000.0 1039.875 611613.1806 504017.5232 719208.838 0.7742 0.638 0.9104 1172.5866 966.6984 1378.4748 
800000.0 1049.875 624793.1708 514531.4575 735054.884 0.781 0.6432 0.9188 1199.6113 982.1049 1417.1176 
810000.0 1059.875 637429.0351 524476.6999 750381.3703 0.7869 0.6475 0.9264 1211.1601 984.9929 1437.3274 
820000.0 1070.0 649537.3655 533556.3287 765518.4023 0.7921 0.6507 0.9336 1209.5971 963.5491 1455.6452 
830000.0 1080.0 662860.053 544531.2825 781188.8235 0.7986 0.6561 0.9412 1230.4349 981.3526 1479.5171 
840000.0 1090.0 675392.9534 554811.3421 795974.5647 0.804 0.6605 0.9476 1235.3924 987.4458 1483.339 
850000.0 1100.0 688447.4779 565665.9382 811229.0176 0.8099 0.6655 0.9544 1250.259 1006.445 1494.073 
860000.0 1110.0 700337.2251 575073.9676 825600.4827 0.8143 0.6687 0.96 1238.629 992.2981 1484.9599 
870000.0 1120.0 713644.722 586101.4706 841187.9734 0.8203 0.6737 0.9669 1254.3824 1004.3328 1504.432 
880000.0 1130.0 727366.584 598008.441 856724.727 0.8266 0.6796 0.9736 1276.346 1027.654 1525.038 
890000.0 1140.0 740866.7115 608835.6007 872897.8223 0.8324 0.6841 0.9808 1288.8381 1032.0867 1545.5896 
900000.0 1150.0 755201.7154 620665.5185 889737.9123 0.8391 0.6896 0.9886 1314.9131 1045.1338 1584.6924 
910000.0 1160.125 768739.9643 631770.7004 905709.2281 0.8448 0.6943 0.9953 1319.026 1039.9078 1598.1442 
920000.0 1170.125 782992.5596 643587.4737 922397.6456 0.8511 0.6996 1.0026 1338.6235 1055.8673 1621.3797 
930000.0 1180.125 797011.4012 656362.4851 937660.3174 0.857 0.7058 1.0082 1349.9245 1079.7801 1620.0689 
940000.0 1190.125 810922.1494 667761.904 954082.3947 0.8627 0.7104 1.015 1358.9955 1086.7425 1631.2485 
950000.0 1200.125 826007.3885 680154.708 971860.069 0.8695 0.716 1.023 1385.9971 1097.9725 1674.0217 
960000.0 1210.25 841073.8875 693519.5273 988628.2477 0.8761 0.7224 1.0298 1405.7105 1123.9296 1687.4914 
970000.0 1220.25 855785.4186 706881.5608 1004689.2765 0.8823 0.7287 1.0358 1418.6868 1139.04 1698.3335 
980000.0 1230.25 870154.4371 720173.6306 1020135.2436 0.8879 0.7349 1.041 1421.6571 1158.8445 1684.4698 
990000.0 1240.25 884647.4001 732828.481 1036466.3192 0.8936 0.7402 1.0469 1427.9641 1170.1678 1685.7605 
1000000.0 1250.375 898113.0801 743930.2841 1052295.8761 0.8981 0.7439 1.0523 1409.954 1155.9324 1663.9756 
1010000.0 1260.5 913080.3137 757433.68 1068726.9475 0.904 0.7499 1.0581 1424.2853 1187.1895 1661.381 
1020000.0 1270.5 927702.862 769701.2437 1085704.4803 0.9095 0.7546 1.0644 1431.3911 1189.834 1672.9483 
1030000.0 1280.5 942395.7095 783563.7454 1101227.6736 0.9149 0.7607 1.0692 1438.3842 1214.2143 1662.5542 
1040000.0 1290.5 957295.0498 797431.5849 1117158.5146 0.9205 0.7668 1.0742 1446.6192 1234.3388 1658.8997 
1050000.0 1300.625 972114.4567 810512.5671 1133716.3464 0.9258 0.7719 1.0797 1449.0568 1225.2293 1672.8842 
1060000.0 1310.625 986876.9291 824512.1175 1149241.7407 0.931 0.7778 1.0842 1456.4191 1236.4933 1676.345 
1070000.0 1320.625 1002683.077 840351.573 1165014.581 0.9371 0.7854 1.0888 1475.6619 1257.6517 1693.672 
1080000.0 1330.75 1019201.9122 855395.5515 1183008.273 0.9437 0.792 1.0954 1509.9681 1278.9543 1740.982 
1090000.0 1340.75 1035228.3151 869566.8005 1200889.8297 0.9498 0.7978 1.1017 1524.4801 1291.5348 1757.4255 
1100000.0 1350.75 1051211.4102 883718.8041 1218704.0164 0.9556 0.8034 1.1079 1536.9515 1299.9786 1773.9244 
1110000.0 1360.75 1068602.0954 899461.6341 1237742.5566 0.9627 0.8103 1.1151 1573.5125 1337.9848 1809.0402 
1120000.0 1370.75 1086302.9355 915391.346 1257214.525 0.9699 0.8173 1.1225 1609.8714 1374.8444 1844.8984 
1130000.0 1380.75 1103691.5419 932301.2344 1275081.8493 0.9767 0.825 1.1284 1633.406 1416.685 1850.127 
1140000.0 1390.75 1120777.8969 948317.8586 1293237.9351 0.9831 0.8319 1.1344 1646.8524 1438.6276 1855.0772 
1150000.0 1400.75 1136963.4372 963957.2029 1309969.6716 0.9887 0.8382 1.1391 1641.7469 1431.5042 1851.9896 
1160000.0 1411.0 1152739.129 979188.957 1326289.301 0.9937 0.8441 1.1434 1623.286 1407.1748 1839.3972 
1170000.0 1421.0 1168551.7801 993566.4106 1343537.1496 0.9988 0.8492 1.1483 1615.8536 1393.3871 1838.3201 
1180000.0 1431.125 1185218.0099 1008994.5715 1361441.4482 1.0044 0.8551 1.1538 1621.74 1392.6166 1850.8634 
1190000.0 1441.125 1201380.6248 1024001.4618 1378759.7877 1.0096 0.8605 1.1586 1621.3877 1420.072 1822.7035 
1200000.0 1451.25 1216929.4158 1038332.7129 1395526.1186 1.0141 0.8653 1.1629 1604.2685 1401.4749 1807.0621 
1210000.0 1461.25 1232783.0359 1053749.386 1411816.6858 1.0188 0.8709 1.1668 1602.1849 1406.398 1797.9717 
1220000.0 1471.25 1248782.7953 1070283.5344 1427282.0561 1.0236 0.8773 1.1699 1600.7859 1414.1988 1787.373 
1230000.0 1481.25 1264920.529 1086268.1144 1443572.9436 1.0284 0.8831 1.1736 1605.2167 1417.4148 1793.0187 
1240000.0 1491.25 1282611.0849 1102222.8639 1462999.3059 1.0344 0.8889 1.1798 1631.541 1439.9159 1823.1661 
1250000.0 1501.25 1300239.818 1118661.463 1481818.173 1.0402 0.8949 1.1855 1655.7415 1456.7058 1854.7772 
1260000.0 1511.25 1317651.5385 1135324.0169 1499979.0601 1.0458 0.9011 1.1905 1671.0332 1482.0618 1860.0047 
1270000.0 1521.25 1335592.2884 1152886.6858 1518297.891 1.0516 0.9078 1.1955 1693.2952 1513.1628 1873.4277 
1280000.0 1531.25 1353555.49 1169376.4252 1537734.5548 1.0575 0.9136 1.2014 1712.5177 1538.4243 1886.6112 
1290000.0 1541.25 1371616.0755 1186022.804 1557209.347 1.0633 0.9194 1.2071 1730.2932 1556.7065 1903.88 
1300000.0 1551.25 1390276.8731 1203911.2561 1576642.4901 1.0694 0.9261 1.2128 1754.8876 1585.2228 1924.5524 
1310000.0 1561.25 1408997.4561 1221687.1558 1596307.7564 1.0756 0.9326 1.2186 1776.622 1614.2382 1939.0058 
1320000.0 1571.25 1427201.2314 1240204.639 1614197.8237 1.0812 0.9395 1.2229 1783.5036 1639.7718 1927.2355 
1330000.0 1581.25 1444696.7901 1257626.281 1631767.2992 1.0862 0.9456 1.2269 1778.8208 1628.5365 1929.105 
1340000.0 1591.25 1462106.831 1275455.7883 1648757.8737 1.0911 0.9518 1.2304 1770.5011 1625.5157 1915.4865 
1350000.0 1601.25 1481089.1402 1293814.3344 1668363.9461 1.0971 0.9584 1.2358 1793.653 1656.4531 1930.8529 
1360000.0 1611.25 1499366.0396 1311302.0207 1687430.0586 1.1025 0.9642 1.2408 1800.8174 1661.2111 1940.4237 
1370000.0 1621.25 1517329.724 1328732.484 1705926.964 1.1075 0.9699 1.2452 1798.735 1664.5113 1932.9587 
1380000.0 1631.25 1535671.014 1345526.5537 1725815.4743 1.1128 0.975 1.2506 1802.9946 1652.1429 1953.8463 
1390000.0 1641.375 1553290.2261 1362236.2779 1744344.1743 1.1175 0.98 1.2549 1794.1516 1638.2271 1950.0761 
1400000.0 1651.375 1570280.4614 1377856.5756 1762704.3472 1.1216 0.9842 1.2591 1774.812 1610.1625 1939.4615 
1410000.0 1661.375 1586583.297 1393018.8263 1780147.7677 1.1252 0.988 1.2625 1750.893 1568.5958 1933.1902 
1420000.0 1671.5 1603590.8672 1408932.4813 1798249.2532 1.1293 0.9922 1.2664 1737.005 1547.7665 1926.2435 
1430000.0 1681.5 1621659.7347 1426041.9775 1817277.492 1.134 0.9972 1.2708 1749.4014 1553.3542 1945.4485 
1440000.0 1691.5 1638539.8431 1440812.0037 1836267.6826 1.1379 1.0006 1.2752 1738.3966 1517.1626 1959.6306 
1450000.0 1701.5 1655575.669 1456163.9402 1854987.3978 1.1418 1.0043 1.2793 1729.7632 1496.3312 1963.1953 
1460000.0 1711.5 1675113.4702 1475228.3057 1874998.6348 1.1473 1.0104 1.2842 1771.1182 1558.7859 1983.4506 
1470000.0 1721.5 1693617.4734 1493223.1048 1894011.8419 1.1521 1.0158 1.2884 1786.6125 1584.4281 1988.7969 
1480000.0 1731.5 1711666.41 1510705.1765 1912627.6435 1.1565 1.0207 1.2923 1790.8539 1592.7412 1988.9665 
1490000.0 1741.5 1730631.8075 1529044.7267 1932218.8883 1.1615 1.0262 1.2968 1808.4404 1613.485 2003.3958 
1500000.0 1751.5 1749500.8824 1546741.1165 1952260.6482 1.1663 1.0312 1.3015 1823.155 1633.8721 2012.4379 
1510000.0 1761.5 1768517.4792 1564930.2616 1972104.6969 1.1712 1.0364 1.306 1839.6821 1653.6321 2025.7322 
1520000.0 1771.5 1787709.946 1583933.0635 1991486.8285 1.1761 1.0421 1.3102 1852.915 1664.3019 2041.5281 
1530000.0 1781.5 1806796.4804 1602935.5082 2010657.4526 1.1809 1.0477 1.3142 1863.0781 1676.3629 2049.7934 
1540000.0 1791.5 1823893.7075 1621410.7632 2026376.6518 1.1843 1.0529 1.3158 1835.897 1644.1517 2027.6423 
1550000.0 1801.5 1841701.1192 1638099.5403 2045302.6982 1.1882 1.0568 1.3196 1825.0591 1633.6696 2016.4486 
1560000.0 1811.625 1859446.454 1655644.2632 2063248.6448 1.192 1.0613 1.3226 1810.944 1618.2008 2003.6872 
1570000.0 1821.625 1877844.9781 1673140.417 2082549.5393 1.1961 1.0657 1.3265 1815.4418 1612.5592 2018.3243 
1580000.0 1831.625 1895058.6786 1690205.4472 2099911.9101 1.1994 1.0698 1.3291 1797.0542 1602.0561 1992.0524 
1590000.0 1841.625 1912908.8032 1707148.7999 2118668.8066 1.2031 1.0737 1.3325 1794.8029 1609.3889 1980.2168 
1600000.0 1851.75 1931770.7884 1724061.179 2139480.3978 1.2074 1.0775 1.3372 1806.0695 1608.1377 2004.0013 
1610000.0 1861.75 1951213.8839 1742237.9453 2160189.8225 1.2119 1.0821 1.3417 1834.1262 1625.6645 2042.588 
1620000.0 1871.75 1969982.7925 1759557.0969 2180408.4881 1.216 1.0861 1.3459 1837.9929 1618.227 2057.7588 
1630000.0 1881.75 1987623.4233 1776371.8405 2198875.006 1.2194 1.0898 1.349 1824.1085 1594.3966 2053.8204 
1640000.0 1891.875 2004027.4584 1791628.66 2216426.2568 1.222 1.0925 1.3515 1790.9074 1572.1805 2009.6342 
1650000.0 1902.0 2020900.855 1807360.2828 2234441.4272 1.2248 1.0954 1.3542 1766.8616 1545.0874 1988.6359 
1660000.0 1912.0 2037653.5836 1823845.8913 2251461.276 1.2275 1.0987 1.3563 1745.0895 1521.8171 1968.3619 
1670000.0 1922.125 2054046.4998 1839402.9873 2268690.0122 1.23 1.1014 1.3585 1722.0922 1494.9351 1949.2494 
1680000.0 1932.125 2070901.9549 1856529.9892 2285273.9205 1.2327 1.1051 1.3603 1713.8976 1496.4781 1931.3171 
1690000.0 1942.25 2088601.1268 1873708.0287 2303494.2248 1.2359 1.1087 1.363 1722.7926 1513.2284 1932.3569 
1700000.0 1952.25 2105401.0419 1889853.1842 2320948.8995 1.2385 1.1117 1.3653 1707.2068 1508.2385 1906.175 
1710000.0 1962.375 2122626.0735 1906046.4109 2339205.7361 1.2413 1.1146 1.368 1709.3232 1508.3084 1910.3381 
1720000.0 1972.375 2140119.5351 1922095.9993 2358143.071 1.2443 1.1175 1.371 1718.0269 1528.0775 1907.9762 
1730000.0 1982.5 2157943.7182 1939002.5616 2376884.8749 1.2474 1.1208 1.3739 1728.0223 1563.8272 1892.2173 
1740000.0 1992.5 2176157.6514 1956228.0955 2396087.2072 1.2507 1.1243 1.3771 1739.5494 1592.3518 1886.747 
1750000.0 2002.625 2194662.5461 1973786.4559 2415538.6363 1.2541 1.1279 1.3803 1754.936 1610.1454 1899.7266 
1760000.0 2012.625 2213919.1824 1991933.1147 2435905.2501 1.2579 1.1318 1.384 1787.9824 1645.774 1930.1907 
1770000.0 2022.875 2232193.8065 2009741.3175 2454646.2955 1.2611 1.1354 1.3868 1787.9491 1662.8153 1913.083 
1780000.0 2032.875 2250873.4719 2027473.4188 2474273.525 1.2645 1.139 1.39 1804.1538 1671.5115 1936.796 
1790000.0 2042.875 2268850.699 2044341.9753 2493359.4227 1.2675 1.1421 1.3929 1801.6038 1647.5358 1955.6717 
1800000.0 2052.875 2287063.1206 2061994.2758 2512131.9655 1.2706 1.1456 1.3956 1803.863 1630.7585 1976.9675 
1810000.0 2062.875 2305156.9398 2079067.7707 2531246.1088 1.2736 1.1487 1.3985 1800.1612 1619.4185 1980.904 
1820000.0 2072.875 2323494.6016 2096498.1072 2550491.096 1.2766 1.1519 1.4014 1810.5366 1638.0186 1983.0547 
1830000.0 2082.875 2341338.9144 2112609.5619 2570068.2669 1.2794 1.1544 1.4044 1806.3994 1614.7772 1998.0215 
1840000.0 2092.875 2359335.2385 2128856.7297 2589813.7473 1.2822 1.157 1.4075 1804.958 1603.5295 2006.3865 
1850000.0 2103.0 2376248.9199 2143466.1156 2609031.7241 1.2845 1.1586 1.4103 1780.1521 1556.0635 2004.2407 
1860000.0 2113.0 2394235.3585 2159678.7278 2628791.9892 1.2872 1.1611 1.4133 1782.9742 1565.7812 2000.1673 
1870000.0 2123.0 2412932.0135 2177285.7682 2648578.2588 1.2903 1.1643 1.4164 1801.7421 1585.9027 2017.5816 
1880000.0 2133.0 2432567.1123 2195762.8105 2669371.414 1.2939 1.168 1.4199 1827.3955 1603.1257 2051.6653 
1890000.0 2143.125 2450516.3025 2212433.9104 2688598.6946 1.2966 1.1706 1.4225 1819.4121 1579.8087 2059.0156 
1900000.0 2153.125 2468753.3225 2229330.2181 2708176.4269 1.2993 1.1733 1.4254 1822.2631 1575.6604 2068.8659 
1910000.0 2163.125 2486813.1125 2246254.3354 2727371.8896 1.302 1.176 1.4279 1815.6874 1578.1325 2053.2423 
1920000.0 2173.125 2505425.2791 2263320.4656 2747530.0926 1.3049 1.1788 1.431 1822.9749 1574.4534 2071.4964 
1930000.0 2183.125 2525520.8371 2280964.5097 2770077.1645 1.3086 1.1818 1.4353 1857.0398 1603.3355 2110.744 
1940000.0 2193.375 2544483.921 2297922.084 2791045.758 1.3116 1.1845 1.4387 1860.479 1602.935 2118.023 
1950000.0 2203.5 2563007.5961 2313831.0428 2812184.1495 1.3144 1.1866 1.4421 1854.276 1588.3915 2120.1605 
1960000.0 2213.625 2582648.0582 2331085.7445 2834210.372 1.3177 1.1893 1.446 1871.3241 1601.8477 2140.8006 
1970000.0 2223.625 2601827.5932 2348186.7776 2855468.4089 1.3207 1.192 1.4495 1878.0315 1616.6921 2139.3709 
1980000.0 2233.625 2621284.6299 2365424.3577 2877144.902 1.3239 1.1947 1.4531 1890.8654 1633.4483 2148.2825 
1990000.0 2243.625 2641246.2186 2382979.5492 2899512.8881 1.3273 1.1975 1.457 1912.3141 1657.178 2167.4502 
2000000.0 2253.625 2660251.959 2400422.8017 2920081.1163 1.3301 1.2002 1.46 1907.2518 1663.6615 2150.842 
2010000.0 2263.625 2678878.723 2417753.6351 2940003.8109 1.3328 1.2029 1.4627 1900.4411 1675.5468 2125.3354 
2020000.0 2273.625 2697860.0525 2435359.8197 2960360.2853 1.3356 1.2056 1.4655 1899.1202 1680.7747 2117.4658 
2030000.0 2283.625 2716755.5569 2452752.076 2980759.0378 1.3383 1.2083 1.4684 1897.5532 1694.7623 2100.3442 
2040000.0 2293.625 2735519.1329 2470055.976 3000982.2897 1.3409 1.2108 1.4711 1897.9589 1696.4584 2099.4593 
2050000.0 2303.625 2754137.1102 2488007.8637 3020266.3568 1.3435 1.2137 1.4733 1890.1089 1699.5698 2080.648 
2060000.0 2313.625 2772723.4436 2505524.6726 3039922.2147 1.346 1.2163 1.4757 1886.218 1705.9644 2066.4716 
2070000.0 2323.625 2791281.3358 2522988.9817 3059573.6898 1.3484 1.2188 1.4781 1878.8415 1697.0354 2060.6476 
2080000.0 2333.875 2810151.102 2540581.7316 3079720.4724 1.351 1.2214 1.4806 1869.9235 1712.1073 2027.7397 
2090000.0 2344.0 2828980.8472 2558632.1737 3099329.5208 1.3536 1.2242 1.4829 1872.3962 1731.173 2013.6195 
2100000.0 2354.0 2846843.2369 2575205.5124 3118480.9614 1.3556 1.2263 1.485 1854.5474 1719.292 1989.8027 
2110000.0 2364.125 2864752.279 2592462.3807 3137042.1773 1.3577 1.2287 1.4867 1840.8069 1713.2342 1968.3796 
2120000.0 2374.125 2883137.3395 2609308.4663 3156966.2127 1.36 1.2308 1.4891 1838.1114 1700.1794 1976.0434 
2130000.0 2384.125 2900228.113 2625357.4139 3175098.8121 1.3616 1.2326 1.4907 1812.8649 1665.3497 1960.3801 
2140000.0 2394.25 2917664.2456 2641602.7706 3193725.7207 1.3634 1.2344 1.4924 1797.4021 1642.3876 1952.4167 
2150000.0 2404.25 2936081.6655 2659138.5593 3213024.7717 1.3656 1.2368 1.4944 1805.0408 1651.9639 1958.1176 
2160000.0 2414.375 2955942.4581 2677669.5801 3234215.3362 1.3685 1.2397 1.4973 1837.0918 1691.8356 1982.3479 
2170000.0 2424.5 2974943.4626 2695331.3209 3254555.6044 1.3709 1.2421 1.4998 1841.132 1704.3569 1977.9071 
2180000.0 2434.5 2993317.9901 2713296.0071 3273339.9732 1.3731 1.2446 1.5015 1842.4181 1717.6563 1967.18 
2190000.0 2444.625 3010480.1549 2730193.811 3290766.4987 1.3746 1.2467 1.5026 1814.2355 1686.494 1941.977 
2200000.0 2455.125 3027947.5874 2746524.0047 3309371.1701 1.3763 1.2484 1.5043 1787.6173 1630.7685 1944.466 
2210000.0 2465.25 3044702.2718 2762900.4926 3326504.0509 1.3777 1.2502 1.5052 1763.7848 1601.3292 1926.2403 
2220000.0 2475.25 3063089.6824 2779625.8207 3346553.544 1.3798 1.2521 1.5075 1777.6035 1592.0558 1963.1512 
2230000.0 2485.25 3081080.3038 2797327.8833 3364832.7242 1.3817 1.2544 1.5089 1783.7498 1607.2401 1960.2594 
2240000.0 2495.375 3099739.4199 2814993.9223 3384484.9174 1.3838 1.2567 1.5109 1792.9248 1608.9577 1976.8918 
2250000.0 2505.625 3117592.4785 2831711.9261 3403473.0309 1.3856 1.2585 1.5127 1785.3869 1594.6348 1976.139 
2260000.0 2515.625 3135760.5699 2849286.9273 3422234.2124 1.3875 1.2607 1.5143 1786.1705 1593.3018 1979.0392 
2270000.0 2525.75 3154786.5331 2867881.6289 3441691.4374 1.3898 1.2634 1.5162 1812.4028 1640.2728 1984.5327 
2280000.0 2535.875 3173540.0553 2886149.6629 3460930.4476 1.3919 1.2659 1.518 1818.4829 1651.3056 1985.6602 
2290000.0 2546.0 3191992.8024 2903378.0438 3480607.5609 1.3939 1.2679 1.5199 1820.4581 1647.7237 1993.1925 
2300000.0 2556.0 3209537.961 2919722.8203 3499353.1017 1.3955 1.2694 1.5215 1803.2481 1627.5296 1978.9666 
2310000.0 2566.0 3227563.2614 2935268.5733 3519857.9494 1.3972 1.2707 1.5237 1804.3801 1623.127 1985.6332 
2320000.0 2576.125 3245520.3068 2952188.9117 3538851.7018 1.3989 1.2725 1.5254 1796.561 1623.7559 1969.3661 
2330000.0 2586.125 3264125.6188 2969567.0472 3558684.1903 1.4009 1.2745 1.5273 1807.7931 1645.1533 1970.433 
2340000.0 2596.125 3281344.5169 2985645.085 3577043.9487 1.4023 1.2759 1.5287 1792.86 1621.7806 1963.9394 
2350000.0 2606.125 3298575.6816 3002023.1108 3595128.2525 1.4036 1.2775 1.5298 1780.0579 1583.0089 1977.1068 
2360000.0 2616.125 3316912.3898 3017907.768 3615917.0115 1.4055 1.2788 1.5322 1788.7177 1576.2077 2001.2278 
2370000.0 2626.125 3336612.1615 3036399.3651 3636824.9579 1.4079 1.2812 1.5345 1821.3124 1619.8569 2022.7679 
2380000.0 2636.125 3356280.3637 3054613.6758 3657947.0517 1.4102 1.2835 1.537 1848.0442 1652.6384 2043.4501 
2390000.0 2646.125 3375395.1331 3072345.1502 3678445.1161 1.4123 1.2855 1.5391 1858.4712 1670.515 2046.4275 
2400000.0 2656.125 3394818.5768 3089547.4417 3700089.7118 1.4145 1.2873 1.5417 1875.3539 1677.4718 2073.2359 
2410000.0 2666.375 3413032.4788 3107064.2887 3719000.6688 1.4162 1.2892 1.5432 1858.2891 1678.8795 2037.6988 
2420000.0 2676.375 3433420.9655 3126018.5701 3740823.3609 1.4188 1.2917 1.5458 1891.0131 1719.2295 2062.7968 
2430000.0 2686.375 3453626.4569 3145815.7099 3761437.2039 1.4212 1.2946 1.5479 1915.888 1749.0378 2082.7382 
2440000.0 2696.375 3472879.9524 3164545.8971 3781214.0077 1.4233 1.2969 1.5497 1916.403 1761.6316 2071.1744 
2450000.0 2706.5 3491335.8181 3182193.0423 3800478.594 1.425 1.2989 1.5512 1900.6356 1763.7737 2037.4976 
2460000.0 2716.5 3509983.0825 3200149.7743 3819816.3907 1.4268 1.3009 1.5528 1893.4031 1765.9867 2020.8196 
2470000.0 2726.5 3528202.2016 3217961.0935 3838443.3097 1.4284 1.3028 1.554 1880.2306 1747.7944 2012.6669 
2480000.0 2736.5 3546335.2738 3235124.3449 3857546.2026 1.43 1.3045 1.5555 1864.1822 1734.5918 1993.7727 
2490000.0 2746.5 3563973.4013 3250396.7787 3877550.0238 1.4313 1.3054 1.5572 1848.1956 1694.4953 2001.896 
2500000.0 2756.5 3581506.4339 3266306.2044 3896706.6634 1.4326 1.3065 1.5587 1826.8105 1646.412 2007.209 
2510000.0 2766.5 3597639.6336 3282672.4646 3912606.8027 1.4333 1.3078 1.5588 1790.0625 1606.289 1973.836 
2520000.0 2776.625 3615669.887 3300020.3769 3931319.3971 1.4348 1.3095 1.56 1787.8471 1601.9085 1973.7858 
2530000.0 2786.75 3633271.2648 3317599.4819 3948943.0476 1.4361 1.3113 1.5608 1776.8774 1575.4818 1978.2729 
2540000.0 2796.75 3650998.9235 3334964.8996 3967032.9474 1.4374 1.313 1.5618 1774.3566 1574.7462 1973.9671 
2550000.0 2806.75 3669624.73 3353734.8028 3985514.6572 1.4391 1.3152 1.5629 1793.9772 1612.5184 1975.4361 
2560000.0 2816.75 3688289.2644 3372334.7962 4004243.7326 1.4407 1.3173 1.5642 1805.1055 1631.5495 1978.6615 
2570000.0 2826.75 3706935.3296 3391370.9069 4022499.7523 1.4424 1.3196 1.5652 1810.9812 1630.1321 1991.8304 
2580000.0 2836.75 3725756.1173 3411099.7022 4040412.5323 1.4441 1.3221 1.5661 1826.0044 1647.5063 2004.5024 
2590000.0 2846.75 3745090.6006 3431100.8623 4059080.3389 1.446 1.3247 1.5672 1843.581 1654.0981 2033.0639 
2600000.0 2856.75 3764026.0346 3449271.7019 4078780.3673 1.4477 1.3266 1.5688 1852.129 1671.5327 2032.7253 
2610000.0 2866.75 3783418.4849 3467145.9587 4099691.0111 1.4496 1.3284 1.5708 1870.937 1704.4521 2037.4219 
2620000.0 2876.75 3801802.7574 3484997.6856 4118607.8291 1.4511 1.3302 1.572 1862.4779 1694.2905 2030.6653 
2630000.0 2886.75 3819260.4844 3502078.6345 4136442.3342 1.4522 1.3316 1.5728 1844.7282 1673.7126 2015.7439 
2640000.0 2896.75 3837119.573 3519076.8381 4155162.3079 1.4535 1.333 1.5739 1835.429 1635.3755 2035.4825 
2650000.0 2906.75 3855057.2374 3536370.8872 4173743.5876 1.4547 1.3345 1.575 1824.5361 1600.7505 2048.3217 
2660000.0 2916.875 3872365.3964 3553164.945 4191565.8478 1.4558 1.3358 1.5758 1805.5131 1562.9638 2048.0625 
2670000.0 2927.0 3892079.9988 3572338.3291 4211821.6684 1.4577 1.338 1.5775 1830.1933 1590.9026 2069.4839 
2680000.0 2937.0 3911265.8169 3590761.09 4231770.5438 1.4594 1.3398 1.579 1846.5423 1593.6433 2099.4412 
2690000.0 2947.0 3930348.5365 3608531.1917 4252165.8813 1.4611 1.3415 1.5807 1858.312 1602.2505 2114.3735 
2700000.0 2957.0 3949601.164 3627001.3815 4272200.9465 1.4628 1.3433 1.5823 1870.11 1633.0656 2107.1544 
2710000.0 2967.0 3969406.6896 3645586.5919 4293226.7873 1.4647 1.3452 1.5842 1888.2382 1674.9758 2101.5007 
2720000.0 2977.0 3988851.6829 3663932.0594 4313771.3063 1.4665 1.347 1.5859 1901.6478 1710.6988 2092.5967 
2730000.0 2987.0 4009614.9744 3683346.8869 4335883.0618 1.4687 1.3492 1.5882 1928.9543 1749.9045 2108.004 
2740000.0 2997.0 4028892.7404 3701420.9451 4356364.5357 1.4704 1.3509 1.5899 1932.7742 1749.5788 2115.9697 
2750000.0 3007.0 4048121.4444 3718949.9651 4377292.9236 1.472 1.3523 1.5917 1926.8338 1740.1916 2113.4759 
2760000.0 3017.0 4066814.9295 3736747.8634 4396881.9956 1.4735 1.3539 1.5931 1920.7139 1758.487 2082.9407 
2770000.0 3027.25 4085825.5548 3754699.215 4416951.8945 1.475 1.3555 1.5946 1910.2061 1758.9103 2061.502 
2780000.0 3037.25 4104911.8038 3772809.3436 4437014.2639 1.4766 1.3571 1.596 1908.2585 1751.3325 2065.1845 
2790000.0 3047.25 4123519.5214 3790692.2781 4456346.7646 1.478 1.3587 1.5973 1900.9188 1747.3951 2054.4424 
2800000.0 3057.25 4139893.1575 3805790.2031 4473996.1119 1.4785 1.3592 1.5979 1854.74 1703.0364 2006.4436 
2810000.0 3067.25 4157431.3991 3820933.6057 4493929.1926 1.4795 1.3598 1.5993 1835.0358 1664.4937 2005.5778 
2820000.0 3077.25 4175767.3379 3837476.5582 4514058.1175 1.4808 1.3608 1.6007 1834.9554 1660.8787 2009.0321 
2830000.0 3087.25 4194822.5004 3854536.4776 4535108.5232 1.4823 1.362 1.6025 1850.728 1657.2633 2044.1927 
2840000.0 3097.25 4213975.2136 3872611.0738 4555339.3535 1.4838 1.3636 1.604 1862.5276 1672.9763 2052.0789 
2850000.0 3107.25 4232890.8311 3889418.4946 4576363.1676 1.4852 1.3647 1.6057 1865.0099 1664.897 2065.1228 
2860000.0 3117.375 4251498.2181 3905327.0582 4597669.3781 1.4865 1.3655 1.6076 1864.1458 1635.0339 2093.2576 
2870000.0 3127.375 4270562.0259 3922823.3243 4618300.7275 1.488 1.3668 1.6092 1871.002 1653.2539 2088.7501 
2880000.0 3137.5 4289047.5489 3939799.3044 4638295.7933 1.4893 1.368 1.6105 1866.4581 1648.6834 2084.2329 
2890000.0 3147.5 4308372.1094 3957096.7575 4659647.4612 1.4908 1.3692 1.6123 1876.4383 1656.4567 2096.4198 
2900000.0 3157.5 4326547.8469 3972592.1157 4680503.5781 1.4919 1.3699 1.614 1862.2675 1632.5525 2091.9825 
2910000.0 3167.625 4345036.4459 3989055.5833 4701017.3085 1.4931 1.3708 1.6155 1862.3082 1636.1833 2088.4332 
2920000.0 3177.625 4363555.1844 4004647.8708 4722462.4979 1.4944 1.3715 1.6173 1858.2459 1613.882 2102.6097 
2930000.0 3187.625 4382810.6196 4020936.0627 4744685.1766 1.4958 1.3723 1.6193 1873.5839 1618.0257 2129.1421 
2940000.0 3197.625 4400360.3215 4035570.3898 4765150.2532 1.4967 1.3726 1.6208 1848.9484 1588.1059 2109.7908 
2950000.0 3207.75 4418226.3092 4051631.6175 4784821.001 1.4977 1.3734 1.622 1836.1531 1572.882 2099.4242 
2960000.0 3217.75 4435276.8279 4067110.6172 4803443.0386 1.4984 1.374 1.6228 1812.0991 1551.826 2072.3723 
2970000.0 3227.75 4453382.9724 4083134.6572 4823631.2875 1.4995 1.3748 1.6241 1810.3595 1545.5303 2075.1887 
2980000.0 3237.875 4471574.0931 4100243.9461 4842904.2402 1.5005 1.3759 1.6251 1814.2035 1572.2501 2056.1569 
2990000.0 3248.0 4489334.9939 4116881.9235 4861788.0642 1.5014 1.3769 1.626 1805.4928 1574.9421 2036.0434 
3000000.0 3258.0 4506939.6439 4133721.9215 4880157.3663 1.5023 1.3779 1.6267 1794.6392 1578.4646 2010.8139 
3010000.0 3268.0 4526124.1182 4152023.4068 4900224.8297 1.5037 1.3794 1.628 1815.9616 1626.707 2005.2162 
3020000.0 3278.0 4545358.2646 4170627.0825 4920089.4468 1.5051 1.381 1.6292 1833.7312 1653.3638 2014.0987 
3030000.0 3288.0 4564357.391 4189031.4115 4939683.3705 1.5064 1.3825 1.6303 1846.1709 1673.5835 2018.7583 
3040000.0 3298.0 4582866.949 4207617.98 4958115.918 1.5075 1.3841 1.631 1842.5666 1672.4496 2012.6836 
3050000.0 3308.125 4600200.142 4222856.4604 4977543.8236 1.5083 1.3845 1.632 1821.982 1636.2593 2007.7047 
3060000.0 3318.125 4617971.2032 4238451.5413 4997490.8652 1.5091 1.3851 1.6332 1812.7516 1622.794 2002.7092 
3070000.0 3328.125 4637296.5785 4257171.6371 5017421.5199 1.5105 1.3867 1.6343 1833.9929 1663.5882 2004.3975 
3080000.0 3338.125 4655467.3886 4275084.4266 5035850.3507 1.5115 1.388 1.635 1835.6868 1677.3979 1993.9756 
3090000.0 3348.25 4673639.8399 4293062.5573 5054217.1224 1.5125 1.3893 1.6357 1825.7849 1684.5202 1967.0495 
3100000.0 3358.25 4692836.2995 4312103.4104 5073569.1886 1.5138 1.391 1.6366 1842.265 1715.8607 1968.6693 
3110000.0 3368.25 4710239.1681 4329796.8945 5090681.4417 1.5145 1.3922 1.6369 1822.9712 1716.3781 1929.5644 
3120000.0 3378.375 4727344.6406 4346981.7444 5107707.5368 1.5152 1.3933 1.6371 1797.8389 1694.1938 1901.484 
3130000.0 3388.5 4744242.2259 4364537.8561 5123946.5956 1.5157 1.3944 1.637 1777.697 1704.6761 1850.7179 
3140000.0 3398.5 4761812.3502 4382734.6513 5140890.0492 1.5165 1.3958 1.6372 1772.5709 1683.658 1861.4838 
3150000.0 3408.5 4779608.8724 4400384.5263 5158833.2185 1.5173 1.3969 1.6377 1772.5292 1666.6984 1878.3601 
3160000.0 3418.5 4796372.5155 4415630.3435 5177114.6875 1.5178 1.3974 1.6383 1755.9572 1624.0212 1887.8933 
3170000.0 3428.625 4813832.0921 4432264.9873 5195399.1969 1.5186 1.3982 1.6389 1748.3294 1603.8814 1892.7773 
3180000.0 3438.625 4831707.062 4449638.851 5213775.273 1.5194 1.3993 1.6396 1757.8098 1594.2784 1921.3411 
3190000.0 3448.75 4848860.856 4466877.14 5230844.572 1.52 1.4003 1.6398 1746.9545 1559.4387 1934.4703 
3200000.0 3458.75 4867602.9861 4484647.1931 5250558.7792 1.5211 1.4015 1.6408 1769.9342 1573.712 1966.1565 
3210000.0 3468.75 4886076.746 4503440.1965 5268713.2955 1.5221 1.4029 1.6413 1778.6454 1588.069 1969.2218 
3220000.0 3478.75 4905750.9287 4522753.159 5288748.6985 1.5235 1.4046 1.6425 1811.7088 1622.5485 2000.869 
3230000.0 3489.0 4923957.5871 4540799.8261 5307115.3482 1.5244 1.4058 1.6431 1809.9465 1631.9669 1987.9261 
3240000.0 3499.125 4942878.9262 4559095.5671 5326662.2854 1.5256 1.4071 1.644 1820.3966 1642.9516 1997.8417 
3250000.0 3509.125 4962947.0929 4578534.8536 5347359.3322 1.5271 1.4088 1.6453 1852.5402 1689.8301 2015.2504 
3260000.0 3519.25 4982934.2246 4598277.2297 5367591.2196 1.5285 1.4105 1.6465 1875.7849 1720.453 2031.1168 
3270000.0 3529.375 5002566.1669 4618587.0589 5386545.2749 1.5298 1.4124 1.6473 1886.8656 1758.8697 2014.8615 
3280000.0 3539.375 5020626.2491 4636963.2836 5404289.2146 1.5307 1.4137 1.6476 1870.4359 1731.5746 2009.2971 
3290000.0 3549.375 5038075.5034 4655607.7349 5420543.2719 1.5313 1.4151 1.6476 1848.784 1695.1784 2002.3896 
3300000.0 3559.375 5055974.38 4674604.5048 5437344.2552 1.5321 1.4165 1.6477 1839.3328 1657.1411 2021.5244 
3310000.0 3569.375 5074378.6208 4693530.0505 5455227.191 1.533 1.418 1.6481 1835.5031 1658.9133 2012.093 
3320000.0 3579.375 5092057.3976 4712095.4809 5472019.3143 1.5338 1.4193 1.6482 1827.9986 1643.2862 2012.711 
3330000.0 3589.5 5111039.5536 4731794.2216 5490284.8857 1.5348 1.421 1.6487 1830.1142 1640.2841 2019.9444 
3340000.0 3599.5 5129787.1176 4750461.3209 5509112.9144 1.5359 1.4223 1.6494 1838.5708 1659.0254 2018.1161 
3350000.0 3609.625 5148702.974 4769302.4695 5528103.4785 1.5369 1.4237 1.6502 1844.6315 1673.531 2015.732 
3360000.0 3619.75 5167181.5643 4787756.5108 5546606.6177 1.5379 1.4249 1.6508 1841.2403 1670.1176 2012.3629 
3370000.0 3629.875 5185710.7298 4806631.4527 5564790.0068 1.5388 1.4263 1.6513 1841.5815 1662.3523 2020.8107 
3380000.0 3639.875 5204523.1693 4825319.9426 5583726.3959 1.5398 1.4276 1.652 1846.0176 1670.9646 2021.0707 
3390000.0 3650.0 5223572.5192 4843163.0476 5603981.9909 1.5409 1.4287 1.6531 1852.8121 1696.314 2009.3102 
3400000.0 3660.0 5242956.731 4862250.3137 5623663.1483 1.542 1.4301 1.654 1870.3426 1725.7623 2014.9229 
3410000.0 3670.0 5260362.9671 4879684.5838 5641041.3504 1.5426 1.431 1.6543 1848.6049 1715.8814 1981.3284 
3420000.0 3680.0 5280762.7585 4900530.6459 5660994.8711 1.5441 1.4329 1.6553 1880.7066 1753.9796 2007.4337 
3430000.0 3690.0 5299262.0415 4919401.6656 5679122.4174 1.545 1.4342 1.6557 1875.7151 1727.2461 2024.1841 
3440000.0 3700.25 5316741.479 4936876.5105 5696606.4475 1.5456 1.4351 1.656 1846.8261 1688.6044 2005.0478 
3450000.0 3710.25 5336013.6854 4956637.7916 5715389.5791 1.5467 1.4367 1.6566 1861.4818 1683.475 2039.4885 
3460000.0 3720.25 5356347.588 4977086.6673 5735608.5087 1.5481 1.4385 1.6577 1890.0642 1723.6797 2056.4488 
3470000.0 3730.25 5375956.6296 4997006.813 5754906.4463 1.5493 1.4401 1.6585 1904.4755 1746.0877 2062.8633 
3480000.0 3740.25 5394121.1677 5015750.8572 5772491.4783 1.55 1.4413 1.6588 1892.9442 1727.1782 2058.7103 
3490000.0 3750.25 5413744.2353 5036272.7976 5791215.6729 1.5512 1.4431 1.6594 1900.4847 1760.3833 2040.5862 
3500000.0 3760.25 5432186.1261 5054509.9594 5809862.2928 1.5521 1.4441 1.66 1891.9102 1746.1752 2037.6453 
3510000.0 3770.375 5450548.6135 5073138.6966 5827958.5304 1.5529 1.4453 1.6604 1877.6894 1740.7003 2014.6784 
3520000.0 3780.375 5468012.5714 5090269.5419 5845755.6009 1.5534 1.4461 1.6607 1850.209 1698.2929 2002.1251 
3530000.0 3790.375 5486489.1329 5109390.7169 5863587.5488 1.5542 1.4474 1.6611 1850.1846 1699.3108 2001.0585 
3540000.0 3800.375 5503388.6266 5126604.8693 5880172.3839 1.5546 1.4482 1.6611 1821.6341 1652.9872 1990.2811 
3550000.0 3810.5 5521180.2009 5145261.9809 5897098.4209 1.5553 1.4494 1.6612 1814.7128 1646.7441 1982.6814 
3560000.0 3820.5 5539209.0924 5163617.4398 5914800.745 1.556 1.4505 1.6615 1808.5608 1646.0224 1971.0991 
3570000.0 3830.5 5556300.9102 5179947.2697 5932654.5508 1.5564 1.451 1.6618 1789.5135 1630.2115 1948.8155 
3580000.0 3840.5 5572770.6968 5194483.6799 5951057.7136 1.5566 1.451 1.6623 1763.0102 1600.2279 1925.7926 
3590000.0 3850.5 5589812.7661 5210551.0296 5969074.5027 1.5571 1.4514 1.6627 1754.3859 1590.6557 1918.1161 
3600000.0 3860.5 5608826.7376 5228425.7866 5989227.6887 1.558 1.4523 1.6637 1775.9726 1599.3962 1952.549 
3610000.0 3870.625 5627791.0994 5247050.3291 6008531.8696 1.5589 1.4535 1.6644 1794.9821 1589.9978 1999.9665 
3620000.0 3880.625 5647147.2318 5266147.8573 6028146.6062 1.56 1.4547 1.6652 1824.0088 1607.0151 2041.0024 
3630000.0 3890.625 5665649.5373 5285686.8312 6045612.2433 1.5608 1.4561 1.6655 1825.544 1606.6425 2044.4455 
3640000.0 3900.625 5685669.4808 5305705.9997 6065632.9618 1.562 1.4576 1.6664 1854.6546 1646.1274 2063.1819 
3650000.0 3910.625 5705246.6382 5324820.1303 6085673.1462 1.5631 1.4589 1.6673 1875.4116 1669.9455 2080.8778 
3660000.0 3920.875 5725629.2806 5344504.7779 6106753.7834 1.5644 1.4602 1.6685 1899.9326 1700.1608 2099.7044 
3670000.0 3930.875 5745621.5916 5363370.0875 6127873.0957 1.5656 1.4614 1.6697 1916.7429 1723.1477 2110.338 
3680000.0 3940.875 5764440.9817 5381510.8138 6147371.1497 1.5664 1.4624 1.6705 1906.4205 1720.9225 2091.9185 
3690000.0 3951.0 5784132.2205 5400348.8373 6167915.6037 1.5675 1.4635 1.6715 1917.074 1749.2724 2084.8756 
3700000.0 3961.125 5804169.9334 5420786.2697 6187553.5971 1.5687 1.4651 1.6723 1925.9946 1797.1827 2054.8065 
3710000.0 3971.125 5824472.6926 5440088.0719 6208857.3134 1.5699 1.4663 1.6735 1946.6 1837.8064 2055.3936 
3720000.0 3981.125 5844266.6289 5459551.2306 6228982.0271 1.571 1.4676 1.6745 1952.2448 1857.9159 2046.5736 
3730000.0 3991.25 5863358.4002 5478565.9621 6248150.8384 1.5719 1.4688 1.6751 1943.1359 1852.4736 2033.7981 
3740000.0 4001.375 5882630.3286 5496402.4627 6268858.1945 1.5729 1.4696 1.6762 1935.4756 1833.3088 2037.6424 
3750000.0 4011.375 5902474.0321 5515824.084 6289123.9802 1.574 1.4709 1.6771 1945.4004 1837.95 2052.8508 
3760000.0 4021.5 5922586.2004 5536104.66 6309067.7408 1.5752 1.4724 1.6779 1950.1202 1818.8192 2081.4213 
3770000.0 4031.5 5942276.079 5555826.836 6328725.322 1.5762 1.4737 1.6787 1951.3853 1803.2982 2099.4723 
3780000.0 4041.5 5960704.2691 5574932.9614 6346475.5769 1.5769 1.4748 1.679 1934.173 1769.7947 2098.5513 
3790000.0 4051.625 5979106.5829 5594616.6155 6363596.5502 1.5776 1.4762 1.679 1914.8116 1746.54 2083.0833 
3800000.0 4061.625 5998368.3454 5613289.2612 6383447.4296 1.5785 1.4772 1.6799 1914.3375 1774.7466 2053.9284 
3810000.0 4071.75 6016154.7585 5631491.7626 6400817.7544 1.579 1.4781 1.68 1886.5334 1753.0135 2020.0532 
3820000.0 4081.75 6035779.7545 5649054.341 6422505.168 1.58 1.4788 1.6813 1900.0708 1789.173 2010.9685 
3830000.0 4091.75 6055579.5851 5667745.1197 6443414.0505 1.5811 1.4798 1.6824 1912.7692 1806.3127 2019.2258 
3840000.0 4101.75 6075637.6321 5686606.2214 6464669.0428 1.5822 1.4809 1.6835 1930.5888 1834.8251 2026.3524 
3850000.0 4111.875 6094632.2523 5704844.6526 6484419.8519 1.583 1.4818 1.6843 1926.711 1819.2289 2034.1931 
3860000.0 4122.0 6113229.6886 5723116.0514 6503343.3258 1.5837 1.4827 1.6848 1910.6589 1778.7227 2042.595 
3870000.0 4132.0 6132833.1429 5743183.4657 6522482.8201 1.5847 1.484 1.6854 1919.3845 1798.6279 2040.1411 
3880000.0 4142.0 6150419.9931 5760829.6805 6540010.3057 1.5852 1.4847 1.6856 1887.5038 1767.1895 2007.818 
3890000.0 4152.125 6167927.4098 5777486.8109 6558368.0086 1.5856 1.4852 1.686 1860.5644 1725.0932 1996.0355 
3900000.0 4162.125 6186331.5695 5795541.792 6577121.347 1.5862 1.486 1.6864 1850.946 1687.644 2014.248 
3910000.0 4172.125 6204300.1238 5814524.1918 6594076.0557 1.5868 1.4871 1.6865 1843.0323 1653.9851 2032.0794 
3920000.0 4182.125 6223097.449 5833851.5785 6612343.3195 1.5875 1.4882 1.6868 1846.6441 1644.153 2049.1352 
3930000.0 4192.125 6243392.5781 5853792.6017 6632992.5545 1.5886 1.4895 1.6878 1880.0946 1699.0099 2061.1793 
3940000.0 4202.125 6262426.2488 5872707.7002 6652144.7973 1.5894 1.4905 1.6884 1886.1006 1711.7737 2060.4275 
3950000.0 4212.25 6281419.8218 5892303.7872 6670535.8563 1.5902 1.4917 1.6887 1884.2957 1696.9218 2071.6697 
3960000.0 4222.375 6301215.4154 5911771.9341 6690658.8967 1.5912 1.4929 1.6896 1896.9406 1698.8652 2095.0161 
3970000.0 4232.5 6319928.9171 5931337.9673 6708519.8669 1.5919 1.494 1.6898 1892.4656 1686.5358 2098.3955 
3980000.0 4242.5 6339190.8202 5950888.5312 6727493.1093 1.5928 1.4952 1.6903 1899.8108 1668.0852 2131.5363 
3990000.0 4252.5 6358240.8005 5970427.6565 6746053.9445 1.5935 1.4963 1.6907 1897.981 1647.5144 2148.4476 
4000000.0 4262.5 6377467.683 5989664.0967 6765271.2693 1.5944 1.4974 1.6913 1901.7838 1653.9092 2149.6583 
