10000.0 11.0 3768.215 3284.7058 4251.7242 0.3768 0.3285 0.4252 65.185 25.6941 104.6759 
20000.0 22.5 7290.9005 7251.2889 7330.5121 0.3645 0.3626 0.3665 116.8655 86.6311 147.0999 
30000.0 243.5 9028.7405 7216.6133 10840.8677 0.301 0.2406 0.3614 8.4225 -41.3414 58.1864 
40000.0 326.5 12959.127 12572.4518 13345.8022 0.324 0.3143 0.3336 62.5765 54.2984 70.8546 
50000.0 441.5 17347.585 12974.0331 21721.1369 0.347 0.2595 0.4344 54.2245 -428.4906 536.9396 
60000.0 456.0 22325.0975 12723.0631 31927.1319 0.3721 0.2121 0.5321 128.5765 -348.7893 605.9423 
70000.0 467.0 27410.7735 6648.4347 48173.1123 0.3916 0.095 0.6882 196.3425 -414.3622 807.0472 
80000.0 478.0 31965.3595 10285.7471 53644.9719 0.3996 0.1286 0.6706 240.8295 -238.1881 719.8471 
90000.0 489.0 36931.9625 25121.9327 48741.9923 0.4104 0.2791 0.5416 280.1825 159.3656 400.9994 
100000.0 499.0 42487.5455 32778.6392 52196.4518 0.4249 0.3278 0.522 330.847 268.2944 393.3996 
110000.0 513.0 48059.664 36195.2834 59924.0446 0.4369 0.329 0.5448 349.9205 269.2552 430.5858 
120000.0 524.5 53751.084 43966.7473 63535.4207 0.4479 0.3664 0.5295 381.8115 162.0005 601.6225 
130000.0 534.5 59247.6325 47400.5769 71094.6881 0.4558 0.3646 0.5469 411.714 274.0169 549.4111 
140000.0 544.5 64961.3635 48433.0498 81489.6772 0.464 0.346 0.5821 437.8585 407.065 468.652 
150000.0 555.5 71054.932 55151.1727 86958.6913 0.4737 0.3677 0.5797 462.346 403.3257 521.3663 
160000.0 568.0 76629.6475 58294.8291 94964.4659 0.4789 0.3643 0.5935 459.9615 238.2319 681.6911 
170000.0 578.5 82146.6815 69345.8219 94947.5411 0.4832 0.4079 0.5585 470.0305 130.4635 809.5975 
180000.0 590.0 87422.5945 79413.3718 95431.8172 0.4857 0.4412 0.5302 471.4155 161.0728 781.7582 
190000.0 600.0 93185.0975 86617.8892 99752.3058 0.4904 0.4559 0.525 488.502 174.4427 802.5613 
200000.0 610.5 98661.552 95372.4747 101950.6293 0.4933 0.4769 0.5098 495.7425 226.1613 765.3237 
210000.0 621.0 104904.512 103442.409 106366.615 0.4995 0.4926 0.5065 513.6165 244.8866 782.3464 
220000.0 631.0 111127.4415 110129.9473 112124.9357 0.5051 0.5006 0.5097 530.6525 257.9964 803.3086 
230000.0 642.5 117431.9445 113557.1175 121306.7715 0.5106 0.4937 0.5274 538.8465 245.4412 832.2518 
240000.0 653.0 122646.1635 119085.3449 126206.9821 0.511 0.4962 0.5259 527.3725 185.8869 868.8581 
250000.0 664.0 128064.2205 119649.2886 136479.1524 0.5123 0.4786 0.5459 522.032 216.2699 827.7941 
260000.0 675.5 133637.9835 122630.376 144645.591 0.514 0.4717 0.5563 517.4295 381.4922 653.3668 
270000.0 686.5 139585.407 123732.7013 155438.1127 0.517 0.4583 0.5757 518.997 379.953 658.041 
280000.0 697.0 145529.304 127523.354 163535.254 0.5197 0.4554 0.5841 528.045 331.0353 725.0547 
290000.0 707.0 151213.2555 132281.2328 170145.2782 0.5214 0.4561 0.5867 535.0605 348.2856 721.8354 
300000.0 718.0 157136.509 133919.3505 180353.6675 0.5238 0.4464 0.6012 535.7845 363.2025 708.3665 
310000.0 729.5 162508.382 134627.7414 190389.0226 0.5242 0.4343 0.6142 522.6895 261.8375 783.5415 
320000.0 740.0 168524.8085 135619.0101 201430.6069 0.5266 0.4238 0.6295 533.3805 174.5382 892.2228 
330000.0 751.0 174821.43 139644.2768 209998.5832 0.5298 0.4232 0.6364 539.6615 169.8792 909.4438 
340000.0 761.5 180471.293 137759.3858 223183.2002 0.5308 0.4052 0.6564 538.349 77.6474 999.0506 
350000.0 771.5 186425.953 131420.2209 241431.6851 0.5326 0.3755 0.6898 549.1655 -48.2866 1146.6176 
360000.0 782.0 192339.1705 130677.4773 254000.8637 0.5343 0.363 0.7056 549.613 -156.5216 1255.7476 
370000.0 792.0 198798.386 132164.7231 265432.0489 0.5373 0.3572 0.7174 566.654 -93.4715 1226.7795 
380000.0 802.0 205117.769 135937.8589 274297.6791 0.5398 0.3577 0.7218 579.073 -22.7183 1180.8643 
390000.0 812.0 211556.9895 142700.9415 280413.0375 0.5425 0.3659 0.719 589.0855 79.8653 1098.3057 
400000.0 822.0 217729.271 142015.8178 293442.7242 0.5443 0.355 0.7336 597.079 60.1021 1134.0559 
410000.0 832.0 224676.3185 146756.9347 302595.7023 0.548 0.3579 0.738 613.1835 162.6914 1063.6756 
420000.0 842.5 231400.4655 150394.0584 312406.8726 0.551 0.3581 0.7438 618.7715 163.5908 1073.9522 
430000.0 852.5 238085.168 163432.5685 312737.7675 0.5537 0.3801 0.7273 631.5995 332.8067 930.3923 
440000.0 863.0 245098.8915 158803.1074 331394.6756 0.557 0.3609 0.7532 639.446 255.9982 1022.8938 
450000.0 873.5 252094.4025 156838.584 347350.221 0.5602 0.3485 0.7719 647.054 210.0749 1084.0331 
460000.0 883.5 259193.7125 151174.0158 367213.4092 0.5635 0.3286 0.7983 659.7105 72.6521 1246.7689 
470000.0 893.5 265093.048 155168.9136 375017.1824 0.564 0.3301 0.7979 646.2755 113.6378 1178.9132 
480000.0 903.5 271553.551 155712.4801 387394.6219 0.5657 0.3244 0.8071 646.6405 109.6826 1183.5984 
490000.0 913.5 278557.3445 159296.0746 397818.6144 0.5685 0.3251 0.8119 654.6905 127.9738 1181.4072 
500000.0 923.5 286674.9345 159510.8118 413839.0572 0.5733 0.319 0.8277 682.3545 97.9898 1266.7192 
510000.0 933.5 293691.5095 161650.2372 425732.7818 0.5759 0.317 0.8348 686.926 120.0895 1253.7625 
520000.0 943.5 301649.75 170159.4251 433140.0749 0.5801 0.3272 0.833 706.9545 249.1944 1164.7146 
530000.0 953.5 309514.684 171916.5246 447112.8434 0.584 0.3244 0.8436 717.2795 272.0223 1162.5367 
540000.0 963.5 316140.563 169052.3045 463228.8215 0.5854 0.3131 0.8578 708.7885 171.3478 1246.2292 
550000.0 973.5 323505.983 170157.1995 476854.7665 0.5882 0.3094 0.867 713.713 180.9927 1246.4333 
560000.0 983.5 330149.998 170356.7418 489943.2542 0.5896 0.3042 0.8749 706.0035 119.9362 1292.0708 
570000.0 994.0 336786.6535 166503.8345 507069.4725 0.5909 0.2921 0.8896 695.6975 78.5127 1312.8823 
580000.0 1004.0 343455.635 170719.9022 516191.3678 0.5922 0.2943 0.89 685.011 162.4302 1207.5918 
590000.0 1014.0 350984.979 167691.4828 534278.4752 0.5949 0.2842 0.9056 699.5115 73.5467 1325.4763 
600000.0 1024.0 358606.5805 165044.2155 552168.9455 0.5977 0.2751 0.9203 708.2375 38.0805 1378.3945 
610000.0 1034.0 365751.6375 165885.7752 565617.4998 0.5996 0.2719 0.9272 709.5715 57.5335 1361.6095 
620000.0 1044.0 373233.9145 169421.1873 577046.6417 0.602 0.2733 0.9307 715.592 52.1121 1379.0719 
630000.0 1054.0 380484.4675 177945.2451 583023.6899 0.6039 0.2825 0.9254 717.4525 220.4302 1214.4748 
640000.0 1064.0 388186.905 180834.1593 595539.6507 0.6065 0.2826 0.9305 726.2655 270.9958 1181.5352 
650000.0 1074.5 395845.7305 184393.5883 607297.8727 0.609 0.2837 0.9343 732.3015 207.2239 1257.3791 
660000.0 1084.5 403384.4 197827.0537 608941.7463 0.6112 0.2997 0.9226 736.9895 432.3392 1041.6398 
670000.0 1094.5 412375.8635 195425.8482 629325.8788 0.6155 0.2917 0.9393 764.3695 298.8078 1229.9312 
680000.0 1104.5 420879.201 195260.1552 646498.2468 0.6189 0.2871 0.9507 783.148 228.7382 1337.5578 
690000.0 1114.5 429475.2205 182052.0541 676898.3869 0.6224 0.2638 0.981 796.8845 -63.7512 1657.5202 
700000.0 1124.5 439215.976 167881.2888 710550.6632 0.6275 0.2398 1.0151 827.0795 -339.5979 1993.7569 
710000.0 1134.5 447584.3285 163811.6709 731356.9861 0.6304 0.2307 1.0301 829.2175 -336.0749 1994.5099 
720000.0 1145.0 456135.64 150769.5435 761501.7365 0.6335 0.2094 1.0576 827.4045 -453.3619 2108.1709 
730000.0 1155.0 466853.91 141439.8366 792267.9834 0.6395 0.1938 1.0853 873.761 -550.1344 2297.6564 
740000.0 1165.0 477338.1245 134514.956 820161.293 0.6451 0.1818 1.1083 906.189 -557.0448 2369.4228 
750000.0 1175.0 487670.6275 131880.1672 843461.0878 0.6502 0.1758 1.1246 929.315 -552.1776 2410.8076 
760000.0 1185.0 497349.1735 128845.088 865853.259 0.6544 0.1695 1.1393 938.595 -495.9355 2373.1255 
770000.0 1195.0 505163.192 146441.7088 863884.6752 0.6561 0.1902 1.1219 907.648 -56.5878 1871.8838 
780000.0 1205.0 514380.681 162976.663 865784.699 0.6595 0.2089 1.11 910.3865 251.4491 1569.3239 
790000.0 1215.0 524383.8155 187978.9957 860788.6353 0.6638 0.2379 1.0896 925.1705 640.6722 1209.6688 
800000.0 1225.0 534746.327 206986.5484 862506.1056 0.6684 0.2587 1.0781 949.37 838.6354 1060.1046 
810000.0 1235.0 544276.401 232313.3319 856239.4701 0.6719 0.2868 1.0571 949.7605 685.0204 1214.5006 
820000.0 1245.0 554810.021 246672.8918 862947.1502 0.6766 0.3008 1.0524 967.021 723.532 1210.51 
830000.0 1255.5 563633.1845 257190.2054 870076.1636 0.6791 0.3099 1.0483 946.92 622.1875 1271.6525 
840000.0 1265.5 573085.238 267855.6951 878314.7809 0.6822 0.3189 1.0456 946.772 692.8258 1200.7182 
850000.0 1275.5 582616.2355 267932.6473 897299.8237 0.6854 0.3152 1.0556 948.5645 900.6812 996.4478 
860000.0 1285.5 592293.003 261808.3915 922777.6145 0.6887 0.3044 1.073 950.7815 724.1727 1177.3903 
870000.0 1296.0 603160.9735 245308.5248 961013.4222 0.6933 0.282 1.1046 967.0015 367.4656 1566.5374 
880000.0 1306.0 614068.3135 240348.5851 987788.0419 0.6978 0.2731 1.1225 991.5225 239.2707 1743.7743 
890000.0 1316.5 623565.615 227664.9382 1019466.2918 0.7006 0.2558 1.1455 968.73 11.1904 1926.2696 
900000.0 1326.5 635864.5815 222965.1564 1048764.0066 0.7065 0.2477 1.1653 1011.417 -27.3661 2050.2001 
910000.0 1337.0 648191.404 212468.5921 1083914.2159 0.7123 0.2335 1.1911 1047.867 -161.4969 2257.2309 
920000.0 1347.5 658779.4385 217476.9191 1100081.9579 0.7161 0.2364 1.1957 1038.874 92.7446 1985.0034 
930000.0 1357.5 672311.668 181236.0667 1163387.2693 0.7229 0.1949 1.251 1094.1845 -598.0977 2786.4667 
940000.0 1368.0 680787.0445 200085.5956 1161488.4934 0.7242 0.2129 1.2356 1040.3345 -157.6001 2238.2691 
950000.0 1378.0 689873.5225 190114.5835 1189632.4615 0.7262 0.2001 1.2522 1003.532 -286.5036 2293.5676 
960000.0 1388.0 699751.3385 178545.1645 1220957.5125 0.7289 0.186 1.2718 1007.1625 -401.8095 2416.1345 
970000.0 1398.0 711010.1005 148184.575 1273835.626 0.733 0.1528 1.3132 1028.1345 -941.2319 2997.5009 
980000.0 1408.0 725241.203 130264.8818 1320217.5242 0.74 0.1329 1.3472 1095.4885 -1009.9106 3200.8876 
990000.0 1418.0 738426.9305 91434.0563 1385419.8047 0.7459 0.0924 1.3994 1137.927 -1521.5833 3797.4373 
1000000.0 1428.0 753275.988 67707.4511 1438844.5249 0.7533 0.0677 1.4388 1196.334 -1725.839 4118.507 
1010000.0 1438.0 767419.768 47672.1121 1487167.4239 0.7598 0.0472 1.4724 1237.2325 -1758.8842 4233.3492 
1020000.0 1448.0 779953.889 50407.513 1509500.265 0.7647 0.0494 1.4799 1235.794 -1452.9406 3924.5286 
1030000.0 1458.0 795014.3395 66693.1275 1523335.5515 0.7719 0.0648 1.479 1286.716 -896.2989 3469.7309 
1040000.0 1468.0 810725.2545 85432.8841 1536017.6249 0.7795 0.0821 1.4769 1337.376 -390.7314 3065.4834 
1050000.0 1478.0 825816.5725 97121.8108 1554511.3342 0.7865 0.0925 1.4805 1384.051 -34.6476 2802.7496 
1060000.0 1488.0 839474.6305 96297.9338 1582651.3272 0.792 0.0908 1.4931 1368.5135 -105.4253 2842.4523 
1070000.0 1498.0 856403.317 97098.0819 1615708.5521 0.8004 0.0907 1.51 1428.905 -9.2087 2867.0187 
1080000.0 1508.0 871767.719 91273.439 1652261.999 0.8072 0.0845 1.5299 1448.323 -165.1363 3061.7823 
1090000.0 1518.0 886067.5965 114972.2042 1657162.9888 0.8129 0.1055 1.5203 1450.659 297.2279 2604.0901 
1100000.0 1528.0 899605.7955 141930.5568 1657281.0342 0.8178 0.129 1.5066 1429.35 705.325 2153.375 
1110000.0 1538.0 914624.523 162229.5701 1667019.4759 0.824 0.1462 1.5018 1435.736 983.3951 1888.0769 
1120000.0 1548.5 928171.4265 177676.7564 1678666.0966 0.8287 0.1586 1.4988 1414.904 978.268 1851.54 
1130000.0 1558.5 942033.0345 169097.0849 1714968.9841 0.8337 0.1496 1.5177 1413.163 680.0023 2146.3237 
1140000.0 1568.5 956395.3865 155198.614 1757592.159 0.8389 0.1361 1.5417 1411.4455 253.5354 2569.3556 
1150000.0 1578.5 972184.5385 143146.4257 1801222.6513 0.8454 0.1245 1.5663 1443.947 11.4368 2876.4572 
1160000.0 1588.5 987754.4025 113744.4315 1861764.3735 0.8515 0.0981 1.605 1464.167 -532.6766 3461.0106 
1170000.0 1598.5 1001013.1945 101922.7128 1900103.6762 0.8556 0.0871 1.624 1435.611 -670.9507 3542.1727 
1180000.0 1608.5 1018053.7725 105953.8525 1930153.6925 0.8628 0.0898 1.6357 1486.443 -457.6699 3430.5559 
1190000.0 1618.5 1036552.2735 124690.8616 1948413.6854 0.8711 0.1048 1.6373 1552.0345 -18.7764 3122.8454 
1200000.0 1628.5 1054054.896 145788.5332 1962321.2588 0.8784 0.1215 1.6353 1588.476 344.2717 2832.6803 
1210000.0 1638.5 1070429.552 131929.2579 2008929.8461 0.8847 0.109 1.6603 1599.7575 75.0193 3124.4957 
1220000.0 1648.5 1087177.9575 138653.6178 2035702.2972 0.8911 0.1137 1.6686 1617.6 260.7044 2974.4956 
1230000.0 1658.5 1103843.6455 140130.7406 2067556.5504 0.8974 0.1139 1.6809 1624.802 245.5689 3004.0351 
1240000.0 1668.5 1119844.4075 134941.4921 2104747.3229 0.9031 0.1088 1.6974 1613.472 24.9804 3201.9636 
1250000.0 1678.5 1136180.705 111018.8469 2161342.5631 0.9089 0.0888 1.7291 1616.6195 -406.9008 3640.1398 
1260000.0 1688.5 1152357.6105 111893.4477 2192821.7733 0.9146 0.0888 1.7403 1618.4625 -286.1658 3523.0908 
1270000.0 1698.5 1168303.7465 106955.6656 2229651.8274 0.9199 0.0842 1.7556 1617.343 -470.4008 3705.0868 
1280000.0 1708.5 1183319.9035 77824.47 2288815.337 0.9245 0.0608 1.7881 1594.79 -799.3131 3988.8931 
1290000.0 1718.5 1199507.571 96048.7706 2302966.3714 0.9299 0.0745 1.7852 1595.005 -355.4228 3545.4328 
1300000.0 1728.5 1214305.5295 70708.2413 2357902.8177 0.9341 0.0544 1.8138 1585.078 -619.8424 3789.9984 
1310000.0 1738.5 1228624.4685 22081.3536 2435167.5834 0.9379 0.0169 1.8589 1554.772 -1369.0401 4478.5841 
1320000.0 1748.5 1244029.8605 6146.8027 2481912.9183 0.9424 0.0047 1.8802 1545.653 -1495.2213 4586.5273 
1330000.0 1758.5 1257730.9945 -35414.0542 2550876.0432 0.9457 -0.0266 1.918 1514.588 -1969.2627 4998.4387 
1340000.0 1768.5 1274096.1665 -47113.2672 2595305.6002 0.9508 -0.0352 1.9368 1536.457 -1806.4311 4879.3451 
1350000.0 1778.5 1291275.4555 -74116.9717 2656667.8827 0.9565 -0.0549 1.9679 1573.3015 -1902.9446 5049.5476 
1360000.0 1788.5 1307845.372 -85789.4985 2701480.2425 0.9617 -0.0631 1.9864 1583.288 -1856.523 5023.099 
1370000.0 1798.5 1326157.8935 -83326.9827 2735642.7697 0.968 -0.0608 1.9968 1630.7995 -1467.132 4728.731 
1380000.0 1808.5 1344903.753 -66073.2192 2755880.7252 0.9746 -0.0479 1.997 1679.679 -1005.6122 4364.9702 
1390000.0 1818.5 1363540.9045 -47580.6452 2774662.4542 0.981 -0.0342 1.9962 1709.52 -440.2809 3859.3209 
1400000.0 1829.0 1381086.8545 -24153.7809 2786327.4899 0.9865 -0.0173 1.9902 1710.743 312.9334 3108.5526 
1410000.0 1839.0 1400932.052 -15847.3484 2817711.4524 0.9936 -0.0112 1.9984 1757.987 352.7697 3163.2043 
1420000.0 1849.0 1420416.5535 -12864.3505 2853697.4575 1.0003 -0.0091 2.0096 1784.075 433.8756 3134.2744 
1430000.0 1859.0 1439443.1445 -7886.1079 2886772.3969 1.0066 -0.0055 2.0187 1804.022 450.7604 3157.2836 
1440000.0 1869.0 1457897.416 1749.9622 2914044.8698 1.0124 0.0012 2.0236 1813.328 541.043 3085.613 
1450000.0 1879.0 1477040.631 -10235.3726 2964316.6346 1.0186 -0.0071 2.0444 1830.5675 198.1569 3462.9781 
1460000.0 1889.0 1495400.055 -20775.0169 3011575.1269 1.0242 -0.0142 2.0627 1831.8805 -34.8325 3698.5935 
1470000.0 1899.0 1514931.6005 -19229.4155 3049092.6165 1.0306 -0.0131 2.0742 1853.5865 -18.2725 3725.4455 
1480000.0 1909.0 1533867.1245 -28797.8222 3096532.0712 1.0364 -0.0195 2.0923 1857.4395 -192.1793 3907.0583 
1490000.0 1919.0 1551151.8305 -51898.0981 3154201.7591 1.041 -0.0348 2.1169 1834.7415 -598.7699 4268.2529 
1500000.0 1929.0 1569195.374 -33015.2907 3171406.0387 1.0461 -0.022 2.1143 1823.208 -49.0004 3695.4164 
1510000.0 1939.0 1586373.6725 -18476.9921 3191224.3371 1.0506 -0.0122 2.1134 1814.6785 191.0225 3438.3345 
1520000.0 1949.0 1603421.382 -8897.2973 3215740.0613 1.0549 -0.0059 2.1156 1782.8775 373.2575 3192.4975 
1530000.0 1959.0 1622463.3285 12154.2944 3232772.3626 1.0604 0.0079 2.1129 1811.582 681.7971 2941.3669 
1540000.0 1969.0 1639669.8055 41531.5493 3237808.0617 1.0647 0.027 2.1025 1802.834 972.1277 2633.5403 
1550000.0 1979.0 1656653.629 83016.614 3230290.644 1.0688 0.0536 2.0841 1774.4105 1690.2382 1858.5828 
1560000.0 1989.0 1675102.82 114373.8097 3235831.8303 1.0738 0.0733 2.0743 1787.6775 1621.0801 1954.2749 
1570000.0 1999.0 1690681.852 158821.5294 3222542.1746 1.0769 0.1012 2.0526 1744.347 1124.5256 2364.1684 
1580000.0 2009.0 1710532.155 180783.502 3240280.808 1.0826 0.1144 2.0508 1786.505 1209.3892 2363.6208 
1590000.0 2019.0 1728851.3715 179388.2096 3278314.5334 1.0873 0.1128 2.0618 1794.121 1675.318 1912.924 
1600000.0 2029.0 1747347.741 207162.1098 3287533.3722 1.0921 0.1295 2.0547 1818.097 1501.0772 2135.1168 
1610000.0 2039.0 1764437.993 200403.2602 3328472.7258 1.0959 0.1245 2.0674 1796.1195 1756.9018 1835.3372 
1620000.0 2049.0 1784189.57 194570.8813 3373808.2587 1.1014 0.1201 2.0826 1820.4075 1158.3062 2482.5088 
1630000.0 2059.0 1803091.692 189860.9614 3416322.4226 1.1062 0.1165 2.0959 1833.8885 877.7657 2790.0113 
1640000.0 2069.0 1823646.4345 199479.6196 3447813.2494 1.112 0.1216 2.1023 1870.658 875.6478 2865.6682 
1650000.0 2079.0 1843587.457 220464.3869 3466710.5271 1.1173 0.1336 2.101 1897.232 1109.7395 2684.7245 
1660000.0 2089.0 1862316.2435 227781.9787 3496850.5083 1.1219 0.1372 2.1065 1894.7815 1041.2104 2748.3526 
1670000.0 2099.0 1881984.916 255480.1149 3508489.7171 1.1269 0.153 2.1009 1909.7305 1408.223 2411.238 
1680000.0 2109.0 1901157.2925 272487.4494 3529827.1356 1.1316 0.1622 2.1011 1905.7635 1366.5948 2444.9322 
1690000.0 2119.5 1921918.0575 302844.8678 3540991.2472 1.1372 0.1792 2.0953 1930.517 1781.2191 2079.8149 
1700000.0 2129.5 1940305.263 339432.3965 3541178.1295 1.1414 0.1997 2.083 1912.263 1714.7196 2109.8064 
1710000.0 2139.5 1961643.2255 368421.4955 3554864.9555 1.1472 0.2155 2.0789 1951.815 1649.941 2253.689 
1720000.0 2149.5 1981454.73 394368.2354 3568541.2246 1.152 0.2293 2.0747 1957.741 1573.0607 2342.4213 
1730000.0 2159.5 2002003.1225 429466.306 3574539.939 1.1572 0.2482 2.0662 1975.895 1396.6954 2555.0946 
1740000.0 2169.5 2023216.4455 455637.336 3590795.555 1.1628 0.2619 2.0637 2001.648 1459.9571 2543.3389 
1750000.0 2179.5 2045174.4455 493130.3104 3597218.5806 1.1687 0.2818 2.0556 2037.633 1305.8191 2769.4469 
1760000.0 2189.5 2066052.082 512345.4226 3619758.7414 1.1739 0.2911 2.0567 2045.5265 1478.9124 2612.1406 
1770000.0 2199.5 2085743.774 529686.4032 3641801.1448 1.1784 0.2993 2.0575 2034.896 1618.0308 2451.7612 
1780000.0 2209.5 2105095.3705 553478.7229 3656712.0181 1.1826 0.3109 2.0543 2015.6535 1554.0816 2477.2254 
1790000.0 2219.5 2125515.1815 556715.1582 3694315.2048 1.1874 0.311 2.0639 2020.4735 1963.124 2077.823 
1800000.0 2229.5 2145809.6555 568711.3115 3722907.9995 1.1921 0.316 2.0683 2022.1135 1909.7335 2134.4935 
1810000.0 2239.5 2166668.9615 606415.7033 3726922.2197 1.1971 0.335 2.0591 2033.3305 1792.783 2273.878 
1820000.0 2249.5 2187777.9195 637284.0303 3738271.8087 1.2021 0.3502 2.054 2046.45 1655.9502 2436.9498 
1830000.0 2259.5 2208230.9065 688242.1244 3728219.6886 1.2067 0.3761 2.0373 2039.293 1100.2028 2978.3832 
1840000.0 2269.5 2227822.151 711059.3917 3744584.9103 1.2108 0.3864 2.0351 2028.271 1243.1038 2813.4382 
1850000.0 2280.0 2247117.7215 718456.5481 3775778.8949 1.2147 0.3884 2.041 2003.811 1186.5225 2821.0995 
1860000.0 2290.0 2265771.4125 744352.293 3787190.532 1.2182 0.4002 2.0361 1968.72 1255.2031 2682.2369 
1870000.0 2300.0 2282918.1745 749607.6737 3816228.6753 1.2208 0.4009 2.0408 1922.2255 1587.6648 2256.7862 
1880000.0 2310.0 2302700.1365 764812.7591 3840587.5139 1.2248 0.4068 2.0429 1931.703 1752.3803 2111.0257 
1890000.0 2320.0 2319876.0965 740236.4861 3899515.7069 1.2274 0.3917 2.0632 1903.5855 1415.0383 2392.1327 
1900000.0 2330.0 2337393.905 734790.2501 3939997.5599 1.2302 0.3867 2.0737 1871.0255 993.0966 2748.9544 
1910000.0 2340.0 2355794.627 750117.1506 3961472.1034 1.2334 0.3927 2.0741 1866.0345 983.3154 2748.7536 
1920000.0 2350.5 2373298.8985 765680.1872 3980917.6098 1.2361 0.3988 2.0734 1823.166 1380.3039 2266.0281 
1930000.0 2360.5 2392876.6125 775923.8088 4009829.4162 1.2398 0.402 2.0776 1849.1675 1289.9103 2408.4247 
1940000.0 2370.5 2412390.739 793163.7852 4031617.6928 1.2435 0.4088 2.0782 1874.8205 1394.3671 2355.2739 
1950000.0 2380.5 2429111.635 809831.9504 4048391.3196 1.2457 0.4153 2.0761 1828.7635 1418.5627 2238.9643 
1960000.0 2390.5 2449109.9545 847724.1195 4050495.7895 1.2495 0.4325 2.0666 1872.4525 1783.0834 1961.8216 
1970000.0 2400.5 2469087.681 845458.0526 4092717.3094 1.2533 0.4292 2.0775 1876.2965 1572.6119 2179.9811 
1980000.0 2410.5 2488989.145 872503.4786 4105474.8114 1.2571 0.4407 2.0735 1899.254 1821.8986 1976.6094 
1990000.0 2420.5 2508615.2875 895915.9113 4121314.6637 1.2606 0.4502 2.071 1911.021 1885.4307 1936.6113 
2000000.0 2430.5 2528924.4525 940044.6486 4117804.2564 1.2645 0.47 2.0589 1943.756 1655.4014 2232.1106 
2010000.0 2440.5 2549187.6175 984860.8644 4113514.3706 1.2683 0.49 2.0465 1947.2535 1118.2943 2776.2127 
2020000.0 2450.5 2568435.98 1008155.8926 4128716.0674 1.2715 0.4991 2.0439 1940.7915 1155.0843 2726.4987 
2030000.0 2460.5 2588923.831 1037556.6634 4140290.9986 1.2753 0.5111 2.0396 1960.612 1208.3157 2712.9083 
2040000.0 2470.5 2609274.9255 1056618.4529 4161931.3981 1.2791 0.518 2.0402 1975.693 1409.1614 2542.2246 
2050000.0 2480.5 2628328.5875 1109973.2516 4146683.9234 1.2821 0.5415 2.0228 1962.4545 807.5939 3117.3151 
2060000.0 2490.5 2647206.1345 1148433.6903 4145978.5787 1.2851 0.5575 2.0126 1950.787 612.074 3289.5 
2070000.0 2500.5 2666147.775 1197163.2553 4135132.2947 1.288 0.5783 1.9976 1937.0935 343.0302 3531.1568 
2080000.0 2510.5 2685229.634 1251143.6967 4119315.5713 1.291 0.6015 1.9804 1948.881 176.5179 3721.2441 
2090000.0 2520.5 2704042.544 1300461.1166 4107623.9714 1.2938 0.6222 1.9654 1920.544 -200.0453 4041.1333 
2100000.0 2530.5 2725784.7025 1343858.2502 4107711.1548 1.298 0.6399 1.9561 1965.897 -185.9369 4117.7309 
2110000.0 2540.5 2747869.878 1378449.7555 4117290.0005 1.3023 0.6533 1.9513 2015.853 87.7373 3943.9687 
2120000.0 2550.5 2767793.2695 1418819.5333 4116767.0057 1.3056 0.6693 1.9419 2006.2845 17.7063 3994.8627 
2130000.0 2560.5 2787843.0175 1466252.1436 4109433.8914 1.3088 0.6884 1.9293 2002.9405 -156.8792 4162.7602 
2140000.0 2570.5 2804594.3925 1490934.3377 4118254.4473 1.3106 0.6967 1.9244 1955.772 -11.3264 3922.8704 
2150000.0 2580.5 2823192.1105 1510294.1865 4136090.0345 1.3131 0.7025 1.9238 1929.1905 290.9478 3567.4332 
2160000.0 2590.5 2840568.479 1508058.1151 4173078.8429 1.3151 0.6982 1.932 1891.6245 940.3046 2842.9444 
2170000.0 2600.5 2859727.9755 1560369.0082 4159086.9428 1.3178 0.7191 1.9166 1893.6285 532.4064 3254.8506 
2180000.0 2611.0 2879684.009 1598706.3902 4160661.6278 1.321 0.7334 1.9086 1915.802 471.3734 3360.2306 
2190000.0 2621.0 2900057.057 1632857.1699 4167256.9441 1.3242 0.7456 1.9029 1941.0285 470.711 3411.346 
2200000.0 2631.0 2917154.9065 1643743.5086 4190566.3044 1.326 0.7472 1.9048 1894.1055 844.1727 2944.0383 
2210000.0 2641.0 2936937.468 1678096.8532 4195778.0828 1.3289 0.7593 1.8985 1897.254 558.8713 3235.6367 
2220000.0 2651.0 2954638.5205 1701963.9664 4207313.0746 1.3309 0.7667 1.8952 1873.7155 627.7133 3119.7177 
2230000.0 2661.0 2974743.245 1747079.3111 4202407.1789 1.334 0.7834 1.8845 1900.48 448.5928 3352.3672 
2240000.0 2672.0 2993321.93 1805603.4195 4181040.4405 1.3363 0.8061 1.8665 1866.2975 -322.162 4054.757 
2250000.0 2683.0 3012832.763 1833709.7332 4191955.7928 1.339 0.815 1.8631 1854.431 -501.0452 4209.9072 
2260000.0 2693.5 3030834.501 1829671.7078 4231997.2942 1.3411 0.8096 1.8726 1825.575 184.2891 3466.8609 
2270000.0 2704.0 3051271.898 1850463.5825 4252080.2135 1.3442 0.8152 1.8732 1847.6655 345.0361 3350.2949 
2280000.0 2714.0 3072955.3635 1859851.9588 4286058.7682 1.3478 0.8157 1.8799 1914.261 814.1705 3014.3515 
2290000.0 2724.0 3094473.503 1901296.2037 4287650.8023 1.3513 0.8303 1.8723 1952.689 781.1896 3124.1884 
2300000.0 2734.0 3115198.896 1933685.1684 4296712.6236 1.3544 0.8407 1.8681 1973.861 755.6409 3192.0811 
2310000.0 2744.0 3136624.438 1961628.7647 4311620.1113 1.3578 0.8492 1.8665 2004.4795 903.6584 3105.3006 
2320000.0 2754.0 3155035.321 1959960.2356 4350110.4064 1.3599 0.8448 1.875 1976.2495 1421.7571 2530.7419 
2330000.0 2764.0 3174755.9995 1946099.1202 4403412.8788 1.3626 0.8352 1.8899 1974.0105 1787.2229 2160.7981 
2340000.0 2774.0 3195368.1945 1953271.5304 4437464.8586 1.3655 0.8347 1.8964 1990.2905 1549.6711 2430.9099 
2350000.0 2784.0 3216199.2245 2005256.0271 4427142.4219 1.3686 0.8533 1.8839 1989.7795 1539.0205 2440.5385 
2360000.0 2794.5 3236788.764 2037904.0408 4435673.4872 1.3715 0.8635 1.8795 2008.8495 1414.7264 2602.9726 
2370000.0 2804.5 3257054.835 2087011.8751 4427097.7949 1.3743 0.8806 1.868 2008.672 1051.6534 2965.6906 
2380000.0 2814.5 3278738.3585 2107152.6303 4450324.0867 1.3776 0.8854 1.8699 2039.1195 1268.5454 2809.6936 
2390000.0 2824.5 3297497.433 2157669.4214 4437325.4446 1.3797 0.9028 1.8566 2008.267 786.5781 3229.9559 
2400000.0 2834.5 3316297.2965 2198418.2053 4434176.3877 1.3818 0.916 1.8476 1988.004 588.7586 3387.2494 
2410000.0 2844.5 3336396.3685 2222752.3316 4450040.4054 1.3844 0.9223 1.8465 1992.4865 741.1731 3243.7999 
2420000.0 2854.5 3356789.308 2223147.3376 4490431.2784 1.3871 0.9187 1.8556 2002.7785 1335.7726 2669.7844 
2430000.0 2865.0 3376602.0665 2232650.9613 4520553.1717 1.3895 0.9188 1.8603 1984.3645 1804.0317 2164.6973 
2440000.0 2875.0 3395172.134 2276231.1916 4514113.0764 1.3915 0.9329 1.85 1961.6815 1347.8257 2575.5373 
2450000.0 2885.0 3411936.213 2334746.6142 4489125.8118 1.3926 0.953 1.8323 1905.3535 623.1767 3187.5303 
2460000.0 2895.0 3429328.7615 2410458.9588 4448198.5642 1.394 0.9799 1.8082 1877.0605 -226.7503 3980.8713 
2470000.0 2905.0 3448848.4605 2458901.1818 4438795.7392 1.3963 0.9955 1.7971 1891.554 -321.8669 4104.9749 
2480000.0 2915.0 3466660.985 2473341.3207 4459980.6493 1.3978 0.9973 1.7984 1870.6785 143.2636 3598.0934 
2490000.0 2925.0 3485446.0485 2515443.7375 4455448.3595 1.3998 1.0102 1.7893 1870.8015 36.8832 3704.7198 
2500000.0 2935.0 3506124.282 2531354.0248 4480894.5392 1.4024 1.0125 1.7924 1907.3495 491.9736 3322.7254 
2510000.0 2945.0 3526392.789 2553390.5494 4499395.0286 1.4049 1.0173 1.7926 1929.14 750.4997 3107.7803 
2520000.0 2955.0 3546963.7335 2557688.0921 4536239.3749 1.4075 1.015 1.8001 1951.2785 1282.049 2620.508 
2530000.0 2965.0 3566679.1915 2568278.1698 4565080.2132 1.4098 1.0151 1.8044 1956.539 1578.6438 2334.4342 
2540000.0 2975.0 3586538.1785 2574723.6866 4598352.6704 1.412 1.0137 1.8104 1966.216 1861.6058 2070.8262 
2550000.0 2985.0 3606168.508 2588320.5193 4624016.4967 1.4142 1.015 1.8133 1964.001 1912.9856 2015.0164 
2560000.0 2995.0 3625590.7735 2633647.35 4617534.197 1.4162 1.0288 1.8037 1954.1865 1392.604 2515.769 
2570000.0 3005.0 3642743.422 2624841.6479 4660645.1961 1.4174 1.0213 1.8135 1901.648 1760.1644 2043.1316 
2580000.0 3015.0 3663456.604 2663364.0243 4663549.1837 1.4199 1.0323 1.8076 1931.4185 1706.2582 2156.5788 
2590000.0 3025.0 3685618.4935 2685486.9121 4685750.0749 1.423 1.0369 1.8092 1988.173 1768.4954 2207.8506 
2600000.0 3035.0 3707677.905 2702953.2403 4712402.5697 1.426 1.0396 1.8125 2026.744 1957.6985 2095.7895 
2610000.0 3045.0 3725772.77 2772500.1279 4679045.4121 1.4275 1.0623 1.7927 1983.683 971.6592 2995.7068 
2620000.0 3055.0 3747663.9555 2779488.5807 4715839.3303 1.4304 1.0609 1.7999 2019.362 1493.1981 2545.5259 
2630000.0 3065.0 3767605.943 2789613.6337 4745598.2523 1.4325 1.0607 1.8044 2016.9085 1756.12 2277.697 
2640000.0 3075.0 3790374.8065 2803451.1217 4777298.4913 1.4357 1.0619 1.8096 2062.311 2020.9904 2103.6316 
2650000.0 3085.0 3811682.396 2830642.1732 4792722.6188 1.4384 1.0682 1.8086 2077.424 1994.7193 2160.1287 
2660000.0 3095.0 3832952.7535 2856118.4051 4809787.1019 1.441 1.0737 1.8082 2080.819 1913.6181 2248.0199 
2670000.0 3105.0 3851248.234 2841289.82 4861206.648 1.4424 1.0642 1.8207 2036.482 1582.1335 2490.8305 
2680000.0 3115.0 3873049.796 2850860.5545 4895239.0375 1.4452 1.0638 1.8266 2069.159 1530.4413 2607.8767 
2690000.0 3125.0 3894015.212 2854861.0399 4933169.3841 1.4476 1.0613 1.8339 2068.281 1261.0812 2875.4808 
2700000.0 3135.0 3914815.147 2875529.58 4954100.714 1.4499 1.065 1.8349 2070.131 1431.5299 2708.7321 
2710000.0 3145.0 3933748.214 2923120.2974 4944376.1306 1.4516 1.0786 1.8245 2038.457 1973.4266 2103.4874 
2720000.0 3155.0 3953065.919 2959721.0837 4946410.7543 1.4533 1.0881 1.8185 2022.257 1532.1787 2512.3353 
2730000.0 3165.0 3971577.388 2996403.8359 4946750.9401 1.4548 1.0976 1.812 1978.318 1309.5396 2647.0964 
2740000.0 3175.0 3989735.443 3051136.8029 4928334.0831 1.4561 1.1136 1.7987 1950.196 674.3025 3226.0895 
2750000.0 3185.0 4009844.757 3095424.8428 4924264.6712 1.4581 1.1256 1.7906 1955.9685 469.387 3442.55 
2760000.0 3195.0 4030515.4525 3151177.3632 4909853.5418 1.4603 1.1417 1.7789 1977.62 162.2464 3792.9936 
2770000.0 3205.0 4051200.0235 3181846.6478 4920553.3992 1.4625 1.1487 1.7764 1998.829 337.48 3660.178 
2780000.0 3215.0 4072035.747 3219595.7338 4924475.7602 1.4648 1.1581 1.7714 2010.416 315.4591 3705.3729 
2790000.0 3225.0 4092550.302 3234502.4689 4950598.1351 1.4669 1.1593 1.7744 2025.5025 664.9793 3386.0257 
2800000.0 3235.0 4111793.163 3224074.2453 4999512.0807 1.4685 1.1515 1.7855 2006.1785 1500.4525 2511.9045 
2810000.0 3245.0 4130161.291 3195522.7556 5064799.8264 1.4698 1.1372 1.8024 1972.182 1593.6133 2350.7507 
2820000.0 3255.0 4149134.261 3204077.1968 5094191.3252 1.4713 1.1362 1.8065 1969.8375 1227.6363 2712.0387 
2830000.0 3265.0 4170482.5535 3230201.6817 5110763.4253 1.4737 1.1414 1.8059 1988.2205 1540.7397 2435.7013 
2840000.0 3275.0 4190168.0575 3256101.0916 5124235.0234 1.4754 1.1465 1.8043 1984.96 1768.2176 2201.7024 
2850000.0 3285.0 4207670.719 3311675.2464 5103666.1916 1.4764 1.162 1.7908 1949.73 1555.4819 2343.9781 
2860000.0 3295.0 4228888.1635 3341043.7403 5116732.5867 1.4786 1.1682 1.7891 1968.404 1337.4647 2599.3433 
2870000.0 3305.0 4248860.1575 3360657.3431 5137062.9719 1.4804 1.171 1.7899 1984.336 1625.7669 2342.9051 
2880000.0 3315.0 4268343.6095 3410155.0488 5126532.1702 1.4821 1.1841 1.78 1981.3285 932.2344 3030.4226 
2890000.0 3325.0 4287825.719 3437025.0604 5138626.3776 1.4837 1.1893 1.7781 1964.1265 1059.6544 2868.5986 
2900000.0 3335.0 4307523.66 3465613.2533 5149434.0667 1.4854 1.195 1.7757 1964.6545 1054.1596 2875.1494 
2910000.0 3345.0 4327426.7395 3484187.8292 5170665.6498 1.4871 1.1973 1.7769 1972.829 1226.5682 2719.0898 
2920000.0 3355.0 4345547.5275 3478171.0213 5212924.0337 1.4882 1.1912 1.7852 1939.6965 1873.4654 2005.9276 
2930000.0 3365.0 4365385.5145 3496017.6664 5234753.3626 1.4899 1.1932 1.7866 1946.071 1888.4992 2003.6428 
2940000.0 3375.0 4387905.808 3540419.3723 5235392.2437 1.4925 1.2042 1.7807 2002.8 1572.0978 2433.5022 
2950000.0 3385.5 4409382.554 3561579.7592 5257185.3488 1.4947 1.2073 1.7821 2029.2365 1533.1545 2525.3185 
2960000.0 3395.5 4428125.52 3608756.2 5247494.84 1.496 1.2192 1.7728 1993.788 1122.0788 2865.4972 
2970000.0 3405.5 4445140.7495 3589389.1754 5300892.3236 1.4967 1.2085 1.7848 1943.6935 1836.1799 2051.2071 
2980000.0 3415.5 4464583.42 3594739.5149 5334427.3251 1.4982 1.2063 1.7901 1941.469 1730.8637 2152.0743 
2990000.0 3426.0 4483882.452 3632717.7479 5335047.1561 1.4996 1.215 1.7843 1923.0865 1520.6492 2325.5238 
3000000.0 3436.0 4503148.083 3652530.1523 5353766.0137 1.501 1.2175 1.7846 1926.282 1556.3536 2296.2104 
3010000.0 3446.0 4522349.177 3695560.7803 5349137.5737 1.5024 1.2278 1.7771 1922.268 1209.2085 2635.3275 
3020000.0 3456.0 4543114.449 3726287.4881 5359941.4099 1.5043 1.2339 1.7748 1949.9275 1191.0812 2708.7738 
3030000.0 3466.0 4565194.2835 3760300.539 5370088.028 1.5067 1.241 1.7723 1998.2485 1163.508 2832.989 
3040000.0 3476.0 4587940.396 3782213.2071 5393667.5849 1.5092 1.2441 1.7742 2048.898 1377.6546 2720.1414 
3050000.0 3486.0 4610368.3995 3810949.5554 5409787.2436 1.5116 1.2495 1.7737 2085.541 1408.6052 2762.4768 
3060000.0 3496.0 4632324.3375 3859674.5824 5404974.0926 1.5138 1.2613 1.7663 2105.018 1079.3223 3130.7137 
3070000.0 3506.0 4653541.499 3885860.2067 5421222.7913 1.5158 1.2658 1.7659 2107.2375 1188.3057 3026.1693 
3080000.0 3516.0 4675216.3855 3909396.6475 5441036.1235 1.5179 1.2693 1.7666 2115.876 1339.2092 2892.5428 
3090000.0 3526.0 4696712.2465 3961975.9386 5431448.5544 1.52 1.2822 1.7578 2124.378 868.8017 3379.9543 
3100000.0 3536.0 4716842.423 4024747.649 5408937.197 1.5216 1.2983 1.7448 2104.0615 293.116 3915.007 
3110000.0 3546.0 4738979.3965 4072600.9072 5405357.8858 1.5238 1.3095 1.7381 2120.614 207.8982 4033.3298 
3120000.0 3556.0 4758612.4535 4151999.0212 5365225.8858 1.5252 1.3308 1.7196 2094.311 -579.4175 4768.0395 
3130000.0 3566.0 4776856.5205 4247106.0845 5306606.9565 1.5262 1.3569 1.6954 2041.107 -1558.3321 5640.5461 
3140000.0 3576.0 4793730.2115 4352990.2339 5234470.1891 1.5267 1.3863 1.667 1976.816 -2598.4723 6552.1043 
3150000.0 3586.0 4809524.4285 4452566.5729 5166482.2841 1.5268 1.4135 1.6402 1905.217 -3396.7773 7207.2113 
3160000.0 3596.0 4828462.294 4525403.9365 5131520.6515 1.528 1.4321 1.6239 1902.0705 -3379.5113 7183.6523 
3170000.0 3606.0 4849341.9625 4585335.509 5113348.416 1.5298 1.4465 1.613 1937.71 -3079.0046 6954.4246 
3180000.0 3616.0 4867825.041 4675238.43 5060411.652 1.5308 1.4702 1.5913 1921.3745 -3459.6841 7302.4331 
3190000.0 3626.0 4888763.0935 4728711.1708 5048815.0162 1.5325 1.4824 1.5827 1953.8095 -3020.8285 6928.4475 
3200000.0 3636.0 4909758.3795 4779087.4968 5040429.2622 1.5343 1.4935 1.5751 1980.2395 -2648.2688 6608.7478 
3210000.0 3646.0 4931333.3155 4817739.7753 5044926.8557 1.5362 1.5009 1.5716 2012.252 -2075.7407 6100.2447 
3220000.0 3656.0 4952025.98 4884480.0243 5019571.9357 1.5379 1.5169 1.5589 2024.7545 -2173.5471 6223.0561 
3230000.0 3666.0 4972176.5 4943980.1102 5000372.8898 1.5394 1.5306 1.5481 2022.013 -2102.4973 6146.5233 
3240000.0 3676.0 4993353.0105 4989334.3365 4997371.6845 1.5412 1.5399 1.5424 2040.1345 -1796.4977 5876.7667 
3250000.0 3686.0 5013524.455 4968558.0096 5058490.9004 1.5426 1.5288 1.5565 2037.6735 -1961.4964 6036.8434 
3260000.0 3696.0 5034237.906 4970099.3478 5098376.4642 1.5442 1.5246 1.5639 2042.7975 -1562.6453 5648.2403 
3270000.0 3706.0 5053252.9145 4943771.1784 5162734.6506 1.5453 1.5119 1.5788 2022.1635 -1770.2002 5814.5272 
3280000.0 3716.0 5073532.0635 4928191.5117 5218872.6153 1.5468 1.5025 1.5911 2021.7275 -1724.4238 5767.8788 
3290000.0 3726.0 5092908.6015 4928132.4102 5257684.7928 1.548 1.4979 1.5981 2000.284 -1487.0864 5487.6544 
3300000.0 3736.0 5112397.1185 4909819.193 5314975.044 1.5492 1.4878 1.6106 1990.1715 -1521.8934 5502.2364 
3310000.0 3746.0 5130649.684 4877072.5914 5384226.7766 1.55 1.4734 1.6267 1962.3595 -1847.2466 5771.9656 
3320000.0 3756.0 5146654.506 4850876.321 5442432.691 1.5502 1.4611 1.6393 1893.7615 -2003.3522 5790.8752 
3330000.0 3766.0 5165214.5695 4821145.672 5509283.467 1.5511 1.4478 1.6544 1888.1635 -2189.2512 5965.5782 
3340000.0 3776.0 5182287.7935 4785267.2998 5579308.2872 1.5516 1.4327 1.6705 1853.363 -2430.0511 6136.7771 
3350000.0 3786.0 5198390.39 4728007.3514 5668773.4286 1.5518 1.4113 1.6922 1812.2825 -3033.0826 6657.6476 
3360000.0 3796.0 5216210.7115 4683719.3312 5748702.0918 1.5524 1.394 1.7109 1806.305 -3268.083 6880.693 
3370000.0 3806.0 5236517.404 4680820.4215 5792214.3865 1.5539 1.389 1.7188 1846.828 -2711.2053 6404.8613 
3380000.0 3816.0 5256385.9145 4691845.4707 5820926.3583 1.5551 1.3881 1.7222 1873.18 -2022.7584 5769.1184 
3390000.0 3826.0 5273910.214 4718154.9227 5829665.5053 1.5557 1.3918 1.7197 1850.079 -1176.6533 4876.8113 
3400000.0 3836.0 5292592.786 4726315.3976 5858870.1744 1.5566 1.3901 1.7232 1859.6025 -841.3364 4560.5414 
3410000.0 3846.0 5311443.867 4724986.6113 5897901.1227 1.5576 1.3856 1.7296 1861.147 -652.4071 4374.7011 
3420000.0 3856.0 5329364.696 4718124.9283 5940604.4637 1.5583 1.3796 1.737 1849.0475 -685.5163 4383.6113 
3430000.0 3866.0 5345569.1445 4695512.6773 5995625.6117 1.5585 1.369 1.748 1811.689 -906.0665 4529.4445 
3440000.0 3876.0 5363566.4515 4663992.8498 6063140.0532 1.5592 1.3558 1.7625 1805.463 -1361.3171 4972.2431 
3450000.0 3886.0 5381044.0185 4621145.5625 6140942.4745 1.5597 1.3395 1.78 1794.2385 -1922.6377 5511.1147 
3460000.0 3896.0 5399560.371 4600489.0733 6198631.6687 1.5606 1.3296 1.7915 1804.153 -1931.09 5539.396 
3470000.0 3906.0 5415794.764 4567464.7125 6264124.8155 1.5607 1.3163 1.8052 1774.7205 -2177.1188 5726.5598 
3480000.0 3916.0 5433646.033 4529766.4874 6337525.5786 1.5614 1.3017 1.8211 1769.2815 -2383.9003 5922.4633 
3490000.0 3926.0 5449420.991 4461854.0736 6436987.9084 1.5614 1.2785 1.8444 1733.2535 -3217.3952 6683.9022 
3500000.0 3936.0 5467359.269 4426339.1017 6508379.4363 1.5621 1.2647 1.8595 1743.276 -3306.3604 6792.9124 
3510000.0 3946.0 5487264.19 4405801.0498 6568727.3302 1.5633 1.2552 1.8714 1788.504 -3077.6802 6654.6882 
3520000.0 3956.0 5506131.488 4396338.9622 6615924.0138 1.5642 1.249 1.8795 1805.3705 -2674.0813 6284.8223 
3530000.0 3966.5 5524006.7145 4359077.4366 6688935.9924 1.5649 1.2349 1.8949 1790.5455 -2657.954 6239.045 
3540000.0 3976.5 5541954.3295 4334925.5072 6748983.1518 1.5655 1.2246 1.9065 1789.7435 -2620.8279 6200.3149 
3550000.0 3986.5 5561891.149 4329962.53 6793819.768 1.5667 1.2197 1.9138 1828.848 -2273.0071 5930.7031 
3560000.0 3996.5 5582786.413 4342759.7485 6822813.0775 1.5682 1.2199 1.9165 1875.0215 -1636.5859 5386.6289 
3570000.0 4006.5 5604998.626 4345099.8512 6864897.4008 1.57 1.2171 1.9229 1935.463 -1252.2188 5123.1448 
3580000.0 4016.5 5626960.0565 4346104.0933 6907816.0197 1.5718 1.214 1.9296 1983.929 -993.5922 4961.4502 
3590000.0 4026.5 5647593.969 4332391.5652 6962796.3728 1.5731 1.2068 1.9395 2000.1585 -1071.8524 5072.1694 
3600000.0 4036.5 5667331.8075 4306148.514 7028515.101 1.5743 1.1962 1.9524 1996.0825 -1345.2237 5337.3887 
3610000.0 4047.0 5686308.3755 4281520.7672 7091095.9838 1.5752 1.186 1.9643 1964.9985 -1703.467 5633.464 
3620000.0 4057.0 5705870.055 4257445.1021 7154295.0079 1.5762 1.1761 1.9763 1962.601 -1817.1518 5742.3538 
3630000.0 4067.0 5725972.375 4243612.0081 7208332.7419 1.5774 1.169 1.9858 1971.0045 -1758.6033 5700.6123 
3640000.0 4077.0 5745245.7445 4230346.3692 7260145.1198 1.5784 1.1622 1.9945 1964.685 -1676.1001 5605.4701 
3650000.0 4087.0 5762346.4395 4206313.3566 7318379.5224 1.5787 1.1524 2.005 1923.857 -1818.0822 5665.7962 
3660000.0 4097.0 5780936.4865 4194681.2636 7367191.7094 1.5795 1.1461 2.0129 1909.4835 -1680.8262 5499.7932 
3670000.0 4107.5 5802111.1985 4211490.8352 7392731.5618 1.581 1.1475 2.0144 1930.616 -861.3819 4722.6139 
3680000.0 4117.5 5821043.4355 4234166.1422 7407920.7288 1.5818 1.1506 2.013 1926.2105 -310.3674 4162.7884 
3690000.0 4127.5 5840652.281 4268310.2951 7412994.2669 1.5828 1.1567 2.0089 1931.1165 386.5312 3475.7018 
3700000.0 4137.5 5859391.936 4258189.8263 7460594.0457 1.5836 1.1509 2.0164 1918.2415 134.6652 3701.8178 
3710000.0 4147.5 5878184.1755 4234214.5118 7522153.8392 1.5844 1.1413 2.0275 1911.5145 -334.4787 4157.5077 
3720000.0 4157.5 5898449.5075 4224837.0813 7572061.9337 1.5856 1.1357 2.0355 1933.2115 -435.5237 4301.9467 
3730000.0 4167.5 5919322.07 4219802.6898 7618841.4502 1.5869 1.1313 2.0426 1960.433 -431.1797 4352.0457 
3740000.0 4177.5 5938708.5695 4203949.1467 7673467.9923 1.5879 1.1241 2.0517 1956.592 -645.5371 4558.7211 
3750000.0 4187.5 5957969.7145 4203274.6377 7712664.7913 1.5888 1.1209 2.0567 1954.079 -557.9631 4466.1211 
3760000.0 4197.5 5979240.1735 4212969.1724 7745511.1746 1.5902 1.1205 2.06 1985.432 -260.4024 4231.2664 
3770000.0 4207.5 5999627.001 4212348.5457 7786905.4563 1.5914 1.1173 2.0655 1997.5765 -246.0788 4241.2318 
3780000.0 4217.5 6020167.1145 4245306.9985 7795027.2305 1.5926 1.1231 2.0622 2008.0355 408.1655 3607.9055 
3790000.0 4227.5 6040273.133 4257870.6711 7822675.5949 1.5937 1.1234 2.064 2005.647 577.6348 3433.6592 
3800000.0 4237.5 6060231.1815 4274117.7772 7846344.5858 1.5948 1.1248 2.0648 2004.0905 769.2825 3238.8985 
3810000.0 4247.5 6078208.9345 4306226.3673 7850191.5017 1.5953 1.1302 2.0604 1970.801 1174.5286 2767.0734 
3820000.0 4257.5 6096886.7205 4310924.304 7882849.137 1.596 1.1285 2.0636 1949.749 1079.9585 2819.5395 
3830000.0 4267.5 6115487.83 4343845.6811 7887129.9789 1.5967 1.1342 2.0593 1937.7975 1420.1277 2455.4673 
3840000.0 4278.0 6131245.8195 4337075.6649 7925415.9741 1.5967 1.1294 2.0639 1854.344 1239.3637 2469.3243 
3850000.0 4288.0 6150720.151 4358841.0839 7942599.2181 1.5976 1.1322 2.063 1870.5015 1428.9164 2312.0866 
3860000.0 4298.0 6170719.229 4370906.4839 7970531.9741 1.5986 1.1324 2.0649 1894.2625 1388.2315 2400.2935 
3870000.0 4308.0 6191773.2815 4390145.2581 7993401.3049 1.5999 1.1344 2.0655 1932.4635 1479.4682 2385.4588 
3880000.0 4318.0 6211965.354 4395709.4331 8028221.2749 1.601 1.1329 2.0691 1947.1225 1341.3605 2552.8845 
3890000.0 4328.0 6233305.6335 4429565.6229 8037045.6441 1.6024 1.1387 2.0661 1982.3835 1706.6525 2258.1145 
3900000.0 4338.5 6252875.8325 4456176.4697 8049575.1953 1.6033 1.1426 2.064 1954.9765 1794.351 2115.602 
3910000.0 4348.5 6273192.982 4489695.0165 8056690.9475 1.6044 1.1483 2.0605 1968.906 1594.5812 2343.2308 
3920000.0 4358.5 6291412.8635 4538712.8514 8044112.8756 1.605 1.1578 2.0521 1944.129 1078.3282 2809.9298 
3930000.0 4368.5 6310471.6825 4594863.4581 8026079.9069 1.6057 1.1692 2.0423 1938.461 575.4918 3301.4302 
3940000.0 4378.5 6329187.2405 4651324.5761 8007049.9049 1.6064 1.1805 2.0322 1925.848 111.5417 3740.1543 
3950000.0 4388.5 6350611.0095 4686557.08 8014664.939 1.6077 1.1865 2.029 1957.2765 127.6021 3786.9509 
3960000.0 4398.5 6372233.1155 4713843.5231 8030622.7079 1.6091 1.1904 2.0279 1994.997 398.1447 3591.8493 
3970000.0 4408.5 6392629.9595 4736802.5606 8048457.3584 1.6102 1.1931 2.0273 2001.997 651.2766 3352.7174 
3980000.0 4418.5 6412274.1565 4738665.0339 8085883.2791 1.6111 1.1906 2.0316 1994.217 1247.9816 2740.4524 
3990000.0 4428.5 6433468.115 4770933.3965 8096002.8335 1.6124 1.1957 2.0291 2016.3175 1192.6822 2839.9528 
4000000.0 4438.5 6454890.649 4800119.2818 8109662.0162 1.6137 1.2 2.0274 2042.9765 1270.3567 2815.5963 
