10000.0 58.0 466.0 466.0 466.0 0.0466 0.0466 0.0466 5.363 5.363 5.363 
20000.0 119.0 926.0 926.0 926.0 0.0463 0.0463 0.0463 6.585 6.585 6.585 
30000.0 179.0 1311.0 1311.0 1311.0 0.0437 0.0437 0.0437 6.314 6.314 6.314 
40000.0 242.0 1714.0 1714.0 1714.0 0.0428 0.0428 0.0428 6.311 6.311 6.311 
50000.0 300.0 2145.0 2145.0 2145.0 0.0429 0.0429 0.0429 6.661 6.661 6.661 
60000.0 360.0 2612.0 2612.0 2612.0 0.0435 0.0435 0.0435 7.637 7.637 7.637 
70000.0 422.0 3046.0 3046.0 3046.0 0.0435 0.0435 0.0435 7.416 7.416 7.416 
80000.0 486.0 3481.0 3481.0 3481.0 0.0435 0.0435 0.0435 6.827 6.827 6.827 
90000.0 548.0 3920.0 3920.0 3920.0 0.0436 0.0436 0.0436 7.146 7.146 7.146 
100000.0 608.0 4360.0 4360.0 4360.0 0.0436 0.0436 0.0436 7.202 7.202 7.202 
110000.0 665.0 4858.0 4858.0 4858.0 0.0442 0.0442 0.0442 8.2 8.2 8.2 
120000.0 726.0 5377.0 5377.0 5377.0 0.0448 0.0448 0.0448 8.431 8.431 8.431 
130000.0 791.0 5855.0 5855.0 5855.0 0.045 0.045 0.045 7.585 7.585 7.585 
140000.0 849.0 6317.0 6317.0 6317.0 0.0451 0.0451 0.0451 8.042 8.042 8.042 
150000.0 909.0 6778.0 6778.0 6778.0 0.0452 0.0452 0.0452 7.662 7.662 7.662 
160000.0 971.0 7217.0 7217.0 7217.0 0.0451 0.0451 0.0451 7.422 7.422 7.422 
170000.0 1034.0 7691.0 7691.0 7691.0 0.0452 0.0452 0.0452 7.483 7.483 7.483 
180000.0 1094.0 8171.0 8171.0 8171.0 0.0454 0.0454 0.0454 8.175 8.175 8.175 
190000.0 1153.0 8669.0 8669.0 8669.0 0.0456 0.0456 0.0456 8.28 8.28 8.28 
200000.0 1208.0 9225.0 9225.0 9225.0 0.0461 0.0461 0.0461 9.314 9.314 9.314 
210000.0 1268.0 9744.0 9744.0 9744.0 0.0464 0.0464 0.0464 8.874 8.874 8.874 
220000.0 1323.0 10237.0 10237.0 10237.0 0.0465 0.0465 0.0465 8.579 8.579 8.579 
230000.0 1381.0 10746.0 10746.0 10746.0 0.0467 0.0467 0.0467 8.883 8.883 8.883 
240000.0 1435.0 11288.0 11288.0 11288.0 0.047 0.047 0.047 9.624 9.624 9.624 
250000.0 1496.0 11816.0 11816.0 11816.0 0.0473 0.0473 0.0473 8.789 8.789 8.789 
260000.0 1554.0 12380.0 12380.0 12380.0 0.0476 0.0476 0.0476 9.468 9.468 9.468 
270000.0 1605.0 12918.0 12918.0 12918.0 0.0478 0.0478 0.0478 9.895 9.895 9.895 
280000.0 1665.0 13461.0 13461.0 13461.0 0.0481 0.0481 0.0481 9.656 9.656 9.656 
290000.0 1715.0 14076.0 14076.0 14076.0 0.0485 0.0485 0.0485 10.671 10.671 10.671 
300000.0 1770.0 14635.0 14635.0 14635.0 0.0488 0.0488 0.0488 10.361 10.361 10.361 
310000.0 1822.0 15223.0 15223.0 15223.0 0.0491 0.0491 0.0491 10.758 10.758 10.758 
320000.0 1874.0 15807.0 15807.0 15807.0 0.0494 0.0494 0.0494 11.172 11.172 11.172 
330000.0 1929.0 16332.0 16332.0 16332.0 0.0495 0.0495 0.0495 9.935 9.935 9.935 
340000.0 1983.0 16900.0 16900.0 16900.0 0.0497 0.0497 0.0497 10.44 10.44 10.44 
350000.0 2044.0 17482.0 17482.0 17482.0 0.0499 0.0499 0.0499 9.827 9.827 9.827 
360000.0 2102.0 17993.0 17993.0 17993.0 0.05 0.05 0.05 9.318 9.318 9.318 
370000.0 2148.0 18567.0 18567.0 18567.0 0.0502 0.0502 0.0502 10.843 10.843 10.843 
380000.0 2196.0 19210.0 19210.0 19210.0 0.0506 0.0506 0.0506 12.745 12.745 12.745 
390000.0 2249.0 19816.0 19816.0 19816.0 0.0508 0.0508 0.0508 11.969 11.969 11.969 
400000.0 2297.0 20470.0 20470.0 20470.0 0.0512 0.0512 0.0512 13.18 13.18 13.18 
410000.0 2340.0 21141.0 21141.0 21141.0 0.0516 0.0516 0.0516 14.121 14.121 14.121 
420000.0 2394.0 21750.0 21750.0 21750.0 0.0518 0.0518 0.0518 12.226 12.226 12.226 
430000.0 2442.0 22371.0 22371.0 22371.0 0.052 0.052 0.052 12.634 12.634 12.634 
440000.0 2491.0 23008.0 23008.0 23008.0 0.0523 0.0523 0.0523 12.904 12.904 12.904 
450000.0 2544.0 23611.0 23611.0 23611.0 0.0525 0.0525 0.0525 12.025 12.025 12.025 
460000.0 2594.0 24233.0 24233.0 24233.0 0.0527 0.0527 0.0527 11.748 11.748 11.748 
470000.0 2645.0 24929.0 24929.0 24929.0 0.053 0.053 0.053 13.074 13.074 13.074 
480000.0 2689.0 25607.0 25607.0 25607.0 0.0533 0.0533 0.0533 14.652 14.652 14.652 
490000.0 2730.0 26212.0 26212.0 26212.0 0.0535 0.0535 0.0535 14.796 14.796 14.796 
500000.0 2779.0 26794.0 26794.0 26794.0 0.0536 0.0536 0.0536 12.214 12.214 12.214 
510000.0 2826.0 27461.0 27461.0 27461.0 0.0538 0.0538 0.0538 13.342 13.342 13.342 
520000.0 2876.0 28076.0 28076.0 28076.0 0.054 0.054 0.054 12.728 12.728 12.728 
530000.0 2926.0 28686.0 28686.0 28686.0 0.0541 0.0541 0.0541 12.437 12.437 12.437 
540000.0 2977.0 29321.0 29321.0 29321.0 0.0543 0.0543 0.0543 12.643 12.643 12.643 
550000.0 3028.0 29957.0 29957.0 29957.0 0.0545 0.0545 0.0545 12.503 12.503 12.503 
560000.0 3070.0 30660.0 30660.0 30660.0 0.0548 0.0548 0.0548 15.205 15.205 15.205 
570000.0 3114.0 31391.0 31391.0 31391.0 0.0551 0.0551 0.0551 15.707 15.707 15.707 
580000.0 3162.0 32021.0 32021.0 32021.0 0.0552 0.0552 0.0552 14.269 14.269 14.269 
590000.0 3210.0 32678.0 32678.0 32678.0 0.0554 0.0554 0.0554 13.951 13.951 13.951 
600000.0 3259.0 33363.0 33363.0 33363.0 0.0556 0.0556 0.0556 13.657 13.657 13.657 
610000.0 3308.0 34005.0 34005.0 34005.0 0.0557 0.0557 0.0557 12.979 12.979 12.979 
620000.0 3353.0 34631.0 34631.0 34631.0 0.0559 0.0559 0.0559 13.641 13.641 13.641 
630000.0 3399.0 35286.0 35286.0 35286.0 0.056 0.056 0.056 13.531 13.531 13.531 
640000.0 3445.0 35923.0 35923.0 35923.0 0.0561 0.0561 0.0561 13.79 13.79 13.79 
650000.0 3495.0 36542.0 36542.0 36542.0 0.0562 0.0562 0.0562 13.107 13.107 13.107 
660000.0 3542.0 37214.0 37214.0 37214.0 0.0564 0.0564 0.0564 13.615 13.615 13.615 
670000.0 3591.0 37916.0 37916.0 37916.0 0.0566 0.0566 0.0566 13.918 13.918 13.918 
680000.0 3633.0 38675.0 38675.0 38675.0 0.0569 0.0569 0.0569 16.395 16.395 16.395 
690000.0 3675.0 39346.0 39346.0 39346.0 0.057 0.057 0.057 15.688 15.688 15.688 
700000.0 3717.0 40075.0 40075.0 40075.0 0.0572 0.0572 0.0572 16.905 16.905 16.905 
710000.0 3768.0 40727.0 40727.0 40727.0 0.0574 0.0574 0.0574 14.383 14.383 14.383 
720000.0 3814.0 41489.0 41489.0 41489.0 0.0576 0.0576 0.0576 15.363 15.363 15.363 
730000.0 3860.0 42200.0 42200.0 42200.0 0.0578 0.0578 0.0578 15.587 15.587 15.587 
740000.0 3903.0 42955.0 42955.0 42955.0 0.058 0.058 0.058 16.798 16.798 16.798 
750000.0 3947.0 43669.0 43669.0 43669.0 0.0582 0.0582 0.0582 16.406 16.406 16.406 
760000.0 3996.0 44348.0 44348.0 44348.0 0.0584 0.0584 0.0584 15.077 15.077 15.077 
770000.0 4038.0 44990.0 44990.0 44990.0 0.0584 0.0584 0.0584 15.277 15.277 15.277 
780000.0 4076.0 45723.0 45723.0 45723.0 0.0586 0.0586 0.0586 17.489 17.489 17.489 
790000.0 4110.0 46442.0 46442.0 46442.0 0.0588 0.0588 0.0588 18.862 18.862 18.862 
800000.0 4150.0 47149.0 47149.0 47149.0 0.0589 0.0589 0.0589 18.263 18.263 18.263 
810000.0 4186.0 47955.0 47955.0 47955.0 0.0592 0.0592 0.0592 19.514 19.514 19.514 
820000.0 4218.0 48575.0 48575.0 48575.0 0.0592 0.0592 0.0592 19.979 19.979 19.979 
830000.0 4254.0 49307.0 49307.0 49307.0 0.0594 0.0594 0.0594 19.905 19.905 19.905 
840000.0 4296.0 50096.0 50096.0 50096.0 0.0596 0.0596 0.0596 19.024 19.024 19.024 
850000.0 4337.0 50870.0 50870.0 50870.0 0.0598 0.0598 0.0598 19.218 19.218 19.218 
860000.0 4375.0 51605.0 51605.0 51605.0 0.06 0.06 0.06 19.319 19.319 19.319 
870000.0 4418.0 52374.0 52374.0 52374.0 0.0602 0.0602 0.0602 18.358 18.358 18.358 
880000.0 4458.0 53112.0 53112.0 53112.0 0.0604 0.0604 0.0604 18.229 18.229 18.229 
890000.0 4501.0 53952.0 53952.0 53952.0 0.0606 0.0606 0.0606 19.246 19.246 19.246 
900000.0 4540.0 54828.0 54828.0 54828.0 0.0609 0.0609 0.0609 21.269 21.269 21.269 
910000.0 4575.0 55636.0 55636.0 55636.0 0.0611 0.0611 0.0611 22.036 22.036 22.036 
920000.0 4613.0 56443.0 56443.0 56443.0 0.0614 0.0614 0.0614 21.668 21.668 21.668 
930000.0 4651.0 57273.0 57273.0 57273.0 0.0616 0.0616 0.0616 21.544 21.544 21.544 
940000.0 4686.0 58043.0 58043.0 58043.0 0.0617 0.0617 0.0617 22.289 22.289 22.289 
950000.0 4721.0 58842.0 58842.0 58842.0 0.0619 0.0619 0.0619 22.757 22.757 22.757 
960000.0 4758.0 59643.0 59643.0 59643.0 0.0621 0.0621 0.0621 22.38 22.38 22.38 
970000.0 4794.0 60426.0 60426.0 60426.0 0.0623 0.0623 0.0623 22.133 22.133 22.133 
980000.0 4827.0 61230.0 61230.0 61230.0 0.0625 0.0625 0.0625 22.891 22.891 22.891 
990000.0 4864.0 62057.0 62057.0 62057.0 0.0627 0.0627 0.0627 22.655 22.655 22.655 
1000000.0 4905.0 62898.0 62898.0 62898.0 0.0629 0.0629 0.0629 21.675 21.675 21.675 
1010000.0 4941.0 63740.0 63740.0 63740.0 0.0631 0.0631 0.0631 22.153 22.153 22.153 
1020000.0 4977.0 64622.0 64622.0 64622.0 0.0634 0.0634 0.0634 23.443 23.443 23.443 
1030000.0 5017.0 65457.0 65457.0 65457.0 0.0636 0.0636 0.0636 22.482 22.482 22.482 
1040000.0 5055.0 66387.0 66387.0 66387.0 0.0638 0.0638 0.0638 23.478 23.478 23.478 
1050000.0 5093.0 67249.0 67249.0 67249.0 0.064 0.064 0.064 22.532 22.532 22.532 
1060000.0 5128.0 68141.0 68141.0 68141.0 0.0643 0.0643 0.0643 23.804 23.804 23.804 
1070000.0 5161.0 68941.0 68941.0 68941.0 0.0644 0.0644 0.0644 23.836 23.836 23.836 
1080000.0 5197.0 69777.0 69777.0 69777.0 0.0646 0.0646 0.0646 23.557 23.557 23.557 
1090000.0 5229.0 70681.0 70681.0 70681.0 0.0648 0.0648 0.0648 25.407 25.407 25.407 
1100000.0 5264.0 71560.0 71560.0 71560.0 0.0651 0.0651 0.0651 25.593 25.593 25.593 
1110000.0 5300.0 72544.0 72544.0 72544.0 0.0654 0.0654 0.0654 26.317 26.317 26.317 
1120000.0 5332.0 73442.0 73442.0 73442.0 0.0656 0.0656 0.0656 27.085 27.085 27.085 
1130000.0 5367.0 74325.0 74325.0 74325.0 0.0658 0.0658 0.0658 25.477 25.477 25.477 
1140000.0 5403.0 75253.0 75253.0 75253.0 0.066 0.066 0.066 25.632 25.632 25.632 
1150000.0 5439.0 76191.0 76191.0 76191.0 0.0663 0.0663 0.0663 25.193 25.193 25.193 
1160000.0 5474.0 77150.0 77150.0 77150.0 0.0665 0.0665 0.0665 26.758 26.758 26.758 
1170000.0 5510.0 78279.0 78279.0 78279.0 0.0669 0.0669 0.0669 28.834 28.834 28.834 
1180000.0 5544.0 79266.0 79266.0 79266.0 0.0672 0.0672 0.0672 28.093 28.093 28.093 
1190000.0 5577.0 80190.0 80190.0 80190.0 0.0674 0.0674 0.0674 28.53 28.53 28.53 
1200000.0 5615.0 81213.0 81213.0 81213.0 0.0677 0.0677 0.0677 27.903 27.903 27.903 
1210000.0 5650.0 82159.0 82159.0 82159.0 0.0679 0.0679 0.0679 27.544 27.544 27.544 
1220000.0 5688.0 83126.0 83126.0 83126.0 0.0681 0.0681 0.0681 26.061 26.061 26.061 
1230000.0 5726.0 84172.0 84172.0 84172.0 0.0684 0.0684 0.0684 26.987 26.987 26.987 
1240000.0 5757.0 85119.0 85119.0 85119.0 0.0686 0.0686 0.0686 28.796 28.796 28.796 
1250000.0 5784.0 86057.0 86057.0 86057.0 0.0688 0.0688 0.0688 30.31 30.31 30.31 
1260000.0 5814.0 87064.0 87064.0 87064.0 0.0691 0.0691 0.0691 31.774 31.774 31.774 
1270000.0 5853.0 88169.0 88169.0 88169.0 0.0694 0.0694 0.0694 29.52 29.52 29.52 
1280000.0 5890.0 89197.0 89197.0 89197.0 0.0697 0.0697 0.0697 29.377 29.377 29.377 
1290000.0 5926.0 90216.0 90216.0 90216.0 0.0699 0.0699 0.0699 28.962 28.962 28.962 
1300000.0 5966.0 91286.0 91286.0 91286.0 0.0702 0.0702 0.0702 28.398 28.398 28.398 
1310000.0 6000.0 92299.0 92299.0 92299.0 0.0705 0.0705 0.0705 28.464 28.464 28.464 
1320000.0 6036.0 93364.0 93364.0 93364.0 0.0707 0.0707 0.0707 28.343 28.343 28.343 
1330000.0 6069.0 94316.0 94316.0 94316.0 0.0709 0.0709 0.0709 28.863 28.863 28.863 
1340000.0 6105.0 95356.0 95356.0 95356.0 0.0712 0.0712 0.0712 28.992 28.992 28.992 
1350000.0 6139.0 96444.0 96444.0 96444.0 0.0714 0.0714 0.0714 30.467 30.467 30.467 
1360000.0 6170.0 97483.0 97483.0 97483.0 0.0717 0.0717 0.0717 31.962 31.962 31.962 
1370000.0 6206.0 98535.0 98535.0 98535.0 0.0719 0.0719 0.0719 30.517 30.517 30.517 
1380000.0 6238.0 99643.0 99643.0 99643.0 0.0722 0.0722 0.0722 32.539 32.539 32.539 
1390000.0 6270.0 100619.0 100619.0 100619.0 0.0724 0.0724 0.0724 31.168 31.168 31.168 
1400000.0 6309.0 101777.0 101777.0 101777.0 0.0727 0.0727 0.0727 30.089 30.089 30.089 
1410000.0 6336.0 102789.0 102789.0 102789.0 0.0729 0.0729 0.0729 32.821 32.821 32.821 
1420000.0 6372.0 103849.0 103849.0 103849.0 0.0731 0.0731 0.0731 31.546 31.546 31.546 
1430000.0 6409.0 104929.0 104929.0 104929.0 0.0734 0.0734 0.0734 30.311 30.311 30.311 
1440000.0 6446.0 105994.0 105994.0 105994.0 0.0736 0.0736 0.0736 29.835 29.835 29.835 
1450000.0 6485.0 107181.0 107181.0 107181.0 0.0739 0.0739 0.0739 30.58 30.58 30.58 
1460000.0 6519.0 108368.0 108368.0 108368.0 0.0742 0.0742 0.0742 31.26 31.26 31.26 
1470000.0 6556.0 109534.0 109534.0 109534.0 0.0745 0.0745 0.0745 31.578 31.578 31.578 
1480000.0 6594.0 110608.0 110608.0 110608.0 0.0747 0.0747 0.0747 30.13 30.13 30.13 
1490000.0 6629.0 111668.0 111668.0 111668.0 0.0749 0.0749 0.0749 30.649 30.649 30.649 
1500000.0 6665.0 112792.0 112792.0 112792.0 0.0752 0.0752 0.0752 31.132 31.132 31.132 
1510000.0 6700.0 114004.0 114004.0 114004.0 0.0755 0.0755 0.0755 32.165 32.165 32.165 
1520000.0 6737.0 115147.0 115147.0 115147.0 0.0758 0.0758 0.0758 32.631 32.631 32.631 
1530000.0 6779.0 116429.0 116429.0 116429.0 0.0761 0.0761 0.0761 31.858 31.858 31.858 
1540000.0 6812.0 117548.0 117548.0 117548.0 0.0763 0.0763 0.0763 32.427 32.427 32.427 
1550000.0 6852.0 118777.0 118777.0 118777.0 0.0766 0.0766 0.0766 31.057 31.057 31.057 
1560000.0 6891.0 119999.0 119999.0 119999.0 0.0769 0.0769 0.0769 31.03 31.03 31.03 
1570000.0 6929.0 121232.0 121232.0 121232.0 0.0772 0.0772 0.0772 31.78 31.78 31.78 
1580000.0 6965.0 122367.0 122367.0 122367.0 0.0774 0.0774 0.0774 31.04 31.04 31.04 
1590000.0 7002.0 123518.0 123518.0 123518.0 0.0777 0.0777 0.0777 31.1 31.1 31.1 
1600000.0 7041.0 124636.0 124636.0 124636.0 0.0779 0.0779 0.0779 29.6 29.6 29.6 
1610000.0 7074.0 125774.0 125774.0 125774.0 0.0781 0.0781 0.0781 30.449 30.449 30.449 
1620000.0 7107.0 126915.0 126915.0 126915.0 0.0783 0.0783 0.0783 32.689 32.689 32.689 
1630000.0 7143.0 128115.0 128115.0 128115.0 0.0786 0.0786 0.0786 32.577 32.577 32.577 
1640000.0 7176.0 129232.0 129232.0 129232.0 0.0788 0.0788 0.0788 33.995 33.995 33.995 
1650000.0 7212.0 130428.0 130428.0 130428.0 0.079 0.079 0.079 32.578 32.578 32.578 
1660000.0 7246.0 131621.0 131621.0 131621.0 0.0793 0.0793 0.0793 34.786 34.786 34.786 
1670000.0 7280.0 132752.0 132752.0 132752.0 0.0795 0.0795 0.0795 34.527 34.527 34.527 
1680000.0 7315.0 133975.0 133975.0 133975.0 0.0797 0.0797 0.0797 34.788 34.788 34.788 
1690000.0 7351.0 135218.0 135218.0 135218.0 0.08 0.08 0.08 35.096 35.096 35.096 
1700000.0 7386.0 136411.0 136411.0 136411.0 0.0802 0.0802 0.0802 34.407 34.407 34.407 
1710000.0 7416.0 137582.0 137582.0 137582.0 0.0805 0.0805 0.0805 35.912 35.912 35.912 
1720000.0 7449.0 138767.0 138767.0 138767.0 0.0807 0.0807 0.0807 35.572 35.572 35.572 
1730000.0 7484.0 139940.0 139940.0 139940.0 0.0809 0.0809 0.0809 34.479 34.479 34.479 
1740000.0 7518.0 141153.0 141153.0 141153.0 0.0811 0.0811 0.0811 34.176 34.176 34.176 
1750000.0 7554.0 142376.0 142376.0 142376.0 0.0814 0.0814 0.0814 33.925 33.925 33.925 
1760000.0 7587.0 143580.0 143580.0 143580.0 0.0816 0.0816 0.0816 36.113 36.113 36.113 
1770000.0 7620.0 144851.0 144851.0 144851.0 0.0818 0.0818 0.0818 36.058 36.058 36.058 
1780000.0 7651.0 145932.0 145932.0 145932.0 0.082 0.082 0.082 35.95 35.95 35.95 
1790000.0 7688.0 147132.0 147132.0 147132.0 0.0822 0.0822 0.0822 34.107 34.107 34.107 
1800000.0 7721.0 148391.0 148391.0 148391.0 0.0824 0.0824 0.0824 36.042 36.042 36.042 
1810000.0 7755.0 149536.0 149536.0 149536.0 0.0826 0.0826 0.0826 35.184 35.184 35.184 
1820000.0 7786.0 150702.0 150702.0 150702.0 0.0828 0.0828 0.0828 35.839 35.839 35.839 
1830000.0 7816.0 151860.0 151860.0 151860.0 0.083 0.083 0.083 37.684 37.684 37.684 
1840000.0 7851.0 152964.0 152964.0 152964.0 0.0831 0.0831 0.0831 34.001 34.001 34.001 
1850000.0 7887.0 154222.0 154222.0 154222.0 0.0834 0.0834 0.0834 35.206 35.206 35.206 
1860000.0 7920.0 155437.0 155437.0 155437.0 0.0836 0.0836 0.0836 35.632 35.632 35.632 
1870000.0 7954.0 156683.0 156683.0 156683.0 0.0838 0.0838 0.0838 35.565 35.565 35.565 
1880000.0 7991.0 157909.0 157909.0 157909.0 0.084 0.084 0.084 34.946 34.946 34.946 
1890000.0 8025.0 159127.0 159127.0 159127.0 0.0842 0.0842 0.0842 35.46 35.46 35.46 
1900000.0 8058.0 160425.0 160425.0 160425.0 0.0844 0.0844 0.0844 36.147 36.147 36.147 
1910000.0 8088.0 161574.0 161574.0 161574.0 0.0846 0.0846 0.0846 36.844 36.844 36.844 
1920000.0 8124.0 162794.0 162794.0 162794.0 0.0848 0.0848 0.0848 34.96 34.96 34.96 
1930000.0 8160.0 163938.0 163938.0 163938.0 0.0849 0.0849 0.0849 33.343 33.343 33.343 
1940000.0 8198.0 165180.0 165180.0 165180.0 0.0851 0.0851 0.0851 33.7 33.7 33.7 
1950000.0 8229.0 166381.0 166381.0 166381.0 0.0853 0.0853 0.0853 35.424 35.424 35.424 
1960000.0 8262.0 167607.0 167607.0 167607.0 0.0855 0.0855 0.0855 36.057 36.057 36.057 
1970000.0 8295.0 168860.0 168860.0 168860.0 0.0857 0.0857 0.0857 36.492 36.492 36.492 
1980000.0 8328.0 170015.0 170015.0 170015.0 0.0859 0.0859 0.0859 36.549 36.549 36.549 
1990000.0 8364.0 171189.0 171189.0 171189.0 0.086 0.086 0.086 33.979 33.979 33.979 
2000000.0 8396.0 172396.0 172396.0 172396.0 0.0862 0.0862 0.0862 35.281 35.281 35.281 
2010000.0 8429.0 173556.0 173556.0 173556.0 0.0863 0.0863 0.0863 35.775 35.775 35.775 
2020000.0 8463.0 174872.0 174872.0 174872.0 0.0866 0.0866 0.0866 36.535 36.535 36.535 
2030000.0 8497.0 176062.0 176062.0 176062.0 0.0867 0.0867 0.0867 35.846 35.846 35.846 
2040000.0 8529.0 177205.0 177205.0 177205.0 0.0869 0.0869 0.0869 35.391 35.391 35.391 
2050000.0 8563.0 178424.0 178424.0 178424.0 0.087 0.087 0.087 36.006 36.006 36.006 
2060000.0 8595.0 179701.0 179701.0 179701.0 0.0872 0.0872 0.0872 36.988 36.988 36.988 
2070000.0 8631.0 180922.0 180922.0 180922.0 0.0874 0.0874 0.0874 35.803 35.803 35.803 
2080000.0 8664.0 182157.0 182157.0 182157.0 0.0876 0.0876 0.0876 36.873 36.873 36.873 
2090000.0 8694.0 183358.0 183358.0 183358.0 0.0877 0.0877 0.0877 37.176 37.176 37.176 
2100000.0 8728.0 184593.0 184593.0 184593.0 0.0879 0.0879 0.0879 37.758 37.758 37.758 
2110000.0 8760.0 185739.0 185739.0 185739.0 0.088 0.088 0.088 36.833 36.833 36.833 
2120000.0 8791.0 187028.0 187028.0 187028.0 0.0882 0.0882 0.0882 38.408 38.408 38.408 
2130000.0 8825.0 188194.0 188194.0 188194.0 0.0884 0.0884 0.0884 36.679 36.679 36.679 
2140000.0 8856.0 189347.0 189347.0 189347.0 0.0885 0.0885 0.0885 35.546 35.546 35.546 
2150000.0 8887.0 190619.0 190619.0 190619.0 0.0887 0.0887 0.0887 38.78 38.78 38.78 
2160000.0 8919.0 191794.0 191794.0 191794.0 0.0888 0.0888 0.0888 37.808 37.808 37.808 
2170000.0 8949.0 193044.0 193044.0 193044.0 0.089 0.089 0.089 38.803 38.803 38.803 
2180000.0 8988.0 194233.0 194233.0 194233.0 0.0891 0.0891 0.0891 34.152 34.152 34.152 
2190000.0 9021.0 195430.0 195430.0 195430.0 0.0892 0.0892 0.0892 35.442 35.442 35.442 
2200000.0 9054.0 196558.0 196558.0 196558.0 0.0893 0.0893 0.0893 34.587 34.587 34.587 
2210000.0 9087.0 197792.0 197792.0 197792.0 0.0895 0.0895 0.0895 35.064 35.064 35.064 
2220000.0 9117.0 199041.0 199041.0 199041.0 0.0897 0.0897 0.0897 37.513 37.513 37.513 
2230000.0 9149.0 200151.0 200151.0 200151.0 0.0898 0.0898 0.0898 37.349 37.349 37.349 
2240000.0 9180.0 201441.0 201441.0 201441.0 0.0899 0.0899 0.0899 37.716 37.716 37.716 
2250000.0 9216.0 202739.0 202739.0 202739.0 0.0901 0.0901 0.0901 37.45 37.45 37.45 
2260000.0 9250.0 203992.0 203992.0 203992.0 0.0903 0.0903 0.0903 37.76 37.76 37.76 
2270000.0 9283.0 205147.0 205147.0 205147.0 0.0904 0.0904 0.0904 36.3 36.3 36.3 
2280000.0 9316.0 206389.0 206389.0 206389.0 0.0905 0.0905 0.0905 37.378 37.378 37.378 
2290000.0 9351.0 207591.0 207591.0 207591.0 0.0907 0.0907 0.0907 35.68 35.68 35.68 
2300000.0 9387.0 208865.0 208865.0 208865.0 0.0908 0.0908 0.0908 35.076 35.076 35.076 
2310000.0 9420.0 210140.0 210140.0 210140.0 0.091 0.091 0.091 36.27 36.27 36.27 
2320000.0 9450.0 211372.0 211372.0 211372.0 0.0911 0.0911 0.0911 38.197 38.197 38.197 
2330000.0 9480.0 212604.0 212604.0 212604.0 0.0912 0.0912 0.0912 39.399 39.399 39.399 
2340000.0 9514.0 213904.0 213904.0 213904.0 0.0914 0.0914 0.0914 39.036 39.036 39.036 
2350000.0 9549.0 215145.0 215145.0 215145.0 0.0916 0.0916 0.0916 37.566 37.566 37.566 
2360000.0 9580.0 216464.0 216464.0 216464.0 0.0917 0.0917 0.0917 39.578 39.578 39.578 
2370000.0 9609.0 217611.0 217611.0 217611.0 0.0918 0.0918 0.0918 38.585 38.585 38.585 
2380000.0 9642.0 218872.0 218872.0 218872.0 0.092 0.092 0.092 39.27 39.27 39.27 
2390000.0 9675.0 220057.0 220057.0 220057.0 0.0921 0.0921 0.0921 37.58 37.58 37.58 
2400000.0 9707.0 221256.0 221256.0 221256.0 0.0922 0.0922 0.0922 36.929 36.929 36.929 
2410000.0 9736.0 222427.0 222427.0 222427.0 0.0923 0.0923 0.0923 38.432 38.432 38.432 
2420000.0 9766.0 223590.0 223590.0 223590.0 0.0924 0.0924 0.0924 39.02 39.02 39.02 
2430000.0 9799.0 224871.0 224871.0 224871.0 0.0925 0.0925 0.0925 38.961 38.961 38.961 
2440000.0 9831.0 226138.0 226138.0 226138.0 0.0927 0.0927 0.0927 38.775 38.775 38.775 
2450000.0 9861.0 227307.0 227307.0 227307.0 0.0928 0.0928 0.0928 39.13 39.13 39.13 
2460000.0 9891.0 228509.0 228509.0 228509.0 0.0929 0.0929 0.0929 39.095 39.095 39.095 
2470000.0 9921.0 229732.0 229732.0 229732.0 0.093 0.093 0.093 38.646 38.646 38.646 
2480000.0 9957.0 231024.0 231024.0 231024.0 0.0932 0.0932 0.0932 37.51 37.51 37.51 
2490000.0 9987.0 232209.0 232209.0 232209.0 0.0933 0.0933 0.0933 38.568 38.568 38.568 
2500000.0 10019.0 233387.0 233387.0 233387.0 0.0934 0.0934 0.0934 38.05 38.05 38.05 
2510000.0 10052.0 234626.0 234626.0 234626.0 0.0935 0.0935 0.0935 37.323 37.323 37.323 
2520000.0 10085.0 235843.0 235843.0 235843.0 0.0936 0.0936 0.0936 36.991 36.991 36.991 
2530000.0 10116.0 237111.0 237111.0 237111.0 0.0937 0.0937 0.0937 37.985 37.985 37.985 
2540000.0 10146.0 238310.0 238310.0 238310.0 0.0938 0.0938 0.0938 38.854 38.854 38.854 
2550000.0 10176.0 239381.0 239381.0 239381.0 0.0939 0.0939 0.0939 37.362 37.362 37.362 
2560000.0 10207.0 240559.0 240559.0 240559.0 0.094 0.094 0.094 37.848 37.848 37.848 
2570000.0 10237.0 241702.0 241702.0 241702.0 0.094 0.094 0.094 37.544 37.544 37.544 
2580000.0 10270.0 242928.0 242928.0 242928.0 0.0942 0.0942 0.0942 37.599 37.599 37.599 
2590000.0 10301.0 244095.0 244095.0 244095.0 0.0942 0.0942 0.0942 37.571 37.571 37.571 
2600000.0 10332.0 245374.0 245374.0 245374.0 0.0944 0.0944 0.0944 38.599 38.599 38.599 
2610000.0 10364.0 246637.0 246637.0 246637.0 0.0945 0.0945 0.0945 39.607 39.607 39.607 
2620000.0 10393.0 247923.0 247923.0 247923.0 0.0946 0.0946 0.0946 40.961 40.961 40.961 
2630000.0 10425.0 249246.0 249246.0 249246.0 0.0948 0.0948 0.0948 40.523 40.523 40.523 
2640000.0 10458.0 250555.0 250555.0 250555.0 0.0949 0.0949 0.0949 40.15 40.15 40.15 
2650000.0 10491.0 251747.0 251747.0 251747.0 0.095 0.095 0.095 39.109 39.109 39.109 
2660000.0 10524.0 253019.0 253019.0 253019.0 0.0951 0.0951 0.0951 38.622 38.622 38.622 
2670000.0 10555.0 254312.0 254312.0 254312.0 0.0952 0.0952 0.0952 40.246 40.246 40.246 
2680000.0 10587.0 255532.0 255532.0 255532.0 0.0953 0.0953 0.0953 39.325 39.325 39.325 
2690000.0 10618.0 256768.0 256768.0 256768.0 0.0955 0.0955 0.0955 39.267 39.267 39.267 
2700000.0 10649.0 257899.0 257899.0 257899.0 0.0955 0.0955 0.0955 38.198 38.198 38.198 
2710000.0 10678.0 259096.0 259096.0 259096.0 0.0956 0.0956 0.0956 39.629 39.629 39.629 
2720000.0 10707.0 260278.0 260278.0 260278.0 0.0957 0.0957 0.0957 39.264 39.264 39.264 
2730000.0 10737.0 261543.0 261543.0 261543.0 0.0958 0.0958 0.0958 40.184 40.184 40.184 
2740000.0 10767.0 262734.0 262734.0 262734.0 0.0959 0.0959 0.0959 39.866 39.866 39.866 
2750000.0 10799.0 264016.0 264016.0 264016.0 0.096 0.096 0.096 40.203 40.203 40.203 
2760000.0 10830.0 265289.0 265289.0 265289.0 0.0961 0.0961 0.0961 39.688 39.688 39.688 
2770000.0 10860.0 266519.0 266519.0 266519.0 0.0962 0.0962 0.0962 40.438 40.438 40.438 
2780000.0 10891.0 267748.0 267748.0 267748.0 0.0963 0.0963 0.0963 40.552 40.552 40.552 
2790000.0 10924.0 269030.0 269030.0 269030.0 0.0964 0.0964 0.0964 40.035 40.035 40.035 
2800000.0 10952.0 270193.0 270193.0 270193.0 0.0965 0.0965 0.0965 41.228 41.228 41.228 
2810000.0 10982.0 271405.0 271405.0 271405.0 0.0966 0.0966 0.0966 40.841 40.841 40.841 
2820000.0 11012.0 272600.0 272600.0 272600.0 0.0967 0.0967 0.0967 40.311 40.311 40.311 
2830000.0 11042.0 273833.0 273833.0 273833.0 0.0968 0.0968 0.0968 40.93 40.93 40.93 
2840000.0 11070.0 275097.0 275097.0 275097.0 0.0969 0.0969 0.0969 41.55 41.55 41.55 
2850000.0 11102.0 276341.0 276341.0 276341.0 0.097 0.097 0.097 41.517 41.517 41.517 
2860000.0 11140.0 277558.0 277558.0 277558.0 0.097 0.097 0.097 36.288 36.288 36.288 
2870000.0 11169.0 278723.0 278723.0 278723.0 0.0971 0.0971 0.0971 36.723 36.723 36.723 
2880000.0 11202.0 279878.0 279878.0 279878.0 0.0972 0.0972 0.0972 36.717 36.717 36.717 
2890000.0 11235.0 281092.0 281092.0 281092.0 0.0973 0.0973 0.0973 36.178 36.178 36.178 
2900000.0 11268.0 282368.0 282368.0 282368.0 0.0974 0.0974 0.0974 37.285 37.285 37.285 
2910000.0 11301.0 283669.0 283669.0 283669.0 0.0975 0.0975 0.0975 37.614 37.614 37.614 
2920000.0 11329.0 284864.0 284864.0 284864.0 0.0976 0.0976 0.0976 40.398 40.398 40.398 
2930000.0 11360.0 286076.0 286076.0 286076.0 0.0976 0.0976 0.0976 39.936 39.936 39.936 
2940000.0 11391.0 287259.0 287259.0 287259.0 0.0977 0.0977 0.0977 39.056 39.056 39.056 
2950000.0 11421.0 288508.0 288508.0 288508.0 0.0978 0.0978 0.0978 39.313 39.313 39.313 
2960000.0 11454.0 289776.0 289776.0 289776.0 0.0979 0.0979 0.0979 38.775 38.775 38.775 
2970000.0 11490.0 291048.0 291048.0 291048.0 0.098 0.098 0.098 37.06 37.06 37.06 
2980000.0 11523.0 292311.0 292311.0 292311.0 0.0981 0.0981 0.0981 37.868 37.868 37.868 
2990000.0 11553.0 293572.0 293572.0 293572.0 0.0982 0.0982 0.0982 37.794 37.794 37.794 
3000000.0 11584.0 294726.0 294726.0 294726.0 0.0982 0.0982 0.0982 39.347 39.347 39.347 
3010000.0 11616.0 295969.0 295969.0 295969.0 0.0983 0.0983 0.0983 39.05 39.05 39.05 
3020000.0 11643.0 297116.0 297116.0 297116.0 0.0984 0.0984 0.0984 38.815 38.815 38.815 
3030000.0 11676.0 298357.0 298357.0 298357.0 0.0985 0.0985 0.0985 38.512 38.512 38.512 
3040000.0 11705.0 299512.0 299512.0 299512.0 0.0985 0.0985 0.0985 40.004 40.004 40.004 
3050000.0 11739.0 300711.0 300711.0 300711.0 0.0986 0.0986 0.0986 37.204 37.204 37.204 
3060000.0 11772.0 302019.0 302019.0 302019.0 0.0987 0.0987 0.0987 37.205 37.205 37.205 
3070000.0 11803.0 303251.0 303251.0 303251.0 0.0988 0.0988 0.0988 39.483 39.483 39.483 
3080000.0 11832.0 304377.0 304377.0 304377.0 0.0988 0.0988 0.0988 39.354 39.354 39.354 
3090000.0 11861.0 305546.0 305546.0 305546.0 0.0989 0.0989 0.0989 39.708 39.708 39.708 
3100000.0 11892.0 306823.0 306823.0 306823.0 0.099 0.099 0.099 39.824 39.824 39.824 
3110000.0 11924.0 308096.0 308096.0 308096.0 0.0991 0.0991 0.0991 39.783 39.783 39.783 
3120000.0 11955.0 309328.0 309328.0 309328.0 0.0991 0.0991 0.0991 39.573 39.573 39.573 
3130000.0 11985.0 310554.0 310554.0 310554.0 0.0992 0.0992 0.0992 39.551 39.551 39.551 
3140000.0 12018.0 311780.0 311780.0 311780.0 0.0993 0.0993 0.0993 38.864 38.864 38.864 
3150000.0 12047.0 313008.0 313008.0 313008.0 0.0994 0.0994 0.0994 39.997 39.997 39.997 
3160000.0 12079.0 314227.0 314227.0 314227.0 0.0994 0.0994 0.0994 39.206 39.206 39.206 
3170000.0 12106.0 315404.0 315404.0 315404.0 0.0995 0.0995 0.0995 40.891 40.891 40.891 
3180000.0 12135.0 316484.0 316484.0 316484.0 0.0995 0.0995 0.0995 39.373 39.373 39.373 
3190000.0 12165.0 317725.0 317725.0 317725.0 0.0996 0.0996 0.0996 40.22 40.22 40.22 
3200000.0 12198.0 319065.0 319065.0 319065.0 0.0997 0.0997 0.0997 39.775 39.775 39.775 
3210000.0 12227.0 320237.0 320237.0 320237.0 0.0998 0.0998 0.0998 40.841 40.841 40.841 
3220000.0 12258.0 321584.0 321584.0 321584.0 0.0999 0.0999 0.0999 40.899 40.899 40.899 
3230000.0 12291.0 322900.0 322900.0 322900.0 0.1 0.1 0.1 39.853 39.853 39.853 
3240000.0 12325.0 324157.0 324157.0 324157.0 0.1 0.1 0.1 39.766 39.766 39.766 
3250000.0 12354.0 325396.0 325396.0 325396.0 0.1001 0.1001 0.1001 40.125 40.125 40.125 
3260000.0 12385.0 326599.0 326599.0 326599.0 0.1002 0.1002 0.1002 40.085 40.085 40.085 
3270000.0 12415.0 327839.0 327839.0 327839.0 0.1003 0.1003 0.1003 40.505 40.505 40.505 
3280000.0 12444.0 328924.0 328924.0 328924.0 0.1003 0.1003 0.1003 39.342 39.342 39.342 
3290000.0 12476.0 330201.0 330201.0 330201.0 0.1004 0.1004 0.1004 39.33 39.33 39.33 
3300000.0 12508.0 331501.0 331501.0 331501.0 0.1005 0.1005 0.1005 39.387 39.387 39.387 
3310000.0 12538.0 332722.0 332722.0 332722.0 0.1005 0.1005 0.1005 41.045 41.045 41.045 
3320000.0 12571.0 333960.0 333960.0 333960.0 0.1006 0.1006 0.1006 39.453 39.453 39.453 
3330000.0 12602.0 335236.0 335236.0 335236.0 0.1007 0.1007 0.1007 39.72 39.72 39.72 
3340000.0 12634.0 336606.0 336606.0 336606.0 0.1008 0.1008 0.1008 42.034 42.034 42.034 
3350000.0 12664.0 337727.0 337727.0 337727.0 0.1008 0.1008 0.1008 39.392 39.392 39.392 
3360000.0 12696.0 338839.0 338839.0 338839.0 0.1008 0.1008 0.1008 36.897 36.897 36.897 
3370000.0 12729.0 340049.0 340049.0 340049.0 0.1009 0.1009 0.1009 36.954 36.954 36.954 
3380000.0 12762.0 341301.0 341301.0 341301.0 0.101 0.101 0.101 37.697 37.697 37.697 
3390000.0 12792.0 342373.0 342373.0 342373.0 0.101 0.101 0.101 37.039 37.039 37.039 
3400000.0 12823.0 343676.0 343676.0 343676.0 0.1011 0.1011 0.1011 39.473 39.473 39.473 
3410000.0 12855.0 344837.0 344837.0 344837.0 0.1011 0.1011 0.1011 37.487 37.487 37.487 
3420000.0 12886.0 345980.0 345980.0 345980.0 0.1012 0.1012 0.1012 37.71 37.71 37.71 
3430000.0 12915.0 347162.0 347162.0 347162.0 0.1012 0.1012 0.1012 37.811 37.811 37.811 
3440000.0 12948.0 348380.0 348380.0 348380.0 0.1013 0.1013 0.1013 37.831 37.831 37.831 
3450000.0 12983.0 349655.0 349655.0 349655.0 0.1013 0.1013 0.1013 37.334 37.334 37.334 
3460000.0 13016.0 350898.0 350898.0 350898.0 0.1014 0.1014 0.1014 37.565 37.565 37.565 
3470000.0 13044.0 352093.0 352093.0 352093.0 0.1015 0.1015 0.1015 38.251 38.251 38.251 
3480000.0 13079.0 353355.0 353355.0 353355.0 0.1015 0.1015 0.1015 38.403 38.403 38.403 
3490000.0 13107.0 354546.0 354546.0 354546.0 0.1016 0.1016 0.1016 39.087 39.087 39.087 
3500000.0 13138.0 355743.0 355743.0 355743.0 0.1016 0.1016 0.1016 39.355 39.355 39.355 
3510000.0 13169.0 356917.0 356917.0 356917.0 0.1017 0.1017 0.1017 38.828 38.828 38.828 
3520000.0 13200.0 358169.0 358169.0 358169.0 0.1018 0.1018 0.1018 39.636 39.636 39.636 
3530000.0 13230.0 359368.0 359368.0 359368.0 0.1018 0.1018 0.1018 39.182 39.182 39.182 
3540000.0 13262.0 360547.0 360547.0 360547.0 0.1018 0.1018 0.1018 37.654 37.654 37.654 
3550000.0 13294.0 361844.0 361844.0 361844.0 0.1019 0.1019 0.1019 38.806 38.806 38.806 
3560000.0 13328.0 363101.0 363101.0 363101.0 0.102 0.102 0.102 38.068 38.068 38.068 
3570000.0 13361.0 364391.0 364391.0 364391.0 0.1021 0.1021 0.1021 38.541 38.541 38.541 
3580000.0 13390.0 365650.0 365650.0 365650.0 0.1021 0.1021 0.1021 40.318 40.318 40.318 
3590000.0 13425.0 366891.0 366891.0 366891.0 0.1022 0.1022 0.1022 37.092 37.092 37.092 
3600000.0 13455.0 368020.0 368020.0 368020.0 0.1022 0.1022 0.1022 37.681 37.681 37.681 
3610000.0 13486.0 369250.0 369250.0 369250.0 0.1023 0.1023 0.1023 38.662 38.662 38.662 
3620000.0 13515.0 370470.0 370470.0 370470.0 0.1023 0.1023 0.1023 39.219 39.219 39.219 
3630000.0 13549.0 371790.0 371790.0 371790.0 0.1024 0.1024 0.1024 39.532 39.532 39.532 
3640000.0 13581.0 373055.0 373055.0 373055.0 0.1025 0.1025 0.1025 39.751 39.751 39.751 
3650000.0 13609.0 374313.0 374313.0 374313.0 0.1026 0.1026 0.1026 41.599 41.599 41.599 
3660000.0 13641.0 375509.0 375509.0 375509.0 0.1026 0.1026 0.1026 39.778 39.778 39.778 
3670000.0 13671.0 376736.0 376736.0 376736.0 0.1027 0.1027 0.1027 40.393 40.393 40.393 
3680000.0 13704.0 378078.0 378078.0 378078.0 0.1027 0.1027 0.1027 40.113 40.113 40.113 
3690000.0 13735.0 379264.0 379264.0 379264.0 0.1028 0.1028 0.1028 39.451 39.451 39.451 
3700000.0 13767.0 380397.0 380397.0 380397.0 0.1028 0.1028 0.1028 38.286 38.286 38.286 
3710000.0 13796.0 381597.0 381597.0 381597.0 0.1029 0.1029 0.1029 39.535 39.535 39.535 
3720000.0 13824.0 382754.0 382754.0 382754.0 0.1029 0.1029 0.1029 39.884 39.884 39.884 
3730000.0 13854.0 383926.0 383926.0 383926.0 0.1029 0.1029 0.1029 39.77 39.77 39.77 
3740000.0 13884.0 385177.0 385177.0 385177.0 0.103 0.103 0.103 39.306 39.306 39.306 
3750000.0 13914.0 386359.0 386359.0 386359.0 0.103 0.103 0.103 40.485 40.485 40.485 
3760000.0 13943.0 387648.0 387648.0 387648.0 0.1031 0.1031 0.1031 42.046 42.046 42.046 
3770000.0 13973.0 388823.0 388823.0 388823.0 0.1031 0.1031 0.1031 40.652 40.652 40.652 
3780000.0 14005.0 390130.0 390130.0 390130.0 0.1032 0.1032 0.1032 40.673 40.673 40.673 
3790000.0 14038.0 391438.0 391438.0 391438.0 0.1033 0.1033 0.1033 40.179 40.179 40.179 
3800000.0 14070.0 392653.0 392653.0 392653.0 0.1033 0.1033 0.1033 39.209 39.209 39.209 
3810000.0 14100.0 393912.0 393912.0 393912.0 0.1034 0.1034 0.1034 39.934 39.934 39.934 
3820000.0 14130.0 395158.0 395158.0 395158.0 0.1034 0.1034 0.1034 40.768 40.768 40.768 
3830000.0 14157.0 396381.0 396381.0 396381.0 0.1035 0.1035 0.1035 41.278 41.278 41.278 
3840000.0 14185.0 397573.0 397573.0 397573.0 0.1035 0.1035 0.1035 42.976 42.976 42.976 
3850000.0 14214.0 398823.0 398823.0 398823.0 0.1036 0.1036 0.1036 41.38 41.38 41.38 
3860000.0 14247.0 400077.0 400077.0 400077.0 0.1036 0.1036 0.1036 41.322 41.322 41.322 
3870000.0 14276.0 401277.0 401277.0 401277.0 0.1037 0.1037 0.1037 41.318 41.318 41.318 
3880000.0 14304.0 402491.0 402491.0 402491.0 0.1037 0.1037 0.1037 41.608 41.608 41.608 
3890000.0 14334.0 403746.0 403746.0 403746.0 0.1038 0.1038 0.1038 40.26 40.26 40.26 
3900000.0 14365.0 404965.0 404965.0 404965.0 0.1038 0.1038 0.1038 41.517 41.517 41.517 
3910000.0 14397.0 406268.0 406268.0 406268.0 0.1039 0.1039 0.1039 40.779 40.779 40.779 
3920000.0 14427.0 407580.0 407580.0 407580.0 0.104 0.104 0.104 41.909 41.909 41.909 
3930000.0 14455.0 408840.0 408840.0 408840.0 0.104 0.104 0.104 42.954 42.954 42.954 
3940000.0 14484.0 410092.0 410092.0 410092.0 0.1041 0.1041 0.1041 41.865 41.865 41.865 
3950000.0 14516.0 411337.0 411337.0 411337.0 0.1041 0.1041 0.1041 41.905 41.905 41.905 
3960000.0 14547.0 412620.0 412620.0 412620.0 0.1042 0.1042 0.1042 39.753 39.753 39.753 
3970000.0 14580.0 413744.0 413744.0 413744.0 0.1042 0.1042 0.1042 37.545 37.545 37.545 
3980000.0 14613.0 415047.0 415047.0 415047.0 0.1043 0.1043 0.1043 38.151 38.151 38.151 
3990000.0 14649.0 416318.0 416318.0 416318.0 0.1043 0.1043 0.1043 36.523 36.523 36.523 
4000000.0 14682.0 417566.0 417566.0 417566.0 0.1044 0.1044 0.1044 36.684 36.684 36.684 
4010000.0 14714.0 418833.0 418833.0 418833.0 0.1044 0.1044 0.1044 39.035 39.035 39.035 
4020000.0 14744.0 420072.0 420072.0 420072.0 0.1045 0.1045 0.1045 40.248 40.248 40.248 
4030000.0 14774.0 421316.0 421316.0 421316.0 0.1045 0.1045 0.1045 41.138 41.138 41.138 
4040000.0 14804.0 422522.0 422522.0 422522.0 0.1046 0.1046 0.1046 40.884 40.884 40.884 
4050000.0 14835.0 423804.0 423804.0 423804.0 0.1046 0.1046 0.1046 41.016 41.016 41.016 
4060000.0 14864.0 425033.0 425033.0 425033.0 0.1047 0.1047 0.1047 40.89 40.89 40.89 
4070000.0 14894.0 426336.0 426336.0 426336.0 0.1048 0.1048 0.1048 42.337 42.337 42.337 
4080000.0 14925.0 427482.0 427482.0 427482.0 0.1048 0.1048 0.1048 39.495 39.495 39.495 
4090000.0 14957.0 428597.0 428597.0 428597.0 0.1048 0.1048 0.1048 37.095 37.095 37.095 
4100000.0 14987.0 429859.0 429859.0 429859.0 0.1048 0.1048 0.1048 39.284 39.284 39.284 
4110000.0 15019.0 431128.0 431128.0 431128.0 0.1049 0.1049 0.1049 40.052 40.052 40.052 
4120000.0 15049.0 432413.0 432413.0 432413.0 0.105 0.105 0.105 41.635 41.635 41.635 
4130000.0 15078.0 433591.0 433591.0 433591.0 0.105 0.105 0.105 41.161 41.161 41.161 
4140000.0 15105.0 434733.0 434733.0 434733.0 0.105 0.105 0.105 41.803 41.803 41.803 
4150000.0 15129.0 435906.0 435906.0 435906.0 0.105 0.105 0.105 43.099 43.099 43.099 
4160000.0 15158.0 437116.0 437116.0 437116.0 0.1051 0.1051 0.1051 42.977 42.977 42.977 
4170000.0 15189.0 438336.0 438336.0 438336.0 0.1051 0.1051 0.1051 41.322 41.322 41.322 
4180000.0 15216.0 439588.0 439588.0 439588.0 0.1052 0.1052 0.1052 41.411 41.411 41.411 
4190000.0 15248.0 440769.0 440769.0 440769.0 0.1052 0.1052 0.1052 40.912 40.912 40.912 
4200000.0 15279.0 442027.0 442027.0 442027.0 0.1052 0.1052 0.1052 39.719 39.719 39.719 
4210000.0 15312.0 443344.0 443344.0 443344.0 0.1053 0.1053 0.1053 39.409 39.409 39.409 
4220000.0 15344.0 444565.0 444565.0 444565.0 0.1053 0.1053 0.1053 39.367 39.367 39.367 
4230000.0 15375.0 445733.0 445733.0 445733.0 0.1054 0.1054 0.1054 38.694 38.694 38.694 
4240000.0 15405.0 446977.0 446977.0 446977.0 0.1054 0.1054 0.1054 39.776 39.776 39.776 
4250000.0 15437.0 448338.0 448338.0 448338.0 0.1055 0.1055 0.1055 40.502 40.502 40.502 
4260000.0 15468.0 449549.0 449549.0 449549.0 0.1055 0.1055 0.1055 39.983 39.983 39.983 
4270000.0 15501.0 450814.0 450814.0 450814.0 0.1056 0.1056 0.1056 39.383 39.383 39.383 
4280000.0 15531.0 452101.0 452101.0 452101.0 0.1056 0.1056 0.1056 40.62 40.62 40.62 
4290000.0 15561.0 453433.0 453433.0 453433.0 0.1057 0.1057 0.1057 41.246 41.246 41.246 
4300000.0 15591.0 454598.0 454598.0 454598.0 0.1057 0.1057 0.1057 41.127 41.127 41.127 
4310000.0 15618.0 455801.0 455801.0 455801.0 0.1058 0.1058 0.1058 41.73 41.73 41.73 
4320000.0 15647.0 457039.0 457039.0 457039.0 0.1058 0.1058 0.1058 42.96 42.96 42.96 
4330000.0 15679.0 458290.0 458290.0 458290.0 0.1058 0.1058 0.1058 40.665 40.665 40.665 
4340000.0 15709.0 459502.0 459502.0 459502.0 0.1059 0.1059 0.1059 40.666 40.666 40.666 
4350000.0 15742.0 460857.0 460857.0 460857.0 0.1059 0.1059 0.1059 40.673 40.673 40.673 
4360000.0 15775.0 462125.0 462125.0 462125.0 0.106 0.106 0.106 39.548 39.548 39.548 
4370000.0 15804.0 463337.0 463337.0 463337.0 0.106 0.106 0.106 39.687 39.687 39.687 
4380000.0 15834.0 464528.0 464528.0 464528.0 0.1061 0.1061 0.1061 39.812 39.812 39.812 
4390000.0 15867.0 465795.0 465795.0 465795.0 0.1061 0.1061 0.1061 39.188 39.188 39.188 
4400000.0 15899.0 466994.0 466994.0 466994.0 0.1061 0.1061 0.1061 39.33 39.33 39.33 
4410000.0 15928.0 468195.0 468195.0 468195.0 0.1062 0.1062 0.1062 40.461 40.461 40.461 
4420000.0 15958.0 469421.0 469421.0 469421.0 0.1062 0.1062 0.1062 41.182 41.182 41.182 
4430000.0 15987.0 470632.0 470632.0 470632.0 0.1062 0.1062 0.1062 40.997 40.997 40.997 
4440000.0 16014.0 471836.0 471836.0 471836.0 0.1063 0.1063 0.1063 41.23 41.23 41.23 
4450000.0 16046.0 473097.0 473097.0 473097.0 0.1063 0.1063 0.1063 41.46 41.46 41.46 
4460000.0 16071.0 474244.0 474244.0 474244.0 0.1063 0.1063 0.1063 41.861 41.861 41.861 
4470000.0 16104.0 475463.0 475463.0 475463.0 0.1064 0.1064 0.1064 40.103 40.103 40.103 
4480000.0 16137.0 476669.0 476669.0 476669.0 0.1064 0.1064 0.1064 37.967 37.967 37.967 
4490000.0 16164.0 477884.0 477884.0 477884.0 0.1064 0.1064 0.1064 39.736 39.736 39.736 
4500000.0 16191.0 479061.0 479061.0 479061.0 0.1065 0.1065 0.1065 41.205 41.205 41.205 
4510000.0 16219.0 480200.0 480200.0 480200.0 0.1065 0.1065 0.1065 41.86 41.86 41.86 
4520000.0 16251.0 481406.0 481406.0 481406.0 0.1065 0.1065 0.1065 39.525 39.525 39.525 
4530000.0 16276.0 482500.0 482500.0 482500.0 0.1065 0.1065 0.1065 41.022 41.022 41.022 
4540000.0 16305.0 483743.0 483743.0 483743.0 0.1066 0.1066 0.1066 40.979 40.979 40.979 
4550000.0 16335.0 484955.0 484955.0 484955.0 0.1066 0.1066 0.1066 40.525 40.525 40.525 
4560000.0 16366.0 486230.0 486230.0 486230.0 0.1066 0.1066 0.1066 41.623 41.623 41.623 
4570000.0 16395.0 487434.0 487434.0 487434.0 0.1067 0.1067 0.1067 40.409 40.409 40.409 
4580000.0 16423.0 488586.0 488586.0 488586.0 0.1067 0.1067 0.1067 42.236 42.236 42.236 
4590000.0 16453.0 489725.0 489725.0 489725.0 0.1067 0.1067 0.1067 39.894 39.894 39.894 
4600000.0 16483.0 490857.0 490857.0 490857.0 0.1067 0.1067 0.1067 39.197 39.197 39.197 
4610000.0 16514.0 492076.0 492076.0 492076.0 0.1067 0.1067 0.1067 39.482 39.482 39.482 
4620000.0 16545.0 493293.0 493293.0 493293.0 0.1068 0.1068 0.1068 38.351 38.351 38.351 
4630000.0 16578.0 494554.0 494554.0 494554.0 0.1068 0.1068 0.1068 39.03 39.03 39.03 
4640000.0 16608.0 495796.0 495796.0 495796.0 0.1069 0.1069 0.1069 39.15 39.15 39.15 
4650000.0 16635.0 496993.0 496993.0 496993.0 0.1069 0.1069 0.1069 40.93 40.93 40.93 
4660000.0 16668.0 498229.0 498229.0 498229.0 0.1069 0.1069 0.1069 38.752 38.752 38.752 
4670000.0 16697.0 499421.0 499421.0 499421.0 0.1069 0.1069 0.1069 40.563 40.563 40.563 
4680000.0 16728.0 500701.0 500701.0 500701.0 0.107 0.107 0.107 40.7 40.7 40.7 
4690000.0 16758.0 501971.0 501971.0 501971.0 0.107 0.107 0.107 40.668 40.668 40.668 
4700000.0 16786.0 503217.0 503217.0 503217.0 0.1071 0.1071 0.1071 43.11 43.11 43.11 
4710000.0 16818.0 504504.0 504504.0 504504.0 0.1071 0.1071 0.1071 41.916 41.916 41.916 
4720000.0 16848.0 505910.0 505910.0 505910.0 0.1072 0.1072 0.1072 42.962 42.962 42.962 
4730000.0 16881.0 507138.0 507138.0 507138.0 0.1072 0.1072 0.1072 40.407 40.407 40.407 
4740000.0 16917.0 508500.0 508500.0 508500.0 0.1073 0.1073 0.1073 38.873 38.873 38.873 
4750000.0 16951.0 509902.0 509902.0 509902.0 0.1073 0.1073 0.1073 40.041 40.041 40.041 
4760000.0 16982.0 511103.0 511103.0 511103.0 0.1074 0.1074 0.1074 39.105 39.105 39.105 
4770000.0 17011.0 512327.0 512327.0 512327.0 0.1074 0.1074 0.1074 40.371 40.371 40.371 
4780000.0 17041.0 513473.0 513473.0 513473.0 0.1074 0.1074 0.1074 39.675 39.675 39.675 
4790000.0 17072.0 514636.0 514636.0 514636.0 0.1074 0.1074 0.1074 38.79 38.79 38.79 
4800000.0 17100.0 515801.0 515801.0 515801.0 0.1075 0.1075 0.1075 39.83 39.83 39.83 
4810000.0 17134.0 517014.0 517014.0 517014.0 0.1075 0.1075 0.1075 38.039 38.039 38.039 
4820000.0 17163.0 518280.0 518280.0 518280.0 0.1075 0.1075 0.1075 39.517 39.517 39.517 
4830000.0 17194.0 519435.0 519435.0 519435.0 0.1075 0.1075 0.1075 39.476 39.476 39.476 
4840000.0 17224.0 520692.0 520692.0 520692.0 0.1076 0.1076 0.1076 40.347 40.347 40.347 
4850000.0 17254.0 522007.0 522007.0 522007.0 0.1076 0.1076 0.1076 42.43 42.43 42.43 
4860000.0 17285.0 523258.0 523258.0 523258.0 0.1077 0.1077 0.1077 41.911 41.911 41.911 
4870000.0 17320.0 524492.0 524492.0 524492.0 0.1077 0.1077 0.1077 38.688 38.688 38.688 
4880000.0 17347.0 525637.0 525637.0 525637.0 0.1077 0.1077 0.1077 39.866 39.866 39.866 
4890000.0 17374.0 526828.0 526828.0 526828.0 0.1077 0.1077 0.1077 42.668 42.668 42.668 
4900000.0 17403.0 527994.0 527994.0 527994.0 0.1078 0.1078 0.1078 40.966 40.966 40.966 
4910000.0 17434.0 529219.0 529219.0 529219.0 0.1078 0.1078 0.1078 40.496 40.496 40.496 
4920000.0 17464.0 530421.0 530421.0 530421.0 0.1078 0.1078 0.1078 40.93 40.93 40.93 
4930000.0 17493.0 531614.0 531614.0 531614.0 0.1078 0.1078 0.1078 40.525 40.525 40.525 
4940000.0 17523.0 532910.0 532910.0 532910.0 0.1079 0.1079 0.1079 40.2 40.2 40.2 
4950000.0 17554.0 534115.0 534115.0 534115.0 0.1079 0.1079 0.1079 41.465 41.465 41.465 
4960000.0 17583.0 535346.0 535346.0 535346.0 0.1079 0.1079 0.1079 40.868 40.868 40.868 
4970000.0 17614.0 536584.0 536584.0 536584.0 0.108 0.108 0.108 41.202 41.202 41.202 
4980000.0 17646.0 537840.0 537840.0 537840.0 0.108 0.108 0.108 39.772 39.772 39.772 
4990000.0 17677.0 539165.0 539165.0 539165.0 0.108 0.108 0.108 41.466 41.466 41.466 
5000000.0 17704.0 540389.0 540389.0 540389.0 0.1081 0.1081 0.1081 42.765 42.765 42.765 
5010000.0 17733.0 541679.0 541679.0 541679.0 0.1081 0.1081 0.1081 42.607 42.607 42.607 
5020000.0 17764.0 542983.0 542983.0 542983.0 0.1082 0.1082 0.1082 43.521 43.521 43.521 
5030000.0 17797.0 544225.0 544225.0 544225.0 0.1082 0.1082 0.1082 41.273 41.273 41.273 
5040000.0 17828.0 545457.0 545457.0 545457.0 0.1082 0.1082 0.1082 40.846 40.846 40.846 
5050000.0 17859.0 546677.0 546677.0 546677.0 0.1083 0.1083 0.1083 40.232 40.232 40.232 
5060000.0 17888.0 547933.0 547933.0 547933.0 0.1083 0.1083 0.1083 40.756 40.756 40.756 
5070000.0 17919.0 549272.0 549272.0 549272.0 0.1083 0.1083 0.1083 40.534 40.534 40.534 
5080000.0 17949.0 550426.0 550426.0 550426.0 0.1084 0.1084 0.1084 40.823 40.823 40.823 
5090000.0 17976.0 551604.0 551604.0 551604.0 0.1084 0.1084 0.1084 40.086 40.086 40.086 
5100000.0 18013.0 552913.0 552913.0 552913.0 0.1084 0.1084 0.1084 38.663 38.663 38.663 
5110000.0 18045.0 554112.0 554112.0 554112.0 0.1084 0.1084 0.1084 38.085 38.085 38.085 
5120000.0 18076.0 555370.0 555370.0 555370.0 0.1085 0.1085 0.1085 39.168 39.168 39.168 
5130000.0 18109.0 556620.0 556620.0 556620.0 0.1085 0.1085 0.1085 38.89 38.89 38.89 
5140000.0 18141.0 557746.0 557746.0 557746.0 0.1085 0.1085 0.1085 36.637 36.637 36.637 
5150000.0 18167.0 558880.0 558880.0 558880.0 0.1085 0.1085 0.1085 39.594 39.594 39.594 
5160000.0 18197.0 560097.0 560097.0 560097.0 0.1085 0.1085 0.1085 40.132 40.132 40.132 
5170000.0 18229.0 561482.0 561482.0 561482.0 0.1086 0.1086 0.1086 41.279 41.279 41.279 
5180000.0 18260.0 562717.0 562717.0 562717.0 0.1086 0.1086 0.1086 41.172 41.172 41.172 
5190000.0 18289.0 563953.0 563953.0 563953.0 0.1087 0.1087 0.1087 41.331 41.331 41.331 
5200000.0 18322.0 565287.0 565287.0 565287.0 0.1087 0.1087 0.1087 41.472 41.472 41.472 
5210000.0 18352.0 566553.0 566553.0 566553.0 0.1087 0.1087 0.1087 41.137 41.137 41.137 
5220000.0 18379.0 567761.0 567761.0 567761.0 0.1088 0.1088 0.1088 43.249 43.249 43.249 
5230000.0 18409.0 569041.0 569041.0 569041.0 0.1088 0.1088 0.1088 43.032 43.032 43.032 
5240000.0 18441.0 570339.0 570339.0 570339.0 0.1088 0.1088 0.1088 41.431 41.431 41.431 
5250000.0 18469.0 571597.0 571597.0 571597.0 0.1089 0.1089 0.1089 43.479 43.479 43.479 
5260000.0 18500.0 572843.0 572843.0 572843.0 0.1089 0.1089 0.1089 42.192 42.192 42.192 
5270000.0 18528.0 574116.0 574116.0 574116.0 0.1089 0.1089 0.1089 42.191 42.191 42.191 
5280000.0 18561.0 575423.0 575423.0 575423.0 0.109 0.109 0.109 40.609 40.609 40.609 
5290000.0 18589.0 576630.0 576630.0 576630.0 0.109 0.109 0.109 42.835 42.835 42.835 
5300000.0 18619.0 577886.0 577886.0 577886.0 0.109 0.109 0.109 42.006 42.006 42.006 
5310000.0 18652.0 579198.0 579198.0 579198.0 0.1091 0.1091 0.1091 41.335 41.335 41.335 
5320000.0 18684.0 580404.0 580404.0 580404.0 0.1091 0.1091 0.1091 39.528 39.528 39.528 
5330000.0 18715.0 581717.0 581717.0 581717.0 0.1091 0.1091 0.1091 41.181 41.181 41.181 
5340000.0 18744.0 582946.0 582946.0 582946.0 0.1092 0.1092 0.1092 41.373 41.373 41.373 
5350000.0 18773.0 584207.0 584207.0 584207.0 0.1092 0.1092 0.1092 42.155 42.155 42.155 
5360000.0 18803.0 585460.0 585460.0 585460.0 0.1092 0.1092 0.1092 42.097 42.097 42.097 
5370000.0 18835.0 586755.0 586755.0 586755.0 0.1093 0.1093 0.1093 41.493 41.493 41.493 
5380000.0 18864.0 587886.0 587886.0 587886.0 0.1093 0.1093 0.1093 40.27 40.27 40.27 
5390000.0 18891.0 589074.0 589074.0 589074.0 0.1093 0.1093 0.1093 41.56 41.56 41.56 
5400000.0 18920.0 590254.0 590254.0 590254.0 0.1093 0.1093 0.1093 41.099 41.099 41.099 
5410000.0 18949.0 591462.0 591462.0 591462.0 0.1093 0.1093 0.1093 40.333 40.333 40.333 
5420000.0 18978.0 592589.0 592589.0 592589.0 0.1093 0.1093 0.1093 40.452 40.452 40.452 
5430000.0 19007.0 593824.0 593824.0 593824.0 0.1094 0.1094 0.1094 41.238 41.238 41.238 
5440000.0 19035.0 595091.0 595091.0 595091.0 0.1094 0.1094 0.1094 40.956 40.956 40.956 
5450000.0 19065.0 596283.0 596283.0 596283.0 0.1094 0.1094 0.1094 41.304 41.304 41.304 
5460000.0 19092.0 597518.0 597518.0 597518.0 0.1094 0.1094 0.1094 42.473 42.473 42.473 
5470000.0 19121.0 598735.0 598735.0 598735.0 0.1095 0.1095 0.1095 43.102 43.102 43.102 
5480000.0 19150.0 599961.0 599961.0 599961.0 0.1095 0.1095 0.1095 42.662 42.662 42.662 
5490000.0 19182.0 601258.0 601258.0 601258.0 0.1095 0.1095 0.1095 40.281 40.281 40.281 
5500000.0 19213.0 602530.0 602530.0 602530.0 0.1096 0.1096 0.1096 41.679 41.679 41.679 
5510000.0 19246.0 603841.0 603841.0 603841.0 0.1096 0.1096 0.1096 40.758 40.758 40.758 
5520000.0 19278.0 605198.0 605198.0 605198.0 0.1096 0.1096 0.1096 40.064 40.064 40.064 
5530000.0 19312.0 606425.0 606425.0 606425.0 0.1097 0.1097 0.1097 38.464 38.464 38.464 
5540000.0 19343.0 607703.0 607703.0 607703.0 0.1097 0.1097 0.1097 40.049 40.049 40.049 
5550000.0 19374.0 609024.0 609024.0 609024.0 0.1097 0.1097 0.1097 40.776 40.776 40.776 
5560000.0 19403.0 610287.0 610287.0 610287.0 0.1098 0.1098 0.1098 42.308 42.308 42.308 
5570000.0 19434.0 611595.0 611595.0 611595.0 0.1098 0.1098 0.1098 40.748 40.748 40.748 
5580000.0 19464.0 612876.0 612876.0 612876.0 0.1098 0.1098 0.1098 41.526 41.526 41.526 
5590000.0 19494.0 614044.0 614044.0 614044.0 0.1098 0.1098 0.1098 41.068 41.068 41.068 
5600000.0 19520.0 615206.0 615206.0 615206.0 0.1099 0.1099 0.1099 42.773 42.773 42.773 
5610000.0 19549.0 616507.0 616507.0 616507.0 0.1099 0.1099 0.1099 43.222 43.222 43.222 
5620000.0 19578.0 617744.0 617744.0 617744.0 0.1099 0.1099 0.1099 42.676 42.676 42.676 
5630000.0 19608.0 619078.0 619078.0 619078.0 0.11 0.11 0.11 43.01 43.01 43.01 
5640000.0 19636.0 620304.0 620304.0 620304.0 0.11 0.11 0.11 44.367 44.367 44.367 
5650000.0 19665.0 621623.0 621623.0 621623.0 0.11 0.11 0.11 43.975 43.975 43.975 
5660000.0 19690.0 622787.0 622787.0 622787.0 0.11 0.11 0.11 45.289 45.289 45.289 
5670000.0 19721.0 624105.0 624105.0 624105.0 0.1101 0.1101 0.1101 44.387 44.387 44.387 
5680000.0 19751.0 625392.0 625392.0 625392.0 0.1101 0.1101 0.1101 44.024 44.024 44.024 
5690000.0 19782.0 626588.0 626588.0 626588.0 0.1101 0.1101 0.1101 41.661 41.661 41.661 
5700000.0 19815.0 627915.0 627915.0 627915.0 0.1102 0.1102 0.1102 40.273 40.273 40.273 
5710000.0 19845.0 629144.0 629144.0 629144.0 0.1102 0.1102 0.1102 40.476 40.476 40.476 
5720000.0 19869.0 630343.0 630343.0 630343.0 0.1102 0.1102 0.1102 42.227 42.227 42.227 
5730000.0 19897.0 631464.0 631464.0 631464.0 0.1102 0.1102 0.1102 43.238 43.238 43.238 
5740000.0 19928.0 632717.0 632717.0 632717.0 0.1102 0.1102 0.1102 41.95 41.95 41.95 
5750000.0 19962.0 634150.0 634150.0 634150.0 0.1103 0.1103 0.1103 41.545 41.545 41.545 
5760000.0 19992.0 635539.0 635539.0 635539.0 0.1103 0.1103 0.1103 42.053 42.053 42.053 
5770000.0 20022.0 636856.0 636856.0 636856.0 0.1104 0.1104 0.1104 42.842 42.842 42.842 
5780000.0 20050.0 638035.0 638035.0 638035.0 0.1104 0.1104 0.1104 42.948 42.948 42.948 
5790000.0 20079.0 639247.0 639247.0 639247.0 0.1104 0.1104 0.1104 42.647 42.647 42.647 
5800000.0 20110.0 640492.0 640492.0 640492.0 0.1104 0.1104 0.1104 42.27 42.27 42.27 
5810000.0 20140.0 641768.0 641768.0 641768.0 0.1105 0.1105 0.1105 42.727 42.727 42.727 
5820000.0 20174.0 643050.0 643050.0 643050.0 0.1105 0.1105 0.1105 40.46 40.46 40.46 
5830000.0 20205.0 644388.0 644388.0 644388.0 0.1105 0.1105 0.1105 40.483 40.483 40.483 
5840000.0 20236.0 645584.0 645584.0 645584.0 0.1105 0.1105 0.1105 41.005 41.005 41.005 
5850000.0 20267.0 646910.0 646910.0 646910.0 0.1106 0.1106 0.1106 41.904 41.904 41.904 
5860000.0 20298.0 648189.0 648189.0 648189.0 0.1106 0.1106 0.1106 41.367 41.367 41.367 
5870000.0 20328.0 649470.0 649470.0 649470.0 0.1106 0.1106 0.1106 41.063 41.063 41.063 
5880000.0 20361.0 650806.0 650806.0 650806.0 0.1107 0.1107 0.1107 40.671 40.671 40.671 
5890000.0 20389.0 652042.0 652042.0 652042.0 0.1107 0.1107 0.1107 42.747 42.747 42.747 
5900000.0 20415.0 653260.0 653260.0 653260.0 0.1107 0.1107 0.1107 42.439 42.439 42.439 
5910000.0 20447.0 654488.0 654488.0 654488.0 0.1107 0.1107 0.1107 42.508 42.508 42.508 
5920000.0 20477.0 655789.0 655789.0 655789.0 0.1108 0.1108 0.1108 43.116 43.116 43.116 
5930000.0 20505.0 657037.0 657037.0 657037.0 0.1108 0.1108 0.1108 42.987 42.987 42.987 
5940000.0 20534.0 658201.0 658201.0 658201.0 0.1108 0.1108 0.1108 42.503 42.503 42.503 
5950000.0 20565.0 659542.0 659542.0 659542.0 0.1108 0.1108 0.1108 41.323 41.323 41.323 
5960000.0 20598.0 660857.0 660857.0 660857.0 0.1109 0.1109 0.1109 41.903 41.903 41.903 
5970000.0 20631.0 662165.0 662165.0 662165.0 0.1109 0.1109 0.1109 39.403 39.403 39.403 
5980000.0 20663.0 663486.0 663486.0 663486.0 0.111 0.111 0.111 40.659 40.659 40.659 
5990000.0 20692.0 664806.0 664806.0 664806.0 0.111 0.111 0.111 43.411 43.411 43.411 
6000000.0 20722.0 666074.0 666074.0 666074.0 0.111 0.111 0.111 43.025 43.025 43.025 
6010000.0 20749.0 667223.0 667223.0 667223.0 0.111 0.111 0.111 42.493 42.493 42.493 
6020000.0 20780.0 668498.0 668498.0 668498.0 0.111 0.111 0.111 42.595 42.595 42.595 
6030000.0 20809.0 669688.0 669688.0 669688.0 0.1111 0.1111 0.1111 41.521 41.521 41.521 
6040000.0 20842.0 671052.0 671052.0 671052.0 0.1111 0.1111 0.1111 41.839 41.839 41.839 
6050000.0 20872.0 672271.0 672271.0 672271.0 0.1111 0.1111 0.1111 41.317 41.317 41.317 
6060000.0 20900.0 673437.0 673437.0 673437.0 0.1111 0.1111 0.1111 41.894 41.894 41.894 
6070000.0 20932.0 674731.0 674731.0 674731.0 0.1112 0.1112 0.1112 41.368 41.368 41.368 
6080000.0 20964.0 675984.0 675984.0 675984.0 0.1112 0.1112 0.1112 39.749 39.749 39.749 
6090000.0 20994.0 677255.0 677255.0 677255.0 0.1112 0.1112 0.1112 39.71 39.71 39.71 
6100000.0 21028.0 678538.0 678538.0 678538.0 0.1112 0.1112 0.1112 40.104 40.104 40.104 
6110000.0 21060.0 679859.0 679859.0 679859.0 0.1113 0.1113 0.1113 39.742 39.742 39.742 
6120000.0 21093.0 681141.0 681141.0 681141.0 0.1113 0.1113 0.1113 40.029 40.029 40.029 
6130000.0 21126.0 682502.0 682502.0 682502.0 0.1113 0.1113 0.1113 39.482 39.482 39.482 
6140000.0 21155.0 683705.0 683705.0 683705.0 0.1114 0.1114 0.1114 41.353 41.353 41.353 
6150000.0 21183.0 684932.0 684932.0 684932.0 0.1114 0.1114 0.1114 40.832 40.832 40.832 
6160000.0 21213.0 686184.0 686184.0 686184.0 0.1114 0.1114 0.1114 41.762 41.762 41.762 
6170000.0 21243.0 687477.0 687477.0 687477.0 0.1114 0.1114 0.1114 41.388 41.388 41.388 
6180000.0 21270.0 688676.0 688676.0 688676.0 0.1114 0.1114 0.1114 41.551 41.551 41.551 
6190000.0 21299.0 689813.0 689813.0 689813.0 0.1114 0.1114 0.1114 42.171 42.171 42.171 
6200000.0 21328.0 691062.0 691062.0 691062.0 0.1115 0.1115 0.1115 42.902 42.902 42.902 
6210000.0 21360.0 692439.0 692439.0 692439.0 0.1115 0.1115 0.1115 42.424 42.424 42.424 
6220000.0 21394.0 693815.0 693815.0 693815.0 0.1115 0.1115 0.1115 41.559 41.559 41.559 
6230000.0 21427.0 694984.0 694984.0 694984.0 0.1116 0.1116 0.1116 38.074 38.074 38.074 
6240000.0 21459.0 696281.0 696281.0 696281.0 0.1116 0.1116 0.1116 38.348 38.348 38.348 
6250000.0 21490.0 697542.0 697542.0 697542.0 0.1116 0.1116 0.1116 40.522 40.522 40.522 
6260000.0 21521.0 698856.0 698856.0 698856.0 0.1116 0.1116 0.1116 41.628 41.628 41.628 
6270000.0 21549.0 700047.0 700047.0 700047.0 0.1117 0.1117 0.1117 40.508 40.508 40.508 
6280000.0 21579.0 701260.0 701260.0 701260.0 0.1117 0.1117 0.1117 41.359 41.359 41.359 
6290000.0 21612.0 702694.0 702694.0 702694.0 0.1117 0.1117 0.1117 41.531 41.531 41.531 
6300000.0 21639.0 704002.0 704002.0 704002.0 0.1117 0.1117 0.1117 42.923 42.923 42.923 
6310000.0 21671.0 705289.0 705289.0 705289.0 0.1118 0.1118 0.1118 43.233 43.233 43.233 
6320000.0 21702.0 706611.0 706611.0 706611.0 0.1118 0.1118 0.1118 41.881 41.881 41.881 
6330000.0 21732.0 707842.0 707842.0 707842.0 0.1118 0.1118 0.1118 42.558 42.558 42.558 
6340000.0 21762.0 709190.0 709190.0 709190.0 0.1119 0.1119 0.1119 41.71 41.71 41.71 
6350000.0 21792.0 710474.0 710474.0 710474.0 0.1119 0.1119 0.1119 42.183 42.183 42.183 
6360000.0 21822.0 711690.0 711690.0 711690.0 0.1119 0.1119 0.1119 42.401 42.401 42.401 
6370000.0 21853.0 713080.0 713080.0 713080.0 0.1119 0.1119 0.1119 43.723 43.723 43.723 
6380000.0 21884.0 714394.0 714394.0 714394.0 0.112 0.112 0.112 43.38 43.38 43.38 
6390000.0 21913.0 715632.0 715632.0 715632.0 0.112 0.112 0.112 43.254 43.254 43.254 
6400000.0 21945.0 716961.0 716961.0 716961.0 0.112 0.112 0.112 41.217 41.217 41.217 
6410000.0 21976.0 718331.0 718331.0 718331.0 0.1121 0.1121 0.1121 42.876 42.876 42.876 
6420000.0 22008.0 719686.0 719686.0 719686.0 0.1121 0.1121 0.1121 42.379 42.379 42.379 
6430000.0 22039.0 720968.0 720968.0 720968.0 0.1121 0.1121 0.1121 42.44 42.44 42.44 
6440000.0 22071.0 722309.0 722309.0 722309.0 0.1122 0.1122 0.1122 41.484 41.484 41.484 
6450000.0 22100.0 723544.0 723544.0 723544.0 0.1122 0.1122 0.1122 42.961 42.961 42.961 
6460000.0 22129.0 724812.0 724812.0 724812.0 0.1122 0.1122 0.1122 43.313 43.313 43.313 
6470000.0 22161.0 726104.0 726104.0 726104.0 0.1122 0.1122 0.1122 40.945 40.945 40.945 
6480000.0 22192.0 727368.0 727368.0 727368.0 0.1122 0.1122 0.1122 41.663 41.663 41.663 
6490000.0 22225.0 728621.0 728621.0 728621.0 0.1123 0.1123 0.1123 39.344 39.344 39.344 
6500000.0 22257.0 729861.0 729861.0 729861.0 0.1123 0.1123 0.1123 39.488 39.488 39.488 
6510000.0 22287.0 731161.0 731161.0 731161.0 0.1123 0.1123 0.1123 39.874 39.874 39.874 
6520000.0 22317.0 732419.0 732419.0 732419.0 0.1123 0.1123 0.1123 40.391 40.391 40.391 
6530000.0 22346.0 733673.0 733673.0 733673.0 0.1124 0.1124 0.1124 43.024 43.024 43.024 
6540000.0 22374.0 734767.0 734767.0 734767.0 0.1123 0.1123 0.1123 41.465 41.465 41.465 
6550000.0 22404.0 736091.0 736091.0 736091.0 0.1124 0.1124 0.1124 42.32 42.32 42.32 
6560000.0 22431.0 737358.0 737358.0 737358.0 0.1124 0.1124 0.1124 43.377 43.377 43.377 
6570000.0 22460.0 738641.0 738641.0 738641.0 0.1124 0.1124 0.1124 44.474 44.474 44.474 
6580000.0 22491.0 739964.0 739964.0 739964.0 0.1125 0.1125 0.1125 43.368 43.368 43.368 
6590000.0 22519.0 741234.0 741234.0 741234.0 0.1125 0.1125 0.1125 44.246 44.246 44.246 
6600000.0 22546.0 742481.0 742481.0 742481.0 0.1125 0.1125 0.1125 45.304 45.304 45.304 
6610000.0 22575.0 743758.0 743758.0 743758.0 0.1125 0.1125 0.1125 42.876 42.876 42.876 
6620000.0 22605.0 744959.0 744959.0 744959.0 0.1125 0.1125 0.1125 43.124 43.124 43.124 
6630000.0 22635.0 746177.0 746177.0 746177.0 0.1125 0.1125 0.1125 41.54 41.54 41.54 
6640000.0 22664.0 747305.0 747305.0 747305.0 0.1125 0.1125 0.1125 40.328 40.328 40.328 
6650000.0 22692.0 748552.0 748552.0 748552.0 0.1126 0.1126 0.1126 41.347 41.347 41.347 
6660000.0 22724.0 749823.0 749823.0 749823.0 0.1126 0.1126 0.1126 41.347 41.347 41.347 
6670000.0 22753.0 751127.0 751127.0 751127.0 0.1126 0.1126 0.1126 43.422 43.422 43.422 
6680000.0 22783.0 752447.0 752447.0 752447.0 0.1126 0.1126 0.1126 43.883 43.883 43.883 
6690000.0 22815.0 753770.0 753770.0 753770.0 0.1127 0.1127 0.1127 41.981 41.981 41.981 
6700000.0 22843.0 755058.0 755058.0 755058.0 0.1127 0.1127 0.1127 43.743 43.743 43.743 
6710000.0 22874.0 756372.0 756372.0 756372.0 0.1127 0.1127 0.1127 43.589 43.589 43.589 
6720000.0 22902.0 757571.0 757571.0 757571.0 0.1127 0.1127 0.1127 42.923 42.923 42.923 
6730000.0 22932.0 758967.0 758967.0 758967.0 0.1128 0.1128 0.1128 42.691 42.691 42.691 
6740000.0 22964.0 760231.0 760231.0 760231.0 0.1128 0.1128 0.1128 42.49 42.49 42.49 
6750000.0 22993.0 761519.0 761519.0 761519.0 0.1128 0.1128 0.1128 43.437 43.437 43.437 
6760000.0 23022.0 762768.0 762768.0 762768.0 0.1128 0.1128 0.1128 41.862 41.862 41.862 
6770000.0 23053.0 764084.0 764084.0 764084.0 0.1129 0.1129 0.1129 42.971 42.971 42.971 
6780000.0 23085.0 765486.0 765486.0 765486.0 0.1129 0.1129 0.1129 42.942 42.942 42.942 
6790000.0 23114.0 766734.0 766734.0 766734.0 0.1129 0.1129 0.1129 43.641 43.641 43.641 
6800000.0 23140.0 767976.0 767976.0 767976.0 0.1129 0.1129 0.1129 45.928 45.928 45.928 
6810000.0 23169.0 769233.0 769233.0 769233.0 0.113 0.113 0.113 42.779 42.779 42.779 
6820000.0 23201.0 770524.0 770524.0 770524.0 0.113 0.113 0.113 43.522 43.522 43.522 
6830000.0 23230.0 771816.0 771816.0 771816.0 0.113 0.113 0.113 43.843 43.843 43.843 
6840000.0 23259.0 773112.0 773112.0 773112.0 0.113 0.113 0.113 43.459 43.459 43.459 
6850000.0 23287.0 774419.0 774419.0 774419.0 0.1131 0.1131 0.1131 45.476 45.476 45.476 
6860000.0 23322.0 775734.0 775734.0 775734.0 0.1131 0.1131 0.1131 41.228 41.228 41.228 
6870000.0 23352.0 777087.0 777087.0 777087.0 0.1131 0.1131 0.1131 42.335 42.335 42.335 
6880000.0 23382.0 778398.0 778398.0 778398.0 0.1131 0.1131 0.1131 43.152 43.152 43.152 
6890000.0 23408.0 779601.0 779601.0 779601.0 0.1131 0.1131 0.1131 44.861 44.861 44.861 
6900000.0 23435.0 780848.0 780848.0 780848.0 0.1132 0.1132 0.1132 45.439 45.439 45.439 
6910000.0 23466.0 782151.0 782151.0 782151.0 0.1132 0.1132 0.1132 43.308 43.308 43.308 
6920000.0 23495.0 783478.0 783478.0 783478.0 0.1132 0.1132 0.1132 44.768 44.768 44.768 
6930000.0 23523.0 784764.0 784764.0 784764.0 0.1132 0.1132 0.1132 44.106 44.106 44.106 
6940000.0 23554.0 786057.0 786057.0 786057.0 0.1133 0.1133 0.1133 43.921 43.921 43.921 
6950000.0 23584.0 787371.0 787371.0 787371.0 0.1133 0.1133 0.1133 44.101 44.101 44.101 
6960000.0 23613.0 788652.0 788652.0 788652.0 0.1133 0.1133 0.1133 43.046 43.046 43.046 
6970000.0 23645.0 789998.0 789998.0 789998.0 0.1133 0.1133 0.1133 43.501 43.501 43.501 
6980000.0 23674.0 791306.0 791306.0 791306.0 0.1134 0.1134 0.1134 44.659 44.659 44.659 
6990000.0 23705.0 792580.0 792580.0 792580.0 0.1134 0.1134 0.1134 43.34 43.34 43.34 
7000000.0 23736.0 793908.0 793908.0 793908.0 0.1134 0.1134 0.1134 42.985 42.985 42.985 
7010000.0 23767.0 795244.0 795244.0 795244.0 0.1134 0.1134 0.1134 42.381 42.381 42.381 
7020000.0 23796.0 796556.0 796556.0 796556.0 0.1135 0.1135 0.1135 43.305 43.305 43.305 
7030000.0 23823.0 797806.0 797806.0 797806.0 0.1135 0.1135 0.1135 44.355 44.355 44.355 
7040000.0 23853.0 799134.0 799134.0 799134.0 0.1135 0.1135 0.1135 43.672 43.672 43.672 
7050000.0 23883.0 800483.0 800483.0 800483.0 0.1135 0.1135 0.1135 44.188 44.188 44.188 
7060000.0 23913.0 801872.0 801872.0 801872.0 0.1136 0.1136 0.1136 43.319 43.319 43.319 
7070000.0 23943.0 803189.0 803189.0 803189.0 0.1136 0.1136 0.1136 43.328 43.328 43.328 
7080000.0 23971.0 804399.0 804399.0 804399.0 0.1136 0.1136 0.1136 44.785 44.785 44.785 
7090000.0 24003.0 805686.0 805686.0 805686.0 0.1136 0.1136 0.1136 42.907 42.907 42.907 
7100000.0 24030.0 806897.0 806897.0 806897.0 0.1136 0.1136 0.1136 43.134 43.134 43.134 
7110000.0 24058.0 808216.0 808216.0 808216.0 0.1137 0.1137 0.1137 45.298 45.298 45.298 
7120000.0 24087.0 809507.0 809507.0 809507.0 0.1137 0.1137 0.1137 43.947 43.947 43.947 
7130000.0 24117.0 810825.0 810825.0 810825.0 0.1137 0.1137 0.1137 43.545 43.545 43.545 
7140000.0 24147.0 812093.0 812093.0 812093.0 0.1137 0.1137 0.1137 43.881 43.881 43.881 
7150000.0 24171.0 813209.0 813209.0 813209.0 0.1137 0.1137 0.1137 43.737 43.737 43.737 
7160000.0 24202.0 814477.0 814477.0 814477.0 0.1138 0.1138 0.1138 42.582 42.582 42.582 
7170000.0 24230.0 815743.0 815743.0 815743.0 0.1138 0.1138 0.1138 43.739 43.739 43.739 
7180000.0 24261.0 817080.0 817080.0 817080.0 0.1138 0.1138 0.1138 43.084 43.084 43.084 
7190000.0 24289.0 818393.0 818393.0 818393.0 0.1138 0.1138 0.1138 43.968 43.968 43.968 
7200000.0 24318.0 819663.0 819663.0 819663.0 0.1138 0.1138 0.1138 44.405 44.405 44.405 
7210000.0 24347.0 820927.0 820927.0 820927.0 0.1139 0.1139 0.1139 44.25 44.25 44.25 
7220000.0 24376.0 822184.0 822184.0 822184.0 0.1139 0.1139 0.1139 43.915 43.915 43.915 
7230000.0 24408.0 823440.0 823440.0 823440.0 0.1139 0.1139 0.1139 40.916 40.916 40.916 
7240000.0 24435.0 824675.0 824675.0 824675.0 0.1139 0.1139 0.1139 42.613 42.613 42.613 
7250000.0 24461.0 825887.0 825887.0 825887.0 0.1139 0.1139 0.1139 45.057 45.057 45.057 
7260000.0 24489.0 827151.0 827151.0 827151.0 0.1139 0.1139 0.1139 44.099 44.099 44.099 
7270000.0 24519.0 828378.0 828378.0 828378.0 0.1139 0.1139 0.1139 43.091 43.091 43.091 
7280000.0 24549.0 829680.0 829680.0 829680.0 0.114 0.114 0.114 42.907 42.907 42.907 
7290000.0 24576.0 830981.0 830981.0 830981.0 0.114 0.114 0.114 43.625 43.625 43.625 
7300000.0 24608.0 832318.0 832318.0 832318.0 0.114 0.114 0.114 43.655 43.655 43.655 
7310000.0 24642.0 833713.0 833713.0 833713.0 0.1141 0.1141 0.1141 41.982 41.982 41.982 
7320000.0 24672.0 835022.0 835022.0 835022.0 0.1141 0.1141 0.1141 41.817 41.817 41.817 
7330000.0 24701.0 836304.0 836304.0 836304.0 0.1141 0.1141 0.1141 43.926 43.926 43.926 
7340000.0 24732.0 837666.0 837666.0 837666.0 0.1141 0.1141 0.1141 42.203 42.203 42.203 
7350000.0 24759.0 838894.0 838894.0 838894.0 0.1141 0.1141 0.1141 44.546 44.546 44.546 
7360000.0 24789.0 840193.0 840193.0 840193.0 0.1142 0.1142 0.1142 44.216 44.216 44.216 
7370000.0 24816.0 841467.0 841467.0 841467.0 0.1142 0.1142 0.1142 43.859 43.859 43.859 
7380000.0 24844.0 842738.0 842738.0 842738.0 0.1142 0.1142 0.1142 45.061 45.061 45.061 
7390000.0 24870.0 843973.0 843973.0 843973.0 0.1142 0.1142 0.1142 44.419 44.419 44.419 
7400000.0 24900.0 845169.0 845169.0 845169.0 0.1142 0.1142 0.1142 43.161 43.161 43.161 
7410000.0 24933.0 846441.0 846441.0 846441.0 0.1142 0.1142 0.1142 41.052 41.052 41.052 
7420000.0 24963.0 847743.0 847743.0 847743.0 0.1143 0.1143 0.1143 41.579 41.579 41.579 
7430000.0 24991.0 849055.0 849055.0 849055.0 0.1143 0.1143 0.1143 44.409 44.409 44.409 
7440000.0 25020.0 850317.0 850317.0 850317.0 0.1143 0.1143 0.1143 44.088 44.088 44.088 
7450000.0 25046.0 851522.0 851522.0 851522.0 0.1143 0.1143 0.1143 44.757 44.757 44.757 
7460000.0 25072.0 852766.0 852766.0 852766.0 0.1143 0.1143 0.1143 45.607 45.607 45.607 
7470000.0 25101.0 853958.0 853958.0 853958.0 0.1143 0.1143 0.1143 43.763 43.763 43.763 
7480000.0 25131.0 855278.0 855278.0 855278.0 0.1143 0.1143 0.1143 43.923 43.923 43.923 
7490000.0 25164.0 856612.0 856612.0 856612.0 0.1144 0.1144 0.1144 42.255 42.255 42.255 
7500000.0 25197.0 857930.0 857930.0 857930.0 0.1144 0.1144 0.1144 40.004 40.004 40.004 
7510000.0 25226.0 859127.0 859127.0 859127.0 0.1144 0.1144 0.1144 41.355 41.355 41.355 
7520000.0 25257.0 860401.0 860401.0 860401.0 0.1144 0.1144 0.1144 40.555 40.555 40.555 
7530000.0 25285.0 861723.0 861723.0 861723.0 0.1144 0.1144 0.1144 43.895 43.895 43.895 
7540000.0 25315.0 863026.0 863026.0 863026.0 0.1145 0.1145 0.1145 43.831 43.831 43.831 
7550000.0 25347.0 864345.0 864345.0 864345.0 0.1145 0.1145 0.1145 42.225 42.225 42.225 
7560000.0 25374.0 865537.0 865537.0 865537.0 0.1145 0.1145 0.1145 43.049 43.049 43.049 
7570000.0 25404.0 866751.0 866751.0 866751.0 0.1145 0.1145 0.1145 41.414 41.414 41.414 
7580000.0 25434.0 868115.0 868115.0 868115.0 0.1145 0.1145 0.1145 41.959 41.959 41.959 
7590000.0 25467.0 869312.0 869312.0 869312.0 0.1145 0.1145 0.1145 39.775 39.775 39.775 
7600000.0 25496.0 870548.0 870548.0 870548.0 0.1145 0.1145 0.1145 42.17 42.17 42.17 
7610000.0 25523.0 871808.0 871808.0 871808.0 0.1146 0.1146 0.1146 44.256 44.256 44.256 
7620000.0 25554.0 873179.0 873179.0 873179.0 0.1146 0.1146 0.1146 42.28 42.28 42.28 
7630000.0 25584.0 874509.0 874509.0 874509.0 0.1146 0.1146 0.1146 43.652 43.652 43.652 
7640000.0 25614.0 875808.0 875808.0 875808.0 0.1146 0.1146 0.1146 43.955 43.955 43.955 
7650000.0 25641.0 877028.0 877028.0 877028.0 0.1146 0.1146 0.1146 44.286 44.286 44.286 
7660000.0 25666.0 878236.0 878236.0 878236.0 0.1147 0.1147 0.1147 45.925 45.925 45.925 
7670000.0 25695.0 879323.0 879323.0 879323.0 0.1146 0.1146 0.1146 41.397 41.397 41.397 
7680000.0 25724.0 880533.0 880533.0 880533.0 0.1147 0.1147 0.1147 42.114 42.114 42.114 
7690000.0 25752.0 881765.0 881765.0 881765.0 0.1147 0.1147 0.1147 42.847 42.847 42.847 
7700000.0 25779.0 883018.0 883018.0 883018.0 0.1147 0.1147 0.1147 43.646 43.646 43.646 
7710000.0 25807.0 884359.0 884359.0 884359.0 0.1147 0.1147 0.1147 46.222 46.222 46.222 
7720000.0 25835.0 885572.0 885572.0 885572.0 0.1147 0.1147 0.1147 45.417 45.417 45.417 
7730000.0 25864.0 886840.0 886840.0 886840.0 0.1147 0.1147 0.1147 44.437 44.437 44.437 
7740000.0 25895.0 888119.0 888119.0 888119.0 0.1147 0.1147 0.1147 43.226 43.226 43.226 
7750000.0 25924.0 889393.0 889393.0 889393.0 0.1148 0.1148 0.1148 43.274 43.274 43.274 
7760000.0 25953.0 890729.0 890729.0 890729.0 0.1148 0.1148 0.1148 43.129 43.129 43.129 
7770000.0 25980.0 891916.0 891916.0 891916.0 0.1148 0.1148 0.1148 43.846 43.846 43.846 
7780000.0 26009.0 893229.0 893229.0 893229.0 0.1148 0.1148 0.1148 45.512 45.512 45.512 
7790000.0 26041.0 894459.0 894459.0 894459.0 0.1148 0.1148 0.1148 41.474 41.474 41.474 
7800000.0 26072.0 895710.0 895710.0 895710.0 0.1148 0.1148 0.1148 41.175 41.175 41.175 
7810000.0 26102.0 897031.0 897031.0 897031.0 0.1149 0.1149 0.1149 42.503 42.503 42.503 
7820000.0 26132.0 898328.0 898328.0 898328.0 0.1149 0.1149 0.1149 43.111 43.111 43.111 
7830000.0 26164.0 899687.0 899687.0 899687.0 0.1149 0.1149 0.1149 42.627 42.627 42.627 
7840000.0 26196.0 900968.0 900968.0 900968.0 0.1149 0.1149 0.1149 40.645 40.645 40.645 
7850000.0 26225.0 902217.0 902217.0 902217.0 0.1149 0.1149 0.1149 42.875 42.875 42.875 
7860000.0 26255.0 903355.0 903355.0 903355.0 0.1149 0.1149 0.1149 40.561 40.561 40.561 
7870000.0 26283.0 904590.0 904590.0 904590.0 0.1149 0.1149 0.1149 41.317 41.317 41.317 
7880000.0 26313.0 905926.0 905926.0 905926.0 0.115 0.115 0.115 42.372 42.372 42.372 
7890000.0 26342.0 907191.0 907191.0 907191.0 0.115 0.115 0.115 43.86 43.86 43.86 
7900000.0 26370.0 908483.0 908483.0 908483.0 0.115 0.115 0.115 43.673 43.673 43.673 
7910000.0 26398.0 909756.0 909756.0 909756.0 0.115 0.115 0.115 44.98 44.98 44.98 
7920000.0 26430.0 911105.0 911105.0 911105.0 0.115 0.115 0.115 42.596 42.596 42.596 
7930000.0 26460.0 912396.0 912396.0 912396.0 0.1151 0.1151 0.1151 43.457 43.457 43.457 
7940000.0 26489.0 913694.0 913694.0 913694.0 0.1151 0.1151 0.1151 44.604 44.604 44.604 
7950000.0 26521.0 914968.0 914968.0 914968.0 0.1151 0.1151 0.1151 42.163 42.163 42.163 
7960000.0 26552.0 916250.0 916250.0 916250.0 0.1151 0.1151 0.1151 42.267 42.267 42.267 
7970000.0 26584.0 917544.0 917544.0 917544.0 0.1151 0.1151 0.1151 41.042 41.042 41.042 
7980000.0 26610.0 918814.0 918814.0 918814.0 0.1151 0.1151 0.1151 42.805 42.805 42.805 
7990000.0 26640.0 920085.0 920085.0 920085.0 0.1152 0.1152 0.1152 42.54 42.54 42.54 
8000000.0 26670.0 921324.0 921324.0 921324.0 0.1152 0.1152 0.1152 42.124 42.124 42.124 
8010000.0 26700.0 922619.0 922619.0 922619.0 0.1152 0.1152 0.1152 42.175 42.175 42.175 
8020000.0 26730.0 923956.0 923956.0 923956.0 0.1152 0.1152 0.1152 42.525 42.525 42.525 
8030000.0 26761.0 925268.0 925268.0 925268.0 0.1152 0.1152 0.1152 43.167 43.167 43.167 
8040000.0 26789.0 926529.0 926529.0 926529.0 0.1152 0.1152 0.1152 44.322 44.322 44.322 
8050000.0 26817.0 927810.0 927810.0 927810.0 0.1153 0.1153 0.1153 44.439 44.439 44.439 
8060000.0 26844.0 929017.0 929017.0 929017.0 0.1153 0.1153 0.1153 43.646 43.646 43.646 
8070000.0 26874.0 930287.0 930287.0 930287.0 0.1153 0.1153 0.1153 43.436 43.436 43.436 
8080000.0 26904.0 931666.0 931666.0 931666.0 0.1153 0.1153 0.1153 43.107 43.107 43.107 
8090000.0 26935.0 932996.0 932996.0 932996.0 0.1153 0.1153 0.1153 44.745 44.745 44.745 
8100000.0 26964.0 934234.0 934234.0 934234.0 0.1153 0.1153 0.1153 43.431 43.431 43.431 
8110000.0 26991.0 935419.0 935419.0 935419.0 0.1153 0.1153 0.1153 44.012 44.012 44.012 
8120000.0 27018.0 936646.0 936646.0 936646.0 0.1154 0.1154 0.1154 43.636 43.636 43.636 
8130000.0 27047.0 937911.0 937911.0 937911.0 0.1154 0.1154 0.1154 44.084 44.084 44.084 
8140000.0 27075.0 939195.0 939195.0 939195.0 0.1154 0.1154 0.1154 43.158 43.158 43.158 
8150000.0 27105.0 940431.0 940431.0 940431.0 0.1154 0.1154 0.1154 42.911 42.911 42.911 
8160000.0 27133.0 941691.0 941691.0 941691.0 0.1154 0.1154 0.1154 44.028 44.028 44.028 
8170000.0 27164.0 942962.0 942962.0 942962.0 0.1154 0.1154 0.1154 42.585 42.585 42.585 
8180000.0 27189.0 944157.0 944157.0 944157.0 0.1154 0.1154 0.1154 42.587 42.587 42.587 
8190000.0 27217.0 945323.0 945323.0 945323.0 0.1154 0.1154 0.1154 43.967 43.967 43.967 
8200000.0 27243.0 946511.0 946511.0 946511.0 0.1154 0.1154 0.1154 44.307 44.307 44.307 
8210000.0 27267.0 947752.0 947752.0 947752.0 0.1154 0.1154 0.1154 45.143 45.143 45.143 
8220000.0 27297.0 949043.0 949043.0 949043.0 0.1155 0.1155 0.1155 45.002 45.002 45.002 
8230000.0 27332.0 950338.0 950338.0 950338.0 0.1155 0.1155 0.1155 41.04 41.04 41.04 
8240000.0 27361.0 951691.0 951691.0 951691.0 0.1155 0.1155 0.1155 43.819 43.819 43.819 
8250000.0 27391.0 952996.0 952996.0 952996.0 0.1155 0.1155 0.1155 44.011 44.011 44.011 
8260000.0 27423.0 954344.0 954344.0 954344.0 0.1155 0.1155 0.1155 42.789 42.789 42.789 
8270000.0 27454.0 955763.0 955763.0 955763.0 0.1156 0.1156 0.1156 43.896 43.896 43.896 
8280000.0 27486.0 957052.0 957052.0 957052.0 0.1156 0.1156 0.1156 42.702 42.702 42.702 
8290000.0 27513.0 958332.0 958332.0 958332.0 0.1156 0.1156 0.1156 43.421 43.421 43.421 
8300000.0 27538.0 959500.0 959500.0 959500.0 0.1156 0.1156 0.1156 44.497 44.497 44.497 
8310000.0 27567.0 960722.0 960722.0 960722.0 0.1156 0.1156 0.1156 43.577 43.577 43.577 
8320000.0 27596.0 962022.0 962022.0 962022.0 0.1156 0.1156 0.1156 44.834 44.834 44.834 
8330000.0 27624.0 963272.0 963272.0 963272.0 0.1156 0.1156 0.1156 44.253 44.253 44.253 
8340000.0 27653.0 964475.0 964475.0 964475.0 0.1156 0.1156 0.1156 43.195 43.195 43.195 
8350000.0 27682.0 965785.0 965785.0 965785.0 0.1157 0.1157 0.1157 43.81 43.81 43.81 
8360000.0 27713.0 967076.0 967076.0 967076.0 0.1157 0.1157 0.1157 43.167 43.167 43.167 
8370000.0 27742.0 968369.0 968369.0 968369.0 0.1157 0.1157 0.1157 44.008 44.008 44.008 
8380000.0 27774.0 969673.0 969673.0 969673.0 0.1157 0.1157 0.1157 42.603 42.603 42.603 
8390000.0 27807.0 971026.0 971026.0 971026.0 0.1157 0.1157 0.1157 41.428 41.428 41.428 
8400000.0 27839.0 972333.0 972333.0 972333.0 0.1158 0.1158 0.1158 40.276 40.276 40.276 
8410000.0 27867.0 973523.0 973523.0 973523.0 0.1158 0.1158 0.1158 41.442 41.442 41.442 
8420000.0 27895.0 974795.0 974795.0 974795.0 0.1158 0.1158 0.1158 42.667 42.667 42.667 
8430000.0 27926.0 976083.0 976083.0 976083.0 0.1158 0.1158 0.1158 42.294 42.294 42.294 
8440000.0 27954.0 977391.0 977391.0 977391.0 0.1158 0.1158 0.1158 42.108 42.108 42.108 
8450000.0 27982.0 978618.0 978618.0 978618.0 0.1158 0.1158 0.1158 44.763 44.763 44.763 
8460000.0 28008.0 979859.0 979859.0 979859.0 0.1158 0.1158 0.1158 43.961 43.961 43.961 
8470000.0 28037.0 981085.0 981085.0 981085.0 0.1158 0.1158 0.1158 44.903 44.903 44.903 
8480000.0 28068.0 982449.0 982449.0 982449.0 0.1159 0.1159 0.1159 43.625 43.625 43.625 
8490000.0 28097.0 983693.0 983693.0 983693.0 0.1159 0.1159 0.1159 43.593 43.593 43.593 
8500000.0 28128.0 984998.0 984998.0 984998.0 0.1159 0.1159 0.1159 42.169 42.169 42.169 
8510000.0 28159.0 986430.0 986430.0 986430.0 0.1159 0.1159 0.1159 44.57 44.57 44.57 
8520000.0 28186.0 987691.0 987691.0 987691.0 0.1159 0.1159 0.1159 45.943 45.943 45.943 
8530000.0 28218.0 989079.0 989079.0 989079.0 0.116 0.116 0.116 42.947 42.947 42.947 
8540000.0 28249.0 990399.0 990399.0 990399.0 0.116 0.116 0.116 44.63 44.63 44.63 
8550000.0 28277.0 991645.0 991645.0 991645.0 0.116 0.116 0.116 44.717 44.717 44.717 
8560000.0 28306.0 992933.0 992933.0 992933.0 0.116 0.116 0.116 44.129 44.129 44.129 
8570000.0 28331.0 994067.0 994067.0 994067.0 0.116 0.116 0.116 45.174 45.174 45.174 
8580000.0 28357.0 995294.0 995294.0 995294.0 0.116 0.116 0.116 45.699 45.699 45.699 
8590000.0 28387.0 996587.0 996587.0 996587.0 0.116 0.116 0.116 44.661 44.661 44.661 
8600000.0 28416.0 997800.0 997800.0 997800.0 0.116 0.116 0.116 43.632 43.632 43.632 
8610000.0 28446.0 999159.0 999159.0 999159.0 0.116 0.116 0.116 43.212 43.212 43.212 
8620000.0 28473.0 1000450.0 1000450.0 1000450.0 0.1161 0.1161 0.1161 44.178 44.178 44.178 
8630000.0 28503.0 1001708.0 1001708.0 1001708.0 0.1161 0.1161 0.1161 44.003 44.003 44.003 
8640000.0 28530.0 1003019.0 1003019.0 1003019.0 0.1161 0.1161 0.1161 44.524 44.524 44.524 
8650000.0 28558.0 1004182.0 1004182.0 1004182.0 0.1161 0.1161 0.1161 44.885 44.885 44.885 
8660000.0 28587.0 1005401.0 1005401.0 1005401.0 0.1161 0.1161 0.1161 43.772 43.772 43.772 
8670000.0 28617.0 1006787.0 1006787.0 1006787.0 0.1161 0.1161 0.1161 43.948 43.948 43.948 
8680000.0 28649.0 1008026.0 1008026.0 1008026.0 0.1161 0.1161 0.1161 41.903 41.903 41.903 
8690000.0 28678.0 1009329.0 1009329.0 1009329.0 0.1161 0.1161 0.1161 42.384 42.384 42.384 
8700000.0 28708.0 1010636.0 1010636.0 1010636.0 0.1162 0.1162 0.1162 43.396 43.396 43.396 
8710000.0 28737.0 1011897.0 1011897.0 1011897.0 0.1162 0.1162 0.1162 42.567 42.567 42.567 
8720000.0 28767.0 1013159.0 1013159.0 1013159.0 0.1162 0.1162 0.1162 43.346 43.346 43.346 
8730000.0 28797.0 1014563.0 1014563.0 1014563.0 0.1162 0.1162 0.1162 43.432 43.432 43.432 
8740000.0 28827.0 1015812.0 1015812.0 1015812.0 0.1162 0.1162 0.1162 43.681 43.681 43.681 
8750000.0 28854.0 1017100.0 1017100.0 1017100.0 0.1162 0.1162 0.1162 44.195 44.195 44.195 
8760000.0 28884.0 1018370.0 1018370.0 1018370.0 0.1163 0.1163 0.1163 43.848 43.848 43.848 
8770000.0 28913.0 1019641.0 1019641.0 1019641.0 0.1163 0.1163 0.1163 44.071 44.071 44.071 
8780000.0 28945.0 1020880.0 1020880.0 1020880.0 0.1163 0.1163 0.1163 41.2 41.2 41.2 
8790000.0 28973.0 1022063.0 1022063.0 1022063.0 0.1163 0.1163 0.1163 42.276 42.276 42.276 
8800000.0 29001.0 1023231.0 1023231.0 1023231.0 0.1163 0.1163 0.1163 41.386 41.386 41.386 
8810000.0 29028.0 1024425.0 1024425.0 1024425.0 0.1163 0.1163 0.1163 42.681 42.681 42.681 
8820000.0 29056.0 1025684.0 1025684.0 1025684.0 0.1163 0.1163 0.1163 42.803 42.803 42.803 
8830000.0 29087.0 1027002.0 1027002.0 1027002.0 0.1163 0.1163 0.1163 42.963 42.963 42.963 
8840000.0 29116.0 1028274.0 1028274.0 1028274.0 0.1163 0.1163 0.1163 43.058 43.058 43.058 
8850000.0 29148.0 1029625.0 1029625.0 1029625.0 0.1163 0.1163 0.1163 42.693 42.693 42.693 
8860000.0 29178.0 1030901.0 1030901.0 1030901.0 0.1164 0.1164 0.1164 42.812 42.812 42.812 
8870000.0 29208.0 1032225.0 1032225.0 1032225.0 0.1164 0.1164 0.1164 41.788 41.788 41.788 
8880000.0 29239.0 1033407.0 1033407.0 1033407.0 0.1164 0.1164 0.1164 41.422 41.422 41.422 
8890000.0 29268.0 1034655.0 1034655.0 1034655.0 0.1164 0.1164 0.1164 41.753 41.753 41.753 
8900000.0 29296.0 1035876.0 1035876.0 1035876.0 0.1164 0.1164 0.1164 42.699 42.699 42.699 
8910000.0 29326.0 1037230.0 1037230.0 1037230.0 0.1164 0.1164 0.1164 44.286 44.286 44.286 
8920000.0 29355.0 1038528.0 1038528.0 1038528.0 0.1164 0.1164 0.1164 43.328 43.328 43.328 
8930000.0 29385.0 1039720.0 1039720.0 1039720.0 0.1164 0.1164 0.1164 42.618 42.618 42.618 
8940000.0 29412.0 1041036.0 1041036.0 1041036.0 0.1164 0.1164 0.1164 43.563 43.563 43.563 
8950000.0 29439.0 1042216.0 1042216.0 1042216.0 0.1164 0.1164 0.1164 43.91 43.91 43.91 
8960000.0 29467.0 1043488.0 1043488.0 1043488.0 0.1165 0.1165 0.1165 45.6 45.6 45.6 
8970000.0 29494.0 1044681.0 1044681.0 1044681.0 0.1165 0.1165 0.1165 45.007 45.007 45.007 
8980000.0 29520.0 1045864.0 1045864.0 1045864.0 0.1165 0.1165 0.1165 43.57 43.57 43.57 
8990000.0 29550.0 1047152.0 1047152.0 1047152.0 0.1165 0.1165 0.1165 43.054 43.054 43.054 
9000000.0 29580.0 1048396.0 1048396.0 1048396.0 0.1165 0.1165 0.1165 43.262 43.262 43.262 
9010000.0 29610.0 1049713.0 1049713.0 1049713.0 0.1165 0.1165 0.1165 43.534 43.534 43.534 
9020000.0 29641.0 1051056.0 1051056.0 1051056.0 0.1165 0.1165 0.1165 43.346 43.346 43.346 
9030000.0 29670.0 1052310.0 1052310.0 1052310.0 0.1165 0.1165 0.1165 42.754 42.754 42.754 
9040000.0 29700.0 1053654.0 1053654.0 1053654.0 0.1166 0.1166 0.1166 42.287 42.287 42.287 
9050000.0 29731.0 1054925.0 1054925.0 1054925.0 0.1166 0.1166 0.1166 43.333 43.333 43.333 
9060000.0 29762.0 1056292.0 1056292.0 1056292.0 0.1166 0.1166 0.1166 43.731 43.731 43.731 
9070000.0 29788.0 1057480.0 1057480.0 1057480.0 0.1166 0.1166 0.1166 44.816 44.816 44.816 
9080000.0 29817.0 1058719.0 1058719.0 1058719.0 0.1166 0.1166 0.1166 42.695 42.695 42.695 
9090000.0 29850.0 1060015.0 1060015.0 1060015.0 0.1166 0.1166 0.1166 41.641 41.641 41.641 
9100000.0 29876.0 1061247.0 1061247.0 1061247.0 0.1166 0.1166 0.1166 43.848 43.848 43.848 
9110000.0 29906.0 1062536.0 1062536.0 1062536.0 0.1166 0.1166 0.1166 43.18 43.18 43.18 
9120000.0 29932.0 1063813.0 1063813.0 1063813.0 0.1166 0.1166 0.1166 45.697 45.697 45.697 
9130000.0 29963.0 1065143.0 1065143.0 1065143.0 0.1167 0.1167 0.1167 43.913 43.913 43.913 
9140000.0 29991.0 1066469.0 1066469.0 1066469.0 0.1167 0.1167 0.1167 44.569 44.569 44.569 
9150000.0 30021.0 1067776.0 1067776.0 1067776.0 0.1167 0.1167 0.1167 44.099 44.099 44.099 
9160000.0 30051.0 1069052.0 1069052.0 1069052.0 0.1167 0.1167 0.1167 43.707 43.707 43.707 
9170000.0 30081.0 1070387.0 1070387.0 1070387.0 0.1167 0.1167 0.1167 42.154 42.154 42.154 
9180000.0 30111.0 1071600.0 1071600.0 1071600.0 0.1167 0.1167 0.1167 41.939 41.939 41.939 
9190000.0 30138.0 1072921.0 1072921.0 1072921.0 0.1167 0.1167 0.1167 43.568 43.568 43.568 
9200000.0 30170.0 1074194.0 1074194.0 1074194.0 0.1168 0.1168 0.1168 43.092 43.092 43.092 
9210000.0 30196.0 1075403.0 1075403.0 1075403.0 0.1168 0.1168 0.1168 44.414 44.414 44.414 
9220000.0 30228.0 1076760.0 1076760.0 1076760.0 0.1168 0.1168 0.1168 42.724 42.724 42.724 
9230000.0 30254.0 1077890.0 1077890.0 1077890.0 0.1168 0.1168 0.1168 44.122 44.122 44.122 
9240000.0 30283.0 1079182.0 1079182.0 1079182.0 0.1168 0.1168 0.1168 44.66 44.66 44.66 
9250000.0 30309.0 1080369.0 1080369.0 1080369.0 0.1168 0.1168 0.1168 43.845 43.845 43.845 
9260000.0 30343.0 1081786.0 1081786.0 1081786.0 0.1168 0.1168 0.1168 43.648 43.648 43.648 
9270000.0 30374.0 1083125.0 1083125.0 1083125.0 0.1168 0.1168 0.1168 43.744 43.744 43.744 
9280000.0 30404.0 1084460.0 1084460.0 1084460.0 0.1169 0.1169 0.1169 44.356 44.356 44.356 
9290000.0 30432.0 1085672.0 1085672.0 1085672.0 0.1169 0.1169 0.1169 42.33 42.33 42.33 
9300000.0 30463.0 1087029.0 1087029.0 1087029.0 0.1169 0.1169 0.1169 44.639 44.639 44.639 
9310000.0 30489.0 1088231.0 1088231.0 1088231.0 0.1169 0.1169 0.1169 43.287 43.287 43.287 
9320000.0 30519.0 1089572.0 1089572.0 1089572.0 0.1169 0.1169 0.1169 43.591 43.591 43.591 
9330000.0 30550.0 1090847.0 1090847.0 1090847.0 0.1169 0.1169 0.1169 44.282 44.282 44.282 
9340000.0 30580.0 1092218.0 1092218.0 1092218.0 0.1169 0.1169 0.1169 45.305 45.305 45.305 
9350000.0 30609.0 1093496.0 1093496.0 1093496.0 0.117 0.117 0.117 43.306 43.306 43.306 
9360000.0 30642.0 1094796.0 1094796.0 1094796.0 0.117 0.117 0.117 42.93 42.93 42.93 
9370000.0 30671.0 1096141.0 1096141.0 1096141.0 0.117 0.117 0.117 44.335 44.335 44.335 
9380000.0 30699.0 1097457.0 1097457.0 1097457.0 0.117 0.117 0.117 44.243 44.243 44.243 
9390000.0 30727.0 1098694.0 1098694.0 1098694.0 0.117 0.117 0.117 45.397 45.397 45.397 
9400000.0 30759.0 1099854.0 1099854.0 1099854.0 0.117 0.117 0.117 41.071 41.071 41.071 
9410000.0 30787.0 1101161.0 1101161.0 1101161.0 0.117 0.117 0.117 41.874 41.874 41.874 
9420000.0 30818.0 1102537.0 1102537.0 1102537.0 0.117 0.117 0.117 44.123 44.123 44.123 
9430000.0 30850.0 1103852.0 1103852.0 1103852.0 0.1171 0.1171 0.1171 42.838 42.838 42.838 
9440000.0 30879.0 1105123.0 1105123.0 1105123.0 0.1171 0.1171 0.1171 42.659 42.659 42.659 
9450000.0 30907.0 1106443.0 1106443.0 1106443.0 0.1171 0.1171 0.1171 45.306 45.306 45.306 
9460000.0 30936.0 1107684.0 1107684.0 1107684.0 0.1171 0.1171 0.1171 42.892 42.892 42.892 
9470000.0 30968.0 1108925.0 1108925.0 1108925.0 0.1171 0.1171 0.1171 42.06 42.06 42.06 
9480000.0 30995.0 1110119.0 1110119.0 1110119.0 0.1171 0.1171 0.1171 42.952 42.952 42.952 
9490000.0 31023.0 1111355.0 1111355.0 1111355.0 0.1171 0.1171 0.1171 42.561 42.561 42.561 
9500000.0 31052.0 1112656.0 1112656.0 1112656.0 0.1171 0.1171 0.1171 44.423 44.423 44.423 
9510000.0 31085.0 1114006.0 1114006.0 1114006.0 0.1171 0.1171 0.1171 41.871 41.871 41.871 
9520000.0 31116.0 1115313.0 1115313.0 1115313.0 0.1172 0.1172 0.1172 41.675 41.675 41.675 
9530000.0 31147.0 1116683.0 1116683.0 1116683.0 0.1172 0.1172 0.1172 43.248 43.248 43.248 
9540000.0 31173.0 1117879.0 1117879.0 1117879.0 0.1172 0.1172 0.1172 43.119 43.119 43.119 
9550000.0 31203.0 1119087.0 1119087.0 1119087.0 0.1172 0.1172 0.1172 42.617 42.617 42.617 
9560000.0 31234.0 1120365.0 1120365.0 1120365.0 0.1172 0.1172 0.1172 41.247 41.247 41.247 
9570000.0 31260.0 1121545.0 1121545.0 1121545.0 0.1172 0.1172 0.1172 42.541 42.541 42.541 
9580000.0 31293.0 1122791.0 1122791.0 1122791.0 0.1172 0.1172 0.1172 40.832 40.832 40.832 
9590000.0 31323.0 1124084.0 1124084.0 1124084.0 0.1172 0.1172 0.1172 41.621 41.621 41.621 
9600000.0 31353.0 1125456.0 1125456.0 1125456.0 0.1172 0.1172 0.1172 42.094 42.094 42.094 
9610000.0 31383.0 1126736.0 1126736.0 1126736.0 0.1172 0.1172 0.1172 42.444 42.444 42.444 
9620000.0 31413.0 1128090.0 1128090.0 1128090.0 0.1173 0.1173 0.1173 43.036 43.036 43.036 
9630000.0 31443.0 1129394.0 1129394.0 1129394.0 0.1173 0.1173 0.1173 43.662 43.662 43.662 
9640000.0 31469.0 1130587.0 1130587.0 1130587.0 0.1173 0.1173 0.1173 45.08 45.08 45.08 
9650000.0 31498.0 1131940.0 1131940.0 1131940.0 0.1173 0.1173 0.1173 46.043 46.043 46.043 
9660000.0 31527.0 1133215.0 1133215.0 1133215.0 0.1173 0.1173 0.1173 43.731 43.731 43.731 
9670000.0 31554.0 1134348.0 1134348.0 1134348.0 0.1173 0.1173 0.1173 43.96 43.96 43.96 
9680000.0 31581.0 1135622.0 1135622.0 1135622.0 0.1173 0.1173 0.1173 44.059 44.059 44.059 
9690000.0 31609.0 1136841.0 1136841.0 1136841.0 0.1173 0.1173 0.1173 44.621 44.621 44.621 
9700000.0 31634.0 1137966.0 1137966.0 1137966.0 0.1173 0.1173 0.1173 44.319 44.319 44.319 
9710000.0 31662.0 1139256.0 1139256.0 1139256.0 0.1173 0.1173 0.1173 43.471 43.471 43.471 
9720000.0 31692.0 1140571.0 1140571.0 1140571.0 0.1173 0.1173 0.1173 43.463 43.463 43.463 
9730000.0 31719.0 1141672.0 1141672.0 1141672.0 0.1173 0.1173 0.1173 43.058 43.058 43.058 
9740000.0 31743.0 1142810.0 1142810.0 1142810.0 0.1173 0.1173 0.1173 44.011 44.011 44.011 
9750000.0 31773.0 1144072.0 1144072.0 1144072.0 0.1173 0.1173 0.1173 43.854 43.854 43.854 
9760000.0 31800.0 1145412.0 1145412.0 1145412.0 0.1174 0.1174 0.1174 44.215 44.215 44.215 
9770000.0 31828.0 1146643.0 1146643.0 1146643.0 0.1174 0.1174 0.1174 45.409 45.409 45.409 
9780000.0 31859.0 1147990.0 1147990.0 1147990.0 0.1174 0.1174 0.1174 44.864 44.864 44.864 
9790000.0 31892.0 1149418.0 1149418.0 1149418.0 0.1174 0.1174 0.1174 44.332 44.332 44.332 
9800000.0 31923.0 1150846.0 1150846.0 1150846.0 0.1174 0.1174 0.1174 44.113 44.113 44.113 
9810000.0 31953.0 1152155.0 1152155.0 1152155.0 0.1174 0.1174 0.1174 43.817 43.817 43.817 
9820000.0 31986.0 1153437.0 1153437.0 1153437.0 0.1175 0.1175 0.1175 41.712 41.712 41.712 
9830000.0 32017.0 1154822.0 1154822.0 1154822.0 0.1175 0.1175 0.1175 43.08 43.08 43.08 
9840000.0 32046.0 1156187.0 1156187.0 1156187.0 0.1175 0.1175 0.1175 43.748 43.748 43.748 
9850000.0 32077.0 1157527.0 1157527.0 1157527.0 0.1175 0.1175 0.1175 44.451 44.451 44.451 
9860000.0 32106.0 1158855.0 1158855.0 1158855.0 0.1175 0.1175 0.1175 43.558 43.558 43.558 
9870000.0 32135.0 1160113.0 1160113.0 1160113.0 0.1175 0.1175 0.1175 44.455 44.455 44.455 
9880000.0 32165.0 1161415.0 1161415.0 1161415.0 0.1176 0.1176 0.1176 44.438 44.438 44.438 
9890000.0 32190.0 1162562.0 1162562.0 1162562.0 0.1175 0.1175 0.1175 44.191 44.191 44.191 
9900000.0 32217.0 1163827.0 1163827.0 1163827.0 0.1176 0.1176 0.1176 44.368 44.368 44.368 
9910000.0 32247.0 1165070.0 1165070.0 1165070.0 0.1176 0.1176 0.1176 42.951 42.951 42.951 
9920000.0 32278.0 1166470.0 1166470.0 1166470.0 0.1176 0.1176 0.1176 44.671 44.671 44.671 
9930000.0 32308.0 1167704.0 1167704.0 1167704.0 0.1176 0.1176 0.1176 43.087 43.087 43.087 
9940000.0 32341.0 1168996.0 1168996.0 1168996.0 0.1176 0.1176 0.1176 41.15 41.15 41.15 
9950000.0 32368.0 1170269.0 1170269.0 1170269.0 0.1176 0.1176 0.1176 43.483 43.483 43.483 
9960000.0 32397.0 1171567.0 1171567.0 1171567.0 0.1176 0.1176 0.1176 42.917 42.917 42.917 
9970000.0 32430.0 1172847.0 1172847.0 1172847.0 0.1176 0.1176 0.1176 41.541 41.541 41.541 
9980000.0 32461.0 1174189.0 1174189.0 1174189.0 0.1177 0.1177 0.1177 42.136 42.136 42.136 
9990000.0 32491.0 1175441.0 1175441.0 1175441.0 0.1177 0.1177 0.1177 41.919 41.919 41.919 
10000000.0 32520.0 1176685.0 1176685.0 1176685.0 0.1177 0.1177 0.1177 41.186 41.186 41.186 
