10000 543 18.164 3556.958 6.412 0.0116 0.0 
20000 1093 18.254 7100.612 6.807 0.0117 0.0 
30000 1635 18.816 10464.915 6.253 0.012 0.0 
40000 2184 18.288 14060.973 6.746 0.0117 0.0 
50000 2733 18.207 17775.347 6.939 0.0117 0.0 
60000 3283 17.899 21512.932 6.898 0.0115 0.0 
70000 3826 18.662 25336.984 7.397 0.012 0.0 
80000 4369 19.069 29239.537 7.586 0.0123 0.0 
90000 4913 18.266 33137.147 7.381 0.0117 0.0 
100000 5460 18.05 37165.235 7.715 0.0116 0.0 
110000 5994 19.258 42067.974 11.889 0.0887 0.0 
120000 6449 22.392 48952.471 16.187 0.1027 0.0 
130000 6911 20.889 56195.225 15.435 0.0969 0.0 
140000 7374 22.317 63627.246 16.724 0.1032 0.0 
150000 7814 24.456 71093.1 18.437 0.1133 0.0 
160000 8183 33.241 78603.939 24.776 0.1542 0.0 
170000 8405 49.607 85853.159 34.531 0.2318 0.0 
180000 8529 79.286 91633.277 44.255 0.3671 0.0 
190000 8587 155.224 97349.923 88.689 0.721 0.0 
200000 8666 129.618 105159.414 96.353 0.6009 0.0 
210000 8732 143.685 113304.249 115.004 0.666 0.0 
220000 8809 131.336 121737.677 109.428 0.61 0.0 
230000 8883 138.139 130051.473 114.111 0.6448 0.0 
240000 8952 141.023 138340.817 116.909 0.666 0.0 
250000 9023 141.137 146821.408 119.213 0.6597 0.0 
260000 9086 167.284 155004.089 134.35 0.7791 0.0 
270000 9116 253.777 162308.967 191.347 1.1822 0.0 
280000 9139 319.999 169536.6 236.172 1.4934 0.0 
290000 9159 380.17 176701.117 277.187 1.7718 0.0 
300000 9181 402.338 183732.337 288.893 1.8725 0.0 
310000 9206 401.61 190471.846 282.362 1.8673 0.0 
320000 9231 405.32 197054.517 276.446 1.88 0.0 
330000 9247 462.806 203803.368 314.448 2.1464 0.0 
340000 9262 521.651 210416.421 351.286 2.4131 0.0 
350000 9273 594.614 217404.887 405.073 2.7481 0.0 
360000 9283 668.18 224516.773 460.454 3.0848 0.0 
370000 9293 728.879 231540.627 504.893 3.3666 0.0 
380000 9304 765.696 238660.947 534.164 3.5315 0.0 
390000 9314 806.589 245862.561 566.609 3.7153 0.0 
400000 9325 828.714 253224.67 588.081 3.8162 0.0 
410000 9335 860.047 260430.798 612.295 3.9568 0.0 
420000 9346 865.309 267484.709 614.495 3.9839 0.0 
430000 9361 814.057 274624.513 579.168 3.7461 0.0 
440000 9374 796.537 282073.699 572.582 3.6671 0.0 
450000 9386 812.925 289509.641 588.812 3.7395 0.0 
460000 9396 841.973 296993.16 614.113 3.8704 0.0 
470000 9406 867.547 304158.683 630.613 3.9868 0.0 
480000 9419 841.258 311164.175 606.399 3.8697 0.0 
490000 9439 731.22 317697.007 515.446 3.3636 0.0 
500000 9457 690.27 324759.885 487.476 3.1711 0.0 
510000 9467 745.608 331137.56 514.032 3.4251 0.0 
520000 9477 792.143 338137.776 547.819 3.6375 0.0 
530000 9490 787.431 345167.317 546.438 3.6147 0.0 
540000 9502 793.533 353029.681 567.634 3.6387 0.0 
550000 9514 786.761 361326.683 580.917 3.6061 0.0 
560000 9526 811.584 369546.302 616.22 3.7211 0.0 
570000 9536 846.05 377769.759 654.148 3.8777 0.0 
580000 9546 874.212 386106.964 687.477 4.0061 0.0 
590000 9557 865.038 393708.529 676.437 3.969 0.0 
600000 9575 778.549 401505.784 607.337 3.5741 0.0 
610000 9589 756.752 408810.136 581.911 3.475 0.0 
620000 9604 742.646 416889.424 577.338 3.4136 0.0 
630000 9616 765.13 425542.219 611.321 3.5161 0.0 
640000 9627 796.872 433818.193 641.612 3.6625 0.0 
650000 9639 794.925 442329.921 645.829 3.6557 0.0 
660000 9651 795.623 451194.943 659.269 3.6611 0.0 
670000 9666 756.234 460250.262 642.978 3.4789 0.0 
680000 9682 724.149 468340.252 605.84 3.3344 0.0 
690000 9694 753.571 475852.869 615.32 3.4701 0.0 
700000 9704 798.65 482920.775 632.015 3.6738 0.0 
710000 9714 832.47 490819.433 658.101 3.8294 0.0 
720000 9727 821.535 497102.147 619.87 3.7818 0.0 
730000 9740 805.548 504888.016 610.824 3.7124 0.0 
740000 9757 748.971 512709.725 573.97 3.4447 0.0 
750000 9773 713.607 519573.144 533.289 3.2845 0.0 
760000 9788 700.791 528286.39 545.285 3.2341 0.0 
770000 9799 747.748 537564.638 610.555 3.4542 0.0 
780000 9810 778.207 544352.276 607.98 3.5926 0.0 
790000 9820 815.071 551835.895 632.444 3.7597 0.0 
800000 9831 834.435 558838.156 633.269 3.8429 0.0 
810000 9846 796.288 566507.008 605.184 3.6698 0.0 
820000 9874 618.297 575302.379 489.509 2.8491 0.0 
830000 9889 629.952 584013.847 515.038 2.9044 0.0 
840000 9903 648.482 592896.366 542.09 2.9951 0.0 
850000 9923 594.958 601666.224 502.901 2.7494 0.0 
860000 9938 600.704 609392.949 497.901 2.7765 0.0 
870000 9953 617.609 617340.458 502.009 2.848 0.0 
880000 9984 502.271 624413.357 394.332 2.318 0.0 
890000 9999 544.127 632410.272 428.977 2.5115 0.0 
900000 10022 495.727 640305.095 391.262 2.2878 0.0 
910000 10041 510.673 648753.175 411.951 2.3492 0.0 
920000 10055 552.505 657117.455 451.295 2.542 0.0 
930000 10066 623.486 664995.757 503.222 2.8746 0.0 
940000 10078 679.737 673359.318 555.049 3.1357 0.0 
950000 10088 727.219 681681.518 596.438 3.3527 0.0 
960000 10105 688.054 690810.604 580.314 3.1701 0.0 
970000 10120 689.279 698500.471 568.015 3.1786 0.0 
980000 10135 671.909 705714.996 536.697 3.0975 0.0 
990000 10150 665.951 712084.728 506.915 3.07 0.0 
1000000 10164 686.256 719676.196 516.861 3.1586 0.0 
1010000 10182 636.238 727667.98 489.821 2.9328 0.0 
1020000 10207 540.314 734992.943 410.67 2.4898 0.0 
1030000 10225 555.059 742437.864 418.351 2.5583 0.0 
1040000 10236 623.027 750236.658 472.71 2.866 0.0 
1050000 10247 682.026 759158.385 543.987 3.1335 0.0 
1060000 10259 709.237 766973.372 558.867 3.259 0.0 
1070000 10270 750.277 777450.746 638.949 3.4425 0.0 
1080000 10282 773.403 787396.756 684.062 3.5554 0.0 
1090000 10297 732.189 796286.49 645.795 3.3639 0.0 
1100000 10317 655.905 804709.547 575.021 3.0206 0.0 
1110000 10342 542.029 812138.406 457.815 2.4965 0.0 
1120000 10362 528.544 818133.913 405.003 2.4394 0.0 
1130000 10389 450.517 824308.056 324.143 2.0781 0.0 
1140000 10414 440.042 831934.78 325.623 2.0352 0.0 
1150000 10432 456.945 840092.963 348.649 2.1168 0.0 
1160000 10448 519.035 849158.977 422.842 2.3934 0.0 
1170000 10459 596.454 859917.459 532.521 2.7446 0.0 
1180000 10473 613.505 869661.777 558.562 2.8236 0.0 
1190000 10489 621.669 878190.337 560.143 2.8582 0.0 
1200000 10500 687.04 886564.433 606.14 3.1667 0.0 
1210000 10523 586.758 892597.055 473.355 2.7059 0.0 
1220000 10547 518.493 898931.128 390.46 2.394 0.0 
1230000 10566 512.088 904557.876 356.086 2.3713 0.0 
1240000 10587 496.232 910496.112 330.048 2.299 0.0 
1250000 10605 515.819 917029.38 340.961 2.3863 0.0 
1260000 10617 584.191 924087.556 393.525 2.6968 0.0 
1270000 10627 660.253 930658.862 439.864 3.0432 0.0 
1280000 10637 722.402 937444.855 486.225 3.3336 0.0 
1290000 10647 773.183 947748.395 584.572 3.5662 0.0 
1300000 10659 787.825 958498.35 654.665 3.6297 0.0 
1310000 10669 814.319 968432.721 703.962 3.7486 0.0 
1320000 10679 848.285 979137.229 771.715 3.9064 0.0 
1330000 10694 812.568 990102.582 773.365 3.7378 0.0 
1340000 10710 753.942 1000399.386 729.512 3.4649 0.0 
1350000 10726 715.985 1010979.157 705.782 3.2919 0.0 
1360000 10746 636.348 1022429.953 650.53 2.9282 0.0 
1370000 10757 696.036 1035063.952 758.384 3.2006 0.0 
1380000 10768 742.553 1047838.011 843.169 3.4118 0.0 
1390000 10779 768.775 1060748.689 900.937 3.5337 0.0 
1400000 10791 783.94 1073026.995 929.31 3.6067 0.0 
1410000 10805 765.212 1085530.832 919.504 3.521 0.0 
1420000 10815 802.942 1099580.022 1001.418 3.7015 0.0 
1430000 10827 817.474 1112792.89 1033.417 3.7696 0.0 
1440000 10838 826.731 1125553.285 1046.036 3.8131 0.0 
1450000 10852 803.739 1138213.73 1017.091 3.7064 0.0 
1460000 10862 831.87 1151685.473 1068.594 3.8428 0.0 
1470000 10873 844.604 1165238.376 1096.944 3.9042 0.0 
1480000 10887 823.693 1177658.017 1060.509 3.8051 0.0 
1490000 10901 790.475 1190414.656 1014.942 3.6462 0.0 
1500000 10915 771.701 1203596.336 996.841 3.5601 0.0 
1510000 10930 747.297 1217723.521 987.25 3.4427 0.0 
1520000 10943 741.434 1230676.468 975.819 3.4109 0.0 
1530000 10959 708.833 1244538.757 942.875 3.2622 0.0 
1540000 10970 748.831 1258823.455 1015.775 3.4459 0.0 
1550000 10982 775.427 1272575.386 1054.297 3.5689 0.0 
1560000 10994 791.608 1286618.324 1086.147 3.6425 0.0 
1570000 11008 757.515 1298978.416 1023.857 3.486 0.0 
1580000 11023 741.534 1312452.189 995.79 3.416 0.0 
1590000 11035 763.855 1324808.068 1005.936 3.5179 0.0 
1600000 11051 716.784 1338038.641 952.664 3.2999 0.0 
1610000 11061 768.592 1351940.53 1023.836 3.5334 0.0 
1620000 11071 810.923 1366653.0 1105.555 3.7333 0.0 
1630000 11082 830.08 1381019.708 1145.667 3.8253 0.0 
1640000 11093 850.523 1394509.091 1167.463 3.9219 0.0 
1650000 11103 877.866 1409223.456 1222.3 4.0482 0.0 
1660000 11113 896.492 1423453.335 1253.117 4.1363 0.0 
1670000 11123 915.427 1439204.201 1310.911 4.2277 0.0 
1680000 11133 926.941 1454503.653 1345.12 4.2719 0.0 
1690000 11144 935.149 1470236.299 1381.118 4.3094 0.0 
1700000 11155 920.011 1485379.658 1365.223 4.2376 0.0 
1710000 11168 899.705 1500194.675 1337.167 4.1399 0.0 
1720000 11181 861.286 1512991.516 1248.363 3.9655 0.0 
1730000 11193 850.832 1525228.152 1185.218 3.9209 0.0 
1740000 11207 813.003 1538501.445 1127.065 3.7473 0.0 
1750000 11221 786.805 1549954.962 1050.445 3.6275 0.0 
1760000 11237 746.079 1561583.312 965.209 3.4414 0.0 
1770000 11250 742.878 1571157.901 902.467 3.4281 0.0 
1780000 11261 775.013 1584072.078 951.366 3.5741 0.0 
1790000 11278 725.858 1596432.954 894.457 3.346 0.0 
1800000 11300 629.85 1610431.102 804.826 2.909 0.0 
1810000 11311 687.809 1624163.397 897.871 3.1812 0.0 
1820000 11326 677.161 1637165.81 882.31 3.1267 0.0 
1830000 11338 705.612 1648834.39 897.506 3.2613 0.0 
1840000 11359 629.241 1657187.383 729.426 2.9117 0.0 
1850000 11371 674.33 1671034.21 820.733 3.1224 0.0 
1860000 11386 678.409 1683361.056 829.523 3.1415 0.0 
1870000 11401 674.865 1698499.707 876.104 3.1234 0.0 
1880000 11414 685.831 1711053.262 883.087 3.1699 0.0 
1890000 11427 698.197 1723334.842 877.586 3.2221 0.0 
1900000 11453 564.759 1736256.877 721.698 2.6069 0.0 
1910000 11469 590.878 1745118.839 680.587 2.7321 0.0 
1920000 11484 604.428 1753485.782 638.302 2.7998 0.0 
1930000 11504 573.12 1762245.33 577.653 2.656 0.0 
1940000 11521 581.933 1771176.612 567.756 2.6952 0.0 
1950000 11540 565.003 1778002.71 502.687 2.6217 0.0 
1960000 11554 588.703 1785324.538 483.114 2.7369 0.0 
1970000 11590 457.786 1794708.0 400.301 2.1265 0.0 
1980000 11611 450.648 1804929.023 411.962 2.0892 0.0 
1990000 11627 497.845 1815147.571 479.022 2.3076 0.0 
2000000 11657 424.713 1825951.356 425.353 1.963 0.0 
2010000 11698 326.199 1835227.225 311.958 1.5086 0.0 
2020000 11710 437.752 1847550.146 468.21 2.0214 0.0 
2030000 11722 526.019 1861620.575 624.123 2.4291 0.0 
2040000 11732 596.817 1874725.8 727.138 2.7547 0.0 
2050000 11742 670.571 1887905.496 836.253 3.0942 0.0 
2060000 11752 730.832 1901521.272 933.966 3.3763 0.0 
2070000 11763 778.369 1914239.369 992.362 3.5978 0.0 
2080000 11774 806.463 1926445.91 1017.667 3.7282 0.0 
2090000 11784 841.867 1939713.224 1074.635 3.8874 0.0 
2100000 11794 870.793 1954057.289 1140.673 4.0208 0.0 
2110000 11804 894.429 1968369.717 1193.307 4.1302 0.0 
2120000 11815 899.455 1982585.329 1215.416 4.1529 0.0 
2130000 11825 903.621 1996876.569 1233.288 4.1693 0.0 
2140000 11836 913.362 2008511.946 1213.467 4.2183 0.0 
2150000 11847 917.392 2021059.521 1206.148 4.2379 0.0 
2160000 11858 916.914 2032806.826 1180.497 4.2343 0.0 
2170000 11868 932.113 2046450.882 1214.679 4.3071 0.0 
2180000 11878 944.531 2060577.155 1249.888 4.3683 0.0 
2190000 11888 954.678 2075276.048 1289.059 4.4176 0.0 
2200000 11898 953.045 2090620.425 1318.265 4.4084 0.0 
2210000 11916 840.962 2101879.49 1120.019 3.8937 0.0 
2220000 11933 771.334 2115316.788 1026.735 3.5719 0.0 
2230000 11959 622.563 2130533.354 861.259 2.8777 0.0 
2240000 11979 588.52 2146981.698 859.299 2.7181 0.0 
2250000 11994 598.179 2162803.276 892.328 2.7662 0.0 
2260000 12021 511.97 2175620.493 732.988 2.3695 0.0 
2270000 12044 477.865 2186705.5 632.38 2.2098 0.0 
2280000 12067 462.844 2197995.991 577.371 2.1407 0.0 
2290000 12104 356.769 2207239.218 403.971 1.6558 0.0 
2300000 12137 336.0 2219220.911 393.429 1.5521 0.0 
2310000 12154 402.748 2233593.162 516.214 1.8597 0.0 
2320000 12165 509.299 2248823.657 700.699 2.3556 0.0 
2330000 12177 588.127 2260935.515 781.662 2.7198 0.0 
2340000 12191 616.738 2275152.943 836.584 2.8542 0.0 
2350000 12204 651.144 2289849.121 902.236 3.0163 0.0 
2360000 12214 714.96 2304767.325 1009.311 3.3033 0.0 
2370000 12226 733.256 2319125.013 1038.953 3.3891 0.0 
2380000 12239 752.232 2334454.257 1089.127 3.4719 0.0 
2390000 12250 775.131 2350618.836 1150.867 3.5762 0.0 
2400000 12263 777.67 2365049.371 1146.655 3.5892 0.0 
2410000 12281 704.313 2379100.976 1027.534 3.2539 0.0 
2420000 12299 665.41 2391628.256 935.658 3.0794 0.0 
2430000 12309 709.784 2403556.511 969.215 3.2849 0.0 
2440000 12324 698.079 2412177.777 859.482 3.2388 0.0 
2450000 12348 596.024 2422107.061 695.514 2.7628 0.0 
2460000 12364 600.087 2434857.927 718.231 2.7812 0.0 
2470000 12382 585.21 2449070.269 738.842 2.7064 0.0 
2480000 12410 492.371 2461996.083 626.255 2.2702 0.0 
2490000 12428 509.712 2476928.043 685.612 2.3439 0.0 
2500000 12448 499.96 2491660.874 690.728 2.3029 0.0 
2510000 12471 466.059 2504419.87 628.495 2.1508 0.0 
2520000 12491 469.029 2517175.531 617.588 2.1673 0.0 
2530000 12524 392.459 2529350.911 502.788 1.8161 0.0 
2540000 12553 377.34 2544080.594 515.391 1.7461 0.0 
2550000 12574 401.456 2558183.6 553.952 1.8538 0.0 
2560000 12588 478.315 2572357.329 666.41 2.2063 0.0 
2570000 12603 528.077 2588694.167 775.496 2.4313 0.0 
2580000 12616 582.888 2604375.153 874.318 2.6828 0.0 
2590000 12639 522.5 2619376.732 783.327 2.4103 0.0 
2600000 12659 518.661 2634217.767 777.198 2.3978 0.0 
2610000 12676 535.753 2649795.579 811.481 2.4785 0.0 
2620000 12688 588.97 2665322.501 899.175 2.7232 0.0 
2630000 12700 639.942 2680790.393 977.531 2.958 0.0 
2640000 12714 668.012 2695983.002 1021.501 3.0898 0.0 
2650000 12727 694.836 2710199.738 1043.15 3.2127 0.0 
2660000 12738 727.085 2723392.245 1060.468 3.3775 0.0 
2670000 12750 756.17 2736628.989 1077.692 3.5122 0.0 
2680000 12761 780.644 2751074.21 1114.395 3.6178 0.0 
2690000 12772 810.677 2766711.473 1183.635 3.752 0.0 
2700000 12787 773.768 2781637.835 1135.602 3.5772 0.0 
2710000 12803 720.977 2795714.498 1047.197 3.3255 0.0 
2720000 12833 544.655 2809183.567 774.89 2.5177 0.0 
2730000 12872 384.285 2821072.382 515.803 1.7746 0.0 
2740000 12915 292.758 2833513.743 379.764 1.3593 0.0 
2750000 12941 325.377 2848646.274 457.258 1.5046 0.0 
2760000 12973 317.234 2861886.021 434.476 1.4662 0.0 
2770000 13001 325.448 2875526.258 445.483 1.5062 0.0 
2780000 13020 397.537 2888359.699 530.705 1.8423 0.0 
2790000 13039 426.317 2900082.836 543.57 1.9739 0.0 
2800000 13076 340.15 2911851.887 420.494 1.5765 0.0 
2810000 13101 365.052 2924643.657 458.262 1.6873 0.0 
2820000 13135 321.733 2937427.589 407.131 1.4804 0.0 
2830000 13162 347.721 2951215.904 458.418 1.5998 0.0 
2840000 13176 439.458 2966155.589 612.11 2.0193 0.0 
2850000 13187 535.194 2982615.9 791.248 2.4666 0.0 
2860000 13197 616.549 2997047.433 904.098 2.8516 0.0 
2870000 13213 615.488 3013436.767 932.961 2.8437 0.0 
2880000 13237 535.426 3028205.768 803.349 2.4699 0.0 
2890000 13261 502.589 3041671.762 729.857 2.3226 0.0 
2900000 13273 567.755 3054158.565 788.258 2.6274 0.0 
2910000 13292 555.504 3067149.368 755.667 2.5684 0.0 
2920000 13315 508.779 3079861.51 675.996 2.3504 0.0 
2930000 13336 481.134 3093224.583 639.158 2.2224 0.0 
2940000 13365 419.201 3106310.392 552.748 1.9423 0.0 
2950000 13400 353.425 3117160.969 435.138 1.639 0.0 
2960000 13427 367.49 3130812.58 476.648 1.699 0.0 
2970000 13441 450.831 3144156.137 590.756 2.0815 0.0 
2980000 13455 513.433 3156694.028 662.779 2.3677 0.0 
2990000 13465 593.705 3171035.268 791.007 2.7344 0.0 
3000000 13480 617.382 3185638.285 850.28 2.8439 0.0 
3010000 13496 629.855 3198697.653 852.547 2.9039 0.0 
3020000 13512 628.767 3212408.531 854.456 2.902 0.0 
3030000 13532 583.648 3226345.519 798.685 2.691 0.0 
3040000 13570 423.947 3239302.661 571.844 1.9569 0.0 
3050000 13583 506.692 3254831.917 720.109 2.3402 0.0 
3060000 13594 579.714 3269209.538 825.597 2.6816 0.0 
3070000 13604 648.921 3283539.706 925.621 3.0023 0.0 
3080000 13617 684.008 3296888.44 961.33 3.1672 0.0 
3090000 13629 706.179 3311534.177 1000.647 3.2639 0.0 
3100000 13641 739.132 3326400.92 1061.034 3.4152 0.0 
3110000 13653 769.078 3339925.433 1089.394 3.5563 0.0 
3120000 13668 736.326 3352298.32 1011.833 3.4039 0.0 
3130000 13694 588.146 3363032.358 761.404 2.7262 0.0 
3140000 13711 585.296 3373843.027 722.369 2.7062 0.0 
3150000 13738 494.847 3385545.996 599.785 2.2919 0.0 
3160000 13753 538.612 3393624.574 581.303 2.499 0.0 
3170000 13778 484.899 3405520.573 542.322 2.2454 0.0 
3180000 13793 532.495 3415648.965 575.66 2.4657 0.0 
3190000 13815 509.62 3428166.146 579.89 2.3561 0.0 
3200000 13837 488.853 3440982.899 581.576 2.2571 0.0 
3210000 13861 464.135 3453070.182 556.909 2.1478 0.0 
3220000 13877 512.316 3466465.632 639.988 2.3708 0.0 
3230000 13898 497.724 3480401.965 644.46 2.3061 0.0 
3240000 13922 458.807 3493084.839 590.577 2.1318 0.0 
3250000 13944 470.254 3505931.682 605.751 2.1836 0.0 
3260000 13960 499.703 3519569.209 654.178 2.3133 0.0 
3270000 13981 493.391 3533396.024 658.135 2.2763 0.0 
3280000 13996 543.575 3547396.562 735.614 2.5079 0.0 
3290000 14020 488.746 3561442.841 669.381 2.2548 0.0 
3300000 14033 548.469 3575624.88 757.256 2.5358 0.0 
3310000 14044 623.157 3590445.08 881.635 2.8825 0.0 
3320000 14060 621.444 3605473.171 893.697 2.8709 0.0 
3330000 14079 588.897 3619028.875 833.238 2.7247 0.0 
3340000 14105 518.285 3632316.522 719.173 2.4008 0.0 
3350000 14120 553.099 3645589.081 757.36 2.5605 0.0 
3360000 14136 572.181 3658643.355 772.294 2.65 0.0 
3370000 14148 634.623 3672290.625 859.793 2.9423 0.0 
3380000 14160 668.29 3686210.802 911.677 3.0953 0.0 
3390000 14171 707.561 3700432.127 974.833 3.2771 0.0 
3400000 14188 684.511 3713672.157 931.944 3.1673 0.0 
3410000 14207 638.496 3721663.582 768.76 2.9582 0.0 
3420000 14238 488.254 3729184.992 527.007 2.2613 0.0 
3430000 14267 411.634 3741013.496 460.44 1.9083 0.0 
3440000 14296 395.714 3753996.665 475.291 1.8385 0.0 
3450000 14308 488.645 3765085.354 570.302 2.264 0.0 
3460000 14322 538.953 3774081.381 581.802 2.4995 0.0 
3470000 14342 525.891 3781378.796 509.342 2.4468 0.0 
3480000 14360 539.324 3795225.475 595.918 2.503 0.0 
3490000 14377 548.4 3810120.374 669.9 2.5433 0.0 
3500000 14395 557.275 3824915.951 726.885 2.585 0.0 
3510000 14416 532.206 3839513.196 721.752 2.4674 0.0 
3520000 14431 559.43 3853777.216 769.991 2.5924 0.0 
3530000 14452 538.627 3868655.782 762.186 2.4939 0.0 
3540000 14474 498.471 3882645.623 701.501 2.3017 0.0 
3550000 14494 500.789 3897121.571 711.271 2.3088 0.0 
3560000 14522 418.268 3909008.3 562.198 1.9339 0.0 
3570000 14547 413.783 3923238.769 568.984 1.912 0.0 
3580000 14570 419.651 3936133.444 563.152 1.9437 0.0 
3590000 14605 352.817 3947444.72 443.86 1.6276 0.0 
3600000 14628 384.196 3961005.886 499.435 1.7769 0.0 
3610000 14645 442.499 3976135.009 612.442 2.0468 0.0 
3620000 14663 477.028 3990701.895 674.131 2.2067 0.0 
3630000 14677 536.404 4006314.183 782.228 2.485 0.0 
3640000 14692 561.753 4022154.56 839.684 2.605 0.0 
3650000 14712 543.061 4037537.602 819.063 2.5148 0.0 
3660000 14732 521.585 4052346.731 782.572 2.4184 0.0 
3670000 14755 490.349 4067043.956 729.331 2.2759 0.0 
3680000 14775 497.773 4081288.85 731.462 2.3077 0.0 
3690000 14801 454.805 4095473.323 662.646 2.1034 0.0 
3700000 14824 438.11 4109453.417 627.74 2.0228 0.0 
3710000 14869 286.112 4120784.27 378.858 1.3233 0.0 
3720000 14918 242.571 4131940.218 290.378 1.1192 0.0 
3730000 14960 241.544 4142476.665 269.292 1.1167 0.0 
3740000 14997 249.165 4155269.149 298.535 1.154 0.0 
3750000 15020 320.504 4169142.555 414.938 1.4923 0.0 
3760000 15046 337.586 4181915.941 442.906 1.5653 0.0 
3770000 15071 364.303 4194803.559 465.038 1.6905 0.0 
3780000 15105 326.378 4207332.636 410.427 1.5155 0.0 
3790000 15151 258.99 4219169.368 314.398 1.1968 0.0 
3800000 15199 228.029 4231685.825 280.223 1.0547 0.0 
3810000 15233 275.645 4243322.626 328.163 1.2788 0.0 
3820000 15259 319.261 4255303.206 379.431 1.4744 0.0 
3830000 15283 348.833 4265627.091 389.072 1.6202 0.0 
3840000 15317 324.004 4275514.551 343.963 1.5025 0.0 
3850000 15339 363.127 4287247.355 401.649 1.679 0.0 
3860000 15356 435.08 4301344.822 535.451 2.015 0.0 
3870000 15372 484.78 4315136.723 626.095 2.2493 0.0 
3880000 15393 488.053 4330523.579 672.37 2.2661 0.0 
3890000 15415 463.717 4344879.665 644.837 2.1514 0.0 
3900000 15436 483.77 4360089.977 697.836 2.2404 0.0 
3910000 15460 464.88 4375370.028 686.839 2.15 0.0 
3920000 15472 533.906 4390978.125 802.416 2.4681 0.0 
3930000 15485 590.622 4407730.09 917.118 2.7283 0.0 
3940000 15498 639.186 4423859.318 1006.502 2.9497 0.0 
3950000 15516 609.144 4439057.324 948.072 2.8096 0.0 
3960000 15533 599.36 4452946.068 913.771 2.7633 0.0 
3970000 15550 594.5 4467896.753 896.165 2.743 0.0 
3980000 15580 491.718 4482470.706 733.276 2.2739 0.0 
3990000 15600 488.553 4496181.338 709.212 2.255 0.0 
4000000 15619 499.395 4510732.796 725.289 2.3061 0.0 
4010000 15641 492.05 4524643.618 704.239 2.27 0.0 
4020000 15674 383.647 4538539.13 540.561 1.772 0.0 
4030000 15724 278.868 4552471.57 394.746 1.2909 0.0 
4040000 15772 230.89 4567757.55 339.795 1.0709 0.0 
4050000 15805 264.36 4583317.473 401.332 1.222 0.0 
4060000 15840 274.959 4598422.36 417.326 1.2705 0.0 
4070000 15872 289.896 4613377.82 436.347 1.3424 0.0 
4080000 15916 259.759 4628094.701 389.102 1.2066 0.0 
4090000 15955 257.36 4642536.307 375.156 1.1935 0.0 
4100000 15989 272.722 4657721.386 405.384 1.2632 0.0 
4110000 16018 308.673 4671991.986 449.078 1.4294 0.0 
4120000 16045 333.057 4686875.001 489.07 1.5461 0.0 
4130000 16066 375.81 4700283.816 538.591 1.7457 0.0 
4140000 16104 318.436 4711521.708 406.707 1.4802 0.0 
4150000 16146 271.439 4724054.583 338.416 1.2632 0.0 
4160000 16185 259.778 4735158.362 305.815 1.2064 0.0 
4170000 16209 314.57 4746910.749 362.659 1.4587 0.0 
4180000 16239 329.488 4760279.217 409.654 1.5223 0.0 
4190000 16269 323.352 4773156.117 408.103 1.4982 0.0 
4200000 16288 384.55 4787200.091 507.525 1.7782 0.0 
4210000 16304 456.115 4801592.723 623.5 2.1091 0.0 
4220000 16325 455.38 4815850.896 631.867 2.1063 0.0 
4230000 16343 495.28 4830551.401 701.924 2.2911 0.0 
4240000 16364 487.952 4842720.12 658.75 2.2549 0.0 
4250000 16383 498.303 4856754.805 680.379 2.3036 0.0 
4260000 16412 423.48 4870028.298 573.768 1.9581 0.0 
4270000 16428 487.608 4884720.327 684.265 2.2542 0.0 
4280000 16453 440.247 4900343.766 638.396 2.033 0.0 
4290000 16469 502.588 4916115.531 755.486 2.3278 0.0 
4300000 16484 545.188 4931849.713 830.866 2.5238 0.0 
4310000 16499 571.959 4947319.062 877.228 2.6485 0.0 
4320000 16514 595.786 4962801.625 914.58 2.7577 0.0 
4330000 16532 590.762 4977672.842 898.886 2.7313 0.0 
4340000 16548 599.948 4992880.607 914.692 2.7728 0.0 
4350000 16567 577.54 5009126.578 896.932 2.6645 0.0 
4360000 16599 440.52 5023980.619 672.845 2.0321 0.0 
4370000 16625 414.978 5037612.649 602.007 1.9198 0.0 
4380000 16658 360.938 5050306.376 500.188 1.6716 0.0 
4390000 16727 197.777 5061833.741 249.429 0.9125 0.0 
4400000 16776 202.513 5074475.958 256.272 0.9347 0.0 
4410000 16821 204.397 5087456.903 258.741 0.9469 0.0 
4420000 16852 268.839 5101051.207 355.929 1.2422 0.0 
4430000 16874 324.48 5110476.425 371.266 1.507 0.0 
4440000 16911 305.733 5119991.538 321.34 1.4197 0.0 
4450000 16938 323.323 5128769.712 319.286 1.5015 0.0 
4460000 16971 304.08 5139658.057 313.681 1.4116 0.0 
4470000 16995 347.944 5151098.546 376.905 1.6195 0.0 
4480000 17030 319.823 5161200.753 336.704 1.4864 0.0 
4490000 17059 334.922 5169700.892 320.851 1.5539 0.0 
4500000 17089 326.512 5180099.874 328.423 1.5173 0.0 
4510000 17120 329.884 5192004.164 355.185 1.5364 0.0 
4520000 17137 401.417 5202001.216 415.889 1.8713 0.0 
4530000 17154 460.384 5215073.491 526.002 2.1415 0.0 
4540000 17183 396.191 5228660.575 485.915 1.8386 0.0 
4550000 17213 370.607 5241719.805 465.229 1.7258 0.0 
4560000 17246 339.636 5253767.001 423.361 1.5807 0.0 
4570000 17269 376.697 5267926.076 501.379 1.7566 0.0 
4580000 17286 428.987 5280599.368 552.78 1.9977 0.0 
4590000 17309 438.731 5289794.967 508.114 2.0407 0.0 
4600000 17334 419.199 5300681.822 479.048 1.953 0.0 
4610000 17353 453.109 5309435.182 473.372 2.1179 0.0 
4620000 17384 381.337 5316907.44 348.95 1.7838 0.0 
4630000 17436 272.239 5325047.199 240.222 1.2707 0.0 
4640000 17483 221.5 5334034.908 197.329 1.0378 0.0 
4650000 17543 178.923 5342647.965 149.943 0.8352 0.0 
4660000 17598 167.962 5349155.013 128.682 0.7846 0.0 
4670000 17629 243.002 5354555.117 149.655 1.1334 0.0 
4680000 17650 327.259 5361409.727 212.131 1.5236 0.0 
4690000 17662 439.816 5366693.204 264.204 2.052 0.0 
4700000 17673 532.223 5371962.236 306.107 2.4814 0.0 
4710000 17719 358.897 5376829.743 195.237 1.6757 0.0 
4720000 17741 402.492 5381614.152 208.977 1.8763 0.0 
4730000 17761 422.658 5386512.839 214.956 1.9726 0.0 
4740000 17788 393.85 5391879.738 203.89 1.8405 0.0 
4750000 17808 440.491 5397410.964 234.97 2.0573 0.0 
4760000 17821 499.335 5403134.963 273.991 2.3292 0.0 
4770000 17845 468.036 5408847.019 260.418 2.1827 0.0 
4780000 17858 537.062 5414684.646 302.482 2.5035 0.0 
4790000 17872 585.8 5420593.12 333.566 2.7273 0.0 
4800000 17888 595.663 5426645.501 346.224 2.7742 0.0 
4810000 17915 494.191 5432310.272 284.852 2.3036 0.0 
4820000 17981 233.181 5437596.572 129.428 1.0869 0.0 
4830000 18012 273.854 5443617.783 159.67 1.2739 0.0 
4840000 18048 270.207 5450896.778 175.349 1.2554 0.0 
4850000 18082 288.428 5457623.871 191.481 1.3429 0.0 
4860000 18149 188.827 5464145.771 123.954 0.8814 0.0 
4870000 18182 260.784 5469900.967 156.309 1.2189 0.0 
4880000 18215 269.208 5475403.286 155.053 1.2569 0.0 
4890000 18242 322.198 5481177.821 186.853 1.5126 0.0 
4900000 18260 387.848 5487514.844 233.514 1.8231 0.0 
4910000 18282 403.723 5493619.724 244.499 1.8998 0.0 
4920000 18305 414.473 5500931.811 272.022 1.949 0.0 
4930000 18347 295.342 5505782.32 173.585 1.386 0.0 
4940000 18419 207.479 5512635.519 142.076 0.9653 0.0 
4950000 18458 236.728 5523655.29 219.379 1.0957 0.0 
4960000 18491 258.364 5532051.369 227.954 1.1975 0.0 
4970000 18548 202.277 5537467.252 137.633 0.9403 0.0 
4980000 18579 265.66 5547140.719 228.76 1.2288 0.0 
4990000 18618 262.744 5558579.119 267.628 1.2215 0.0 
5000000 18640 323.766 5569779.967 342.894 1.5038 0.0 
5010000 18670 324.611 5578882.151 321.35 1.5086 0.0 
5020000 18694 362.214 5587104.336 327.079 1.6877 0.0 
5030000 18715 409.36 5595019.272 351.354 1.913 0.0 
5040000 18729 484.183 5604389.808 428.583 2.2598 0.0 
5050000 18744 531.855 5615756.74 515.828 2.4723 0.0 
5060000 18756 601.759 5627717.593 624.866 2.792 0.0 
5070000 18777 553.131 5639153.107 588.642 2.5688 0.0 
5080000 18794 562.431 5651464.997 627.094 2.6225 0.0 
5090000 18812 556.583 5664180.776 646.619 2.5866 0.0 
5100000 18826 596.92 5678460.514 740.594 2.7701 0.0 
5110000 18849 530.964 5693271.743 694.541 2.4636 0.0 
5120000 18878 448.495 5704189.764 553.006 2.0811 0.0 
5130000 18908 395.746 5715243.901 466.393 1.8353 0.0 
5140000 18935 389.243 5722849.431 386.882 1.8024 0.0 
5150000 18950 457.95 5727889.638 373.374 2.1251 0.0 
5160000 18976 426.657 5732460.427 290.864 1.9912 0.0 
5170000 19004 393.59 5736164.605 220.979 1.8373 0.0 
5180000 19064 242.112 5739109.809 99.606 1.1311 0.0 
5190000 19081 332.891 5743163.26 136.182 1.5517 0.0 
5200000 19092 449.884 5747896.872 194.805 2.1007 0.0 
5210000 19107 522.724 5752409.984 230.256 2.4453 0.0 
5220000 19223 108.541 5753470.173 28.521 0.5076 0.0 
5230000 19440 63.994 5752526.159 -2.517 0.2977 0.0 
5240000 19503 125.859 5754635.115 21.458 0.5865 0.0 
5250000 19540 206.62 5757933.123 61.509 0.9624 0.0 
5260000 19579 230.873 5762683.407 92.364 1.0785 0.0 
5270000 19601 300.26 5767324.584 129.449 1.4044 0.0 
5280000 19620 379.715 5771399.476 158.488 1.7774 0.0 
5290000 19632 477.045 5774752.786 184.111 2.2316 0.0 
5300000 19642 557.986 5778899.934 219.376 2.6098 0.0 
5310000 19654 625.688 5783683.62 262.475 2.9216 0.0 
5320000 19693 393.387 5788162.338 167.294 1.8317 0.0 
5330000 19753 237.27 5793259.596 111.002 1.1065 0.0 
5340000 19765 366.432 5799028.198 190.841 1.7098 0.0 
5350000 19784 414.985 5804714.357 224.069 1.9402 0.0 
5360000 19852 215.696 5809579.122 110.764 1.0058 0.0 
5370000 19885 254.732 5814866.043 132.232 1.1888 0.0 
5380000 19919 276.402 5820067.66 143.257 1.2936 0.0 
5390000 19954 280.166 5824869.37 139.322 1.3107 0.0 
5400000 20007 231.029 5830242.799 121.082 1.078 0.0 
5410000 20032 279.911 5835670.979 148.265 1.307 0.0 
5420000 20070 283.183 5840182.006 138.198 1.323 0.0 
5430000 20088 377.361 5845386.228 189.886 1.7615 0.0 
5440000 20100 477.411 5852209.682 272.886 2.2268 0.0 
5450000 20123 460.214 5857037.64 249.291 2.1458 0.0 
5460000 20137 519.891 5862327.745 276.407 2.4251 0.0 
5470000 20152 554.565 5868841.937 315.139 2.5845 0.0 
5480000 20189 402.476 5874732.909 231.889 1.8712 0.0 
5490000 20206 454.758 5880091.723 258.661 2.1145 0.0 
5500000 20221 515.694 5883520.924 251.971 2.4023 0.0 
5510000 20240 522.903 5887662.73 243.043 2.4445 0.0 
5520000 20251 591.427 5892483.575 277.685 2.7616 0.0 
5530000 20265 625.835 5897615.512 301.468 2.8945 0.0 
5540000 20276 678.095 5903327.54 341.528 3.1048 0.0 
5550000 20290 682.753 5908687.305 347.843 3.1136 0.0 
5560000 20301 726.513 5914476.932 384.257 3.3402 0.0 
5570000 20315 729.38 5919446.901 380.273 3.3757 0.0 
5580000 20329 728.69 5924091.395 368.8 3.3846 0.0 
5590000 20345 693.989 5929061.235 348.348 3.2376 0.0 
5600000 20363 667.454 5933488.574 326.138 3.1132 0.0 
5610000 20376 686.576 5937493.327 320.927 3.2126 0.0 
5620000 20389 696.647 5941015.027 303.749 3.2641 0.0 
5630000 20409 631.852 5945569.52 278.482 2.9663 0.0 
5640000 20430 573.438 5950201.738 255.043 2.6992 0.0 
5650000 20441 642.797 5954573.692 284.185 3.0248 0.0 
5660000 20453 690.09 5959598.024 316.354 3.2475 0.0 
5670000 20464 735.139 5964633.245 345.379 3.467 0.0 
5680000 20479 715.045 5969243.801 334.52 3.3715 0.0 
5690000 20498 644.011 5973640.126 296.357 3.0333 0.0 
5700000 20527 504.082 5977878.176 224.879 2.3766 0.0 
5710000 20547 500.643 5982300.886 223.925 2.3602 0.0 
5720000 20598 337.205 5986752.865 152.461 1.5873 0.0 
5730000 20649 267.45 5991068.982 118.874 1.2634 0.0 
5740000 20661 390.929 5996281.681 187.899 1.8503 0.0 
5750000 20674 475.484 6001395.072 234.152 2.2525 0.0 
5760000 20691 503.699 6006287.661 247.477 2.3868 0.0 
5770000 20704 574.576 6011635.522 290.246 2.7213 0.0 
5780000 20715 640.083 6016578.228 321.473 3.0272 0.0 
5790000 20775 288.791 6020292.39 130.649 1.3653 0.0 
5800000 20791 382.01 6024070.752 159.12 1.8132 0.0 
5810000 20830 283.959 6027286.599 105.098 1.3488 0.0 
5820000 20867 291.994 6030758.658 104.119 1.3798 0.0 
5830000 20894 322.459 6032393.355 87.499 1.5276 0.0 
5840000 20905 430.966 6032993.968 71.342 2.0297 0.0 
5850000 20921 497.484 6036210.418 113.8 2.3342 0.0 
5860000 20937 537.595 6039632.775 143.677 2.5263 0.0 
5870000 20948 614.949 6042795.1 173.087 2.8947 0.0 
5880000 20958 685.385 6046218.71 204.392 3.2319 0.0 
5890000 20975 646.09 6050941.723 220.981 3.0492 0.0 
5900000 20986 703.181 6054770.078 250.532 3.32 0.0 
5910000 21002 670.548 6057205.572 219.045 3.1666 0.0 
5920000 21018 665.737 6060624.215 219.419 3.1454 0.0 
5930000 21031 685.84 6063913.875 225.555 3.236 0.0 
5940000 21043 709.382 6067246.998 234.001 3.3442 0.0 
5950000 21060 681.601 6070670.324 227.081 3.208 0.0 
5960000 21071 725.314 6074440.644 249.328 3.4119 0.0 
5970000 21083 748.072 6078159.612 262.335 3.7057 0.0 
5980000 21094 778.96 6082053.945 280.021 3.8148 0.0 
5990000 21109 748.164 6085834.73 273.18 3.6327 0.0 
6000000 21122 752.579 6088171.571 249.601 3.6259 0.0 
6010000 21138 723.013 6092407.319 255.299 3.4707 0.0 
6020000 21148 773.681 6095807.49 270.984 3.7008 0.0 
6030000 21160 781.217 6100755.381 297.264 3.7262 0.0 
6040000 21171 814.075 6106487.39 346.369 3.8715 0.0 
6050000 21184 805.779 6110886.928 344.843 3.8267 0.0 
6060000 21196 809.744 6115493.875 352.663 3.8409 0.0 
6070000 21209 799.629 6120395.097 357.757 3.7867 0.0 
6080000 21220 821.007 6125915.128 387.605 3.8842 0.0 
6090000 21235 773.176 6131561.644 380.53 3.6522 0.0 
6100000 21247 793.133 6136489.305 389.497 3.7433 0.0 
6110000 21260 779.111 6141459.473 383.106 3.6741 0.0 
6120000 21273 782.14 6146850.935 393.963 3.69 0.0 
6130000 21283 821.992 6152444.462 423.221 3.8747 0.0 
6140000 21298 772.28 6156608.712 382.693 3.6423 0.0 
6150000 21319 668.15 6161067.736 322.36 3.1519 0.0 
6160000 21340 595.977 6165618.509 282.934 2.812 0.0 
6170000 21357 603.206 6169564.906 272.622 2.856 0.0 
6180000 21374 595.675 6172759.668 246.942 2.8188 0.0 
6190000 21405 458.692 6176587.421 186.058 2.17 0.0 
6200000 21417 532.429 6180692.576 217.294 2.52 0.0 
6210000 21428 606.509 6185282.933 255.313 2.8746 0.0 
6220000 21440 655.886 6189726.781 279.959 3.1104 0.0 
6230000 21452 699.004 6194922.203 315.722 3.3108 0.0 
6240000 21463 737.062 6200165.189 346.048 3.4876 0.0 
6250000 21486 624.231 6204965.282 294.738 2.9493 0.0 
6260000 21510 539.862 6209362.764 249.581 2.5539 0.0 
6270000 21524 566.146 6213734.654 258.651 2.6827 0.0 
6280000 21536 641.61 6218258.494 291.843 3.0502 0.0 
6290000 21552 629.259 6222735.244 284.862 2.9882 0.0 
6300000 21569 606.794 6227316.963 275.027 2.8799 0.0 
6310000 21580 667.096 6231778.785 301.528 3.1633 0.0 
6320000 21594 684.246 6236247.252 308.466 3.2481 0.0 
6330000 21622 541.252 6241436.859 254.045 2.5614 0.0 
6340000 21672 331.866 6245173.772 145.535 1.569 0.0 
6350000 21695 366.156 6250123.409 168.653 1.7275 0.0 
6360000 21712 438.217 6255022.869 207.913 2.0711 0.0 
6370000 21730 469.009 6260021.71 227.39 2.2173 0.0 
6380000 21745 512.188 6264733.263 245.892 2.4277 0.0 
6390000 21767 503.117 6269260.286 236.729 2.3851 0.0 
6400000 21778 574.829 6274210.946 274.698 2.7224 0.0 
6410000 21792 605.11 6279265.421 292.584 2.8634 0.0 
6420000 21812 563.441 6284289.68 276.159 2.6597 0.0 
6430000 21841 472.999 6288216.212 217.79 2.2332 0.0 
6440000 21861 479.997 6292307.831 211.616 2.2657 0.0 
6450000 21893 394.587 6296356.385 168.347 1.8648 0.0 
6460000 21944 256.013 6300443.269 106.277 1.2102 0.0 
6470000 22000 214.408 6304508.514 88.091 1.0171 0.0 
6480000 22032 266.741 6308993.335 115.182 1.2632 0.0 
6490000 22043 402.331 6312638.163 160.567 1.9097 0.0 
6500000 22054 491.418 6316712.443 195.956 2.3331 0.0 
6510000 22073 507.631 6322325.97 229.535 2.4064 0.0 
6520000 22097 471.572 6327386.48 220.367 2.2294 0.0 
6530000 22121 452.804 6331570.044 203.359 2.1441 0.0 
6540000 22138 494.1 6335962.393 221.056 2.3439 0.0 
6550000 22149 577.471 6341360.593 275.199 2.7387 0.0 
6560000 22162 619.169 6346788.924 306.379 2.9369 0.0 
6570000 22173 672.853 6351428.932 328.057 3.1929 0.0 
6580000 22186 690.44 6356538.395 338.619 3.2838 0.0 
6590000 22198 725.24 6361652.403 361.36 3.4434 0.0 
6600000 22210 743.609 6366484.213 366.719 3.53 0.0 
6610000 22222 768.528 6371683.777 383.635 3.6512 0.0 
6620000 22236 757.21 6377443.392 391.185 3.5961 0.0 
6630000 22248 773.142 6383583.111 416.641 3.6761 0.0 
6640000 22258 811.932 6388971.548 437.496 3.8573 0.0 
6650000 22271 800.703 6394341.443 430.866 3.8012 0.0 
6660000 22299 612.312 6399556.347 327.123 2.9079 0.0 
6670000 22318 576.101 6404767.109 305.453 2.7332 0.0 
6680000 22330 620.928 6409729.942 323.722 2.9477 0.0 
6690000 22344 651.254 6414823.248 337.338 3.0941 0.0 
6700000 22360 632.078 6419461.856 320.113 3.0017 0.0 
6710000 22374 659.776 6423531.066 316.275 3.1265 0.0 
6720000 22413 434.764 6426891.678 188.782 2.066 0.0 
6730000 22425 533.315 6431872.298 244.526 2.5321 0.0 
6740000 22437 587.086 6436313.65 265.517 2.7881 0.0 
6750000 22450 627.512 6441440.172 294.49 2.9834 0.0 
6760000 22460 695.651 6446576.075 334.339 3.3065 0.0 
6770000 22481 608.224 6451726.855 297.505 2.8953 0.0 
6780000 22494 645.059 6456325.694 311.186 3.0727 0.0 
6790000 22506 691.812 6461326.865 337.1 3.2929 0.0 
6800000 22529 598.818 6464734.251 269.062 2.8465 0.0 
6810000 22544 606.512 6469213.457 271.981 2.8782 0.0 
6820000 22576 453.011 6473196.427 197.1 2.1505 0.0 
6830000 22607 373.979 6477397.396 160.314 1.7765 0.0 
6840000 22665 231.909 6481550.429 100.296 1.1027 0.0 
6850000 22678 362.085 6486582.556 169.304 1.7184 0.0 
6860000 22688 473.657 6491412.5 224.273 2.2459 0.0 
6870000 22700 553.342 6496176.416 261.44 2.6233 0.0 
6880000 22720 544.461 6501071.838 261.611 2.5767 0.0 
6890000 22737 557.039 6506568.36 279.265 2.6333 0.0 
6900000 22751 599.53 6511224.916 294.947 2.8372 0.0 
6910000 22762 662.058 6516261.485 326.965 3.1328 0.0 
6920000 22773 709.006 6521350.689 354.263 3.3574 0.0 
6930000 22787 707.33 6526981.656 363.687 3.3553 0.0 
6940000 22802 699.043 6532650.589 368.584 3.3138 0.0 
6950000 22816 703.5 6537691.442 366.925 3.3398 0.0 
6960000 22828 732.393 6542493.053 374.329 3.4815 0.0 
6970000 22840 747.862 6547778.495 384.765 3.5528 0.0 
6980000 22853 741.171 6553218.471 389.914 3.5213 0.0 
6990000 22873 686.605 6558191.306 353.771 3.2638 0.0 
7000000 22883 737.825 6563410.923 381.393 3.505 0.0 
7010000 22934 378.146 6569266.427 203.863 1.7934 0.0 
7020000 22947 461.475 6574007.52 237.105 2.1857 0.0 
7030000 22959 547.13 6579939.705 295.089 2.5893 0.0 
7040000 22971 608.692 6584509.584 314.036 2.8861 0.0 
7050000 22993 561.238 6589325.346 284.072 2.6638 0.0 
7060000 23005 622.666 6594547.677 317.711 2.9533 0.0 
7070000 23015 691.691 6600619.613 370.566 3.2786 0.0 
7080000 23025 748.089 6606502.479 410.265 3.5408 0.0 
7090000 23036 765.243 6611991.267 420.39 3.6274 0.0 
7100000 23047 796.401 6617025.955 428.536 3.7711 0.0 
7110000 23060 790.511 6622268.738 422.809 3.7469 0.0 
7120000 23085 638.398 6626989.296 331.527 3.0202 0.0 
7130000 23100 646.201 6632313.859 337.255 3.0621 0.0 
7140000 23110 710.921 6638113.506 382.36 3.3748 0.0 
7150000 23302 74.679 6640296.678 19.991 0.355 0.0 
7160000 23369 121.476 6644724.982 48.146 0.5795 0.0 
7170000 23437 156.814 6648528.315 62.068 0.7444 0.0 
7180000 23529 95.14 6652235.348 32.947 0.452 0.0 
7190000 23559 209.596 6656863.42 91.574 0.9995 0.0 
7200000 23583 277.153 6661137.478 118.256 1.3208 0.0 
7210000 23604 351.882 6665867.406 158.853 1.6707 0.0 
7220000 23624 393.588 6670191.601 173.686 1.8585 0.0 
7230000 23653 372.588 6674657.596 165.186 1.7644 0.0 
7240000 23670 430.343 6679529.525 196.208 2.0358 0.0 
7250000 23683 519.795 6684459.839 245.129 2.4607 0.0 
7260000 23697 557.882 6689746.191 271.764 2.6461 0.0 
7270000 23713 577.609 6695298.974 293.773 2.7354 0.0 
7280000 23724 642.918 6700560.097 330.177 3.0496 0.0 
7290000 23756 469.549 6705252.111 233.974 2.2261 0.0 
7300000 23782 446.831 6710010.635 219.851 2.1235 0.0 
7310000 23795 517.992 6714804.669 252.016 2.4628 0.0 
7320000 23857 257.573 6720225.711 130.746 1.2257 0.0 
7330000 23880 317.416 6725060.287 156.826 1.513 0.0 
7340000 23922 261.307 6729243.58 119.145 1.2443 0.0 
7350000 23935 384.126 6733384.575 167.538 1.8253 0.0 
7360000 23950 446.406 6737850.538 195.685 2.1191 0.0 
7370000 23964 520.825 6742428.705 232.003 2.4757 0.0 
7380000 23999 388.807 6746971.749 174.517 1.8418 0.0 
7390000 24010 493.304 6752149.734 233.656 2.3449 0.0 
7400000 24020 585.993 6757102.964 281.303 2.7811 0.0 
7410000 24045 511.375 6762379.778 253.153 2.4328 0.0 
7420000 24068 493.792 6767700.589 250.005 2.3427 0.0 
7430000 24078 586.391 6773016.138 301.509 2.7782 0.0 
7440000 24088 662.051 6778824.955 352.839 3.1423 0.0 
7450000 24098 723.871 6783881.432 380.869 3.4414 0.0 
7460000 24108 769.287 6788683.375 396.224 3.6568 0.0 
7470000 24118 811.49 6794022.076 421.136 3.8561 0.0 
7480000 24129 828.181 6800202.586 448.146 3.9295 0.0 
7490000 24144 783.326 6805642.997 425.185 3.7182 0.0 
7500000 24157 775.898 6810320.732 407.527 3.6806 0.0 
7510000 24207 438.093 6814807.26 219.943 2.0811 0.0 
7520000 24219 528.92 6819847.753 266.302 2.5125 0.0 
7530000 24235 541.427 6824466.515 265.214 2.5691 0.0 
7540000 24248 594.579 6829095.072 287.208 2.82 0.0 
7550000 24267 586.731 6833465.719 274.877 2.7825 0.0 
7560000 24281 612.348 6838041.614 284.738 2.9006 0.0 
7570000 24294 640.966 6842812.033 299.542 3.0387 0.0 
7580000 24305 698.468 6847762.157 331.559 3.3082 0.0 
7590000 24316 745.973 6852460.204 353.544 3.5375 0.0 
7600000 24327 765.634 6857409.997 366.161 3.6363 0.0 
7610000 24342 740.71 6862279.743 356.043 3.5168 0.0 
7620000 24359 695.777 6866804.111 329.76 3.3033 0.0 
7630000 24383 591.815 6871099.394 272.531 2.8066 0.0 
7640000 24419 431.237 6874218.001 177.188 2.0498 0.0 
7650000 24434 479.447 6878258.363 195.331 2.275 0.0 
7660000 24452 506.664 6882424.918 207.644 2.4082 0.0 
7670000 24462 586.103 6886747.966 242.542 2.7943 0.0 
7680000 24477 613.953 6891463.609 266.527 2.9229 0.0 
7690000 24547 243.187 6895012.987 97.369 1.1547 0.0 
7700000 24693 101.856 6898088.568 33.216 0.4845 0.0 
7710000 24788 88.428 6899833.623 9.753 0.4162 0.0 
7720000 24825 197.81 6903052.671 56.239 0.9379 0.0 
7730000 24862 229.091 6906265.796 68.668 1.0807 0.0 
7740000 25016 72.095 6908319.576 15.27 0.3463 0.0 
7750000 25166 81.564 6910360.969 20.878 0.3894 0.0 
7760000 25204 187.483 6914350.134 70.643 0.888 0.0 
7770000 25253 192.014 6918354.934 74.684 0.9085 0.0 
7780000 25301 207.57 6922469.24 84.862 0.9832 0.0 
7790000 25326 288.842 6927129.959 128.007 1.3683 0.0 
7800000 25359 298.593 6931842.119 136.328 1.4103 0.0 
7810000 25379 364.942 6936578.611 169.696 1.7253 0.0 
7820000 25404 382.893 6941128.439 176.664 1.8086 0.0 
7830000 25426 417.571 6945502.042 189.188 1.9754 0.0 
7840000 25442 464.224 6950230.444 212.7 2.1969 0.0 
7850000 25457 518.359 6954792.997 237.551 2.4521 0.0 
7860000 25485 450.706 6958882.948 199.03 2.1358 0.0 
7870000 25498 533.174 6963483.976 238.691 2.5281 0.0 
7880000 25511 586.771 6968849.991 278.391 2.7851 0.0 
7890000 25533 540.46 6973982.333 262.291 2.5682 0.0 
7900000 25546 587.321 6978743.347 282.646 2.788 0.0 
7910000 25567 546.332 6983891.648 268.473 2.5897 0.0 
7920000 25589 509.361 6989014.013 253.595 2.4098 0.0 
7930000 25603 557.864 6994147.463 280.77 2.6377 0.0 
7940000 25614 625.832 6999665.712 322.852 2.9618 0.0 
7950000 25631 618.194 7004921.073 320.99 2.9232 0.0 
7960000 25643 672.874 7010051.27 348.793 3.1787 0.0 
7970000 25653 732.714 7016012.923 393.759 3.4599 0.0 
7980000 25665 742.203 7021641.55 404.297 3.509 0.0 
7990000 25675 789.361 7027208.843 431.414 3.7315 0.0 
8000000 25685 827.893 7032465.445 450.073 3.9194 0.0 
8010000 25696 851.874 7036937.118 444.483 4.0332 0.0 
8020000 25708 852.879 7042243.489 447.472 4.0377 0.0 
8030000 25719 848.409 7047886.607 451.824 4.0101 0.0 
8040000 25730 869.362 7053286.103 463.919 4.1109 0.0 
8050000 25742 863.335 7058773.137 463.425 4.0813 0.0 
8060000 25773 610.941 7064029.53 326.14 2.8918 0.0 
8070000 25799 513.987 7069313.945 273.583 2.434 0.0 
8080000 25809 602.892 7074761.059 323.923 2.857 0.0 
8090000 25823 632.313 7079925.786 336.003 3.0023 0.0 
8100000 25833 695.684 7085321.567 370.929 3.3026 0.0 
8110000 25845 739.183 7090707.741 395.013 3.5107 0.0 
8120000 25855 786.894 7095595.852 412.444 3.7394 0.0 
8130000 25868 771.447 7100593.131 400.786 3.6738 0.0 
8140000 25880 786.236 7105194.029 397.078 3.741 0.0 
8150000 25894 770.302 7110118.444 386.781 3.6588 0.0 
8160000 25911 724.333 7115580.966 371.61 3.4446 0.0 
8170000 25939 553.623 7120366.349 278.466 2.6344 0.0 
8180000 25966 491.273 7123989.148 222.737 2.3389 0.0 
8190000 25977 558.63 7127511.997 236.03 2.6627 0.0 
8200000 25990 613.228 7130970.771 246.043 2.9188 0.0 
8210000 26004 645.545 7134518.358 249.964 3.068 0.0 
8220000 26022 608.574 7137971.825 228.384 2.8955 0.0 
8230000 26035 651.074 7141735.622 244.684 3.0973 0.0 
8240000 26050 645.204 7145456.535 241.513 3.0747 0.0 
8250000 26071 585.13 7149128.183 218.539 2.7832 0.0 
8260000 26083 629.915 7153264.131 241.758 2.9946 0.0 
8270000 26103 596.873 7156939.949 226.289 2.8406 0.0 
8280000 26116 627.925 7161505.628 250.568 2.9905 0.0 
8290000 26130 657.599 7166599.17 283.0 3.1353 0.0 
8300000 26142 680.096 7171421.165 303.696 3.2372 0.0 
8310000 26156 697.606 7175624.302 304.502 3.3207 0.0 
8320000 26172 685.104 7180232.55 303.87 3.2578 0.0 
8330000 26189 645.388 7185094.097 292.218 3.061 0.0 
8340000 26205 637.36 7189789.349 291.438 3.0229 0.0 
8350000 26228 561.28 7194537.109 259.073 2.663 0.0 
8360000 26295 247.489 7199137.778 112.106 1.175 0.0 
8370000 26318 320.67 7204261.366 155.4 1.5208 0.0 
8380000 26337 380.892 7209601.975 192.712 1.8 0.0 
8390000 26359 405.837 7214957.769 209.757 1.923 0.0 
8400000 26383 401.924 7220013.341 205.132 1.9015 0.0 
8410000 26411 377.563 7225018.971 189.272 1.7884 0.0 
8420000 26458 266.514 7229017.836 120.498 1.2612 0.0 
8430000 26489 292.868 7233845.896 137.046 1.3902 0.0 
8440000 26504 388.39 7238925.358 189.588 1.8426 0.0 
8450000 26526 419.852 7243940.72 207.89 1.9959 0.0 
8460000 26557 371.388 7248254.672 173.793 1.7621 0.0 
8470000 26570 458.132 7253853.698 229.543 2.1761 0.0 
8480000 26584 530.603 7259640.339 281.033 2.5177 0.0 
8490000 26596 596.478 7265695.6 329.327 2.831 0.0 
8500000 26606 670.293 7271617.467 377.687 3.1753 0.0 
8510000 26626 609.52 7275385.504 313.824 2.8871 0.0 
8520000 26649 549.063 7279995.614 273.797 2.6003 0.0 
8530000 26660 619.703 7285576.519 319.821 2.9362 0.0 
8540000 26674 639.281 7290999.872 335.418 3.0304 0.0 
8550000 26692 611.353 7296225.938 318.844 2.8946 0.0 
8560000 26710 596.047 7300879.75 303.735 2.8235 0.0 
8570000 26747 420.463 7305726.44 210.28 1.9911 0.0 
8580000 26772 421.824 7311582.486 225.712 2.0 0.0 
8590000 26782 527.588 7317019.309 284.353 2.51 0.0 
8600000 26797 563.576 7321875.627 294.082 2.6815 0.0 
8610000 26817 542.623 7325680.793 260.737 2.5723 0.0 
8620000 26829 593.407 7330686.748 287.542 2.8201 0.0 
8630000 26843 629.722 7335764.431 309.809 2.9994 0.0 
8640000 26895 323.629 7340828.122 159.139 1.5379 0.0 
8650000 26931 313.944 7343760.15 123.466 1.4865 0.0 
8660000 26946 411.999 7348507.671 176.557 1.9492 0.0 
8670000 26956 519.56 7354012.836 245.04 2.4595 0.0 
8680000 26966 607.446 7359129.999 293.795 2.8836 0.0 
8690000 26976 663.544 7363939.189 319.909 3.1543 0.0 
8700000 26987 714.319 7368974.696 348.313 3.3929 0.0 
8710000 27024 471.47 7372634.495 213.594 2.2351 0.0 
8720000 27078 277.493 7375299.889 101.921 1.3138 0.0 
8730000 27094 386.243 7380855.996 177.015 1.832 0.0 
8740000 27106 476.539 7386145.965 230.098 2.258 0.0 
8750000 27121 525.781 7391446.595 262.583 2.4996 0.0 
8760000 27143 499.093 7396983.977 257.721 2.3739 0.0 
8770000 27194 320.453 7402120.151 167.058 1.5209 0.0 
8780000 27225 316.503 7406257.28 148.952 1.4993 0.0 
8790000 27239 405.988 7411038.658 191.664 1.9237 0.0 
8800000 27256 471.258 7415500.801 218.34 2.2328 0.0 
8810000 27270 529.408 7421169.947 262.491 2.5059 0.0 
8820000 27291 511.327 7426421.251 257.169 2.4196 0.0 
8830000 27337 312.327 7429827.705 135.009 1.4816 0.0 
8840000 27465 105.367 7428867.962 8.094 0.498 0.0 
8850000 27492 209.333 7431882.836 48.068 0.993 0.0 
8860000 27523 282.277 7435954.726 98.267 1.3404 0.0 
8870000 27538 387.799 7440532.168 155.752 1.8405 0.0 
8880000 27552 461.555 7445184.668 194.114 2.1892 0.0 
8890000 27589 367.211 7450106.988 164.305 1.7439 0.0 
8900000 27611 393.692 7454685.848 177.286 1.871 0.0 
8910000 27645 353.681 7458746.6 152.665 1.6827 0.0 
8920000 27669 376.879 7462680.255 155.89 1.7916 0.0 
8930000 27686 438.684 7467630.424 196.077 2.086 0.0 
8940000 27708 439.173 7472329.88 200.183 2.0825 0.0 
8950000 27721 523.582 7477143.043 242.151 2.4862 0.0 
8960000 27732 601.096 7482284.786 288.391 2.8557 0.0 
8970000 27750 575.958 7487505.023 282.283 2.7346 0.0 
8980000 27763 633.021 7492720.663 315.875 3.0073 0.0 
8990000 27774 679.844 7498364.96 349.738 3.2338 0.0 
9000000 27784 730.335 7503246.689 372.119 3.4738 0.0 
9010000 27797 744.292 7507794.194 371.288 3.5411 0.0 
9020000 27820 631.654 7512322.803 306.8 3.0053 0.0 
9030000 27837 621.329 7517804.357 313.733 2.9597 0.0 
9040000 27848 682.246 7522917.619 345.026 3.2565 0.0 
9050000 27858 739.017 7528796.384 389.056 3.5222 0.0 
9060000 27873 714.406 7533874.825 372.089 3.398 0.0 
9070000 27884 750.966 7539096.341 391.142 3.5663 0.0 
9080000 27895 780.243 7543497.739 390.986 3.7085 0.0 
9090000 27910 744.917 7548841.22 378.831 3.5372 0.0 
9100000 27928 685.185 7554148.222 352.336 3.2546 0.0 
9110000 27939 730.657 7559412.135 375.912 3.4691 0.0 
9120000 27955 693.598 7565079.441 365.383 3.2924 0.0 
9130000 27969 708.217 7571315.028 391.117 3.3603 0.0 
9140000 27981 724.709 7577080.631 406.256 3.4338 0.0 
9150000 28012 528.173 7582541.472 292.233 2.4997 0.0 
9160000 28049 412.027 7586799.798 208.235 1.9561 0.0 
9170000 28069 444.771 7590591.049 202.305 2.1141 0.0 
9180000 28080 544.129 7594879.655 242.666 2.5872 0.0 
9190000 28097 553.452 7598708.589 236.035 2.6321 0.0 
9200000 28109 603.36 7602664.65 252.731 2.873 0.0 
9210000 28126 602.013 7607484.899 263.157 2.8635 0.0 
9220000 28153 491.793 7612354.301 221.93 2.3409 0.0 
9230000 28171 502.248 7617720.789 240.775 2.3869 0.0 
9240000 28196 472.869 7621977.8 218.899 2.2537 0.0 
9250000 28217 470.549 7627235.514 229.065 2.241 0.0 
9260000 28236 488.964 7631992.227 236.081 2.3337 0.0 
9270000 28331 150.341 7634110.096 46.054 0.7153 0.0 
9280000 28358 236.256 7638063.352 84.096 1.121 0.0 
9290000 28418 177.277 7640587.903 48.754 0.8396 0.0 
9300000 28462 217.081 7643556.705 65.234 1.0311 0.0 
9310000 28479 323.23 7648225.994 124.294 1.5342 0.0 
9320000 28495 413.86 7653501.983 185.353 1.9614 0.0 
9330000 28512 448.06 7658546.983 207.633 2.1231 0.0 
9340000 28536 451.618 7663604.767 219.821 2.1384 0.0 
9350000 28547 528.068 7669753.904 277.823 2.497 0.0 
9360000 28563 563.504 7674982.323 296.869 2.6665 0.0 
9370000 28592 465.183 7679624.408 236.547 2.2087 0.0 
9380000 28609 498.888 7684558.771 251.336 2.3714 0.0 
9390000 28626 527.826 7688605.891 248.139 2.5114 0.0 
9400000 28642 554.002 7693594.612 265.396 2.6439 0.0 
9410000 28678 404.629 7698654.21 198.352 1.9303 0.0 
9420000 28720 318.56 7703511.897 154.659 1.5159 0.0 
9430000 28731 438.075 7707896.724 205.412 2.0849 0.0 
9440000 28743 528.221 7712246.446 241.382 2.5115 0.0 
9450000 28761 530.285 7716093.27 232.049 2.5253 0.0 
9460000 28775 577.057 7720166.577 246.763 2.7482 0.0 
9470000 28786 638.252 7725744.935 294.477 3.0374 0.0 
9480000 28805 605.17 7730810.083 288.221 2.8817 0.0 
9490000 28821 608.779 7735262.443 284.513 2.9025 0.0 
9500000 28838 599.709 7739341.432 269.398 2.8588 0.0 
9510000 28850 652.316 7744425.795 302.853 3.1035 0.0 
9520000 28861 703.998 7749463.735 335.304 3.3469 0.0 
9530000 28874 720.061 7754070.152 339.852 3.4191 0.0 
9540000 28889 714.819 7758479.444 331.464 3.392 0.0 
9550000 28900 748.477 7763330.235 350.062 3.5485 0.0 
9560000 28940 473.298 7768693.866 230.721 2.2434 0.0 
9570000 28973 394.886 7773764.168 197.658 1.8756 0.0 
9580000 28985 481.524 7778561.315 236.04 2.283 0.0 
9590000 28997 560.891 7783935.843 283.324 2.6644 0.0 
9600000 29020 501.699 7788889.568 250.843 2.3817 0.0 
9610000 29063 345.834 7792177.347 148.893 1.6406 0.0 
9620000 29077 416.389 7795776.203 167.55 1.9773 0.0 
9630000 29096 452.928 7800117.315 187.249 2.1484 0.0 
9640000 29108 542.265 7804359.734 226.335 2.576 0.0 
9650000 29123 571.666 7809061.694 246.63 2.7217 0.0 
9660000 29133 647.162 7814060.379 291.214 3.0768 0.0 
9670000 29149 639.685 7818913.141 294.275 3.046 0.0 
9680000 29177 514.574 7822844.993 224.9 2.4498 0.0 
9690000 29230 295.968 7826530.518 122.858 1.4052 0.0 
9700000 29270 271.589 7830566.358 108.865 1.2863 0.0 
9710000 29283 377.565 7835022.676 159.001 1.7924 0.0 
9720000 29314 356.689 7839838.005 158.447 1.699 0.0 
9730000 29383 190.502 7843679.909 77.389 0.906 0.0 
9740000 29437 190.907 7847477.986 74.793 0.909 0.0 
9750000 29462 273.023 7851904.269 114.86 1.3009 0.0 
9760000 29485 327.163 7856748.938 146.503 1.5606 0.0 
9770000 29517 317.643 7861054.699 139.768 1.5155 0.0 
9780000 29529 430.687 7865957.949 198.229 2.0559 0.0 
9790000 29551 447.386 7870652.237 207.947 2.1358 0.0 
9800000 29871 27.164 7870828.888 3.458 0.1291 0.0 
9810000 30243 24.749 7873523.891 5.696 0.1179 0.0 
9820000 30438 75.844 7875739.203 14.583 0.3604 0.0 
9830000 30551 95.7 7877897.3 24.508 0.4534 0.0 
9840000 30589 205.462 7882045.968 79.913 0.9797 0.0 
9850000 30662 134.936 7885338.519 45.124 0.6406 0.0 
9860000 30756 131.444 7888370.208 44.066 0.6283 0.0 
9870000 30798 188.248 7892402.878 71.496 0.8983 0.0 
9880000 30843 203.515 7895572.258 66.822 0.9711 0.0 
9890000 30924 131.576 7896860.315 23.31 0.6234 0.0 
9900000 30958 212.47 7900742.849 67.689 1.0117 0.0 
9910000 30982 290.487 7905846.643 122.566 1.3882 0.0 
9920000 31011 313.385 7910946.84 146.394 1.4979 0.0 
9930000 31038 342.875 7915544.719 159.396 1.636 0.0 
9940000 31058 398.04 7920672.993 192.942 1.8981 0.0 
9950000 31071 474.844 7925032.49 221.357 2.258 0.0 
9960000 31085 527.819 7929101.846 237.045 2.5084 0.0 
9970000 31097 601.858 7933822.438 271.889 2.8625 0.0 
9980000 31112 624.367 7939149.504 297.919 2.9658 0.0 
9990000 31129 607.153 7944375.835 297.728 2.8834 0.0 
10000000 31141 652.014 7949416.945 321.118 3.0959 0.0 
