10000 61 113.62 417.0 4.585 0.1894 52.9777 
20000 123 148.453 839.0 6.325 1.0291 75.1175 
30000 182 162.145 1273.0 6.889 2.0916 84.1774 
40000 243 163.341 1680.0 6.626 2.3799 83.7911 
50000 305 162.078 2086.0 6.722 2.4395 79.7063 
60000 370 158.106 2502.0 6.652 2.4012 76.4613 
70000 437 150.04 2936.0 6.26 2.2802 71.8371 
80000 498 159.131 3385.0 7.006 2.4242 84.6936 
90000 552 172.425 3827.0 7.498 2.6204 91.6917 
100000 615 161.559 4321.0 7.576 2.4527 87.1815 
110000 675 165.823 4789.0 7.621 2.5274 86.6865 
120000 729 172.812 5309.0 8.419 2.7076 108.8999 
130000 794 163.587 5775.0 7.875 2.6061 94.4539 
140000 855 161.57 6280.0 7.863 2.5838 89.5799 
150000 919 158.388 6778.0 7.97 2.5368 89.2395 
160000 984 155.261 7230.0 7.342 2.4838 82.5644 
170000 1046 159.626 7773.0 8.314 2.5632 96.9097 
180000 1107 161.852 8290.0 8.494 2.5962 95.641 
190000 1166 166.264 8792.0 8.362 2.67 94.9123 
200000 1227 165.328 9301.0 8.366 2.6538 93.8608 
210000 1286 165.217 9829.0 8.601 2.6529 101.1152 
220000 1343 172.563 10364.0 9.186 2.7624 116.6103 
230000 1397 181.552 10903.0 9.964 2.9123 126.8442 
240000 1453 180.184 11428.0 9.486 2.8904 114.2586 
250000 1511 175.714 11976.0 9.636 2.8223 125.1018 
260000 1567 177.645 12516.0 9.702 2.8512 117.1907 
270000 1629 167.976 13075.0 9.57 2.6968 108.6916 
280000 1686 173.458 13658.0 9.974 2.7777 115.7824 
290000 1737 186.313 14272.0 11.085 2.9855 126.8653 
300000 1790 183.239 14834.0 10.456 2.9368 117.6558 
310000 1845 184.643 15382.0 10.151 2.9555 140.7505 
320000 1900 175.709 16012.0 10.399 2.822 134.0914 
330000 1954 184.006 16641.0 11.354 2.9498 147.9899 
340000 2002 200.156 17242.0 12.266 3.2112 163.8287 
350000 2054 193.623 17817.0 11.582 3.1104 143.7041 
360000 2109 187.551 18397.0 10.826 3.0082 132.9394 
370000 2164 186.977 18996.0 10.987 3.0044 135.8896 
380000 2211 203.316 19647.0 12.813 3.2626 153.9409 
390000 2259 205.813 20345.0 14.001 3.3002 172.3455 
400000 2312 192.576 20970.0 12.351 3.0885 152.2194 
410000 2364 195.257 21631.0 12.867 3.1317 151.1438 
420000 2410 203.735 22347.0 14.025 3.2683 212.3643 
430000 2457 204.854 22986.0 13.413 3.2851 174.8129 
440000 2507 208.477 23588.0 13.302 3.3487 159.8462 
450000 2556 200.588 24279.0 13.399 3.2215 171.6298 
460000 2610 191.263 24901.0 12.201 3.0702 201.4203 
470000 2658 203.675 25600.0 14.129 3.2683 199.1166 
480000 2712 191.581 26190.0 12.057 3.0724 169.1459 
490000 2763 194.809 26764.0 11.695 3.1259 147.1212 
500000 2808 209.138 27453.0 13.557 3.3546 171.5837 
510000 2855 212.917 28180.0 14.86 3.4168 188.2886 
520000 2901 216.269 28919.0 15.634 3.4703 229.542 
530000 2943 228.86 29696.0 17.433 3.669 259.0217 
540000 2984 237.979 30421.0 17.539 3.817 257.7483 
550000 3033 216.839 31097.0 15.307 3.4768 214.7488 
560000 3081 209.66 31722.0 13.893 3.3572 188.8807 
570000 3126 218.94 32410.0 14.721 3.5073 193.5721 
580000 3168 223.913 33134.0 15.636 3.5856 201.7187 
590000 3218 218.214 33962.0 17.319 3.4948 241.1666 
600000 3264 210.009 34730.0 16.17 3.3677 210.3382 
610000 3307 227.22 35513.0 17.842 3.649 260.8963 
620000 3351 224.408 36338.0 18.389 3.6032 273.7338 
630000 3397 218.904 37195.0 18.369 3.5129 259.4557 
640000 3446 206.469 38035.0 17.406 3.3097 227.3647 
650000 3491 218.207 38890.0 18.495 3.5035 238.3513 
660000 3538 216.336 39650.0 16.861 3.4719 238.4763 
670000 3580 231.085 40472.0 18.452 3.7097 248.2976 
680000 3624 230.93 41309.0 18.932 3.7031 281.636 
690000 3662 246.602 42145.0 20.503 3.9513 319.4339 
700000 3703 244.962 42988.0 20.285 3.9295 308.9379 
710000 3747 232.742 43783.0 18.805 3.7332 269.2878 
720000 3790 229.506 44634.0 19.339 3.6784 272.9179 
730000 3831 235.153 45424.0 19.111 3.7705 292.4935 
740000 3867 257.564 46269.0 21.449 4.1338 312.0734 
750000 3910 246.549 47098.0 20.498 3.9518 312.1135 
760000 3955 231.743 47888.0 18.385 3.7154 259.9061 
770000 4000 226.322 48756.0 19.106 3.6258 256.861 
780000 4040 241.735 49621.0 20.643 3.867 271.1342 
790000 4087 225.661 50575.0 20.805 3.6101 295.0676 
800000 4131 228.29 51453.0 20.655 3.6531 312.5588 
810000 4172 238.388 52290.0 20.546 3.8098 292.1584 
820000 4212 245.352 53193.0 21.552 3.9315 306.4621 
830000 4248 256.227 54079.0 22.32 4.1064 321.1641 
840000 4289 251.442 55029.0 23.257 4.0197 325.7496 
850000 4327 256.86 55906.0 23.208 4.1062 348.3576 
860000 4365 256.323 56826.0 23.087 4.1037 331.9104 
870000 4404 257.549 57704.0 23.003 4.1349 345.0122 
880000 4443 254.394 58632.0 22.824 4.0821 354.5969 
890000 4485 241.617 59569.0 22.089 3.8747 346.1874 
900000 4525 251.397 60412.0 22.088 4.0329 316.2906 
910000 4570 232.376 61307.0 20.65 3.7312 292.9882 
920000 4610 241.618 62250.0 22.372 3.8762 335.3402 
930000 4653 234.846 63147.0 21.638 3.7639 311.8124 
940000 4699 225.157 64070.0 20.788 3.6009 287.8928 
950000 4737 239.79 65018.0 22.207 3.8467 323.9733 
960000 4779 241.351 66019.0 23.371 3.8699 329.5502 
970000 4824 233.194 66947.0 22.252 3.7466 326.273 
980000 4862 251.54 67859.0 23.418 4.0334 359.4559 
990000 4900 251.953 68799.0 23.047 4.0408 362.7705 
1000000 4936 267.01 69621.0 23.459 4.2833 363.8977 
1010000 4978 252.474 70569.0 23.087 4.055 355.8373 
1020000 5017 254.011 71471.0 23.331 4.0767 375.5359 
1030000 5057 250.391 72501.0 24.554 4.015 351.8754 
1040000 5099 242.86 73540.0 24.662 3.8858 364.9379 
1050000 5138 249.712 74600.0 25.849 3.9951 371.1396 
1060000 5179 243.956 75677.0 26.038 3.9088 349.6547 
1070000 5226 223.321 76656.0 22.759 3.5804 315.1823 
1080000 5268 226.199 77717.0 23.395 3.6287 326.165 
1090000 5307 241.204 78774.0 25.091 3.8707 334.6886 
1100000 5350 241.91 79870.0 26.134 3.8825 341.5082 
1110000 5391 244.862 80943.0 26.251 3.9214 401.9484 
1120000 5434 234.154 82068.0 25.938 3.7544 366.7257 
1130000 5477 232.887 83047.0 24.413 3.7372 331.2659 
1140000 5517 241.073 84088.0 25.217 3.8731 322.4652 
1150000 5553 257.555 85073.0 25.709 4.1358 329.1069 
1160000 5594 252.229 86138.0 26.35 4.0498 359.0509 
1170000 5633 257.19 87238.0 27.739 4.1211 385.2523 
1180000 5673 251.058 88367.0 27.39 4.0239 378.4294 
1190000 5714 246.378 89400.0 26.604 3.9462 362.7629 
1200000 5752 250.348 90412.0 26.25 4.0211 345.232 
1210000 5788 264.718 91449.0 27.087 4.2489 357.9213 
1220000 5823 272.211 92506.0 28.275 4.3645 362.6224 
1230000 5863 261.896 93562.0 27.793 4.2055 370.754 
1240000 5898 270.416 94553.0 27.267 4.3438 351.1703 
1250000 5939 256.226 95686.0 27.773 4.1202 369.3498 
1260000 5979 250.878 96785.0 26.985 4.0261 358.4752 
1270000 6024 233.283 97930.0 26.177 3.7466 343.1624 
1280000 6063 246.473 98924.0 26.105 3.9594 352.2137 
1290000 6103 248.371 100029.0 26.853 3.9863 361.8671 
1300000 6141 253.971 101075.0 26.368 4.0751 353.158 
1310000 6178 265.306 102113.0 28.044 4.2485 374.8068 
1320000 6213 267.802 103159.0 27.69 4.2894 368.7076 
1330000 6251 266.465 104144.0 27.778 4.2676 363.8033 
1340000 6292 260.539 105260.0 27.592 4.1746 371.0964 
1350000 6331 257.437 106388.0 28.366 4.1279 393.9035 
1360000 6369 256.018 107446.0 27.396 4.1035 391.6528 
1370000 6409 252.381 108456.0 26.466 4.044 377.7601 
1380000 6450 247.471 109560.0 26.185 3.9689 392.4634 
1390000 6491 251.12 110681.0 27.683 4.0257 388.5001 
1400000 6529 262.545 111674.0 27.272 4.2047 390.8315 
1410000 6567 258.645 112676.0 26.377 4.1491 381.2114 
1420000 6604 263.382 113783.0 28.474 4.2191 391.6581 
1430000 6648 240.115 114911.0 26.813 3.8421 360.707 
1440000 6688 246.79 116041.0 27.538 3.9563 355.0099 
1450000 6728 247.903 117052.0 26.122 3.9737 376.8323 
1460000 6772 239.06 118256.0 27.414 3.8272 381.079 
1470000 6810 252.642 119294.0 26.905 4.0468 374.887 
1480000 6850 250.237 120362.0 26.799 4.0184 371.4096 
1490000 6893 239.118 121410.0 25.469 3.8394 361.2713 
1500000 6930 257.042 122437.0 26.946 4.125 380.3806 
1510000 6967 265.145 123500.0 28.087 4.2553 378.0425 
1520000 7008 252.338 124546.0 26.709 4.0512 389.0328 
1530000 7048 253.016 125713.0 28.419 4.0578 380.3251 
1540000 7086 259.319 126796.0 28.525 4.1549 406.4919 
1550000 7124 261.932 127902.0 29.133 4.1959 424.797 
1560000 7163 258.534 129019.0 28.876 4.1433 421.3045 
1570000 7203 252.165 130145.0 28.158 4.0426 377.4788 
1580000 7242 248.513 131311.0 28.345 3.9846 376.5662 
1590000 7278 266.187 132369.0 28.848 4.2656 406.2155 
1600000 7317 261.576 133493.0 29.168 4.1922 448.8917 
1610000 7358 251.485 134686.0 29.42 4.0314 420.0681 
1620000 7392 271.37 135757.0 30.351 4.348 463.8814 
1630000 7431 261.243 136924.0 29.416 4.1825 445.9758 
1640000 7466 278.957 138029.0 31.313 4.47 444.5324 
1650000 7506 259.431 139179.0 29.314 4.1601 418.0231 
1660000 7545 246.474 140305.0 27.495 3.9526 397.4908 
1670000 7585 258.001 141266.0 26.814 4.1335 380.3771 
1680000 7625 251.45 142349.0 26.918 4.0346 380.5381 
1690000 7662 258.482 143381.0 26.689 4.1486 367.4827 
1700000 7703 248.565 144519.0 27.494 3.9919 377.8976 
1710000 7737 271.509 145615.0 29.526 4.3519 445.2151 
1720000 7775 265.428 146695.0 29.245 4.2543 431.1189 
1730000 7811 280.483 147768.0 30.263 4.4945 425.2409 
1740000 7851 258.965 148847.0 27.465 4.1495 402.667 
1750000 7891 255.018 149944.0 27.834 4.0807 371.4798 
1760000 7929 256.6 150987.0 27.363 4.1064 377.6298 
1770000 7968 253.132 152062.0 27.043 4.0545 386.0637 
1780000 8002 274.879 153079.0 28.81 4.3959 393.4481 
1790000 8037 276.789 154037.0 28.042 4.4323 382.0189 
1800000 8072 279.229 155142.0 29.83 4.4719 415.0504 
1810000 8109 268.01 156181.0 27.991 4.2939 419.6566 
1820000 8147 266.217 157224.0 27.752 4.2596 389.2509 
1830000 8187 254.014 158138.0 24.455 4.0693 334.826 
1840000 8227 254.67 159173.0 25.745 4.0707 360.8956 
1850000 8267 247.454 160195.0 25.108 3.9603 341.0732 
1860000 8304 256.717 161247.0 26.169 4.1158 369.1756 
1870000 8341 263.158 162351.0 28.463 4.2246 415.9542 
1880000 8377 275.657 163416.0 29.468 4.4226 431.8274 
1890000 8413 279.29 164544.0 30.764 4.477 444.9943 
1900000 8455 253.516 165558.0 26.723 4.0625 407.3449 
1910000 8495 249.19 166694.0 27.856 3.9948 383.5394 
1920000 8531 263.521 167783.0 29.02 4.2279 407.5043 
1930000 8568 266.21 168986.0 30.524 4.2689 449.7526 
1940000 8602 284.302 170137.0 32.733 4.5605 481.9919 
1950000 8643 254.8 171367.0 30.079 4.0855 416.2538 
1960000 8679 272.875 172387.0 30.136 4.3753 413.9152 
1970000 8716 268.596 173526.0 30.059 4.3048 416.4751 
1980000 8753 269.973 174619.0 29.765 4.3268 424.6136 
1990000 8791 269.559 175679.0 29.115 4.3201 444.3169 
2000000 8829 269.311 176794.0 29.342 4.3137 420.8058 
2010000 8866 270.959 177919.0 30.106 4.3426 419.692 
2020000 8901 277.321 178981.0 29.823 4.441 425.7364 
2030000 8938 275.246 180088.0 30.5 4.4145 447.0681 
2040000 8975 269.572 181166.0 29.768 4.3282 442.6378 
2050000 9010 280.927 182249.0 30.743 4.5086 438.781 
2060000 9044 287.326 183292.0 31.093 4.6082 474.8229 
2070000 9081 276.998 184330.0 28.813 4.4428 451.5176 
2080000 9117 275.511 185393.0 28.757 4.42 428.2679 
2090000 9156 263.975 186493.0 28.666 4.2338 436.7504 
2100000 9195 257.87 187507.0 26.826 4.1385 406.5757 
2110000 9238 239.722 188592.0 25.936 3.8443 382.97 
2120000 9278 241.924 189660.0 25.888 3.8723 377.9706 
2130000 9313 264.881 190760.0 28.92 4.2393 388.0199 
2140000 9356 250.351 191922.0 28.001 4.0098 393.6051 
2150000 9390 268.881 193119.0 31.019 4.3094 456.3375 
2160000 9426 274.536 194271.0 31.686 4.4024 455.5398 
2170000 9463 273.718 195384.0 30.99 4.387 434.3164 
2180000 9502 264.027 196593.0 30.989 4.232 433.5057 
2190000 9537 275.598 197731.0 31.713 4.4115 461.0298 
2200000 9575 270.07 198886.0 31.339 4.3264 472.701 
2210000 9609 275.122 199962.0 30.017 4.4039 431.5652 
2220000 9654 253.097 200973.0 27.095 4.0538 392.1828 
2230000 9695 243.226 202069.0 26.504 3.8983 375.1486 
2240000 9734 249.145 203144.0 26.933 3.9893 387.2795 
2250000 9771 257.556 204239.0 28.052 4.1241 385.8243 
2260000 9804 276.732 205410.0 30.929 4.4325 409.0253 
2270000 9837 291.457 206509.0 32.127 4.6685 462.075 
2280000 9874 278.833 207694.0 32.139 4.4679 468.2012 
2290000 9912 268.999 208815.0 30.452 4.3085 432.9165 
2300000 9950 268.962 209916.0 29.988 4.3111 437.9684 
2310000 9988 270.199 210966.0 29.041 4.3322 486.0189 
2320000 10025 271.605 212095.0 30.087 4.3552 449.7458 
2330000 10061 269.76 213200.0 30.076 4.3224 486.7424 
2340000 10098 267.335 214365.0 29.85 4.2834 484.2303 
2350000 10133 276.852 215447.0 30.847 4.4375 476.7977 
2360000 10169 273.771 216616.0 31.36 4.3844 460.1153 
2370000 10201 294.843 217815.0 34.692 4.7229 493.7619 
2380000 10237 288.146 218911.0 33.009 4.6113 481.2245 
2390000 10271 291.869 220069.0 33.77 4.6707 522.9706 
2400000 10304 294.888 221155.0 33.221 4.7255 512.6644 
2410000 10341 281.281 222297.0 31.744 4.5083 458.8834 
2420000 10376 284.714 223338.0 30.712 4.5614 453.6892 
2430000 10408 299.111 224454.0 32.731 4.7896 498.6343 
2440000 10446 278.889 225572.0 31.005 4.4696 464.8542 
2450000 10479 280.523 226712.0 30.995 4.5015 498.4371 
2460000 10512 295.184 227831.0 33.191 4.7305 550.9574 
2470000 10556 259.201 228841.0 28.128 4.1558 453.8009 
2480000 10590 272.083 229908.0 28.813 4.3586 477.0101 
2490000 10626 279.677 230972.0 29.907 4.4785 470.6178 
2500000 10659 288.581 232076.0 30.969 4.6193 491.8342 
2510000 10696 281.747 233240.0 31.854 4.5103 470.1075 
2520000 10734 269.448 234394.0 30.34 4.3159 427.6651 
2530000 10770 278.209 235482.0 31.191 4.4636 471.6483 
2540000 10803 284.232 236630.0 31.835 4.5552 486.7906 
2550000 10836 294.544 237753.0 32.872 4.7178 467.8062 
2560000 10874 282.063 238885.0 32.049 4.5114 471.3877 
2570000 10911 274.531 239958.0 30.094 4.3956 448.5246 
2580000 10947 271.525 241139.0 30.22 4.3521 440.0101 
2590000 10983 268.057 242252.0 29.875 4.2949 452.8663 
2600000 11018 278.547 243388.0 32.014 4.4615 495.237 
2610000 11053 286.117 244678.0 34.936 4.5796 542.9225 
2620000 11089 281.177 245855.0 33.782 4.4979 550.7665 
2630000 11123 293.904 247023.0 34.732 4.7029 602.4604 
2640000 11160 278.624 248189.0 33.083 4.4596 549.4169 
2650000 11200 263.568 249392.0 31.784 4.2228 538.6893 
2660000 11236 272.422 250580.0 32.418 4.3636 520.4722 
2670000 11276 262.699 251734.0 31.036 4.2078 570.3437 
2680000 11314 264.122 252950.0 31.708 4.2375 560.4307 
2690000 11346 283.926 253984.0 31.425 4.5496 552.0234 
2700000 11381 287.389 255072.0 31.663 4.6008 521.8078 
2710000 11415 290.96 256116.0 30.85 4.6672 511.3382 
2720000 11447 300.331 257279.0 33.35 4.8165 553.4048 
2730000 11481 288.904 258506.0 33.165 4.6305 527.6255 
2740000 11517 282.562 259661.0 32.541 4.5311 527.668 
2750000 11553 283.312 260802.0 32.842 4.5394 520.5767 
2760000 11590 278.242 262010.0 33.179 4.4592 527.9111 
2770000 11626 278.23 263214.0 33.675 4.4609 579.0355 
2780000 11663 273.377 264393.0 32.788 4.3927 546.2297 
2790000 11700 266.93 265473.0 29.943 4.2827 480.4228 
2800000 11736 269.253 266655.0 31.039 4.3204 515.4487 
2810000 11766 298.191 267742.0 33.644 4.7819 535.2347 
2820000 11804 277.437 268913.0 31.828 4.448 509.2675 
2830000 11836 291.914 270101.0 34.347 4.6816 584.53 
2840000 11869 297.12 271341.0 36.001 4.7567 612.6196 
2850000 11904 289.564 272584.0 35.367 4.6357 612.2734 
2860000 11937 297.313 273759.0 35.642 4.7634 664.5714 
2870000 11969 305.49 274868.0 35.221 4.8927 613.3649 
2880000 12001 305.958 276129.0 36.861 4.8975 649.147 
2890000 12035 300.944 277270.0 35.465 4.8248 615.8146 
2900000 12069 289.465 278448.0 33.681 4.6354 545.6071 
2910000 12105 291.542 279604.0 33.931 4.6616 545.304 
2920000 12140 287.403 280853.0 34.752 4.6006 568.0751 
2930000 12176 281.328 282039.0 33.78 4.5051 532.9657 
2940000 12210 286.639 283345.0 35.762 4.5941 570.4502 
2950000 12241 301.759 284543.0 37.068 4.8301 629.0702 
2960000 12273 304.955 285703.0 36.253 4.8752 651.739 
2970000 12305 308.524 286928.0 37.849 4.9336 651.3975 
2980000 12340 299.248 288071.0 35.479 4.7887 571.9906 
2990000 12377 286.104 289172.0 32.526 4.5795 499.6952 
3000000 12417 271.85 290130.0 28.581 4.3552 411.9892 
3010000 12452 270.915 291220.0 28.854 4.3433 439.5046 
3020000 12486 278.46 292395.0 30.838 4.4591 473.2235 
3030000 12520 290.63 293531.0 32.981 4.6547 522.3566 
