1000 12 17.439 -115.562 -2.011 0.0092 0.0 
2000 25 31.542 -326.242 -5.464 0.0153 0.0 
3000 38 42.07 -524.599 -7.707 0.0199 0.0 
4000 50 50.609 -715.003 -9.447 0.0237 0.0 
5000 62 57.792 -837.385 -9.603 0.0268 0.0 
6000 73 64.025 -1025.399 -10.958 0.0296 0.0 
7000 84 69.392 -1187.6 -11.699 0.0319 0.0 
8000 96 71.826 -1373.023 -12.515 0.0329 0.0 
9000 108 74.759 -1545.721 -12.901 0.034 0.0 
10000 119 77.971 -1713.382 -13.49 0.0354 0.0 
11000 131 79.043 -1886.191 -13.661 0.0358 0.0 
12000 144 78.862 -2021.69 -12.805 0.0357 0.0 
13000 156 80.082 -2229.595 -13.97 0.0363 0.0 
14000 168 80.738 -2465.749 -15.099 0.0364 0.0 
15000 180 81.055 -2615.638 -14.4 0.0364 0.0 
16000 193 80.745 -2814.324 -14.942 0.0362 0.0 
17000 205 81.692 -3051.747 -16.087 0.0573 0.0 
18000 213 87.298 -3438.965 -20.62 0.0904 0.0 
19000 220 93.805 -3600.711 -21.22 0.1205 0.0 
20000 224 99.705 -3600.984 -19.606 0.1425 0.0 
21000 227 119.482 -3643.817 -19.045 0.2307 0.0 
22000 229 119.615 -3653.226 -18.531 0.2329 0.0 
23000 230 137.223 -3658.631 -18.206 0.3117 0.0 
24000 232 165.789 -3686.579 -18.214 0.4303 0.0 
25000 234 172.855 -3722.049 -18.188 0.4475 0.0 
26000 236 193.29 -3739.63 -17.863 0.5373 0.0 
27000 238 194.555 -3800.322 -18.199 0.5393 0.0 
28000 243 204.894 -3895.818 -18.372 0.5829 0.0 
29000 246 205.488 -3958.869 -18.427 0.5761 0.0 
30000 249 216.657 -4013.459 -18.264 0.6049 0.0 
31000 253 221.188 -4071.839 -18.125 0.6099 0.0 
32000 257 222.265 -4115.42 -17.669 0.6035 0.0 
33000 262 221.557 -4192.627 -17.329 0.5909 0.0 
34000 268 215.011 -4237.088 -16.189 0.5625 0.0 
35000 274 211.21 -4289.786 -15.468 0.5426 0.0 
36000 278 211.004 -4354.766 -15.178 0.5376 0.0 
37000 283 209.36 -4400.92 -14.796 0.526 0.0 
38000 286 214.112 -4386.024 -13.969 0.5367 0.0 
39000 288 230.113 -4405.856 -13.643 0.6012 0.0 
40000 291 231.336 -4437.344 -13.424 0.5992 0.0 
41000 293 241.925 -4451.393 -13.332 0.6406 0.0 
42000 295 256.385 -4467.557 -12.922 0.6904 0.0 
43000 297 260.598 -4466.447 -12.684 0.7 0.0 
44000 299 277.438 -4480.392 -12.228 0.7623 0.0 
45000 301 284.089 -4503.544 -12.132 0.7914 0.0 
46000 302 298.407 -4485.856 -11.583 0.8348 0.0 
47000 303 300.819 -4489.132 -11.653 0.8406 0.0 
48000 305 315.506 -4481.979 -10.894 0.8824 0.0 
49000 306 328.436 -4487.391 -10.915 0.9499 0.0 
50000 307 341.868 -4494.921 -10.615 1.0035 0.0 
51000 308 355.03 -4501.104 -10.659 1.084 0.0 
52000 309 367.93 -4509.746 -10.58 1.1419 0.0 
53000 310 380.571 -4517.286 -10.519 1.1979 0.0 
54000 311 392.96 -4524.061 -10.443 1.2753 0.0 
55000 312 405.1 -4536.898 -10.397 1.3256 0.0 
56000 313 416.998 -4545.575 -10.44 1.3879 0.0 
57000 314 428.658 -4552.249 -10.396 1.4551 0.0 
58000 315 440.085 -4556.856 -10.299 1.4979 0.0 
59000 316 451.284 -4567.238 -10.197 1.5456 0.0 
60000 317 462.258 -4580.504 -10.228 1.5854 0.0 
61000 318 473.013 -4587.094 -10.275 1.6375 0.0 
62000 319 483.553 -4598.163 -10.173 1.6746 0.0 
63000 320 493.881 -4612.485 -10.229 1.7244 0.0 
64000 321 504.004 -4620.727 -10.278 1.7976 0.0 
65000 322 513.924 -4629.055 -10.217 1.8395 0.0 
66000 323 523.645 -4631.16 -10.196 1.8995 0.0 
67000 324 533.172 -4637.281 -10.018 1.9299 0.0 
68000 325 542.509 -4646.147 -9.925 1.9748 0.0 
69000 326 551.659 -4651.947 -9.943 2.025 0.0 
70000 327 560.626 -4657.168 -9.862 2.046 0.0 
71000 328 569.413 -4664.507 -9.762 2.0854 0.0 
72000 329 578.025 -4672.118 -9.721 2.1194 0.0 
73000 330 585.864 -4683.721 -9.762 2.1397 0.0 
74000 331 594.147 -4691.632 -9.68 2.1837 0.0 
75000 332 602.264 -4703.186 -9.687 2.246 0.0 
76000 333 610.219 -4712.299 -9.71 2.2784 0.0 
77000 334 618.014 -4720.007 -9.694 2.3146 0.0 
78000 335 625.654 -4726.385 -9.644 2.3511 0.0 
79000 336 633.141 -4734.956 -9.616 2.4096 0.0 
80000 337 640.478 -4744.071 -9.573 2.4455 0.0 
81000 338 647.669 -4754.822 -9.591 2.4747 0.0 
82000 339 654.715 -4758.784 -9.563 2.4794 0.0 
83000 340 661.621 -4767.574 -9.48 2.4982 0.0 
84000 341 668.389 -4775.555 -9.453 2.5183 0.0 
85000 342 675.021 -4781.745 -9.436 2.5494 0.0 
86000 343 681.52 -4788.153 -9.351 2.5629 0.0 
87000 344 687.89 -4799.049 -9.305 2.5886 0.0 
88000 345 694.132 -4802.72 -9.319 2.6183 0.0 
89000 346 700.25 -4815.293 -9.264 2.6567 0.0 
90000 347 706.245 -4821.532 -9.297 2.7067 0.0 
91000 349 701.957 -4817.707 -8.954 2.6814 0.0 
92000 350 707.918 -4830.69 -8.899 2.7006 0.0 
93000 351 709.88 -4837.764 -8.891 2.7102 0.0 
94000 352 715.682 -4843.624 -8.778 2.7334 0.0 
95000 353 717.329 -4849.418 -8.724 2.7284 0.0 
96000 354 722.982 -4859.722 -8.623 2.7478 0.0 
97000 355 728.522 -4863.602 -8.647 2.7829 0.0 
98000 358 706.657 -4876.887 -8.371 2.6795 0.0 
99000 359 712.524 -4884.496 -8.369 2.6992 0.0 
100000 360 709.494 -4896.004 -8.281 2.6787 0.0 
101000 361 715.304 -4903.895 -8.304 2.699 0.0 
102000 363 710.438 -4907.078 -8.12 2.672 0.0 
103000 365 714.884 -4915.992 -8.066 2.6588 0.0 
104000 366 720.087 -4916.187 -7.9 2.6592 0.0 
105000 368 714.391 -4924.428 -7.737 2.6606 0.0 
106000 371 690.311 -4924.402 -7.321 2.5453 0.0 
107000 374 661.124 -4931.592 -6.937 2.42 0.0 
108000 378 634.513 -4932.457 -6.5 2.3049 0.0 
109000 381 618.419 -4934.721 -6.18 2.2366 0.0 
110000 384 593.429 -4940.91 -5.861 2.1329 0.0 
111000 385 601.56 -4950.515 -5.878 2.1837 0.0 
112000 387 592.265 -4954.382 -5.753 2.1441 0.0 
113000 389 592.051 -4951.984 -5.686 2.1397 0.0 
114000 391 596.206 -4958.346 -5.407 2.1463 0.0 
115000 392 601.502 -4956.056 -5.316 2.1766 0.0 
116000 394 600.483 -4964.432 -5.255 2.1861 0.0 
117000 397 585.963 -4949.146 -4.725 2.1181 0.0 
118000 400 570.777 -4956.364 -4.504 2.0499 0.0 
119000 403 557.803 -4963.168 -4.412 2.0025 0.0 
120000 404 550.567 -4962.405 -4.352 1.9719 0.0 
121000 406 555.784 -4949.161 -3.939 1.9762 0.0 
122000 409 551.583 -4936.516 -3.431 1.9566 0.0 
123000 410 547.531 -4925.739 -3.222 1.9365 0.0 
124000 413 547.784 -4915.199 -2.756 1.9346 0.0 
125000 416 534.2 -4903.777 -2.301 1.8761 0.0 
126000 417 533.576 -4906.144 -2.294 1.8739 0.0 
127000 418 542.904 -4909.251 -2.328 1.9327 0.0 
128000 420 544.405 -4910.292 -2.281 1.9637 0.0 
129000 422 549.289 -4910.999 -2.226 1.9837 0.0 
130000 424 546.519 -4911.904 -2.151 1.967 0.0 
131000 425 539.769 -4914.169 -2.012 1.938 0.0 
132000 428 537.042 -4914.584 -1.982 1.9177 0.0 
133000 430 535.835 -4915.027 -1.895 1.9046 0.0 
134000 431 545.119 -4914.861 -1.893 1.9456 0.0 
135000 433 546.832 -4921.556 -1.98 1.973 0.0 
136000 434 546.575 -4922.382 -1.887 1.9706 0.0 
137000 436 547.115 -4917.151 -1.831 1.9784 0.0 
138000 438 555.209 -4909.105 -1.522 2.0056 0.0 
139000 441 542.718 -4901.642 -1.297 1.9488 0.0 
140000 443 538.129 -4896.562 -1.22 1.9268 0.0 
141000 445 538.841 -4905.335 -1.276 1.9085 0.0 
142000 446 548.064 -4908.059 -1.29 1.9769 0.0 
143000 447 557.103 -4914.562 -1.375 2.0153 0.0 
144000 448 565.961 -4921.721 -1.487 2.0457 0.0 
145000 449 560.682 -4926.155 -1.489 2.0202 0.0 
146000 450 569.388 -4941.926 -1.813 2.0432 0.0 
147000 451 578.0 -4943.779 -1.805 2.0776 0.0 
148000 454 577.98 -4952.766 -1.893 2.0904 0.0 
149000 455 586.421 -4956.788 -1.957 2.1232 0.0 
150000 456 594.692 -4949.395 -1.809 2.1797 0.0 
151000 457 587.419 -4950.262 -1.671 2.147 0.0 
152000 458 595.67 -4958.79 -1.801 2.1847 0.0 
153000 460 605.762 -4955.179 -1.799 2.2323 0.0 
154000 461 598.266 -4970.925 -1.725 2.1996 0.0 
155000 464 595.428 -4941.103 -1.427 2.2002 0.0 
156000 465 597.879 -4931.213 -1.14 2.2005 0.0 
157000 468 589.947 -4911.514 -0.65 2.1553 0.0 
158000 471 575.186 -4895.744 -0.325 2.084 0.0 
159000 472 583.682 -4889.784 -0.161 2.1071 0.0 
160000 474 580.35 -4877.328 0.055 2.0952 0.0 
161000 477 565.825 -4866.443 0.237 2.0255 0.0 
162000 479 556.816 -4850.847 0.552 1.9866 0.0 
163000 481 560.623 -4840.731 0.766 2.0149 0.0 
164000 484 547.921 -4828.689 0.978 1.9537 0.0 
165000 485 550.982 -4819.926 1.025 1.965 0.0 
166000 487 554.363 -4824.994 0.968 1.9823 0.0 
167000 489 548.419 -4807.844 1.146 1.9483 0.0 
168000 490 557.451 -4815.697 0.998 1.9765 0.0 
169000 493 545.183 -4824.346 0.865 1.9152 0.0 
170000 494 554.279 -4826.335 0.691 1.9483 0.0 
171000 495 563.194 -4838.2 0.568 1.9663 0.0 
172000 496 571.93 -4835.436 0.595 2.0 0.0 
173000 497 580.491 -4829.467 0.677 2.0318 0.0 
174000 498 588.881 -4819.924 0.771 2.0609 0.0 
175000 502 566.091 -4818.111 0.926 1.9542 0.0 
176000 504 559.384 -4793.776 1.197 1.9166 0.0 
177000 506 555.156 -4778.97 1.419 1.8826 0.0 
178000 508 557.803 -4766.957 1.772 1.9138 0.0 
179000 509 566.647 -4772.576 1.584 1.9798 0.0 
180000 510 567.914 -4767.703 1.629 1.9748 0.0 
181000 511 576.556 -4775.303 1.457 1.9879 0.0 
182000 512 584.065 -4787.393 1.229 2.0096 0.0 
183000 513 582.984 -4795.329 1.184 2.0026 0.0 
184000 516 584.286 -4780.756 1.158 1.9899 0.0 
185000 517 580.24 -4778.012 1.126 1.9686 0.0 
186000 519 590.04 -4783.894 1.083 1.9862 0.0 
187000 520 598.239 -4793.73 0.875 2.04 0.0 
188000 521 605.834 -4777.417 1.086 2.0514 0.0 
189000 523 600.987 -4783.439 1.016 2.0251 0.0 
190000 524 608.967 -4789.914 0.84 2.0434 0.0 
191000 525 616.787 -4788.355 0.87 2.0875 0.0 
192000 526 618.972 -4787.272 0.944 2.1039 0.0 
193000 528 620.78 -4778.912 1.037 2.1249 0.0 
194000 529 628.365 -4781.727 0.902 2.1719 0.0 
195000 530 635.798 -4785.772 0.858 2.2237 0.0 
196000 531 643.082 -4787.289 0.72 2.2832 0.0 
197000 532 650.22 -4791.474 0.731 2.3143 0.0 
198000 533 657.216 -4789.618 0.64 2.3493 0.0 
199000 534 664.071 -4795.302 0.558 2.3713 0.0 
200000 535 670.79 -4800.997 0.491 2.4007 0.0 
201000 536 677.374 -4801.236 0.376 2.4188 0.0 
202000 537 680.567 -4799.595 0.407 2.423 0.0 
203000 538 686.955 -4808.681 0.241 2.4305 0.0 
204000 539 693.216 -4809.935 0.237 2.4484 0.0 
205000 540 699.352 -4812.83 0.123 2.4837 0.0 
206000 541 705.365 -4819.499 -0.013 2.5119 0.0 
207000 542 711.257 -4825.57 -0.111 2.5283 0.0 
208000 543 717.032 -4825.499 -0.065 2.5725 0.0 
209000 544 722.692 -4824.528 -0.127 2.6312 0.0 
210000 545 728.238 -4836.393 -0.23 2.6658 0.0 
211000 546 733.673 -4834.194 -0.284 2.6943 0.0 
212000 547 736.84 -4846.766 -0.428 2.7016 0.0 
213000 548 742.103 -4851.432 -0.532 2.7424 0.0 
214000 549 747.261 -4855.527 -0.659 2.7838 0.0 
215000 551 738.732 -4861.177 -0.724 2.7491 0.0 
216000 553 729.634 -4868.972 -0.862 2.6979 0.0 
217000 555 719.619 -4878.892 -1.002 2.6495 0.0 
218000 557 707.995 -4880.546 -1.035 2.5927 0.0 
219000 558 713.835 -4889.803 -1.076 2.6238 0.0 
220000 559 715.818 -4901.912 -1.316 2.6301 0.0 
221000 561 716.272 -4910.971 -1.499 2.6421 0.0 
222000 562 721.946 -4912.478 -1.586 2.6789 0.0 
223000 563 720.687 -4922.004 -1.705 2.6728 0.0 
224000 564 726.274 -4933.103 -1.857 2.7084 0.0 
225000 565 731.748 -4942.729 -1.957 2.722 0.0 
226000 566 737.113 -4953.137 -2.131 2.741 0.0 
227000 567 742.371 -4952.633 -2.243 2.7699 0.0 
228000 568 747.523 -4959.767 -2.234 2.801 0.0 
229000 569 752.573 -4964.683 -2.327 2.8208 0.0 
230000 570 757.521 -4974.651 -2.349 2.8574 0.0 
231000 571 755.971 -4976.955 -2.425 2.8477 0.0 
232000 572 760.852 -4985.688 -2.352 2.8818 0.0 
233000 573 763.895 -4992.802 -2.511 2.8962 0.0 
234000 576 748.595 -4977.809 -2.308 2.8277 0.0 
235000 577 753.623 -4984.606 -2.32 2.8472 0.0 
236000 578 758.55 -4976.296 -2.155 2.8555 0.0 
237000 579 763.379 -4977.539 -2.12 2.8722 0.0 
238000 580 768.112 -4979.806 -2.139 2.9128 0.0 
239000 582 762.895 -4980.76 -2.031 2.9002 0.0 
240000 583 764.497 -4983.092 -2.077 2.8979 0.0 
241000 584 769.207 -4989.879 -2.119 2.9024 0.0 
242000 585 773.823 -4988.837 -2.082 2.9137 0.0 
243000 586 778.346 -4996.926 -2.12 2.9429 0.0 
244000 587 782.779 -4998.007 -2.154 2.958 0.0 
245000 588 787.124 -4998.925 -2.191 3.0129 0.0 
246000 589 791.381 -5004.769 -2.25 3.0119 0.0 
247000 590 793.294 -5017.538 -2.303 3.0353 0.0 
248000 591 797.428 -5013.75 -2.307 3.0498 0.0 
249000 592 797.159 -5022.622 -2.392 3.0513 0.0 
250000 594 796.252 -5014.837 -2.139 3.03 0.0 
251000 595 800.327 -5015.876 -2.089 3.0625 0.0 
252000 596 804.32 -5017.828 -2.11 3.069 0.0 
253000 597 808.234 -5018.028 -2.063 3.0911 0.0 
254000 598 796.889 -5016.172 -1.935 3.0399 0.0 
255000 599 800.951 -5022.017 -1.977 3.0864 0.0 
256000 600 804.932 -5029.538 -2.076 3.0987 0.0 
257000 601 808.834 -5035.514 -2.169 3.1487 0.0 
258000 602 812.657 -5040.981 -2.213 3.1839 0.0 
259000 603 816.404 -5049.847 -2.319 3.2008 0.0 
260000 604 820.076 -5055.025 -2.417 3.2217 0.0 
261000 605 823.674 -5060.625 -2.474 3.2457 0.0 
262000 606 827.201 -5063.028 -2.526 3.2673 0.0 
263000 608 820.843 -5063.946 -2.534 3.2256 0.0 
264000 609 824.427 -5067.252 -2.518 3.2674 0.0 
265000 611 816.359 -5067.222 -2.447 3.2509 0.0 
266000 612 820.032 -5066.864 -2.422 3.2466 0.0 
267000 614 807.491 -5082.958 -2.62 3.175 0.0 
268000 616 798.835 -5087.474 -2.557 3.1146 0.0 
269000 617 802.858 -5090.275 -2.545 3.1181 0.0 
270000 618 806.801 -5099.66 -2.667 3.1421 0.0 
271000 619 810.665 -5105.423 -2.704 3.1424 0.0 
272000 620 797.911 -5100.265 -2.633 3.0866 0.0 
273000 621 801.953 -5106.202 -2.595 3.1143 0.0 
274000 623 796.236 -5108.934 -2.605 3.0923 0.0 
275000 624 800.311 -5111.939 -2.622 3.135 0.0 
276000 625 804.305 -5114.354 -2.608 3.1258 0.0 
277000 626 807.719 -5119.027 -2.686 3.1178 0.0 
278000 628 797.953 -5123.645 -2.669 3.0867 0.0 
279000 629 801.994 -5126.992 -2.718 3.1171 0.0 
280000 630 805.954 -5133.599 -2.725 3.1081 0.0 
281000 632 797.458 -5132.322 -2.686 3.083 0.0 
282000 633 801.509 -5140.65 -2.706 3.1316 0.0 
283000 634 805.479 -5142.137 -2.786 3.1259 0.0 
284000 635 809.37 -5146.745 -2.78 3.1373 0.0 
285000 637 799.418 -5143.613 -2.626 3.1047 0.0 
286000 639 778.191 -5154.072 -2.606 3.0102 0.0 
287000 640 782.627 -5160.829 -2.716 3.0428 0.0 
288000 641 786.975 -5161.806 -2.753 3.0599 0.0 
289000 642 791.235 -5166.935 -2.761 3.0974 0.0 
290000 643 795.411 -5172.113 -2.784 3.1172 0.0 
291000 644 799.502 -5174.324 -2.821 3.1162 0.0 
292000 645 803.512 -5174.885 -2.787 3.1238 0.0 
293000 646 807.442 -5172.771 -2.733 3.1709 0.0 
294000 647 811.293 -5168.695 -2.56 3.1954 0.0 
295000 648 815.067 -5169.905 -2.552 3.2206 0.0 
296000 649 812.646 -5169.493 -2.391 3.1936 0.0 
297000 650 816.393 -5173.12 -2.371 3.228 0.0 
298000 653 798.605 -5164.418 -2.235 3.1641 0.0 
299000 654 802.633 -5166.838 -2.233 3.1812 0.0 
300000 655 806.581 -5168.981 -2.233 3.2052 0.0 
301000 656 810.449 -5174.65 -2.232 3.2501 0.0 
302000 657 814.24 -5179.81 -2.278 3.2725 0.0 
303000 658 817.955 -5185.492 -2.328 3.2817 0.0 
304000 659 821.596 -5189.029 -2.45 3.2885 0.0 
305000 660 825.164 -5197.085 -2.498 3.2813 0.0 
306000 661 818.821 -5203.517 -2.502 3.2482 0.0 
307000 662 822.445 -5206.96 -2.494 3.2361 0.0 
308000 663 825.996 -5211.867 -2.526 3.2471 0.0 
309000 664 829.476 -5217.352 -2.567 3.2738 0.0 
310000 665 831.026 -5226.451 -2.664 3.2711 0.0 
311000 666 834.406 -5226.161 -2.705 3.2836 0.0 
312000 667 837.718 -5227.312 -2.665 3.2915 0.0 
313000 668 840.963 -5232.617 -2.646 3.315 0.0 
314000 669 844.144 -5239.361 -2.701 3.3297 0.0 
315000 670 847.261 -5244.565 -2.786 3.3402 0.0 
316000 671 850.316 -5246.983 -2.834 3.3681 0.0 
317000 672 853.31 -5253.701 -2.813 3.3782 0.0 
318000 673 856.243 -5257.561 -2.882 3.376 0.0 
319000 674 859.118 -5259.632 -2.889 3.377 0.0 
320000 675 861.936 -5266.426 -2.903 3.3912 0.0 
321000 676 864.697 -5272.876 -2.968 3.3969 0.0 
322000 677 867.403 -5276.775 -3.047 3.4279 0.0 
323000 678 870.055 -5283.22 -3.06 3.4329 0.0 
324000 679 872.654 -5285.157 -3.127 3.449 0.0 
325000 680 875.201 -5292.472 -3.116 3.4419 0.0 
326000 681 877.697 -5295.144 -3.185 3.4521 0.0 
327000 682 880.143 -5302.965 -3.174 3.4548 0.0 
328000 683 882.54 -5308.479 -3.288 3.457 0.0 
329000 684 884.89 -5314.245 -3.32 3.4461 0.0 
330000 685 887.192 -5316.128 -3.36 3.4433 0.0 
331000 686 889.448 -5322.16 -3.339 3.4566 0.0 
332000 687 891.659 -5327.221 -3.379 3.4397 0.0 
333000 688 893.826 -5332.525 -3.425 3.45 0.0 
334000 689 895.949 -5336.228 -3.447 3.4535 0.0 
335000 690 898.03 -5339.753 -3.449 3.4666 0.0 
336000 691 900.07 -5343.864 -3.457 3.4794 0.0 
337000 692 902.068 -5349.365 -3.499 3.4622 0.0 
338000 693 904.027 -5354.491 -3.524 3.4929 0.0 
339000 694 905.946 -5361.623 -3.548 3.5204 0.0 
340000 695 907.827 -5362.885 -3.605 3.5237 0.0 
341000 696 909.671 -5367.274 -3.585 3.518 0.0 
342000 697 911.477 -5370.148 -3.597 3.5091 0.0 
343000 699 904.843 -5366.466 -3.484 3.4856 0.0 
344000 701 896.251 -5363.594 -3.256 3.4403 0.0 
345000 702 887.366 -5353.223 -2.95 3.3994 0.0 
346000 703 889.619 -5357.368 -2.974 3.4059 0.0 
347000 705 884.49 -5353.265 -2.818 3.3799 0.0 
348000 706 886.8 -5359.483 -2.881 3.3693 0.0 
349000 707 889.064 -5364.421 -2.882 3.359 0.0 
350000 708 891.283 -5361.822 -2.811 3.404 0.0 
351000 709 893.457 -5369.52 -2.893 3.4049 0.0 
352000 710 895.588 -5364.464 -2.752 3.4017 0.0 
353000 711 897.676 -5364.721 -2.769 3.4198 0.0 
354000 712 899.723 -5373.324 -2.799 3.4297 0.0 
355000 713 894.948 -5361.946 -2.64 3.3992 0.0 
356000 714 897.049 -5368.259 -2.625 3.4063 0.0 
357000 715 892.548 -5357.741 -2.46 3.3757 0.0 
358000 716 894.697 -5357.629 -2.342 3.3786 0.0 
359000 717 896.803 -5361.452 -2.296 3.3999 0.0 
360000 719 891.47 -5347.703 -2.07 3.3758 0.0 
361000 720 893.641 -5351.533 -2.096 3.3709 0.0 
362000 721 895.768 -5353.511 -2.137 3.3843 0.0 
363000 722 897.852 -5359.404 -2.16 3.3899 0.0 
364000 723 899.895 -5366.822 -2.25 3.4144 0.0 
365000 724 901.897 -5366.167 -2.183 3.4179 0.0 
366000 725 903.86 -5353.984 -1.927 3.4146 0.0 
367000 726 904.642 -5360.361 -1.997 3.4194 0.0 
368000 727 906.55 -5351.635 -1.832 3.4151 0.0 
369000 728 908.419 -5354.06 -1.836 3.4354 0.0 
370000 729 910.25 -5355.778 -1.842 3.4591 0.0 
371000 730 910.305 -5350.469 -1.728 3.4758 0.0 
372000 731 912.099 -5348.034 -1.663 3.503 0.0 
373000 732 913.857 -5342.509 -1.479 3.4915 0.0 
374000 733 915.58 -5344.509 -1.446 3.5271 0.0 
375000 734 917.268 -5345.884 -1.46 3.5306 0.0 
376000 735 918.923 -5351.218 -1.524 3.5449 0.0 
377000 736 920.544 -5349.721 -1.559 3.5472 0.0 
378000 737 922.134 -5352.203 -1.502 3.5595 0.0 
379000 738 923.691 -5356.22 -1.515 3.5425 0.0 
380000 739 925.217 -5357.927 -1.533 3.5486 0.0 
381000 740 926.713 -5361.484 -1.548 3.5528 0.0 
382000 741 928.179 -5359.569 -1.58 3.5653 0.0 
383000 742 929.615 -5363.619 -1.553 3.5878 0.0 
384000 743 931.023 -5361.729 -1.583 3.5817 0.0 
385000 744 923.342 -5347.644 -1.257 3.5402 0.0 
386000 745 924.875 -5346.156 -1.041 3.5715 0.0 
387000 746 924.478 -5341.509 -0.933 3.5961 0.0 
388000 747 925.988 -5341.776 -0.862 3.6106 0.0 
389000 748 926.389 -5341.11 -0.796 3.6287 0.0 
390000 749 927.301 -5335.404 -0.772 3.6571 0.0 
391000 750 928.755 -5332.815 -0.667 3.7038 0.0 
392000 751 930.18 -5336.776 -0.611 3.7194 0.0 
393000 753 927.525 -5321.656 -0.519 3.7413 0.0 
394000 754 928.974 -5320.999 -0.547 3.7591 0.0 
395000 755 930.395 -5316.045 -0.412 3.7702 0.0 
396000 756 931.787 -5317.207 -0.415 3.7694 0.0 
397000 757 933.151 -5320.037 -0.478 3.7848 0.0 
398000 758 934.488 -5321.827 -0.539 3.8087 0.0 
399000 759 930.258 -5312.495 -0.25 3.791 0.0 
400000 760 926.353 -5309.353 -0.091 3.7811 0.0 
401000 761 927.826 -5308.412 -0.12 3.7868 0.0 
402000 762 929.269 -5311.191 -0.082 3.7994 0.0 
403000 763 930.684 -5309.904 -0.131 3.8044 0.0 
404000 764 932.07 -5308.837 -0.112 3.8017 0.0 
405000 765 933.429 -5304.897 -0.08 3.8242 0.0 
406000 767 928.887 -5284.887 0.338 3.8234 0.0 
407000 768 930.309 -5284.743 0.348 3.8338 0.0 
408000 769 931.703 -5282.031 0.351 3.8306 0.0 
409000 770 933.069 -5277.366 0.381 3.8679 0.0 
410000 771 934.408 -5274.74 0.46 3.8975 0.0 
411000 772 935.72 -5278.696 0.438 3.9068 0.0 
412000 773 929.425 -5270.438 0.623 3.8722 0.0 
413000 774 930.837 -5267.065 0.528 3.8687 0.0 
414000 775 932.22 -5268.169 0.57 3.8793 0.0 
415000 776 933.576 -5259.849 0.632 3.8905 0.0 
416000 777 934.904 -5262.33 0.743 3.8961 0.0 
417000 778 936.206 -5259.266 0.675 3.9059 0.0 
418000 779 937.482 -5257.375 0.733 3.923 0.0 
419000 780 936.512 -5254.379 0.829 3.9169 0.0 
420000 782 931.646 -5247.673 1.013 3.8952 0.0 
421000 783 933.013 -5249.605 1.012 3.8993 0.0 
422000 784 934.353 -5243.65 1.059 3.905 0.0 
423000 785 935.666 -5237.867 1.149 3.8972 0.0 
424000 786 934.373 -5219.881 1.307 3.8779 0.0 
425000 787 935.685 -5215.808 1.459 3.8778 0.0 
426000 788 933.552 -5198.998 1.632 3.8747 0.0 
427000 789 929.261 -5189.821 1.797 3.853 0.0 
428000 791 913.999 -5166.975 2.146 3.7695 0.0 
429000 793 904.34 -5149.348 2.55 3.7219 0.0 
430000 794 906.253 -5146.337 2.644 3.7184 0.0 
431000 795 908.128 -5136.085 2.735 3.7134 0.0 
432000 796 909.966 -5120.484 2.898 3.7087 0.0 
433000 797 911.767 -5114.879 3.079 3.731 0.0 
434000 798 913.531 -5099.916 3.201 3.7389 0.0 
435000 799 915.261 -5091.666 3.409 3.7546 0.0 
436000 802 880.297 -5052.685 3.858 3.5802 0.0 
437000 803 871.231 -5039.049 4.023 3.5299 0.0 
438000 805 864.81 -5008.674 4.413 3.4911 0.0 
439000 807 856.321 -4995.7 4.763 3.4358 0.0 
440000 808 858.755 -4988.247 4.78 3.4515 0.0 
441000 810 839.167 -4947.508 5.153 3.3581 0.0 
442000 813 812.36 -4915.125 5.593 3.2245 0.0 
443000 814 816.113 -4905.535 5.798 3.2275 0.0 
444000 815 804.551 -4888.26 5.765 3.174 0.0 
445000 817 805.21 -4866.916 6.109 3.1592 0.0 
446000 819 791.449 -4837.333 6.401 3.0957 0.0 
447000 821 782.049 -4815.591 6.697 3.043 0.0 
448000 824 756.761 -4769.129 7.088 2.9198 0.0 
449000 827 733.574 -4733.914 7.558 2.8051 0.0 
450000 830 711.414 -4694.107 7.904 2.6968 0.0 
451000 833 689.198 -4649.197 8.292 2.5905 0.0 
452000 835 677.523 -4611.405 8.552 2.5316 0.0 
453000 838 660.002 -4574.33 8.798 2.4473 0.0 
454000 841 642.822 -4539.472 9.13 2.3688 0.0 
455000 843 636.226 -4505.68 9.403 2.3399 0.0 
456000 845 624.963 -4463.912 9.61 2.2904 0.0 
457000 848 614.716 -4436.307 9.859 2.2394 0.0 
458000 850 607.627 -4400.942 10.036 2.2097 0.0 
459000 852 604.037 -4370.032 10.269 2.1874 0.0 
460000 854 601.556 -4347.26 10.452 2.1717 0.0 
461000 857 585.806 -4304.013 10.643 2.1011 0.0 
462000 860 571.436 -4261.311 10.883 2.0377 0.0 
463000 862 563.836 -4223.628 10.997 2.0007 0.0 
464000 866 540.473 -4169.43 11.271 1.8948 0.0 
465000 867 549.664 -4155.536 11.266 1.9183 0.0 
466000 870 536.267 -4109.229 11.491 1.8529 0.0 
467000 874 518.213 -4057.968 11.783 1.7762 0.0 
468000 875 515.189 -4026.299 11.831 1.7625 0.0 
469000 876 518.945 -4012.489 11.974 1.7739 0.0 
470000 878 534.175 -3994.954 12.035 1.8479 0.0 
471000 880 528.961 -3959.121 12.116 1.8235 0.0 
472000 881 530.742 -3941.86 12.103 1.8351 0.0 
473000 884 531.085 -3911.164 12.249 1.835 0.0 
474000 887 520.793 -3859.676 12.569 1.7796 0.0 
475000 890 507.14 -3808.045 12.748 1.7152 0.0 
476000 891 515.917 -3786.362 12.887 1.7428 0.0 
477000 894 505.157 -3734.351 13.134 1.6897 0.0 
478000 898 488.97 -3685.009 13.242 1.6172 0.0 
479000 901 479.716 -3629.232 13.51 1.5691 0.0 
480000 902 475.901 -3600.795 13.588 1.5522 0.0 
481000 905 480.833 -3569.622 13.658 1.5536 0.0 
482000 908 470.497 -3522.575 13.719 1.508 0.0 
483000 911 463.014 -3478.428 13.784 1.4732 0.0 
484000 914 456.517 -3439.287 13.793 1.4391 0.0 
485000 915 453.067 -3411.126 13.829 1.4237 0.0 
486000 918 454.307 -3365.925 13.903 1.4274 0.0 
487000 922 440.79 -3316.741 13.851 1.3742 0.0 
488000 925 436.892 -3275.811 13.943 1.3633 0.0 
489000 928 430.861 -3230.439 14.088 1.3346 0.0 
490000 931 421.927 -3168.299 14.25 1.2944 0.0 
491000 934 415.131 -3119.984 14.331 1.2629 0.0 
492000 936 419.654 -3092.309 14.371 1.2846 0.0 
493000 940 408.569 -3037.903 14.351 1.2445 0.0 
494000 942 404.705 -3001.473 14.379 1.2305 0.0 
495000 945 410.341 -2969.043 14.432 1.2478 0.0 
496000 947 407.574 -2932.06 14.361 1.2369 0.0 
497000 949 417.175 -2916.122 14.345 1.2735 0.0 
498000 950 414.891 -2884.053 14.399 1.2645 0.0 
499000 953 422.812 -2853.626 14.467 1.3092 0.0 
500000 954 421.116 -2828.75 14.465 1.3032 0.0 
501000 956 433.42 -2808.131 14.261 1.3712 0.0 
502000 957 444.751 -2797.927 14.261 1.3972 0.0 
503000 958 447.596 -2785.297 14.185 1.4121 0.0 
504000 960 457.963 -2760.625 14.132 1.4562 0.0 
505000 961 456.184 -2747.027 14.097 1.4516 0.0 
506000 963 468.619 -2719.738 14.033 1.519 0.0 
507000 966 461.448 -2675.492 14.059 1.484 0.0 
508000 969 453.68 -2634.106 14.098 1.4481 0.0 
509000 972 451.657 -2605.127 14.084 1.4315 0.0 
510000 974 446.944 -2562.926 14.077 1.4103 0.0 
511000 976 449.556 -2538.495 14.019 1.4236 0.0 
512000 978 453.538 -2514.416 13.968 1.4399 0.0 
513000 980 450.207 -2485.57 13.962 1.4256 0.0 
514000 982 461.399 -2478.02 13.834 1.4651 0.0 
515000 984 457.112 -2437.598 13.757 1.4448 0.0 
516000 987 451.847 -2399.591 13.776 1.421 0.0 
517000 989 449.442 -2374.017 13.737 1.4135 0.0 
518000 992 448.487 -2335.325 13.674 1.4182 0.0 
519000 994 446.094 -2307.797 13.696 1.4122 0.0 
520000 995 447.072 -2295.454 13.641 1.4154 0.0 
521000 998 449.531 -2272.522 13.329 1.4155 0.0 
522000 999 460.541 -2261.201 13.256 1.473 0.0 
523000 1000 466.91 -2243.825 13.238 1.4964 0.0 
524000 1001 476.392 -2233.861 13.304 1.5323 0.0 
525000 1002 486.864 -2226.022 13.213 1.5854 0.0 
526000 1004 494.764 -2202.684 13.078 1.6244 0.0 
527000 1005 497.969 -2189.655 13.061 1.6445 0.0 
528000 1006 504.15 -2176.133 13.073 1.675 0.0 
529000 1008 519.585 -2166.05 12.955 1.745 0.0 
530000 1009 529.193 -2161.599 12.863 1.8068 0.0 
531000 1010 538.61 -2164.851 12.507 1.8547 0.0 
532000 1011 547.837 -2167.301 12.247 1.8835 0.0 
533000 1012 550.081 -2149.572 12.173 1.8993 0.0 
534000 1013 557.139 -2137.952 12.098 1.9324 0.0 
535000 1015 561.238 -2120.167 11.944 1.9537 0.0 
536000 1016 570.014 -2133.492 11.549 2.0011 0.0 
537000 1019 550.806 -2079.069 11.727 1.9155 0.0 
538000 1022 545.531 -2055.24 11.837 1.8804 0.0 
539000 1024 536.213 -2019.349 11.834 1.8356 0.0 
540000 1026 536.784 -1984.534 11.967 1.8328 0.0 
541000 1029 524.674 -1945.604 12.228 1.7742 0.0 
542000 1032 516.543 -1921.003 11.98 1.7271 0.0 
543000 1034 510.492 -1900.94 11.922 1.6959 0.0 
544000 1035 520.282 -1900.235 11.716 1.7357 0.0 
545000 1036 521.837 -1900.646 11.565 1.7395 0.0 
546000 1037 531.4 -1906.891 11.221 1.773 0.0 
547000 1039 542.116 -1898.229 10.749 1.8147 0.0 
548000 1040 551.274 -1886.875 10.686 1.8387 0.0 
549000 1041 547.729 -1871.437 10.809 1.8221 0.0 
550000 1043 552.339 -1845.44 10.91 1.8514 0.0 
551000 1045 557.646 -1832.483 10.814 1.8942 0.0 
552000 1047 555.713 -1812.565 10.815 1.8812 0.0 
553000 1048 550.719 -1803.601 10.863 1.859 0.0 
554000 1051 548.466 -1770.933 10.687 1.8541 0.0 
555000 1052 547.156 -1767.473 10.685 1.8449 0.0 
556000 1055 546.231 -1735.338 10.528 1.824 0.0 
557000 1057 544.949 -1708.688 10.675 1.8043 0.0 
558000 1060 531.079 -1656.388 11.014 1.7398 0.0 
559000 1062 523.552 -1626.002 11.191 1.704 0.0 
560000 1064 525.337 -1601.268 11.212 1.7021 0.0 
561000 1066 530.613 -1586.056 11.236 1.7201 0.0 
562000 1067 525.161 -1566.778 11.3 1.699 0.0 
563000 1069 532.345 -1548.395 11.293 1.7152 0.0 
564000 1071 536.784 -1529.061 11.228 1.7454 0.0 
565000 1073 531.477 -1497.26 11.38 1.7254 0.0 
566000 1075 527.826 -1469.134 11.374 1.7138 0.0 
567000 1077 534.438 -1450.244 11.557 1.7251 0.0 
568000 1079 528.568 -1409.112 11.73 1.6975 0.0 
569000 1081 527.633 -1387.01 11.689 1.6907 0.0 
570000 1083 521.865 -1370.967 11.63 1.6723 0.0 
571000 1084 531.428 -1369.786 11.39 1.7113 0.0 
572000 1087 526.617 -1325.674 11.511 1.6919 0.0 
573000 1089 521.359 -1312.879 11.259 1.6669 0.0 
574000 1091 518.514 -1296.27 11.281 1.6622 0.0 
575000 1092 528.144 -1297.891 11.011 1.7045 0.0 
576000 1094 529.03 -1272.171 11.048 1.6913 0.0 
577000 1095 525.11 -1264.234 11.047 1.6748 0.0 
578000 1098 531.866 -1232.701 11.063 1.6996 0.0 
579000 1099 525.648 -1215.495 11.122 1.6769 0.0 
580000 1100 535.135 -1216.534 11.053 1.7209 0.0 
581000 1102 549.624 -1201.863 10.898 1.7873 0.0 
582000 1103 558.631 -1206.594 10.579 1.825 0.0 
583000 1106 544.543 -1157.526 10.809 1.7643 0.0 
584000 1107 553.652 -1155.25 10.678 1.7929 0.0 
585000 1108 562.579 -1159.473 10.371 1.823 0.0 
586000 1110 558.947 -1131.039 10.435 1.8032 0.0 
587000 1111 567.768 -1118.609 10.43 1.8318 0.0 
588000 1113 563.224 -1095.355 10.53 1.8054 0.0 
589000 1114 571.82 -1081.978 10.47 1.8212 0.0 
590000 1116 566.908 -1063.21 10.524 1.797 0.0 
591000 1117 565.57 -1057.328 10.538 1.7928 0.0 
592000 1119 572.114 -1043.382 10.341 1.8144 0.0 
593000 1120 579.811 -1037.57 10.182 1.8502 0.0 
594000 1122 576.304 -1013.747 10.234 1.8352 0.0 
595000 1123 573.778 -1015.25 10.267 1.8247 0.0 
596000 1125 580.536 -994.583 10.035 1.8424 0.0 
597000 1126 579.326 -984.824 10.044 1.8363 0.0 
598000 1128 587.944 -959.498 10.073 1.8761 0.0 
599000 1129 587.805 -959.02 10.121 1.8771 0.0 
600000 1132 587.63 -948.526 9.756 1.8757 0.0 
601000 1133 595.878 -950.552 9.458 1.9231 0.0 
602000 1134 603.96 -954.001 9.165 1.9791 0.0 
603000 1135 611.881 -947.442 9.196 1.9908 0.0 
604000 1136 610.743 -917.755 9.271 1.9848 0.0 
605000 1138 612.158 -891.925 9.55 1.9922 0.0 
606000 1139 619.915 -896.89 9.276 2.0269 0.0 
607000 1140 627.516 -900.884 8.992 2.0505 0.0 
608000 1141 634.966 -890.218 9.022 2.0755 0.0 
609000 1142 642.267 -896.261 8.752 2.1016 0.0 
610000 1143 649.421 -900.867 8.42 2.1373 0.0 
611000 1144 656.433 -911.715 8.093 2.1973 0.0 
612000 1145 663.304 -915.177 7.796 2.2366 0.0 
613000 1147 653.148 -890.064 8.06 2.2 0.0 
614000 1148 660.085 -882.932 8.101 2.2202 0.0 
615000 1149 666.884 -889.317 7.817 2.2549 0.0 
616000 1150 673.546 -893.758 7.522 2.3019 0.0 
617000 1151 673.035 -887.278 7.501 2.3066 0.0 
618000 1153 675.743 -865.612 7.625 2.3328 0.0 
619000 1154 682.228 -866.78 7.348 2.3471 0.0 
620000 1155 683.343 -866.872 7.447 2.3482 0.0 
621000 1157 682.123 -846.901 7.339 2.359 0.0 
622000 1158 688.481 -849.585 7.09 2.3786 0.0 
623000 1159 682.851 -834.836 7.227 2.3538 0.0 
624000 1160 689.194 -836.353 7.382 2.3662 0.0 
625000 1161 695.41 -843.396 7.107 2.4075 0.0 
626000 1163 693.592 -823.592 7.065 2.414 0.0 
627000 1164 699.72 -818.09 6.8 2.4428 0.0 
628000 1166 685.155 -804.606 7.139 2.3769 0.0 
629000 1168 679.837 -784.231 7.293 2.3619 0.0 
630000 1171 670.765 -750.188 7.352 2.3432 0.0 
631000 1172 670.569 -742.015 7.468 2.3338 0.0 
632000 1174 670.595 -741.951 7.163 2.3241 0.0 
633000 1177 651.36 -696.05 7.701 2.2386 0.0 
634000 1178 652.873 -689.587 7.551 2.2487 0.0 
635000 1179 659.815 -683.713 7.427 2.299 0.0 
636000 1181 652.891 -661.438 7.699 2.2624 0.0 
637000 1182 659.833 -664.715 7.461 2.2825 0.0 
638000 1184 659.224 -664.949 7.319 2.3003 0.0 
639000 1185 651.759 -652.165 7.482 2.2697 0.0 
640000 1186 658.724 -657.171 7.162 2.2875 0.0 
641000 1187 665.55 -665.108 6.868 2.3077 0.0 
642000 1189 666.634 -643.949 6.784 2.2932 0.0 
643000 1190 673.301 -638.789 6.822 2.3044 0.0 
644000 1193 657.906 -633.647 6.511 2.2503 0.0 
645000 1197 628.587 -581.246 7.205 2.1271 0.0 
646000 1199 609.396 -544.251 7.379 2.055 0.0 
647000 1200 615.648 -539.502 7.49 2.0838 0.0 
648000 1202 614.989 -522.724 7.464 2.0802 0.0 
649000 1203 622.689 -528.052 7.353 2.1017 0.0 
650000 1205 622.61 -510.103 7.269 2.1188 0.0 
651000 1206 630.158 -508.851 7.029 2.1487 0.0 
652000 1207 633.615 -504.025 7.211 2.1598 0.0 
653000 1209 632.684 -492.029 7.022 2.1515 0.0 
654000 1210 640.03 -497.084 6.798 2.1866 0.0 
655000 1211 647.23 -487.935 6.855 2.2258 0.0 
656000 1212 654.285 -483.351 6.646 2.2603 0.0 
657000 1214 646.147 -455.896 7.029 2.2267 0.0 
658000 1215 648.004 -453.96 7.139 2.2408 0.0 
659000 1216 655.044 -446.711 6.889 2.305 0.0 
660000 1218 647.634 -429.155 7.218 2.2744 0.0 
661000 1220 652.147 -407.834 7.156 2.292 0.0 
662000 1221 659.104 -412.643 6.929 2.2991 0.0 
663000 1224 641.281 -373.911 7.227 2.2272 0.0 
664000 1225 640.255 -370.947 7.346 2.2297 0.0 
665000 1227 638.761 -355.706 7.241 2.2451 0.0 
666000 1230 621.083 -324.914 7.418 2.1663 0.0 
667000 1231 628.662 -328.674 7.218 2.1817 0.0 
668000 1232 636.089 -332.364 7.048 2.2015 0.0 
669000 1234 634.479 -326.503 6.88 2.1978 0.0 
670000 1235 626.21 -321.049 7.037 2.1652 0.0 
671000 1236 633.686 -324.291 6.811 2.1961 0.0 
672000 1237 641.012 -329.637 6.57 2.2247 0.0 
673000 1238 648.192 -333.682 6.358 2.2796 0.0 
674000 1239 655.228 -337.311 6.147 2.2874 0.0 
675000 1242 648.549 -301.336 6.19 2.2684 0.0 
676000 1245 631.416 -280.914 6.287 2.1867 0.0 
677000 1247 629.372 -280.817 6.254 2.1626 0.0 
678000 1248 636.784 -287.431 5.998 2.184 0.0 
679000 1250 621.698 -248.572 6.245 2.1196 0.0 
680000 1253 608.865 -209.052 6.66 2.0536 0.0 
681000 1254 605.327 -208.313 6.821 2.0373 0.0 
682000 1255 613.161 -195.503 6.682 2.0713 0.0 
683000 1256 620.898 -184.027 6.8 2.0972 0.0 
684000 1258 623.89 -161.903 7.084 2.1031 0.0 
685000 1259 631.412 -167.825 6.844 2.1251 0.0 
686000 1261 631.548 -154.543 6.734 2.1371 0.0 
687000 1262 638.917 -158.482 6.502 2.1899 0.0 
688000 1263 646.139 -165.051 6.228 2.2097 0.0 
689000 1264 653.216 -169.444 6.031 2.2423 0.0 
690000 1265 660.152 -172.148 5.822 2.3013 0.0 
691000 1266 659.229 -167.762 5.993 2.2918 0.0 
692000 1267 666.044 -161.152 5.767 2.3368 0.0 
693000 1268 672.723 -156.952 5.948 2.3507 0.0 
694000 1269 679.269 -149.558 5.987 2.3947 0.0 
695000 1270 679.984 -151.159 5.931 2.3943 0.0 
696000 1272 685.076 -139.963 5.662 2.4201 0.0 
697000 1273 691.375 -144.421 5.48 2.4667 0.0 
698000 1274 697.547 -149.958 5.274 2.5008 0.0 
699000 1275 702.936 -139.107 5.341 2.5349 0.0 
700000 1276 708.878 -130.716 5.42 2.556 0.0 
701000 1277 714.7 -120.904 5.517 2.6039 0.0 
702000 1278 720.406 -117.651 5.36 2.6269 0.0 
703000 1279 725.998 -120.934 5.332 2.6557 0.0 
704000 1280 731.478 -127.029 5.124 2.6647 0.0 
705000 1281 736.848 -131.166 4.884 2.708 0.0 
706000 1282 742.111 -134.774 4.701 2.7278 0.0 
707000 1284 735.004 -111.55 5.001 2.7177 0.0 
708000 1285 740.304 -102.558 5.111 2.7363 0.0 
709000 1286 745.498 -109.655 4.9 2.7448 0.0 
710000 1287 744.168 -111.605 4.773 2.7281 0.0 
711000 1290 727.709 -101.036 4.852 2.6484 0.0 
712000 1291 721.235 -84.828 5.037 2.6194 0.0 
713000 1294 708.76 -64.784 5.089 2.5599 0.0 
714000 1297 683.698 -23.112 5.49 2.4484 0.0 
715000 1300 659.924 3.997 5.73 2.3497 0.0 
716000 1301 659.446 15.101 5.828 2.3429 0.0 
717000 1303 661.392 38.648 5.993 2.3479 0.0 
718000 1304 656.724 50.99 6.146 2.3221 0.0 
719000 1305 663.59 64.823 6.242 2.3561 0.0 
720000 1306 670.318 60.355 6.397 2.3665 0.0 
721000 1308 679.933 79.621 6.315 2.4341 0.0 
722000 1309 671.175 87.935 6.471 2.3975 0.0 
723000 1314 635.963 152.594 6.816 2.2619 0.0 
724000 1315 643.244 166.821 6.96 2.2889 0.0 
725000 1317 640.358 184.188 7.118 2.2783 0.0 
726000 1319 625.286 202.561 7.347 2.2145 0.0 
727000 1323 602.715 242.237 7.425 2.1206 0.0 
728000 1324 610.661 240.786 7.196 2.1583 0.0 
729000 1327 598.018 262.612 7.234 2.093 0.0 
730000 1328 606.057 262.38 7.199 2.1496 0.0 
731000 1330 601.219 287.27 7.324 2.1128 0.0 
732000 1332 596.317 318.912 7.622 2.0753 0.0 
733000 1335 583.967 342.88 7.873 2.006 0.0 
734000 1338 566.173 396.178 8.148 1.9261 0.0 
735000 1341 555.498 426.28 8.567 1.8662 0.0 
736000 1343 546.762 467.89 8.756 1.8316 0.0 
737000 1344 555.827 478.32 8.839 1.8587 0.0 
738000 1346 554.249 504.638 8.973 1.8395 0.0 
739000 1348 554.274 523.89 9.019 1.8292 0.0 
740000 1350 552.975 548.565 9.14 1.8251 0.0 
741000 1352 551.771 561.545 9.148 1.8186 0.0 
742000 1353 560.736 574.998 9.164 1.868 0.0 
743000 1354 569.521 575.491 8.919 1.9223 0.0 
744000 1355 578.131 569.799 8.695 1.9452 0.0 
745000 1357 567.995 598.491 9.025 1.9013 0.0 
746000 1359 569.842 614.822 8.856 1.902 0.0 
747000 1360 563.125 630.583 8.956 1.876 0.0 
748000 1361 571.863 628.75 9.072 1.8965 0.0 
749000 1363 577.977 656.815 8.918 1.9169 0.0 
750000 1364 586.418 668.424 9.039 1.9322 0.0 
751000 1365 588.249 682.236 9.132 1.9338 0.0 
752000 1369 577.76 721.029 9.408 1.8728 0.0 
753000 1371 568.963 755.768 9.558 1.835 0.0 
754000 1372 577.584 760.37 9.355 1.856 0.0 
755000 1374 580.532 774.045 9.542 1.8581 0.0 
756000 1376 569.683 815.133 9.824 1.8207 0.0 
757000 1377 578.29 818.13 9.541 1.8516 0.0 
758000 1379 579.804 841.182 9.727 1.8581 0.0 
759000 1380 588.208 836.819 9.432 1.8867 0.0 
760000 1381 584.524 839.009 9.511 1.8744 0.0 
761000 1383 592.157 862.61 9.325 1.9069 0.0 
762000 1385 582.783 883.491 9.56 1.8684 0.0 
763000 1388 572.93 922.683 9.573 1.8223 0.0 
764000 1390 561.2 956.558 9.816 1.7767 0.0 
765000 1391 564.996 955.625 9.963 1.7838 0.0 
766000 1392 573.696 966.556 9.663 1.8397 0.0 
767000 1393 582.222 978.535 9.748 1.873 0.0 
768000 1396 585.249 1007.619 10.02 1.8663 0.0 
769000 1399 570.401 1056.812 10.342 1.8065 0.0 
770000 1400 562.673 1087.417 10.498 1.7782 0.0 
771000 1402 570.975 1112.09 10.64 1.7994 0.0 
772000 1403 572.935 1123.968 10.549 1.7977 0.0 
773000 1404 577.097 1137.4 10.663 1.8062 0.0 
774000 1406 582.669 1156.255 10.65 1.8166 0.0 
775000 1409 569.013 1197.33 10.842 1.7627 0.0 
776000 1411 570.78 1203.316 10.604 1.7593 0.0 
777000 1413 564.005 1224.651 10.505 1.7437 0.0 
778000 1415 560.705 1250.691 10.579 1.7321 0.0 
779000 1416 565.311 1257.363 10.641 1.7566 0.0 
780000 1417 574.004 1262.0 10.367 1.7853 0.0 
781000 1419 575.037 1286.62 10.561 1.7756 0.0 
782000 1421 577.866 1280.48 10.192 1.7917 0.0 
783000 1422 575.308 1296.301 10.255 1.7834 0.0 
784000 1423 583.802 1300.513 9.917 1.8319 0.0 
785000 1425 580.723 1317.494 10.05 1.8121 0.0 
786000 1426 589.109 1312.122 9.737 1.8302 0.0 
787000 1428 596.12 1316.208 9.516 1.8752 0.0 
788000 1430 586.214 1357.331 9.718 1.8331 0.0 
789000 1432 587.72 1374.494 9.767 1.8336 0.0 
790000 1434 581.632 1408.224 9.936 1.8123 0.0 
791000 1435 589.239 1421.63 10.002 1.8357 0.0 
792000 1437 586.941 1451.41 10.197 1.8204 0.0 
793000 1441 564.419 1503.529 10.69 1.7363 0.0 
794000 1445 534.629 1577.001 11.044 1.6306 0.0 
795000 1450 507.733 1641.978 11.428 1.5313 0.0 
796000 1454 487.718 1697.247 11.644 1.4567 0.0 
797000 1455 488.244 1726.13 11.717 1.4577 0.0 
798000 1457 494.47 1756.069 11.814 1.4716 0.0 
799000 1458 493.16 1758.245 11.902 1.4641 0.0 
800000 1459 503.297 1772.144 11.603 1.5386 0.0 
801000 1463 496.467 1823.892 11.958 1.5095 0.0 
802000 1465 492.373 1861.257 12.116 1.4953 0.0 
803000 1467 498.075 1866.385 11.948 1.5399 0.0 
804000 1468 503.714 1888.205 11.912 1.5674 0.0 
805000 1469 500.139 1903.721 11.917 1.553 0.0 
806000 1470 510.137 1900.675 11.969 1.5736 0.0 
807000 1472 515.715 1920.05 11.74 1.5828 0.0 
808000 1473 525.401 1913.921 11.428 1.621 0.0 
809000 1474 534.893 1919.895 11.117 1.6575 0.0 
810000 1476 538.411 1952.685 11.235 1.6821 0.0 
811000 1479 532.832 1971.08 11.282 1.6573 0.0 
812000 1480 530.795 2005.866 11.401 1.6501 0.0 
813000 1482 528.922 2027.384 11.593 1.6399 0.0 
814000 1484 534.719 2059.103 11.569 1.6527 0.0 
815000 1486 522.598 2091.028 11.782 1.6078 0.0 
816000 1490 516.265 2126.658 11.844 1.5741 0.0 
817000 1492 513.378 2171.079 11.988 1.558 0.0 
818000 1496 494.112 2216.115 12.137 1.4861 0.0 
819000 1500 475.79 2273.543 12.255 1.417 0.0 
820000 1503 463.707 2330.752 12.45 1.3715 0.0 
821000 1506 458.027 2379.373 12.694 1.3469 0.0 
822000 1507 453.867 2385.429 12.805 1.3314 0.0 
823000 1511 452.905 2432.915 12.624 1.3348 0.0 
824000 1512 449.387 2449.095 12.601 1.3204 0.0 
825000 1515 455.642 2478.871 12.512 1.3255 0.0 
826000 1518 447.125 2513.493 12.37 1.2919 0.0 
827000 1522 430.991 2570.458 12.497 1.2338 0.0 
828000 1524 425.795 2604.974 12.648 1.2122 0.0 
829000 1527 429.233 2646.964 12.855 1.2163 0.0 
830000 1528 440.648 2648.353 12.501 1.2494 0.0 
831000 1530 445.229 2661.262 12.494 1.257 0.0 
832000 1532 447.135 2693.484 12.482 1.2581 0.0 
833000 1533 442.813 2710.034 12.518 1.2452 0.0 
834000 1535 457.517 2734.715 12.534 1.2922 0.0 
835000 1540 436.942 2786.11 12.549 1.2295 0.0 
836000 1543 426.549 2829.519 12.423 1.1956 0.0 
837000 1546 425.055 2863.018 12.621 1.1949 0.0 
838000 1549 417.991 2922.796 12.741 1.173 0.0 
839000 1552 407.582 2966.897 12.878 1.1401 0.0 
840000 1558 385.285 3038.115 12.821 1.0757 0.0 
841000 1564 359.999 3094.917 12.445 0.9989 0.0 
842000 1566 361.55 3128.339 12.489 1.0017 0.0 
843000 1571 351.656 3175.592 12.5 0.9731 0.0 
844000 1573 350.467 3217.593 12.611 0.9686 0.0 
845000 1576 352.893 3252.923 12.554 0.9852 0.0 
846000 1579 353.985 3290.72 12.655 0.9947 0.0 
847000 1583 347.218 3339.949 12.776 0.9747 0.0 
848000 1586 340.914 3393.99 12.861 0.9548 0.0 
849000 1587 354.096 3394.509 12.587 1.019 0.0 
850000 1589 354.451 3415.612 12.66 1.0192 0.0 
851000 1591 371.254 3421.653 12.35 1.1023 0.0 
852000 1593 373.819 3459.642 12.345 1.1045 0.0 
853000 1595 368.85 3460.618 11.939 1.0838 0.0 
854000 1597 385.383 3478.921 11.948 1.1364 0.0 
855000 1599 383.476 3511.825 12.011 1.1299 0.0 
856000 1602 377.574 3541.922 11.971 1.11 0.0 
857000 1604 389.702 3573.223 11.984 1.1516 0.0 
858000 1605 387.868 3589.099 12.067 1.1442 0.0 
859000 1606 400.11 3590.982 12.083 1.1788 0.0 
860000 1608 418.526 3613.413 11.864 1.2465 0.0 
861000 1611 411.528 3643.479 11.894 1.2187 0.0 
862000 1614 410.521 3669.97 11.749 1.2111 0.0 
863000 1615 422.31 3677.466 11.722 1.2585 0.0 
864000 1617 421.996 3725.155 11.91 1.2532 0.0 
865000 1619 421.743 3753.869 12.069 1.249 0.0 
866000 1620 433.308 3760.769 12.023 1.2826 0.0 
867000 1621 444.642 3769.715 11.827 1.3255 0.0 
868000 1622 446.849 3780.887 11.919 1.3305 0.0 
869000 1624 463.773 3794.991 11.806 1.404 0.0 
870000 1625 474.498 3804.547 11.8 1.4283 0.0 
871000 1627 473.469 3834.287 11.796 1.4192 0.0 
872000 1629 477.373 3850.292 11.858 1.4249 0.0 
873000 1630 487.826 3863.018 11.87 1.4694 0.0 
874000 1631 487.489 3888.77 11.938 1.4608 0.0 
875000 1632 497.74 3899.584 11.897 1.4877 0.0 
876000 1634 507.449 3914.482 11.902 1.518 0.0 
877000 1635 501.94 3931.276 11.955 1.4992 0.0 
878000 1640 487.566 3977.209 11.779 1.4496 0.0 
879000 1641 486.215 3996.523 11.801 1.4428 0.0 
880000 1642 496.491 4003.716 11.67 1.4771 0.0 
881000 1644 497.649 4031.664 11.624 1.4731 0.0 
882000 1646 508.442 4040.058 11.668 1.4999 0.0 
883000 1647 502.733 4067.684 11.732 1.4795 0.0 
884000 1650 507.951 4094.018 11.843 1.4866 0.0 
885000 1651 517.792 4106.035 11.81 1.515 0.0 
886000 1653 506.032 4146.488 11.847 1.4746 0.0 
887000 1656 505.329 4185.5 11.985 1.4822 0.0 
888000 1659 490.081 4229.408 12.043 1.4324 0.0 
889000 1660 495.599 4235.581 12.115 1.4494 0.0 
890000 1663 492.059 4278.506 12.071 1.443 0.0 
891000 1665 494.375 4301.316 12.079 1.4592 0.0 
892000 1666 489.008 4315.008 12.151 1.44 0.0 
893000 1669 493.848 4356.61 12.237 1.4507 0.0 
894000 1671 495.165 4381.459 12.268 1.4527 0.0 
895000 1672 505.262 4390.434 12.132 1.4913 0.0 
896000 1673 515.157 4402.722 12.181 1.5219 0.0 
897000 1675 510.038 4431.033 12.245 1.4981 0.0 
898000 1676 517.877 4440.688 12.251 1.5199 0.0 
899000 1678 524.632 4462.076 12.227 1.5497 0.0 
900000 1680 518.681 4493.82 12.346 1.5272 0.0 
901000 1681 528.308 4502.341 12.267 1.5598 0.0 
902000 1683 534.027 4513.576 12.199 1.5806 0.0 
903000 1684 527.726 4540.358 12.312 1.5604 0.0 
904000 1685 537.171 4550.32 12.209 1.6149 0.0 
905000 1686 543.528 4563.658 12.205 1.6384 0.0 
906000 1687 552.657 4564.917 12.205 1.6733 0.0 
907000 1691 545.901 4597.608 11.952 1.6679 0.0 
908000 1692 539.283 4617.401 12.0 1.6452 0.0 
909000 1696 531.094 4668.367 12.002 1.613 0.0 
910000 1698 521.214 4694.373 12.073 1.577 0.0 
911000 1699 530.789 4701.6 11.888 1.6496 0.0 
912000 1702 521.479 4747.201 12.008 1.6201 0.0 
913000 1703 519.849 4746.258 12.064 1.6155 0.0 
914000 1704 529.452 4749.087 11.814 1.661 0.0 
915000 1706 536.946 4768.887 11.647 1.6974 0.0 
916000 1708 540.763 4790.406 11.535 1.7198 0.0 
917000 1710 530.716 4823.997 11.63 1.6781 0.0 
918000 1713 528.487 4873.018 11.979 1.658 0.0 
919000 1714 524.537 4892.041 12.061 1.6428 0.0 
920000 1717 525.021 4930.492 12.146 1.6573 0.0 
921000 1719 526.34 4955.687 12.123 1.6562 0.0 
922000 1720 520.953 4958.871 12.265 1.637 0.0 
923000 1722 534.463 4964.566 11.646 1.6827 0.0 
924000 1725 518.271 5011.679 11.821 1.6256 0.0 
925000 1728 513.071 5053.287 12.046 1.6024 0.0 
926000 1729 522.809 5047.122 11.849 1.6349 0.0 
927000 1730 532.353 5062.468 11.781 1.6881 0.0 
928000 1731 534.026 5074.834 11.781 1.7016 0.0 
929000 1732 543.346 5072.169 11.576 1.7401 0.0 
930000 1734 544.789 5089.057 11.318 1.747 0.0 
931000 1735 552.293 5104.171 11.299 1.7937 0.0 
932000 1736 548.968 5112.681 11.411 1.7779 0.0 
933000 1738 555.148 5133.859 11.425 1.7879 0.0 
934000 1741 548.978 5170.334 11.397 1.7617 0.0 
935000 1742 557.999 5169.099 11.08 1.7895 0.0 
936000 1743 566.839 5183.171 11.111 1.8213 0.0 
937000 1744 561.542 5183.745 11.16 1.8013 0.0 
938000 1745 570.311 5190.324 10.892 1.8462 0.0 
939000 1746 578.905 5187.661 10.858 1.8737 0.0 
940000 1747 587.327 5194.138 10.554 1.9206 0.0 
941000 1749 585.489 5199.226 10.462 1.935 0.0 
942000 1752 580.969 5241.288 10.293 1.911 0.0 
943000 1753 576.27 5237.289 10.441 1.8889 0.0 
944000 1755 588.27 5253.889 10.04 1.9302 0.0 
945000 1757 583.253 5278.437 10.143 1.91 0.0 
946000 1758 591.588 5287.412 10.074 1.9483 0.0 
947000 1759 596.636 5302.675 10.118 1.9519 0.0 
948000 1760 593.503 5315.139 10.25 1.9375 0.0 
949000 1761 601.633 5328.047 10.272 1.9484 0.0 
950000 1764 596.395 5365.655 10.529 1.9085 0.0 
951000 1765 604.468 5362.851 10.195 1.9378 0.0 
952000 1766 601.618 5368.266 10.215 1.9231 0.0 
953000 1767 609.586 5379.231 10.098 1.9437 0.0 
954000 1769 618.786 5395.491 10.07 1.9581 0.0 
955000 1771 606.113 5414.057 9.915 1.9113 0.0 
956000 1773 611.334 5437.592 9.974 1.9164 0.0 
957000 1774 602.968 5450.434 10.104 1.8863 0.0 
958000 1776 608.95 5468.868 10.179 1.8994 0.0 
959000 1778 607.156 5482.238 9.974 1.9024 0.0 
960000 1779 615.012 5478.083 9.701 1.9304 0.0 
961000 1780 622.712 5474.911 9.358 1.9767 0.0 
962000 1781 623.618 5474.538 9.448 1.9741 0.0 
963000 1784 614.748 5497.271 9.203 1.9457 0.0 
964000 1788 584.03 5532.926 9.218 1.837 0.0 
965000 1791 568.821 5566.504 9.308 1.7833 0.0 
966000 1793 569.936 5576.21 9.057 1.8269 0.0 
967000 1796 555.333 5617.147 9.228 1.775 0.0 
968000 1797 548.726 5612.096 9.384 1.7514 0.0 
969000 1800 543.784 5628.246 8.989 1.7505 0.0 
970000 1802 548.831 5656.778 8.938 1.7599 0.0 
971000 1805 534.381 5706.664 9.42 1.7052 0.0 
972000 1807 536.72 5731.364 9.64 1.7064 0.0 
973000 1809 528.927 5759.319 9.829 1.6767 0.0 
974000 1815 494.336 5824.36 10.009 1.5587 0.0 
975000 1817 483.337 5842.95 9.819 1.5195 0.0 
976000 1818 492.47 5854.039 9.862 1.5544 0.0 
977000 1822 484.073 5913.543 10.206 1.5123 0.0 
978000 1824 474.934 5938.764 10.398 1.4744 0.0 
979000 1828 467.721 5985.992 10.547 1.4345 0.0 
980000 1829 461.946 5992.939 10.68 1.4135 0.0 
981000 1833 461.408 6026.731 10.42 1.4349 0.0 
982000 1837 441.636 6088.209 10.559 1.366 0.0 
983000 1838 438.844 6087.121 10.653 1.3551 0.0 
984000 1843 431.326 6141.396 10.543 1.3446 0.0 
985000 1845 431.403 6184.947 10.826 1.3359 0.0 
986000 1849 416.847 6242.692 11.039 1.2807 0.0 
987000 1853 406.493 6261.646 10.739 1.2434 0.0 
988000 1857 392.658 6314.438 10.892 1.1945 0.0 
989000 1858 404.805 6333.05 10.946 1.2685 0.0 
990000 1861 394.577 6377.09 11.164 1.2305 0.0 
991000 1864 399.63 6396.002 11.137 1.237 0.0 
992000 1866 390.39 6411.769 10.857 1.2044 0.0 
993000 1871 382.112 6469.127 10.813 1.1754 0.0 
994000 1876 363.567 6539.795 11.061 1.1092 0.0 
995000 1879 361.7 6568.326 11.0 1.0991 0.0 
996000 1880 374.466 6580.71 11.046 1.142 0.0 
997000 1882 371.207 6593.897 10.922 1.1208 0.0 
998000 1884 383.827 6613.744 10.87 1.1547 0.0 
999000 1887 378.647 6641.82 10.797 1.1359 0.0 
1000000 1888 391.074 6652.33 10.795 1.1796 0.0 
