10000 582 16.722 -1525.994 -2.363 0.0326 0.0 
20000 1174 16.762 -2908.656 -2.39 0.0329 0.0 
30000 1761 16.463 -4152.539 -2.401 0.0323 0.0 
40000 2362 16.507 -5537.611 -2.278 0.0321 0.0 
50000 2942 16.678 -6851.717 -2.679 0.0324 0.0 
60000 3521 16.562 -7930.913 -2.203 0.0321 0.0 
70000 4108 16.92 -9020.078 -1.814 0.0328 0.0 
80000 4686 17.716 -10087.757 -1.316 0.0346 0.0 
90000 5268 17.919 -11000.569 -1.559 0.0349 0.0 
100000 5853 17.453 -11632.309 -0.715 0.0339 0.0 
110000 6378 18.594 -9370.411 5.328 0.0955 0.0 
120000 6907 19.275 -5896.37 7.9 0.0995 0.0 
130000 7415 20.191 -1786.681 8.807 0.1052 0.0 
140000 7899 21.384 2847.859 10.36 0.1112 0.0 
150000 8352 22.99 7677.219 11.829 0.1211 0.0 
160000 8774 24.244 12507.438 11.932 0.1265 0.0 
170000 9196 23.899 17538.504 12.652 0.1257 0.0 
180000 9605 24.149 23110.31 13.934 0.1261 0.0 
190000 9960 29.751 29318.116 19.088 0.1562 0.0 
200000 10241 36.15 35971.619 25.128 0.1852 0.0 
210000 10444 53.503 42161.198 30.975 0.2801 0.0 
220000 10599 68.221 47649.434 35.612 0.3584 0.0 
230000 10728 72.562 52856.975 38.788 0.3826 0.0 
240000 10833 94.755 58548.255 52.959 0.4975 0.0 
250000 10934 98.543 65041.399 62.121 0.5097 0.0 
260000 11052 87.612 71768.285 60.004 0.4596 0.0 
270000 11159 93.463 78860.694 66.678 0.4934 0.0 
280000 11274 88.749 86332.217 66.473 0.4651 0.0 
290000 11394 83.977 94090.0 65.462 0.434 0.0 
300000 11503 95.492 101892.099 74.03 0.4893 0.0 
310000 11609 95.802 109744.1 74.48 0.4981 0.0 
320000 11716 92.886 117608.734 72.738 0.4819 0.0 
330000 11827 89.482 125480.824 70.936 0.4681 0.0 
340000 11940 87.629 133526.498 70.866 0.4572 0.0 
350000 12073 75.804 141983.089 63.826 0.3982 0.0 
360000 12219 67.261 150654.97 58.355 0.3515 0.0 
370000 12374 65.14 159600.041 57.849 0.337 0.0 
380000 12532 63.991 168408.825 55.935 0.3322 0.0 
390000 12673 72.759 177032.548 61.935 0.3743 0.0 
400000 12791 84.166 185161.519 68.689 0.4388 0.0 
410000 12859 141.001 193037.239 111.746 0.7379 0.0 
420000 12880 265.148 200743.21 205.119 1.3816 0.0 
430000 12900 354.791 209020.648 283.955 1.8378 0.0 
440000 12916 415.964 217732.403 343.686 2.1503 0.0 
450000 12937 451.435 226447.03 382.924 2.3319 0.0 
460000 12960 439.53 235740.583 383.724 2.2797 0.0 
470000 12983 440.241 245698.812 405.065 2.274 0.0 
480000 13003 456.648 255483.183 427.92 2.369 0.0 
490000 13025 456.692 264826.367 427.68 2.3597 0.0 
500000 13042 484.318 274622.969 460.955 2.4996 0.0 
510000 13057 541.876 284102.821 514.718 2.7909 0.0 
520000 13072 567.253 293488.555 536.778 2.9129 0.0 
530000 13088 592.143 303095.96 563.355 3.0558 0.0 
540000 13108 563.121 312639.043 536.385 2.9217 0.0 
550000 13129 532.249 322957.87 520.199 2.7693 0.0 
560000 13150 509.346 333126.151 502.772 2.6541 0.0 
570000 13182 415.197 342223.576 397.124 2.1694 0.0 
580000 13207 408.662 352613.18 403.78 2.1303 0.0 
590000 13230 411.529 362808.279 410.072 2.1477 0.0 
600000 13259 381.078 373199.763 387.375 1.9848 0.0 
610000 13299 303.165 383981.581 316.513 1.58 0.0 
620000 13331 318.772 393814.814 323.748 1.664 0.0 
630000 13360 332.518 404556.696 345.83 1.7305 0.0 
640000 13401 273.525 415286.281 288.307 1.4256 0.0 
650000 13444 246.697 425942.082 260.803 1.2854 0.0 
660000 13486 236.913 436143.767 244.188 1.2232 0.0 
670000 13532 231.786 446783.208 243.471 1.1967 0.0 
680000 13574 236.602 457544.148 253.078 1.2335 0.0 
690000 13633 188.347 468239.563 200.164 0.9778 0.0 
700000 13699 165.503 479377.169 182.931 0.8633 0.0 
710000 13756 168.338 490584.433 188.491 0.8777 0.0 
720000 13823 148.44 501424.197 161.453 0.7702 0.0 
730000 13893 141.014 511802.43 148.279 0.7343 0.0 
740000 13962 144.538 522906.571 158.968 0.7547 0.0 
750000 14023 157.406 534378.982 178.097 0.8248 0.0 
760000 14097 143.234 545601.906 163.096 0.7432 0.0 
770000 14178 128.965 557023.5 147.343 0.6761 0.0 
780000 14278 96.219 567393.498 101.736 0.5018 0.0 
790000 14372 115.418 578694.369 132.676 0.6012 0.0 
800000 14441 138.004 590277.524 160.901 0.7186 0.0 
810000 14501 157.777 600268.582 158.561 0.817 0.0 
820000 14565 150.908 611622.457 164.114 0.7825 0.0 
830000 14628 161.685 623101.163 183.111 0.8391 0.0 
840000 14695 155.463 634161.907 174.131 0.8106 0.0 
850000 14752 176.025 645129.162 191.524 0.9258 0.0 
860000 14797 195.553 656872.725 223.429 1.0265 0.0 
870000 14853 188.936 668163.077 213.789 0.9877 0.0 
880000 14894 214.851 680634.708 258.744 1.1284 0.0 
890000 14934 234.125 692298.436 276.256 1.2251 0.0 
900000 14984 222.113 703745.022 258.8 1.1616 0.0 
910000 15030 210.676 715700.823 248.092 1.0965 0.0 
920000 15083 195.721 727575.568 232.524 1.0226 0.0 
930000 15121 234.767 739502.939 279.305 1.2273 0.0 
940000 15176 199.951 751171.198 234.619 1.0454 0.0 
950000 15233 178.149 763417.605 214.177 0.9302 0.0 
960000 15299 155.202 775162.999 183.561 0.8139 0.0 
970000 15354 172.537 787411.387 209.654 0.9081 0.0 
980000 15408 180.434 799336.516 215.416 0.9385 0.0 
990000 15440 238.141 811572.685 288.836 1.2332 0.0 
1000000 15485 228.637 823671.605 276.887 1.1894 0.0 
1010000 15536 204.748 835458.68 243.46 1.0631 0.0 
1020000 15606 154.264 847068.519 180.134 0.7994 0.0 
1030000 15673 143.696 858567.453 164.441 0.7519 0.0 
1040000 15739 154.722 869969.299 177.418 0.8092 0.0 
1050000 15814 139.364 881189.019 157.775 0.7317 0.0 
1060000 15879 150.574 892689.935 172.187 0.7939 0.0 
1070000 15927 190.667 904783.149 227.592 0.9969 0.0 
1080000 15992 168.015 916643.985 201.092 0.8746 0.0 
1090000 16027 220.479 929151.465 271.333 1.155 0.0 
1100000 16092 175.207 940580.899 205.666 0.9141 0.0 
1110000 16145 174.125 952350.334 203.936 0.9089 0.0 
1120000 16196 184.705 964327.123 218.689 0.9653 0.0 
1130000 16249 190.233 975886.303 221.563 1.0005 0.0 
1140000 16299 198.586 987754.279 234.723 1.0411 0.0 
1150000 16351 191.324 999630.456 226.788 0.9977 0.0 
1160000 16405 188.473 1011435.711 223.508 0.9842 0.0 
1170000 16471 161.191 1023040.177 187.61 0.8424 0.0 
1180000 16548 132.223 1034730.561 154.319 0.6893 0.0 
1190000 16638 114.266 1045763.612 126.584 0.6008 0.0 
1200000 16731 109.361 1056726.534 121.159 0.5714 0.0 
1210000 16809 125.506 1067928.025 139.952 0.6604 0.0 
1220000 16881 132.761 1079441.465 151.508 0.6944 0.0 
1230000 16948 151.587 1090867.23 173.957 0.7927 0.0 
1240000 16999 179.438 1102505.065 208.538 0.9363 0.0 
1250000 17034 228.239 1114801.679 274.457 1.1974 0.0 
1260000 17091 182.778 1126601.478 216.082 0.9636 0.0 
1270000 17182 121.913 1137636.939 136.744 0.6458 0.0 
1280000 17260 129.322 1148830.98 144.574 0.6761 0.0 
1290000 17326 146.795 1159686.186 159.768 0.7684 0.0 
1300000 17411 125.225 1169841.934 129.163 0.6545 0.0 
1310000 17492 122.07 1179894.231 123.593 0.6414 0.0 
1320000 17582 111.5 1189683.895 109.23 0.5834 0.0 
1330000 17683 100.333 1199283.199 96.574 0.5249 0.0 
1340000 17777 104.574 1208926.631 100.931 0.5467 0.0 
1350000 17851 132.075 1218735.044 130.855 0.6921 0.0 
1360000 17909 157.61 1228713.145 155.465 0.8273 0.0 
1370000 17966 170.883 1238703.989 171.456 0.8942 0.0 
1380000 18028 166.445 1248238.881 160.393 0.8664 0.0 
1390000 18127 103.115 1255285.263 75.518 0.5405 0.0 
1400000 18207 128.839 1264162.736 114.662 0.6733 0.0 
1410000 18299 108.538 1273664.224 102.704 0.568 0.0 
1420000 18389 105.991 1283204.045 98.295 0.5561 0.0 
1430000 18471 120.269 1292365.248 109.159 0.6241 0.0 
1440000 18545 148.107 1301023.258 131.32 0.771 0.0 
1450000 18570 250.958 1310377.329 230.381 1.3131 0.0 
1460000 18624 201.179 1319540.182 184.38 1.0501 0.0 
1470000 18686 162.896 1328744.664 147.725 0.8523 0.0 
1480000 18777 119.495 1337437.775 105.173 0.629 0.0 
1490000 18842 147.71 1346659.889 136.585 0.7716 0.0 
1500000 18911 144.581 1355986.323 135.255 0.7646 0.0 
1510000 18973 152.035 1365681.708 145.682 0.801 0.0 
1520000 19059 116.347 1375335.2 112.528 0.6116 0.0 
1530000 19154 110.309 1385327.621 109.08 0.5799 0.0 
1540000 19258 99.078 1395250.9 98.535 0.5181 0.0 
1550000 19375 90.966 1405388.845 92.911 0.4784 0.0 
1560000 19499 78.426 1415303.34 77.947 0.4128 0.0 
1570000 19619 81.597 1424878.082 77.931 0.4285 0.0 
1580000 19737 87.818 1434136.525 81.307 0.4611 0.0 
1590000 19836 107.268 1443121.871 97.844 0.5634 0.0 
1600000 19893 155.387 1452762.009 149.247 0.8187 0.0 
1610000 19953 163.057 1462890.739 163.24 0.8578 0.0 
1620000 20002 189.839 1472772.184 188.698 0.995 0.0 
1630000 20040 235.327 1482335.761 227.909 1.2369 0.0 
1640000 20074 266.882 1491688.593 252.427 1.3966 0.0 
1650000 20115 239.092 1500667.651 219.92 1.2494 0.0 
1660000 20163 214.007 1509822.875 196.794 1.1213 0.0 
1670000 20221 186.59 1519078.058 172.518 0.9804 0.0 
1680000 20274 198.218 1528254.557 183.364 1.0456 0.0 
1690000 20335 160.545 1537390.063 146.073 0.8414 0.0 
1700000 20415 118.662 1545767.393 100.484 0.6184 0.0 
1710000 20565 66.238 1553618.416 51.07 0.3454 0.0 
1720000 20658 112.764 1560869.585 79.585 0.5903 0.0 
1730000 20747 110.716 1568488.583 83.9 0.5823 0.0 
1740000 20799 167.952 1575708.262 120.19 0.8864 0.0 
1750000 20885 132.567 1583911.206 103.09 0.6965 0.0 
1760000 20950 147.877 1591256.201 111.35 0.7774 0.0 
1770000 21010 156.224 1599704.32 129.767 0.8308 0.0 
1780000 21070 162.596 1609152.055 149.566 0.8528 0.0 
1790000 21160 117.584 1618697.853 110.814 0.6182 0.0 
1800000 21277 87.964 1628033.272 83.348 0.4657 0.0 
1810000 21383 93.798 1637765.658 90.214 0.4912 0.0 
1820000 21486 98.625 1647284.461 94.127 0.518 0.0 
1830000 21587 99.579 1656745.53 94.97 0.5248 0.0 
1840000 21671 116.998 1665817.087 109.51 0.6153 0.0 
1850000 21751 119.939 1676140.974 122.211 0.6264 0.0 
1860000 21836 117.994 1686323.481 119.74 0.6151 0.0 
1870000 21921 119.055 1696379.312 119.495 0.6227 0.0 
1880000 21987 145.954 1706724.739 150.297 0.7634 0.0 
1890000 22034 178.461 1716983.068 181.636 0.9322 0.0 
1900000 22056 284.192 1726428.232 277.94 1.4897 0.0 
1910000 22078 347.119 1733244.885 288.484 1.8193 0.0 
1920000 22119 284.587 1743303.02 261.907 1.4816 0.0 
1930000 22165 247.683 1754354.526 253.654 1.2942 0.0 
1940000 22204 260.972 1765165.059 275.2 1.366 0.0 
1950000 22241 261.543 1776116.484 282.482 1.3736 0.0 
1960000 22293 210.001 1787769.817 235.982 1.1007 0.0 
1970000 22360 155.032 1799339.02 176.388 0.8074 0.0 
1980000 22454 107.9 1810092.738 115.592 0.5701 0.0 
1990000 22580 84.504 1819640.478 81.665 0.4448 0.0 
2000000 22680 108.298 1830000.607 113.175 0.5683 0.0 
2010000 22758 121.203 1841285.011 134.747 0.6362 0.0 
2020000 22849 109.036 1852262.334 120.217 0.579 0.0 
2030000 22947 107.981 1863504.208 122.54 0.5715 0.0 
2040000 23062 85.518 1874403.462 93.416 0.4498 0.0 
2050000 23145 119.161 1886199.505 140.174 0.628 0.0 
2060000 23210 141.653 1898707.877 174.129 0.7451 0.0 
2070000 23298 114.376 1910128.102 131.515 0.6049 0.0 
2080000 23383 117.087 1921432.334 132.62 0.62 0.0 
2090000 23490 99.063 1932308.931 108.275 0.5217 0.0 
2100000 23582 104.788 1943434.313 115.935 0.5493 0.0 
2110000 23681 100.999 1953526.955 103.525 0.5288 0.0 
2120000 23771 111.471 1963927.821 116.417 0.5826 0.0 
2130000 23827 159.605 1975530.037 180.809 0.8353 0.0 
2140000 23884 172.627 1986923.59 195.931 0.9136 0.0 
2150000 23926 211.429 1998651.311 245.151 1.1215 0.0 
2160000 23970 225.106 2010380.061 264.117 1.1913 0.0 
2170000 24011 235.549 2022462.001 281.843 1.2399 0.0 
2180000 24044 259.217 2034542.056 310.592 1.3579 0.0 
2190000 24085 247.013 2046283.75 292.484 1.2969 0.0 
2200000 24151 168.526 2057524.966 191.8 0.8901 0.0 
2210000 24222 145.404 2068662.144 161.555 0.76 0.0 
2220000 24291 152.306 2080663.588 181.177 0.7933 0.0 
2230000 24346 164.524 2093864.373 209.723 0.8611 0.0 
2240000 24397 185.289 2106796.703 237.696 0.9681 0.0 
2250000 24459 162.533 2117866.777 186.449 0.8508 0.0 
2260000 24570 89.335 2126823.453 79.264 0.4679 0.0 
2270000 24642 135.679 2137815.388 144.534 0.7175 0.0 
2280000 24723 143.125 2147130.907 139.628 0.7477 0.0 
2290000 24786 163.454 2160257.295 205.507 0.8608 0.0 
2300000 24820 232.092 2174616.758 322.16 1.2224 0.0 
2310000 24870 219.342 2187997.92 299.313 1.1463 0.0 
2320000 24908 245.856 2199933.304 309.425 1.2915 0.0 
2330000 24961 191.578 2211340.82 227.556 1.0027 0.0 
2340000 25021 165.59 2222325.137 186.847 0.8727 0.0 
2350000 25071 186.699 2233669.828 211.432 0.9843 0.0 
2360000 25163 119.445 2244407.356 130.611 0.6234 0.0 
2370000 25217 163.175 2256193.89 188.757 0.8525 0.0 
2380000 25253 235.652 2269025.983 293.904 1.2229 0.0 
2390000 25288 256.723 2282082.408 329.836 1.3438 0.0 
2400000 25331 231.002 2295411.976 300.063 1.2088 0.0 
2410000 25445 94.345 2306245.427 104.664 0.4934 0.0 
2420000 25512 143.682 2317835.033 165.636 0.7621 0.0 
2430000 25600 111.328 2328838.087 120.82 0.5827 0.0 
2440000 25683 110.967 2339055.543 118.42 0.5744 0.0 
2450000 25751 141.835 2349347.491 149.806 0.7464 0.0 
2460000 25814 154.592 2360180.396 166.086 0.8084 0.0 
2470000 25886 141.886 2371437.671 158.734 0.7469 0.0 
2480000 25949 149.736 2382895.542 168.523 0.798 0.0 
2490000 26000 181.245 2395528.986 223.255 0.9554 0.0 
2500000 26040 223.722 2408982.535 291.974 1.1703 0.0 
2510000 26073 254.163 2422215.486 333.998 1.3352 0.0 
2520000 26125 220.605 2435343.204 291.259 1.1517 0.0 
2530000 26168 223.073 2448546.39 293.606 1.1702 0.0 
2540000 26225 184.069 2461129.247 235.379 0.9663 0.0 
2550000 26274 196.236 2474426.549 255.915 1.0338 0.0 
2560000 26331 181.045 2487314.632 235.162 0.9546 0.0 
2570000 26389 179.016 2500330.612 233.743 0.9425 0.0 
2580000 26461 142.79 2512984.071 181.828 0.7463 0.0 
2590000 26558 107.577 2525397.928 133.867 0.5653 0.0 
2600000 26653 106.01 2537807.119 131.737 0.5621 0.0 
2610000 26730 131.068 2550690.707 168.819 0.6882 0.0 
2620000 26781 173.635 2564300.88 232.513 0.911 0.0 
2630000 26840 171.84 2578113.614 235.941 0.9071 0.0 
2640000 26906 156.485 2592392.636 221.072 0.822 0.0 
2650000 26970 161.242 2606315.664 226.01 0.8499 0.0 
2660000 27040 148.874 2619650.489 201.881 0.7834 0.0 
2670000 27092 177.467 2634064.257 252.284 0.9335 0.0 
2680000 27126 240.35 2649091.839 354.857 1.2603 0.0 
2690000 27155 283.812 2664034.705 421.413 1.4871 0.0 
2700000 27176 352.352 2679230.05 529.44 1.8471 0.0 
2710000 27209 325.474 2693490.697 476.749 1.7064 0.0 
2720000 27257 239.764 2705203.549 310.61 1.2551 0.0 
2730000 27313 205.398 2718334.018 269.673 1.0759 0.0 
2740000 27354 217.68 2732841.114 302.808 1.1423 0.0 
2750000 27403 211.359 2746606.114 292.518 1.1153 0.0 
2760000 27441 239.71 2760861.218 336.543 1.264 0.0 
2770000 27506 173.112 2773973.706 232.079 0.9142 0.0 
2780000 27573 149.294 2786851.643 193.665 0.786 0.0 
2790000 27635 158.309 2799694.054 203.492 0.8337 0.0 
2800000 27694 163.486 2811233.942 198.971 0.8599 0.0 
2810000 27763 146.663 2822814.325 174.216 0.776 0.0 
2820000 27840 135.575 2834946.742 163.332 0.7136 0.0 
2830000 27903 151.798 2848439.317 199.042 0.8028 0.0 
2840000 27975 138.495 2861657.914 181.94 0.73 0.0 
2850000 28055 125.545 2874484.009 161.41 0.6616 0.0 
2860000 28175 83.278 2886147.181 97.413 0.4383 0.0 
2870000 28321 67.44 2897217.845 74.922 0.356 0.0 
2880000 28436 84.346 2908887.533 96.955 0.444 0.0 
2890000 28562 78.561 2919906.548 86.696 0.4103 0.0 
2900000 28660 101.989 2932078.426 122.558 0.5397 0.0 
2910000 28741 114.754 2944083.095 136.817 0.6101 0.0 
2920000 28821 118.919 2955335.009 134.342 0.6254 0.0 
2930000 28908 110.926 2966778.72 125.617 0.5842 0.0 
2940000 28993 114.57 2978488.977 132.859 0.6025 0.0 
2950000 29079 125.105 2990074.09 145.24 0.6571 0.0 
2960000 29163 116.779 3002268.837 140.634 0.6133 0.0 
2970000 29231 142.127 3014902.878 177.134 0.7472 0.0 
2980000 29293 150.225 3026952.926 186.725 0.7896 0.0 
2990000 29365 142.41 3039671.51 180.452 0.7466 0.0 
3000000 29440 132.396 3052541.139 168.507 0.7038 0.0 
3010000 29518 126.197 3065417.375 161.351 0.668 0.0 
3020000 29628 95.622 3077190.282 114.582 0.5095 0.0 
3030000 29740 89.067 3088476.169 101.321 0.476 0.0 
3040000 29836 106.018 3100550.23 127.937 0.5569 0.0 
3050000 29922 121.927 3112855.152 151.699 0.6485 0.0 
3060000 30006 114.05 3125210.021 139.501 0.6002 0.0 
3070000 30095 130.6 3137822.637 169.803 0.6906 0.0 
3080000 30163 141.973 3150933.853 187.148 0.7511 0.0 
3090000 30245 118.087 3163395.607 146.212 0.6219 0.0 
3100000 30336 109.299 3175152.003 128.542 0.5742 0.0 
3110000 30401 162.106 3188285.079 213.919 0.8437 0.0 
3120000 30461 161.169 3201114.926 206.602 0.8414 0.0 
3130000 30528 146.011 3213331.948 178.225 0.7601 0.0 
3140000 30598 131.46 3225826.066 157.746 0.6875 0.0 
3150000 30675 127.8 3238130.213 156.521 0.6743 0.0 
3160000 30763 122.26 3250185.137 150.375 0.6455 0.0 
3170000 30815 158.945 3264152.606 213.213 0.8378 0.0 
3180000 30865 185.492 3278331.249 259.5 0.976 0.0 
3190000 30921 179.484 3292235.818 250.085 0.9459 0.0 
3200000 30994 145.555 3305660.116 198.774 0.7633 0.0 
3210000 31084 110.673 3318337.017 140.288 0.5812 0.0 
3220000 31177 110.335 3330476.718 135.633 0.5851 0.0 
3230000 31251 130.954 3343545.794 169.868 0.6866 0.0 
3240000 31327 120.787 3355904.895 148.714 0.6338 0.0 
3250000 31407 121.64 3368913.317 155.089 0.6418 0.0 
3260000 31483 132.598 3382188.535 176.331 0.6989 0.0 
3270000 31577 117.764 3395028.258 154.709 0.6176 0.0 
3280000 31676 97.707 3408003.274 126.051 0.5137 0.0 
3290000 31764 111.054 3421376.368 148.318 0.582 0.0 
3300000 31868 91.395 3434458.823 119.937 0.4804 0.0 
3310000 31981 86.465 3446947.536 110.515 0.4537 0.0 
3320000 32108 79.34 3459327.399 98.064 0.4163 0.0 
3330000 32222 82.651 3472068.383 104.454 0.4355 0.0 
3340000 32318 97.86 3485374.367 129.91 0.5131 0.0 
3350000 32417 98.686 3498403.739 128.456 0.5176 0.0 
3360000 32516 105.358 3511785.505 141.424 0.5577 0.0 
3370000 32600 114.87 3525287.745 153.777 0.6071 0.0 
3380000 32689 115.435 3538055.325 148.924 0.6134 0.0 
3390000 32761 135.646 3551082.247 177.155 0.7139 0.0 
3400000 32842 123.584 3564153.285 162.1 0.652 0.0 
3410000 32961 92.896 3576289.376 116.066 0.4944 0.0 
3420000 33084 89.28 3588259.258 109.604 0.4732 0.0 
3430000 33172 105.093 3600966.347 131.615 0.5563 0.0 
3440000 33279 88.679 3613548.553 110.801 0.4686 0.0 
3450000 33395 94.237 3625172.244 110.457 0.5005 0.0 
3460000 33493 87.469 3635798.725 99.316 0.4594 0.0 
3470000 33620 73.334 3647650.181 84.616 0.3903 0.0 
3480000 33764 72.994 3659403.844 87.92 0.3845 0.0 
3490000 33863 100.757 3672006.246 128.73 0.5327 0.0 
3500000 33974 87.076 3684030.056 104.888 0.4558 0.0 
3510000 34075 100.17 3696563.807 124.982 0.5337 0.0 
3520000 34142 133.437 3708342.023 160.823 0.7072 0.0 
3530000 34213 136.296 3721496.628 177.026 0.7227 0.0 
3540000 34312 105.149 3734394.599 136.412 0.5526 0.0 
3550000 34377 151.889 3748327.145 211.473 0.802 0.0 
3560000 34453 137.716 3761847.788 187.433 0.7274 0.0 
3570000 34526 136.469 3775999.634 192.116 0.7162 0.0 
3580000 34592 144.046 3790094.532 201.702 0.7558 0.0 
3590000 34663 143.193 3804084.884 199.83 0.7439 0.0 
3600000 34733 143.856 3817774.458 197.372 0.753 0.0 
3610000 34813 132.518 3830679.038 173.828 0.6938 0.0 
3620000 34920 95.967 3843205.064 120.804 0.5096 0.0 
3630000 35013 101.365 3855334.711 126.943 0.5353 0.0 
3640000 35127 87.565 3867847.459 109.941 0.4662 0.0 
3650000 35244 83.885 3879990.037 102.111 0.4398 0.0 
3660000 35351 93.207 3892005.153 111.822 0.4946 0.0 
3670000 35457 98.988 3903988.39 120.189 0.5238 0.0 
3680000 35567 93.668 3916524.175 117.431 0.499 0.0 
3690000 35662 100.617 3929360.146 128.419 0.5368 0.0 
3700000 35776 85.124 3941308.453 101.502 0.4527 0.0 
3710000 35867 109.55 3953265.497 130.071 0.5772 0.0 
3720000 35958 107.681 3966295.764 137.182 0.5711 0.0 
3730000 36065 95.429 3978655.602 117.806 0.5055 0.0 
3740000 36185 85.009 3990943.204 104.959 0.448 0.0 
3750000 36288 99.994 4003784.176 128.759 0.5292 0.0 
3760000 36399 84.955 4015910.423 101.92 0.4473 0.0 
3770000 36506 91.468 4028256.55 112.616 0.4845 0.0 
