10000 492 20.566 5813.911 11.692 0.0252 0 0 0 
20000 992 20.199 11570.79 11.739 0.0248 0 0 0 
30000 1376 25.847 16771.656 19.694 0.0916 0 0 0 
40000 1785 23.9 24970.327 20.482 0.0832 0 0 0 
50000 2193 26.041 33669.379 22.543 0.0925 0 0 0 
60000 2602 24.911 41816.735 19.795 0.088 0 0 0 
70000 2997 28.593 49866.626 23.013 0.1019 0 0 0 
80000 3287 37.791 57743.675 29.637 0.1333 0 0 0 
90000 3472 53.079 64496.225 36.625 0.1878 0 0 0 
100000 3620 70.035 71997.033 51.409 0.2498 0 0 0 
110000 3794 61.553 80658.883 53.94 0.2167 0 0 0 
120000 3946 66.37 89790.776 61.644 0.2345 0 0 0 
130000 4084 75.902 99334.609 71.366 0.2711 0 0 0 
140000 4214 81.286 108480.188 72.366 0.2891 0 0 0 
150000 4275 141.61 115761.383 107.198 0.507 0 0 0 
160000 4333 167.924 123386.667 127.487 0.5998 0 0 0 
170000 4391 163.04 131113.315 126.365 0.5753 0 0 0 
180000 4502 94.476 140038.223 83.06 0.3309 0 0 0 
190000 4624 80.823 149120.742 73.664 0.2879 0 0 0 
200000 4715 126.827 157255.348 100.168 0.4519 0 0 0 
210000 4770 166.13 164625.254 124.035 0.5928 0 0 0 
220000 4816 206.326 172273.291 156.227 0.7385 0 0 0 
230000 4834 321.075 179260.863 232.303 1.1408 0 0 0 
240000 4845 441.447 186297.734 315.868 1.5767 0 0 0 
250000 4855 527.546 193580.388 379.286 1.8885 0 0 0 
260000 4870 580.569 200913.064 420.607 2.0678 0 0 0 
270000 4881 643.917 207777.65 459.314 2.2875 0 0 0 
280000 4896 649.974 214797.673 461.91 2.3147 0 0 0 
290000 4906 705.757 221657.983 496.759 2.514 0 0 0 
300000 4917 748.674 228749.011 527.83 2.6704 0 0 0 
310000 4929 764.244 235825.883 539.539 2.7257 0 0 0 
320000 4939 805.331 242300.424 558.443 2.8821 0 0 0 
330000 4949 837.041 249346.131 582.344 2.9983 0 0 0 
340000 4962 818.559 256199.639 567.491 2.9372 0 0 0 
350000 4972 851.749 263162.147 592.214 3.0557 0 0 0 
360000 4983 861.48 269521.315 589.608 3.0916 0 0 0 
370000 5009 667.144 275326.389 438.782 2.3953 0 0 0 
380000 5021 703.704 281250.301 452.028 2.5296 0 0 0 
390000 5032 735.615 287913.929 475.615 2.6358 0 0 0 
400000 5046 746.962 294537.036 486.054 2.6751 0 0 0 
410000 5058 752.783 301017.014 489.247 2.7015 0 0 0 
420000 5071 764.371 307980.649 505.682 2.7452 0 0 0 
430000 5083 780.006 315123.005 525.46 2.7988 0 0 0 
440000 5094 808.224 322424.698 554.416 2.9056 0 0 0 
450000 5107 784.324 329601.349 543.212 2.8192 0 0 0 
460000 5126 713.43 335322.688 474.981 2.5768 0 0 0 
470000 5141 692.256 341152.354 447.417 2.5066 0 0 0 
480000 5154 709.074 347401.233 454.361 2.5658 0 0 0 
490000 5166 749.489 353662.865 476.927 2.7144 0 0 0 
500000 5180 741.541 360260.613 476.388 2.6827 0 0 0 
510000 5191 761.422 366945.268 492.804 2.7604 0 0 0 
520000 5204 777.147 373653.804 507.662 2.8229 0 0 0 
530000 5220 732.497 380525.431 484.602 2.657 0 0 0 
540000 5236 703.309 386828.86 459.012 2.5566 0 0 0 
550000 5251 687.117 393511.087 451.895 2.4998 0 0 0 
560000 5265 704.43 400335.481 467.424 2.5584 0 0 0 
570000 5302 456.841 407685.926 313.738 1.6584 0 0 0 
580000 5334 398.134 414827.321 276.648 1.4439 0 0 0 
590000 5359 399.82 421646.426 276.042 1.4485 0 0 0 
600000 5377 445.974 428554.901 308.203 1.6162 0 0 0 
610000 5392 500.15 435267.879 342.398 1.8007 0 0 0 
620000 5402 591.586 441435.707 392.516 2.1354 0 0 0 
630000 5418 608.532 447492.074 392.386 2.2009 0 0 0 
640000 5429 657.636 453453.661 415.656 2.3836 0 0 0 
650000 5440 712.477 460433.799 461.996 2.5777 0 0 0 
660000 5454 711.122 467704.207 474.365 2.5673 0 0 0 
670000 5465 747.995 474728.863 504.58 2.7047 0 0 0 
680000 5483 696.919 480936.403 463.277 2.517 0 0 0 
690000 5496 704.577 487847.888 472.751 2.5455 0 0 0 
700000 5510 711.031 494846.642 482.499 2.5646 0 0 0 
710000 5526 698.078 500922.995 461.061 2.513 0 0 0 
720000 5544 655.258 507460.678 431.496 2.3585 0 0 0 
730000 5560 650.417 514141.724 430.711 2.3354 0 0 0 
740000 5572 693.067 520689.205 457.716 2.4948 0 0 0 
750000 5582 733.462 527082.135 481.307 2.6459 0 0 0 
760000 5593 774.296 533828.836 510.023 2.7918 0 0 0 
770000 5605 792.674 540685.333 527.765 2.8576 0 0 0 
780000 5618 775.109 547225.178 515.67 2.7936 0 0 0 
790000 5631 777.755 553567.106 510.396 2.8106 0 0 0 
800000 5642 818.296 560315.967 540.186 2.9581 0 0 0 
810000 5653 825.436 566753.091 542.94 2.9864 0 0 0 
820000 5673 723.038 573492.533 479.667 2.6237 0 0 0 
830000 5701 573.218 579756.159 373.291 2.0841 0 0 0 
840000 5713 631.231 586346.917 413.143 2.3011 0 0 0 
850000 5739 538.163 592572.868 346.38 1.9565 0 0 0 
860000 5815 200.75 598467.013 123.178 0.7302 0 0 0 
870000 5829 332.44 603832.48 189.725 1.2133 0 0 0 
880000 5863 316.894 610056.738 187.648 1.1554 0 0 0 
890000 5912 241.188 616679.347 153.428 0.8771 0 0 0 
900000 5947 269.094 623275.484 174.29 0.9802 0 0 0 
910000 5976 290.396 629361.35 182.796 1.0576 0 0 0 
920000 5998 349.72 636006.691 225.805 1.2665 0 0 0 
930000 6012 446.309 643174.828 301.422 1.6227 0 0 0 
940000 6026 503.478 649674.94 336.14 1.8379 0 0 0 
950000 6043 517.577 656101.181 341.469 1.8905 0 0 0 
960000 6068 483.866 662251.273 311.903 1.7642 0 0 0 
970000 6091 460.843 667915.943 284.103 1.6836 0 0 0 
980000 6113 456.46 674413.146 286.865 1.6658 0 0 0 
990000 6145 390.217 680616.096 243.625 1.4272 0 0 0 
1000000 6186 300.895 686363.669 181.893 1.1015 0 0 0 
1010000 6211 348.169 692413.456 210.461 1.2713 0 0 0 
1020000 6230 401.612 698535.613 244.137 1.4719 0 0 0 
1030000 6250 437.371 704742.055 267.157 1.6042 0 0 0 
1040000 6266 476.345 711097.73 293.656 1.7408 0 0 0 
1050000 6278 567.052 717705.33 358.546 2.0733 0 0 0 
1060000 6294 577.997 724055.367 366.504 2.1164 0 0 0 
1070000 6310 581.293 730837.13 375.791 2.1252 0 0 0 
1080000 6346 422.726 737730.696 281.039 1.5422 0 0 0 
1090000 6374 402.369 743870.983 257.419 1.4631 0 0 0 
1100000 6387 481.955 750148.774 305.678 1.7568 0 0 0 
1110000 6398 572.805 756398.099 361.994 2.0902 0 0 0 
1120000 6418 548.572 762358.081 340.821 2.0 0 0 0 
1130000 6438 512.839 768397.895 316.482 1.8728 0 0 0 
1140000 6454 557.901 774632.944 344.62 2.0317 0 0 0 
1150000 6468 593.856 781116.524 372.27 2.1578 0 0 0 
1160000 6493 519.815 787924.852 334.929 1.8887 0 0 0 
1170000 6508 550.969 794305.696 353.302 2.0076 0 0 0 
1180000 6530 527.636 800853.91 340.616 1.9227 0 0 0 
1190000 6543 570.046 806672.688 359.216 2.0735 0 0 0 
1200000 6559 603.336 812852.554 375.816 2.1975 0 0 0 
1210000 6588 489.709 819153.611 306.471 1.7857 0 0 0 
1220000 6615 442.02 825595.774 279.889 1.6149 0 0 0 
1230000 6641 415.059 832021.284 264.501 1.5112 0 0 0 
1240000 6663 429.54 838264.56 271.554 1.5662 0 0 0 
1250000 6705 317.207 844585.765 200.369 1.1585 0 0 0 
1260000 6745 292.658 850765.678 182.136 1.0652 0 0 0 
1270000 6792 244.859 857265.316 155.778 0.8911 0 0 0 
1280000 6844 223.472 863860.855 144.249 0.813 0 0 0 
1290000 6867 300.801 869718.846 183.608 1.0992 0 0 0 
1300000 6909 229.058 875840.662 139.398 0.8351 0 0 0 
1310000 6961 217.132 881429.521 124.569 0.7898 0 0 0 
1320000 6989 273.541 886816.52 150.945 0.9921 0 0 0 
1330000 7008 353.081 892552.378 198.777 1.284 0 0 0 
1340000 7026 405.996 898398.363 231.158 1.4774 0 0 0 
1350000 7037 511.477 904566.112 300.772 1.8563 0 0 0 
1360000 7049 584.086 910514.672 345.015 2.117 0 0 0 
1370000 7198 109.272 914648.358 53.819 0.3974 0 0 0 
1380000 7211 261.238 920738.839 148.962 0.9419 0 0 0 
1390000 7224 373.988 926171.588 208.508 1.3456 0 0 0 
1400000 7237 467.555 931763.861 260.282 1.6877 0 0 0 
1410000 7263 430.241 937268.551 239.43 1.5629 0 0 0 
1420000 7307 312.971 943160.5 178.611 1.1329 0 0 0 
1430000 7328 375.61 948953.175 216.024 1.3604 0 0 0 
1440000 7343 442.378 954259.028 247.37 1.6023 0 0 0 
1450000 7365 449.729 960128.594 256.123 1.6234 0 0 0 
1460000 7380 491.66 966022.527 282.309 1.7803 0 0 0 
1470000 7398 524.595 971714.17 300.957 1.9029 0 0 0 
1480000 7456 300.646 976859.225 164.522 1.0935 0 0 0 
1490000 7474 374.187 982727.298 211.177 1.3643 0 0 0 
1500000 7490 451.251 988508.02 257.319 1.643 0 0 0 
1510000 7512 457.498 994194.052 260.276 1.6647 0 0 0 
1520000 7530 474.165 1000422.506 278.475 1.7239 0 0 0 
1530000 7631 164.124 1006091.261 93.235 0.5995 0 0 0 
1540000 7690 152.161 1012169.283 89.198 0.5527 0 0 0 
1550000 7807 124.708 1017922.968 73.806 0.4523 0 0 0 
1560000 7828 235.352 1023525.207 134.219 0.856 0 0 0 
1570000 7864 255.989 1028208.342 131.782 0.9346 0 0 0 
1580000 7894 303.54 1032684.665 145.733 1.1042 0 0 0 
1590000 7911 387.062 1037920.372 193.052 1.4095 0 0 0 
1600000 7931 425.94 1043273.093 218.124 1.543 0 0 0 
1610000 7947 476.02 1048427.605 244.923 1.7293 0 0 0 
1620000 7961 531.184 1053790.887 275.723 1.9355 0 0 0 
1630000 7974 594.623 1059520.023 318.817 2.1677 0 0 0 
1640000 7988 610.478 1065258.286 332.639 2.2215 0 0 0 
1650000 8002 648.551 1070775.522 355.517 2.3628 0 0 0 
1660000 8012 704.443 1076753.725 394.838 2.5697 0 0 0 
1670000 8024 725.611 1082779.078 414.882 2.6489 0 0 0 
1680000 8039 713.979 1088686.57 411.67 2.6041 0 0 0 
1690000 8057 670.967 1094809.205 392.675 2.4493 0 0 0 
1700000 8078 587.834 1101212.886 352.117 2.1439 0 0 0 
1710000 8094 615.106 1107155.85 368.282 2.2487 0 0 0 
1720000 8116 555.78 1113490.371 338.619 2.0264 0 0 0 
1730000 8131 578.016 1119506.986 350.691 2.1106 0 0 0 
1740000 8153 539.864 1125683.69 329.684 1.9748 0 0 0 
1750000 8187 410.948 1131944.573 253.448 1.5037 0 0 0 
1760000 8209 436.052 1138160.98 269.281 1.5972 0 0 0 
1770000 8225 489.303 1143703.442 291.564 1.7855 0 0 0 
1780000 8248 471.787 1148687.621 263.982 1.7252 0 0 0 
1790000 8261 527.849 1153949.58 290.54 1.9364 0 0 0 
1800000 8283 494.098 1159323.423 269.749 1.8162 0 0 0 
1810000 8335 277.808 1163560.669 135.424 1.024 0 0 0 
1820000 8428 158.453 1166745.442 62.29 0.5811 0 0 0 
1830000 8448 267.953 1171803.54 125.907 0.9881 0 0 0 
1840000 8463 374.864 1177798.704 197.998 1.3817 0 0 0 
1850000 8481 428.964 1183650.472 235.281 1.5794 0 0 0 
1860000 8500 460.556 1189855.777 263.968 1.6904 0 0 0 
1870000 8515 506.804 1196382.098 304.471 1.8553 0 0 0 
1880000 8528 574.905 1203003.933 356.447 2.1007 0 0 0 
1890000 8547 551.353 1209461.535 346.315 2.0198 0 0 0 
1900000 8602 286.831 1216066.154 183.341 1.0505 0 0 0 
1910000 8682 155.026 1223275.002 109.089 0.5648 0 0 0 
1920000 8720 204.671 1229766.776 137.341 0.7488 0 0 0 
1930000 8730 350.158 1235324.824 214.649 1.2771 0 0 0 
1940000 8740 469.032 1241073.02 278.932 1.7145 0 0 0 
1950000 8755 530.658 1246728.198 310.66 1.9399 0 0 0 
1960000 8766 601.793 1252545.381 350.15 2.2048 0 0 0 
1970000 8779 648.72 1257892.593 370.291 2.3777 0 0 0 
1980000 8797 602.043 1263121.025 335.098 2.2099 0 0 0 
1990000 8814 592.856 1268829.847 333.815 2.1756 0 0 0 
2000000 8833 577.98 1274860.128 331.623 2.1209 0 0 0 
2010000 8854 535.587 1280906.62 312.192 1.968 0 0 0 
2020000 8887 411.799 1287912.841 256.358 1.5159 0 0 0 
2030000 8929 304.33 1294888.592 198.13 1.1187 0 0 0 
2040000 8964 304.237 1301088.995 193.904 1.1169 0 0 0 
2050000 8994 309.437 1307398.756 196.29 1.137 0 0 0 
2060000 9007 410.637 1312193.683 234.72 1.5159 0 0 0 
2070000 9025 450.196 1317413.409 246.548 1.6653 0 0 0 
2080000 9037 538.574 1323927.9 313.921 1.9853 0 0 0 
2090000 9053 570.462 1330479.998 345.279 2.1065 0 0 0 
2100000 9073 549.777 1336906.907 338.817 2.0312 0 0 0 
2110000 9091 544.422 1342777.707 330.536 2.0112 0 0 0 
2120000 9118 479.82 1349119.175 295.486 1.77 0 0 0 
2130000 9133 531.697 1355250.948 326.889 1.9576 0 0 0 
2140000 9146 584.508 1361128.258 354.439 2.1495 0 0 0 
2150000 9168 538.661 1366859.148 321.474 1.9769 0 0 0 
2160000 9187 531.127 1372506.109 312.339 1.9466 0 0 0 
2170000 9212 482.1 1378154.162 280.773 1.7656 0 0 0 
2180000 9247 382.506 1383905.369 221.696 1.4046 0 0 0 
2190000 9269 404.175 1389751.446 235.096 1.4867 0 0 0 
2200000 9285 464.231 1395398.153 265.739 1.7131 0 0 0 
2210000 9300 526.954 1400973.839 299.509 1.9424 0 0 0 
2220000 9320 516.679 1407428.361 307.23 1.9021 0 0 0 
2230000 9338 519.469 1413725.437 314.703 1.9026 0 0 0 
2240000 9354 557.581 1419751.455 337.191 2.0346 0 0 0 
2250000 9367 598.384 1425780.069 362.359 2.1823 0 0 0 
2260000 9389 552.558 1431875.591 335.015 2.0137 0 0 0 
2270000 9411 508.741 1438435.312 315.351 1.8523 0 0 0 
2280000 9434 486.155 1445276.978 312.7 1.7678 0 0 0 
2290000 9455 474.688 1452755.135 321.787 1.7202 0 0 0 
2300000 9475 476.289 1458210.853 302.777 1.7308 0 0 0 
2310000 9490 521.47 1463115.094 306.513 1.8895 0 0 0 
2320000 9504 562.24 1467917.219 312.568 2.0407 0 0 0 
2330000 9516 621.265 1473140.744 337.359 2.2648 0 0 0 
2340000 9529 661.988 1478064.597 351.92 2.4193 0 0 0 
2350000 9540 708.898 1483590.164 379.104 2.5896 0 0 0 
2360000 9551 745.242 1488368.088 392.704 2.7258 0 0 0 
2370000 9562 790.674 1493437.145 409.995 2.894 0 0 0 
2380000 9572 828.167 1498216.281 421.919 3.0358 0 0 0 
2390000 9588 767.307 1503540.401 395.404 2.8114 0 0 0 
2400000 9609 659.37 1508933.077 343.068 2.4152 0 0 0 
2410000 9624 667.865 1514776.89 359.152 2.4483 0 0 0 
2420000 9660 437.275 1521372.211 249.587 1.6001 0 0 0 
2430000 9684 427.356 1527352.691 247.532 1.5674 0 0 0 
2440000 9714 384.927 1533841.776 232.971 1.4117 0 0 0 
2450000 9752 317.342 1540175.656 196.694 1.1592 0 0 0 
2460000 9778 349.084 1546471.74 216.909 1.2757 0 0 0 
2470000 9793 438.009 1552523.095 269.078 1.6066 0 0 0 
2480000 9808 496.369 1558571.854 303.438 1.8248 0 0 0 
2490000 9820 559.484 1564170.473 334.077 2.0593 0 0 0 
2500000 9839 542.793 1569471.428 314.539 2.0032 0 0 0 
2510000 9865 480.841 1574571.43 267.394 1.7796 0 0 0 
2520000 9893 422.485 1579771.052 228.6 1.5564 0 0 0 
2530000 9952 253.078 1585231.601 137.38 0.9269 0 0 0 
2540000 9981 291.373 1590403.511 154.657 1.0773 0 0 0 
2550000 10016 286.488 1595692.986 151.89 1.0573 0 0 0 
2560000 10066 226.598 1601213.92 123.658 0.8355 0 0 0 
2570000 10139 172.445 1605702.823 82.244 0.6358 0 0 0 
2580000 10163 267.82 1610185.461 124.479 0.9891 0 0 0 
2590000 10181 350.388 1615893.393 180.899 1.291 0 0 0 
2600000 10209 346.702 1621470.604 185.431 1.2676 0 0 0 
2610000 10230 402.876 1627018.755 218.948 1.4708 0 0 0 
2620000 10248 448.029 1631071.358 218.424 1.6307 0 0 0 
2630000 10278 384.386 1635556.239 179.72 1.4053 0 0 0 
2640000 10292 470.471 1640612.723 228.14 1.7273 0 0 0 
2650000 10311 498.224 1645927.044 249.305 1.8308 0 0 0 
2660000 10334 467.3 1650480.98 227.17 1.7196 0 0 0 
2670000 10360 422.899 1655460.067 206.962 1.5522 0 0 0 
2680000 10414 244.635 1659942.073 114.846 0.8985 0 0 0 
2690000 10448 271.059 1664655.143 127.723 0.9964 0 0 0 
2700000 10469 346.103 1669995.192 174.711 1.2684 0 0 0 
2710000 10480 446.638 1675411.413 233.716 1.6394 0 0 0 
2720000 10496 504.931 1680933.333 268.59 1.8568 0 0 0 
2730000 10522 456.64 1686686.476 249.675 1.6791 0 0 0 
2740000 10548 430.063 1692702.723 244.223 1.5814 0 0 0 
2750000 10571 441.649 1698656.976 255.451 1.6269 0 0 0 
2760000 10594 415.362 1704216.378 236.574 1.5297 0 0 0 
2770000 10624 386.711 1709844.332 219.544 1.4164 0 0 0 
2780000 10640 455.661 1715785.035 263.083 1.6708 0 0 0 
2790000 10653 524.431 1721845.808 308.078 1.9341 0 0 0 
2800000 10669 541.048 1728308.894 327.112 1.9953 0 0 0 
2810000 10686 554.391 1734107.875 330.87 2.0489 0 0 0 
2820000 10702 563.832 1739897.206 333.813 2.0925 0 0 0 
2830000 10713 634.65 1746051.443 379.338 2.361 0 0 0 
2840000 10727 650.829 1752353.289 394.402 2.4244 0 0 0 
2850000 10750 582.59 1758305.79 351.959 2.1712 0 0 0 
2860000 10798 356.956 1764262.823 215.623 1.3263 0 0 0 
2870000 10820 400.989 1770065.786 238.607 1.4903 0 0 0 
2880000 10842 423.161 1776200.702 254.921 1.5735 0 0 0 
2890000 10857 479.919 1782031.174 287.739 1.7799 0 0 0 
2900000 10869 550.566 1787984.432 327.802 2.0491 0 0 0 
2910000 10892 506.103 1794182.559 304.725 1.8771 0 0 0 
2920000 10912 506.498 1799842.296 299.469 1.8788 0 0 0 
2930000 10923 579.612 1806422.371 353.323 2.1442 0 0 0 
2940000 10935 643.248 1812613.298 394.693 2.3779 0 0 0 
2950000 10946 681.495 1818540.707 414.13 2.517 0 0 0 
2960000 10971 566.29 1824501.907 341.943 2.0893 0 0 0 
2970000 10992 547.564 1830113.02 323.669 2.019 0 0 0 
2980000 11031 391.913 1835615.489 225.962 1.4473 0 0 0 
2990000 11048 450.991 1841321.98 259.184 1.6681 0 0 0 
3000000 11063 508.621 1846849.794 287.287 1.8876 0 0 0 
3010000 11080 527.358 1852947.127 304.687 1.9581 0 0 0 
3020000 11091 601.253 1858967.55 351.622 2.2346 0 0 0 
3030000 11106 614.076 1865236.803 367.507 2.2763 0 0 0 
3040000 11118 662.181 1871663.612 403.006 2.4502 0 0 0 
3050000 11133 656.441 1878011.421 404.34 2.4298 0 0 0 
3060000 11149 658.079 1885248.32 424.317 2.4304 0 0 0 
3070000 11166 637.536 1892136.944 419.817 2.3536 0 0 0 
3080000 11177 688.752 1898361.799 446.748 2.5363 0 0 0 
3090000 11190 714.538 1904840.993 463.569 2.6333 0 0 0 
3100000 11207 664.592 1912417.38 447.68 2.4433 0 0 0 
3110000 11241 484.212 1919962.529 336.013 1.7831 0 0 0 
3120000 11258 521.076 1925891.412 345.756 1.9229 0 0 0 
3130000 11272 552.77 1931959.919 361.498 2.0406 0 0 0 
3140000 11285 618.913 1938025.323 392.162 2.2722 0 0 0 
3150000 11299 633.753 1944021.31 395.064 2.3203 0 0 0 
3160000 11314 641.812 1949692.127 393.065 2.3523 0 0 0 
3170000 11327 677.047 1955557.281 408.003 2.4752 0 0 0 
3180000 11338 729.409 1961509.152 437.866 2.6712 0 0 0 
3190000 11350 757.153 1967112.111 446.791 2.7791 0 0 0 
3200000 11369 668.716 1972286.15 382.659 2.4539 0 0 0 
3210000 11386 655.573 1977890.327 374.438 2.4113 0 0 0 
3220000 11404 616.363 1983437.819 351.255 2.2744 0 0 0 
3230000 11432 510.674 1988936.139 286.611 1.8992 0 0 0 
3240000 11472 361.93 1994404.68 201.381 1.3498 0 0 0 
3250000 11524 260.253 2000140.912 147.671 0.9692 0 0 0 
3260000 11575 215.445 2004939.454 111.613 0.8012 0 0 0 
3270000 11601 298.566 2010748.029 165.452 1.1126 0 0 0 
3280000 11623 355.241 2016048.339 192.74 1.3302 0 0 0 
3290000 11638 422.469 2021199.333 224.925 1.5819 0 0 0 
3300000 11653 488.672 2027129.964 270.819 1.8242 0 0 0 
3310000 11677 466.58 2033761.765 276.51 1.7403 0 0 0 
3320000 11696 488.607 2040863.225 307.892 1.8218 0 0 0 
3330000 11711 536.21 2048301.782 357.132 1.9963 0 0 0 
3340000 11733 507.906 2055951.333 355.918 1.8848 0 0 0 
3350000 11749 527.444 2063381.563 376.04 1.9595 0 0 0 
3360000 11771 508.648 2070162.076 357.783 1.8878 0 0 0 
3370000 11784 568.661 2078160.307 416.576 2.1146 0 0 0 
3380000 11801 576.232 2085479.327 422.5 2.1425 0 0 0 
3390000 11830 464.149 2092290.56 331.744 1.7272 0 0 0 
3400000 11851 474.606 2098335.188 321.505 1.7673 0 0 0 
3410000 11866 529.075 2104161.398 341.713 1.9734 0 0 0 
3420000 11899 416.72 2109431.374 251.557 1.5551 0 0 0 
3430000 11915 472.075 2115005.801 276.554 1.7556 0 0 0 
3440000 11936 468.883 2120754.046 273.444 1.7482 0 0 0 
3450000 11961 439.705 2126703.114 258.046 1.6366 0 0 0 
3460000 11988 412.324 2133279.578 252.851 1.5314 0 0 0 
3470000 12020 377.389 2139812.381 235.892 1.4048 0 0 0 
3480000 12035 447.96 2146296.018 283.519 1.6724 0 0 0 
3490000 12051 515.196 2152658.242 327.916 1.9247 0 0 0 
3500000 12061 588.497 2158419.327 366.237 2.1892 0 0 0 
3510000 12080 567.596 2165476.358 361.825 2.1104 0 0 0 
3520000 12095 597.059 2172311.258 393.854 2.2185 0 0 0 
3530000 12127 451.766 2179933.235 311.567 1.6717 0 0 0 
3540000 12148 461.016 2188331.409 342.201 1.7055 0 0 0 
3550000 12160 548.516 2196375.041 418.253 2.0281 0 0 0 
3560000 12173 595.772 2203623.177 448.435 2.2076 0 0 0 
3570000 12190 593.432 2211327.464 449.865 2.1966 0 0 0 
3580000 12211 548.242 2219132.166 420.399 2.0255 0 0 0 
3590000 12226 588.234 2227066.949 454.409 2.1719 0 0 0 
3600000 12241 604.659 2235126.403 472.941 2.2335 0 0 0 
3610000 12263 553.074 2241802.124 415.574 2.0439 0 0 0 
3620000 12277 580.46 2248456.644 422.366 2.1443 0 0 0 
3630000 12311 442.519 2255847.259 323.759 1.6384 0 0 0 
3640000 12331 454.02 2262445.216 321.932 1.684 0 0 0 
3650000 12353 459.8 2267498.57 291.216 1.7167 0 0 0 
3660000 12383 401.645 2272156.864 228.958 1.4986 0 0 0 
3670000 12420 343.786 2278048.127 199.665 1.2823 0 0 0 
3680000 12437 411.909 2285797.612 273.291 1.5315 0 0 0 
3690000 12453 469.486 2294365.362 342.484 1.7317 0 0 0 
3700000 12467 542.08 2301896.981 399.307 2.002 0 0 0 
3710000 12480 581.552 2307994.981 408.924 2.1439 0 0 0 
3720000 12496 598.418 2316231.419 441.942 2.195 0 0 0 
3730000 12514 585.679 2323803.251 436.046 2.1519 0 0 0 
3740000 12536 535.934 2331484.89 402.819 1.9763 0 0 0 
3750000 12558 489.265 2339290.519 374.843 1.7913 0 0 0 
3760000 12586 450.518 2346692.815 336.793 1.647 0 0 0 
3770000 12604 479.2 2353335.389 344.881 1.7544 0 0 0 
3780000 12619 515.911 2359841.387 360.521 1.894 0 0 0 
3790000 12638 533.595 2367228.408 379.744 1.9629 0 0 0 
3800000 12652 576.564 2374098.208 406.3 2.1258 0 0 0 
3810000 12669 582.779 2380604.19 401.19 2.147 0 0 0 
3820000 12698 467.567 2388463.744 337.533 1.7231 0 0 0 
3830000 12725 435.587 2396316.877 322.221 1.6065 0 0 0 
3840000 12744 462.287 2405122.41 366.571 1.7071 0 0 0 
3850000 12771 415.428 2414700.894 351.637 1.5306 0 0 0 
3860000 12793 423.373 2423860.593 374.062 1.5599 0 0 0 
3870000 12810 487.191 2433775.168 445.989 1.7879 0 0 0 
3880000 12824 539.317 2444362.643 518.144 1.9784 0 0 0 
3890000 12863 373.476 2454040.184 359.133 1.3666 0 0 0 
3900000 12890 384.146 2463686.687 372.48 1.4052 0 0 0 
3910000 12903 457.659 2473812.579 449.865 1.6644 0 0 0 
3920000 12919 511.361 2483410.852 500.328 1.8637 0 0 0 
3930000 12933 560.158 2492927.95 543.737 2.0531 0 0 0 
3940000 12946 602.344 2501782.338 568.944 2.2112 0 0 0 
3950000 12959 654.214 2510903.702 613.309 2.409 0 0 0 
3960000 12974 655.78 2519929.484 609.406 2.4147 0 0 0 
3970000 12986 691.017 2530085.157 656.948 2.5383 0 0 0 
3980000 13002 676.713 2540689.343 662.594 2.4784 0 0 0 
3990000 13017 665.066 2551299.744 664.172 2.4417 0 0 0 
4000000 13036 630.638 2561164.113 629.984 2.315 0 0 0 
