10000 485 20.333 3712.175 7.811 0.0137 0.0 
20000 975 20.217 7433.662 7.251 0.0135 0.0 
30000 1461 20.218 11381.487 7.652 0.0131 0.0 
40000 1960 20.018 15211.325 7.71 0.0131 0.0 
50000 2455 20.879 19146.164 8.669 0.0137 0.0 
60000 2945 20.468 22991.007 7.448 0.0139 0.0 
70000 3435 20.072 26944.923 7.537 0.0137 0.0 
80000 3932 19.609 30959.191 7.659 0.0136 0.0 
90000 4420 20.215 35055.372 8.616 0.014 0.0 
100000 4908 21.413 39195.922 8.667 0.0149 0.0 
110000 5413 20.775 43804.023 12.883 0.1506 0.0 
120000 5881 21.652 50820.523 15.857 0.1549 0.0 
130000 6346 22.392 58201.088 16.326 0.1637 0.0 
140000 6805 21.54 65249.336 14.646 0.1543 0.0 
150000 7271 21.45 71957.667 13.797 0.1532 0.0 
160000 7716 23.873 79318.799 19.481 0.1794 0.0 
170000 8044 36.092 88414.032 34.548 0.1592 0.0 
180000 8204 88.098 96847.547 67.313 0.3904 0.0 
190000 8277 120.131 104341.837 92.143 0.6155 0.0 
200000 8357 125.053 112733.538 104.136 0.661 0.0 
210000 8433 130.353 121072.488 108.633 0.7072 0.0 
220000 8529 105.778 129954.646 93.157 0.5791 0.0 
230000 8640 90.795 139187.258 83.277 0.4952 0.0 
240000 8749 92.899 148775.751 88.528 0.5225 0.0 
250000 8840 103.946 157993.271 96.845 0.5732 0.0 
260000 8930 112.109 167092.207 101.948 0.609 0.0 
270000 9005 119.762 175789.392 108.509 0.6537 0.0 
280000 9104 102.084 185444.997 97.691 0.5593 0.0 
290000 9210 98.407 195109.77 93.809 0.5335 0.0 
300000 9301 109.299 204735.407 105.079 0.5909 0.0 
310000 9342 187.404 213245.229 163.692 1.0091 0.0 
320000 9370 254.585 220812.736 206.009 1.3721 0.0 
330000 9386 356.453 227475.919 262.525 1.9129 0.0 
340000 9405 415.193 235380.332 315.167 2.222 0.0 
350000 9416 506.418 243727.94 397.168 2.7004 0.0 
360000 9427 589.797 253388.282 494.909 3.1578 0.0 
370000 9444 588.896 263821.731 529.276 3.1532 0.0 
380000 9459 608.626 274403.355 575.304 3.2522 0.0 
390000 9476 602.651 284884.478 586.866 3.2222 0.0 
400000 9491 607.19 295723.43 608.388 3.2567 0.0 
410000 9502 661.469 306375.781 675.323 3.5434 0.0 
420000 9520 638.391 316656.809 650.782 3.4221 0.0 
430000 9548 518.007 327556.129 540.151 2.7737 0.0 
440000 9567 514.134 339232.3 555.833 2.7482 0.0 
450000 9585 521.797 351863.726 595.206 2.7954 0.0 
460000 9595 607.908 365649.343 735.491 3.2544 0.0 
470000 9605 679.632 380076.714 865.58 3.6327 0.0 
480000 9616 715.153 394379.02 936.995 3.8294 0.0 
490000 9628 750.726 407980.833 993.765 4.0188 0.0 
500000 9647 680.236 422550.347 923.336 3.6345 0.0 
510000 9662 659.949 438427.042 931.192 3.5302 0.0 
520000 9681 628.678 454058.161 915.165 3.3668 0.0 
530000 9702 566.834 467831.222 810.433 3.0388 0.0 
540000 9717 585.878 476914.147 755.985 3.1543 0.0 
550000 9736 561.297 486347.337 671.083 3.0253 0.0 
560000 9750 602.553 499646.257 741.683 3.2352 0.0 
570000 9761 654.86 512981.046 819.884 3.5152 0.0 
580000 9772 714.173 527721.456 935.501 3.8149 0.0 
590000 9782 758.741 543039.233 1041.326 4.0584 0.0 
600000 9796 753.554 558460.782 1059.071 4.0182 0.0 
610000 9809 758.717 573719.694 1085.143 4.0569 0.0 
620000 9824 731.224 588682.779 1063.426 3.908 0.0 
630000 9837 745.76 603776.368 1089.584 3.9857 0.0 
640000 9851 741.463 618631.194 1089.02 3.973 0.0 
650000 9867 698.103 633728.879 1027.559 3.7345 0.0 
660000 9890 608.822 649602.134 917.857 3.257 0.0 
670000 9924 447.918 664712.502 675.478 2.4011 0.0 
680000 9987 226.519 678500.369 330.154 1.2232 0.0 
690000 10002 342.551 692953.109 492.817 1.8425 0.0 
700000 10014 449.45 708281.194 664.276 2.4135 0.0 
710000 10027 513.491 724691.098 786.67 2.7528 0.0 
720000 10038 592.572 740980.98 924.869 3.1668 0.0 
730000 10048 664.653 757923.352 1058.642 3.5475 0.0 
740000 10060 701.672 773987.333 1122.554 3.7555 0.0 
750000 10074 709.035 790670.01 1147.176 3.7956 0.0 
760000 10096 613.689 806223.284 981.439 3.2782 0.0 
770000 10110 648.458 822931.256 1052.574 3.4699 0.0 
780000 10128 615.047 838579.684 989.032 3.2968 0.0 
790000 10145 607.691 853651.013 959.215 3.2466 0.0 
800000 10159 630.813 868068.467 972.343 3.3799 0.0 
810000 10181 564.312 878516.178 787.429 3.0267 0.0 
820000 10198 571.251 891986.346 787.888 3.0569 0.0 
830000 10213 589.854 906394.505 817.436 3.1612 0.0 
840000 10223 664.881 924083.801 997.378 3.5694 0.0 
850000 10233 726.183 942371.096 1145.363 3.8921 0.0 
860000 10244 770.789 960622.858 1263.08 4.1333 0.0 
870000 10254 812.718 978953.874 1365.699 4.3523 0.0 
880000 10266 820.016 996640.364 1394.369 4.393 0.0 
890000 10276 843.667 1013837.712 1436.916 4.5096 0.0 
900000 10287 852.183 1031200.491 1456.731 4.5629 0.0 
910000 10298 865.184 1046738.057 1456.801 4.6409 0.0 
920000 10310 861.147 1062768.731 1433.394 4.6259 0.0 
930000 10325 812.642 1075462.706 1289.266 4.3797 0.0 
940000 10336 839.69 1085402.318 1212.724 4.5573 0.0 
950000 10346 869.015 1101739.961 1288.008 4.6958 0.0 
960000 10361 816.002 1116158.903 1197.439 4.3972 0.0 
970000 10376 765.241 1131251.63 1127.72 4.1257 0.0 
980000 10386 808.184 1147393.249 1220.35 4.3581 0.0 
990000 10396 838.502 1164090.062 1301.668 4.5162 0.0 
1000000 10406 868.045 1179385.34 1334.301 4.6906 0.0 
1010000 10417 882.288 1193931.704 1342.256 4.7576 0.0 
1020000 10428 886.761 1209105.184 1357.689 4.7829 0.0 
1030000 10438 907.475 1224912.057 1390.841 4.8821 0.0 
1040000 10449 908.285 1238372.047 1363.105 4.8964 0.0 
1050000 10459 924.774 1255715.065 1428.057 4.9825 0.0 
1060000 10471 897.682 1272441.12 1410.23 4.8244 0.0 
1070000 10482 913.154 1289862.761 1467.407 4.9115 0.0 
1080000 10492 929.04 1308381.797 1537.653 5.0017 0.0 
1090000 10502 934.826 1326501.171 1578.099 5.0154 0.0 
1100000 10514 903.032 1342542.639 1504.946 4.8358 0.0 
1110000 10525 904.571 1358699.529 1503.507 4.8468 0.0 
1120000 10538 878.019 1375291.593 1454.489 4.7223 0.0 
1130000 10549 887.407 1392898.464 1490.41 4.7757 0.0 
1140000 10561 876.446 1408619.434 1454.837 4.7337 0.0 
1150000 10574 846.767 1421962.341 1355.464 4.5771 0.0 
1160000 10588 811.296 1435887.443 1257.208 4.3845 0.0 
1170000 10599 845.934 1450640.326 1298.193 4.5784 0.0 
1180000 10611 843.352 1467871.813 1328.365 4.5543 0.0 
1190000 10623 832.746 1485063.012 1338.841 4.4893 0.0 
1200000 10633 863.341 1501419.745 1392.33 4.6552 0.0 
1210000 10643 880.352 1516639.297 1403.735 4.7292 0.0 
1220000 10653 902.239 1530355.741 1398.61 4.852 0.0 
1230000 10666 882.425 1544531.916 1345.617 4.7495 0.0 
1240000 10676 903.933 1561038.875 1399.307 4.8683 0.0 
1250000 10690 860.748 1573645.835 1281.279 4.6424 0.0 
1260000 10701 855.721 1587537.842 1250.732 4.6228 0.0 
1270000 10712 876.004 1602204.873 1287.311 4.72 0.0 
1280000 10722 898.686 1620004.577 1375.758 4.8369 0.0 
1290000 10733 899.449 1638444.988 1431.749 4.8348 0.0 
1300000 10743 917.843 1656097.924 1491.558 4.9335 0.0 
1310000 10753 924.934 1674163.972 1534.533 4.966 0.0 
1320000 10763 938.666 1691409.034 1569.551 5.0401 0.0 
1330000 10773 949.886 1709488.365 1612.279 5.1007 0.0 
1340000 10783 959.053 1727338.333 1642.135 5.1334 0.0 
1350000 10794 955.161 1744417.938 1635.538 5.1115 0.0 
1360000 10805 948.98 1760327.082 1605.611 5.0802 0.0 
1370000 10815 958.313 1777030.028 1618.064 5.1322 0.0 
1380000 10826 950.097 1793751.265 1599.993 5.0738 0.0 
1390000 10836 959.225 1808529.946 1577.019 5.1345 0.0 
1400000 10846 953.719 1822593.086 1525.965 5.094 0.0 
1410000 10856 962.185 1839505.275 1552.201 5.1355 0.0 
1420000 10866 969.102 1855702.45 1569.462 5.1642 0.0 
1430000 10877 957.547 1871414.631 1540.637 5.1248 0.0 
1440000 10889 939.027 1886490.184 1493.185 5.0296 0.0 
1450000 10899 945.061 1901196.39 1481.61 5.0591 0.0 
1460000 10910 945.075 1916742.142 1478.9 5.0596 0.0 
1470000 10922 910.992 1932768.429 1430.538 4.8852 0.0 
1480000 10935 890.752 1949254.995 1414.456 4.7717 0.0 
1490000 10947 864.517 1965218.992 1373.481 4.6343 0.0 
1500000 10963 809.083 1981491.743 1292.906 4.3271 0.0 
1510000 10977 775.885 1997733.209 1243.181 4.1462 0.0 
1520000 10995 713.706 2013074.398 1134.225 3.8122 0.0 
1530000 11009 717.501 2025747.278 1082.468 3.8201 0.0 
1540000 11021 728.357 2036462.433 1023.045 3.903 0.0 
1550000 11069 441.387 2043760.958 516.649 2.3757 0.0 
1560000 11091 441.834 2051595.52 458.965 2.3819 0.0 
1570000 11105 521.154 2059882.081 500.687 2.8237 0.0 
1580000 11134 421.218 2066320.653 361.593 2.2777 0.0 
1590000 11146 523.104 2074164.84 430.774 2.8266 0.0 
1600000 11159 574.664 2082354.914 475.828 3.0991 0.0 
1610000 11194 422.449 2090936.434 350.715 2.2812 0.0 
1620000 11234 329.065 2101872.803 310.642 1.7817 0.0 
1630000 11251 400.403 2114062.312 422.503 2.1761 0.0 
1640000 11262 505.154 2127792.043 590.467 2.7428 0.0 
1650000 11275 574.883 2140650.272 698.263 3.1121 0.0 
1660000 11290 593.702 2156647.739 784.554 3.2038 0.0 
1670000 11300 668.025 2173159.221 941.906 3.6136 0.0 
1680000 11315 673.248 2189001.645 983.082 3.6272 0.0 
1690000 11325 733.02 2203357.823 1066.412 3.945 0.0 
1700000 11335 781.858 2217443.52 1128.405 4.2052 0.0 
1710000 11347 785.291 2232785.09 1148.643 4.2129 0.0 
1720000 11359 804.021 2248097.614 1189.219 4.3083 0.0 
1730000 11370 827.32 2263348.716 1233.791 4.4425 0.0 
1740000 11382 812.045 2280390.25 1246.451 4.3478 0.0 
1750000 11395 814.626 2294862.256 1234.957 4.3616 0.0 
1760000 11422 618.85 2308162.534 910.448 3.299 0.0 
1770000 11454 477.03 2321439.48 675.148 2.5563 0.0 
1780000 11479 437.802 2334669.919 606.53 2.3488 0.0 
1790000 11498 467.968 2348417.714 644.964 2.5 0.0 
1800000 11509 566.698 2363724.28 813.132 3.0284 0.0 
1810000 11519 645.961 2378824.159 939.163 3.4608 0.0 
1820000 11531 683.431 2396208.792 1044.204 3.6601 0.0 
1830000 11543 715.342 2410249.375 1070.717 3.8289 0.0 
1840000 11554 753.27 2422517.092 1080.743 4.0281 0.0 
1850000 11565 782.869 2436818.279 1118.518 4.1775 0.0 
1860000 11578 771.377 2452561.885 1123.767 4.1197 0.0 
1870000 11592 751.915 2468496.969 1125.141 4.0188 0.0 
1880000 11602 797.297 2484536.005 1208.791 4.2684 0.0 
1890000 11613 821.381 2501126.874 1270.031 4.3948 0.0 
1900000 11623 853.224 2517591.809 1335.766 4.5699 0.0 
1910000 11634 869.232 2532407.656 1344.803 4.665 0.0 
1920000 11645 873.61 2546711.549 1331.121 4.6864 0.0 
1930000 11657 864.009 2561198.048 1305.471 4.624 0.0 
1940000 11668 879.352 2577092.486 1339.3 4.7131 0.0 
1950000 11679 886.595 2593158.496 1371.896 4.7555 0.0 
1960000 11690 887.226 2608997.405 1375.321 4.7527 0.0 
1970000 11714 711.258 2621788.569 1060.485 3.823 0.0 
1980000 11733 651.506 2637360.224 982.463 3.4967 0.0 
1990000 11749 645.547 2653548.82 992.73 3.4659 0.0 
2000000 11763 652.073 2669627.924 1012.961 3.4832 0.0 
2010000 11776 678.119 2684172.187 1033.395 3.6285 0.0 
2020000 11787 734.714 2699253.496 1120.858 3.9442 0.0 
2030000 11798 772.482 2712406.466 1139.382 4.1566 0.0 
2040000 11810 769.114 2727306.468 1134.183 4.136 0.0 
2050000 11821 803.876 2742851.15 1201.728 4.3139 0.0 
2060000 11831 837.486 2757962.035 1266.337 4.4896 0.0 
2070000 11843 835.642 2771176.443 1219.474 4.4777 0.0 
2080000 11857 812.09 2784892.749 1169.217 4.3599 0.0 
2090000 11868 829.662 2798120.41 1174.655 4.4553 0.0 
2100000 11880 821.13 2810554.165 1128.265 4.4139 0.0 
2110000 11890 853.85 2823780.345 1167.201 4.5979 0.0 
2120000 11901 870.041 2836411.615 1167.33 4.6798 0.0 
2130000 11923 705.114 2850238.377 951.459 3.7897 0.0 
2140000 11948 587.397 2862494.459 771.282 3.1643 0.0 
2150000 11958 662.873 2878237.795 917.928 3.569 0.0 
2160000 11968 724.543 2893059.528 1020.463 3.9036 0.0 
2170000 11978 774.932 2908028.03 1107.257 4.1765 0.0 
2180000 11988 800.343 2923507.692 1164.538 4.2986 0.0 
2190000 11998 836.865 2938705.464 1228.399 4.4968 0.0 
2200000 12008 866.707 2953705.283 1279.37 4.6413 0.0 
2210000 12018 891.09 2969124.066 1329.952 4.764 0.0 
2220000 12029 908.598 2985393.33 1378.971 4.8564 0.0 
2230000 12040 901.108 3000146.326 1358.935 4.8258 0.0 
2240000 12054 856.0 3014834.296 1283.822 4.5845 0.0 
2250000 12066 855.396 3030571.859 1295.538 4.5776 0.0 
2260000 12078 851.738 3046371.799 1302.848 4.554 0.0 
2270000 12088 868.04 3063371.821 1354.522 4.6398 0.0 
2280000 12098 892.179 3080096.783 1412.738 4.7715 0.0 
2290000 12110 877.629 3095935.749 1393.073 4.7028 0.0 
2300000 12122 873.432 3110641.339 1366.624 4.6728 0.0 
2310000 12133 889.593 3125961.224 1386.155 4.7703 0.0 
2320000 12145 867.541 3141231.536 1344.297 4.6634 0.0 
2330000 12158 844.39 3153668.013 1257.23 4.5451 0.0 
2340000 12169 852.681 3169232.475 1274.636 4.6063 0.0 
2350000 12181 846.289 3179827.69 1200.281 4.5669 0.0 
2360000 12191 874.407 3191557.576 1188.928 4.7237 0.0 
2370000 12204 855.086 3204676.584 1149.848 4.603 0.0 
2380000 12215 869.391 3220625.283 1215.832 4.6765 0.0 
2390000 12225 893.283 3237127.79 1293.795 4.7927 0.0 
2400000 12235 912.805 3252474.94 1340.14 4.9004 0.0 
2410000 12246 903.567 3268268.604 1344.668 4.8505 0.0 
2420000 12258 899.145 3280562.626 1290.365 4.8367 0.0 
2430000 12270 888.029 3295894.923 1292.549 4.7639 0.0 
2440000 12280 908.512 3311381.515 1339.648 4.8692 0.0 
2450000 12290 925.247 3328037.771 1399.018 4.9496 0.0 
2460000 12301 917.898 3343440.736 1392.161 4.9142 0.0 
2470000 12312 915.158 3356729.86 1352.796 4.8923 0.0 
2480000 12322 930.678 3372546.963 1394.758 4.9702 0.0 
2490000 12332 943.359 3389755.643 1455.434 5.0429 0.0 
2500000 12343 937.305 3408255.474 1502.855 5.0226 0.0 
2510000 12353 948.774 3424840.001 1529.369 5.0856 0.0 
2520000 12363 950.305 3441403.689 1540.317 5.0878 0.0 
2530000 12375 926.406 3458056.013 1508.607 4.9669 0.0 
2540000 12389 877.775 3474137.33 1425.869 4.6997 0.0 
2550000 12399 898.415 3490781.289 1467.435 4.8055 0.0 
2560000 12411 876.205 3508342.583 1452.934 4.6949 0.0 
2570000 12422 883.082 3526601.878 1493.842 4.7221 0.0 
2580000 12433 895.782 3544361.235 1530.068 4.7813 0.0 
2590000 12443 914.847 3562846.697 1588.103 4.892 0.0 
2600000 12454 899.009 3577554.911 1511.021 4.8134 0.0 
2610000 12469 852.433 3595755.877 1459.028 4.5679 0.0 
2620000 12480 855.941 3612674.203 1459.898 4.5789 0.0 
2630000 12491 873.95 3627189.597 1443.495 4.6794 0.0 
2640000 12501 895.431 3643556.173 1477.636 4.8005 0.0 
2650000 12512 897.536 3660557.995 1490.638 4.8176 0.0 
2660000 12522 913.942 3677405.069 1522.078 4.9143 0.0 
2670000 12532 929.684 3693742.066 1541.483 4.9855 0.0 
2680000 12543 922.093 3708450.22 1496.376 4.9321 0.0 
2690000 12557 866.949 3719619.678 1316.325 4.6499 0.0 
2700000 12569 854.822 3732871.113 1265.26 4.5878 0.0 
2710000 12580 865.266 3744480.062 1220.135 4.6469 0.0 
2720000 12591 875.576 3757824.478 1222.236 4.7074 0.0 
2730000 12602 877.592 3771609.887 1221.566 4.703 0.0 
2740000 12614 872.751 3785960.744 1225.583 4.6722 0.0 
2750000 12625 882.625 3801253.201 1261.556 4.7143 0.0 
2760000 12635 903.745 3815222.906 1284.214 4.8289 0.0 
2770000 12646 911.253 3829325.004 1294.248 4.8649 0.0 
2780000 12657 911.317 3843938.708 1301.515 4.8685 0.0 
2790000 12667 912.883 3857042.809 1291.938 4.8919 0.0 
2800000 12683 842.925 3868822.829 1148.113 4.5344 0.0 
2810000 12694 859.987 3884357.098 1203.906 4.6209 0.0 
2820000 12705 867.254 3899847.634 1240.139 4.6633 0.0 
2830000 12717 861.353 3914577.827 1239.274 4.6259 0.0 
2840000 12728 864.627 3926487.446 1199.348 4.6473 0.0 
2850000 12738 884.55 3941406.468 1245.502 4.7492 0.0 
2860000 12751 864.937 3956590.083 1238.169 4.6424 0.0 
2870000 12761 875.987 3972559.511 1280.601 4.6979 0.0 
2880000 12771 897.033 3988525.057 1336.865 4.8114 0.0 
2890000 12781 915.868 4003873.017 1370.782 4.9205 0.0 
2900000 12793 910.157 4017245.345 1336.054 4.8847 0.0 
2910000 12804 908.368 4032241.623 1338.485 4.8825 0.0 
2920000 12822 798.757 4045213.718 1147.548 4.2982 0.0 
2930000 12834 798.944 4058757.463 1132.212 4.2938 0.0 
2940000 12847 796.116 4073603.599 1138.621 4.2697 0.0 
2950000 12857 833.412 4087986.915 1192.528 4.4752 0.0 
2960000 12868 852.284 4103220.2 1237.383 4.5823 0.0 
2970000 12879 865.765 4118075.287 1260.495 4.6635 0.0 
2980000 12889 879.974 4130580.232 1256.522 4.7539 0.0 
2990000 12900 889.723 4143722.163 1238.858 4.7998 0.0 
3000000 12910 909.896 4157580.864 1265.039 4.8953 0.0 
3010000 12921 911.828 4172308.855 1283.072 4.8701 0.0 
3020000 12931 927.957 4188120.695 1337.463 4.9584 0.0 
3030000 12942 918.034 4204650.6 1355.289 4.8951 0.0 
3040000 12961 798.251 4219810.741 1188.081 4.2621 0.0 
3050000 12971 826.614 4235983.587 1251.478 4.4193 0.0 
3060000 12983 819.461 4250737.683 1235.901 4.3843 0.0 
3070000 12994 846.454 4264963.157 1263.324 4.5255 0.0 
3080000 13006 849.551 4279535.594 1262.019 4.5384 0.0 
3090000 13017 847.621 4294322.673 1257.088 4.5324 0.0 
3100000 13029 858.117 4309512.746 1281.921 4.5939 0.0 
3110000 13040 867.583 4324799.884 1302.324 4.6319 0.0 
3120000 13050 891.806 4338492.635 1312.795 4.759 0.0 
3130000 13060 911.597 4353365.172 1346.894 4.8569 0.0 
3140000 13071 910.533 4367896.11 1339.904 4.8521 0.0 
3150000 13082 910.135 4382833.581 1345.773 4.8514 0.0 
3160000 13092 915.298 4394390.228 1302.75 4.878 0.0 
3170000 13103 912.832 4405813.295 1240.772 4.8663 0.0 
3180000 13116 879.229 4416235.733 1145.209 4.6855 0.0 
3190000 13131 828.482 4425762.141 1016.081 4.4166 0.0 
3200000 13149 744.054 4437778.696 908.235 3.9665 0.0 
3210000 13161 767.852 4450528.64 945.455 4.0932 0.0 
3220000 13171 795.297 4463547.883 991.085 4.2478 0.0 
3230000 13184 792.398 4477511.993 1016.568 4.236 0.0 
3240000 13196 796.574 4490859.315 1029.577 4.265 0.0 
3250000 13207 828.824 4505595.907 1104.04 4.4377 0.0 
3260000 13217 855.785 4520118.98 1162.119 4.5908 0.0 
3270000 13229 849.995 4533076.63 1142.332 4.5505 0.0 
3280000 13239 877.435 4547115.144 1192.451 4.6995 0.0 
3290000 13250 891.476 4560899.194 1215.02 4.7808 0.0 
3300000 13261 894.22 4574714.928 1222.334 4.7894 0.0 
3310000 13272 895.127 4589284.174 1238.736 4.7935 0.0 
3320000 13283 902.936 4603827.653 1268.359 4.8226 0.0 
3330000 13294 894.455 4617361.902 1246.361 4.7864 0.0 
3340000 13304 913.762 4630107.232 1247.641 4.8941 0.0 
3350000 13318 870.358 4642388.308 1167.021 4.6617 0.0 
3360000 13329 876.278 4656022.051 1173.233 4.686 0.0 
3370000 13340 883.906 4671112.2 1214.605 4.7384 0.0 
3380000 13356 818.194 4684546.706 1117.14 4.3764 0.0 
3390000 13367 822.303 4698952.717 1131.341 4.3818 0.0 
3400000 13383 781.53 4712838.214 1079.996 4.1742 0.0 
3410000 13393 812.986 4724487.144 1081.882 4.3504 0.0 
3420000 13404 832.192 4735227.116 1062.24 4.4567 0.0 
3430000 13414 862.889 4748594.846 1115.254 4.6247 0.0 
3440000 13424 880.17 4762286.653 1156.262 4.7143 0.0 
3450000 13435 887.094 4774226.282 1133.88 4.7574 0.0 
3460000 13445 907.748 4787728.603 1175.25 4.8705 0.0 
3470000 13457 896.454 4802145.992 1191.666 4.8117 0.0 
3480000 13467 915.396 4816563.367 1233.806 4.9026 0.0 
3490000 13479 892.222 4830796.954 1214.954 4.7786 0.0 
3500000 13491 877.873 4842497.801 1169.532 4.6992 0.0 
3510000 13505 844.404 4854424.328 1097.566 4.5229 0.0 
3520000 13515 872.867 4867723.561 1140.322 4.6652 0.0 
3530000 13525 896.123 4882034.136 1193.99 4.797 0.0 
3540000 13535 915.125 4895962.43 1230.067 4.8927 0.0 
3550000 13545 930.651 4909710.822 1256.376 4.9686 0.0 
3560000 13555 943.337 4923976.834 1288.256 5.0389 0.0 
3570000 13566 939.917 4937700.136 1284.506 5.0167 0.0 
3580000 13576 947.627 4951954.056 1306.935 5.0617 0.0 
3590000 13588 924.815 4964884.415 1261.956 4.948 0.0 
3600000 13599 914.97 4977351.186 1226.776 4.8942 0.0 
3610000 13611 903.484 4989464.409 1187.339 4.8441 0.0 
3620000 13621 921.139 5002682.199 1211.267 4.9418 0.0 
3630000 13631 935.565 5015079.315 1218.018 5.0085 0.0 
3640000 13641 947.352 5028668.75 1242.584 5.0765 0.0 
3650000 13651 956.983 5042465.434 1266.956 5.1163 0.0 
3660000 13661 964.852 5056483.75 1292.199 5.1459 0.0 
3670000 13671 971.281 5070660.4 1316.116 5.177 0.0 
3680000 13681 976.535 5083929.854 1318.531 5.1989 0.0 
3690000 13692 965.219 5097276.901 1300.117 5.124 0.0 
3700000 13702 971.582 5110214.863 1299.278 5.1647 0.0 
3710000 13714 927.183 5122560.212 1219.862 4.9325 0.0 
3720000 13734 786.927 5134795.379 1018.942 4.1869 0.0 
3730000 13748 769.949 5148276.589 1008.155 4.0981 0.0 
3740000 13759 806.454 5161928.126 1066.629 4.2939 0.0 
3750000 13769 838.64 5175219.417 1111.26 4.4686 0.0 
3760000 13780 848.758 5189448.509 1141.305 4.5421 0.0 
3770000 13790 876.424 5204189.724 1202.352 4.696 0.0 
3780000 13802 870.718 5218278.521 1199.669 4.6673 0.0 
3790000 13812 884.783 5231709.885 1214.76 4.7362 0.0 
3800000 13822 904.259 5245321.154 1240.51 4.8508 0.0 
3810000 13834 901.749 5258800.712 1231.694 4.8457 0.0 
3820000 13844 912.154 5271542.856 1230.532 4.8846 0.0 
3830000 13856 898.184 5284236.257 1205.152 4.6431 0.0 
3840000 13869 877.284 5296944.444 1157.569 4.5531 0.0 
3850000 13879 888.34 5310677.358 1180.221 4.9623 0.0 
3860000 13890 899.185 5323805.689 1196.36 5.3457 0.0 
3870000 13900 917.626 5337473.674 1225.391 5.6883 0.0 
3880000 13910 932.695 5352278.604 1270.336 5.9731 0.0 
3890000 13920 945.007 5366689.582 1302.242 6.211 0.0 
3900000 13930 955.067 5381528.477 1334.182 6.4092 0.0 
3910000 13940 963.286 5396502.991 1367.273 6.5587 0.0 
3920000 13951 948.058 5409515.246 1323.169 6.5419 0.0 
3930000 13961 957.56 5424562.222 1352.055 6.6777 0.0 
3940000 13971 965.323 5437459.019 1342.293 6.7712 0.0 
3950000 13982 960.733 5447929.887 1279.92 6.7948 0.0 
3960000 13992 967.096 5457604.891 1218.014 6.8846 0.0 
3970000 14004 937.81 5469537.414 1168.083 6.7085 0.0 
3980000 14018 883.727 5481800.317 1096.984 6.3477 0.0 
3990000 14028 904.996 5494228.72 1122.656 6.5266 0.0 
4000000 14040 890.572 5506296.168 1100.163 6.4363 0.0 
4010000 14050 900.093 5520377.003 1139.374 6.5125 0.0 
4020000 14061 906.632 5535811.506 1198.489 6.565 0.0 
4030000 14072 909.677 5551507.775 1248.77 6.591 0.0 
4040000 14082 926.199 5567953.191 1321.607 6.6962 0.0 
4050000 14093 924.205 5583846.486 1347.234 6.6944 0.0 
4060000 14103 922.91 5597934.083 1338.959 6.6754 0.0 
4070000 14116 896.943 5610398.824 1264.386 6.4968 0.0 
4080000 14133 813.36 5622344.973 1108.504 5.8788 0.0 
4090000 14144 817.936 5633896.871 1074.617 5.9192 0.0 
4100000 14155 847.089 5647842.089 1134.728 6.1447 0.0 
4110000 14166 849.413 5663473.217 1173.014 6.1581 0.0 
4120000 14180 818.208 5678392.631 1145.433 5.9421 0.0 
4130000 14203 684.147 5690303.649 931.849 4.977 0.0 
4140000 14243 426.098 5699426.253 522.281 3.0947 0.0 
4150000 14255 513.878 5710138.769 595.362 3.7274 0.0 
4160000 14281 455.585 5723027.798 544.88 3.2849 0.0 
4170000 14302 461.257 5736442.15 573.157 3.3398 0.0 
4180000 14312 559.808 5751551.553 746.04 4.0448 0.0 
4190000 14323 640.441 5766067.55 875.452 4.6548 0.0 
4200000 14334 684.208 5779621.909 932.887 4.9858 0.0 
4210000 14347 713.354 5792433.565 957.839 5.1934 0.0 
4220000 14357 757.033 5805578.994 1011.007 5.5006 0.0 
4230000 14368 799.664 5821187.854 1111.805 5.8219 0.0 
4240000 14378 836.311 5837842.341 1213.675 6.0929 0.0 
4250000 14388 852.068 5853860.461 1263.019 6.203 0.0 
4260000 14399 869.673 5868017.416 1276.694 6.317 0.0 
4270000 14410 876.656 5881077.694 1261.765 6.3682 0.0 
4280000 14420 899.219 5894622.731 1278.588 6.5131 0.0 
4290000 14430 917.654 5908205.12 1293.383 6.6432 0.0 
4300000 14447 826.998 5920902.499 1141.619 5.9772 0.0 
4310000 14458 843.609 5935327.723 1175.872 6.1024 0.0 
4320000 14472 806.914 5948994.045 1117.143 5.8384 0.0 
4330000 14486 778.803 5963188.629 1083.731 5.6405 0.0 
4340000 14498 792.757 5977787.49 1113.681 5.7612 0.0 
4350000 14510 804.879 5992911.422 1154.054 5.8431 0.0 
4360000 14522 811.709 6008069.869 1178.174 5.8886 0.0 
4370000 14533 832.173 6022125.344 1201.834 6.0412 0.0 
4380000 14544 851.28 6035070.671 1199.213 6.1797 0.0 
4390000 14557 817.512 6046732.832 1105.392 5.9206 0.0 
4400000 14571 797.111 6061541.597 1102.129 5.7877 0.0 
4410000 14583 808.632 6076867.086 1144.953 5.8573 0.0 
4420000 14594 832.875 6092199.435 1201.937 6.03 0.0 
4430000 14604 854.654 6107636.906 1251.09 6.1969 0.0 
4440000 14617 845.376 6123000.983 1251.122 6.1269 0.0 
4450000 14628 850.261 6140044.637 1295.847 6.1662 0.0 
4460000 14641 835.595 6155934.564 1286.43 6.0603 0.0 
4470000 14652 853.727 6170897.836 1308.038 6.2124 0.0 
4480000 14663 862.489 6186971.62 1334.445 6.2724 0.0 
4490000 14673 885.624 6200551.495 1338.078 6.4392 0.0 
4500000 14687 844.251 6214599.426 1258.922 6.1317 0.0 
4510000 14702 795.154 6227797.913 1154.333 5.7753 0.0 
4520000 14713 823.617 6244239.131 1231.263 5.9832 0.0 
4530000 14723 855.883 6260658.98 1305.497 6.2054 0.0 
4540000 14734 867.499 6275869.177 1324.144 6.2804 0.0 
4550000 14745 866.279 6291486.422 1323.377 6.2642 0.0 
4560000 14756 875.303 6307866.487 1362.514 6.3323 0.0 
4570000 14767 889.448 6323873.6 1392.668 6.4581 0.0 
4580000 14777 909.26 6342042.31 1467.462 6.5897 0.0 
4590000 14787 925.558 6359919.261 1527.492 6.7091 0.0 
4600000 14798 912.4 6376983.073 1514.179 6.6171 0.0 
4610000 14809 912.02 6394372.062 1530.771 6.6071 0.0 
4620000 14820 915.636 6411861.402 1548.533 6.6317 0.0 
4630000 14834 864.503 6429730.393 1474.897 6.2618 0.0 
4640000 14847 842.218 6446229.968 1431.092 6.0943 0.0 
4650000 14860 827.773 6460390.257 1355.052 5.9944 0.0 
4660000 14872 826.793 6475476.274 1333.339 6.0042 0.0 
4670000 14896 669.827 6489307.986 1041.088 4.8698 0.0 
4680000 14908 694.416 6502501.352 1036.992 5.0553 0.0 
4690000 14924 675.397 6516870.596 1001.262 4.9001 0.0 
4700000 14942 656.496 6531520.586 969.367 4.761 0.0 
4710000 14955 679.433 6545702.842 992.026 4.9304 0.0 
4720000 14967 706.167 6561715.776 1056.488 5.1179 0.0 
4730000 14981 708.496 6577213.989 1068.743 5.125 0.0 
4740000 14994 715.618 6591518.647 1067.381 5.1951 0.0 
4750000 15005 757.008 6605796.762 1119.443 5.4755 0.0 
4760000 15020 730.516 6615954.186 1004.444 5.2939 0.0 
4770000 15038 683.114 6627841.235 903.086 4.9554 0.0 
4780000 15058 616.685 6639445.207 789.524 4.4743 0.0 
4790000 15101 389.101 6647208.604 431.562 2.8144 0.0 
4800000 15116 458.933 6656454.768 480.892 3.3191 0.0 
4810000 15129 530.227 6667328.841 551.42 3.8538 0.0 
4820000 15141 592.5 6680936.205 671.891 4.3089 0.0 
4830000 15155 634.846 6695094.325 777.785 4.6168 0.0 
4840000 15166 688.948 6710173.739 895.109 5.0019 0.0 
4850000 15176 740.595 6725919.168 1014.671 5.3586 0.0 
4860000 15188 767.332 6739988.685 1058.721 5.5559 0.0 
4870000 15199 794.062 6755740.746 1132.045 5.7424 0.0 
4880000 15212 788.509 6769949.041 1123.135 5.7217 0.0 
4890000 15225 779.702 6782457.747 1077.046 5.6662 0.0 
4900000 15238 766.669 6795302.452 1045.012 5.5797 0.0 
4910000 15253 744.261 6810352.832 1034.515 5.4205 0.0 
4920000 15263 790.591 6825179.546 1119.382 5.7669 0.0 
4930000 15274 811.107 6839849.338 1158.395 5.9058 0.0 
4940000 15284 844.965 6855420.62 1227.997 6.1326 0.0 
4950000 15295 859.327 6870135.719 1253.765 6.2482 0.0 
4960000 15305 885.06 6880117.306 1202.606 6.4505 0.0 
4970000 15318 867.463 6893428.618 1175.685 6.3236 0.0 
4980000 15331 842.364 6906580.447 1134.606 6.1403 0.0 
4990000 15345 813.536 6919829.181 1091.99 5.9127 0.0 
5000000 15355 834.113 6934433.984 1139.135 6.0636 0.0 
5010000 15366 858.255 6949042.99 1191.315 6.2166 0.0 
5020000 15376 884.184 6962651.554 1222.532 6.4017 0.0 
5030000 15388 873.986 6977060.935 1219.45 6.3289 0.0 
5040000 15398 895.944 6990229.929 1236.04 6.4947 0.0 
5050000 15408 907.577 7005003.563 1269.24 6.5849 0.0 
5060000 15418 924.483 7020465.312 1318.182 6.7235 0.0 
5070000 15428 936.547 7035675.589 1352.297 6.8019 0.0 
5080000 15438 948.154 7051013.272 1387.199 6.8996 0.0 
5090000 15449 939.322 7065815.928 1377.587 6.8265 0.0 
5100000 15461 929.689 7080120.307 1358.701 6.7484 0.0 
5110000 15473 906.965 7095245.426 1334.188 6.5873 0.0 
5120000 15483 923.984 7110676.192 1373.694 6.7178 0.0 
5130000 15493 924.083 7125827.804 1377.724 6.7005 0.0 
5140000 15505 918.905 7138378.691 1329.001 6.6706 0.0 
5150000 15515 926.875 7152814.586 1340.699 6.716 0.0 
5160000 15525 940.252 7167695.254 1366.908 6.817 0.0 
5170000 15535 951.181 7182812.591 1392.486 6.8866 0.0 
5180000 15545 960.111 7198390.705 1422.879 6.9726 0.0 
5190000 15555 967.408 7212432.447 1421.663 7.0312 0.0 
5200000 15565 973.37 7226391.886 1414.523 7.0524 0.0 
5210000 15576 959.692 7241026.437 1396.512 6.9547 0.0 
5220000 15588 940.529 7254861.192 1356.058 6.8337 0.0 
5230000 15604 853.447 7267915.425 1208.39 6.2085 0.0 
5240000 15616 855.083 7282858.638 1226.108 6.2272 0.0 
5250000 15634 755.997 7297283.226 1083.971 5.5014 0.0 
5260000 15653 688.615 7308981.882 946.463 5.0219 0.0 
5270000 15674 621.679 7320965.926 829.167 4.522 0.0 
5280000 15690 614.86 7332085.987 783.666 4.4767 0.0 
5290000 15701 678.165 7344096.057 847.489 4.9294 0.0 
5300000 15712 720.134 7356070.473 890.674 5.2451 0.0 
5310000 15724 750.663 7368071.389 922.56 5.4683 0.0 
5320000 15736 752.057 7380121.411 920.616 5.4728 0.0 
5330000 15746 797.412 7393998.226 1003.865 5.7979 0.0 
5340000 15757 826.974 7408524.043 1075.838 6.0186 0.0 
5350000 15767 855.743 7421719.009 1127.334 6.2309 0.0 
5360000 15778 872.923 7434369.268 1134.099 6.3568 0.0 
5370000 15789 877.052 7448364.124 1159.294 6.4066 0.0 
5380000 15803 839.42 7460666.101 1092.813 6.1234 0.0 
5390000 15820 763.928 7472908.788 980.399 5.57 0.0 
5400000 15832 783.493 7485469.247 1000.212 5.7077 0.0 
5410000 15844 795.327 7497045.871 995.483 5.792 0.0 
5420000 15854 832.767 7507897.891 1012.191 6.0591 0.0 
5430000 15864 857.381 7517948.317 1003.884 6.2524 0.0 
5440000 15874 883.47 7530720.722 1055.957 6.4402 0.0 
5450000 15884 904.786 7543307.376 1089.774 6.5968 0.0 
5460000 15894 915.352 7556182.202 1117.672 6.6713 0.0 
5470000 15904 930.836 7566521.416 1105.718 6.7853 0.0 
5480000 15914 943.488 7577023.888 1094.88 6.879 0.0 
5490000 15925 934.378 7589575.135 1099.997 6.8082 0.0 
5500000 15935 946.382 7602907.178 1141.69 6.8811 0.0 
5510000 15945 956.19 7615323.302 1159.909 6.9625 0.0 
5520000 15955 964.204 7627223.944 1165.713 7.0255 0.0 
5530000 15967 948.761 7638117.977 1133.004 6.9081 0.0 
5540000 15978 939.327 7652350.207 1163.247 6.841 0.0 
5550000 15988 950.426 7666113.301 1203.118 6.9177 0.0 
5560000 15998 959.494 7680487.157 1247.043 6.9903 0.0 
5570000 16009 951.302 7694682.739 1258.29 6.9364 0.0 
5580000 16019 960.21 7708731.49 1283.938 7.01 0.0 
5590000 16029 967.489 7722058.81 1291.85 7.0436 0.0 
5600000 16039 973.436 7736026.457 1315.346 7.0837 0.0 
5610000 16050 956.287 7747977.918 1261.896 6.9584 0.0 
5620000 16061 943.878 7755801.143 1153.843 6.8731 0.0 
5630000 16075 894.611 7765519.132 1045.742 6.5238 0.0 
5640000 16085 905.14 7774059.796 1008.51 6.6126 0.0 
5650000 16095 922.492 7783770.918 1001.091 6.7344 0.0 
5660000 16105 936.67 7790875.128 945.392 6.8236 0.0 
5670000 16115 948.255 7801566.664 959.483 6.906 0.0 
5680000 16125 953.561 7814603.064 1014.83 6.9379 0.0 
5690000 16139 895.879 7828637.634 1014.772 6.5225 0.0 
5700000 16153 853.439 7838038.039 940.459 6.2154 0.0 
5710000 16164 858.133 7845566.152 884.106 6.2526 0.0 
5720000 16176 865.089 7853744.85 848.323 6.3146 0.0 
5730000 16186 887.41 7865894.349 912.974 6.4857 0.0 
5740000 16203 799.72 7880088.607 885.65 5.8404 0.0 
5750000 16217 774.22 7896212.945 942.297 5.6425 0.0 
5760000 16237 671.722 7909450.717 829.586 4.8868 0.0 
5770000 16248 725.948 7922812.467 914.087 5.2715 0.0 
5780000 16260 745.17 7936222.403 972.725 5.4173 0.0 
5790000 16271 775.68 7948938.844 989.764 5.6504 0.0 
5800000 16281 816.714 7964763.832 1096.994 5.9332 0.0 
5810000 16292 836.406 7981007.879 1177.038 6.082 0.0 
5820000 16303 863.216 7996912.985 1251.49 6.281 0.0 
5830000 16313 874.761 8012804.442 1291.298 6.3554 0.0 
5840000 16323 897.671 8029067.889 1351.045 6.5306 0.0 
5850000 16334 910.196 8044315.212 1375.881 6.6266 0.0 
5860000 16345 913.407 8058401.966 1364.899 6.6554 0.0 
5870000 16356 907.595 8072184.536 1336.318 6.6072 0.0 
5880000 16367 910.371 8087709.235 1353.584 6.6249 0.0 
5890000 16377 924.315 8103188.446 1385.248 6.7193 0.0 
5900000 16387 938.16 8118605.544 1417.087 6.8162 0.0 
5910000 16399 914.058 8131888.552 1347.815 6.6487 0.0 
5920000 16410 919.886 8142351.896 1276.308 6.7037 0.0 
5930000 16422 885.032 8154397.549 1191.957 6.4574 0.0 
5940000 16444 753.861 8164558.868 958.302 5.5055 0.0 
5950000 16456 765.148 8174737.618 928.173 5.5836 0.0 
5960000 16469 765.667 8186764.71 926.335 5.5714 0.0 
5970000 16482 770.008 8198786.113 929.06 5.6005 0.0 
5980000 16498 722.759 8208521.405 835.157 5.2706 0.0 
5990000 16509 764.786 8215828.892 805.133 5.5934 0.0 
6000000 16520 786.62 8223582.999 784.095 5.7638 0.0 
6010000 16532 792.399 8231947.798 765.05 5.807 0.0 
6020000 16542 830.375 8242969.815 811.054 6.0939 0.0 
6030000 16556 802.538 8252895.008 797.974 5.8848 0.0 
6040000 16567 834.514 8260876.525 790.537 6.1166 0.0 
6050000 16579 834.977 8271134.063 807.044 6.1184 0.0 
6060000 16591 832.826 8281866.929 822.676 6.0892 0.0 
6070000 16602 839.216 8298107.108 934.342 6.1317 0.0 
6080000 16616 809.95 8313026.34 978.023 5.9117 0.0 
6090000 16628 818.72 8325216.49 987.349 5.9813 0.0 
6100000 16639 838.264 8336102.307 988.953 6.1055 0.0 
6110000 16652 811.428 8346118.604 931.621 5.9065 0.0 
6120000 16664 828.83 8353611.926 874.15 6.0385 0.0 
6130000 16675 843.43 8361364.281 837.968 6.1508 0.0 
6140000 16687 839.387 8369204.129 796.47 6.1293 0.0 
6150000 16697 868.767 8378409.134 821.514 6.3339 0.0 
6160000 16707 886.818 8389425.812 864.775 6.4663 0.0 
6170000 16717 902.46 8401818.023 922.092 6.5917 0.0 
6180000 16727 920.303 8416339.165 1020.576 6.7165 0.0 
6190000 16738 916.999 8431709.727 1092.946 6.6954 0.0 
6200000 16751 879.309 8445524.831 1083.638 6.4098 0.0 
6210000 16763 881.637 8458836.842 1106.439 6.4304 0.0 
6220000 16773 897.228 8471782.285 1132.875 6.5515 0.0 
6230000 16785 890.05 8484981.602 1133.836 6.4991 0.0 
6240000 16795 899.243 8499541.816 1172.156 6.558 0.0 
6250000 16808 871.654 8513558.399 1156.073 6.3536 0.0 
6260000 16832 691.899 8526402.328 910.203 5.0313 0.0 
6270000 16874 432.558 8535773.342 521.747 3.159 0.0 
6280000 16887 512.256 8547688.264 617.68 3.7498 0.0 
6290000 16897 601.478 8561971.672 764.884 4.4002 0.0 
6300000 16907 674.378 8575550.521 874.984 4.9264 0.0 
6310000 16917 723.943 8590297.898 967.641 5.2831 0.0 
6320000 16928 766.37 8606333.512 1074.982 5.5842 0.0 
6330000 16940 785.966 8618950.928 1075.098 5.729 0.0 
6340000 16951 811.073 8634410.804 1141.364 5.9044 0.0 
6350000 16963 803.281 8649477.058 1151.575 5.8529 0.0 
6360000 17007 446.032 8658224.245 569.544 3.2486 0.0 
6370000 17057 297.249 8662981.374 271.905 2.1838 0.0 
6380000 17083 341.985 8668764.358 258.662 2.4933 0.0 
6390000 17097 429.382 8672278.051 256.318 3.143 0.0 
6400000 17124 413.363 8675787.944 207.433 3.0154 0.0 
6410000 17135 515.381 8680464.995 252.118 3.7453 0.0 
6420000 17155 505.966 8684620.488 235.75 3.6824 0.0 
6430000 17168 564.963 8689119.217 261.243 4.1135 0.0 
6440000 17184 578.609 8694127.888 273.992 4.2015 0.0 
6450000 17194 655.693 8699512.746 324.591 4.7636 0.0 
6460000 17218 558.156 8705110.05 282.633 4.0591 0.0 
6470000 17251 436.383 8708886.097 200.398 3.1904 0.0 
6480000 17270 462.398 8712077.794 188.995 3.387 0.0 
6490000 17281 550.405 8715265.457 209.111 4.03 0.0 
6500000 17292 621.336 8718502.198 225.848 4.5576 0.0 
6510000 17303 665.411 8721740.357 235.707 4.8666 0.0 
6520000 17318 671.158 8724790.995 227.773 4.8925 0.0 
6530000 17331 684.336 8728388.226 232.759 4.9842 0.0 
6540000 17345 702.319 8732536.053 254.05 5.1162 0.0 
6550000 17375 515.244 8736800.727 194.039 3.7605 0.0 
6560000 17428 319.491 8741043.345 126.346 2.3358 0.0 
6570000 17448 386.668 8745580.383 163.013 2.8396 0.0 
6580000 17459 492.383 8751071.205 231.03 3.6098 0.0 
6590000 17469 567.435 8756229.802 274.318 4.1613 0.0 
6600000 17485 589.335 8761526.17 292.819 4.3282 0.0 
6610000 17495 664.457 8765877.679 321.954 4.8719 0.0 
6620000 17505 725.837 8771197.31 357.899 5.3263 0.0 
6630000 17516 765.906 8776144.529 378.015 5.604 0.0 
6640000 17527 797.341 8780958.525 391.773 5.8354 0.0 
6650000 17545 722.919 8786175.756 360.669 5.2916 0.0 
6660000 17575 544.615 8790631.966 264.339 3.9827 0.0 
6670000 17598 515.236 8795413.009 250.133 3.7737 0.0 
6680000 17623 472.829 8800697.367 236.184 3.4509 0.0 
6690000 17651 411.319 8806013.492 208.968 3.0011 0.0 
6700000 17673 432.688 8811482.464 226.5 3.1481 0.0 
6710000 17704 370.813 8816393.932 189.673 2.6984 0.0 
6720000 17731 362.409 8821372.311 182.9 2.644 0.0 
6730000 17752 410.855 8826679.578 211.592 2.9961 0.0 
6740000 17773 442.564 8832479.892 239.04 3.2364 0.0 
6750000 17795 444.722 8837525.249 234.131 3.2441 0.0 
6760000 17809 502.41 8842583.06 260.262 3.6705 0.0 
6770000 17836 448.982 8847272.834 224.973 3.2914 0.0 
6780000 17852 489.093 8852569.63 250.115 3.5704 0.0 
6790000 17866 546.458 8857409.27 274.766 4.0035 0.0 
6800000 17880 579.824 8862085.659 284.975 4.232 0.0 
6810000 17893 619.382 8866992.689 303.231 4.5343 0.0 
6820000 17910 618.12 8872177.6 309.541 4.5173 0.0 
6830000 17928 593.225 8876235.848 282.11 4.3381 0.0 
6840000 17940 650.416 8880920.519 307.088 4.7657 0.0 
6850000 17951 700.517 8886637.928 349.064 5.1301 0.0 
6860000 17964 719.019 8891943.459 363.915 5.2488 0.0 
6870000 17975 755.28 8897573.123 392.554 5.5203 0.0 
6880000 17990 725.09 8902845.436 377.921 5.3048 0.0 
6890000 18010 657.94 8907595.571 335.148 4.7997 0.0 
6900000 18041 511.5 8912247.152 253.939 3.7392 0.0 
6910000 18056 544.437 8916620.596 260.512 3.9756 0.0 
6920000 18072 568.552 8921173.173 267.384 4.153 0.0 
6930000 18083 642.626 8925728.907 300.156 4.6999 0.0 
6940000 18096 663.224 8930248.94 307.48 4.8491 0.0 
6950000 18116 599.955 8934962.745 279.558 4.3878 0.0 
6960000 18156 412.639 8939363.306 189.314 3.0295 0.0 
6970000 18173 449.447 8944718.216 218.663 3.2953 0.0 
6980000 18187 516.219 8949855.254 256.148 3.7955 0.0 
6990000 18226 386.434 8955215.953 197.301 2.8237 0.0 
7000000 18267 307.396 8960458.292 160.405 2.242 0.0 
7010000 18319 217.921 8964589.397 100.238 1.5922 0.0 
7020000 18398 142.605 8968385.347 58.677 1.0451 0.0 
7030000 18422 253.83 8973297.812 116.194 1.8631 0.0 
7040000 18435 371.107 8978390.124 179.176 2.7255 0.0 
7050000 18455 424.688 8983574.94 211.483 3.1178 0.0 
7060000 18467 496.949 8988109.675 240.503 3.6384 0.0 
7070000 18485 506.438 8992977.724 244.421 3.7242 0.0 
7080000 18498 573.053 8997979.261 280.93 4.2069 0.0 
7090000 18520 523.542 9002722.822 253.205 3.8552 0.0 
7100000 18533 581.287 9007602.73 281.339 4.2745 0.0 
7110000 18559 501.007 9012271.804 240.366 3.6737 0.0 
7120000 18599 364.891 9016250.232 163.462 2.6732 0.0 
7130000 18615 433.351 9021385.604 205.598 3.1578 0.0 
7140000 18626 518.628 9027203.028 265.67 3.7851 0.0 
7150000 18640 575.225 9032371.617 294.865 4.1986 0.0 
7160000 18654 605.299 9037146.686 304.788 4.4287 0.0 
7170000 18666 653.656 9042349.605 331.874 4.7837 0.0 
7180000 18677 696.198 9047316.467 351.892 5.0868 0.0 
7190000 18693 678.965 9051974.585 335.695 4.9639 0.0 
7200000 18710 651.126 9056103.176 307.322 4.7635 0.0 
7210000 18721 686.283 9060991.434 325.346 5.034 0.0 
7220000 18746 582.816 9065569.498 275.114 4.2752 0.0 
7230000 18765 575.366 9070320.82 272.464 4.2256 0.0 
7240000 18780 601.464 9075262.207 288.767 4.4086 0.0 
7250000 18790 674.367 9080439.066 330.8 4.9428 0.0 
7260000 18802 694.842 9085299.615 340.15 5.0885 0.0 
7270000 18813 739.069 9090476.393 366.732 5.4147 0.0 
7280000 18824 773.432 9095519.327 382.67 5.6628 0.0 
7290000 18836 797.635 9100635.549 399.431 5.8324 0.0 
7300000 18848 806.694 9106182.52 413.577 5.8972 0.0 
7310000 18863 767.19 9111262.922 392.449 5.5969 0.0 
7320000 18877 756.997 9116397.325 387.685 5.5462 0.0 
7330000 18900 612.346 9121535.566 313.772 4.4901 0.0 
7340000 18928 522.104 9125984.167 256.382 3.8233 0.0 
7350000 18945 539.899 9130095.859 251.755 3.9413 0.0 
7360000 18955 617.91 9133933.161 273.131 4.5015 0.0 
7370000 18966 680.134 9137914.917 292.072 4.983 0.0 
7380000 18977 728.047 9142432.892 315.592 5.339 0.0 
7390000 18987 777.795 9147569.602 352.689 5.7111 0.0 
7400000 19000 769.026 9152187.577 350.16 5.6541 0.0 
7410000 19012 786.42 9157165.961 364.987 5.7731 0.0 
7420000 19023 808.785 9162764.16 391.804 5.9315 0.0 
7430000 19036 804.207 9167869.058 395.322 5.9035 0.0 
7440000 19050 776.721 9173117.479 389.532 5.6883 0.0 
7450000 19063 772.165 9178398.742 390.201 5.6547 0.0 
7460000 19076 787.128 9183394.39 397.146 5.7961 0.0 
7470000 19088 786.146 9188198.729 392.914 5.7969 0.0 
7480000 19100 798.291 9193514.965 403.845 5.8766 0.0 
7490000 19113 798.762 9198650.763 405.083 5.8833 0.0 
7500000 19126 785.882 9204169.606 406.098 5.7804 0.0 
7510000 19137 820.574 9209639.912 430.254 6.0244 0.0 
7520000 19148 837.975 9215251.474 445.561 6.1654 0.0 
7530000 19164 768.519 9220540.597 407.512 5.6477 0.0 
7540000 19184 683.563 9225541.82 357.289 5.0362 0.0 
7550000 19197 691.764 9230749.67 359.843 5.1065 0.0 
7560000 19208 734.814 9236075.159 385.529 5.4171 0.0 
7570000 19223 727.452 9241048.007 377.185 5.3796 0.0 
7580000 19233 762.015 9246675.926 403.236 5.6289 0.0 
7590000 19244 797.489 9252079.694 423.632 5.8901 0.0 
7600000 19255 818.675 9257287.813 433.975 6.0355 0.0 
7610000 19272 749.278 9262257.671 391.474 5.511 0.0 
7620000 19285 763.594 9267920.707 407.689 5.618 0.0 
7630000 19295 789.591 9273593.883 426.638 5.8094 0.0 
7640000 19318 667.0 9278532.841 352.579 4.9064 0.0 
7650000 19385 273.497 9284203.726 150.995 2.0011 0.0 
7660000 19405 348.199 9289975.504 196.351 2.5278 0.0 
7670000 19419 436.694 9295645.728 246.645 3.1867 0.0 
7680000 19431 537.886 9301193.363 302.202 3.9356 0.0 
7690000 19442 603.58 9306649.743 335.564 4.4079 0.0 
7700000 19455 647.1 9312633.663 367.514 4.7378 0.0 
7710000 19467 684.703 9318920.873 400.376 5.0189 0.0 
7720000 19477 742.154 9324460.978 427.225 5.4451 0.0 
7730000 19494 708.773 9329995.949 404.682 5.2063 0.0 
7740000 19506 736.45 9335514.446 416.789 5.4124 0.0 
7750000 19516 775.225 9341514.317 445.223 5.7024 0.0 
7760000 19526 816.343 9347118.032 466.102 6.0109 0.0 
7770000 19541 779.937 9352947.628 447.034 5.7377 0.0 
7780000 19557 731.834 9358357.587 414.408 5.3879 0.0 
7790000 19623 320.551 9363617.929 176.005 2.3579 0.0 
7800000 19640 397.103 9369127.818 218.583 2.917 0.0 
7810000 19671 366.039 9374451.869 199.255 2.6893 0.0 
7820000 19723 276.736 9378706.485 131.497 1.6362 0.0 
7830000 19751 289.359 9382471.434 124.031 1.5176 0.0 
7840000 19808 203.462 9387271.097 92.664 1.0955 0.0 
7850000 19892 127.289 9392147.964 61.605 0.698 0.0 
7860000 19924 207.005 9397705.585 110.58 1.1354 0.0 
7870000 19937 333.371 9403237.979 180.888 1.8352 0.0 
7880000 19953 419.613 9408643.246 228.05 2.332 0.0 
7890000 19971 457.598 9413904.742 246.403 2.5369 0.0 
7900000 20005 377.893 9418244.139 185.965 2.1027 0.0 
7910000 20016 496.7 9423016.976 243.121 2.7597 0.0 
7920000 20035 508.083 9427508.751 241.309 2.8171 0.0 
7930000 20051 536.972 9431508.692 242.194 2.977 0.0 
7940000 20063 608.322 9435228.603 259.749 3.3529 0.0 
7950000 20075 640.981 9440034.683 281.49 3.52 0.0 
7960000 20091 637.584 9444779.437 287.168 3.4941 0.0 
7970000 20102 693.308 9449148.197 308.74 3.7975 0.0 
7980000 20115 715.489 9453384.323 315.031 3.9261 0.0 
7990000 20128 726.506 9457931.695 322.15 3.9934 0.0 
8000000 20140 747.488 9462823.788 339.393 4.1131 0.0 
8010000 20151 785.794 9466639.722 343.365 4.3412 0.0 
8020000 20161 815.496 9469624.516 331.674 4.5031 0.0 
8030000 20173 816.959 9473942.31 335.924 4.5216 0.0 
8040000 20184 836.959 9479411.072 369.184 4.63 0.0 
8050000 20207 677.923 9484242.972 305.882 3.7413 0.0 
8060000 20230 580.872 9489368.589 272.58 3.1982 0.0 
8070000 20270 374.868 9493595.741 168.314 2.0723 0.0 
8080000 20281 483.209 9498065.666 215.967 2.682 0.0 
8090000 20295 541.56 9502850.466 247.985 3.0038 0.0 
8100000 20311 552.175 9507899.913 260.097 3.0551 0.0 
8110000 20325 607.386 9512787.561 290.098 3.3549 0.0 
8120000 20343 584.842 9517845.127 283.952 3.2372 0.0 
8130000 20356 628.666 9522937.413 309.791 3.4911 0.0 
8140000 20398 420.591 9528145.526 210.064 2.3235 0.0 
8150000 20421 428.304 9531738.338 191.475 2.369 0.0 
8160000 20438 477.642 9534998.758 192.708 2.639 0.0 
8170000 20451 547.42 9538670.035 214.063 3.0156 0.0 
8180000 20463 602.206 9543800.851 255.509 3.3361 0.0 
8190000 20477 627.538 9549156.329 286.317 3.4994 0.0 
8200000 20489 680.488 9554677.641 329.219 3.8095 0.0 
8210000 20499 738.935 9558482.454 339.342 4.1363 0.0 
8220000 20512 747.81 9563249.114 346.399 4.1745 0.0 
8230000 20527 724.68 9567658.344 330.672 4.0446 0.0 
8240000 20537 769.905 9573416.897 371.104 4.2917 0.0 
8250000 20553 732.385 9578945.772 367.014 4.0849 0.0 
8260000 20565 753.969 9585150.043 399.085 4.213 0.0 
8270000 20583 681.882 9590405.777 360.524 3.8135 0.0 
8280000 20597 700.747 9596053.552 377.426 3.9184 0.0 
8290000 20612 685.982 9600337.166 351.791 3.8474 0.0 
8300000 20639 562.197 9604568.644 273.657 3.1384 0.0 
8310000 20655 565.893 9609930.395 282.429 3.175 0.0 
8320000 20669 610.838 9615512.317 315.8 3.4312 0.0 
8330000 20680 677.668 9621688.646 370.436 3.806 0.0 
8340000 20690 722.671 9627403.484 399.066 4.0544 0.0 
8350000 20707 689.836 9633136.186 386.682 3.878 0.0 
8360000 20717 746.521 9637476.146 395.001 4.1677 0.0 
8370000 20728 779.633 9641853.476 395.722 4.3449 0.0 
8380000 20739 805.944 9646099.587 393.264 4.5031 0.0 
8390000 20750 827.107 9651128.326 406.252 4.6329 0.0 
8400000 20761 842.679 9657537.237 440.322 4.7323 0.0 
8410000 20775 816.748 9663369.282 437.602 4.5804 0.0 
8420000 20789 784.085 9669259.894 428.629 4.3843 0.0 
8430000 20809 688.357 9674669.235 377.055 3.8264 0.0 
8440000 20832 607.938 9679761.983 326.491 3.371 0.0 
8450000 20865 466.595 9684906.199 246.151 2.603 0.0 
8460000 20888 442.519 9688885.638 213.047 2.4824 0.0 
8470000 20908 465.362 9692705.224 207.062 2.61 0.0 
8480000 20933 416.557 9697299.078 186.454 2.3337 0.0 
8490000 20947 494.551 9702975.934 242.725 2.7549 0.0 
8500000 20964 529.874 9708926.982 278.774 2.9353 0.0 
8510000 20981 541.77 9714140.418 283.918 3.0027 0.0 
8520000 20997 563.565 9719241.435 292.607 3.1261 0.0 
8530000 21015 554.873 9724753.806 293.701 3.0805 0.0 
8540000 21030 604.77 9729886.844 317.406 3.381 0.0 
8550000 21042 639.829 9735252.42 335.852 3.5834 0.0 
8560000 21053 694.738 9740811.432 372.736 3.9017 0.0 
8570000 21064 740.419 9746610.155 404.081 4.167 0.0 
8580000 21074 787.903 9752497.019 437.604 4.4386 0.0 
8590000 21092 721.568 9758050.451 400.718 4.0688 0.0 
8600000 21108 694.551 9763324.792 381.785 3.9129 0.0 
8610000 21127 641.885 9768656.593 349.287 3.6075 0.0 
8620000 21137 698.365 9774346.811 385.393 3.945 0.0 
8630000 21151 700.951 9779128.935 373.613 3.9654 0.0 
8640000 21172 630.223 9784315.708 333.387 3.5431 0.0 
8650000 21185 657.553 9789134.953 339.2 3.7167 0.0 
8660000 21210 551.773 9794635.276 289.468 3.1363 0.0 
8670000 21245 430.075 9799296.681 215.768 2.4417 0.0 
8680000 21268 412.894 9804502.338 208.766 2.342 0.0 
8690000 21296 412.657 9810078.739 218.791 2.3115 0.0 
8700000 21308 495.783 9816379.569 279.898 2.7711 0.0 
8710000 21319 577.422 9821515.08 316.643 3.2409 0.0 
8720000 21333 614.616 9827260.033 342.18 3.4393 0.0 
8730000 21346 648.781 9833704.637 376.834 3.6171 0.0 
8740000 21359 680.78 9839689.363 398.242 3.8006 0.0 
8750000 21381 580.808 9845436.297 337.701 3.2617 0.0 
8760000 21398 582.303 9851166.662 338.033 3.2797 0.0 
8770000 21417 581.435 9857413.285 344.512 3.2574 0.0 
8780000 21429 633.238 9862848.112 365.8 3.5511 0.0 
8790000 21441 670.82 9867749.163 371.941 3.7507 0.0 
8800000 21456 676.032 9873157.797 372.334 3.7895 0.0 
8810000 21467 716.041 9877746.339 378.121 4.0071 0.0 
8820000 21480 734.664 9881738.553 364.826 4.1264 0.0 
8830000 21492 741.977 9885594.028 350.711 4.1684 0.0 
8840000 21528 501.433 9889049.405 218.555 2.8154 0.0 
8850000 21541 568.01 9893786.913 254.587 3.1883 0.0 
8860000 21553 625.919 9898375.491 281.562 3.5208 0.0 
8870000 21564 686.415 9903680.316 323.901 3.8595 0.0 
8880000 21574 743.778 9908298.615 348.671 4.1862 0.0 
8890000 21614 451.833 9912634.485 207.173 2.5477 0.0 
8900000 21662 313.285 9916607.78 135.508 1.7735 0.0 
8910000 21688 333.663 9920769.89 140.445 1.897 0.0 
8920000 21708 389.617 9925671.756 175.917 2.202 0.0 
8930000 21756 290.354 9929842.146 124.058 1.6609 0.0 
8940000 21767 406.833 9933659.598 165.478 2.3075 0.0 
8950000 21790 412.202 9938397.839 177.794 2.3164 0.0 
8960000 21808 473.962 9943791.171 225.003 2.6662 0.0 
8970000 21822 526.339 9949534.135 266.308 2.9594 0.0 
8980000 21902 171.476 9953035.305 69.735 0.9615 0.0 
8990000 21955 201.732 9957379.762 89.184 1.1259 0.0 
9000000 21987 252.11 9961582.7 110.615 1.412 0.0 
9010000 22040 197.228 9964577.694 68.76 1.0999 0.0 
9020000 22053 325.297 9969586.647 139.289 1.8058 0.0 
9030000 22063 448.719 9975456.652 221.004 2.4957 0.0 
9040000 22073 549.563 9981061.949 283.403 3.0616 0.0 
9050000 22083 631.96 9986909.381 338.773 3.5067 0.0 
9060000 22094 693.419 9992475.099 375.542 3.8502 0.0 
9070000 22107 710.164 9997859.374 383.674 3.9454 0.0 
9080000 22118 737.913 10001912.685 375.121 4.1056 0.0 
9090000 22130 767.838 10007037.651 389.762 4.2787 0.0 
9100000 22141 791.976 10013185.42 421.617 4.41 0.0 
9110000 22155 777.005 10019071.968 423.665 4.3146 0.0 
9120000 22169 757.541 10024580.715 413.854 4.2024 0.0 
9130000 22182 758.935 10029869.052 412.712 4.2171 0.0 
9140000 22192 796.345 10035323.937 432.533 4.4355 0.0 
9150000 22203 821.379 10040024.102 431.585 4.5835 0.0 
9160000 22215 817.929 10044497.543 417.618 4.5731 0.0 
9170000 22226 831.478 10049450.074 420.859 4.6515 0.0 
9180000 22236 861.059 10054431.14 434.534 4.8198 0.0 
9190000 22253 787.196 10059064.545 390.46 4.3963 0.0 
9200000 22267 774.879 10063559.777 375.864 4.3421 0.0 
9210000 22288 664.307 10069242.246 335.225 3.7321 0.0 
9220000 22311 566.195 10075114.85 298.152 3.1977 0.0 
9230000 22330 562.295 10080686.523 301.913 3.185 0.0 
9240000 22356 487.407 10085621.954 254.428 2.7426 0.0 
9250000 22402 330.96 10090708.899 170.678 1.8662 0.0 
9260000 22417 430.639 10096124.164 225.81 2.4179 0.0 
9270000 22430 494.143 10102465.237 275.032 2.7797 0.0 
9280000 22443 559.413 10107625.266 305.567 3.1336 0.0 
9290000 22460 577.553 10114309.97 338.371 3.2211 0.0 
9300000 22473 622.162 10120626.076 372.612 3.4707 0.0 
9310000 22485 669.812 10126858.538 405.447 3.7307 0.0 
9320000 22503 622.765 10132434.861 369.16 3.4917 0.0 
9330000 22526 545.548 10138627.109 326.935 3.062 0.0 
9340000 22549 514.741 10145141.504 317.812 2.8801 0.0 
9350000 22581 407.72 10151155.637 248.571 2.2861 0.0 
9360000 22757 41.712 10155915.414 17.786 0.2332 0.0 
9370000 22808 144.773 10161276.274 74.711 0.8129 0.0 
9380000 22828 269.892 10166203.722 136.363 1.5242 0.0 
9390000 22856 303.783 10171340.155 155.415 1.7262 0.0 
9400000 22951 147.298 10178000.021 89.846 0.8144 0.0 
9410000 22975 246.16 10183679.733 143.718 1.3675 0.0 
9420000 22993 345.273 10189333.964 197.929 1.9311 0.0 
9430000 23011 412.075 10194949.41 233.806 2.3195 0.0 
9440000 23023 503.791 10200502.912 284.189 2.8267 0.0 
9450000 23038 537.822 10205683.835 295.187 3.017 0.0 
9460000 23064 484.988 10210556.328 257.053 2.7087 0.0 
9470000 23075 558.651 10215794.934 294.334 3.111 0.0 
9480000 23098 513.646 10220893.421 267.89 2.8437 0.0 
9490000 23121 474.995 10225696.607 241.005 2.6211 0.0 
9500000 23144 464.029 10230297.107 226.05 2.5844 0.0 
9510000 23161 493.002 10235207.625 239.209 2.7511 0.0 
9520000 23175 553.485 10241268.013 291.884 3.0902 0.0 
9530000 23200 489.06 10247520.177 273.619 2.7237 0.0 
9540000 23213 546.799 10253519.375 311.988 3.0315 0.0 
9550000 23225 613.69 10259595.945 357.183 3.3879 0.0 
9560000 23235 684.357 10265323.635 396.715 3.7905 0.0 
9570000 23245 739.578 10271251.79 430.606 4.1033 0.0 
9580000 23256 770.91 10277224.16 451.597 4.2735 0.0 
9590000 23270 746.478 10282817.513 433.427 4.1433 0.0 
9600000 23295 613.787 10288504.497 353.475 3.4107 0.0 
9610000 23315 580.971 10294076.02 331.518 3.2139 0.0 
9620000 23330 585.9 10299962.762 337.442 3.2392 0.0 
9630000 23346 609.201 10305358.031 343.893 3.3772 0.0 
9640000 23365 571.661 10311214.235 325.579 3.1854 0.0 
9650000 23388 526.546 10317147.301 304.535 2.9396 0.0 
9660000 23420 417.733 10323558.605 249.842 2.3304 0.0 
9670000 23465 285.268 10330054.293 176.612 1.5842 0.0 
9680000 23485 372.774 10336571.049 236.98 2.0803 0.0 
9690000 23497 470.966 10343549.533 310.284 2.625 0.0 
9700000 23522 441.413 10350259.568 292.773 2.4506 0.0 
9710000 23592 192.271 10355505.38 114.967 1.0718 0.0 
9720000 23640 201.008 10360999.92 113.427 1.1357 0.0 
9730000 23661 289.84 10365592.666 146.659 1.6387 0.0 
9740000 23690 316.977 10370927.713 164.095 1.789 0.0 
9750000 23707 399.087 10376646.19 216.1 2.2349 0.0 
9760000 23731 404.171 10382995.888 235.296 2.2712 0.0 
9770000 23748 462.661 10389484.473 280.624 2.6053 0.0 
9780000 23761 526.032 10395264.336 313.857 2.975 0.0 
9790000 23780 525.578 10401129.695 312.111 2.9819 0.0 
9800000 23807 465.299 10407686.407 286.192 2.6483 0.0 
9810000 23818 547.839 10414057.144 340.724 3.0907 0.0 
9820000 23829 618.772 10419981.481 381.109 3.4952 0.0 
9830000 23847 602.122 10425299.893 355.503 3.4052 0.0 
9840000 23867 572.778 10429824.81 316.026 3.238 0.0 
9850000 23881 615.353 10434140.502 317.729 3.5027 0.0 
9860000 23893 652.569 10437602.529 308.747 3.7045 0.0 
9870000 23906 690.613 10440865.457 298.697 3.9296 0.0 
9880000 23916 747.209 10445991.645 337.968 4.2586 0.0 
9890000 23928 755.437 10451766.811 364.254 4.3139 0.0 
9900000 23941 767.791 10456641.096 371.287 4.3772 0.0 
9910000 23951 810.269 10461425.453 390.839 4.6184 0.0 
9920000 23962 817.905 10466856.011 404.257 4.6566 0.0 
9930000 23972 851.215 10471557.031 416.193 4.8396 0.0 
9940000 23989 786.591 10476985.499 394.273 4.463 0.0 
9950000 24007 711.006 10482334.855 362.201 4.0159 0.0 
9960000 24055 401.662 10488189.378 215.738 2.268 0.0 
9970000 24159 148.645 10492765.802 72.264 0.8423 0.0 
9980000 24190 220.298 10497558.334 106.281 1.2351 0.0 
9990000 24455 30.852 10500050.436 6.164 0.174 0.0 
10000000 24484 161.852 10504257.205 63.573 0.9054 0.0 
