10000 62 114.882 442.0 4.998 0.5841 20 7978.0 344.7956 
20000 122 151.016 905.0 6.898 0.7714 40 13768.0 286.3052 
30000 184 155.257 1336.0 6.565 0.7952 61 18716.0 224.5992 
40000 244 162.85 1757.0 7.034 2.2627 81 23466.0 242.312 
50000 309 154.799 2161.0 6.223 2.8214 103 28091.0 207.911 
60000 367 164.941 2646.0 7.447 3.204 122 33963.0 259.373 
70000 427 166.441 3107.0 7.539 3.3036 142 39883.0 288.2779 
80000 490 157.717 3598.0 7.414 3.1381 163 45360.0 248.9935 
90000 554 158.434 4084.0 7.806 3.1565 184 50796.0 274.8325 
100000 613 168.093 4561.0 8.022 3.3538 204 56177.0 264.4591 
110000 677 159.918 5009.0 7.232 3.1917 225 61233.0 233.196 
120000 740 158.485 5480.0 7.34 3.1664 246 66510.0 243.315 
130000 797 170.766 5995.0 8.732 3.4148 265 72643.0 356.409 
140000 859 164.572 6497.0 8.264 3.2845 286 79071.0 288.3391 
150000 913 177.947 6970.0 8.78 3.5599 304 84367.0 305.7312 
160000 969 182.09 7521.0 9.829 3.6457 323 91361.0 392.0538 
170000 1027 174.459 8031.0 9.012 3.4862 342 97293.0 314.8295 
180000 1085 171.613 8550.0 8.865 3.4258 361 103315.0 300.0728 
190000 1143 173.686 9079.0 9.053 3.4707 381 109667.0 340.3068 
200000 1201 172.693 9572.0 8.741 3.4537 400 115429.0 297.8267 
210000 1260 166.472 10130.0 8.805 3.327 420 122210.0 305.5066 
220000 1320 168.556 10707.0 9.463 3.3751 440 129680.0 377.3097 
230000 1385 155.339 11245.0 8.316 3.1162 461 135685.0 266.0308 
240000 1446 161.22 11763.0 8.418 3.2359 482 141414.0 282.1924 
250000 1504 167.947 12346.0 9.635 3.3556 501 147766.0 317.191 
260000 1559 173.161 12865.0 9.308 3.46 519 154261.0 345.8157 
270000 1613 179.538 13360.0 9.001 3.5924 537 160707.0 358.9326 
280000 1675 167.416 13862.0 8.289 3.3553 558 166365.0 277.2461 
290000 1731 175.083 14321.0 8.317 3.5054 577 172309.0 335.7225 
300000 1788 177.883 14824.0 8.819 3.5617 596 178472.0 346.3849 
310000 1846 174.04 15339.0 8.869 3.4883 615 184994.0 337.7125 
320000 1904 172.37 15835.0 8.623 3.4556 634 191206.0 296.7632 
330000 1956 184.957 16365.0 9.569 3.702 652 198684.0 405.7071 
340000 2015 178.405 16844.0 8.889 3.5625 671 204505.0 336.4845 
350000 2071 182.37 17310.0 8.701 3.6457 690 211219.0 397.8388 
360000 2125 188.078 17779.0 8.942 3.7632 708 218615.0 452.3195 
370000 2174 197.052 18298.0 10.097 3.9463 724 224876.0 384.2526 
380000 2224 200.045 18789.0 10.023 4.0129 741 231166.0 401.3241 
390000 2277 192.875 19324.0 10.083 3.8655 759 238963.0 426.021 
400000 2330 193.405 19819.0 9.959 3.8854 776 246020.0 365.7361 
410000 2387 184.848 20330.0 9.648 3.709 795 251913.0 352.9425 
420000 2439 186.636 20799.0 8.978 3.7383 813 257891.0 321.9811 
430000 2496 180.339 21200.0 7.924 3.6129 832 262914.0 283.0698 
440000 2549 184.157 21660.0 8.352 3.6925 849 268151.0 292.3631 
450000 2595 202.444 22211.0 10.531 4.052 865 276195.0 457.171 
460000 2651 182.903 22716.0 9.061 3.6751 883 282489.0 316.636 
470000 2709 172.652 23170.0 7.923 3.4627 903 288711.0 285.6154 
480000 2755 196.74 23737.0 10.499 3.945 918 296145.0 439.2723 
490000 2805 198.817 24292.0 11.058 3.9838 935 304125.0 499.4276 
500000 2850 213.4 24869.0 11.948 4.2714 950 311370.0 492.3621 
510000 2900 202.925 25454.0 11.871 4.0723 966 318330.0 421.7324 
520000 2952 196.621 26027.0 11.557 3.9439 984 327488.0 562.6952 
530000 3005 190.801 26631.0 11.482 3.8302 1001 334935.0 433.4482 
540000 3051 207.964 27180.0 11.919 4.1671 1017 342589.0 499.3837 
550000 3101 203.129 27833.0 12.686 4.0757 1033 352879.0 625.3065 
560000 3147 205.848 28422.0 12.153 4.1311 1049 360583.0 471.9683 
570000 3194 209.417 29073.0 13.214 4.1989 1064 369446.0 544.7682 
580000 3240 215.469 29690.0 13.263 4.3215 1080 377580.0 525.0797 
590000 3285 216.773 30324.0 13.651 4.3526 1095 385885.0 528.5719 
600000 3335 207.638 30921.0 12.688 4.171 1111 393875.0 501.66 
610000 3380 217.998 31517.0 13.162 4.3724 1126 402790.0 550.9559 
620000 3419 233.91 32048.0 13.169 4.6834 1139 410431.0 581.4208 
630000 3464 229.042 32606.0 13.005 4.5934 1154 418976.0 593.1282 
640000 3506 227.933 33087.0 11.843 4.5643 1168 425014.0 455.259 
650000 3545 249.976 33656.0 13.635 5.0041 1181 433405.0 617.0911 
660000 3582 260.167 34294.0 15.444 5.2172 1194 442708.0 734.9247 
670000 3625 243.357 34877.0 14.593 4.8764 1208 449665.0 558.5128 
680000 3675 217.459 35517.0 13.609 4.3576 1225 457825.0 517.0624 
690000 3717 219.34 36085.0 12.917 4.4019 1239 466643.0 540.9718 
700000 3761 226.409 36650.0 13.11 4.5441 1253 477139.0 697.1597 
710000 3803 233.647 37224.0 13.417 4.6927 1267 486357.0 652.9854 
720000 3846 230.323 37711.0 12.015 4.63 1282 494394.0 570.6931 
730000 3890 229.537 38328.0 13.342 4.6076 1296 502990.0 566.2274 
740000 3939 215.582 38949.0 13.132 4.3261 1313 512321.0 600.9278 
750000 3981 221.358 39582.0 13.571 4.4452 1327 522259.0 638.7304 
760000 4024 225.796 40171.0 13.661 4.5245 1341 531046.0 577.9582 
770000 4068 229.662 40842.0 14.816 4.601 1356 541132.0 664.4465 
780000 4111 232.813 41474.0 14.779 4.6606 1370 550819.0 630.7108 
790000 4155 231.246 42151.0 15.406 4.6284 1385 559855.0 660.4934 
800000 4195 240.811 42795.0 15.921 4.8193 1398 571265.0 805.1206 
810000 4239 239.076 43513.0 16.603 4.7922 1413 581791.0 772.9345 
820000 4278 248.837 44175.0 16.762 4.9823 1426 591112.0 724.3159 
830000 4320 239.272 44850.0 16.02 4.7977 1440 601870.0 695.9541 
840000 4362 234.69 45563.0 16.438 4.6969 1454 611948.0 674.6798 
850000 4403 242.034 46270.0 17.224 4.849 1467 621247.0 689.7407 
860000 4450 228.191 46886.0 14.989 4.5795 1483 629430.0 584.8132 
870000 4488 243.975 47509.0 15.442 4.8936 1496 638052.0 629.1262 
880000 4524 259.08 48093.0 15.92 5.1885 1508 647066.0 696.2211 
890000 4560 267.109 48650.0 15.502 5.3453 1520 655360.0 677.1634 
900000 4599 259.862 49306.0 16.143 5.1993 1533 666251.0 762.0923 
910000 4640 254.059 49946.0 16.318 5.0891 1546 676600.0 718.2673 
920000 4680 248.51 50611.0 16.361 4.9825 1560 685620.0 682.9329 
930000 4716 266.359 51262.0 17.368 5.3476 1572 695734.0 821.8653 
940000 4756 253.684 51959.0 17.209 5.0929 1585 705134.0 728.6736 
950000 4794 264.435 52557.0 16.77 5.3069 1598 715746.0 837.2557 
960000 4835 253.057 53229.0 16.629 5.0778 1611 725795.0 777.6108 
970000 4874 254.11 53940.0 17.557 5.0953 1624 735356.0 712.8599 
980000 4911 261.829 54627.0 17.921 5.2538 1637 746429.0 862.7029 
990000 4953 252.296 55294.0 17.024 5.0653 1651 756907.0 789.5262 
1000000 4991 258.865 56051.0 18.796 5.194 1663 767039.0 796.3286 
1010000 5027 264.774 56810.0 19.992 5.3112 1675 777453.0 846.0937 
1020000 5064 269.49 57532.0 19.856 5.3991 1688 787906.0 873.398 
1030000 5103 259.096 58345.0 20.02 5.1921 1701 798997.0 837.7185 
1040000 5140 269.144 59078.0 20.302 5.4013 1713 808390.0 809.7721 
1050000 5176 273.539 59866.0 20.871 5.4792 1725 820214.0 924.4728 
1060000 5211 280.818 60672.0 22.258 5.6155 1737 832849.0 1052.0157 
1070000 5248 269.044 61465.0 21.275 5.3874 1749 844212.0 882.5267 
1080000 5284 276.631 62368.0 23.376 5.5386 1761 857006.0 1007.487 
1090000 5327 242.952 63192.0 20.109 4.8617 1775 870223.0 800.7806 
1100000 5369 244.569 64062.0 20.904 4.8955 1789 882361.0 929.5191 
1110000 5406 254.964 64864.0 20.861 5.1156 1802 893704.0 931.696 
1120000 5446 256.517 65691.0 21.282 5.1418 1815 903714.0 842.9357 
1130000 5481 271.489 66551.0 22.926 5.4427 1827 915679.0 950.144 
1140000 5521 256.1 67445.0 22.399 5.1283 1840 928329.0 880.3227 
1150000 5561 251.723 68309.0 21.836 5.0397 1853 940239.0 872.2253 
1160000 5598 261.943 69289.0 23.976 5.2361 1866 953832.0 1039.0842 
1170000 5635 265.699 70186.0 24.266 5.317 1878 966365.0 982.8586 
1180000 5671 269.234 71165.0 25.459 5.4002 1890 979349.0 1083.3767 
1190000 5712 254.59 72055.0 23.234 5.0967 1904 991398.0 918.2968 
1200000 5749 264.8 72999.0 24.685 5.3065 1916 1004651.0 1003.2513 
1210000 5786 269.51 73953.0 25.571 5.401 1928 1018204.0 1113.8969 
1220000 5823 266.954 74915.0 25.387 5.3494 1941 1032277.0 1104.5131 
1230000 5862 261.72 75902.0 25.106 5.2319 1954 1045588.0 1033.75 
1240000 5899 264.244 76806.0 24.809 5.2867 1966 1057971.0 1016.9427 
1250000 5935 269.842 77760.0 25.784 5.3994 1978 1070445.0 967.9078 
1260000 5976 256.13 78805.0 25.528 5.1373 1992 1085694.0 1108.8831 
1270000 6011 265.718 79841.0 27.568 5.3146 2003 1101309.0 1274.8061 
1280000 6048 271.192 80804.0 26.773 5.432 2016 1114722.0 1154.107 
1290000 6084 270.06 81851.0 27.569 5.4128 2028 1128516.0 1160.0442 
1300000 6123 257.634 82917.0 26.494 5.1606 2041 1144887.0 1148.6494 
1310000 6163 255.984 84032.0 27.978 5.1294 2054 1160647.0 1116.6675 
1320000 6201 258.015 85085.0 27.347 5.1691 2067 1175469.0 1174.4945 
1330000 6234 282.543 86051.0 28.214 5.6453 2078 1192296.0 1413.3871 
1340000 6271 280.261 87085.0 28.645 5.6111 2090 1208049.0 1349.7236 
1350000 6307 278.293 88107.0 28.439 5.5746 2102 1221353.0 1219.1475 
1360000 6342 286.206 89090.0 28.475 5.7298 2114 1235518.0 1244.5136 
1370000 6376 288.199 90141.0 29.586 5.7647 2125 1250124.0 1205.2407 
1380000 6414 274.146 91242.0 28.68 5.4843 2138 1264676.0 1171.9204 
1390000 6452 271.911 92322.0 29.248 5.4364 2150 1279538.0 1176.3982 
1400000 6493 257.643 93449.0 28.622 5.1477 2164 1294217.0 1116.9462 
1410000 6533 253.939 94529.0 27.699 5.0744 2177 1308377.0 1099.5957 
1420000 6571 262.978 95620.0 28.912 5.2648 2190 1323289.0 1195.6487 
1430000 6609 255.716 96688.0 27.355 5.1247 2203 1338701.0 1170.8093 
1440000 6644 272.497 97725.0 29.201 5.4614 2214 1352856.0 1214.1775 
1450000 6679 278.677 98870.0 31.109 5.5849 2226 1367771.0 1249.6274 
1460000 6714 279.006 100000.0 30.966 5.577 2238 1383066.0 1309.6416 
1470000 6750 273.595 101101.0 30.12 5.4708 2250 1399730.0 1310.4843 
1480000 6789 263.831 102148.0 28.808 5.2694 2263 1414301.0 1177.9032 
1490000 6826 266.521 103331.0 29.874 5.3309 2275 1429524.0 1154.4768 
1500000 6864 269.133 104459.0 30.335 5.3908 2288 1448436.0 1449.7141 
1510000 6900 267.992 105665.0 30.657 5.3614 2300 1466430.0 1409.0226 
1520000 6940 263.689 106911.0 32.125 5.2808 2313 1483060.0 1319.5766 
1530000 6978 263.2 108158.0 31.727 5.2773 2326 1503172.0 1498.7781 
1540000 7017 263.675 109279.0 30.635 5.2836 2339 1517633.0 1264.1215 
1550000 7056 257.072 110523.0 30.899 5.1547 2352 1534194.0 1289.3468 
1560000 7093 262.798 111704.0 31.62 5.2616 2364 1550567.0 1269.1023 
1570000 7130 266.255 112915.0 32.393 5.3279 2376 1568490.0 1385.8284 
1580000 7168 261.68 114107.0 31.209 5.2419 2389 1586182.0 1374.9453 
1590000 7205 263.75 115334.0 32.482 5.2854 2401 1602715.0 1386.9728 
1600000 7239 280.77 116403.0 31.748 5.6188 2413 1618311.0 1345.685 
1610000 7276 271.078 117591.0 31.651 5.4318 2425 1635154.0 1310.9014 
1620000 7310 282.041 118736.0 32.909 5.6447 2436 1651200.0 1360.9015 
1630000 7350 260.932 119907.0 30.061 5.216 2450 1665470.0 1088.6867 
1640000 7389 255.385 121097.0 29.899 5.1256 2463 1683251.0 1350.0991 
1650000 7426 264.681 122281.0 31.523 5.3109 2475 1701584.0 1347.4649 
1660000 7461 275.754 123485.0 32.914 5.5363 2487 1717389.0 1406.6449 
1670000 7496 280.417 124624.0 32.856 5.6223 2498 1732534.0 1353.2553 
1680000 7532 278.376 125783.0 32.374 5.5786 2510 1749358.0 1309.5466 
1690000 7570 268.768 126994.0 32.072 5.3832 2523 1765850.0 1226.7085 
1700000 7609 258.991 128167.0 31.001 5.1803 2536 1783021.0 1347.6935 
1710000 7641 283.11 129297.0 32.375 5.6695 2547 1799229.0 1459.6487 
1720000 7674 294.689 130407.0 33.173 5.9008 2558 1814796.0 1455.1786 
1730000 7711 285.905 131617.0 33.47 5.7373 2570 1831559.0 1442.1547 
1740000 7746 280.952 132763.0 32.309 5.6375 2582 1848664.0 1446.2365 
1750000 7782 284.75 133876.0 32.09 5.7113 2594 1864448.0 1426.5646 
1760000 7815 291.034 135057.0 33.695 5.8325 2605 1884405.0 1737.5007 
1770000 7849 290.972 136325.0 35.558 5.823 2616 1902531.0 1573.7252 
1780000 7884 285.916 137574.0 35.131 5.7201 2628 1919726.0 1519.0621 
1790000 7917 297.426 138674.0 34.805 5.9456 2639 1933863.0 1412.9833 
1800000 7950 295.222 139934.0 35.141 5.9014 2650 1950940.0 1439.9103 
1810000 7980 313.859 141004.0 35.673 6.2754 2660 1965700.0 1509.9894 
1820000 8014 302.309 142255.0 36.431 6.0481 2671 1983526.0 1472.8197 
1830000 8048 297.178 143428.0 35.487 5.9469 2682 2000122.0 1441.8225 
1840000 8083 292.832 144587.0 34.296 5.864 2694 2016397.0 1430.7512 
1850000 8118 292.706 145780.0 34.576 5.8637 2706 2033832.0 1512.9704 
1860000 8154 282.326 147023.0 34.063 5.6571 2718 2050896.0 1448.7077 
1870000 8187 285.189 148291.0 35.086 5.7164 2729 2068423.0 1505.916 
1880000 8226 264.891 149450.0 31.544 5.303 2742 2083984.0 1213.9741 
1890000 8262 268.125 150656.0 32.061 5.3656 2754 2100518.0 1282.597 
1900000 8301 260.251 151995.0 33.101 5.2139 2767 2118709.0 1344.8389 
1910000 8337 267.211 153263.0 33.94 5.3532 2779 2137093.0 1474.6754 
1920000 8374 266.91 154495.0 33.594 5.3514 2791 2155226.0 1484.6973 
1930000 8406 289.335 155633.0 34.473 5.7981 2802 2172454.0 1556.9463 
1940000 8439 290.508 156937.0 35.751 5.8275 2813 2193111.0 1668.1089 
1950000 8476 282.925 158141.0 34.4 5.6668 2825 2209234.0 1445.4379 
1960000 8511 277.397 159444.0 34.509 5.5657 2837 2226959.0 1397.4032 
1970000 8547 284.43 160662.0 35.267 5.6994 2849 2245683.0 1631.4118 
1980000 8580 291.667 161877.0 35.415 5.8392 2860 2263690.0 1635.5061 
1990000 8613 298.727 163107.0 35.943 5.977 2871 2280597.0 1519.7179 
2000000 8644 313.022 164322.0 38.323 6.2636 2881 2297026.0 1598.71 
2010000 8678 301.449 165654.0 38.526 6.0304 2892 2317472.0 1786.0056 
2020000 8713 294.009 166860.0 36.147 5.8823 2904 2333567.0 1482.6123 
2030000 8748 288.599 168089.0 35.605 5.774 2916 2350812.0 1500.9402 
2040000 8781 295.037 169299.0 36.108 5.9004 2927 2367369.0 1519.381 
2050000 8815 290.277 170591.0 36.098 5.8031 2938 2385305.0 1515.0257 
2060000 8850 288.963 171846.0 36.241 5.7751 2950 2401820.0 1479.9024 
2070000 8884 290.972 173158.0 37.699 5.8129 2961 2420206.0 1575.0975 
2080000 8921 278.728 174441.0 36.267 5.5743 2973 2437169.0 1470.6754 
2090000 8960 265.765 175728.0 34.324 5.332 2986 2453450.0 1290.3465 
2100000 8994 279.626 176935.0 34.832 5.5993 2998 2470496.0 1472.2409 
2110000 9027 284.665 178266.0 36.087 5.6958 3009 2489183.0 1533.7898 
2120000 9060 295.416 179462.0 36.086 5.9236 3020 2507400.0 1626.5967 
2130000 9091 312.042 180609.0 37.318 6.2554 3030 2523519.0 1563.4421 
2140000 9127 296.458 181843.0 36.151 5.942 3042 2539143.0 1406.638 
2150000 9157 315.276 183014.0 37.745 6.3126 3052 2555613.0 1572.2248 
2160000 9193 295.645 184224.0 35.897 5.9172 3064 2572887.0 1579.0005 
2170000 9225 299.251 185463.0 36.394 5.991 3075 2589155.0 1470.093 
2180000 9256 311.285 186621.0 37.041 6.2344 3085 2606824.0 1604.2593 
2190000 9288 310.732 187795.0 36.508 6.2167 3096 2622772.0 1579.5201 
2200000 9320 308.971 188995.0 37.09 6.1772 3106 2640070.0 1633.7467 
2210000 9352 312.454 190277.0 38.862 6.248 3117 2658448.0 1721.2488 
2220000 9384 307.983 191530.0 38.068 6.1644 3128 2676126.0 1668.3617 
2230000 9415 318.429 192766.0 39.582 6.3714 3138 2692955.0 1651.0322 
2240000 9448 311.052 194035.0 39.229 6.2265 3149 2711862.0 1606.0883 
2250000 9480 307.426 195258.0 37.718 6.1606 3160 2729150.0 1641.7804 
2260000 9516 293.354 196571.0 37.49 5.8835 3172 2747824.0 1600.7424 
2270000 9552 281.815 197848.0 35.844 5.6367 3184 2764508.0 1439.4449 
2280000 9585 290.516 199070.0 36.085 5.8178 3195 2780995.0 1482.5656 
2290000 9617 304.343 200247.0 37.285 6.0892 3205 2797613.0 1508.9296 
2300000 9651 295.583 201592.0 37.235 5.9137 3217 2815659.0 1503.46 
2310000 9684 301.872 202793.0 37.474 6.0339 3228 2831486.0 1503.6358 
2320000 9717 292.734 204083.0 36.696 5.8594 3239 2849793.0 1534.2674 
2330000 9754 288.334 205355.0 36.542 5.77 3251 2869306.0 1575.29 
2340000 9787 296.15 206584.0 36.975 5.9357 3262 2887213.0 1574.6366 
2350000 9822 288.212 207806.0 35.231 5.7727 3274 2904898.0 1466.4294 
2360000 9855 286.589 209002.0 34.562 5.7393 3285 2921765.0 1411.6477 
2370000 9887 300.705 210221.0 37.198 6.0143 3295 2941443.0 1698.3722 
2380000 9921 294.752 211471.0 36.105 5.9013 3307 2958469.0 1528.2225 
2390000 9954 294.208 212724.0 36.081 5.8834 3318 2976716.0 1576.0626 
2400000 9990 281.972 214060.0 36.021 5.6401 3330 2994660.0 1497.7928 
2410000 10026 280.928 215350.0 36.243 5.6214 3342 3013184.0 1582.6095 
2420000 10059 288.04 216615.0 36.698 5.7527 3353 3031481.0 1586.9975 
2430000 10091 304.189 217866.0 38.995 6.0787 3363 3048789.0 1728.695 
2440000 10121 318.273 219076.0 39.7 6.3643 3373 3068499.0 1958.1889 
2450000 10156 301.006 220387.0 38.361 6.0173 3385 3089164.0 1681.6291 
2460000 10188 300.757 221605.0 37.081 6.0151 3396 3107622.0 1689.8998 
2470000 10221 306.095 222839.0 37.776 6.1331 3407 3127719.0 1811.9923 
2480000 10254 304.153 224109.0 37.946 6.0803 3418 3144746.0 1615.0836 
2490000 10284 311.656 225373.0 39.19 6.228 3428 3163566.0 1782.8262 
2500000 10318 306.632 226657.0 39.05 6.1264 3439 3181712.0 1683.1163 
2510000 10350 300.209 227910.0 37.423 5.997 3450 3200060.0 1659.629 
2520000 10384 301.613 229064.0 37.068 6.0179 3461 3217806.0 1665.9041 
2530000 10418 300.844 230358.0 38.043 6.0138 3472 3236162.0 1616.8343 
2540000 10450 307.091 231617.0 38.611 6.1406 3483 3255240.0 1716.5979 
2550000 10481 314.49 232829.0 39.2 6.2857 3493 3274279.0 1806.3836 
2560000 10512 318.297 233961.0 38.033 6.3703 3504 3291148.0 1772.752 
2570000 10548 295.437 235262.0 36.631 5.9212 3516 3309242.0 1571.4611 
2580000 10583 288.735 236466.0 35.542 5.7776 3527 3327657.0 1535.299 
2590000 10615 301.473 237757.0 37.794 6.0295 3538 3347195.0 1712.3185 
2600000 10650 288.862 239031.0 36.05 5.7707 3550 3365930.0 1572.4472 
2610000 10683 294.227 240359.0 37.86 5.8781 3561 3386377.0 1748.2468 
2620000 10719 284.698 241653.0 36.651 5.6893 3573 3405071.0 1574.2547 
2630000 10751 305.098 242932.0 39.631 6.0973 3583 3424739.0 1782.7375 
2640000 10786 297.005 244332.0 40.051 5.9385 3595 3446214.0 1747.0535 
2650000 10820 292.646 245541.0 37.708 5.8611 3606 3461290.0 1528.5017 
2660000 10852 302.353 246865.0 39.414 6.0549 3617 3479718.0 1585.9353 
2670000 10890 282.082 248156.0 36.714 5.6503 3630 3499230.0 1606.4642 
2680000 10920 304.366 249471.0 38.778 6.0875 3640 3518070.0 1752.3683 
2690000 10951 319.042 250713.0 40.574 6.3789 3650 3534949.0 1686.3076 
2700000 10983 315.655 252018.0 40.314 6.3209 3661 3553337.0 1734.0196 
2710000 11016 305.105 253238.0 37.769 6.1098 3672 3568924.0 1442.9236 
2720000 11049 303.967 254567.0 39.198 6.0913 3683 3589201.0 1728.4163 
2730000 11079 316.338 255814.0 39.468 6.3324 3693 3608761.0 1817.0131 
2740000 11111 314.14 257053.0 39.56 6.2833 3703 3626499.0 1697.009 
2750000 11142 314.252 258295.0 38.668 6.2772 3714 3645928.0 1779.1217 
2760000 11175 311.669 259533.0 38.538 6.2299 3725 3662865.0 1670.2778 
2770000 11207 316.366 260738.0 38.936 6.3211 3735 3678693.0 1554.4428 
2780000 11240 305.809 261985.0 38.24 6.1189 3746 3697290.0 1575.2409 
2790000 11274 296.38 263299.0 37.534 5.925 3758 3715476.0 1572.5218 
2800000 11311 286.938 264582.0 36.797 5.735 3770 3734479.0 1623.978 
2810000 11346 284.62 265874.0 36.049 5.689 3782 3753734.0 1623.7526 
2820000 11377 301.143 267102.0 38.209 6.029 3792 3773503.0 1802.459 
2830000 11415 279.27 268448.0 36.368 5.5879 3805 3792365.0 1543.4036 
2840000 11445 298.871 269663.0 37.377 5.9834 3815 3808295.0 1545.6224 
2850000 11478 301.917 270854.0 37.129 6.0431 3826 3825152.0 1599.8319 
2860000 11508 314.534 272115.0 38.914 6.2855 3836 3845442.0 1817.9082 
2870000 11542 303.312 273434.0 38.801 6.0623 3847 3864568.0 1714.0258 
2880000 11574 307.436 274666.0 38.114 6.1513 3858 3883056.0 1772.385 
2890000 11610 293.398 275994.0 37.499 5.8754 3870 3901330.0 1597.9015 
2900000 11643 300.241 277183.0 37.066 6.0057 3881 3918477.0 1602.3506 
2910000 11675 304.085 278473.0 38.594 6.0848 3891 3936285.0 1642.8074 
2920000 11706 306.624 279792.0 39.158 6.1426 3902 3956264.0 1694.1042 
2930000 11742 287.415 281138.0 37.502 5.7525 3914 3973658.0 1528.6817 
2940000 11775 294.097 282383.0 37.579 5.8813 3925 3991765.0 1640.4874 
2950000 11811 291.038 283610.0 36.665 5.818 3937 4009689.0 1621.0191 
2960000 11844 294.696 284928.0 37.338 5.8939 3948 4027926.0 1615.241 
2970000 11875 308.069 286168.0 39.06 6.1567 3958 4045485.0 1616.6214 
2980000 11908 311.265 287480.0 39.983 6.2115 3969 4062872.0 1621.272 
2990000 11943 298.666 288807.0 38.971 5.9646 3981 4081227.0 1657.0249 
3000000 11973 312.686 290118.0 40.393 6.2397 3991 4102017.0 1956.7347 
3010000 12003 322.566 291324.0 40.407 6.446 4001 4118497.0 1768.2254 
3020000 12034 324.001 292678.0 42.02 6.4853 4011 4139186.0 1821.6393 
3030000 12066 313.255 293916.0 39.494 6.2676 4022 4156354.0 1705.9748 
3040000 12097 321.716 295159.0 40.635 6.4314 4032 4173743.0 1698.0464 
3050000 12129 310.951 296415.0 38.624 6.2139 4043 4191741.0 1705.7509 
3060000 12159 324.542 297601.0 39.36 6.4838 4053 4209141.0 1763.5414 
3070000 12191 322.151 298853.0 40.059 6.4386 4063 4228789.0 1788.4774 
3080000 12225 304.327 300172.0 38.416 6.0896 4075 4249565.0 1752.1967 
3090000 12254 326.354 301309.0 39.74 6.5247 4084 4265946.0 1786.5606 
3100000 12291 298.429 302657.0 38.163 5.9664 4097 4283749.0 1557.613 
3110000 12325 296.623 303912.0 37.166 5.9318 4108 4301765.0 1492.9939 
3120000 12358 301.934 305217.0 38.81 6.0514 4119 4319632.0 1520.2996 
3130000 12394 294.782 306440.0 36.762 5.9054 4131 4337106.0 1542.0983 
3140000 12427 297.744 307763.0 38.211 5.9554 4142 4355873.0 1668.2102 
3150000 12459 301.817 309041.0 38.614 6.04 4153 4375271.0 1829.7263 
3160000 12496 287.543 310437.0 38.752 5.7461 4165 4395134.0 1588.0125 
3170000 12528 301.916 311658.0 38.617 6.0519 4176 4411682.0 1636.8624 
3180000 12557 318.301 312922.0 40.71 6.3717 4185 4429253.0 1719.6057 
3190000 12591 301.586 314222.0 38.346 6.0407 4197 4447019.0 1587.5952 
3200000 12624 305.362 315514.0 39.458 6.1078 4208 4465126.0 1679.7736 
3210000 12655 309.901 316825.0 40.217 6.2047 4218 4487515.0 1853.0085 
3220000 12686 319.827 318090.0 41.104 6.3901 4228 4504514.0 1767.8155 
3230000 12717 314.718 319343.0 39.421 6.2949 4239 4522953.0 1718.5939 
3240000 12754 294.106 320647.0 37.66 5.8838 4251 4540316.0 1452.4206 
3250000 12787 301.038 321978.0 39.313 6.0311 4262 4561443.0 1751.7874 
3260000 12819 304.228 323262.0 38.95 6.0819 4273 4577661.0 1625.7862 
3270000 12854 298.623 324557.0 39.237 5.981 4284 4597166.0 1617.7785 
3280000 12888 295.972 325844.0 38.572 5.9312 4296 4616062.0 1756.2822 
3290000 12922 293.139 327145.0 38.145 5.8612 4307 4637558.0 1821.7165 
3300000 12954 293.055 328386.0 36.915 5.8608 4318 4653746.0 1543.9525 
3310000 12987 303.1 329674.0 38.656 6.0602 4329 4672063.0 1710.9039 
3320000 13017 311.978 330988.0 39.961 6.2396 4339 4693333.0 1916.0901 
3330000 13050 302.492 332257.0 38.68 6.0422 4350 4710530.0 1646.8653 
3340000 13086 295.161 333593.0 38.988 5.914 4362 4729384.0 1674.9434 
3350000 13122 283.467 334814.0 35.438 5.679 4374 4746468.0 1449.1861 
3360000 13158 281.366 336129.0 36.167 5.6326 4386 4766162.0 1564.0188 
3370000 13188 296.003 337428.0 37.873 5.9226 4396 4785732.0 1714.5307 
3380000 13221 299.752 338684.0 38.595 6.0023 4407 4805659.0 1843.0918 
3390000 13252 311.457 340018.0 40.631 6.2431 4417 4825408.0 1863.3476 
3400000 13284 310.754 341302.0 40.489 6.2107 4428 4842706.0 1750.243 
3410000 13319 295.888 342649.0 39.253 5.9166 4439 4862601.0 1723.6287 
3420000 13352 297.303 343956.0 39.311 5.943 4450 4881568.0 1672.7248 
3430000 13383 311.494 345196.0 39.803 6.2366 4461 4899557.0 1768.7104 
3440000 13414 314.52 346447.0 39.785 6.3036 4471 4917336.0 1680.5972 
3450000 13446 313.113 347718.0 39.156 6.2764 4482 4937434.0 1796.4869 
3460000 13479 309.342 348977.0 38.93 6.19 4493 4954951.0 1695.0108 
3470000 13510 316.755 350298.0 40.85 6.3383 4503 4976450.0 1875.2192 
3480000 13543 309.813 351668.0 41.264 6.2266 4514 4997717.0 1844.5768 
3490000 13575 308.266 352929.0 39.938 6.1929 4525 5016215.0 1763.1064 
3500000 13607 311.359 354243.0 40.922 6.2438 4535 5035173.0 1739.4247 
3510000 13638 311.931 355539.0 40.203 6.2427 4546 5055512.0 1779.3408 
3520000 13674 290.801 356887.0 37.965 5.8281 4558 5074076.0 1576.7214 
3530000 13707 299.648 358085.0 38.16 6.0027 4569 5090393.0 1570.9589 
3540000 13741 293.594 359414.0 37.935 5.8801 4580 5111099.0 1712.3732 
3550000 13773 299.329 360683.0 38.008 6.0013 4591 5129777.0 1769.6002 
3560000 13805 307.423 361923.0 39.12 6.1671 4601 5146555.0 1612.3824 
3570000 13837 309.225 363274.0 40.508 6.2071 4612 5167733.0 1798.6716 
3580000 13870 308.706 364549.0 40.03 6.1864 4623 5184710.0 1661.514 
3590000 13903 301.929 365861.0 39.679 6.0366 4634 5206447.0 1822.6436 
3600000 13935 311.261 367056.0 38.8 6.2241 4645 5223375.0 1743.9719 
3610000 13965 314.786 368363.0 39.74 6.3014 4655 5241245.0 1720.1968 
3620000 13997 317.466 369576.0 39.692 6.367 4665 5261633.0 1926.8691 
3630000 14029 313.765 370856.0 39.895 6.2923 4676 5280261.0 1766.9461 
3640000 14061 306.942 372212.0 39.741 6.1634 4687 5302449.0 1956.2036 
3650000 14096 302.626 373582.0 40.718 6.0762 4698 5322104.0 1781.8223 
3660000 14131 297.047 375051.0 41.632 5.9627 4710 5342759.0 1787.303 
3670000 14164 297.265 376365.0 40.576 5.9662 4721 5362776.0 1756.0174 
3680000 14193 311.32 377602.0 40.138 6.2311 4731 5381297.0 1831.6992 
3690000 14227 308.782 378898.0 40.503 6.1776 4742 5399023.0 1654.2144 
3700000 14259 313.009 380086.0 39.153 6.2723 4753 5415221.0 1637.845 
3710000 14289 316.208 381421.0 40.051 6.3334 4763 5436381.0 1940.8428 
