10000 58 118.189 466.0 5.363 0.459 19 5302.0 232.2018 
20000 119 148.399 926.0 6.585 0.6406 39 10531.0 240.2724 
30000 179 159.494 1311.0 6.314 0.7193 59 14961.0 205.837 
40000 242 157.719 1714.0 6.311 2.0678 80 19598.0 216.8789 
50000 300 162.373 2145.0 6.661 2.8087 100 25050.0 236.6948 
60000 360 167.795 2612.0 7.637 3.1172 120 30260.0 268.3706 
70000 422 165.577 3046.0 7.416 3.1453 140 35198.0 235.518 
80000 486 157.701 3481.0 6.827 3.0075 162 40354.0 230.9657 
90000 548 159.691 3920.0 7.146 3.0501 182 45302.0 253.472 
100000 608 165.092 4360.0 7.202 3.1573 202 50242.0 246.3752 
110000 665 169.532 4858.0 8.2 3.2504 221 55855.0 276.4752 
120000 726 165.139 5377.0 8.431 3.1601 242 61714.0 294.1164 
130000 791 157.774 5855.0 7.585 3.0117 263 67309.0 240.4435 
140000 849 168.788 6317.0 8.042 3.2282 283 72571.0 287.486 
150000 909 166.505 6778.0 7.662 3.1954 303 77721.0 258.205 
160000 971 164.1 7217.0 7.422 3.15 323 82709.0 254.6596 
170000 1034 161.408 7691.0 7.483 3.0917 344 88056.0 256.4768 
180000 1094 167.408 8171.0 8.175 3.2063 364 94126.0 317.0802 
190000 1153 166.627 8669.0 8.28 3.1861 384 100717.0 287.5029 
200000 1208 174.47 9225.0 9.314 3.3367 402 107442.0 381.1528 
210000 1268 171.572 9744.0 8.874 3.2827 422 113402.0 293.6747 
220000 1323 174.191 10237.0 8.579 3.3362 441 119527.0 297.2421 
230000 1381 173.861 10746.0 8.883 3.333 460 126029.0 333.7823 
240000 1435 182.34 11288.0 9.624 3.493 478 133695.0 377.8504 
250000 1496 167.486 11816.0 8.789 3.2119 498 140424.0 299.7228 
260000 1554 171.014 12380.0 9.468 3.2754 518 146896.0 333.569 
270000 1605 182.268 12918.0 9.895 3.4974 535 154585.0 390.3763 
280000 1665 175.318 13461.0 9.656 3.3615 555 161095.0 343.9452 
290000 1715 183.901 14076.0 10.671 3.52 571 168585.0 391.3599 
300000 1770 185.73 14635.0 10.361 3.5508 590 174940.0 349.1154 
310000 1822 185.151 15223.0 10.758 3.547 607 182418.0 391.0505 
320000 1874 191.585 15807.0 11.172 3.6672 624 191836.0 592.8741 
330000 1929 181.892 16332.0 9.935 3.4859 643 197851.0 361.3404 
340000 1983 187.206 16900.0 10.44 3.587 661 204637.0 390.8415 
350000 2044 170.709 17482.0 9.827 3.273 681 211276.0 334.46 
360000 2102 173.056 17993.0 9.318 3.327 700 217298.0 320.7333 
370000 2148 195.303 18567.0 10.843 3.7436 716 227232.0 579.2792 
380000 2196 206.757 19210.0 12.745 3.9694 732 236114.0 556.6284 
390000 2249 196.111 19816.0 11.969 3.7628 749 244831.0 589.4707 
400000 2297 203.565 20470.0 13.18 3.9045 765 254873.0 717.3228 
410000 2340 216.895 21141.0 14.121 4.1561 780 265100.0 704.7963 
420000 2394 193.431 21750.0 12.226 3.7074 798 272146.0 427.2691 
430000 2442 201.367 22371.0 12.634 3.8552 814 279678.0 455.4547 
440000 2491 203.643 23008.0 12.904 3.8999 830 287419.0 459.075 
450000 2544 194.803 23611.0 12.025 3.7374 848 297766.0 620.1709 
460000 2594 193.407 24233.0 11.748 3.7064 864 307416.0 559.7079 
470000 2645 195.421 24929.0 13.074 3.7437 881 316535.0 534.9746 
480000 2689 215.568 25607.0 14.652 4.1311 896 326571.0 676.9693 
490000 2730 229.863 26212.0 14.796 4.4035 910 336630.0 697.8277 
500000 2779 206.747 26794.0 12.214 3.9652 926 345611.0 486.5553 
510000 2826 209.363 27461.0 13.342 4.0166 942 354374.0 553.8178 
520000 2876 205.161 28076.0 12.728 3.9377 958 362514.0 499.1517 
530000 2926 203.461 28686.0 12.437 3.9026 975 369934.0 454.8036 
540000 2977 202.539 29321.0 12.643 3.888 992 378293.0 476.3066 
550000 3028 198.823 29957.0 12.503 3.8186 1009 386152.0 467.5443 
560000 3070 226.089 30660.0 15.205 4.3415 1023 396710.0 774.6523 
570000 3114 223.727 31391.0 15.707 4.2951 1038 406916.0 701.0324 
580000 3162 218.503 32021.0 14.269 4.1971 1054 415288.0 572.086 
590000 3210 214.846 32678.0 13.951 4.1238 1070 424150.0 603.6591 
600000 3259 206.125 33363.0 13.657 3.9516 1086 432961.0 514.109 
610000 3308 204.15 34005.0 12.979 3.9212 1102 440832.0 528.3834 
620000 3353 213.069 34631.0 13.641 4.0902 1117 449337.0 513.2029 
630000 3399 209.539 35286.0 13.531 4.0253 1133 457591.0 520.5825 
640000 3445 219.294 35923.0 13.79 4.2074 1148 467415.0 644.4064 
650000 3495 210.597 36542.0 13.107 4.0402 1165 475735.0 528.4813 
660000 3542 209.688 37214.0 13.615 4.0193 1180 485098.0 555.6267 
670000 3591 204.982 37916.0 13.918 3.9233 1197 496229.0 689.8927 
680000 3633 225.9 38675.0 16.395 4.3366 1211 508257.0 809.4077 
690000 3675 230.787 39346.0 15.688 4.4282 1225 518775.0 777.5742 
700000 3717 234.44 40075.0 16.905 4.5008 1239 528883.0 754.7781 
710000 3768 213.429 40727.0 14.383 4.095 1256 538182.0 570.0078 
720000 3814 214.554 41489.0 15.363 4.1106 1271 549086.0 635.0559 
730000 3860 215.595 42200.0 15.587 4.1413 1286 558380.0 606.064 
740000 3903 226.054 42955.0 16.798 4.3372 1301 569287.0 765.506 
750000 3947 226.503 43669.0 16.406 4.3457 1315 580463.0 775.7536 
760000 3996 214.284 44348.0 15.077 4.1168 1332 588914.0 584.2922 
770000 4038 228.758 44990.0 15.277 4.3977 1346 598202.0 672.0692 
780000 4076 247.296 45723.0 17.489 4.7471 1358 611964.0 986.6851 
790000 4110 265.986 46442.0 18.862 5.106 1370 621820.0 860.2795 
800000 4150 255.627 47149.0 18.263 4.9008 1383 632590.0 783.3335 
810000 4186 258.841 47955.0 19.514 4.9668 1395 643254.0 829.1224 
820000 4218 290.473 48575.0 19.979 5.5695 1406 653422.0 913.9564 
830000 4254 281.489 49307.0 19.905 5.3993 1418 665856.0 981.6992 
840000 4296 257.354 50096.0 19.024 4.9394 1432 675784.0 785.1645 
850000 4337 250.655 50870.0 19.218 4.8095 1445 688443.0 766.0309 
860000 4375 259.473 51605.0 19.319 4.9856 1458 698005.0 834.1628 
870000 4418 241.918 52374.0 18.358 4.6405 1472 708332.0 721.8744 
880000 4458 246.768 53112.0 18.229 4.7328 1486 720032.0 824.9103 
890000 4501 242.235 53952.0 19.246 4.648 1500 731469.0 852.7789 
900000 4540 251.959 54828.0 21.269 4.8346 1513 744040.0 1016.8404 
910000 4575 269.38 55636.0 22.036 5.1627 1525 756045.0 1004.3943 
920000 4613 268.267 56443.0 21.668 5.147 1537 768667.0 1060.6359 
930000 4651 262.902 57273.0 21.544 5.0379 1550 781919.0 989.1665 
940000 4686 282.456 58043.0 22.289 5.4107 1562 792304.0 979.4394 
950000 4721 285.387 58842.0 22.757 5.4693 1573 804499.0 935.3969 
960000 4758 278.983 59643.0 22.38 5.3545 1586 815552.0 963.183 
970000 4794 278.966 60426.0 22.133 5.3538 1598 827876.0 1011.8206 
980000 4827 285.689 61230.0 22.891 5.4722 1609 840523.0 1078.0407 
990000 4864 280.874 62057.0 22.655 5.3856 1621 854406.0 1217.0909 
1000000 4905 260.739 62898.0 21.675 5.0059 1635 867465.0 1045.7571 
1010000 4941 266.294 63740.0 22.153 5.1106 1647 878549.0 939.6646 
1020000 4977 273.557 64622.0 23.443 5.2475 1659 890013.0 976.1263 
1030000 5017 261.964 65457.0 22.482 5.0219 1672 900793.0 875.4572 
1040000 5055 260.212 66387.0 23.478 4.989 1685 914735.0 1024.415 
1050000 5093 258.812 67249.0 22.532 4.965 1697 926577.0 972.4212 
1060000 5128 270.227 68141.0 23.804 5.1868 1709 939592.0 1034.1625 
1070000 5161 280.798 68941.0 23.836 5.3876 1720 952189.0 1061.034 
1080000 5197 278.952 69777.0 23.557 5.3532 1732 962973.0 976.1297 
1090000 5229 293.854 70681.0 25.407 5.6522 1743 975771.0 1113.9786 
1100000 5264 287.579 71560.0 25.593 5.5239 1754 987906.0 1024.5509 
1110000 5300 280.746 72544.0 26.317 5.391 1766 1002400.0 1133.4625 
1120000 5332 295.304 73442.0 27.085 5.6702 1777 1013878.0 1086.4394 
1130000 5367 285.853 74325.0 25.477 5.4748 1789 1027693.0 1081.869 
1140000 5403 281.442 75253.0 25.632 5.3871 1801 1041217.0 1147.6731 
1150000 5439 274.521 76191.0 25.193 5.2581 1813 1054401.0 1069.8418 
1160000 5474 281.639 77150.0 26.758 5.3839 1824 1067536.0 1202.5943 
1170000 5510 277.511 78279.0 28.834 5.3123 1836 1084320.0 1215.2775 
1180000 5544 280.755 79266.0 28.093 5.3727 1848 1097236.0 1121.17 
1190000 5577 295.067 80190.0 28.53 5.6547 1859 1110973.0 1245.9792 
1200000 5615 282.693 81213.0 27.903 5.4109 1871 1125225.0 1137.133 
1210000 5650 285.069 82159.0 27.544 5.4567 1883 1137800.0 1176.2772 
1220000 5688 269.626 83126.0 26.061 5.1689 1896 1150532.0 1008.8846 
1230000 5726 266.9 84172.0 26.987 5.1276 1908 1164574.0 1073.911 
1240000 5757 295.326 85119.0 28.796 5.6642 1919 1178083.0 1300.0442 
1250000 5784 322.141 86057.0 30.31 6.1811 1928 1190856.0 1321.8391 
1260000 5814 327.858 87064.0 31.774 6.2836 1938 1205106.0 1391.0784 
1270000 5853 287.381 88169.0 29.52 5.5057 1951 1219337.0 1160.7462 
1280000 5890 280.738 89197.0 29.377 5.381 1963 1232840.0 1123.9399 
1290000 5926 281.882 90216.0 28.962 5.4073 1975 1248044.0 1310.2139 
1300000 5966 269.404 91286.0 28.398 5.1728 1988 1263834.0 1246.1141 
1310000 6000 277.288 92299.0 28.464 5.322 2000 1277850.0 1207.5065 
1320000 6036 273.932 93364.0 28.343 5.2529 2012 1293364.0 1224.5241 
1330000 6069 290.838 94316.0 28.863 5.5772 2023 1307361.0 1320.4408 
1340000 6105 282.87 95356.0 28.992 5.4222 2035 1323485.0 1319.8594 
1350000 6139 287.427 96444.0 30.467 5.5158 2046 1339361.0 1318.1523 
1360000 6170 304.687 97483.0 31.962 5.8482 2056 1356260.0 1594.5228 
1370000 6206 290.277 98535.0 30.517 5.5677 2068 1371404.0 1328.4618 
1380000 6238 301.794 99643.0 32.539 5.7829 2079 1385382.0 1291.2779 
1390000 6270 305.671 100619.0 31.168 5.8592 2090 1398670.0 1287.4749 
1400000 6309 275.422 101777.0 30.089 5.2731 2103 1413681.0 1183.048 
1410000 6336 315.438 102789.0 32.821 6.0552 2112 1430164.0 1561.5868 
1420000 6372 298.557 103849.0 31.546 5.7224 2124 1446078.0 1438.0225 
1430000 6409 285.209 104929.0 30.311 5.4611 2136 1463981.0 1464.7382 
1440000 6446 280.798 105994.0 29.835 5.3835 2148 1478034.0 1232.5345 
1450000 6485 271.217 107181.0 30.58 5.2011 2161 1494265.0 1244.9294 
1460000 6519 272.853 108368.0 31.26 5.2325 2173 1511741.0 1392.9115 
1470000 6556 272.814 109534.0 31.578 5.2245 2185 1527354.0 1334.2079 
1480000 6594 272.552 110608.0 30.13 5.209 2198 1541516.0 1256.5125 
1490000 6629 281.942 111668.0 30.649 5.3916 2209 1556471.0 1289.3126 
1500000 6665 280.632 112792.0 31.132 5.3628 2221 1574925.0 1415.6138 
1510000 6700 279.025 114004.0 32.165 5.3385 2233 1594030.0 1397.3047 
1520000 6737 281.138 115147.0 32.631 5.3827 2245 1610873.0 1491.1135 
1530000 6779 261.406 116429.0 31.858 5.013 2259 1627741.0 1300.0414 
1540000 6812 278.261 117548.0 32.427 5.3328 2270 1643498.0 1468.8627 
1550000 6852 262.021 118777.0 31.057 5.03 2284 1659888.0 1261.5215 
1560000 6891 256.507 119999.0 31.03 4.9162 2297 1676199.0 1224.1487 
1570000 6929 259.863 121232.0 31.78 4.9787 2309 1694191.0 1392.9642 
1580000 6965 264.012 122367.0 31.04 5.0644 2321 1710685.0 1453.4497 
1590000 7002 267.192 123518.0 31.1 5.1303 2334 1727438.0 1353.9619 
1600000 7041 261.622 124636.0 29.6 5.0235 2347 1743389.0 1287.9033 
1610000 7074 272.841 125774.0 30.449 5.2258 2358 1761776.0 1449.5045 
1620000 7107 292.613 126915.0 32.689 5.6086 2369 1779033.0 1527.7774 
1630000 7143 279.967 128115.0 32.577 5.3574 2381 1795737.0 1445.6981 
1640000 7176 297.291 129232.0 33.995 5.7013 2392 1810384.0 1436.3792 
1650000 7212 280.353 130428.0 32.578 5.3696 2404 1828508.0 1422.372 
1660000 7246 292.048 131621.0 34.786 5.5982 2415 1845174.0 1494.0888 
1670000 7280 295.707 132752.0 34.527 5.675 2426 1862420.0 1535.2779 
1680000 7315 292.431 133975.0 34.788 5.6023 2438 1881315.0 1630.9131 
1690000 7351 287.397 135218.0 35.096 5.5168 2450 1900379.0 1605.7656 
1700000 7386 283.72 136411.0 34.407 5.4475 2462 1918914.0 1627.5759 
1710000 7416 305.087 137582.0 35.912 5.8566 2472 1937454.0 1738.1667 
1720000 7449 301.737 138767.0 35.572 5.7886 2483 1954701.0 1613.6441 
1730000 7484 289.589 139940.0 34.479 5.5507 2494 1970446.0 1364.6027 
1740000 7518 287.205 141153.0 34.176 5.5051 2506 1988852.0 1544.8309 
1750000 7554 283.148 142376.0 33.925 5.426 2518 2008136.0 1628.5564 
1760000 7587 296.7 143580.0 36.113 5.6768 2529 2025143.0 1624.3194 
1770000 7620 292.798 144851.0 36.058 5.6168 2540 2045040.0 1653.69 
1780000 7651 307.828 145932.0 35.95 5.9046 2550 2062789.0 1685.1628 
1790000 7688 286.814 147132.0 34.107 5.5047 2562 2080352.0 1559.7259 
1800000 7721 293.126 148391.0 36.042 5.6302 2573 2098499.0 1564.0999 
1810000 7755 299.605 149536.0 35.184 5.7491 2585 2115115.0 1586.4873 
1820000 7786 304.472 150702.0 35.839 5.842 2595 2132084.0 1537.7716 
1830000 7816 323.965 151860.0 37.684 6.199 2605 2149214.0 1677.8617 
1840000 7851 301.188 152964.0 34.001 5.7724 2617 2166819.0 1602.4175 
1850000 7887 293.673 154222.0 35.206 5.6283 2629 2184123.0 1527.367 
1860000 7920 299.091 155437.0 35.632 5.7326 2640 2202910.0 1665.2868 
1870000 7954 290.218 156683.0 35.565 5.5611 2651 2221826.0 1594.2195 
1880000 7991 283.448 157909.0 34.946 5.4282 2663 2238539.0 1474.5425 
1890000 8025 288.535 159127.0 35.46 5.5268 2675 2255945.0 1536.9781 
1900000 8058 290.091 160425.0 36.147 5.5589 2686 2275992.0 1633.5142 
1910000 8088 308.549 161574.0 36.844 5.9162 2696 2293312.0 1711.515 
1920000 8124 292.852 162794.0 34.96 5.6101 2708 2309766.0 1432.0777 
1930000 8160 285.763 163938.0 33.343 5.473 2720 2324540.0 1302.6998 
1940000 8198 273.691 165180.0 33.7 5.2515 2732 2343202.0 1438.6198 
1950000 8229 293.629 166381.0 35.424 5.6272 2743 2360611.0 1612.1679 
1960000 8262 297.089 167607.0 36.057 5.69 2754 2377968.0 1614.8247 
1970000 8295 298.577 168860.0 36.492 5.7256 2765 2396505.0 1629.6748 
1980000 8328 305.048 170015.0 36.549 5.8514 2776 2412382.0 1574.8696 
1990000 8364 289.448 171189.0 33.979 5.548 2788 2430416.0 1533.6169 
2000000 8396 294.317 172396.0 35.281 5.6335 2798 2449784.0 1707.4613 
2010000 8429 302.99 173556.0 35.775 5.801 2809 2465891.0 1553.9594 
2020000 8463 295.362 174872.0 36.535 5.6573 2821 2485897.0 1649.7722 
2030000 8497 295.406 176062.0 35.846 5.6545 2832 2504073.0 1661.822 
2040000 8529 300.823 177205.0 35.391 5.7775 2843 2520541.0 1556.3543 
2050000 8563 299.859 178424.0 36.006 5.7528 2854 2540907.0 1715.9676 
2060000 8595 302.748 179701.0 36.988 5.805 2865 2559305.0 1716.4952 
2070000 8631 293.454 180922.0 35.803 5.6175 2877 2577679.0 1613.4307 
2080000 8664 300.137 182157.0 36.873 5.7534 2888 2596686.0 1712.3111 
2090000 8694 309.173 183358.0 37.176 5.9247 2898 2614386.0 1712.3329 
2100000 8728 307.76 184593.0 37.758 5.9033 2909 2631872.0 1574.9577 
2110000 8760 310.092 185739.0 36.833 5.9454 2920 2648820.0 1629.5029 
2120000 8791 311.174 187028.0 38.408 5.9641 2930 2667509.0 1657.1282 
2130000 8825 302.775 188194.0 36.679 5.8147 2941 2683535.0 1531.2116 
2140000 8856 303.231 189347.0 35.546 5.8298 2952 2701564.0 1555.7479 
2150000 8887 314.551 190619.0 38.78 6.0284 2962 2719053.0 1669.9655 
2160000 8919 314.045 191794.0 37.808 6.0151 2973 2736651.0 1723.8977 
2170000 8949 318.394 193044.0 38.803 6.0978 2983 2754741.0 1733.6072 
2180000 8988 284.613 194233.0 34.152 5.4419 2996 2771002.0 1387.8982 
2190000 9021 292.077 195430.0 35.442 5.5936 3007 2788289.0 1509.0271 
2200000 9054 297.673 196558.0 34.587 5.701 3018 2804316.0 1476.6142 
2210000 9087 294.682 197792.0 35.064 5.6357 3029 2823683.0 1681.548 
2220000 9117 311.415 199041.0 37.513 5.9604 3039 2843583.0 1832.0441 
2230000 9149 316.91 200151.0 37.349 6.0628 3049 2860621.0 1704.1962 
2240000 9180 308.515 201441.0 37.716 5.9003 3060 2881740.0 1884.3136 
2250000 9216 298.36 202739.0 37.45 5.71 3072 2902284.0 1838.9846 
2260000 9250 297.651 203992.0 37.76 5.7064 3083 2921730.0 1732.1088 
2270000 9283 297.039 205147.0 36.3 5.689 3094 2939667.0 1783.4189 
2280000 9316 304.126 206389.0 37.378 5.8309 3105 2956994.0 1553.912 
2290000 9351 293.216 207591.0 35.68 5.6164 3117 2975459.0 1653.7413 
2300000 9387 285.278 208865.0 35.076 5.4678 3129 2995293.0 1627.0937 
2310000 9420 291.702 210140.0 36.27 5.5915 3140 3013410.0 1609.7084 
2320000 9450 309.756 211372.0 38.197 5.9422 3150 3031210.0 1744.7628 
2330000 9480 321.051 212604.0 39.399 6.1568 3160 3049270.0 1760.839 
2340000 9514 306.86 213904.0 39.036 5.8849 3171 3069376.0 1702.5431 
2350000 9549 300.646 215145.0 37.566 5.7627 3183 3089051.0 1782.9776 
2360000 9580 308.477 216464.0 39.578 5.9094 3193 3107860.0 1799.2996 
2370000 9609 318.122 217611.0 38.585 6.0849 3203 3125301.0 1782.1861 
2380000 9642 315.304 218872.0 39.27 6.0324 3214 3145688.0 1969.0364 
2390000 9675 307.045 220057.0 37.58 5.8837 3225 3164315.0 1842.8295 
2400000 9707 305.655 221256.0 36.929 5.8485 3235 3181553.0 1642.3979 
2410000 9736 321.84 222427.0 38.432 6.1646 3245 3199464.0 1733.6055 
2420000 9766 328.662 223590.0 39.02 6.2953 3255 3219204.0 1876.5393 
2430000 9799 314.366 224871.0 38.961 6.0219 3266 3237201.0 1701.6155 
2440000 9831 309.729 226138.0 38.775 5.9328 3277 3255939.0 1760.9462 
2450000 9861 321.805 227307.0 39.13 6.1671 3287 3272609.0 1748.6837 
2460000 9891 323.59 228509.0 39.095 6.1927 3297 3289069.0 1653.4469 
2470000 9921 321.451 229732.0 38.646 6.1611 3307 3311569.0 1863.2015 
2480000 9957 299.163 231024.0 37.51 5.7324 3319 3333583.0 1860.3459 
2490000 9987 316.688 232209.0 38.568 6.066 3329 3352963.0 1933.582 
2500000 10019 314.419 233387.0 38.05 6.0184 3339 3369861.0 1719.0021 
2510000 10052 306.721 234626.0 37.323 5.8826 3350 3390728.0 1806.3183 
2520000 10085 305.476 235843.0 36.991 5.8587 3361 3407855.0 1686.386 
2530000 10116 309.543 237111.0 37.985 5.9261 3372 3426724.0 1719.7558 
2540000 10146 321.657 238310.0 38.854 6.1575 3382 3443964.0 1746.5205 
2550000 10176 328.692 239381.0 37.362 6.2972 3392 3460614.0 1657.4355 
2560000 10207 326.044 240559.0 37.848 6.2391 3402 3479443.0 1718.5911 
2570000 10237 327.654 241702.0 37.544 6.2779 3412 3497573.0 1772.8783 
2580000 10270 317.416 242928.0 37.599 6.0792 3423 3514600.0 1575.028 
2590000 10301 319.013 244095.0 37.571 6.1127 3433 3532169.0 1693.4374 
2600000 10332 318.595 245374.0 38.599 6.0937 3444 3550898.0 1733.7326 
2610000 10364 315.952 246637.0 39.607 6.0431 3454 3569746.0 1732.012 
2620000 10393 325.809 247923.0 40.961 6.2458 3464 3589047.0 1846.7729 
2630000 10425 318.122 249246.0 40.523 6.0886 3475 3608855.0 1878.7443 
2640000 10458 309.576 250555.0 40.15 5.933 3486 3627282.0 1784.5779 
2650000 10491 311.414 251747.0 39.109 5.9651 3497 3645089.0 1748.0547 
2660000 10524 305.985 253019.0 38.622 5.8643 3508 3664216.0 1734.7647 
2670000 10555 314.851 254312.0 40.246 6.0229 3518 3683025.0 1700.6613 
2680000 10587 312.722 255532.0 39.325 5.981 3529 3700073.0 1700.3473 
2690000 10618 314.609 256768.0 39.267 6.0194 3539 3718612.0 1710.2661 
2700000 10649 319.142 257899.0 38.198 6.1098 3549 3734331.0 1574.4331 
2710000 10678 331.82 259096.0 39.629 6.3445 3559 3752302.0 1749.9382 
2720000 10707 330.783 260278.0 39.264 6.3351 3569 3770503.0 1886.8136 
2730000 10737 330.832 261543.0 40.184 6.3279 3579 3790043.0 1952.7931 
2740000 10767 331.073 262734.0 39.866 6.3395 3589 3808273.0 1849.6559 
2750000 10799 322.2 264016.0 40.203 6.1791 3599 3829791.0 1986.7798 
2760000 10830 317.294 265289.0 39.688 6.0837 3610 3848300.0 1749.2419 
2770000 10860 326.254 266519.0 40.438 6.2487 3620 3866700.0 1837.7777 
2780000 10891 326.99 267748.0 40.552 6.2609 3630 3885249.0 1777.1024 
2790000 10924 316.16 269030.0 40.035 6.0492 3641 3905616.0 1827.703 
2800000 10952 338.302 270193.0 41.228 6.475 3650 3924118.0 1949.9082 
2810000 10982 336.448 271405.0 40.841 6.4393 3660 3942578.0 1911.0789 
2820000 11012 333.204 272600.0 40.311 6.3732 3670 3960048.0 1767.6534 
2830000 11042 334.719 273833.0 40.93 6.4034 3680 3979728.0 1977.1868 
2840000 11070 340.039 275097.0 41.55 6.5113 3690 4000810.0 2184.769 
2850000 11102 331.162 276341.0 41.517 6.3353 3700 4019008.0 1894.224 
2860000 11140 293.263 277558.0 36.288 5.6165 3713 4037610.0 1474.9467 
2870000 11169 306.595 278723.0 36.723 5.8724 3723 4055301.0 1697.2504 
2880000 11202 307.16 279878.0 36.717 5.8758 3734 4071068.0 1588.0717 
2890000 11235 301.012 281092.0 36.178 5.7559 3745 4087795.0 1519.8121 
2900000 11268 302.001 282368.0 37.285 5.7793 3756 4107052.0 1649.7397 
2910000 11301 299.2 283669.0 37.614 5.7457 3767 4126369.0 1715.9535 
2920000 11329 326.74 284864.0 40.398 6.2673 3776 4143341.0 1735.6322 
2930000 11360 326.597 286076.0 39.936 6.2626 3786 4161460.0 1809.0599 
2940000 11391 323.33 287259.0 39.056 6.1992 3797 4178399.0 1699.838 
2950000 11421 323.584 288508.0 39.313 6.2034 3807 4197819.0 1825.1625 
2960000 11454 315.079 289776.0 38.775 6.0423 3818 4216066.0 1746.6145 
2970000 11490 297.256 291048.0 37.06 5.6983 3830 4233640.0 1585.3328 
2980000 11523 301.173 292311.0 37.868 5.7651 3841 4255707.0 1890.4523 
2990000 11553 304.701 293572.0 37.794 5.8294 3851 4276867.0 1976.4521 
3000000 11584 320.109 294726.0 39.347 6.1247 3861 4295716.0 1905.065 
3010000 11616 316.537 295969.0 39.05 6.0598 3872 4316334.0 2009.3196 
3020000 11643 329.292 297116.0 38.815 6.303 3881 4333607.0 1882.3494 
3030000 11676 317.434 298357.0 38.512 6.0746 3892 4354504.0 1880.8569 
3040000 11705 331.459 299512.0 40.004 6.3375 3901 4371575.0 1853.3623 
3050000 11739 309.249 300711.0 37.204 5.9113 3913 4388391.0 1597.9214 
3060000 11772 300.934 302019.0 37.205 5.7499 3924 4408578.0 1668.0422 
3070000 11803 317.908 303251.0 39.483 6.0752 3934 4428407.0 1924.0997 
3080000 11832 329.116 304377.0 39.354 6.2944 3944 4447928.0 2012.4541 
3090000 11861 332.344 305546.0 39.708 6.3595 3953 4465439.0 1834.6446 
3100000 11892 326.99 306823.0 39.824 6.2588 3964 4485328.0 1942.0523 
3110000 11924 316.674 308096.0 39.783 6.0603 3974 4505206.0 1923.2911 
3120000 11955 320.25 309328.0 39.573 6.132 3985 4525025.0 1924.2596 
3130000 11985 324.227 310554.0 39.551 6.2081 3995 4544505.0 1889.606 
3140000 12018 315.097 311780.0 38.864 6.0394 4006 4562422.0 1739.6152 
3150000 12047 324.542 313008.0 39.997 6.2099 4015 4582453.0 1908.491 
3160000 12079 318.033 314227.0 39.206 6.0843 4026 4602721.0 1784.5856 
3170000 12106 337.083 315404.0 40.891 6.4526 4035 4619654.0 1918.8337 
3180000 12135 341.636 316484.0 39.373 6.5379 4045 4635795.0 1838.0509 
3190000 12165 336.397 317725.0 40.22 6.4443 4055 4653705.0 1818.2122 
3200000 12198 318.781 319065.0 39.775 6.1046 4066 4674112.0 1872.2002 
3210000 12227 332.299 320237.0 40.841 6.3685 4075 4690553.0 1841.8613 
3220000 12258 322.052 321584.0 40.899 6.1626 4086 4713612.0 2046.0022 
3230000 12291 311.646 322900.0 39.853 5.9674 4097 4732609.0 1828.6012 
3240000 12325 307.874 324157.0 39.766 5.8935 4108 4752325.0 1817.3788 
3250000 12354 318.335 325396.0 40.125 6.0904 4118 4771516.0 1896.0403 
3260000 12385 324.615 326599.0 40.085 6.2152 4128 4788055.0 1764.8228 
3270000 12415 328.825 327839.0 40.505 6.2852 4138 4808405.0 1895.7949 
3280000 12444 334.87 328924.0 39.342 6.4022 4148 4823706.0 1718.5374 
3290000 12476 321.076 330201.0 39.33 6.1444 4158 4841924.0 1695.1768 
3300000 12508 310.836 331501.0 39.387 5.9463 4169 4860362.0 1698.3053 
3310000 12538 329.74 332722.0 41.045 6.3122 4179 4877412.0 1707.5416 
3320000 12571 316.571 333960.0 39.453 6.0621 4190 4898649.0 1924.6775 
3330000 12602 315.85 335236.0 39.72 6.0432 4200 4918058.0 1922.2918 
3340000 12634 320.887 336606.0 42.034 6.137 4211 4938936.0 1942.256 
3350000 12664 323.325 337727.0 39.392 6.176 4221 4953956.0 1693.2866 
3360000 12696 317.427 338839.0 36.897 6.0654 4232 4970434.0 1590.8629 
3370000 12729 313.085 340049.0 36.954 5.9825 4243 4987441.0 1635.1074 
3380000 12762 308.554 341301.0 37.697 5.9017 4254 5005458.0 1671.8338 
3390000 12792 323.189 342373.0 37.039 6.1876 4264 5021808.0 1660.3999 
3400000 12823 322.527 343676.0 39.473 6.1831 4274 5041607.0 1708.7155 
3410000 12855 314.489 344837.0 37.487 6.0289 4285 5059765.0 1831.778 
3420000 12886 322.2 345980.0 37.71 6.1699 4295 5078114.0 1842.3845 
3430000 12915 327.309 347162.0 37.811 6.2662 4305 5095245.0 1766.7633 
3440000 12948 318.723 348380.0 37.831 6.108 4316 5112152.0 1675.5475 
3450000 12983 301.861 349655.0 37.334 5.7801 4327 5130357.0 1567.5631 
3460000 13016 302.791 350898.0 37.565 5.7951 4338 5150804.0 1717.4992 
3470000 13044 317.124 352093.0 38.251 6.0749 4348 5170936.0 1948.7264 
3480000 13079 309.839 353355.0 38.403 5.9282 4359 5190211.0 1792.026 
3490000 13107 324.659 354546.0 39.087 6.2144 4369 5211223.0 2056.2042 
3500000 13138 323.77 355743.0 39.355 6.1837 4379 5230322.0 1859.1764 
3510000 13169 325.184 356917.0 38.828 6.2179 4389 5248201.0 1815.4596 
3520000 13200 325.162 358169.0 39.636 6.2164 4400 5268640.0 1934.6622 
3530000 13230 325.395 359368.0 39.182 6.2187 4410 5286840.0 1854.0057 
3540000 13262 312.954 360547.0 37.654 5.9812 4420 5304298.0 1708.3571 
3550000 13294 312.302 361844.0 38.806 5.974 4431 5323036.0 1703.0133 
3560000 13328 304.28 363101.0 38.068 5.8253 4442 5340742.0 1582.9227 
3570000 13361 301.978 364391.0 38.541 5.7716 4453 5359379.0 1745.3584 
3580000 13390 315.649 365650.0 40.318 6.025 4463 5378170.0 1764.4717 
3590000 13425 299.25 366891.0 37.092 5.7223 4475 5395575.0 1514.8196 
3600000 13455 316.747 368020.0 37.681 6.0497 4485 5414775.0 1759.902 
3610000 13486 318.028 369250.0 38.662 6.0707 4495 5432304.0 1628.998 
3620000 13515 325.99 370470.0 39.219 6.2334 4505 5450105.0 1773.2451 
3630000 13549 311.531 371790.0 39.532 5.9504 4516 5470511.0 1768.7219 
3640000 13581 314.72 373055.0 39.751 6.0112 4527 5489109.0 1815.0608 
3650000 13609 331.428 374313.0 41.599 6.3266 4536 5508991.0 1825.5142 
3660000 13641 323.893 375509.0 39.778 6.1993 4547 5525449.0 1761.879 
3670000 13671 327.836 376736.0 40.393 6.2679 4557 5545539.0 1922.2923 
3680000 13704 313.758 378078.0 40.113 5.9989 4568 5565826.0 1839.9117 
3690000 13735 319.324 379264.0 39.451 6.11 4578 5584995.0 1849.8579 
3700000 13767 320.594 380397.0 38.286 6.1355 4589 5601833.0 1801.1955 
3710000 13796 329.054 381597.0 39.535 6.2971 4598 5622264.0 1906.1771 
3720000 13824 339.487 382754.0 39.884 6.4933 4608 5641066.0 1997.183 
3730000 13854 338.378 383926.0 39.77 6.4692 4618 5656956.0 1763.3006 
3740000 13884 330.148 385177.0 39.306 6.3045 4628 5675656.0 1726.6481 
3750000 13914 338.105 386359.0 40.485 6.4635 4638 5691906.0 1755.7388 
3760000 13943 336.547 387648.0 42.046 6.4368 4647 5710007.0 1763.1073 
3770000 13973 334.677 388823.0 40.652 6.3973 4657 5726987.0 1710.8156 
3780000 14005 321.81 390130.0 40.673 6.1503 4668 5747845.0 1838.9284 
3790000 14038 312.384 391438.0 40.179 5.9746 4679 5768602.0 1897.373 
3800000 14070 312.179 392653.0 39.209 5.9604 4690 5787710.0 1800.8392 
3810000 14100 319.842 393912.0 39.934 6.1114 4700 5806520.0 1859.2546 
3820000 14130 327.294 395158.0 40.768 6.2528 4710 5825460.0 1911.8483 
3830000 14157 338.586 396381.0 41.278 6.4691 4719 5843603.0 1927.4358 
3840000 14185 352.396 397573.0 42.976 6.738 4728 5862335.0 1958.9784 
3850000 14214 339.578 398823.0 41.38 6.4936 4738 5881476.0 1911.649 
3860000 14247 330.847 400077.0 41.322 6.34 4749 5899703.0 1904.7815 
3870000 14276 336.312 401277.0 41.318 6.4446 4758 5917654.0 1782.327 
3880000 14304 344.554 402491.0 41.608 6.5932 4768 5933956.0 1774.7518 
3890000 14334 332.894 403746.0 40.26 6.362 4778 5950656.0 1598.1942 
3900000 14365 334.609 404965.0 41.517 6.395 4788 5970325.0 1839.6556 
3910000 14397 323.475 406268.0 40.779 6.1835 4799 5991233.0 1896.628 
3920000 14427 327.014 407580.0 41.909 6.2539 4809 6011733.0 1996.0867 
3930000 14455 338.474 408840.0 42.954 6.4778 4818 6029045.0 1835.0881 
3940000 14484 337.401 410092.0 41.865 6.4514 4828 6046516.0 1770.5907 
3950000 14516 331.319 411337.0 41.905 6.3357 4838 6065104.0 1855.0251 
3960000 14547 317.426 412620.0 39.753 6.0658 4849 6084843.0 1798.0247 
3970000 14580 313.847 413744.0 37.545 6.0058 4860 6100550.0 1566.1573 
3980000 14613 306.955 415047.0 38.151 5.8709 4871 6119307.0 1627.7799 
3990000 14649 291.871 416318.0 36.523 5.5832 4883 6137001.0 1540.3907 
4000000 14682 294.191 417566.0 36.684 5.6314 4894 6155298.0 1596.8009 
4010000 14714 308.428 418833.0 39.035 5.8974 4904 6174546.0 1724.0564 
4020000 14744 321.794 420072.0 40.248 6.1458 4914 6192096.0 1797.1277 
4030000 14774 323.346 421316.0 41.138 6.175 4924 6210256.0 1834.2367 
4040000 14804 333.262 422522.0 40.884 6.3663 4934 6227086.0 1768.901 
4050000 14835 329.962 423804.0 41.016 6.3053 4945 6245335.0 1765.1287 
4060000 14864 329.257 425033.0 40.89 6.289 4954 6264476.0 1854.6949 
4070000 14894 333.279 426336.0 42.337 6.3777 4964 6287536.0 2067.107 
4080000 14925 324.964 427482.0 39.495 6.2163 4975 6304515.0 1831.4804 
4090000 14957 318.295 428597.0 37.095 6.087 4985 6321493.0 1748.0027 
4100000 14987 323.137 429859.0 39.284 6.1698 4995 6341633.0 1819.67 
4110000 15019 321.462 431128.0 40.052 6.1476 5006 6362531.0 1894.3491 
4120000 15049 324.11 432413.0 41.635 6.1996 5016 6382571.0 1950.6369 
4130000 15078 336.753 433591.0 41.161 6.4446 5026 6399672.0 1885.7423 
4140000 15105 352.065 434733.0 41.803 6.7358 5035 6416175.0 1868.0398 
4150000 15129 371.457 435906.0 43.099 7.1067 5043 6435651.0 2177.778 
4160000 15158 357.073 437116.0 42.977 6.8252 5052 6452042.0 1952.9138 
4170000 15189 345.246 438336.0 41.322 6.5998 5063 6469591.0 1735.2174 
4180000 15216 345.542 439588.0 41.411 6.6043 5072 6488444.0 1807.255 
4190000 15248 337.719 440769.0 40.912 6.4599 5082 6506022.0 1769.728 
4200000 15279 327.472 442027.0 39.719 6.2645 5093 6524991.0 1796.1926 
4210000 15312 313.509 443344.0 39.409 6.0062 5104 6547668.0 1896.8919 
4220000 15344 314.016 444565.0 39.367 6.0152 5114 6565526.0 1773.0924 
4230000 15375 321.739 445733.0 38.694 6.1644 5125 6585895.0 1881.6046 
4240000 15405 324.042 446977.0 39.776 6.203 5135 6604755.0 1872.4992 
4250000 15437 314.923 448338.0 40.502 6.0257 5145 6625913.0 1933.9743 
4260000 15468 319.766 449549.0 39.983 6.1197 5156 6643342.0 1779.3809 
4270000 15501 314.265 450814.0 39.383 6.0104 5167 6660949.0 1685.7316 
4280000 15531 320.479 452101.0 40.62 6.1276 5177 6679629.0 1754.5562 
4290000 15561 321.262 453433.0 41.246 6.1499 5187 6698829.0 1814.5144 
4300000 15591 330.642 454598.0 41.127 6.3313 5197 6714619.0 1747.8088 
4310000 15618 342.649 455801.0 41.73 6.552 5206 6732252.0 1831.5838 
4320000 15647 348.719 457039.0 42.96 6.6688 5215 6755583.0 2276.3837 
4330000 15679 328.235 458290.0 40.665 6.2845 5226 6774651.0 1910.0763 
4340000 15709 329.808 459502.0 40.666 6.3208 5236 6793281.0 1872.0591 
4350000 15742 317.077 460857.0 40.673 6.0783 5247 6816768.0 2057.2069 
4360000 15775 308.858 462125.0 39.548 5.9231 5258 6838465.0 2036.7649 
4370000 15804 322.654 463337.0 39.687 6.1897 5268 6859956.0 2033.0245 
4380000 15834 325.236 464528.0 39.812 6.24 5278 6876486.0 1830.7276 
4390000 15867 315.708 465795.0 39.188 6.0504 5289 6897953.0 1994.94 
4400000 15899 317.065 466994.0 39.33 6.073 5299 6917131.0 1915.9738 
4410000 15928 327.49 468195.0 40.461 6.2701 5309 6937802.0 1926.809 
4420000 15958 335.001 469421.0 41.182 6.4147 5319 6957232.0 1964.2979 
4430000 15987 336.354 470632.0 40.997 6.4427 5329 6977653.0 2088.6379 
4440000 16014 343.541 471836.0 41.23 6.577 5338 6994716.0 1937.2974 
4450000 16046 334.548 473097.0 41.46 6.4104 5348 7014044.0 1888.8345 
4460000 16071 353.615 474244.0 41.861 6.77 5357 7032169.0 1989.1571 
4470000 16104 331.341 475463.0 40.103 6.351 5368 7053516.0 2013.2806 
4480000 16137 314.317 476669.0 37.967 6.0247 5379 7071003.0 1771.9488 
4490000 16164 333.536 477884.0 39.736 6.3956 5388 7088066.0 1779.0915 
4500000 16191 348.282 479061.0 41.205 6.6716 5397 7107209.0 2029.8868 
4510000 16219 357.36 480200.0 41.86 6.8322 5406 7123251.0 1838.7547 
4520000 16251 335.284 481406.0 39.525 6.4198 5417 7140399.0 1758.5931 
4530000 16276 357.653 482500.0 41.022 6.8451 5425 7158914.0 1950.0101 
4540000 16305 345.266 483743.0 40.979 6.61 5435 7180405.0 2085.6473 
4550000 16335 341.242 484955.0 40.525 6.5356 5445 7200855.0 2057.345 
4560000 16366 335.09 486230.0 41.623 6.4132 5455 7221294.0 2025.7536 
4570000 16395 337.36 487434.0 40.409 6.4593 5465 7238735.0 1836.6189 
4580000 16423 354.226 488586.0 42.236 6.7871 5474 7257957.0 2178.0876 
4590000 16453 341.74 489725.0 39.894 6.5479 5484 7273937.0 1764.1136 
4600000 16483 338.673 490857.0 39.197 6.4842 5494 7292807.0 1841.181 
4610000 16514 330.722 492076.0 39.482 6.3287 5504 7310486.0 1757.1594 
4620000 16545 322.799 493293.0 38.351 6.1833 5515 7328585.0 1728.1986 
4630000 16578 316.225 494554.0 39.03 6.0564 5526 7346542.0 1725.2449 
4640000 16608 319.121 495796.0 39.15 6.1002 5536 7364612.0 1736.5142 
4650000 16635 339.997 496993.0 40.93 6.496 5545 7384405.0 2003.6805 
4660000 16668 320.14 498229.0 38.752 6.1289 5556 7402752.0 1749.8684 
4670000 16697 333.095 499421.0 40.563 6.3837 5565 7419543.0 1814.349 
4680000 16728 328.94 500701.0 40.7 6.3053 5576 7439312.0 1874.9206 
4690000 16758 327.488 501971.0 40.668 6.2717 5586 7457642.0 1811.4327 
4700000 16786 344.838 503217.0 43.11 6.581 5595 7476494.0 1858.0775 
4710000 16818 330.176 504504.0 41.916 6.3116 5606 7496332.0 1945.2456 
4720000 16848 328.655 505910.0 42.962 6.2773 5616 7519512.0 2131.126 
4730000 16881 316.881 507138.0 40.407 6.0673 5627 7539669.0 1920.8179 
4740000 16917 295.756 508500.0 38.873 5.6583 5639 7560713.0 1804.4986 
4750000 16951 295.545 509902.0 40.041 5.6566 5650 7581519.0 1726.3979 
4760000 16982 303.63 511103.0 39.105 5.8059 5660 7600978.0 1927.1329 
4770000 17011 319.937 512327.0 40.371 6.1282 5670 7618519.0 1766.0749 
4780000 17041 327.46 513473.0 39.675 6.271 5680 7634829.0 1668.161 
4790000 17072 325.733 514636.0 38.79 6.235 5690 7650838.0 1650.8742 
4800000 17100 339.07 515801.0 39.83 6.4899 5700 7668880.0 1829.1937 
4810000 17134 317.856 517014.0 38.039 6.0819 5711 7685416.0 1591.5412 
4820000 17163 325.641 518280.0 39.517 6.2303 5721 7706027.0 1970.6721 
4830000 17194 330.559 519435.0 39.476 6.3207 5731 7725486.0 1986.1069 
4840000 17224 329.846 520692.0 40.347 6.3125 5741 7742246.0 1779.9035 
4850000 17254 332.454 522007.0 42.43 6.3574 5751 7762336.0 1881.2686 
4860000 17285 330.725 523258.0 41.911 6.3256 5761 7779985.0 1843.2067 
4870000 17320 308.557 524492.0 38.688 5.9031 5773 7797980.0 1716.881 
4880000 17347 333.191 525637.0 39.866 6.3717 5782 7816473.0 1878.8686 
4890000 17374 354.632 526828.0 42.668 6.8141 5791 7835656.0 2034.4739 
4900000 17403 346.068 527994.0 40.966 6.6441 5801 7857287.0 2176.6971 
4910000 17434 334.338 529219.0 40.496 6.4112 5811 7875336.0 1925.1775 
4920000 17464 337.752 530421.0 40.93 6.4742 5821 7892446.0 1789.013 
4930000 17493 339.367 531614.0 40.525 6.5012 5831 7910687.0 1846.1171 
4940000 17523 330.855 532910.0 40.2 6.3284 5841 7931427.0 1940.118 
4950000 17554 334.589 534115.0 41.465 6.4022 5851 7951206.0 1986.6309 
4960000 17583 334.93 535346.0 40.868 6.4087 5861 7968697.0 1846.4749 
4970000 17614 332.529 536584.0 41.202 6.3617 5871 7986866.0 1801.7803 
4980000 17646 319.627 537840.0 39.772 6.1178 5882 8005144.0 1750.1463 
4990000 17677 323.432 539165.0 41.466 6.1949 5892 8024363.0 1802.2605 
5000000 17704 340.957 540389.0 42.765 6.5279 5901 8046766.0 2216.3517 
5010000 17733 339.882 541679.0 42.607 6.5052 5911 8066677.0 2135.1289 
5020000 17764 335.606 542983.0 43.521 6.4285 5921 8085986.0 1969.5533 
5030000 17797 322.096 544225.0 41.273 6.1595 5932 8105093.0 1860.6872 
5040000 17828 323.866 545457.0 40.846 6.198 5942 8122082.0 1729.4885 
5050000 17859 323.92 546677.0 40.232 6.1999 5953 8140891.0 1861.7793 
5060000 17888 324.213 547933.0 40.756 6.2021 5962 8160612.0 1968.832 
5070000 17919 319.139 549272.0 40.534 6.1137 5973 8180221.0 1866.2323 
5080000 17949 329.049 550426.0 40.823 6.3023 5983 8197641.0 1880.5805 
5090000 17976 339.484 551604.0 40.086 6.4982 5992 8216474.0 1871.7635 
5100000 18013 306.802 552913.0 38.663 5.8785 6004 8238917.0 1898.3737 
5110000 18045 309.917 554112.0 38.085 5.9365 6015 8260225.0 1964.7586 
5120000 18076 314.893 555370.0 39.168 6.0336 6025 8277974.0 1834.9052 
5130000 18109 313.012 556620.0 38.89 5.9927 6036 8298111.0 1762.2781 
5140000 18141 312.432 557746.0 36.637 5.9846 6047 8317659.0 1809.2582 
5150000 18167 340.457 558880.0 39.594 6.5157 6055 8333933.0 1779.4187 
5160000 18197 335.462 560097.0 40.132 6.4304 6065 8352503.0 1832.3036 
5170000 18229 322.534 561482.0 41.279 6.1836 6076 8374181.0 1915.9015 
5180000 18260 326.005 562717.0 41.172 6.2473 6086 8395580.0 2056.5616 
5190000 18289 331.514 563953.0 41.331 6.3442 6096 8413641.0 1888.4341 
5200000 18322 321.41 565287.0 41.472 6.1483 6107 8433468.0 1847.7472 
5210000 18352 323.821 566553.0 41.137 6.1956 6117 8454578.0 1942.2646 
5220000 18379 345.896 567761.0 43.249 6.6186 6126 8472311.0 2009.1798 
5230000 18409 342.028 569041.0 43.032 6.55 6136 8491931.0 2000.2041 
5240000 18441 324.986 570339.0 41.431 6.2152 6147 8510669.0 1889.2611 
5250000 18469 340.534 571597.0 43.479 6.5175 6156 8529321.0 1955.4342 
5260000 18500 330.744 572843.0 42.192 6.3398 6166 8547210.0 1847.4893 
5270000 18528 335.817 574116.0 42.191 6.4304 6176 8565462.0 1861.2504 
5280000 18561 316.982 575423.0 40.609 6.0652 6187 8582739.0 1645.6735 
5290000 18589 337.894 576630.0 42.835 6.4656 6196 8600051.0 1757.8987 
5300000 18619 333.134 577886.0 42.006 6.3752 6206 8620541.0 1877.2381 
5310000 18652 321.035 579198.0 41.335 6.1463 6217 8644298.0 1961.8007 
5320000 18684 317.401 580404.0 39.528 6.0742 6228 8661176.0 1751.4507 
5330000 18715 322.229 581717.0 41.181 6.1772 6238 8680035.0 1841.7879 
5340000 18744 328.552 582946.0 41.373 6.3047 6248 8698726.0 1893.4763 
5350000 18773 334.601 584207.0 42.155 6.4056 6257 8716907.0 1872.322 
5360000 18803 332.711 585460.0 42.097 6.3699 6267 8733667.0 1704.1844 
5370000 18835 325.953 586755.0 41.493 6.2433 6278 8752275.0 1733.1735 
5380000 18864 332.821 587886.0 40.27 6.3732 6288 8769536.0 1779.5108 
5390000 18891 347.498 589074.0 41.56 6.6557 6297 8787669.0 1888.9552 
5400000 18920 345.48 590254.0 41.099 6.6216 6306 8804270.0 1808.449 
5410000 18949 338.355 591462.0 40.333 6.483 6316 8822911.0 1845.3647 
5420000 18978 347.655 592589.0 40.452 6.6587 6326 8840612.0 1922.6456 
5430000 19007 343.848 593824.0 41.238 6.5733 6335 8859253.0 1875.7261 
5440000 19035 339.263 595091.0 40.956 6.4862 6345 8878775.0 1895.7546 
5450000 19065 341.056 596283.0 41.304 6.5303 6355 8896615.0 1891.0097 
5460000 19092 352.763 597518.0 42.473 6.7524 6364 8916088.0 2019.602 
5470000 19121 350.806 598735.0 43.102 6.7252 6373 8934789.0 2003.5623 
5480000 19150 347.837 599961.0 42.662 6.6593 6383 8954380.0 1974.6878 
5490000 19182 323.758 601258.0 40.281 6.1886 6394 8974408.0 1860.4629 
5500000 19213 328.284 602530.0 41.679 6.2769 6404 8993287.0 1856.4839 
5510000 19246 315.765 603841.0 40.758 6.0371 6415 9014084.0 1843.0192 
5520000 19278 307.688 605198.0 40.064 5.8923 6426 9034962.0 1865.9789 
5530000 19312 303.994 606425.0 38.464 5.8284 6437 9051928.0 1706.7127 
5540000 19343 312.24 607703.0 40.049 5.979 6447 9072257.0 1913.9117 
5550000 19374 315.872 609024.0 40.776 6.0357 6458 9091466.0 1875.3044 
5560000 19403 328.764 610287.0 42.308 6.2852 6467 9111857.0 2023.2465 
5570000 19434 320.55 611595.0 40.748 6.1374 6478 9131316.0 1831.4736 
5580000 19464 329.033 612876.0 41.526 6.305 6488 9149216.0 1819.6443 
5590000 19494 334.145 614044.0 41.068 6.3969 6498 9165216.0 1765.7333 
5600000 19520 355.131 615206.0 42.773 6.7933 6506 9187690.0 2272.0122 
5610000 19549 348.162 616507.0 43.222 6.6708 6516 9205951.0 1968.7611 
5620000 19578 346.173 617744.0 42.676 6.632 6526 9224102.0 1941.3024 
5630000 19608 337.855 619078.0 43.01 6.4742 6536 9243322.0 1888.0153 
5640000 19636 349.826 620304.0 44.367 6.6996 6545 9261774.0 2047.9487 
5650000 19665 345.137 621623.0 43.975 6.6053 6555 9282815.0 2115.8336 
5660000 19690 369.707 622787.0 45.289 7.0668 6563 9300780.0 2204.7812 
5670000 19721 348.369 624105.0 44.387 6.663 6573 9320919.0 2085.5119 
5680000 19751 343.944 625392.0 44.024 6.5744 6583 9339359.0 1933.903 
5690000 19782 338.58 626588.0 41.661 6.4788 6594 9356648.0 1828.022 
5700000 19815 319.26 627915.0 40.273 6.1137 6605 9376595.0 1819.6604 
5710000 19845 326.359 629144.0 40.476 6.2429 6615 9393475.0 1753.2429 
5720000 19869 347.073 630343.0 42.227 6.6453 6623 9412781.0 2012.9398 
5730000 19897 362.88 631464.0 43.238 6.9499 6632 9430023.0 2005.9248 
5740000 19928 343.457 632717.0 41.95 6.5705 6642 9448342.0 1844.6243 
5750000 19962 315.577 634150.0 41.545 6.0349 6654 9471458.0 2007.4362 
5760000 19992 315.704 635539.0 42.053 6.047 6664 9493798.0 2093.2709 
5770000 20022 323.091 636856.0 42.842 6.1903 6674 9513468.0 2024.1873 
5780000 20050 337.476 638035.0 42.948 6.4571 6683 9531590.0 1976.121 
5790000 20079 344.761 639247.0 42.647 6.5981 6693 9551641.0 2081.1557 
5800000 20110 334.366 640492.0 42.27 6.3898 6703 9570550.0 1871.6048 
5810000 20140 335.33 641768.0 42.727 6.4122 6713 9588740.0 1803.039 
5820000 20174 316.506 643050.0 40.46 6.0623 6724 9606686.0 1653.6971 
5830000 20205 315.207 644388.0 40.483 6.0309 6735 9627685.0 1829.2812 
5840000 20236 325.84 645584.0 41.005 6.236 6745 9645014.0 1819.8925 
5850000 20267 324.435 646910.0 41.904 6.2112 6755 9665203.0 1834.2801 
5860000 20298 321.518 648189.0 41.367 6.1506 6766 9684412.0 1869.6232 
5870000 20328 322.086 649470.0 41.063 6.1686 6776 9702402.0 1763.7702 
5880000 20361 312.976 650806.0 40.671 6.0039 6787 9722449.0 1857.9383 
5890000 20389 332.381 652042.0 42.747 6.3719 6796 9741891.0 1930.733 
5900000 20415 343.131 653260.0 42.439 6.5793 6805 9760575.0 2023.4748 
5910000 20447 339.222 654488.0 42.508 6.5021 6815 9779043.0 1914.1155 
5920000 20477 336.075 655789.0 43.116 6.4307 6825 9799483.0 1975.4298 
5930000 20505 340.259 657037.0 42.987 6.5028 6835 9820225.0 2165.4153 
5940000 20534 342.994 658201.0 42.503 6.5594 6844 9835776.0 1817.4137 
5950000 20565 330.723 659542.0 41.323 6.3318 6855 9857145.0 1868.5569 
5960000 20598 323.772 660857.0 41.903 6.2094 6866 9877842.0 2004.5447 
5970000 20631 306.785 662165.0 39.403 5.8806 6877 9895609.0 1653.0994 
5980000 20663 310.176 663486.0 40.659 5.9375 6887 9914657.0 1766.8251 
5990000 20692 329.637 664806.0 43.411 6.3127 6897 9933878.0 1910.2255 
6000000 20722 332.624 666074.0 43.025 6.3728 6907 9952358.0 1899.0842 
6010000 20749 348.586 667223.0 42.493 6.6778 6916 9967841.0 1777.3689 
6020000 20780 341.564 668498.0 42.595 6.542 6926 9987790.0 1919.9097 
6030000 20809 339.244 669688.0 41.521 6.4966 6936 10005231.0 1838.5976 
6040000 20842 323.129 671052.0 41.839 6.1955 6947 10029168.0 2105.8404 
6050000 20872 326.128 672271.0 41.317 6.2454 6957 10048288.0 1956.277 
6060000 20900 343.429 673437.0 41.894 6.5756 6966 10065940.0 1971.2992 
6070000 20932 331.356 674731.0 41.368 6.3428 6977 10085758.0 1928.9809 
6080000 20964 318.503 675984.0 39.749 6.1049 6988 10105786.0 1900.3311 
6090000 20994 319.488 677255.0 39.71 6.1233 6998 10124726.0 1823.1813 
6100000 21028 310.646 678538.0 40.104 5.9476 7009 10146412.0 1901.9031 
6110000 21060 308.895 679859.0 39.742 5.9181 7020 10165460.0 1840.6815 
6120000 21093 308.713 681141.0 40.029 5.9152 7031 10185437.0 1896.8935 
6130000 21126 302.298 682502.0 39.482 5.7916 7042 10206814.0 1871.553 
6140000 21155 321.897 683705.0 41.353 6.163 7051 10226125.0 2012.7188 
6150000 21183 333.257 684932.0 40.832 6.3814 7061 10245557.0 1925.5135 
6160000 21213 336.422 686184.0 41.762 6.4368 7071 10264697.0 1991.7197 
6170000 21243 328.766 687477.0 41.388 6.283 7081 10287867.0 2177.9852 
6180000 21270 332.916 688676.0 41.551 6.3643 7090 10307490.0 2144.0352 
6190000 21299 353.803 689813.0 42.171 6.7788 7099 10323771.0 1968.2419 
6200000 21328 350.462 691062.0 42.902 6.7074 7109 10343002.0 1925.561 
6210000 21360 329.655 692439.0 42.424 6.3057 7120 10362360.0 1893.6554 
6220000 21394 311.316 693815.0 41.559 5.947 7131 10382236.0 1725.922 
6230000 21427 305.313 694984.0 38.074 5.8345 7142 10398043.0 1565.7184 
6240000 21459 304.542 696281.0 38.348 5.8261 7153 10418721.0 1734.6149 
6250000 21490 316.954 697542.0 40.522 6.0649 7163 10436690.0 1745.5799 
6260000 21521 318.557 698856.0 41.628 6.0929 7173 10457609.0 1982.8976 
6270000 21549 328.683 700047.0 40.508 6.2815 7183 10476061.0 1890.6976 
6280000 21579 333.098 701260.0 41.359 6.3568 7193 10493871.0 1883.3916 
6290000 21612 316.048 702694.0 41.531 6.0393 7204 10516018.0 1983.2668 
6300000 21639 332.415 704002.0 42.923 6.3413 7213 10537671.0 2123.7306 
6310000 21671 332.423 705289.0 43.233 6.3531 7223 10557359.0 2062.9933 
6320000 21702 324.079 706611.0 41.881 6.1981 7234 10580258.0 2189.534 
6330000 21732 335.992 707842.0 42.558 6.4293 7244 10598088.0 2026.9706 
6340000 21762 324.906 709190.0 41.71 6.2207 7254 10619108.0 1962.5294 
6350000 21792 329.506 710474.0 42.183 6.3089 7264 10637958.0 1866.3215 
6360000 21822 337.429 711690.0 42.401 6.4601 7274 10656068.0 1924.445 
6370000 21853 331.828 713080.0 43.723 6.3432 7284 10677037.0 1910.028 
6380000 21884 327.816 714394.0 43.38 6.2748 7294 10697526.0 1981.1699 
6390000 21913 334.154 715632.0 43.254 6.397 7304 10716237.0 1903.5853 
6400000 21945 319.629 716961.0 41.217 6.1207 7315 10736825.0 1892.4927 
6410000 21976 320.122 718331.0 42.876 6.134 7325 10757694.0 1952.0133 
6420000 22008 318.348 719686.0 42.379 6.0936 7336 10776732.0 1863.7275 
6430000 22039 322.394 720968.0 42.44 6.1703 7346 10797241.0 1979.9261 
6440000 22071 314.92 722309.0 41.484 6.0227 7357 10817829.0 1944.5129 
6450000 22100 330.992 723544.0 42.961 6.3368 7366 10838170.0 2032.098 
6460000 22129 338.54 724812.0 43.313 6.4808 7376 10858181.0 2065.7762 
6470000 22161 321.925 726104.0 40.945 6.1675 7387 10878149.0 1919.3254 
6480000 22192 326.221 727368.0 41.663 6.2443 7397 10898018.0 1964.4186 
6490000 22225 310.874 728621.0 39.344 5.9419 7408 10918035.0 1762.3101 
6500000 22257 314.683 729861.0 39.488 6.0179 7419 10937073.0 1869.0631 
6510000 22287 317.541 731161.0 39.874 6.0676 7429 10958113.0 1941.7449 
6520000 22317 318.859 732419.0 40.391 6.0998 7439 10979433.0 2081.9785 
6530000 22346 338.164 733673.0 43.024 6.468 7448 10999334.0 2096.686 
6540000 22374 353.092 734767.0 41.465 6.7559 7458 11016906.0 2009.8356 
6550000 22404 344.167 736091.0 42.32 6.5937 7468 11036566.0 2000.5734 
6560000 22431 352.175 737358.0 43.377 6.7387 7477 11055259.0 1993.3088 
6570000 22460 351.435 738641.0 44.474 6.7251 7486 11076130.0 2077.6626 
6580000 22491 338.945 739964.0 43.368 6.4885 7497 11096499.0 2007.8553 
6590000 22519 347.974 741234.0 44.246 6.6583 7506 11116161.0 2090.5583 
6600000 22546 356.413 742481.0 45.304 6.8209 7515 11135864.0 2132.6004 
6610000 22575 340.805 743758.0 42.876 6.5228 7525 11155235.0 2008.8909 
6620000 22605 347.091 744959.0 43.124 6.6404 7535 11173105.0 1947.7441 
6630000 22635 340.847 746177.0 41.54 6.5269 7545 11191125.0 1868.3391 
6640000 22664 342.743 747305.0 40.328 6.5651 7554 11207196.0 1767.613 
6650000 22692 345.864 748552.0 41.347 6.6329 7564 11225148.0 1828.0919 
6660000 22724 333.794 749823.0 41.347 6.4008 7574 11244266.0 1773.195 
6670000 22753 341.561 751127.0 43.422 6.5481 7584 11264697.0 1993.1059 
6680000 22783 339.116 752447.0 43.883 6.4951 7594 11287147.0 2137.7213 
6690000 22815 321.589 753770.0 41.981 6.1578 7605 11305155.0 1855.0369 
6700000 22843 335.921 755058.0 43.743 6.4315 7614 11324647.0 1955.1404 
6710000 22874 331.403 756372.0 43.589 6.3394 7624 11344406.0 1973.3431 
6720000 22902 339.19 757571.0 42.923 6.4903 7634 11362308.0 1984.3529 
6730000 22932 329.566 758967.0 42.691 6.3143 7644 11382328.0 1855.985 
6740000 22964 326.459 760231.0 42.49 6.2547 7654 11400456.0 1870.6802 
6750000 22993 335.374 761519.0 43.437 6.4186 7664 11419667.0 1928.5823 
6760000 23022 334.542 762768.0 41.862 6.3979 7674 11438848.0 1914.894 
6770000 23053 331.673 764084.0 42.971 6.3425 7684 11456557.0 1813.0907 
6780000 23085 321.751 765486.0 42.942 6.1586 7695 11477815.0 1992.928 
6790000 23114 334.551 766734.0 43.641 6.3992 7704 11495506.0 1937.7424 
6800000 23140 360.143 767976.0 45.928 6.8874 7713 11514120.0 2006.0951 
6810000 23169 345.271 769233.0 42.779 6.6091 7723 11532891.0 1873.707 
6820000 23201 337.614 770524.0 43.522 6.4613 7733 11550339.0 1793.5013 
6830000 23230 340.606 771816.0 43.843 6.5267 7743 11568330.0 1827.0823 
6840000 23259 339.196 773112.0 43.459 6.4957 7753 11587081.0 1891.0776 
6850000 23287 348.635 774419.0 45.476 6.6824 7762 11608823.0 2088.2635 
6860000 23322 312.132 775734.0 41.228 5.9804 7774 11628808.0 1886.4756 
6870000 23352 319.069 777087.0 42.335 6.113 7784 11652008.0 2120.9625 
6880000 23382 327.558 778398.0 43.152 6.2673 7794 11671878.0 2064.4738 
6890000 23408 355.186 779601.0 44.861 6.8005 7802 11690032.0 2061.1159 
6900000 23435 363.376 780848.0 45.439 6.9591 7811 11709975.0 2115.5488 
6910000 23466 341.974 782151.0 43.308 6.5524 7822 11729644.0 2008.0654 
6920000 23495 344.576 783478.0 44.768 6.5937 7831 11747245.0 1866.4094 
6930000 23523 342.721 784764.0 44.106 6.5563 7841 11765437.0 1941.7968 
6940000 23554 337.749 786057.0 43.921 6.4629 7851 11783916.0 1928.8032 
6950000 23584 334.459 787371.0 44.101 6.3958 7861 11804726.0 2059.0827 
6960000 23613 332.681 788652.0 43.046 6.3621 7871 11824427.0 2027.1754 
6970000 23645 326.722 789998.0 43.501 6.2528 7881 11843715.0 1929.4567 
6980000 23674 339.772 791306.0 44.659 6.5119 7891 11864266.0 1993.8467 
6990000 23705 333.05 792580.0 43.34 6.3741 7901 11883495.0 1990.0858 
7000000 23736 327.644 793908.0 42.985 6.2733 7912 11901684.0 1879.5239 
7010000 23767 322.01 795244.0 42.381 6.1701 7922 11922413.0 1942.8378 
7020000 23796 330.494 796556.0 43.305 6.3367 7932 11943424.0 2073.6765 
7030000 23823 346.342 797806.0 44.355 6.6293 7941 11962757.0 2100.2673 
7040000 23853 338.826 799134.0 43.672 6.4918 7951 11983197.0 2001.9176 
7050000 23883 335.661 800483.0 44.188 6.4149 7961 12006637.0 2236.1547 
7060000 23913 325.895 801872.0 43.319 6.2325 7971 12027577.0 2001.5561 
7070000 23943 328.106 803189.0 43.328 6.2873 7981 12048987.0 2063.8753 
7080000 23971 348.025 804399.0 44.785 6.6563 7990 12067729.0 2053.5788 
7090000 24003 331.875 805686.0 42.907 6.3505 8001 12087077.0 2039.0313 
7100000 24030 346.661 806897.0 43.134 6.6329 8010 12106150.0 2059.7611 
7110000 24058 351.681 808216.0 45.298 6.7325 8019 12127862.0 2182.2186 
7120000 24087 345.53 809507.0 43.947 6.6208 8029 12148953.0 2214.8204 
7130000 24117 339.495 810825.0 43.545 6.4984 8039 12170423.0 2082.7243 
7140000 24147 339.248 812093.0 43.881 6.4887 8049 12190003.0 2124.7815 
7150000 24171 363.568 813209.0 43.737 6.9567 8057 12210259.0 2304.2442 
7160000 24202 343.396 814477.0 42.582 6.5669 8067 12232248.0 2282.5046 
7170000 24230 347.041 815743.0 43.739 6.6394 8076 12252490.0 2095.1964 
7180000 24261 336.094 817080.0 43.084 6.4324 8087 12272979.0 2076.2182 
7190000 24289 339.055 818393.0 43.968 6.492 8096 12292241.0 1977.3709 
7200000 24318 345.496 819663.0 44.405 6.6101 8106 12312292.0 2114.6433 
7210000 24347 345.504 820927.0 44.25 6.6103 8115 12331513.0 1928.0884 
7220000 24376 343.17 822184.0 43.915 6.5713 8125 12349454.0 1914.9458 
7230000 24408 325.843 823440.0 40.916 6.24 8136 12367912.0 1791.6172 
7240000 24435 343.585 824675.0 42.613 6.5726 8145 12390555.0 2204.4442 
7250000 24461 361.842 825887.0 45.057 6.9206 8153 12409849.0 2192.8069 
7260000 24489 353.861 827151.0 44.099 6.7657 8163 12432721.0 2313.0501 
7270000 24519 344.342 828378.0 43.091 6.5833 8173 12451431.0 2132.4173 
7280000 24549 337.938 829680.0 42.907 6.462 8183 12474411.0 2313.147 
7290000 24576 345.925 830981.0 43.625 6.6148 8192 12493874.0 2126.4983 
7300000 24608 332.517 832318.0 43.655 6.3536 8202 12513642.0 2081.9372 
7310000 24642 313.605 833713.0 41.982 6.0008 8214 12535608.0 1970.0836 
7320000 24672 322.603 835022.0 41.817 6.1778 8224 12554848.0 1897.8441 
7330000 24701 333.453 836304.0 43.926 6.3856 8233 12580759.0 2491.1878 
7340000 24732 322.808 837666.0 42.203 6.1842 8244 12603918.0 2249.076 
7350000 24759 350.05 838894.0 44.546 6.7049 8253 12622301.0 2229.4921 
7360000 24789 344.45 840193.0 44.216 6.5984 8263 12642661.0 2102.9506 
7370000 24816 346.228 841467.0 43.859 6.6367 8272 12661324.0 1974.6981 
7380000 24844 352.371 842738.0 45.061 6.752 8281 12681826.0 2137.691 
7390000 24870 355.144 843973.0 44.419 6.8045 8290 12701060.0 2118.9578 
7400000 24900 346.879 845169.0 43.161 6.6465 8300 12717580.0 1903.9585 
7410000 24933 324.966 846441.0 41.052 6.2335 8311 12736127.0 1828.0684 
7420000 24963 326.269 847743.0 41.579 6.2529 8321 12758017.0 2072.8491 
7430000 24991 340.676 849055.0 44.409 6.5275 8330 12778469.0 2096.203 
7440000 25020 343.727 850317.0 44.088 6.5844 8340 12797620.0 2097.9777 
7450000 25046 359.706 851522.0 44.757 6.8886 8348 12817644.0 2148.9277 
7460000 25072 367.102 852766.0 45.607 7.0315 8357 12837268.0 2168.8903 
7470000 25101 361.818 853958.0 43.763 6.9272 8367 12854979.0 2029.3269 
7480000 25131 350.638 855278.0 43.923 6.7152 8377 12874439.0 1984.2701 
7490000 25164 329.14 856612.0 42.255 6.3094 8388 12893966.0 1834.211 
7500000 25197 311.552 857930.0 40.004 5.9723 8399 12914633.0 1823.6326 
