10000 291 37.006 -204.0 -0.627 0.147 58 -201.0 -3.1742 
20000 574 36.196 -400.0 -0.674 0.1447 114 -397.0 -3.3244 
30000 880 33.585 -629.0 -0.725 0.135 176 -626.0 -3.61 
40000 1173 35.323 -837.0 -0.69 0.5149 234 -834.0 -3.4648 
50000 1496 36.835 -1089.0 -0.635 0.544 299 -1086.0 -3.1276 
60000 1795 32.381 -1307.0 -0.75 0.4799 359 -1304.0 -3.7652 
70000 2084 31.232 -1510.0 -0.78 0.4617 416 -1507.0 -4.0332 
80000 2369 37.74 -1703.0 -0.606 0.5587 473 -1700.0 -3.0384 
90000 2628 36.113 -1861.0 -0.647 0.5348 525 -1849.0 -3.2063 
100000 2893 39.773 -2024.0 -0.586 0.5888 578 -2012.0 -2.989 
110000 3156 36.195 -2183.0 -0.637 0.5363 631 -2171.0 -3.2672 
120000 3445 36.707 -2382.0 -0.636 0.5451 689 -2370.0 -3.1712 
130000 3700 41.28 -2531.0 -0.55 0.6126 740 -2519.0 -2.7272 
140000 3985 35.391 -2725.0 -0.677 0.5247 797 -2713.0 -3.375 
150000 4232 39.583 -2857.0 -0.55 0.5865 846 -2845.0 -2.6524 
160000 4465 41.766 -2971.0 -0.51 0.621 893 -2956.0 -2.5147 
170000 4720 36.149 -3117.0 -0.649 0.5371 944 -3102.0 -3.2731 
180000 4975 41.603 -3264.0 -0.51 0.6183 995 -3249.0 -2.5192 
190000 5222 42.588 -3402.0 -0.505 0.6308 1044 -3384.0 -2.467 
200000 5463 42.241 -3527.0 -0.475 0.6259 1092 -3506.0 -2.3168 
210000 5722 39.798 -3682.0 -0.586 0.5884 1144 -3661.0 -2.823 
220000 5971 38.278 -3819.0 -0.602 0.5677 1194 -3792.0 -2.9493 
230000 6229 38.761 -3970.0 -0.582 0.5737 1245 -3943.0 -2.9534 
240000 6463 43.423 -4085.0 -0.479 0.6426 1292 -4058.0 -2.2564 
250000 6692 47.997 -4191.0 -0.375 0.7089 1338 -4161.0 -1.7199 
260000 6917 44.156 -4293.0 -0.436 0.6533 1383 -4260.0 -2.0561 
270000 7139 46.86 -4387.0 -0.366 0.6926 1427 -4354.0 -1.8693 
280000 7370 36.663 -4496.0 -0.64 0.545 1474 -4463.0 -3.2466 
290000 7571 48.646 -4560.0 -0.349 0.7198 1514 -4521.0 -1.6453 
300000 7783 50.841 -4637.0 -0.249 0.7545 1556 -4589.0 -0.7699 
310000 7969 47.22 -4676.0 -0.371 0.6981 1593 -4628.0 -1.71 
320000 8156 52.792 -4714.0 -0.228 0.7812 1631 -4651.0 -1.3125 
330000 8341 54.487 -4746.0 -0.152 0.8057 1668 -4674.0 -0.4121 
340000 8562 49.388 -4835.0 -0.297 0.7313 1712 -4757.0 -1.251 
350000 8762 56.499 -4888.0 -0.118 0.8355 1752 -4804.0 -0.3891 
360000 8952 53.367 -4925.0 -0.157 0.7893 1790 -4832.0 -1.1275 
370000 9131 57.557 -4951.0 -0.092 0.8515 1826 -4852.0 -0.0436 
380000 9292 68.148 -4947.0 0.164 1.0069 1858 -4848.0 1.0173 
390000 9461 57.699 -4957.0 -0.089 0.8524 1892 -4843.0 -0.2609 
400000 9651 53.772 -5003.0 -0.213 0.7956 1930 -4886.0 -0.9531 
410000 9825 54.92 -5021.0 -0.193 0.9754 1965 -4904.0 -0.9875 
420000 9990 57.221 -5023.0 -0.079 1.1069 1998 -4903.0 -0.3964 
430000 10165 59.127 -5036.0 -0.008 1.2017 2033 -4892.0 1.8311 
440000 10337 56.877 -5048.0 -0.086 1.1599 2067 -4898.0 -0.3152 
450000 10506 66.554 -5050.0 0.175 1.3488 2101 -4897.0 0.6796 
460000 10676 59.867 -5055.0 0.014 1.2199 2135 -4890.0 0.7843 
470000 10831 63.47 -5038.0 0.081 1.2902 2166 -4861.0 0.6756 
480000 10972 76.005 -4999.0 0.434 1.551 2194 -4819.0 1.0213 
490000 11109 77.85 -4954.0 0.436 1.5806 2221 -4756.0 2.5569 
500000 11275 62.834 -4952.0 0.081 1.2797 2255 -4739.0 0.6659 
510000 11415 65.361 -4907.0 0.132 1.3286 2283 -4685.0 0.7458 
520000 11559 65.829 -4871.0 0.162 1.3412 2311 -4640.0 1.1412 
530000 11693 71.176 -4817.0 0.294 1.4502 2338 -4571.0 1.8862 
540000 11825 73.413 -4769.0 0.286 1.4896 2365 -4505.0 1.7306 
550000 11973 63.788 -4750.0 0.024 1.298 2394 -4465.0 1.3596 
560000 12106 68.619 -4694.0 0.221 1.3951 2421 -4376.0 2.7465 
570000 12226 87.718 -4626.0 0.705 1.7826 2445 -4284.0 4.6585 
580000 12357 76.074 -4564.0 0.478 1.546 2471 -4213.0 1.8678 
590000 12463 91.097 -4463.0 0.89 1.8572 2492 -4088.0 5.5582 
600000 12554 107.256 -4337.0 1.319 2.1791 2510 -3914.0 8.3943 
610000 12665 93.687 -4244.0 0.935 1.8985 2533 -3794.0 6.0115 
620000 12779 84.499 -4161.0 0.621 1.7126 2555 -3690.0 4.307 
630000 12881 101.017 -4061.0 1.055 2.0537 2576 -3554.0 7.2264 
640000 12994 83.179 -3970.0 0.634 1.6894 2598 -3418.0 4.782 
650000 13089 103.312 -3849.0 1.241 2.1005 2617 -3276.0 7.2144 
660000 13192 107.116 -3739.0 1.377 2.1715 2638 -3133.0 8.9786 
670000 13281 116.819 -3612.0 1.536 2.3782 2656 -2952.0 11.1403 
680000 13372 110.057 -3476.0 1.503 2.2358 2674 -2771.0 10.9249 
690000 13449 129.308 -3321.0 1.974 2.6268 2689 -2553.0 13.866 
700000 13530 127.942 -3175.0 1.954 2.5956 2706 -2362.0 13.1715 
710000 13590 152.224 -2992.0 2.631 3.0903 2718 -2092.0 18.9585 
720000 13671 129.043 -2852.0 1.9 2.6277 2734 -1916.0 12.5304 
730000 13752 122.093 -2700.0 1.788 2.4851 2750 -1719.0 11.1546 
740000 13832 125.617 -2538.0 1.993 2.5507 2766 -1491.0 11.9738 
750000 13893 148.771 -2347.0 2.661 3.0184 2778 -1213.0 19.5317 
760000 13960 154.655 -2176.0 2.74 3.1279 2792 -991.0 17.8103 
770000 14019 170.742 -1988.0 3.186 3.4654 2803 -686.0 23.4348 
780000 14083 159.989 -1804.0 2.953 3.2438 2816 -427.0 22.3703 
790000 14139 172.419 -1610.0 3.294 3.4986 2827 -119.0 25.4881 
800000 14201 159.991 -1404.0 3.162 3.2514 2840 255.0 28.5072 
810000 14252 179.221 -1188.0 3.717 3.6379 2850 621.0 31.9359 
820000 14306 182.077 -982.0 3.762 3.692 2861 926.0 30.1639 
830000 14356 189.721 -766.0 3.988 3.8629 2871 1277.0 31.0399 
840000 14405 189.917 -558.0 3.862 3.8572 2881 1617.0 30.8066 
850000 14459 188.506 -312.0 4.253 3.8321 2891 2187.0 41.1322 
860000 14504 210.521 -95.0 4.655 4.2706 2900 2566.0 41.4295 
870000 14550 215.442 134.0 4.87 4.3747 2910 2987.0 45.0056 
880000 14596 209.869 350.0 4.586 4.2601 2919 3380.0 43.5816 
890000 14638 229.478 571.0 5.061 4.6492 2927 3760.0 44.5334 
900000 14683 230.944 811.0 5.42 4.6788 2936 4225.0 48.0704 
910000 14727 228.142 1041.0 5.289 4.6215 2945 4626.0 47.8499 
920000 14769 233.835 1282.0 5.492 4.7425 2953 5095.0 50.9829 
930000 14803 265.82 1568.0 6.892 5.3943 2960 5864.0 75.5965 
940000 14841 266.835 1823.0 6.857 5.4097 2968 6428.0 78.8514 
950000 14876 275.203 2069.0 6.944 5.5846 2975 6956.0 75.9662 
960000 14916 248.58 2356.0 6.632 5.0404 2983 7867.0 91.8959 
970000 14956 251.479 2606.0 6.52 5.0983 2991 8390.0 77.4789 
980000 14996 251.902 2860.0 6.469 5.1097 2999 8917.0 72.2872 
990000 15030 274.022 3131.0 7.269 5.5575 3006 9566.0 84.6682 
1000000 15071 257.588 3432.0 7.3 5.2235 3014 10410.0 97.0999 
1010000 15107 266.771 3724.0 7.742 5.4135 3021 11173.0 105.0153 
1020000 15142 281.787 4060.0 9.04 5.7188 3028 12232.0 137.0973 
1030000 15179 274.917 4358.0 8.435 5.573 3035 13076.0 126.3993 
1040000 15213 281.189 4705.0 9.174 5.6965 3042 14251.0 146.1344 
1050000 15247 282.823 5015.0 8.903 5.737 3049 15113.0 131.2684 
1060000 15281 292.185 5334.0 9.191 5.9239 3056 16044.0 132.4184 
1070000 15316 283.491 5691.0 9.385 5.742 3063 17334.0 153.0421 
1080000 15349 293.436 6005.0 9.659 5.9515 3069 18227.0 136.8959 
1090000 15386 282.232 6312.0 8.831 5.7191 3077 19068.0 123.499 
1100000 15426 261.021 6586.0 7.705 5.2949 3085 19765.0 105.0641 
1110000 15463 261.198 6883.0 7.749 5.3006 3092 20569.0 109.2983 
1120000 15497 276.479 7201.0 8.65 5.6048 3099 21535.0 131.7941 
1130000 15527 306.154 7560.0 10.277 6.2007 3105 22761.0 169.8641 
1140000 15561 302.749 7905.0 10.196 6.139 3112 23838.0 154.1224 
1150000 15595 289.838 8255.0 10.074 5.89 3119 24875.0 155.3363 
1160000 15632 290.064 8562.0 9.488 5.885 3126 25761.0 140.5368 
1170000 15665 293.229 8925.0 10.087 5.9495 3133 27024.0 161.573 
1180000 15695 305.39 9260.0 10.474 6.1958 3139 28109.0 172.1115 
1190000 15730 290.906 9600.0 9.936 5.9063 3146 29187.0 161.7308 
1200000 15767 284.279 9889.0 8.877 5.7664 3153 30031.0 135.0726 
1210000 15807 258.422 10148.0 7.293 5.2435 3161 30545.0 94.4834 
1220000 15840 277.19 10468.0 8.344 5.6214 3168 31498.0 114.2572 
1230000 15877 273.968 10751.0 7.881 5.5537 3175 32195.0 102.4722 
1240000 15912 280.755 11092.0 8.844 5.6866 3182 33238.0 123.3909 
1250000 15947 280.025 11447.0 9.4 5.6826 3189 34289.0 139.5607 
1260000 15976 306.082 11800.0 10.553 6.2059 3195 35503.0 171.6647 
1270000 16012 298.955 12147.0 10.347 6.0724 3202 36579.0 161.9603 
1280000 16045 298.125 12488.0 10.092 6.0521 3209 37676.0 156.4542 
1290000 16079 294.736 12843.0 10.301 5.974 3215 38826.0 172.6128 
1300000 16113 291.771 13168.0 9.761 5.9059 3222 39847.0 158.2991 
1310000 16146 296.508 13523.0 10.013 6.0017 3229 40943.0 144.187 
1320000 16179 303.322 13852.0 10.202 6.1506 3235 41992.0 157.4315 
1330000 16216 285.721 14136.0 8.841 5.7918 3243 42573.0 112.6372 
1340000 16250 292.609 14451.0 9.145 5.9297 3250 43599.0 132.0081 
1350000 16281 307.3 14773.0 9.861 6.2189 3256 44557.0 148.2373 
1360000 16312 317.581 15132.0 10.67 6.4312 3262 45744.0 167.4839 
1370000 16345 307.84 15486.0 10.668 6.2378 3269 46896.0 170.2405 
1380000 16381 292.947 15821.0 10.05 5.9265 3276 47846.0 154.6305 
1390000 16420 274.51 16178.0 9.582 5.5673 3284 49124.0 159.7412 
1400000 16451 292.24 16494.0 9.737 5.9272 3290 50064.0 154.9599 
1410000 16487 285.966 16783.0 8.82 5.7916 3297 50761.0 123.7842 
1420000 16522 279.529 17127.0 9.108 5.6593 3304 51903.0 142.8812 
1430000 16559 273.592 17466.0 9.093 5.5426 3311 52980.0 147.1128 
1440000 16594 282.708 17761.0 8.835 5.7337 3318 53710.0 123.6861 
1450000 16625 297.575 18214.0 11.196 6.0333 3325 55558.0 196.6837 
1460000 16657 306.037 18576.0 11.429 6.2154 3331 56832.0 188.5155 
1470000 16691 298.416 18921.0 10.669 6.0541 3338 57990.0 186.2777 
1480000 16729 275.271 19214.0 9.026 5.5799 3345 58778.0 128.5713 
1490000 16761 281.931 19572.0 9.613 5.7149 3352 59913.0 154.9142 
1500000 16790 311.566 19899.0 10.292 6.3056 3358 60915.0 158.6441 
1510000 16822 308.019 20291.0 10.808 6.2388 3364 62405.0 187.2803 
1520000 16856 304.299 20646.0 10.799 6.1592 3371 63591.0 185.5265 
1530000 16890 294.35 20944.0 9.635 5.9661 3378 64303.0 141.6162 
1540000 16925 284.392 21281.0 9.439 5.7691 3385 65291.0 139.5461 
1550000 16966 277.725 21647.0 9.965 5.6145 3393 66521.0 161.2817 
1560000 16996 297.449 21994.0 10.511 6.0206 3399 67702.0 178.0273 
1570000 17021 336.788 22398.0 12.844 6.8121 3404 69210.0 196.2452 
1580000 17055 313.09 22740.0 11.272 6.3366 3411 70239.0 186.314 
1590000 17090 295.513 23158.0 11.489 5.985 3418 71788.0 202.54 
1600000 17125 296.542 23550.0 11.552 6.0084 3425 73170.0 199.5779 
1610000 17161 283.595 23918.0 10.708 5.7508 3432 74420.0 182.7139 
1620000 17190 299.907 24241.0 10.521 6.0758 3438 75361.0 167.909 
1630000 17221 310.559 24579.0 10.733 6.2795 3444 76473.0 177.0963 
1640000 17255 288.982 24929.0 9.975 5.8604 3451 77618.0 160.7392 
1650000 17290 296.924 25386.0 12.051 6.0127 3458 79398.0 218.6028 
1660000 17319 316.987 25779.0 12.697 6.4113 3463 80832.0 212.6768 
1670000 17353 308.074 26076.0 10.885 6.2417 3470 81654.0 181.449 
1680000 17385 304.822 26427.0 10.785 6.1677 3477 82956.0 187.4974 
1690000 17410 332.582 26832.0 12.567 6.7249 3482 84513.0 235.6981 
1700000 17441 335.878 27217.0 12.795 6.8079 3488 85918.0 235.6746 
1710000 17479 300.386 27534.0 10.452 6.0795 3495 86910.0 182.3175 
1720000 17510 310.255 27870.0 10.531 6.276 3502 87858.0 162.4531 
1730000 17540 321.215 28226.0 11.188 6.5083 3508 89036.0 178.6035 
1740000 17563 366.484 28658.0 14.169 7.435 3512 90743.0 232.123 
1750000 17595 340.839 29043.0 13.259 6.9161 3519 92142.0 238.9569 
1760000 17627 326.959 29391.0 12.127 6.6366 3525 93207.0 210.0096 
1770000 17655 325.765 29768.0 12.229 6.6116 3531 94523.0 215.3942 
1780000 17685 338.516 30201.0 13.749 6.8598 3537 96309.0 262.1423 
1790000 17714 332.952 30536.0 12.045 6.7441 3542 97436.0 222.2695 
1800000 17745 318.936 30863.0 11.375 6.4553 3549 98477.0 196.502 
1810000 17771 354.884 31256.0 13.178 7.1771 3554 99932.0 229.0965 
1820000 17804 330.234 31703.0 13.179 6.683 3560 101819.0 243.3865 
1830000 17836 319.845 32056.0 12.363 6.4924 3567 103024.0 232.2226 
1840000 17871 299.215 32459.0 11.855 6.0608 3574 104579.0 226.2698 
1850000 17903 306.466 32795.0 11.071 6.2167 3580 105695.0 200.5926 
1860000 17935 305.566 33170.0 11.486 6.1869 3587 107027.0 207.7181 
1870000 17966 322.467 33548.0 12.128 6.5388 3593 108380.0 220.3244 
1880000 17997 322.711 33934.0 12.196 6.5447 3599 109831.0 225.2525 
1890000 18029 323.004 34297.0 12.064 6.5406 3605 111112.0 198.4712 
1900000 18062 311.797 34694.0 11.993 6.3113 3612 112556.0 225.4014 
1910000 18097 300.737 35069.0 11.554 6.0854 3619 113786.0 201.6189 
1920000 18127 315.168 35536.0 13.268 6.3805 3625 115804.0 264.7145 
1930000 18158 316.889 35897.0 12.459 6.4202 3631 116915.0 221.4819 
1940000 18190 313.49 36296.0 12.446 6.3446 3638 118439.0 227.3588 
1950000 18220 328.127 36636.0 12.111 6.6441 3644 119619.0 216.1373 
1960000 18247 343.508 36969.0 12.151 6.9534 3649 120714.0 215.2005 
1970000 18277 338.027 37376.0 12.813 6.8315 3655 122252.0 239.8171 
1980000 18301 366.192 37796.0 14.567 7.3976 3660 123971.0 281.4768 
1990000 18335 331.7 38152.0 12.594 6.7077 3667 125110.0 221.2222 
2000000 18373 299.959 38511.0 11.071 6.0626 3674 126273.0 154.6329 
2010000 18399 328.433 38890.0 12.106 6.6334 3679 127672.0 212.3283 
2020000 18444 259.886 39146.0 8.253 5.2516 3688 128294.0 137.3874 
2030000 18480 278.288 39463.0 8.981 5.6239 3696 129316.0 145.242 
2040000 18515 281.806 39847.0 10.008 5.701 3703 130636.0 167.2022 
2050000 18546 294.644 40193.0 10.4 5.9605 3709 131744.0 175.8507 
2060000 18573 327.169 40605.0 12.349 6.6293 3714 133344.0 229.9593 
2070000 18602 333.643 41003.0 12.892 6.7609 3720 134819.0 234.9188 
2080000 18629 354.22 41382.0 13.467 7.1685 3725 136218.0 249.8922 
2090000 18660 334.795 41787.0 13.117 6.7803 3732 137706.0 240.6324 
2100000 18689 334.098 42168.0 12.653 6.7566 3737 139128.0 232.4561 
2110000 18725 303.29 42490.0 10.892 6.1257 3745 140098.0 183.3768 
2120000 18764 277.011 42736.0 8.335 5.5979 3752 140599.0 120.6746 
2130000 18795 294.668 43119.0 10.223 5.9609 3759 142026.0 173.6361 
2140000 18825 307.644 43532.0 11.569 6.2209 3765 143681.0 212.6201 
2150000 18862 289.198 43820.0 9.495 5.8518 3772 144503.0 154.772 
2160000 18896 297.47 44224.0 10.816 6.0239 3779 146026.0 189.9017 
2170000 18926 310.647 44632.0 12.083 6.2863 3785 147613.0 228.8771 
2180000 18956 321.067 45055.0 13.061 6.5007 3791 149278.0 257.6752 
2190000 18993 298.568 45371.0 10.767 6.0473 3798 150131.0 186.7342 
2200000 19022 316.224 45696.0 10.741 6.412 3804 151155.0 175.8679 
2210000 19050 332.805 46078.0 11.999 6.7248 3810 152515.0 203.0016 
2220000 19075 362.901 46441.0 13.243 7.3368 3815 153829.0 233.432 
2230000 19109 328.676 46757.0 11.371 6.6372 3821 154706.0 185.6582 
2240000 19141 311.875 47077.0 10.346 6.3055 3828 155713.0 164.1092 
2250000 19171 308.614 47444.0 10.696 6.2445 3834 156962.0 179.6404 
2260000 19200 332.093 47836.0 12.398 6.7145 3840 158488.0 226.2747 
2270000 19230 340.118 48189.0 12.265 6.8806 3846 159693.0 213.4918 
2280000 19256 353.333 48623.0 13.956 7.1506 3851 161453.0 270.9127 
2290000 19283 352.901 48975.0 13.145 7.1363 3856 162804.0 265.7218 
2300000 19327 285.432 49282.0 9.906 5.7813 3865 163777.0 178.1203 
2310000 19359 293.279 49653.0 10.413 5.9371 3871 165159.0 195.0263 
2320000 19390 297.516 50022.0 10.686 6.0086 3878 166341.0 179.9604 
2330000 19418 313.042 50383.0 11.286 6.3329 3883 167638.0 208.9107 
2340000 19448 326.366 50781.0 12.233 6.6046 3889 169083.0 223.8745 
2350000 19475 341.844 51203.0 13.533 6.9178 3895 170771.0 253.358 
2360000 19501 359.892 51588.0 14.04 7.287 3900 172182.0 261.7964 
2370000 19543 284.03 51858.0 9.407 5.757 3908 172833.0 156.1887 
2380000 19591 243.87 52101.0 6.913 4.9473 3918 173433.0 96.0798 
2390000 19616 286.939 52502.0 9.625 5.8109 3923 174857.0 158.7128 
2400000 19638 366.712 52867.0 12.846 7.4306 3927 176329.0 226.4895 
2410000 19661 386.954 53195.0 13.286 7.8454 3932 177533.0 246.9342 
2420000 19706 277.396 53492.0 8.674 5.6224 3941 178439.0 143.2486 
2430000 19737 303.247 53859.0 10.414 6.1362 3947 179727.0 185.9864 
2440000 19768 306.012 54211.0 10.482 6.188 3953 180841.0 175.9785 
2450000 19800 304.739 54574.0 10.595 6.1533 3960 182026.0 170.1588 
2460000 19831 318.441 54965.0 11.72 6.4345 3966 183374.0 195.8446 
2470000 19857 338.604 55343.0 12.586 6.8525 3971 184838.0 230.5157 
2480000 19878 387.016 55717.0 14.362 7.8129 3975 186256.0 234.616 
2490000 19914 334.054 56026.0 11.6 6.7474 3982 187165.0 184.9862 
2500000 19945 324.658 56407.0 11.732 6.5598 3989 188521.0 203.7973 
2510000 19974 338.048 56843.0 13.477 6.8353 3994 190250.0 243.0722 
2520000 20012 292.47 57169.0 10.534 5.9282 4002 191290.0 187.5715 
2530000 20046 296.279 57537.0 10.746 5.999 4009 192555.0 182.4352 
2540000 20072 323.705 57898.0 11.689 6.5482 4014 193888.0 213.2447 
2550000 20109 302.134 58284.0 11.201 6.114 4021 195267.0 198.5464 
2560000 20148 266.49 58601.0 9.079 5.3956 4029 196268.0 159.1129 
2570000 20180 289.543 58965.0 10.382 5.8623 4036 197487.0 173.7844 
2580000 20207 321.623 59408.0 12.63 6.5075 4041 199196.0 230.7222 
2590000 20235 329.796 59841.0 13.75 6.6712 4047 200913.0 264.6504 
2600000 20265 340.238 60258.0 14.025 6.88 4053 202596.0 272.1868 
2610000 20295 327.127 60646.0 13.09 6.6167 4059 204097.0 251.943 
2620000 20321 353.704 61033.0 13.964 7.1442 4064 205582.0 273.9301 
2630000 20347 355.86 61415.0 13.972 7.2023 4069 206990.0 276.9596 
2640000 20381 323.387 61821.0 12.967 6.5464 4076 208536.0 251.4489 
2650000 20412 324.998 62222.0 13.056 6.5777 4082 210035.0 252.8644 
2660000 20446 309.237 62551.0 11.323 6.2532 4089 211132.0 207.9039 
2670000 20474 329.158 62924.0 12.343 6.6602 4094 212471.0 202.7671 
2680000 20501 341.047 63319.0 13.068 6.8986 4100 213883.0 241.3783 
2690000 20529 352.05 63651.0 12.823 7.1208 4105 215106.0 214.9024 
2700000 20555 356.763 64034.0 13.238 7.2112 4111 216530.0 244.9884 
2710000 20584 346.922 64462.0 13.174 7.0144 4116 218194.0 255.1546 
2720000 20615 338.479 64814.0 12.858 6.8469 4123 219299.0 226.9657 
2730000 20646 331.985 65133.0 11.772 6.7176 4129 220302.0 202.492 
2740000 20677 329.634 65552.0 12.762 6.6638 4135 221903.0 198.3679 
2750000 20706 340.843 65844.0 11.61 6.9183 4141 222843.0 201.4501 
2760000 20733 348.12 66190.0 11.924 7.0511 4146 223990.0 210.4237 
2770000 20771 302.87 66508.0 9.9 6.1472 4154 224863.0 150.2916 
2780000 20798 331.549 66820.0 10.512 6.7233 4159 225964.0 177.7597 
2790000 20830 324.63 67231.0 11.772 6.5869 4166 227527.0 209.1472 
2800000 20863 311.321 67609.0 11.227 6.3135 4172 228814.0 188.5349 
2810000 20894 307.989 67951.0 10.982 6.2439 4178 230071.0 203.9804 
2820000 20925 310.746 68264.0 10.46 6.2909 4185 231071.0 179.0225 
2830000 20961 300.927 68600.0 10.036 6.0812 4192 232076.0 157.8986 
2840000 20990 320.64 68979.0 11.413 6.4862 4198 233454.0 192.8302 
2850000 21016 340.31 69351.0 12.287 6.8943 4203 234819.0 217.6626 
2860000 21044 339.995 69740.0 12.363 6.8877 4208 236276.0 228.6678 
2870000 21066 377.945 70161.0 14.763 7.6627 4213 237972.0 286.8355 
2880000 21095 365.468 70501.0 13.624 7.4074 4219 239116.0 245.4531 
2890000 21126 349.758 70882.0 13.222 7.08 4225 240361.0 226.449 
2900000 21152 355.222 71230.0 12.593 7.1818 4230 241630.0 211.3871 
2910000 21183 334.811 71608.0 12.694 6.7751 4236 243031.0 239.4 
2920000 21211 345.539 72023.0 13.502 6.9802 4242 244673.0 255.1536 
2930000 21231 393.737 72387.0 14.938 7.951 4246 246129.0 291.9243 
2940000 21260 370.798 72772.0 14.049 7.5 4252 247552.0 262.2624 
2950000 21291 343.486 73144.0 13.064 6.9515 4258 248803.0 237.5051 
2960000 21319 352.971 73530.0 13.507 7.1494 4263 250314.0 231.8558 
2970000 21348 349.075 73898.0 13.155 7.0692 4269 251576.0 252.3469 
2980000 21373 359.455 74286.0 13.251 7.2827 4274 252969.0 232.9296 
2990000 21397 381.962 74671.0 14.542 7.7264 4279 254374.0 274.7352 
3000000 21424 380.394 75014.0 13.861 7.6965 4284 255536.0 247.8691 
3010000 21455 352.319 75391.0 13.015 7.1242 4291 256933.0 233.4568 
3020000 21493 312.71 75699.0 10.87 6.3199 4298 257817.0 151.7046 
3030000 21527 301.053 75975.0 9.495 6.0903 4305 258528.0 146.0001 
3040000 21553 334.538 76437.0 12.884 6.7794 4310 260436.0 219.9942 
3050000 21580 351.789 76792.0 13.226 7.1175 4316 261706.0 243.3064 
3060000 21610 345.996 77159.0 12.853 6.9952 4322 263018.0 230.6028 
3070000 21645 312.039 77541.0 11.754 6.3075 4329 264396.0 210.5918 
3080000 21674 324.162 77963.0 12.808 6.5495 4334 266000.0 248.0831 
3090000 21702 343.819 78327.0 13.124 6.9584 4340 267072.0 214.5645 
3100000 21730 344.225 78656.0 12.389 6.9546 4346 268187.0 207.8074 
3110000 21766 299.444 78966.0 9.962 6.054 4353 269142.0 161.3662 
3120000 21801 294.501 79310.0 10.005 5.9499 4360 270239.0 161.5577 
3130000 21825 335.547 79634.0 11.091 6.7793 4365 271457.0 191.3387 
3140000 21850 352.583 80040.0 12.729 7.1323 4370 272997.0 234.5393 
3150000 21883 330.795 80373.0 11.453 6.6943 4376 274314.0 222.6386 
3160000 21923 286.087 80656.0 9.088 5.7865 4384 274999.0 149.1332 
3170000 21952 313.158 80982.0 10.242 6.3347 4390 276081.0 169.7036 
3180000 21982 325.481 81356.0 11.4 6.5798 4396 277493.0 208.3558 
3190000 22008 341.449 81756.0 12.739 6.9039 4401 278958.0 245.7323 
3200000 22039 325.861 82080.0 11.27 6.5998 4407 280077.0 210.1967 
3210000 22077 295.453 82442.0 10.413 5.9744 4415 281369.0 189.1137 
3220000 22127 227.329 82697.0 6.622 4.6048 4425 282011.0 100.0722 
3230000 22152 298.617 83077.0 10.124 6.0511 4430 283504.0 184.2593 
3240000 22179 326.932 83479.0 12.127 6.6173 4435 285052.0 202.6129 
3250000 22205 350.276 83802.0 12.175 7.0848 4441 286230.0 227.105 
3260000 22232 351.213 84140.0 12.008 7.0975 4446 287414.0 224.8716 
3270000 22275 272.076 84478.0 8.935 5.4946 4455 288637.0 155.2022 
3280000 22308 291.344 84835.0 10.008 5.8852 4461 289786.0 172.6969 
3290000 22337 312.599 85219.0 11.397 6.3288 4467 291286.0 219.0301 
3300000 22363 342.297 85576.0 12.24 6.928 4472 292519.0 226.7318 
3310000 22394 333.715 85972.0 12.398 6.7537 4478 294004.0 238.8335 
3320000 22425 327.352 86405.0 13.002 6.6285 4485 295676.0 239.6928 
3330000 22450 342.52 86814.0 13.905 6.9406 4490 297189.0 263.1824 
3340000 22476 370.978 87212.0 14.902 7.5124 4495 298784.0 289.3011 
3350000 22505 346.637 87579.0 13.441 7.0263 4501 300003.0 243.3237 
3360000 22529 384.506 87952.0 14.59 7.782 4505 301522.0 269.42 
3370000 22560 359.928 88248.0 12.482 7.2688 4512 302427.0 219.2962 
3380000 22591 337.67 88611.0 11.887 6.8293 4518 303633.0 207.6876 
3390000 22626 305.108 88980.0 10.858 6.1722 4525 304887.0 185.6718 
3400000 22656 316.697 89348.0 11.424 6.4091 4531 306185.0 198.6932 
3410000 22682 340.567 89738.0 12.752 6.8909 4536 307724.0 245.3301 
3420000 22708 350.947 90120.0 13.317 7.1033 4541 309183.0 266.5308 
3430000 22741 327.794 90485.0 11.96 6.6309 4548 310436.0 214.4844 
3440000 22780 300.372 90853.0 11.218 6.0845 4556 311800.0 204.2761 
3450000 22805 332.246 91230.0 12.454 6.7276 4561 313116.0 224.8656 
3460000 22823 402.767 91589.0 14.914 8.1517 4564 314588.0 264.148 
3470000 22843 429.816 91877.0 14.668 8.682 4568 315569.0 277.6822 
3480000 22871 389.491 92239.0 13.528 7.8728 4574 316951.0 251.4841 
3490000 22905 342.153 92612.0 12.199 6.9238 4581 318272.0 215.5638 
3500000 22960 237.547 92883.0 7.342 4.8036 4592 319065.0 115.7475 
3510000 22982 315.087 93219.0 10.026 6.3736 4596 320229.0 168.428 
3520000 23005 366.641 93557.0 11.94 7.4062 4601 321530.0 213.6003 
3530000 23025 401.761 93941.0 14.051 8.132 4605 323075.0 271.5525 
3540000 23050 401.558 94302.0 14.405 8.1183 4610 324498.0 281.371 
3550000 23075 402.804 94678.0 14.817 8.149 4615 326056.0 295.9024 
3560000 23101 390.436 95047.0 14.294 7.8925 4620 327379.0 271.1755 
3570000 23131 366.731 95387.0 13.075 7.4276 4626 328580.0 247.4941 
3580000 23157 369.776 95782.0 13.726 7.4882 4631 330136.0 274.8968 
3590000 23186 348.631 96186.0 13.418 7.0496 4637 331614.0 257.3039 
3600000 23217 335.768 96602.0 12.989 6.7877 4643 333269.0 248.4834 
3610000 23246 345.798 96951.0 12.908 6.9867 4649 334557.0 247.7162 
3620000 23273 355.205 97286.0 12.6 7.1794 4654 335669.0 217.545 
3630000 23298 368.443 97663.0 13.548 7.4447 4659 337105.0 262.5422 
3640000 23327 365.149 98023.0 13.234 7.3767 4665 338344.0 242.4329 
3650000 23354 363.956 98387.0 13.123 7.3551 4670 339656.0 249.1786 
3660000 23380 367.642 98775.0 13.721 7.4368 4676 341106.0 249.8991 
3670000 23408 360.254 99149.0 13.396 7.2774 4681 342350.0 244.8199 
3680000 23436 358.109 99519.0 13.298 7.233 4687 343683.0 234.7581 
3690000 23466 348.718 99871.0 12.733 7.0455 4693 344983.0 234.5537 
3700000 23494 345.688 100259.0 12.584 6.9938 4698 346373.0 221.8141 
3710000 23523 347.822 100626.0 12.98 7.0335 4704 347766.0 249.5269 
3720000 23551 358.56 101016.0 13.785 7.2714 4710 349221.0 245.0763 
3730000 23580 342.364 101424.0 13.665 6.9375 4716 350814.0 262.5547 
3740000 23611 325.881 101768.0 12.09 6.6085 4722 351896.0 215.5588 
3750000 23642 335.418 102145.0 12.483 6.8088 4728 353323.0 226.2159 
3760000 23668 353.64 102560.0 13.733 7.153 4733 354995.0 273.7452 
3770000 23725 242.79 102852.0 8.229 4.9248 4745 356019.0 145.1761 
3780000 23755 273.056 103263.0 10.261 5.5271 4751 357552.0 191.1905 
3790000 23782 324.447 103673.0 12.565 6.5633 4756 359180.0 228.5719 
3800000 23827 253.762 104003.0 8.907 5.1458 4765 360326.0 162.28 
3810000 23860 275.931 104361.0 10.037 5.6003 4772 361617.0 183.7204 
3820000 23883 334.633 104737.0 12.114 6.7745 4776 363106.0 219.5319 
3830000 23913 329.323 105077.0 11.309 6.6888 4782 364289.0 201.4469 
3840000 23940 341.006 105495.0 13.189 6.9064 4788 365928.0 250.9136 
3850000 23968 348.758 105910.0 13.832 7.0499 4793 367573.0 278.7427 
3860000 23996 345.363 106289.0 13.456 6.9867 4799 368909.0 253.871 
3870000 24020 351.309 106681.0 13.676 7.115 4804 370411.0 253.9319 
3880000 24048 379.631 107077.0 14.991 7.6813 4809 371890.0 281.8184 
3890000 24073 383.741 107422.0 14.432 7.7686 4814 373231.0 280.8177 
3900000 24097 390.507 107844.0 15.37 7.903 4819 374982.0 313.4987 
3910000 24127 364.966 108211.0 14.036 7.386 4825 376330.0 278.6808 
3920000 24167 284.288 108551.0 10.1 5.7563 4833 377519.0 187.2727 
3930000 24216 243.609 108803.0 7.48 4.9327 4843 378134.0 114.5652 
3940000 24250 264.516 109172.0 8.903 5.3657 4850 379409.0 144.2719 
3950000 24270 319.496 109535.0 10.74 6.4739 4854 380855.0 191.1023 
3960000 24300 341.8 109930.0 12.737 6.9142 4860 382411.0 242.935 
3970000 24330 338.589 110353.0 13.265 6.8464 4866 384007.0 250.2041 
3980000 24359 335.941 110739.0 13.014 6.7891 4871 385452.0 264.1361 
3990000 24391 314.872 111105.0 11.889 6.3667 4878 386646.0 213.1588 
4000000 24425 303.957 111434.0 10.79 6.1484 4885 387728.0 180.0962 
4010000 24458 299.921 111752.0 10.153 6.0682 4891 388664.0 166.1575 
4020000 24486 325.925 112137.0 11.686 6.5933 4897 390102.0 201.2505 
4030000 24511 357.847 112523.0 13.158 7.2462 4902 391649.0 244.9751 
4040000 24537 362.59 112959.0 14.251 7.3341 4907 393336.0 261.7067 
4050000 24567 346.552 113392.0 13.923 7.0126 4913 395116.0 270.943 
