10000 19 169.775 3890.046 66.083 0.2521 0 0 0 
20000 44 263.494 7829.475 103.641 0.3908 0 0 0 
30000 76 264.119 10531.488 90.924 0.6795 0 0 0 
40000 210 104.221 14604.63 47.453 0.3731 0 0 0 
50000 220 268.083 19598.238 130.878 1.0013 0 0 0 
60000 230 401.971 25192.686 209.242 1.5158 0 0 0 
70000 241 486.238 30918.327 261.321 1.8367 0 0 0 
80000 251 580.219 36994.629 325.25 2.1965 0 0 0 
90000 261 657.008 43060.925 376.237 2.4904 0 0 0 
100000 271 719.751 48443.591 407.849 2.7297 0 0 0 
110000 281 771.016 53901.589 430.877 2.9125 0 0 0 
120000 292 799.372 59268.164 441.518 3.0191 0 0 0 
130000 302 836.073 65064.159 469.167 3.165 0 0 0 
140000 312 866.059 70508.645 483.297 3.282 0 0 0 
150000 322 890.561 76332.354 500.222 3.3774 0 0 0 
160000 332 907.868 82056.059 510.21 3.4437 0 0 0 
170000 342 924.722 88306.132 529.37 3.5035 0 0 0 
180000 352 938.492 94963.035 555.787 3.5513 0 0 0 
190000 362 949.744 101319.634 567.856 3.5878 0 0 0 
200000 372 958.937 107510.245 579.102 3.6236 0 0 0 
210000 382 966.448 113510.709 583.951 3.6573 0 0 0 
220000 392 972.586 120022.378 593.102 3.6859 0 0 0 
230000 402 977.601 126505.035 603.312 3.7092 0 0 0 
240000 413 976.864 133234.72 614.986 3.7061 0 0 0 
250000 423 981.096 139849.244 623.629 3.7182 0 0 0 
260000 433 984.554 145494.032 612.371 3.7335 0 0 0 
270000 445 939.442 151305.751 576.758 3.5669 0 0 0 
280000 455 950.52 157538.734 586.757 3.6089 0 0 0 
290000 465 959.571 164049.978 597.439 3.6486 0 0 0 
300000 475 966.967 171019.545 614.806 3.6817 0 0 0 
310000 485 973.009 176757.274 609.466 3.7139 0 0 0 
320000 495 977.947 182680.434 607.556 3.7348 0 0 0 
330000 505 981.981 188872.978 611.052 3.7526 0 0 0 
340000 515 985.277 195751.087 621.846 3.7543 0 0 0 
350000 525 987.97 201423.56 612.514 3.7712 0 0 0 
360000 536 978.418 208395.743 621.662 3.7435 0 0 0 
370000 547 961.4 214883.61 614.591 3.6792 0 0 0 
380000 559 942.337 220534.156 586.358 3.6128 0 0 0 
390000 571 918.021 227669.078 587.501 3.5172 0 0 0 
400000 581 933.017 234677.996 609.516 3.5758 0 0 0 
410000 592 932.637 242145.596 626.523 3.5719 0 0 0 
420000 602 944.96 248836.959 634.853 3.6185 0 0 0 
430000 612 955.028 255361.739 638.934 3.6543 0 0 0 
440000 622 963.255 261382.348 631.274 3.6869 0 0 0 
450000 632 969.976 268445.216 643.95 3.717 0 0 0 
460000 642 975.468 274902.732 643.65 3.7422 0 0 0 
470000 652 967.286 281512.312 635.883 3.7095 0 0 0 
480000 663 967.203 288597.527 646.173 3.7071 0 0 0 
490000 673 966.5 295540.003 651.922 3.7069 0 0 0 
500000 683 967.492 301877.875 645.381 3.719 0 0 0 
510000 694 961.888 308794.326 644.509 3.7014 0 0 0 
520000 704 968.86 316158.012 659.854 3.7315 0 0 0 
530000 715 966.507 323013.225 660.068 3.7285 0 0 0 
540000 725 972.633 329347.329 654.518 3.7614 0 0 0 
550000 735 977.64 336171.667 659.588 3.7775 0 0 0 
560000 745 981.73 344255.112 687.216 3.7843 0 0 0 
570000 755 975.472 352439.024 704.717 3.754 0 0 0 
580000 765 979.959 359599.663 703.281 3.7665 0 0 0 
590000 779 918.701 365943.525 647.506 3.5251 0 0 0 
600000 789 933.573 373679.454 670.648 3.5791 0 0 0 
610000 799 945.724 381566.542 693.489 3.6258 0 0 0 
620000 809 955.653 390144.208 721.934 3.6598 0 0 0 
630000 819 963.765 399065.21 753.89 3.6989 0 0 0 
640000 829 959.623 408525.777 777.315 3.6731 0 0 0 
650000 839 967.009 417072.293 791.695 3.6954 0 0 0 
660000 850 964.523 426539.265 815.296 3.6793 0 0 0 
670000 860 971.013 434109.825 804.684 3.7096 0 0 0 
680000 870 976.315 443513.91 828.586 3.734 0 0 0 
690000 880 980.648 452659.387 845.18 3.7523 0 0 0 
700000 890 984.188 459726.811 818.592 3.7659 0 0 0 
710000 900 987.08 468133.241 822.123 3.7795 0 0 0 
720000 910 989.444 477474.983 840.959 3.7936 0 0 0 
730000 920 991.375 488298.338 887.953 3.796 0 0 0 
740000 930 992.953 497715.706 898.086 3.809 0 0 0 
750000 940 994.242 506588.447 897.928 3.8148 0 0 0 
760000 950 995.295 517575.666 932.473 3.8241 0 0 0 
770000 960 996.156 529001.727 971.577 3.823 0 0 0 
780000 970 996.859 540561.624 1007.333 3.8145 0 0 0 
790000 980 997.434 552407.217 1039.769 3.8145 0 0 0 
800000 990 997.903 562317.586 1032.775 3.8183 0 0 0 
810000 1000 998.287 571657.117 1016.647 3.8271 0 0 0 
820000 1011 983.714 579604.833 958.953 3.7733 0 0 0 
830000 1021 986.693 590563.453 983.543 3.7873 0 0 0 
840000 1031 989.127 601286.003 999.692 3.7963 0 0 0 
850000 1041 991.116 613372.079 1039.203 3.8036 0 0 0 
860000 1051 992.741 625260.539 1065.159 3.8004 0 0 0 
870000 1061 994.069 637418.44 1092.255 3.8043 0 0 0 
880000 1071 995.154 649206.862 1109.712 3.8101 0 0 0 
890000 1081 996.04 660589.674 1114.016 3.8144 0 0 0 
900000 1091 996.765 670700.665 1096.747 3.8237 0 0 0 
910000 1101 997.357 682142.916 1105.323 3.83 0 0 0 
920000 1111 997.84 692183.595 1086.468 3.8343 0 0 0 
930000 1121 998.235 700361.579 1037.744 3.8412 0 0 0 
940000 1131 998.558 710003.893 1023.893 3.8491 0 0 0 
950000 1141 998.822 718529.188 993.615 3.8366 0 0 0 
960000 1151 999.037 730961.434 1038.393 3.8409 0 0 0 
970000 1161 999.213 742119.695 1050.822 3.8514 0 0 0 
980000 1171 999.357 754431.308 1082.676 3.8466 0 0 0 
990000 1181 999.475 766461.283 1104.018 3.8434 0 0 0 
1000000 1191 999.571 777452.665 1099.954 3.8453 0 0 0 
1010000 1201 999.649 792511.241 1177.862 3.8433 0 0 0 
1020000 1211 999.714 806582.357 1220.187 3.8391 0 0 0 
1030000 1221 999.766 823466.34 1304.569 3.8363 0 0 0 
1040000 1231 999.809 838623.215 1343.138 3.8354 0 0 0 
1050000 1241 999.844 849791.874 1303.865 3.841 0 0 0 
1060000 1251 999.872 865620.301 1354.287 3.8302 0 0 0 
1070000 1261 999.896 880845.41 1386.359 3.8226 0 0 0 
1080000 1271 999.915 899399.093 1473.767 3.8205 0 0 0 
1090000 1281 999.93 915874.723 1508.671 3.8179 0 0 0 
1100000 1291 999.943 930766.077 1500.916 3.8211 0 0 0 
1110000 1301 999.954 948076.208 1543.012 3.8195 0 0 0 
1120000 1311 999.962 966296.265 1595.96 3.8193 0 0 0 
1130000 1321 999.969 983418.349 1618.298 3.8192 0 0 0 
1140000 1331 999.975 1002429.687 1669.905 3.8155 0 0 0 
1150000 1341 999.979 1020341.945 1694.843 3.8212 0 0 0 
1160000 1351 999.983 1038986.449 1725.844 3.8237 0 0 0 
1170000 1361 999.986 1057683.771 1751.095 3.8256 0 0 0 
1180000 1371 999.989 1077206.872 1786.319 3.821 0 0 0 
1190000 1381 999.991 1095914.924 1801.995 3.814 0 0 0 
1200000 1391 999.992 1116533.028 1850.19 3.8171 0 0 0 
1210000 1401 999.994 1135991.103 1867.779 3.8223 0 0 0 
1220000 1411 999.995 1154839.24 1869.68 3.824 0 0 0 
1230000 1421 999.996 1175324.433 1905.785 3.8204 0 0 0 
1240000 1431 999.997 1194817.705 1911.684 3.8243 0 0 0 
1250000 1441 999.997 1215000.844 1934.304 3.8181 0 0 0 
1260000 1451 999.998 1232915.674 1908.077 3.8126 0 0 0 
1270000 1461 999.998 1253089.938 1928.563 3.8142 0 0 0 
1280000 1471 999.999 1270692.765 1897.62 3.8178 0 0 0 
1290000 1481 999.999 1290270.519 1910.512 3.8066 0 0 0 
1300000 1491 999.999 1309837.935 1918.271 3.8095 0 0 0 
1310000 1501 999.999 1330292.943 1942.344 3.8092 0 0 0 
1320000 1511 999.999 1350209.962 1951.661 3.8088 0 0 0 
1330000 1521 999.999 1367153.746 1904.461 3.8065 0 0 0 
1340000 1531 1000.0 1381292.199 1819.517 3.8099 0 0 0 
1350000 1541 1000.0 1397838.048 1786.992 3.8126 0 0 0 
1360000 1551 1000.0 1418172.525 1831.168 3.8124 0 0 0 
1370000 1561 1000.0 1433795.79 1779.857 3.8147 0 0 0 
1380000 1571 1000.0 1455512.375 1851.391 3.8046 0 0 0 
1390000 1581 1000.0 1477508.047 1914.551 3.8099 0 0 0 
1400000 1591 1000.0 1499450.999 1965.645 3.8102 0 0 0 
1410000 1601 1000.0 1520797.759 1995.966 3.8137 0 0 0 
1420000 1611 1000.0 1540245.028 1985.283 3.8144 0 0 0 
1430000 1621 1000.0 1562509.947 2029.849 3.8164 0 0 0 
1440000 1631 1000.0 1584611.721 2062.796 3.8002 0 0 0 
1450000 1641 1000.0 1606462.829 2085.054 3.7972 0 0 0 
1460000 1651 1000.0 1628383.926 2105.867 3.8019 0 0 0 
1470000 1661 1000.0 1650829.023 2130.107 3.8062 0 0 0 
1480000 1671 1000.0 1673104.443 2147.019 3.8017 0 0 0 
1490000 1681 1000.0 1694931.537 2152.958 3.8096 0 0 0 
1500000 1691 1000.0 1714161.866 2111.629 3.81 0 0 0 
1510000 1701 1000.0 1735450.183 2114.369 3.7963 0 0 0 
1520000 1711 1000.0 1755792.858 2098.003 3.8001 0 0 0 
1530000 1721 1000.0 1774872.962 2063.305 3.8018 0 0 0 
1540000 1731 1000.0 1795580.339 2065.182 3.8023 0 0 0 
1550000 1741 1000.0 1816190.699 2064.126 3.8075 0 0 0 
1560000 1752 982.44 1835290.227 2000.608 3.7458 0 0 0 
1570000 1762 985.652 1855533.774 2005.855 3.7599 0 0 0 
1580000 1772 988.277 1874092.483 1975.025 3.7715 0 0 0 
1590000 1782 990.421 1893305.489 1966.447 3.7851 0 0 0 
1600000 1793 971.267 1914581.705 1954.74 3.709 0 0 0 
1610000 1803 976.523 1937355.529 2013.301 3.7271 0 0 0 
1620000 1813 980.818 1959049.986 2043.696 3.7474 0 0 0 
1630000 1823 984.327 1981573.898 2084.174 3.7642 0 0 0 
1640000 1833 987.194 2002436.559 2081.782 3.7637 0 0 0 
1650000 1844 973.425 2024149.902 2064.824 3.6919 0 0 0 
1660000 1854 962.127 2043892.003 2015.167 3.6426 0 0 0 
1670000 1864 969.055 2065112.157 2032.825 3.6728 0 0 0 
1680000 1874 974.715 2084013.164 2006.095 3.6956 0 0 0 
1690000 1885 978.064 2104931.595 2020.695 3.7146 0 0 0 
1700000 1895 966.71 2123425.697 1957.107 3.6768 0 0 0 
1710000 1905 972.799 2142321.48 1969.574 3.7051 0 0 0 
1720000 1915 977.775 2158498.2 1889.594 3.7281 0 0 0 
1730000 1926 970.037 2176305.878 1858.97 3.7007 0 0 0 
1740000 1936 975.518 2192658.468 1799.441 3.7294 0 0 0 
1750000 1947 964.501 2211231.396 1785.493 3.6853 0 0 0 
1760000 1957 970.995 2234076.827 1874.22 3.7133 0 0 0 
1770000 1967 976.301 2252365.148 1862.197 3.7333 0 0 0 
1780000 1977 980.636 2272903.137 1898.781 3.7548 0 0 0 
1790000 1987 984.178 2292038.873 1912.561 3.7699 0 0 0 
1800000 1997 987.072 2311102.935 1899.986 3.7762 0 0 0 
1810000 2007 989.437 2331053.048 1918.799 3.7821 0 0 0 
1820000 2017 991.369 2352616.363 1961.32 3.7865 0 0 0 
1830000 2027 992.948 2375180.104 2015.831 3.7906 0 0 0 
1840000 2037 994.238 2397140.639 2049.422 3.7881 0 0 0 
1850000 2047 995.292 2415623.62 2010.961 3.7872 0 0 0 
1860000 2057 996.153 2431297.95 1936.577 3.7917 0 0 0 
1870000 2067 996.857 2452233.765 1963.347 3.8017 0 0 0 
1880000 2077 997.432 2473716.434 1992.468 3.8055 0 0 0 
1890000 2087 997.902 2490660.467 1942.757 3.8087 0 0 0 
1900000 2097 998.286 2514022.293 2017.06 3.8098 0 0 0 
1910000 2107 998.599 2535150.273 2031.857 3.8141 0 0 0 
1920000 2117 998.855 2557469.053 2065.85 3.8146 0 0 0 
1930000 2127 999.065 2578921.154 2080.788 3.8194 0 0 0 
1940000 2137 999.236 2598797.657 2067.0 3.8243 0 0 0 
1950000 2147 999.376 2620443.79 2087.49 3.8239 0 0 0 
1960000 2157 999.49 2643066.115 2117.153 3.8229 0 0 0 
1970000 2167 999.583 2662775.461 2089.748 3.8122 0 0 0 
1980000 2177 999.659 2685089.614 2114.638 3.8017 0 0 0 
1990000 2187 999.722 2708992.007 2167.017 3.7965 0 0 0 
2000000 2197 999.773 2732087.382 2194.34 3.8018 0 0 0 
2010000 2207 999.814 2753629.454 2186.561 3.8024 0 0 0 
2020000 2217 999.848 2775900.221 2192.214 3.8067 0 0 0 
2030000 2227 999.876 2794645.949 2133.208 3.8153 0 0 0 
2040000 2237 999.899 2817588.876 2162.808 3.8154 0 0 0 
2050000 2247 999.917 2839157.703 2164.953 3.8199 0 0 0 
2060000 2257 999.932 2856694.137 2092.964 3.8237 0 0 0 
2070000 2267 999.945 2877475.329 2097.776 3.8222 0 0 0 
2080000 2278 982.581 2893579.675 1960.592 3.7662 0 0 0 
2090000 2289 973.433 2910648.857 1899.011 3.7334 0 0 0 
2100000 2299 965.435 2931475.295 1899.39 3.7023 0 0 0 
2110000 2310 968.486 2946905.229 1830.873 3.714 0 0 0 
2120000 2320 974.25 2961788.025 1762.744 3.7437 0 0 0 
2130000 2330 971.616 2976576.077 1693.926 3.7414 0 0 0 
2140000 2340 976.809 2990046.073 1631.557 3.7641 0 0 0 
2150000 2350 981.051 3007344.402 1647.356 3.7754 0 0 0 
2160000 2361 972.814 3028359.906 1716.945 3.7425 0 0 0 
2170000 2371 967.247 3051437.526 1808.987 3.7187 0 0 0 
2180000 2381 973.239 3075279.025 1904.939 3.7367 0 0 0 
2190000 2391 978.134 3095041.759 1914.421 3.7515 0 0 0 
2200000 2401 982.134 3119020.746 2003.534 3.7584 0 0 0 
2210000 2411 985.402 3141146.771 2048.404 3.7648 0 0 0 
2220000 2421 988.072 3163380.58 2079.429 3.7733 0 0 0 
2230000 2431 990.254 3186224.915 2115.486 3.7807 0 0 0 
2240000 2442 982.314 3208800.974 2120.292 3.7506 0 0 0 
2250000 2452 985.549 3230614.383 2133.925 3.7653 0 0 0 
2260000 2462 988.193 3253513.571 2161.334 3.7756 0 0 0 
2270000 2472 990.352 3276788.207 2191.549 3.7815 0 0 0 
2280000 2482 992.117 3299423.23 2203.264 3.7841 0 0 0 
2290000 2492 993.559 3322045.651 2213.9 3.7881 0 0 0 
2300000 2502 994.737 3343760.736 2205.041 3.7842 0 0 0 
2310000 2512 995.7 3364782.446 2186.521 3.7879 0 0 0 
2320000 2522 996.487 3384593.21 2147.991 3.799 0 0 0 
2330000 2532 997.129 3404229.742 2112.732 3.8094 0 0 0 
2340000 2542 997.654 3426668.122 2137.618 3.8105 0 0 0 
2350000 2552 998.084 3450924.151 2190.26 3.8088 0 0 0 
2360000 2562 998.434 3474294.377 2216.618 3.8083 0 0 0 
2370000 2572 998.721 3497779.217 2240.758 3.812 0 0 0 
2380000 2582 998.955 3520478.564 2245.97 3.807 0 0 0 
2390000 2592 999.146 3544114.683 2267.493 3.8002 0 0 0 
2400000 2602 999.302 3568303.79 2295.321 3.8041 0 0 0 
2410000 2612 999.43 3588213.466 2238.985 3.8109 0 0 0 
2420000 2622 999.534 3609673.367 2223.348 3.8173 0 0 0 
2430000 2632 999.619 3633451.941 2252.122 3.8163 0 0 0 
2440000 2642 999.689 3655560.486 2243.345 3.8173 0 0 0 
2450000 2652 999.746 3673869.054 2165.036 3.8192 0 0 0 
2460000 2662 999.792 3692568.09 2111.485 3.8222 0 0 0 
2470000 2672 999.83 3715734.953 2149.853 3.8231 0 0 0 
2480000 2682 999.861 3737067.107 2141.921 3.823 0 0 0 
2490000 2692 999.887 3759536.514 2163.054 3.83 0 0 0 
2500000 2702 999.907 3780908.366 2155.107 3.8309 0 0 0 
2510000 2712 999.924 3801988.062 2145.52 3.8259 0 0 0 
2520000 2722 999.938 3824022.936 2155.578 3.8223 0 0 0 
2530000 2732 999.95 3846491.696 2173.971 3.8224 0 0 0 
2540000 2742 999.959 3865130.416 2117.628 3.8224 0 0 0 
2550000 2752 999.966 3882883.98 2051.193 3.8302 0 0 0 
2560000 2762 999.972 3903397.998 2045.711 3.827 0 0 0 
2570000 2772 995.845 3923883.542 2038.644 3.8199 0 0 0 
2580000 2782 996.605 3942600.708 2006.28 3.8281 0 0 0 
2590000 2792 997.226 3964886.434 2046.16 3.8306 0 0 0 
2600000 2802 997.734 3987558.658 2086.312 3.8311 0 0 0 
2610000 2812 998.148 4011078.075 2150.562 3.8285 0 0 0 
2620000 2822 998.487 4033264.183 2154.542 3.8336 0 0 0 
2630000 2832 998.764 4055934.152 2172.254 3.8338 0 0 0 
2640000 2842 998.99 4079135.145 2200.893 3.8312 0 0 0 
2650000 2852 999.175 4103524.912 2246.281 3.8339 0 0 0 
2660000 2862 999.326 4126643.772 2257.96 3.8355 0 0 0 
2670000 2872 999.449 4150703.94 2280.807 3.8328 0 0 0 
2680000 2882 999.55 4175613.716 2319.3 3.8339 0 0 0 
2690000 2892 999.632 4199355.756 2330.445 3.838 0 0 0 
2700000 2902 999.699 4223063.201 2338.717 3.8412 0 0 0 
2710000 2912 999.754 4246538.913 2339.312 3.8414 0 0 0 
2720000 2922 999.799 4269100.134 2324.255 3.8435 0 0 0 
2730000 2932 999.836 4293069.809 2336.659 3.8392 0 0 0 
2740000 2942 999.866 4316708.444 2342.229 3.8319 0 0 0 
2750000 2952 999.891 4340030.671 2341.212 3.8336 0 0 0 
2760000 2962 999.911 4359501.604 2271.415 3.8328 0 0 0 
2770000 2972 999.927 4378996.672 2210.184 3.8302 0 0 0 
2780000 2982 999.94 4401803.169 2217.93 3.829 0 0 0 
2790000 2992 999.951 4420774.321 2160.228 3.8367 0 0 0 
2800000 3002 999.96 4439624.042 2109.825 3.8412 0 0 0 
2810000 3012 999.967 4463088.688 2153.82 3.8392 0 0 0 
2820000 3022 999.973 4483424.027 2131.11 3.8467 0 0 0 
2830000 3032 999.978 4506846.457 2170.509 3.8448 0 0 0 
2840000 3042 999.982 4528862.45 2183.282 3.8487 0 0 0 
2850000 3052 999.985 4551882.854 2196.807 3.8471 0 0 0 
2860000 3062 999.988 4574840.248 2217.352 3.8424 0 0 0 
2870000 3072 999.99 4593218.203 2147.365 3.8455 0 0 0 
2880000 3082 999.992 4611580.582 2090.237 3.8528 0 0 0 
2890000 3092 999.994 4627693.719 1995.42 3.8579 0 0 0 
2900000 3102 999.995 4648787.818 2018.831 3.8513 0 0 0 
2910000 3112 999.996 4670397.65 2046.61 3.8487 0 0 0 
2920000 3122 999.996 4693779.851 2097.195 3.839 0 0 0 
2930000 3132 999.997 4717251.964 2156.64 3.8328 0 0 0 
2940000 3142 999.998 4738259.329 2135.947 3.8347 0 0 0 
2950000 3152 999.998 4760112.367 2147.081 3.8354 0 0 0 
2960000 3162 999.998 4782626.844 2164.087 3.8343 0 0 0 
2970000 3172 999.999 4805562.996 2190.291 3.8399 0 0 0 
2980000 3182 999.999 4827150.056 2194.381 3.8428 0 0 0 
2990000 3192 999.999 4850229.272 2210.545 3.8377 0 0 0 
3000000 3202 999.999 4870538.733 2180.297 3.8389 0 0 0 
3010000 3212 999.999 4890194.051 2133.384 3.8414 0 0 0 
3020000 3222 1000.0 4913010.661 2160.768 3.8389 0 0 0 
3030000 3232 1000.0 4935819.372 2184.909 3.8362 0 0 0 
3040000 3242 1000.0 4954611.737 2129.157 3.8481 0 0 0 
3050000 3252 1000.0 4976497.384 2141.839 3.8491 0 0 0 
3060000 3262 1000.0 4993133.223 2049.41 3.8484 0 0 0 
3070000 3272 1000.0 5012991.679 2045.325 3.8477 0 0 0 
3080000 3282 1000.0 5031215.727 2003.459 3.8431 0 0 0 
3090000 3292 1000.0 5051198.364 1995.667 3.8479 0 0 0 
3100000 3302 1000.0 5070047.08 1975.675 3.8473 0 0 0 
3110000 3312 1000.0 5084286.95 1869.534 3.8497 0 0 0 
3120000 3322 1000.0 5099003.73 1802.0 3.8529 0 0 0 
3130000 3332 1000.0 5111711.735 1709.121 3.8548 0 0 0 
3140000 3342 1000.0 5121089.739 1566.728 3.8559 0 0 0 
3150000 3352 1000.0 5133270.245 1499.462 3.8622 0 0 0 
3160000 3362 1000.0 5144907.374 1442.28 3.8694 0 0 0 
3170000 3372 1000.0 5158555.299 1429.57 3.8725 0 0 0 
3180000 3382 1000.0 5170833.78 1399.167 3.8741 0 0 0 
3190000 3392 1000.0 5182152.657 1350.597 3.8803 0 0 0 
3200000 3402 994.257 5200078.91 1418.757 3.8507 0 0 0 
3210000 3412 995.308 5218460.872 1492.475 3.8548 0 0 0 
3220000 3422 996.166 5239564.943 1599.449 3.8574 0 0 0 
3230000 3432 996.867 5259819.909 1675.588 3.8463 0 0 0 
3240000 3442 997.44 5279951.685 1738.477 3.8451 0 0 0 
3250000 3452 997.909 5299573.573 1773.263 3.8495 0 0 0 
3260000 3462 998.291 5320023.904 1832.351 3.8453 0 0 0 
3270000 3472 998.604 5337633.437 1819.471 3.859 0 0 0 
3280000 3482 998.859 5350176.48 1705.724 3.8726 0 0 0 
3290000 3492 999.068 5360837.578 1596.237 3.8766 0 0 0 
3300000 3502 999.238 5372265.845 1500.255 3.8766 0 0 0 
3310000 3512 999.378 5386999.368 1492.278 3.8716 0 0 0 
3320000 3522 999.492 5401449.587 1506.95 3.8684 0 0 0 
3330000 3532 999.585 5418810.73 1529.184 3.8653 0 0 0 
3340000 3542 999.661 5439998.147 1639.801 3.8586 0 0 0 
3350000 3552 999.723 5461934.618 1735.459 3.8581 0 0 0 
3360000 3562 999.773 5483826.246 1822.269 3.8607 0 0 0 
3370000 3572 999.815 5504367.939 1864.271 3.8539 0 0 0 
3380000 3582 999.849 5526044.158 1919.432 3.854 0 0 0 
3390000 3592 999.876 5548151.987 1975.144 3.8545 0 0 0 
3400000 3602 999.899 5569604.682 2005.826 3.8525 0 0 0 
3410000 3612 999.917 5590160.863 2010.693 3.8505 0 0 0 
3420000 3622 999.933 5610469.413 2017.063 3.8527 0 0 0 
3430000 3632 999.945 5633067.48 2059.625 3.8506 0 0 0 
3440000 3643 989.733 5649292.987 1961.141 3.8112 0 0 0 
3450000 3653 991.611 5667554.763 1945.563 3.8219 0 0 0 
3460000 3663 993.146 5688088.062 1959.741 3.8305 0 0 0 
3470000 3673 994.4 5709817.615 1998.532 3.8332 0 0 0 
3480000 3683 995.424 5726164.363 1942.14 3.8376 0 0 0 
3490000 3693 996.261 5745815.433 1941.749 3.8426 0 0 0 
3500000 3703 996.945 5768457.509 2002.692 3.8421 0 0 0 
3510000 3713 997.504 5787580.712 1981.981 3.8444 0 0 0 
3520000 3723 997.961 5810150.008 2035.051 3.8416 0 0 0 
3530000 3733 998.334 5831400.777 2048.975 3.8371 0 0 0 
3540000 3743 998.638 5853143.556 2073.776 3.8327 0 0 0 
3550000 3753 998.887 5874826.466 2092.381 3.8298 0 0 0 
3560000 3763 999.091 5895364.042 2081.671 3.8388 0 0 0 
3570000 3773 999.257 5916115.922 2079.631 3.8463 0 0 0 
3580000 3783 999.393 5937531.194 2091.548 3.8485 0 0 0 
3590000 3793 999.504 5958454.368 2092.094 3.8518 0 0 0 
3600000 3803 999.595 5981753.803 2135.618 3.8467 0 0 0 
3610000 3813 999.669 6005326.229 2175.847 3.8489 0 0 0 
3620000 3823 999.73 6028384.048 2197.658 3.8474 0 0 0 
3630000 3833 999.779 6050238.841 2196.896 3.8444 0 0 0 
3640000 3843 999.819 6070981.545 2173.882 3.8542 0 0 0 
3650000 3853 999.852 6091600.859 2155.612 3.8553 0 0 0 
3660000 3863 999.879 6112257.313 2136.903 3.8585 0 0 0 
3670000 3873 999.902 6133846.73 2141.922 3.862 0 0 0 
3680000 3883 988.722 6153315.577 2076.897 3.8147 0 0 0 
3690000 3893 990.785 6174944.222 2098.816 3.8249 0 0 0 
3700000 3904 981.664 6195944.461 2075.875 3.7915 0 0 0 
3710000 3914 985.018 6217439.375 2089.811 3.8018 0 0 0 
3720000 3924 987.758 6237681.821 2077.023 3.8151 0 0 0 
3730000 3934 989.998 6257905.744 2067.904 3.817 0 0 0 
3740000 3944 991.827 6278667.642 2071.633 3.8268 0 0 0 
3750000 3954 993.322 6300294.098 2084.541 3.8341 0 0 0 
3760000 3964 994.544 6323250.108 2121.43 3.8293 0 0 0 
3770000 3974 995.542 6346938.475 2168.695 3.8315 0 0 0 
3780000 3984 996.357 6368746.692 2170.487 3.8289 0 0 0 
3790000 3994 997.024 6389011.411 2146.857 3.8334 0 0 0 
3800000 4004 997.568 6410410.419 2144.879 3.8353 0 0 0 
3810000 4014 998.013 6432264.807 2148.728 3.8339 0 0 0 
3820000 4024 998.377 6454624.493 2170.972 3.8378 0 0 0 
3830000 4034 998.674 6477658.685 2190.855 3.8367 0 0 0 
3840000 4044 998.916 6498970.886 2180.438 3.8416 0 0 0 
3850000 4054 999.114 6520855.307 2180.909 3.8421 0 0 0 
3860000 4064 999.276 6543007.621 2185.892 3.8413 0 0 0 
3870000 4074 999.409 6565042.959 2190.028 3.8348 0 0 0 
3880000 4084 995.406 6585706.967 2164.518 3.8179 0 0 0 
3890000 4094 996.247 6607276.716 2168.484 3.8229 0 0 0 
3900000 4104 996.933 6631046.732 2194.246 3.8315 0 0 0 
3910000 4114 997.494 6655021.162 2230.631 3.8322 0 0 0 
3920000 4124 997.953 6678474.315 2257.63 3.8335 0 0 0 
3930000 4134 998.327 6701037.711 2253.322 3.8201 0 0 0 
3940000 4144 998.633 6722003.968 2223.831 3.8208 0 0 0 
3950000 4154 998.883 6745899.233 2252.966 3.8181 0 0 0 
3960000 4164 999.087 6770718.491 2294.586 3.8232 0 0 0 
3970000 4174 999.254 6793573.205 2296.653 3.826 0 0 0 
3980000 4184 999.391 6818692.987 2335.384 3.8278 0 0 0 
3990000 4194 999.502 6843438.795 2360.859 3.8295 0 0 0 
4000000 4204 999.593 6866932.94 2359.979 3.8294 0 0 0 
