1000 11 17.894 -246.353 -4.466 0.0301 0 0 0 
2000 25 30.315 -765.617 -12.152 0.0479 0 0 0 
3000 39 39.753 -1468.02 -20.838 0.0617 0 0 0 
4000 53 47.322 -2183.747 -28.026 0.0732 0 0 0 
5000 69 52.705 -2845.558 -32.628 0.0804 0 0 0 
6000 83 56.574 -3518.205 -36.036 0.0859 0 0 0 
7000 98 59.557 -4204.827 -38.788 0.0899 0 0 0 
8000 112 62.097 -4878.382 -40.725 0.1043 0 0 0 
9000 127 63.926 -5522.705 -41.782 0.1124 0 0 0 
10000 142 64.048 -6165.696 -41.718 0.109 0 0 0 
11000 158 64.119 -6796.635 -41.544 0.1078 0 0 0 
12000 173 65.14 -7497.036 -42.958 0.1087 0 0 0 
13000 187 65.881 -8029.32 -41.092 0.1082 0 0 0 
14000 201 67.24 -8240.591 -34.935 0.1091 0 0 0 
15000 215 69.043 -8462.491 -30.337 0.1108 0 0 0 
16000 226 71.375 -8528.965 -25.471 0.1134 0 0 0 
17000 235 78.072 -8533.013 -21.309 0.125 0 0 0 
18000 245 83.389 -8687.848 -20.241 0.1336 0 0 0 
19000 255 86.875 -8793.864 -18.569 0.1391 0 0 0 
20000 263 91.403 -8872.237 -17.011 0.1514 0 0 0 
21000 274 92.445 -8958.749 -15.408 0.1559 0 0 0 
22000 284 90.757 -9020.818 -13.595 0.1507 0 0 0 
23000 286 108.583 -9039.559 -13.288 0.2123 0 0 0 
24000 297 105.214 -9163.489 -13.025 0.1988 0 0 0 
25000 308 102.761 -9279.052 -12.55 0.188 0 0 0 
26000 320 98.513 -9328.322 -10.652 0.176 0 0 0 
27000 331 95.655 -9429.29 -10.407 0.1669 0 0 0 
28000 344 92.887 -9557.404 -10.27 0.1598 0 0 0 
29000 358 87.509 -9650.326 -9.426 0.147 0 0 0 
30000 371 84.91 -9745.871 -8.921 0.1407 0 0 0 
31000 385 81.544 -9817.983 -7.899 0.1328 0 0 0 
32000 398 80.987 -9901.042 -7.681 0.1321 0 0 0 
33000 412 78.505 -9968.171 -7.035 0.1297 0 0 0 
34000 425 78.557 -10025.067 -6.471 0.1305 0 0 0 
35000 439 77.034 -10063.305 -5.529 0.1269 0 0 0 
36000 452 76.079 -10186.533 -6.302 0.1234 0 0 0 
37000 462 79.905 -10283.986 -6.685 0.1283 0 0 0 
38000 473 82.701 -10377.099 -7.33 0.1322 0 0 0 
39000 485 82.751 -10470.372 -7.402 0.131 0 0 0 
40000 499 80.512 -10534.965 -6.732 0.1273 0 0 0 
41000 512 78.909 -10650.304 -6.944 0.1236 0 0 0 
42000 526 77.765 -10763.622 -7.499 0.1204 0 0 0 
43000 539 77.573 -10856.393 -7.472 0.1195 0 0 0 
44000 553 76.643 -10955.103 -7.436 0.1197 0 0 0 
45000 566 76.023 -11032.575 -7.061 0.1195 0 0 0 
46000 580 74.612 -11112.36 -6.694 0.1165 0 0 0 
47000 593 75.848 -11193.982 -6.626 0.1265 0 0 0 
48000 607 75.198 -11254.072 -6.076 0.1301 0 0 0 
49000 621 74.033 -11312.174 -5.569 0.1608 0 0 0 
50000 635 73.342 -11376.083 -5.331 0.1958 0 0 0 
51000 649 72.144 -11451.034 -5.363 0.1998 0 0 0 
52000 662 73.558 -11543.001 -5.743 0.2028 0 0 0 
53000 675 74.837 -11596.35 -5.395 0.2287 0 0 0 
54000 687 76.151 -11672.297 -5.6 0.2206 0 0 0 
55000 691 76.766 -11689.575 -5.446 0.2203 0 0 0 
56000 700 94.128 -11756.828 -5.906 0.2617 0 0 0 
57000 712 91.146 -11801.923 -5.501 0.2507 0 0 0 
58000 723 90.541 -11879.778 -5.74 0.2408 0 0 0 
59000 736 88.392 -11894.428 -4.639 0.2227 0 0 0 
60000 747 88.359 -11941.703 -4.614 0.2167 0 0 0 
61000 758 89.205 -11953.113 -3.923 0.2047 0 0 0 
62000 770 88.937 -11966.93 -3.335 0.1976 0 0 0 
63000 780 90.183 -12023.134 -3.789 0.1941 0 0 0 
64000 790 91.65 -12089.755 -4.204 0.1938 0 0 0 
65000 799 94.58 -12222.197 -5.573 0.1909 0 0 0 
66000 812 90.744 -12322.086 -6.291 0.1755 0 0 0 
67000 825 87.182 -12646.35 -10.271 0.1707 0 0 0 
68000 839 83.478 -12934.534 -13.055 0.1623 0 0 0 
69000 854 79.053 -13218.508 -14.545 0.1515 0 0 0 
70000 869 76.394 -13565.148 -17.057 0.1401 0 0 0 
71000 882 75.877 -13838.31 -17.791 0.1402 0 0 0 
72000 892 80.093 -13924.628 -16.158 0.1468 0 0 0 
73000 904 80.737 -14099.541 -15.794 0.1457 0 0 0 
74000 917 80.983 -14163.632 -13.267 0.1422 0 0 0 
75000 928 82.189 -14247.849 -12.145 0.142 0 0 0 
76000 940 82.889 -14325.015 -10.932 0.1437 0 0 0 
77000 953 80.657 -14397.071 -9.659 0.1365 0 0 0 
78000 967 78.479 -14518.026 -9.401 0.1386 0 0 0 
79000 982 76.473 -14591.308 -8.25 0.1347 0 0 0 
80000 996 74.936 -14678.386 -7.696 0.1288 0 0 0 
81000 1009 74.313 -14801.369 -7.983 0.1255 0 0 0 
82000 1024 72.896 -14933.141 -8.195 0.1227 0 0 0 
83000 1038 72.079 -15028.317 -7.824 0.1212 0 0 0 
84000 1053 71.558 -15102.628 -7.168 0.1179 0 0 0 
85000 1067 70.859 -15197.868 -7.078 0.1175 0 0 0 
86000 1082 69.819 -15304.996 -7.097 0.1217 0 0 0 
87000 1097 69.383 -15389.548 -6.742 0.1251 0 0 0 
88000 1111 69.77 -15481.11 -6.65 0.132 0 0 0 
89000 1125 69.859 -15576.111 -6.664 0.1359 0 0 0 
90000 1139 70.825 -15680.092 -6.849 0.1463 0 0 0 
91000 1153 69.949 -15747.595 -6.375 0.1436 0 0 0 
92000 1169 68.774 -15823.243 -5.88 0.1403 0 0 0 
93000 1183 68.843 -15899.844 -5.84 0.1468 0 0 0 
94000 1197 70.662 -15977.383 -5.826 0.1519 0 0 0 
95000 1211 70.46 -16040.344 -5.485 0.1422 0 0 0 
96000 1226 69.672 -16126.597 -5.598 0.133 0 0 0 
97000 1241 69.084 -16204.929 -5.48 0.1242 0 0 0 
98000 1255 69.078 -16314.148 -5.998 0.1186 0 0 0 
99000 1270 68.504 -16390.833 -5.768 0.1133 0 0 0 
100000 1285 68.516 -16495.245 -6.112 0.1101 0 0 0 
101000 1300 67.742 -16595.496 -6.189 0.1065 0 0 0 
102000 1314 68.577 -16696.584 -6.478 0.1066 0 0 0 
103000 1328 68.948 -16789.878 -6.409 0.1057 0 0 0 
104000 1342 69.795 -16873.058 -6.335 0.106 0 0 0 
105000 1357 69.409 -16947.462 -6.033 0.1047 0 0 0 
106000 1371 69.049 -17028.307 -5.952 0.1035 0 0 0 
107000 1385 69.437 -17110.426 -5.899 0.1041 0 0 0 
108000 1400 69.071 -17182.733 -5.607 0.1035 0 0 0 
109000 1413 70.284 -17250.259 -5.44 0.1049 0 0 0 
110000 1426 69.836 -17319.713 -5.558 0.1041 0 0 0 
111000 1429 88.047 -17331.969 -5.4 0.1435 0 0 0 
112000 1438 84.584 -17367.201 -5.328 0.1367 0 0 0 
113000 1445 98.853 -17389.117 -4.919 0.1682 0 0 0 
114000 1458 93.473 -17456.097 -4.954 0.1561 0 0 0 
115000 1470 90.359 -17554.161 -5.674 0.1478 0 0 0 
116000 1483 87.679 -17675.233 -6.561 0.1402 0 0 0 
117000 1498 83.152 -17759.603 -6.373 0.1303 0 0 0 
118000 1512 80.076 -17833.255 -6.064 0.1247 0 0 0 
119000 1525 78.541 -17895.416 -5.681 0.1207 0 0 0 
120000 1539 77.107 -17994.414 -6.152 0.1181 0 0 0 
121000 1553 75.798 -18083.382 -6.165 0.1153 0 0 0 
122000 1567 75.14 -18144.825 -5.786 0.1131 0 0 0 
123000 1581 73.695 -18227.22 -5.797 0.1135 0 0 0 
124000 1595 72.644 -18310.933 -5.815 0.133 0 0 0 
125000 1609 72.61 -18376.584 -5.541 0.1368 0 0 0 
126000 1624 71.122 -18432.247 -5.037 0.1298 0 0 0 
127000 1639 69.887 -18521.632 -5.323 0.1219 0 0 0 
128000 1654 69.54 -18577.515 -4.876 0.117 0 0 0 
129000 1666 71.836 -18703.305 -5.94 0.1177 0 0 0 
130000 1681 71.026 -18748.181 -5.177 0.116 0 0 0 
131000 1694 72.568 -18788.812 -4.708 0.1157 0 0 0 
132000 1707 72.525 -18861.387 -4.99 0.1149 0 0 0 
133000 1722 71.725 -18951.346 -5.19 0.1138 0 0 0 
134000 1736 72.049 -19042.358 -5.579 0.1121 0 0 0 
135000 1749 72.745 -19143.453 -6.026 0.1116 0 0 0 
136000 1763 72.576 -19284.127 -7.027 0.1101 0 0 0 
137000 1777 72.066 -19436.854 -7.876 0.119 0 0 0 
138000 1792 71.299 -19545.56 -7.796 0.1149 0 0 0 
139000 1806 71.277 -19609.764 -7.03 0.1125 0 0 0 
140000 1818 73.229 -19684.973 -6.761 0.115 0 0 0 
141000 1832 72.723 -19764.504 -6.561 0.1128 0 0 0 
142000 1846 72.169 -19847.46 -6.402 0.1104 0 0 0 
143000 1860 71.988 -19922.675 -6.084 0.1165 0 0 0 
144000 1875 71.451 -19972.331 -5.418 0.114 0 0 0 
145000 1888 71.876 -20041.878 -5.315 0.1127 0 0 0 
146000 1902 71.851 -20096.055 -4.954 0.1117 0 0 0 
147000 1915 72.993 -20159.414 -4.973 0.1131 0 0 0 
148000 1928 73.565 -20197.528 -4.513 0.1127 0 0 0 
149000 1935 75.058 -20221.018 -4.486 0.1144 0 0 0 
150000 1941 92.76 -20250.381 -4.416 0.1604 0 0 0 
151000 1955 87.774 -20304.845 -4.286 0.147 0 0 0 
152000 1968 84.544 -20339.823 -3.733 0.1388 0 0 0 
153000 1978 87.798 -20439.736 -4.945 0.1413 0 0 0 
154000 1989 87.857 -20479.734 -4.686 0.1393 0 0 0 
155000 2001 87.173 -20540.39 -4.739 0.136 0 0 0 
156000 2011 89.89 -20623.366 -5.377 0.1411 0 0 0 
157000 2023 88.878 -20659.895 -4.951 0.1373 0 0 0 
158000 2036 85.963 -20697.746 -4.502 0.1309 0 0 0 
159000 2049 82.709 -20734.274 -3.802 0.1257 0 0 0 
160000 2063 80.874 -20809.347 -4.392 0.1216 0 0 0 
161000 2078 77.239 -20878.599 -4.442 0.1161 0 0 0 
162000 2091 76.768 -20984.262 -5.306 0.1162 0 0 0 
163000 2106 74.904 -21080.693 -5.703 0.1139 0 0 0 
164000 2119 74.953 -21175.942 -6.005 0.1127 0 0 0 
165000 2133 74.296 -21246.976 -5.828 0.1105 0 0 0 
166000 2147 72.468 -21312.886 -5.546 0.1077 0 0 0 
167000 2162 71.883 -21375.002 -5.185 0.106 0 0 0 
168000 2177 70.209 -21437.079 -4.941 0.1028 0 0 0 
169000 2190 71.271 -21512.11 -5.098 0.1041 0 0 0 
170000 2204 71.539 -21593.93 -5.284 0.1041 0 0 0 
171000 2219 70.368 -21650.218 -4.87 0.1021 0 0 0 
172000 2233 71.253 -21736.634 -5.236 0.1037 0 0 0 
173000 2249 69.124 -21796.473 -4.85 0.1009 0 0 0 
174000 2262 70.526 -21871.136 -4.982 0.1042 0 0 0 
175000 2276 70.642 -21945.131 -5.113 0.1035 0 0 0 
176000 2291 69.917 -22012.503 -5.003 0.104 0 0 0 
177000 2305 70.297 -22082.554 -4.967 0.1055 0 0 0 
178000 2320 69.251 -22145.679 -4.767 0.1029 0 0 0 
179000 2333 69.84 -22219.532 -4.848 0.1053 0 0 0 
180000 2347 71.281 -22289.117 -5.006 0.1071 0 0 0 
181000 2360 72.035 -22355.85 -5.035 0.1079 0 0 0 
182000 2373 73.13 -22451.825 -5.498 0.1086 0 0 0 
183000 2388 72.197 -22528.821 -5.45 0.1081 0 0 0 
184000 2402 70.736 -22597.101 -5.271 0.1051 0 0 0 
185000 2417 70.338 -22674.298 -5.24 0.1042 0 0 0 
186000 2432 69.321 -22753.826 -5.249 0.1031 0 0 0 
187000 2447 68.249 -22816.555 -4.931 0.1016 0 0 0 
188000 2461 69.472 -22882.489 -4.867 0.1031 0 0 0 
189000 2476 68.935 -22936.125 -4.587 0.1017 0 0 0 
190000 2490 69.446 -22999.742 -4.597 0.1017 0 0 0 
191000 2503 70.578 -23081.993 -4.906 0.1026 0 0 0 
192000 2519 69.118 -23131.275 -4.463 0.1003 0 0 0 
193000 2532 69.838 -23183.619 -4.298 0.1018 0 0 0 
194000 2546 70.131 -23237.333 -4.121 0.102 0 0 0 
195000 2561 69.663 -23301.989 -4.235 0.1023 0 0 0 
196000 2576 68.475 -23380.202 -4.49 0.1021 0 0 0 
197000 2591 68.34 -23456.8 -4.654 0.1095 0 0 0 
198000 2606 68.432 -23519.338 -4.529 0.1345 0 0 0 
199000 2620 68.761 -23574.378 -4.321 0.1647 0 0 0 
200000 2634 69.081 -23637.933 -4.383 0.1742 0 0 0 
201000 2649 68.645 -23699.955 -4.25 0.1662 0 0 0 
202000 2663 68.953 -23749.868 -4.125 0.178 0 0 0 
203000 2678 68.659 -23825.37 -4.325 0.1731 0 0 0 
204000 2693 68.535 -23890.641 -4.385 0.1618 0 0 0 
205000 2707 68.959 -23965.631 -4.581 0.1635 0 0 0 
206000 2722 69.128 -24042.617 -4.838 0.1576 0 0 0 
207000 2737 68.441 -24096.356 -4.5 0.1534 0 0 0 
208000 2750 69.265 -24143.06 -4.257 0.1528 0 0 0 
209000 2765 69.281 -24194.006 -3.977 0.141 0 0 0 
210000 2779 69.729 -24247.74 -3.992 0.133 0 0 0 
211000 2793 70.347 -24294.366 -3.817 0.1268 0 0 0 
212000 2807 70.445 -24340.625 -3.682 0.1214 0 0 0 
213000 2820 71.783 -24391.07 -3.719 0.1254 0 0 0 
214000 2833 73.441 -24405.614 -3.097 0.1249 0 0 0 
215000 2845 74.402 -24442.021 -3.037 0.1235 0 0 0 
216000 2859 74.565 -24451.735 -2.512 0.1219 0 0 0 
217000 2872 75.29 -24456.146 -2.064 0.1214 0 0 0 
218000 2884 76.21 -24504.897 -2.518 0.1214 0 0 0 
219000 2898 76.178 -24533.827 -2.382 0.1219 0 0 0 
220000 2907 80.699 -24620.004 -3.482 0.1274 0 0 0 
221000 2919 81.981 -24789.009 -5.945 0.1278 0 0 0 
222000 2932 80.603 -25023.77 -8.692 0.1236 0 0 0 
223000 2947 77.167 -25089.811 -7.637 0.1166 0 0 0 
224000 2960 76.98 -25211.611 -8.057 0.1151 0 0 0 
225000 2975 74.531 -25308.605 -7.592 0.1092 0 0 0 
226000 2990 72.595 -25395.268 -7.09 0.1046 0 0 0 
227000 3005 71.223 -25490.207 -6.957 0.1011 0 0 0 
228000 3020 69.645 -25559.928 -6.324 0.099 0 0 0 
229000 3036 68.254 -25630.614 -5.85 0.1035 0 0 0 
230000 3049 69.363 -25710.803 -5.831 0.1072 0 0 0 
231000 3064 68.997 -25789.459 -5.712 0.1034 0 0 0 
232000 3078 69.239 -25871.432 -5.738 0.1012 0 0 0 
233000 3093 68.464 -25950.463 -5.602 0.0986 0 0 0 
234000 3107 69.756 -26024.866 -5.521 0.0987 0 0 0 
235000 3121 69.466 -26102.927 -5.492 0.0969 0 0 0 
236000 3135 70.162 -26180.394 -5.569 0.0968 0 0 0 
237000 3150 69.726 -26234.318 -5.109 0.0954 0 0 0 
238000 3165 67.911 -26295.339 -4.838 0.0925 0 0 0 
239000 3178 70.394 -26390.644 -5.379 0.0954 0 0 0 
240000 3192 70.483 -26469.226 -5.405 0.0956 0 0 0 
241000 3207 70.032 -26536.751 -5.182 0.095 0 0 0 
242000 3221 70.315 -26634.219 -5.585 0.0951 0 0 0 
243000 3236 69.052 -26706.427 -5.42 0.093 0 0 0 
244000 3250 69.892 -26767.628 -5.195 0.0951 0 0 0 
245000 3266 68.202 -26831.743 -4.852 0.0939 0 0 0 
246000 3280 69.373 -26912.839 -5.122 0.0963 0 0 0 
247000 3293 69.976 -26985.053 -5.097 0.0979 0 0 0 
248000 3308 69.552 -27061.387 -5.138 0.1057 0 0 0 
249000 3323 68.987 -27126.768 -4.968 0.1073 0 0 0 
250000 3337 69.389 -27216.836 -5.278 0.1081 0 0 0 
251000 3351 70.093 -27294.951 -5.378 0.1091 0 0 0 
252000 3365 69.576 -27360.475 -5.16 0.1078 0 0 0 
253000 3379 71.075 -27446.162 -5.465 0.1084 0 0 0 
254000 3392 71.924 -27502.953 -5.163 0.1086 0 0 0 
255000 3407 70.497 -27918.942 -10.992 0.1067 0 0 0 
256000 3421 71.183 -28579.113 -20.422 0.1084 0 0 0 
257000 3435 70.687 -29284.786 -27.173 0.1166 0 0 0 
258000 3451 69.133 -29956.752 -31.945 0.1134 0 0 0 
259000 3464 71.095 -30612.751 -36.298 0.1143 0 0 0 
260000 3480 68.339 -31305.737 -37.921 0.108 0 0 0 
261000 3495 67.898 -31972.738 -39.767 0.1053 0 0 0 
262000 3510 67.296 -32647.094 -40.604 0.1028 0 0 0 
263000 3526 66.817 -33317.495 -41.816 0.1007 0 0 0 
264000 3541 66.518 -33973.047 -42.124 0.0998 0 0 0 
265000 3556 66.123 -34648.165 -42.521 0.0997 0 0 0 
266000 3572 66.06 -35321.471 -42.96 0.0997 0 0 0 
267000 3587 65.945 -36006.793 -43.556 0.1008 0 0 0 
268000 3601 67.085 -36688.625 -44.849 0.1016 0 0 0 
269000 3615 68.127 -37404.493 -46.251 0.1034 0 0 0 
270000 3630 67.442 -38085.098 -45.819 0.1015 0 0 0 
271000 3645 67.799 -38785.886 -46.392 0.1042 0 0 0 
272000 3660 67.559 -39486.516 -46.537 0.1025 0 0 0 
273000 3675 67.501 -40186.691 -46.662 0.1014 0 0 0 
274000 3691 66.017 -40832.259 -44.951 0.0987 0 0 0 
275000 3707 64.659 -41483.085 -43.586 0.0961 0 0 0 
276000 3722 64.918 -42175.601 -43.933 0.096 0 0 0 
277000 3735 67.168 -42912.752 -46.292 0.0991 0 0 0 
278000 3750 67.661 -43599.894 -46.835 0.101 0 0 0 
279000 3765 67.367 -44289.938 -46.689 0.1 0 0 0 
280000 3780 67.008 -44985.617 -46.288 0.0993 0 0 0 
281000 3796 66.512 -45636.312 -45.388 0.0987 0 0 0 
282000 3809 67.142 -46343.049 -46.139 0.0992 0 0 0 
283000 3824 68.692 -47015.742 -47.065 0.1011 0 0 0 
284000 3839 67.774 -47699.047 -46.405 0.0995 0 0 0 
285000 3854 67.289 -48385.908 -46.002 0.0987 0 0 0 
286000 3869 67.066 -49091.614 -46.211 0.0982 0 0 0 
287000 3881 70.725 -49678.799 -47.335 0.1045 0 0 0 
288000 3895 70.468 -50386.108 -47.66 0.1043 0 0 0 
289000 3910 69.838 -51074.597 -47.449 0.103 0 0 0 
290000 3925 69.089 -51779.773 -47.431 0.1016 0 0 0 
291000 3940 68.396 -52453.981 -46.742 0.1003 0 0 0 
292000 3955 67.506 -53144.621 -46.245 0.0987 0 0 0 
