1000 10 16.921 -182.558 -3.192 0.0113 0.0 
2000 22 32.242 -410.038 -6.732 0.0207 0.0 
3000 32 43.876 -587.119 -8.52 0.0279 0.0 
4000 43 53.702 -750.191 -9.905 0.0337 0.0 
5000 54 61.154 -910.015 -10.831 0.038 0.0 
6000 64 67.5 -1089.78 -11.972 0.041 0.0 
7000 75 73.303 -1314.127 -13.872 0.0438 0.0 
8000 85 77.549 -1442.645 -13.673 0.0463 0.0 
9000 95 81.482 -1667.668 -15.225 0.0975 0.0 
10000 102 90.568 -2028.85 -20.224 0.1564 0.0 
11000 107 97.726 -2123.684 -19.945 0.2071 0.0 
12000 112 106.915 -2152.797 -18.85 0.267 0.0 
13000 116 112.863 -2185.745 -17.872 0.3025 0.0 
14000 117 126.665 -2198.815 -17.708 0.4007 0.0 
15000 118 144.132 -2213.611 -17.574 0.5166 0.0 
16000 119 161.249 -2225.042 -17.538 0.6376 0.0 
17000 120 178.024 -2234.697 -17.333 0.7807 0.0 
18000 121 192.284 -2247.402 -17.254 0.8865 0.0 
19000 123 214.313 -2258.298 -17.009 1.0565 0.0 
20000 124 230.027 -2274.594 -16.793 1.1842 0.0 
21000 127 240.868 -2305.137 -16.514 1.2358 0.0 
22000 130 246.336 -2329.455 -16.042 1.2538 0.0 
23000 132 250.993 -2359.533 -16.005 1.2705 0.0 
24000 134 266.266 -2388.623 -15.905 1.3422 0.0 
25000 136 269.356 -2403.478 -15.585 1.3504 0.0 
26000 137 283.969 -2414.58 -15.472 1.4195 0.0 
27000 139 292.305 -2439.665 -15.349 1.4651 0.0 
28000 142 301.042 -2462.335 -14.861 1.5073 0.0 
29000 143 309.401 -2476.226 -14.832 1.5563 0.0 
30000 146 314.62 -2505.187 -14.57 1.5657 0.0 
31000 149 311.589 -2534.96 -14.202 1.5334 0.0 
32000 152 314.957 -2552.797 -13.811 1.5425 0.0 
33000 154 316.564 -2572.97 -13.532 1.5431 0.0 
34000 156 328.444 -2591.983 -13.467 1.644 0.0 
35000 159 331.133 -2608.215 -13.143 1.7082 0.0 
36000 160 340.49 -2626.931 -13.101 1.7907 0.0 
37000 161 346.12 -2646.773 -13.109 1.8358 0.0 
38000 163 355.556 -2656.629 -12.906 1.911 0.0 
39000 164 368.445 -2670.956 -12.851 2.0429 0.0 
40000 166 378.278 -2699.785 -12.988 2.1464 0.0 
41000 169 379.026 -2720.083 -12.691 2.1565 0.0 
42000 171 380.893 -2732.045 -12.445 2.1683 0.0 
43000 173 389.79 -2748.968 -12.318 2.2442 0.0 
44000 174 398.094 -2768.311 -12.312 2.3383 0.0 
45000 176 399.829 -2779.886 -12.128 2.3259 0.0 
46000 177 406.132 -2796.418 -12.067 2.3615 0.0 
47000 179 419.899 -2809.427 -12.079 2.4279 0.0 
48000 180 426.441 -2829.145 -12.051 2.4522 0.0 
49000 181 437.513 -2839.198 -12.163 2.5179 0.0 
50000 182 448.762 -2852.981 -12.047 2.5874 0.0 
51000 184 451.631 -2863.722 -11.917 2.5912 0.0 
52000 186 456.27 -2875.891 -11.665 2.5901 0.0 
53000 187 467.144 -2891.404 -11.717 2.6434 0.0 
54000 188 475.521 -2908.431 -11.774 2.6964 0.0 
55000 190 475.547 -2932.128 -11.775 2.7304 0.0 
56000 192 480.862 -2977.074 -12.144 2.8373 0.0 
57000 194 474.708 -3060.224 -13.269 2.8037 0.0 
58000 195 485.214 -3073.47 -13.335 2.8805 0.0 
59000 197 490.393 -3087.85 -13.11 2.9166 0.0 
60000 199 488.662 -3131.667 -13.476 2.9231 0.0 
61000 200 498.889 -3146.302 -13.474 3.0182 0.0 
62000 202 503.259 -3172.709 -13.512 3.0617 0.0 
63000 204 499.655 -3188.255 -13.302 3.0455 0.0 
64000 205 497.382 -3204.71 -13.091 3.0317 0.0 
65000 208 506.198 -3243.411 -13.352 3.1198 0.0 
66000 209 516.074 -3255.011 -13.344 3.188 0.0 
67000 210 525.753 -3265.455 -13.272 3.2548 0.0 
68000 211 535.238 -3281.123 -13.316 3.3174 0.0 
69000 212 544.533 -3297.827 -13.381 3.3881 0.0 
70000 213 553.642 -3314.07 -13.43 3.4504 0.0 
71000 214 562.569 -3325.633 -13.412 3.5184 0.0 
72000 215 564.678 -3334.048 -13.312 3.5331 0.0 
73000 216 565.024 -3344.797 -13.103 3.5251 0.0 
74000 217 573.724 -3351.759 -13.054 3.6234 0.0 
75000 218 582.249 -3365.233 -12.932 3.7 0.0 
76000 219 590.604 -3376.962 -12.968 3.7906 0.0 
77000 221 601.156 -3389.26 -12.845 3.8348 0.0 
78000 222 609.133 -3401.345 -12.875 3.9128 0.0 
79000 223 616.951 -3405.35 -12.712 3.9821 0.0 
80000 224 624.612 -3413.014 -12.542 4.0007 0.0 
81000 225 632.119 -3426.965 -12.586 4.0899 0.0 
82000 226 639.477 -3435.827 -12.523 4.1419 0.0 
83000 227 646.688 -3444.701 -12.434 4.2156 0.0 
84000 228 653.754 -3454.589 -12.406 4.2863 0.0 
85000 229 660.679 -3464.025 -12.332 4.316 0.0 
86000 230 667.465 -3472.145 -12.271 4.3391 0.0 
87000 231 674.116 -3484.387 -12.246 4.4 0.0 
88000 232 680.633 -3496.794 -12.256 4.4232 0.0 
89000 233 687.021 -3507.423 -12.2 4.473 0.0 
90000 234 678.86 -3516.604 -12.015 4.409 0.0 
91000 235 685.283 -3525.874 -11.995 4.4314 0.0 
92000 236 691.578 -3535.039 -11.913 4.4428 0.0 
93000 237 697.746 -3547.631 -11.859 4.4773 0.0 
94000 238 703.791 -3559.054 -11.877 4.5415 0.0 
95000 239 709.715 -3568.64 -11.902 4.5579 0.0 
96000 240 715.521 -3575.728 -11.803 4.5777 0.0 
97000 241 721.211 -3582.88 -11.763 4.6405 0.0 
98000 242 726.786 -3596.099 -11.666 4.6547 0.0 
99000 243 732.251 -3605.404 -11.643 4.6935 0.0 
100000 244 737.606 -3617.076 -11.62 4.7496 0.0 
101000 245 742.853 -3624.993 -11.626 4.7654 0.0 
102000 246 747.996 -3633.651 -11.533 4.7708 0.0 
103000 247 753.036 -3639.097 -11.488 4.784 0.0 
104000 248 757.976 -3648.982 -11.361 4.8236 0.0 
105000 249 762.816 -3654.698 -11.343 4.8911 0.0 
106000 250 767.56 -3660.772 -11.229 4.9119 0.0 
107000 251 772.209 -3665.312 -11.145 4.9376 0.0 
108000 252 776.765 -3671.972 -10.967 4.9847 0.0 
109000 253 781.229 -3678.332 -10.896 5.0154 0.0 
110000 254 785.605 -3689.752 -10.823 5.0673 0.0 
111000 255 789.893 -3696.552 -10.797 5.089 0.0 
112000 256 794.095 -3708.701 -10.768 5.1298 0.0 
113000 257 798.213 -3714.872 -10.741 5.1533 0.0 
114000 258 802.249 -3721.316 -10.647 5.1873 0.0 
115000 259 806.204 -3731.206 -10.587 5.2545 0.0 
116000 260 810.08 -3738.641 -10.581 5.2571 0.0 
117000 261 813.878 -3745.952 -10.497 5.257 0.0 
118000 262 817.6 -3753.204 -10.456 5.2707 0.0 
119000 265 798.436 -3752.777 -9.928 5.1239 0.0 
120000 266 802.467 -3761.42 -9.889 5.201 0.0 
121000 267 806.418 -3769.317 -9.835 5.205 0.0 
122000 268 810.289 -3775.841 -9.828 5.2439 0.0 
123000 269 814.084 -3782.954 -9.771 5.2612 0.0 
124000 270 817.802 -3794.14 -9.702 5.3489 0.0 
125000 271 808.406 -3801.799 -9.583 5.2804 0.0 
126000 272 812.238 -3806.125 -9.537 5.2883 0.0 
127000 273 815.993 -3811.386 -9.428 5.3284 0.0 
128000 274 819.673 -3811.524 -9.351 5.3391 0.0 
129000 275 823.28 -3814.113 -9.167 5.3826 0.0 
130000 277 814.878 -3815.959 -8.862 5.346 0.0 
131000 278 818.58 -3818.752 -8.708 5.3891 0.0 
132000 279 822.209 -3828.22 -8.64 5.4173 0.0 
133000 281 813.309 -3826.682 -8.447 5.3436 0.0 
134000 284 791.71 -3835.185 -8.068 5.154 0.0 
135000 285 780.595 -3841.818 -7.9 5.0729 0.0 
136000 286 784.984 -3850.229 -7.898 5.123 0.0 
137000 287 789.284 -3862.466 -7.907 5.1523 0.0 
138000 289 780.788 -3872.554 -7.881 5.0858 0.0 
139000 292 767.54 -3882.556 -7.751 4.993 0.0 
140000 293 772.189 -3891.973 -7.774 5.0052 0.0 
141000 294 776.745 -3897.321 -7.79 5.0336 0.0 
142000 295 781.211 -3903.114 -7.765 5.0729 0.0 
143000 297 769.488 -3910.968 -7.515 4.9634 0.0 
144000 298 774.098 -3918.79 -7.582 5.0184 0.0 
145000 299 762.096 -3930.098 -7.446 4.9349 0.0 
146000 300 766.855 -3943.927 -7.505 4.982 0.0 
147000 302 760.127 -3949.709 -7.416 4.9099 0.0 
148000 304 753.186 -3954.902 -7.343 4.8456 0.0 
149000 305 753.022 -3965.522 -7.302 4.8464 0.0 
150000 308 740.24 -3968.931 -7.126 4.7474 0.0 
151000 310 733.986 -3970.125 -6.82 4.716 0.0 
152000 311 739.307 -3976.035 -6.771 4.8055 0.0 
153000 312 728.5 -3982.913 -6.665 4.7238 0.0 
154000 313 733.93 -3985.431 -6.633 4.7918 0.0 
155000 314 739.252 -3989.45 -6.576 4.8481 0.0 
156000 318 710.357 -3989.824 -6.179 4.7805 0.0 
157000 320 705.567 -3992.207 -5.969 4.7142 0.0 
158000 321 697.155 -3995.211 -5.869 4.6504 0.0 
159000 324 682.525 -3993.598 -5.484 4.5249 0.0 
160000 327 668.009 -3993.22 -5.216 4.5012 0.0 
161000 329 662.069 -3988.356 -4.912 4.4194 0.0 
162000 330 655.667 -3992.486 -4.867 4.3604 0.0 
163000 332 664.668 -3999.173 -4.808 4.4047 0.0 
164000 333 665.155 -4004.436 -4.804 4.3848 0.0 
165000 334 670.792 -4008.642 -4.746 4.4146 0.0 
166000 336 666.235 -4004.214 -4.503 4.3409 0.0 
167000 337 666.99 -4014.083 -4.612 4.321 0.0 
168000 338 669.73 -4010.28 -4.467 4.3215 0.0 
169000 339 676.195 -4014.412 -4.344 4.3843 0.0 
170000 343 653.534 -4011.043 -4.087 4.2195 0.0 
171000 344 648.883 -4023.988 -4.075 4.1694 0.0 
172000 345 655.905 -4026.388 -4.181 4.202 0.0 
173000 346 662.787 -4037.276 -4.225 4.2236 0.0 
174000 347 668.531 -4040.975 -4.23 4.2663 0.0 
175000 349 672.505 -4040.983 -4.134 4.2732 0.0 
176000 351 667.461 -4040.585 -3.998 4.2102 0.0 
177000 354 645.197 -4043.094 -3.816 4.0283 0.0 
178000 355 650.573 -4045.981 -3.816 4.0346 0.0 
179000 358 639.644 -4052.922 -3.673 3.9094 0.0 
180000 360 626.353 -4056.975 -3.581 3.8019 0.0 
181000 362 616.995 -4058.275 -3.495 3.7292 0.0 
182000 363 618.375 -4064.647 -3.385 3.7127 0.0 
183000 366 617.452 -4062.873 -3.34 3.727 0.0 
184000 368 612.797 -4061.838 -3.242 3.6934 0.0 
185000 373 575.058 -4056.915 -2.778 3.4135 0.0 
186000 374 579.096 -4055.969 -2.731 3.4328 0.0 
187000 375 587.514 -4068.019 -2.863 3.4876 0.0 
188000 377 583.628 -4064.152 -2.72 3.4347 0.0 
189000 378 585.555 -4071.232 -2.651 3.4326 0.0 
190000 381 576.254 -4069.57 -2.564 3.3375 0.0 
191000 383 576.414 -4076.577 -2.643 3.3408 0.0 
192000 386 561.641 -4082.254 -2.62 3.229 0.0 
193000 389 548.188 -4084.677 -2.482 3.1277 0.0 
194000 390 557.225 -4091.352 -2.523 3.1775 0.0 
195000 391 566.08 -4097.299 -2.616 3.2342 0.0 
196000 392 574.759 -4104.749 -2.743 3.2915 0.0 
197000 393 583.263 -4114.151 -2.876 3.3625 0.0 
198000 395 575.413 -4120.904 -2.885 3.2944 0.0 
199000 397 572.055 -4138.212 -2.981 3.2621 0.0 
200000 401 550.007 -4145.432 -2.925 3.1029 0.0 
201000 403 544.186 -4158.113 -3.078 3.0485 0.0 
202000 407 527.518 -4163.013 -3.01 2.9262 0.0 
203000 409 521.297 -4174.393 -3.012 2.8673 0.0 
204000 412 514.248 -4184.567 -3.12 2.8072 0.0 
205000 414 507.559 -4188.537 -3.051 2.7572 0.0 
206000 416 512.94 -4194.526 -3.112 2.8094 0.0 
207000 417 519.321 -4203.452 -3.187 2.859 0.0 
208000 419 522.036 -4209.401 -3.162 2.9147 0.0 
209000 421 522.824 -4217.239 -3.191 2.9201 0.0 
210000 424 510.94 -4218.454 -3.073 2.8249 0.0 
211000 425 520.721 -4223.608 -3.13 2.9033 0.0 
212000 426 513.707 -4232.776 -3.036 2.8573 0.0 
213000 429 512.737 -4233.855 -3.061 2.8493 0.0 
214000 432 508.759 -4239.618 -2.953 2.8385 0.0 
215000 435 494.964 -4244.522 -2.866 2.7354 0.0 
216000 438 478.144 -4245.708 -2.746 2.6202 0.0 
217000 441 480.151 -4249.21 -2.644 2.6265 0.0 
218000 444 462.295 -4248.429 -2.484 2.5088 0.0 
219000 447 463.701 -4258.987 -2.557 2.5253 0.0 
220000 448 474.427 -4268.471 -2.669 2.6369 0.0 
221000 450 466.965 -4270.028 -2.533 2.5781 0.0 
222000 453 467.171 -4272.321 -2.499 2.6169 0.0 
223000 454 463.627 -4279.633 -2.443 2.5869 0.0 
224000 457 467.504 -4280.432 -2.506 2.6134 0.0 
225000 460 454.859 -4288.494 -2.432 2.5163 0.0 
226000 462 460.286 -4297.106 -2.506 2.5664 0.0 
227000 466 446.619 -4294.532 -2.317 2.4552 0.0 
228000 469 432.364 -4296.309 -2.132 2.3539 0.0 
229000 471 439.81 -4300.021 -2.193 2.3983 0.0 
230000 472 451.014 -4304.337 -2.193 2.4861 0.0 
231000 473 461.994 -4309.869 -2.277 2.5491 0.0 
232000 474 468.894 -4315.389 -2.384 2.6077 0.0 
233000 476 476.086 -4323.222 -2.401 2.6359 0.0 
234000 480 459.745 -4326.197 -2.265 2.5146 0.0 
235000 482 457.696 -4330.009 -2.314 2.4922 0.0 
236000 485 444.177 -4336.68 -2.164 2.3957 0.0 
237000 486 455.294 -4347.445 -2.31 2.4645 0.0 
238000 490 442.195 -4347.75 -2.226 2.3655 0.0 
239000 493 438.538 -4354.691 -2.209 2.3279 0.0 
240000 495 435.913 -4358.908 -2.27 2.3083 0.0 
241000 499 429.248 -4352.997 -1.957 2.2449 0.0 
242000 500 438.083 -4355.45 -1.99 2.3061 0.0 
243000 504 426.673 -4358.627 -1.882 2.2182 0.0 
244000 505 432.02 -4363.313 -1.887 2.2388 0.0 
245000 507 434.062 -4368.267 -1.996 2.246 0.0 
246000 509 442.873 -4382.079 -2.147 2.3236 0.0 
247000 512 432.552 -4380.046 -2.016 2.2503 0.0 
248000 514 426.645 -4387.446 -2.009 2.2067 0.0 
249000 516 434.75 -4390.338 -2.018 2.296 0.0 
250000 518 440.594 -4394.595 -2.027 2.3675 0.0 
251000 519 451.782 -4398.158 -2.117 2.4318 0.0 
252000 522 445.321 -4403.86 -2.049 2.3734 0.0 
253000 526 430.905 -4403.639 -1.958 2.2736 0.0 
254000 527 426.227 -4412.166 -1.878 2.2427 0.0 
255000 532 420.706 -4411.797 -1.866 2.2154 0.0 
256000 535 413.281 -4415.815 -1.796 2.1528 0.0 
257000 537 406.669 -4421.004 -1.758 2.1036 0.0 
258000 541 407.015 -4419.801 -1.679 2.1405 0.0 
259000 543 406.838 -4425.79 -1.686 2.1272 0.0 
260000 545 411.859 -4423.942 -1.618 2.1512 0.0 
261000 546 421.642 -4420.586 -1.479 2.2096 0.0 
262000 548 413.856 -4427.095 -1.458 2.1562 0.0 
263000 551 417.951 -4417.554 -1.345 2.2016 0.0 
264000 553 423.221 -4414.887 -1.269 2.2509 0.0 
265000 555 428.901 -4413.914 -1.091 2.2886 0.0 
266000 556 440.323 -4420.642 -1.24 2.4071 0.0 
267000 557 434.737 -4426.772 -1.22 2.3699 0.0 
268000 558 446.042 -4426.122 -1.245 2.4501 0.0 
269000 561 447.003 -4423.68 -1.154 2.468 0.0 
270000 563 451.602 -4420.503 -1.106 2.5091 0.0 
271000 566 445.938 -4413.234 -0.89 2.4813 0.0 
272000 568 451.639 -4419.414 -0.96 2.4948 0.0 
273000 569 462.607 -4421.605 -1.034 2.5784 0.0 
274000 571 463.157 -4420.762 -0.945 2.5698 0.0 
275000 574 457.722 -4421.995 -0.896 2.5179 0.0 
276000 575 466.168 -4420.952 -0.841 2.5939 0.0 
277000 576 475.404 -4415.094 -0.746 2.6251 0.0 
278000 578 479.718 -4414.791 -0.695 2.6652 0.0 
279000 580 481.391 -4413.226 -0.604 2.6669 0.0 
280000 581 478.263 -4414.879 -0.567 2.6388 0.0 
281000 584 479.2 -4418.73 -0.689 2.6631 0.0 
282000 585 475.996 -4427.183 -0.687 2.6362 0.0 
283000 586 486.476 -4433.085 -0.824 2.7441 0.0 
284000 589 485.446 -4428.759 -0.785 2.7653 0.0 
285000 591 490.122 -4428.133 -0.756 2.7735 0.0 
286000 592 486.22 -4437.274 -0.777 2.7429 0.0 
287000 596 484.999 -4430.047 -0.777 2.7308 0.0 
288000 597 495.299 -4436.672 -0.824 2.8226 0.0 
289000 599 485.663 -4433.356 -0.752 2.7521 0.0 
290000 601 489.45 -4431.326 -0.637 2.7728 0.0 
291000 603 484.195 -4432.808 -0.709 2.7212 0.0 
292000 605 496.169 -4421.571 -0.495 2.7869 0.0 
293000 607 486.258 -4420.584 -0.461 2.7137 0.0 
294000 609 486.492 -4407.909 -0.272 2.7077 0.0 
295000 611 493.42 -4401.345 -0.01 2.735 0.0 
296000 612 497.652 -4399.811 0.022 2.7701 0.0 
297000 613 502.779 -4393.355 0.178 2.7908 0.0 
298000 614 511.463 -4393.896 0.256 2.8607 0.0 
299000 615 519.474 -4395.056 0.222 2.8786 0.0 
300000 618 526.958 -4394.816 0.136 2.9124 0.0 
301000 619 533.879 -4388.273 0.263 2.9695 0.0 
302000 621 529.395 -4376.94 0.402 2.9209 0.0 
303000 624 517.323 -4363.507 0.668 2.8312 0.0 
304000 626 520.158 -4348.535 0.929 2.8409 0.0 
305000 628 516.753 -4339.166 1.117 2.802 0.0 
306000 630 518.758 -4326.616 1.344 2.8001 0.0 
307000 631 519.682 -4321.174 1.481 2.8039 0.0 
308000 632 524.869 -4320.213 1.467 2.8365 0.0 
309000 633 534.371 -4309.99 1.484 2.8844 0.0 
310000 635 542.812 -4300.26 1.76 2.9272 0.0 
311000 636 545.435 -4285.335 1.808 2.9405 0.0 
312000 638 547.636 -4277.433 1.967 2.9719 0.0 
313000 639 552.663 -4268.31 2.172 3.0073 0.0 
314000 640 556.31 -4262.064 2.239 3.0233 0.0 
315000 642 571.56 -4257.471 2.319 3.1542 0.0 
316000 645 557.874 -4240.406 2.517 3.0601 0.0 
317000 646 558.616 -4228.089 2.719 3.0645 0.0 
318000 647 560.284 -4212.173 2.808 3.0663 0.0 
319000 649 567.845 -4197.598 3.104 3.1026 0.0 
320000 650 568.388 -4188.426 3.199 3.0877 0.0 
321000 653 566.487 -4176.484 3.271 3.0688 0.0 
322000 654 567.497 -4163.843 3.395 3.0766 0.0 
323000 657 558.817 -4134.143 3.841 3.0174 0.0 
324000 659 556.881 -4120.786 3.951 3.0002 0.0 
325000 660 559.003 -4116.028 3.962 3.0041 0.0 
326000 661 565.863 -4120.115 3.828 3.0416 0.0 
327000 663 565.899 -4109.008 3.901 3.0432 0.0 
328000 664 570.001 -4112.401 3.794 3.0634 0.0 
329000 666 573.192 -4108.94 3.651 3.0624 0.0 
330000 667 571.768 -4104.754 3.771 3.0497 0.0 
331000 668 580.333 -4111.539 3.607 3.0932 0.0 
332000 670 590.112 -4107.91 3.37 3.1713 0.0 
333000 671 598.31 -4111.531 3.185 3.2296 0.0 
334000 673 589.27 -4106.456 3.185 3.1649 0.0 
335000 675 588.021 -4095.262 3.193 3.1511 0.0 
336000 678 578.263 -4085.76 3.325 3.0743 0.0 
337000 679 576.818 -4076.528 3.368 3.0632 0.0 
338000 681 572.086 -4076.025 3.341 3.0404 0.0 
339000 683 581.721 -4076.408 3.164 3.0778 0.0 
340000 684 579.606 -4067.37 3.277 3.0631 0.0 
341000 685 581.194 -4059.841 3.368 3.0755 0.0 
342000 688 579.65 -4039.196 3.545 3.0636 0.0 
343000 690 576.292 -4021.052 3.699 3.0291 0.0 
344000 691 577.886 -4021.385 3.736 3.0334 0.0 
345000 693 585.162 -4017.747 3.677 3.1334 0.0 
346000 694 583.118 -4013.272 3.613 3.1176 0.0 
347000 695 591.456 -4020.161 3.491 3.1816 0.0 
348000 696 596.847 -4011.806 3.577 3.2464 0.0 
349000 698 601.972 -4004.486 3.402 3.2585 0.0 
350000 699 605.832 -3996.243 3.607 3.2796 0.0 
351000 700 607.376 -3997.949 3.634 3.3074 0.0 
352000 701 614.648 -3998.624 3.512 3.3585 0.0 
353000 703 621.365 -3974.935 3.687 3.4189 0.0 
354000 704 627.718 -3974.361 3.77 3.4843 0.0 
355000 705 635.163 -3984.563 3.563 3.5486 0.0 
356000 706 642.46 -3989.607 3.316 3.6235 0.0 
357000 707 649.611 -3985.523 3.157 3.6978 0.0 
358000 709 646.306 -3996.638 2.989 3.6771 0.0 
359000 710 653.38 -3999.234 2.799 3.6978 0.0 
360000 711 660.313 -4004.704 2.675 3.7489 0.0 
361000 714 635.294 -3999.326 2.581 3.5788 0.0 
362000 716 634.436 -3995.919 2.507 3.5611 0.0 
363000 717 641.748 -3995.236 2.443 3.6148 0.0 
364000 719 639.897 -3993.991 2.512 3.5765 0.0 
365000 722 618.697 -3959.685 2.891 3.4339 0.0 
366000 724 613.285 -3945.587 3.101 3.4015 0.0 
367000 727 597.138 -3926.151 3.308 3.2905 0.0 
368000 729 592.671 -3907.395 3.47 3.2481 0.0 
369000 731 591.117 -3898.533 3.64 3.2114 0.0 
370000 733 583.948 -3873.749 3.872 3.159 0.0 
371000 736 573.838 -3853.074 4.162 3.0806 0.0 
372000 737 575.582 -3847.553 4.158 3.0882 0.0 
373000 740 564.492 -3820.746 4.366 3.0175 0.0 
374000 743 551.958 -3794.189 4.667 2.9317 0.0 
375000 745 545.754 -3770.35 4.866 2.8876 0.0 
376000 748 538.784 -3750.25 5.085 2.8389 0.0 
377000 750 533.705 -3729.711 5.235 2.8006 0.0 
378000 752 535.453 -3722.199 5.174 2.8225 0.0 
379000 754 534.147 -3697.677 5.341 2.8173 0.0 
380000 756 535.118 -3700.621 5.336 2.8057 0.0 
381000 758 526.556 -3678.894 5.387 2.7513 0.0 
382000 761 521.396 -3661.957 5.552 2.6949 0.0 
383000 762 530.968 -3659.821 5.478 2.7901 0.0 
384000 764 527.027 -3645.649 5.453 2.7554 0.0 
385000 766 526.623 -3636.476 5.401 2.7469 0.0 
386000 767 522.25 -3635.487 5.408 2.7187 0.0 
387000 769 530.809 -3626.38 5.279 2.7376 0.0 
388000 772 525.895 -3612.195 5.361 2.6961 0.0 
389000 774 524.546 -3594.896 5.477 2.6907 0.0 
390000 775 524.176 -3580.658 5.445 2.6913 0.0 
391000 777 527.038 -3566.116 5.62 2.7209 0.0 
392000 779 527.864 -3550.613 5.624 2.7183 0.0 
393000 781 530.101 -3544.956 5.636 2.7424 0.0 
394000 783 525.722 -3523.577 5.798 2.7121 0.0 
395000 785 520.317 -3506.379 5.946 2.6762 0.0 
396000 788 518.156 -3479.284 6.231 2.6762 0.0 
397000 791 504.828 -3442.06 6.447 2.5855 0.0 
398000 794 491.482 -3414.023 6.626 2.5049 0.0 
399000 798 475.199 -3369.83 6.889 2.3992 0.0 
400000 800 473.412 -3351.664 7.059 2.3864 0.0 
401000 804 460.695 -3323.836 7.019 2.3044 0.0 
402000 807 454.295 -3298.389 7.273 2.2632 0.0 
403000 811 438.362 -3255.744 7.52 2.1654 0.0 
404000 814 432.1 -3224.664 7.712 2.1214 0.0 
405000 816 430.617 -3195.687 7.831 2.102 0.0 
406000 819 425.273 -3168.945 7.915 2.0604 0.0 
407000 822 420.824 -3150.027 7.784 2.0226 0.0 
408000 825 415.029 -3125.414 7.841 1.9774 0.0 
409000 828 411.601 -3097.724 7.91 1.9526 0.0 
410000 831 409.141 -3092.417 7.688 1.9371 0.0 
411000 834 403.376 -3056.969 7.878 1.9029 0.0 
412000 836 403.723 -3028.536 7.968 1.8951 0.0 
413000 839 400.874 -2984.639 8.435 1.8705 0.0 
414000 842 398.344 -2939.278 8.688 1.842 0.0 
415000 846 387.991 -2907.796 8.846 1.7788 0.0 
416000 849 385.428 -2871.768 9.049 1.7607 0.0 
417000 853 375.22 -2836.486 9.056 1.7006 0.0 
418000 856 370.365 -2804.418 9.037 1.6714 0.0 
419000 859 363.307 -2773.712 8.923 1.627 0.0 
420000 863 358.593 -2747.037 8.919 1.5941 0.0 
421000 867 352.075 -2712.139 8.964 1.5586 0.0 
422000 872 335.261 -2678.443 8.68 1.468 0.0 
423000 878 319.328 -2635.377 8.645 1.3795 0.0 
424000 883 306.931 -2583.43 8.789 1.3099 0.0 
425000 888 295.06 -2539.229 8.683 1.2459 0.0 
426000 892 290.749 -2495.147 8.707 1.2169 0.0 
427000 896 285.968 -2453.691 8.923 1.1866 0.0 
428000 900 286.831 -2401.652 9.234 1.1871 0.0 
429000 905 277.588 -2358.474 9.203 1.1374 0.0 
430000 909 277.523 -2320.429 9.39 1.1306 0.0 
431000 911 282.952 -2281.506 9.543 1.1623 0.0 
432000 914 285.042 -2234.046 9.869 1.1612 0.0 
433000 918 282.073 -2184.157 10.094 1.1505 0.0 
434000 922 284.092 -2148.999 10.228 1.2037 0.0 
435000 925 286.86 -2115.357 10.281 1.2701 0.0 
436000 928 285.875 -2075.711 10.171 1.275 0.0 
437000 933 281.783 -2027.752 10.397 1.2717 0.0 
438000 937 279.357 -1993.514 10.262 1.272 0.0 
439000 940 280.056 -1947.157 10.465 1.2858 0.0 
440000 943 280.433 -1925.898 10.2 1.2892 0.0 
441000 947 280.825 -1886.473 10.234 1.2861 0.0 
442000 950 283.38 -1842.562 10.468 1.3127 0.0 
443000 953 285.537 -1795.264 10.705 1.3309 0.0 
444000 958 280.808 -1753.914 10.649 1.3142 0.0 
445000 960 284.253 -1722.614 10.658 1.3339 0.0 
446000 963 284.846 -1692.019 10.605 1.3407 0.0 
447000 967 284.03 -1662.447 10.424 1.337 0.0 
448000 969 292.548 -1647.029 10.324 1.3988 0.0 
449000 971 304.441 -1630.722 10.228 1.4893 0.0 
450000 974 306.596 -1598.888 10.347 1.4978 0.0 
451000 977 303.171 -1555.442 10.415 1.4836 0.0 
452000 981 303.241 -1525.065 10.209 1.4848 0.0 
453000 984 304.86 -1498.084 10.261 1.5006 0.0 
454000 987 306.371 -1465.958 10.214 1.5358 0.0 
455000 990 305.793 -1431.236 10.211 1.5415 0.0 
456000 992 316.045 -1418.228 10.236 1.5782 0.0 
457000 995 317.683 -1383.181 10.358 1.5741 0.0 
458000 998 315.043 -1352.886 10.182 1.5454 0.0 
459000 1001 318.388 -1318.748 10.337 1.5672 0.0 
460000 1003 323.487 -1290.922 10.367 1.6102 0.0 
461000 1006 324.116 -1248.521 10.586 1.6362 0.0 
462000 1009 323.38 -1216.871 10.566 1.631 0.0 
463000 1012 328.838 -1184.408 10.747 1.7039 0.0 
464000 1015 323.722 -1153.234 10.56 1.6946 0.0 
465000 1018 325.905 -1121.428 10.581 1.7355 0.0 
466000 1022 324.652 -1090.337 10.564 1.7944 0.0 
467000 1024 326.241 -1056.23 10.65 1.8162 0.0 
468000 1027 328.534 -1031.614 10.492 1.8755 0.0 
469000 1030 330.464 -1011.185 10.431 1.8758 0.0 
470000 1032 324.459 -1002.147 10.197 1.8305 0.0 
471000 1034 339.871 -991.398 9.836 1.9755 0.0 
472000 1037 338.83 -983.065 9.529 1.9469 0.0 
473000 1041 338.11 -953.135 9.484 1.9342 0.0 
474000 1044 336.618 -922.159 9.506 1.9182 0.0 
475000 1047 329.57 -887.4 9.429 1.8717 0.0 
476000 1052 321.522 -859.587 9.14 1.8314 0.0 
477000 1056 316.171 -824.885 9.031 1.7953 0.0 
478000 1059 315.527 -798.446 8.967 1.8074 0.0 
479000 1061 318.455 -775.898 9.112 1.8318 0.0 
480000 1064 318.147 -755.105 9.048 1.8378 0.0 
481000 1067 325.789 -757.127 8.424 1.8464 0.0 
482000 1071 321.355 -719.888 8.572 1.7864 0.0 
483000 1075 317.172 -694.625 8.501 1.7282 0.0 
484000 1079 307.07 -674.036 8.01 1.646 0.0 
485000 1082 310.845 -632.544 8.394 1.6397 0.0 
486000 1083 310.528 -630.052 8.565 1.6284 0.0 
487000 1086 323.138 -599.671 8.276 1.6817 0.0 
488000 1091 316.013 -581.856 8.09 1.6156 0.0 
489000 1094 315.172 -541.162 8.346 1.6034 0.0 
490000 1098 310.415 -505.513 8.357 1.5817 0.0 
491000 1101 311.448 -479.152 8.353 1.5697 0.0 
492000 1105 307.815 -438.267 8.598 1.5273 0.0 
493000 1109 303.732 -397.091 8.786 1.4859 0.0 
494000 1111 309.532 -393.109 8.376 1.5141 0.0 
495000 1114 308.81 -341.928 8.769 1.4952 0.0 
496000 1115 313.334 -330.71 8.844 1.5203 0.0 
497000 1119 320.174 -306.171 8.749 1.5569 0.0 
498000 1122 317.847 -267.076 8.981 1.5355 0.0 
499000 1128 303.53 -223.474 8.841 1.4526 0.0 
500000 1129 317.459 -220.495 8.701 1.5366 0.0 
501000 1132 311.299 -187.096 8.775 1.4908 0.0 
502000 1134 324.103 -171.797 8.736 1.5684 0.0 
503000 1138 319.92 -158.237 8.397 1.5248 0.0 
504000 1141 317.125 -99.646 8.828 1.4956 0.0 
505000 1145 312.073 -68.148 8.874 1.4524 0.0 
506000 1149 309.704 -41.333 8.743 1.4241 0.0 
507000 1153 302.756 -4.479 8.691 1.3791 0.0 
508000 1157 301.319 27.968 8.767 1.3657 0.0 
509000 1160 304.059 53.743 8.794 1.3673 0.0 
510000 1164 294.72 79.486 8.505 1.3135 0.0 
511000 1166 299.711 97.362 8.548 1.3318 0.0 
512000 1168 311.05 124.721 8.644 1.4094 0.0 
513000 1172 307.755 154.63 8.581 1.4031 0.0 
514000 1174 318.268 152.291 8.318 1.4724 0.0 
515000 1179 306.691 195.107 8.364 1.4007 0.0 
516000 1184 296.782 221.979 8.054 1.3379 0.0 
517000 1188 288.947 249.568 7.853 1.2884 0.0 
518000 1192 285.219 273.973 7.82 1.266 0.0 
519000 1194 286.956 288.023 7.875 1.273 0.0 
520000 1198 288.429 310.193 7.531 1.2779 0.0 
521000 1201 298.321 323.338 7.519 1.3521 0.0 
522000 1204 299.814 360.933 7.786 1.3779 0.0 
523000 1207 297.991 401.279 7.882 1.3876 0.0 
524000 1211 296.642 439.706 8.072 1.3708 0.0 
525000 1213 304.677 446.247 7.952 1.4162 0.0 
526000 1218 296.901 475.563 7.875 1.3634 0.0 
527000 1221 288.804 493.604 7.75 1.3157 0.0 
528000 1222 298.688 478.197 7.335 1.3581 0.0 
529000 1225 311.71 504.669 7.25 1.4486 0.0 
530000 1228 313.85 532.957 7.33 1.4531 0.0 
531000 1232 311.392 566.713 7.594 1.433 0.0 
532000 1234 315.949 603.67 7.871 1.4508 0.0 
533000 1237 319.151 630.286 8.07 1.4597 0.0 
534000 1240 316.472 675.913 8.312 1.4399 0.0 
535000 1243 314.846 706.434 8.392 1.4248 0.0 
536000 1249 303.169 736.874 8.176 1.3784 0.0 
537000 1253 298.568 787.492 8.443 1.3566 0.0 
538000 1256 299.366 808.988 8.34 1.3683 0.0 
539000 1259 299.742 842.74 8.525 1.3713 0.0 
540000 1262 301.633 869.981 8.537 1.3791 0.0 
541000 1265 304.279 904.787 8.695 1.386 0.0 
542000 1268 301.832 938.757 8.818 1.3693 0.0 
543000 1271 306.411 967.481 8.897 1.3815 0.0 
544000 1275 306.608 1001.901 9.063 1.3752 0.0 
545000 1278 307.867 1012.357 8.731 1.3847 0.0 
546000 1280 308.896 1042.935 8.888 1.3862 0.0 
547000 1282 319.814 1063.474 8.852 1.4327 0.0 
548000 1285 324.07 1072.016 8.664 1.4656 0.0 
549000 1288 324.397 1103.056 8.819 1.4563 0.0 
550000 1291 318.759 1128.926 8.709 1.428 0.0 
551000 1295 316.268 1171.008 8.767 1.4133 0.0 
552000 1299 311.526 1211.62 8.857 1.3944 0.0 
553000 1302 308.431 1240.247 8.954 1.3767 0.0 
554000 1304 321.478 1234.485 8.521 1.4392 0.0 
555000 1306 325.481 1263.429 8.637 1.4613 0.0 
556000 1310 322.642 1295.482 8.639 1.4626 0.0 
557000 1313 320.77 1319.241 8.611 1.4608 0.0 
558000 1317 316.61 1355.151 8.618 1.435 0.0 
559000 1320 317.443 1392.594 8.834 1.4342 0.0 
560000 1322 324.115 1419.153 9.006 1.4745 0.0 
561000 1325 326.776 1430.422 8.756 1.4811 0.0 
562000 1328 322.119 1460.093 8.794 1.4501 0.0 
563000 1331 329.096 1489.452 8.994 1.4921 0.0 
564000 1334 329.067 1512.119 8.946 1.4786 0.0 
565000 1336 333.102 1546.064 9.057 1.5086 0.0 
566000 1339 334.717 1568.222 9.056 1.5188 0.0 
567000 1342 331.296 1588.561 8.793 1.4958 0.0 
568000 1346 328.644 1591.68 8.37 1.4718 0.0 
569000 1350 321.123 1633.658 8.377 1.4216 0.0 
570000 1354 314.308 1671.891 8.473 1.3789 0.0 
571000 1358 310.596 1700.912 8.414 1.3514 0.0 
572000 1362 306.534 1746.6 8.666 1.3237 0.0 
573000 1365 305.74 1791.394 8.929 1.3122 0.0 
574000 1369 301.165 1833.787 9.063 1.2808 0.0 
575000 1372 302.523 1859.432 9.015 1.2811 0.0 
576000 1376 302.23 1902.848 9.334 1.2713 0.0 
577000 1380 298.233 1941.556 9.314 1.2445 0.0 
578000 1383 299.754 1972.069 9.41 1.2458 0.0 
579000 1386 295.71 2007.737 9.357 1.2264 0.0 
580000 1388 304.916 2039.255 9.564 1.2779 0.0 
581000 1392 302.297 2083.969 9.748 1.2608 0.0 
582000 1395 301.772 2113.713 9.779 1.2528 0.0 
583000 1398 305.327 2154.285 10.001 1.2655 0.0 
584000 1400 305.995 2169.514 10.033 1.2663 0.0 
585000 1404 309.215 2205.854 9.831 1.3017 0.0 
586000 1407 314.093 2236.84 10.055 1.3269 0.0 
587000 1410 315.503 2274.203 10.188 1.3272 0.0 
588000 1411 316.173 2290.822 10.325 1.3297 0.0 
589000 1414 329.6 2314.9 10.186 1.4145 0.0 
590000 1417 327.878 2357.06 10.333 1.3991 0.0 
591000 1420 329.494 2391.102 10.442 1.4045 0.0 
592000 1423 328.481 2420.753 10.38 1.3944 0.0 
593000 1427 321.8 2460.427 10.271 1.3613 0.0 
594000 1430 323.941 2489.546 10.255 1.3657 0.0 
595000 1433 322.435 2528.134 10.349 1.3529 0.0 
596000 1436 320.791 2572.953 10.594 1.3428 0.0 
597000 1441 310.447 2615.515 10.43 1.2871 0.0 
598000 1444 308.866 2647.572 10.416 1.2739 0.0 
599000 1447 312.788 2687.108 10.563 1.2969 0.0 
600000 1450 318.074 2716.635 10.683 1.319 0.0 
601000 1454 312.556 2755.49 10.639 1.2878 0.0 
602000 1458 306.844 2791.104 10.453 1.2573 0.0 
603000 1460 303.708 2807.48 10.247 1.2403 0.0 
604000 1463 313.581 2838.046 10.31 1.2952 0.0 
605000 1466 317.991 2859.085 10.15 1.3187 0.0 
606000 1468 325.406 2875.428 10.121 1.3673 0.0 
607000 1471 322.319 2915.788 10.118 1.3523 0.0 
608000 1472 329.833 2916.005 10.073 1.3962 0.0 
609000 1473 343.236 2913.811 9.794 1.4654 0.0 
610000 1474 354.751 2913.096 9.598 1.5267 0.0 
611000 1476 360.758 2916.96 9.3 1.5585 0.0 
612000 1479 364.728 2949.725 9.294 1.5748 0.0 
613000 1484 353.118 2998.208 9.467 1.5099 0.0 
614000 1488 344.59 3040.694 9.522 1.4612 0.0 
615000 1492 339.359 3075.569 9.552 1.4268 0.0 
616000 1496 330.15 3120.461 9.59 1.3772 0.0 
617000 1499 329.135 3170.088 9.84 1.3639 0.0 
618000 1503 323.464 3216.956 10.143 1.3325 0.0 
619000 1507 316.609 3253.134 9.995 1.3005 0.0 
620000 1511 315.095 3282.607 9.952 1.2928 0.0 
621000 1514 312.793 3329.255 10.076 1.28 0.0 
622000 1517 310.95 3370.064 10.15 1.2699 0.0 
623000 1521 311.393 3414.356 10.434 1.2684 0.0 
624000 1524 310.906 3436.939 10.24 1.2633 0.0 
625000 1527 313.827 3445.149 9.901 1.2739 0.0 
626000 1530 315.721 3476.668 9.894 1.2826 0.0 
627000 1534 311.123 3525.919 10.162 1.2682 0.0 
628000 1536 309.894 3567.065 10.273 1.2781 0.0 
629000 1540 312.309 3604.93 10.396 1.3098 0.0 
630000 1543 314.838 3614.933 10.052 1.3107 0.0 
631000 1547 307.772 3658.967 10.057 1.272 0.0 
632000 1552 299.879 3711.065 10.191 1.2264 0.0 
633000 1557 290.038 3765.295 10.258 1.1748 0.0 
634000 1560 290.074 3803.918 10.292 1.1662 0.0 
635000 1563 294.378 3836.543 10.32 1.1835 0.0 
636000 1567 290.802 3893.672 10.641 1.1606 0.0 
637000 1570 291.527 3940.827 10.801 1.1631 0.0 
638000 1575 284.98 3990.676 10.885 1.1294 0.0 
639000 1579 280.612 4041.167 10.977 1.1062 0.0 
640000 1582 281.504 4085.738 11.154 1.1076 0.0 
641000 1586 282.802 4129.381 11.307 1.1109 0.0 
642000 1590 281.281 4185.065 11.492 1.1018 0.0 
643000 1592 282.068 4226.062 11.65 1.1029 0.0 
644000 1594 296.058 4243.655 11.62 1.1871 0.0 
645000 1596 295.114 4269.479 11.672 1.1827 0.0 
646000 1598 308.387 4292.565 11.498 1.2458 0.0 
647000 1601 312.022 4327.954 11.627 1.2667 0.0 
648000 1603 315.497 4351.188 11.743 1.2872 0.0 
649000 1604 327.767 4352.607 11.496 1.3676 0.0 
650000 1607 331.367 4349.694 10.674 1.426 0.0 
651000 1608 332.5 4351.111 10.737 1.4298 0.0 
652000 1611 343.882 4381.218 10.48 1.4821 0.0 
653000 1614 347.983 4413.336 10.573 1.5001 0.0 
654000 1616 349.176 4451.224 10.764 1.5064 0.0 
655000 1620 347.295 4491.88 10.955 1.4919 0.0 
656000 1622 350.299 4526.664 11.079 1.5001 0.0 
657000 1624 354.774 4560.23 11.138 1.5265 0.0 
658000 1626 359.189 4587.171 11.221 1.5524 0.0 
659000 1630 354.156 4640.551 11.594 1.524 0.0 
660000 1633 350.689 4689.483 11.682 1.5019 0.0 
661000 1636 350.989 4727.618 11.887 1.4986 0.0 
662000 1639 348.728 4782.494 12.114 1.4815 0.0 
663000 1641 352.005 4816.349 12.258 1.4959 0.0 
664000 1645 350.953 4864.082 12.537 1.4862 0.0 
665000 1648 349.5 4914.675 12.743 1.4757 0.0 
666000 1651 344.236 4945.005 12.44 1.4479 0.0 
667000 1652 344.112 4951.483 12.53 1.448 0.0 
668000 1654 357.245 4973.994 12.382 1.521 0.0 
669000 1656 369.478 4998.554 12.285 1.5982 0.0 
670000 1659 361.908 5027.808 12.287 1.5557 0.0 
671000 1660 374.67 5034.01 12.059 1.618 0.0 
672000 1664 372.864 5084.369 12.122 1.5995 0.0 
673000 1667 365.134 5130.215 12.261 1.5588 0.0 
674000 1669 374.814 5141.989 12.039 1.5926 0.0 
675000 1673 363.79 5189.543 12.01 1.5349 0.0 
676000 1677 354.966 5235.866 11.952 1.488 0.0 
677000 1682 343.043 5275.511 11.7 1.4255 0.0 
678000 1688 322.076 5326.765 11.358 1.3226 0.0 
679000 1693 311.816 5378.01 11.333 1.2725 0.0 
680000 1698 299.147 5423.835 10.959 1.2084 0.0 
681000 1703 290.046 5466.844 10.818 1.1605 0.0 
682000 1709 276.256 5496.36 10.128 1.0941 0.0 
683000 1714 269.041 5546.84 10.062 1.056 0.0 
684000 1717 271.393 5587.354 10.203 1.0657 0.0 
685000 1723 260.237 5621.864 9.767 1.0102 0.0 
686000 1729 248.469 5673.419 9.624 0.9539 0.0 
687000 1734 246.592 5728.677 9.905 0.9416 0.0 
688000 1738 246.093 5769.299 9.878 0.9357 0.0 
689000 1743 240.82 5792.964 9.324 0.9097 0.0 
690000 1747 240.687 5844.471 9.563 0.9076 0.0 
691000 1754 228.388 5849.312 8.364 0.8512 0.0 
692000 1761 219.177 5874.571 7.861 0.8083 0.0 
693000 1768 206.792 5885.141 6.972 0.755 0.0 
694000 1773 205.415 5919.804 7.105 0.7454 0.0 
695000 1780 197.93 5965.951 6.866 0.7109 0.0 
696000 1785 198.171 5987.779 6.632 0.7091 0.0 
697000 1792 193.17 6019.566 6.433 0.6848 0.0 
698000 1798 188.546 6051.156 6.253 0.6651 0.0 
699000 1804 186.663 6090.293 6.21 0.6584 0.0 
700000 1808 188.43 6114.069 6.179 0.6716 0.0 
701000 1814 190.041 6144.426 6.162 0.677 0.0 
702000 1819 189.236 6176.759 6.153 0.6835 0.0 
703000 1826 184.784 6216.952 6.142 0.6738 0.0 
704000 1831 185.419 6261.538 6.432 0.7218 0.0 
705000 1837 181.654 6313.413 6.556 0.7472 0.0 
706000 1843 181.635 6354.937 6.714 0.7506 0.0 
707000 1849 180.446 6406.244 6.913 0.7559 0.0 
708000 1855 176.21 6451.483 6.864 0.7406 0.0 
709000 1863 170.804 6480.825 6.522 0.716 0.0 
710000 1868 167.993 6544.744 6.777 0.716 0.0 
711000 1872 179.306 6568.922 7.016 0.8151 0.0 
712000 1878 178.985 6625.936 7.345 0.8141 0.0 
713000 1883 179.614 6677.661 7.569 0.8041 0.0 
714000 1889 178.648 6727.19 7.648 0.8022 0.0 
715000 1894 178.212 6781.022 7.846 0.8027 0.0 
716000 1899 180.959 6828.684 8.023 0.8373 0.0 
717000 1904 184.421 6880.301 8.326 0.8872 0.0 
718000 1909 185.292 6925.428 8.371 0.8962 0.0 
719000 1913 191.653 6973.21 8.718 0.9394 0.0 
720000 1918 189.236 7019.479 8.498 0.9198 0.0 
721000 1923 190.459 7074.307 8.764 0.9322 0.0 
722000 1928 193.815 7130.192 9.209 0.9532 0.0 
723000 1931 198.837 7185.358 9.515 0.9862 0.0 
724000 1936 200.878 7238.345 9.739 1.0122 0.0 
725000 1940 204.963 7296.488 10.143 1.047 0.0 
726000 1944 206.546 7337.509 10.096 1.0682 0.0 
727000 1949 206.358 7383.696 9.998 1.0683 0.0 
728000 1954 207.051 7423.426 9.909 1.0841 0.0 
729000 1956 217.671 7451.731 10.017 1.1617 0.0 
730000 1960 222.069 7487.237 10.023 1.1806 0.0 
731000 1965 218.861 7523.791 9.691 1.1579 0.0 
732000 1967 222.992 7561.021 9.925 1.1797 0.0 
733000 1970 231.207 7601.194 10.123 1.2164 0.0 
734000 1974 237.3 7635.39 10.148 1.2479 0.0 
735000 1976 241.448 7657.911 10.126 1.2733 0.0 
736000 1978 257.466 7672.98 10.055 1.4253 0.0 
737000 1981 259.8 7712.47 10.1 1.4334 0.0 
738000 1985 263.173 7740.859 10.139 1.4601 0.0 
739000 1988 263.661 7777.688 10.033 1.4528 0.0 
740000 1990 263.755 7799.485 10.064 1.4558 0.0 
741000 1993 278.582 7827.994 10.132 1.5506 0.0 
742000 1994 278.93 7845.425 10.128 1.5472 0.0 
743000 1996 293.665 7864.036 10.225 1.6442 0.0 
744000 1997 307.791 7863.827 10.066 1.7577 0.0 
745000 2000 316.677 7905.178 10.206 1.8126 0.0 
746000 2003 316.479 7936.558 10.164 1.8031 0.0 
747000 2004 329.809 7944.579 10.217 1.93 0.0 
748000 2005 327.793 7954.233 10.129 1.9077 0.0 
749000 2008 337.592 7972.307 10.061 1.9807 0.0 
750000 2011 342.518 7992.006 9.789 2.0397 0.0 
751000 2014 340.014 8021.133 9.74 2.0037 0.0 
752000 2015 350.994 8013.174 9.409 2.1088 0.0 
753000 2018 356.075 8044.19 9.495 2.132 0.0 
754000 2021 356.9 8071.562 9.577 2.1293 0.0 
755000 2024 352.178 8110.648 9.636 2.0801 0.0 
756000 2025 350.475 8123.367 9.635 2.0625 0.0 
757000 2029 359.393 8169.808 9.996 2.1138 0.0 
758000 2031 358.69 8213.608 10.177 2.09 0.0 
759000 2033 357.472 8230.464 10.331 2.0783 0.0 
760000 2036 365.072 8249.052 9.989 2.1592 0.0 
761000 2038 365.561 8277.77 10.212 2.1525 0.0 
762000 2039 375.43 8282.974 10.114 2.2303 0.0 
763000 2041 380.437 8302.219 10.151 2.2822 0.0 
764000 2044 385.075 8344.021 10.245 2.3488 0.0 
765000 2045 397.373 8352.245 10.225 2.4615 0.0 
766000 2047 401.245 8369.312 10.222 2.4883 0.0 
767000 2048 413.22 8364.322 9.913 2.6131 0.0 
768000 2049 411.955 8356.722 9.782 2.606 0.0 
769000 2051 426.702 8374.964 9.485 2.7996 0.0 
770000 2052 431.068 8378.725 9.386 2.8332 0.0 
771000 2054 441.258 8409.009 9.562 2.9449 0.0 
772000 2057 433.661 8435.809 9.547 2.8808 0.0 
773000 2058 433.768 8438.119 9.609 2.8909 0.0 
774000 2061 439.267 8456.363 9.263 2.919 0.0 
775000 2063 438.099 8467.094 9.232 2.9038 0.0 
776000 2066 436.188 8514.336 9.407 2.8495 0.0 
777000 2069 430.975 8553.866 9.642 2.8085 0.0 
778000 2071 436.257 8560.0 9.545 2.8544 0.0 
779000 2073 433.444 8593.753 9.708 2.8283 0.0 
780000 2075 430.272 8614.116 9.682 2.7919 0.0 
781000 2076 441.107 8620.019 9.715 2.8419 0.0 
782000 2077 452.285 8615.524 9.511 2.9221 0.0 
783000 2079 459.614 8633.989 9.345 2.9825 0.0 
784000 2081 468.693 8626.092 9.015 3.0201 0.0 
785000 2082 465.72 8642.143 9.119 2.9925 0.0 
786000 2084 471.142 8654.368 8.871 3.013 0.0 
787000 2085 481.719 8648.222 8.677 3.0919 0.0 
788000 2089 470.708 8679.58 8.576 3.0084 0.0 
789000 2090 469.974 8693.53 8.698 2.9911 0.0 
790000 2092 480.763 8702.563 8.462 3.0479 0.0 
791000 2093 491.148 8695.859 8.163 3.2103 0.0 
792000 2095 487.176 8726.87 8.534 3.194 0.0 
793000 2096 497.432 8720.658 8.197 3.2928 0.0 
794000 2099 492.837 8755.21 8.33 3.239 0.0 
795000 2102 483.878 8794.221 8.66 3.1741 0.0 
796000 2104 483.507 8812.892 8.613 3.1518 0.0 
797000 2107 476.381 8830.532 8.629 3.0929 0.0 
798000 2109 473.773 8861.679 8.711 3.0648 0.0 
799000 2110 472.238 8859.076 8.746 3.0474 0.0 
800000 2113 480.357 8884.939 8.69 3.0772 0.0 
801000 2115 478.392 8918.132 8.858 3.064 0.0 
802000 2116 481.624 8922.403 8.87 3.0916 0.0 
803000 2119 477.814 8956.3 8.865 3.0568 0.0 
804000 2122 473.096 8986.717 9.117 3.0129 0.0 
805000 2123 483.634 8980.124 8.781 3.1439 0.0 
806000 2125 479.789 9021.016 9.055 3.0951 0.0 
807000 2127 481.696 9045.096 9.206 3.1077 0.0 
808000 2130 474.624 9090.438 9.541 3.0423 0.0 
809000 2133 468.781 9122.668 9.817 2.9938 0.0 
810000 2134 473.065 9145.419 9.754 3.0225 0.0 
811000 2137 468.665 9179.771 10.07 3.0118 0.0 
812000 2140 460.786 9226.166 10.356 2.9589 0.0 
813000 2143 454.181 9256.151 10.394 2.9167 0.0 
814000 2144 451.617 9270.83 10.515 2.8893 0.0 
815000 2147 459.372 9297.276 10.47 2.9491 0.0 
816000 2149 455.727 9334.454 10.581 2.9218 0.0 
817000 2150 460.492 9344.86 10.518 2.9672 0.0 
818000 2152 469.857 9362.707 10.555 3.0516 0.0 
819000 2154 469.39 9390.678 10.64 3.0346 0.0 
820000 2157 465.853 9416.801 10.75 3.0031 0.0 
821000 2158 461.796 9422.098 10.681 2.9683 0.0 
822000 2160 470.788 9448.583 10.428 3.0444 0.0 
823000 2163 465.167 9490.321 10.725 2.9852 0.0 
824000 2166 460.032 9540.134 11.107 2.9127 0.0 
825000 2169 452.942 9580.206 11.331 2.8316 0.0 
826000 2172 446.895 9623.504 11.569 2.7819 0.0 
827000 2174 446.439 9657.196 11.631 2.7668 0.0 
828000 2176 449.847 9681.043 11.707 2.7753 0.0 
829000 2177 456.73 9707.992 11.778 2.8166 0.0 
830000 2180 452.778 9754.923 12.143 2.7695 0.0 
831000 2183 446.062 9787.757 12.093 2.7086 0.0 
832000 2186 436.852 9824.243 12.1 2.6313 0.0 
833000 2187 448.115 9830.682 12.003 2.6998 0.0 
834000 2189 441.525 9844.326 11.985 2.6625 0.0 
835000 2192 448.69 9878.171 11.917 2.7126 0.0 
836000 2194 443.797 9909.546 11.978 2.6606 0.0 
837000 2197 442.671 9943.352 11.952 2.6446 0.0 
838000 2199 438.693 9981.395 12.249 2.612 0.0 
839000 2200 445.579 9981.84 12.022 2.6557 0.0 
840000 2202 455.334 9998.854 11.782 2.7697 0.0 
841000 2203 466.228 9997.573 11.519 2.8425 0.0 
842000 2204 466.383 9999.958 11.513 2.8416 0.0 
843000 2205 477.056 10006.996 11.204 2.9491 0.0 
844000 2206 483.694 10018.344 11.209 3.0621 0.0 
845000 2209 490.973 10046.944 11.231 3.0989 0.0 
846000 2211 493.273 10048.986 10.92 3.1013 0.0 
847000 2213 489.667 10087.643 11.054 3.0569 0.0 
848000 2215 488.767 10107.075 11.0 3.0363 0.0 
849000 2216 498.352 10115.682 10.788 3.102 0.0 
850000 2217 506.864 10128.229 10.959 3.1317 0.0 
851000 2220 502.269 10159.049 10.968 3.0811 0.0 
852000 2223 492.554 10197.159 11.151 3.0062 0.0 
853000 2224 498.283 10206.036 10.914 3.0481 0.0 
854000 2227 487.717 10252.243 11.282 2.9514 0.0 
855000 2230 481.411 10295.922 11.457 2.8864 0.0 
856000 2232 475.036 10316.325 11.522 2.8299 0.0 
857000 2234 481.405 10334.024 11.267 2.9271 0.0 
858000 2235 480.697 10345.467 11.27 2.9192 0.0 
859000 2238 485.43 10381.232 11.345 2.9456 0.0 
860000 2240 485.261 10409.989 11.423 2.9309 0.0 
861000 2242 484.587 10434.645 11.488 2.907 0.0 
862000 2245 478.059 10483.262 11.778 2.8525 0.0 
863000 2248 469.859 10527.796 11.991 2.7905 0.0 
864000 2251 459.384 10573.648 12.12 2.7053 0.0 
865000 2254 453.935 10621.207 12.383 2.6828 0.0 
866000 2257 448.374 10664.025 12.629 2.6312 0.0 
867000 2259 446.824 10703.614 12.719 2.6038 0.0 
868000 2262 444.743 10729.546 12.726 2.5719 0.0 
869000 2265 437.047 10777.239 12.841 2.5045 0.0 
870000 2268 429.644 10825.789 13.0 2.4334 0.0 
871000 2271 424.093 10873.288 13.089 2.3864 0.0 
872000 2274 415.924 10928.216 13.31 2.333 0.0 
873000 2278 400.968 10978.407 13.299 2.223 0.0 
874000 2280 406.929 11007.289 13.203 2.2407 0.0 
875000 2283 404.529 11053.716 13.465 2.2031 0.0 
876000 2284 415.479 11061.605 13.315 2.2773 0.0 
877000 2286 418.424 11086.275 13.243 2.2781 0.0 
878000 2290 408.933 11132.639 13.376 2.2152 0.0 
879000 2292 402.371 11165.018 13.373 2.1684 0.0 
880000 2294 413.543 11189.148 13.286 2.2514 0.0 
881000 2295 422.193 11207.655 13.28 2.3073 0.0 
882000 2299 414.419 11246.043 13.271 2.252 0.0 
883000 2302 408.471 11298.1 13.338 2.212 0.0 
884000 2304 410.739 11322.809 13.293 2.2142 0.0 
885000 2307 404.472 11362.127 13.169 2.1738 0.0 
886000 2309 406.156 11389.263 13.174 2.1783 0.0 
887000 2311 406.671 11419.088 13.213 2.1743 0.0 
888000 2315 402.583 11451.262 13.109 2.1425 0.0 
889000 2317 404.371 11488.894 13.103 2.1416 0.0 
890000 2321 396.285 11536.252 13.297 2.0929 0.0 
891000 2323 392.183 11576.111 13.277 2.0839 0.0 
892000 2327 385.828 11630.782 13.313 2.0502 0.0 
893000 2328 386.492 11644.537 13.27 2.0482 0.0 
894000 2331 397.151 11676.111 13.354 2.0897 0.0 
895000 2335 385.928 11741.12 13.614 2.0312 0.0 
896000 2339 373.321 11810.27 13.749 1.9789 0.0 
897000 2340 385.855 11805.632 13.417 2.1043 0.0 
898000 2341 383.817 11831.43 13.498 2.0867 0.0 
899000 2344 393.774 11856.493 13.27 2.1642 0.0 
900000 2345 391.118 11873.728 13.288 2.1437 0.0 
901000 2347 400.63 11902.5 13.364 2.2024 0.0 
902000 2349 415.225 11920.172 13.36 2.3464 0.0 
903000 2350 423.101 11926.462 13.249 2.39 0.0 
904000 2353 420.648 11971.496 13.157 2.3803 0.0 
905000 2355 420.271 12000.846 13.195 2.3792 0.0 
906000 2357 428.389 12018.622 13.248 2.4389 0.0 
907000 2358 433.261 12040.92 13.224 2.4941 0.0 
908000 2360 439.206 12059.632 13.093 2.5457 0.0 
909000 2361 441.482 12072.736 13.035 2.5534 0.0 
910000 2363 456.4 12085.308 13.031 2.65 0.0 
911000 2366 444.476 12139.118 13.054 2.5634 0.0 
912000 2368 445.3 12166.552 13.076 2.5743 0.0 
913000 2371 445.523 12186.613 12.991 2.5783 0.0 
914000 2372 444.832 12218.184 13.073 2.5723 0.0 
915000 2375 446.127 12257.909 13.114 2.5804 0.0 
916000 2376 457.204 12265.875 13.06 2.6644 0.0 
917000 2377 467.6 12280.911 13.047 2.7706 0.0 
918000 2379 466.378 12312.413 13.075 2.7486 0.0 
919000 2381 465.28 12335.278 13.069 2.7366 0.0 
920000 2383 463.745 12369.003 13.229 2.7283 0.0 
921000 2386 465.132 12413.422 13.418 2.7923 0.0 
922000 2388 466.2 12436.679 13.339 2.8354 0.0 
923000 2390 459.874 12464.248 13.357 2.8572 0.0 
924000 2393 459.63 12500.074 13.271 2.8568 0.0 
925000 2395 455.783 12523.951 13.295 2.8091 0.0 
926000 2397 457.383 12548.347 13.167 2.8096 0.0 
927000 2399 460.446 12565.391 13.004 2.8171 0.0 
928000 2401 467.412 12579.227 12.838 2.8845 0.0 
929000 2403 461.804 12616.947 12.932 2.8322 0.0 
930000 2406 456.424 12662.911 13.105 2.7937 0.0 
931000 2407 462.135 12674.174 12.96 2.827 0.0 
932000 2409 469.915 12704.361 13.11 2.8571 0.0 
933000 2411 462.616 12731.385 13.164 2.7922 0.0 
934000 2413 472.816 12754.867 13.095 2.8359 0.0 
935000 2416 465.143 12800.808 13.285 2.7748 0.0 
936000 2418 462.005 12832.018 13.337 2.7424 0.0 
937000 2421 451.928 12861.783 13.093 2.6683 0.0 
938000 2423 452.599 12887.015 13.12 2.663 0.0 
939000 2424 463.287 12896.15 13.039 2.7049 0.0 
940000 2427 464.907 12937.557 13.056 2.7069 0.0 
941000 2428 469.469 12947.63 13.012 2.7441 0.0 
942000 2429 479.48 12952.75 12.943 2.8098 0.0 
943000 2430 484.15 12968.046 12.828 2.8511 0.0 
944000 2433 488.233 13001.377 12.919 2.8784 0.0 
945000 2434 498.468 13018.357 12.941 2.9605 0.0 
946000 2435 508.499 13015.077 12.685 3.0025 0.0 
947000 2437 505.959 13048.026 12.731 2.9744 0.0 
948000 2439 499.806 13083.878 12.855 2.9112 0.0 
949000 2442 498.744 13115.802 12.925 2.8929 0.0 
950000 2444 497.853 13152.916 13.059 2.8778 0.0 
951000 2446 495.866 13180.599 13.009 2.8376 0.0 
952000 2449 482.361 13215.709 12.987 2.736 0.0 
953000 2452 474.396 13258.201 13.022 2.6568 0.0 
954000 2455 471.26 13289.141 12.988 2.6133 0.0 
955000 2457 473.039 13305.74 12.847 2.6026 0.0 
956000 2459 473.025 13338.923 12.848 2.597 0.0 
957000 2461 464.729 13365.466 12.868 2.538 0.0 
958000 2462 475.434 13377.905 12.77 2.6149 0.0 
959000 2464 484.411 13406.245 12.87 2.6653 0.0 
960000 2465 494.222 13418.089 12.875 2.7193 0.0 
961000 2467 497.234 13428.001 12.684 2.7302 0.0 
962000 2469 497.894 13444.027 12.554 2.7147 0.0 
963000 2470 497.176 13467.611 12.564 2.7008 0.0 
964000 2471 507.233 13477.509 12.556 2.7715 0.0 
965000 2473 512.039 13502.028 12.525 2.9536 0.0 
966000 2475 517.198 13514.045 12.47 3.0759 0.0 
967000 2476 517.854 13535.29 12.44 3.0685 0.0 
968000 2477 523.897 13545.822 12.401 3.1183 0.0 
969000 2478 533.419 13558.931 12.37 3.2099 0.0 
970000 2480 540.789 13581.181 12.36 3.2403 0.0 
971000 2482 538.292 13603.226 12.272 3.2183 0.0 
972000 2484 534.535 13628.08 12.269 3.1977 0.0 
973000 2486 534.082 13655.437 12.368 3.2592 0.0 
974000 2489 528.841 13684.691 12.437 3.2395 0.0 
975000 2491 526.207 13715.767 12.439 3.2207 0.0 
976000 2493 526.43 13738.033 12.468 3.2217 0.0 
977000 2494 525.401 13750.577 12.493 3.2235 0.0 
978000 2496 529.108 13765.14 12.155 3.2414 0.0 
979000 2497 534.286 13779.181 12.1 3.3013 0.0 
980000 2499 537.455 13799.885 12.073 3.3126 0.0 
981000 2501 536.688 13830.735 12.169 3.2954 0.0 
982000 2503 535.806 13855.134 12.127 3.2816 0.0 
983000 2507 517.49 13898.226 12.29 3.1595 0.0 
984000 2510 504.486 13947.711 12.351 3.0718 0.0 
985000 2512 506.866 13957.373 12.246 3.1036 0.0 
986000 2514 500.727 13990.058 12.174 3.0576 0.0 
987000 2516 493.935 14015.858 12.221 3.001 0.0 
988000 2520 484.416 14062.579 12.237 2.9169 0.0 
989000 2521 487.307 14074.872 12.182 2.9241 0.0 
990000 2523 492.102 14103.949 12.2 2.9327 0.0 
991000 2526 484.744 14142.73 12.215 2.8791 0.0 
992000 2529 475.884 14176.861 12.307 2.8269 0.0 
993000 2531 470.336 14206.571 12.345 2.7865 0.0 
994000 2532 472.469 14206.681 12.341 2.8677 0.0 
995000 2534 481.439 14226.237 12.074 2.9754 0.0 
996000 2535 491.81 14236.252 12.01 3.0691 0.0 
997000 2537 500.635 14257.203 12.031 3.114 0.0 
998000 2539 499.756 14285.21 12.045 3.0887 0.0 
999000 2540 508.981 14292.591 11.889 3.1826 0.0 
1000000 2542 497.482 14301.045 11.772 3.0911 0.0 
