10000 61 115.567 450.0 5.17 0.1914 74.8549 
20000 123 146.932 853.0 6.173 1.0612 74.7706 
30000 187 150.381 1289.0 6.577 2.0423 75.8764 
40000 248 157.959 1749.0 7.151 2.4087 81.8156 
50000 305 164.838 2248.0 7.807 2.5865 89.2239 
60000 369 160.653 2698.0 7.49 2.5457 84.4902 
70000 427 167.545 3190.0 8.025 2.6577 96.1424 
80000 490 160.714 3658.0 7.483 2.5556 87.9391 
90000 552 159.032 4161.0 7.737 2.529 87.5449 
100000 615 163.609 4639.0 7.956 2.5997 92.6476 
110000 675 168.794 5157.0 8.686 2.6881 104.1953 
120000 732 174.038 5614.0 8.193 2.7696 109.7313 
130000 788 173.883 6079.0 8.121 2.7691 115.0212 
140000 855 157.362 6540.0 7.355 2.5061 92.9286 
150000 918 159.021 7032.0 7.761 2.5296 89.7817 
160000 976 170.186 7508.0 8.083 2.705 97.0486 
170000 1040 156.76 8022.0 7.782 2.4908 90.4079 
180000 1095 172.217 8578.0 9.183 2.7396 114.9351 
190000 1156 163.483 9089.0 8.392 2.5998 97.0328 
200000 1215 167.512 9640.0 9.042 2.6667 115.1249 
210000 1273 168.465 10127.0 8.354 2.6808 101.5661 
220000 1334 167.708 10631.0 8.575 2.6689 98.3105 
230000 1386 183.095 11207.0 10.25 2.9103 117.3065 
240000 1444 175.358 11717.0 9.177 2.7901 115.7942 
250000 1501 176.576 12274.0 9.713 2.8095 127.284 
260000 1560 172.5 12837.0 9.565 2.7443 112.552 
270000 1623 160.721 13370.0 8.524 2.5549 101.063 
280000 1679 171.279 14010.0 10.367 2.7239 122.1969 
290000 1730 186.289 14619.0 11.396 2.9636 138.7071 
300000 1787 176.018 15151.0 9.777 2.7992 121.9924 
310000 1841 186.678 15789.0 11.6 2.9664 147.6349 
320000 1896 181.489 16327.0 10.236 2.8859 129.8792 
330000 1955 175.626 16901.0 10.014 2.7919 119.8064 
340000 2007 184.414 17490.0 10.742 2.9316 138.6354 
350000 2063 181.948 18044.0 10.276 2.8947 130.187 
360000 2119 178.382 18632.0 10.419 2.8399 128.3664 
370000 2179 172.582 19183.0 9.738 2.7454 116.6209 
380000 2236 171.449 19773.0 10.066 2.7251 119.4183 
390000 2292 167.74 20378.0 9.773 2.6657 112.0115 
400000 2346 184.563 21037.0 11.884 2.9374 140.0881 
410000 2401 182.491 21611.0 11.006 2.9057 126.4162 
420000 2458 174.444 22219.0 10.329 2.7759 115.7081 
430000 2517 174.379 22796.0 10.164 2.7749 119.1065 
440000 2574 171.559 23343.0 9.467 2.7295 119.5044 
450000 2626 184.77 23968.0 11.186 2.9404 153.5107 
460000 2683 175.178 24561.0 10.412 2.787 127.0308 
470000 2738 176.099 25193.0 11.057 2.8017 156.7464 
480000 2796 171.324 25814.0 10.674 2.7231 132.3857 
490000 2843 200.254 26495.0 13.437 3.1876 230.8992 
500000 2898 188.849 27131.0 12.387 3.0072 173.418 
510000 2951 189.646 27748.0 12.01 3.0199 166.562 
520000 3006 181.276 28368.0 11.183 2.887 141.7831 
530000 3060 182.777 28982.0 11.128 2.9111 141.2376 
540000 3106 206.578 29624.0 13.285 3.2897 179.0357 
550000 3160 190.87 30173.0 11.239 3.0362 146.6819 
560000 3209 197.742 30828.0 12.54 3.1457 170.85 
570000 3261 195.214 31466.0 12.324 3.1047 162.502 
580000 3312 197.799 32097.0 12.39 3.1466 158.1174 
590000 3366 188.751 32745.0 12.124 3.0034 143.362 
600000 3414 205.418 33376.0 12.966 3.2681 182.6147 
610000 3466 194.223 34105.0 13.384 3.0922 179.086 
620000 3519 194.185 34799.0 13.322 3.0888 165.6418 
630000 3566 207.551 35510.0 14.506 3.3022 192.3524 
640000 3620 192.099 36179.0 13.125 3.0592 159.3482 
650000 3667 198.963 36964.0 14.547 3.1655 196.0203 
660000 3723 187.478 37673.0 13.683 2.987 188.3231 
670000 3767 215.705 38419.0 16.074 3.4327 227.0946 
680000 3815 210.741 39185.0 16.128 3.355 223.0729 
690000 3869 196.197 39851.0 13.837 3.1226 178.9314 
700000 3923 184.589 40534.0 12.663 2.9396 147.6181 
710000 3974 192.409 41274.0 13.999 3.0645 178.3136 
720000 4019 209.741 42023.0 15.653 3.3414 202.3761 
730000 4063 223.753 42766.0 16.623 3.5609 250.7911 
740000 4107 222.108 43628.0 17.921 3.5347 267.5081 
750000 4149 230.938 44393.0 17.917 3.6762 277.9884 
760000 4197 216.691 45149.0 16.755 3.4505 259.8795 
770000 4244 217.246 45944.0 17.406 3.4601 244.4835 
780000 4300 191.053 46690.0 14.475 3.0423 216.939 
790000 4350 197.731 47521.0 15.87 3.1469 236.8949 
800000 4389 224.986 48324.0 17.811 3.5799 262.8201 
810000 4433 222.43 49189.0 18.95 3.5557 249.6406 
820000 4480 218.675 50087.0 19.18 3.5625 258.7078 
830000 4527 217.408 50907.0 18.615 3.5624 265.209 
840000 4570 223.8 51763.0 19.154 3.6661 286.2329 
850000 4613 229.296 52589.0 19.274 3.7613 283.9483 
860000 4658 224.416 53446.0 19.315 3.683 269.9191 
870000 4702 226.277 54289.0 19.29 3.7153 272.144 
880000 4752 209.54 55186.0 18.309 3.4388 244.6681 
890000 4797 217.65 56078.0 19.222 3.5767 253.9324 
900000 4837 232.713 57021.0 21.355 3.8204 326.0647 
910000 4881 227.25 57916.0 20.66 3.7346 299.6407 
920000 4921 245.001 58820.0 22.291 4.0232 330.439 
930000 4959 249.04 59723.0 22.251 4.0876 315.7572 
940000 5001 240.836 60602.0 21.396 3.9579 307.753 
950000 5046 226.244 61539.0 20.887 3.7133 272.0706 
960000 5081 263.586 62465.0 24.101 4.3277 329.2033 
970000 5121 256.558 63379.0 23.324 4.2145 323.3755 
980000 5164 242.424 64367.0 22.91 3.9783 302.2814 
990000 5205 242.343 65337.0 23.145 3.9835 327.0366 
1000000 5247 240.868 66348.0 23.49 3.9577 325.3 
1010000 5289 235.418 67403.0 24.003 3.8666 354.1953 
1020000 5328 246.537 68436.0 25.524 4.0465 379.3558 
1030000 5373 232.533 69506.0 24.565 3.8213 341.6025 
1040000 5414 237.05 70467.0 23.849 3.8896 324.0013 
1050000 5454 241.619 71460.0 23.996 3.9672 335.466 
1060000 5494 248.941 72475.0 25.167 4.0874 353.2363 
1070000 5529 266.432 73402.0 25.885 4.3736 352.951 
1080000 5564 275.424 74447.0 27.813 4.5252 407.1802 
1090000 5602 270.64 75398.0 26.493 4.452 415.6078 
1100000 5641 263.321 76342.0 25.243 4.3304 416.9446 
1110000 5679 261.613 77433.0 26.761 4.3076 401.2426 
1120000 5719 255.12 78408.0 25.558 4.198 372.666 
1130000 5757 262.379 79411.0 26.121 4.3145 390.191 
1140000 5795 259.972 80457.0 26.403 4.268 398.9356 
1150000 5835 255.172 81504.0 26.505 4.1897 415.3172 
1160000 5872 264.529 82556.0 27.725 4.3433 425.6633 
1170000 5908 271.773 83671.0 29.506 4.4678 470.8165 
1180000 5947 263.208 84703.0 27.99 4.334 477.178 
1190000 5991 237.883 85656.0 23.364 3.9124 359.0411 
1200000 6033 237.0 86636.0 23.208 3.8906 362.8167 
1210000 6072 246.241 87686.0 25.024 4.0425 383.5682 
1220000 6112 250.271 88700.0 25.475 4.1158 399.9212 
1230000 6153 246.606 89718.0 24.745 4.0518 400.6028 
1240000 6198 232.275 90716.0 23.128 3.8105 345.4846 
1250000 6239 236.779 91664.0 23.425 3.887 337.5353 
1260000 6282 227.521 92713.0 22.679 3.7377 322.2243 
1270000 6324 233.284 93689.0 22.966 3.8358 315.2625 
1280000 6356 266.725 94628.0 26.06 4.3859 358.0437 
1290000 6397 254.44 95664.0 25.909 4.1808 386.1388 
1300000 6435 253.179 96711.0 26.136 4.1639 380.2491 
1310000 6475 256.672 97748.0 26.74 4.2175 420.7319 
1320000 6518 244.61 98908.0 27.131 4.0131 487.5489 
1330000 6560 241.728 99849.0 24.567 3.9683 392.4026 
1340000 6599 250.734 100883.0 25.576 4.1162 467.4333 
1350000 6638 250.457 101825.0 24.456 4.1089 410.8333 
1360000 6675 258.898 102856.0 25.969 4.2592 396.4582 
1370000 6713 262.919 103954.0 27.986 4.3275 451.6236 
1380000 6747 279.388 104978.0 28.666 4.5989 428.2565 
1390000 6786 264.261 106128.0 28.733 4.3458 438.5802 
1400000 6822 271.686 107106.0 27.708 4.4714 463.8325 
1410000 6859 272.308 108190.0 29.139 4.4768 474.1535 
1420000 6896 270.956 109210.0 27.88 4.4541 438.5149 
1430000 6933 267.382 110243.0 27.263 4.3958 398.7593 
1440000 6972 261.47 111317.0 27.423 4.3007 434.1767 
1450000 7008 268.816 112302.0 27.083 4.4158 381.1854 
1460000 7048 261.485 113403.0 28.193 4.2961 400.1192 
1470000 7086 263.02 114403.0 26.989 4.3227 372.8489 
1480000 7119 275.451 115404.0 27.132 4.5252 420.1063 
1490000 7160 263.741 116462.0 27.575 4.3308 391.2962 
1500000 7194 279.342 117440.0 27.998 4.5921 400.1246 
1510000 7230 271.574 118509.0 28.044 4.4721 419.993 
1520000 7268 273.239 119575.0 29.064 4.4972 483.5893 
1530000 7309 257.361 120630.0 27.506 4.232 419.7018 
1540000 7348 257.211 121581.0 25.999 4.2257 394.457 
1550000 7388 252.152 122565.0 25.449 4.1394 382.9146 
1560000 7426 258.958 123541.0 25.786 4.2526 389.4644 
1570000 7464 259.603 124434.0 24.379 4.2628 401.3599 
1580000 7501 265.055 125418.0 25.504 4.3529 416.8953 
1590000 7542 251.597 126359.0 23.77 4.1336 352.9045 
1600000 7581 256.365 127253.0 23.77 4.2131 332.9048 
1610000 7617 266.151 128302.0 26.246 4.3753 401.3285 
1620000 7654 263.782 129383.0 27.31 4.3397 434.7237 
1630000 7692 267.531 130394.0 27.244 4.3994 430.6831 
1640000 7728 269.255 131255.0 24.927 4.4287 383.8767 
1650000 7766 270.124 132228.0 25.8 4.4399 403.6014 
1660000 7802 272.25 133124.0 25.466 4.4812 404.3955 
1670000 7839 269.582 134014.0 24.714 4.4373 399.149 
1680000 7875 269.73 134980.0 25.338 4.4325 393.8633 
1690000 7911 273.897 135947.0 25.98 4.5023 450.6978 
1700000 7953 248.938 136880.0 23.117 4.0932 387.7214 
1710000 7996 243.139 137887.0 24.009 3.9977 395.2426 
1720000 8031 261.405 138874.0 25.654 4.3033 389.9993 
1730000 8069 263.032 139787.0 25.125 4.3236 403.4218 
1740000 8107 263.086 140644.0 23.24 4.3267 371.6472 
1750000 8144 269.675 141631.0 25.345 4.4301 408.2427 
1760000 8181 267.933 142623.0 25.707 4.4096 389.8545 
1770000 8218 268.467 143584.0 25.895 4.4255 377.0669 
1780000 8256 262.661 144637.0 26.224 4.3255 376.8002 
1790000 8292 274.086 145583.0 26.881 4.5116 393.011 
1800000 8332 260.558 146482.0 24.274 4.2836 346.8542 
1810000 8373 248.693 147440.0 23.559 4.086 335.6861 
1820000 8414 249.532 148395.0 23.853 4.103 356.7696 
1830000 8455 244.533 149376.0 23.959 4.0206 351.8195 
1840000 8495 249.325 150404.0 25.067 4.098 354.9971 
1850000 8532 258.542 151351.0 24.943 4.2536 359.1817 
1860000 8571 259.7 152398.0 26.064 4.2636 366.8611 
1870000 8604 280.036 153327.0 27.154 4.6031 393.4865 
1880000 8638 284.568 154292.0 27.565 4.6806 406.3119 
1890000 8672 291.943 155189.0 27.172 4.7982 406.0224 
1900000 8709 278.026 156031.0 24.667 4.5671 386.9154 
1910000 8752 255.541 156906.0 22.92 4.2055 335.8982 
1920000 8787 266.267 157776.0 23.117 4.3804 368.4366 
1930000 8822 274.005 158614.0 23.839 4.509 374.7188 
1940000 8862 262.751 159474.0 22.663 4.3183 359.11 
1950000 8900 267.132 160351.0 23.024 4.3933 346.0897 
1960000 8937 263.205 161315.0 23.92 4.3283 350.0891 
1970000 8972 277.807 162252.0 25.803 4.5713 406.7608 
1980000 9012 260.05 163118.0 23.293 4.2736 340.9542 
1990000 9048 267.061 164009.0 23.514 4.3914 359.4274 
2000000 9085 274.059 164856.0 23.647 4.5017 355.0313 
2010000 9127 253.02 165726.0 22.327 4.1598 329.861 
2020000 9165 254.748 166640.0 22.964 4.1893 351.1854 
2030000 9201 267.531 167527.0 23.623 4.3968 378.5163 
2040000 9238 268.132 168392.0 23.713 4.4104 404.8334 
2050000 9277 263.218 169273.0 23.126 4.332 381.936 
2060000 9321 246.6 170178.0 22.021 4.0588 325.8704 
2070000 9365 230.027 171050.0 20.234 3.7843 313.2973 
2080000 9405 243.947 171952.0 21.389 4.0043 322.4646 
2090000 9449 231.493 172832.0 20.465 3.8051 291.2725 
2100000 9492 224.341 173739.0 19.595 3.6935 276.0791 
2110000 9533 240.159 174621.0 21.115 3.9473 329.9387 
2120000 9574 242.732 175586.0 22.146 3.9859 320.2786 
2130000 9612 250.124 176559.0 23.572 4.1041 340.9927 
2140000 9651 253.769 177526.0 24.413 4.1678 364.8263 
2150000 9690 253.228 178477.0 24.324 4.163 365.1728 
2160000 9729 252.742 179412.0 23.877 4.1543 360.8806 
2170000 9769 253.125 180346.0 24.389 4.1663 356.6667 
2180000 9810 249.358 181220.0 22.483 4.1 315.5724 
2190000 9844 270.575 182129.0 24.34 4.4512 354.8537 
2200000 9885 254.328 182962.0 21.76 4.1841 333.0135 
2210000 9924 259.888 183808.0 22.252 4.2824 337.1077 
2220000 9965 248.343 184667.0 21.178 4.0879 321.836 
2230000 10006 247.322 185534.0 21.451 4.0681 330.301 
2240000 10044 256.534 186438.0 22.461 4.2196 387.7698 
2250000 10083 257.876 187236.0 21.761 4.2405 351.6997 
2260000 10121 262.697 188118.0 22.24 4.3154 349.6228 
2270000 10159 265.373 189045.0 23.669 4.3576 349.9061 
2280000 10197 261.593 190021.0 24.177 4.2999 359.2795 
2290000 10234 267.954 190920.0 24.536 4.4008 351.7903 
2300000 10269 276.014 191886.0 25.792 4.5308 386.4629 
2310000 10311 256.205 192848.0 24.13 4.2042 375.1198 
2320000 10350 258.365 193850.0 25.177 4.2439 373.2393 
2330000 10389 257.026 194823.0 24.971 4.2241 375.7623 
2340000 10431 243.709 195647.0 21.597 4.0087 324.5255 
2350000 10472 237.496 196463.0 20.138 3.9072 322.6645 
2360000 10508 261.83 197339.0 22.481 4.3043 344.1378 
2370000 10548 257.143 198196.0 21.813 4.2271 355.3458 
2380000 10591 245.286 199117.0 22.058 4.0292 326.7358 
2390000 10629 248.208 200008.0 21.815 4.0751 330.364 
2400000 10671 239.288 200812.0 20.022 3.9339 285.9407 
2410000 10707 258.399 201591.0 20.761 4.2543 302.1245 
2420000 10751 237.106 202410.0 19.228 3.9022 290.9025 
2430000 10792 240.463 203317.0 21.036 3.9547 325.727 
2440000 10833 242.64 204226.0 21.862 3.9951 332.7081 
2450000 10869 261.27 205174.0 23.997 4.3019 386.5675 
2460000 10909 258.998 206233.0 26.105 4.2626 415.4478 
2470000 10947 263.292 207193.0 25.538 4.3258 428.3332 
2480000 10988 250.875 208111.0 23.51 4.1173 368.961 
2490000 11025 260.994 209129.0 25.296 4.2909 389.4887 
2500000 11061 265.983 210171.0 26.716 4.369 427.1256 
2510000 11101 259.399 211114.0 25.48 4.2561 399.4197 
2520000 11136 269.239 212055.0 25.457 4.4183 394.1488 
2530000 11173 269.059 213071.0 26.606 4.4233 437.2891 
2540000 11211 268.21 214049.0 26.704 4.4129 434.0214 
2550000 11245 278.444 215118.0 28.724 4.5722 501.4022 
2560000 11283 269.271 216174.0 27.861 4.4262 442.0635 
2570000 11319 274.628 217096.0 26.725 4.5202 398.9465 
2580000 11355 276.585 218084.0 26.925 4.5478 454.7946 
2590000 11389 284.43 219017.0 27.117 4.6754 465.4349 
2600000 11433 253.374 219996.0 24.798 4.1659 373.8763 
2610000 11469 261.955 220949.0 24.888 4.3061 371.9539 
2620000 11508 256.946 221877.0 23.983 4.2248 365.1224 
2630000 11544 266.067 222874.0 25.869 4.3777 443.9946 
2640000 11586 250.005 223773.0 23.49 4.116 371.7974 
2650000 11626 250.544 224788.0 24.482 4.1155 372.5348 
2660000 11667 249.535 225673.0 23.332 4.1027 355.5511 
2670000 11706 250.067 226567.0 22.858 4.113 360.1292 
2680000 11739 266.76 227525.0 24.63 4.3872 367.3886 
2690000 11775 277.377 228561.0 27.431 4.5599 450.1053 
2700000 11811 273.364 229516.0 26.067 4.4884 424.849 
2710000 11853 255.589 230500.0 24.857 4.2015 395.5138 
2720000 11891 261.136 231423.0 24.699 4.2901 369.007 
2730000 11925 272.565 232347.0 25.218 4.4808 379.2779 
2740000 11964 266.106 233286.0 24.669 4.3777 425.8266 
2750000 12001 269.21 234184.0 24.487 4.4266 367.0628 
2760000 12042 256.525 235175.0 24.455 4.2184 351.6351 
2770000 12084 242.344 236116.0 22.838 3.982 326.0182 
2780000 12125 246.705 237015.0 22.718 4.0658 335.1725 
2790000 12164 252.061 237943.0 23.456 4.1449 356.0043 
2800000 12200 267.729 238917.0 25.584 4.401 386.551 
2810000 12240 252.969 239889.0 23.978 4.1656 357.6031 
2820000 12279 251.09 240737.0 22.099 4.1311 343.9485 
2830000 12318 251.475 241685.0 23.289 4.1314 380.706 
2840000 12359 251.208 242458.0 21.502 4.1279 329.9918 
2850000 12396 253.644 243327.0 21.669 4.1667 339.2119 
2860000 12435 250.41 244263.0 22.115 4.1152 335.2694 
2870000 12473 258.456 245134.0 23.024 4.2507 352.3657 
2880000 12510 263.925 246020.0 23.533 4.3378 423.9547 
2890000 12549 259.255 246992.0 24.154 4.2594 380.4337 
2900000 12585 267.545 248019.0 26.622 4.3979 412.1048 
2910000 12619 283.249 249007.0 27.911 4.66 435.8969 
2920000 12660 262.221 250081.0 26.998 4.3147 429.8338 
2930000 12700 254.847 251069.0 25.566 4.19 403.609 
2940000 12739 256.229 252066.0 25.501 4.2092 376.409 
2950000 12782 243.244 253001.0 23.473 3.9981 345.5629 
2960000 12819 249.865 253915.0 23.361 4.1105 350.5614 
2970000 12864 233.798 254749.0 20.3 3.842 299.823 
2980000 12903 247.945 255623.0 21.731 4.075 314.2365 
2990000 12945 235.562 256560.0 20.957 3.8691 298.2348 
3000000 12991 232.676 257486.0 21.577 3.8244 332.3954 
3010000 13029 251.391 258425.0 23.353 4.1287 336.0561 
3020000 13065 265.57 259358.0 24.797 4.3664 362.7654 
3030000 13103 258.405 260344.0 24.842 4.2497 357.6939 
3040000 13140 265.58 261222.0 24.386 4.366 372.9189 
3050000 13185 236.001 262085.0 20.54 3.8778 296.5301 
3060000 13224 245.238 263022.0 22.303 4.0361 341.1966 
3070000 13266 239.576 263980.0 22.216 3.939 324.4951 
3080000 13308 237.862 265026.0 23.659 3.9117 339.5591 
3090000 13350 238.131 265978.0 23.007 3.9164 345.124 
3100000 13394 235.582 266990.0 23.531 3.8738 353.9834 
3110000 13438 229.442 267964.0 22.515 3.7767 329.6897 
3120000 13476 250.723 268995.0 25.375 4.1263 359.1134 
3130000 13518 241.303 269928.0 23.32 3.9684 331.3067 
3140000 13557 244.555 270963.0 24.243 4.0231 344.7815 
3150000 13597 248.853 271936.0 24.686 4.0935 352.2926 
3160000 13635 256.08 272905.0 24.847 4.2128 361.838 
3170000 13675 255.958 273626.0 21.244 4.2084 301.9356 
3180000 13709 273.499 274504.0 23.633 4.4968 374.5573 
3190000 13752 248.288 275524.0 23.516 4.0768 326.6833 
3200000 13790 261.491 276484.0 24.819 4.3042 361.0088 
3210000 13828 260.565 277490.0 25.421 4.2832 392.314 
3220000 13863 269.693 278595.0 27.669 4.4349 407.2653 
3230000 13906 249.213 279491.0 23.817 4.0981 369.2199 
3240000 13950 237.666 280541.0 23.919 3.9079 345.4529 
3250000 13990 242.931 281546.0 24.379 3.9917 339.4929 
3260000 14028 248.203 282476.0 23.775 4.0762 330.2918 
3270000 14068 249.175 283422.0 23.758 4.0941 333.3734 
3280000 14110 247.121 284316.0 23.084 4.0605 333.5993 
3290000 14154 232.348 285234.0 21.522 3.8132 332.2298 
3300000 14190 253.628 286148.0 22.788 4.1637 352.4134 
3310000 14232 248.361 287111.0 23.34 4.0809 358.8638 
3320000 14281 217.728 287951.0 18.864 3.5797 265.5364 
3330000 14324 223.232 288819.0 19.361 3.6688 273.9014 
3340000 14367 228.971 289807.0 21.671 3.7678 327.301 
3350000 14409 230.851 290680.0 20.694 3.7952 306.3184 
3360000 14453 229.823 291601.0 21.065 3.778 304.6996 
3370000 14490 249.274 292489.0 22.506 4.0986 325.9201 
3380000 14532 241.913 293526.0 23.375 3.9813 328.8944 
3390000 14571 244.416 294391.0 21.89 4.0211 345.7787 
3400000 14617 228.281 295176.0 19.038 3.7515 265.0472 
3410000 14655 243.356 296128.0 21.939 3.9991 289.9958 
3420000 14694 247.971 297017.0 22.321 4.0766 340.5522 
3430000 14733 250.75 297949.0 23.24 4.1216 345.2693 
3440000 14775 240.13 298863.0 21.696 3.9535 302.4824 
3450000 14816 243.377 299835.0 22.935 4.0039 325.0885 
3460000 14856 250.55 300771.0 23.506 4.1186 326.7016 
3470000 14896 250.961 301702.0 23.659 4.1217 335.0838 
3480000 14938 243.051 302686.0 23.508 3.9951 348.7282 
3490000 14985 224.612 303510.0 19.993 3.6897 290.363 
3500000 15027 231.98 304311.0 19.214 3.8143 261.2987 
3510000 15073 220.623 305171.0 18.689 3.6323 275.6398 
3520000 15117 227.374 306068.0 20.033 3.7456 315.4962 
3530000 15154 249.23 307033.0 23.327 4.1055 356.6335 
3540000 15190 268.167 307983.0 25.596 4.4076 365.1536 
3550000 15232 248.995 308882.0 23.069 4.088 353.3881 
3560000 15270 256.353 309908.0 25.223 4.2104 385.2901 
3570000 15305 268.367 310901.0 26.693 4.4119 407.5238 
3580000 15345 256.591 311869.0 25.009 4.2231 375.7652 
3590000 15383 252.435 312861.0 25.516 4.1523 364.079 
3600000 15423 251.686 313852.0 24.742 4.1366 351.8154 
3610000 15461 258.085 314855.0 25.808 4.2464 377.5046 
3620000 15497 269.996 315879.0 27.27 4.4297 399.3072 
3630000 15534 270.268 316876.0 26.971 4.4405 403.8779 
3640000 15575 249.74 317874.0 24.724 4.1033 362.3268 
3650000 15615 244.833 318885.0 24.211 4.0232 361.7027 
3660000 15655 247.719 319874.0 24.459 4.0738 365.2377 
3670000 15697 248.765 320774.0 23.615 4.0966 369.2437 
3680000 15735 252.994 321736.0 23.901 4.1648 368.4755 
3690000 15774 249.479 322634.0 22.935 4.1001 335.9924 
3700000 15811 259.41 323674.0 25.135 4.2643 371.324 
3710000 15852 250.382 324691.0 24.983 4.1102 422.67 
3720000 15891 253.696 325709.0 25.449 4.172 379.6139 
3730000 15930 258.896 326713.0 25.845 4.2547 385.3621 
3740000 15972 248.965 327649.0 24.355 4.0939 359.8836 
3750000 16010 258.338 328696.0 26.076 4.2446 393.032 
3760000 16047 266.239 329717.0 27.112 4.3716 408.7307 
3770000 16086 260.187 330719.0 26.28 4.2697 382.1515 
3780000 16116 294.246 331747.0 29.856 4.8322 466.3313 
3790000 16154 274.727 332729.0 27.498 4.5152 456.5884 
3800000 16191 272.206 333785.0 27.854 4.4749 444.8708 
3810000 16231 260.798 334792.0 26.819 4.2844 425.132 
3820000 16267 266.36 335925.0 28.779 4.383 434.2964 
3830000 16306 257.887 336986.0 27.495 4.24 427.1947 
3840000 16344 258.426 337962.0 26.285 4.253 407.0015 
3850000 16381 269.325 338965.0 27.209 4.4335 478.759 
3860000 16420 259.428 340010.0 26.352 4.2665 442.1153 
3870000 16456 266.608 341068.0 27.55 4.3816 438.4231 
3880000 16498 253.965 342044.0 25.414 4.1723 401.535 
3890000 16537 255.897 343010.0 24.996 4.1337 383.9084 
3900000 16570 280.826 344038.0 28.342 4.4213 470.1716 
3910000 16609 265.817 345020.0 26.416 4.1255 448.4709 
3920000 16647 257.306 345998.0 24.972 3.9676 391.6285 
3930000 16683 270.428 346892.0 25.289 4.157 382.9121 
3940000 16719 274.626 347821.0 25.48 4.2173 422.3589 
3950000 16758 260.63 348843.0 25.545 3.9976 422.4807 
3960000 16793 273.316 349809.0 27.075 4.1931 416.2936 
3970000 16830 268.795 350881.0 27.585 4.1202 412.6641 
3980000 16868 265.764 351849.0 26.665 4.0563 383.7395 
3990000 16908 256.276 352852.0 25.703 3.9051 357.3467 
4000000 16947 254.872 353772.0 24.233 3.9004 362.7749 
4010000 16987 249.591 354726.0 23.726 3.8352 345.7477 
4020000 17027 250.239 355703.0 24.396 3.8404 383.2145 
4030000 17064 256.744 356672.0 24.762 3.9371 403.9793 
4040000 17101 264.977 357678.0 26.155 4.0593 438.5782 
4050000 17142 254.456 358590.0 23.983 3.8969 395.7419 
4060000 17177 269.074 359540.0 25.531 4.1196 401.3578 
4070000 17214 267.21 360480.0 25.384 4.0919 400.744 
4080000 17250 266.078 361546.0 26.272 4.0741 408.4234 
4090000 17287 272.014 362572.0 27.721 4.1639 435.5812 
4100000 17325 266.979 363474.0 25.732 4.099 379.2358 
4110000 17363 265.684 364353.0 24.819 4.0892 361.0949 
4120000 17401 260.125 365306.0 24.706 4.0069 355.3188 
4130000 17439 260.206 366235.0 24.496 4.0091 370.4711 
4140000 17478 259.171 367153.0 24.032 3.9822 353.882 
4150000 17517 254.25 368018.0 22.627 3.902 323.2498 
4160000 17557 251.444 368826.0 21.347 3.8544 315.2407 
4170000 17595 256.967 369553.0 19.893 3.9383 303.0169 
4180000 17637 243.075 370293.0 18.258 3.7241 289.2137 
4190000 17675 251.258 371150.0 20.481 3.8433 331.3017 
4200000 17712 262.767 371982.0 21.664 4.0184 344.8075 
4210000 17750 257.3 372872.0 22.031 3.9395 323.9601 
4220000 17787 257.423 373772.0 22.098 3.9397 340.0849 
4230000 17829 253.757 374620.0 22.068 3.8853 337.1126 
4240000 17870 246.31 375553.0 22.343 3.7704 371.6908 
4250000 17908 255.48 376420.0 22.828 3.9112 374.1823 
4260000 17944 268.007 377187.0 21.961 4.1022 359.1336 
4270000 17982 263.627 378039.0 21.772 4.0345 331.1063 
4280000 18022 254.813 378851.0 20.831 3.8987 315.5575 
4290000 18066 241.048 379725.0 20.268 3.6882 298.7586 
4300000 18111 228.543 380585.0 19.833 3.4972 284.383 
4310000 18148 245.505 381463.0 21.19 3.7601 319.5612 
4320000 18191 239.657 382346.0 21.14 3.6718 327.1393 
4330000 18237 229.134 383277.0 20.761 3.5087 303.3496 
4340000 18275 249.269 384133.0 22.022 3.8192 299.4147 
4350000 18316 244.677 385000.0 21.336 3.7496 285.1307 
4360000 18357 242.367 385870.0 21.226 3.7136 296.8176 
4370000 18395 253.815 386768.0 22.678 3.8834 312.1441 
4380000 18429 269.79 387636.0 23.469 4.1317 385.1144 
4390000 18463 282.52 388445.0 24.131 4.3219 397.9347 
4400000 18504 258.824 389396.0 23.113 3.9622 355.8101 
4410000 18546 248.772 390282.0 22.547 3.8078 346.9615 
4420000 18588 239.505 391180.0 21.416 3.666 313.6274 
4430000 18622 264.622 392060.0 23.369 4.0511 359.2964 
4440000 18660 260.067 392947.0 22.91 3.9823 340.0675 
4450000 18696 265.527 393809.0 23.255 4.0663 327.5695 
4460000 18740 242.331 394817.0 23.101 3.7048 340.7085 
4470000 18780 244.865 395751.0 22.826 3.7433 336.6531 
4480000 18817 253.126 396599.0 22.232 3.8714 351.8646 
4490000 18856 260.531 397558.0 24.289 3.9839 377.216 
4500000 18900 242.432 398536.0 23.386 3.7111 370.1571 
4510000 18940 243.525 399530.0 24.022 3.7294 403.4297 
4520000 18984 229.178 400508.0 22.298 3.5079 338.4004 
4530000 19032 218.572 401445.0 20.774 3.3448 322.8287 
4540000 19073 232.699 402402.0 22.153 3.5618 324.269 
4550000 19110 255.373 403324.0 23.48 3.9111 309.0245 
4560000 19149 257.7 404317.0 24.841 3.9452 323.632 
4570000 19192 237.885 405271.0 22.592 3.6439 320.7602 
4580000 19227 258.503 406188.0 24.022 3.9584 355.0382 
4590000 19269 249.267 407245.0 25.114 3.815 377.936 
4600000 19308 249.893 408355.0 26.264 3.8248 403.2018 
4610000 19346 260.342 409350.0 26.586 3.9849 385.3448 
4620000 19383 263.109 410437.0 27.302 4.0267 404.1672 
4630000 19421 266.349 411425.0 27.391 4.0784 385.8845 
4640000 19460 259.534 412497.0 27.142 3.9767 405.3658 
4650000 19503 241.533 413424.0 23.492 3.7023 348.2504 
4660000 19545 235.521 414425.0 23.128 3.6115 331.3797 
4670000 19584 248.939 415342.0 23.339 3.8173 371.7884 
4680000 19622 254.751 416326.0 24.779 3.916 372.9133 
4690000 19665 241.484 417276.0 23.053 3.7081 322.9639 
4700000 19702 258.266 418177.0 23.809 3.9664 364.6099 
4710000 19743 250.959 419042.0 22.083 3.8489 361.5619 
4720000 19779 263.862 419995.0 23.757 4.0535 377.0914 
4730000 19821 248.014 420808.0 21.281 3.8146 322.2598 
4740000 19859 259.71 421673.0 22.447 3.9858 348.823 
4750000 19896 257.871 422522.0 21.479 3.956 321.5837 
4760000 19936 259.445 423456.0 23.288 3.978 332.8823 
4770000 19976 252.315 424381.0 23.474 3.8609 338.7503 
4780000 20016 247.508 425258.0 22.175 3.7838 330.2852 
4790000 20055 247.346 426210.0 22.868 3.7837 331.6968 
4800000 20098 244.96 427272.0 24.696 3.7492 346.0039 
4810000 20137 248.372 428206.0 24.171 3.802 371.4523 
4820000 20172 263.938 429163.0 25.228 4.0386 368.3667 
4830000 20212 261.762 430167.0 25.766 4.0031 385.8928 
4840000 20249 266.623 431174.0 26.436 4.0801 436.3624 
4850000 20292 244.77 432233.0 25.19 3.7454 372.1797 
4860000 20334 240.009 433212.0 23.835 3.6777 341.7869 
4870000 20376 238.463 434201.0 23.688 3.6511 346.4709 
4880000 20412 249.756 435112.0 23.71 3.8232 355.1721 
4890000 20452 249.234 436033.0 23.507 3.819 340.0225 
4900000 20492 252.446 436911.0 22.868 3.8693 367.973 
4910000 20526 268.411 437754.0 23.218 4.1127 336.5337 
4920000 20559 283.859 438637.0 24.91 4.3518 388.021 
4930000 20599 269.664 439547.0 24.355 4.1378 363.6931 
4940000 20640 253.231 440448.0 22.608 3.8828 352.6345 
4950000 20676 272.44 441431.0 25.721 4.1797 410.4065 
4960000 20715 262.825 442419.0 25.501 4.035 390.231 
4970000 20751 272.039 443343.0 25.586 4.1727 387.0194 
4980000 20787 268.078 444266.0 24.76 4.1086 355.1894 
4990000 20828 256.831 445121.0 22.977 3.9358 345.8023 
5000000 20870 250.053 446107.0 23.664 3.8275 364.8876 
5010000 20912 242.06 446935.0 21.368 3.7044 334.629 
5020000 20947 267.263 447913.0 24.79 4.1002 383.6564 
5030000 20987 262.203 448867.0 24.933 4.0231 407.6498 
5040000 21022 272.123 449947.0 27.621 4.1743 431.0131 
5050000 21061 263.496 450949.0 26.496 4.0407 407.2618 
5060000 21099 258.261 451964.0 25.991 3.9597 386.8925 
5070000 21138 258.603 452973.0 26.362 3.9655 376.2233 
5080000 21171 272.57 453970.0 27.223 4.1791 404.9004 
5090000 21210 267.332 454942.0 26.482 4.1001 395.2543 
5100000 21251 255.362 455966.0 25.81 3.916 394.3963 
5110000 21292 250.33 456818.0 23.368 3.8385 347.929 
5120000 21330 261.479 457814.0 25.402 4.0109 386.71 
5130000 21369 254.827 458814.0 25.036 3.9083 377.4545 
5140000 21406 266.079 459811.0 26.503 4.0813 424.1396 
5150000 21447 254.689 460665.0 23.515 3.9043 359.4484 
5160000 21486 251.723 461549.0 22.168 3.8559 367.8431 
5170000 21526 255.821 462398.0 22.006 3.9173 373.7117 
5180000 21564 260.956 463296.0 22.885 3.9974 378.3776 
5190000 21604 250.418 464169.0 21.896 3.842 311.58 
5200000 21641 258.667 465134.0 24.148 3.9665 362.1461 
5210000 21679 264.275 466100.0 25.048 4.0503 438.6858 
5220000 21718 265.548 467057.0 25.549 4.0701 418.1246 
5230000 21757 256.902 468013.0 24.468 3.9391 396.1859 
5240000 21792 267.327 468910.0 24.669 4.0994 395.4506 
5250000 21828 273.154 469761.0 23.998 4.1908 376.1443 
5260000 21870 253.95 470601.0 21.968 3.8963 341.517 
5270000 21909 256.058 471432.0 21.796 3.9267 338.4353 
5280000 21946 265.161 472317.0 22.98 4.0659 366.4893 
5290000 21982 271.124 473217.0 23.526 4.1575 385.2819 
5300000 22019 271.344 474068.0 23.557 4.1589 362.3825 
5310000 22062 248.111 474938.0 21.52 3.8021 323.6979 
5320000 22100 255.267 475854.0 22.729 3.9079 347.276 
5330000 22137 257.394 476752.0 22.955 3.94 379.1061 
5340000 22176 255.428 477681.0 23.115 3.9085 363.792 
5350000 22214 259.409 478645.0 24.467 3.9682 410.6729 
5360000 22253 261.79 479587.0 24.921 4.0011 393.8581 
5370000 22289 270.565 480488.0 24.989 4.1315 420.2917 
5380000 22328 259.549 481486.0 25.453 3.9683 417.8392 
5390000 22362 274.707 482389.0 25.554 4.2025 421.0929 
5400000 22399 274.425 483395.0 27.169 4.2002 475.4365 
5410000 22436 269.039 484321.0 25.688 4.1191 425.573 
5420000 22474 265.543 485378.0 26.397 4.067 424.3354 
5430000 22509 268.395 486404.0 26.504 4.1118 426.7372 
5440000 22545 271.421 487454.0 27.636 4.1564 406.5889 
5450000 22584 268.388 488501.0 27.899 4.112 430.078 
5460000 22626 245.623 489630.0 26.293 3.7597 406.394 
5470000 22666 248.466 490705.0 26.967 3.8024 381.162 
5480000 22709 240.646 491599.0 23.641 3.6796 345.2011 
5490000 22746 258.352 492653.0 26.445 3.9524 375.7307 
5500000 22785 255.882 493721.0 26.567 3.9172 395.0502 
5510000 22822 265.23 494834.0 28.747 4.07 415.5384 
5520000 22860 261.225 495879.0 27.793 4.0183 392.3834 
5530000 22900 259.975 496901.0 27.055 4.0036 408.8414 
5540000 22938 264.484 497943.0 27.399 4.0646 441.63 
5550000 22976 262.094 498900.0 26.379 4.0224 457.7169 
5560000 23016 256.001 499772.0 23.586 3.9287 383.0856 
5570000 23049 285.643 500755.0 27.525 4.3818 449.9751 
5580000 23085 277.876 501804.0 28.085 4.2595 459.3646 
5590000 23118 280.416 502794.0 27.706 4.2979 463.6135 
5600000 23157 269.794 503724.0 26.109 4.1337 426.6917 
5610000 23193 272.969 504601.0 25.23 4.1769 412.8449 
5620000 23233 258.744 505659.0 26.165 3.9629 414.6182 
5630000 23273 258.572 506580.0 24.988 3.9601 369.3833 
5640000 23310 263.643 507575.0 25.981 4.0386 388.8033 
5650000 23346 262.415 508605.0 26.208 4.0181 389.721 
5660000 23387 259.088 509590.0 26.327 3.972 404.4402 
5670000 23425 262.841 510555.0 25.955 4.0279 391.5015 
5680000 23461 269.428 511500.0 26.006 4.1278 388.8965 
5690000 23499 260.886 512483.0 24.877 3.9941 383.8202 
5700000 23540 255.449 513324.0 23.279 3.9079 351.9812 
5710000 23579 251.688 514226.0 22.687 3.8659 320.4486 
5720000 23619 249.804 515327.0 25.046 3.8458 329.0586 
5730000 23658 251.676 516471.0 27.061 3.8676 384.3764 
5740000 23697 249.707 517534.0 26.446 3.8308 388.8528 
5750000 23733 263.395 518574.0 27.719 4.0365 407.6566 
5760000 23769 271.306 519561.0 27.548 4.159 397.7938 
5770000 23808 260.956 520513.0 25.544 3.998 376.7507 
5780000 23844 262.458 521503.0 25.43 4.0202 372.1879 
5790000 23884 257.694 522509.0 25.693 3.9456 394.2839 
5800000 23918 273.546 523523.0 27.712 4.1877 449.9328 
5810000 23955 270.413 524466.0 26.218 4.1409 416.8372 
5820000 23990 282.112 525359.0 26.215 4.3227 430.7607 
5830000 24028 268.73 526249.0 24.591 4.1151 370.8892 
5840000 24064 272.512 527257.0 26.315 4.1735 419.5056 
5850000 24099 279.119 528170.0 25.987 4.2773 415.1342 
5860000 24135 281.205 529181.0 27.185 4.3078 402.9251 
5870000 24172 280.197 530100.0 26.834 4.2901 397.5313 
5880000 24209 274.231 531142.0 27.675 4.2012 413.5052 
5890000 24249 261.229 532036.0 24.742 4.0019 362.2095 
5900000 24285 267.056 533154.0 27.392 4.0895 443.2269 
5910000 24324 263.35 534153.0 26.815 4.0366 407.4445 
5920000 24361 267.859 534948.0 24.298 4.1057 408.5372 
5930000 24399 269.311 535849.0 24.551 4.1241 374.8243 
5940000 24441 248.428 536822.0 23.226 3.8039 350.9824 
5950000 24484 238.422 537749.0 22.348 3.6519 328.5844 
5960000 24522 252.523 538712.0 24.08 3.8712 370.0325 
5970000 24555 277.447 539639.0 25.943 4.2487 372.4092 
5980000 24599 243.409 540638.0 23.406 3.7282 319.5396 
5990000 24635 260.22 541590.0 24.869 3.9809 379.9656 
6000000 24677 250.1 542496.0 23.172 3.8261 361.5489 
6010000 24716 250.818 543448.0 23.757 3.842 376.7184 
6020000 24761 232.323 544312.0 20.744 3.5601 317.5196 
6030000 24801 240.492 545207.0 21.695 3.6879 331.92 
6040000 24842 241.588 546132.0 22.225 3.7053 318.4623 
6050000 24884 240.256 546952.0 20.886 3.6812 290.8365 
6060000 24924 242.558 547815.0 21.204 3.7145 298.3685 
6070000 24959 262.913 548685.0 23.335 4.0253 363.6863 
6080000 24996 262.168 549636.0 24.059 4.0064 396.012 
6090000 25033 266.995 550600.0 25.268 4.0892 367.5597 
6100000 25071 261.181 551635.0 25.774 4.0026 357.4491 
6110000 25111 261.726 552523.0 24.654 4.0117 350.2102 
6120000 25153 250.949 553474.0 24.084 3.8479 331.0733 
6130000 25189 264.434 554351.0 24.515 4.0554 357.6971 
6140000 25227 262.744 555211.0 23.306 4.0352 349.2634 
6150000 25263 268.545 556146.0 24.336 4.1221 340.4167 
6160000 25303 259.518 557197.0 25.887 3.9824 364.6756 
6170000 25343 254.05 558206.0 25.424 3.8944 377.2212 
6180000 25385 241.663 559118.0 23.073 3.7022 333.1468 
6190000 25425 246.942 560014.0 22.634 3.7813 326.3244 
6200000 25463 254.689 560943.0 23.165 3.9056 329.2939 
6210000 25506 238.954 561839.0 21.346 3.6654 294.5418 
6220000 25543 252.096 562682.0 22.023 3.866 307.2552 
6230000 25580 264.282 563581.0 23.341 4.0519 324.972 
6240000 25617 261.997 564474.0 22.726 4.0153 306.414 
6250000 25659 247.536 565391.0 22.313 3.7925 303.4446 
6260000 25699 245.986 566394.0 23.302 3.778 331.228 
6270000 25743 235.09 567302.0 21.85 3.6224 330.1476 
6280000 25782 241.977 568240.0 22.318 3.734 325.1932 
6290000 25821 251.354 569122.0 22.388 3.8767 313.5488 
6300000 25863 243.772 570024.0 22.042 3.7571 333.5594 
6310000 25899 256.094 570906.0 22.964 3.9421 354.1911 
6320000 25940 256.357 571789.0 22.622 3.94 347.4936 
6330000 25983 244.534 572613.0 20.819 3.7536 307.7017 
6340000 26019 256.046 573535.0 22.355 3.9255 327.7527 
6350000 26060 248.52 574396.0 21.876 3.8097 310.5893 
6360000 26097 260.548 575266.0 22.497 3.9924 328.2909 
6370000 26136 254.136 576133.0 21.914 3.8952 299.4259 
6380000 26174 257.332 576984.0 22.292 3.9429 326.8553 
6390000 26216 249.586 577870.0 21.864 3.8223 315.7453 
6400000 26259 236.361 578692.0 19.819 3.6198 321.5938 
6410000 26298 243.431 579590.0 20.83 3.7281 355.056 
6420000 26340 244.705 580417.0 20.841 3.749 326.5588 
6430000 26381 242.331 581214.0 19.9 3.7143 295.3738 
6440000 26418 253.605 582210.0 23.172 3.8858 349.0207 
6450000 26457 249.768 583082.0 22.188 3.8275 322.6257 
6460000 26496 252.415 584038.0 23.195 3.869 339.664 
6470000 26534 262.897 584924.0 24.022 4.0254 377.5257 
6480000 26574 252.868 585808.0 22.807 3.8749 345.601 
6490000 26615 247.585 586713.0 22.356 3.7923 322.1141 
6500000 26652 253.055 587555.0 22.253 3.8787 347.6648 
6510000 26694 251.029 588338.0 20.797 3.8472 321.379 
6520000 26730 263.562 589125.0 20.946 4.0551 343.508 
6530000 26768 264.609 589870.0 20.43 4.0757 331.2229 
6540000 26805 263.549 590754.0 21.394 4.057 322.8889 
6550000 26843 272.323 591629.0 23.137 4.1996 355.873 
6560000 26883 258.359 592503.0 22.077 3.9857 320.4794 
6570000 26925 245.151 593368.0 20.834 3.7815 313.4184 
6580000 26964 249.201 594247.0 22.037 3.8364 349.6546 
6590000 27008 236.944 595113.0 20.789 3.6335 311.286 
6600000 27045 253.703 596018.0 22.555 3.8818 346.9382 
6610000 27084 252.075 596992.0 23.475 3.854 354.4985 
6620000 27123 255.294 597923.0 23.62 3.91 342.1671 
6630000 27157 272.762 598786.0 24.61 4.1774 407.8631 
6640000 27199 255.146 599754.0 23.94 3.9048 384.448 
6650000 27238 253.825 600584.0 22.275 3.8847 331.2911 
6660000 27280 243.957 601533.0 22.633 3.7338 333.2085 
6670000 27320 247.219 602502.0 23.581 3.7856 373.4228 
6680000 27356 259.513 603404.0 23.999 3.9777 376.7483 
6690000 27398 245.051 604337.0 22.538 3.7558 328.7249 
6700000 27441 239.219 605210.0 21.562 3.6661 345.3068 
6710000 27480 248.372 606107.0 22.408 3.8077 361.1284 
6720000 27516 262.947 606973.0 23.111 4.0324 349.1928 
6730000 27555 258.086 607804.0 22.08 3.9618 331.5002 
6740000 27593 260.765 608643.0 21.853 3.9973 331.2147 
6750000 27633 251.155 609489.0 21.182 3.85 307.7008 
6760000 27675 241.598 610435.0 21.618 3.7004 292.6642 
6770000 27717 238.039 611368.0 21.947 3.6454 294.7809 
6780000 27754 254.592 612248.0 23.121 3.8994 345.9128 
6790000 27792 254.545 613132.0 22.577 3.8978 356.3557 
6800000 27835 244.749 614015.0 21.73 3.7463 357.7735 
6810000 27876 245.247 614905.0 21.778 3.7552 344.734 
6820000 27914 254.336 615834.0 22.969 3.8931 349.9257 
6830000 27951 262.259 616717.0 23.244 4.0177 354.3015 
6840000 27989 260.872 617635.0 23.557 3.9958 377.4172 
6850000 28026 263.438 618644.0 25.04 4.0322 383.529 
6860000 28066 258.782 619620.0 25.081 3.9553 389.8902 
6870000 28102 270.367 620457.0 24.276 4.1313 412.5819 
6880000 28134 286.094 621341.0 25.062 4.3734 418.9853 
6890000 28173 271.531 622156.0 23.442 4.1541 356.7816 
6900000 28212 262.994 623093.0 23.606 4.0238 341.0017 
6910000 28248 265.966 623987.0 23.626 4.0691 357.0556 
6920000 28287 261.065 624952.0 24.48 3.9957 341.0367 
6930000 28320 277.781 625949.0 26.582 4.2649 398.5136 
6940000 28356 283.544 626887.0 26.998 4.3481 410.7579 
6950000 28392 280.874 627845.0 26.721 4.3065 406.3269 
6960000 28424 298.381 628747.0 27.441 4.575 407.2874 
6970000 28461 279.671 629761.0 26.463 4.2894 373.54 
6980000 28502 264.771 630653.0 24.959 4.0606 371.8481 
6990000 28536 280.398 631544.0 25.258 4.2982 400.8163 
7000000 28571 284.877 632479.0 26.159 4.3607 417.4617 
7010000 28610 268.48 633363.0 24.469 4.1098 384.1691 
7020000 28646 266.985 634292.0 25.053 4.0843 388.0488 
7030000 28687 252.102 635259.0 23.293 3.8583 364.2694 
7040000 28724 263.206 636257.0 25.782 4.029 410.3115 
7050000 28762 254.381 637189.0 24.239 3.8903 380.079 
7060000 28800 259.46 638070.0 23.586 3.9818 362.107 
7070000 28838 260.368 639063.0 24.423 4.0042 363.5015 
7080000 28878 257.815 639993.0 23.971 3.9582 358.3337 
7090000 28916 259.242 641024.0 25.559 3.9754 373.4979 
7100000 28952 267.213 641882.0 24.447 4.0943 376.8929 
7110000 28993 253.345 642797.0 23.057 3.8806 350.4632 
7120000 29030 261.012 643704.0 24.197 3.9972 356.0363 
7130000 29069 254.433 644466.0 21.26 3.8993 301.0547 
7140000 29106 266.974 645279.0 22.104 4.0909 328.1674 
7150000 29145 262.532 646159.0 22.634 4.021 326.1846 
7160000 29182 266.818 647048.0 23.342 4.0838 365.4942 
7170000 29221 260.539 647957.0 23.294 3.9904 341.293 
7180000 29258 263.577 648746.0 22.011 4.039 330.8619 
7190000 29297 258.84 649568.0 21.585 3.9654 325.8279 
7200000 29335 257.77 650411.0 21.602 3.9499 328.0905 
7210000 29375 251.201 651269.0 20.998 3.848 324.2922 
7220000 29411 264.876 651996.0 20.723 4.0585 334.3526 
7230000 29449 268.084 652776.0 20.914 4.1005 335.4972 
7240000 29488 259.255 653559.0 20.153 3.9712 312.4906 
7250000 29524 271.495 654393.0 21.94 4.1514 352.2422 
7260000 29566 254.394 655189.0 20.698 3.8886 319.9445 
7270000 29617 222.622 655947.0 17.562 3.4005 272.5344 
7280000 29652 254.403 656799.0 20.878 3.8864 345.1422 
7290000 29690 262.091 657670.0 22.187 4.0052 360.7336 
7300000 29727 259.306 658510.0 21.398 3.9673 327.4875 
7310000 29767 259.049 659371.0 21.799 3.9743 356.931 
7320000 29802 271.267 660190.0 22.338 4.1612 401.1613 
7330000 29841 262.235 661076.0 22.378 4.0187 380.2319 
7340000 29877 267.72 662016.0 23.902 4.1024 372.2404 
7350000 29915 264.037 662950.0 24.52 4.0488 376.4714 
7360000 29956 252.481 663940.0 24.144 3.8669 362.0353 
7370000 29989 278.975 664858.0 25.899 4.275 435.4975 
7380000 30030 258.177 665707.0 22.891 3.9589 370.8352 
7390000 30068 259.457 666676.0 24.088 3.9789 383.3313 
7400000 30105 260.517 667543.0 23.038 3.9936 348.6991 
7410000 30148 250.944 668473.0 23.047 3.845 336.3449 
7420000 30184 264.922 669373.0 24.069 4.0585 350.4184 
7430000 30226 249.318 670314.0 23.304 3.8222 320.4376 
7440000 30263 260.257 671282.0 24.941 4.0028 352.9518 
7450000 30303 249.33 672155.0 22.329 3.837 332.3136 
7460000 30339 262.491 673017.0 22.989 4.0198 357.681 
7470000 30378 265.259 673771.0 21.272 4.0742 314.7236 
7480000 30419 253.465 674521.0 19.825 3.9018 319.4426 
7490000 30456 259.852 675376.0 21.477 4.0069 361.9332 
7500000 30494 261.963 676181.0 21.563 4.0387 343.9478 
7510000 30534 257.424 676869.0 19.238 3.9672 327.509 
7520000 30580 231.392 677662.0 17.793 3.5693 284.6735 
7530000 30621 232.995 678479.0 18.205 3.5931 274.6374 
7540000 30661 248.527 679266.0 20.07 3.8284 298.8906 
7550000 30696 268.899 679987.0 20.298 4.1415 298.9575 
7560000 30738 249.736 680825.0 19.673 3.845 283.2549 
7570000 30780 245.58 681684.0 20.08 3.7778 296.2071 
7580000 30820 246.605 682549.0 20.955 3.8009 326.1537 
7590000 30867 226.597 683370.0 18.786 3.4942 264.3859 
7600000 30909 229.073 684170.0 18.212 3.5313 252.8216 
7610000 30950 238.781 684941.0 19.009 3.6731 249.2151 
7620000 30991 237.275 685732.0 18.926 3.6413 261.9157 
7630000 31032 241.728 686577.0 19.415 3.7057 267.5153 
7640000 31074 238.718 687433.0 19.765 3.6562 290.4743 
7650000 31115 240.091 688216.0 19.266 3.6769 279.6483 
7660000 31152 256.994 689075.0 21.401 3.9353 321.5436 
7670000 31192 249.103 689958.0 21.356 3.8121 312.6182 
7680000 31228 265.084 690805.0 22.98 4.0579 331.7771 
7690000 31267 261.476 691644.0 22.093 4.0124 372.0321 
7700000 31308 252.22 692508.0 21.635 3.881 342.0024 
7710000 31348 250.691 693328.0 20.791 3.8631 302.1628 
7720000 31389 246.564 694075.0 19.435 3.8027 272.2041 
7730000 31434 233.173 694956.0 19.784 3.595 288.9662 
7740000 31473 244.591 695716.0 19.358 3.7605 296.5478 
7750000 31512 246.764 696613.0 21.074 3.7866 316.5117 
7760000 31555 236.666 697435.0 19.699 3.6243 299.6339 
7770000 31596 237.537 698172.0 18.602 3.6484 283.6754 
7780000 31638 238.434 698995.0 19.294 3.6565 268.7373 
7790000 31678 247.26 699895.0 21.462 3.7902 314.0581 
7800000 31719 244.945 700863.0 22.569 3.7551 330.3434 
7810000 31759 248.152 701727.0 22.36 3.8046 316.3912 
7820000 31797 258.342 702654.0 23.344 3.9635 372.3284 
7830000 31837 253.673 703560.0 23.396 3.8938 337.7293 
7840000 31879 248.467 704491.0 23.003 3.8211 329.6826 
7850000 31921 244.227 705390.0 22.374 3.7645 305.2228 
7860000 31964 234.717 706303.0 21.253 3.617 281.2642 
7870000 32007 231.625 707219.0 21.322 3.5586 283.002 
7880000 32049 235.62 708015.0 19.819 3.6097 269.252 
7890000 32091 235.404 708888.0 20.283 3.6092 281.5584 
7900000 32131 247.836 709760.0 21.537 3.8048 283.788 
7910000 32172 241.265 710566.0 20.04 3.6994 275.1746 
7920000 32214 235.799 711368.0 18.986 3.6124 264.0786 
7930000 32254 242.504 712228.0 20.546 3.7174 304.5875 
7940000 32295 244.291 713040.0 20.226 3.7403 286.2932 
7950000 32337 241.988 713884.0 20.412 3.7206 283.2661 
7960000 32373 253.85 714755.0 21.428 3.9084 290.2167 
7970000 32412 256.934 715566.0 21.659 3.9444 288.5346 
7980000 32453 249.865 716522.0 22.481 3.8281 309.343 
7990000 32493 249.399 717431.0 22.081 3.8223 304.4351 
8000000 32532 260.364 718216.0 21.591 3.9901 321.9667 
8010000 32572 258.43 719129.0 22.799 3.9615 344.5557 
8020000 32608 263.921 720015.0 23.316 4.0477 359.0131 
8030000 32646 268.65 720925.0 24.247 4.1215 381.9476 
8040000 32685 254.089 721888.0 23.442 3.8973 369.2197 
8050000 32723 263.19 722880.0 25.456 4.0328 399.9972 
8060000 32758 268.626 723851.0 25.945 4.115 432.9782 
8070000 32795 273.948 724707.0 25.013 4.1946 376.2971 
8080000 32835 263.268 725662.0 24.388 4.0301 356.1387 
8090000 32874 257.673 726572.0 23.548 3.9459 325.1138 
8100000 32911 261.923 727420.0 23.248 4.0094 319.496 
8110000 32952 250.275 728281.0 21.46 3.842 277.8305 
8120000 32995 240.703 729087.0 19.952 3.6902 257.373 
8130000 33036 236.535 729960.0 19.991 3.626 282.5751 
8140000 33079 238.291 730696.0 18.671 3.6514 273.1365 
8150000 33121 237.542 731499.0 18.895 3.6341 307.2772 
8160000 33165 231.787 732290.0 18.468 3.5423 274.9792 
8170000 33206 239.424 733112.0 19.545 3.6616 273.6516 
8180000 33245 246.832 733998.0 21.159 3.7769 282.9537 
8190000 33286 241.695 734794.0 19.71 3.7 266.2772 
8200000 33328 243.306 735739.0 21.779 3.725 307.1487 
8210000 33371 236.386 736658.0 21.487 3.6202 301.3022 
8220000 33409 250.656 737490.0 21.874 3.8411 318.508 
8230000 33450 244.18 738474.0 22.916 3.7406 334.6927 
8240000 33488 254.489 739420.0 24.245 3.895 334.531 
8250000 33529 247.943 740323.0 22.603 3.7974 334.1674 
8260000 33567 256.338 741200.0 23.069 3.9281 359.4848 
8270000 33611 239.133 742020.0 20.443 3.6641 315.1597 
8280000 33653 238.675 742813.0 19.601 3.657 291.6994 
8290000 33693 243.647 743689.0 20.463 3.7351 293.3978 
8300000 33735 239.321 744512.0 19.788 3.6667 295.148 
8310000 33777 239.129 745396.0 20.749 3.6572 296.0018 
8320000 33820 232.742 746466.0 22.692 3.5584 326.3913 
8330000 33861 237.579 747384.0 22.066 3.6335 343.5796 
8340000 33902 241.674 748291.0 22.537 3.6993 335.796 
8350000 33940 251.903 749244.0 23.869 3.8578 346.8882 
8360000 33975 265.447 750066.0 22.985 4.0634 355.861 
8370000 34017 248.676 751033.0 22.735 3.8071 326.2765 
8380000 34060 244.072 751964.0 22.686 3.7376 335.2275 
8390000 34102 237.837 752882.0 21.635 3.6434 313.0947 
8400000 34141 253.611 753846.0 24.05 3.8823 328.1954 
8410000 34182 249.425 754688.0 21.928 3.8093 303.9008 
8420000 34223 245.425 755597.0 22.12 3.7451 321.7858 
8430000 34260 257.947 756478.0 22.62 3.9412 366.4752 
8440000 34298 261.917 757335.0 22.83 4.0013 345.0895 
8450000 34341 243.061 758203.0 21.29 3.7158 309.6039 
8460000 34384 234.205 759130.0 20.985 3.584 299.619 
8470000 34421 253.117 760022.0 22.712 3.8731 362.4492 
8480000 34461 250.156 760947.0 22.828 3.826 334.4942 
8490000 34498 259.562 761796.0 22.607 3.9711 348.0393 
8500000 34536 260.684 762509.0 20.304 3.9919 321.2126 
8510000 34571 270.631 763291.0 21.193 4.1507 353.1205 
8520000 34611 252.287 764059.0 19.321 3.8701 295.5367 
8530000 34651 252.99 764785.0 19.16 3.8746 285.8354 
8540000 34697 232.5 765589.0 18.477 3.5606 264.9998 
8550000 34740 234.771 766377.0 18.259 3.595 269.9921 
8560000 34780 241.618 767138.0 18.672 3.7 275.2393 
8570000 34826 229.002 767781.0 16.014 3.5048 234.4764 
8580000 34866 239.589 768544.0 17.042 3.6629 273.9728 
8590000 34907 246.442 769284.0 18.285 3.7688 245.2773 
8600000 34950 239.583 770079.0 18.453 3.6524 248.01 
8610000 34989 249.1 770868.0 19.399 3.7852 286.0083 
8620000 35025 256.202 771675.0 20.014 3.9231 302.4998 
8630000 35066 254.792 772505.0 20.867 3.9114 332.2095 
8640000 35104 257.9 773290.0 20.533 3.97 311.4577 
8650000 35144 254.708 774041.0 19.79 3.9149 296.2402 
8660000 35180 263.204 774757.0 19.672 4.0362 296.8268 
8670000 35218 263.877 775460.0 19.151 4.0453 282.1487 
8680000 35256 264.948 776236.0 19.902 4.0596 289.7634 
8690000 35290 272.991 777055.0 21.408 4.1774 336.0732 
8700000 35327 274.114 777809.0 21.308 4.1956 348.6174 
8710000 35361 279.577 778660.0 22.307 4.2826 331.2577 
8720000 35403 255.687 779452.0 20.2 3.9157 305.8818 
8730000 35442 252.9 780355.0 21.437 3.8738 297.2451 
8740000 35476 273.645 781312.0 25.0 4.1926 355.1055 
8750000 35519 253.759 782137.0 22.003 3.8892 323.0864 
8760000 35558 255.661 783071.0 23.372 3.9136 339.9893 
8770000 35600 246.239 783923.0 21.807 3.7648 306.7221 
8780000 35632 280.924 784744.0 23.627 4.2933 342.4308 
8790000 35673 259.402 785509.0 20.991 3.9639 344.4566 
8800000 35709 267.779 786358.0 22.2 4.0893 340.6806 
8810000 35749 258.303 787251.0 22.456 3.9454 355.6916 
8820000 35790 249.505 788094.0 21.3 3.8104 307.5335 
8830000 35827 257.879 789100.0 24.053 3.9398 337.2793 
8840000 35864 257.819 789998.0 23.815 3.9406 338.6432 
8850000 35909 241.141 790793.0 20.772 3.6884 302.3278 
8860000 35951 238.857 791697.0 21.224 3.6508 316.293 
8870000 35991 241.978 792605.0 21.595 3.7013 325.1963 
8880000 36033 239.786 793438.0 20.636 3.6689 299.7133 
8890000 36069 256.206 794267.0 21.446 3.9182 313.8239 
8900000 36112 242.091 795210.0 21.802 3.7052 310.5872 
8910000 36147 259.344 796150.0 23.764 3.9642 368.9185 
8920000 36185 257.018 796931.0 21.83 3.928 327.6357 
8930000 36230 243.583 797770.0 20.564 3.726 299.3121 
8940000 36268 252.513 798685.0 22.366 3.8664 363.8593 
8950000 36310 247.503 799631.0 22.97 3.7875 353.5034 
8960000 36343 272.011 800590.0 25.637 4.1626 430.7202 
8970000 36378 277.336 801607.0 26.658 4.2436 410.9029 
8980000 36417 267.723 802619.0 26.713 4.0998 394.6748 
8990000 36453 274.252 803612.0 27.211 4.2003 386.6428 
9000000 36490 270.318 804591.0 26.484 4.145 384.5914 
9010000 36524 283.21 805637.0 28.743 4.3422 420.5792 
9020000 36565 260.204 806652.0 26.376 3.9847 396.9112 
9030000 36602 260.44 807647.0 26.465 3.9901 407.23 
9040000 36639 261.193 808624.0 25.356 4.0023 393.7332 
9050000 36675 265.9 809634.0 26.558 4.0761 383.1678 
9060000 36717 250.257 810496.0 23.262 3.8441 332.4387 
9070000 36752 269.935 811524.0 26.622 4.1171 371.0768 
9080000 36789 262.646 812587.0 26.821 4.0025 388.8853 
9090000 36825 267.715 813513.0 25.927 4.0684 404.1018 
9100000 36861 271.336 814456.0 26.079 4.1336 389.8088 
9110000 36900 263.745 815430.0 25.344 4.0275 386.842 
9120000 36936 266.622 816423.0 25.993 4.0788 394.1185 
9130000 36973 265.672 817328.0 24.822 4.0629 362.943 
9140000 37013 260.86 818232.0 23.994 3.9892 342.4254 
9150000 37050 268.34 819108.0 23.875 4.1072 339.3505 
9160000 37086 269.458 820068.0 24.664 4.1192 349.2987 
9170000 37126 260.415 821109.0 25.805 3.9796 364.3997 
9180000 37158 286.96 821965.0 26.036 4.3881 393.8374 
9190000 37195 280.114 822965.0 26.985 4.2832 391.9907 
9200000 37233 272.87 823904.0 26.014 4.1698 376.8735 
9210000 37274 253.727 824865.0 24.174 3.859 354.4556 
9220000 37308 270.614 825858.0 26.109 4.1188 408.7519 
9230000 37344 273.851 826853.0 26.666 4.1788 393.0322 
9240000 37382 271.82 827829.0 26.55 4.1563 398.6052 
9250000 37420 265.037 828822.0 26.14 4.0557 398.3323 
9260000 37458 263.986 829779.0 25.486 4.043 373.86 
9270000 37494 275.542 830742.0 26.454 4.2199 391.8394 
9280000 37537 247.671 831768.0 24.73 3.7933 347.9629 
9290000 37575 259.313 832717.0 25.007 3.9706 382.6883 
9300000 37611 268.328 833747.0 26.428 4.1066 419.4948 
9310000 37648 272.945 834747.0 27.217 4.1737 393.6543 
9320000 37683 276.745 835763.0 27.702 4.2335 419.9653 
9330000 37720 276.606 836753.0 27.626 4.232 394.4554 
9340000 37755 278.935 837870.0 29.672 4.2878 444.6925 
9350000 37791 280.929 838844.0 28.581 4.3234 424.617 
9360000 37834 254.925 839799.0 25.08 3.9248 376.2349 
9370000 37875 249.254 840729.0 24.166 3.8442 341.6308 
9380000 37910 268.094 841714.0 26.037 4.1253 380.6667 
9390000 37947 269.204 842703.0 26.387 4.1419 375.0269 
9400000 37986 265.816 843696.0 26.334 4.0887 397.7274 
9410000 38023 267.8 844837.0 28.638 4.1167 456.2572 
9420000 38062 262.92 845893.0 27.971 4.0402 423.4846 
9430000 38099 263.473 846866.0 26.513 4.0529 397.428 
9440000 38137 264.992 847818.0 25.887 4.081 398.8798 
9450000 38178 254.057 848794.0 24.777 3.9216 379.316 
9460000 38217 254.655 849808.0 25.158 3.917 369.0007 
9470000 38252 270.662 850795.0 26.642 4.1494 412.8861 
9480000 38287 272.843 851742.0 26.195 4.1802 407.8196 
9490000 38332 246.098 852690.0 23.314 3.7696 336.9449 
9500000 38372 250.585 853688.0 24.614 3.8363 370.3026 
9510000 38414 242.71 854691.0 23.981 3.7117 355.2717 
9520000 38450 257.906 855641.0 24.992 3.9454 352.7621 
9530000 38492 241.952 856611.0 23.646 3.7 335.0617 
9540000 38533 241.535 857695.0 25.057 3.6943 386.4598 
9550000 38571 248.282 858729.0 25.718 3.7974 391.1782 
9560000 38616 230.59 859758.0 23.746 3.5309 344.7925 
9570000 38655 240.141 860722.0 23.017 3.6765 329.1441 
9580000 38697 242.14 861802.0 24.894 3.7046 349.0439 
9590000 38738 243.731 862778.0 24.474 3.73 355.8341 
9600000 38777 251.364 863755.0 24.703 3.8472 355.593 
9610000 38817 248.963 864730.0 24.118 3.8083 366.3745 
9620000 38856 252.906 865665.0 23.954 3.8682 360.7283 
9630000 38897 250.048 866559.0 23.04 3.8241 342.9928 
9640000 38936 248.484 867436.0 22.368 3.8003 321.3894 
9650000 38976 245.431 868429.0 23.241 3.7553 354.747 
9660000 39015 254.197 869236.0 22.392 3.8904 331.8242 
9670000 39051 267.825 870099.0 23.343 4.1012 337.9468 
9680000 39090 257.252 871077.0 23.295 3.9328 329.9424 
9690000 39129 255.809 872040.0 24.227 3.9094 380.1515 
9700000 39168 259.873 872976.0 24.311 3.9725 359.8614 
9710000 39212 237.981 873889.0 21.752 3.6453 318.6992 
9720000 39249 254.15 874821.0 23.32 3.8988 344.0577 
9730000 39290 247.862 875743.0 23.094 3.798 341.29 
9740000 39330 247.621 876647.0 22.209 3.7913 317.2467 
9750000 39377 225.18 877469.0 19.3 3.4481 279.2803 
9760000 39420 228.012 878265.0 18.781 3.479 271.821 
9770000 39463 226.142 879032.0 17.743 3.466 241.3924 
9780000 39510 214.295 879860.0 17.229 3.2942 238.9875 
9790000 39549 240.951 880703.0 19.88 3.7078 274.8923 
9800000 39589 249.52 881537.0 20.757 3.8302 275.6108 
9810000 39627 260.248 882333.0 21.085 3.9847 311.0757 
9820000 39666 252.316 883235.0 21.728 3.8587 328.0944 
9830000 39703 256.78 884070.0 21.559 3.9301 320.9086 
9840000 39747 239.757 884968.0 20.553 3.6749 296.5783 
9850000 39789 239.831 885875.0 21.83 3.6766 342.7253 
9860000 39825 254.897 886854.0 23.816 3.9085 372.8242 
9870000 39862 263.324 887753.0 24.389 4.0375 396.2851 
9880000 39897 276.818 888713.0 26.074 4.2419 411.6677 
9890000 39931 287.45 889743.0 28.275 4.4093 454.4807 
9900000 39970 267.573 890773.0 27.037 4.1047 405.0823 
9910000 40005 272.645 891736.0 26.903 4.176 423.0819 
9920000 40047 252.381 892674.0 24.47 3.8674 360.1001 
9930000 40089 246.314 893557.0 22.839 3.7724 322.0316 
9940000 40123 265.033 894452.0 24.103 4.0553 349.6764 
9950000 40161 258.021 895428.0 24.389 3.9533 335.1524 
9960000 40194 276.824 896362.0 26.042 4.2549 366.1708 
9970000 40234 264.754 897330.0 25.174 4.0632 354.928 
9980000 40270 272.577 898338.0 26.847 4.1775 378.1515 
9990000 40308 265.202 899241.0 24.869 4.063 340.5788 
10000000 40346 263.683 900139.0 24.154 4.0396 322.4907 
