10000 686 14.54 2879.491 3.915 0.0092 0.0 
20000 1358 15.33 5913.823 4.813 0.0098 0.0 
30000 2038 14.853 8931.013 4.366 0.0095 0.0 
40000 2723 14.567 11984.613 4.726 0.0093 0.0 
50000 3410 14.732 15131.639 4.51 0.0094 0.0 
60000 4093 14.733 18381.78 4.961 0.0094 0.0 
70000 4779 14.677 21538.356 4.152 0.0093 0.0 
80000 5460 14.71 24843.359 4.884 0.0094 0.0 
90000 6145 14.423 28072.923 4.182 0.0092 0.0 
100000 6826 14.462 31571.639 4.872 0.0092 0.0 
110000 7388 20.351 36082.338 13.789 0.0917 0.0 
120000 7849 22.021 42984.415 16.039 0.1021 0.0 
130000 8308 21.65 50249.822 15.466 0.0985 0.0 
140000 8780 21.557 57329.634 15.406 0.098 0.0 
150000 9248 21.006 64557.694 14.487 0.0957 0.0 
160000 9635 38.802 71743.406 29.463 0.1781 0.0 
170000 9800 77.236 78090.074 41.384 0.3571 0.0 
180000 9869 138.476 83447.761 75.928 0.6406 0.0 
190000 9952 113.951 90793.965 81.543 0.5264 0.0 
200000 10059 90.664 98977.722 74.81 0.4191 0.0 
210000 10188 79.327 108081.817 71.399 0.3654 0.0 
220000 10308 85.741 117051.744 76.545 0.4043 0.0 
230000 10381 125.033 125509.068 107.478 0.5893 0.0 
240000 10467 115.384 134313.075 101.801 0.5404 0.0 
250000 10586 85.323 144167.978 83.502 0.3985 0.0 
260000 10690 96.63 153697.579 91.592 0.452 0.0 
270000 10758 134.037 162330.763 118.274 0.6295 0.0 
280000 10797 200.898 169758.758 157.488 0.9335 0.0 
290000 10827 262.03 176867.204 194.017 1.2159 0.0 
300000 10856 304.916 183684.804 216.147 1.4164 0.0 
310000 10867 430.803 189355.347 278.622 1.996 0.0 
320000 10877 530.319 194979.081 328.612 2.4499 0.0 
330000 10887 616.236 201153.618 380.779 2.8466 0.0 
340000 10912 525.592 207516.801 327.611 2.4284 0.0 
350000 10956 362.657 214402.07 234.773 1.6777 0.0 
360000 11002 266.52 221946.618 187.375 1.2307 0.0 
370000 11030 307.304 228878.039 214.137 1.4182 0.0 
380000 11048 379.412 235702.796 261.37 1.7518 0.0 
390000 11065 449.613 242287.205 304.0 2.0764 0.0 
400000 11077 528.105 248851.539 354.664 2.4358 0.0 
410000 11091 575.689 255652.444 387.982 2.6571 0.0 
420000 11107 580.758 262314.004 390.203 2.678 0.0 
430000 11122 604.067 269111.111 407.705 2.7863 0.0 
440000 11132 676.494 275853.013 455.701 3.1233 0.0 
450000 11144 702.988 282576.621 473.836 3.2466 0.0 
460000 11160 686.107 289426.232 463.892 3.1664 0.0 
470000 11182 610.348 296662.802 421.099 2.8166 0.0 
480000 11195 644.817 303290.196 440.439 2.9771 0.0 
490000 11214 612.339 310334.062 422.136 2.8258 0.0 
500000 11226 641.776 317498.796 446.247 2.9568 0.0 
510000 11238 689.256 324404.909 479.376 3.1765 0.0 
520000 11249 737.333 331139.877 508.447 3.4032 0.0 
530000 11260 767.508 337901.448 527.95 3.5402 0.0 
540000 11272 792.758 344260.718 535.296 3.6574 0.0 
550000 11282 814.283 351936.111 565.492 3.7544 0.0 
560000 11292 848.255 359884.664 606.437 3.9141 0.0 
570000 11304 860.647 367667.667 628.084 3.9753 0.0 
580000 11315 860.254 375354.613 635.88 3.97 0.0 
590000 11332 788.484 383028.003 586.751 3.6423 0.0 
600000 11344 791.472 390633.565 592.033 3.6585 0.0 
610000 11364 688.303 397640.106 508.543 3.182 0.0 
620000 11375 735.932 403857.307 522.547 3.4055 0.0 
630000 11394 672.952 409224.173 449.694 3.1194 0.0 
640000 11407 688.289 414520.396 434.172 3.1914 0.0 
650000 11423 666.663 420556.745 416.52 3.0905 0.0 
660000 11434 712.955 425532.538 422.683 3.3049 0.0 
670000 11447 741.875 431916.89 447.028 3.4377 0.0 
680000 11471 600.088 438787.983 373.387 2.7801 0.0 
690000 11565 167.526 446041.622 113.461 0.7787 0.0 
700000 11631 140.645 454032.577 107.165 0.6541 0.0 
710000 11656 259.987 461104.376 187.943 1.2086 0.0 
720000 11674 351.621 467164.543 234.437 1.631 0.0 
730000 11691 413.159 473753.956 273.927 1.9174 0.0 
740000 11719 395.631 480396.396 261.645 1.8333 0.0 
750000 11734 464.029 486677.682 302.029 2.1497 0.0 
760000 11756 450.551 492786.467 289.328 2.0917 0.0 
770000 11776 478.648 499242.276 306.112 2.2197 0.0 
780000 11792 513.006 505838.282 331.59 2.3852 0.0 
790000 11805 576.43 511916.99 366.649 2.6735 0.0 
800000 11817 640.735 518214.177 406.376 2.965 0.0 
810000 11835 612.115 524678.427 390.231 2.8286 0.0 
820000 11846 666.806 531135.814 426.412 3.0803 0.0 
830000 11856 725.932 537390.095 462.124 3.3592 0.0 
840000 11869 730.579 543797.754 465.402 3.3853 0.0 
850000 11884 726.008 550004.456 460.16 3.3681 0.0 
860000 11894 766.324 556453.369 487.511 3.5601 0.0 
870000 11905 803.691 563115.692 517.148 3.7329 0.0 
880000 11917 802.939 569842.246 520.72 3.7301 0.0 
890000 11938 691.321 577184.85 463.843 3.2133 0.0 
900000 11958 622.49 585603.85 448.387 2.8913 0.0 
910000 11974 638.271 592282.48 448.361 2.9646 0.0 
920000 11993 583.424 599658.26 417.643 2.707 0.0 
930000 12053 283.709 607646.683 210.658 1.3154 0.0 
940000 12111 227.064 613679.147 153.97 1.0512 0.0 
950000 12142 277.988 621527.23 208.898 1.2882 0.0 
960000 12176 266.695 630253.197 217.707 1.2357 0.0 
970000 12246 176.907 636676.644 122.483 0.8245 0.0 
980000 12276 254.505 642725.481 161.765 1.1893 0.0 
990000 12287 385.006 648610.697 237.28 1.7897 0.0 
1000000 12297 497.505 654756.795 305.396 2.3132 0.0 
1010000 12322 452.174 660657.392 272.369 2.0999 0.0 
1020000 12334 522.063 666405.817 308.076 2.4235 0.0 
1030000 12347 577.677 672705.46 346.96 2.6939 0.0 
1040000 12371 521.046 679427.939 324.934 2.4226 0.0 
1050000 12386 556.299 685977.152 353.085 2.5877 0.0 
1060000 12402 567.51 691989.434 355.502 2.644 0.0 
1070000 12430 481.92 697522.074 290.47 2.2468 0.0 
1080000 12456 437.255 704192.707 272.757 2.0364 0.0 
1090000 12478 453.641 711141.917 295.486 2.1048 0.0 
1100000 12492 503.813 717335.494 324.035 2.3457 0.0 
1110000 12504 582.415 723262.446 365.687 2.7103 0.0 
1120000 12522 570.705 729146.596 350.619 2.6526 0.0 
1130000 12536 605.304 735585.107 376.853 2.8134 0.0 
1140000 12554 587.136 742826.723 381.949 2.7254 0.0 
1150000 12590 431.356 749672.608 284.935 2.0054 0.0 
1160000 12602 521.255 756469.187 347.854 2.4279 0.0 
1170000 12613 594.885 762894.557 392.329 2.7647 0.0 
1180000 12626 634.962 768923.69 409.344 2.9508 0.0 
1190000 12644 597.682 774895.455 377.305 2.7855 0.0 
1200000 12660 603.83 781301.411 382.492 2.8093 0.0 
1210000 12679 595.22 787952.575 381.876 2.7695 0.0 
1220000 12689 662.91 795728.104 449.757 3.0893 0.0 
1230000 12699 714.552 803412.941 500.698 3.3313 0.0 
1240000 12713 726.645 810118.088 505.192 3.3796 0.0 
1250000 12725 739.316 815514.854 487.498 3.4477 0.0 
1260000 12740 729.862 820266.844 448.528 3.3994 0.0 
1270000 12751 766.425 825836.112 459.697 3.5695 0.0 
1280000 12763 773.945 831867.644 464.428 3.6058 0.0 
1290000 12776 781.248 837977.251 470.682 3.6388 0.0 
1300000 12791 745.55 844887.944 466.066 3.4689 0.0 
1310000 12810 686.715 850821.113 424.021 3.1896 0.0 
1320000 12825 682.991 857412.194 428.327 3.1741 0.0 
1330000 12836 714.724 863512.458 446.013 3.3251 0.0 
1340000 12849 735.954 868478.625 436.1 3.4307 0.0 
1350000 12860 763.623 874238.348 451.784 3.5645 0.0 
1360000 12872 787.688 880351.108 467.002 3.6763 0.0 
1370000 12887 760.695 887556.064 474.673 3.5493 0.0 
1380000 12897 792.819 895135.19 519.399 3.6962 0.0 
1390000 12908 819.313 901720.81 537.678 3.8217 0.0 
1400000 12919 840.702 911244.947 603.578 3.9252 0.0 
1410000 12930 862.574 919206.074 635.593 4.0232 0.0 
1420000 12943 832.403 926954.739 619.085 3.8821 0.0 
1430000 12961 745.772 933028.653 532.216 3.4839 0.0 
1440000 12974 750.569 938962.96 513.964 3.5057 0.0 
1450000 12986 756.835 945364.924 513.076 3.5373 0.0 
1460000 13001 734.597 951648.433 488.687 3.4346 0.0 
1470000 13013 762.72 958326.075 507.513 3.5609 0.0 
1480000 13026 760.082 964113.27 491.092 3.551 0.0 
1490000 13044 702.398 970480.646 452.728 3.2801 0.0 
1500000 13057 702.9 976286.842 444.905 3.2842 0.0 
1510000 13073 694.275 982576.998 436.823 3.2458 0.0 
1520000 13093 627.456 989540.295 406.728 2.9302 0.0 
1530000 13105 674.661 998370.815 478.216 3.1504 0.0 
1540000 13116 714.673 1006663.975 529.548 3.3338 0.0 
1550000 13129 732.848 1014352.118 546.627 3.42 0.0 
1560000 13142 737.517 1023339.239 578.999 3.4351 0.0 
1570000 13156 734.6 1031292.939 576.579 3.4176 0.0 
1580000 13169 747.52 1040758.932 615.595 3.4782 0.0 
1590000 13194 605.201 1049709.058 509.642 2.8128 0.0 
1600000 13211 598.208 1058805.131 514.851 2.7797 0.0 
1610000 13221 670.278 1067925.781 585.858 3.1096 0.0 
1620000 13233 710.748 1076804.534 623.993 3.2928 0.0 
1630000 13244 744.567 1086257.911 664.966 3.4465 0.0 
1640000 13255 775.741 1095245.894 694.739 3.5986 0.0 
1650000 13269 762.325 1103847.967 676.643 3.5427 0.0 
1660000 13280 780.009 1112858.555 700.631 3.6265 0.0 
1670000 13306 618.777 1121865.601 552.454 2.9 0.0 
1680000 13324 603.544 1129832.446 520.697 2.8263 0.0 
1690000 13337 645.662 1140602.693 594.716 3.0184 0.0 
1700000 13349 678.939 1149339.602 618.432 3.1694 0.0 
1710000 13361 723.609 1157805.633 646.347 3.3735 0.0 
1720000 13373 743.52 1167125.803 670.138 3.4577 0.0 
1730000 13383 778.463 1175586.076 689.859 3.6168 0.0 
1740000 13395 799.713 1185822.333 734.744 3.7145 0.0 
1750000 13405 828.681 1195061.108 763.214 3.8484 0.0 
1760000 13416 851.772 1205259.083 800.623 3.9556 0.0 
1770000 13431 812.91 1214999.257 771.848 3.7738 0.0 
1780000 13443 804.509 1225085.684 772.437 3.7344 0.0 
1790000 13456 793.836 1234398.216 757.472 3.6872 0.0 
1800000 13470 776.496 1243894.905 740.107 3.6137 0.0 
1810000 13482 799.677 1251804.805 732.387 3.7229 0.0 
1820000 13507 627.927 1259458.854 552.237 2.9264 0.0 
1830000 13532 551.581 1268331.524 488.895 2.5763 0.0 
1840000 13543 604.74 1279388.403 571.372 2.8196 0.0 
1850000 13554 682.35 1290386.597 676.523 3.1729 0.0 
1860000 13564 740.457 1301484.208 755.347 3.4378 0.0 
1870000 13574 781.878 1311292.307 789.943 3.6293 0.0 
1880000 13585 807.311 1320690.137 803.667 3.7504 0.0 
1890000 13597 807.815 1330600.977 803.148 3.7509 0.0 
1900000 13612 773.419 1340262.515 763.614 3.5892 0.0 
1910000 13631 686.79 1347825.85 644.513 3.1926 0.0 
1920000 13644 712.161 1356362.896 649.697 3.3123 0.0 
1930000 13654 758.162 1365135.793 684.293 3.5325 0.0 
1940000 13664 799.304 1375012.612 733.399 3.726 0.0 
1950000 13676 806.153 1383811.109 742.086 3.763 0.0 
1960000 13688 814.124 1393713.086 756.941 3.7949 0.0 
1970000 13698 847.498 1405461.097 833.228 3.944 0.0 
1980000 13709 871.241 1416032.036 870.27 4.0582 0.0 
1990000 13723 826.624 1426939.203 843.716 3.8484 0.0 
2000000 13734 841.89 1438726.407 886.112 3.9204 0.0 
2010000 13745 856.545 1450970.831 932.594 3.9837 0.0 
2020000 13757 845.982 1462786.863 935.348 3.9313 0.0 
2030000 13769 844.382 1475134.365 957.364 3.9184 0.0 
2040000 13782 816.949 1486728.702 929.811 3.7886 0.0 
2050000 13795 815.989 1494572.175 867.513 3.7859 0.0 
2060000 13805 842.798 1503199.878 867.039 3.9074 0.0 
2070000 13818 827.873 1512023.843 821.547 3.8408 0.0 
2080000 13832 798.606 1521448.907 782.944 3.7093 0.0 
2090000 13845 797.829 1532681.863 810.999 3.709 0.0 
2100000 13857 805.195 1543989.983 839.273 3.7415 0.0 
2110000 13868 822.013 1557092.868 903.786 3.8238 0.0 
2120000 13886 736.231 1568589.922 813.502 3.4237 0.0 
2130000 13916 559.24 1578327.468 603.497 2.605 0.0 
2140000 13935 555.622 1586240.287 549.303 2.5886 0.0 
2150000 13964 478.26 1595535.929 463.392 2.2232 0.0 
2160000 13995 404.661 1606684.472 412.908 1.8837 0.0 
2170000 14037 299.27 1615544.273 283.852 1.3932 0.0 
2180000 14077 270.352 1622734.296 225.661 1.261 0.0 
2190000 14094 371.502 1630179.213 293.07 1.7352 0.0 
2200000 14107 459.215 1640499.097 404.194 2.1414 0.0 
2210000 14129 463.8 1650679.207 434.647 2.1624 0.0 
2220000 14143 524.298 1661488.084 516.317 2.4353 0.0 
2230000 14161 532.689 1670424.027 507.021 2.4771 0.0 
2240000 14177 557.334 1680485.589 538.724 2.5886 0.0 
2250000 14196 537.274 1690074.126 517.035 2.4969 0.0 
2260000 14215 525.862 1699861.62 505.803 2.4494 0.0 
2270000 14234 525.399 1710024.068 514.985 2.4446 0.0 
2280000 14251 542.663 1719220.282 525.054 2.5206 0.0 
2290000 14271 515.487 1728012.466 488.292 2.3966 0.0 
2300000 14294 497.737 1737807.366 474.479 2.3129 0.0 
2310000 14313 501.063 1748495.387 495.767 2.3236 0.0 
2320000 14329 525.531 1758758.956 525.043 2.4407 0.0 
2330000 14343 577.813 1765566.62 520.563 2.6868 0.0 
2340000 14357 612.463 1772997.568 526.771 2.8429 0.0 
2350000 14371 632.583 1779464.559 506.864 2.9295 0.0 
2360000 14386 648.283 1785584.712 483.771 3.0093 0.0 
2370000 14396 705.517 1792169.945 512.12 3.2859 0.0 
2380000 14407 745.732 1801036.177 565.594 3.471 0.0 
2390000 14420 763.784 1813311.353 668.38 3.5514 0.0 
2400000 14432 767.669 1825563.98 729.533 3.5688 0.0 
2410000 14443 807.377 1837071.155 807.668 3.7578 0.0 
2420000 14453 842.613 1848485.02 869.035 3.9231 0.0 
2430000 14464 850.829 1859697.5 892.902 3.9557 0.0 
2440000 14474 870.688 1871529.475 934.946 4.0459 0.0 
2450000 14485 876.215 1884238.908 977.398 4.0658 0.0 
2460000 14497 866.152 1894366.973 955.244 4.0218 0.0 
2470000 14507 890.636 1906228.044 991.415 4.1322 0.0 
2480000 14518 902.944 1917756.976 1016.163 4.1852 0.0 
2490000 14545 665.867 1926112.913 703.009 3.0938 0.0 
2500000 14592 402.197 1933287.693 375.423 1.8698 0.0 
2510000 14610 454.972 1941627.522 405.952 2.1192 0.0 
2520000 14632 438.106 1949310.356 373.049 2.0388 0.0 
2530000 14686 266.156 1958420.01 235.061 1.2363 0.0 
2540000 14701 387.722 1971422.249 422.613 1.7976 0.0 
2550000 14718 451.254 1983515.805 513.074 2.0943 0.0 
2560000 14738 463.968 1995691.821 540.603 2.1529 0.0 
2570000 14755 498.051 2007577.362 583.95 2.3172 0.0 
2580000 14765 583.018 2018897.705 676.07 2.7069 0.0 
2590000 14775 659.295 2031447.329 781.298 3.0734 0.0 
2600000 14787 694.178 2043483.117 824.892 3.236 0.0 
2610000 14798 727.695 2054956.151 857.095 3.3864 0.0 
2620000 14818 657.709 2066832.656 777.477 3.0599 0.0 
2630000 14840 594.582 2077634.083 685.338 2.7666 0.0 
2640000 14863 531.58 2089533.972 619.107 2.4686 0.0 
2650000 14884 514.779 2102564.642 622.415 2.3892 0.0 
2660000 14897 571.763 2116493.018 722.691 2.652 0.0 
2670000 14916 544.668 2128662.432 684.569 2.5233 0.0 
2680000 14950 416.33 2135748.299 444.461 1.9356 0.0 
2690000 14981 374.973 2143785.894 360.739 1.7486 0.0 
2700000 15005 389.863 2154392.779 389.549 1.8175 0.0 
2710000 15043 314.983 2164848.435 320.054 1.4691 0.0 
2720000 15062 374.127 2174380.793 373.724 1.7405 0.0 
2730000 15082 424.647 2183469.68 404.711 1.979 0.0 
2740000 15099 471.078 2192498.085 441.464 2.193 0.0 
2750000 15118 487.045 2202338.566 465.929 2.2715 0.0 
2760000 15138 483.833 2210608.061 443.218 2.2618 0.0 
2770000 15154 510.091 2219565.952 461.45 2.3835 0.0 
2780000 15171 537.0 2229341.708 496.7 2.5137 0.0 
2790000 15193 504.053 2238747.342 474.365 2.3544 0.0 
2800000 15212 507.43 2246986.06 459.976 2.37 0.0 
2810000 15231 508.213 2254950.887 445.183 2.3681 0.0 
2820000 15243 578.0 2265044.413 517.716 2.6942 0.0 
2830000 15253 655.196 2276380.671 630.286 3.0544 0.0 
2840000 15265 698.706 2287738.942 707.082 3.2582 0.0 
2850000 15278 721.492 2296939.043 714.923 3.3694 0.0 
2860000 15293 695.324 2306062.911 674.007 3.2515 0.0 
2870000 15329 458.676 2316055.37 446.887 2.1428 0.0 
2880000 15490 63.558 2324128.223 50.712 0.2968 0.0 
2890000 15605 82.823 2331793.551 58.373 0.3857 0.0 
2900000 15650 184.665 2340826.572 162.375 0.8588 0.0 
2910000 15676 265.155 2348357.943 215.308 1.239 0.0 
2920000 15698 330.848 2358610.661 303.203 1.5373 0.0 
2930000 15717 385.57 2366507.533 331.091 1.7997 0.0 
2940000 15742 387.423 2372411.347 293.42 1.8111 0.0 
2950000 15762 436.547 2381052.34 347.56 2.0426 0.0 
2960000 15802 323.376 2387246.24 232.663 1.5131 0.0 
2970000 15836 321.038 2393535.461 218.745 1.4988 0.0 
2980000 15849 423.324 2400847.267 296.374 1.9781 0.0 
2990000 15864 485.298 2409446.156 367.334 2.2645 0.0 
3000000 15880 525.238 2421678.998 477.399 2.4505 0.0 
3010000 15908 445.22 2428423.174 370.276 2.0774 0.0 
3020000 15939 379.141 2436069.259 306.446 1.7671 0.0 
3030000 15971 367.751 2442156.516 264.195 1.7165 0.0 
3040000 15998 358.652 2447201.201 227.177 1.6771 0.0 
3050000 16010 459.505 2455475.047 324.757 2.1481 0.0 
3060000 16024 534.528 2464185.619 407.892 2.5014 0.0 
3070000 16036 594.839 2469896.404 419.738 2.7873 0.0 
3080000 16049 637.928 2475788.809 424.923 2.993 0.0 
3090000 16060 680.032 2483607.804 477.398 3.1947 0.0 
3100000 16079 636.881 2492827.848 485.392 2.9841 0.0 
3110000 16094 651.303 2499979.676 486.89 3.0515 0.0 
3120000 16110 632.596 2508529.224 487.159 2.9606 0.0 
3130000 16127 626.384 2516050.58 481.014 2.9286 0.0 
3140000 16137 694.728 2521670.024 495.957 3.2537 0.0 
3150000 16147 750.571 2527880.699 518.849 3.5161 0.0 
3160000 16157 789.151 2534960.319 547.125 3.6965 0.0 
3170000 16171 769.319 2543209.126 552.524 3.6022 0.0 
3180000 16198 595.411 2551905.475 455.943 2.7841 0.0 
3190000 16232 450.875 2561440.205 371.421 2.1097 0.0 
3200000 16260 414.097 2571300.545 366.878 1.9364 0.0 
3210000 16289 370.653 2581984.001 348.023 1.7322 0.0 
3220000 16312 395.865 2591930.793 385.865 1.8454 0.0 
3230000 16330 446.106 2603251.497 459.379 2.0786 0.0 
3240000 16345 507.47 2615152.831 551.167 2.36 0.0 
3250000 16363 517.73 2627205.345 581.009 2.4063 0.0 
3260000 16386 489.618 2639009.434 559.818 2.2762 0.0 
3270000 16413 433.638 2650287.685 494.518 2.0189 0.0 
3280000 16429 476.022 2660782.369 525.785 2.221 0.0 
3290000 16450 484.68 2672628.683 551.214 2.2576 0.0 
3300000 16463 552.598 2684296.942 633.866 2.5775 0.0 
3310000 16487 496.654 2696652.034 584.404 2.3075 0.0 
3320000 16509 480.578 2709207.025 578.017 2.232 0.0 
3330000 16525 519.982 2721626.139 631.999 2.4131 0.0 
3340000 16549 466.863 2733977.686 568.421 2.1672 0.0 
3350000 16569 493.873 2747872.5 634.427 2.2967 0.0 
3360000 16583 538.96 2760752.151 692.287 2.5071 0.0 
3370000 16596 588.061 2773442.163 745.537 2.7378 0.0 
3380000 16612 604.529 2786461.207 773.662 2.8158 0.0 
3390000 16625 634.974 2798399.986 794.483 2.9675 0.0 
3400000 16638 666.581 2807309.782 773.127 3.1159 0.0 
3410000 16667 535.805 2815149.14 560.446 2.4938 0.0 
3420000 16690 491.304 2823280.667 481.087 2.2851 0.0 
3430000 16715 441.266 2833333.107 440.918 2.0521 0.0 
3440000 16737 443.818 2842768.896 434.107 2.0639 0.0 
3450000 16760 451.412 2855133.011 478.047 2.1011 0.0 
3460000 16777 491.005 2862898.138 471.348 2.2925 0.0 
3470000 16790 555.443 2869957.725 487.637 2.6042 0.0 
3480000 16806 565.389 2876652.911 463.27 2.654 0.0 
3490000 16821 583.204 2882886.985 446.258 2.7304 0.0 
3500000 16848 501.049 2890254.627 377.836 2.3417 0.0 
3510000 16892 341.551 2899304.792 279.246 1.596 0.0 
3520000 16913 396.23 2909213.748 346.244 1.8501 0.0 
3530000 16930 465.769 2918274.102 416.145 2.1847 0.0 
3540000 16951 469.386 2927279.569 420.345 2.2011 0.0 
3550000 16969 493.973 2936180.237 437.132 2.3109 0.0 
3560000 16980 563.328 2945360.037 505.846 2.637 0.0 
3570000 17004 516.317 2955764.185 488.291 2.4151 0.0 
3580000 17034 424.81 2965949.584 412.904 1.9867 0.0 
3590000 17053 461.791 2976790.715 467.512 2.1599 0.0 
3600000 17069 507.389 2987500.123 523.014 2.3702 0.0 
3610000 17083 554.292 2999180.945 598.989 2.5879 0.0 
3620000 17104 536.069 3008938.834 561.198 2.5036 0.0 
3630000 17125 518.623 3019358.556 541.154 2.4183 0.0 
3640000 17139 564.612 3027492.738 546.449 2.6445 0.0 
3650000 17152 615.705 3036136.26 578.409 2.889 0.0 
3660000 17170 586.707 3044432.956 536.362 2.753 0.0 
3670000 17189 580.138 3053640.589 529.198 2.7175 0.0 
3680000 17203 610.675 3065507.0 604.495 2.8531 0.0 
3690000 17219 605.855 3076789.857 623.264 2.8292 0.0 
3700000 17235 617.054 3087939.429 649.6 2.874 0.0 
3710000 17251 622.612 3097718.956 641.212 2.9059 0.0 
3720000 17266 623.477 3106017.706 612.531 2.906 0.0 
3730000 17290 547.892 3114840.372 521.91 2.5587 0.0 
3740000 17308 561.356 3125243.372 548.161 2.6271 0.0 
3750000 17323 579.717 3136315.685 586.808 2.7136 0.0 
3760000 17334 646.722 3147930.383 680.528 3.0256 0.0 
3770000 17347 672.008 3160536.681 740.709 3.1406 0.0 
3780000 17367 620.111 3174754.413 740.017 2.8934 0.0 
3790000 17407 400.456 3187047.625 478.694 1.8647 0.0 
3800000 17463 259.666 3198788.4 309.698 1.2127 0.0 
3810000 17492 290.607 3211657.902 361.24 1.3601 0.0 
3820000 17509 382.421 3224154.816 475.257 1.7807 0.0 
3830000 17526 436.972 3232214.718 472.105 2.0472 0.0 
3840000 17546 455.892 3241856.323 471.354 2.1315 0.0 
3850000 17565 473.89 3252626.625 496.573 2.2093 0.0 
3860000 17588 457.564 3264277.404 496.992 2.1335 0.0 
3870000 17605 492.401 3275872.559 550.412 2.293 0.0 
3880000 17621 542.291 3286456.234 595.223 2.5232 0.0 
3890000 17632 615.513 3296254.879 654.75 2.865 0.0 
3900000 17644 654.672 3306259.445 685.135 3.0471 0.0 
3910000 17659 655.86 3316437.123 679.145 3.0507 0.0 
3920000 17675 642.164 3324787.477 636.907 2.9982 0.0 
3930000 17689 663.833 3332052.81 608.761 3.1046 0.0 
3940000 17707 636.221 3339895.979 560.223 2.9873 0.0 
3950000 17725 602.484 3347773.653 515.803 2.8302 0.0 
3960000 17739 627.708 3356167.842 534.493 2.9475 0.0 
3970000 17766 529.339 3364956.211 454.574 2.4827 0.0 
3980000 17779 572.516 3373016.281 482.523 2.6855 0.0 
3990000 17795 597.907 3379076.527 461.213 2.8041 0.0 
4000000 17807 648.731 3385216.5 471.945 3.0353 0.0 
4010000 17828 580.214 3392161.699 417.275 2.7163 0.0 
4020000 17849 549.453 3399745.809 401.716 2.5795 0.0 
4030000 17863 583.951 3407593.841 432.687 2.7435 0.0 
4040000 17878 598.834 3417142.875 486.029 2.809 0.0 
4050000 17893 632.468 3425624.595 518.904 2.9628 0.0 
4060000 17914 569.914 3434336.562 477.848 2.669 0.0 
4070000 17931 577.996 3441659.748 464.617 2.7069 0.0 
4080000 17949 562.054 3449346.957 447.915 2.6329 0.0 
4090000 17963 613.694 3455995.598 462.727 2.8785 0.0 
4100000 17975 652.656 3462028.938 467.508 3.0693 0.0 
4110000 17992 632.675 3468566.24 442.372 2.9712 0.0 
4120000 18005 657.681 3475281.122 455.27 3.0929 0.0 
4130000 18022 638.365 3481384.028 428.556 3.0048 0.0 
4140000 18045 552.818 3488164.026 372.186 2.6008 0.0 
4150000 18078 436.824 3496312.456 314.004 2.0466 0.0 
4160000 18138 240.238 3504454.378 181.279 1.1225 0.0 
4170000 18188 232.525 3513302.543 196.874 1.0805 0.0 
4180000 18215 290.718 3521695.162 243.315 1.354 0.0 
4190000 18238 347.634 3529621.651 284.666 1.6215 0.0 
4200000 18268 339.393 3538527.772 292.143 1.5858 0.0 
4210000 18288 383.417 3546246.459 316.52 1.793 0.0 
4220000 18311 405.111 3555719.013 350.929 1.8907 0.0 
4230000 18329 446.287 3565964.283 415.196 2.078 0.0 
4240000 18356 426.55 3575214.558 397.465 1.984 0.0 
4250000 18373 463.442 3583922.069 422.86 2.1581 0.0 
4260000 18399 424.105 3593893.256 399.618 1.9766 0.0 
4270000 18417 471.288 3604353.346 461.584 2.2049 0.0 
4280000 18441 454.848 3614937.183 458.172 2.1256 0.0 
4290000 18454 524.635 3626690.007 559.171 2.4464 0.0 
4300000 18477 500.875 3637984.552 544.811 2.3361 0.0 
4310000 18495 514.771 3649723.609 575.365 2.4005 0.0 
4320000 18508 559.374 3660262.037 614.805 2.606 0.0 
4330000 18523 598.008 3670278.892 640.946 2.7857 0.0 
4340000 18534 655.675 3679785.945 681.845 3.0571 0.0 
4350000 18547 682.753 3689053.352 690.293 3.1849 0.0 
4360000 18564 650.46 3698697.929 648.936 3.0398 0.0 
4370000 18583 608.303 3708026.281 597.147 2.8443 0.0 
4380000 18603 574.378 3716966.95 545.735 2.6877 0.0 
4390000 18618 604.741 3726618.185 575.27 2.8336 0.0 
4400000 18638 566.074 3737487.24 561.088 2.6496 0.0 
4410000 18659 537.061 3748059.678 543.601 2.5072 0.0 
4420000 18688 434.301 3756667.206 424.288 2.0226 0.0 
4430000 18717 408.377 3764870.913 371.299 1.907 0.0 
4440000 18746 381.622 3773172.957 336.331 1.7824 0.0 
4450000 18795 266.56 3781396.861 228.462 1.2447 0.0 
4460000 18844 232.3 3788263.904 172.338 1.0894 0.0 
4470000 18874 273.435 3795146.192 195.792 1.2809 0.0 
4480000 18899 331.609 3800351.178 205.745 1.5523 0.0 
4490000 18920 376.372 3805583.949 218.359 1.767 0.0 
4500000 18945 382.713 3811995.232 229.417 1.8049 0.0 
4510000 18979 334.929 3820143.253 231.322 1.5763 0.0 
4520000 19005 348.493 3829352.478 278.562 1.6375 0.0 
4530000 19042 314.468 3839465.619 280.216 1.4704 0.0 
4540000 19073 331.448 3848828.619 302.23 1.5438 0.0 
4550000 19085 423.024 3856093.582 354.95 1.9677 0.0 
4560000 19102 473.816 3865525.451 413.606 2.2115 0.0 
4570000 19124 467.481 3872725.819 383.533 2.1902 0.0 
4580000 19142 485.264 3881638.901 404.716 2.2804 0.0 
4590000 19163 488.777 3890514.27 421.846 2.2952 0.0 
4600000 19193 408.53 3901637.394 392.101 1.9145 0.0 
4610000 19223 369.67 3912657.646 374.125 1.7261 0.0 
4620000 19251 365.237 3924382.686 394.21 1.7078 0.0 
4630000 19273 386.935 3935468.774 419.364 1.8058 0.0 
4640000 19286 480.173 3946484.634 526.307 2.2438 0.0 
4650000 19303 506.582 3957592.265 557.875 2.3649 0.0 
4660000 19324 494.298 3967715.323 526.228 2.3089 0.0 
4670000 19344 500.842 3977782.532 523.488 2.3368 0.0 
4680000 19362 508.896 3988779.437 539.976 2.3755 0.0 
4690000 19384 498.628 4001249.616 561.375 2.3282 0.0 
4700000 19403 508.258 4014095.589 597.539 2.366 0.0 
4710000 19422 513.852 4026252.729 612.606 2.396 0.0 
4720000 19438 545.339 4036553.98 623.182 2.5485 0.0 
4730000 19454 570.124 4047731.779 646.831 2.6674 0.0 
4740000 19467 598.404 4058839.387 673.306 2.8023 0.0 
4750000 19479 655.089 4071137.731 756.305 3.0586 0.0 
4760000 19497 628.971 4082343.292 720.586 2.9376 0.0 
4770000 19508 670.243 4094045.481 771.774 3.1292 0.0 
4780000 19526 643.953 4105763.273 746.438 3.0139 0.0 
4790000 19538 666.447 4117716.525 777.779 3.1136 0.0 
4800000 19553 674.101 4128483.832 772.001 3.1473 0.0 
4810000 19569 651.442 4141063.358 770.815 3.0384 0.0 
4820000 19595 548.967 4152975.114 650.036 2.5612 0.0 
4830000 19614 542.875 4165169.788 649.456 2.5274 0.0 
4840000 19641 460.932 4177353.401 552.983 2.1438 0.0 
4850000 19670 411.596 4189262.124 499.047 1.9211 0.0 
4860000 19686 471.242 4201345.352 565.539 2.2028 0.0 
4870000 19704 505.618 4213972.574 618.494 2.3639 0.0 
4880000 19722 519.315 4225708.939 628.26 2.4292 0.0 
4890000 19744 495.731 4237829.618 599.966 2.3134 0.0 
4900000 19763 497.375 4249411.589 590.964 2.3226 0.0 
4910000 19778 555.337 4260899.225 656.711 2.5946 0.0 
4920000 19799 521.72 4272604.486 613.743 2.4284 0.0 
4930000 19820 497.031 4284401.598 585.369 2.3064 0.0 
4940000 19841 489.559 4295164.046 558.515 2.2784 0.0 
4950000 19869 428.371 4306421.964 484.097 2.0007 0.0 
4960000 19899 379.997 4317914.191 433.323 1.7755 0.0 
4970000 19923 392.66 4330456.491 467.744 1.8349 0.0 
4980000 19947 412.482 4343013.03 500.899 1.919 0.0 
4990000 19963 466.787 4354935.535 563.967 2.1706 0.0 
5000000 19989 440.054 4364206.587 485.374 2.0488 0.0 
5010000 20034 308.458 4373531.958 310.522 1.4386 0.0 
5020000 20061 325.416 4381284.944 294.965 1.5187 0.0 
5030000 20118 224.329 4388685.45 188.263 1.0482 0.0 
5040000 20189 167.491 4395742.092 124.751 0.7848 0.0 
5050000 20210 272.416 4407789.18 276.879 1.2695 0.0 
5060000 20232 341.983 4419881.843 382.537 1.5975 0.0 
5070000 20273 286.46 4425860.361 246.718 1.3415 0.0 
5080000 20311 263.734 4432957.703 205.9 1.2347 0.0 
5090000 20343 294.466 4439815.667 214.542 1.3729 0.0 
5100000 20398 208.945 4443776.52 113.288 0.9812 0.0 
5110000 20434 245.856 4451323.514 165.761 1.1523 0.0 
5120000 20471 248.252 4460468.737 200.653 1.1623 0.0 
5130000 20497 308.024 4467346.504 229.742 1.4459 0.0 
5140000 20534 289.384 4472184.664 176.444 1.3575 0.0 
5150000 20565 303.891 4476836.592 164.107 1.4292 0.0 
5160000 20586 369.041 4482366.551 201.978 1.727 0.0 
5170000 20608 396.183 4488193.099 223.147 1.8465 0.0 
5180000 20634 378.952 4495507.584 238.783 1.7692 0.0 
5190000 20659 384.605 4504187.412 277.569 1.7924 0.0 
5200000 20673 472.483 4512165.741 352.169 2.1996 0.0 
5210000 20700 435.859 4519429.422 321.872 2.0309 0.0 
5220000 20718 473.244 4526204.256 338.28 2.2052 0.0 
5230000 20740 466.496 4532321.85 318.417 2.1856 0.0 
5240000 20754 527.302 4537764.447 336.156 2.4739 0.0 
5250000 20775 507.813 4543593.798 316.683 2.3828 0.0 
5260000 20797 486.877 4549974.87 307.402 2.2872 0.0 
5270000 20829 404.983 4557856.13 277.914 1.898 0.0 
5280000 20856 379.956 4565965.978 278.86 1.7824 0.0 
5290000 20890 327.736 4574435.561 255.233 1.5299 0.0 
5300000 20928 287.412 4584043.312 248.586 1.3434 0.0 
5310000 20960 297.706 4594598.386 285.605 1.3914 0.0 
5320000 20984 338.425 4602367.183 294.073 1.5854 0.0 
5330000 21006 385.541 4612462.563 362.007 1.8022 0.0 
5340000 21028 401.606 4622705.571 388.615 1.8711 0.0 
5350000 21058 368.252 4632158.989 355.077 1.7142 0.0 
5360000 21086 361.143 4642476.116 356.545 1.6832 0.0 
5370000 21110 376.452 4652433.562 374.623 1.755 0.0 
5380000 21129 427.112 4663761.938 445.689 1.9925 0.0 
5390000 21153 430.187 4675115.157 465.162 2.0133 0.0 
5400000 21171 463.24 4686196.659 506.26 2.1636 0.0 
5410000 21194 461.439 4696774.669 497.797 2.1606 0.0 
5420000 21233 331.588 4706120.019 339.284 1.5514 0.0 
5430000 21265 331.761 4715938.404 331.892 1.5495 0.0 
5440000 21299 329.73 4723818.103 295.169 1.5381 0.0 
5450000 21319 377.922 4732626.674 338.097 1.7668 0.0 
5460000 21333 464.876 4742425.618 429.438 2.17 0.0 
5470000 21356 446.297 4751983.656 417.171 2.0834 0.0 
5480000 21374 476.461 4759552.814 418.498 2.2265 0.0 
5490000 21400 452.301 4767015.806 377.498 2.1143 0.0 
5500000 21418 471.481 4774510.223 385.329 2.2075 0.0 
5510000 21436 500.899 4784005.593 423.088 2.3421 0.0 
5520000 21459 476.546 4794815.772 442.651 2.2273 0.0 
5530000 21484 430.602 4804932.172 409.11 2.0163 0.0 
5540000 21505 458.663 4812412.548 399.191 2.1455 0.0 
5550000 21520 503.197 4820568.284 434.992 2.3528 0.0 
5560000 21543 482.73 4828188.315 400.742 2.2587 0.0 
5570000 21572 424.955 4838958.248 394.239 1.9851 0.0 
5580000 21595 410.526 4848753.886 389.218 1.9211 0.0 
5590000 21617 422.525 4860861.681 437.691 1.972 0.0 
5600000 21641 419.698 4874065.986 481.874 1.9588 0.0 
5610000 21658 467.748 4885409.927 535.135 2.1844 0.0 
5620000 21679 464.617 4897088.28 533.115 2.1711 0.0 
5630000 21697 491.434 4907466.18 548.335 2.2955 0.0 
5640000 21718 488.147 4919465.847 561.454 2.2793 0.0 
5650000 21741 473.091 4931490.634 551.965 2.2072 0.0 
5660000 21764 457.105 4944084.016 547.439 2.1336 0.0 
5670000 21791 415.098 4955896.404 494.238 1.9347 0.0 
5680000 21814 412.808 4967564.025 483.611 1.9242 0.0 
5690000 21839 412.135 4977366.559 454.596 1.9217 0.0 
5700000 21870 374.557 4986807.995 387.843 1.7472 0.0 
5710000 21899 362.039 4994506.893 334.462 1.6914 0.0 
5720000 21932 332.85 5003993.808 308.329 1.5547 0.0 
5730000 21957 350.642 5013120.425 325.258 1.6356 0.0 
5740000 21982 381.153 5022922.688 355.942 1.7763 0.0 
5750000 22012 363.416 5032588.184 345.476 1.7002 0.0 
5760000 22051 305.734 5041118.271 274.61 1.432 0.0 
5770000 22097 244.249 5050037.902 220.863 1.1413 0.0 
5780000 22145 218.633 5057586.205 175.765 1.0198 0.0 
5790000 22170 297.367 5066765.188 257.715 1.3907 0.0 
5800000 22185 400.977 5075591.938 351.989 1.8724 0.0 
5810000 22201 445.054 5083233.187 375.697 2.0872 0.0 
5820000 22236 362.595 5092248.876 310.717 1.6924 0.0 
5830000 22267 358.78 5101629.869 318.673 1.6834 0.0 
5840000 22286 410.649 5110745.643 367.332 1.9187 0.0 
5850000 22301 481.24 5121474.903 462.842 2.2392 0.0 
5860000 22320 486.995 5131874.977 478.528 2.2653 0.0 
5870000 22338 506.847 5143013.61 522.782 2.3602 0.0 
5880000 22357 525.022 5152341.198 521.982 2.4431 0.0 
5890000 22380 490.613 5157892.558 415.388 2.2917 0.0 
5900000 22401 474.157 5164909.607 382.448 2.2177 0.0 
5910000 22447 319.532 5173035.75 256.717 1.4966 0.0 
5920000 22487 277.444 5182585.43 242.372 1.297 0.0 
5930000 22514 309.462 5190905.236 261.901 1.4487 0.0 
5940000 22552 272.034 5200663.714 250.003 1.2712 0.0 
5950000 22587 283.75 5210920.282 274.982 1.3203 0.0 
5960000 22609 336.045 5220810.296 332.494 1.5653 0.0 
5970000 22631 386.944 5228872.709 347.687 1.8093 0.0 
5980000 22654 407.64 5238240.975 375.182 1.9056 0.0 
5990000 22701 284.572 5248292.712 270.234 1.3275 0.0 
6000000 22741 255.879 5258018.342 245.057 1.1938 0.0 
6010000 22790 234.261 5267341.098 217.534 1.0944 0.0 
6020000 22808 341.093 5278781.653 357.305 1.5995 0.0 
6030000 22823 428.728 5288138.585 426.918 2.0106 0.0 
6040000 22850 402.384 5295915.777 368.688 1.8859 0.0 
6050000 22868 447.295 5306567.165 435.113 2.094 0.0 
6060000 22883 490.493 5317055.571 494.742 2.2893 0.0 
6070000 22900 537.706 5328839.494 570.462 2.5048 0.0 
6080000 22914 568.527 5340824.865 625.953 2.6522 0.0 
6090000 22933 560.835 5353187.052 642.113 2.6211 0.0 
6100000 22965 434.673 5364669.288 496.549 2.0312 0.0 
6110000 22989 429.926 5375720.137 483.286 2.0082 0.0 
6120000 23004 490.69 5388371.679 579.131 2.2887 0.0 
6130000 23019 544.507 5400311.359 642.757 2.5392 0.0 
6140000 23041 503.959 5411598.909 591.23 2.3501 0.0 
6150000 23066 466.246 5424101.767 557.671 2.1744 0.0 
6160000 23092 425.819 5438697.294 548.13 1.9904 0.0 
6170000 23111 462.517 5452774.109 618.255 2.166 0.0 
6180000 23122 546.298 5466954.594 746.292 2.5592 0.0 
6190000 23141 537.99 5480871.925 737.459 2.5217 0.0 
6200000 23154 584.075 5494811.139 806.251 2.7339 0.0 
6210000 23173 569.667 5509061.576 789.367 2.6677 0.0 
6220000 23188 604.513 5523771.332 858.649 2.8296 0.0 
6230000 23211 531.405 5538412.263 759.247 2.4841 0.0 
6240000 23235 477.442 5552903.482 686.705 2.2283 0.0 
6250000 23255 494.565 5566676.921 701.015 2.3093 0.0 
6260000 23273 514.844 5580521.455 726.742 2.4064 0.0 
6270000 23291 521.859 5594844.461 737.977 2.4482 0.0 
6280000 23309 532.397 5609152.477 759.364 2.4935 0.0 
6290000 23330 513.924 5622319.055 714.947 2.4077 0.0 
6300000 23349 515.405 5635309.383 698.763 2.4148 0.0 
6310000 23376 454.527 5647927.917 602.248 2.1264 0.0 
6320000 23390 515.606 5662334.182 702.899 2.4116 0.0 
6330000 23401 580.907 5676447.786 799.311 2.7118 0.0 
6340000 23414 638.91 5690095.004 877.051 2.9825 0.0 
6350000 23427 669.535 5704598.115 934.836 3.128 0.0 
6360000 23444 642.111 5718227.29 889.334 3.0014 0.0 
6370000 23458 652.093 5732284.887 906.962 3.0471 0.0 
6380000 23477 619.751 5746910.874 874.1 2.8939 0.0 
6390000 23495 595.014 5761460.807 847.508 2.778 0.0 
6400000 23511 599.909 5775309.505 845.046 2.8072 0.0 
6410000 23541 473.064 5787900.103 644.342 2.213 0.0 
6420000 23571 412.373 5800145.835 541.097 1.93 0.0 
6430000 23590 447.874 5813132.869 586.49 2.0958 0.0 
6440000 23603 521.976 5827310.873 700.441 2.445 0.0 
6450000 23620 531.164 5840700.243 713.993 2.491 0.0 
6460000 23647 472.228 5853884.534 629.603 2.2147 0.0 
6470000 23668 467.965 5867530.594 630.077 2.1924 0.0 
6480000 23687 483.292 5880618.767 644.399 2.2566 0.0 
6490000 23711 456.304 5894280.171 613.292 2.1318 0.0 
6500000 23730 482.003 5908591.832 662.104 2.2482 0.0 
6510000 23746 501.417 5923055.441 702.187 2.3367 0.0 
6520000 23769 472.353 5937604.908 669.448 2.1964 0.0 
6530000 23793 467.319 5952357.344 670.886 2.1734 0.0 
6540000 23807 511.878 5967202.454 739.321 2.3905 0.0 
6550000 23841 407.008 5980536.389 573.819 1.9003 0.0 
6560000 23865 414.423 5994599.443 587.052 1.9348 0.0 
6570000 23890 402.569 6007238.807 544.634 1.8846 0.0 
6580000 23912 429.617 6021159.823 590.692 2.0065 0.0 
6590000 23940 389.675 6033317.919 509.408 1.8199 0.0 
6600000 23973 352.165 6045895.962 457.089 1.6454 0.0 
6610000 24002 348.074 6060306.554 472.88 1.6318 0.0 
6620000 24030 348.066 6074072.77 476.663 1.6318 0.0 
6630000 24051 391.304 6089449.606 562.495 1.8398 0.0 
6640000 24080 377.274 6103320.041 536.843 1.7704 0.0 
6650000 24099 416.624 6117863.196 594.441 1.949 0.0 
6660000 24119 443.317 6131697.514 628.559 2.0688 0.0 
6670000 24153 372.578 6144125.159 503.053 1.7385 0.0 
6680000 24180 368.514 6155822.754 475.328 1.7252 0.0 
6690000 24209 363.08 6168024.794 457.051 1.6981 0.0 
6700000 24230 408.77 6180629.678 517.331 1.9155 0.0 
6710000 24245 462.87 6188935.044 517.587 2.1741 0.0 
6720000 24263 495.032 6198105.99 510.517 2.3269 0.0 
6730000 24290 451.572 6209234.208 483.63 2.1218 0.0 
6740000 24317 415.914 6218643.498 424.96 1.9561 0.0 
6750000 24339 428.751 6230921.743 468.924 2.011 0.0 
6760000 24359 451.955 6242641.321 508.854 2.1171 0.0 
6770000 24383 445.009 6253630.118 495.228 2.0782 0.0 
6780000 24400 482.112 6263161.033 509.718 2.2565 0.0 
6790000 24414 531.583 6276988.048 615.744 2.4869 0.0 
6800000 24443 453.87 6291387.412 566.602 2.1223 0.0 
6810000 24470 427.984 6306769.819 584.002 1.9976 0.0 
6820000 24499 373.901 6320597.879 512.503 1.7425 0.0 
6830000 24536 328.528 6334584.346 453.438 1.5447 0.0 
6840000 24566 329.827 6349231.5 466.109 1.5562 0.0 
6850000 24602 304.295 6363705.717 434.572 1.4286 0.0 
6860000 24654 213.986 6376728.923 289.034 1.0009 0.0 
6870000 24701 214.723 6390883.782 302.71 1.0053 0.0 
6880000 24737 248.646 6404530.544 345.183 1.1609 0.0 
6890000 24763 302.331 6419103.071 428.386 1.417 0.0 
6900000 24784 363.448 6434878.795 541.768 1.7057 0.0 
6910000 24800 428.641 6450375.893 646.967 2.0073 0.0 
6920000 24815 500.24 6465381.552 754.524 2.3439 0.0 
6930000 24835 499.311 6479232.211 734.722 2.336 0.0 
6940000 24852 522.595 6492722.761 742.233 2.4458 0.0 
6950000 24869 545.618 6506846.18 774.401 2.5497 0.0 
6960000 24883 588.606 6523220.55 872.69 2.7493 0.0 
6970000 24902 569.848 6537643.28 838.757 2.6674 0.0 
6980000 24923 528.87 6552900.95 782.7 2.4714 0.0 
6990000 24948 468.178 6564613.398 647.943 2.1962 0.0 
7000000 24976 413.019 6579048.755 579.375 1.934 0.0 
7010000 25005 388.606 6594085.358 562.546 1.8167 0.0 
7020000 25029 404.399 6610566.786 620.887 1.8844 0.0 
7030000 25050 433.428 6625637.911 660.667 2.0214 0.0 
7040000 25077 405.402 6639724.565 598.295 1.8921 0.0 
7050000 25108 357.85 6654515.365 528.71 1.6737 0.0 
7060000 25140 340.657 6667606.364 473.738 1.5927 0.0 
7070000 25176 305.965 6678676.651 378.608 1.4267 0.0 
7080000 25204 319.877 6691427.364 410.397 1.4869 0.0 
7090000 25251 250.136 6700250.706 263.928 1.1668 0.0 
7100000 25292 236.787 6712861.986 274.708 1.1095 0.0 
7110000 25403 108.136 6725253.061 130.538 0.5028 0.0 
7120000 25418 244.42 6741759.521 368.812 1.1411 0.0 
7130000 25435 353.548 6756902.144 532.956 1.6538 0.0 
7140000 25449 440.904 6768431.785 602.146 2.0622 0.0 
7150000 25465 497.827 6776804.913 583.718 2.3389 0.0 
7160000 25479 550.075 6783505.792 556.233 2.5904 0.0 
7170000 25506 469.492 6793014.69 467.036 2.2031 0.0 
7180000 25525 481.549 6803835.831 495.65 2.2522 0.0 
7190000 25541 523.926 6814389.109 542.383 2.4488 0.0 
7200000 25566 482.179 6824365.952 497.321 2.2575 0.0 
7210000 25581 529.202 6836481.943 575.15 2.4776 0.0 
7220000 25613 429.155 6848320.788 479.878 2.0074 0.0 
7230000 25638 422.256 6859803.923 479.455 1.9746 0.0 
7240000 25662 418.268 6871385.047 479.636 1.9605 0.0 
7250000 25689 392.643 6885810.483 493.799 1.8388 0.0 
7260000 25709 423.812 6900477.041 565.08 1.9808 0.0 
7270000 25730 438.922 6913722.535 585.794 2.048 0.0 
7280000 25764 373.054 6924878.703 465.916 1.7355 0.0 
7290000 25784 422.021 6938596.543 549.442 1.9617 0.0 
7300000 25806 434.378 6952442.924 580.685 2.0216 0.0 
7310000 25823 473.786 6967495.761 659.416 2.2113 0.0 
7320000 25843 482.619 6982652.485 690.862 2.2565 0.0 
7330000 25864 483.472 6996700.546 689.59 2.2613 0.0 
7340000 25888 456.437 7011989.77 667.621 2.1352 0.0 
7350000 25910 455.334 7027245.853 676.255 2.1276 0.0 
7360000 25932 453.854 7041733.219 665.02 2.109 0.0 
7370000 25958 433.272 7056864.202 646.636 2.0157 0.0 
7380000 25984 409.022 7071384.909 603.841 1.9087 0.0 
7390000 26013 388.448 7086256.781 576.272 1.8131 0.0 
7400000 26043 359.925 7100952.689 531.049 1.6793 0.0 
7410000 26067 377.453 7116733.632 573.967 1.7553 0.0 
7420000 26090 388.523 7131385.709 578.741 1.8076 0.0 
7430000 26117 381.042 7146659.463 571.771 1.7728 0.0 
7440000 26141 402.648 7161129.612 596.91 1.8739 0.0 
7450000 26159 444.059 7174564.082 633.666 2.068 0.0 
7460000 26187 409.673 7189217.798 589.384 1.905 0.0 
7470000 26207 433.961 7203721.648 627.155 2.0257 0.0 
7480000 26221 505.448 7219233.03 748.86 2.3568 0.0 
7490000 26233 569.24 7234208.967 845.963 2.6546 0.0 
7500000 26250 575.776 7247822.606 829.641 2.6822 0.0 
7510000 26272 537.001 7260776.477 752.056 2.4987 0.0 
7520000 26293 507.953 7274620.065 705.22 2.3664 0.0 
7530000 26313 500.331 7289473.771 713.906 2.3294 0.0 
7540000 26334 489.323 7302568.412 685.843 2.2824 0.0 
7550000 26353 496.18 7316825.825 700.816 2.3202 0.0 
7560000 26372 514.388 7331545.85 730.324 2.4095 0.0 
7570000 26385 573.22 7343674.128 781.929 2.6824 0.0 
7580000 26402 586.24 7355022.456 758.506 2.7419 0.0 
7590000 26425 516.328 7367182.779 653.003 2.4139 0.0 
7600000 26449 478.703 7379790.077 608.277 2.232 0.0 
7610000 26472 457.758 7390314.16 544.571 2.1402 0.0 
7620000 26500 416.136 7402677.107 499.35 1.9463 0.0 
7630000 26526 401.705 7415183.758 489.397 1.8839 0.0 
7640000 26558 362.007 7427768.772 449.949 1.6986 0.0 
7650000 26577 416.137 7440173.148 518.961 1.9568 0.0 
7660000 26609 363.182 7451951.122 445.472 1.706 0.0 
7670000 26635 363.279 7462332.901 415.303 1.7057 0.0 
7680000 26662 359.829 7472931.051 408.113 1.6864 0.0 
7690000 26699 318.516 7482205.296 327.289 1.4952 0.0 
7700000 26726 335.671 7492949.562 352.162 1.5698 0.0 
7710000 26754 341.452 7507319.057 416.777 1.6011 0.0 
7720000 26789 316.741 7521479.07 419.254 1.4798 0.0 
7730000 26819 322.223 7533476.288 409.253 1.5077 0.0 
7740000 26857 290.643 7546674.609 371.625 1.36 0.0 
7750000 26895 279.591 7557646.455 331.509 1.3137 0.0 
7760000 26926 300.546 7570956.112 377.732 1.4079 0.0 
7770000 26950 333.213 7580112.661 367.175 1.5646 0.0 
7780000 26983 329.96 7591604.224 373.257 1.5461 0.0 
7790000 27014 328.441 7601718.86 352.117 1.5364 0.0 
7800000 27042 332.876 7612029.464 353.106 1.5597 0.0 
7810000 27063 388.186 7620461.577 374.942 1.8185 0.0 
7820000 27083 425.566 7626510.853 350.462 1.9948 0.0 
7830000 27107 419.197 7634488.568 341.615 1.9711 0.0 
7840000 27125 454.264 7642279.468 368.125 2.1334 0.0 
7850000 27147 454.778 7654834.084 440.507 2.135 0.0 
7860000 27162 501.517 7668441.356 548.825 2.3509 0.0 
7870000 27192 435.536 7682039.46 520.211 2.0389 0.0 
7880000 27210 472.223 7694483.582 570.556 2.2093 0.0 
7890000 27230 470.327 7707255.018 587.394 2.199 0.0 
7900000 27257 433.531 7718115.01 509.692 2.037 0.0 
7910000 27271 495.938 7725598.555 513.219 2.3436 0.0 
7920000 27295 467.158 7734139.087 454.558 2.1999 0.0 
7930000 27324 410.648 7743158.045 388.613 1.9384 0.0 
7940000 27354 380.065 7752406.359 355.163 1.7976 0.0 
7950000 27387 335.162 7760863.093 301.109 1.5766 0.0 
7960000 27442 218.516 7770167.582 201.742 1.0262 0.0 
7970000 27486 221.925 7778392.718 191.465 1.0431 0.0 
7980000 27548 182.093 7786308.559 150.315 0.8565 0.0 
7990000 27598 198.805 7796642.133 190.218 0.9296 0.0 
8000000 27640 220.536 7807463.61 223.248 1.037 0.0 
8010000 27669 281.924 7817055.377 280.747 1.3202 0.0 
8020000 27704 291.611 7827908.739 295.305 1.3658 0.0 
8030000 27728 345.131 7840041.296 385.569 1.6183 0.0 
8040000 27752 374.305 7850848.455 412.61 1.7545 0.0 
8050000 27777 390.061 7863409.262 454.227 1.8203 0.0 
8060000 27798 417.853 7877331.362 525.295 1.9485 0.0 
8070000 27832 350.15 7891674.692 465.808 1.6321 0.0 
8080000 27864 330.771 7905901.765 452.162 1.5452 0.0 
8090000 27887 370.89 7919275.128 502.123 1.7324 0.0 
8100000 27904 430.191 7931765.671 563.799 2.0121 0.0 
8110000 27941 337.986 7946176.666 459.131 1.577 0.0 
8120000 27975 319.488 7958338.736 417.122 1.4905 0.0 
8130000 27998 366.667 7970077.987 452.435 1.7188 0.0 
8140000 28039 302.553 7980858.859 348.239 1.4164 0.0 
8150000 28074 301.798 7990558.864 317.636 1.4155 0.0 
8160000 28105 310.303 7998405.913 284.905 1.4588 0.0 
8170000 28165 203.326 8006298.487 167.461 0.9516 0.0 
8180000 28187 298.044 8014992.199 254.528 1.3949 0.0 
8190000 28209 349.017 8024847.807 312.948 1.6422 0.0 
8200000 28239 347.083 8036682.763 358.052 1.6241 0.0 
8210000 28263 365.453 8048182.484 392.314 1.7138 0.0 
8220000 28285 381.971 8061268.154 442.13 1.7893 0.0 
8230000 28309 404.649 8073178.273 473.153 1.898 0.0 
8240000 28337 384.742 8084216.435 435.31 1.8094 0.0 
8250000 28354 444.019 8097572.145 536.846 2.086 0.0 
8260000 28374 462.133 8111375.556 584.356 2.173 0.0 
8270000 28397 440.738 8125472.355 578.332 2.0656 0.0 
8280000 28444 311.1 8135969.231 360.701 1.4557 0.0 
8290000 28464 379.925 8141857.698 342.467 1.783 0.0 
8300000 28479 450.751 8148224.048 359.467 2.1169 0.0 
8310000 28495 502.498 8153822.01 361.459 2.3645 0.0 
8320000 28510 541.652 8160722.451 383.585 2.5502 0.0 
8330000 28527 546.662 8168128.825 393.193 2.5798 0.0 
8340000 28551 489.014 8176775.497 375.81 2.3146 0.0 
8350000 28574 455.964 8187444.614 399.635 2.16 0.0 
8360000 28593 481.632 8199259.606 476.575 2.2781 0.0 
8370000 28610 519.416 8210575.227 536.011 2.452 0.0 
8380000 28625 564.321 8220230.18 566.925 2.6584 0.0 
8390000 28642 569.623 8229851.966 564.846 2.6831 0.0 
8400000 28659 571.291 8238972.409 554.109 2.6897 0.0 
8410000 28677 565.791 8248553.039 547.952 2.6618 0.0 
8420000 28700 514.698 8259329.647 509.422 2.4281 0.0 
8430000 28714 563.545 8272241.073 612.604 2.6542 0.0 
8440000 28732 566.797 8288053.835 702.899 2.6673 0.0 
8450000 28750 565.581 8303230.301 749.99 2.6635 0.0 
8460000 28763 600.988 8318815.967 844.499 2.8256 0.0 
8470000 28788 522.825 8333585.921 741.723 2.4601 0.0 
8480000 28804 541.814 8346991.193 753.006 2.5509 0.0 
8490000 28820 554.04 8361288.904 791.752 2.6027 0.0 
8500000 28843 517.91 8373176.279 692.253 2.4299 0.0 
8510000 28869 450.227 8388345.965 625.723 2.1091 0.0 
8520000 28886 501.627 8398658.817 638.167 2.3495 0.0 
8530000 28903 526.488 8406814.112 592.401 2.4714 0.0 
8540000 28916 581.034 8415317.976 608.82 2.7348 0.0 
8550000 28926 645.708 8424616.998 663.481 3.0489 0.0 
8560000 28944 620.155 8433231.68 601.066 2.9312 0.0 
8570000 28959 634.107 8441188.804 587.781 2.9963 0.0 
8580000 28984 537.739 8454429.861 560.927 2.5315 0.0 
8590000 29004 518.199 8467269.518 579.667 2.4373 0.0 
8600000 29027 482.67 8480869.369 574.18 2.2656 0.0 
8610000 29048 477.594 8495541.824 614.297 2.2447 0.0 
8620000 29088 353.98 8509336.326 469.092 1.666 0.0 
8630000 29111 390.021 8521322.306 495.538 1.8356 0.0 
8640000 29135 394.791 8533370.313 494.19 1.8555 0.0 
8650000 29158 408.658 8546286.306 516.588 1.9192 0.0 
8660000 29180 434.485 8558553.323 539.844 2.0438 0.0 
8670000 29203 429.856 8570597.683 529.428 2.015 0.0 
8680000 29220 466.631 8583458.369 582.995 2.1847 0.0 
8690000 29242 460.75 8597714.411 603.858 2.1604 0.0 
8700000 29262 470.088 8612619.611 645.258 2.2014 0.0 
8710000 29289 433.519 8627260.239 610.282 2.0336 0.0 
8720000 29313 431.497 8640637.108 596.066 2.0254 0.0 
8730000 29341 400.129 8654341.211 551.013 1.8783 0.0 
8740000 29376 338.689 8668581.659 471.298 1.5868 0.0 
8750000 29409 323.267 8682225.535 444.826 1.5167 0.0 
8760000 29433 360.388 8694171.79 465.636 1.6907 0.0 
8770000 29457 382.865 8706239.496 478.067 1.7978 0.0 
8780000 29476 436.365 8716984.395 516.964 2.0486 0.0 
8790000 29497 440.981 8726845.45 488.918 2.069 0.0 
8800000 29524 409.969 8737632.086 450.948 1.9181 0.0 
8810000 29543 440.818 8750895.752 528.197 2.063 0.0 
8820000 29561 485.922 8758596.394 507.14 2.2813 0.0 
8830000 29590 414.729 8769795.221 448.456 1.9485 0.0 
8840000 29632 320.158 8783477.716 384.286 1.5075 0.0 
8850000 29674 277.054 8797681.416 363.379 1.3008 0.0 
8860000 29713 254.775 8811554.806 342.641 1.1946 0.0 
8870000 29767 209.66 8823625.26 261.475 0.979 0.0 
8880000 29801 257.13 8835585.038 311.075 1.2013 0.0 
8890000 29818 352.686 8849636.659 459.699 1.6514 0.0 
8900000 29841 380.981 8864357.655 524.773 1.7892 0.0 
8910000 29864 393.069 8877609.936 530.184 1.8415 0.0 
8920000 29889 397.673 8890420.567 523.767 1.8616 0.0 
8930000 29910 424.281 8904829.567 579.565 1.9811 0.0 
8940000 29939 393.806 8918467.501 542.12 1.8383 0.0 
8950000 29965 390.478 8934513.081 573.561 1.8294 0.0 
8960000 29988 399.224 8950424.526 607.695 1.8701 0.0 
8970000 30015 388.411 8965790.3 590.976 1.8179 0.0 
8980000 30045 374.499 8981257.45 575.119 1.7509 0.0 
8990000 30066 413.856 8997071.287 643.964 1.9331 0.0 
9000000 30094 386.73 9011998.594 592.525 1.8021 0.0 
9010000 30142 283.787 9026690.291 426.785 1.3248 0.0 
9020000 30177 284.739 9041451.158 424.145 1.325 0.0 
9030000 30200 335.718 9057188.133 513.501 1.5623 0.0 
9040000 30228 350.571 9071786.637 524.279 1.6373 0.0 
9050000 30247 401.969 9086356.338 594.323 1.8753 0.0 
9060000 30267 427.332 9101147.515 630.687 1.994 0.0 
9070000 30292 407.873 9115109.142 590.049 1.9013 0.0 
9080000 30317 410.483 9128542.094 577.091 1.9161 0.0 
9090000 30344 400.092 9143067.139 572.019 1.8711 0.0 
9100000 30367 411.27 9157874.329 596.764 1.9294 0.0 
9110000 30384 461.394 9169698.123 618.534 2.1627 0.0 
9120000 30408 432.619 9181724.337 564.05 2.0304 0.0 
9130000 30430 454.596 9195189.972 595.318 2.1297 0.0 
9140000 30448 482.999 9207262.877 614.504 2.263 0.0 
9150000 30476 416.668 9219320.264 523.995 1.9548 0.0 
9160000 30510 360.957 9232126.477 454.443 1.6914 0.0 
9170000 30543 330.98 9245453.873 427.911 1.5527 0.0 
9180000 30580 291.972 9257923.998 370.579 1.3696 0.0 
9190000 30627 238.567 9272154.448 322.78 1.1209 0.0 
9200000 30663 254.921 9287308.518 367.015 1.191 0.0 
9210000 30690 300.265 9302239.985 439.802 1.4025 0.0 
9220000 30714 347.449 9317278.33 516.641 1.6251 0.0 
9230000 30739 357.354 9331423.33 516.83 1.6745 0.0 
9240000 30756 436.075 9346766.04 647.428 2.0425 0.0 
9250000 30770 503.778 9361321.879 744.766 2.3581 0.0 
9260000 30784 557.314 9374882.461 800.224 2.6111 0.0 
9270000 30803 548.263 9387157.987 750.896 2.5692 0.0 
9280000 30818 564.256 9399196.708 755.81 2.6455 0.0 
9290000 30835 579.18 9408124.85 692.259 2.7246 0.0 
9300000 30851 592.328 9415438.388 625.714 2.7131 0.0 
9310000 30870 567.976 9422601.806 540.738 2.5534 0.0 
9320000 30886 580.43 9431203.484 535.691 2.5989 0.0 
9330000 30904 558.625 9440169.578 514.622 2.4913 0.0 
9340000 30926 532.945 9449833.98 501.885 2.4121 0.0 
9350000 30951 483.115 9461900.532 498.208 2.2064 0.0 
9360000 30981 414.164 9474956.653 469.392 1.9063 0.0 
9370000 31008 404.02 9490272.121 523.579 1.8657 0.0 
9380000 31034 383.319 9505430.891 526.507 1.7737 0.0 
9390000 31061 391.119 9520845.489 566.718 1.8175 0.0 
9400000 31092 357.636 9535874.643 527.546 1.6656 0.0 
9410000 31126 325.49 9550701.793 480.537 1.5178 0.0 
9420000 31156 330.863 9565520.829 490.686 1.5408 0.0 
9430000 31181 350.824 9580151.934 516.874 1.6384 0.0 
9440000 31207 362.46 9594564.611 530.508 1.6883 0.0 
9450000 31225 429.967 9608277.79 610.331 2.0008 0.0 
9460000 31238 507.75 9620838.712 693.753 2.376 0.0 
9470000 31260 482.585 9635126.471 668.309 2.2481 0.0 
9480000 31284 452.304 9649475.702 630.782 2.1106 0.0 
9490000 31303 486.683 9663563.25 685.407 2.2748 0.0 
9500000 31319 521.545 9678257.153 743.623 2.4308 0.0 
9510000 31330 599.219 9692776.096 860.104 2.7948 0.0 
9520000 31345 620.569 9706636.07 882.63 2.893 0.0 
9530000 31359 644.924 9720550.004 910.612 3.0065 0.0 
9540000 31387 515.336 9734026.793 716.505 2.397 0.0 
9550000 31403 537.247 9746664.521 729.3 2.5041 0.0 
9560000 31424 518.593 9755967.443 635.157 2.4276 0.0 
9570000 31438 567.291 9763758.13 616.162 2.6675 0.0 
9580000 31452 585.672 9771792.554 595.857 2.7612 0.0 
9590000 31475 530.622 9781169.036 522.013 2.5029 0.0 
9600000 31493 548.332 9791234.205 545.252 2.581 0.0 
9610000 31515 508.371 9801325.868 507.998 2.3879 0.0 
9620000 31542 457.21 9813409.538 489.655 2.1472 0.0 
9630000 31561 476.026 9826763.339 552.745 2.2388 0.0 
9640000 31583 470.826 9839372.557 563.116 2.2199 0.0 
9650000 31603 472.804 9852786.819 587.416 2.2271 0.0 
9660000 31631 429.212 9866946.008 562.329 2.0174 0.0 
9670000 31657 411.921 9881479.933 563.594 1.9303 0.0 
9680000 31696 343.488 9893547.658 444.908 1.6054 0.0 
9690000 31716 387.02 9908205.466 527.532 1.8081 0.0 
9700000 31738 413.743 9922426.934 573.821 1.9347 0.0 
9710000 31763 399.584 9936021.23 549.71 1.8665 0.0 
9720000 31786 411.023 9949238.767 556.203 1.9218 0.0 
9730000 31802 464.266 9962590.229 624.226 2.169 0.0 
9740000 31818 500.41 9974806.542 653.251 2.3362 0.0 
9750000 31832 549.509 9987734.005 715.212 2.5673 0.0 
9760000 31847 575.299 10000186.475 740.405 2.6883 0.0 
9770000 31888 390.233 10012121.422 487.969 1.8245 0.0 
9780000 31908 424.742 10026324.156 557.666 1.985 0.0 
9790000 31942 360.474 10038832.372 466.474 1.6871 0.0 
9800000 31968 367.288 10051446.45 469.115 1.7253 0.0 
9810000 31991 394.651 10064455.529 506.61 1.8556 0.0 
9820000 32013 410.941 10077472.129 530.925 1.9242 0.0 
9830000 32034 432.807 10090420.242 559.44 2.0251 0.0 
9840000 32065 384.791 10103602.718 501.156 1.7963 0.0 
9850000 32086 398.794 10117278.408 528.086 1.8633 0.0 
9860000 32105 448.816 10131119.538 605.113 2.1001 0.0 
9870000 32120 495.998 10145831.993 689.462 2.3218 0.0 
9880000 32136 531.488 10160960.095 758.838 2.4858 0.0 
9890000 32157 505.87 10176215.039 737.301 2.3636 0.0 
9900000 32176 506.143 10190677.545 738.312 2.3667 0.0 
9910000 32193 536.403 10205575.768 787.109 2.5091 0.0 
9920000 32210 545.97 10220412.625 804.295 2.5516 0.0 
9930000 32244 413.973 10234442.691 598.369 1.935 0.0 
9940000 32286 331.693 10247365.302 457.822 1.5467 0.0 
9950000 32323 295.187 10259968.818 391.172 1.3814 0.0 
9960000 32352 325.919 10272413.45 419.549 1.5253 0.0 
9970000 32376 360.952 10284471.163 450.724 1.6827 0.0 
9980000 32395 399.726 10295758.985 479.509 1.8631 0.0 
9990000 32416 421.859 10306913.104 498.965 1.9704 0.0 
10000000 32433 482.315 10319366.11 576.254 2.2536 0.0 
