10000 10 182.927 4777.528 87.403 0.2711 0 0 0 
20000 20 332.392 9746.569 161.964 0.492 0 0 0 
30000 66 237.292 12168.828 90.706 0.6004 0 0 0 
40000 323 41.322 15592.799 14.405 0.1545 0 0 0 
50000 366 163.759 20612.873 79.74 0.622 0 0 0 
60000 376 316.73 25479.953 152.174 1.1958 0 0 0 
70000 386 441.719 30650.847 221.468 1.6713 0 0 0 
80000 397 536.013 34973.576 254.489 2.032 0 0 0 
90000 407 620.888 41290.65 323.743 2.3452 0 0 0 
100000 417 690.238 47391.931 374.959 2.6094 0 0 0 
110000 427 746.902 53845.129 425.184 2.8273 0 0 0 
120000 437 793.201 59289.029 446.291 3.0051 0 0 0 
130000 447 831.03 63963.094 450.606 3.1521 0 0 0 
140000 457 861.939 69844.988 476.048 3.2679 0 0 0 
150000 467 887.194 75469.529 492.735 3.3667 0 0 0 
160000 478 894.808 80447.422 486.612 3.3978 0 0 0 
170000 489 896.433 85235.843 476.292 3.4089 0 0 0 
180000 502 863.364 90154.152 454.819 3.2815 0 0 0 
190000 513 875.851 95490.137 459.797 3.3291 0 0 0 
200000 523 898.561 100915.066 473.883 3.4172 0 0 0 
210000 533 917.117 106010.158 481.197 3.4954 0 0 0 
220000 543 932.279 111189.297 488.181 3.5529 0 0 0 
230000 553 944.667 116269.152 491.821 3.6042 0 0 0 
240000 563 954.789 121606.203 499.069 3.6406 0 0 0 
250000 573 963.059 127108.887 506.362 3.6744 0 0 0 
260000 583 969.817 133479.666 530.497 3.6976 0 0 0 
270000 593 975.338 139971.255 550.997 3.7228 0 0 0 
280000 604 962.772 146185.796 558.631 3.6769 0 0 0 
290000 615 954.331 150118.203 520.556 3.6561 0 0 0 
300000 627 933.067 153276.314 464.995 3.5814 0 0 0 
310000 637 942.993 158529.892 473.33 3.6215 0 0 0 
320000 647 953.421 163896.432 485.143 3.6577 0 0 0 
330000 657 961.942 169592.624 502.104 3.6908 0 0 0 
340000 667 968.903 175105.124 509.779 3.7088 0 0 0 
350000 677 974.592 181896.36 537.545 3.7308 0 0 0 
360000 687 979.24 188995.279 570.088 3.7492 0 0 0 
370000 697 983.037 196369.168 599.17 3.7521 0 0 0 
380000 707 986.14 203444.921 620.38 3.7617 0 0 0 
390000 717 988.676 209907.031 624.214 3.7758 0 0 0 
400000 727 990.747 216830.39 636.15 3.7852 0 0 0 
410000 737 992.44 224253.486 657.868 3.7957 0 0 0 
420000 747 993.823 230937.269 658.643 3.7954 0 0 0 
430000 757 994.953 238585.221 675.612 3.8024 0 0 0 
440000 767 995.876 245607.009 684.374 3.8062 0 0 0 
450000 777 996.63 251693.451 673.956 3.8079 0 0 0 
460000 787 997.247 259105.524 680.395 3.8083 0 0 0 
470000 797 997.75 265862.745 682.477 3.805 0 0 0 
480000 807 998.162 273265.992 690.617 3.8063 0 0 0 
490000 817 998.498 280193.048 693.349 3.8131 0 0 0 
500000 827 998.773 287885.068 707.383 3.822 0 0 0 
510000 837 998.997 294611.038 699.479 3.833 0 0 0 
520000 847 999.181 301458.479 697.044 3.8338 0 0 0 
530000 857 999.331 308946.652 705.673 3.8403 0 0 0 
540000 867 999.453 315384.653 692.463 3.8401 0 0 0 
550000 877 999.553 323109.015 707.464 3.8344 0 0 0 
560000 887 999.635 329739.35 702.969 3.8335 0 0 0 
570000 897 999.702 336854.733 702.181 3.833 0 0 0 
580000 907 999.756 345711.017 737.587 3.8303 0 0 0 
590000 917 999.801 353744.863 746.427 3.8322 0 0 0 
600000 927 999.837 360984.221 743.415 3.8346 0 0 0 
610000 937 999.867 368262.675 740.415 3.8365 0 0 0 
620000 947 999.891 376313.301 752.906 3.8475 0 0 0 
630000 957 999.911 384498.382 763.022 3.8577 0 0 0 
640000 967 999.927 392711.775 774.677 3.8578 0 0 0 
650000 977 999.941 401695.277 797.277 3.8506 0 0 0 
660000 987 999.952 412348.882 849.884 3.8453 0 0 0 
670000 997 999.96 420774.191 844.494 3.8466 0 0 0 
680000 1007 999.968 430348.364 865.478 3.8393 0 0 0 
690000 1017 999.974 438110.859 848.751 3.8349 0 0 0 
700000 1027 999.978 447763.249 871.11 3.8314 0 0 0 
710000 1037 999.982 457956.284 896.686 3.8308 0 0 0 
720000 1047 999.986 469639.557 946.566 3.8258 0 0 0 
730000 1057 999.988 481029.87 980.347 3.8138 0 0 0 
740000 1067 999.99 491923.616 1002.817 3.814 0 0 0 
750000 1077 999.992 504102.422 1039.585 3.8154 0 0 0 
760000 1087 999.994 515671.269 1063.526 3.8193 0 0 0 
770000 1097 999.995 529436.739 1122.573 3.8189 0 0 0 
780000 1107 999.996 540720.158 1123.741 3.8113 0 0 0 
790000 1117 999.996 552326.012 1128.517 3.8117 0 0 0 
800000 1127 999.997 564028.07 1135.54 3.8153 0 0 0 
810000 1137 999.998 578011.608 1186.399 3.8072 0 0 0 
820000 1147 999.998 591670.333 1217.43 3.8054 0 0 0 
830000 1157 999.998 607474.302 1281.924 3.8043 0 0 0 
840000 1167 999.999 622421.24 1324.983 3.8002 0 0 0 
850000 1177 999.999 636740.386 1342.271 3.8016 0 0 0 
860000 1187 999.999 650864.376 1358.621 3.8043 0 0 0 
870000 1197 999.999 666049.612 1385.419 3.8021 0 0 0 
880000 1207 999.999 683201.971 1444.043 3.7974 0 0 0 
890000 1217 1000.0 697717.706 1447.614 3.8015 0 0 0 
900000 1227 1000.0 715768.814 1509.294 3.8028 0 0 0 
910000 1237 1000.0 730564.01 1500.816 3.8075 0 0 0 
920000 1247 1000.0 747956.876 1544.924 3.7981 0 0 0 
930000 1257 1000.0 763725.307 1553.099 3.7915 0 0 0 
940000 1267 1000.0 780352.149 1574.235 3.7983 0 0 0 
950000 1277 1000.0 800222.011 1649.152 3.7968 0 0 0 
960000 1287 1000.0 818748.39 1686.581 3.7917 0 0 0 
970000 1297 1000.0 838476.608 1740.997 3.7976 0 0 0 
980000 1307 1000.0 855080.412 1730.294 3.7967 0 0 0 
990000 1317 1000.0 871270.318 1712.077 3.7966 0 0 0 
1000000 1327 1000.0 885509.916 1655.095 3.8037 0 0 0 
1010000 1337 1000.0 901079.843 1635.889 3.7985 0 0 0 
1020000 1347 1000.0 914074.498 1585.573 3.8063 0 0 0 
1030000 1357 1000.0 928024.568 1549.088 3.8112 0 0 0 
1040000 1367 1000.0 940952.902 1496.508 3.8177 0 0 0 
1050000 1377 1000.0 956514.329 1500.683 3.8177 0 0 0 
1060000 1387 1000.0 970635.007 1496.463 3.8186 0 0 0 
1070000 1397 1000.0 988919.581 1544.176 3.8092 0 0 0 
1080000 1407 1000.0 1003387.888 1536.003 3.8139 0 0 0 
1090000 1417 1000.0 1019692.292 1542.129 3.8115 0 0 0 
1100000 1427 1000.0 1037146.712 1578.884 3.8105 0 0 0 
1110000 1437 1000.0 1055979.626 1635.636 3.8115 0 0 0 
1120000 1447 1000.0 1075654.089 1696.476 3.8006 0 0 0 
1130000 1457 1000.0 1093164.129 1705.975 3.8021 0 0 0 
1140000 1467 1000.0 1112000.374 1738.527 3.8075 0 0 0 
1150000 1477 1000.0 1130375.123 1752.951 3.8001 0 0 0 
1160000 1488 983.623 1151214.632 1787.272 3.7416 0 0 0 
1170000 1498 986.619 1168359.394 1774.177 3.7541 0 0 0 
1180000 1508 989.067 1185926.163 1771.121 3.7625 0 0 0 
1190000 1518 991.067 1202925.973 1759.946 3.7738 0 0 0 
1200000 1529 975.807 1217682.471 1674.588 3.7178 0 0 0 
1210000 1539 980.232 1230171.486 1598.618 3.7414 0 0 0 
1220000 1549 983.848 1246688.276 1610.817 3.7515 0 0 0 
1230000 1559 986.803 1258606.556 1534.107 3.7689 0 0 0 
1240000 1569 989.217 1272913.69 1515.1 3.7654 0 0 0 
1250000 1579 991.19 1288835.638 1526.793 3.7718 0 0 0 
1260000 1589 992.801 1308110.345 1599.295 3.7619 0 0 0 
1270000 1599 994.118 1325250.901 1619.506 3.7692 0 0 0 
1280000 1609 995.194 1346385.086 1709.168 3.7761 0 0 0 
1290000 1619 996.073 1367198.403 1775.574 3.7654 0 0 0 
1300000 1629 996.792 1388146.302 1837.285 3.7678 0 0 0 
1310000 1639 997.378 1405051.447 1809.629 3.775 0 0 0 
1320000 1649 997.858 1424244.68 1826.172 3.777 0 0 0 
1330000 1659 998.25 1445364.932 1880.565 3.7694 0 0 0 
1340000 1669 990.271 1466185.906 1908.915 3.745 0 0 0 
1350000 1679 992.05 1486700.609 1925.576 3.7547 0 0 0 
1360000 1689 993.505 1505803.046 1924.594 3.766 0 0 0 
1370000 1699 994.693 1525733.803 1937.03 3.7721 0 0 0 
1380000 1709 995.664 1547660.076 1983.989 3.7759 0 0 0 
1390000 1719 996.457 1565007.623 1941.539 3.7867 0 0 0 
1400000 1729 997.105 1579538.095 1845.582 3.7932 0 0 0 
1410000 1739 997.635 1589229.707 1700.135 3.8019 0 0 0 
1420000 1750 985.889 1602184.097 1590.471 3.7564 0 0 0 
1430000 1760 988.471 1620179.566 1633.258 3.7625 0 0 0 
1440000 1770 990.58 1636509.107 1634.261 3.773 0 0 0 
1450000 1780 992.303 1658121.594 1727.342 3.7769 0 0 0 
1460000 1790 993.711 1677490.773 1766.632 3.7737 0 0 0 
1470000 1800 994.861 1693364.585 1737.943 3.7787 0 0 0 
1480000 1810 995.801 1705011.891 1636.843 3.7839 0 0 0 
1490000 1820 996.569 1723302.141 1667.242 3.788 0 0 0 
1500000 1830 997.197 1744159.954 1740.731 3.7855 0 0 0 
1510000 1840 997.71 1763218.496 1772.904 3.7881 0 0 0 
1520000 1850 998.129 1783866.579 1825.147 3.7922 0 0 0 
1530000 1860 998.471 1805818.868 1893.388 3.7959 0 0 0 
1540000 1870 998.751 1826526.313 1926.245 3.8005 0 0 0 
1550000 1880 998.979 1849113.856 1986.074 3.7905 0 0 0 
1560000 1890 999.166 1870699.905 2019.463 3.7886 0 0 0 
1570000 1900 999.319 1891317.934 2029.983 3.7906 0 0 0 
1580000 1910 999.443 1910748.877 2006.107 3.7905 0 0 0 
1590000 1920 999.545 1933236.201 2054.107 3.7942 0 0 0 
1600000 1930 999.628 1954792.133 2071.249 3.795 0 0 0 
1610000 1940 999.696 1977752.852 2111.42 3.8008 0 0 0 
1620000 1950 999.752 1999706.05 2127.055 3.7996 0 0 0 
1630000 1960 999.797 2019109.99 2095.269 3.8019 0 0 0 
1640000 1970 999.834 2034261.48 1997.72 3.7974 0 0 0 
1650000 1980 999.865 2050769.078 1929.333 3.8027 0 0 0 
1660000 1990 999.889 2069655.702 1924.489 3.8039 0 0 0 
1670000 2001 986.408 2083467.038 1795.52 3.7546 0 0 0 
1680000 2011 988.894 2100083.167 1771.231 3.7664 0 0 0 
1690000 2021 990.926 2113554.679 1693.67 3.7814 0 0 0 
1700000 2031 975.686 2128443.152 1621.534 3.7273 0 0 0 
1710000 2041 980.133 2143725.628 1602.554 3.7429 0 0 0 
1720000 2051 983.768 2161550.349 1637.656 3.7587 0 0 0 
1730000 2061 986.737 2182031.81 1706.74 3.7431 0 0 0 
1740000 2071 989.163 2203291.127 1789.467 3.7531 0 0 0 
1750000 2081 991.145 2224967.367 1853.561 3.7611 0 0 0 
1760000 2091 992.765 2243018.638 1866.467 3.7722 0 0 0 
1770000 2101 994.089 2260778.056 1829.808 3.7825 0 0 0 
1780000 2111 995.17 2280373.906 1850.314 3.7888 0 0 0 
1790000 2121 996.054 2297971.42 1838.131 3.7942 0 0 0 
1800000 2131 996.775 2320349.277 1907.517 3.7966 0 0 0 
1810000 2141 997.365 2340468.457 1929.272 3.798 0 0 0 
1820000 2151 997.847 2361629.686 1967.643 3.8005 0 0 0 
1830000 2161 998.241 2381386.544 1964.558 3.805 0 0 0 
1840000 2171 998.563 2403504.595 2010.322 3.8058 0 0 0 
1850000 2181 998.826 2423799.562 2011.054 3.8074 0 0 0 
1860000 2191 999.041 2445758.375 2045.131 3.8054 0 0 0 
1870000 2201 999.216 2467501.684 2073.631 3.8011 0 0 0 
1880000 2211 999.359 2490164.028 2106.253 3.7961 0 0 0 
1890000 2221 999.477 2512604.055 2128.63 3.7853 0 0 0 
1900000 2231 999.572 2532663.015 2103.139 3.7882 0 0 0 
1910000 2241 999.651 2546770.504 1981.647 3.797 0 0 0 
1920000 2251 999.715 2565580.465 1960.217 3.7997 0 0 0 
1930000 2261 999.767 2587634.755 2007.314 3.8052 0 0 0 
1940000 2272 989.441 2609747.683 2024.708 3.762 0 0 0 
1950000 2282 985.277 2631632.654 2036.921 3.7507 0 0 0 
1960000 2292 987.97 2650078.331 1998.088 3.7631 0 0 0 
1970000 2302 990.171 2669246.102 1978.121 3.7669 0 0 0 
1980000 2312 991.969 2690620.065 2011.52 3.7637 0 0 0 
1990000 2322 993.438 2712202.809 2036.661 3.7703 0 0 0 
2000000 2332 994.638 2733503.942 2054.949 3.7823 0 0 0 
2010000 2342 995.619 2754167.468 2054.183 3.7898 0 0 0 
2020000 2352 996.42 2773840.507 2040.06 3.7945 0 0 0 
2030000 2362 997.075 2793567.848 2024.567 3.7902 0 0 0 
2040000 2372 997.61 2815827.543 2062.125 3.7938 0 0 0 
2050000 2382 998.047 2835908.721 2052.23 3.799 0 0 0 
2060000 2392 998.405 2858366.508 2084.479 3.8019 0 0 0 
2070000 2402 998.696 2877778.996 2060.381 3.8046 0 0 0 
2080000 2412 998.935 2894306.627 1983.578 3.8094 0 0 0 
2090000 2422 999.13 2907303.184 1874.847 3.8167 0 0 0 
2100000 2432 999.289 2920165.098 1770.25 3.8156 0 0 0 
2110000 2442 999.419 2937467.217 1758.422 3.8192 0 0 0 
2120000 2452 999.525 2956550.752 1771.169 3.8105 0 0 0 
2130000 2462 999.612 2970752.495 1707.398 3.8088 0 0 0 
2140000 2473 990.28 2989714.154 1730.967 3.7511 0 0 0 
2150000 2483 992.058 3008911.884 1763.763 3.7654 0 0 0 
2160000 2493 993.511 3025652.796 1754.853 3.7769 0 0 0 
2170000 2503 986.394 3047282.699 1806.14 3.7529 0 0 0 
2180000 2513 988.883 3065547.835 1809.359 3.7678 0 0 0 
2190000 2523 990.916 3086534.66 1860.231 3.7778 0 0 0 
2200000 2533 992.578 3106432.601 1891.461 3.785 0 0 0 
2210000 2543 993.936 3122603.28 1831.529 3.7892 0 0 0 
2220000 2553 995.045 3142369.68 1874.227 3.7889 0 0 0 
2230000 2563 995.951 3158508.151 1840.167 3.8002 0 0 0 
2240000 2573 996.692 3179532.667 1862.382 3.8079 0 0 0 
2250000 2583 997.297 3196713.071 1846.789 3.8114 0 0 0 
2260000 2593 997.792 3215005.225 1833.135 3.8153 0 0 0 
2270000 2603 998.196 3236921.672 1897.4 3.8066 0 0 0 
2280000 2613 998.526 3256833.113 1913.193 3.8013 0 0 0 
2290000 2623 998.795 3274736.455 1899.383 3.7989 0 0 0 
2300000 2633 999.016 3290074.063 1820.297 3.8007 0 0 0 
2310000 2643 999.196 3309335.265 1839.84 3.7953 0 0 0 
2320000 2653 999.343 3325447.56 1794.144 3.807 0 0 0 
2330000 2663 999.463 3345997.107 1841.973 3.8117 0 0 0 
2340000 2673 999.561 3366662.967 1882.986 3.8132 0 0 0 
2350000 2683 999.642 3388389.176 1934.691 3.8084 0 0 0 
2360000 2693 999.707 3409424.171 1968.475 3.8066 0 0 0 
2370000 2703 999.761 3430312.525 1986.156 3.8116 0 0 0 
2380000 2713 999.804 3449191.242 1974.137 3.8149 0 0 0 
2390000 2723 999.84 3466144.719 1917.005 3.8164 0 0 0 
2400000 2733 999.869 3486394.717 1945.929 3.8139 0 0 0 
2410000 2743 999.893 3506984.378 1958.727 3.8069 0 0 0 
2420000 2753 999.913 3527735.034 1978.191 3.8057 0 0 0 
2430000 2763 999.929 3549571.746 2020.554 3.8061 0 0 0 
2440000 2773 999.942 3569925.364 2018.632 3.7941 0 0 0 
2450000 2783 999.952 3589449.774 2007.268 3.7951 0 0 0 
2460000 2793 999.961 3608682.153 1990.781 3.7941 0 0 0 
2470000 2803 999.968 3624684.703 1920.683 3.8029 0 0 0 
2480000 2813 999.974 3639766.053 1842.628 3.8116 0 0 0 
2490000 2823 999.979 3655218.72 1808.663 3.8132 0 0 0 
2500000 2833 997.583 3671994.28 1754.427 3.8067 0 0 0 
2510000 2843 998.025 3688022.078 1755.124 3.8067 0 0 0 
2520000 2854 986.529 3704721.281 1695.411 3.7626 0 0 0 
2530000 2865 971.854 3719840.876 1634.606 3.7037 0 0 0 
2540000 2875 977.002 3735393.904 1619.043 3.7253 0 0 0 
2550000 2885 981.209 3752417.998 1646.292 3.7488 0 0 0 
2560000 2895 984.647 3767384.415 1611.282 3.7703 0 0 0 
2570000 2905 979.615 3783362.15 1585.997 3.7467 0 0 0 
2580000 2915 983.344 3800108.12 1622.012 3.7527 0 0 0 
2590000 2925 986.391 3819287.038 1660.246 3.7435 0 0 0 
2600000 2935 988.88 3835811.726 1655.614 3.7574 0 0 0 
2610000 2945 990.914 3856552.409 1728.979 3.7653 0 0 0 
2620000 2955 992.576 3877971.847 1803.969 3.7607 0 0 0 
2630000 2965 993.934 3898596.625 1853.817 3.7538 0 0 0 
2640000 2975 995.044 3919561.077 1897.122 3.7662 0 0 0 
2650000 2985 995.951 3939796.147 1922.295 3.7773 0 0 0 
2660000 2995 996.691 3960410.056 1946.858 3.7852 0 0 0 
2670000 3005 997.297 3980525.739 1958.096 3.7904 0 0 0 
2680000 3015 997.791 4000591.529 1975.169 3.7957 0 0 0 
2690000 3025 998.195 4022345.773 2006.848 3.7947 0 0 0 
2700000 3035 998.525 4041830.672 1993.605 3.7979 0 0 0 
2710000 3045 998.795 4062417.11 2005.523 3.8021 0 0 0 
2720000 3055 999.015 4079279.007 1972.829 3.8073 0 0 0 
2730000 3065 999.196 4098621.864 1944.86 3.8063 0 0 0 
2740000 3075 999.343 4117265.586 1931.572 3.8089 0 0 0 
2750000 3085 999.463 4135637.427 1911.69 3.814 0 0 0 
2760000 3095 999.561 4153686.93 1892.661 3.8133 0 0 0 
2770000 3106 991.449 4168653.666 1808.148 3.7815 0 0 0 
2780000 3116 993.013 4184192.615 1769.036 3.7897 0 0 0 
2790000 3126 994.291 4198663.014 1703.023 3.7994 0 0 0 
2800000 3136 995.335 4213167.423 1655.412 3.806 0 0 0 
2810000 3146 996.189 4231922.524 1698.632 3.8088 0 0 0 
2820000 3156 996.886 4247721.107 1680.876 3.8132 0 0 0 
2830000 3166 997.456 4263033.127 1645.681 3.813 0 0 0 
2840000 3176 997.921 4281159.373 1680.582 3.811 0 0 0 
2850000 3186 998.301 4298266.742 1696.409 3.8122 0 0 0 
2860000 3196 998.612 4314034.564 1667.182 3.8192 0 0 0 
2870000 3206 998.866 4335994.304 1765.633 3.8201 0 0 0 
2880000 3216 999.073 4355347.02 1794.805 3.819 0 0 0 
2890000 3226 999.243 4375375.652 1829.585 3.8234 0 0 0 
2900000 3236 992.332 4391940.595 1794.249 3.8015 0 0 0 
2910000 3247 985.1 4408765.993 1752.61 3.7688 0 0 0 
2920000 3257 987.826 4422995.475 1694.263 3.7838 0 0 0 
2930000 3267 990.053 4442542.841 1741.586 3.794 0 0 0 
2940000 3277 991.872 4461282.518 1763.09 3.8 0 0 0 
2950000 3287 993.359 4479235.856 1767.619 3.8036 0 0 0 
2960000 3297 994.574 4496111.329 1753.37 3.8093 0 0 0 
2970000 3307 995.567 4512784.865 1739.064 3.816 0 0 0 
2980000 3317 996.378 4533546.422 1800.867 3.8123 0 0 0 
2990000 3327 997.04 4553428.985 1834.439 3.8165 0 0 0 
3000000 3337 997.582 4575979.184 1910.896 3.8183 0 0 0 
3010000 3347 998.024 4598108.11 1967.429 3.8163 0 0 0 
3020000 3357 998.385 4619818.884 2003.662 3.8189 0 0 0 
3030000 3367 984.168 4642020.681 2016.521 3.7655 0 0 0 
3040000 3377 987.064 4665366.413 2067.762 3.7766 0 0 0 
3050000 3387 989.43 4683644.341 2023.262 3.7911 0 0 0 
3060000 3397 991.364 4704551.197 2032.534 3.7921 0 0 0 
3070000 3407 992.944 4724874.292 2032.864 3.7969 0 0 0 
3080000 3417 994.234 4742967.306 2021.686 3.8066 0 0 0 
3090000 3428 988.323 4761073.311 1948.439 3.7875 0 0 0 
3100000 3438 990.459 4781184.024 1956.946 3.7963 0 0 0 
3110000 3448 992.205 4800015.524 1943.04 3.8003 0 0 0 
3120000 3458 988.867 4817501.009 1900.691 3.7855 0 0 0 
3130000 3468 990.903 4834829.167 1868.71 3.7935 0 0 0 
3140000 3478 992.567 4853565.522 1874.571 3.801 0 0 0 
3150000 3488 993.927 4871134.098 1850.669 3.8042 0 0 0 
3160000 3498 995.038 4889853.173 1850.149 3.8081 0 0 0 
3170000 3508 995.946 4908519.632 1856.197 3.8098 0 0 0 
3180000 3518 996.687 4928975.678 1891.406 3.8101 0 0 0 
3190000 3528 997.293 4951082.501 1946.975 3.8017 0 0 0 
3200000 3538 997.788 4974184.673 2011.604 3.8038 0 0 0 
3210000 3548 998.193 4997342.782 2067.47 3.8025 0 0 0 
3220000 3558 998.524 5020659.16 2113.565 3.8005 0 0 0 
3230000 3569 990.692 5042182.489 2106.486 3.7665 0 0 0 
3240000 3579 992.395 5065460.492 2147.482 3.7667 0 0 0 
3250000 3589 993.786 5086718.32 2141.176 3.775 0 0 0 
3260000 3599 994.923 5108540.435 2152.046 3.7833 0 0 0 
3270000 3609 995.851 5130440.01 2159.96 3.7905 0 0 0 
3280000 3619 996.61 5150256.133 2126.587 3.7935 0 0 0 
3290000 3629 997.23 5172209.014 2138.698 3.8065 0 0 0 
3300000 3639 997.737 5195458.603 2173.493 3.805 0 0 0 
3310000 3649 998.151 5217799.431 2183.725 3.8133 0 0 0 
3320000 3659 998.489 5239201.431 2173.545 3.8122 0 0 0 
3330000 3669 998.766 5260744.84 2169.752 3.8168 0 0 0 
3340000 3679 998.991 5281084.635 2143.111 3.8212 0 0 0 
3350000 3689 999.176 5302234.261 2136.982 3.8186 0 0 0 
3360000 3699 999.327 5321180.048 2089.936 3.8168 0 0 0 
3370000 3709 999.45 5342582.933 2100.528 3.8064 0 0 0 
3380000 3719 999.55 5364947.406 2124.897 3.8047 0 0 0 
3390000 3729 999.633 5384720.078 2096.42 3.8128 0 0 0 
3400000 3739 999.7 5400970.556 2015.413 3.817 0 0 0 
3410000 3749 999.755 5412578.063 1857.185 3.8266 0 0 0 
3420000 3759 999.8 5431699.277 1862.646 3.8274 0 0 0 
3430000 3769 999.836 5442537.707 1719.616 3.8285 0 0 0 
3440000 3779 999.866 5458651.984 1699.198 3.8322 0 0 0 
3450000 3789 999.891 5477389.194 1729.91 3.8305 0 0 0 
3460000 3799 999.911 5498273.257 1794.652 3.8308 0 0 0 
3470000 3809 999.927 5518864.134 1843.699 3.8251 0 0 0 
3480000 3819 999.94 5537321.792 1842.366 3.8242 0 0 0 
3490000 3829 999.951 5555729.97 1840.896 3.8201 0 0 0 
3500000 3839 999.96 5576146.342 1877.525 3.826 0 0 0 
3510000 3849 989.806 5594751.62 1869.151 3.783 0 0 0 
3520000 3859 991.671 5610132.924 1789.725 3.7957 0 0 0 
3530000 3869 993.195 5629179.7 1811.162 3.7979 0 0 0 
3540000 3879 994.44 5646763.131 1804.967 3.8011 0 0 0 
3550000 3889 995.457 5662349.458 1762.069 3.8088 0 0 0 
3560000 3899 996.288 5677143.123 1707.823 3.8154 0 0 0 
3570000 3909 996.967 5694822.638 1710.305 3.8184 0 0 0 
3580000 3919 997.522 5714534.119 1756.556 3.8203 0 0 0 
3590000 3929 997.975 5734905.126 1812.035 3.8236 0 0 0 
3600000 3939 998.345 5755563.26 1854.594 3.8133 0 0 0 
3610000 3949 998.648 5777497.168 1918.727 3.8105 0 0 0 
3620000 3959 998.895 5799961.388 1998.784 3.81 0 0 0 
3630000 3969 999.097 5817999.366 1945.411 3.8056 0 0 0 
3640000 3979 999.263 5840395.246 2001.661 3.8043 0 0 0 
3650000 3989 999.397 5861888.356 2029.912 3.8075 0 0 0 
3660000 3999 999.508 5885210.212 2078.354 3.8122 0 0 0 
3670000 4009 999.598 5908793.659 2130.698 3.8061 0 0 0 
3680000 4019 997.412 5928825.185 2107.499 3.7996 0 0 0 
3690000 4029 997.886 5948906.467 2112.7 3.7859 0 0 0 
3700000 4039 998.273 5965837.403 2007.035 3.7942 0 0 0 
3710000 4049 998.589 5986449.377 2018.671 3.7972 0 0 0 
3720000 4059 998.847 6006409.932 2016.044 3.8013 0 0 0 
3730000 4070 985.47 6020058.682 1873.438 3.7619 0 0 0 
3740000 4081 974.843 6036080.989 1795.623 3.7273 0 0 0 
3750000 4091 979.445 6051431.586 1749.857 3.7456 0 0 0 
3760000 4102 952.502 6069043.906 1683.77 3.6366 0 0 0 
3770000 4112 961.191 6088614.744 1738.89 3.6692 0 0 0 
3780000 4122 968.29 6103949.0 1692.97 3.7104 0 0 0 
3790000 4133 959.417 6119049.792 1658.634 3.6768 0 0 0 
3800000 4143 966.84 6138536.292 1686.256 3.7068 0 0 0 
3810000 4153 972.906 6156200.546 1698.448 3.7341 0 0 0 
3820000 4163 977.862 6179885.073 1823.169 3.7512 0 0 0 
3830000 4173 981.912 6199155.213 1834.109 3.7682 0 0 0 
3840000 4183 985.221 6221559.768 1909.975 3.7727 0 0 0 
3850000 4193 987.924 6242563.643 1945.515 3.7812 0 0 0 
3860000 4204 978.905 6263695.568 1958.633 3.7443 0 0 0 
3870000 4214 982.764 6284508.764 1980.217 3.7603 0 0 0 
3880000 4224 985.917 6303334.759 1957.982 3.7744 0 0 0 
3890000 4234 988.493 6320216.224 1916.112 3.7851 0 0 0 
3900000 4244 990.598 6337689.825 1878.142 3.7962 0 0 0 
3910000 4254 992.318 6357175.46 1892.302 3.8 0 0 0 
3920000 4264 993.723 6377763.241 1920.041 3.8163 0 0 0 
3930000 4274 994.871 6402121.614 2015.118 3.8098 0 0 0 
3940000 4284 995.81 6425402.375 2073.926 3.8103 0 0 0 
3950000 4294 996.576 6446167.177 2074.363 3.8106 0 0 0 
3960000 4304 997.202 6469508.71 2119.289 3.8104 0 0 0 
3970000 4314 997.714 6490971.572 2126.711 3.81 0 0 0 
3980000 4324 998.132 6513565.947 2156.806 3.8101 0 0 0 
3990000 4334 994.12 6535039.976 2135.455 3.7837 0 0 0 
4000000 4344 995.196 6557071.479 2151.528 3.7898 0 0 0 
