10000 9 166.418 -16.086 -0.262 0.9948 0 0 0 
20000 19 319.086 -32.034 -0.511 1.9102 0 0 0 
30000 92 205.933 -34.416 -0.19 1.578 0 0 0 
40000 105 342.849 -35.425 -0.158 2.6563 0 0 0 
50000 118 450.214 -36.23 -0.137 3.539 0 0 0 
60000 130 518.753 -37.003 -0.12 4.1224 0 0 0 
70000 153 485.693 -37.833 -0.088 3.8903 0 0 0 
80000 174 476.98 -40.727 -0.102 3.8392 0 0 0 
90000 193 500.246 -44.059 -0.128 4.0295 0 0 0 
100000 290 171.001 -47.968 -0.064 1.444 0 0 0 
110000 353 178.566 -50.205 -0.044 1.5148 0 0 0 
120000 379 252.125 -50.788 -0.034 2.105 0 0 0 
130000 425 237.0 -51.223 -0.02 2.0088 0 0 0 
140000 451 292.033 -59.17 -0.152 2.4462 0 0 0 
150000 461 421.723 -73.507 -0.381 3.5118 0 0 0 
160000 471 527.688 -87.863 -0.568 4.3575 0 0 0 
170000 481 614.27 -108.914 -0.853 5.0079 0 0 0 
180000 495 637.691 -116.7 -0.796 5.1281 0 0 0 
190000 508 674.846 -116.734 -0.609 5.3877 0 0 0 
200000 531 578.612 -117.78 -0.398 4.6687 0 0 0 
210000 546 614.27 -119.025 -0.318 4.9441 0 0 0 
220000 565 575.988 -120.459 -0.239 4.6877 0 0 0 
230000 583 577.583 -121.973 -0.193 4.7277 0 0 0 
240000 602 554.98 -123.339 -0.154 4.5127 0 0 0 
250000 616 593.737 -124.493 -0.138 4.8225 0 0 0 
260000 632 610.217 -124.754 -0.105 4.9588 0 0 0 
270000 649 607.301 -126.788 -0.11 4.9656 0 0 0 
280000 664 610.804 -127.808 -0.097 4.983 0 0 0 
290000 677 647.686 -129.792 -0.11 5.2536 0 0 0 
300000 707 499.931 -131.203 -0.081 4.0746 0 0 0 
310000 744 374.31 -133.162 -0.066 3.0868 0 0 0 
320000 765 409.898 -133.791 -0.056 3.3615 0 0 0 
330000 779 485.881 -132.343 -0.016 3.9565 0 0 0 
340000 791 555.345 -128.077 0.064 4.4744 0 0 0 
350000 806 588.332 -124.343 0.112 4.6866 0 0 0 
360000 819 630.799 -120.713 0.149 4.9864 0 0 0 
370000 832 660.932 -116.578 0.19 5.2007 0 0 0 
380000 844 699.321 -109.758 0.267 5.4866 0 0 0 
390000 854 754.506 -105.629 0.298 5.9133 0 0 0 
400000 865 785.446 -101.007 0.322 6.1099 0 0 0 
410000 875 824.877 -102.072 0.246 6.401 0 0 0 
420000 885 857.094 -102.895 0.186 6.6403 0 0 0 
430000 901 799.059 -106.691 0.068 6.196 0 0 0 
440000 911 830.113 -110.312 -0.012 6.4629 0 0 0 
450000 921 861.373 -103.8 0.106 6.7063 0 0 0 
460000 931 886.914 -98.983 0.18 6.9288 0 0 0 
470000 942 892.939 -95.277 0.207 6.9686 0 0 0 
480000 961 775.422 -92.004 0.201 6.0714 0 0 0 
490000 974 777.622 -91.585 0.163 6.0768 0 0 0 
500000 987 769.838 -87.995 0.188 5.9971 0 0 0 
510000 999 783.526 -86.146 0.181 6.0923 0 0 0 
520000 1009 823.308 -86.017 0.152 6.4281 0 0 0 
530000 1026 752.704 -85.06 0.122 5.866 0 0 0 
540000 1043 713.118 -74.5 0.27 5.5484 0 0 0 
550000 1067 598.929 -57.434 0.442 4.6807 0 0 0 
560000 1084 602.046 -44.925 0.532 4.6906 0 0 0 
570000 1099 613.951 -33.968 0.58 4.7976 0 0 0 
580000 1118 587.766 -21.565 0.605 4.59 0 0 0 
590000 1129 648.242 -10.883 0.671 5.0788 0 0 0 
600000 1140 700.158 -1.417 0.717 5.5095 0 0 0 
610000 1150 755.19 6.064 0.717 5.9433 0 0 0 
620000 1160 800.155 14.977 0.752 6.2902 0 0 0 
630000 1170 836.895 29.726 0.875 6.5875 0 0 0 
640000 1202 584.686 35.32 0.532 4.6024 0 0 0 
650000 1281 231.886 45.02 0.234 1.8868 0 0 0 
660000 1294 353.861 62.692 0.478 2.8558 0 0 0 
670000 1338 275.229 66.023 0.244 2.3046 0 0 0 
680000 1353 383.596 70.458 0.256 3.1902 0 0 0 
690000 1364 488.32 72.508 0.245 4.0611 0 0 0 
700000 1377 551.779 77.441 0.276 4.5191 0 0 0 
710000 1388 624.55 88.092 0.411 5.0385 0 0 0 
720000 1404 622.251 105.342 0.588 4.9932 0 0 0 
730000 1430 522.446 126.983 0.68 4.1988 0 0 0 
740000 1443 579.533 145.065 0.849 4.6458 0 0 0 
750000 1459 590.98 167.602 1.002 4.7281 0 0 0 
760000 1484 515.188 188.99 0.944 4.1107 0 0 0 
770000 1512 443.272 211.486 0.875 3.5183 0 0 0 
780000 1535 438.548 233.54 0.895 3.4656 0 0 0 
790000 1551 484.715 249.366 0.909 3.8448 0 0 0 
800000 1574 468.95 270.652 0.928 3.7089 0 0 0 
810000 1594 476.943 292.973 0.988 3.7792 0 0 0 
820000 1610 519.173 316.981 1.132 4.1089 0 0 0 
830000 1626 548.872 341.776 1.25 4.3624 0 0 0 
840000 1644 548.528 356.663 1.115 4.3317 0 0 0 
850000 1664 529.777 375.311 1.053 4.193 0 0 0 
860000 1687 490.528 395.932 0.986 3.8949 0 0 0 
870000 1708 488.317 415.726 0.972 3.8648 0 0 0 
880000 1730 476.672 436.789 0.967 3.7708 0 0 0 
890000 1755 449.875 451.771 0.832 3.5581 0 0 0 
900000 1782 416.963 468.571 0.749 3.3427 0 0 0 
910000 1803 435.934 487.646 0.8 3.5094 0 0 0 
920000 1820 488.557 506.97 0.914 3.868 0 0 0 
930000 1843 461.321 528.94 0.918 3.6676 0 0 0 
940000 1865 458.069 551.545 0.953 3.6535 0 0 0 
950000 1890 434.061 572.404 0.909 3.4866 0 0 0 
960000 1913 430.587 597.01 0.96 3.4594 0 0 0 
970000 1944 379.054 621.775 0.882 3.0537 0 0 0 
980000 1964 420.496 638.901 0.874 3.3837 0 0 0 
990000 1993 383.123 663.76 0.862 3.1096 0 0 0 
1000000 2015 410.408 688.847 0.965 3.3219 0 0 0 
1010000 2035 424.627 713.931 1.034 3.4509 0 0 0 
1020000 2053 481.991 737.498 1.152 3.9051 0 0 0 
1030000 2073 475.669 760.903 1.138 3.8696 0 0 0 
1040000 2090 523.712 787.005 1.285 4.2413 0 0 0 
1050000 2102 576.745 814.012 1.45 4.635 0 0 0 
1060000 2112 654.352 841.464 1.694 5.2154 0 0 0 
1070000 2124 708.152 869.063 1.858 5.619 0 0 0 
1080000 2137 721.534 894.409 1.884 5.7189 0 0 0 
1090000 2151 725.556 919.98 1.883 5.729 0 0 0 
1100000 2163 735.004 945.631 1.906 5.7935 0 0 0 
1110000 2174 769.861 965.801 1.889 6.054 0 0 0 
1120000 2187 768.673 986.781 1.826 6.041 0 0 0 
1130000 2199 781.809 1010.044 1.847 6.1516 0 0 0 
1140000 2215 744.969 1032.177 1.729 6.1796 0 0 0 
1150000 2229 734.04 1052.507 1.646 6.0393 0 0 0 
1160000 2241 753.039 1074.507 1.695 6.115 0 0 0 
1170000 2254 755.905 1095.049 1.669 6.0813 0 0 0 
1180000 2265 785.375 1112.101 1.639 6.275 0 0 0 
1190000 2275 824.819 1130.24 1.678 6.5735 0 0 0 
1200000 2286 841.505 1148.812 1.69 6.6801 0 0 0 
1210000 2296 870.681 1174.645 1.823 6.8531 0 0 0 
1220000 2306 894.52 1200.981 1.964 7.0266 0 0 0 
1230000 2317 896.546 1226.661 2.042 7.0258 0 0 0 
1240000 2328 900.093 1251.529 2.097 7.0411 0 0 0 
1250000 2339 903.41 1277.589 2.151 7.0353 0 0 0 
1260000 2353 863.405 1296.271 1.973 6.681 0 0 0 
1270000 2367 816.445 1316.082 1.811 6.3047 0 0 0 
1280000 2383 766.054 1336.199 1.657 5.925 0 0 0 
1290000 2397 752.241 1357.981 1.634 5.8261 0 0 0 
1300000 2410 756.432 1380.165 1.648 5.8508 0 0 0 
1310000 2426 719.674 1403.959 1.604 5.5629 0 0 0 
1320000 2437 758.905 1427.991 1.727 5.887 0 0 0 
1330000 2449 775.982 1452.424 1.793 6.0119 0 0 0 
1340000 2460 801.646 1479.023 1.915 6.2424 0 0 0 
1350000 2470 838.113 1509.094 2.115 6.5211 0 0 0 
1360000 2481 855.031 1537.97 2.235 6.6535 0 0 0 
1370000 2491 877.998 1567.405 2.338 6.832 0 0 0 
1380000 2502 884.793 1602.542 2.504 6.8776 0 0 0 
1390000 2512 906.05 1633.171 2.611 7.0377 0 0 0 
1400000 2522 923.419 1670.907 2.83 7.1674 0 0 0 
1410000 2532 937.611 1703.58 2.897 7.2963 0 0 0 
1420000 2543 932.147 1738.96 2.961 7.2791 0 0 0 
1430000 2554 925.965 1770.729 2.939 7.2365 0 0 0 
1440000 2565 924.053 1806.383 3.006 7.2373 0 0 0 
1450000 2576 922.339 1842.188 3.056 7.2229 0 0 0 
1460000 2587 921.118 1878.014 3.091 7.193 0 0 0 
1470000 2598 917.464 1919.782 3.241 7.1219 0 0 0 
1480000 2610 898.754 1955.148 3.172 6.9675 0 0 0 
1490000 2622 884.252 1988.992 3.096 6.8573 0 0 0 
1500000 2632 905.609 2025.287 3.192 6.9868 0 0 0 
1510000 2642 923.058 2060.266 3.255 7.1289 0 0 0 
1520000 2652 937.316 2091.714 3.235 7.2352 0 0 0 
1530000 2662 948.965 2118.744 3.133 7.3492 0 0 0 
1540000 2672 958.484 2150.57 3.146 7.4198 0 0 0 
1550000 2684 932.461 2185.354 3.093 7.2454 0 0 0 
1560000 2694 944.999 2222.772 3.201 7.3533 0 0 0 
1570000 2704 955.243 2257.095 3.254 7.4143 0 0 0 
1580000 2714 963.613 2291.038 3.283 7.4527 0 0 0 
1590000 2725 952.134 2330.123 3.331 7.3577 0 0 0 
1600000 2737 925.424 2369.26 3.307 7.1762 0 0 0 
1610000 2751 874.631 2403.297 3.1 6.7866 0 0 0 
1620000 2764 852.463 2432.119 2.895 6.6294 0 0 0 
1630000 2781 772.073 2465.509 2.613 6.0254 0 0 0 
1640000 2795 760.761 2499.911 2.583 5.9562 0 0 0 
1650000 2806 790.963 2537.061 2.748 6.1818 0 0 0 
1660000 2816 829.384 2574.629 2.938 6.4447 0 0 0 
1670000 2826 860.777 2609.003 3.027 6.6625 0 0 0 
1680000 2837 870.441 2650.444 3.177 6.7253 0 0 0 
1690000 2847 894.324 2692.653 3.368 6.9095 0 0 0 
1700000 2857 913.838 2733.219 3.487 7.0387 0 0 0 
1710000 2867 929.782 2766.663 3.464 7.1604 0 0 0 
1720000 2879 905.755 2810.84 3.495 6.9866 0 0 0 
1730000 2890 907.131 2857.035 3.638 7.0163 0 0 0 
1740000 2900 924.302 2898.629 3.741 7.1714 0 0 0 
1750000 2911 921.793 2931.107 3.58 7.153 0 0 0 
1760000 2923 900.847 2960.738 3.334 6.9835 0 0 0 
1770000 2933 919.167 2989.273 3.246 7.1009 0 0 0 
1780000 2943 934.137 3019.79 3.209 7.2457 0 0 0 
1790000 2954 928.077 3058.798 3.27 7.2102 0 0 0 
1800000 2968 876.259 3096.566 3.13 6.83 0 0 0 
1810000 2978 899.077 3130.962 3.181 7.0284 0 0 0 
1820000 2993 841.437 3168.866 3.02 6.5919 0 0 0 
1830000 3005 838.571 3202.485 2.97 6.5496 0 0 0 
1840000 3016 851.407 3242.447 3.1 6.6327 0 0 0 
1850000 3027 863.094 3283.198 3.22 6.7072 0 0 0 
1860000 3037 888.32 3317.566 3.251 6.9021 0 0 0 
1870000 3054 801.414 3350.729 2.878 6.1971 0 0 0 
1880000 3070 751.783 3381.76 2.618 5.85 0 0 0 
1890000 3083 757.123 3410.441 2.526 5.9003 0 0 0 
1900000 3093 801.735 3451.429 2.823 6.237 0 0 0 
1910000 3107 778.341 3491.339 2.823 6.0522 0 0 0 
1920000 3118 804.77 3536.864 3.083 6.2514 0 0 0 
1930000 3130 809.853 3584.435 3.266 6.3127 0 0 0 
1940000 3146 756.064 3622.524 3.007 5.9116 0 0 0 
1950000 3157 785.929 3653.657 2.971 6.1877 0 0 0 
1960000 3173 739.096 3690.896 2.786 5.8411 0 0 0 
1970000 3189 705.955 3728.34 2.65 5.5953 0 0 0 
1980000 3203 707.673 3762.554 2.601 5.5742 0 0 0 
1990000 3216 719.266 3800.197 2.658 5.6403 0 0 0 
2000000 3228 741.518 3838.244 2.76 5.7812 0 0 0 
2010000 3241 729.171 3878.88 2.784 5.6563 0 0 0 
2020000 3252 765.083 3918.4 2.941 5.9196 0 0 0 
2030000 3273 669.57 3956.902 2.58 5.2096 0 0 0 
2040000 3291 628.758 3988.555 2.311 4.9405 0 0 0 
2050000 3305 649.917 4022.301 2.327 5.0915 0 0 0 
2060000 3315 714.14 4055.35 2.518 5.5996 0 0 0 
2070000 3332 686.157 4091.168 2.42 5.3634 0 0 0 
2080000 3349 658.972 4124.062 2.29 5.1735 0 0 0 
2090000 3368 621.748 4155.896 2.108 4.8825 0 0 0 
2100000 3383 623.129 4188.037 2.072 4.9045 0 0 0 
2110000 3398 635.904 4226.226 2.188 5.0053 0 0 0 
2120000 3410 675.881 4261.745 2.349 5.328 0 0 0 
2130000 3420 735.354 4292.09 2.48 5.7823 0 0 0 
2140000 3432 753.526 4324.71 2.526 5.9333 0 0 0 
2150000 3445 757.317 4358.579 2.545 5.9751 0 0 0 
2160000 3456 789.056 4394.172 2.69 6.2063 0 0 0 
2170000 3469 784.168 4429.895 2.713 6.1626 0 0 0 
2180000 3480 807.468 4466.015 2.818 6.3384 0 0 0 
2190000 3490 842.87 4500.298 2.904 6.6159 0 0 0 
2200000 3502 839.435 4540.619 3.004 6.5951 0 0 0 
2210000 3513 853.932 4578.133 3.086 6.6948 0 0 0 
2220000 3524 864.784 4616.879 3.172 6.7948 0 0 0 
2230000 3534 889.702 4648.966 3.185 6.9982 0 0 0 
2240000 3544 910.061 4685.357 3.271 7.162 0 0 0 
2250000 3555 909.603 4714.955 3.152 7.1688 0 0 0 
2260000 3565 926.322 4752.854 3.257 7.2764 0 0 0 
2270000 3576 921.227 4787.816 3.253 7.2141 0 0 0 
2280000 3586 935.82 4826.771 3.344 7.327 0 0 0 
2290000 3596 947.743 4869.142 3.506 7.4207 0 0 0 
2300000 3606 957.485 4911.362 3.65 7.5342 0 0 0 
2310000 3616 965.445 4953.022 3.758 7.5723 0 0 0 
2320000 3628 935.769 4992.912 3.66 7.3565 0 0 0 
2330000 3638 947.702 5032.684 3.702 7.4371 0 0 0 
2340000 3649 940.34 5067.901 3.616 7.4172 0 0 0 
2350000 3661 918.083 5099.733 3.429 7.2639 0 0 0 
2360000 3673 899.568 5127.483 3.183 7.1315 0 0 0 
2370000 3685 881.335 5155.438 2.979 6.993 0 0 0 
2380000 3695 903.225 5188.118 3.035 7.1919 0 0 0 
2390000 3705 921.11 5227.14 3.193 7.3153 0 0 0 
2400000 3715 935.724 5261.771 3.242 7.4252 0 0 0 
2410000 3726 928.742 5297.207 3.233 7.3826 0 0 0 
2420000 3736 941.96 5335.558 3.337 7.5172 0 0 0 
2430000 3746 952.76 5371.163 3.394 7.6572 0 0 0 
2440000 3756 961.584 5407.743 3.434 7.7388 0 0 0 
2450000 3768 935.903 5447.864 3.419 7.5266 0 0 0 
2460000 3780 913.378 5487.638 3.378 7.3509 0 0 0 
2470000 3792 896.701 5537.048 3.539 7.2245 0 0 0 
2480000 3804 882.777 5585.814 3.642 7.0951 0 0 0 
2490000 3821 793.833 5631.185 3.352 6.3851 0 0 0 
2500000 3838 732.245 5674.579 3.103 5.8532 0 0 0 
2510000 3850 755.605 5723.77 3.329 6.0114 0 0 0 
2520000 3861 785.117 5762.71 3.382 6.2392 0 0 0 
2530000 3872 810.122 5807.02 3.518 6.4195 0 0 0 
2540000 3885 800.49 5847.813 3.427 6.3526 0 0 0 
2550000 3898 794.655 5896.671 3.515 6.3066 0 0 0 
2560000 3913 758.784 5940.84 3.355 6.0315 0 0 0 
2570000 3927 749.926 5986.8 3.341 5.964 0 0 0 
2580000 3939 768.187 6039.582 3.585 6.1149 0 0 0 
2590000 3950 797.691 6090.415 3.799 6.3372 0 0 0 
2600000 3960 834.881 6143.09 4.074 6.6673 0 0 0 
2610000 3970 865.269 6196.635 4.319 6.8857 0 0 0 
2620000 3983 841.13 6251.775 4.282 6.7543 0 0 0 
2630000 3993 870.374 6307.532 4.522 7.0135 0 0 0 
2640000 4003 894.269 6358.305 4.635 7.229 0 0 0 
2650000 4013 913.793 6409.718 4.72 7.3668 0 0 0 
2660000 4023 929.746 6468.199 4.92 7.4972 0 0 0 
2670000 4034 926.264 6523.302 4.954 7.5016 0 0 0 
2680000 4044 939.936 6582.198 5.116 7.5861 0 0 0 
2690000 4054 951.106 6643.214 5.293 7.6674 0 0 0 
2700000 4065 942.975 6700.038 5.277 7.6057 0 0 0 
2710000 4075 953.589 6759.696 5.419 7.675 0 0 0 
2720000 4085 962.262 6809.964 5.354 7.7304 0 0 0 
2730000 4095 969.348 6869.065 5.447 7.8075 0 0 0 
2740000 4105 975.138 6920.803 5.398 7.8446 0 0 0 
2750000 4115 979.869 6974.89 5.4 7.8643 0 0 0 
2760000 4125 983.734 7029.208 5.413 7.8745 0 0 0 
2770000 4135 986.893 7085.13 5.438 7.8748 0 0 0 
2780000 4145 989.473 7152.443 5.675 7.8848 0 0 0 
2790000 4155 991.582 7209.586 5.688 7.9003 0 0 0 
2800000 4165 993.305 7261.435 5.588 7.9464 0 0 0 
2810000 4175 994.712 7320.252 5.645 7.8984 0 0 0 
2820000 4185 995.863 7376.62 5.65 7.9009 0 0 0 
2830000 4195 996.802 7435.359 5.695 7.914 0 0 0 
2840000 4205 997.57 7473.365 5.343 7.9063 0 0 0 
2850000 4215 998.198 7520.35 5.224 7.8871 0 0 0 
2860000 4225 998.71 7576.663 5.301 7.9204 0 0 0 
2870000 4235 999.129 7638.964 5.462 7.9399 0 0 0 
2880000 4245 999.471 7697.069 5.535 7.9578 0 0 0 
2890000 4255 999.751 7750.072 5.493 7.9831 0 0 0 
2900000 4265 999.979 7811.494 5.619 7.9928 0 0 0 
2910000 4275 1000.166 7876.651 5.787 8.0309 0 0 0 
2920000 4285 1000.319 7942.308 5.929 8.0418 0 0 0 
2930000 4295 1000.443 8004.404 5.985 8.0728 0 0 0 
2940000 4305 1000.545 8068.555 6.064 8.1019 0 0 0 
2950000 4315 1000.628 8128.897 6.062 8.1207 0 0 0 
2960000 4325 1000.696 8189.273 6.055 8.106 0 0 0 
2970000 4335 1000.752 8253.711 6.124 8.1239 0 0 0 
2980000 4345 1000.797 8323.533 6.281 8.1331 0 0 0 
2990000 4355 1000.834 8389.688 6.345 8.1307 0 0 0 
3000000 4365 1000.865 8459.778 6.467 8.1333 0 0 0 
3010000 4374 1000.887 8525.974 6.487 8.1284 0 0 0 
3020000 4384 1000.908 8584.653 6.416 8.0851 0 0 0 
3030000 4394 1000.925 8647.587 6.358 8.0513 0 0 0 
3040000 4404 1000.938 8708.003 6.295 8.0762 0 0 0 
3050000 4414 1000.95 8763.427 6.164 8.0835 0 0 0 
3060000 4424 1000.959 8825.422 6.194 8.1144 0 0 0 
3070000 4434 1000.966 8887.356 6.188 8.1562 0 0 0 
3080000 4444 1000.973 8955.091 6.271 8.171 0 0 0 
3090000 4454 1000.978 9018.79 6.3 8.1255 0 0 0 
3100000 4464 1000.982 9080.321 6.27 8.125 0 0 0 
3110000 4474 1000.985 9141.961 6.266 8.1094 0 0 0 
3120000 4484 1000.988 9202.959 6.245 8.1187 0 0 0 
3130000 4494 1000.99 9259.235 6.146 8.1375 0 0 0 
3140000 4504 1000.992 9317.875 6.089 8.1515 0 0 0 
3150000 4514 1000.993 9380.307 6.096 8.1314 0 0 0 
3160000 4524 1000.995 9436.227 6.032 8.1351 0 0 0 
3170000 4534 1000.996 9488.138 5.864 8.1155 0 0 0 
3180000 4544 1000.996 9540.782 5.753 8.1266 0 0 0 
3190000 4554 1000.997 9592.797 5.647 8.0947 0 0 0 
3200000 4564 1000.998 9640.947 5.51 8.1436 0 0 0 
3210000 4574 1000.998 9689.794 5.392 8.1611 0 0 0 
3220000 4584 1000.998 9739.635 5.325 8.1369 0 0 0 
3230000 4594 1000.999 9787.274 5.223 8.1227 0 0 0 
3240000 4604 1000.999 9834.99 5.155 8.1102 0 0 0 
3250000 4617 946.917 9883.099 4.797 7.6724 0 0 0 
3260000 4628 939.02 9939.255 4.861 7.6295 0 0 0 
3270000 4639 933.398 9987.542 4.761 7.5658 0 0 0 
3280000 4653 882.237 10037.917 4.516 7.1392 0 0 0 
3290000 4664 886.958 10086.346 4.482 7.1859 0 0 0 
3300000 4676 876.502 10128.16 4.279 7.1156 0 0 0 
3310000 4686 899.276 10176.88 4.402 7.2779 0 0 0 
3320000 4698 885.046 10228.126 4.346 7.1507 0 0 0 
3330000 4708 906.257 10278.324 4.486 7.3196 0 0 0 
3340000 4718 923.588 10325.704 4.506 7.4533 0 0 0 
3350000 4728 937.749 10378.96 4.655 7.6833 0 0 0 
3360000 4739 932.527 10429.818 4.663 7.6666 0 0 0 
3370000 4749 945.052 10472.237 4.596 7.7468 0 0 0 
3380000 4759 955.287 10521.563 4.634 7.8154 0 0 0 
3390000 4769 963.649 10570.92 4.711 7.8977 0 0 0 
3400000 4781 935.733 10617.449 4.528 7.6636 0 0 0 
3410000 4791 947.672 10664.26 4.563 7.7468 0 0 0 
3420000 4801 957.427 10714.345 4.64 7.7805 0 0 0 
3430000 4811 965.398 10768.403 4.777 7.8548 0 0 0 
3440000 4821 971.91 10825.434 4.934 7.898 0 0 0 
3450000 4831 977.232 10883.827 5.114 7.9114 0 0 0 
3460000 4841 981.58 10947.381 5.337 7.9362 0 0 0 
3470000 4852 967.687 11008.651 5.379 7.8301 0 0 0 
3480000 4862 973.781 11069.316 5.53 7.8937 0 0 0 
3490000 4872 978.76 11125.437 5.526 7.955 0 0 0 
3500000 4882 982.828 11193.181 5.752 8.0114 0 0 0 
3510000 4893 966.46 11247.638 5.588 7.8608 0 0 0 
3520000 4903 972.779 11311.701 5.736 7.8991 0 0 0 
3530000 4914 961.146 11376.685 5.784 7.7952 0 0 0 
3540000 4924 968.436 11441.919 5.92 7.8314 0 0 0 
3550000 4934 974.393 11506.161 6.006 7.8768 0 0 0 
3560000 4945 963.08 11567.625 5.942 7.7623 0 0 0 
3570000 4956 952.687 11636.369 6.008 7.6767 0 0 0 
3580000 4966 961.525 11697.042 6.024 7.7596 0 0 0 
3590000 4976 968.746 11762.02 6.108 7.8142 0 0 0 
3600000 4986 974.646 11819.439 6.035 7.9005 0 0 0 
3610000 4996 979.467 11875.181 5.965 7.9385 0 0 0 
3620000 5006 983.406 11934.414 5.959 7.9939 0 0 0 
3630000 5016 986.624 11992.234 5.917 8.0358 0 0 0 
3640000 5026 989.254 12052.127 5.933 8.0296 0 0 0 
3650000 5036 991.403 12111.387 5.931 8.0398 0 0 0 
3660000 5046 993.158 12170.111 5.913 8.0458 0 0 0 
3670000 5056 994.593 12229.917 5.933 8.0734 0 0 0 
3680000 5066 995.765 12283.456 5.827 8.1105 0 0 0 
3690000 5076 996.722 12340.37 5.805 8.1073 0 0 0 
3700000 5086 997.505 12394.116 5.727 8.1084 0 0 0 
3710000 5097 980.601 12446.305 5.534 7.9565 0 0 0 
3720000 5107 984.333 12507.556 5.652 8.0065 0 0 0 
3730000 5117 987.382 12566.045 5.687 8.0425 0 0 0 
3740000 5127 989.873 12622.693 5.68 8.0648 0 0 0 
3750000 5139 952.783 12674.276 5.362 7.7325 0 0 0 
3760000 5149 961.603 12721.884 5.258 7.7951 0 0 0 
3770000 5159 968.81 12778.462 5.334 7.8664 0 0 0 
3780000 5169 974.698 12832.011 5.34 7.8858 0 0 0 
3790000 5180 960.972 12880.391 5.148 7.7727 0 0 0 
3800000 5190 968.294 12926.998 5.064 7.8524 0 0 0 
3810000 5200 974.277 12979.479 5.097 7.8941 0 0 0 
3820000 5210 979.165 13030.656 5.102 7.9258 0 0 0 
3830000 5220 983.159 13081.036 5.088 7.9751 0 0 0 
3840000 5232 953.208 13129.57 4.87 7.7046 0 0 0 
3850000 5243 944.474 13177.241 4.766 7.6133 0 0 0 
3860000 5254 936.987 13226.802 4.715 7.522 0 0 0 
3870000 5264 948.697 13269.361 4.628 7.6311 0 0 0 
3880000 5274 958.265 13316.307 4.641 7.7051 0 0 0 
3890000 5284 966.082 13375.6 4.88 7.8045 0 0 0 
3900000 5294 972.47 13431.926 5.012 7.8866 0 0 0 
3910000 5305 960.263 13483.105 4.944 7.802 0 0 0 
3920000 5315 967.715 13537.391 5.032 7.878 0 0 0 
3930000 5326 955.288 13592.197 5.014 7.7928 0 0 0 
3940000 5336 963.65 13638.336 4.936 7.8407 0 0 0 
3950000 5346 970.483 13678.934 4.773 7.913 0 0 0 
3960000 5357 958.33 13727.67 4.707 7.8374 0 0 0 
3970000 5367 966.135 13777.422 4.759 7.9188 0 0 0 
3980000 5378 956.166 13826.621 4.704 7.8449 0 0 0 
3990000 5389 945.926 13877.01 4.671 7.7724 0 0 0 
4000000 5400 938.447 13928.627 4.68 7.686 0 0 0 
