1000 8 16.988 -96.61 -1.758 0.0102 0.0 
2000 14 27.034 -146.674 -2.504 0.0158 0.0 
3000 19 51.726 -151.995 -2.392 0.0691 0.0 
4000 27 61.462 -271.413 -4.233 0.068 0.0 
5000 36 69.722 -344.746 -4.961 0.0664 0.0 
6000 45 75.394 -449.354 -6.19 0.0641 0.0 
7000 54 83.046 -539.706 -6.777 0.0644 0.0 
8000 64 85.4 -695.309 -8.296 0.0614 0.0 
9000 73 88.772 -786.152 -8.612 0.0603 0.0 
10000 82 94.296 -878.916 -8.967 0.0608 0.0 
11000 91 96.298 -979.074 -9.198 0.0597 0.0 
12000 100 99.21 -1040.006 -8.915 0.0596 0.0 
13000 110 98.46 -1066.914 -7.8 0.0573 0.0 
14000 121 98.012 -1158.304 -7.869 0.0554 0.0 
15000 132 96.994 -1252.61 -8.03 0.0535 0.0 
16000 141 97.946 -1345.175 -8.38 0.0532 0.0 
17000 152 97.132 -1541.159 -9.983 0.0948 0.0 
18000 165 92.686 -2083.934 -17.506 0.1533 0.0 
19000 176 91.7 -2452.172 -20.694 0.2006 0.0 
20000 183 97.611 -2765.109 -23.585 0.248 0.0 
21000 189 104.251 -2933.238 -24.055 0.2925 0.0 
22000 193 115.44 -3043.004 -24.451 0.352 0.0 
23000 197 129.418 -3095.991 -23.85 0.428 0.0 
24000 201 137.423 -3105.051 -22.296 0.4714 0.0 
25000 202 154.674 -3101.729 -21.644 0.581 0.0 
26000 203 171.581 -3098.995 -21.136 0.6913 0.0 
27000 205 175.329 -3093.588 -20.192 0.711 0.0 
28000 206 191.822 -3094.97 -19.758 0.8059 0.0 
29000 207 207.986 -3113.105 -19.597 0.9053 0.0 
30000 208 222.686 -3137.124 -19.772 1.0002 0.0 
31000 209 238.232 -3154.386 -19.725 1.0917 0.0 
32000 210 253.468 -3168.819 -19.701 1.1738 0.0 
33000 211 268.398 -3180.701 -19.478 1.2633 0.0 
34000 213 282.31 -3174.177 -18.765 1.3631 0.0 
35000 214 296.664 -3183.463 -18.538 1.4878 0.0 
36000 216 308.638 -3236.733 -18.802 1.5759 0.0 
37000 218 317.242 -3269.814 -18.777 1.6496 0.0 
38000 223 307.231 -3372.863 -18.95 1.5834 0.0 
39000 228 297.011 -3516.053 -19.899 1.5163 0.0 
40000 234 281.378 -3716.888 -21.226 1.4205 0.0 
41000 240 268.689 -3902.232 -22.536 1.34 0.0 
42000 247 252.429 -4027.041 -21.916 1.2429 0.0 
43000 253 242.349 -4163.81 -22.006 1.1793 0.0 
44000 258 234.383 -4275.118 -21.624 1.1291 0.0 
45000 265 226.521 -4335.41 -20.268 1.0769 0.0 
46000 271 219.013 -4432.585 -19.753 1.0293 0.0 
47000 277 211.719 -4523.959 -19.113 0.9851 0.0 
48000 283 205.48 -4595.284 -18.045 0.9462 0.0 
49000 290 200.06 -4656.266 -17.204 0.9106 0.0 
50000 291 216.058 -4651.17 -16.757 1.0076 0.0 
51000 296 212.748 -4695.29 -15.945 0.9835 0.0 
52000 297 228.493 -4690.902 -15.562 1.0752 0.0 
53000 298 230.823 -4678.806 -15.132 1.0856 0.0 
54000 301 247.739 -4690.683 -14.347 1.1862 0.0 
55000 303 251.37 -4679.96 -13.55 1.2009 0.0 
56000 304 266.343 -4690.272 -13.464 1.3116 0.0 
57000 305 276.236 -4696.422 -13.307 1.3829 0.0 
58000 306 290.711 -4704.189 -13.147 1.4818 0.0 
59000 307 304.897 -4711.504 -13.052 1.5877 0.0 
60000 308 318.799 -4717.749 -12.949 1.6705 0.0 
61000 309 332.423 -4725.36 -12.822 1.7593 0.0 
62000 310 345.774 -4736.11 -12.732 1.8595 0.0 
63000 311 358.859 -4744.261 -12.668 1.9667 0.0 
64000 312 371.682 -4749.269 -12.538 2.0353 0.0 
65000 313 384.248 -4757.889 -12.422 2.1299 0.0 
66000 314 396.563 -4762.967 -12.33 2.1975 0.0 
67000 315 408.632 -4773.924 -12.22 2.2706 0.0 
68000 316 420.459 -4786.088 -12.164 2.3789 0.0 
69000 317 432.05 -4793.569 -12.172 2.4718 0.0 
70000 318 443.409 -4795.249 -12.065 2.5337 0.0 
71000 319 454.541 -4798.526 -11.859 2.5936 0.0 
72000 320 465.45 -4804.571 -11.684 2.6659 0.0 
73000 321 476.141 -4811.415 -11.589 2.7253 0.0 
74000 322 486.618 -4822.5 -11.5 2.7872 0.0 
75000 323 496.886 -4834.205 -11.481 2.8677 0.0 
76000 324 506.948 -4842.519 -11.498 2.9453 0.0 
77000 325 516.809 -4854.842 -11.423 3.0305 0.0 
78000 326 526.473 -4860.694 -11.461 3.1211 0.0 
79000 327 535.944 -4868.323 -11.335 3.1773 0.0 
80000 328 545.225 -4874.364 -11.242 3.243 0.0 
81000 329 554.32 -4882.392 -11.17 3.3191 0.0 
82000 330 563.234 -4890.132 -11.103 3.377 0.0 
83000 331 571.969 -4899.675 -11.026 3.4322 0.0 
84000 332 580.53 -4909.163 -10.989 3.4868 0.0 
85000 333 588.919 -4917.845 -10.972 3.525 0.0 
86000 334 597.141 -4926.122 -10.923 3.5626 0.0 
87000 335 605.198 -4934.959 -10.849 3.6252 0.0 
88000 336 613.094 -4943.228 -10.832 3.6976 0.0 
89000 337 620.832 -4950.84 -10.78 3.7494 0.0 
90000 338 628.416 -4958.587 -10.723 3.7875 0.0 
91000 339 635.847 -4966.555 -10.646 3.8304 0.0 
92000 340 643.13 -4971.632 -10.585 3.8727 0.0 
93000 341 650.268 -4975.812 -10.477 3.9182 0.0 
94000 342 657.262 -4985.514 -10.348 3.9664 0.0 
95000 343 664.117 -4991.421 -10.353 4.0298 0.0 
96000 344 670.835 -4996.856 -10.242 4.0826 0.0 
97000 345 677.418 -5001.964 -10.116 4.1227 0.0 
98000 346 683.87 -5004.418 -10.056 4.1695 0.0 
99000 347 690.192 -5007.085 -9.851 4.2014 0.0 
100000 348 696.388 -5009.332 -9.725 4.2197 0.0 
101000 349 702.461 -5014.779 -9.567 4.2467 0.0 
102000 350 708.411 -5022.574 -9.526 4.2897 0.0 
103000 351 714.243 -5033.856 -9.492 4.3081 0.0 
104000 352 719.158 -5038.874 -9.581 4.3182 0.0 
105000 354 724.82 -5047.791 -9.371 4.3637 0.0 
106000 355 730.323 -5055.24 -9.377 4.4082 0.0 
107000 356 735.717 -5061.509 -9.268 4.4463 0.0 
108000 357 734.302 -5069.149 -9.258 4.4369 0.0 
109000 358 737.296 -5078.459 -9.258 4.4637 0.0 
110000 359 742.13 -5078.9 -9.013 4.5065 0.0 
111000 361 735.345 -5087.439 -8.822 4.4362 0.0 
112000 363 731.786 -5091.919 -8.629 4.4182 0.0 
113000 364 733.75 -5091.971 -8.456 4.4442 0.0 
114000 368 696.248 -5098.766 -8.042 4.1838 0.0 
115000 369 702.324 -5103.548 -7.821 4.2432 0.0 
116000 371 697.052 -5120.099 -7.946 4.2004 0.0 
117000 374 677.674 -5139.11 -7.801 4.0676 0.0 
118000 376 670.094 -5158.191 -7.863 4.0128 0.0 
119000 378 654.643 -5171.47 -7.799 3.9011 0.0 
120000 380 643.087 -5196.264 -7.855 3.8164 0.0 
121000 383 637.422 -5207.321 -7.743 3.779 0.0 
122000 385 631.511 -5213.763 -7.612 3.7253 0.0 
123000 386 638.88 -5233.746 -7.69 3.7806 0.0 
124000 391 596.336 -5251.388 -7.387 3.4991 0.0 
125000 392 594.969 -5261.334 -7.402 3.4806 0.0 
126000 394 602.948 -5272.397 -7.4 3.5492 0.0 
127000 395 598.589 -5280.639 -7.248 3.5134 0.0 
128000 401 559.005 -5295.307 -6.892 3.2452 0.0 
129000 404 547.606 -5297.111 -6.453 3.1569 0.0 
130000 407 526.658 -5309.33 -6.33 3.0182 0.0 
131000 409 529.863 -5319.175 -6.259 3.0393 0.0 
132000 410 539.266 -5322.045 -6.215 3.1031 0.0 
133000 412 541.111 -5325.217 -6.024 3.1078 0.0 
134000 414 538.11 -5323.133 -5.688 3.0897 0.0 
135000 416 523.091 -5337.347 -5.635 2.9966 0.0 
136000 420 514.229 -5344.937 -5.528 2.9523 0.0 
137000 421 514.324 -5351.775 -5.485 2.9483 0.0 
138000 424 504.62 -5353.068 -5.188 2.9026 0.0 
139000 426 506.897 -5361.816 -5.211 2.9095 0.0 
140000 428 501.778 -5363.692 -4.956 2.8749 0.0 
141000 431 500.203 -5366.181 -4.773 2.878 0.0 
142000 432 510.199 -5371.496 -4.775 2.9373 0.0 
143000 433 519.995 -5368.123 -4.582 3.0038 0.0 
144000 434 515.255 -5362.34 -4.558 2.968 0.0 
145000 437 520.146 -5371.557 -4.304 2.996 0.0 
146000 440 503.128 -5377.349 -4.219 2.8794 0.0 
147000 444 489.657 -5376.527 -3.854 2.7735 0.0 
148000 445 499.864 -5382.584 -3.838 2.8137 0.0 
149000 450 471.935 -5381.45 -3.504 2.6312 0.0 
150000 452 472.791 -5381.165 -3.349 2.6429 0.0 
151000 456 455.91 -5381.118 -3.114 2.54 0.0 
152000 459 440.732 -5394.259 -3.109 2.4462 0.0 
153000 461 452.032 -5385.672 -2.935 2.5465 0.0 
154000 463 447.715 -5394.235 -2.773 2.519 0.0 
155000 466 437.771 -5406.095 -2.862 2.4549 0.0 
156000 469 439.149 -5405.41 -2.793 2.4666 0.0 
157000 471 440.946 -5407.05 -2.731 2.4727 0.0 
158000 476 418.775 -5397.96 -2.303 2.321 0.0 
159000 478 420.997 -5406.842 -2.496 2.3158 0.0 
160000 480 424.044 -5407.319 -2.272 2.3417 0.0 
161000 482 416.611 -5415.31 -2.222 2.2882 0.0 
162000 483 428.279 -5423.552 -2.412 2.3884 0.0 
163000 487 425.968 -5422.474 -2.278 2.3751 0.0 
164000 488 428.489 -5428.625 -2.312 2.3915 0.0 
165000 491 425.454 -5430.566 -2.225 2.3691 0.0 
166000 492 436.945 -5436.4 -2.31 2.4693 0.0 
167000 493 448.206 -5446.372 -2.463 2.5395 0.0 
168000 494 459.242 -5454.801 -2.598 2.5963 0.0 
169000 495 470.057 -5457.299 -2.666 2.6622 0.0 
170000 496 480.656 -5463.384 -2.719 2.7173 0.0 
171000 497 491.043 -5468.296 -2.702 2.7919 0.0 
172000 498 501.222 -5473.023 -2.768 2.8573 0.0 
173000 499 510.977 -5480.208 -2.793 2.9155 0.0 
174000 501 515.623 -5486.284 -2.845 2.9747 0.0 
175000 502 518.21 -5489.761 -2.915 2.9869 0.0 
176000 503 527.846 -5501.575 -2.986 3.0341 0.0 
177000 505 534.943 -5506.674 -2.999 3.0747 0.0 
178000 508 520.669 -5502.319 -2.761 2.9799 0.0 
179000 509 522.556 -5502.157 -2.813 2.9866 0.0 
180000 510 524.005 -5510.099 -2.6 2.9954 0.0 
181000 511 533.525 -5515.609 -2.744 3.0652 0.0 
182000 512 542.854 -5524.62 -2.804 3.1257 0.0 
183000 514 555.697 -5524.723 -2.926 3.1924 0.0 
184000 515 564.583 -5528.353 -2.933 3.252 0.0 
185000 517 565.846 -5533.767 -2.873 3.2983 0.0 
186000 518 573.929 -5534.254 -2.856 3.3376 0.0 
187000 519 582.45 -5539.384 -2.854 3.418 0.0 
188000 520 575.141 -5543.448 -2.754 3.3704 0.0 
189000 522 583.486 -5538.726 -2.813 3.4172 0.0 
190000 523 591.776 -5553.792 -2.957 3.4455 0.0 
191000 524 599.94 -5559.457 -3.022 3.4896 0.0 
192000 526 596.434 -5571.256 -3.085 3.4453 0.0 
193000 527 604.506 -5582.242 -3.211 3.5132 0.0 
194000 528 612.416 -5591.571 -3.384 3.5944 0.0 
195000 529 620.167 -5600.738 -3.471 3.6502 0.0 
196000 530 627.764 -5605.271 -3.54 3.6998 0.0 
197000 531 635.209 -5612.541 -3.639 3.7728 0.0 
198000 532 642.504 -5619.6 -3.728 3.8126 0.0 
199000 533 634.554 -5616.34 -3.604 3.7606 0.0 
200000 534 641.863 -5623.952 -3.444 3.7958 0.0 
201000 535 649.026 -5634.79 -3.518 3.841 0.0 
202000 537 644.965 -5644.21 -3.652 3.8452 0.0 
203000 538 651.345 -5653.897 -3.812 3.8932 0.0 
204000 539 658.318 -5666.111 -3.842 3.9327 0.0 
205000 541 659.989 -5670.413 -3.985 3.9464 0.0 
206000 542 666.789 -5673.476 -4.022 4.0019 0.0 
207000 543 673.453 -5682.727 -4.024 4.0614 0.0 
208000 545 667.745 -5682.551 -3.903 4.0286 0.0 
209000 547 665.782 -5683.686 -3.907 3.99 0.0 
210000 548 672.466 -5693.632 -3.923 4.0138 0.0 
211000 550 653.208 -5698.368 -3.835 3.8853 0.0 
212000 552 650.721 -5708.389 -3.832 3.8947 0.0 
213000 553 657.706 -5711.126 -3.893 3.9204 0.0 
214000 556 646.096 -5714.544 -3.705 3.8628 0.0 
215000 557 653.174 -5727.203 -3.839 3.9092 0.0 
216000 558 652.651 -5730.541 -3.828 3.897 0.0 
217000 559 659.598 -5742.043 -3.915 3.9291 0.0 
218000 562 649.395 -5750.236 -3.998 3.8816 0.0 
219000 565 632.959 -5767.042 -4.043 3.791 0.0 
220000 567 615.331 -5765.737 -3.863 3.6756 0.0 
221000 569 615.584 -5774.314 -3.899 3.6638 0.0 
222000 572 603.671 -5773.058 -3.633 3.575 0.0 
223000 573 611.597 -5782.22 -3.751 3.6122 0.0 
224000 575 606.634 -5789.95 -3.747 3.5621 0.0 
225000 576 614.501 -5792.92 -3.721 3.595 0.0 
226000 578 598.405 -5793.782 -3.56 3.4868 0.0 
227000 580 597.528 -5800.554 -3.594 3.4679 0.0 
228000 581 605.577 -5809.767 -3.664 3.5278 0.0 
229000 582 613.466 -5813.189 -3.776 3.5711 0.0 
230000 584 611.873 -5816.049 -3.69 3.5933 0.0 
231000 585 619.635 -5821.448 -3.693 3.6467 0.0 
232000 586 627.242 -5826.237 -3.691 3.6942 0.0 
233000 587 634.698 -5835.186 -3.754 3.7557 0.0 
234000 588 635.684 -5849.551 -3.919 3.7668 0.0 
235000 589 642.33 -5859.357 -4.087 3.8103 0.0 
236000 590 649.483 -5864.617 -4.044 3.8787 0.0 
237000 591 656.494 -5868.02 -4.112 3.9681 0.0 
238000 593 653.777 -5865.935 -3.966 3.9486 0.0 
239000 595 655.947 -5867.713 -3.823 3.947 0.0 
240000 597 651.111 -5881.823 -3.888 3.8872 0.0 
241000 598 650.729 -5890.709 -3.971 3.877 0.0 
242000 601 633.466 -5894.232 -3.853 3.7444 0.0 
243000 602 634.217 -5906.109 -3.834 3.7458 0.0 
244000 605 626.075 -5903.943 -3.881 3.7087 0.0 
245000 607 616.109 -5909.158 -3.614 3.6453 0.0 
246000 608 615.607 -5918.306 -3.713 3.6434 0.0 
247000 609 623.295 -5926.713 -3.76 3.7222 0.0 
248000 611 626.492 -5929.014 -3.805 3.7547 0.0 
249000 612 633.963 -5932.444 -3.862 3.8102 0.0 
250000 614 633.718 -5936.971 -3.752 3.804 0.0 
251000 615 628.283 -5943.797 -3.716 3.7672 0.0 
252000 616 635.718 -5945.595 -3.742 3.8375 0.0 
253000 619 628.745 -5954.128 -3.768 3.8001 0.0 
254000 621 625.667 -5966.41 -3.684 3.7917 0.0 
255000 623 607.286 -5973.856 -3.65 3.6712 0.0 
256000 626 606.904 -5961.125 -3.276 3.6657 0.0 
257000 627 611.646 -5950.285 -3.044 3.6733 0.0 
258000 628 619.413 -5944.878 -2.903 3.7262 0.0 
259000 630 616.811 -5945.767 -2.76 3.7259 0.0 
260000 631 608.395 -5941.121 -2.718 3.67 0.0 
261000 634 605.272 -5925.618 -2.253 3.6341 0.0 
262000 635 604.907 -5941.551 -2.368 3.6189 0.0 
263000 636 612.809 -5946.678 -2.404 3.6431 0.0 
264000 637 620.552 -5950.18 -2.471 3.662 0.0 
265000 638 628.141 -5952.625 -2.572 3.7069 0.0 
266000 639 635.579 -5970.556 -2.658 3.7727 0.0 
267000 640 642.867 -5969.764 -2.708 3.8481 0.0 
268000 641 650.01 -5972.874 -2.704 3.914 0.0 
269000 643 643.41 -5974.044 -2.658 3.8458 0.0 
270000 644 650.542 -5979.15 -2.669 3.8792 0.0 
271000 645 657.531 -5983.257 -2.735 3.9007 0.0 
272000 646 664.38 -5988.873 -2.773 3.9262 0.0 
273000 647 671.093 -6002.056 -2.899 3.9848 0.0 
274000 648 677.671 -6009.413 -3.046 4.0073 0.0 
275000 649 684.118 -6017.22 -3.161 4.0432 0.0 
276000 650 690.435 -6023.106 -3.244 4.0762 0.0 
277000 652 695.194 -6027.022 -3.191 4.1048 0.0 
278000 653 701.29 -6033.746 -3.25 4.1401 0.0 
279000 654 707.264 -6038.618 -3.28 4.1529 0.0 
280000 655 713.119 -6046.173 -3.367 4.1975 0.0 
281000 656 718.857 -6052.908 -3.456 4.2139 0.0 
282000 657 724.48 -6060.586 -3.535 4.231 0.0 
283000 658 729.99 -6067.212 -3.567 4.2632 0.0 
284000 659 729.41 -6064.355 -3.551 4.2637 0.0 
285000 660 734.822 -6064.936 -3.542 4.2954 0.0 
286000 661 729.965 -6078.316 -3.453 4.2688 0.0 
287000 662 735.366 -6085.932 -3.573 4.308 0.0 
288000 663 740.659 -6090.867 -3.609 4.3427 0.0 
289000 664 745.846 -6097.394 -3.686 4.3811 0.0 
290000 665 750.929 -6099.849 -3.749 4.4244 0.0 
291000 667 755.172 -6101.821 -3.689 4.4697 0.0 
292000 668 760.069 -6110.67 -3.832 4.5394 0.0 
293000 669 764.867 -6109.432 -3.717 4.5685 0.0 
294000 670 769.57 -6117.698 -3.78 4.5845 0.0 
295000 671 774.178 -6115.691 -3.668 4.6016 0.0 
296000 672 762.835 -6112.362 -3.527 4.5266 0.0 
297000 673 767.578 -6119.749 -3.409 4.5506 0.0 
298000 674 772.227 -6129.258 -3.507 4.5624 0.0 
299000 675 776.782 -6133.15 -3.63 4.5739 0.0 
300000 679 748.604 -6124.221 -3.324 4.3964 0.0 
301000 680 753.632 -6135.797 -3.452 4.4372 0.0 
302000 681 758.559 -6143.831 -3.576 4.4605 0.0 
303000 682 763.388 -6147.992 -3.582 4.4719 0.0 
304000 683 768.121 -6159.823 -3.701 4.4819 0.0 
305000 684 772.758 -6161.618 -3.732 4.548 0.0 
306000 685 777.303 -6172.316 -3.795 4.5784 0.0 
307000 687 759.18 -6176.702 -3.65 4.4524 0.0 
308000 688 763.997 -6185.759 -3.771 4.463 0.0 
309000 689 768.717 -6189.315 -3.806 4.4958 0.0 
310000 690 773.342 -6194.092 -3.837 4.539 0.0 
311000 691 777.875 -6199.927 -3.862 4.5621 0.0 
312000 692 782.318 -6209.621 -3.918 4.5948 0.0 
313000 693 784.412 -6214.324 -3.958 4.6134 0.0 
314000 694 788.723 -6220.822 -3.993 4.6302 0.0 
315000 695 792.949 -6228.966 -4.059 4.6645 0.0 
316000 696 797.09 -6232.167 -4.06 4.6811 0.0 
317000 697 801.148 -6237.959 -4.103 4.7289 0.0 
318000 698 805.125 -6245.981 -4.183 4.7513 0.0 
319000 699 809.023 -6252.592 -4.178 4.7731 0.0 
320000 700 812.842 -6257.323 -4.263 4.8061 0.0 
321000 701 816.585 -6259.431 -4.208 4.8314 0.0 
322000 702 820.254 -6266.412 -4.266 4.88 0.0 
323000 703 823.849 -6272.014 -4.25 4.951 0.0 
324000 705 819.224 -6269.242 -4.216 4.9189 0.0 
325000 706 822.84 -6273.067 -4.148 4.9453 0.0 
326000 707 826.383 -6276.528 -4.136 4.9995 0.0 
327000 708 829.855 -6280.133 -4.175 5.0391 0.0 
328000 709 833.258 -6291.942 -4.255 5.0786 0.0 
329000 710 836.593 -6296.378 -4.292 5.0727 0.0 
330000 711 839.861 -6301.683 -4.377 5.1009 0.0 
331000 712 843.064 -6308.776 -4.41 5.1169 0.0 
332000 713 845.523 -6325.976 -4.469 5.1172 0.0 
333000 714 848.612 -6336.73 -4.598 5.1401 0.0 
334000 715 851.64 -6342.925 -4.739 5.1667 0.0 
335000 716 854.607 -6350.033 -4.797 5.2005 0.0 
336000 717 857.515 -6358.057 -4.843 5.1944 0.0 
337000 718 860.365 -6347.295 -4.581 5.1923 0.0 
338000 719 863.157 -6351.418 -4.543 5.1993 0.0 
339000 720 862.214 -6356.642 -4.592 5.182 0.0 
340000 721 864.97 -6365.267 -4.451 5.1911 0.0 
341000 722 867.671 -6369.983 -4.637 5.1986 0.0 
342000 723 868.317 -6377.242 -4.588 5.205 0.0 
343000 725 857.212 -6382.608 -4.568 5.1395 0.0 
344000 726 860.068 -6383.287 -4.549 5.1788 0.0 
345000 727 862.866 -6392.411 -4.605 5.2169 0.0 
346000 728 857.849 -6399.252 -4.606 5.1853 0.0 
347000 729 860.692 -6405.814 -4.547 5.2006 0.0 
348000 730 863.478 -6413.293 -4.636 5.2286 0.0 
349000 731 866.208 -6416.082 -4.707 5.2556 0.0 
350000 732 868.884 -6423.914 -4.628 5.2608 0.0 
351000 733 871.507 -6430.603 -4.707 5.2781 0.0 
352000 735 861.115 -6434.453 -4.593 5.2004 0.0 
353000 736 863.893 -6440.733 -4.683 5.217 0.0 
354000 737 866.615 -6449.2 -4.739 5.2139 0.0 
355000 738 869.283 -6460.247 -4.78 5.2093 0.0 
356000 739 871.897 -6464.111 -4.879 5.2138 0.0 
357000 740 874.459 -6468.153 -4.823 5.2092 0.0 
358000 741 874.01 -6473.542 -4.82 5.2029 0.0 
359000 742 876.53 -6476.851 -4.837 5.2113 0.0 
360000 743 878.999 -6488.0 -4.855 5.2202 0.0 
361000 744 881.419 -6493.774 -4.906 5.2447 0.0 
362000 745 883.791 -6502.074 -4.982 5.2419 0.0 
363000 746 886.115 -6508.073 -5.049 5.2421 0.0 
364000 747 888.393 -6514.749 -5.057 5.2715 0.0 
365000 748 890.625 -6522.529 -5.08 5.3384 0.0 
366000 749 891.492 -6537.162 -5.258 5.3752 0.0 
367000 750 890.542 -6549.225 -5.325 5.3721 0.0 
368000 751 892.731 -6558.952 -5.402 5.3661 0.0 
369000 752 894.877 -6565.554 -5.501 5.3831 0.0 
370000 754 893.26 -6570.764 -5.553 5.3588 0.0 
371000 756 880.767 -6580.613 -5.445 5.2824 0.0 
372000 757 883.151 -6587.386 -5.585 5.3 0.0 
373000 758 869.168 -6595.362 -5.434 5.2121 0.0 
374000 760 865.289 -6600.007 -5.431 5.1972 0.0 
375000 763 838.739 -6605.218 -5.257 5.0216 0.0 
376000 764 841.964 -6609.09 -5.227 5.0697 0.0 
377000 766 828.822 -6612.74 -5.122 4.995 0.0 
378000 767 828.606 -6617.075 -4.997 4.9989 0.0 
379000 769 815.983 -6614.303 -4.808 4.9226 0.0 
380000 770 819.663 -6623.639 -4.856 4.9461 0.0 
381000 771 823.05 -6624.341 -4.845 4.9813 0.0 
382000 772 826.589 -6630.5 -4.884 4.9819 0.0 
383000 773 830.057 -6630.958 -4.761 5.0242 0.0 
384000 774 833.456 -6634.893 -4.718 5.0568 0.0 
385000 775 832.667 -6635.901 -4.65 5.0604 0.0 
386000 777 826.203 -6637.528 -4.597 5.0248 0.0 
387000 778 824.839 -6635.077 -4.468 4.9993 0.0 
388000 779 828.342 -6633.601 -4.303 5.0251 0.0 
389000 780 831.775 -6634.142 -4.154 5.0421 0.0 
390000 782 822.005 -6642.893 -4.264 4.9634 0.0 
391000 783 825.565 -6642.616 -4.105 5.0026 0.0 
392000 784 829.053 -6643.868 -4.088 5.0218 0.0 
393000 785 832.472 -6642.633 -3.981 5.0622 0.0 
394000 786 823.583 -6640.17 -3.788 5.0041 0.0 
395000 788 824.589 -6633.671 -3.583 5.0128 0.0 
396000 789 825.177 -6627.869 -3.383 5.0223 0.0 
397000 790 828.674 -6630.54 -3.387 5.0448 0.0 
398000 791 820.06 -6634.073 -3.205 4.9825 0.0 
399000 793 814.366 -6623.553 -3.007 4.9219 0.0 
400000 796 793.566 -6616.592 -2.701 4.7767 0.0 
401000 797 787.195 -6616.775 -2.649 4.7246 0.0 
402000 798 785.491 -6615.651 -2.472 4.7051 0.0 
403000 800 786.445 -6602.879 -2.287 4.6951 0.0 
404000 802 773.183 -6589.657 -1.934 4.6097 0.0 
405000 803 774.959 -6583.72 -1.775 4.622 0.0 
406000 804 774.56 -6586.956 -1.589 4.6284 0.0 
407000 805 776.369 -6575.644 -1.544 4.6341 0.0 
408000 806 780.841 -6578.909 -1.366 4.6466 0.0 
409000 807 785.224 -6581.433 -1.427 4.6586 0.0 
410000 808 789.32 -6592.352 -1.506 4.6881 0.0 
411000 810 793.326 -6591.399 -1.652 4.7254 0.0 
412000 812 780.893 -6581.284 -1.388 4.6334 0.0 
413000 813 775.095 -6580.197 -1.415 4.5894 0.0 
414000 816 761.432 -6568.756 -1.007 4.5038 0.0 
415000 817 753.843 -6579.321 -1.14 4.4487 0.0 
416000 820 736.784 -6564.451 -0.895 4.3196 0.0 
417000 821 742.048 -6566.254 -0.937 4.3429 0.0 
418000 823 735.981 -6567.275 -0.898 4.3101 0.0 
419000 825 727.403 -6552.631 -0.46 4.2624 0.0 
420000 826 732.855 -6558.696 -0.564 4.2893 0.0 
421000 827 727.378 -6556.402 -0.474 4.2613 0.0 
422000 829 722.834 -6549.937 -0.536 4.2171 0.0 
423000 831 711.718 -6536.675 -0.141 4.1375 0.0 
424000 833 712.014 -6541.305 -0.213 4.1138 0.0 
425000 834 711.173 -6526.623 0.033 4.1072 0.0 
426000 835 716.95 -6515.16 0.182 4.1435 0.0 
427000 836 713.931 -6509.003 0.41 4.1278 0.0 
428000 838 708.736 -6504.188 0.508 4.0951 0.0 
429000 841 692.656 -6498.637 0.453 3.9952 0.0 
430000 842 698.803 -6489.892 0.634 4.0546 0.0 
431000 844 692.074 -6479.936 0.845 4.0141 0.0 
432000 846 688.872 -6483.856 0.855 3.9833 0.0 
433000 847 681.695 -6479.319 0.976 3.9389 0.0 
434000 848 685.781 -6475.514 0.988 3.9665 0.0 
435000 850 687.084 -6464.152 1.011 3.9623 0.0 
436000 853 672.768 -6454.861 1.295 3.8702 0.0 
437000 855 663.25 -6451.299 1.303 3.8037 0.0 
438000 856 669.985 -6448.6 1.203 3.8483 0.0 
439000 857 668.646 -6444.569 1.326 3.8424 0.0 
440000 858 675.273 -6446.788 1.249 3.89 0.0 
441000 860 668.444 -6426.221 1.55 3.8418 0.0 
442000 861 671.755 -6424.122 1.676 3.8641 0.0 
443000 862 674.86 -6423.32 1.685 3.8931 0.0 
444000 864 672.156 -6416.541 1.681 3.8514 0.0 
445000 866 672.807 -6403.676 1.746 3.8446 0.0 
446000 870 642.297 -6363.947 2.451 3.6574 0.0 
447000 872 638.575 -6357.442 2.608 3.6273 0.0 
448000 874 624.639 -6343.779 2.75 3.5431 0.0 
449000 875 627.026 -6346.519 2.63 3.558 0.0 
450000 877 634.916 -6337.891 2.675 3.6063 0.0 
451000 878 636.078 -6328.654 2.761 3.6123 0.0 
452000 879 642.476 -6327.144 2.72 3.661 0.0 
453000 881 640.499 -6310.134 2.899 3.6296 0.0 
454000 883 634.638 -6300.265 3.022 3.5889 0.0 
455000 884 639.905 -6294.86 3.055 3.6027 0.0 
456000 885 647.107 -6290.983 3.104 3.6846 0.0 
457000 886 654.165 -6287.489 3.168 3.7505 0.0 
458000 888 645.446 -6263.142 3.32 3.6817 0.0 
459000 889 644.497 -6249.836 3.546 3.662 0.0 
460000 890 651.607 -6255.821 3.719 3.6926 0.0 
461000 891 658.575 -6243.966 3.519 3.7429 0.0 
462000 893 667.776 -6235.266 3.644 3.8317 0.0 
463000 894 674.42 -6231.182 3.647 3.8705 0.0 
464000 895 676.852 -6221.652 3.762 3.9041 0.0 
465000 897 675.785 -6216.511 3.867 3.8959 0.0 
466000 899 668.629 -6211.621 3.835 3.8581 0.0 
467000 900 666.777 -6203.969 3.766 3.8401 0.0 
468000 901 671.901 -6193.745 3.873 3.8576 0.0 
469000 902 675.423 -6190.334 3.938 3.871 0.0 
470000 903 681.915 -6181.034 3.968 3.8945 0.0 
471000 906 672.575 -6156.31 4.284 3.8435 0.0 
472000 907 675.624 -6142.33 4.324 3.8615 0.0 
473000 908 671.491 -6144.748 4.509 3.8351 0.0 
474000 910 679.32 -6129.262 4.486 3.8726 0.0 
475000 911 669.994 -6130.621 4.453 3.8138 0.0 
476000 913 672.622 -6122.007 4.326 3.8169 0.0 
477000 915 669.192 -6118.084 4.19 3.7856 0.0 
478000 916 675.808 -6124.801 3.997 3.82 0.0 
479000 917 682.292 -6127.619 3.834 3.8821 0.0 
480000 918 688.646 -6132.642 3.629 3.9367 0.0 
481000 919 693.973 -6132.518 3.557 3.9683 0.0 
482000 920 700.094 -6138.228 3.423 3.9958 0.0 
483000 922 689.365 -6126.377 3.445 3.9254 0.0 
484000 923 695.578 -6122.946 3.569 3.9585 0.0 
485000 924 701.666 -6123.96 3.5 4.0031 0.0 
486000 925 707.633 -6129.768 3.263 4.0754 0.0 
487000 926 713.48 -6126.866 3.296 4.0961 0.0 
488000 927 717.651 -6114.645 3.392 4.1281 0.0 
489000 928 721.658 -6114.153 3.446 4.1388 0.0 
490000 929 720.365 -6118.132 3.446 4.1283 0.0 
491000 931 728.018 -6116.996 3.163 4.1599 0.0 
492000 933 715.605 -6092.881 3.445 4.0862 0.0 
493000 934 718.853 -6094.267 3.401 4.0906 0.0 
494000 935 724.296 -6085.67 3.507 4.1163 0.0 
495000 936 729.81 -6085.965 3.356 4.1604 0.0 
496000 937 735.214 -6082.975 3.401 4.2174 0.0 
497000 939 732.479 -6102.806 3.006 4.1937 0.0 
498000 941 723.729 -6089.337 3.14 4.146 0.0 
499000 942 712.995 -6085.181 3.006 4.079 0.0 
500000 944 707.04 -6079.542 3.107 4.0436 0.0 
501000 946 712.078 -6079.411 3.008 4.0995 0.0 
502000 947 707.976 -6076.351 2.941 4.0716 0.0 
503000 950 695.472 -6073.999 2.915 3.9871 0.0 
504000 951 701.563 -6072.84 2.855 4.0281 0.0 
505000 953 687.372 -6044.053 3.128 3.9317 0.0 
506000 955 674.278 -6034.059 3.285 3.8486 0.0 
507000 956 680.793 -6039.037 3.185 3.8756 0.0 
508000 957 687.177 -6042.727 3.045 3.9033 0.0 
509000 959 674.852 -6032.32 3.091 3.8213 0.0 
510000 964 643.933 -6007.102 3.388 3.6386 0.0 
511000 965 638.295 -5993.58 3.483 3.6058 0.0 
512000 966 642.289 -5996.241 3.53 3.6422 0.0 
513000 967 649.443 -6000.643 3.286 3.685 0.0 
514000 970 645.464 -5982.936 3.35 3.6665 0.0 
515000 971 648.215 -5971.651 3.405 3.6732 0.0 
516000 973 646.725 -5962.012 3.595 3.6804 0.0 
517000 974 646.151 -5950.568 3.621 3.6645 0.0 
518000 975 643.448 -5951.727 3.768 3.6425 0.0 
519000 977 655.347 -5947.595 3.561 3.7176 0.0 
520000 978 659.74 -5939.544 3.574 3.7403 0.0 
521000 980 655.886 -5934.229 3.637 3.7049 0.0 
522000 981 662.769 -5941.974 3.482 3.7366 0.0 
523000 982 669.513 -5925.233 3.623 3.767 0.0 
524000 983 676.123 -5916.822 3.774 3.7922 0.0 
525000 984 674.72 -5906.577 3.838 3.7699 0.0 
526000 986 669.105 -5887.747 4.022 3.7421 0.0 
527000 987 675.723 -5882.697 4.129 3.7906 0.0 
528000 988 682.208 -5879.974 3.966 3.8344 0.0 
529000 989 688.564 -5873.17 4.023 3.8786 0.0 
530000 992 673.411 -5849.947 4.36 3.7799 0.0 
531000 993 679.943 -5838.038 4.471 3.8068 0.0 
532000 995 671.632 -5822.783 4.462 3.7468 0.0 
533000 997 664.161 -5802.837 4.767 3.6897 0.0 
534000 998 659.157 -5804.187 4.804 3.6617 0.0 
535000 1000 663.872 -5780.962 4.86 3.7329 0.0 
536000 1001 668.834 -5769.002 4.976 3.7605 0.0 
537000 1002 675.458 -5766.327 5.101 3.8183 0.0 
538000 1003 681.948 -5759.153 4.977 3.841 0.0 
539000 1005 671.206 -5748.965 5.185 3.7678 0.0 
540000 1007 670.63 -5734.714 5.185 3.7754 0.0 
541000 1008 677.217 -5720.859 5.29 3.8177 0.0 
542000 1009 681.513 -5727.365 5.179 3.8429 0.0 
543000 1010 686.903 -5727.701 5.085 3.8723 0.0 
544000 1011 682.285 -5717.551 5.066 3.8465 0.0 
545000 1012 687.539 -5719.565 5.167 3.875 0.0 
546000 1014 689.992 -5710.191 4.983 3.8876 0.0 
547000 1015 696.193 -5705.134 4.975 3.9229 0.0 
548000 1016 701.509 -5705.007 4.927 3.9773 0.0 
549000 1017 707.479 -5702.309 4.865 4.0319 0.0 
550000 1019 703.062 -5693.891 4.725 3.9844 0.0 
551000 1020 709.001 -5695.726 4.599 3.9988 0.0 
552000 1021 707.261 -5697.165 4.671 3.9934 0.0 
553000 1022 713.116 -5697.199 4.502 4.0233 0.0 
554000 1024 706.414 -5690.8 4.525 3.9895 0.0 
555000 1025 712.286 -5692.498 4.357 4.0433 0.0 
556000 1027 714.339 -5694.773 4.172 4.0519 0.0 
557000 1028 720.052 -5700.067 3.998 4.0847 0.0 
558000 1029 725.651 -5701.165 3.891 4.1075 0.0 
559000 1030 715.778 -5698.102 3.927 4.0445 0.0 
560000 1031 721.463 -5699.342 3.713 4.0561 0.0 
561000 1033 718.533 -5695.31 3.596 4.0512 0.0 
562000 1034 724.162 -5694.548 3.564 4.0911 0.0 
563000 1035 729.679 -5696.684 3.418 4.131 0.0 
564000 1036 735.085 -5700.967 3.321 4.1848 0.0 
565000 1037 740.384 -5705.185 3.144 4.2051 0.0 
566000 1038 745.576 -5706.34 3.076 4.2432 0.0 
567000 1039 750.665 -5707.682 2.927 4.2625 0.0 
568000 1040 755.651 -5702.484 2.823 4.2947 0.0 
569000 1041 750.558 -5704.193 3.068 4.2629 0.0 
570000 1042 755.547 -5702.87 2.944 4.2832 0.0 
571000 1043 760.436 -5701.873 2.909 4.3001 0.0 
572000 1044 765.227 -5705.474 2.858 4.3307 0.0 
573000 1045 769.923 -5711.641 2.722 4.3648 0.0 
574000 1046 774.524 -5714.552 2.577 4.3926 0.0 
575000 1047 779.034 -5715.546 2.481 4.4238 0.0 
576000 1049 780.444 -5693.878 2.607 4.4705 0.0 
577000 1050 784.835 -5695.319 2.606 4.526 0.0 
578000 1051 789.139 -5695.996 2.434 4.5449 0.0 
579000 1052 789.316 -5684.405 2.63 4.5598 0.0 
580000 1053 788.449 -5675.835 2.795 4.5577 0.0 
581000 1054 792.68 -5672.349 2.822 4.6009 0.0 
582000 1055 795.487 -5665.97 2.934 4.6291 0.0 
583000 1056 797.897 -5665.079 3.007 4.6333 0.0 
584000 1057 801.939 -5668.054 2.893 4.6511 0.0 
585000 1058 805.9 -5665.284 2.776 4.684 0.0 
586000 1059 809.782 -5664.57 2.803 4.7144 0.0 
587000 1060 813.587 -5662.639 2.747 4.7431 0.0 
588000 1061 817.315 -5662.276 2.745 4.8073 0.0 
589000 1063 823.24 -5657.911 2.714 4.8723 0.0 
590000 1064 826.615 -5650.963 2.787 4.9224 0.0 
591000 1065 830.083 -5649.715 2.764 4.9457 0.0 
592000 1066 833.481 -5652.14 2.671 4.9628 0.0 
593000 1067 836.812 -5656.87 2.505 4.9668 0.0 
594000 1068 839.236 -5648.783 2.517 4.9762 0.0 
595000 1069 838.291 -5639.627 2.682 4.9553 0.0 
596000 1070 841.525 -5633.169 2.586 4.9654 0.0 
597000 1071 844.694 -5632.98 2.698 4.9924 0.0 
598000 1072 847.801 -5632.065 2.641 5.0357 0.0 
599000 1073 850.845 -5633.38 2.558 5.0481 0.0 
600000 1074 853.828 -5636.75 2.423 5.0412 0.0 
601000 1075 856.751 -5634.523 2.372 5.0454 0.0 
602000 1076 859.616 -5626.256 2.387 5.0765 0.0 
603000 1077 862.424 -5628.186 2.423 5.1064 0.0 
604000 1078 858.735 -5623.354 2.576 5.0822 0.0 
605000 1079 858.701 -5617.676 2.581 5.0968 0.0 
606000 1081 852.856 -5597.862 2.738 5.0451 0.0 
607000 1082 855.799 -5590.721 2.965 5.0716 0.0 
608000 1083 858.683 -5588.468 2.85 5.0711 0.0 
609000 1084 855.889 -5582.249 3.011 5.0515 0.0 
610000 1085 858.772 -5582.253 2.937 5.0685 0.0 
611000 1087 844.664 -5558.959 3.286 4.9639 0.0 
612000 1089 841.121 -5547.638 3.506 4.9294 0.0 
613000 1090 844.299 -5550.889 3.347 4.9542 0.0 
614000 1091 847.413 -5553.476 3.26 4.9908 0.0 
615000 1092 850.465 -5548.852 3.221 5.0115 0.0 
616000 1093 853.456 -5550.29 3.166 5.0513 0.0 
617000 1094 856.386 -5547.723 3.148 5.0671 0.0 
618000 1095 859.259 -5549.158 3.074 5.1042 0.0 
619000 1096 862.074 -5554.812 2.879 5.1037 0.0 
620000 1097 864.832 -5548.816 2.901 5.1294 0.0 
621000 1098 867.535 -5548.726 2.772 5.1605 0.0 
622000 1099 870.185 -5550.159 2.761 5.1795 0.0 
623000 1100 872.781 -5548.33 2.692 5.2146 0.0 
624000 1101 875.325 -5553.605 2.664 5.2189 0.0 
625000 1102 877.819 -5549.921 2.607 5.2515 0.0 
626000 1103 880.262 -5555.804 2.509 5.3008 0.0 
627000 1104 882.657 -5558.536 2.382 5.3493 0.0 
628000 1105 885.004 -5559.342 2.307 5.3693 0.0 
629000 1106 887.304 -5563.133 2.238 5.4048 0.0 
630000 1107 889.558 -5565.594 2.092 5.4405 0.0 
631000 1108 891.767 -5560.442 2.047 5.4586 0.0 
632000 1109 893.931 -5557.918 2.115 5.4995 0.0 
633000 1110 895.473 -5546.547 2.254 5.5073 0.0 
634000 1111 894.363 -5531.213 2.367 5.5225 0.0 
635000 1112 896.476 -5533.268 2.346 5.5628 0.0 
636000 1113 887.867 -5531.21 2.528 5.4997 0.0 
637000 1115 879.867 -5508.357 2.803 5.417 0.0 
638000 1116 882.27 -5508.995 2.663 5.4385 0.0 
639000 1119 856.123 -5472.901 3.297 5.2437 0.0 
640000 1120 859.0 -5461.012 3.453 5.2486 0.0 
641000 1122 840.712 -5424.157 3.919 5.1164 0.0 
642000 1123 843.897 -5412.551 4.055 5.1485 0.0 
643000 1126 811.616 -5366.732 4.785 4.9315 0.0 
644000 1128 798.011 -5346.394 5.042 4.8355 0.0 
645000 1130 785.964 -5319.947 5.389 4.7486 0.0 
646000 1132 782.1 -5309.449 5.333 4.7412 0.0 
647000 1134 770.401 -5279.454 5.706 4.6547 0.0 
648000 1137 744.902 -5242.491 6.233 4.469 0.0 
649000 1138 750.004 -5220.436 6.441 4.4728 0.0 
650000 1139 750.944 -5213.224 6.459 4.4725 0.0 
651000 1140 755.925 -5214.781 6.287 4.53 0.0 
652000 1141 759.667 -5207.621 6.273 4.5508 0.0 
653000 1142 764.473 -5207.065 6.133 4.56 0.0 
654000 1144 759.779 -5186.433 6.342 4.5342 0.0 
655000 1145 764.584 -5182.205 6.383 4.5639 0.0 
656000 1146 768.992 -5178.34 6.308 4.5994 0.0 
657000 1147 773.612 -5175.498 6.251 4.6469 0.0 
658000 1150 747.639 -5123.432 6.932 4.4623 0.0 
659000 1153 719.755 -5078.049 7.316 4.2714 0.0 
660000 1154 725.36 -5063.339 7.325 4.2839 0.0 
661000 1155 718.113 -5062.807 7.515 4.2315 0.0 
662000 1158 709.666 -5016.041 7.754 4.1455 0.0 
663000 1161 690.968 -4986.592 8.122 4.0213 0.0 
664000 1162 697.148 -4991.943 7.877 4.064 0.0 
665000 1163 687.305 -4972.858 8.044 4.0 0.0 
666000 1164 693.559 -4963.954 7.87 4.0384 0.0 
667000 1165 699.688 -4959.612 7.909 4.0837 0.0 
668000 1167 697.232 -4936.159 8.072 4.0607 0.0 
669000 1169 696.822 -4919.771 8.016 4.0572 0.0 
670000 1170 702.885 -4923.218 7.779 4.096 0.0 
671000 1171 708.827 -4924.699 7.536 4.132 0.0 
672000 1172 704.891 -4915.346 7.732 4.1009 0.0 
673000 1173 710.793 -4908.832 7.451 4.1429 0.0 
674000 1175 706.407 -4876.872 7.847 4.0934 0.0 
675000 1176 704.419 -4874.667 7.971 4.0745 0.0 
676000 1177 710.33 -4877.705 7.767 4.1185 0.0 
677000 1179 714.261 -4851.976 7.713 4.1396 0.0 
678000 1182 693.611 -4813.015 8.179 4.01 0.0 
679000 1183 699.739 -4814.799 7.962 4.0573 0.0 
680000 1185 683.028 -4780.623 8.28 3.9506 0.0 
681000 1186 689.367 -4774.469 8.113 3.99 0.0 
682000 1187 687.04 -4759.159 8.269 3.9678 0.0 
683000 1190 684.304 -4736.908 8.465 3.9427 0.0 
684000 1191 674.678 -4712.989 8.571 3.8811 0.0 
685000 1192 681.185 -4715.613 8.622 3.9125 0.0 
686000 1193 687.561 -4702.729 8.37 3.9517 0.0 
687000 1196 676.113 -4656.814 8.772 3.8619 0.0 
688000 1197 682.591 -4648.867 8.879 3.908 0.0 
689000 1198 688.939 -4632.358 8.84 3.969 0.0 
690000 1201 673.102 -4592.521 9.333 3.851 0.0 
691000 1203 667.619 -4571.046 9.44 3.8064 0.0 
692000 1205 655.507 -4541.048 9.509 3.7201 0.0 
693000 1206 662.397 -4532.236 9.581 3.7463 0.0 
694000 1207 669.149 -4519.034 9.484 3.8003 0.0 
695000 1208 664.486 -4503.308 9.633 3.7649 0.0 
696000 1210 665.352 -4477.981 9.86 3.7592 0.0 
697000 1211 672.045 -4470.282 9.728 3.7908 0.0 
698000 1212 678.604 -4453.621 9.799 3.8297 0.0 
699000 1214 680.771 -4435.307 10.066 3.8365 0.0 
700000 1215 687.156 -4434.51 9.865 3.8985 0.0 
701000 1216 682.273 -4407.803 10.0 3.8632 0.0 
702000 1217 684.107 -4407.205 10.086 3.8687 0.0 
703000 1218 690.425 -4408.267 9.825 3.9413 0.0 
704000 1219 696.617 -4398.147 9.608 3.9843 0.0 
705000 1222 686.504 -4362.23 9.784 3.9156 0.0 
706000 1224 669.365 -4342.775 9.94 3.8112 0.0 
707000 1226 671.338 -4323.584 9.718 3.8085 0.0 
708000 1227 668.411 -4319.054 9.84 3.7875 0.0 
709000 1228 675.043 -4321.064 9.639 3.8675 0.0 
710000 1229 681.542 -4323.846 9.36 3.9296 0.0 
711000 1230 687.911 -4325.969 9.121 3.966 0.0 
712000 1232 685.97 -4301.954 9.036 3.9378 0.0 
713000 1233 692.251 -4295.391 9.098 3.9615 0.0 
714000 1234 698.406 -4296.064 8.851 4.0071 0.0 
715000 1236 698.469 -4282.451 8.923 3.9999 0.0 
716000 1237 704.499 -4287.282 8.678 4.0547 0.0 
717000 1239 691.066 -4244.799 8.851 3.9612 0.0 
718000 1240 697.244 -4240.049 8.955 3.9827 0.0 
719000 1241 703.3 -4242.406 8.685 4.0018 0.0 
720000 1242 699.134 -4236.086 8.748 3.973 0.0 
721000 1245 689.372 -4190.715 8.923 3.9147 0.0 
722000 1246 680.005 -4182.539 9.058 3.8579 0.0 
723000 1248 680.837 -4164.481 9.112 3.8651 0.0 
724000 1250 681.256 -4144.175 8.99 3.8819 0.0 
725000 1251 673.231 -4141.43 9.135 3.8293 0.0 
726000 1253 680.591 -4118.721 8.927 3.8867 0.0 
727000 1254 686.979 -4106.188 9.05 3.9334 0.0 
728000 1255 693.239 -4095.644 9.004 3.9741 0.0 
729000 1256 699.374 -4084.445 9.121 4.0104 0.0 
730000 1257 705.387 -4066.644 9.245 4.0308 0.0 
731000 1260 680.216 -4016.778 9.638 3.8673 0.0 
732000 1261 676.591 -4000.96 9.798 3.8419 0.0 
733000 1264 670.523 -3964.443 10.004 3.803 0.0 
734000 1266 652.752 -3932.938 10.203 3.695 0.0 
735000 1268 659.761 -3914.394 10.435 3.7359 0.0 
736000 1269 666.565 -3897.247 10.544 3.7711 0.0 
737000 1270 671.414 -3870.348 10.659 3.794 0.0 
738000 1271 676.806 -3856.567 10.729 3.8189 0.0 
739000 1272 671.47 -3849.798 10.795 3.7867 0.0 
740000 1273 678.04 -3851.004 10.564 3.8251 0.0 
741000 1274 684.48 -3843.903 10.397 3.8986 0.0 
742000 1275 690.79 -3837.424 10.319 3.9385 0.0 
743000 1276 696.974 -3836.791 10.257 3.9894 0.0 
744000 1277 703.035 -3826.727 10.001 4.0471 0.0 
745000 1280 692.946 -3783.516 10.3 3.9715 0.0 
746000 1282 685.879 -3753.198 10.48 3.9135 0.0 
747000 1284 671.945 -3726.243 10.673 3.8225 0.0 
748000 1286 672.416 -3719.493 10.479 3.8685 0.0 
749000 1287 678.968 -3712.81 10.391 3.9174 0.0 
750000 1288 671.088 -3695.202 10.499 3.8677 0.0 
751000 1291 661.705 -3647.956 10.638 3.811 0.0 
752000 1292 668.471 -3636.586 10.715 3.8412 0.0 
753000 1293 675.101 -3623.353 10.71 3.8724 0.0 
754000 1296 653.934 -3574.12 11.095 3.7379 0.0 
755000 1299 636.956 -3533.234 11.266 3.6322 0.0 
756000 1302 622.26 -3503.74 11.385 3.5392 0.0 
757000 1304 610.462 -3465.451 11.566 3.4657 0.0 
758000 1305 613.493 -3452.1 11.49 3.4841 0.0 
759000 1306 621.223 -3435.069 11.514 3.5255 0.0 
760000 1308 626.863 -3414.515 11.674 3.5547 0.0 
761000 1309 633.165 -3409.951 11.46 3.5886 0.0 
762000 1310 640.502 -3398.32 11.466 3.6367 0.0 
763000 1312 626.261 -3375.498 11.593 3.5496 0.0 
764000 1313 627.076 -3360.357 11.446 3.5538 0.0 
765000 1315 628.724 -3327.246 11.655 3.5525 0.0 
766000 1317 628.226 -3299.554 11.81 3.5523 0.0 
767000 1318 629.222 -3292.517 11.71 3.5618 0.0 
768000 1320 630.165 -3261.857 11.831 3.5724 0.0 
769000 1321 637.561 -3255.578 11.816 3.6148 0.0 
770000 1322 637.13 -3244.721 11.725 3.6087 0.0 
771000 1324 637.7 -3219.569 11.769 3.6051 0.0 
772000 1325 644.946 -3204.967 11.715 3.6408 0.0 
773000 1326 647.107 -3192.293 11.837 3.6383 0.0 
774000 1328 653.321 -3180.319 11.767 3.6769 0.0 
775000 1331 631.555 -3119.27 12.029 3.5459 0.0 
776000 1332 623.544 -3114.503 12.116 3.4988 0.0 
777000 1334 627.691 -3089.086 11.881 3.5261 0.0 
778000 1335 635.138 -3082.132 11.979 3.5575 0.0 
779000 1338 625.12 -3047.813 11.95 3.475 0.0 
780000 1340 614.368 -3017.256 11.951 3.4078 0.0 
781000 1342 612.185 -2988.614 11.937 3.3937 0.0 
782000 1343 606.681 -2973.623 12.095 3.3547 0.0 
783000 1344 614.548 -2974.185 12.131 3.4043 0.0 
784000 1345 622.257 -2959.944 11.855 3.4598 0.0 
785000 1348 619.616 -2916.917 11.991 3.4221 0.0 
786000 1349 624.824 -2904.543 12.065 3.4552 0.0 
787000 1350 622.168 -2892.561 12.092 3.4333 0.0 
788000 1351 629.724 -2879.984 12.072 3.4686 0.0 
789000 1352 637.13 -2864.986 12.074 3.4979 0.0 
790000 1355 630.811 -2821.647 12.301 3.4478 0.0 
791000 1356 638.195 -2809.991 12.244 3.479 0.0 
792000 1358 635.556 -2788.601 12.338 3.4706 0.0 
793000 1359 636.185 -2766.303 12.391 3.4829 0.0 
794000 1360 643.461 -2757.139 12.373 3.5178 0.0 
795000 1363 627.492 -2713.739 12.442 3.4115 0.0 
796000 1366 611.728 -2667.568 12.659 3.31 0.0 
797000 1368 608.096 -2671.194 12.104 3.2803 0.0 
798000 1369 615.934 -2656.003 12.157 3.3235 0.0 
799000 1371 609.635 -2626.841 12.211 3.2914 0.0 
800000 1373 599.782 -2600.993 12.286 3.2377 0.0 
801000 1376 594.458 -2573.095 12.319 3.2086 0.0 
802000 1378 589.897 -2542.966 12.34 3.1764 0.0 
803000 1380 587.446 -2515.831 12.476 3.1544 0.0 
804000 1381 595.697 -2503.341 12.472 3.2178 0.0 
805000 1382 590.563 -2471.15 12.606 3.1885 0.0 
806000 1384 590.422 -2438.747 12.67 3.1952 0.0 
807000 1385 598.614 -2423.825 12.732 3.2495 0.0 
808000 1386 606.642 -2408.746 12.798 3.2934 0.0 
809000 1388 605.637 -2387.418 12.863 3.2959 0.0 
810000 1392 579.106 -2334.493 12.829 3.1441 0.0 
811000 1395 566.266 -2295.646 12.891 3.0643 0.0 
812000 1398 554.32 -2260.887 12.912 2.986 0.0 
813000 1401 542.699 -2218.548 13.069 2.91 0.0 
814000 1402 551.845 -2203.275 13.078 2.9538 0.0 
815000 1406 526.513 -2135.056 13.284 2.8095 0.0 
816000 1410 506.146 -2080.111 13.411 2.6931 0.0 
817000 1412 503.555 -2044.506 13.447 2.6833 0.0 
818000 1413 497.484 -2029.952 13.361 2.6491 0.0 
819000 1416 497.304 -1987.406 13.372 2.652 0.0 
820000 1419 495.627 -1952.155 13.565 2.6469 0.0 
821000 1421 485.984 -1916.528 13.486 2.5914 0.0 
822000 1424 485.152 -1879.629 13.566 2.5844 0.0 
823000 1427 473.616 -1822.783 13.739 2.5086 0.0 
824000 1431 460.635 -1773.25 13.883 2.4336 0.0 
825000 1433 457.904 -1734.895 13.874 2.4189 0.0 
826000 1436 445.289 -1695.519 13.817 2.3472 0.0 
827000 1439 445.425 -1656.75 13.817 2.3465 0.0 
828000 1441 437.595 -1626.014 13.788 2.3017 0.0 
829000 1443 443.907 -1596.427 13.796 2.3378 0.0 
830000 1445 452.128 -1573.192 13.838 2.3935 0.0 
831000 1447 451.143 -1537.393 13.876 2.3923 0.0 
832000 1448 449.12 -1522.052 13.939 2.3799 0.0 
833000 1450 467.775 -1500.51 13.98 2.4894 0.0 
834000 1452 465.885 -1462.383 14.023 2.474 0.0 
835000 1455 458.225 -1416.118 14.112 2.4223 0.0 
836000 1456 454.361 -1402.451 14.116 2.3965 0.0 
837000 1460 453.275 -1334.543 14.261 2.3864 0.0 
838000 1462 447.414 -1305.699 14.345 2.3531 0.0 
839000 1465 449.083 -1267.988 14.302 2.3697 0.0 
840000 1468 445.034 -1228.6 14.424 2.3504 0.0 
841000 1471 435.167 -1169.052 14.529 2.2974 0.0 
842000 1472 437.804 -1146.637 14.566 2.3137 0.0 
843000 1474 441.326 -1114.493 14.614 2.3415 0.0 
844000 1475 443.639 -1095.064 14.692 2.3489 0.0 
845000 1478 448.692 -1052.125 14.778 2.3867 0.0 
846000 1479 459.718 -1040.193 14.689 2.4416 0.0 
847000 1481 454.593 -1012.609 14.71 2.4155 0.0 
848000 1484 458.468 -974.741 14.618 2.4324 0.0 
849000 1487 453.425 -935.895 14.616 2.399 0.0 
850000 1488 450.997 -908.355 14.708 2.3857 0.0 
851000 1489 461.977 -902.732 14.582 2.4619 0.0 
852000 1490 472.737 -889.284 14.498 2.5466 0.0 
853000 1493 475.31 -851.126 14.471 2.5708 0.0 
854000 1496 469.946 -813.826 14.54 2.5196 0.0 
855000 1497 466.887 -793.643 14.594 2.4974 0.0 
856000 1500 471.789 -774.059 14.181 2.5521 0.0 
857000 1501 482.353 -775.964 13.866 2.6438 0.0 
858000 1502 491.526 -758.606 13.878 2.6859 0.0 
859000 1505 480.017 -704.505 13.965 2.6198 0.0 
860000 1506 487.197 -688.27 13.937 2.6682 0.0 
861000 1508 493.004 -668.479 13.983 2.6975 0.0 
862000 1509 489.824 -642.412 14.018 2.678 0.0 
863000 1511 501.327 -616.726 14.081 2.744 0.0 
864000 1512 511.3 -606.451 13.994 2.8023 0.0 
865000 1515 499.043 -552.63 14.1 2.727 0.0 
866000 1519 484.137 -507.739 14.224 2.637 0.0 
867000 1521 482.105 -464.823 14.293 2.6296 0.0 
868000 1525 465.185 -401.41 14.476 2.5132 0.0 
869000 1527 466.433 -362.239 14.631 2.5038 0.0 
870000 1531 450.809 -303.722 14.676 2.3995 0.0 
871000 1534 438.489 -250.762 14.73 2.3205 0.0 
872000 1537 433.832 -206.657 14.709 2.2811 0.0 
873000 1541 419.664 -141.708 14.767 2.1879 0.0 
874000 1545 407.399 -76.472 14.92 2.1067 0.0 
875000 1546 407.371 -58.218 14.917 2.1057 0.0 
876000 1549 414.656 -10.415 15.025 2.1268 0.0 
877000 1553 401.781 52.441 15.064 2.0523 0.0 
878000 1554 413.105 70.691 15.099 2.1144 0.0 
879000 1556 418.569 94.623 15.198 2.1502 0.0 
880000 1558 420.581 136.729 15.26 2.1515 0.0 
881000 1559 420.909 150.627 15.265 2.1526 0.0 
882000 1560 432.491 163.119 15.218 2.2053 0.0 
883000 1563 440.929 194.589 15.176 2.2313 0.0 
884000 1564 452.11 209.029 15.18 2.296 0.0 
885000 1565 457.828 240.356 15.18 2.3243 0.0 
886000 1567 460.836 264.15 15.147 2.3451 0.0 
887000 1568 464.759 277.539 15.073 2.3665 0.0 
888000 1569 470.604 292.453 15.061 2.404 0.0 
889000 1572 471.891 329.432 14.917 2.4288 0.0 
890000 1573 482.454 340.366 14.859 2.4907 0.0 
891000 1574 492.804 357.91 14.747 2.5498 0.0 
892000 1575 489.748 377.358 14.865 2.5339 0.0 
893000 1579 486.901 420.726 14.657 2.4975 0.0 
894000 1581 485.939 455.098 14.79 2.4805 0.0 
895000 1582 496.22 459.475 14.491 2.5553 0.0 
896000 1584 485.978 492.247 14.532 2.4949 0.0 
897000 1587 486.141 534.81 14.658 2.4882 0.0 
898000 1589 491.49 549.033 14.554 2.5142 0.0 
899000 1590 501.66 560.523 14.492 2.5622 0.0 
900000 1593 488.837 623.489 14.598 2.4854 0.0 
901000 1595 488.978 655.543 14.647 2.4941 0.0 
902000 1596 484.618 670.274 14.721 2.4718 0.0 
903000 1598 497.467 696.826 14.639 2.559 0.0 
904000 1599 507.518 709.042 14.56 2.6193 0.0 
905000 1601 506.283 741.078 14.606 2.623 0.0 
906000 1604 502.412 776.558 14.71 2.6035 0.0 
907000 1605 498.624 804.975 14.693 2.5838 0.0 
908000 1607 504.162 830.886 14.667 2.6317 0.0 
909000 1608 513.619 840.157 14.592 2.6901 0.0 
910000 1610 521.119 856.706 14.553 2.7415 0.0 
911000 1612 510.277 901.784 14.647 2.6809 0.0 
912000 1613 520.071 914.41 14.582 2.7346 0.0 
913000 1615 523.225 932.736 14.424 2.7728 0.0 
914000 1618 517.45 965.304 14.356 2.7292 0.0 
915000 1619 518.661 992.782 14.369 2.7389 0.0 
916000 1621 522.584 1017.715 14.393 2.7645 0.0 
917000 1623 526.041 1030.246 14.294 2.7885 0.0 
918000 1624 530.98 1057.49 14.249 2.8117 0.0 
919000 1625 540.361 1065.361 14.173 2.8612 0.0 
920000 1627 535.296 1094.595 14.125 2.8254 0.0 
921000 1630 527.396 1137.829 14.166 2.7712 0.0 
922000 1633 513.727 1178.474 14.131 2.6872 0.0 
923000 1636 506.22 1219.926 14.223 2.644 0.0 
924000 1637 516.095 1233.209 14.139 2.7012 0.0 
925000 1639 513.02 1259.346 14.021 2.6779 0.0 
926000 1640 522.759 1272.485 13.998 2.7309 0.0 
927000 1641 529.864 1286.416 13.98 2.7641 0.0 
928000 1642 539.267 1298.186 14.016 2.8107 0.0 
929000 1643 548.482 1309.265 13.981 2.8659 0.0 
930000 1644 545.732 1312.848 13.944 2.851 0.0 
931000 1645 554.817 1323.645 13.715 2.918 0.0 
932000 1649 546.184 1373.901 13.599 2.8768 0.0 
933000 1651 534.271 1407.957 13.698 2.8049 0.0 
934000 1653 536.894 1434.692 13.721 2.8 0.0 
935000 1656 533.764 1462.491 13.696 2.7947 0.0 
936000 1657 530.109 1486.396 13.579 2.7765 0.0 
937000 1658 537.727 1501.599 13.651 2.8161 0.0 
938000 1661 536.435 1543.986 13.723 2.8265 0.0 
939000 1663 526.434 1568.782 13.698 2.7715 0.0 
940000 1664 535.905 1582.125 13.629 2.8396 0.0 
941000 1667 532.513 1628.57 13.781 2.8079 0.0 
942000 1669 530.038 1654.242 13.731 2.7874 0.0 
943000 1670 539.437 1665.36 13.622 2.8418 0.0 
944000 1673 527.822 1707.693 13.689 2.7807 0.0 
945000 1676 518.37 1747.102 13.769 2.7333 0.0 
946000 1679 504.407 1799.855 13.921 2.659 0.0 
947000 1681 503.826 1827.386 13.855 2.657 0.0 
948000 1683 501.028 1851.464 13.86 2.6299 0.0 
949000 1685 503.988 1882.1 13.823 2.6334 0.0 
950000 1686 513.908 1896.584 13.824 2.6735 0.0 
951000 1687 523.63 1904.528 13.81 2.7224 0.0 
952000 1688 522.258 1918.421 13.773 2.7152 0.0 
953000 1690 530.796 1935.552 13.668 2.7857 0.0 
954000 1692 529.79 1961.982 13.503 2.7857 0.0 
955000 1693 539.194 1968.95 13.486 2.846 0.0 
956000 1694 548.41 1965.993 13.161 2.9399 0.0 
957000 1698 531.961 2005.961 13.093 2.8465 0.0 
958000 1702 509.171 2063.61 13.07 2.7181 0.0 
959000 1703 518.988 2066.906 12.895 2.7818 0.0 
960000 1704 513.848 2079.752 12.947 2.7522 0.0 
961000 1706 518.52 2101.134 12.753 2.7825 0.0 
962000 1707 528.149 2102.821 12.578 2.8792 0.0 
963000 1709 535.595 2111.706 12.342 2.9028 0.0 
964000 1710 533.583 2122.648 12.297 2.8865 0.0 
965000 1713 532.587 2156.945 12.181 2.9058 0.0 
966000 1714 541.936 2152.921 11.894 2.9868 0.0 
967000 1715 551.097 2154.883 11.625 3.0416 0.0 
968000 1716 551.695 2172.205 11.743 3.0365 0.0 
969000 1717 559.521 2171.286 11.611 3.0995 0.0 
970000 1719 559.721 2200.762 11.629 3.1123 0.0 
971000 1721 559.816 2221.402 11.412 3.11 0.0 
972000 1723 554.112 2246.15 11.613 3.0756 0.0 
973000 1725 554.55 2265.297 11.554 3.0819 0.0 
974000 1726 563.459 2280.009 11.406 3.1513 0.0 
975000 1727 560.29 2284.475 11.545 3.1238 0.0 
976000 1729 565.603 2304.804 11.419 3.1427 0.0 
977000 1731 567.137 2332.199 11.452 3.1386 0.0 
978000 1732 571.594 2331.635 11.314 3.1547 0.0 
979000 1733 580.163 2340.825 11.1 3.1895 0.0 
980000 1734 586.419 2350.881 11.159 3.219 0.0 
981000 1735 590.831 2357.086 11.164 3.2529 0.0 
982000 1736 599.014 2358.838 11.016 3.3104 0.0 
983000 1737 607.034 2360.33 10.829 3.3713 0.0 
984000 1739 607.215 2350.449 10.126 3.4026 0.0 
985000 1740 615.071 2349.536 9.922 3.4715 0.0 
986000 1742 620.894 2355.639 9.616 3.5025 0.0 
987000 1743 619.436 2368.918 9.674 3.5022 0.0 
988000 1744 618.608 2365.724 9.649 3.5008 0.0 
989000 1745 626.236 2363.079 9.332 3.5483 0.0 
990000 1746 633.711 2359.754 9.139 3.6174 0.0 
991000 1747 641.037 2355.768 8.866 3.6659 0.0 
992000 1748 648.216 2351.11 8.605 3.7234 0.0 
993000 1749 655.252 2352.286 8.337 3.7464 0.0 
994000 1750 662.147 2345.338 8.19 3.7714 0.0 
995000 1751 668.904 2351.085 7.881 3.7989 0.0 
996000 1752 675.526 2348.816 7.871 3.8585 0.0 
997000 1753 682.015 2343.275 7.667 3.8764 0.0 
998000 1754 688.375 2346.983 7.393 3.9245 0.0 
999000 1756 688.315 2363.03 7.375 3.9302 0.0 
1000000 1757 694.549 2357.249 7.158 3.9836 0.0 
