10000 11 175.233 4020.104 70.052 0.1466 0 0 0 
20000 21 318.579 8036.69 128.001 0.2666 0 0 0 
30000 95 207.429 10818.575 70.942 0.7698 0 0 0 
40000 163 125.841 15245.781 49.115 0.5831 0 0 0 
50000 356 87.265 19439.136 37.737 0.4642 0 0 0 
60000 373 240.405 24607.248 118.363 1.2704 0 0 0 
70000 383 374.736 29148.249 175.712 2.006 0 0 0 
80000 393 483.401 34186.334 232.309 2.5757 0 0 0 
90000 403 577.901 38539.863 270.42 3.0928 0 0 0 
100000 413 655.114 44125.325 321.661 3.5053 0 0 0 
110000 424 707.014 49960.109 366.173 3.779 0 0 0 
120000 435 749.071 55360.701 390.801 3.9935 0 0 0 
130000 447 767.668 61663.938 419.727 4.0975 0 0 0 
140000 458 802.627 68203.445 459.549 4.297 0 0 0 
150000 468 838.732 73723.022 477.638 4.4819 0 0 0 
160000 478 868.232 79223.123 490.641 4.6449 0 0 0 
170000 488 892.336 84811.196 502.462 4.7721 0 0 0 
180000 498 912.031 90495.671 515.355 4.8674 0 0 0 
190000 508 928.123 95766.181 517.69 4.9298 0 0 0 
200000 519 926.906 100831.25 506.909 4.9088 0 0 0 
210000 529 940.277 107455.805 535.892 4.9836 0 0 0 
220000 539 951.202 113783.449 552.631 5.0506 0 0 0 
230000 549 960.128 120977.804 583.389 5.1096 0 0 0 
240000 559 967.422 127810.171 602.378 5.1149 0 0 0 
250000 569 973.381 135528.715 634.046 5.1544 0 0 0 
260000 579 978.251 143875.389 670.587 5.1773 0 0 0 
270000 589 982.229 152843.355 712.008 5.1994 0 0 0 
280000 599 972.83 159704.138 696.992 5.1389 0 0 0 
290000 609 977.8 166595.087 702.558 5.1667 0 0 0 
300000 620 975.821 174269.354 704.222 5.1551 0 0 0 
310000 630 980.244 182368.285 723.289 5.1679 0 0 0 
320000 640 983.858 188679.707 707.733 5.1837 0 0 0 
330000 650 986.811 195932.944 710.008 5.2009 0 0 0 
340000 661 971.999 203068.131 699.14 5.1208 0 0 0 
350000 673 935.074 210491.69 677.822 4.915 0 0 0 
360000 683 946.313 219328.462 709.203 4.9676 0 0 0 
370000 693 956.134 227040.967 717.776 5.0264 0 0 0 
380000 703 964.158 236544.396 760.716 5.0664 0 0 0 
390000 713 970.715 245976.031 803.036 5.1126 0 0 0 
400000 724 960.907 253709.884 780.833 5.0573 0 0 0 
410000 734 968.058 262898.41 806.337 5.1151 0 0 0 
420000 744 973.901 272541.116 830.336 5.1431 0 0 0 
430000 755 964.676 282335.947 852.398 5.0999 0 0 0 
440000 765 968.746 293807.745 904.939 5.1295 0 0 0 
450000 777 938.724 304697.72 900.278 4.9858 0 0 0 
460000 787 949.933 316627.028 953.088 5.05 0 0 0 
470000 797 959.092 328260.511 995.532 5.1079 0 0 0 
480000 807 965.784 337358.464 980.726 5.1355 0 0 0 
490000 817 972.043 346137.562 960.233 5.1846 0 0 0 
500000 827 977.157 355817.482 961.677 5.2142 0 0 0 
510000 837 981.336 364464.44 942.304 5.2501 0 0 0 
520000 847 984.75 373501.651 929.415 5.272 0 0 0 
530000 857 987.54 385080.308 975.327 5.2649 0 0 0 
540000 867 989.819 396507.501 1004.905 5.2905 0 0 0 
550000 877 991.681 406863.327 1007.556 5.317 0 0 0 
560000 887 993.203 419663.967 1057.353 5.3203 0 0 0 
570000 897 994.446 432586.222 1104.408 5.3281 0 0 0 
580000 907 995.462 447402.841 1170.894 5.3086 0 0 0 
590000 917 996.292 462295.759 1228.858 5.3068 0 0 0 
600000 927 996.971 475761.885 1252.903 5.3104 0 0 0 
610000 937 997.525 490182.645 1283.649 5.3028 0 0 0 
620000 947 997.978 505574.076 1332.303 5.3129 0 0 0 
630000 957 998.348 519265.994 1339.882 5.319 0 0 0 
640000 967 998.65 533837.573 1358.644 5.3107 0 0 0 
650000 977 998.897 546119.698 1342.566 5.322 0 0 0 
660000 987 999.099 557643.298 1304.86 5.3016 0 0 0 
670000 997 999.263 572201.291 1329.184 5.3072 0 0 0 
680000 1007 999.398 588066.372 1375.777 5.3161 0 0 0 
690000 1017 999.508 603245.238 1402.556 5.3186 0 0 0 
700000 1027 999.598 619477.621 1443.574 5.3233 0 0 0 
710000 1037 999.672 636074.599 1480.483 5.3283 0 0 0 
720000 1047 999.732 652187.603 1505.586 5.3319 0 0 0 
730000 1057 999.781 669187.53 1540.793 5.3276 0 0 0 
740000 1067 999.821 685276.31 1560.424 5.3174 0 0 0 
750000 1077 998.736 700506.985 1545.386 5.328 0 0 0 
760000 1087 998.968 717161.822 1567.253 5.3191 0 0 0 
770000 1097 999.156 735273.41 1610.381 5.3138 0 0 0 
780000 1107 999.311 753421.574 1646.875 5.3123 0 0 0 
790000 1118 983.698 769283.721 1614.152 5.2344 0 0 0 
800000 1128 986.68 783450.053 1579.937 5.2458 0 0 0 
810000 1138 989.117 800683.949 1606.206 5.2444 0 0 0 
820000 1148 991.107 817051.507 1620.804 5.2571 0 0 0 
830000 1158 992.734 832650.164 1600.229 5.2717 0 0 0 
840000 1168 994.063 851594.408 1655.891 5.2688 0 0 0 
850000 1178 995.149 869872.505 1688.416 5.2809 0 0 0 
860000 1188 996.037 888020.001 1708.007 5.2768 0 0 0 
870000 1198 996.762 905696.486 1720.826 5.2474 0 0 0 
880000 1208 997.354 923377.259 1731.124 5.2683 0 0 0 
890000 1218 997.838 941378.718 1743.949 5.2623 0 0 0 
900000 1228 998.234 958503.707 1735.267 5.2586 0 0 0 
910000 1238 998.557 975121.543 1720.966 5.2767 0 0 0 
920000 1248 998.821 992419.929 1721.796 5.2714 0 0 0 
930000 1258 999.036 1009507.002 1722.554 5.2639 0 0 0 
940000 1268 999.213 1027138.873 1731.72 5.2767 0 0 0 
950000 1278 999.357 1045054.875 1739.764 5.2861 0 0 0 
960000 1288 999.474 1061927.296 1732.342 5.2871 0 0 0 
970000 1298 999.571 1080978.419 1761.056 5.2835 0 0 0 
980000 1308 999.649 1099380.045 1776.535 5.2742 0 0 0 
990000 1318 999.713 1115736.451 1752.565 5.2853 0 0 0 
1000000 1328 999.766 1131408.768 1717.685 5.2906 0 0 0 
1010000 1338 999.809 1146764.575 1681.531 5.2936 0 0 0 
1020000 1348 999.844 1163867.819 1687.961 5.2954 0 0 0 
1030000 1358 999.872 1179697.724 1666.352 5.296 0 0 0 
1040000 1368 999.896 1197605.087 1688.959 5.2972 0 0 0 
1050000 1378 999.915 1216715.389 1727.754 5.3074 0 0 0 
1060000 1388 999.93 1236063.608 1769.81 5.2892 0 0 0 
1070000 1398 999.943 1254961.769 1785.762 5.3185 0 0 0 
1080000 1408 999.953 1274500.956 1816.935 5.3137 0 0 0 
1090000 1418 999.962 1292529.148 1817.474 5.31 0 0 0 
1100000 1428 999.969 1311908.106 1839.133 5.3187 0 0 0 
1110000 1438 999.975 1330187.035 1837.556 5.3236 0 0 0 
1120000 1448 999.979 1349182.154 1848.443 5.328 0 0 0 
1130000 1458 999.983 1367520.268 1843.141 5.3075 0 0 0 
1140000 1468 999.986 1387682.316 1874.252 5.3078 0 0 0 
1150000 1478 999.989 1407371.311 1892.725 5.3371 0 0 0 
1160000 1488 999.991 1423447.558 1839.355 5.3279 0 0 0 
1170000 1498 999.992 1443224.463 1863.988 5.3387 0 0 0 
1180000 1508 999.994 1461222.992 1851.759 5.3446 0 0 0 
1190000 1518 999.995 1480414.064 1865.704 5.3432 0 0 0 
1200000 1528 999.996 1499790.304 1877.265 5.352 0 0 0 
1210000 1538 999.997 1518235.047 1868.399 5.3361 0 0 0 
1220000 1548 999.997 1538172.685 1893.036 5.3271 0 0 0 
1230000 1558 999.998 1555516.22 1863.928 5.3299 0 0 0 
1240000 1568 999.998 1573849.943 1859.941 5.3222 0 0 0 
1250000 1578 999.998 1592088.392 1854.151 5.3187 0 0 0 
1260000 1588 999.999 1611438.348 1877.511 5.2978 0 0 0 
1270000 1598 999.999 1630555.837 1875.696 5.287 0 0 0 
1280000 1608 999.999 1650373.83 1897.162 5.2943 0 0 0 
1290000 1618 999.999 1668772.164 1902.201 5.2888 0 0 0 
1300000 1628 999.999 1688166.315 1900.808 5.3107 0 0 0 
1310000 1638 1000.0 1707285.932 1895.247 5.3153 0 0 0 
1320000 1648 1000.0 1725639.549 1882.016 5.3136 0 0 0 
1330000 1658 1000.0 1744197.394 1881.161 5.2983 0 0 0 
1340000 1668 1000.0 1760599.981 1840.103 5.293 0 0 0 
1350000 1678 1000.0 1779696.588 1849.913 5.2884 0 0 0 
1360000 1688 1000.0 1796852.592 1842.419 5.3045 0 0 0 
1370000 1698 1000.0 1812589.567 1777.384 5.3065 0 0 0 
1380000 1708 1000.0 1830973.577 1800.795 5.3166 0 0 0 
1390000 1718 1000.0 1845366.879 1738.406 5.3373 0 0 0 
1400000 1728 1000.0 1858677.087 1659.784 5.3266 0 0 0 
1410000 1738 1000.0 1877064.97 1690.075 5.3126 0 0 0 
1420000 1748 1000.0 1886932.434 1558.155 5.3167 0 0 0 
1430000 1758 1000.0 1898860.872 1492.756 5.3228 0 0 0 
1440000 1768 1000.0 1909754.202 1419.844 5.3251 0 0 0 
1450000 1778 1000.0 1925542.15 1466.155 5.3309 0 0 0 
1460000 1788 1000.0 1937623.982 1423.092 5.3288 0 0 0 
1470000 1798 1000.0 1950380.878 1388.946 5.3101 0 0 0 
1480000 1808 1000.0 1968784.605 1468.929 5.3013 0 0 0 
1490000 1818 1000.0 1988372.034 1556.32 5.3064 0 0 0 
1500000 1828 1000.0 2006384.161 1600.923 5.2932 0 0 0 
1510000 1838 1000.0 2024614.921 1643.1 5.2789 0 0 0 
1520000 1848 1000.0 2044881.438 1712.325 5.2816 0 0 0 
1530000 1858 1000.0 2063208.648 1730.883 5.2939 0 0 0 
1540000 1868 1000.0 2082063.571 1758.514 5.2894 0 0 0 
1550000 1878 1000.0 2098657.473 1751.365 5.2995 0 0 0 
1560000 1888 1000.0 2114849.878 1718.142 5.302 0 0 0 
1570000 1898 1000.0 2130848.094 1708.938 5.3066 0 0 0 
1580000 1908 1000.0 2150341.141 1742.071 5.313 0 0 0 
1590000 1918 1000.0 2168842.412 1761.195 5.3114 0 0 0 
1600000 1928 1000.0 2187382.911 1791.008 5.3262 0 0 0 
1610000 1938 1000.0 2200386.426 1684.157 5.3367 0 0 0 
1620000 1948 1000.0 2217907.942 1697.394 5.3299 0 0 0 
1630000 1958 1000.0 2236468.813 1726.202 5.3397 0 0 0 
1640000 1968 1000.0 2257531.063 1795.948 5.3471 0 0 0 
1650000 1978 1000.0 2275983.598 1806.415 5.3319 0 0 0 
1660000 1988 1000.0 2295131.189 1834.047 5.3273 0 0 0 
1670000 1998 1000.0 2303609.812 1638.918 5.3341 0 0 0 
1680000 2008 1000.0 2317241.35 1592.2 5.3332 0 0 0 
1690000 2018 1000.0 2333480.74 1594.095 5.3436 0 0 0 
1700000 2028 1000.0 2346804.361 1544.674 5.3279 0 0 0 
1710000 2038 1000.0 2360734.293 1514.184 5.3418 0 0 0 
1720000 2048 1000.0 2376585.515 1534.384 5.3328 0 0 0 
1730000 2058 1000.0 2392357.675 1538.082 5.3248 0 0 0 
1740000 2068 1000.0 2408340.573 1562.861 5.3233 0 0 0 
1750000 2078 1000.0 2423290.109 1533.562 5.3351 0 0 0 
1760000 2088 1000.0 2435936.772 1487.52 5.3363 0 0 0 
1770000 2098 1000.0 2453473.522 1538.421 5.326 0 0 0 
1780000 2108 1000.0 2473126.889 1611.888 5.3336 0 0 0 
1790000 2118 1000.0 2489205.167 1611.054 5.335 0 0 0 
1800000 2128 1000.0 2506264.407 1633.047 5.3372 0 0 0 
1810000 2138 1000.0 2525753.485 1690.24 5.3225 0 0 0 
1820000 2148 1000.0 2545114.42 1732.157 5.3228 0 0 0 
1830000 2158 1000.0 2565098.061 1786.694 5.3099 0 0 0 
1840000 2168 1000.0 2583254.891 1786.132 5.2988 0 0 0 
1850000 2178 1000.0 2603175.328 1822.3 5.2758 0 0 0 
1860000 2188 1000.0 2622027.871 1837.506 4.7731 0 0 0 
1870000 2198 1000.0 2643519.11 1891.664 4.3511 0 0 0 
1880000 2208 1000.0 2664124.142 1922.906 4.0094 0 0 0 
1890000 2218 1000.0 2685024.86 1954.736 3.7236 0 0 0 
1900000 2228 1000.0 2704475.529 1956.471 3.4958 0 0 0 
1910000 2238 1000.0 2722023.338 1918.907 3.3086 0 0 0 
1920000 2248 1000.0 2735333.199 1823.575 3.1601 0 0 0 
1930000 2258 1000.0 2754156.299 1819.338 3.0371 0 0 0 
1940000 2268 1000.0 2770490.265 1788.257 2.9422 0 0 0 
1950000 2278 1000.0 2786792.798 1752.763 2.8623 0 0 0 
1960000 2288 1000.0 2805323.414 1773.573 2.7992 0 0 0 
1970000 2298 1000.0 2820375.162 1720.629 2.7556 0 0 0 
1980000 2308 1000.0 2836308.78 1711.632 2.7041 0 0 0 
1990000 2318 1000.0 2854531.582 1714.74 2.6734 0 0 0 
2000000 2328 1000.0 2870927.655 1697.025 2.6457 0 0 0 
2010000 2338 1000.0 2890610.116 1749.068 2.6123 0 0 0 
2020000 2348 1000.0 2905820.723 1708.976 2.5936 0 0 0 
2030000 2358 1000.0 2923254.151 1716.309 2.5744 0 0 0 
2040000 2368 1000.0 2940982.566 1725.594 2.6299 0 0 0 
2050000 2378 1000.0 2959473.542 1745.804 2.7267 0 0 0 
2060000 2388 1000.0 2978785.629 1776.32 2.7689 0 0 0 
2070000 2398 1000.0 2996802.427 1780.11 2.9981 0 0 0 
2080000 2408 1000.0 3014459.873 1776.659 3.4422 0 0 0 
2090000 2418 1000.0 3029877.862 1733.78 3.3166 0 0 0 
2100000 2428 1000.0 3047141.358 1747.987 3.2485 0 0 0 
2110000 2438 1000.0 3064265.246 1730.155 3.2094 0 0 0 
2120000 2448 1000.0 3082811.316 1750.851 3.1938 0 0 0 
2130000 2458 1000.0 3102577.904 1790.561 3.2615 0 0 0 
2140000 2468 1000.0 3120875.091 1798.992 3.6411 0 0 0 
2150000 2478 1000.0 3139945.981 1820.144 3.9407 0 0 0 
2160000 2488 1000.0 3159149.709 1838.328 4.1908 0 0 0 
2170000 2498 1000.0 3179418.281 1876.614 4.4175 0 0 0 
2180000 2508 1000.0 3196679.651 1854.336 4.5881 0 0 0 
2190000 2518 1000.0 3214904.305 1842.54 4.7182 0 0 0 
2200000 2528 1000.0 3234749.055 1868.536 4.8345 0 0 0 
2210000 2538 1000.0 3253864.213 1880.874 4.9316 0 0 0 
2220000 2548 1000.0 3272043.538 1861.257 4.9963 0 0 0 
2230000 2558 1000.0 3293090.417 1905.048 5.0555 0 0 0 
2240000 2568 1000.0 3310649.806 1898.414 5.0729 0 0 0 
2250000 2578 1000.0 3330184.972 1895.149 5.1007 0 0 0 
2260000 2588 1000.0 3346673.077 1844.279 5.1475 0 0 0 
2270000 2598 1000.0 3361938.883 1790.351 5.1793 0 0 0 
2280000 2608 1000.0 3377070.57 1732.133 5.2141 0 0 0 
2290000 2618 1000.0 3396913.592 1776.746 5.2583 0 0 0 
2300000 2628 1000.0 3410729.038 1713.518 5.2254 0 0 0 
2310000 2638 1000.0 3429747.914 1751.163 5.241 0 0 0 
2320000 2648 1000.0 3444757.494 1697.73 5.2535 0 0 0 
2330000 2658 1000.0 3463831.594 1739.066 5.2556 0 0 0 
2340000 2668 1000.0 3484590.19 1796.826 5.2684 0 0 0 
2350000 2678 1000.0 3502136.257 1792.052 5.2621 0 0 0 
2360000 2688 1000.0 3521692.446 1824.708 5.257 0 0 0 
2370000 2698 1000.0 3540674.21 1834.483 5.2554 0 0 0 
2380000 2708 1000.0 3558486.932 1824.991 5.2829 0 0 0 
2390000 2718 1000.0 3578784.907 1862.227 5.2821 0 0 0 
2400000 2728 1000.0 3597562.154 1867.334 5.283 0 0 0 
2410000 2738 1000.0 3617238.41 1885.152 5.3062 0 0 0 
2420000 2748 1000.0 3637439.674 1905.896 5.3066 0 0 0 
2430000 2758 1000.0 3648702.412 1780.676 5.2953 0 0 0 
2440000 2768 1000.0 3667725.354 1792.521 5.2906 0 0 0 
2450000 2778 1000.0 3687229.325 1819.882 5.285 0 0 0 
2460000 2788 1000.0 3706350.958 1837.313 5.2827 0 0 0 
2470000 2798 1000.0 3725028.476 1842.901 5.2717 0 0 0 
2480000 2808 1000.0 3741167.517 1800.601 5.2758 0 0 0 
2490000 2818 1000.0 3753080.76 1693.806 5.2927 0 0 0 
2500000 2828 1000.0 3770896.064 1699.246 5.2873 0 0 0 
2510000 2838 1000.0 3789895.917 1737.782 5.3047 0 0 0 
2520000 2848 1000.0 3806833.497 1730.421 5.3151 0 0 0 
2530000 2858 1000.0 3826032.08 1764.099 5.2833 0 0 0 
2540000 2868 1000.0 3844042.646 1786.989 5.3018 0 0 0 
2550000 2878 1000.0 3861480.307 1769.4 5.3045 0 0 0 
2560000 2888 1000.0 3881394.749 1807.498 5.2876 0 0 0 
2570000 2898 1000.0 3901203.547 1856.811 5.2817 0 0 0 
2580000 2908 1000.0 3920973.542 1864.69 5.2695 0 0 0 
2590000 2918 1000.0 3943097.079 1929.319 5.2704 0 0 0 
2600000 2928 1000.0 3964072.98 1968.471 5.2749 0 0 0 
2610000 2938 999.95 3980488.65 1901.976 5.2774 0 0 0 
2620000 2948 999.959 4003088.373 1967.449 5.2785 0 0 0 
2630000 2958 999.967 4024211.067 2005.152 5.2856 0 0 0 
2640000 2968 999.973 4045918.627 2025.052 5.3025 0 0 0 
2650000 2978 999.978 4067470.835 2054.105 5.3156 0 0 0 
2660000 2988 999.982 4088016.27 2050.28 5.3105 0 0 0 
2670000 2998 999.985 4108330.607 2048.866 5.308 0 0 0 
2680000 3008 999.988 4128521.355 2039.479 5.2979 0 0 0 
2690000 3018 999.99 4147382.123 2010.302 5.3129 0 0 0 
2700000 3028 999.992 4164223.161 1954.739 5.3209 0 0 0 
2710000 3039 985.803 4180418.183 1875.318 5.2383 0 0 0 
2720000 3049 988.4 4198123.199 1845.038 5.2515 0 0 0 
2730000 3059 990.522 4219760.708 1900.873 5.2436 0 0 0 
2740000 3069 992.256 4240597.762 1933.786 5.2401 0 0 0 
2750000 3079 993.672 4259254.831 1922.827 5.2471 0 0 0 
2760000 3089 994.83 4275798.035 1873.27 5.2713 0 0 0 
2770000 3099 995.776 4291042.537 1824.955 5.2804 0 0 0 
2780000 3109 996.548 4308653.52 1817.239 5.2877 0 0 0 
2790000 3119 997.18 4327025.4 1806.02 5.2985 0 0 0 
2800000 3129 997.696 4343565.263 1782.477 5.3037 0 0 0 
2810000 3139 998.117 4359722.42 1748.764 5.2922 0 0 0 
2820000 3149 998.462 4379882.669 1796.894 5.3006 0 0 0 
2830000 3159 998.743 4401547.323 1864.86 5.2888 0 0 0 
2840000 3169 998.973 4420931.054 1880.739 5.2907 0 0 0 
2850000 3179 999.161 4440241.804 1889.258 5.2812 0 0 0 
2860000 3189 999.314 4458284.307 1876.464 5.2884 0 0 0 
2870000 3199 999.44 4478616.236 1906.773 5.2995 0 0 0 
2880000 3209 999.542 4499925.259 1944.718 5.3078 0 0 0 
2890000 3219 999.626 4519524.396 1947.873 5.3174 0 0 0 
2900000 3229 999.694 4538763.648 1946.788 5.3046 0 0 0 
2910000 3239 999.75 4560162.252 1977.983 5.3028 0 0 0 
2920000 3249 999.796 4581017.317 1999.492 5.3067 0 0 0 
2930000 3259 999.833 4602610.054 2027.598 5.3117 0 0 0 
2940000 3269 999.864 4623756.006 2052.197 5.333 0 0 0 
2950000 3279 999.889 4642826.559 2021.099 5.3419 0 0 0 
2960000 3289 999.909 4663478.436 2031.89 5.3329 0 0 0 
2970000 3299 999.926 4684632.159 2041.457 5.3361 0 0 0 
2980000 3309 999.939 4704868.395 2041.724 5.3275 0 0 0 
2990000 3319 999.95 4725256.361 2040.648 5.3313 0 0 0 
3000000 3329 999.959 4745581.241 2040.534 5.3181 0 0 0 
3010000 3339 999.967 4764649.801 2016.687 5.3296 0 0 0 
3020000 3349 999.973 4783324.384 1994.998 5.3402 0 0 0 
3030000 3359 999.978 4802953.72 1986.316 5.3375 0 0 0 
3040000 3369 999.982 4823362.256 1993.864 5.2985 0 0 0 
3050000 3379 999.985 4840854.596 1951.616 5.3133 0 0 0 
3060000 3389 999.988 4861153.376 1961.455 5.326 0 0 0 
3070000 3399 999.99 4876892.122 1903.226 5.325 0 0 0 
3080000 3409 999.992 4896967.169 1917.848 5.3171 0 0 0 
3090000 3419 999.993 4915021.59 1903.433 5.3337 0 0 0 
3100000 3429 999.995 4933325.824 1891.509 5.3311 0 0 0 
3110000 3439 999.996 4949835.214 1842.895 5.3317 0 0 0 
3120000 3449 999.996 4969181.842 1874.795 5.3397 0 0 0 
3130000 3459 999.997 4987703.695 1865.316 5.3201 0 0 0 
3140000 3469 999.998 5006553.566 1862.171 5.3221 0 0 0 
3150000 3479 999.998 5026263.117 1880.583 5.32 0 0 0 
3160000 3489 999.998 5043457.51 1852.795 5.3255 0 0 0 
3170000 3499 999.999 5061769.281 1861.02 5.3174 0 0 0 
3180000 3509 999.999 5081133.14 1868.053 5.3311 0 0 0 
3190000 3519 999.999 5100570.926 1873.619 5.3481 0 0 0 
3200000 3529 999.999 5116583.585 1837.684 5.3416 0 0 0 
3210000 3539 999.999 5129871.565 1749.659 5.3489 0 0 0 
3220000 3549 1000.0 5146906.23 1731.086 5.3454 0 0 0 
3230000 3559 1000.0 5164963.876 1743.84 5.3415 0 0 0 
3240000 3569 1000.0 5181681.535 1730.325 5.331 0 0 0 
3250000 3579 1000.0 5200403.778 1760.353 5.3364 0 0 0 
3260000 3589 1000.0 5220106.604 1796.974 5.3321 0 0 0 
3270000 3599 1000.0 5241453.244 1864.502 5.3108 0 0 0 
3280000 3609 1000.0 5258769.065 1839.245 5.3344 0 0 0 
3290000 3621 970.022 5273567.757 1715.26 5.184 0 0 0 
3300000 3631 975.506 5289718.498 1695.717 5.2131 0 0 0 
3310000 3641 975.901 5306291.862 1680.871 5.1823 0 0 0 
3320000 3652 965.662 5321511.513 1634.503 5.1554 0 0 0 
3330000 3662 971.943 5338019.774 1631.686 5.1904 0 0 0 
3340000 3672 966.57 5356857.684 1656.969 5.1505 0 0 0 
3350000 3682 972.685 5370908.095 1611.4 5.198 0 0 0 
3360000 3692 977.682 5385460.995 1605.691 5.2356 0 0 0 
3370000 3703 970.082 5398884.956 1529.178 5.209 0 0 0 
3380000 3713 975.555 5414313.127 1527.876 5.2324 0 0 0 
3390000 3723 980.026 5430806.205 1549.822 5.2586 0 0 0 
3400000 3734 970.874 5447239.319 1545.857 5.212 0 0 0 
3410000 3744 976.202 5462440.733 1544.534 5.2165 0 0 0 
3420000 3754 980.556 5479654.44 1578.231 5.2357 0 0 0 
3430000 3764 984.112 5494889.408 1570.843 5.2565 0 0 0 
3440000 3774 973.496 5510738.921 1541.378 5.1962 0 0 0 
3450000 3785 959.188 5523553.779 1478.157 5.1191 0 0 0 
3460000 3795 965.528 5542725.812 1538.801 5.1502 0 0 0 
3470000 3805 971.834 5560738.274 1586.202 4.7105 0 0 0 
3480000 3815 976.986 5580846.242 1667.586 4.3027 0 0 0 
3490000 3825 981.196 5599828.867 1700.309 3.9786 0 0 0 
3500000 3836 981.203 5617677.637 1719.745 3.6901 0 0 0 
3510000 3846 984.642 5636131.772 1743.644 3.4763 0 0 0 
3520000 3856 987.451 5649922.361 1677.847 3.3028 0 0 0 
3530000 3866 989.747 5670637.175 1751.346 3.1609 0 0 0 
3540000 3876 979.483 5690303.106 1767.86 3.0178 0 0 0 
3550000 3886 983.236 5710744.302 1814.187 2.9471 0 0 0 
3560000 3896 986.303 5730092.333 1837.011 3.0978 0 0 0 
3570000 3906 988.808 5750582.334 1872.915 3.3595 0 0 0 
3580000 3916 988.666 5768760.471 1859.911 3.9766 0 0 0 
3590000 3926 990.739 5789165.406 1899.458 5.0647 0 0 0 
3600000 3936 992.433 5809086.805 1907.352 6.3966 0 0 0 
3610000 3946 993.817 5827933.404 1904.527 7.4181 0 0 0 
3620000 3956 994.948 5844466.813 1859.545 8.2807 0 0 0 
3630000 3966 995.872 5858946.817 1808.985 8.9691 0 0 0 
3640000 3977 987.038 5876807.693 1765.692 9.489 0 0 0 
3650000 3987 989.409 5897261.42 1818.185 9.9565 0 0 0 
3660000 3997 991.347 5917772.25 1858.972 10.3295 0 0 0 
3670000 4007 983.112 5938587.476 1881.447 10.5251 0 0 0 
3680000 4017 986.201 5960377.62 1932.472 10.768 0 0 0 
3690000 4027 988.725 5981773.887 1972.139 10.9779 0 0 0 
3700000 4037 990.788 5999036.883 1927.092 11.1879 0 0 0 
3710000 4048 978.255 6012781.396 1822.816 11.1998 0 0 0 
3720000 4058 982.233 6029821.962 1780.086 11.3604 0 0 0 
3730000 4068 985.483 6047010.562 1770.471 11.4948 0 0 0 
3740000 4078 988.138 6068053.471 1829.949 11.6295 0 0 0 
3750000 4088 990.308 6089333.993 1881.983 11.6875 0 0 0 
3760000 4098 992.081 6109540.184 1912.984 11.764 0 0 0 
3770000 4108 993.53 6129795.624 1936.605 11.7814 0 0 0 
3780000 4118 994.713 6149133.29 1934.467 11.8076 0 0 0 
3790000 4128 995.68 6167529.16 1915.553 11.8522 0 0 0 
3800000 4138 996.471 6187147.905 1927.406 11.8982 0 0 0 
3810000 4149 984.254 6206467.608 1900.301 11.7652 0 0 0 
3820000 4159 987.134 6226147.511 1913.071 11.8036 0 0 0 
3830000 4169 989.488 6245401.715 1911.843 11.8842 0 0 0 
3840000 4179 991.411 6264904.358 1919.878 11.907 0 0 0 
3850000 4189 992.982 6284406.477 1924.607 11.9014 0 0 0 
3860000 4199 994.266 6302757.696 1916.767 11.9148 0 0 0 
3870000 4209 995.315 6318511.447 1852.866 11.9355 0 0 0 
3880000 4219 996.172 6333029.135 1773.446 11.9842 0 0 0 
3890000 4229 996.872 6345504.7 1678.02 12.0076 0 0 0 
3900000 4239 997.444 6362061.994 1683.034 11.9717 0 0 0 
3910000 4249 997.912 6375081.29 1606.247 11.9667 0 0 0 
3920000 4259 998.294 6390547.867 1593.62 12.0003 0 0 0 
3930000 4269 992.281 6402269.635 1508.517 11.9361 0 0 0 
3940000 4279 993.693 6413276.126 1441.328 11.9292 0 0 0 
3950000 4289 994.847 6427163.94 1420.555 11.899 0 0 0 
3960000 4299 995.789 6443042.367 1448.567 11.9597 0 0 0 
3970000 4310 990.559 6455534.169 1406.466 11.9242 0 0 0 
3980000 4320 992.286 6464985.738 1323.827 11.9422 0 0 0 
3990000 4330 993.697 6473797.694 1243.838 11.9941 0 0 0 
4000000 4340 994.85 6485361.184 1226.473 12.0214 0 0 0 
