1000 8 17.795 -133.593 -2.415 0.0111 0.0 
2000 17 33.263 -356.168 -6.17 0.0199 0.0 
3000 25 47.242 -564.412 -9.275 0.0282 0.0 
4000 33 58.684 -746.771 -11.372 0.0341 0.0 
5000 41 69.247 -916.021 -12.766 0.0398 0.0 
6000 50 76.03 -1133.929 -14.539 0.0426 0.0 
7000 58 83.62 -1337.24 -16.288 0.0469 0.0 
8000 67 87.851 -1403.141 -14.796 0.0485 0.0 
9000 74 94.55 -1542.129 -15.29 0.0523 0.0 
10000 75 112.659 -1552.831 -15.135 0.0971 0.0 
11000 86 109.412 -1744.782 -15.793 0.0876 0.0 
12000 94 110.749 -1931.449 -16.566 0.0839 0.0 
13000 102 113.72 -2231.306 -19.919 0.0823 0.0 
14000 111 113.675 -2498.798 -21.656 0.0786 0.0 
15000 119 114.318 -2662.377 -21.443 0.0761 0.0 
16000 128 114.013 -2934.647 -22.929 0.0735 0.0 
17000 133 113.464 -3015.057 -22.322 0.0757 0.0 
18000 140 125.601 -3038.727 -19.783 0.1617 0.0 
19000 147 127.437 -3078.402 -17.881 0.1831 0.0 
20000 148 132.428 -3077.932 -17.366 0.1993 0.0 
21000 149 149.78 -3081.29 -17.076 0.291 0.0 
22000 150 166.784 -3088.163 -17.012 0.3578 0.0 
23000 151 183.449 -3096.758 -16.8 0.4334 0.0 
24000 152 199.78 -3109.498 -16.615 0.5254 0.0 
25000 153 215.784 -3113.579 -16.472 0.6021 0.0 
26000 154 231.468 -3112.175 -16.32 0.6947 0.0 
27000 155 246.839 -3123.103 -15.889 0.7577 0.0 
28000 156 261.902 -3132.853 -15.868 0.8279 0.0 
29000 157 276.664 -3145.67 -15.743 0.8924 0.0 
30000 158 291.131 -3151.086 -15.658 0.9695 0.0 
31000 159 305.308 -3160.903 -15.468 1.0284 0.0 
32000 162 316.261 -3196.034 -15.409 1.0828 0.0 
33000 163 329.936 -3206.547 -15.219 1.1341 0.0 
34000 164 343.337 -3212.986 -15.179 1.1876 0.0 
35000 165 356.47 -3222.838 -14.97 1.2418 0.0 
36000 166 369.341 -3230.646 -14.831 1.3123 0.0 
37000 167 381.954 -3257.763 -14.691 1.3913 0.0 
38000 169 375.319 -3292.636 -15.054 1.3577 0.0 
39000 171 390.836 -3286.215 -14.455 1.4125 0.0 
40000 173 398.059 -3333.321 -14.667 1.4595 0.0 
41000 176 388.398 -3415.079 -15.464 1.4114 0.0 
42000 177 400.39 -3442.836 -15.649 1.4736 0.0 
43000 181 391.662 -3534.883 -16.274 1.43 0.0 
44000 185 378.23 -3595.04 -16.178 1.3633 0.0 
45000 187 389.098 -3634.068 -16.385 1.4035 0.0 
46000 191 375.445 -3706.602 -16.555 1.3327 0.0 
47000 194 375.493 -3775.612 -16.88 1.3263 0.0 
48000 197 372.198 -3840.622 -17.126 1.2996 0.0 
49000 199 365.128 -3864.177 -16.83 1.2644 0.0 
50000 203 366.097 -3924.08 -16.794 1.2688 0.0 
51000 204 378.775 -3941.126 -16.751 1.3499 0.0 
52000 205 377.28 -3966.759 -16.806 1.3404 0.0 
53000 206 389.734 -3961.641 -16.72 1.4083 0.0 
54000 207 401.94 -3971.388 -16.266 1.4372 0.0 
55000 208 413.901 -3980.278 -16.189 1.5083 0.0 
56000 209 425.623 -3988.036 -16.011 1.544 0.0 
57000 210 437.11 -3995.997 -15.833 1.6131 0.0 
58000 211 448.368 -4003.838 -15.677 1.6621 0.0 
59000 212 459.401 -4012.788 -15.524 1.7198 0.0 
60000 213 470.213 -4017.735 -15.399 1.761 0.0 
61000 214 480.809 -4030.222 -15.194 1.8119 0.0 
62000 215 491.192 -4041.464 -15.153 1.8322 0.0 
63000 216 501.368 -4041.075 -15.059 1.8765 0.0 
64000 217 511.341 -4050.54 -14.739 1.9023 0.0 
65000 218 521.114 -4060.441 -14.644 1.9249 0.0 
66000 219 530.692 -4068.085 -14.539 1.95 0.0 
67000 220 540.078 -4072.239 -14.395 1.9888 0.0 
68000 221 549.277 -4077.967 -14.192 2.0426 0.0 
69000 222 558.291 -4088.731 -14.034 2.0643 0.0 
70000 223 567.125 -4099.876 -13.983 2.1209 0.0 
71000 224 575.783 -4108.192 -13.91 2.1723 0.0 
72000 225 584.267 -4116.564 -13.804 2.2271 0.0 
73000 226 592.582 -4127.399 -13.673 2.2617 0.0 
74000 227 600.73 -4137.226 -13.644 2.2797 0.0 
75000 228 608.716 -4145.774 -13.569 2.3003 0.0 
76000 229 616.541 -4156.106 -13.458 2.3523 0.0 
77000 230 624.21 -4165.569 -13.38 2.3928 0.0 
78000 231 631.726 -4174.101 -13.319 2.4374 0.0 
79000 232 639.092 -4181.457 -13.222 2.4789 0.0 
80000 233 646.31 -4193.896 -13.108 2.4992 0.0 
81000 234 653.384 -4202.91 -13.098 2.5302 0.0 
82000 235 660.316 -4213.859 -13.004 2.5498 0.0 
83000 236 667.11 -4222.155 -12.956 2.5884 0.0 
84000 237 673.767 -4232.077 -12.889 2.6017 0.0 
85000 238 680.292 -4238.534 -12.833 2.6166 0.0 
86000 239 686.686 -4244.528 -12.676 2.6471 0.0 
87000 240 692.953 -4252.085 -12.558 2.6676 0.0 
88000 241 699.093 -4264.475 -12.452 2.6876 0.0 
89000 242 705.112 -4273.516 -12.452 2.7371 0.0 
90000 243 711.009 -4281.68 -12.38 2.7614 0.0 
91000 244 716.789 -4290.428 -12.326 2.7953 0.0 
92000 246 724.244 -4297.026 -12.139 2.8383 0.0 
93000 247 729.759 -4304.447 -12.077 2.8874 0.0 
94000 248 735.164 -4312.246 -11.913 2.9414 0.0 
95000 249 740.461 -4319.917 -11.867 2.9618 0.0 
96000 250 745.652 -4329.067 -11.759 2.9855 0.0 
97000 251 750.739 -4338.341 -11.703 3.0145 0.0 
98000 253 739.314 -4339.404 -11.293 2.948 0.0 
99000 254 743.268 -4354.835 -11.374 2.9657 0.0 
100000 255 748.402 -4362.737 -11.311 2.9873 0.0 
101000 256 742.814 -4371.72 -11.167 2.9569 0.0 
102000 258 740.739 -4376.188 -10.862 2.9162 0.0 
103000 259 743.124 -4388.26 -10.857 2.9077 0.0 
104000 260 747.341 -4398.446 -10.821 2.9171 0.0 
105000 261 752.395 -4408.35 -10.793 2.9294 0.0 
106000 264 736.714 -4415.507 -10.353 2.848 0.0 
107000 266 717.502 -4418.827 -9.99 2.761 0.0 
108000 267 723.152 -4423.399 -9.905 2.7996 0.0 
109000 268 728.689 -4430.976 -9.817 2.8412 0.0 
110000 270 719.472 -4441.045 -9.677 2.7878 0.0 
111000 272 715.061 -4446.198 -9.426 2.754 0.0 
112000 274 702.705 -4452.189 -9.169 2.692 0.0 
113000 275 708.651 -4458.661 -9.098 2.7266 0.0 
114000 278 694.763 -4463.629 -8.687 2.652 0.0 
115000 281 670.719 -4474.766 -8.395 2.5445 0.0 
116000 285 639.557 -4482.694 -7.863 2.4051 0.0 
117000 286 645.246 -4496.8 -7.965 2.4396 0.0 
118000 289 627.157 -4506.02 -7.717 2.352 0.0 
119000 291 621.16 -4520.992 -7.634 2.329 0.0 
120000 293 606.262 -4524.032 -7.485 2.2625 0.0 
121000 295 607.234 -4521.22 -7.108 2.2631 0.0 
122000 297 606.928 -4523.908 -6.962 2.2801 0.0 
123000 298 614.789 -4521.346 -6.721 2.3142 0.0 
124000 299 611.033 -4528.895 -6.706 2.2961 0.0 
125000 300 618.813 -4527.458 -6.517 2.3339 0.0 
126000 301 626.436 -4533.743 -6.454 2.3675 0.0 
127000 302 632.488 -4531.077 -6.384 2.4029 0.0 
128000 304 634.541 -4529.65 -6.089 2.4146 0.0 
129000 307 616.968 -4535.908 -5.82 2.3423 0.0 
130000 308 624.629 -4547.208 -5.932 2.392 0.0 
131000 310 613.852 -4551.307 -5.784 2.3352 0.0 
132000 311 621.575 -4550.548 -5.636 2.3935 0.0 
133000 313 619.94 -4546.819 -5.278 2.3834 0.0 
134000 314 622.102 -4564.417 -5.4 2.3921 0.0 
135000 318 610.389 -4577.148 -5.428 2.3684 0.0 
136000 319 612.381 -4580.843 -5.486 2.3743 0.0 
137000 320 620.134 -4586.9 -5.32 2.439 0.0 
138000 322 615.851 -4601.128 -5.482 2.4123 0.0 
139000 324 614.922 -4602.459 -5.385 2.4011 0.0 
140000 326 603.661 -4593.156 -4.859 2.3375 0.0 
141000 328 596.477 -4591.98 -4.706 2.3063 0.0 
142000 329 597.087 -4589.472 -4.503 2.312 0.0 
143000 334 574.69 -4587.363 -4.121 2.202 0.0 
144000 337 557.069 -4591.607 -3.868 2.1109 0.0 
145000 341 537.609 -4583.042 -3.452 2.0142 0.0 
146000 344 515.335 -4588.85 -3.206 1.9188 0.0 
147000 345 525.028 -4592.487 -3.378 1.958 0.0 
148000 346 530.987 -4601.364 -3.378 1.986 0.0 
149000 350 517.432 -4604.916 -3.257 1.9142 0.0 
150000 351 527.083 -4606.45 -3.259 1.9393 0.0 
151000 352 536.541 -4606.574 -3.279 1.9932 0.0 
152000 354 533.924 -4598.935 -2.921 1.9713 0.0 
153000 355 543.246 -4602.104 -2.946 2.0503 0.0 
154000 356 552.381 -4605.049 -2.917 2.1078 0.0 
155000 358 553.927 -4606.761 -2.803 2.1257 0.0 
156000 360 540.131 -4610.781 -2.668 2.0611 0.0 
157000 364 530.127 -4604.781 -2.419 2.0096 0.0 
158000 366 527.405 -4601.254 -2.318 2.0024 0.0 
159000 367 536.857 -4608.765 -2.415 2.045 0.0 
160000 368 546.12 -4621.158 -2.579 2.0655 0.0 
161000 369 555.197 -4634.674 -2.846 2.0845 0.0 
162000 370 564.093 -4634.487 -2.824 2.131 0.0 
163000 372 563.951 -4635.576 -2.648 2.1517 0.0 
164000 373 572.672 -4635.846 -2.571 2.1715 0.0 
165000 375 555.977 -4630.277 -2.466 2.0975 0.0 
166000 377 556.881 -4631.417 -2.296 2.107 0.0 
167000 379 563.128 -4623.879 -2.12 2.1645 0.0 
168000 380 566.806 -4619.832 -2.047 2.1801 0.0 
169000 381 575.469 -4622.929 -1.993 2.2235 0.0 
170000 382 583.96 -4625.689 -1.969 2.2492 0.0 
171000 384 584.775 -4621.756 -1.847 2.2416 0.0 
172000 385 593.08 -4629.339 -1.985 2.2494 0.0 
173000 387 580.79 -4631.615 -1.848 2.1905 0.0 
174000 388 589.174 -4634.715 -1.949 2.2417 0.0 
175000 390 588.503 -4645.493 -2.036 2.2828 0.0 
176000 392 588.518 -4648.0 -2.122 2.2624 0.0 
177000 393 596.748 -4649.565 -2.104 2.2933 0.0 
178000 394 604.813 -4651.338 -2.153 2.3148 0.0 
179000 396 603.822 -4658.099 -2.135 2.3458 0.0 
180000 397 611.746 -4660.543 -2.132 2.3645 0.0 
181000 398 619.511 -4661.266 -2.091 2.3881 0.0 
182000 399 627.121 -4664.409 -2.088 2.4182 0.0 
183000 400 634.578 -4669.952 -2.161 2.4451 0.0 
184000 401 641.887 -4674.216 -2.218 2.4695 0.0 
185000 402 649.049 -4676.674 -2.238 2.5051 0.0 
186000 403 656.068 -4676.195 -2.193 2.5576 0.0 
187000 404 662.947 -4681.122 -2.225 2.5683 0.0 
188000 405 669.688 -4688.282 -2.293 2.6365 0.0 
189000 406 676.294 -4689.93 -2.287 2.6649 0.0 
190000 407 682.768 -4695.412 -2.384 2.717 0.0 
191000 408 672.353 -4703.653 -2.327 2.6704 0.0 
192000 410 682.928 -4698.516 -2.285 2.7483 0.0 
193000 411 681.029 -4689.132 -1.973 2.7275 0.0 
194000 412 687.409 -4687.395 -2.017 2.7716 0.0 
195000 414 683.487 -4678.012 -1.729 2.738 0.0 
196000 415 689.817 -4679.849 -1.74 2.739 0.0 
197000 416 694.001 -4685.886 -1.831 2.7338 0.0 
198000 417 700.121 -4690.743 -1.868 2.7704 0.0 
199000 418 706.119 -4692.887 -1.897 2.8408 0.0 
200000 419 711.996 -4691.781 -1.826 2.8774 0.0 
201000 420 717.756 -4695.941 -1.868 2.9481 0.0 
202000 421 723.401 -4701.385 -1.873 2.9778 0.0 
203000 422 728.933 -4703.419 -1.944 3.0157 0.0 
204000 423 734.355 -4708.867 -2.034 3.0277 0.0 
205000 424 739.667 -4713.153 -2.115 3.0733 0.0 
206000 425 744.874 -4723.997 -2.214 3.1042 0.0 
207000 426 749.977 -4726.779 -2.262 3.164 0.0 
208000 427 754.977 -4730.054 -2.317 3.2174 0.0 
209000 428 759.878 -4731.678 -2.304 3.2461 0.0 
210000 429 764.68 -4735.141 -2.308 3.2636 0.0 
211000 430 769.386 -4738.169 -2.303 3.3022 0.0 
212000 431 773.999 -4743.052 -2.345 3.3454 0.0 
213000 432 778.519 -4747.788 -2.396 3.3639 0.0 
214000 433 782.948 -4750.854 -2.437 3.41 0.0 
215000 434 783.329 -4749.055 -2.308 3.4098 0.0 
216000 436 775.087 -4742.901 -1.978 3.3584 0.0 
217000 439 756.873 -4714.308 -1.356 3.2481 0.0 
218000 443 714.21 -4702.087 -0.955 3.0376 0.0 
219000 445 704.429 -4686.826 -0.799 2.98 0.0 
220000 446 706.08 -4684.033 -0.698 2.9726 0.0 
221000 449 692.477 -4678.769 -0.513 2.8941 0.0 
222000 453 656.635 -4665.172 -0.334 2.717 0.0 
223000 454 655.402 -4652.902 -0.141 2.7078 0.0 
224000 456 659.068 -4652.032 0.149 2.7116 0.0 
225000 458 649.507 -4639.132 0.273 2.651 0.0 
226000 461 631.416 -4621.064 0.616 2.5509 0.0 
227000 464 614.824 -4598.002 0.968 2.4595 0.0 
228000 466 604.597 -4622.439 0.6 2.3972 0.0 
229000 468 601.551 -4602.581 0.823 2.378 0.0 
230000 471 589.143 -4599.104 0.884 2.3031 0.0 
231000 472 597.36 -4588.464 0.998 2.3287 0.0 
232000 473 605.413 -4584.255 1.039 2.4034 0.0 
233000 474 609.925 -4583.839 1.08 2.431 0.0 
234000 475 605.326 -4588.379 1.229 2.404 0.0 
235000 476 613.22 -4594.009 1.08 2.4375 0.0 
236000 477 620.955 -4596.517 0.951 2.4648 0.0 
237000 479 619.329 -4597.295 0.937 2.4392 0.0 
238000 481 627.231 -4595.842 0.764 2.4544 0.0 
239000 482 634.686 -4598.095 0.605 2.4908 0.0 
240000 483 641.992 -4598.344 0.622 2.5229 0.0 
241000 484 635.773 -4596.729 0.859 2.4929 0.0 
242000 485 643.057 -4591.423 0.73 2.5276 0.0 
243000 487 651.592 -4575.525 1.027 2.5495 0.0 
244000 492 607.577 -4532.777 1.769 2.3515 0.0 
245000 495 589.695 -4493.332 2.314 2.2668 0.0 
246000 498 574.426 -4469.884 2.781 2.1914 0.0 
247000 500 563.673 -4460.889 2.815 2.1382 0.0 
248000 502 567.612 -4444.39 2.989 2.1331 0.0 
249000 503 575.859 -4434.648 3.183 2.1524 0.0 
250000 507 554.31 -4407.057 3.49 2.05 0.0 
251000 508 563.224 -4399.53 3.6 2.103 0.0 
252000 511 547.419 -4373.561 3.909 2.0334 0.0 
253000 512 547.951 -4359.353 3.967 2.0354 0.0 
254000 514 550.352 -4339.958 4.23 2.0351 0.0 
255000 516 553.162 -4323.687 4.466 2.0324 0.0 
256000 517 547.719 -4311.516 4.508 2.0066 0.0 
257000 520 546.305 -4278.067 4.929 1.9764 0.0 
258000 522 545.225 -4260.133 5.144 1.9557 0.0 
259000 524 542.332 -4245.916 5.151 1.9347 0.0 
260000 525 551.485 -4234.267 5.252 1.9629 0.0 
261000 527 549.346 -4214.181 5.489 1.9496 0.0 
262000 529 549.732 -4196.303 5.608 1.9676 0.0 
263000 530 558.737 -4192.808 5.631 2.0027 0.0 
264000 531 552.942 -4187.284 5.553 1.9755 0.0 
265000 532 561.883 -4177.767 5.651 1.9952 0.0 
266000 534 575.113 -4160.075 5.767 2.0333 0.0 
267000 535 583.611 -4160.326 5.705 2.0718 0.0 
268000 536 588.418 -4149.027 5.831 2.0974 0.0 
269000 538 584.272 -4128.727 5.971 2.0916 0.0 
270000 540 584.495 -4127.044 5.808 2.0692 0.0 
271000 541 581.925 -4120.419 5.876 2.0584 0.0 
272000 542 590.287 -4121.817 5.726 2.0868 0.0 
273000 543 598.481 -4125.135 5.544 2.1755 0.0 
274000 545 601.206 -4112.836 5.565 2.1821 0.0 
275000 546 597.062 -4114.983 5.459 2.1605 0.0 
276000 549 596.026 -4098.945 5.273 2.1718 0.0 
277000 550 600.886 -4095.932 5.341 2.2098 0.0 
278000 552 591.227 -4092.134 5.338 2.1597 0.0 
279000 554 595.615 -4090.947 4.956 2.149 0.0 
280000 555 603.702 -4092.938 4.809 2.2001 0.0 
281000 556 611.628 -4101.833 4.618 2.2444 0.0 
282000 557 619.396 -4102.98 4.36 2.3158 0.0 
283000 558 627.008 -4104.598 4.327 2.3306 0.0 
284000 559 634.468 -4107.811 4.17 2.3514 0.0 
285000 560 641.778 -4108.426 4.079 2.3951 0.0 
286000 561 648.943 -4109.554 3.974 2.4233 0.0 
287000 562 653.504 -4109.188 3.93 2.4446 0.0 
288000 563 660.434 -4106.815 3.824 2.4798 0.0 
289000 564 667.225 -4112.076 3.77 2.4952 0.0 
290000 565 673.881 -4118.203 3.58 2.527 0.0 
291000 566 680.403 -4111.367 3.52 2.5802 0.0 
292000 568 678.719 -4113.794 3.393 2.5604 0.0 
293000 569 685.145 -4113.489 3.347 2.5796 0.0 
294000 570 691.082 -4110.115 3.369 2.6132 0.0 
295000 571 684.14 -4115.383 3.284 2.58 0.0 
296000 572 690.457 -4119.847 3.133 2.6125 0.0 
297000 573 693.968 -4121.506 3.0 2.6409 0.0 
298000 576 681.34 -4110.887 2.919 2.5718 0.0 
299000 578 680.359 -4113.608 2.843 2.5704 0.0 
300000 579 686.752 -4112.881 2.709 2.6311 0.0 
301000 580 682.497 -4121.909 2.666 2.6013 0.0 
302000 582 677.221 -4121.908 2.428 2.5774 0.0 
303000 583 683.676 -4125.011 2.312 2.6154 0.0 
304000 584 690.003 -4126.665 2.2 2.6534 0.0 
305000 585 696.203 -4132.355 2.109 2.6728 0.0 
306000 586 702.279 -4143.039 1.963 2.6979 0.0 
307000 591 662.006 -4135.91 1.711 2.5188 0.0 
308000 592 658.846 -4128.835 1.944 2.5038 0.0 
309000 593 665.669 -4132.039 1.883 2.5326 0.0 
310000 594 672.356 -4143.662 1.689 2.5457 0.0 
311000 595 678.909 -4142.721 1.485 2.5776 0.0 
312000 597 679.284 -4130.627 1.48 2.5678 0.0 
313000 598 685.698 -4132.282 1.56 2.615 0.0 
314000 599 684.844 -4129.151 1.638 2.602 0.0 
315000 600 684.647 -4125.868 1.733 2.5867 0.0 
316000 602 692.375 -4115.302 1.823 2.6198 0.0 
317000 603 694.888 -4121.662 1.575 2.6181 0.0 
318000 604 700.99 -4117.165 1.633 2.6734 0.0 
319000 605 703.11 -4114.385 1.703 2.6829 0.0 
320000 606 708.248 -4111.24 1.805 2.7044 0.0 
321000 608 704.501 -4085.966 2.046 2.7043 0.0 
322000 609 710.411 -4081.749 2.193 2.7245 0.0 
323000 610 714.363 -4076.086 2.303 2.756 0.0 
324000 611 716.556 -4072.265 2.319 2.7749 0.0 
325000 612 722.225 -4071.618 2.323 2.7814 0.0 
326000 613 727.78 -4075.41 2.25 2.7964 0.0 
327000 614 731.005 -4075.594 2.25 2.8039 0.0 
328000 616 729.141 -4049.908 2.485 2.785 0.0 
329000 617 729.858 -4045.8 2.612 2.7888 0.0 
330000 619 731.075 -4044.865 2.525 2.7591 0.0 
331000 620 736.454 -4048.229 2.397 2.796 0.0 
332000 621 729.825 -4035.974 2.684 2.762 0.0 
333000 622 735.228 -4036.678 2.518 2.7838 0.0 
334000 623 734.364 -4024.722 2.593 2.7849 0.0 
335000 625 727.383 -4017.113 2.632 2.7411 0.0 
336000 626 732.835 -4014.471 2.805 2.7394 0.0 
337000 627 738.179 -4015.867 2.733 2.7591 0.0 
338000 629 731.607 -4023.523 2.454 2.7465 0.0 
339000 631 731.095 -4010.014 2.537 2.7214 0.0 
340000 633 724.824 -4007.678 2.546 2.718 0.0 
341000 634 730.327 -4016.388 2.351 2.7349 0.0 
342000 635 735.721 -4009.185 2.433 2.7464 0.0 
343000 636 729.986 -3996.312 2.634 2.7192 0.0 
344000 637 735.387 -3998.36 2.544 2.7643 0.0 
345000 638 740.679 -4001.397 2.459 2.7738 0.0 
346000 640 742.968 -4001.322 2.428 2.8163 0.0 
347000 641 748.109 -3994.199 2.473 2.8507 0.0 
348000 642 746.386 -3981.651 2.599 2.8495 0.0 
349000 643 751.459 -3986.764 2.466 2.8575 0.0 
350000 644 756.43 -3990.326 2.31 2.8697 0.0 
351000 648 722.412 -3953.368 2.902 2.7256 0.0 
352000 649 727.964 -3954.516 2.714 2.7766 0.0 
353000 650 719.704 -3950.878 2.83 2.7364 0.0 
354000 652 721.992 -3935.265 2.92 2.7727 0.0 
355000 654 716.961 -3941.724 2.852 2.7295 0.0 
356000 655 722.622 -3945.273 2.728 2.7427 0.0 
357000 658 698.578 -3910.719 3.182 2.627 0.0 
358000 660 678.943 -3902.57 3.346 2.5401 0.0 
359000 663 670.961 -3893.007 3.316 2.5152 0.0 
360000 664 677.542 -3882.398 3.434 2.5327 0.0 
361000 666 664.519 -3856.043 3.661 2.4757 0.0 
362000 668 658.944 -3842.543 3.823 2.4398 0.0 
363000 669 665.765 -3848.341 3.62 2.4451 0.0 
364000 670 672.45 -3833.645 3.778 2.4619 0.0 
365000 671 672.221 -3828.475 3.846 2.4559 0.0 
366000 672 678.776 -3814.238 3.911 2.4893 0.0 
367000 674 678.837 -3788.251 4.286 2.4965 0.0 
368000 675 685.26 -3783.181 4.476 2.5353 0.0 
369000 677 681.826 -3762.476 4.786 2.515 0.0 
370000 679 675.24 -3739.901 5.048 2.4916 0.0 
371000 680 681.736 -3727.45 5.197 2.5114 0.0 
372000 681 683.041 -3710.84 5.309 2.5098 0.0 
373000 682 677.5 -3688.221 5.51 2.482 0.0 
374000 683 683.95 -3682.458 5.68 2.5 0.0 
375000 686 680.126 -3649.864 6.108 2.4827 0.0 
376000 687 675.343 -3632.996 6.184 2.4597 0.0 
377000 689 676.58 -3622.046 6.19 2.4538 0.0 
378000 690 672.608 -3610.956 6.255 2.4436 0.0 
379000 692 671.613 -3587.853 6.415 2.436 0.0 
380000 694 666.976 -3571.771 6.584 2.4156 0.0 
381000 696 662.619 -3548.109 6.758 2.393 0.0 
382000 697 669.367 -3539.33 6.805 2.4063 0.0 
383000 698 675.979 -3533.928 6.763 2.4389 0.0 
384000 699 681.48 -3518.716 6.91 2.4657 0.0 
385000 701 674.695 -3505.443 6.832 2.4439 0.0 
386000 702 669.161 -3495.259 6.92 2.4168 0.0 
387000 704 672.702 -3483.239 7.002 2.4067 0.0 
388000 705 671.988 -3465.353 7.115 2.3983 0.0 
389000 707 672.777 -3438.856 7.257 2.3979 0.0 
390000 709 662.841 -3431.247 7.417 2.3518 0.0 
391000 713 630.295 -3444.209 6.324 2.2188 0.0 
392000 716 617.633 -3445.181 6.09 2.1679 0.0 
393000 718 613.562 -3447.971 5.748 2.1738 0.0 
394000 719 604.411 -3433.732 5.77 2.1377 0.0 
395000 722 599.929 -3423.273 5.713 2.1192 0.0 
396000 724 591.862 -3399.095 6.054 2.0798 0.0 
397000 726 595.144 -3384.299 6.112 2.0969 0.0 
398000 727 603.241 -3369.497 6.19 2.1287 0.0 
399000 728 597.276 -3366.034 6.367 2.1015 0.0 
400000 731 595.45 -3336.986 6.272 2.0898 0.0 
401000 732 591.481 -3326.298 6.371 2.0739 0.0 
402000 734 598.998 -3309.484 6.57 2.0939 0.0 
403000 736 591.706 -3288.077 6.718 2.0573 0.0 
404000 737 599.872 -3281.03 6.62 2.1169 0.0 
405000 739 600.441 -3262.195 6.81 2.1113 0.0 
406000 740 603.332 -3260.038 6.8 2.116 0.0 
407000 741 611.265 -3248.556 6.83 2.1505 0.0 
408000 742 619.04 -3239.627 6.763 2.1868 0.0 
409000 743 626.299 -3233.884 6.908 2.2071 0.0 
410000 744 633.773 -3235.324 6.736 2.2362 0.0 
411000 745 641.098 -3237.413 6.583 2.2719 0.0 
412000 746 642.176 -3237.764 6.556 2.2766 0.0 
413000 747 649.332 -3240.057 6.402 2.342 0.0 
414000 748 652.386 -3232.907 6.27 2.3621 0.0 
415000 750 664.031 -3224.962 6.197 2.4115 0.0 
416000 751 665.39 -3215.806 6.181 2.4119 0.0 
417000 754 649.049 -3182.671 6.44 2.3461 0.0 
418000 755 648.608 -3182.006 6.416 2.3437 0.0 
419000 756 651.096 -3178.047 6.34 2.3434 0.0 
420000 757 657.314 -3177.788 6.318 2.3818 0.0 
421000 759 665.584 -3172.907 6.119 2.4223 0.0 
422000 761 656.151 -3154.105 6.178 2.3751 0.0 
423000 762 655.268 -3147.625 6.194 2.3643 0.0 
424000 764 653.177 -3128.196 6.278 2.3494 0.0 
425000 765 654.054 -3124.878 6.269 2.3468 0.0 
426000 766 656.753 -3120.928 6.289 2.3604 0.0 
427000 768 662.305 -3100.493 6.288 2.3733 0.0 
428000 770 657.245 -3085.357 6.392 2.3611 0.0 
429000 772 650.853 -3067.936 6.513 2.3256 0.0 
430000 774 644.518 -3043.971 6.674 2.3054 0.0 
431000 775 642.848 -3041.125 6.677 2.306 0.0 
432000 776 649.991 -3028.915 6.652 2.3354 0.0 
433000 777 656.991 -3021.473 6.766 2.3857 0.0 
434000 778 663.851 -3016.204 6.763 2.4285 0.0 
435000 779 667.654 -3005.924 6.798 2.4488 0.0 
436000 780 671.961 -3006.758 6.841 2.4632 0.0 
437000 781 678.522 -3005.014 6.655 2.4949 0.0 
438000 783 680.992 -2984.905 6.603 2.5024 0.0 
439000 784 681.453 -2971.985 6.686 2.5112 0.0 
440000 785 683.904 -2968.988 6.852 2.5158 0.0 
441000 787 690.193 -2949.264 6.824 2.5396 0.0 
442000 789 679.026 -2942.317 6.703 2.4965 0.0 
443000 790 675.685 -2947.991 6.785 2.4792 0.0 
444000 791 682.171 -2945.494 6.491 2.5078 0.0 
445000 792 688.528 -2950.049 6.412 2.5209 0.0 
446000 794 688.502 -2938.896 6.206 2.5186 0.0 
447000 795 688.872 -2933.619 6.208 2.5197 0.0 
448000 796 695.095 -2934.207 6.172 2.545 0.0 
449000 797 701.193 -2936.714 5.966 2.5697 0.0 
450000 798 707.169 -2928.133 5.808 2.6067 0.0 
451000 800 708.405 -2911.617 5.967 2.6094 0.0 
452000 802 702.751 -2890.989 6.127 2.589 0.0 
453000 803 708.696 -2893.388 5.954 2.6231 0.0 
454000 804 714.522 -2897.347 5.723 2.6365 0.0 
455000 805 720.231 -2899.575 5.545 2.6474 0.0 
456000 806 721.747 -2893.626 5.59 2.6519 0.0 
457000 807 720.512 -2895.342 5.653 2.6486 0.0 
458000 808 726.102 -2899.788 5.448 2.6796 0.0 
459000 810 726.748 -2878.983 5.356 2.7034 0.0 
460000 811 723.093 -2877.055 5.529 2.6908 0.0 
461000 812 728.631 -2880.582 5.353 2.7267 0.0 
462000 814 727.377 -2862.785 5.375 2.7263 0.0 
463000 815 721.83 -2864.188 5.434 2.7043 0.0 
464000 817 728.545 -2851.456 5.334 2.74 0.0 
465000 818 723.574 -2845.341 5.426 2.7166 0.0 
466000 819 729.103 -2847.466 5.201 2.7499 0.0 
467000 820 729.381 -2846.648 5.224 2.7676 0.0 
468000 822 731.177 -2826.153 5.111 2.7834 0.0 
469000 823 723.354 -2826.377 5.324 2.747 0.0 
470000 825 726.409 -2808.03 5.331 2.7475 0.0 
471000 827 724.84 -2797.322 5.425 2.7445 0.0 
472000 828 730.344 -2802.003 5.279 2.7449 0.0 
473000 829 728.617 -2788.211 5.307 2.7357 0.0 
474000 830 734.044 -2783.848 5.323 2.7543 0.0 
475000 831 739.364 -2786.4 5.106 2.7875 0.0 
476000 832 744.576 -2788.542 4.96 2.8097 0.0 
477000 833 747.705 -2787.708 4.906 2.8466 0.0 
478000 834 752.751 -2791.15 4.738 2.8646 0.0 
479000 835 757.696 -2793.345 4.619 2.8658 0.0 
480000 837 755.211 -2792.435 4.527 2.854 0.0 
481000 838 760.107 -2795.496 4.322 2.8792 0.0 
482000 839 758.565 -2782.221 4.436 2.8607 0.0 
483000 840 763.393 -2783.23 4.328 2.877 0.0 
484000 841 768.125 -2782.524 4.175 2.8952 0.0 
485000 843 762.833 -2771.45 4.4 2.8748 0.0 
486000 844 765.716 -2766.037 4.34 2.9 0.0 
487000 845 763.082 -2760.715 4.406 2.8973 0.0 
488000 846 767.82 -2766.409 4.258 2.8992 0.0 
489000 848 765.935 -2752.78 4.21 2.9111 0.0 
490000 849 770.616 -2754.541 4.092 2.92 0.0 
491000 850 775.204 -2759.486 3.933 2.9354 0.0 
492000 851 779.699 -2766.124 3.78 2.9569 0.0 
493000 853 770.263 -2771.135 3.64 2.9352 0.0 
494000 854 764.758 -2760.274 3.678 2.9096 0.0 
495000 855 769.463 -2767.519 3.509 2.9287 0.0 
496000 857 766.352 -2757.835 3.46 2.9068 0.0 
497000 858 769.785 -2746.999 3.637 2.9106 0.0 
498000 859 772.389 -2731.772 3.767 2.9245 0.0 
499000 860 768.182 -2727.948 3.806 2.8985 0.0 
500000 861 772.818 -2716.844 3.912 2.9258 0.0 
501000 863 769.834 -2697.187 4.215 2.9171 0.0 
502000 865 761.829 -2689.326 4.236 2.8906 0.0 
503000 866 756.992 -2687.092 4.278 2.8666 0.0 
504000 867 761.853 -2687.216 4.138 2.876 0.0 
505000 868 763.735 -2687.499 4.162 2.8751 0.0 
506000 869 768.461 -2692.501 4.016 2.9104 0.0 
507000 870 773.092 -2686.459 3.819 2.9395 0.0 
508000 872 777.397 -2679.034 3.935 2.9401 0.0 
509000 873 781.849 -2680.766 3.821 2.935 0.0 
510000 874 786.212 -2687.091 3.638 2.9798 0.0 
511000 875 790.488 -2692.051 3.432 2.982 0.0 
512000 876 794.678 -2682.444 3.483 2.9961 0.0 
513000 877 798.785 -2676.069 3.634 3.0151 0.0 
514000 878 793.949 -2664.199 3.739 2.9884 0.0 
515000 879 798.07 -2673.814 3.572 3.0024 0.0 
516000 880 802.109 -2681.84 3.347 3.0195 0.0 
517000 881 806.066 -2686.057 3.104 3.0413 0.0 
518000 882 809.945 -2687.622 2.962 3.0539 0.0 
519000 883 813.746 -2679.956 3.044 3.077 0.0 
520000 884 808.931 -2669.262 3.189 3.0574 0.0 
521000 885 812.753 -2671.651 3.298 3.1003 0.0 
522000 886 816.498 -2667.735 3.135 3.1034 0.0 
523000 888 815.464 -2651.9 3.28 3.0956 0.0 
524000 889 819.155 -2652.441 3.156 3.1126 0.0 
525000 890 822.772 -2647.688 3.262 3.1637 0.0 
526000 891 826.316 -2652.066 3.107 3.1753 0.0 
527000 892 829.79 -2644.099 3.202 3.1809 0.0 
528000 893 833.194 -2643.801 3.113 3.1929 0.0 
529000 894 836.53 -2639.453 3.092 3.1931 0.0 
530000 895 839.8 -2634.957 3.206 3.2346 0.0 
531000 896 843.004 -2637.79 3.106 3.2449 0.0 
532000 897 838.744 -2635.234 3.158 3.2271 0.0 
533000 898 841.969 -2643.556 3.01 3.2603 0.0 
534000 899 845.129 -2644.082 2.881 3.2739 0.0 
535000 900 847.907 -2637.525 2.845 3.295 0.0 
536000 901 849.269 -2634.985 2.981 3.2985 0.0 
537000 903 850.718 -2631.454 2.931 3.2947 0.0 
538000 904 853.703 -2629.408 2.845 3.297 0.0 
539000 905 851.249 -2622.996 2.876 3.2902 0.0 
540000 906 854.224 -2625.922 2.73 3.2834 0.0 
541000 907 857.14 -2631.194 2.584 3.2992 0.0 
542000 908 859.477 -2632.664 2.499 3.3233 0.0 
543000 909 862.287 -2638.39 2.344 3.3212 0.0 
544000 910 857.402 -2637.072 2.404 3.2945 0.0 
545000 911 860.254 -2634.265 2.391 3.3116 0.0 
546000 912 863.049 -2630.745 2.29 3.3418 0.0 
547000 913 865.788 -2629.394 2.412 3.3355 0.0 
548000 915 860.182 -2608.592 2.55 3.3093 0.0 
549000 916 852.119 -2592.388 2.788 3.2723 0.0 
550000 917 855.076 -2590.659 2.991 3.2716 0.0 
551000 919 853.595 -2571.274 3.051 3.2712 0.0 
552000 921 838.751 -2541.555 3.569 3.2044 0.0 
553000 922 838.296 -2531.8 3.581 3.2051 0.0 
554000 923 830.79 -2532.355 3.843 3.1687 0.0 
555000 925 835.03 -2519.019 3.836 3.2088 0.0 
556000 926 838.33 -2518.479 3.752 3.2449 0.0 
557000 928 822.216 -2484.031 4.163 3.1708 0.0 
558000 929 825.771 -2487.091 4.009 3.1783 0.0 
559000 930 829.256 -2491.879 3.84 3.2202 0.0 
560000 932 809.028 -2456.812 4.357 3.1244 0.0 
561000 934 807.495 -2442.929 4.683 3.0963 0.0 
562000 935 811.345 -2445.418 4.599 3.1242 0.0 
563000 936 815.118 -2446.005 4.46 3.1412 0.0 
564000 938 801.674 -2419.617 4.693 3.0857 0.0 
565000 939 797.56 -2400.844 4.938 3.0571 0.0 
566000 940 801.609 -2400.068 4.809 3.0744 0.0 
567000 941 795.177 -2393.295 4.938 3.0444 0.0 
568000 943 798.008 -2375.94 4.991 3.0503 0.0 
569000 944 802.048 -2364.759 5.075 3.0586 0.0 
570000 946 786.567 -2337.602 5.446 2.9899 0.0 
571000 949 766.619 -2303.383 5.866 2.8988 0.0 
572000 950 764.287 -2286.48 6.031 2.8916 0.0 
573000 952 759.641 -2276.861 5.987 2.8455 0.0 
574000 954 752.004 -2266.015 6.131 2.7973 0.0 
575000 955 744.904 -2244.373 6.246 2.7649 0.0 
576000 957 741.906 -2218.026 6.578 2.7481 0.0 
577000 958 747.068 -2209.993 6.577 2.7713 0.0 
578000 959 750.306 -2212.149 6.426 2.8034 0.0 
579000 960 750.68 -2209.547 6.44 2.8119 0.0 
580000 961 755.667 -2204.339 6.257 2.8342 0.0 
581000 963 752.922 -2181.471 6.551 2.8216 0.0 
582000 965 744.713 -2171.683 6.532 2.774 0.0 
583000 968 717.152 -2124.422 6.945 2.6539 0.0 
584000 970 699.782 -2106.693 7.257 2.5811 0.0 
585000 972 699.27 -2093.856 7.068 2.5707 0.0 
586000 975 680.823 -2054.056 7.324 2.4784 0.0 
587000 977 662.019 -2032.68 7.443 2.4024 0.0 
588000 978 668.779 -2030.608 7.569 2.4257 0.0 
589000 980 667.815 -2005.879 7.661 2.4357 0.0 
590000 983 655.335 -1967.979 7.968 2.3788 0.0 
591000 985 645.393 -1944.624 8.069 2.3319 0.0 
592000 986 644.845 -1942.984 8.055 2.3164 0.0 
593000 987 647.888 -1940.76 7.984 2.3379 0.0 
594000 989 648.672 -1922.622 7.966 2.349 0.0 
595000 991 648.547 -1896.596 8.055 2.3277 0.0 
596000 994 628.783 -1852.833 8.516 2.2475 0.0 
597000 995 628.687 -1843.345 8.596 2.241 0.0 
598000 997 629.791 -1827.669 8.467 2.2348 0.0 
599000 999 629.851 -1808.139 8.559 2.24 0.0 
600000 1002 613.217 -1763.507 8.975 2.1607 0.0 
601000 1005 596.84 -1718.888 9.382 2.0876 0.0 
602000 1007 587.851 -1694.074 9.397 2.0497 0.0 
603000 1008 595.534 -1696.673 9.093 2.0825 0.0 
604000 1010 597.411 -1675.959 9.244 2.0974 0.0 
605000 1012 584.972 -1649.878 9.371 2.0421 0.0 
606000 1014 587.588 -1629.564 9.311 2.0425 0.0 
607000 1015 590.756 -1623.361 9.321 2.0579 0.0 
608000 1016 598.941 -1620.805 9.159 2.1005 0.0 
609000 1017 606.962 -1621.6 8.985 2.1401 0.0 
610000 1018 614.823 -1625.711 8.698 2.1868 0.0 
611000 1020 613.496 -1607.454 8.671 2.176 0.0 
612000 1021 621.227 -1592.423 8.763 2.2192 0.0 
613000 1023 615.263 -1567.225 8.972 2.1925 0.0 
614000 1024 622.958 -1569.312 8.756 2.2419 0.0 
615000 1025 630.498 -1565.852 8.483 2.2868 0.0 
616000 1027 630.153 -1558.583 8.568 2.2692 0.0 
617000 1028 637.55 -1561.037 8.32 2.2818 0.0 
618000 1029 644.799 -1553.263 8.366 2.3173 0.0 
619000 1030 651.903 -1557.524 8.095 2.362 0.0 
620000 1031 649.805 -1550.685 8.08 2.3547 0.0 
621000 1032 654.029 -1552.222 7.881 2.3661 0.0 
622000 1033 657.288 -1553.153 7.826 2.3779 0.0 
623000 1035 664.4 -1545.948 7.515 2.3976 0.0 
624000 1038 643.065 -1505.042 7.817 2.3075 0.0 
625000 1040 641.42 -1508.993 7.528 2.2986 0.0 
626000 1042 636.655 -1499.644 7.426 2.277 0.0 
627000 1044 623.016 -1468.818 7.663 2.2201 0.0 
628000 1045 625.476 -1461.198 7.551 2.2316 0.0 
629000 1046 628.186 -1451.704 7.643 2.2358 0.0 
630000 1047 634.662 -1451.531 7.683 2.2554 0.0 
631000 1052 610.185 -1398.908 7.921 2.1548 0.0 
632000 1053 615.981 -1377.751 7.993 2.1737 0.0 
633000 1055 613.889 -1369.906 8.037 2.1764 0.0 
634000 1056 621.611 -1371.739 7.86 2.1856 0.0 
635000 1057 625.919 -1359.654 7.719 2.2065 0.0 
636000 1059 622.035 -1350.554 7.641 2.1804 0.0 
637000 1060 622.974 -1334.286 7.66 2.178 0.0 
638000 1062 620.889 -1302.041 8.074 2.1606 0.0 
639000 1064 617.285 -1280.64 8.18 2.1507 0.0 
640000 1065 624.94 -1282.595 7.995 2.2061 0.0 
641000 1067 612.377 -1260.663 8.176 2.1519 0.0 
642000 1068 620.13 -1258.418 8.043 2.1869 0.0 
643000 1069 627.727 -1250.875 7.958 2.2321 0.0 
644000 1071 629.469 -1253.192 7.594 2.2507 0.0 
645000 1072 636.88 -1250.251 7.444 2.283 0.0 
646000 1073 644.142 -1259.506 7.237 2.3161 0.0 
647000 1075 641.954 -1253.067 7.165 2.3162 0.0 
648000 1076 649.115 -1243.58 7.131 2.3545 0.0 
649000 1077 656.133 -1250.802 6.952 2.3934 0.0 
650000 1078 663.01 -1255.367 6.711 2.4133 0.0 
651000 1079 669.75 -1255.402 6.607 2.4328 0.0 
652000 1081 663.199 -1230.707 6.781 2.4028 0.0 
653000 1082 669.935 -1230.521 6.719 2.4315 0.0 
654000 1083 666.617 -1222.492 6.671 2.4112 0.0 
655000 1084 664.824 -1216.473 6.659 2.4005 0.0 
656000 1085 671.528 -1208.655 6.626 2.4462 0.0 
657000 1086 678.097 -1201.89 6.65 2.4926 0.0 
658000 1088 685.325 -1186.525 6.595 2.5365 0.0 
659000 1089 691.618 -1184.004 6.568 2.6164 0.0 
660000 1090 697.446 -1183.439 6.38 2.6418 0.0 
661000 1092 687.394 -1149.152 6.759 2.5903 0.0 
662000 1093 693.646 -1131.366 6.93 2.6138 0.0 
663000 1095 681.634 -1108.772 7.313 2.5477 0.0 
664000 1096 688.001 -1105.2 7.151 2.5822 0.0 
665000 1098 689.336 -1082.451 7.352 2.5732 0.0 
666000 1099 681.809 -1062.872 7.561 2.5376 0.0 
667000 1100 688.173 -1054.041 7.617 2.5608 0.0 
668000 1102 693.381 -1039.623 7.717 2.5763 0.0 
669000 1104 688.504 -1026.647 7.666 2.5484 0.0 
670000 1106 675.366 -997.781 8.004 2.4891 0.0 
671000 1108 666.539 -970.446 8.102 2.4479 0.0 
672000 1110 667.904 -954.208 8.226 2.4458 0.0 
673000 1111 659.246 -936.217 8.237 2.4076 0.0 
674000 1112 663.061 -930.162 8.282 2.4115 0.0 
675000 1113 669.8 -923.575 8.219 2.4423 0.0 
676000 1116 666.395 -906.342 8.156 2.3978 0.0 
677000 1117 660.187 -891.094 8.267 2.3706 0.0 
678000 1118 662.703 -891.811 8.198 2.3883 0.0 
679000 1119 669.449 -894.023 7.97 2.4135 0.0 
680000 1120 676.06 -897.027 7.787 2.4197 0.0 
681000 1122 688.008 -886.68 7.662 2.4782 0.0 
682000 1123 694.248 -891.869 7.374 2.5112 0.0 
683000 1126 672.018 -848.714 7.693 2.4196 0.0 
684000 1128 659.043 -823.138 7.805 2.3586 0.0 
685000 1130 656.362 -807.229 7.869 2.3338 0.0 
686000 1133 640.909 -764.486 8.309 2.2559 0.0 
687000 1134 648.091 -765.804 8.19 2.312 0.0 
688000 1137 627.444 -713.238 8.585 2.2236 0.0 
689000 1138 621.695 -698.842 8.755 2.1984 0.0 
690000 1139 629.262 -691.519 8.664 2.2215 0.0 
691000 1140 636.676 -696.103 8.612 2.263 0.0 
692000 1142 646.224 -704.215 8.078 2.2973 0.0 
693000 1143 653.299 -710.84 7.715 2.3409 0.0 
694000 1145 641.108 -676.625 8.074 2.2892 0.0 
695000 1147 641.98 -674.906 7.851 2.2898 0.0 
696000 1148 649.14 -670.231 7.77 2.3565 0.0 
697000 1152 618.034 -622.535 8.142 2.2266 0.0 
698000 1154 613.586 -602.077 8.176 2.21 0.0 
699000 1157 593.144 -559.309 8.459 2.1228 0.0 
700000 1159 590.263 -524.495 8.678 2.1009 0.0 
701000 1160 598.458 -520.468 8.739 2.1337 0.0 
702000 1163 584.921 -491.844 8.85 2.0791 0.0 
703000 1166 564.519 -435.261 9.174 1.99 0.0 
704000 1169 551.177 -398.907 9.4 1.9199 0.0 
705000 1170 560.154 -394.202 9.387 1.9602 0.0 
706000 1171 568.951 -383.175 9.331 1.9939 0.0 
707000 1173 562.453 -362.744 9.431 1.9582 0.0 
708000 1175 567.24 -350.168 9.425 1.9733 0.0 
709000 1178 555.669 -321.773 9.463 1.9271 0.0 
710000 1181 540.659 -281.789 9.641 1.8556 0.0 
711000 1182 549.846 -269.507 9.657 1.8884 0.0 
712000 1185 537.236 -235.224 9.778 1.8256 0.0 
713000 1188 523.797 -200.152 9.796 1.7659 0.0 
714000 1191 507.061 -171.332 9.787 1.6994 0.0 
715000 1193 514.442 -153.378 9.853 1.7238 0.0 
716000 1195 512.161 -123.149 10.04 1.702 0.0 
717000 1196 513.918 -114.926 9.892 1.7095 0.0 
718000 1197 523.639 -105.008 9.907 1.7431 0.0 
719000 1202 501.305 -59.879 9.983 1.6599 0.0 
720000 1205 493.082 -26.961 10.064 1.6242 0.0 
721000 1206 503.221 -13.548 10.096 1.6486 0.0 
722000 1209 488.69 22.556 10.098 1.5938 0.0 
723000 1212 477.614 46.043 9.808 1.5507 0.0 
724000 1215 469.148 82.997 10.064 1.5154 0.0 
725000 1216 467.425 96.393 10.1 1.5038 0.0 
726000 1217 478.077 102.8 10.146 1.5613 0.0 
727000 1218 488.515 114.801 10.067 1.6116 0.0 
728000 1221 493.074 153.666 10.249 1.6201 0.0 
729000 1222 503.212 168.318 10.335 1.6653 0.0 
730000 1224 504.454 187.235 10.369 1.6645 0.0 
731000 1225 500.145 202.131 10.394 1.6461 0.0 
732000 1227 506.039 235.96 10.552 1.6745 0.0 
733000 1228 514.598 252.963 10.684 1.7106 0.0 
734000 1229 524.306 268.692 10.793 1.7449 0.0 
735000 1230 527.68 284.314 10.922 1.7513 0.0 
736000 1232 541.364 309.77 11.109 1.798 0.0 
737000 1233 543.857 330.33 11.191 1.8103 0.0 
738000 1235 549.96 352.923 11.331 1.8379 0.0 
739000 1236 547.221 364.534 11.262 1.8305 0.0 
740000 1239 547.486 402.386 11.513 1.8061 0.0 
741000 1241 537.624 445.634 11.712 1.7658 0.0 
742000 1243 541.874 466.77 11.812 1.7687 0.0 
743000 1246 529.306 522.274 12.152 1.7143 0.0 
744000 1248 524.056 552.021 12.198 1.6868 0.0 
745000 1249 533.575 565.106 12.161 1.715 0.0 
746000 1251 536.664 590.153 12.251 1.7284 0.0 
747000 1253 534.724 618.928 12.369 1.7188 0.0 
748000 1255 534.345 650.567 12.522 1.7272 0.0 
749000 1258 521.364 702.693 12.773 1.6716 0.0 
750000 1260 516.144 728.608 12.732 1.6534 0.0 
751000 1261 525.821 740.056 12.701 1.6895 0.0 
752000 1262 535.304 752.835 12.674 1.7252 0.0 
753000 1263 544.598 767.732 12.667 1.7633 0.0 
754000 1265 547.253 791.171 12.753 1.777 0.0 
755000 1266 542.388 810.116 12.844 1.755 0.0 
756000 1269 545.644 843.16 12.935 1.7589 0.0 
757000 1271 542.142 881.252 13.06 1.7451 0.0 
758000 1273 541.727 909.542 13.149 1.7435 0.0 
759000 1274 541.913 928.641 13.153 1.749 0.0 
760000 1275 551.074 933.755 13.086 1.7877 0.0 
761000 1277 553.857 964.467 13.003 1.8062 0.0 
762000 1281 535.482 1018.023 13.314 1.7285 0.0 
763000 1283 531.206 1050.221 13.253 1.7038 0.0 
764000 1284 539.682 1072.855 13.353 1.7185 0.0 
765000 1285 548.888 1077.51 13.248 1.7915 0.0 
766000 1287 543.276 1106.128 13.267 1.7727 0.0 
767000 1289 547.578 1114.111 13.112 1.7929 0.0 
768000 1291 544.696 1144.047 13.023 1.7818 0.0 
769000 1293 543.431 1157.905 12.879 1.7826 0.0 
770000 1294 552.562 1161.962 12.673 1.8217 0.0 
771000 1297 541.273 1182.778 12.398 1.772 0.0 
772000 1298 550.447 1190.101 12.324 1.8118 0.0 
773000 1301 537.711 1232.251 12.395 1.7568 0.0 
774000 1303 530.183 1263.105 12.353 1.7311 0.0 
775000 1304 528.379 1272.127 12.333 1.7236 0.0 
776000 1306 531.997 1298.305 12.285 1.7358 0.0 
777000 1309 531.334 1336.964 12.461 1.7365 0.0 
778000 1310 529.147 1351.614 12.412 1.7257 0.0 
779000 1311 538.564 1368.395 12.341 1.765 0.0 
780000 1313 545.817 1396.449 12.517 1.7956 0.0 
781000 1315 537.334 1417.1 12.383 1.7605 0.0 
782000 1318 533.578 1461.312 12.598 1.7397 0.0 
783000 1319 542.906 1465.659 12.524 1.7681 0.0 
784000 1324 511.131 1522.247 12.488 1.65 0.0 
785000 1326 507.099 1562.317 12.615 1.6387 0.0 
786000 1327 512.857 1559.369 12.417 1.6492 0.0 
787000 1328 515.16 1559.887 12.259 1.6532 0.0 
788000 1329 523.577 1560.172 12.032 1.6864 0.0 
789000 1331 525.663 1576.988 11.756 1.6904 0.0 
790000 1336 507.87 1631.562 11.797 1.6194 0.0 
791000 1337 503.833 1649.686 11.84 1.6044 0.0 
792000 1338 513.756 1650.223 11.654 1.6549 0.0 
793000 1340 517.211 1661.503 11.343 1.6674 0.0 
794000 1341 526.487 1670.138 11.232 1.7176 0.0 
795000 1343 520.192 1694.268 11.204 1.6978 0.0 
796000 1345 522.101 1714.907 11.243 1.6947 0.0 
797000 1348 517.331 1752.279 11.211 1.6678 0.0 
798000 1349 526.124 1759.292 11.277 1.6937 0.0 
799000 1352 519.059 1785.475 11.085 1.6633 0.0 
800000 1355 508.172 1832.503 11.324 1.6162 0.0 
801000 1356 509.349 1837.472 11.249 1.6109 0.0 
802000 1358 514.559 1843.201 10.9 1.6284 0.0 
803000 1359 511.467 1837.026 10.8 1.6155 0.0 
804000 1362 512.199 1879.974 10.679 1.6286 0.0 
805000 1364 516.516 1894.944 10.787 1.6558 0.0 
806000 1365 520.066 1922.537 10.865 1.6688 0.0 
807000 1368 515.162 1948.866 11.019 1.6447 0.0 
808000 1370 508.451 1988.807 11.173 1.621 0.0 
809000 1373 503.137 2035.615 11.414 1.6001 0.0 
810000 1374 513.074 2038.907 11.401 1.6244 0.0 
811000 1375 522.813 2048.305 11.399 1.6507 0.0 
812000 1376 532.356 2059.998 11.445 1.6833 0.0 
813000 1379 517.657 2102.442 11.429 1.6227 0.0 
814000 1382 508.538 2141.808 11.517 1.5857 0.0 
815000 1385 498.434 2179.478 11.606 1.5496 0.0 
816000 1387 497.35 2191.791 11.365 1.5491 0.0 
817000 1390 488.291 2231.153 11.399 1.5103 0.0 
818000 1393 480.379 2272.22 11.666 1.4791 0.0 
819000 1394 478.151 2280.474 11.695 1.4713 0.0 
820000 1398 470.009 2334.015 11.698 1.4396 0.0 
821000 1399 478.109 2337.904 11.46 1.4634 0.0 
822000 1401 476.307 2359.168 11.611 1.4609 0.0 
823000 1402 486.781 2359.017 11.278 1.5059 0.0 
824000 1403 497.045 2365.6 11.213 1.5566 0.0 
825000 1404 507.104 2369.814 11.064 1.6323 0.0 
826000 1405 516.962 2377.958 10.87 1.6786 0.0 
827000 1407 521.31 2398.993 10.943 1.7105 0.0 
828000 1408 516.824 2395.426 10.925 1.692 0.0 
829000 1410 523.018 2423.057 10.763 1.7219 0.0 
830000 1412 525.597 2457.94 10.857 1.7234 0.0 
831000 1413 535.085 2469.064 10.981 1.7585 0.0 
832000 1414 544.384 2485.39 11.057 1.8039 0.0 
833000 1415 553.496 2489.699 11.13 1.8536 0.0 
834000 1416 562.426 2489.207 10.76 1.8769 0.0 
835000 1417 571.178 2496.651 10.762 1.9029 0.0 
836000 1418 568.734 2500.489 10.777 1.8916 0.0 
837000 1421 570.798 2536.87 10.705 1.8975 0.0 
838000 1423 556.267 2565.742 10.707 1.8403 0.0 
839000 1425 565.199 2575.303 10.675 1.8619 0.0 
840000 1426 559.895 2586.035 10.727 1.8415 0.0 
841000 1428 567.623 2609.709 10.505 1.8952 0.0 
842000 1429 576.271 2612.829 10.567 1.9278 0.0 
843000 1430 584.746 2614.482 10.25 1.957 0.0 
844000 1431 593.051 2607.166 9.926 2.0121 0.0 
845000 1433 594.255 2616.141 9.859 2.028 0.0 
846000 1434 602.37 2614.42 9.567 2.054 0.0 
847000 1435 610.322 2620.334 9.557 2.1058 0.0 
848000 1436 618.116 2621.627 9.429 2.1462 0.0 
849000 1437 616.374 2642.552 9.527 2.1423 0.0 
850000 1439 620.085 2666.024 9.671 2.145 0.0 
851000 1440 627.684 2670.499 9.528 2.1842 0.0 
852000 1441 618.83 2673.112 9.608 2.1485 0.0 
853000 1445 602.8 2725.692 9.681 2.0744 0.0 
854000 1448 590.074 2754.775 9.669 2.0204 0.0 
855000 1451 569.914 2797.773 9.797 1.9338 0.0 
856000 1454 557.634 2825.981 9.934 1.8766 0.0 
857000 1455 566.481 2826.68 9.712 1.9213 0.0 
858000 1457 555.703 2850.823 9.942 1.8759 0.0 
859000 1459 562.717 2868.368 9.766 1.9045 0.0 
860000 1460 571.463 2874.911 9.5 1.9464 0.0 
861000 1462 570.799 2897.835 9.761 1.9468 0.0 
862000 1463 579.383 2914.19 9.858 2.0511 0.0 
863000 1464 587.796 2904.448 9.591 2.0773 0.0 
864000 1465 594.72 2917.863 9.654 2.1024 0.0 
865000 1466 602.825 2930.753 9.62 2.1326 0.0 
866000 1467 610.769 2937.263 9.626 2.1612 0.0 
867000 1468 618.554 2939.722 9.399 2.1914 0.0 
868000 1470 603.051 2971.649 9.586 2.1258 0.0 
869000 1473 598.061 3005.959 9.811 2.0894 0.0 
870000 1474 596.059 3018.365 9.814 2.0768 0.0 
871000 1476 594.575 3041.746 9.793 2.0702 0.0 
872000 1478 601.27 3053.112 9.976 2.0909 0.0 
873000 1480 592.414 3084.923 9.964 2.0542 0.0 
874000 1482 592.556 3102.479 10.031 2.0499 0.0 
875000 1483 600.704 3115.938 10.169 2.0805 0.0 
876000 1485 589.976 3150.609 10.343 2.0319 0.0 
877000 1486 598.177 3154.378 10.087 2.0487 0.0 
878000 1488 600.143 3170.194 10.214 2.047 0.0 
879000 1489 608.14 3189.204 10.267 2.0811 0.0 
880000 1490 615.977 3180.861 10.034 2.105 0.0 
881000 1492 611.714 3214.957 10.262 2.0818 0.0 
882000 1495 596.489 3257.711 10.58 2.0148 0.0 
883000 1497 589.213 3289.843 10.643 1.9886 0.0 
884000 1498 597.429 3304.337 10.716 2.017 0.0 
885000 1499 605.48 3317.737 10.724 2.0442 0.0 
886000 1502 588.02 3357.402 10.941 1.9732 0.0 
887000 1503 588.26 3364.318 10.818 1.9775 0.0 
888000 1505 593.643 3385.901 10.765 2.0032 0.0 
889000 1506 601.77 3391.407 10.749 2.047 0.0 
890000 1507 609.734 3400.698 10.698 2.0874 0.0 
891000 1509 608.922 3414.38 10.727 2.0978 0.0 
892000 1510 612.424 3433.775 10.747 2.1327 0.0 
893000 1511 620.175 3436.471 10.48 2.1823 0.0 
894000 1512 621.012 3439.528 10.507 2.1861 0.0 
895000 1513 628.592 3443.577 10.351 2.23 0.0 
896000 1514 636.02 3447.067 10.187 2.2917 0.0 
897000 1515 643.299 3450.485 10.06 2.3528 0.0 
898000 1517 645.136 3473.427 10.032 2.3685 0.0 
899000 1518 641.033 3476.974 10.074 2.3452 0.0 
900000 1520 645.582 3501.541 9.976 2.3718 0.0 
901000 1521 652.671 3497.651 9.77 2.4163 0.0 
902000 1523 649.952 3521.723 9.89 2.4019 0.0 
903000 1524 656.953 3518.497 9.625 2.4243 0.0 
904000 1525 657.534 3538.974 9.719 2.4293 0.0 
905000 1526 657.623 3544.719 9.802 2.4219 0.0 
906000 1528 663.942 3558.114 9.628 2.4519 0.0 
907000 1530 655.803 3586.881 9.722 2.4181 0.0 
908000 1531 660.367 3597.308 9.813 2.435 0.0 
909000 1532 667.16 3594.264 9.522 2.4705 0.0 
910000 1535 651.432 3631.47 9.73 2.4066 0.0 
911000 1536 647.123 3645.785 9.882 2.3863 0.0 
912000 1538 648.717 3668.345 9.83 2.4153 0.0 
913000 1539 655.742 3679.218 9.856 2.4425 0.0 
914000 1540 652.228 3684.224 9.889 2.4259 0.0 
915000 1542 650.776 3706.672 9.893 2.4185 0.0 
916000 1544 653.382 3723.895 9.815 2.4128 0.0 
917000 1545 656.734 3738.155 9.736 2.4273 0.0 
918000 1546 661.36 3751.81 9.881 2.432 0.0 
919000 1548 660.351 3770.395 9.889 2.4123 0.0 
920000 1549 659.704 3779.023 9.976 2.402 0.0 
921000 1551 660.242 3810.733 10.08 2.4008 0.0 
922000 1552 651.157 3809.531 10.148 2.3631 0.0 
923000 1556 634.58 3866.34 10.245 2.298 0.0 
924000 1559 618.139 3904.607 10.468 2.2235 0.0 
925000 1560 625.776 3922.164 10.468 2.2523 0.0 
926000 1562 618.858 3948.744 10.544 2.2204 0.0 
927000 1564 617.252 3963.392 10.668 2.1996 0.0 
928000 1567 599.67 4026.512 11.138 2.1232 0.0 
929000 1568 607.676 4038.393 11.162 2.1441 0.0 
930000 1572 579.396 4098.312 11.438 2.026 0.0 
931000 1573 587.808 4111.309 11.433 2.0572 0.0 
932000 1574 596.052 4121.683 11.465 2.0931 0.0 
933000 1575 589.811 4138.186 11.459 2.0646 0.0 
934000 1576 598.014 4153.356 11.512 2.0851 0.0 
935000 1579 592.303 4194.426 11.761 2.0428 0.0 
936000 1582 578.767 4240.113 11.916 1.9855 0.0 
937000 1584 579.848 4252.021 11.929 2.0047 0.0 
938000 1587 562.694 4302.031 11.952 1.9314 0.0 
939000 1588 571.44 4314.386 11.952 1.958 0.0 
940000 1591 552.043 4347.693 11.961 1.876 0.0 
941000 1594 545.068 4370.664 11.697 1.8464 0.0 
942000 1596 544.803 4362.393 11.262 1.868 0.0 
943000 1599 525.474 4389.602 11.028 1.7937 0.0 
944000 1601 532.145 4395.993 10.822 1.8205 0.0 
945000 1604 518.184 4439.59 10.86 1.7675 0.0 
946000 1605 527.82 4433.342 10.564 1.7908 0.0 
947000 1608 516.556 4456.961 10.46 1.7394 0.0 
948000 1610 515.971 4481.746 10.446 1.7314 0.0 
949000 1611 522.372 4488.226 10.302 1.7862 0.0 
950000 1612 528.024 4500.207 10.348 1.803 0.0 
951000 1614 525.386 4517.015 10.457 1.7828 0.0 
952000 1618 512.453 4558.727 10.483 1.7313 0.0 
953000 1619 520.564 4588.089 10.639 1.7486 0.0 
954000 1622 513.031 4622.273 10.881 1.7078 0.0 
955000 1625 498.83 4667.908 10.895 1.645 0.0 
956000 1630 468.971 4721.429 10.837 1.5294 0.0 
957000 1633 463.61 4727.091 10.533 1.5056 0.0 
958000 1636 453.282 4749.434 10.141 1.4739 0.0 
959000 1638 456.652 4757.933 10.078 1.4696 0.0 
960000 1642 442.466 4809.592 10.444 1.4169 0.0 
961000 1648 410.622 4852.559 10.018 1.2995 0.0 
962000 1651 395.696 4879.133 9.73 1.2431 0.0 
963000 1652 401.362 4882.322 9.794 1.2555 0.0 
964000 1655 403.882 4900.187 9.52 1.2636 0.0 
965000 1656 412.385 4906.508 9.459 1.3043 0.0 
966000 1659 413.525 4928.894 9.239 1.3181 0.0 
967000 1661 417.948 4957.231 9.349 1.3282 0.0 
968000 1663 422.137 4968.69 9.202 1.3427 0.0 
969000 1664 433.694 4974.771 9.235 1.3901 0.0 
970000 1665 445.02 4979.168 9.084 1.434 0.0 
971000 1668 441.571 4972.316 8.65 1.4441 0.0 
972000 1669 452.74 4981.25 8.469 1.4984 0.0 
973000 1670 463.685 4977.858 8.276 1.5329 0.0 
974000 1671 473.591 4984.562 8.161 1.5782 0.0 
975000 1674 463.224 5010.008 8.236 1.5315 0.0 
976000 1677 455.798 5016.141 7.761 1.5265 0.0 
977000 1680 450.951 5019.428 7.507 1.5021 0.0 
978000 1683 441.43 5037.819 7.316 1.4672 0.0 
979000 1686 436.477 5060.342 7.354 1.4393 0.0 
980000 1687 447.748 5070.553 7.467 1.4804 0.0 
981000 1689 451.037 5076.846 7.326 1.4953 0.0 
982000 1690 459.336 5086.878 7.305 1.5219 0.0 
983000 1691 464.849 5097.643 7.346 1.5357 0.0 
984000 1693 464.271 5118.904 7.548 1.5315 0.0 
985000 1694 472.025 5131.627 7.592 1.5697 0.0 
986000 1695 478.105 5141.719 7.671 1.5779 0.0 
987000 1698 484.147 5187.368 8.051 1.5943 0.0 
988000 1700 481.626 5212.762 8.325 1.5815 0.0 
989000 1703 477.577 5241.296 8.429 1.5583 0.0 
990000 1704 484.886 5259.626 8.42 1.6023 0.0 
991000 1705 488.428 5271.791 8.593 1.6128 0.0 
992000 1706 498.66 5278.234 8.647 1.6365 0.0 
993000 1707 508.686 5288.624 8.533 1.6743 0.0 
994000 1708 518.513 5303.236 8.643 1.6988 0.0 
995000 1710 521.055 5330.101 8.838 1.702 0.0 
996000 1712 521.625 5354.8 9.046 1.6917 0.0 
997000 1714 526.848 5370.168 9.144 1.7066 0.0 
998000 1716 519.568 5401.035 9.267 1.6834 0.0 
999000 1717 529.177 5412.257 9.261 1.7304 0.0 
1000000 1719 531.288 5439.187 9.38 1.7325 0.0 
