10000 575 17.204 5872.451 9.833 0.0204 0 0 0 
20000 1154 17.507 11785.299 10.25 0.0208 0 0 0 
30000 1616 21.96 16506.122 17.677 0.0756 0 0 0 
40000 2086 20.477 25225.547 17.464 0.0698 0 0 0 
50000 2581 20.072 33483.002 16.034 0.0701 0 0 0 
60000 3078 20.498 41309.917 16.61 0.0712 0 0 0 
70000 3510 26.524 49004.871 19.967 0.0934 0 0 0 
80000 3813 32.417 57498.49 29.538 0.1141 0 0 0 
90000 4145 32.981 67028.609 32.089 0.1161 0 0 0 
100000 4314 65.572 75781.549 58.158 0.2296 0 0 0 
110000 4412 103.168 83568.076 79.463 0.365 0 0 0 
120000 4498 100.839 90884.353 77.312 0.3519 0 0 0 
130000 4642 75.764 99985.348 67.803 0.2667 0 0 0 
140000 4808 59.923 110617.14 63.916 0.2118 0 0 0 
150000 4957 70.874 121175.013 74.012 0.2517 0 0 0 
160000 5068 93.954 131005.27 91.033 0.3324 0 0 0 
170000 5177 86.984 140740.336 87.15 0.3068 0 0 0 
180000 5290 88.4 150501.11 85.212 0.3118 0 0 0 
190000 5390 100.505 159869.867 94.144 0.3529 0 0 0 
200000 5483 99.136 168899.18 91.122 0.3478 0 0 0 
210000 5598 89.313 178079.68 81.55 0.3152 0 0 0 
220000 5696 95.958 187018.658 87.54 0.3407 0 0 0 
230000 5774 132.913 195311.228 107.696 0.4726 0 0 0 
240000 5820 189.47 202179.047 136.736 0.6731 0 0 0 
250000 5849 246.565 208237.508 162.372 0.8752 0 0 0 
260000 5917 161.59 214544.273 102.492 0.5708 0 0 0 
270000 5968 207.247 220520.703 127.024 0.7344 0 0 0 
280000 6012 206.561 226136.229 119.61 0.7311 0 0 0 
290000 6031 304.768 232376.275 183.663 1.0832 0 0 0 
300000 6048 381.156 239267.574 243.26 1.3522 0 0 0 
310000 6060 487.112 246080.561 319.411 1.7277 0 0 0 
320000 6070 574.587 252993.913 382.38 2.0362 0 0 0 
330000 6080 652.407 260204.643 445.024 2.2994 0 0 0 
340000 6091 704.702 267090.495 481.523 2.4862 0 0 0 
350000 6105 706.345 273690.372 478.81 2.4775 0 0 0 
360000 6116 736.395 280729.389 503.496 2.5917 0 0 0 
370000 6127 786.306 287243.42 532.265 2.7738 0 0 0 
380000 6141 756.456 293344.143 501.002 2.668 0 0 0 
390000 6152 794.711 300315.032 531.815 2.7995 0 0 0 
400000 6176 639.849 306582.836 421.653 2.2622 0 0 0 
410000 6191 639.475 312839.684 417.539 2.2668 0 0 0 
420000 6206 643.995 318770.309 408.214 2.285 0 0 0 
430000 6220 669.589 324856.305 419.681 2.3732 0 0 0 
440000 6231 719.721 331297.742 454.025 2.5533 0 0 0 
450000 6244 733.479 337862.188 467.934 2.6054 0 0 0 
460000 6256 755.0 344339.669 482.826 2.6804 0 0 0 
470000 6271 735.999 350933.117 474.254 2.6222 0 0 0 
480000 6307 484.633 357866.451 319.254 1.7289 0 0 0 
490000 6327 498.576 364209.747 323.931 1.7762 0 0 0 
500000 6342 537.775 370290.386 342.629 1.9148 0 0 0 
510000 6355 597.545 375827.587 365.239 2.1358 0 0 0 
520000 6368 626.726 381551.071 377.151 2.2431 0 0 0 
530000 6383 645.656 387800.42 392.782 2.313 0 0 0 
540000 6395 686.776 393971.731 418.452 2.4568 0 0 0 
550000 6406 727.293 400374.514 449.647 2.6055 0 0 0 
560000 6416 777.179 406900.78 485.001 2.7877 0 0 0 
570000 6431 764.11 413165.134 477.66 2.7305 0 0 0 
580000 6443 770.57 420128.167 492.914 2.7403 0 0 0 
590000 6458 746.791 427579.308 495.626 2.6622 0 0 0 
600000 6470 764.437 435488.973 530.891 2.7257 0 0 0 
610000 6486 725.312 442923.663 510.98 2.5873 0 0 0 
620000 6519 499.63 450214.183 354.219 1.7832 0 0 0 
630000 6532 564.962 457274.072 396.651 2.0153 0 0 0 
640000 6543 636.926 464050.867 446.268 2.2744 0 0 0 
650000 6556 666.591 471442.705 472.398 2.3767 0 0 0 
660000 6569 698.852 478049.033 488.219 2.4891 0 0 0 
670000 6582 710.689 485081.955 495.196 2.5392 0 0 0 
680000 6612 550.484 492005.033 381.694 1.9586 0 0 0 
690000 6622 632.713 498869.205 438.864 2.2542 0 0 0 
700000 6634 679.039 506076.076 475.515 2.4135 0 0 0 
710000 6645 720.651 513824.848 517.447 2.566 0 0 0 
720000 6679 507.966 522005.998 377.849 1.8089 0 0 0 
730000 6702 469.681 529150.32 345.274 1.6672 0 0 0 
740000 6720 488.946 536977.358 367.415 1.7333 0 0 0 
750000 6746 444.097 545561.725 352.075 1.5748 0 0 0 
760000 6794 302.096 553241.75 236.347 1.0752 0 0 0 
770000 6813 370.945 562492.836 316.399 1.3205 0 0 0 
780000 6831 438.677 570924.734 372.275 1.5627 0 0 0 
790000 6849 469.764 578879.336 391.218 1.6708 0 0 0 
800000 6863 523.385 585311.387 401.93 1.863 0 0 0 
810000 6886 496.068 594245.601 401.855 1.7606 0 0 0 
820000 6903 519.913 602439.722 429.244 1.8433 0 0 0 
830000 6916 588.372 611722.735 499.6 2.0766 0 0 0 
840000 6927 645.803 621657.138 573.336 2.2848 0 0 0 
850000 6938 700.186 630682.954 623.747 2.4799 0 0 0 
860000 6951 717.494 639809.711 643.127 2.5444 0 0 0 
870000 6961 766.007 649277.787 698.292 2.7217 0 0 0 
880000 6973 778.301 659120.527 719.359 2.7646 0 0 0 
890000 6987 760.429 669964.583 731.031 2.691 0 0 0 
900000 7006 679.826 679630.558 660.811 2.407 0 0 0 
910000 7022 677.766 687682.236 626.256 2.3951 0 0 0 
920000 7035 702.827 697265.62 655.766 2.4844 0 0 0 
930000 7046 733.804 705119.749 657.128 2.5959 0 0 0 
940000 7076 542.948 712774.649 469.612 1.9252 0 0 0 
950000 7093 561.779 719498.172 450.487 1.9945 0 0 0 
960000 7106 605.947 729193.854 514.618 2.1469 0 0 0 
970000 7134 506.542 736962.941 417.638 1.8001 0 0 0 
980000 7179 332.54 744495.429 266.977 1.1817 0 0 0 
990000 7221 280.285 751203.143 207.939 0.9973 0 0 0 
1000000 7253 307.722 758741.361 229.924 1.0904 0 0 0 
1010000 7281 324.461 764417.881 214.733 1.1538 0 0 0 
1020000 7321 277.88 770476.781 174.83 0.9897 0 0 0 
1030000 7342 345.963 776460.993 213.353 1.2196 0 0 0 
1040000 7353 458.275 782730.834 283.991 1.6136 0 0 0 
1050000 7372 484.941 789330.931 308.027 1.7083 0 0 0 
1060000 7384 551.627 796449.87 363.054 1.9476 0 0 0 
1070000 7396 615.131 803812.764 422.322 2.1822 0 0 0 
1080000 7408 663.086 812026.967 478.896 2.3545 0 0 0 
1090000 7431 576.195 820088.761 428.654 2.0407 0 0 0 
1100000 7443 620.223 829241.874 492.885 2.1995 0 0 0 
1110000 7455 675.819 837284.641 534.883 2.386 0 0 0 
1120000 7469 683.717 845961.34 556.642 2.4158 0 0 0 
1130000 7484 670.29 854768.276 552.184 2.365 0 0 0 
1140000 7502 637.613 864850.474 557.376 2.2506 0 0 0 
1150000 7516 666.918 875206.868 614.638 2.3578 0 0 0 
1160000 7527 711.092 885313.572 673.615 2.5215 0 0 0 
1170000 7540 724.917 897295.616 732.02 2.5734 0 0 0 
1180000 7551 762.989 907979.382 779.181 2.7041 0 0 0 
1190000 7562 789.627 918001.436 805.475 2.803 0 0 0 
1200000 7572 820.153 927948.223 830.64 2.9141 0 0 0 
1210000 7582 852.062 937563.708 854.765 3.0323 0 0 0 
1220000 7594 863.393 947007.47 853.342 3.0732 0 0 0 
1230000 7605 867.094 958417.901 885.422 3.0837 0 0 0 
1240000 7631 666.828 970694.675 709.241 2.375 0 0 0 
1250000 7644 684.254 981486.941 729.913 2.4415 0 0 0 
1260000 7656 719.778 991876.012 764.506 2.5562 0 0 0 
1270000 7666 763.013 1003373.663 822.626 2.7124 0 0 0 
1280000 7677 797.33 1014114.561 860.828 2.8359 0 0 0 
1290000 7687 824.608 1026775.65 922.035 2.9252 0 0 0 
1300000 7698 839.563 1039435.703 965.059 3.0477 0 0 0 
1310000 7708 868.911 1050276.397 986.331 3.1325 0 0 0 
1320000 7726 781.484 1059945.288 859.647 2.8134 0 0 0 
1330000 7741 736.143 1069567.63 797.02 2.645 0 0 0 
1340000 7756 735.039 1080303.924 785.369 2.6371 0 0 0 
1350000 7770 726.098 1088161.153 728.988 2.6033 0 0 0 
1360000 7784 712.736 1096872.801 685.789 2.5584 0 0 0 
1370000 7805 626.671 1105831.839 593.13 2.2448 0 0 0 
1380000 7822 623.477 1114491.326 576.702 2.2375 0 0 0 
1390000 7859 438.177 1122683.382 394.409 1.5702 0 0 0 
1400000 7875 487.832 1130334.236 415.014 1.7525 0 0 0 
1410000 7922 286.021 1138186.99 236.182 1.0237 0 0 0 
1420000 7955 302.799 1146830.673 258.418 1.0799 0 0 0 
1430000 7978 353.161 1152810.699 259.029 1.2635 0 0 0 
1440000 7991 449.239 1161516.736 351.388 1.61 0 0 0 
1450000 8003 529.501 1167657.053 381.81 1.9034 0 0 0 
1460000 8027 477.27 1174193.916 336.734 1.7112 0 0 0 
1470000 8057 424.116 1182184.483 315.654 1.5238 0 0 0 
1480000 8073 474.788 1188762.61 338.589 1.7102 0 0 0 
1490000 8086 532.284 1197544.82 402.312 1.9196 0 0 0 
1500000 8097 604.105 1206570.443 484.763 2.1756 0 0 0 
1510000 8108 668.358 1215870.54 568.023 2.3985 0 0 0 
1520000 8120 706.767 1227260.639 652.018 2.5285 0 0 0 
1530000 8135 701.817 1235832.31 633.804 2.5067 0 0 0 
1540000 8160 569.698 1245066.489 520.522 2.0349 0 0 0 
1550000 8177 576.8 1255864.835 550.221 2.059 0 0 0 
1560000 8189 637.652 1268324.963 664.93 2.2683 0 0 0 
1570000 8201 671.485 1277476.504 673.86 2.3848 0 0 0 
1580000 8212 730.295 1285506.84 701.797 2.5952 0 0 0 
1590000 8226 709.409 1293835.955 663.856 2.5202 0 0 0 
1600000 8241 696.412 1300831.08 611.79 2.4769 0 0 0 
1610000 8253 731.541 1309598.015 640.33 2.6016 0 0 0 
1620000 8263 780.65 1317890.429 675.699 2.7799 0 0 0 
1630000 8276 770.466 1327087.323 668.971 2.7316 0 0 0 
1640000 8288 787.61 1337822.423 726.725 2.7953 0 0 0 
1650000 8299 817.121 1347731.122 765.109 2.9003 0 0 0 
1660000 8309 836.6 1358512.14 806.572 2.9691 0 0 0 
1670000 8322 821.674 1369489.544 818.039 2.9169 0 0 0 
1680000 8335 810.412 1381343.747 836.613 2.8717 0 0 0 
1690000 8349 792.517 1394958.246 878.549 2.8113 0 0 0 
1700000 8379 580.789 1406512.835 651.862 2.0604 0 0 0 
1710000 8394 615.823 1416470.944 664.866 2.188 0 0 0 
1720000 8413 573.9 1424352.399 578.888 2.0418 0 0 0 
1730000 8428 607.517 1433173.663 587.135 2.1644 0 0 0 
1740000 8441 646.369 1443174.912 631.804 2.3059 0 0 0 
1750000 8451 706.331 1452897.17 682.089 2.5242 0 0 0 
1760000 8462 756.399 1462552.2 735.297 2.6998 0 0 0 
1770000 8473 787.328 1472228.254 762.848 2.7953 0 0 0 
1780000 8483 826.232 1484127.879 841.424 2.9368 0 0 0 
1790000 8493 851.399 1497196.75 917.886 3.021 0 0 0 
1800000 8503 878.582 1509751.792 982.714 3.1157 0 0 0 
1810000 8513 900.792 1521240.931 1008.63 3.1964 0 0 0 
1820000 8525 883.169 1532027.765 979.345 3.1251 0 0 0 
1830000 8542 782.519 1542132.839 861.537 2.7729 0 0 0 
1840000 8566 658.347 1549391.48 655.853 2.3377 0 0 0 
1850000 8588 584.478 1556456.021 533.826 2.0795 0 0 0 
1860000 8607 560.212 1561907.127 454.527 2.0005 0 0 0 
1870000 8625 552.347 1567647.496 409.905 1.9726 0 0 0 
1880000 8649 498.566 1575262.829 372.332 1.7831 0 0 0 
1890000 8669 507.026 1581234.899 349.927 1.8129 0 0 0 
1900000 8684 537.995 1586440.729 346.529 1.9307 0 0 0 
1910000 8701 549.515 1591337.715 327.797 1.9758 0 0 0 
1920000 8720 555.368 1596784.33 321.7 1.9955 0 0 0 
1930000 8732 620.244 1602001.063 348.341 2.2282 0 0 0 
1940000 8746 643.237 1607102.987 351.971 2.3057 0 0 0 
1950000 8758 682.39 1611805.446 359.207 2.441 0 0 0 
1960000 8772 679.613 1616934.244 356.133 2.4345 0 0 0 
1970000 8788 674.123 1622297.922 355.625 2.4192 0 0 0 
1980000 8808 613.158 1628447.552 338.436 2.1989 0 0 0 
1990000 8835 506.004 1635426.064 300.847 1.8074 0 0 0 
2000000 8871 373.535 1641153.799 220.001 1.3383 0 0 0 
2010000 8913 306.497 1649889.893 223.439 1.0968 0 0 0 
2020000 8932 369.819 1659082.801 297.183 1.325 0 0 0 
2030000 8945 457.207 1667697.553 375.724 1.6362 0 0 0 
2040000 8962 495.55 1677520.743 437.952 1.7742 0 0 0 
2050000 8975 568.685 1686092.923 496.138 2.0255 0 0 0 
2060000 8990 582.667 1693833.776 495.768 2.0778 0 0 0 
2070000 9009 560.639 1701219.154 458.197 1.9925 0 0 0 
2080000 9027 564.891 1708210.078 440.831 2.0013 0 0 0 
2090000 9046 543.383 1715775.002 418.426 1.9252 0 0 0 
2100000 9067 530.278 1723073.654 403.582 1.886 0 0 0 
2110000 9098 436.57 1729009.418 307.11 1.558 0 0 0 
2120000 9120 427.595 1737049.432 319.527 1.5197 0 0 0 
2130000 9155 367.564 1744071.518 264.025 1.3038 0 0 0 
2140000 9180 374.826 1751703.61 276.589 1.3281 0 0 0 
2150000 9226 295.09 1759030.089 215.033 1.0522 0 0 0 
2160000 9254 326.112 1765931.876 229.731 1.1625 0 0 0 
2170000 9272 386.332 1773717.565 285.803 1.3819 0 0 0 
2180000 9287 464.598 1781055.574 339.918 1.6573 0 0 0 
2190000 9304 511.249 1789086.279 388.286 1.8254 0 0 0 
2200000 9318 554.834 1797543.37 434.957 1.9799 0 0 0 
2210000 9335 565.882 1806744.448 467.21 2.012 0 0 0 
2220000 9355 531.159 1816479.549 459.548 1.8936 0 0 0 
2230000 9380 483.993 1826307.411 438.496 1.711 0 0 0 
2240000 9394 540.752 1833823.223 463.123 1.9063 0 0 0 
2250000 9410 559.945 1842974.685 488.019 1.9702 0 0 0 
2260000 9425 598.524 1850314.628 497.654 2.1094 0 0 0 
2270000 9439 624.151 1857359.22 498.286 2.2044 0 0 0 
2280000 9455 623.989 1865474.727 500.27 2.2026 0 0 0 
2290000 9473 593.228 1874195.165 488.06 2.0975 0 0 0 
2300000 9497 533.173 1882702.923 444.431 1.8875 0 0 0 
2310000 9523 469.066 1892599.774 415.008 1.6593 0 0 0 
2320000 9548 447.333 1900230.652 373.112 1.5869 0 0 0 
2330000 9561 515.707 1905721.789 380.665 1.8316 0 0 0 
2340000 9572 584.506 1910931.777 394.328 2.0833 0 0 0 
2350000 9588 612.224 1917077.518 400.726 2.1803 0 0 0 
2360000 9599 671.196 1923273.435 433.009 2.3957 0 0 0 
2370000 9613 676.403 1929505.933 432.528 2.413 0 0 0 
2380000 9627 692.972 1935762.234 439.623 2.4753 0 0 0 
2390000 9638 720.436 1941340.793 444.708 2.5759 0 0 0 
2400000 9655 695.624 1947461.45 428.03 2.4893 0 0 0 
2410000 9668 701.617 1953428.165 428.803 2.511 0 0 0 
2420000 9679 745.417 1959554.864 455.539 2.6716 0 0 0 
2430000 9693 741.637 1965882.982 456.853 2.6591 0 0 0 
2440000 9705 755.111 1973992.813 496.669 2.7018 0 0 0 
2450000 9718 766.82 1979856.373 494.076 2.7474 0 0 0 
2460000 9735 715.426 1987693.646 483.298 2.5604 0 0 0 
2470000 9750 692.18 1997256.877 513.382 2.4738 0 0 0 
2480000 9762 719.172 2005063.247 546.357 2.5668 0 0 0 
2490000 9779 694.582 2012652.995 526.54 2.4713 0 0 0 
2500000 9796 663.014 2021496.181 523.789 2.361 0 0 0 
2510000 9815 611.937 2028510.874 469.111 2.1845 0 0 0 
2520000 9849 458.083 2034461.316 324.991 1.6434 0 0 0 
2530000 9909 262.071 2039491.326 160.192 0.9398 0 0 0 
2540000 9924 368.3 2044907.297 212.766 1.3219 0 0 0 
2550000 9934 483.856 2051231.683 290.04 1.7356 0 0 0 
2560000 9947 536.106 2057711.642 328.892 1.92 0 0 0 
2570000 9959 605.802 2063818.147 371.508 2.174 0 0 0 
2580000 9971 644.239 2069897.873 396.505 2.3097 0 0 0 
2590000 9992 585.13 2077462.216 376.765 2.0984 0 0 0 
2600000 10004 643.855 2084169.291 426.403 2.3099 0 0 0 
2610000 10016 678.475 2091126.151 450.206 2.4243 0 0 0 
2620000 10030 688.795 2100682.446 509.018 2.4597 0 0 0 
2630000 10044 696.063 2110136.755 550.249 2.4893 0 0 0 
2640000 10059 692.551 2119847.861 579.984 2.4723 0 0 0 
2650000 10071 724.171 2131586.82 666.514 2.5851 0 0 0 
2660000 10090 655.118 2141883.407 620.602 2.3372 0 0 0 
2670000 10103 685.058 2152425.884 667.222 2.4398 0 0 0 
2680000 10117 691.837 2162453.064 681.732 2.4686 0 0 0 
2690000 10132 684.137 2172548.242 677.96 2.4393 0 0 0 
2700000 10146 692.98 2181953.854 675.414 2.4732 0 0 0 
2710000 10165 642.795 2191021.612 613.579 2.2981 0 0 0 
2720000 10181 636.274 2200422.502 606.886 2.2737 0 0 0 
2730000 10193 686.29 2208799.971 633.066 2.4439 0 0 0 
2740000 10204 729.067 2216087.331 638.351 2.6018 0 0 0 
2750000 10216 743.132 2222520.643 609.799 2.6598 0 0 0 
2760000 10227 789.612 2229037.484 615.649 2.8286 0 0 0 
2770000 10243 727.789 2236838.936 568.553 2.6075 0 0 0 
2780000 10264 655.13 2245344.876 521.853 2.3544 0 0 0 
2790000 10280 636.475 2253906.418 517.235 2.2878 0 0 0 
2800000 10295 648.998 2260887.808 509.041 2.3391 0 0 0 
2810000 10322 535.18 2270229.362 443.594 1.9284 0 0 0 
2820000 10344 506.808 2279925.275 443.148 1.8225 0 0 0 
2830000 10378 403.431 2288595.937 354.696 1.4584 0 0 0 
2840000 10390 489.107 2295999.43 406.198 1.7747 0 0 0 
2850000 10402 562.256 2302586.347 432.629 2.0388 0 0 0 
2860000 10417 586.393 2311338.636 471.599 2.1179 0 0 0 
2870000 10434 582.489 2320644.345 488.264 2.1019 0 0 0 
2880000 10451 589.502 2329310.155 500.176 2.1228 0 0 0 
2890000 10472 543.204 2338449.085 471.698 1.9541 0 0 0 
2900000 10485 599.563 2346307.148 506.81 2.1596 0 0 0 
2910000 10502 589.665 2355343.851 507.92 2.1259 0 0 0 
2920000 10520 588.954 2364124.312 513.79 2.111 0 0 0 
2930000 10534 621.872 2372942.71 543.408 2.236 0 0 0 
2940000 10548 639.635 2382213.726 571.484 2.3011 0 0 0 
2950000 10563 647.112 2390675.323 569.206 2.3305 0 0 0 
2960000 10576 685.49 2400965.557 630.549 2.4622 0 0 0 
2970000 10590 685.555 2410109.936 629.856 2.4586 0 0 0 
2980000 10604 689.74 2418369.604 616.048 2.4775 0 0 0 
2990000 10618 695.421 2428614.905 644.039 2.4932 0 0 0 
3000000 10638 623.629 2439418.872 601.754 2.2333 0 0 0 
3010000 10662 557.117 2450783.104 568.403 1.9924 0 0 0 
3020000 10695 438.418 2461583.343 454.913 1.5647 0 0 0 
3030000 10718 441.455 2472558.604 470.505 1.5796 0 0 0 
3040000 10733 490.463 2483320.847 522.293 1.7599 0 0 0 
3050000 10749 533.984 2494592.593 580.309 1.9094 0 0 0 
3060000 10764 566.281 2505546.524 617.296 2.0261 0 0 0 
3070000 10777 609.036 2516756.817 668.848 2.1806 0 0 0 
3080000 10793 615.051 2528165.272 683.229 2.1823 0 0 0 
3090000 10806 648.072 2539285.381 719.894 2.3043 0 0 0 
3100000 10822 644.992 2550880.628 725.662 2.2891 0 0 0 
3110000 10833 702.133 2560702.518 763.482 2.4972 0 0 0 
3120000 10844 735.781 2570970.966 789.12 2.6213 0 0 0 
3130000 10859 720.794 2580770.635 756.437 2.5594 0 0 0 
3140000 10871 735.75 2589032.765 735.9 2.626 0 0 0 
3150000 10885 731.285 2599091.247 728.133 2.601 0 0 0 
3160000 10897 755.739 2609148.784 753.464 2.6931 0 0 0 
3170000 10909 776.745 2619920.521 789.57 2.7692 0 0 0 
3180000 10922 773.157 2630685.296 796.756 2.7555 0 0 0 
3190000 10937 739.835 2641655.877 772.168 2.6361 0 0 0 
3200000 10955 680.785 2652526.371 726.896 2.4236 0 0 0 
3210000 10967 727.598 2662527.16 757.099 2.5896 0 0 0 
3220000 10977 767.661 2671412.511 772.995 2.7401 0 0 0 
3230000 10990 771.519 2679111.333 732.676 2.761 0 0 0 
3240000 11005 745.886 2688151.462 702.064 2.6731 0 0 0 
3250000 11029 625.972 2695778.04 557.181 2.2528 0 0 0 
3260000 11043 652.741 2703179.178 552.585 2.3534 0 0 0 
3270000 11058 647.332 2711244.737 541.411 2.3256 0 0 0 
3280000 11074 633.456 2721548.565 562.98 2.2756 0 0 0 
3290000 11099 546.035 2733172.131 530.263 1.9656 0 0 0 
3300000 11134 412.283 2743837.352 415.466 1.4832 0 0 0 
3310000 11163 382.437 2754575.302 396.509 1.3712 0 0 0 
3320000 11186 396.005 2764416.028 400.551 1.4183 0 0 0 
3330000 11219 350.365 2774528.798 355.243 1.252 0 0 0 
3340000 11253 332.393 2784907.567 341.14 1.1876 0 0 0 
3350000 11275 378.608 2794505.82 377.307 1.3418 0 0 0 
3360000 11294 423.305 2804340.767 418.43 1.504 0 0 0 
3370000 11310 482.168 2812433.983 446.646 1.7154 0 0 0 
3380000 11326 516.364 2821652.67 478.718 1.844 0 0 0 
3390000 11342 548.721 2831216.531 513.244 1.9583 0 0 0 
3400000 11354 603.701 2840198.612 555.458 2.1586 0 0 0 
3410000 11368 637.152 2850086.301 598.779 2.2817 0 0 0 
3420000 11380 678.68 2862248.713 687.431 2.4331 0 0 0 
3430000 11396 659.518 2874023.091 694.898 2.358 0 0 0 
3440000 11409 683.468 2885414.061 733.783 2.435 0 0 0 
3450000 11425 671.536 2896739.538 731.064 2.385 0 0 0 
3460000 11451 545.414 2906852.29 582.104 1.9356 0 0 0 
3470000 11466 577.88 2917208.706 612.559 2.0597 0 0 0 
3480000 11477 636.239 2926259.695 647.626 2.2593 0 0 0 
3490000 11487 695.218 2936072.324 700.644 2.4617 0 0 0 
3500000 11499 734.045 2945889.841 734.225 2.6018 0 0 0 
3510000 11519 654.684 2955093.224 640.822 2.3224 0 0 0 
3520000 11531 683.008 2965327.511 674.888 2.423 0 0 0 
3530000 11547 674.852 2975649.523 674.362 2.3969 0 0 0 
3540000 11565 638.958 2984405.189 619.259 2.2675 0 0 0 
3550000 11578 653.471 2993565.448 623.279 2.3248 0 0 0 
3560000 11592 678.736 3003613.387 658.222 2.4151 0 0 0 
3570000 11605 696.892 3011599.409 646.396 2.4851 0 0 0 
3580000 11623 654.435 3020890.31 606.746 2.3219 0 0 0 
3590000 11636 669.12 3029104.476 602.1 2.3807 0 0 0 
3600000 11650 690.624 3036293.339 588.95 2.4632 0 0 0 
3610000 11663 698.06 3042729.44 560.475 2.4918 0 0 0 
3620000 11680 681.059 3048958.015 512.874 2.442 0 0 0 
3630000 11697 647.401 3055789.666 475.201 2.3296 0 0 0 
3640000 11716 597.187 3061990.65 422.815 2.1564 0 0 0 
3650000 11742 513.489 3067869.789 344.45 1.8602 0 0 0 
3660000 11761 509.483 3073649.879 328.959 1.8419 0 0 0 
3670000 11790 437.0 3079234.352 268.85 1.5764 0 0 0 
3680000 11811 455.001 3085349.129 276.932 1.6432 0 0 0 
3690000 11822 545.033 3092117.937 345.809 1.9725 0 0 0 
3700000 11835 588.974 3098648.244 377.251 2.1346 0 0 0 
3710000 11849 623.39 3105659.884 411.644 2.2594 0 0 0 
3720000 11865 630.214 3112749.543 423.702 2.2731 0 0 0 
3730000 11887 551.839 3120570.591 386.651 1.9824 0 0 0 
3740000 11914 479.586 3128220.767 348.505 1.7185 0 0 0 
3750000 11935 466.84 3136028.48 345.342 1.6755 0 0 0 
3760000 11965 409.58 3145243.657 331.413 1.4692 0 0 0 
3770000 11981 472.065 3154939.36 410.753 1.6905 0 0 0 
3780000 11995 531.629 3166319.283 509.051 1.8996 0 0 0 
3790000 12009 575.645 3174853.629 532.233 2.0556 0 0 0 
3800000 12031 526.23 3180330.243 428.071 1.8887 0 0 0 
3810000 12049 543.552 3185448.307 388.804 1.9509 0 0 0 
3820000 12061 612.203 3193311.348 451.719 2.1885 0 0 0 
3830000 12074 634.023 3201586.058 480.244 2.2607 0 0 0 
3840000 12094 595.473 3209774.212 459.65 2.1105 0 0 0 
3850000 12112 587.38 3219579.91 492.745 2.087 0 0 0 
3860000 12130 564.69 3226822.935 459.493 2.0142 0 0 0 
3870000 12160 451.344 3235604.753 374.236 1.6046 0 0 0 
3880000 12208 318.375 3241569.138 228.831 1.1488 0 0 0 
3890000 12225 383.846 3249530.319 291.47 1.3901 0 0 0 
3900000 12239 472.38 3259861.307 403.935 1.7132 0 0 0 
3910000 12252 543.043 3270414.975 497.895 1.9539 0 0 0 
3920000 12262 626.633 3282071.849 620.208 2.2493 0 0 0 
3930000 12276 638.556 3292753.75 645.967 2.2944 0 0 0 
3940000 12292 645.512 3303148.086 658.805 2.3179 0 0 0 
3950000 12314 569.54 3314074.731 592.226 2.0437 0 0 0 
3960000 12333 555.433 3324141.823 575.251 1.9924 0 0 0 
3970000 12348 585.244 3335029.106 613.247 2.0823 0 0 0 
3980000 12365 585.229 3346358.561 628.042 2.0887 0 0 0 
3990000 12381 593.526 3357514.207 644.799 2.1231 0 0 0 
4000000 12404 538.184 3367678.004 573.865 1.929 0 0 0 
