10000.0 59.0 466.0 466.0 466.0 0.0466 0.0466 0.0466 5.405 5.405 5.405 
20000.0 109.0 937.0 937.0 937.0 0.0468 0.0468 0.0468 8.06 8.06 8.06 
30000.0 157.0 1474.0 1474.0 1474.0 0.0491 0.0491 0.0491 9.723 9.723 9.723 
40000.0 209.0 2044.0 2044.0 2044.0 0.0511 0.0511 0.0511 10.881 10.881 10.881 
50000.0 260.0 2561.0 2561.0 2561.0 0.0512 0.0512 0.0512 10.591 10.591 10.591 
60000.0 308.0 3237.0 3237.0 3237.0 0.054 0.054 0.054 12.926 12.926 12.926 
70000.0 355.0 3836.0 3836.0 3836.0 0.0548 0.0548 0.0548 13.042 13.042 13.042 
80000.0 405.0 4448.0 4448.0 4448.0 0.0556 0.0556 0.0556 12.267 12.267 12.267 
90000.0 452.0 5064.0 5064.0 5064.0 0.0563 0.0563 0.0563 12.982 12.982 12.982 
100000.0 501.0 5843.0 5843.0 5843.0 0.0584 0.0584 0.0584 14.535 14.535 14.535 
110000.0 550.0 6597.0 6597.0 6597.0 0.06 0.06 0.06 15.324 15.324 15.324 
120000.0 598.0 7411.0 7411.0 7411.0 0.0618 0.0618 0.0618 16.025 16.025 16.025 
130000.0 647.0 8235.0 8235.0 8235.0 0.0633 0.0633 0.0633 16.802 16.802 16.802 
140000.0 699.0 9074.0 9074.0 9074.0 0.0648 0.0648 0.0648 16.381 16.381 16.381 
150000.0 748.0 9965.0 9965.0 9965.0 0.0664 0.0664 0.0664 17.201 17.201 17.201 
160000.0 801.0 10841.0 10841.0 10841.0 0.0678 0.0678 0.0678 17.287 17.287 17.287 
170000.0 851.0 11661.0 11661.0 11661.0 0.0686 0.0686 0.0686 16.807 16.807 16.807 
180000.0 901.0 12527.0 12527.0 12527.0 0.0696 0.0696 0.0696 16.728 16.728 16.728 
190000.0 946.0 13375.0 13375.0 13375.0 0.0704 0.0704 0.0704 17.781 17.781 17.781 
200000.0 999.0 14260.0 14260.0 14260.0 0.0713 0.0713 0.0713 17.112 17.112 17.112 
210000.0 1046.0 15181.0 15181.0 15181.0 0.0723 0.0723 0.0723 18.59 18.59 18.59 
220000.0 1097.0 16111.0 16111.0 16111.0 0.0732 0.0732 0.0732 18.674 18.674 18.674 
230000.0 1144.0 17057.0 17057.0 17057.0 0.0742 0.0742 0.0742 19.381 19.381 19.381 
240000.0 1194.0 18015.0 18015.0 18015.0 0.0751 0.0751 0.0751 19.307 19.307 19.307 
250000.0 1239.0 19053.0 19053.0 19053.0 0.0762 0.0762 0.0762 20.969 20.969 20.969 
260000.0 1290.0 20097.0 20097.0 20097.0 0.0773 0.0773 0.0773 20.489 20.489 20.489 
270000.0 1342.0 21034.0 21034.0 21034.0 0.0779 0.0779 0.0779 19.31 19.31 19.31 
280000.0 1388.0 21955.0 21955.0 21955.0 0.0784 0.0784 0.0784 19.713 19.713 19.713 
290000.0 1430.0 22945.0 22945.0 22945.0 0.0791 0.0791 0.0791 21.789 21.789 21.789 
300000.0 1474.0 23870.0 23870.0 23870.0 0.0796 0.0796 0.0796 21.231 21.231 21.231 
310000.0 1512.0 24834.0 24834.0 24834.0 0.0801 0.0801 0.0801 23.431 23.431 23.431 
320000.0 1555.0 25871.0 25871.0 25871.0 0.0808 0.0808 0.0808 24.01 24.01 24.01 
330000.0 1600.0 26810.0 26810.0 26810.0 0.0812 0.0812 0.0812 22.186 22.186 22.186 
340000.0 1643.0 27864.0 27864.0 27864.0 0.082 0.082 0.082 23.105 23.105 23.105 
350000.0 1687.0 28943.0 28943.0 28943.0 0.0827 0.0827 0.0827 24.361 24.361 24.361 
360000.0 1730.0 29966.0 29966.0 29966.0 0.0832 0.0832 0.0832 24.125 24.125 24.125 
370000.0 1775.0 31046.0 31046.0 31046.0 0.0839 0.0839 0.0839 23.829 23.829 23.829 
380000.0 1818.0 32186.0 32186.0 32186.0 0.0847 0.0847 0.0847 25.299 25.299 25.299 
390000.0 1861.0 33309.0 33309.0 33309.0 0.0854 0.0854 0.0854 25.682 25.682 25.682 
400000.0 1901.0 34287.0 34287.0 34287.0 0.0857 0.0857 0.0857 24.716 24.716 24.716 
410000.0 1948.0 35377.0 35377.0 35377.0 0.0863 0.0863 0.0863 23.878 23.878 23.878 
420000.0 1993.0 36490.0 36490.0 36490.0 0.0869 0.0869 0.0869 24.31 24.31 24.31 
430000.0 2035.0 37566.0 37566.0 37566.0 0.0874 0.0874 0.0874 24.45 24.45 24.45 
440000.0 2079.0 38606.0 38606.0 38606.0 0.0877 0.0877 0.0877 24.433 24.433 24.433 
450000.0 2126.0 39671.0 39671.0 39671.0 0.0882 0.0882 0.0882 23.232 23.232 23.232 
460000.0 2166.0 40818.0 40818.0 40818.0 0.0887 0.0887 0.0887 25.594 25.594 25.594 
470000.0 2206.0 41925.0 41925.0 41925.0 0.0892 0.0892 0.0892 26.766 26.766 26.766 
480000.0 2247.0 42934.0 42934.0 42934.0 0.0894 0.0894 0.0894 25.772 25.772 25.772 
490000.0 2291.0 44059.0 44059.0 44059.0 0.0899 0.0899 0.0899 26.083 26.083 26.083 
500000.0 2332.0 45115.0 45115.0 45115.0 0.0902 0.0902 0.0902 25.455 25.455 25.455 
510000.0 2373.0 46195.0 46195.0 46195.0 0.0906 0.0906 0.0906 26.148 26.148 26.148 
520000.0 2409.0 47280.0 47280.0 47280.0 0.0909 0.0909 0.0909 27.63 27.63 27.63 
530000.0 2451.0 48301.0 48301.0 48301.0 0.0911 0.0911 0.0911 26.037 26.037 26.037 
540000.0 2488.0 49328.0 49328.0 49328.0 0.0913 0.0913 0.0913 27.212 27.212 27.212 
550000.0 2532.0 50346.0 50346.0 50346.0 0.0915 0.0915 0.0915 24.424 24.424 24.424 
560000.0 2574.0 51275.0 51275.0 51275.0 0.0916 0.0916 0.0916 23.483 23.483 23.483 
570000.0 2615.0 52291.0 52291.0 52291.0 0.0917 0.0917 0.0917 23.835 23.835 23.835 
580000.0 2655.0 53367.0 53367.0 53367.0 0.092 0.092 0.092 25.218 25.218 25.218 
590000.0 2694.0 54443.0 54443.0 54443.0 0.0923 0.0923 0.0923 26.104 26.104 26.104 
600000.0 2731.0 55472.0 55472.0 55472.0 0.0925 0.0925 0.0925 27.551 27.551 27.551 
610000.0 2771.0 56498.0 56498.0 56498.0 0.0926 0.0926 0.0926 26.895 26.895 26.895 
620000.0 2811.0 57550.0 57550.0 57550.0 0.0928 0.0928 0.0928 26.346 26.346 26.346 
630000.0 2849.0 58490.0 58490.0 58490.0 0.0928 0.0928 0.0928 25.076 25.076 25.076 
640000.0 2886.0 59587.0 59587.0 59587.0 0.0931 0.0931 0.0931 26.666 26.666 26.666 
650000.0 2922.0 60688.0 60688.0 60688.0 0.0934 0.0934 0.0934 29.513 29.513 29.513 
660000.0 2962.0 61858.0 61858.0 61858.0 0.0937 0.0937 0.0937 29.187 29.187 29.187 
670000.0 3000.0 62955.0 62955.0 62955.0 0.094 0.094 0.094 29.002 29.002 29.002 
680000.0 3039.0 64108.0 64108.0 64108.0 0.0943 0.0943 0.0943 29.142 29.142 29.142 
690000.0 3078.0 65279.0 65279.0 65279.0 0.0946 0.0946 0.0946 29.221 29.221 29.221 
700000.0 3115.0 66383.0 66383.0 66383.0 0.0948 0.0948 0.0948 29.773 29.773 29.773 
710000.0 3153.0 67396.0 67396.0 67396.0 0.0949 0.0949 0.0949 28.249 28.249 28.249 
720000.0 3192.0 68571.0 68571.0 68571.0 0.0952 0.0952 0.0952 29.12 29.12 29.12 
730000.0 3228.0 69733.0 69733.0 69733.0 0.0955 0.0955 0.0955 30.632 30.632 30.632 
740000.0 3264.0 70837.0 70837.0 70837.0 0.0957 0.0957 0.0957 30.324 30.324 30.324 
750000.0 3300.0 71993.0 71993.0 71993.0 0.096 0.096 0.096 30.286 30.286 30.286 
760000.0 3333.0 72941.0 72941.0 72941.0 0.096 0.096 0.096 29.609 29.609 29.609 
770000.0 3368.0 73912.0 73912.0 73912.0 0.096 0.096 0.096 28.768 28.768 28.768 
780000.0 3408.0 75070.0 75070.0 75070.0 0.0962 0.0962 0.0962 28.065 28.065 28.065 
790000.0 3447.0 76195.0 76195.0 76195.0 0.0964 0.0964 0.0964 28.598 28.598 28.598 
800000.0 3479.0 77246.0 77246.0 77246.0 0.0966 0.0966 0.0966 30.942 30.942 30.942 
810000.0 3513.0 78295.0 78295.0 78295.0 0.0967 0.0967 0.0967 30.922 30.922 30.922 
820000.0 3547.0 79371.0 79371.0 79371.0 0.0968 0.0968 0.0968 30.981 30.981 30.981 
830000.0 3590.0 80587.0 80587.0 80587.0 0.0971 0.0971 0.0971 29.887 29.887 29.887 
840000.0 3624.0 81831.0 81831.0 81831.0 0.0974 0.0974 0.0974 32.292 32.292 32.292 
850000.0 3660.0 82983.0 82983.0 82983.0 0.0976 0.0976 0.0976 31.869 31.869 31.869 
860000.0 3695.0 84093.0 84093.0 84093.0 0.0978 0.0978 0.0978 32.584 32.584 32.584 
870000.0 3734.0 85234.0 85234.0 85234.0 0.098 0.098 0.098 30.892 30.892 30.892 
880000.0 3774.0 86503.0 86503.0 86503.0 0.0983 0.0983 0.0983 30.819 30.819 30.819 
890000.0 3808.0 87615.0 87615.0 87615.0 0.0984 0.0984 0.0984 32.462 32.462 32.462 
900000.0 3839.0 88703.0 88703.0 88703.0 0.0986 0.0986 0.0986 33.668 33.668 33.668 
910000.0 3876.0 89974.0 89974.0 89974.0 0.0989 0.0989 0.0989 33.058 33.058 33.058 
920000.0 3906.0 91029.0 91029.0 91029.0 0.0989 0.0989 0.0989 33.189 33.189 33.189 
930000.0 3942.0 92109.0 92109.0 92109.0 0.099 0.099 0.099 31.997 31.997 31.997 
940000.0 3974.0 93224.0 93224.0 93224.0 0.0992 0.0992 0.0992 33.015 33.015 33.015 
950000.0 4013.0 94439.0 94439.0 94439.0 0.0994 0.0994 0.0994 32.0 32.0 32.0 
960000.0 4047.0 95567.0 95567.0 95567.0 0.0995 0.0995 0.0995 32.357 32.357 32.357 
970000.0 4080.0 96669.0 96669.0 96669.0 0.0997 0.0997 0.0997 32.511 32.511 32.511 
980000.0 4115.0 97784.0 97784.0 97784.0 0.0998 0.0998 0.0998 32.609 32.609 32.609 
990000.0 4151.0 98931.0 98931.0 98931.0 0.0999 0.0999 0.0999 31.809 31.809 31.809 
1000000.0 4187.0 100148.0 100148.0 100148.0 0.1001 0.1001 0.1001 32.944 32.944 32.944 
1010000.0 4220.0 101331.0 101331.0 101331.0 0.1003 0.1003 0.1003 33.999 33.999 33.999 
1020000.0 4250.0 102466.0 102466.0 102466.0 0.1005 0.1005 0.1005 35.329 35.329 35.329 
1030000.0 4282.0 103660.0 103660.0 103660.0 0.1006 0.1006 0.1006 36.568 36.568 36.568 
1040000.0 4317.0 104884.0 104884.0 104884.0 0.1008 0.1008 0.1008 34.903 34.903 34.903 
1050000.0 4353.0 106070.0 106070.0 106070.0 0.101 0.101 0.101 34.336 34.336 34.336 
1060000.0 4386.0 107221.0 107221.0 107221.0 0.1012 0.1012 0.1012 33.377 33.377 33.377 
1070000.0 4420.0 108304.0 108304.0 108304.0 0.1012 0.1012 0.1012 32.996 32.996 32.996 
1080000.0 4455.0 109502.0 109502.0 109502.0 0.1014 0.1014 0.1014 32.6 32.6 32.6 
1090000.0 4491.0 110701.0 110701.0 110701.0 0.1016 0.1016 0.1016 33.599 33.599 33.599 
1100000.0 4524.0 111959.0 111959.0 111959.0 0.1018 0.1018 0.1018 34.811 34.811 34.811 
1110000.0 4557.0 113092.0 113092.0 113092.0 0.1019 0.1019 0.1019 34.854 34.854 34.854 
1120000.0 4591.0 114237.0 114237.0 114237.0 0.102 0.102 0.102 34.844 34.844 34.844 
1130000.0 4624.0 115478.0 115478.0 115478.0 0.1022 0.1022 0.1022 36.222 36.222 36.222 
1140000.0 4656.0 116565.0 116565.0 116565.0 0.1022 0.1022 0.1022 34.855 34.855 34.855 
1150000.0 4686.0 117733.0 117733.0 117733.0 0.1024 0.1024 0.1024 36.759 36.759 36.759 
1160000.0 4718.0 118902.0 118902.0 118902.0 0.1025 0.1025 0.1025 36.579 36.579 36.579 
1170000.0 4754.0 120143.0 120143.0 120143.0 0.1027 0.1027 0.1027 35.459 35.459 35.459 
1180000.0 4785.0 121323.0 121323.0 121323.0 0.1028 0.1028 0.1028 35.833 35.833 35.833 
1190000.0 4816.0 122420.0 122420.0 122420.0 0.1029 0.1029 0.1029 36.188 36.188 36.188 
1200000.0 4848.0 123631.0 123631.0 123631.0 0.103 0.103 0.103 36.848 36.848 36.848 
1210000.0 4879.0 124825.0 124825.0 124825.0 0.1032 0.1032 0.1032 37.908 37.908 37.908 
1220000.0 4911.0 126020.0 126020.0 126020.0 0.1033 0.1033 0.1033 36.922 36.922 36.922 
1230000.0 4943.0 127183.0 127183.0 127183.0 0.1034 0.1034 0.1034 36.741 36.741 36.741 
1240000.0 4977.0 128428.0 128428.0 128428.0 0.1036 0.1036 0.1036 36.902 36.902 36.902 
1250000.0 5010.0 129751.0 129751.0 129751.0 0.1038 0.1038 0.1038 37.232 37.232 37.232 
1260000.0 5046.0 131033.0 131033.0 131033.0 0.104 0.104 0.104 36.8 36.8 36.8 
1270000.0 5076.0 132200.0 132200.0 132200.0 0.1041 0.1041 0.1041 37.427 37.427 37.427 
1280000.0 5106.0 133450.0 133450.0 133450.0 0.1043 0.1043 0.1043 38.147 38.147 38.147 
1290000.0 5141.0 134625.0 134625.0 134625.0 0.1044 0.1044 0.1044 36.165 36.165 36.165 
1300000.0 5173.0 135859.0 135859.0 135859.0 0.1045 0.1045 0.1045 38.146 38.146 38.146 
1310000.0 5203.0 136969.0 136969.0 136969.0 0.1046 0.1046 0.1046 37.513 37.513 37.513 
1320000.0 5235.0 138296.0 138296.0 138296.0 0.1048 0.1048 0.1048 37.893 37.893 37.893 
1330000.0 5268.0 139483.0 139483.0 139483.0 0.1049 0.1049 0.1049 38.179 38.179 38.179 
1340000.0 5297.0 140733.0 140733.0 140733.0 0.105 0.105 0.105 40.32 40.32 40.32 
1350000.0 5327.0 141962.0 141962.0 141962.0 0.1052 0.1052 0.1052 40.769 40.769 40.769 
1360000.0 5358.0 143213.0 143213.0 143213.0 0.1053 0.1053 0.1053 40.508 40.508 40.508 
1370000.0 5387.0 144425.0 144425.0 144425.0 0.1054 0.1054 0.1054 40.419 40.419 40.419 
1380000.0 5420.0 145693.0 145693.0 145693.0 0.1056 0.1056 0.1056 39.722 39.722 39.722 
1390000.0 5451.0 146990.0 146990.0 146990.0 0.1057 0.1057 0.1057 39.806 39.806 39.806 
1400000.0 5482.0 148275.0 148275.0 148275.0 0.1059 0.1059 0.1059 40.982 40.982 40.982 
1410000.0 5514.0 149507.0 149507.0 149507.0 0.106 0.106 0.106 40.233 40.233 40.233 
1420000.0 5542.0 150761.0 150761.0 150761.0 0.1062 0.1062 0.1062 42.465 42.465 42.465 
1430000.0 5571.0 151949.0 151949.0 151949.0 0.1063 0.1063 0.1063 40.946 40.946 40.946 
1440000.0 5601.0 153189.0 153189.0 153189.0 0.1064 0.1064 0.1064 40.185 40.185 40.185 
1450000.0 5634.0 154371.0 154371.0 154371.0 0.1065 0.1065 0.1065 39.549 39.549 39.549 
1460000.0 5667.0 155612.0 155612.0 155612.0 0.1066 0.1066 0.1066 37.644 37.644 37.644 
1470000.0 5700.0 156799.0 156799.0 156799.0 0.1067 0.1067 0.1067 37.621 37.621 37.621 
1480000.0 5734.0 158026.0 158026.0 158026.0 0.1068 0.1068 0.1068 36.139 36.139 36.139 
1490000.0 5767.0 159282.0 159282.0 159282.0 0.1069 0.1069 0.1069 37.423 37.423 37.423 
1500000.0 5798.0 160490.0 160490.0 160490.0 0.107 0.107 0.107 37.969 37.969 37.969 
1510000.0 5830.0 161774.0 161774.0 161774.0 0.1071 0.1071 0.1071 39.04 39.04 39.04 
1520000.0 5862.0 162982.0 162982.0 162982.0 0.1072 0.1072 0.1072 38.107 38.107 38.107 
1530000.0 5891.0 164179.0 164179.0 164179.0 0.1073 0.1073 0.1073 39.818 39.818 39.818 
1540000.0 5920.0 165397.0 165397.0 165397.0 0.1074 0.1074 0.1074 40.733 40.733 40.733 
1550000.0 5948.0 166549.0 166549.0 166549.0 0.1075 0.1075 0.1075 40.67 40.67 40.67 
1560000.0 5979.0 167788.0 167788.0 167788.0 0.1076 0.1076 0.1076 39.154 39.154 39.154 
1570000.0 6007.0 168959.0 168959.0 168959.0 0.1076 0.1076 0.1076 41.531 41.531 41.531 
1580000.0 6042.0 170232.0 170232.0 170232.0 0.1077 0.1077 0.1077 37.2 37.2 37.2 
1590000.0 6075.0 171358.0 171358.0 171358.0 0.1078 0.1078 0.1078 37.115 37.115 37.115 
1600000.0 6108.0 172599.0 172599.0 172599.0 0.1079 0.1079 0.1079 37.453 37.453 37.453 
1610000.0 6138.0 173858.0 173858.0 173858.0 0.108 0.108 0.108 39.223 39.223 39.223 
1620000.0 6168.0 175053.0 175053.0 175053.0 0.1081 0.1081 0.1081 37.858 37.858 37.858 
1630000.0 6201.0 176244.0 176244.0 176244.0 0.1081 0.1081 0.1081 37.609 37.609 37.609 
1640000.0 6229.0 177430.0 177430.0 177430.0 0.1082 0.1082 0.1082 40.228 40.228 40.228 
1650000.0 6258.0 178677.0 178677.0 178677.0 0.1083 0.1083 0.1083 40.372 40.372 40.372 
1660000.0 6287.0 179875.0 179875.0 179875.0 0.1084 0.1084 0.1084 41.19 41.19 41.19 
1670000.0 6317.0 181115.0 181115.0 181115.0 0.1085 0.1085 0.1085 41.868 41.868 41.868 
1680000.0 6346.0 182372.0 182372.0 182372.0 0.1086 0.1086 0.1086 42.73 42.73 42.73 
1690000.0 6377.0 183599.0 183599.0 183599.0 0.1086 0.1086 0.1086 41.397 41.397 41.397 
1700000.0 6414.0 184909.0 184909.0 184909.0 0.1088 0.1088 0.1088 37.662 37.662 37.662 
1710000.0 6447.0 186166.0 186166.0 186166.0 0.1089 0.1089 0.1089 38.42 38.42 38.42 
1720000.0 6476.0 187475.0 187475.0 187475.0 0.109 0.109 0.109 41.265 41.265 41.265 
1730000.0 6510.0 188712.0 188712.0 188712.0 0.1091 0.1091 0.1091 38.897 38.897 38.897 
1740000.0 6538.0 189916.0 189916.0 189916.0 0.1091 0.1091 0.1091 40.037 40.037 40.037 
1750000.0 6565.0 190939.0 190939.0 190939.0 0.1091 0.1091 0.1091 39.25 39.25 39.25 
1760000.0 6597.0 192252.0 192252.0 192252.0 0.1092 0.1092 0.1092 39.505 39.505 39.505 
1770000.0 6627.0 193485.0 193485.0 193485.0 0.1093 0.1093 0.1093 40.432 40.432 40.432 
1780000.0 6657.0 194761.0 194761.0 194761.0 0.1094 0.1094 0.1094 40.559 40.559 40.559 
1790000.0 6689.0 195966.0 195966.0 195966.0 0.1095 0.1095 0.1095 39.536 39.536 39.536 
1800000.0 6718.0 197188.0 197188.0 197188.0 0.1095 0.1095 0.1095 40.682 40.682 40.682 
1810000.0 6752.0 198408.0 198408.0 198408.0 0.1096 0.1096 0.1096 38.835 38.835 38.835 
1820000.0 6780.0 199579.0 199579.0 199579.0 0.1097 0.1097 0.1097 38.804 38.804 38.804 
1830000.0 6807.0 200686.0 200686.0 200686.0 0.1097 0.1097 0.1097 40.04 40.04 40.04 
1840000.0 6837.0 201959.0 201959.0 201959.0 0.1098 0.1098 0.1098 40.161 40.161 40.161 
1850000.0 6866.0 203113.0 203113.0 203113.0 0.1098 0.1098 0.1098 41.24 41.24 41.24 
1860000.0 6896.0 204313.0 204313.0 204313.0 0.1098 0.1098 0.1098 40.718 40.718 40.718 
1870000.0 6924.0 205590.0 205590.0 205590.0 0.1099 0.1099 0.1099 40.78 40.78 40.78 
1880000.0 6956.0 206869.0 206869.0 206869.0 0.11 0.11 0.11 41.998 41.998 41.998 
1890000.0 6984.0 208101.0 208101.0 208101.0 0.1101 0.1101 0.1101 40.889 40.889 40.889 
1900000.0 7015.0 209255.0 209255.0 209255.0 0.1101 0.1101 0.1101 39.673 39.673 39.673 
1910000.0 7047.0 210553.0 210553.0 210553.0 0.1102 0.1102 0.1102 40.278 40.278 40.278 
1920000.0 7079.0 211871.0 211871.0 211871.0 0.1103 0.1103 0.1103 41.244 41.244 41.244 
1930000.0 7107.0 213081.0 213081.0 213081.0 0.1104 0.1104 0.1104 41.304 41.304 41.304 
1940000.0 7136.0 214305.0 214305.0 214305.0 0.1105 0.1105 0.1105 42.33 42.33 42.33 
1950000.0 7165.0 215521.0 215521.0 215521.0 0.1105 0.1105 0.1105 42.445 42.445 42.445 
1960000.0 7200.0 216828.0 216828.0 216828.0 0.1106 0.1106 0.1106 39.861 39.861 39.861 
1970000.0 7230.0 218100.0 218100.0 218100.0 0.1107 0.1107 0.1107 40.403 40.403 40.403 
1980000.0 7262.0 219361.0 219361.0 219361.0 0.1108 0.1108 0.1108 40.339 40.339 40.339 
1990000.0 7297.0 220669.0 220669.0 220669.0 0.1109 0.1109 0.1109 38.226 38.226 38.226 
2000000.0 7327.0 221919.0 221919.0 221919.0 0.111 0.111 0.111 39.932 39.932 39.932 
2010000.0 7356.0 223083.0 223083.0 223083.0 0.111 0.111 0.111 40.291 40.291 40.291 
2020000.0 7386.0 224226.0 224226.0 224226.0 0.111 0.111 0.111 39.355 39.355 39.355 
2030000.0 7413.0 225436.0 225436.0 225436.0 0.1111 0.1111 0.1111 40.465 40.465 40.465 
2040000.0 7443.0 226572.0 226572.0 226572.0 0.1111 0.1111 0.1111 40.032 40.032 40.032 
2050000.0 7476.0 227854.0 227854.0 227854.0 0.1111 0.1111 0.1111 38.993 38.993 38.993 
2060000.0 7506.0 229090.0 229090.0 229090.0 0.1112 0.1112 0.1112 39.218 39.218 39.218 
2070000.0 7534.0 230304.0 230304.0 230304.0 0.1113 0.1113 0.1113 41.364 41.364 41.364 
2080000.0 7561.0 231421.0 231421.0 231421.0 0.1113 0.1113 0.1113 41.578 41.578 41.578 
2090000.0 7590.0 232557.0 232557.0 232557.0 0.1113 0.1113 0.1113 40.533 40.533 40.533 
2100000.0 7620.0 233801.0 233801.0 233801.0 0.1113 0.1113 0.1113 39.422 39.422 39.422 
2110000.0 7648.0 235042.0 235042.0 235042.0 0.1114 0.1114 0.1114 42.698 42.698 42.698 
2120000.0 7677.0 236303.0 236303.0 236303.0 0.1115 0.1115 0.1115 42.064 42.064 42.064 
2130000.0 7706.0 237569.0 237569.0 237569.0 0.1115 0.1115 0.1115 43.67 43.67 43.67 
2140000.0 7737.0 238869.0 238869.0 238869.0 0.1116 0.1116 0.1116 41.184 41.184 41.184 
2150000.0 7766.0 239993.0 239993.0 239993.0 0.1116 0.1116 0.1116 41.707 41.707 41.707 
2160000.0 7799.0 241350.0 241350.0 241350.0 0.1117 0.1117 0.1117 41.559 41.559 41.559 
2170000.0 7833.0 242682.0 242682.0 242682.0 0.1118 0.1118 0.1118 40.272 40.272 40.272 
2180000.0 7861.0 243939.0 243939.0 243939.0 0.1119 0.1119 0.1119 42.093 42.093 42.093 
2190000.0 7892.0 245227.0 245227.0 245227.0 0.112 0.112 0.112 41.929 41.929 41.929 
2200000.0 7923.0 246522.0 246522.0 246522.0 0.1121 0.1121 0.1121 41.185 41.185 41.185 
2210000.0 7954.0 247900.0 247900.0 247900.0 0.1122 0.1122 0.1122 43.152 43.152 43.152 
2220000.0 7985.0 249137.0 249137.0 249137.0 0.1122 0.1122 0.1122 42.181 42.181 42.181 
2230000.0 8016.0 250414.0 250414.0 250414.0 0.1123 0.1123 0.1123 40.577 40.577 40.577 
2240000.0 8048.0 251624.0 251624.0 251624.0 0.1123 0.1123 0.1123 40.784 40.784 40.784 
2250000.0 8076.0 252820.0 252820.0 252820.0 0.1124 0.1124 0.1124 40.993 40.993 40.993 
2260000.0 8103.0 254052.0 254052.0 254052.0 0.1124 0.1124 0.1124 42.048 42.048 42.048 
2270000.0 8139.0 255313.0 255313.0 255313.0 0.1125 0.1125 0.1125 39.016 39.016 39.016 
2280000.0 8167.0 256603.0 256603.0 256603.0 0.1125 0.1125 0.1125 41.739 41.739 41.739 
2290000.0 8198.0 257924.0 257924.0 257924.0 0.1126 0.1126 0.1126 42.678 42.678 42.678 
2300000.0 8231.0 259301.0 259301.0 259301.0 0.1127 0.1127 0.1127 42.629 42.629 42.629 
2310000.0 8262.0 260682.0 260682.0 260682.0 0.1128 0.1128 0.1128 41.917 41.917 41.917 
2320000.0 8294.0 261954.0 261954.0 261954.0 0.1129 0.1129 0.1129 42.284 42.284 42.284 
2330000.0 8319.0 263158.0 263158.0 263158.0 0.1129 0.1129 0.1129 42.969 42.969 42.969 
2340000.0 8348.0 264309.0 264309.0 264309.0 0.113 0.113 0.113 42.754 42.754 42.754 
2350000.0 8382.0 265600.0 265600.0 265600.0 0.113 0.113 0.113 40.15 40.15 40.15 
2360000.0 8414.0 266866.0 266866.0 266866.0 0.1131 0.1131 0.1131 39.838 39.838 39.838 
2370000.0 8442.0 268099.0 268099.0 268099.0 0.1131 0.1131 0.1131 40.321 40.321 40.321 
2380000.0 8472.0 269271.0 269271.0 269271.0 0.1131 0.1131 0.1131 40.936 40.936 40.936 
2390000.0 8502.0 270491.0 270491.0 270491.0 0.1132 0.1132 0.1132 40.621 40.621 40.621 
2400000.0 8532.0 271851.0 271851.0 271851.0 0.1133 0.1133 0.1133 41.082 41.082 41.082 
2410000.0 8564.0 273152.0 273152.0 273152.0 0.1133 0.1133 0.1133 42.005 42.005 42.005 
2420000.0 8596.0 274476.0 274476.0 274476.0 0.1134 0.1134 0.1134 41.502 41.502 41.502 
2430000.0 8625.0 275745.0 275745.0 275745.0 0.1135 0.1135 0.1135 40.914 40.914 40.914 
2440000.0 8658.0 277028.0 277028.0 277028.0 0.1135 0.1135 0.1135 41.36 41.36 41.36 
2450000.0 8689.0 278340.0 278340.0 278340.0 0.1136 0.1136 0.1136 41.897 41.897 41.897 
2460000.0 8719.0 279575.0 279575.0 279575.0 0.1136 0.1136 0.1136 41.905 41.905 41.905 
2470000.0 8748.0 280880.0 280880.0 280880.0 0.1137 0.1137 0.1137 41.139 41.139 41.139 
2480000.0 8777.0 282098.0 282098.0 282098.0 0.1137 0.1137 0.1137 43.452 43.452 43.452 
2490000.0 8805.0 283413.0 283413.0 283413.0 0.1138 0.1138 0.1138 43.367 43.367 43.367 
2500000.0 8837.0 284762.0 284762.0 284762.0 0.1139 0.1139 0.1139 44.057 44.057 44.057 
2510000.0 8866.0 286068.0 286068.0 286068.0 0.114 0.114 0.114 44.576 44.576 44.576 
2520000.0 8895.0 287376.0 287376.0 287376.0 0.114 0.114 0.114 43.107 43.107 43.107 
2530000.0 8925.0 288657.0 288657.0 288657.0 0.1141 0.1141 0.1141 42.87 42.87 42.87 
2540000.0 8955.0 289943.0 289943.0 289943.0 0.1142 0.1142 0.1142 43.269 43.269 43.269 
2550000.0 8985.0 291269.0 291269.0 291269.0 0.1142 0.1142 0.1142 43.27 43.27 43.27 
2560000.0 9018.0 292579.0 292579.0 292579.0 0.1143 0.1143 0.1143 41.907 41.907 41.907 
2570000.0 9048.0 293845.0 293845.0 293845.0 0.1143 0.1143 0.1143 41.602 41.602 41.602 
2580000.0 9082.0 295177.0 295177.0 295177.0 0.1144 0.1144 0.1144 41.141 41.141 41.141 
2590000.0 9117.0 296370.0 296370.0 296370.0 0.1144 0.1144 0.1144 37.483 37.483 37.483 
2600000.0 9153.0 297662.0 297662.0 297662.0 0.1145 0.1145 0.1145 35.113 35.113 35.113 
2610000.0 9180.0 298852.0 298852.0 298852.0 0.1145 0.1145 0.1145 37.922 37.922 37.922 
2620000.0 9210.0 300072.0 300072.0 300072.0 0.1145 0.1145 0.1145 39.503 39.503 39.503 
2630000.0 9242.0 301421.0 301421.0 301421.0 0.1146 0.1146 0.1146 41.767 41.767 41.767 
2640000.0 9276.0 302687.0 302687.0 302687.0 0.1147 0.1147 0.1147 39.598 39.598 39.598 
2650000.0 9306.0 303965.0 303965.0 303965.0 0.1147 0.1147 0.1147 40.181 40.181 40.181 
2660000.0 9333.0 305195.0 305195.0 305195.0 0.1147 0.1147 0.1147 41.602 41.602 41.602 
2670000.0 9363.0 306439.0 306439.0 306439.0 0.1148 0.1148 0.1148 41.618 41.618 41.618 
2680000.0 9393.0 307774.0 307774.0 307774.0 0.1148 0.1148 0.1148 42.192 42.192 42.192 
2690000.0 9420.0 309005.0 309005.0 309005.0 0.1149 0.1149 0.1149 43.352 43.352 43.352 
2700000.0 9449.0 310228.0 310228.0 310228.0 0.1149 0.1149 0.1149 43.662 43.662 43.662 
2710000.0 9479.0 311544.0 311544.0 311544.0 0.115 0.115 0.115 43.866 43.866 43.866 
2720000.0 9509.0 312800.0 312800.0 312800.0 0.115 0.115 0.115 43.166 43.166 43.166 
2730000.0 9537.0 314054.0 314054.0 314054.0 0.115 0.115 0.115 42.666 42.666 42.666 
2740000.0 9567.0 315379.0 315379.0 315379.0 0.1151 0.1151 0.1151 42.968 42.968 42.968 
2750000.0 9598.0 316677.0 316677.0 316677.0 0.1152 0.1152 0.1152 43.112 43.112 43.112 
2760000.0 9624.0 317962.0 317962.0 317962.0 0.1152 0.1152 0.1152 43.785 43.785 43.785 
2770000.0 9654.0 319181.0 319181.0 319181.0 0.1152 0.1152 0.1152 43.916 43.916 43.916 
2780000.0 9679.0 320357.0 320357.0 320357.0 0.1152 0.1152 0.1152 44.557 44.557 44.557 
2790000.0 9708.0 321631.0 321631.0 321631.0 0.1153 0.1153 0.1153 42.604 42.604 42.604 
2800000.0 9736.0 322846.0 322846.0 322846.0 0.1153 0.1153 0.1153 44.058 44.058 44.058 
2810000.0 9768.0 324070.0 324070.0 324070.0 0.1153 0.1153 0.1153 41.876 41.876 41.876 
2820000.0 9796.0 325289.0 325289.0 325289.0 0.1154 0.1154 0.1154 42.494 42.494 42.494 
2830000.0 9826.0 326564.0 326564.0 326564.0 0.1154 0.1154 0.1154 42.814 42.814 42.814 
2840000.0 9857.0 327873.0 327873.0 327873.0 0.1154 0.1154 0.1154 42.539 42.539 42.539 
2850000.0 9888.0 329231.0 329231.0 329231.0 0.1155 0.1155 0.1155 42.791 42.791 42.791 
2860000.0 9919.0 330666.0 330666.0 330666.0 0.1156 0.1156 0.1156 43.829 43.829 43.829 
2870000.0 9949.0 331971.0 331971.0 331971.0 0.1157 0.1157 0.1157 44.566 44.566 44.566 
2880000.0 9979.0 333305.0 333305.0 333305.0 0.1157 0.1157 0.1157 45.062 45.062 45.062 
2890000.0 10008.0 334596.0 334596.0 334596.0 0.1158 0.1158 0.1158 43.534 43.534 43.534 
2900000.0 10038.0 335860.0 335860.0 335860.0 0.1158 0.1158 0.1158 42.9 42.9 42.9 
2910000.0 10067.0 337121.0 337121.0 337121.0 0.1158 0.1158 0.1158 44.231 44.231 44.231 
2920000.0 10095.0 338413.0 338413.0 338413.0 0.1159 0.1159 0.1159 43.484 43.484 43.484 
2930000.0 10125.0 339692.0 339692.0 339692.0 0.1159 0.1159 0.1159 43.573 43.573 43.573 
2940000.0 10152.0 340908.0 340908.0 340908.0 0.116 0.116 0.116 42.942 42.942 42.942 
2950000.0 10181.0 342114.0 342114.0 342114.0 0.116 0.116 0.116 43.622 43.622 43.622 
2960000.0 10212.0 343504.0 343504.0 343504.0 0.116 0.116 0.116 43.662 43.662 43.662 
2970000.0 10242.0 344871.0 344871.0 344871.0 0.1161 0.1161 0.1161 44.006 44.006 44.006 
2980000.0 10269.0 346135.0 346135.0 346135.0 0.1162 0.1162 0.1162 43.748 43.748 43.748 
2990000.0 10299.0 347356.0 347356.0 347356.0 0.1162 0.1162 0.1162 43.797 43.797 43.797 
3000000.0 10329.0 348654.0 348654.0 348654.0 0.1162 0.1162 0.1162 43.588 43.588 43.588 
3010000.0 10357.0 349962.0 349962.0 349962.0 0.1163 0.1163 0.1163 44.575 44.575 44.575 
3020000.0 10386.0 351247.0 351247.0 351247.0 0.1163 0.1163 0.1163 42.767 42.767 42.767 
3030000.0 10417.0 352532.0 352532.0 352532.0 0.1163 0.1163 0.1163 42.26 42.26 42.26 
3040000.0 10448.0 353780.0 353780.0 353780.0 0.1164 0.1164 0.1164 42.5 42.5 42.5 
3050000.0 10476.0 354760.0 354760.0 354760.0 0.1163 0.1163 0.1163 38.509 38.509 38.509 
3060000.0 10506.0 356058.0 356058.0 356058.0 0.1164 0.1164 0.1164 40.66 40.66 40.66 
3070000.0 10536.0 357334.0 357334.0 357334.0 0.1164 0.1164 0.1164 40.131 40.131 40.131 
3080000.0 10569.0 358711.0 358711.0 358711.0 0.1165 0.1165 0.1165 41.551 41.551 41.551 
3090000.0 10598.0 359990.0 359990.0 359990.0 0.1165 0.1165 0.1165 43.429 43.429 43.429 
3100000.0 10625.0 361207.0 361207.0 361207.0 0.1165 0.1165 0.1165 43.687 43.687 43.687 
3110000.0 10652.0 362360.0 362360.0 362360.0 0.1165 0.1165 0.1165 43.44 43.44 43.44 
3120000.0 10677.0 363504.0 363504.0 363504.0 0.1165 0.1165 0.1165 42.841 42.841 42.841 
3130000.0 10703.0 364626.0 364626.0 364626.0 0.1165 0.1165 0.1165 44.367 44.367 44.367 
3140000.0 10731.0 365925.0 365925.0 365925.0 0.1165 0.1165 0.1165 43.695 43.695 43.695 
3150000.0 10760.0 367175.0 367175.0 367175.0 0.1166 0.1166 0.1166 44.672 44.672 44.672 
3160000.0 10787.0 368343.0 368343.0 368343.0 0.1166 0.1166 0.1166 44.01 44.01 44.01 
3170000.0 10816.0 369603.0 369603.0 369603.0 0.1166 0.1166 0.1166 43.277 43.277 43.277 
3180000.0 10845.0 370943.0 370943.0 370943.0 0.1166 0.1166 0.1166 42.752 42.752 42.752 
3190000.0 10878.0 372272.0 372272.0 372272.0 0.1167 0.1167 0.1167 42.298 42.298 42.298 
3200000.0 10911.0 373582.0 373582.0 373582.0 0.1167 0.1167 0.1167 41.579 41.579 41.579 
3210000.0 10939.0 374827.0 374827.0 374827.0 0.1168 0.1168 0.1168 43.256 43.256 43.256 
3220000.0 10965.0 376006.0 376006.0 376006.0 0.1168 0.1168 0.1168 42.871 42.871 42.871 
3230000.0 10997.0 377247.0 377247.0 377247.0 0.1168 0.1168 0.1168 41.91 41.91 41.91 
3240000.0 11027.0 378511.0 378511.0 378511.0 0.1168 0.1168 0.1168 41.788 41.788 41.788 
3250000.0 11058.0 379736.0 379736.0 379736.0 0.1168 0.1168 0.1168 40.617 40.617 40.617 
3260000.0 11088.0 381023.0 381023.0 381023.0 0.1169 0.1169 0.1169 40.045 40.045 40.045 
3270000.0 11121.0 382302.0 382302.0 382302.0 0.1169 0.1169 0.1169 40.563 40.563 40.563 
3280000.0 11154.0 383682.0 383682.0 383682.0 0.117 0.117 0.117 40.426 40.426 40.426 
3290000.0 11184.0 385066.0 385066.0 385066.0 0.117 0.117 0.117 41.702 41.702 41.702 
3300000.0 11216.0 386403.0 386403.0 386403.0 0.1171 0.1171 0.1171 43.038 43.038 43.038 
3310000.0 11245.0 387543.0 387543.0 387543.0 0.1171 0.1171 0.1171 41.676 41.676 41.676 
3320000.0 11276.0 388906.0 388906.0 388906.0 0.1171 0.1171 0.1171 42.779 42.779 42.779 
3330000.0 11306.0 390217.0 390217.0 390217.0 0.1172 0.1172 0.1172 43.211 43.211 43.211 
3340000.0 11338.0 391601.0 391601.0 391601.0 0.1172 0.1172 0.1172 42.835 42.835 42.835 
3350000.0 11367.0 392854.0 392854.0 392854.0 0.1173 0.1173 0.1173 41.689 41.689 41.689 
3360000.0 11400.0 394168.0 394168.0 394168.0 0.1173 0.1173 0.1173 40.992 40.992 40.992 
3370000.0 11429.0 395400.0 395400.0 395400.0 0.1173 0.1173 0.1173 42.851 42.851 42.851 
3380000.0 11457.0 396711.0 396711.0 396711.0 0.1174 0.1174 0.1174 42.64 42.64 42.64 
3390000.0 11487.0 398017.0 398017.0 398017.0 0.1174 0.1174 0.1174 43.357 43.357 43.357 
3400000.0 11519.0 399376.0 399376.0 399376.0 0.1175 0.1175 0.1175 43.818 43.818 43.818 
3410000.0 11547.0 400623.0 400623.0 400623.0 0.1175 0.1175 0.1175 43.528 43.528 43.528 
3420000.0 11577.0 401809.0 401809.0 401809.0 0.1175 0.1175 0.1175 41.359 41.359 41.359 
3430000.0 11604.0 403089.0 403089.0 403089.0 0.1175 0.1175 0.1175 42.622 42.622 42.622 
3440000.0 11634.0 404352.0 404352.0 404352.0 0.1175 0.1175 0.1175 41.529 41.529 41.529 
3450000.0 11662.0 405614.0 405614.0 405614.0 0.1176 0.1176 0.1176 44.567 44.567 44.567 
3460000.0 11693.0 406904.0 406904.0 406904.0 0.1176 0.1176 0.1176 42.98 42.98 42.98 
3470000.0 11723.0 408227.0 408227.0 408227.0 0.1176 0.1176 0.1176 43.619 43.619 43.619 
3480000.0 11752.0 409597.0 409597.0 409597.0 0.1177 0.1177 0.1177 45.434 45.434 45.434 
3490000.0 11782.0 410950.0 410950.0 410950.0 0.1178 0.1178 0.1178 45.375 45.375 45.375 
3500000.0 11811.0 412225.0 412225.0 412225.0 0.1178 0.1178 0.1178 43.409 43.409 43.409 
3510000.0 11841.0 413572.0 413572.0 413572.0 0.1178 0.1178 0.1178 43.469 43.469 43.469 
3520000.0 11868.0 414842.0 414842.0 414842.0 0.1179 0.1179 0.1179 44.574 44.574 44.574 
3530000.0 11896.0 416095.0 416095.0 416095.0 0.1179 0.1179 0.1179 46.086 46.086 46.086 
3540000.0 11925.0 417398.0 417398.0 417398.0 0.1179 0.1179 0.1179 44.986 44.986 44.986 
3550000.0 11950.0 418559.0 418559.0 418559.0 0.1179 0.1179 0.1179 46.153 46.153 46.153 
3560000.0 11979.0 419822.0 419822.0 419822.0 0.1179 0.1179 0.1179 44.383 44.383 44.383 
3570000.0 12010.0 421037.0 421037.0 421037.0 0.1179 0.1179 0.1179 42.102 42.102 42.102 
3580000.0 12042.0 422336.0 422336.0 422336.0 0.118 0.118 0.118 41.117 41.117 41.117 
3590000.0 12072.0 423623.0 423623.0 423623.0 0.118 0.118 0.118 42.265 42.265 42.265 
3600000.0 12099.0 424969.0 424969.0 424969.0 0.118 0.118 0.118 43.097 43.097 43.097 
3610000.0 12127.0 426179.0 426179.0 426179.0 0.1181 0.1181 0.1181 45.289 45.289 45.289 
3620000.0 12155.0 427413.0 427413.0 427413.0 0.1181 0.1181 0.1181 44.758 44.758 44.758 
3630000.0 12180.0 428538.0 428538.0 428538.0 0.1181 0.1181 0.1181 44.025 44.025 44.025 
3640000.0 12209.0 429838.0 429838.0 429838.0 0.1181 0.1181 0.1181 44.839 44.839 44.839 
3650000.0 12236.0 431076.0 431076.0 431076.0 0.1181 0.1181 0.1181 45.318 45.318 45.318 
3660000.0 12265.0 432396.0 432396.0 432396.0 0.1181 0.1181 0.1181 45.684 45.684 45.684 
3670000.0 12293.0 433627.0 433627.0 433627.0 0.1182 0.1182 0.1182 44.624 44.624 44.624 
3680000.0 12323.0 434876.0 434876.0 434876.0 0.1182 0.1182 0.1182 43.301 43.301 43.301 
3690000.0 12355.0 436193.0 436193.0 436193.0 0.1182 0.1182 0.1182 42.068 42.068 42.068 
3700000.0 12384.0 437543.0 437543.0 437543.0 0.1183 0.1183 0.1183 42.132 42.132 42.132 
3710000.0 12412.0 438707.0 438707.0 438707.0 0.1182 0.1182 0.1182 43.69 43.69 43.69 
3720000.0 12442.0 439997.0 439997.0 439997.0 0.1183 0.1183 0.1183 43.142 43.142 43.142 
3730000.0 12471.0 441215.0 441215.0 441215.0 0.1183 0.1183 0.1183 42.353 42.353 42.353 
3740000.0 12501.0 442475.0 442475.0 442475.0 0.1183 0.1183 0.1183 42.555 42.555 42.555 
3750000.0 12530.0 443783.0 443783.0 443783.0 0.1183 0.1183 0.1183 43.506 43.506 43.506 
3760000.0 12559.0 445119.0 445119.0 445119.0 0.1184 0.1184 0.1184 44.862 44.862 44.862 
3770000.0 12588.0 446262.0 446262.0 446262.0 0.1184 0.1184 0.1184 42.497 42.497 42.497 
3780000.0 12618.0 447651.0 447651.0 447651.0 0.1184 0.1184 0.1184 42.99 42.99 42.99 
3790000.0 12648.0 448962.0 448962.0 448962.0 0.1185 0.1185 0.1185 43.861 43.861 43.861 
3800000.0 12677.0 450317.0 450317.0 450317.0 0.1185 0.1185 0.1185 45.139 45.139 45.139 
3810000.0 12704.0 451558.0 451558.0 451558.0 0.1185 0.1185 0.1185 45.524 45.524 45.524 
3820000.0 12735.0 452934.0 452934.0 452934.0 0.1186 0.1186 0.1186 44.056 44.056 44.056 
3830000.0 12765.0 454239.0 454239.0 454239.0 0.1186 0.1186 0.1186 44.451 44.451 44.451 
3840000.0 12795.0 455575.0 455575.0 455575.0 0.1186 0.1186 0.1186 43.547 43.547 43.547 
3850000.0 12825.0 456926.0 456926.0 456926.0 0.1187 0.1187 0.1187 42.918 42.918 42.918 
3860000.0 12855.0 458125.0 458125.0 458125.0 0.1187 0.1187 0.1187 42.536 42.536 42.536 
3870000.0 12882.0 459387.0 459387.0 459387.0 0.1187 0.1187 0.1187 43.259 43.259 43.259 
3880000.0 12909.0 460628.0 460628.0 460628.0 0.1187 0.1187 0.1187 43.718 43.718 43.718 
3890000.0 12938.0 461809.0 461809.0 461809.0 0.1187 0.1187 0.1187 43.748 43.748 43.748 
3900000.0 12969.0 463094.0 463094.0 463094.0 0.1187 0.1187 0.1187 42.636 42.636 42.636 
3910000.0 12999.0 464300.0 464300.0 464300.0 0.1187 0.1187 0.1187 40.89 40.89 40.89 
3920000.0 13026.0 465491.0 465491.0 465491.0 0.1187 0.1187 0.1187 42.103 42.103 42.103 
3930000.0 13055.0 466748.0 466748.0 466748.0 0.1188 0.1188 0.1188 42.632 42.632 42.632 
3940000.0 13084.0 467979.0 467979.0 467979.0 0.1188 0.1188 0.1188 42.879 42.879 42.879 
3950000.0 13114.0 469204.0 469204.0 469204.0 0.1188 0.1188 0.1188 42.166 42.166 42.166 
3960000.0 13143.0 470395.0 470395.0 470395.0 0.1188 0.1188 0.1188 41.763 41.763 41.763 
3970000.0 13170.0 471550.0 471550.0 471550.0 0.1188 0.1188 0.1188 42.011 42.011 42.011 
3980000.0 13200.0 472860.0 472860.0 472860.0 0.1188 0.1188 0.1188 41.677 41.677 41.677 
3990000.0 13230.0 474167.0 474167.0 474167.0 0.1188 0.1188 0.1188 41.441 41.441 41.441 
4000000.0 13259.0 475385.0 475385.0 475385.0 0.1188 0.1188 0.1188 42.999 42.999 42.999 
4010000.0 13289.0 476708.0 476708.0 476708.0 0.1189 0.1189 0.1189 42.838 42.838 42.838 
4020000.0 13319.0 477965.0 477965.0 477965.0 0.1189 0.1189 0.1189 42.588 42.588 42.588 
4030000.0 13350.0 479235.0 479235.0 479235.0 0.1189 0.1189 0.1189 41.856 41.856 41.856 
4040000.0 13380.0 480536.0 480536.0 480536.0 0.1189 0.1189 0.1189 42.373 42.373 42.373 
4050000.0 13411.0 481910.0 481910.0 481910.0 0.119 0.119 0.119 42.928 42.928 42.928 
4060000.0 13440.0 483278.0 483278.0 483278.0 0.119 0.119 0.119 43.68 43.68 43.68 
4070000.0 13468.0 484536.0 484536.0 484536.0 0.1191 0.1191 0.1191 44.824 44.824 44.824 
4080000.0 13500.0 485807.0 485807.0 485807.0 0.1191 0.1191 0.1191 43.091 43.091 43.091 
4090000.0 13533.0 487193.0 487193.0 487193.0 0.1191 0.1191 0.1191 41.872 41.872 41.872 
4100000.0 13564.0 488518.0 488518.0 488518.0 0.1192 0.1192 0.1192 42.306 42.306 42.306 
4110000.0 13596.0 489838.0 489838.0 489838.0 0.1192 0.1192 0.1192 41.635 41.635 41.635 
4120000.0 13626.0 491164.0 491164.0 491164.0 0.1192 0.1192 0.1192 41.571 41.571 41.571 
4130000.0 13656.0 492423.0 492423.0 492423.0 0.1192 0.1192 0.1192 42.262 42.262 42.262 
4140000.0 13684.0 493711.0 493711.0 493711.0 0.1193 0.1193 0.1193 44.52 44.52 44.52 
4150000.0 13716.0 495124.0 495124.0 495124.0 0.1193 0.1193 0.1193 43.082 43.082 43.082 
4160000.0 13745.0 496410.0 496410.0 496410.0 0.1193 0.1193 0.1193 44.668 44.668 44.668 
4170000.0 13772.0 497666.0 497666.0 497666.0 0.1193 0.1193 0.1193 45.529 45.529 45.529 
4180000.0 13803.0 499023.0 499023.0 499023.0 0.1194 0.1194 0.1194 44.509 44.509 44.509 
4190000.0 13833.0 500403.0 500403.0 500403.0 0.1194 0.1194 0.1194 44.218 44.218 44.218 
4200000.0 13857.0 501559.0 501559.0 501559.0 0.1194 0.1194 0.1194 44.868 44.868 44.868 
4210000.0 13887.0 502901.0 502901.0 502901.0 0.1195 0.1195 0.1195 45.02 45.02 45.02 
4220000.0 13914.0 504217.0 504217.0 504217.0 0.1195 0.1195 0.1195 44.964 44.964 44.964 
4230000.0 13941.0 505414.0 505414.0 505414.0 0.1195 0.1195 0.1195 45.045 45.045 45.045 
4240000.0 13970.0 506672.0 506672.0 506672.0 0.1195 0.1195 0.1195 45.348 45.348 45.348 
4250000.0 13999.0 507983.0 507983.0 507983.0 0.1195 0.1195 0.1195 44.83 44.83 44.83 
4260000.0 14030.0 509348.0 509348.0 509348.0 0.1196 0.1196 0.1196 44.783 44.783 44.783 
4270000.0 14062.0 510763.0 510763.0 510763.0 0.1196 0.1196 0.1196 43.874 43.874 43.874 
4280000.0 14094.0 512069.0 512069.0 512069.0 0.1196 0.1196 0.1196 42.46 42.46 42.46 
4290000.0 14124.0 513425.0 513425.0 513425.0 0.1197 0.1197 0.1197 43.752 43.752 43.752 
4300000.0 14154.0 514724.0 514724.0 514724.0 0.1197 0.1197 0.1197 43.388 43.388 43.388 
4310000.0 14184.0 515998.0 515998.0 515998.0 0.1197 0.1197 0.1197 42.866 42.866 42.866 
4320000.0 14214.0 517339.0 517339.0 517339.0 0.1198 0.1198 0.1198 43.274 43.274 43.274 
4330000.0 14245.0 518718.0 518718.0 518718.0 0.1198 0.1198 0.1198 43.976 43.976 43.976 
4340000.0 14274.0 519969.0 519969.0 519969.0 0.1198 0.1198 0.1198 42.805 42.805 42.805 
4350000.0 14302.0 521204.0 521204.0 521204.0 0.1198 0.1198 0.1198 43.773 43.773 43.773 
4360000.0 14331.0 522413.0 522413.0 522413.0 0.1198 0.1198 0.1198 42.815 42.815 42.815 
4370000.0 14360.0 523742.0 523742.0 523742.0 0.1198 0.1198 0.1198 44.242 44.242 44.242 
4380000.0 14388.0 525078.0 525078.0 525078.0 0.1199 0.1199 0.1199 44.372 44.372 44.372 
4390000.0 14418.0 526323.0 526323.0 526323.0 0.1199 0.1199 0.1199 44.377 44.377 44.377 
4400000.0 14445.0 527573.0 527573.0 527573.0 0.1199 0.1199 0.1199 44.218 44.218 44.218 
4410000.0 14472.0 528788.0 528788.0 528788.0 0.1199 0.1199 0.1199 44.568 44.568 44.568 
4420000.0 14499.0 530005.0 530005.0 530005.0 0.1199 0.1199 0.1199 44.551 44.551 44.551 
4430000.0 14525.0 531227.0 531227.0 531227.0 0.1199 0.1199 0.1199 45.893 45.893 45.893 
4440000.0 14554.0 532526.0 532526.0 532526.0 0.1199 0.1199 0.1199 45.33 45.33 45.33 
4450000.0 14585.0 533694.0 533694.0 533694.0 0.1199 0.1199 0.1199 42.063 42.063 42.063 
4460000.0 14615.0 535041.0 535041.0 535041.0 0.12 0.12 0.12 43.399 43.399 43.399 
4470000.0 14646.0 536344.0 536344.0 536344.0 0.12 0.12 0.12 42.512 42.512 42.512 
4480000.0 14677.0 537727.0 537727.0 537727.0 0.12 0.12 0.12 43.836 43.836 43.836 
4490000.0 14709.0 539028.0 539028.0 539028.0 0.1201 0.1201 0.1201 42.229 42.229 42.229 
4500000.0 14737.0 540294.0 540294.0 540294.0 0.1201 0.1201 0.1201 43.453 43.453 43.453 
4510000.0 14766.0 541621.0 541621.0 541621.0 0.1201 0.1201 0.1201 43.515 43.515 43.515 
4520000.0 14795.0 542918.0 542918.0 542918.0 0.1201 0.1201 0.1201 45.15 45.15 45.15 
4530000.0 14823.0 544206.0 544206.0 544206.0 0.1201 0.1201 0.1201 44.179 44.179 44.179 
4540000.0 14853.0 545498.0 545498.0 545498.0 0.1202 0.1202 0.1202 43.531 43.531 43.531 
4550000.0 14880.0 546699.0 546699.0 546699.0 0.1202 0.1202 0.1202 43.97 43.97 43.97 
4560000.0 14909.0 548002.0 548002.0 548002.0 0.1202 0.1202 0.1202 45.056 45.056 45.056 
4570000.0 14938.0 549319.0 549319.0 549319.0 0.1202 0.1202 0.1202 45.192 45.192 45.192 
4580000.0 14966.0 550575.0 550575.0 550575.0 0.1202 0.1202 0.1202 45.247 45.247 45.247 
4590000.0 14994.0 551862.0 551862.0 551862.0 0.1202 0.1202 0.1202 44.31 44.31 44.31 
4600000.0 15022.0 553118.0 553118.0 553118.0 0.1202 0.1202 0.1202 45.094 45.094 45.094 
4610000.0 15049.0 554361.0 554361.0 554361.0 0.1203 0.1203 0.1203 45.488 45.488 45.488 
4620000.0 15077.0 555537.0 555537.0 555537.0 0.1202 0.1202 0.1202 44.749 44.749 44.749 
4630000.0 15105.0 556778.0 556778.0 556778.0 0.1203 0.1203 0.1203 44.086 44.086 44.086 
4640000.0 15135.0 558032.0 558032.0 558032.0 0.1203 0.1203 0.1203 43.258 43.258 43.258 
4650000.0 15162.0 559358.0 559358.0 559358.0 0.1203 0.1203 0.1203 43.31 43.31 43.31 
4660000.0 15195.0 560660.0 560660.0 560660.0 0.1203 0.1203 0.1203 42.847 42.847 42.847 
4670000.0 15225.0 561931.0 561931.0 561931.0 0.1203 0.1203 0.1203 42.375 42.375 42.375 
4680000.0 15259.0 563301.0 563301.0 563301.0 0.1204 0.1204 0.1204 40.906 40.906 40.906 
4690000.0 15291.0 564624.0 564624.0 564624.0 0.1204 0.1204 0.1204 41.139 41.139 41.139 
4700000.0 15321.0 565919.0 565919.0 565919.0 0.1204 0.1204 0.1204 41.723 41.723 41.723 
4710000.0 15351.0 567260.0 567260.0 567260.0 0.1204 0.1204 0.1204 41.783 41.783 41.783 
4720000.0 15381.0 568520.0 568520.0 568520.0 0.1204 0.1204 0.1204 41.592 41.592 41.592 
4730000.0 15408.0 569741.0 569741.0 569741.0 0.1205 0.1205 0.1205 42.174 42.174 42.174 
4740000.0 15439.0 571074.0 571074.0 571074.0 0.1205 0.1205 0.1205 44.149 44.149 44.149 
4750000.0 15468.0 572406.0 572406.0 572406.0 0.1205 0.1205 0.1205 44.224 44.224 44.224 
4760000.0 15497.0 573684.0 573684.0 573684.0 0.1205 0.1205 0.1205 44.995 44.995 44.995 
4770000.0 15526.0 574989.0 574989.0 574989.0 0.1205 0.1205 0.1205 45.361 45.361 45.361 
4780000.0 15557.0 576292.0 576292.0 576292.0 0.1206 0.1206 0.1206 44.158 44.158 44.158 
4790000.0 15586.0 577631.0 577631.0 577631.0 0.1206 0.1206 0.1206 44.791 44.791 44.791 
4800000.0 15615.0 578938.0 578938.0 578938.0 0.1206 0.1206 0.1206 43.476 43.476 43.476 
4810000.0 15645.0 580171.0 580171.0 580171.0 0.1206 0.1206 0.1206 43.288 43.288 43.288 
4820000.0 15674.0 581498.0 581498.0 581498.0 0.1206 0.1206 0.1206 44.687 44.687 44.687 
4830000.0 15702.0 582675.0 582675.0 582675.0 0.1206 0.1206 0.1206 43.138 43.138 43.138 
4840000.0 15732.0 583925.0 583925.0 583925.0 0.1206 0.1206 0.1206 42.611 42.611 42.611 
4850000.0 15759.0 585253.0 585253.0 585253.0 0.1207 0.1207 0.1207 43.091 43.091 43.091 
4860000.0 15792.0 586569.0 586569.0 586569.0 0.1207 0.1207 0.1207 42.844 42.844 42.844 
4870000.0 15821.0 587913.0 587913.0 587913.0 0.1207 0.1207 0.1207 44.454 44.454 44.454 
4880000.0 15851.0 589204.0 589204.0 589204.0 0.1207 0.1207 0.1207 43.952 43.952 43.952 
4890000.0 15879.0 590514.0 590514.0 590514.0 0.1208 0.1208 0.1208 43.601 43.601 43.601 
4900000.0 15906.0 591742.0 591742.0 591742.0 0.1208 0.1208 0.1208 44.177 44.177 44.177 
4910000.0 15939.0 593131.0 593131.0 593131.0 0.1208 0.1208 0.1208 42.653 42.653 42.653 
4920000.0 15966.0 594349.0 594349.0 594349.0 0.1208 0.1208 0.1208 43.595 43.595 43.595 
4930000.0 15993.0 595554.0 595554.0 595554.0 0.1208 0.1208 0.1208 43.808 43.808 43.808 
4940000.0 16023.0 596786.0 596786.0 596786.0 0.1208 0.1208 0.1208 42.887 42.887 42.887 
4950000.0 16055.0 598092.0 598092.0 598092.0 0.1208 0.1208 0.1208 42.833 42.833 42.833 
4960000.0 16086.0 599273.0 599273.0 599273.0 0.1208 0.1208 0.1208 40.816 40.816 40.816 
4970000.0 16115.0 600606.0 600606.0 600606.0 0.1208 0.1208 0.1208 42.968 42.968 42.968 
4980000.0 16144.0 601908.0 601908.0 601908.0 0.1209 0.1209 0.1209 44.349 44.349 44.349 
4990000.0 16171.0 603067.0 603067.0 603067.0 0.1209 0.1209 0.1209 43.863 43.863 43.863 
5000000.0 16200.0 604363.0 604363.0 604363.0 0.1209 0.1209 0.1209 42.987 42.987 42.987 
5010000.0 16229.0 605581.0 605581.0 605581.0 0.1209 0.1209 0.1209 43.566 43.566 43.566 
5020000.0 16259.0 606906.0 606906.0 606906.0 0.1209 0.1209 0.1209 44.065 44.065 44.065 
5030000.0 16290.0 608313.0 608313.0 608313.0 0.1209 0.1209 0.1209 43.249 43.249 43.249 
5040000.0 16320.0 609671.0 609671.0 609671.0 0.121 0.121 0.121 44.006 44.006 44.006 
5050000.0 16350.0 610940.0 610940.0 610940.0 0.121 0.121 0.121 44.23 44.23 44.23 
5060000.0 16380.0 612304.0 612304.0 612304.0 0.121 0.121 0.121 43.489 43.489 43.489 
5070000.0 16410.0 613570.0 613570.0 613570.0 0.121 0.121 0.121 43.78 43.78 43.78 
5080000.0 16440.0 615043.0 615043.0 615043.0 0.1211 0.1211 0.1211 44.352 44.352 44.352 
5090000.0 16470.0 616304.0 616304.0 616304.0 0.1211 0.1211 0.1211 43.288 43.288 43.288 
5100000.0 16500.0 617562.0 617562.0 617562.0 0.1211 0.1211 0.1211 43.73 43.73 43.73 
5110000.0 16529.0 618875.0 618875.0 618875.0 0.1211 0.1211 0.1211 44.277 44.277 44.277 
5120000.0 16558.0 620167.0 620167.0 620167.0 0.1211 0.1211 0.1211 44.875 44.875 44.875 
5130000.0 16587.0 621408.0 621408.0 621408.0 0.1211 0.1211 0.1211 42.478 42.478 42.478 
5140000.0 16617.0 622644.0 622644.0 622644.0 0.1211 0.1211 0.1211 43.167 43.167 43.167 
5150000.0 16647.0 624042.0 624042.0 624042.0 0.1212 0.1212 0.1212 43.131 43.131 43.131 
5160000.0 16674.0 625293.0 625293.0 625293.0 0.1212 0.1212 0.1212 43.233 43.233 43.233 
5170000.0 16704.0 626640.0 626640.0 626640.0 0.1212 0.1212 0.1212 44.264 44.264 44.264 
5180000.0 16734.0 627965.0 627965.0 627965.0 0.1212 0.1212 0.1212 43.267 43.267 43.267 
5190000.0 16766.0 629276.0 629276.0 629276.0 0.1212 0.1212 0.1212 44.118 44.118 44.118 
5200000.0 16797.0 630611.0 630611.0 630611.0 0.1213 0.1213 0.1213 42.786 42.786 42.786 
5210000.0 16829.0 631980.0 631980.0 631980.0 0.1213 0.1213 0.1213 43.558 43.558 43.558 
5220000.0 16860.0 633380.0 633380.0 633380.0 0.1213 0.1213 0.1213 43.403 43.403 43.403 
5230000.0 16890.0 634713.0 634713.0 634713.0 0.1214 0.1214 0.1214 43.435 43.435 43.435 
5240000.0 16919.0 636016.0 636016.0 636016.0 0.1214 0.1214 0.1214 45.029 45.029 45.029 
5250000.0 16947.0 637350.0 637350.0 637350.0 0.1214 0.1214 0.1214 44.801 44.801 44.801 
5260000.0 16977.0 638697.0 638697.0 638697.0 0.1214 0.1214 0.1214 44.293 44.293 44.293 
5270000.0 17005.0 639956.0 639956.0 639956.0 0.1214 0.1214 0.1214 45.29 45.29 45.29 
5280000.0 17033.0 641201.0 641201.0 641201.0 0.1214 0.1214 0.1214 45.37 45.37 45.37 
5290000.0 17065.0 642573.0 642573.0 642573.0 0.1215 0.1215 0.1215 44.434 44.434 44.434 
5300000.0 17094.0 643903.0 643903.0 643903.0 0.1215 0.1215 0.1215 43.924 43.924 43.924 
5310000.0 17125.0 645219.0 645219.0 645219.0 0.1215 0.1215 0.1215 44.406 44.406 44.406 
5320000.0 17155.0 646405.0 646405.0 646405.0 0.1215 0.1215 0.1215 42.351 42.351 42.351 
5330000.0 17187.0 647632.0 647632.0 647632.0 0.1215 0.1215 0.1215 39.449 39.449 39.449 
5340000.0 17216.0 648916.0 648916.0 648916.0 0.1215 0.1215 0.1215 42.04 42.04 42.04 
5350000.0 17244.0 650239.0 650239.0 650239.0 0.1215 0.1215 0.1215 42.867 42.867 42.867 
5360000.0 17275.0 651565.0 651565.0 651565.0 0.1216 0.1216 0.1216 44.023 44.023 44.023 
5370000.0 17303.0 652727.0 652727.0 652727.0 0.1216 0.1216 0.1216 43.195 43.195 43.195 
5380000.0 17334.0 653944.0 653944.0 653944.0 0.1216 0.1216 0.1216 41.321 41.321 41.321 
5390000.0 17363.0 655267.0 655267.0 655267.0 0.1216 0.1216 0.1216 42.894 42.894 42.894 
5400000.0 17394.0 656595.0 656595.0 656595.0 0.1216 0.1216 0.1216 42.736 42.736 42.736 
5410000.0 17424.0 657942.0 657942.0 657942.0 0.1216 0.1216 0.1216 43.472 43.472 43.472 
5420000.0 17452.0 659252.0 659252.0 659252.0 0.1216 0.1216 0.1216 44.532 44.532 44.532 
5430000.0 17483.0 660593.0 660593.0 660593.0 0.1217 0.1217 0.1217 44.48 44.48 44.48 
5440000.0 17513.0 661947.0 661947.0 661947.0 0.1217 0.1217 0.1217 44.722 44.722 44.722 
5450000.0 17541.0 663225.0 663225.0 663225.0 0.1217 0.1217 0.1217 44.373 44.373 44.373 
5460000.0 17572.0 664617.0 664617.0 664617.0 0.1217 0.1217 0.1217 44.897 44.897 44.897 
5470000.0 17604.0 665962.0 665962.0 665962.0 0.1217 0.1217 0.1217 43.354 43.354 43.354 
5480000.0 17634.0 667284.0 667284.0 667284.0 0.1218 0.1218 0.1218 43.079 43.079 43.079 
5490000.0 17664.0 668577.0 668577.0 668577.0 0.1218 0.1218 0.1218 42.386 42.386 42.386 
5500000.0 17692.0 669774.0 669774.0 669774.0 0.1218 0.1218 0.1218 43.647 43.647 43.647 
5510000.0 17724.0 671023.0 671023.0 671023.0 0.1218 0.1218 0.1218 41.728 41.728 41.728 
5520000.0 17753.0 672358.0 672358.0 672358.0 0.1218 0.1218 0.1218 43.647 43.647 43.647 
5530000.0 17785.0 673762.0 673762.0 673762.0 0.1218 0.1218 0.1218 43.916 43.916 43.916 
5540000.0 17811.0 674904.0 674904.0 674904.0 0.1218 0.1218 0.1218 43.926 43.926 43.926 
5550000.0 17841.0 676259.0 676259.0 676259.0 0.1218 0.1218 0.1218 43.419 43.419 43.419 
5560000.0 17872.0 677674.0 677674.0 677674.0 0.1219 0.1219 0.1219 45.385 45.385 45.385 
5570000.0 17903.0 678952.0 678952.0 678952.0 0.1219 0.1219 0.1219 43.704 43.704 43.704 
5580000.0 17929.0 680225.0 680225.0 680225.0 0.1219 0.1219 0.1219 46.069 46.069 46.069 
5590000.0 17963.0 681561.0 681561.0 681561.0 0.1219 0.1219 0.1219 43.43 43.43 43.43 
5600000.0 17993.0 682911.0 682911.0 682911.0 0.1219 0.1219 0.1219 44.115 44.115 44.115 
5610000.0 18022.0 684215.0 684215.0 684215.0 0.122 0.122 0.122 44.726 44.726 44.726 
5620000.0 18051.0 685510.0 685510.0 685510.0 0.122 0.122 0.122 43.205 43.205 43.205 
5630000.0 18081.0 686844.0 686844.0 686844.0 0.122 0.122 0.122 43.801 43.801 43.801 
5640000.0 18111.0 688226.0 688226.0 688226.0 0.122 0.122 0.122 43.753 43.753 43.753 
5650000.0 18144.0 689555.0 689555.0 689555.0 0.122 0.122 0.122 43.4 43.4 43.4 
5660000.0 18174.0 690959.0 690959.0 690959.0 0.1221 0.1221 0.1221 43.953 43.953 43.953 
5670000.0 18204.0 692264.0 692264.0 692264.0 0.1221 0.1221 0.1221 44.319 44.319 44.319 
5680000.0 18233.0 693612.0 693612.0 693612.0 0.1221 0.1221 0.1221 45.185 45.185 45.185 
5690000.0 18264.0 694939.0 694939.0 694939.0 0.1221 0.1221 0.1221 43.884 43.884 43.884 
5700000.0 18292.0 696251.0 696251.0 696251.0 0.1221 0.1221 0.1221 45.111 45.111 45.111 
5710000.0 18321.0 697480.0 697480.0 697480.0 0.1222 0.1222 0.1222 43.771 43.771 43.771 
5720000.0 18350.0 698824.0 698824.0 698824.0 0.1222 0.1222 0.1222 44.825 44.825 44.825 
5730000.0 18380.0 700146.0 700146.0 700146.0 0.1222 0.1222 0.1222 44.689 44.689 44.689 
5740000.0 18409.0 701462.0 701462.0 701462.0 0.1222 0.1222 0.1222 45.222 45.222 45.222 
5750000.0 18439.0 702795.0 702795.0 702795.0 0.1222 0.1222 0.1222 45.243 45.243 45.243 
5760000.0 18468.0 704043.0 704043.0 704043.0 0.1222 0.1222 0.1222 44.151 44.151 44.151 
5770000.0 18497.0 705390.0 705390.0 705390.0 0.1223 0.1223 0.1223 44.403 44.403 44.403 
5780000.0 18525.0 706728.0 706728.0 706728.0 0.1223 0.1223 0.1223 44.862 44.862 44.862 
5790000.0 18551.0 707898.0 707898.0 707898.0 0.1223 0.1223 0.1223 46.138 46.138 46.138 
5800000.0 18579.0 709215.0 709215.0 709215.0 0.1223 0.1223 0.1223 44.855 44.855 44.855 
5810000.0 18612.0 710554.0 710554.0 710554.0 0.1223 0.1223 0.1223 43.826 43.826 43.826 
5820000.0 18639.0 711728.0 711728.0 711728.0 0.1223 0.1223 0.1223 43.686 43.686 43.686 
5830000.0 18666.0 713064.0 713064.0 713064.0 0.1223 0.1223 0.1223 44.201 44.201 44.201 
5840000.0 18693.0 714249.0 714249.0 714249.0 0.1223 0.1223 0.1223 44.128 44.128 44.128 
5850000.0 18720.0 715503.0 715503.0 715503.0 0.1223 0.1223 0.1223 45.293 45.293 45.293 
5860000.0 18747.0 716785.0 716785.0 716785.0 0.1223 0.1223 0.1223 45.052 45.052 45.052 
5870000.0 18778.0 718098.0 718098.0 718098.0 0.1223 0.1223 0.1223 45.166 45.166 45.166 
5880000.0 18808.0 719437.0 719437.0 719437.0 0.1224 0.1224 0.1224 45.416 45.416 45.416 
5890000.0 18837.0 720724.0 720724.0 720724.0 0.1224 0.1224 0.1224 44.657 44.657 44.657 
5900000.0 18867.0 722095.0 722095.0 722095.0 0.1224 0.1224 0.1224 43.97 43.97 43.97 
5910000.0 18900.0 723510.0 723510.0 723510.0 0.1224 0.1224 0.1224 43.323 43.323 43.323 
5920000.0 18927.0 724745.0 724745.0 724745.0 0.1224 0.1224 0.1224 44.142 44.142 44.142 
5930000.0 18957.0 726071.0 726071.0 726071.0 0.1224 0.1224 0.1224 44.892 44.892 44.892 
5940000.0 18984.0 727387.0 727387.0 727387.0 0.1225 0.1225 0.1225 44.831 44.831 44.831 
5950000.0 19012.0 728670.0 728670.0 728670.0 0.1225 0.1225 0.1225 46.037 46.037 46.037 
5960000.0 19041.0 730028.0 730028.0 730028.0 0.1225 0.1225 0.1225 44.753 44.753 44.753 
5970000.0 19071.0 731318.0 731318.0 731318.0 0.1225 0.1225 0.1225 43.772 43.772 43.772 
5980000.0 19101.0 732674.0 732674.0 732674.0 0.1225 0.1225 0.1225 44.15 44.15 44.15 
5990000.0 19130.0 733967.0 733967.0 733967.0 0.1225 0.1225 0.1225 45.869 45.869 45.869 
6000000.0 19159.0 735251.0 735251.0 735251.0 0.1225 0.1225 0.1225 45.204 45.204 45.204 
6010000.0 19189.0 736516.0 736516.0 736516.0 0.1225 0.1225 0.1225 44.285 44.285 44.285 
6020000.0 19218.0 737831.0 737831.0 737831.0 0.1226 0.1226 0.1226 43.849 43.849 43.849 
6030000.0 19250.0 739088.0 739088.0 739088.0 0.1226 0.1226 0.1226 42.706 42.706 42.706 
6040000.0 19278.0 740436.0 740436.0 740436.0 0.1226 0.1226 0.1226 43.245 43.245 43.245 
6050000.0 19310.0 741699.0 741699.0 741699.0 0.1226 0.1226 0.1226 42.838 42.838 42.838 
6060000.0 19339.0 742942.0 742942.0 742942.0 0.1226 0.1226 0.1226 42.612 42.612 42.612 
6070000.0 19368.0 744270.0 744270.0 744270.0 0.1226 0.1226 0.1226 42.653 42.653 42.653 
6080000.0 19396.0 745584.0 745584.0 745584.0 0.1226 0.1226 0.1226 46.076 46.076 46.076 
6090000.0 19426.0 746915.0 746915.0 746915.0 0.1226 0.1226 0.1226 45.03 45.03 45.03 
6100000.0 19455.0 748252.0 748252.0 748252.0 0.1227 0.1227 0.1227 44.247 44.247 44.247 
6110000.0 19486.0 749610.0 749610.0 749610.0 0.1227 0.1227 0.1227 45.154 45.154 45.154 
6120000.0 19515.0 750877.0 750877.0 750877.0 0.1227 0.1227 0.1227 44.422 44.422 44.422 
6130000.0 19543.0 752225.0 752225.0 752225.0 0.1227 0.1227 0.1227 46.408 46.408 46.408 
6140000.0 19573.0 753566.0 753566.0 753566.0 0.1227 0.1227 0.1227 45.828 45.828 45.828 
6150000.0 19605.0 754944.0 754944.0 754944.0 0.1228 0.1228 0.1228 44.016 44.016 44.016 
6160000.0 19633.0 756261.0 756261.0 756261.0 0.1228 0.1228 0.1228 45.798 45.798 45.798 
6170000.0 19664.0 757607.0 757607.0 757607.0 0.1228 0.1228 0.1228 45.231 45.231 45.231 
6180000.0 19693.0 758929.0 758929.0 758929.0 0.1228 0.1228 0.1228 45.563 45.563 45.563 
6190000.0 19725.0 760211.0 760211.0 760211.0 0.1228 0.1228 0.1228 41.857 41.857 41.857 
6200000.0 19756.0 761573.0 761573.0 761573.0 0.1228 0.1228 0.1228 43.392 43.392 43.392 
6210000.0 19785.0 762914.0 762914.0 762914.0 0.1229 0.1229 0.1229 43.385 43.385 43.385 
6220000.0 19817.0 764242.0 764242.0 764242.0 0.1229 0.1229 0.1229 43.333 43.333 43.333 
6230000.0 19843.0 765496.0 765496.0 765496.0 0.1229 0.1229 0.1229 45.376 45.376 45.376 
6240000.0 19872.0 766794.0 766794.0 766794.0 0.1229 0.1229 0.1229 43.658 43.658 43.658 
6250000.0 19902.0 768126.0 768126.0 768126.0 0.1229 0.1229 0.1229 44.081 44.081 44.081 
6260000.0 19932.0 769419.0 769419.0 769419.0 0.1229 0.1229 0.1229 44.56 44.56 44.56 
6270000.0 19956.0 770660.0 770660.0 770660.0 0.1229 0.1229 0.1229 44.857 44.857 44.857 
6280000.0 19983.0 771862.0 771862.0 771862.0 0.1229 0.1229 0.1229 45.403 45.403 45.403 
6290000.0 20010.0 773077.0 773077.0 773077.0 0.1229 0.1229 0.1229 45.475 45.475 45.475 
6300000.0 20038.0 774402.0 774402.0 774402.0 0.1229 0.1229 0.1229 46.731 46.731 46.731 
6310000.0 20067.0 775768.0 775768.0 775768.0 0.1229 0.1229 0.1229 45.331 45.331 45.331 
6320000.0 20094.0 777027.0 777027.0 777027.0 0.1229 0.1229 0.1229 45.644 45.644 45.644 
6330000.0 20119.0 778152.0 778152.0 778152.0 0.1229 0.1229 0.1229 46.9 46.9 46.9 
6340000.0 20146.0 779401.0 779401.0 779401.0 0.1229 0.1229 0.1229 45.974 45.974 45.974 
6350000.0 20177.0 780660.0 780660.0 780660.0 0.1229 0.1229 0.1229 44.62 44.62 44.62 
6360000.0 20208.0 781983.0 781983.0 781983.0 0.123 0.123 0.123 43.598 43.598 43.598 
6370000.0 20235.0 783253.0 783253.0 783253.0 0.123 0.123 0.123 44.486 44.486 44.486 
6380000.0 20262.0 784465.0 784465.0 784465.0 0.123 0.123 0.123 44.384 44.384 44.384 
6390000.0 20289.0 785677.0 785677.0 785677.0 0.123 0.123 0.123 44.323 44.323 44.323 
6400000.0 20316.0 787017.0 787017.0 787017.0 0.123 0.123 0.123 44.985 44.985 44.985 
6410000.0 20346.0 788309.0 788309.0 788309.0 0.123 0.123 0.123 44.972 44.972 44.972 
6420000.0 20374.0 789665.0 789665.0 789665.0 0.123 0.123 0.123 46.229 46.229 46.229 
6430000.0 20400.0 790940.0 790940.0 790940.0 0.123 0.123 0.123 45.425 45.425 45.425 
6440000.0 20428.0 792197.0 792197.0 792197.0 0.123 0.123 0.123 46.668 46.668 46.668 
6450000.0 20458.0 793374.0 793374.0 793374.0 0.123 0.123 0.123 43.945 43.945 43.945 
6460000.0 20487.0 794735.0 794735.0 794735.0 0.123 0.123 0.123 43.899 43.899 43.899 
6470000.0 20518.0 796034.0 796034.0 796034.0 0.123 0.123 0.123 43.933 43.933 43.933 
6480000.0 20547.0 797388.0 797388.0 797388.0 0.1231 0.1231 0.1231 43.204 43.204 43.204 
6490000.0 20575.0 798668.0 798668.0 798668.0 0.1231 0.1231 0.1231 45.584 45.584 45.584 
6500000.0 20604.0 800028.0 800028.0 800028.0 0.1231 0.1231 0.1231 44.778 44.778 44.778 
6510000.0 20635.0 801364.0 801364.0 801364.0 0.1231 0.1231 0.1231 46.062 46.062 46.062 
6520000.0 20666.0 802712.0 802712.0 802712.0 0.1231 0.1231 0.1231 44.956 44.956 44.956 
6530000.0 20694.0 804053.0 804053.0 804053.0 0.1231 0.1231 0.1231 44.667 44.667 44.667 
6540000.0 20723.0 805308.0 805308.0 805308.0 0.1231 0.1231 0.1231 45.334 45.334 45.334 
6550000.0 20753.0 806670.0 806670.0 806670.0 0.1232 0.1232 0.1232 45.573 45.573 45.573 
6560000.0 20781.0 808004.0 808004.0 808004.0 0.1232 0.1232 0.1232 44.472 44.472 44.472 
6570000.0 20811.0 809296.0 809296.0 809296.0 0.1232 0.1232 0.1232 44.168 44.168 44.168 
6580000.0 20838.0 810580.0 810580.0 810580.0 0.1232 0.1232 0.1232 44.802 44.802 44.802 
6590000.0 20868.0 811760.0 811760.0 811760.0 0.1232 0.1232 0.1232 43.511 43.511 43.511 
6600000.0 20897.0 812990.0 812990.0 812990.0 0.1232 0.1232 0.1232 42.986 42.986 42.986 
6610000.0 20922.0 814226.0 814226.0 814226.0 0.1232 0.1232 0.1232 43.678 43.678 43.678 
6620000.0 20955.0 815430.0 815430.0 815430.0 0.1232 0.1232 0.1232 41.446 41.446 41.446 
6630000.0 20982.0 816667.0 816667.0 816667.0 0.1232 0.1232 0.1232 42.238 42.238 42.238 
6640000.0 21013.0 818014.0 818014.0 818014.0 0.1232 0.1232 0.1232 42.906 42.906 42.906 
6650000.0 21042.0 819349.0 819349.0 819349.0 0.1232 0.1232 0.1232 42.683 42.683 42.683 
6660000.0 21072.0 820568.0 820568.0 820568.0 0.1232 0.1232 0.1232 42.974 42.974 42.974 
6670000.0 21099.0 821771.0 821771.0 821771.0 0.1232 0.1232 0.1232 43.688 43.688 43.688 
6680000.0 21128.0 823140.0 823140.0 823140.0 0.1232 0.1232 0.1232 45.061 45.061 45.061 
