10000 11 161.653 3201.399 49.379 0.1322 0 0 0 
20000 27 294.777 6308.489 93.35 0.2399 0 0 0 
30000 155 56.847 8359.412 14.044 0.0962 0 0 0 
40000 249 124.861 12068.845 50.027 0.2851 0 0 0 
50000 264 262.987 17236.992 125.407 0.6073 0 0 0 
60000 281 349.11 22820.602 180.102 0.8125 0 0 0 
70000 293 464.615 27347.048 229.012 1.0773 0 0 0 
80000 303 562.551 32680.504 284.074 1.3136 0 0 0 
90000 313 642.573 37663.808 323.067 1.5066 0 0 0 
100000 323 707.956 42769.702 357.223 1.6526 0 0 0 
110000 333 761.379 48315.307 393.831 1.7895 0 0 0 
120000 343 802.63 54179.968 427.551 1.882 0 0 0 
130000 354 823.315 60025.154 447.405 1.9287 0 0 0 
140000 364 855.635 65558.621 466.375 2.0076 0 0 0 
150000 374 882.044 70780.879 476.591 2.0673 0 0 0 
160000 385 891.162 75932.256 477.311 2.0952 0 0 0 
170000 395 911.072 81147.451 486.051 2.139 0 0 0 
180000 406 905.688 86801.747 489.278 2.1224 0 0 0 
190000 416 912.435 92544.277 497.027 2.1304 0 0 0 
200000 426 928.453 98940.16 524.414 2.1618 0 0 0 
210000 436 941.541 104882.577 538.636 2.1947 0 0 0 
220000 447 939.509 110704.641 540.776 2.1858 0 0 0 
230000 457 950.574 116700.499 548.264 2.2164 0 0 0 
240000 467 959.616 122805.381 558.663 2.2485 0 0 0 
250000 478 951.423 128735.557 556.701 2.2302 0 0 0 
260000 488 960.309 134609.612 562.416 2.2549 0 0 0 
270000 498 967.57 140393.21 563.226 2.2683 0 0 0 
280000 508 973.502 146823.379 578.681 2.285 0 0 0 
290000 518 978.349 153455.788 594.203 2.2953 0 0 0 
300000 528 982.31 159852.377 601.079 2.3188 0 0 0 
310000 538 980.58 165315.005 590.917 2.3254 0 0 0 
320000 548 981.559 171131.429 584.087 2.3345 0 0 0 
330000 558 984.932 177119.685 590.05 2.3465 0 0 0 
340000 569 978.082 183670.204 594.045 2.3285 0 0 0 
350000 579 981.56 190499.043 608.427 2.347 0 0 0 
360000 589 984.933 197302.42 626.764 2.3488 0 0 0 
370000 599 987.689 203991.403 630.942 2.3537 0 0 0 
380000 609 989.941 211466.851 653.983 2.3565 0 0 0 
390000 619 991.781 219387.634 675.822 2.3597 0 0 0 
400000 629 993.285 225552.421 667.131 2.3644 0 0 0 
410000 639 994.513 232383.476 668.646 2.3652 0 0 0 
420000 649 995.517 239173.834 667.789 2.3645 0 0 0 
430000 659 996.337 245949.059 669.782 2.3697 0 0 0 
440000 669 997.007 253608.031 690.152 2.3741 0 0 0 
450000 679 997.554 260148.917 685.34 2.3813 0 0 0 
460000 689 998.002 267145.022 687.023 2.3776 0 0 0 
470000 699 998.367 275645.297 718.701 2.3812 0 0 0 
480000 709 998.666 283522.002 727.9 2.3858 0 0 0 
490000 719 998.91 291324.337 739.166 2.3798 0 0 0 
500000 729 999.109 299157.966 745.551 2.3787 0 0 0 
510000 739 999.272 306011.057 732.871 2.3814 0 0 0 
520000 749 998.024 312786.5 726.638 2.3875 0 0 0 
530000 759 998.385 319140.453 711.389 2.3816 0 0 0 
540000 769 998.68 326566.643 716.987 2.385 0 0 0 
550000 779 998.922 334649.272 731.01 2.3958 0 0 0 
560000 789 999.119 344068.706 768.28 2.3865 0 0 0 
570000 799 999.28 353857.946 807.555 2.3889 0 0 0 
580000 809 999.412 362251.639 811.152 2.3899 0 0 0 
590000 819 999.519 371066.041 822.184 2.387 0 0 0 
600000 829 999.607 381874.66 868.865 2.3859 0 0 0 
610000 839 999.679 393143.992 916.568 2.3845 0 0 0 
620000 849 999.738 401281.615 899.122 2.3962 0 0 0 
630000 859 999.786 411017.015 913.06 2.3927 0 0 0 
640000 869 999.825 419089.232 894.004 2.3902 0 0 0 
650000 879 999.857 426740.534 869.066 2.393 0 0 0 
660000 889 999.883 435247.383 863.937 2.3998 0 0 0 
670000 899 999.905 443727.58 863.237 2.4039 0 0 0 
680000 909 999.922 451345.938 844.146 2.4123 0 0 0 
690000 919 999.936 458979.742 828.294 2.4085 0 0 0 
700000 929 999.948 467607.755 834.296 2.4048 0 0 0 
710000 939 999.957 476968.249 852.461 2.3956 0 0 0 
720000 949 999.965 489074.582 919.862 2.3899 0 0 0 
730000 959 999.972 501520.492 976.063 2.3924 0 0 0 
740000 969 999.977 514320.951 1032.428 2.3884 0 0 0 
750000 979 999.981 526409.92 1062.401 2.3916 0 0 0 
760000 989 999.985 538706.226 1092.558 2.3806 0 0 0 
770000 999 998.844 549002.192 1078.921 2.373 0 0 0 
780000 1009 999.055 563179.746 1141.169 2.3663 0 0 0 
790000 1019 999.228 576495.909 1176.353 2.3648 0 0 0 
800000 1029 999.369 588159.77 1176.148 2.371 0 0 0 
810000 1039 999.485 596832.26 1116.919 2.3771 0 0 0 
820000 1049 999.579 605376.034 1070.485 2.3748 0 0 0 
830000 1059 999.656 619156.414 1123.537 2.3725 0 0 0 
840000 1069 999.719 631417.108 1140.305 2.3625 0 0 0 
850000 1079 999.77 642572.086 1138.371 2.366 0 0 0 
860000 1089 999.812 650648.883 1080.533 2.3772 0 0 0 
870000 1099 999.847 659413.729 1043.227 2.3883 0 0 0 
880000 1109 999.875 669465.942 1035.472 2.4056 0 0 0 
890000 1119 999.898 680608.579 1044.492 2.4094 0 0 0 
900000 1129 999.916 691856.719 1057.335 2.5485 0 0 0 
910000 1140 982.915 701582.041 1023.395 2.719 0 0 0 
920000 1150 986.04 715011.452 1081.507 2.9098 0 0 0 
930000 1160 988.594 729745.825 1153.797 3.0661 0 0 0 
940000 1170 990.68 739816.306 1132.764 3.1929 0 0 0 
950000 1180 992.385 752606.611 1153.589 3.2967 0 0 0 
960000 1190 993.778 764109.946 1151.187 3.3653 0 0 0 
970000 1200 994.916 774111.427 1120.329 3.4261 0 0 0 
980000 1210 995.846 786265.646 1146.206 3.4762 0 0 0 
990000 1220 996.606 796830.911 1117.652 3.5134 0 0 0 
1000000 1230 997.227 811490.0 1180.885 3.5587 0 0 0 
1010000 1240 997.734 824926.433 1208.656 3.6075 0 0 0 
1020000 1250 998.149 836444.635 1198.167 3.6369 0 0 0 
1030000 1260 998.487 850548.335 1240.472 3.644 0 0 0 
1040000 1270 998.764 866603.963 1304.927 3.6624 0 0 0 
1050000 1280 998.99 880754.489 1320.976 3.6676 0 0 0 
1060000 1290 999.175 893478.714 1312.021 3.6753 0 0 0 
1070000 1300 999.326 909770.238 1368.557 3.6824 0 0 0 
1080000 1310 999.449 923605.255 1373.041 3.6852 0 0 0 
1090000 1320 999.55 941148.954 1441.62 3.6879 0 0 0 
1100000 1330 999.632 957712.1 1477.488 3.676 0 0 0 
1110000 1340 999.7 977717.051 1574.818 3.6804 0 0 0 
1120000 1350 999.754 994371.961 1591.848 3.6975 0 0 0 
1130000 1360 999.799 1014357.434 1664.627 3.7001 0 0 0 
1140000 1370 999.836 1028631.881 1618.778 3.7086 0 0 0 
1150000 1380 999.866 1043696.423 1597.103 3.7123 0 0 0 
1160000 1390 999.891 1052920.158 1471.466 3.7114 0 0 0 
1170000 1400 999.911 1060567.832 1351.212 3.7175 0 0 0 
1180000 1411 983.529 1071738.321 1277.493 3.6489 0 0 0 
1190000 1421 986.542 1088193.998 1347.072 3.652 0 0 0 
1200000 1431 989.004 1101787.873 1347.434 3.6747 0 0 0 
1210000 1441 991.015 1117056.532 1381.584 3.6895 0 0 0 
1220000 1451 992.659 1132287.354 1403.546 3.6888 0 0 0 
1230000 1461 994.002 1149372.937 1461.457 3.6937 0 0 0 
1240000 1471 995.099 1167019.001 1515.928 3.6944 0 0 0 
1250000 1481 995.995 1181937.179 1511.942 3.6957 0 0 0 
1260000 1491 996.728 1198791.512 1543.243 3.6969 0 0 0 
1270000 1501 997.327 1216178.671 1580.121 3.6963 0 0 0 
1280000 1511 997.816 1232883.933 1597.77 3.6866 0 0 0 
1290000 1521 998.215 1244736.406 1527.514 3.6929 0 0 0 
1300000 1531 998.542 1262076.974 1560.674 3.7054 0 0 0 
1310000 1541 998.808 1282065.203 1637.639 3.6995 0 0 0 
1320000 1551 999.026 1301463.734 1693.985 3.6977 0 0 0 
1330000 1561 999.205 1320360.105 1730.212 3.7096 0 0 0 
1340000 1571 999.35 1340331.682 1778.02 3.7199 0 0 0 
1350000 1581 999.469 1361136.718 1833.238 3.7132 0 0 0 
1360000 1591 999.566 1380431.747 1852.266 3.7245 0 0 0 
1370000 1601 999.645 1400507.498 1881.266 3.7202 0 0 0 
1380000 1611 999.71 1416334.598 1821.063 3.7175 0 0 0 
1390000 1622 987.791 1432952.333 1770.34 3.6762 0 0 0 
1400000 1632 990.025 1444153.627 1653.504 3.6863 0 0 0 
1410000 1642 991.849 1454472.515 1538.644 3.6927 0 0 0 
1420000 1652 993.34 1471849.554 1575.705 3.6988 0 0 0 
1430000 1662 994.559 1488177.083 1582.538 3.7094 0 0 0 
1440000 1672 995.554 1498219.263 1478.783 3.7017 0 0 0 
1450000 1682 996.367 1508803.008 1402.305 3.7043 0 0 0 
1460000 1692 997.032 1530312.192 1538.597 3.7073 0 0 0 
1470000 1702 997.575 1550344.167 1621.789 3.7185 0 0 0 
1480000 1712 998.018 1572559.902 1731.849 3.7216 0 0 0 
1490000 1722 998.381 1593996.254 1807.654 3.7079 0 0 0 
1500000 1732 998.677 1613658.779 1839.129 3.7123 0 0 0 
1510000 1742 998.919 1635652.048 1905.367 3.7099 0 0 0 
1520000 1752 999.117 1657828.113 1962.182 3.7001 0 0 0 
1530000 1762 999.278 1679318.344 1995.824 3.7003 0 0 0 
1540000 1772 999.41 1696651.091 1944.383 3.708 0 0 0 
1550000 1782 999.518 1710753.03 1844.217 3.7203 0 0 0 
1560000 1792 999.606 1727007.693 1799.098 3.7238 0 0 0 
1570000 1802 997.963 1744137.235 1781.8 3.7147 0 0 0 
1580000 1812 998.335 1759780.257 1738.162 3.7204 0 0 0 
1590000 1822 998.64 1774978.295 1697.039 3.7173 0 0 0 
1600000 1832 998.889 1791313.164 1687.267 3.7288 0 0 0 
1610000 1842 999.092 1808125.605 1686.449 3.7396 0 0 0 
1620000 1852 989.23 1822647.438 1620.763 3.7019 0 0 0 
1630000 1862 991.2 1836902.163 1577.629 3.7142 0 0 0 
1640000 1873 980.227 1856105.603 1623.581 3.6631 0 0 0 
1650000 1883 983.844 1874116.216 1664.311 3.6741 0 0 0 
1660000 1893 986.799 1887372.12 1595.132 3.688 0 0 0 
1670000 1903 989.214 1905231.926 1625.592 3.6913 0 0 0 
1680000 1913 991.187 1923011.073 1656.378 3.6793 0 0 0 
1690000 1923 992.799 1942132.345 1702.783 3.6832 0 0 0 
1700000 1933 994.116 1961041.46 1738.182 3.6861 0 0 0 
1710000 1944 978.668 1980556.4 1748.123 3.643 0 0 0 
1720000 1954 982.57 1995638.536 1702.944 3.6652 0 0 0 
1730000 1964 985.758 2012045.066 1693.724 3.6758 0 0 0 
1740000 1974 988.364 2031051.65 1731.745 3.6742 0 0 0 
1750000 1984 990.492 2050155.922 1764.578 3.6885 0 0 0 
1760000 1994 992.231 2070467.866 1809.694 3.689 0 0 0 
1770000 2004 993.653 2093075.825 1893.826 3.6675 0 0 0 
1780000 2014 994.814 2114600.427 1940.525 3.6634 0 0 0 
1790000 2024 995.762 2137856.537 2009.877 3.6645 0 0 0 
1800000 2034 996.538 2159742.438 2043.814 3.6702 0 0 0 
1810000 2044 997.171 2178655.888 2012.148 3.6793 0 0 0 
1820000 2054 995.748 2195775.446 1959.955 3.6611 0 0 0 
1830000 2064 996.526 2212684.632 1913.056 3.6557 0 0 0 
1840000 2074 997.162 2228423.57 1845.359 3.6626 0 0 0 
1850000 2084 997.681 2245415.879 1820.512 3.6609 0 0 0 
1860000 2094 998.105 2259605.897 1742.363 3.6664 0 0 0 
1870000 2104 998.452 2280919.646 1813.109 3.6578 0 0 0 
1880000 2114 998.735 2303500.312 1895.449 3.6563 0 0 0 
1890000 2124 998.966 2322718.126 1899.745 3.6585 0 0 0 
1900000 2134 999.155 2341323.598 1890.189 3.6539 0 0 0 
1910000 2144 999.31 2361409.975 1920.892 3.6693 0 0 0 
1920000 2154 999.436 2380401.302 1913.17 3.676 0 0 0 
1930000 2164 999.539 2402450.212 1962.327 3.6742 0 0 0 
1940000 2174 999.624 2424969.374 2012.281 3.662 0 0 0 
1950000 2184 999.692 2442709.236 1969.849 3.6751 0 0 0 
1960000 2194 999.749 2462941.452 1985.7 3.6767 0 0 0 
1970000 2204 999.795 2482202.7 1971.993 3.6729 0 0 0 
1980000 2214 999.832 2498746.227 1908.751 3.6761 0 0 0 
1990000 2224 999.863 2514940.498 1860.772 3.687 0 0 0 
2000000 2234 999.888 2531911.261 1826.683 3.6863 0 0 0 
2010000 2244 999.908 2546079.247 1751.623 3.6806 0 0 0 
2020000 2254 999.925 2562820.135 1740.042 3.6804 0 0 0 
2030000 2264 999.939 2581547.63 1768.77 3.681 0 0 0 
2040000 2274 999.95 2598109.545 1744.822 3.6832 0 0 0 
2050000 2284 999.959 2619727.12 1820.031 3.6842 0 0 0 
2060000 2294 999.967 2640280.742 1863.657 3.6869 0 0 0 
2070000 2304 999.973 2660819.511 1899.563 3.6887 0 0 0 
2080000 2315 984.937 2682157.238 1914.242 3.6327 0 0 0 
2090000 2325 987.692 2703086.551 1945.826 3.6462 0 0 0 
2100000 2335 989.944 2717516.101 1855.699 3.6667 0 0 0 
2110000 2345 991.783 2737721.66 1891.381 3.6663 0 0 0 
2120000 2355 993.286 2756607.946 1884.792 3.6796 0 0 0 
2130000 2365 994.514 2774739.978 1872.369 3.6881 0 0 0 
2140000 2375 995.518 2790798.535 1826.255 3.6944 0 0 0 
2150000 2385 996.338 2810093.737 1842.694 3.6967 0 0 0 
2160000 2395 997.008 2831280.878 1894.552 3.7011 0 0 0 
2170000 2405 997.555 2852758.443 1941.209 3.7066 0 0 0 
2180000 2415 998.002 2873798.179 1971.544 3.7192 0 0 0 
2190000 2425 998.368 2890522.119 1919.234 3.7252 0 0 0 
2200000 2435 998.666 2905750.087 1851.169 3.7274 0 0 0 
2210000 2445 998.91 2918115.494 1733.977 3.7149 0 0 0 
2220000 2455 999.11 2930816.031 1646.251 3.7118 0 0 0 
2230000 2465 999.272 2949312.46 1684.289 3.7083 0 0 0 
2240000 2475 994.806 2965678.47 1667.796 3.6943 0 0 0 
2250000 2487 962.07 2982099.95 1612.065 3.5699 0 0 0 
2260000 2497 958.509 2999236.811 1608.264 3.5604 0 0 0 
2270000 2508 959.485 3017336.308 1647.613 3.5602 0 0 0 
2280000 2518 966.896 3037179.749 1702.331 3.5761 0 0 0 
2290000 2528 972.952 3057308.094 1760.672 3.5947 0 0 0 
2300000 2538 977.9 3076712.293 1794.588 3.6166 0 0 0 
2310000 2548 981.942 3096558.21 1824.097 3.642 0 0 0 
2320000 2558 985.246 3115800.592 1842.449 3.6556 0 0 0 
2330000 2568 987.945 3134361.291 1842.922 3.6692 0 0 0 
2340000 2578 990.15 3147503.589 1751.297 3.6712 0 0 0 
2350000 2588 991.952 3162797.875 1704.532 3.6782 0 0 0 
2360000 2598 993.424 3174314.793 1605.288 3.6898 0 0 0 
2370000 2608 994.627 3193732.226 1666.511 3.6989 0 0 0 
2380000 2618 995.61 3213561.888 1726.424 3.6935 0 0 0 
2390000 2628 996.413 3232163.22 1751.135 3.7054 0 0 0 
2400000 2638 997.069 3253157.806 1815.375 3.7011 0 0 0 
2410000 2649 985.914 3272322.252 1815.33 3.666 0 0 0 
2420000 2659 988.491 3293934.304 1879.296 3.6687 0 0 0 
2430000 2669 990.596 3314976.704 1921.293 3.6731 0 0 0 
2440000 2679 992.316 3333869.933 1915.237 3.6813 0 0 0 
2450000 2689 993.722 3352462.476 1903.119 3.6914 0 0 0 
2460000 2699 994.87 3372212.778 1915.292 3.6918 0 0 0 
2470000 2709 995.809 3392016.62 1925.56 3.6939 0 0 0 
2480000 2719 996.575 3405567.526 1823.012 3.6978 0 0 0 
2490000 2729 997.202 3422706.859 1803.77 3.7013 0 0 0 
2500000 2739 997.714 3440760.764 1804.818 3.6899 0 0 0 
2510000 2749 984.667 3459660.646 1788.502 3.6456 0 0 0 
2520000 2759 987.472 3478809.608 1810.166 3.658 0 0 0 
2530000 2769 989.764 3495453.459 1783.176 3.6682 0 0 0 
2540000 2779 991.636 3513090.149 1774.919 3.6658 0 0 0 
2550000 2789 993.166 3531912.228 1807.158 3.6715 0 0 0 
2560000 2799 994.416 3551739.614 1833.676 3.6796 0 0 0 
2570000 2809 995.438 3572785.668 1876.899 3.6777 0 0 0 
2580000 2819 996.272 3593824.014 1921.268 3.6796 0 0 0 
2590000 2829 996.954 3615858.088 1973.591 3.6811 0 0 0 
2600000 2839 997.511 3633000.569 1931.18 3.6874 0 0 0 
2610000 2849 997.967 3652248.626 1937.015 3.6876 0 0 0 
2620000 2859 998.339 3669718.538 1893.775 3.6885 0 0 0 
2630000 2869 998.642 3687465.503 1877.808 3.6968 0 0 0 
2640000 2879 998.891 3705723.181 1862.884 3.6921 0 0 0 
2650000 2889 999.094 3721459.36 1807.086 3.7025 0 0 0 
2660000 2899 999.259 3740366.209 1826.39 3.6989 0 0 0 
2670000 2909 999.395 3761269.609 1871.664 3.7039 0 0 0 
2680000 2919 999.506 3782207.542 1912.261 3.7181 0 0 0 
2690000 2929 999.596 3801705.217 1924.487 3.7091 0 0 0 
2700000 2939 999.67 3819851.381 1914.848 3.7035 0 0 0 
2710000 2949 999.73 3839210.955 1906.56 3.7085 0 0 0 
2720000 2959 999.78 3860157.229 1937.158 3.7027 0 0 0 
2730000 2969 999.82 3882448.966 1987.983 3.6887 0 0 0 
2740000 2979 999.853 3904014.688 2017.484 3.6907 0 0 0 
2750000 2989 999.88 3922380.289 1988.945 3.6892 0 0 0 
2760000 2999 999.902 3938151.769 1935.778 3.6987 0 0 0 
2770000 3009 999.92 3954858.478 1864.2 3.6962 0 0 0 
2780000 3019 999.934 3971640.492 1830.409 3.6925 0 0 0 
2790000 3029 999.946 3990400.56 1834.116 3.6871 0 0 0 
2800000 3039 999.956 4008742.165 1832.013 3.6823 0 0 0 
2810000 3049 999.964 4024639.428 1782.538 3.6885 0 0 0 
2820000 3059 999.971 4041929.815 1775.696 3.6929 0 0 0 
2830000 3069 999.976 4063130.156 1840.65 3.6896 0 0 0 
2840000 3079 999.98 4081965.567 1852.539 3.6861 0 0 0 
2850000 3089 999.984 4102802.008 1889.796 3.6878 0 0 0 
2860000 3099 999.987 4122249.26 1898.636 3.6912 0 0 0 
2870000 3109 999.989 4142191.293 1915.993 3.6892 0 0 0 
2880000 3119 999.991 4163933.951 1966.713 3.6743 0 0 0 
2890000 3129 999.993 4186296.846 2017.989 3.6744 0 0 0 
2900000 3139 999.994 4207562.14 2031.112 3.6758 0 0 0 
2910000 3149 999.995 4228273.163 2043.254 3.685 0 0 0 
2920000 3159 999.996 4247793.111 2022.314 3.6809 0 0 0 
2930000 3169 999.997 4266642.771 1997.699 3.6853 0 0 0 
2940000 3179 999.997 4285759.925 1979.924 3.6905 0 0 0 
2950000 3189 999.998 4304899.12 1972.757 3.7022 0 0 0 
2960000 3199 999.998 4326350.111 2001.104 3.6968 0 0 0 
2970000 3209 999.999 4347831.665 2029.758 3.699 0 0 0 
2980000 3219 999.999 4364315.482 1979.858 3.6916 0 0 0 
2990000 3229 999.999 4380063.223 1888.853 3.6816 0 0 0 
3000000 3239 999.999 4393313.367 1777.545 3.6845 0 0 0 
3010000 3249 999.999 4409978.677 1773.663 3.6866 0 0 0 
3020000 3259 999.999 4425405.773 1718.644 3.6844 0 0 0 
3030000 3269 1000.0 4442442.989 1722.767 3.6918 0 0 0 
3040000 3279 1000.0 4460256.895 1729.814 3.689 0 0 0 
3050000 3289 1000.0 4477664.256 1746.492 3.6893 0 0 0 
3060000 3299 1000.0 4498764.408 1803.669 3.6897 0 0 0 
3070000 3309 1000.0 4518974.972 1841.468 3.6938 0 0 0 
3080000 3319 1000.0 4538342.374 1861.994 3.6971 0 0 0 
3090000 3329 1000.0 4556797.45 1869.939 3.716 0 0 0 
3100000 3339 1000.0 4574438.961 1842.982 3.726 0 0 0 
3110000 3349 1000.0 4590688.042 1812.963 3.7242 0 0 0 
3120000 3359 1000.0 4606962.513 1775.905 3.7279 0 0 0 
3130000 3370 991.975 4624524.418 1752.571 3.6789 0 0 0 
3140000 3380 990.768 4642188.438 1750.6 3.6647 0 0 0 
3150000 3390 992.457 4660114.621 1752.393 3.6725 0 0 0 
3160000 3400 993.837 4678552.581 1776.52 3.6842 0 0 0 
3170000 3410 994.964 4693995.42 1726.147 3.6942 0 0 0 
3180000 3420 995.885 4710302.105 1710.691 3.6975 0 0 0 
3190000 3430 996.638 4726241.748 1692.345 3.7041 0 0 0 
3200000 3440 997.253 4743568.813 1708.54 3.7084 0 0 0 
3210000 3450 997.755 4763161.151 1747.012 3.7161 0 0 0 
3220000 3460 998.166 4778539.055 1706.411 3.7055 0 0 0 
3230000 3470 998.502 4791532.341 1641.111 3.7102 0 0 0 
3240000 3480 998.776 4805255.049 1584.967 3.7045 0 0 0 
3250000 3490 999.0 4823354.476 1624.767 3.707 0 0 0 
3260000 3500 999.183 4842545.976 1684.413 3.7092 0 0 0 
3270000 3510 999.332 4863097.464 1751.752 3.701 0 0 0 
3280000 3520 999.454 4878972.691 1723.481 3.7045 0 0 0 
3290000 3530 999.554 4895348.626 1713.77 3.71 0 0 0 
3300000 3540 999.636 4914027.561 1737.568 3.6998 0 0 0 
3310000 3550 999.702 4930347.453 1720.139 3.715 0 0 0 
3320000 3560 999.757 4948603.297 1740.093 3.7092 0 0 0 
3330000 3570 999.801 4968390.586 1784.138 3.7056 0 0 0 
3340000 3580 999.838 4984957.399 1757.408 3.6988 0 0 0 
3350000 3591 986.071 4997045.206 1634.34 3.6404 0 0 0 
3360000 3601 988.619 5013534.581 1639.259 3.646 0 0 0 
3370000 3611 986.077 5031942.409 1667.351 3.6332 0 0 0 
3380000 3621 988.624 5050811.914 1706.761 3.6436 0 0 0 
3390000 3631 990.705 5072008.666 1781.19 3.6508 0 0 0 
3400000 3641 992.405 5091568.45 1818.724 3.6735 0 0 0 
3410000 3651 993.794 5107793.388 1780.53 3.6764 0 0 0 
3420000 3661 994.929 5128942.564 1839.369 3.6758 0 0 0 
3430000 3671 995.857 5147379.829 1838.872 3.6874 0 0 0 
3440000 3681 996.615 5161766.811 1765.77 3.702 0 0 0 
3450000 3691 997.234 5183368.009 1836.622 3.6984 0 0 0 
3460000 3701 997.74 5201748.939 1839.038 3.6898 0 0 0 
3470000 3711 998.153 5221372.783 1857.144 3.6972 0 0 0 
3480000 3721 998.491 5240219.641 1865.315 3.6971 0 0 0 
3490000 3731 998.767 5259891.517 1881.025 3.6905 0 0 0 
3500000 3741 998.993 5279731.201 1898.757 3.7017 0 0 0 
3510000 3751 999.177 5299699.14 1919.666 3.7041 0 0 0 
3520000 3761 999.328 5316664.012 1880.246 3.7103 0 0 0 
3530000 3771 999.451 5332388.321 1821.018 3.7152 0 0 0 
3540000 3781 999.551 5345437.633 1733.729 3.7196 0 0 0 
3550000 3791 999.633 5359884.566 1679.926 3.7166 0 0 0 
3560000 3801 999.7 5374903.202 1654.173 3.7137 0 0 0 
3570000 3811 999.755 5388283.613 1589.947 3.7107 0 0 0 
3580000 3821 999.8 5401222.439 1536.619 3.7128 0 0 0 
3590000 3831 999.837 5416911.588 1552.351 3.7015 0 0 0 
3600000 3841 999.866 5429284.783 1495.659 3.716 0 0 0 
3610000 3851 999.891 5440540.975 1422.115 3.7087 0 0 0 
3620000 3861 989.846 5455957.845 1423.114 3.6761 0 0 0 
3630000 3871 991.703 5470766.624 1432.05 3.6815 0 0 0 
3640000 3881 993.221 5486927.027 1455.629 3.6874 0 0 0 
3650000 3891 994.461 5498904.591 1426.316 3.6914 0 0 0 
3660000 3901 995.474 5516133.339 1461.222 3.6935 0 0 0 
3670000 3911 996.302 5533201.566 1505.605 3.6942 0 0 0 
3680000 3921 996.979 5548572.183 1505.862 3.6985 0 0 0 
3690000 3931 997.531 5567027.182 1567.473 3.6971 0 0 0 
3700000 3941 997.983 5586749.976 1638.646 3.7124 0 0 0 
3710000 3951 998.352 5606485.712 1700.588 3.7154 0 0 0 
3720000 3961 998.653 5624803.345 1723.575 3.7148 0 0 0 
3730000 3971 998.9 5642034.253 1724.968 3.7087 0 0 0 
3740000 3981 999.101 5661080.388 1754.249 3.7097 0 0 0 
3750000 3991 999.265 5680272.565 1794.239 3.7073 0 0 0 
3760000 4001 999.4 5697603.312 1774.668 3.7133 0 0 0 
3770000 4011 999.51 5708647.892 1640.41 3.7152 0 0 0 
3780000 4021 999.599 5722401.296 1593.078 3.7051 0 0 0 
3790000 4031 999.673 5739321.499 1611.103 3.7075 0 0 0 
3800000 4041 999.732 5761137.849 1716.272 3.6901 0 0 0 
3810000 4052 984.586 5781210.234 1754.384 3.6399 0 0 0 
3820000 4062 987.405 5800527.783 1774.924 3.6568 0 0 0 
3830000 4072 989.709 5819624.616 1805.476 3.6678 0 0 0 
3840000 4082 991.592 5839336.978 1830.676 3.6868 0 0 0 
3850000 4092 993.13 5860042.575 1874.527 3.6879 0 0 0 
3860000 4102 994.387 5880412.273 1910.54 3.6972 0 0 0 
3870000 4112 995.413 5900855.083 1931.387 3.6977 0 0 0 
3880000 4122 996.252 5920685.079 1941.262 3.7006 0 0 0 
3890000 4133 976.336 5939722.885 1914.873 3.6243 0 0 0 
3900000 4143 980.665 5959315.93 1905.521 3.6321 0 0 0 
3910000 4153 984.202 5975835.742 1854.692 3.6521 0 0 0 
3920000 4163 987.092 5996751.191 1898.912 3.6573 0 0 0 
3930000 4173 989.453 6015311.849 1896.264 3.66 0 0 0 
3940000 4183 991.382 6035601.074 1914.713 3.6739 0 0 0 
3950000 4194 979.509 6055663.731 1909.058 3.6313 0 0 0 
3960000 4204 983.257 6074974.806 1912.975 3.6513 0 0 0 
3970000 4214 986.32 6092880.147 1888.276 3.6508 0 0 0 
3980000 4224 988.822 6112545.459 1904.264 3.6635 0 0 0 
3990000 4234 990.867 6132015.522 1912.801 3.6672 0 0 0 
4000000 4244 992.538 6147867.856 1855.122 3.6753 0 0 0 
