10000 59 117.044 478.0 5.489 0.1923 64.0502 
20000 123 144.058 881.0 5.957 0.2368 68.6092 
30000 184 161.207 1304.0 6.672 0.265 76.2849 
40000 245 165.914 1726.0 7.005 1.0188 79.7748 
50000 304 168.611 2192.0 7.501 1.4037 85.1905 
60000 366 163.626 2610.0 6.99 1.4679 79.2366 
70000 418 179.292 3077.0 8.205 1.6344 97.2199 
80000 480 166.588 3536.0 7.64 1.5303 87.5526 
90000 540 164.933 4027.0 7.942 1.5209 89.3388 
100000 597 172.837 4540.0 8.724 1.5924 101.9561 
110000 652 174.053 5066.0 8.817 1.6078 107.3637 
120000 707 180.059 5554.0 8.978 1.6577 107.8506 
130000 765 173.932 5984.0 7.876 1.5983 91.0319 
140000 821 176.838 6495.0 8.744 1.6276 106.0604 
150000 878 176.605 7011.0 8.959 1.5972 102.0773 
160000 931 181.644 7583.0 10.175 1.6177 128.0062 
170000 990 175.832 8109.0 9.374 1.5485 116.4921 
180000 1048 174.053 8653.0 9.509 1.5336 115.1267 
190000 1109 168.505 9206.0 9.432 1.4857 115.5779 
200000 1164 177.761 9772.0 10.122 1.6216 128.5506 
210000 1216 190.005 10313.0 10.479 1.772 143.9054 
220000 1272 178.922 10875.0 9.808 1.6642 124.3327 
230000 1328 180.969 11461.0 10.471 1.6904 150.0118 
240000 1379 193.474 12054.0 11.573 1.8037 174.8323 
250000 1433 191.22 12704.0 12.299 1.7971 149.9002 
260000 1489 181.371 13315.0 11.347 1.697 135.2753 
270000 1544 180.983 13880.0 10.671 1.6935 138.7558 
280000 1601 177.741 14472.0 10.387 1.6625 128.7331 
290000 1648 198.984 15114.0 12.551 1.8553 192.2478 
300000 1700 189.199 15765.0 12.149 1.7693 158.4202 
310000 1753 191.36 16345.0 11.547 1.7974 158.1369 
320000 1798 212.054 16989.0 13.294 1.9895 182.0675 
330000 1845 209.036 17630.0 13.116 1.9602 172.8756 
340000 1899 194.087 18308.0 12.747 1.8248 179.6676 
350000 1951 192.93 18939.0 12.212 1.8138 167.3056 
360000 1996 214.22 19665.0 14.925 2.0054 228.2835 
370000 2047 203.135 20402.0 14.7 1.907 199.5885 
380000 2092 215.888 21037.0 14.447 2.0124 233.5596 
390000 2136 217.725 21743.0 15.008 2.0237 218.9275 
400000 2179 229.348 22369.0 14.935 2.1306 232.4051 
410000 2220 231.172 23058.0 15.286 2.1584 241.103 
420000 2270 211.272 23717.0 14.022 1.9722 196.0983 
430000 2314 218.059 24381.0 14.616 2.041 232.655 
440000 2360 220.044 25069.0 15.107 2.0582 221.7015 
450000 2406 217.926 25801.0 15.389 2.0371 226.0305 
460000 2451 222.298 26532.0 16.102 2.071 251.4799 
470000 2496 224.014 27256.0 16.238 2.0847 239.6184 
480000 2539 225.706 28029.0 16.868 2.0988 248.6447 
490000 2577 240.815 28743.0 17.327 2.2318 235.5082 
500000 2621 239.093 29459.0 17.334 2.2213 266.0649 
510000 2663 229.124 30158.0 16.106 2.1298 236.4051 
520000 2700 252.26 30893.0 18.282 2.3465 284.6116 
530000 2739 249.596 31559.0 17.021 2.3175 261.8951 
540000 2784 230.481 32335.0 17.107 2.1464 268.8216 
550000 2826 232.96 33128.0 17.937 2.1658 285.8288 
560000 2868 238.348 33957.0 19.38 2.219 275.8477 
570000 2906 253.365 34745.0 20.212 2.3584 297.2018 
580000 2944 259.026 35469.0 19.459 2.4127 306.4808 
590000 2988 243.84 36157.0 17.378 2.2847 260.5954 
600000 3028 249.423 36975.0 19.498 2.3298 283.9073 
610000 3068 248.184 37788.0 19.78 2.32 270.3566 
620000 3108 252.908 38517.0 19.258 2.3687 288.6579 
630000 3147 251.519 39267.0 18.932 2.3591 297.6227 
640000 3187 251.666 40067.0 19.576 2.3571 289.6914 
650000 3229 241.871 40859.0 19.242 2.2631 268.9359 
660000 3273 233.852 41722.0 19.466 2.188 298.3104 
670000 3316 234.116 42637.0 20.641 2.191 305.385 
680000 3354 246.941 43524.0 21.654 2.3079 346.7405 
690000 3394 249.594 44393.0 21.721 2.3389 331.2842 
700000 3435 248.447 45320.0 22.391 2.3386 334.0741 
710000 3472 254.209 46236.0 22.801 2.3821 346.566 
720000 3512 254.318 47165.0 23.312 2.3749 345.1905 
730000 3549 261.398 48026.0 23.101 2.4387 363.2241 
740000 3588 258.875 48988.0 24.117 2.4158 372.3913 
750000 3630 247.051 49984.0 23.568 2.3098 345.7756 
760000 3668 256.69 50953.0 24.822 2.3992 371.1944 
770000 3708 250.293 51781.0 22.157 2.3352 335.1704 
780000 3746 251.096 52635.0 22.406 2.3397 315.4123 
790000 3786 250.286 53463.0 21.461 2.3311 323.9259 
800000 3826 251.768 54375.0 22.572 2.3491 307.1105 
810000 3866 251.944 55167.0 21.167 2.349 298.8649 
820000 3903 256.968 56107.0 22.478 2.4017 318.0015 
830000 3943 252.376 57038.0 22.953 2.3669 334.6741 
840000 3984 248.196 57937.0 22.251 2.3212 334.5739 
850000 4027 241.483 58966.0 23.582 2.2549 335.6008 
860000 4070 234.091 59954.0 23.244 2.1871 324.1638 
870000 4109 242.792 60936.0 23.968 2.2677 324.3134 
880000 4150 243.584 62028.0 25.272 2.2729 364.6713 
890000 4191 241.925 63069.0 24.772 2.2597 330.6749 
900000 4231 243.336 64112.0 25.382 2.2765 332.574 
910000 4270 249.048 65099.0 25.405 2.3256 358.8883 
920000 4310 251.168 66113.0 25.593 2.3359 367.6174 
930000 4350 251.008 67100.0 24.922 2.342 369.9211 
940000 4390 250.908 68130.0 25.427 2.3469 354.4924 
950000 4431 244.017 69211.0 25.58 2.2872 385.1501 
960000 4472 246.644 70351.0 27.416 2.2998 395.3459 
970000 4517 233.055 71480.0 26.296 2.1753 399.5263 
980000 4557 237.057 72579.0 25.796 2.2185 396.3892 
990000 4596 250.689 73688.0 27.447 2.3524 411.4222 
1000000 4638 242.555 74824.0 26.757 2.2686 386.8558 
1010000 4676 255.222 75910.0 28.382 2.3852 437.0373 
1020000 4716 250.296 77063.0 28.37 2.3332 423.3001 
1030000 4757 247.105 78161.0 27.656 2.3115 396.1081 
1040000 4795 255.111 79391.0 29.824 2.3995 454.4436 
1050000 4831 266.407 80580.0 31.543 2.4984 508.2159 
1060000 4869 260.999 81729.0 30.342 2.441 474.3073 
1070000 4908 256.002 82959.0 30.68 2.3927 443.4607 
1080000 4941 281.59 83908.0 30.159 2.6233 456.8238 
1090000 4981 267.699 85007.0 29.186 2.5034 453.5 
1100000 5019 261.003 86226.0 29.711 2.4386 483.02 
1110000 5058 262.017 87325.0 29.316 2.4518 433.5376 
1120000 5094 266.67 88515.0 30.77 2.5048 438.4378 
1130000 5130 269.327 89687.0 31.107 2.5249 453.3115 
1140000 5166 267.801 90674.0 28.222 2.5199 433.2699 
1150000 5203 269.978 91669.0 27.922 2.522 433.9334 
1160000 5239 279.316 92807.0 30.367 2.6055 476.7961 
1170000 5274 275.16 93995.0 31.151 2.5747 489.4036 
1180000 5312 269.919 95123.0 31.058 2.5211 470.3084 
1190000 5352 254.315 96222.0 28.374 2.373 402.7031 
1200000 5388 264.269 97360.0 29.277 2.4739 424.5989 
1210000 5427 259.029 98468.0 28.38 2.4133 400.9826 
1220000 5463 271.694 99339.0 26.749 2.5346 385.1144 
1230000 5496 278.512 100401.0 28.015 2.5993 413.3012 
1240000 5530 293.776 101483.0 31.455 2.7429 486.4821 
1250000 5566 289.954 102530.0 30.572 2.7191 482.7271 
1260000 5601 285.804 103584.0 29.994 2.6708 480.0572 
1270000 5634 295.303 104688.0 31.471 2.765 492.041 
1280000 5669 285.929 105871.0 32.463 2.6692 476.9003 
1290000 5703 286.055 106922.0 30.221 2.6713 442.4125 
1300000 5739 285.337 107928.0 29.977 2.6624 432.3196 
1310000 5776 278.244 109063.0 30.642 2.5961 468.8257 
1320000 5813 269.925 109986.0 27.663 2.5221 409.5114 
1330000 5853 259.141 111185.0 28.769 2.4134 416.9851 
1340000 5887 280.242 112378.0 32.481 2.6105 491.6468 
1350000 5922 280.643 113475.0 31.428 2.619 492.0989 
1360000 5958 278.879 114640.0 31.797 2.6136 520.227 
1370000 5988 291.211 115595.0 31.455 2.7281 510.4332 
1380000 6020 309.436 116706.0 34.12 2.8925 528.7908 
1390000 6056 296.114 117638.0 29.758 2.779 437.423 
1400000 6093 276.394 118808.0 29.343 2.5863 465.8365 
1410000 6132 270.096 119810.0 27.813 2.5248 437.6149 
1420000 6167 276.792 120940.0 30.083 2.5828 476.8528 
1430000 6204 275.374 121991.0 29.181 2.5836 444.3978 
1440000 6241 272.758 123029.0 28.42 2.5572 431.1184 
1450000 6278 273.228 124069.0 28.351 2.5693 418.5184 
1460000 6314 278.526 125223.0 30.362 2.618 490.2311 
1470000 6348 282.207 126285.0 30.491 2.6461 503.2989 
1480000 6384 279.681 127374.0 30.28 2.6225 484.8481 
1490000 6419 279.208 128446.0 30.287 2.6175 475.1283 
1500000 6456 272.715 129602.0 30.234 2.5528 490.9714 
1510000 6494 270.622 130568.0 27.881 2.527 447.7018 
1520000 6528 281.476 131607.0 29.323 2.6284 453.86 
1530000 6563 280.452 132683.0 29.656 2.6198 447.4313 
1540000 6603 257.819 133789.0 27.439 2.407 394.3822 
1550000 6643 257.802 134850.0 27.901 2.4088 420.7863 
1560000 6683 253.43 136041.0 29.263 2.3681 429.5101 
1570000 6720 261.013 137186.0 29.892 2.4437 473.7876 
1580000 6756 264.646 138231.0 28.22 2.4784 437.5638 
1590000 6792 273.434 139303.0 29.294 2.5502 461.7618 
1600000 6827 286.04 140372.0 31.098 2.6728 489.1973 
1610000 6866 272.262 141478.0 29.877 2.5395 477.9956 
1620000 6904 268.915 142493.0 28.0 2.503 485.6069 
1630000 6943 265.611 143617.0 28.966 2.4841 463.4379 
1640000 6981 262.713 144620.0 27.131 2.4647 427.2526 
1650000 7022 254.493 145561.0 25.503 2.3878 371.969 
1660000 7062 246.634 146555.0 24.304 2.3142 345.1626 
1670000 7098 252.321 147650.0 26.031 2.3775 396.7137 
1680000 7140 246.675 148798.0 26.484 2.319 399.0836 
1690000 7181 246.995 149824.0 26.282 2.3108 387.2088 
1700000 7224 233.468 150849.0 23.816 2.185 332.0743 
1710000 7260 261.438 151943.0 27.99 2.445 408.8264 
1720000 7297 262.403 153043.0 28.423 2.453 413.7705 
1730000 7333 270.222 154145.0 29.579 2.5217 453.2497 
1740000 7373 260.304 155267.0 29.289 2.4222 450.241 
1750000 7414 252.529 156447.0 29.689 2.3598 445.7114 
1760000 7449 267.285 157492.0 29.554 2.4956 432.5542 
1770000 7485 263.814 158639.0 29.389 2.4707 414.7915 
1780000 7521 272.183 159750.0 29.935 2.5403 431.9333 
1790000 7560 262.204 160899.0 29.756 2.4486 426.836 
1800000 7595 281.123 162027.0 31.803 2.6292 486.7646 
1810000 7630 284.133 163287.0 34.143 2.6495 491.853 
1820000 7667 279.902 164484.0 33.63 2.6103 487.2521 
1830000 7699 297.399 165729.0 36.403 2.7693 550.9704 
1840000 7734 290.168 166902.0 34.502 2.7137 547.4279 
1850000 7765 307.021 168031.0 35.491 2.8689 569.7992 
1860000 7798 306.093 169103.0 34.137 2.8579 549.6011 
1870000 7836 286.494 170300.0 33.14 2.6655 505.2819 
1880000 7875 271.757 171484.0 31.992 2.5318 490.8685 
1890000 7908 282.917 172668.0 33.297 2.6356 531.3058 
1900000 7941 288.577 173760.0 32.198 2.6872 497.2401 
1910000 7974 294.945 174890.0 32.955 2.743 525.5598 
1920000 8009 294.346 176052.0 34.309 2.7405 522.268 
1930000 8042 299.604 177256.0 35.621 2.7879 581.3604 
1940000 8078 287.755 178533.0 35.681 2.6832 554.9499 
1950000 8112 289.414 179803.0 35.989 2.702 604.9033 
1960000 8144 300.038 180970.0 36.337 2.8034 602.5217 
1970000 8178 295.2 182208.0 36.168 2.7576 607.9053 
1980000 8215 276.832 183445.0 33.809 2.5902 536.8816 
1990000 8251 280.599 184692.0 34.651 2.6171 536.0885 
2000000 8289 267.739 185948.0 32.532 2.4932 489.9708 
2010000 8323 288.075 187082.0 34.422 2.6891 543.8305 
2020000 8355 297.278 188303.0 35.556 2.7729 578.613 
2030000 8389 300.187 189470.0 35.889 2.8061 538.2759 
2040000 8420 306.866 190614.0 36.323 2.8729 566.8037 
2050000 8452 307.157 191857.0 37.016 2.8777 574.6573 
2060000 8486 306.473 192992.0 35.904 2.8678 539.6426 
2070000 8522 291.838 194163.0 34.236 2.7222 486.6073 
2080000 8559 279.156 195368.0 33.102 2.5943 485.0124 
2090000 8591 294.109 196568.0 34.715 2.7418 540.691 
2100000 8625 297.502 197606.0 32.694 2.7695 523.9581 
2110000 8658 289.358 198702.0 31.397 2.6878 528.8774 
2120000 8692 300.75 199912.0 34.896 2.8084 606.1975 
2130000 8726 299.143 201038.0 34.169 2.8018 543.67 
2140000 8759 303.711 202205.0 35.133 2.8371 577.9188 
2150000 8794 294.107 203335.0 33.681 2.7463 541.3406 
2160000 8826 296.767 204584.0 34.697 2.7704 579.4116 
2170000 8860 303.48 205912.0 38.455 2.8424 618.9229 
2180000 8892 298.881 207075.0 35.862 2.7974 559.8776 
2190000 8928 287.566 208198.0 33.459 2.684 553.7162 
2200000 8963 294.236 209320.0 34.008 2.7444 570.7715 
2210000 8999 279.495 210458.0 31.883 2.6074 520.192 
2220000 9035 275.734 211565.0 31.357 2.5718 526.5984 
2230000 9069 287.982 212709.0 32.45 2.6927 499.8197 
2240000 9101 298.25 213720.0 32.029 2.7831 501.3817 
2250000 9131 314.768 214797.0 34.055 2.9393 496.5438 
2260000 9167 298.72 215982.0 33.654 2.7916 505.4883 
2270000 9201 293.184 217109.0 32.95 2.7487 513.2503 
2280000 9236 295.299 218213.0 33.183 2.7661 502.0969 
2290000 9269 298.756 219453.0 35.611 2.7983 548.949 
2300000 9303 291.65 220566.0 33.17 2.73 541.9638 
2310000 9339 279.285 221681.0 31.047 2.606 475.9964 
2320000 9374 286.46 222800.0 32.568 2.6726 483.0827 
2330000 9402 312.804 223867.0 33.514 2.9202 559.6714 
2340000 9435 310.542 224991.0 34.865 2.9023 541.7935 
2350000 9469 302.107 226123.0 33.991 2.8442 582.3439 
2360000 9506 285.112 227188.0 31.756 2.6726 540.8401 
2370000 9541 286.664 228327.0 31.916 2.6825 549.4291 
2380000 9575 287.713 229421.0 31.839 2.6895 560.3173 
2390000 9606 307.058 230468.0 32.813 2.8715 531.7887 
2400000 9642 288.627 231512.0 30.42 2.7012 493.5118 
2410000 9674 297.57 232669.0 33.149 2.7767 555.2044 
2420000 9708 292.294 233754.0 31.67 2.7206 543.6833 
2430000 9744 282.674 234913.0 31.877 2.6324 507.8226 
2440000 9780 280.275 236113.0 32.752 2.6264 489.1759 
2450000 9818 263.871 237315.0 31.079 2.4737 456.6718 
2460000 9852 270.581 238564.0 32.639 2.528 491.3568 
2470000 9886 292.974 239721.0 35.05 2.7381 564.8735 
2480000 9924 277.446 240863.0 32.474 2.6011 539.9884 
2490000 9957 290.249 242011.0 33.602 2.7075 546.5698 
2500000 9990 290.468 243143.0 33.016 2.697 516.397 
2510000 10026 283.357 244283.0 31.61 2.6504 477.0198 
2520000 10060 295.646 245470.0 34.695 2.7703 572.3622 
2530000 10092 304.037 246510.0 33.74 2.8484 541.6945 
2540000 10128 287.571 247573.0 31.059 2.6929 488.3521 
2550000 10164 279.548 248652.0 29.815 2.6097 452.9273 
2560000 10203 273.368 249836.0 31.057 2.545 459.9381 
2570000 10239 271.676 251018.0 31.0 2.5265 476.093 
2580000 10276 278.829 252097.0 31.303 2.5967 474.6903 
2590000 10312 277.024 253179.0 30.838 2.5797 521.6425 
2600000 10345 283.523 254252.0 31.044 2.6453 490.6282 
2610000 10380 286.415 255283.0 29.979 2.6611 470.8193 
2620000 10415 287.984 256339.0 30.443 2.6755 484.5014 
2630000 10454 271.912 257301.0 27.383 2.5422 452.7314 
2640000 10491 267.793 258424.0 28.156 2.493 459.0655 
2650000 10524 284.165 259441.0 29.18 2.639 506.7997 
2660000 10559 287.904 260467.0 29.78 2.6761 509.9115 
2670000 10593 289.246 261426.0 28.827 2.6915 500.8349 
2680000 10628 286.337 262491.0 29.675 2.6768 495.8334 
2690000 10667 268.227 263411.0 26.052 2.5028 418.558 
2700000 10699 290.921 264528.0 30.573 2.7183 505.798 
2710000 10739 268.872 265655.0 29.187 2.5113 448.6642 
2720000 10774 280.212 266829.0 31.813 2.6189 492.1843 
2730000 10811 274.94 267925.0 31.022 2.5711 494.3644 
2740000 10849 266.259 269077.0 30.306 2.4891 502.0681 
2750000 10888 264.714 270080.0 28.37 2.4747 447.0696 
2760000 10924 272.429 271103.0 28.636 2.5467 450.9593 
2770000 10957 289.085 272111.0 30.184 2.7099 494.0627 
2780000 10989 294.449 273287.0 31.647 2.7463 529.5085 
2790000 11022 303.215 274444.0 33.929 2.8233 590.5403 
2800000 11052 320.519 275378.0 33.078 2.9939 553.1465 
2810000 11088 291.596 276448.0 30.142 2.7262 486.4721 
2820000 11123 289.104 277569.0 31.436 2.6995 495.2218 
2830000 11157 283.134 278602.0 29.239 2.6517 470.108 
2840000 11191 294.558 279705.0 31.979 2.7673 513.5324 
2850000 11225 297.182 280809.0 32.529 2.7811 503.5628 
2860000 11262 281.592 281800.0 29.546 2.6403 454.2282 
2870000 11294 298.919 282921.0 32.416 2.7971 482.7393 
2880000 11327 298.792 284011.0 32.406 2.7934 531.5524 
2890000 11361 296.999 285016.0 30.935 2.7822 501.3972 
2900000 11394 295.875 286123.0 31.352 2.7701 473.881 
2910000 11433 277.869 287229.0 30.222 2.6009 461.6187 
2920000 11467 287.809 288381.0 32.085 2.6578 476.1409 
2930000 11501 288.545 289520.0 32.607 2.5994 488.3113 
2940000 11535 289.88 290671.0 33.092 2.5969 505.4503 
2950000 11571 274.053 291669.0 28.845 2.4455 429.398 
2960000 11604 292.073 292727.0 30.299 2.5987 495.5878 
2970000 11638 294.165 293837.0 31.765 2.6158 475.8714 
2980000 11676 277.505 294964.0 30.538 2.4726 468.3302 
2990000 11712 275.262 296098.0 30.683 2.4499 455.6432 
3000000 11745 291.594 297261.0 32.993 2.5928 493.8591 
3010000 11779 294.826 298424.0 33.803 2.6245 486.0495 
3020000 11814 290.575 299448.0 31.576 2.5832 458.868 
3030000 11847 292.696 300581.0 32.618 2.5994 491.9941 
3040000 11881 298.017 301792.0 34.694 2.6504 575.7363 
3050000 11916 286.851 302919.0 32.75 2.5483 542.4163 
3060000 11951 285.173 304074.0 32.733 2.5365 550.5511 
3070000 11988 282.341 305256.0 32.828 2.5113 503.869 
3080000 12022 287.939 306345.0 32.701 2.5591 501.0094 
3090000 12059 278.057 307449.0 31.367 2.471 452.2209 
3100000 12094 282.635 308609.0 32.682 2.5165 481.6194 
3110000 12135 265.211 309641.0 28.77 2.3582 416.6439 
3120000 12169 279.66 310784.0 31.302 2.4861 486.9753 
3130000 12200 293.235 311761.0 30.673 2.608 505.4795 
3140000 12235 291.981 312838.0 31.366 2.5974 512.3261 
3150000 12275 266.442 313872.0 28.283 2.3674 431.2784 
3160000 12309 281.369 314867.0 28.671 2.5004 434.7358 
3170000 12342 290.747 315896.0 29.678 2.5845 449.2597 
3180000 12378 279.055 317016.0 29.782 2.4849 455.447 
3190000 12416 276.627 317972.0 28.008 2.4601 391.632 
3200000 12450 281.847 319025.0 29.113 2.5116 415.7925 
3210000 12486 282.959 320047.0 28.933 2.5203 480.3336 
3220000 12522 278.358 321151.0 29.66 2.4775 481.1529 
3230000 12558 280.458 322170.0 29.176 2.4949 500.6132 
3240000 12594 276.024 323110.0 27.311 2.4553 499.2923 
3250000 12630 274.646 324168.0 27.952 2.4434 471.0165 
3260000 12662 294.527 325053.0 28.665 2.6182 480.8592 
3270000 12699 279.516 326066.0 27.393 2.4869 442.6352 
3280000 12733 287.936 327140.0 29.3 2.5654 487.1775 
3290000 12769 285.465 328141.0 28.998 2.5404 456.5791 
3300000 12800 300.937 329091.0 29.426 2.6773 481.7279 
3310000 12835 289.601 330098.0 28.215 2.5754 440.5349 
3320000 12869 297.939 331100.0 29.63 2.6479 485.1882 
3330000 12908 280.591 332016.0 27.0 2.4927 445.4251 
3340000 12944 278.203 332990.0 27.14 2.4735 424.7464 
3350000 12978 284.869 334027.0 28.361 2.5313 419.104 
3360000 13014 275.923 335091.0 27.962 2.4525 439.9375 
3370000 13049 284.271 336175.0 30.435 2.524 453.7863 
3380000 13083 288.351 337170.0 29.475 2.5618 438.6462 
3390000 13116 296.81 338167.0 30.012 2.6379 449.3316 
3400000 13152 282.603 339155.0 27.707 2.515 396.2335 
3410000 13182 300.619 340189.0 29.927 2.6777 479.9904 
3420000 13221 279.181 341180.0 28.131 2.4897 442.2863 
3430000 13254 283.054 342353.0 30.374 2.5217 445.5427 
3440000 13287 296.096 343387.0 31.617 2.638 458.3508 
3450000 13320 294.61 344528.0 32.209 2.6233 506.9494 
3460000 13354 295.53 345666.0 33.075 2.6307 493.5212 
3470000 13390 284.83 346797.0 32.144 2.5384 476.9499 
3480000 13425 287.188 347892.0 31.876 2.5572 456.6041 
3490000 13459 287.645 348961.0 31.432 2.5639 480.7383 
3500000 13497 268.998 349989.0 27.805 2.3956 417.1231 
3510000 13536 265.525 351013.0 27.777 2.3616 415.7463 
3520000 13569 281.451 352086.0 29.459 2.5043 420.7738 
3530000 13604 287.323 353149.0 30.707 2.5579 431.994 
3540000 13640 282.625 354227.0 30.341 2.5146 414.8161 
3550000 13676 278.814 355376.0 30.93 2.481 445.4479 
3560000 13712 278.568 356423.0 29.971 2.4816 443.1468 
3570000 13747 281.244 357527.0 30.565 2.5052 442.5894 
3580000 13779 293.055 358586.0 31.041 2.6094 443.2264 
3590000 13815 285.308 359739.0 31.895 2.54 469.309 
3600000 13851 281.893 360808.0 30.416 2.5099 487.7467 
3610000 13884 292.84 361912.0 32.044 2.6062 503.0748 
3620000 13920 287.516 363097.0 32.687 2.562 531.0185 
3630000 13953 287.674 364271.0 32.715 2.5616 527.9633 
3640000 13989 282.153 365357.0 31.313 2.5108 512.1758 
3650000 14028 275.612 366360.0 29.394 2.4513 476.2666 
3660000 14062 284.128 367522.0 31.821 2.5289 486.6822 
3670000 14097 284.289 368645.0 31.994 2.5307 502.5288 
3680000 14133 278.181 369760.0 30.35 2.4776 460.4672 
3690000 14169 275.026 370952.0 31.056 2.4489 481.3845 
3700000 14202 284.68 372005.0 30.963 2.5337 487.6078 
3710000 14235 300.468 373068.0 32.584 2.6729 514.1462 
3720000 14272 283.199 374245.0 32.036 2.5168 469.7008 
3730000 14305 294.713 375391.0 33.49 2.624 485.5658 
3740000 14339 294.459 376492.0 33.072 2.6166 510.1279 
3750000 14376 280.947 377592.0 31.113 2.5008 472.9617 
3760000 14412 277.869 378787.0 32.167 2.4739 482.2744 
3770000 14445 288.349 379853.0 31.895 2.5691 492.9503 
3780000 14478 292.568 381007.0 32.902 2.605 502.7736 
3790000 14512 293.507 382226.0 34.699 2.6157 509.075 
3800000 14547 290.886 383420.0 34.508 2.5867 516.529 
3810000 14584 278.298 384590.0 32.862 2.4742 516.7082 
3820000 14616 287.104 385658.0 31.961 2.5562 495.1093 
3830000 14649 299.108 386735.0 33.115 2.6636 499.5218 
3840000 14679 310.227 387777.0 32.974 2.7637 578.9419 
3850000 14715 293.039 388887.0 31.797 2.6123 527.966 
3860000 14748 296.222 390002.0 32.568 2.6395 532.4956 
3870000 14781 294.919 391153.0 32.677 2.6251 577.2974 
3880000 14814 298.581 392234.0 32.971 2.6604 563.8548 
3890000 14847 300.567 393367.0 33.3 2.6795 562.452 
3900000 14882 294.777 394517.0 33.641 2.6261 586.0433 
3910000 14916 287.683 395592.0 31.488 2.5591 537.2174 
3920000 14955 275.174 396675.0 30.109 2.4488 473.6338 
3930000 14991 272.913 397855.0 31.034 2.4316 495.3733 
3940000 15026 284.049 399007.0 32.757 2.5327 511.7296 
3950000 15058 298.399 400089.0 33.181 2.6546 523.5923 
3960000 15092 293.078 401277.0 33.59 2.6103 519.4751 
3970000 15126 293.794 402380.0 32.758 2.6178 490.5339 
3980000 15162 287.995 403575.0 33.379 2.5638 520.0302 
3990000 15192 299.218 404630.0 32.495 2.664 541.1876 
4000000 15224 313.54 405746.0 35.097 2.7912 560.4783 
4010000 15260 299.387 406819.0 32.958 2.663 523.6644 
4020000 15291 305.083 408046.0 35.114 2.714 556.5347 
4030000 15323 310.281 409205.0 36.09 2.7663 553.7658 
4040000 15355 312.655 410342.0 36.137 2.7842 590.1653 
4050000 15387 307.808 411412.0 33.996 2.7405 534.5851 
4060000 15418 320.004 412496.0 35.598 2.8464 543.5186 
4070000 15453 296.701 413524.0 31.229 2.6382 475.6971 
4080000 15486 296.907 414581.0 31.39 2.6435 490.3174 
4090000 15522 292.396 415636.0 31.149 2.6061 485.5356 
4100000 15558 283.007 416787.0 30.897 2.5208 463.0078 
4110000 15588 302.89 417934.0 33.806 2.6954 509.8894 
4120000 15622 300.317 419150.0 34.981 2.6743 528.2169 
4130000 15657 289.834 420387.0 34.632 2.5805 549.3391 
4140000 15689 305.065 421507.0 35.395 2.7145 577.7379 
4150000 15723 300.952 422708.0 35.391 2.6806 571.9683 
4160000 15756 294.427 424003.0 35.41 2.6189 545.3 
4170000 15788 308.575 425083.0 36.012 2.7436 572.5537 
4180000 15820 310.18 426185.0 35.191 2.7596 564.5662 
4190000 15855 294.191 427373.0 33.774 2.6228 505.576 
4200000 15891 285.58 428485.0 32.459 2.5427 480.8076 
4210000 15928 276.474 429759.0 33.655 2.4638 500.5185 
4220000 15960 289.42 430920.0 34.148 2.5779 548.8476 
4230000 15993 294.894 432161.0 35.427 2.6249 591.1344 
4240000 16026 294.88 433256.0 34.045 2.6235 554.9513 
4250000 16057 310.66 434381.0 35.702 2.7672 568.4227 
4260000 16089 309.173 435552.0 35.616 2.7527 556.9692 
4270000 16127 285.735 436656.0 32.584 2.5406 539.9621 
4280000 16164 273.625 437806.0 30.862 2.435 492.0457 
4290000 16200 273.489 438896.0 30.207 2.4319 449.2803 
4300000 16234 288.506 439981.0 31.773 2.5694 463.2312 
4310000 16272 277.183 441092.0 30.749 2.4689 439.143 
4320000 16307 280.493 442276.0 32.252 2.4984 475.2088 
4330000 16341 283.417 443436.0 32.477 2.5242 473.0464 
4340000 16377 281.79 444570.0 32.241 2.5069 475.9887 
4350000 16412 282.49 445645.0 31.432 2.5163 482.9322 
4360000 16441 311.992 446745.0 34.451 2.7782 516.6862 
4370000 16475 303.471 447754.0 32.11 2.6988 499.1857 
4380000 16509 298.19 448847.0 32.054 2.6554 501.0196 
4390000 16539 312.08 449879.0 32.464 2.7756 529.9571 
4400000 16572 302.012 451027.0 32.724 2.6854 534.9874 
4410000 16608 289.844 452157.0 32.42 2.5741 494.17 
4420000 16644 279.608 453369.0 32.391 2.4899 527.7549 
4430000 16680 280.638 454517.0 32.441 2.4962 469.8289 
4440000 16714 285.679 455619.0 32.687 2.5412 473.8987 
4450000 16749 282.366 456749.0 31.625 2.5136 479.9149 
4460000 16785 286.411 457798.0 31.121 2.5577 440.3087 
4470000 16818 289.648 458857.0 30.553 2.5836 442.2328 
4480000 16852 297.021 459970.0 32.87 2.6473 477.7286 
4490000 16885 302.464 461133.0 34.568 2.6938 525.9888 
4500000 16925 276.212 462239.0 30.94 2.4578 451.8508 
4510000 16959 281.155 463336.0 30.81 2.5034 474.3532 
4520000 16995 281.135 464504.0 31.798 2.5056 472.6706 
4530000 17031 274.306 465683.0 31.307 2.4477 458.8237 
4540000 17065 288.796 466783.0 32.478 2.5774 472.4376 
4550000 17103 277.578 467766.0 29.179 2.4703 420.4967 
4560000 17138 279.124 468798.0 28.599 2.4807 436.9529 
4570000 17172 285.17 469956.0 30.991 2.5356 439.5752 
4580000 17205 292.285 471007.0 31.305 2.5998 465.2289 
4590000 17241 282.013 472081.0 29.939 2.5108 422.9103 
4600000 17280 269.151 473234.0 29.967 2.3965 435.6287 
4610000 17313 286.319 474247.0 29.986 2.5485 437.059 
4620000 17346 293.73 475313.0 31.168 2.6146 481.9451 
4630000 17379 293.352 476470.0 32.157 2.6125 505.0853 
4640000 17415 282.612 477676.0 32.517 2.52 479.9461 
4650000 17448 297.388 478772.0 33.582 2.6509 525.0131 
4660000 17481 299.1 479942.0 34.577 2.6658 547.9167 
4670000 17518 286.407 481102.0 33.43 2.5541 521.6909 
4680000 17556 274.335 482127.0 29.695 2.4416 468.8269 
4690000 17590 283.913 483261.0 31.681 2.5286 490.7441 
4700000 17625 283.597 484283.0 30.078 2.5249 473.3627 
4710000 17662 272.024 485381.0 29.088 2.4203 430.6667 
4720000 17699 273.976 486348.0 27.992 2.4371 446.9695 
4730000 17733 282.207 487422.0 29.645 2.5099 504.4195 
4740000 17768 282.6 488429.0 29.139 2.5117 493.4703 
4750000 17799 290.675 489568.0 31.32 2.5846 530.1152 
4760000 17835 283.518 490693.0 31.411 2.5214 501.233 
4770000 17869 292.657 491746.0 31.816 2.6015 524.6255 
4780000 17906 282.325 492907.0 31.729 2.5125 513.0467 
4790000 17938 299.245 494080.0 34.354 2.6618 542.4566 
4800000 17968 313.237 495216.0 36.232 2.788 567.0653 
4810000 18000 314.407 496384.0 36.234 2.7987 610.4143 
4820000 18033 304.175 497577.0 35.366 2.7073 551.8318 
4830000 18067 301.206 498767.0 35.521 2.6784 567.863 
4840000 18103 290.449 499886.0 33.572 2.5802 506.3144 
4850000 18135 293.966 500972.0 32.901 2.6122 498.4204 
4860000 18169 293.448 502097.0 33.48 2.6085 503.9595 
4870000 18204 285.523 503255.0 32.611 2.5424 502.8243 
4880000 18237 294.324 504371.0 33.168 2.62 473.9399 
4890000 18267 309.158 505490.0 34.32 2.7491 494.9963 
4900000 18300 297.437 506541.0 32.27 2.6436 469.2121 
4910000 18331 318.815 507622.0 34.827 2.8337 527.1918 
4920000 18364 316.523 508676.0 34.222 2.8131 512.6836 
4930000 18396 313.965 509667.0 32.471 2.7919 482.2405 
4940000 18435 279.558 510658.0 28.281 2.4863 411.3782 
4950000 18468 292.081 511626.0 28.7 2.5962 395.1291 
4960000 18501 296.662 512534.0 27.933 2.6386 396.5809 
4970000 18533 296.899 513430.0 27.933 2.6435 420.7498 
4980000 18568 297.263 514393.0 27.953 2.6505 427.4305 
4990000 18604 289.578 515333.0 27.083 2.58 394.9618 
5000000 18642 273.929 516346.0 26.687 2.4395 363.8568 
5010000 18678 272.679 517257.0 25.876 2.4288 388.9455 
5020000 18709 295.829 518165.0 27.444 2.6349 415.665 
5030000 18744 288.785 519039.0 25.934 2.5709 405.7218 
5040000 18782 276.956 520006.0 25.965 2.4657 380.2979 
5050000 18822 260.983 520969.0 24.813 2.3214 350.8669 
5060000 18860 258.014 522042.0 26.106 2.2927 352.048 
5070000 18897 265.969 523087.0 27.323 2.3653 371.0565 
5080000 18939 247.48 524091.0 25.154 2.2025 353.7491 
5090000 18972 268.321 525072.0 26.251 2.3891 375.7804 
5100000 19015 252.318 526125.0 25.922 2.2455 357.2013 
5110000 19050 263.999 527135.0 26.605 2.3544 375.2222 
5120000 19091 254.0 528238.0 27.095 2.263 372.3921 
5130000 19128 259.056 529384.0 28.929 2.3069 411.7746 
5140000 19166 260.77 530409.0 27.842 2.322 392.4983 
5150000 19205 263.765 531478.0 27.872 2.3465 389.9759 
5160000 19243 265.661 532568.0 28.9 2.3679 442.6024 
5170000 19283 254.304 533662.0 28.09 2.2674 408.6963 
5180000 19315 283.723 534660.0 29.596 2.5283 433.6611 
5190000 19354 268.894 535761.0 29.081 2.3934 407.4932 
5200000 19388 282.408 536772.0 29.571 2.5127 402.9678 
5210000 19422 279.514 537834.0 29.105 2.4874 401.465 
5220000 19459 280.783 538875.0 29.877 2.495 408.9062 
5230000 19495 279.99 539993.0 30.83 2.4888 429.8646 
5240000 19528 291.648 541102.0 32.23 2.5914 447.9299 
5250000 19560 297.578 542169.0 32.292 2.6406 442.5273 
5260000 19590 304.926 543316.0 33.378 2.709 444.1563 
5270000 19627 294.092 544426.0 32.95 2.6138 453.8321 
5280000 19659 294.453 545562.0 32.646 2.6227 468.5353 
5290000 19693 304.121 546670.0 34.24 2.7039 480.1008 
5300000 19728 292.468 547783.0 32.602 2.5995 462.2861 
5310000 19764 284.216 548920.0 31.907 2.525 520.6166 
5320000 19800 279.994 550003.0 30.55 2.4926 482.8728 
5330000 19831 299.817 551117.0 33.389 2.668 477.6638 
5340000 19866 290.986 552179.0 31.267 2.5924 450.0453 
5350000 19900 293.258 553354.0 33.504 2.6106 468.0683 
5360000 19934 285.422 554495.0 32.509 2.5371 463.7188 
5370000 19968 287.289 555775.0 34.114 2.5489 516.0679 
5380000 20006 278.407 556843.0 31.882 2.4721 476.822 
5390000 20041 279.748 558076.0 33.668 2.4834 543.5351 
5400000 20075 287.752 559256.0 34.15 2.5569 531.9337 
5410000 20111 283.683 560291.0 31.678 2.5087 463.5056 
5420000 20145 287.404 561318.0 30.653 2.5323 462.5036 
5430000 20177 297.43 562481.0 33.13 2.6552 508.0889 
5440000 20215 276.567 563664.0 31.482 2.5064 474.9465 
5450000 20251 273.555 564822.0 31.419 2.5151 474.1823 
5460000 20288 274.096 565921.0 31.207 2.5128 485.389 
5470000 20322 275.446 566972.0 29.844 2.5286 437.6867 
5480000 20358 274.407 568115.0 29.992 2.5344 433.4714 
5490000 20394 272.897 569139.0 29.196 2.5163 418.8245 
5500000 20430 280.004 570190.0 29.805 2.594 441.0734 
5510000 20473 251.215 571315.0 27.822 2.31 402.9052 
5520000 20511 257.972 572377.0 27.941 2.3728 415.9064 
5530000 20548 263.846 573406.0 27.874 2.418 414.948 
5540000 20586 259.536 574414.0 26.555 2.4028 369.3626 
5550000 20624 262.101 575452.0 27.376 2.416 393.6463 
5560000 20657 282.838 576421.0 28.368 2.6091 418.109 
5570000 20691 286.894 577491.0 29.289 2.6401 439.8448 
5580000 20730 269.424 578531.0 27.896 2.5011 444.9219 
5590000 20766 270.865 579507.0 27.196 2.517 390.3458 
5600000 20797 295.936 580474.0 29.344 2.7432 428.3906 
5610000 20832 283.456 581515.0 28.302 2.6279 448.1872 
5620000 20868 282.217 582565.0 29.054 2.6108 450.2673 
5630000 20901 288.466 583574.0 29.264 2.6739 478.2166 
5640000 20938 284.287 584612.0 29.754 2.6333 499.2523 
5650000 20975 274.045 585598.0 27.817 2.5393 436.1535 
5660000 21012 265.837 586658.0 27.261 2.4565 408.2175 
5670000 21048 271.726 587696.0 28.136 2.4876 421.9798 
5680000 21082 281.26 588684.0 28.782 2.584 452.3015 
5690000 21120 268.697 589723.0 27.433 2.4802 456.8473 
5700000 21155 278.334 590804.0 29.675 2.5661 454.6935 
5710000 21190 281.792 591947.0 31.394 2.5967 458.7949 
5720000 21227 275.993 593059.0 30.873 2.5556 459.949 
5730000 21261 280.189 594178.0 30.882 2.5874 442.3474 
5740000 21294 294.072 595141.0 30.384 2.7166 439.5457 
5750000 21332 277.979 596234.0 29.65 2.5564 448.3609 
5760000 21369 267.756 597358.0 29.219 2.4766 440.899 
5770000 21403 284.456 598312.0 28.936 2.6219 431.838 
5780000 21442 267.436 599269.0 25.956 2.4656 387.0655 
5790000 21474 283.639 600209.0 27.152 2.6221 414.6718 
5800000 21511 282.156 601232.0 28.203 2.6339 417.7305 
5810000 21549 273.934 602242.0 27.532 2.5709 380.0081 
5820000 21585 273.915 603338.0 28.557 2.5575 423.6037 
5830000 21619 287.261 604360.0 29.584 2.668 427.2881 
5840000 21655 280.833 605390.0 28.798 2.6062 426.6115 
5850000 21690 283.886 606467.0 29.997 2.6249 465.3967 
5860000 21725 284.468 607416.0 28.894 2.6135 441.8455 
5870000 21758 294.912 608434.0 29.956 2.7125 522.3266 
5880000 21795 280.845 609402.0 27.928 2.5978 461.4436 
5890000 21840 246.072 610460.0 25.393 2.2677 395.5656 
5900000 21872 277.377 611429.0 28.008 2.5674 440.3284 
5910000 21906 281.78 612458.0 28.488 2.605 471.7825 
5920000 21945 272.948 613476.0 27.759 2.5247 459.5956 
5930000 21978 285.022 614566.0 29.762 2.6287 492.9606 
5940000 22014 279.161 615491.0 27.436 2.5774 465.2397 
5950000 22050 275.417 616502.0 27.071 2.5504 444.0684 
5960000 22088 277.902 617507.0 27.661 2.57 474.8456 
5970000 22127 263.441 618528.0 26.793 2.4301 435.6619 
5980000 22166 255.632 619411.0 23.963 2.3673 396.0939 
5990000 22200 271.932 620427.0 26.393 2.5206 481.8167 
6000000 22236 278.671 621496.0 28.509 2.5759 500.3255 
6010000 22272 269.047 622554.0 27.447 2.4763 496.2477 
6020000 22311 262.602 623614.0 27.651 2.4301 456.5036 
6030000 22345 281.428 624589.0 28.557 2.5955 458.257 
6040000 22381 280.795 625671.0 29.623 2.6034 449.3032 
6050000 22416 279.358 626755.0 29.854 2.6034 471.0607 
6060000 22452 279.3 627830.0 30.227 2.5934 500.802 
6070000 22485 285.17 628887.0 30.286 2.6343 550.3949 
6080000 22522 282.788 630018.0 31.327 2.626 503.1847 
6090000 22557 284.483 631074.0 30.956 2.6341 533.1823 
6100000 22590 289.846 632188.0 31.571 2.6727 549.3382 
6110000 22625 289.903 633288.0 32.008 2.6572 545.3114 
6120000 22659 287.248 634414.0 31.354 2.6317 543.0896 
6130000 22696 279.622 635360.0 29.259 2.5757 535.7663 
6140000 22737 259.883 636404.0 26.547 2.4051 450.1608 
6150000 22771 280.668 637414.0 29.026 2.605 493.991 
6160000 22806 285.83 638495.0 29.688 2.6602 508.0808 
6170000 22842 281.142 639636.0 30.58 2.6128 520.7838 
6180000 22881 261.375 640822.0 29.4 2.4239 497.8888 
6190000 22920 260.591 641926.0 28.965 2.4032 469.9584 
6200000 22959 258.641 643072.0 28.811 2.3864 439.8662 
6210000 22997 264.499 644172.0 29.813 2.4472 499.3961 
6220000 23034 269.784 645284.0 29.653 2.4968 496.1097 
6230000 23067 283.154 646377.0 30.957 2.6152 521.2613 
6240000 23104 274.376 647547.0 31.422 2.5375 515.6936 
6250000 23139 277.17 648635.0 31.276 2.5649 522.6587 
6260000 23175 267.174 649830.0 30.423 2.4808 495.9024 
6270000 23212 275.937 650874.0 30.759 2.5538 487.2079 
6280000 23246 284.631 651921.0 30.527 2.6282 479.3199 
6290000 23284 270.254 653016.0 29.008 2.4749 443.0243 
6300000 23317 283.94 653931.0 28.463 2.6104 434.2558 
6310000 23354 277.616 654900.0 27.375 2.5502 447.3154 
6320000 23387 289.306 655907.0 28.977 2.6593 490.7898 
6330000 23426 269.339 656956.0 27.661 2.4803 438.1337 
6340000 23460 276.198 657991.0 28.039 2.5524 456.0655 
6350000 23493 284.837 659002.0 28.573 2.6302 453.1619 
6360000 23529 284.915 660029.0 29.245 2.6321 488.9526 
6370000 23565 275.756 661168.0 29.283 2.5414 480.908 
6380000 23600 282.256 662320.0 31.561 2.6041 506.7609 
6390000 23634 281.844 663473.0 31.303 2.5868 520.2664 
6400000 23669 284.996 664531.0 31.407 2.6323 506.5558 
6410000 23701 300.988 665597.0 32.556 2.768 609.1793 
6420000 23736 293.641 666699.0 31.981 2.6835 533.7309 
6430000 23774 277.202 667948.0 32.437 2.5414 517.3673 
6440000 23813 268.765 669101.0 31.26 2.4819 493.9861 
6450000 23847 279.222 670224.0 31.363 2.5824 481.0508 
6460000 23883 280.753 671367.0 31.438 2.6101 503.54 
6470000 23920 277.965 672521.0 31.977 2.5726 523.039 
6480000 23955 282.181 673640.0 31.972 2.5992 578.6708 
6490000 23992 274.755 674848.0 32.11 2.5229 547.2237 
6500000 24026 288.103 676023.0 33.688 2.6612 566.492 
6510000 24062 281.308 677230.0 33.396 2.5964 526.4511 
6520000 24096 283.034 678438.0 33.77 2.6256 508.7729 
6530000 24129 291.466 679521.0 32.971 2.6896 543.4911 
6540000 24163 296.562 680652.0 34.205 2.75 595.4576 
6550000 24200 283.703 681671.0 31.108 2.6364 529.7174 
6560000 24235 288.192 682826.0 32.306 2.6738 519.2523 
6570000 24269 285.551 683886.0 30.779 2.6332 498.9993 
6580000 24307 278.895 685105.0 32.485 2.5744 514.0643 
6590000 24341 286.417 686245.0 33.303 2.6361 523.7729 
6600000 24375 283.997 687452.0 33.411 2.6167 540.1373 
6610000 24407 297.244 688551.0 34.131 2.7419 547.4935 
6620000 24438 304.984 689777.0 35.451 2.8133 599.1194 
6630000 24475 290.342 690933.0 34.317 2.6746 562.3293 
6640000 24507 295.165 692071.0 33.925 2.7322 524.6114 
6650000 24540 303.436 693216.0 35.167 2.7986 587.7877 
6660000 24572 306.051 694351.0 35.166 2.8256 554.2977 
6670000 24607 294.897 695628.0 35.754 2.7257 575.3957 
6680000 24641 291.518 696783.0 34.813 2.679 550.9592 
6690000 24675 291.112 697983.0 34.323 2.6887 553.0823 
6700000 24714 268.612 699233.0 31.997 2.4925 522.0945 
6710000 24750 278.998 700413.0 33.558 2.5878 555.4625 
6720000 24782 295.223 701523.0 34.286 2.7333 538.1924 
6730000 24813 312.0 702617.0 34.788 2.8768 535.4907 
6740000 24845 309.847 703822.0 36.23 2.8637 576.6976 
6750000 24882 289.06 704877.0 32.381 2.6795 507.8578 
6760000 24913 301.179 705960.0 33.288 2.7868 535.6577 
6770000 24948 294.598 707127.0 32.846 2.7353 545.4278 
6780000 24983 291.156 708170.0 31.442 2.6821 532.5585 
6790000 25015 298.751 709289.0 32.833 2.7577 604.158 
6800000 25050 287.369 710457.0 32.131 2.6533 538.8074 
6810000 25086 276.515 711559.0 30.519 2.5461 528.9493 
6820000 25119 284.754 712658.0 31.624 2.6217 556.2483 
6830000 25154 293.71 713759.0 32.769 2.7283 561.927 
6840000 25188 288.556 714829.0 30.656 2.6649 505.1398 
6850000 25224 284.036 715938.0 30.939 2.6289 483.9108 
6860000 25261 279.373 717151.0 32.617 2.5976 523.7222 
6870000 25298 275.666 718241.0 31.263 2.542 536.4297 
6880000 25336 269.611 719380.0 30.635 2.4905 512.7329 
6890000 25371 278.09 720442.0 30.292 2.565 477.2789 
6900000 25407 269.129 721638.0 30.078 2.4954 491.4384 
6910000 25443 275.389 722652.0 29.133 2.5643 447.8796 
6920000 25476 287.547 723701.0 30.527 2.6549 506.3395 
6930000 25514 272.136 724747.0 28.719 2.5213 461.542 
6940000 25554 259.256 725702.0 25.96 2.4052 420.5842 
6950000 25586 285.347 726749.0 29.472 2.6395 484.1778 
6960000 25614 308.247 727779.0 30.942 2.8512 487.3618 
6970000 25650 295.305 728812.0 30.143 2.7432 453.8415 
6980000 25683 300.224 729930.0 32.047 2.7801 487.1084 
6990000 25721 279.111 730930.0 29.235 2.5876 454.879 
7000000 25754 290.379 732012.0 31.098 2.6833 515.461 
7010000 25785 297.848 732994.0 30.131 2.7333 494.5056 
7020000 25820 294.064 734041.0 30.796 2.7121 543.864 
7030000 25856 285.078 735105.0 30.045 2.6346 540.3184 
7040000 25891 285.282 736319.0 32.653 2.6308 563.8642 
7050000 25924 293.821 737487.0 34.031 2.7078 546.0749 
7060000 25962 279.065 738679.0 32.814 2.5819 523.0167 
7070000 25998 274.703 739817.0 31.097 2.5374 500.5331 
7080000 26037 266.871 740895.0 29.382 2.4702 473.3645 
7090000 26076 262.852 741976.0 28.547 2.4417 469.7223 
7100000 26115 262.007 743045.0 28.196 2.4386 455.8369 
7110000 26149 277.536 744063.0 29.142 2.5737 460.5878 
7120000 26187 269.374 745130.0 28.354 2.4932 476.9354 
7130000 26222 274.582 746258.0 30.397 2.5472 462.0767 
7140000 26259 268.269 747469.0 30.1 2.4824 444.7888 
7150000 26295 275.744 748510.0 30.128 2.5343 519.7949 
7160000 26335 262.932 749687.0 29.991 2.4257 507.4383 
7170000 26371 269.066 750747.0 29.825 2.4771 485.6438 
7180000 26408 270.654 751785.0 29.291 2.4988 460.3698 
7190000 26449 258.981 752885.0 28.749 2.4046 494.7693 
7200000 26484 272.199 754035.0 30.782 2.5303 552.1985 
7210000 26516 290.714 755138.0 32.523 2.6912 601.1881 
7220000 26550 292.37 756281.0 32.976 2.7008 584.4802 
7230000 26584 292.654 757298.0 31.343 2.7023 538.9983 
7240000 26621 279.699 758239.0 28.306 2.5801 492.6457 
7250000 26655 281.259 759273.0 28.307 2.5853 482.0548 
7260000 26689 287.753 760311.0 29.519 2.6631 489.4357 
7270000 26721 293.773 761323.0 29.494 2.731 464.3741 
7280000 26757 291.936 762262.0 28.258 2.7095 502.2542 
7290000 26793 281.484 763312.0 28.451 2.5959 479.0705 
7300000 26831 272.9 764297.0 27.53 2.528 437.0674 
7310000 26868 266.065 765279.0 25.901 2.4634 417.182 
7320000 26902 284.213 766310.0 29.348 2.6217 514.904 
7330000 26937 282.201 767374.0 29.171 2.6085 508.8177 
7340000 26970 294.725 768451.0 31.209 2.7313 556.7499 
7350000 27002 302.0 769543.0 32.392 2.8099 571.5299 
7360000 27033 305.566 770611.0 32.263 2.8429 545.2803 
7370000 27066 299.761 771790.0 32.933 2.7757 535.2147 
7380000 27099 300.552 772864.0 32.529 2.7774 562.4266 
7390000 27132 297.487 773970.0 32.631 2.755 557.6547 
7400000 27167 299.102 775099.0 33.912 2.764 564.6841 
7410000 27201 296.168 776171.0 32.274 2.7347 524.5777 
7420000 27231 303.459 777329.0 33.128 2.7972 567.3969 
7430000 27269 283.865 778357.0 30.177 2.6267 534.7699 
7440000 27303 285.199 779412.0 29.683 2.6403 506.808 
7450000 27334 308.672 780570.0 34.463 2.8582 591.2982 
7460000 27368 302.601 781761.0 34.897 2.805 578.5266 
7470000 27399 310.927 782882.0 35.062 2.8726 585.0572 
7480000 27435 294.583 784109.0 34.244 2.7289 561.187 
7490000 27468 294.769 785268.0 33.909 2.7373 563.6287 
7500000 27504 282.578 786461.0 33.005 2.6264 559.8594 
7510000 27539 287.409 787522.0 32.134 2.6655 530.8877 
7520000 27573 287.797 788709.0 33.046 2.6583 577.5403 
7530000 27611 272.874 789854.0 31.306 2.5194 552.0157 
7540000 27643 288.457 790980.0 33.218 2.6473 582.8517 
7550000 27681 275.63 792041.0 30.501 2.5398 546.0087 
7560000 27713 292.011 793132.0 32.662 2.7086 572.3842 
7570000 27749 283.193 794333.0 32.602 2.628 516.0261 
7580000 27780 294.988 795483.0 33.036 2.7335 573.0614 
7590000 27816 285.323 796653.0 32.385 2.6321 532.6221 
7600000 27854 277.095 797720.0 30.807 2.5634 488.2285 
7610000 27890 272.171 798799.0 29.738 2.5024 453.4854 
7620000 27929 265.619 799827.0 28.35 2.4597 450.7774 
7630000 27963 271.055 800978.0 29.359 2.5184 521.8543 
7640000 28002 261.835 802060.0 28.667 2.4235 467.571 
7650000 28038 265.696 803181.0 28.866 2.4544 438.6123 
7660000 28073 277.704 804267.0 30.251 2.5685 449.6794 
7670000 28107 284.99 805250.0 28.779 2.6399 409.0408 
7680000 28143 284.754 806321.0 30.311 2.6383 449.41 
7690000 28177 286.65 807453.0 31.513 2.6487 459.1868 
7700000 28207 307.512 808540.0 33.781 2.8442 528.2061 
7710000 28242 295.354 809686.0 32.649 2.7326 509.892 
7720000 28277 294.865 810724.0 32.356 2.7251 512.6448 
7730000 28309 304.335 811946.0 35.306 2.8179 620.3515 
7740000 28347 274.606 813161.0 32.174 2.5201 561.4541 
7750000 28382 284.502 814244.0 32.422 2.6226 582.4084 
7760000 28419 275.124 815263.0 29.362 2.5411 523.939 
7770000 28453 284.672 816383.0 31.439 2.6307 568.1269 
7780000 28489 283.876 817414.0 30.285 2.6178 537.4775 
7790000 28524 283.772 818462.0 29.763 2.6307 487.6286 
7800000 28556 300.135 819546.0 32.108 2.7769 549.6954 
7810000 28590 287.923 820653.0 30.77 2.6843 513.3649 
7820000 28623 290.565 821821.0 32.531 2.7159 571.2942 
7830000 28660 285.164 822950.0 32.444 2.6342 546.8745 
7840000 28695 284.418 824043.0 31.813 2.6383 516.0251 
7850000 28725 300.602 825237.0 34.174 2.7712 556.7006 
7860000 28758 300.947 826298.0 32.83 2.7905 517.1422 
7870000 28797 277.038 827423.0 30.5 2.5688 502.2693 
7880000 28830 287.445 828602.0 32.344 2.6387 527.8736 
7890000 28866 284.838 829763.0 32.944 2.6236 533.8069 
7900000 28901 280.985 830853.0 31.484 2.5872 525.8042 
7910000 28938 271.724 832011.0 30.41 2.4859 507.551 
7920000 28973 283.96 833127.0 32.189 2.6162 542.4166 
7930000 29012 264.882 834239.0 30.081 2.4441 479.9962 
7940000 29048 271.611 835439.0 31.924 2.5142 509.8626 
7950000 29082 280.045 836591.0 31.942 2.6096 539.6021 
7960000 29115 288.654 837637.0 31.531 2.6783 532.8393 
7970000 29151 282.599 838756.0 31.308 2.6096 489.8539 
7980000 29187 286.347 839839.0 31.48 2.6401 490.5098 
7990000 29220 290.061 841047.0 32.95 2.6712 503.6469 
8000000 29256 285.384 842142.0 31.913 2.6244 508.2068 
8010000 29288 297.991 843245.0 33.296 2.7459 516.8858 
8020000 29322 287.795 844388.0 32.048 2.6712 492.0156 
8030000 29360 277.53 845449.0 30.478 2.5732 479.9001 
8040000 29401 258.32 846519.0 27.921 2.3913 440.616 
8050000 29439 260.862 847629.0 28.167 2.4125 421.3246 
8060000 29475 271.982 848617.0 27.959 2.5144 444.7182 
8070000 29511 269.561 849631.0 27.615 2.5051 450.2851 
8080000 29545 285.285 850777.0 31.197 2.6576 493.2523 
8090000 29580 283.675 851855.0 30.544 2.6469 495.7727 
8100000 29612 299.542 852879.0 31.528 2.7826 524.2308 
8110000 29652 270.334 853977.0 28.618 2.4971 457.423 
8120000 29692 258.034 855134.0 28.411 2.3903 461.3957 
8130000 29724 280.381 856243.0 31.274 2.5988 501.2191 
8140000 29757 291.613 857182.0 29.95 2.6831 461.7256 
8150000 29799 260.242 858212.0 26.653 2.3968 380.4605 
8160000 29838 255.447 859259.0 26.11 2.3512 378.3047 
8170000 29875 263.64 860350.0 28.179 2.4299 409.9484 
8180000 29911 270.992 861409.0 28.843 2.4966 498.7038 
8190000 29949 269.871 862430.0 28.195 2.4883 455.6445 
8200000 29982 278.487 863506.0 29.079 2.5576 424.7041 
8210000 30015 289.912 864592.0 30.824 2.6748 461.6826 
8220000 30050 291.152 865739.0 32.646 2.6911 491.28 
8230000 30084 294.034 866878.0 33.234 2.723 502.1237 
8240000 30121 280.803 868044.0 32.113 2.6155 511.0019 
8250000 30156 280.846 869256.0 32.912 2.6164 530.778 
8260000 30192 280.456 870376.0 32.344 2.6033 562.1879 
8270000 30225 291.483 871530.0 33.412 2.6957 565.9426 
8280000 30261 287.235 872598.0 31.72 2.6601 533.3709 
8290000 30291 302.102 873850.0 34.966 2.7904 614.3041 
8300000 30325 303.24 875062.0 36.498 2.8084 660.4714 
8310000 30359 298.805 876206.0 35.581 2.7471 644.4139 
8320000 30393 293.733 877511.0 36.103 2.7118 638.8602 
8330000 30426 298.484 878653.0 35.742 2.7692 636.5148 
8340000 30459 296.838 879798.0 34.658 2.764 624.963 
8350000 30493 296.065 880952.0 34.513 2.7461 618.9329 
8360000 30528 290.777 882089.0 33.34 2.7072 597.9177 
8370000 30560 301.772 883292.0 35.636 2.7996 624.5866 
8380000 30595 294.054 884496.0 35.652 2.7329 657.9155 
8390000 30630 287.56 885548.0 32.617 2.6872 613.1197 
8400000 30665 286.647 886682.0 32.669 2.6792 621.5016 
8410000 30698 292.468 887869.0 34.435 2.7257 658.3723 
8420000 30732 288.758 888980.0 32.178 2.6841 610.4429 
8430000 30764 305.57 890127.0 35.296 2.8385 636.489 
8440000 30800 291.457 891332.0 34.611 2.7072 564.14 
8450000 30836 287.282 892496.0 33.949 2.6834 573.7914 
8460000 30867 301.916 893586.0 33.802 2.7981 581.1259 
8470000 30897 316.167 894746.0 35.723 2.9302 587.0657 
8480000 30932 302.74 895896.0 34.306 2.8089 542.4506 
8490000 30964 307.975 897023.0 35.395 2.8579 561.8173 
8500000 30996 304.943 898271.0 35.576 2.8207 655.0074 
8510000 31029 306.042 899421.0 35.724 2.8316 635.0967 
8520000 31064 299.705 900605.0 35.588 2.7824 627.2958 
8530000 31094 315.881 901769.0 37.191 2.9276 614.2956 
8540000 31128 300.985 902967.0 35.607 2.7842 593.2017 
8550000 31164 287.099 904097.0 33.448 2.6506 534.489 
8560000 31200 287.35 905036.0 30.271 2.6604 475.4371 
8570000 31233 286.942 906212.0 31.155 2.6412 503.4693 
8580000 31268 292.715 907312.0 32.305 2.7088 541.446 
8590000 31305 277.055 908446.0 31.128 2.5609 488.0141 
8600000 31340 283.096 909561.0 31.466 2.619 515.7784 
8610000 31377 276.422 910658.0 30.453 2.5458 489.8798 
8620000 31414 270.349 911676.0 28.619 2.4951 499.4145 
8630000 31450 272.699 912720.0 28.608 2.5379 523.0722 
8640000 31487 272.849 913703.0 27.936 2.534 490.5764 
8650000 31524 266.039 914698.0 26.337 2.4608 442.4834 
8660000 31563 257.526 915783.0 26.73 2.3885 408.0484 
8670000 31599 275.293 916845.0 29.248 2.5639 470.6829 
8680000 31632 287.34 917914.0 30.11 2.6491 474.8429 
8690000 31665 295.769 918906.0 30.577 2.7276 497.3155 
8700000 31699 298.089 920008.0 31.915 2.756 530.6668 
8710000 31734 289.151 921115.0 31.025 2.681 519.7967 
8720000 31771 282.195 922280.0 31.66 2.6095 535.0184 
8730000 31809 270.057 923333.0 29.321 2.503 480.5974 
8740000 31842 280.713 924446.0 30.519 2.6144 489.5763 
8750000 31878 283.498 925576.0 31.444 2.6422 485.148 
8760000 31913 282.113 926660.0 30.943 2.6133 540.0771 
8770000 31947 284.097 927784.0 30.872 2.6337 521.7909 
8780000 31984 280.899 928901.0 31.323 2.5883 550.296 
8790000 32019 283.016 930007.0 31.566 2.6109 523.6749 
8800000 32055 277.375 931129.0 30.932 2.5571 563.8791 
8810000 32087 294.204 932260.0 33.219 2.7245 613.9767 
8820000 32119 304.108 933414.0 34.755 2.8154 636.0466 
8830000 32154 293.086 934558.0 33.362 2.7238 618.3587 
8840000 32187 293.978 935741.0 33.623 2.7234 601.5798 
8850000 32220 301.028 936925.0 35.05 2.7958 583.2353 
8860000 32253 303.766 938050.0 34.942 2.837 552.9754 
8870000 32289 288.549 939181.0 32.534 2.6968 510.804 
8880000 32325 277.734 940279.0 30.722 2.5838 508.593 
8890000 32359 292.444 941467.0 34.03 2.7174 609.8255 
8900000 32394 286.859 942644.0 33.451 2.6549 562.1132 
8910000 32427 294.712 943818.0 34.11 2.7329 596.9601 
8920000 32463 286.599 944890.0 31.916 2.661 550.5356 
8930000 32497 288.915 946097.0 33.748 2.6731 595.4756 
8940000 32532 282.489 947333.0 33.134 2.6182 582.7957 
8950000 32567 288.473 948430.0 33.282 2.662 565.3638 
8960000 32601 293.723 949567.0 33.305 2.726 574.4611 
8970000 32634 298.761 950797.0 34.916 2.779 606.8603 
8980000 32668 293.52 951803.0 31.968 2.7226 580.4243 
8990000 32706 278.871 952861.0 29.8 2.5894 499.8707 
9000000 32737 298.83 954013.0 33.31 2.7608 569.1696 
9010000 32773 288.032 955213.0 33.521 2.6704 572.2532 
9020000 32810 278.797 956259.0 30.764 2.5783 514.9623 
9030000 32847 272.112 957440.0 31.087 2.5223 502.5653 
9040000 32883 272.088 958522.0 30.127 2.528 463.5669 
9050000 32916 280.617 959550.0 29.586 2.5847 462.1167 
9060000 32954 277.885 960647.0 29.968 2.5606 445.8694 
9070000 32994 255.874 961589.0 25.636 2.3689 365.524 
9080000 33031 268.641 962497.0 25.989 2.4849 391.669 
9090000 33063 286.737 963397.0 26.308 2.6423 378.1446 
9100000 33099 283.373 964368.0 26.504 2.6228 433.789 
9110000 33137 273.932 965292.0 25.795 2.527 429.1883 
9120000 33177 255.447 966317.0 24.577 2.3617 374.6606 
9130000 33216 259.605 967264.0 25.027 2.3845 397.7837 
9140000 33256 253.914 968243.0 24.793 2.3368 361.9754 
9150000 33296 251.801 969263.0 25.419 2.3212 393.376 
9160000 33333 257.406 970342.0 25.945 2.3795 402.7249 
9170000 33369 268.661 971456.0 28.926 2.4845 505.2177 
9180000 33405 274.583 972455.0 28.811 2.548 539.3964 
9190000 33435 296.275 973524.0 30.764 2.7524 575.4061 
9200000 33469 297.479 974569.0 31.296 2.7648 534.8836 
9210000 33505 286.294 975624.0 30.567 2.6403 524.4107 
9220000 33537 295.706 976726.0 31.641 2.7237 530.0326 
9230000 33573 291.029 977852.0 31.997 2.6844 550.9012 
9240000 33603 299.82 979034.0 34.151 2.7661 580.3748 
9250000 33636 303.885 980216.0 34.773 2.8084 611.535 
9260000 33674 282.777 981316.0 31.976 2.6188 536.977 
9270000 33708 278.436 982584.0 33.347 2.5774 534.2134 
9280000 33743 292.788 983734.0 34.553 2.7017 519.3283 
9290000 33777 285.093 984956.0 33.748 2.6425 561.2709 
9300000 33813 287.665 986086.0 33.835 2.6514 541.0557 
9310000 33848 288.641 987245.0 33.883 2.687 548.8815 
9320000 33880 302.382 988312.0 33.682 2.8077 546.614 
9330000 33918 273.078 989400.0 29.629 2.5428 476.7916 
9340000 33957 266.769 990477.0 29.049 2.4662 491.9344 
9350000 33992 276.946 991694.0 32.146 2.5514 542.3701 
9360000 34026 276.633 992879.0 32.311 2.5475 519.6727 
9370000 34059 293.534 994001.0 33.568 2.7058 546.5185 
9380000 34090 305.499 995095.0 34.43 2.8249 538.0516 
9390000 34122 306.854 996241.0 34.481 2.8248 534.4405 
9400000 34155 298.394 997420.0 34.047 2.7624 537.2149 
9410000 34188 302.262 998572.0 34.838 2.7983 537.403 
9420000 34221 302.616 999688.0 34.547 2.8104 548.6172 
9430000 34254 301.433 1000845.0 34.728 2.7854 572.7291 
9440000 34287 296.453 1002169.0 36.098 2.7267 571.9455 
9450000 34320 301.37 1003409.0 37.339 2.7841 597.8245 
9460000 34351 317.48 1004425.0 36.183 2.9344 587.2858 
9470000 34383 306.876 1005685.0 35.944 2.8391 569.238 
9480000 34417 306.889 1006849.0 36.586 2.8335 610.5156 
9490000 34453 294.653 1008051.0 35.596 2.7233 584.2821 
9500000 34486 299.382 1009190.0 35.285 2.7665 568.4452 
9510000 34518 303.822 1010383.0 36.155 2.812 613.0455 
9520000 34552 299.69 1011620.0 36.315 2.7572 600.3297 
9530000 34584 296.015 1012914.0 36.546 2.7202 582.9721 
9540000 34618 303.176 1014172.0 38.515 2.7836 654.752 
9550000 34651 299.956 1015449.0 38.295 2.793 639.6209 
9560000 34683 304.061 1016604.0 36.731 2.8224 643.1266 
9570000 34714 315.212 1017676.0 36.093 2.907 630.8652 
9580000 34746 307.741 1018902.0 36.005 2.8277 627.1603 
9590000 34779 305.699 1020080.0 36.359 2.8059 614.9711 
9600000 34809 315.157 1021308.0 37.452 2.8936 599.6629 
9610000 34843 306.654 1022529.0 38.018 2.8308 621.2421 
9620000 34877 303.271 1023761.0 37.292 2.8043 612.9574 
9630000 34911 294.666 1025017.0 36.195 2.7329 574.7614 
9640000 34948 286.834 1026294.0 36.145 2.6621 594.3135 
9650000 34981 296.271 1027523.0 36.899 2.7522 581.0728 
9660000 35013 299.126 1028740.0 36.341 2.7662 600.7612 
9670000 35046 296.957 1029918.0 35.343 2.7388 612.9469 
9680000 35079 297.695 1031204.0 36.549 2.7469 602.3067 
9690000 35115 290.966 1032444.0 36.028 2.6891 575.8663 
9700000 35148 295.723 1033686.0 36.768 2.7388 623.0959 
9710000 35180 306.473 1034900.0 38.285 2.8338 639.7611 
9720000 35214 303.053 1036215.0 38.441 2.8019 627.0368 
9730000 35247 299.104 1037389.0 35.929 2.7557 616.5275 
9740000 35277 308.79 1038615.0 37.109 2.8385 615.8387 
9750000 35313 293.221 1039848.0 35.709 2.6833 562.662 
9760000 35346 295.856 1041105.0 36.113 2.7143 548.2528 
9770000 35381 295.028 1042302.0 35.98 2.7273 572.3743 
9780000 35410 318.016 1043390.0 36.968 2.9465 603.6349 
9790000 35445 296.486 1044647.0 35.503 2.7578 579.7653 
9800000 35478 299.469 1045791.0 35.037 2.7736 546.6973 
9810000 35516 285.201 1047006.0 34.299 2.6462 560.4995 
9820000 35550 285.851 1048240.0 34.361 2.6523 532.4628 
9830000 35584 289.983 1049394.0 34.597 2.6914 548.3532 
9840000 35620 288.926 1050685.0 36.313 2.6787 623.0672 
9850000 35652 299.214 1051908.0 36.842 2.7706 615.0967 
9860000 35685 291.756 1053010.0 33.567 2.7061 553.2768 
9870000 35719 298.253 1054193.0 35.046 2.765 552.326 
9880000 35749 316.389 1055363.0 37.356 2.9242 602.5711 
9890000 35782 313.689 1056526.0 36.864 2.907 579.7322 
9900000 35817 293.997 1057768.0 34.996 2.7335 538.1231 
9910000 35847 308.332 1058891.0 36.188 2.8576 586.9598 
9920000 35880 306.001 1060171.0 37.51 2.8106 621.2628 
9930000 35916 282.727 1061336.0 33.053 2.6058 538.8106 
9940000 35951 284.661 1062590.0 35.227 2.6265 532.7873 
9950000 35988 277.379 1063891.0 34.972 2.5402 544.1998 
9960000 36022 290.085 1065144.0 36.555 2.6775 559.6096 
9970000 36055 299.403 1066282.0 35.656 2.7566 564.4148 
9980000 36087 304.17 1067378.0 34.895 2.811 525.8289 
9990000 36120 301.842 1068582.0 35.181 2.7968 548.4225 
10000000 36155 294.49 1069748.0 34.407 2.7356 498.5511 
