10000 577 17.679 4543.892 7.991 0.0213 0 0 0 
20000 1161 17.078 9053.93 7.974 0.0204 0 0 0 
30000 1621 29.745 13849.449 20.638 0.0998 0 0 0 
40000 1975 27.983 22501.13 25.841 0.0984 0 0 0 
50000 2362 24.999 32022.394 23.687 0.0868 0 0 0 
60000 2728 31.156 40624.664 25.754 0.1076 0 0 0 
70000 3052 27.979 48610.276 23.586 0.0971 0 0 0 
80000 3331 44.663 56718.654 34.397 0.158 0 0 0 
90000 3543 48.059 64268.639 37.69 0.1702 0 0 0 
100000 3733 56.832 72272.417 46.338 0.2023 0 0 0 
110000 3934 51.145 79643.341 36.246 0.1799 0 0 0 
120000 4121 53.707 87490.559 43.833 0.1897 0 0 0 
130000 4309 54.693 96838.555 52.032 0.1934 0 0 0 
140000 4452 73.328 106142.687 69.297 0.2607 0 0 0 
150000 4572 83.985 115990.792 82.403 0.2975 0 0 0 
160000 4658 119.931 125057.079 107.215 0.4233 0 0 0 
170000 4704 172.682 131381.52 122.204 0.6114 0 0 0 
180000 4731 253.153 138047.084 173.567 0.8933 0 0 0 
190000 4752 337.095 144979.079 232.605 1.1921 0 0 0 
200000 4773 384.562 151772.559 263.222 1.3535 0 0 0 
210000 4785 480.104 158138.939 319.729 1.6983 0 0 0 
220000 4802 515.026 164089.547 330.534 1.8287 0 0 0 
230000 4828 457.962 170452.499 293.993 1.6316 0 0 0 
240000 4841 529.782 177119.859 344.974 1.8937 0 0 0 
250000 4854 589.393 183814.873 386.433 2.0994 0 0 0 
260000 4865 649.153 189644.121 412.317 2.3022 0 0 0 
270000 4880 657.009 195947.403 417.836 2.337 0 0 0 
280000 4893 683.163 201939.431 427.201 2.4309 0 0 0 
290000 4905 723.319 208213.232 452.961 2.5717 0 0 0 
300000 4921 692.729 214837.572 439.916 2.4631 0 0 0 
310000 4933 716.705 220830.696 449.114 2.5463 0 0 0 
320000 4943 761.325 227415.619 482.241 2.7073 0 0 0 
330000 4955 789.351 234161.491 507.356 2.808 0 0 0 
340000 4966 813.507 241299.366 535.258 2.8918 0 0 0 
350000 4986 696.457 247874.644 457.708 2.4744 0 0 0 
360000 5000 700.403 255164.437 472.209 2.4887 0 0 0 
370000 5010 755.208 262379.675 518.712 2.6859 0 0 0 
380000 5021 794.135 269251.264 544.944 2.8247 0 0 0 
390000 5032 818.892 275539.018 552.185 2.9105 0 0 0 
400000 5051 715.983 281606.5 472.429 2.548 0 0 0 
410000 5068 682.324 287624.243 440.128 2.4194 0 0 0 
420000 5085 636.963 293785.556 406.27 2.2616 0 0 0 
430000 5107 575.898 299666.906 359.206 2.0424 0 0 0 
440000 5124 583.197 305806.328 362.15 2.0685 0 0 0 
450000 5135 640.81 312444.344 405.557 2.2708 0 0 0 
460000 5147 691.301 318701.108 436.416 2.4516 0 0 0 
470000 5158 728.894 325826.741 474.34 2.5915 0 0 0 
480000 5174 699.987 332685.527 461.638 2.4885 0 0 0 
490000 5197 598.919 339755.959 401.834 2.1318 0 0 0 
500000 5215 575.069 346927.359 392.075 2.0472 0 0 0 
510000 5231 598.012 352739.498 389.771 2.141 0 0 0 
520000 5247 599.864 359569.219 396.826 2.1519 0 0 0 
530000 5263 625.414 366949.632 426.418 2.2391 0 0 0 
540000 5282 591.349 373809.037 403.33 2.1198 0 0 0 
550000 5300 589.968 380540.802 400.671 2.1156 0 0 0 
560000 5314 622.323 386756.995 412.44 2.2283 0 0 0 
570000 5328 627.494 392970.095 409.017 2.2472 0 0 0 
580000 5341 675.065 399507.69 439.939 2.4137 0 0 0 
590000 5351 721.361 406380.805 477.402 2.5781 0 0 0 
600000 5364 742.824 413127.497 493.006 2.6515 0 0 0 
610000 5376 755.972 420142.025 509.307 2.7022 0 0 0 
620000 5386 800.612 427512.747 550.651 2.8639 0 0 0 
630000 5397 831.403 434704.947 577.137 2.9675 0 0 0 
640000 5407 862.244 440879.482 584.246 3.0773 0 0 0 
650000 5417 871.655 446733.938 574.406 3.1082 0 0 0 
660000 5429 878.528 452875.56 570.53 3.1341 0 0 0 
670000 5442 845.416 458881.004 540.36 3.0184 0 0 0 
680000 5455 829.965 465166.531 528.932 2.9598 0 0 0 
690000 5466 832.948 471088.02 521.938 2.9732 0 0 0 
700000 5478 837.435 477376.819 524.899 2.9802 0 0 0 
710000 5493 802.395 484483.03 518.214 2.8551 0 0 0 
720000 5507 784.464 491322.088 513.944 2.7933 0 0 0 
730000 5518 798.944 498691.566 535.629 2.8461 0 0 0 
740000 5530 804.365 506899.395 563.747 2.8605 0 0 0 
750000 5545 774.519 517756.675 612.111 2.7472 0 0 0 
760000 5558 768.366 527910.428 646.754 2.7205 0 0 0 
770000 5572 758.875 537638.588 662.534 2.689 0 0 0 
780000 5582 802.983 546661.88 706.221 2.832 0 0 0 
790000 5595 799.51 554778.153 690.958 2.821 0 0 0 
800000 5605 822.699 563976.047 719.855 2.9064 0 0 0 
810000 5629 666.9 573908.642 600.055 2.3548 0 0 0 
820000 5654 567.333 585949.78 560.085 1.9955 0 0 0 
830000 5699 361.152 594690.963 341.244 1.278 0 0 0 
840000 5717 413.464 604214.437 391.444 1.4641 0 0 0 
850000 5730 492.136 613877.336 469.07 1.7473 0 0 0 
860000 5752 475.193 622005.094 427.504 1.689 0 0 0 
870000 5777 441.45 631001.909 397.491 1.5703 0 0 0 
880000 5792 484.327 641627.08 461.366 1.7173 0 0 0 
890000 5806 557.849 653132.703 569.841 1.9732 0 0 0 
900000 5824 554.226 665148.005 595.832 1.9557 0 0 0 
910000 5854 454.031 677459.86 512.606 1.5989 0 0 0 
920000 5875 466.906 689688.0 543.444 1.6461 0 0 0 
930000 5905 406.448 701992.793 482.483 1.4323 0 0 0 
940000 5925 437.294 712770.382 499.911 1.5473 0 0 0 
950000 5939 500.56 724091.069 568.931 1.7726 0 0 0 
960000 5958 519.734 735876.284 601.032 1.839 0 0 0 
970000 5974 550.639 746930.816 626.566 1.9438 0 0 0 
980000 5993 546.812 757484.87 607.235 1.9329 0 0 0 
990000 6024 440.721 768644.502 490.201 1.5601 0 0 0 
1000000 6037 515.46 779954.234 576.039 1.8189 0 0 0 
1010000 6050 571.993 790075.717 622.126 2.0228 0 0 0 
1020000 6064 610.842 802021.35 683.136 2.1622 0 0 0 
1030000 6080 601.817 812331.566 659.284 2.1315 0 0 0 
1040000 6094 645.797 822497.198 693.908 2.2892 0 0 0 
1050000 6107 673.096 834954.825 754.047 2.3709 0 0 0 
1060000 6129 577.969 847708.61 668.317 2.0349 0 0 0 
1070000 6156 489.434 860269.683 580.423 1.7212 0 0 0 
1080000 6175 502.441 871807.085 589.883 1.7681 0 0 0 
1090000 6191 535.742 882934.576 619.145 1.8875 0 0 0 
1100000 6203 588.647 894777.286 686.457 2.0774 0 0 0 
1110000 6214 650.32 907217.233 771.528 2.2908 0 0 0 
1120000 6226 697.964 920116.885 845.57 2.4561 0 0 0 
1130000 6240 705.866 931918.994 848.693 2.4905 0 0 0 
1140000 6252 729.826 945321.793 902.403 2.5793 0 0 0 
1150000 6264 743.874 957273.476 911.563 2.6357 0 0 0 
1160000 6282 685.792 969517.255 839.033 2.4145 0 0 0 
1170000 6292 739.46 982850.642 924.18 2.6084 0 0 0 
1180000 6306 735.444 996429.676 938.435 2.5997 0 0 0 
1190000 6330 609.252 1009449.539 781.656 2.158 0 0 0 
1200000 6357 500.484 1022323.522 642.069 1.7753 0 0 0 
1210000 6390 396.044 1034333.126 493.785 1.3963 0 0 0 
1220000 6420 380.936 1045720.259 459.482 1.3321 0 0 0 
1230000 6435 457.663 1055870.807 517.712 1.6071 0 0 0 
1240000 6452 485.199 1066396.154 536.54 1.7077 0 0 0 
1250000 6482 413.758 1074184.069 410.859 1.4666 0 0 0 
1260000 6502 445.337 1085044.12 453.481 1.5851 0 0 0 
1270000 6522 467.735 1097539.125 517.122 1.6581 0 0 0 
1280000 6541 484.674 1110232.029 561.815 1.7197 0 0 0 
1290000 6577 371.155 1122796.363 446.433 1.3209 0 0 0 
1300000 6605 367.292 1132671.984 409.99 1.3137 0 0 0 
1310000 6622 439.133 1139127.51 408.31 1.5699 0 0 0 
1320000 6639 467.942 1144942.39 383.76 1.6803 0 0 0 
1330000 6655 513.779 1149882.415 361.608 1.85 0 0 0 
1340000 6665 590.493 1156576.133 413.816 2.1303 0 0 0 
1350000 6687 553.102 1166564.707 432.506 1.9918 0 0 0 
1360000 6701 590.799 1177835.473 522.817 2.1265 0 0 0 
1370000 6720 569.548 1189556.829 550.597 2.0428 0 0 0 
1380000 6743 499.345 1200253.521 496.943 1.789 0 0 0 
1390000 6759 538.258 1208654.031 511.938 1.9296 0 0 0 
1400000 6775 559.792 1220024.962 562.428 1.9958 0 0 0 
1410000 6792 561.003 1229523.549 551.074 2.008 0 0 0 
1420000 6806 603.456 1238621.708 580.107 2.1629 0 0 0 
1430000 6819 633.675 1249378.756 630.49 2.2719 0 0 0 
1440000 6837 618.39 1259856.238 624.898 2.2072 0 0 0 
1450000 6849 661.551 1268821.825 646.061 2.3675 0 0 0 
1460000 6864 661.853 1281430.129 695.965 2.3621 0 0 0 
1470000 6876 688.395 1295782.882 789.047 2.4513 0 0 0 
1480000 6886 745.396 1310667.151 914.826 2.644 0 0 0 
1490000 6897 779.059 1325435.145 1004.099 2.7595 0 0 0 
1500000 6912 753.226 1340485.163 1010.261 2.6738 0 0 0 
1510000 6933 659.628 1354970.556 900.868 2.3417 0 0 0 
1520000 6952 613.911 1367962.775 826.675 2.1726 0 0 0 
1530000 6971 590.487 1379555.72 762.562 2.0931 0 0 0 
1540000 6988 582.396 1390589.569 726.99 2.0684 0 0 0 
1550000 7007 566.675 1401590.068 684.591 2.017 0 0 0 
1560000 7019 634.444 1414242.854 774.55 2.2474 0 0 0 
1570000 7030 673.498 1428562.833 861.708 2.3904 0 0 0 
1580000 7043 700.609 1440631.97 876.205 2.4899 0 0 0 
1590000 7054 749.018 1455772.642 988.723 2.6583 0 0 0 
1600000 7064 787.976 1472012.946 1091.999 2.7909 0 0 0 
1610000 7076 802.348 1487973.878 1153.185 2.8472 0 0 0 
1620000 7088 802.657 1501074.949 1130.086 2.8392 0 0 0 
1630000 7102 789.002 1514864.363 1103.602 2.7901 0 0 0 
1640000 7117 755.661 1523498.051 964.473 2.6683 0 0 0 
1650000 7129 765.936 1534883.469 964.533 2.7043 0 0 0 
1660000 7142 777.677 1548376.196 987.425 2.7579 0 0 0 
1670000 7157 741.077 1561913.559 956.829 2.6301 0 0 0 
1680000 7169 758.139 1574613.085 989.555 2.69 0 0 0 
1690000 7181 779.469 1588055.907 1014.237 2.7718 0 0 0 
1700000 7194 773.261 1600465.655 989.272 2.7558 0 0 0 
1710000 7206 789.974 1615603.795 1055.773 2.805 0 0 0 
1720000 7217 817.961 1630124.441 1114.641 2.9038 0 0 0 
1730000 7231 794.172 1645616.697 1113.186 2.8486 0 0 0 
1740000 7244 785.512 1659987.916 1106.672 2.8147 0 0 0 
1750000 7259 760.386 1675102.976 1091.144 2.7258 0 0 0 
1760000 7280 662.673 1688498.706 938.067 2.381 0 0 0 
1770000 7291 705.15 1702457.031 994.627 2.5422 0 0 0 
1780000 7310 654.726 1716393.348 920.608 2.359 0 0 0 
1790000 7325 655.873 1725954.903 848.084 2.3674 0 0 0 
1800000 7336 701.652 1736695.422 860.409 2.5402 0 0 0 
1810000 7350 710.854 1751857.115 924.801 2.5602 0 0 0 
1820000 7366 689.1 1767397.402 939.041 2.4742 0 0 0 
1830000 7382 663.024 1784437.301 958.515 2.3804 0 0 0 
1840000 7403 586.705 1798720.9 852.021 2.1038 0 0 0 
1850000 7415 653.544 1815661.052 987.497 2.3434 0 0 0 
1860000 7436 585.383 1831169.797 891.191 2.1012 0 0 0 
1870000 7453 588.873 1847709.818 920.278 2.1139 0 0 0 
1880000 7474 554.243 1863408.39 865.998 1.99 0 0 0 
1890000 7486 601.525 1879046.973 937.254 2.1586 0 0 0 
1900000 7506 576.397 1893375.953 877.293 2.0687 0 0 0 
1910000 7524 573.548 1908736.664 873.381 2.0598 0 0 0 
1920000 7539 591.161 1921743.019 862.996 2.1305 0 0 0 
1930000 7552 640.092 1936595.27 940.722 2.3025 0 0 0 
1940000 7569 621.777 1949095.13 879.187 2.2388 0 0 0 
1950000 7582 649.929 1962266.298 901.727 2.333 0 0 0 
1960000 7593 697.625 1976574.473 977.809 2.4983 0 0 0 
1970000 7609 686.329 1990025.202 952.12 2.4544 0 0 0 
1980000 7625 659.073 2003337.501 901.09 2.3578 0 0 0 
1990000 7637 708.911 2015355.754 941.472 2.5418 0 0 0 
2000000 7648 749.658 2027293.084 971.705 2.6905 0 0 0 
2010000 7659 769.308 2040861.061 1008.973 2.7562 0 0 0 
2020000 7670 797.717 2055656.355 1072.468 2.8581 0 0 0 
2030000 7682 813.391 2069741.95 1108.449 2.9124 0 0 0 
2040000 7695 809.197 2084296.485 1120.244 2.8864 0 0 0 
2050000 7708 791.728 2098542.095 1104.18 2.8219 0 0 0 
2060000 7720 813.459 2112026.048 1126.344 2.9002 0 0 0 
2070000 7737 734.14 2124646.117 998.976 2.6213 0 0 0 
2080000 7754 694.093 2136929.602 920.049 2.4752 0 0 0 
2090000 7767 713.132 2149927.871 939.9 2.5506 0 0 0 
2100000 7791 595.444 2162260.856 769.577 2.1171 0 0 0 
2110000 7808 589.643 2175495.647 767.189 2.0928 0 0 0 
2120000 7821 642.871 2188888.107 843.904 2.2904 0 0 0 
2130000 7837 643.053 2202991.399 861.435 2.2927 0 0 0 
2140000 7857 590.744 2216706.104 796.253 2.1099 0 0 0 
2150000 7888 487.548 2230328.285 659.204 1.7439 0 0 0 
2160000 7906 500.438 2244354.787 684.757 1.7961 0 0 0 
2170000 7926 499.136 2258684.84 694.043 1.793 0 0 0 
2180000 7944 515.742 2272414.141 715.285 1.8444 0 0 0 
2190000 7969 454.16 2285127.437 609.022 1.6317 0 0 0 
2200000 7988 478.945 2295914.877 601.335 1.7244 0 0 0 
2210000 8005 520.31 2308531.304 649.918 1.8752 0 0 0 
2220000 8022 531.75 2321511.138 669.987 1.9136 0 0 0 
2230000 8040 546.425 2333430.829 681.95 1.955 0 0 0 
2240000 8056 575.431 2346948.073 736.532 2.0564 0 0 0 
2250000 8071 600.709 2361144.836 791.271 2.1503 0 0 0 
2260000 8099 494.644 2374030.377 646.419 1.7717 0 0 0 
2270000 8126 440.559 2387767.968 588.417 1.5797 0 0 0 
2280000 8150 429.964 2401024.647 574.627 1.5464 0 0 0 
2290000 8169 450.095 2411903.148 555.177 1.6229 0 0 0 
2300000 8183 513.438 2426922.609 678.841 1.8492 0 0 0 
2310000 8199 546.391 2440100.97 724.789 1.9711 0 0 0 
2320000 8221 513.609 2454039.6 696.23 1.8461 0 0 0 
2330000 8254 410.338 2465206.674 519.246 1.4768 0 0 0 
2340000 8275 426.075 2478661.928 550.273 1.5357 0 0 0 
2350000 8290 501.309 2493221.292 679.083 1.7781 0 0 0 
2360000 8303 546.197 2507616.713 750.323 1.9261 0 0 0 
2370000 8319 575.83 2520384.06 776.846 2.0349 0 0 0 
2380000 8335 587.663 2533678.234 789.335 2.0786 0 0 0 
2390000 8352 589.248 2546473.714 781.65 2.0848 0 0 0 
2400000 8367 600.313 2560998.093 818.578 2.1306 0 0 0 
2410000 8396 488.085 2574811.531 668.49 1.7288 0 0 0 
2420000 8416 487.568 2588627.58 669.394 1.7309 0 0 0 
2430000 8430 537.131 2600196.574 695.69 1.9129 0 0 0 
2440000 8450 535.49 2609376.411 632.483 1.9145 0 0 0 
2450000 8475 475.993 2622435.645 580.753 1.7042 0 0 0 
2460000 8501 437.01 2637119.362 572.987 1.5622 0 0 0 
2470000 8524 446.708 2650941.818 599.442 1.6065 0 0 0 
2480000 8540 493.009 2664479.529 663.808 1.762 0 0 0 
2490000 8553 557.185 2677959.998 749.622 1.9873 0 0 0 
2500000 8566 597.404 2691731.928 811.938 2.1327 0 0 0 
2510000 8584 594.347 2703765.938 780.646 2.1219 0 0 0 
2520000 8596 637.166 2715146.862 806.445 2.2774 0 0 0 
2530000 8611 651.673 2724711.27 769.735 2.3245 0 0 0 
2540000 8631 594.954 2735408.077 683.804 2.1252 0 0 0 
2550000 8650 573.648 2747147.017 663.901 2.0429 0 0 0 
2560000 8667 576.678 2759251.483 675.712 2.0554 0 0 0 
2570000 8687 544.053 2772087.059 654.527 1.9397 0 0 0 
2580000 8708 528.857 2784218.547 640.387 1.8908 0 0 0 
2590000 8725 554.977 2794682.853 643.776 1.9908 0 0 0 
2600000 8738 604.911 2805665.051 689.411 2.1701 0 0 0 
2610000 8755 598.458 2817401.424 687.617 2.1454 0 0 0 
2620000 8770 621.802 2828454.036 706.898 2.2294 0 0 0 
2630000 8782 664.715 2840907.342 774.979 2.3835 0 0 0 
2640000 8793 708.721 2854087.597 853.215 2.5382 0 0 0 
2650000 8808 695.636 2867138.951 854.003 2.4882 0 0 0 
2660000 8821 706.0 2881584.592 902.086 2.5237 0 0 0 
2670000 8834 716.076 2895577.381 939.38 2.5602 0 0 0 
2680000 8853 657.696 2907980.283 849.645 2.3533 0 0 0 
2690000 8884 493.359 2919026.402 611.314 1.7673 0 0 0 
2700000 8924 372.574 2930466.729 444.867 1.3371 0 0 0 
2710000 8939 459.035 2942240.173 546.267 1.6469 0 0 0 
2720000 8955 502.715 2951711.746 557.467 1.8988 0 0 0 
2730000 8967 562.133 2959771.682 570.86 2.1045 0 0 0 
2740000 8981 611.052 2969995.105 622.295 2.2667 0 0 0 
2750000 8993 653.094 2977776.093 620.359 2.4105 0 0 0 
2760000 9005 697.105 2987327.728 662.515 2.5518 0 0 0 
2770000 9023 659.401 2996193.215 613.634 2.3901 0 0 0 
2780000 9035 681.112 3004722.848 615.921 2.4703 0 0 0 
2790000 9048 706.782 3014755.54 661.125 2.5578 0 0 0 
2800000 9067 642.68 3026020.52 629.968 2.3239 0 0 0 
2810000 9082 658.021 3038377.756 691.206 2.381 0 0 0 
2820000 9096 661.629 3050968.034 728.054 2.3864 0 0 0 
2830000 9108 700.072 3064600.688 817.173 2.5252 0 0 0 
2840000 9127 634.314 3076682.125 745.75 2.2933 0 0 0 
2850000 9147 594.383 3088874.368 710.325 2.1518 0 0 0 
2860000 9167 552.594 3100295.411 649.328 1.9992 0 0 0 
2870000 9200 439.315 3110471.111 494.826 1.5912 0 0 0 
2880000 9227 412.8 3120434.076 442.65 1.4971 0 0 0 
2890000 9244 460.818 3131378.704 502.569 1.6744 0 0 0 
2900000 9256 549.178 3140781.839 567.01 2.0028 0 0 0 
2910000 9269 589.41 3152581.931 631.201 2.1533 0 0 0 
2920000 9281 643.362 3165065.87 720.775 2.3492 0 0 0 
2930000 9296 650.708 3177560.443 751.06 2.3757 0 0 0 
2940000 9321 558.939 3188620.46 636.68 2.0414 0 0 0 
2950000 9340 545.423 3198408.46 591.22 1.9886 0 0 0 
2960000 9362 513.28 3208619.392 542.383 1.8673 0 0 0 
2970000 9384 484.129 3218847.445 506.842 1.7513 0 0 0 
2980000 9403 507.485 3229888.663 540.049 1.8329 0 0 0 
2990000 9424 495.001 3240852.677 531.28 1.7872 0 0 0 
3000000 9441 516.001 3253225.548 578.974 1.8652 0 0 0 
3010000 9457 545.339 3266275.602 642.485 1.9713 0 0 0 
3020000 9472 585.739 3277641.343 684.917 2.1158 0 0 0 
3030000 9485 619.411 3290581.078 744.544 2.2253 0 0 0 
3040000 9498 652.482 3303481.29 799.605 2.3468 0 0 0 
3050000 9510 688.6 3315546.557 841.544 2.4774 0 0 0 
3060000 9527 675.295 3327717.784 824.707 2.4311 0 0 0 
3070000 9545 643.096 3339524.824 778.62 2.3141 0 0 0 
3080000 9570 549.777 3351192.287 658.842 1.9786 0 0 0 
3090000 9591 525.532 3361996.951 607.726 1.8929 0 0 0 
3100000 9605 573.937 3373666.218 666.358 2.0704 0 0 0 
3110000 9617 634.437 3384615.864 726.123 2.2948 0 0 0 
3120000 9631 649.566 3396395.071 747.887 2.3439 0 0 0 
3130000 9647 641.211 3407923.218 739.619 2.3084 0 0 0 
3140000 9661 654.134 3418456.575 737.005 2.3507 0 0 0 
3150000 9676 657.546 3429287.105 730.394 2.362 0 0 0 
3160000 9689 687.342 3441651.646 787.274 2.4702 0 0 0 
3170000 9703 689.382 3453782.706 799.593 2.4772 0 0 0 
3180000 9715 724.511 3465931.887 851.684 2.6042 0 0 0 
3190000 9728 729.985 3477229.078 850.374 2.6236 0 0 0 
3200000 9741 752.189 3486945.208 842.069 2.6992 0 0 0 
3210000 9754 754.916 3497989.793 841.443 2.7165 0 0 0 
3220000 9769 717.503 3509992.454 813.718 2.5806 0 0 0 
3230000 9782 741.843 3521985.744 854.446 2.677 0 0 0 
3240000 9799 696.298 3533748.952 805.22 2.5026 0 0 0 
3250000 9812 713.516 3545984.997 837.497 2.5679 0 0 0 
3260000 9822 755.813 3558507.027 901.798 2.7097 0 0 0 
3270000 9833 790.215 3570117.627 940.972 2.8322 0 0 0 
3280000 9843 828.59 3581598.91 972.296 2.9728 0 0 0 
3290000 9854 837.6 3592333.724 970.247 3.008 0 0 0 
3300000 9868 811.296 3603646.529 930.918 2.9135 0 0 0 
3310000 9882 792.268 3615372.644 914.429 2.8506 0 0 0 
3320000 9898 739.995 3626196.644 842.477 2.6541 0 0 0 
3330000 9915 688.73 3636803.747 771.27 2.4744 0 0 0 
3340000 9943 558.593 3648727.786 636.278 2.0045 0 0 0 
3350000 9966 506.057 3658948.725 559.682 1.8215 0 0 0 
3360000 9984 519.737 3670783.619 587.021 1.8769 0 0 0 
3370000 9999 555.253 3683541.035 651.209 2.0032 0 0 0 
3380000 10014 594.32 3697315.645 735.514 2.1378 0 0 0 
3390000 10028 627.518 3710564.604 792.531 2.2594 0 0 0 
3400000 10042 638.294 3722905.591 804.74 2.2975 0 0 0 
3410000 10057 647.301 3734570.194 799.182 2.3285 0 0 0 
3420000 10070 674.302 3745634.128 807.391 2.4261 0 0 0 
3430000 10083 696.854 3757084.439 825.804 2.5035 0 0 0 
3440000 10100 660.397 3769605.75 793.545 2.3659 0 0 0 
3450000 10119 623.024 3782216.988 759.819 2.2306 0 0 0 
3460000 10132 647.728 3791784.65 749.325 2.3251 0 0 0 
3470000 10153 595.404 3802146.344 662.484 2.1447 0 0 0 
3480000 10181 488.905 3812304.231 528.089 1.764 0 0 0 
3490000 10209 431.398 3823552.728 470.654 1.5517 0 0 0 
3500000 10227 473.241 3836229.575 546.381 1.6927 0 0 0 
3510000 10248 474.252 3849461.616 576.661 1.689 0 0 0 
3520000 10269 477.157 3862410.511 593.071 1.6854 0 0 0 
3530000 10288 480.075 3874663.137 591.489 1.7034 0 0 0 
3540000 10309 487.49 3887144.066 602.161 1.7344 0 0 0 
3550000 10326 501.579 3898894.585 609.049 1.7789 0 0 0 
3560000 10350 478.825 3911572.797 593.377 1.6983 0 0 0 
3570000 10364 536.258 3923987.364 666.924 1.9079 0 0 0 
3580000 10379 557.66 3936797.973 700.518 1.9906 0 0 0 
3590000 10396 569.366 3949214.184 710.897 2.0344 0 0 0 
3600000 10412 589.491 3962237.624 745.468 2.1054 0 0 0 
3610000 10429 588.279 3974686.662 741.25 2.106 0 0 0 
3620000 10445 601.852 3986676.71 746.489 2.1535 0 0 0 
3630000 10460 614.513 3999128.491 762.343 2.2011 0 0 0 
3640000 10476 615.66 4010190.09 742.902 2.2069 0 0 0 
3650000 10489 650.378 4022570.106 789.342 2.3364 0 0 0 
3660000 10512 572.127 4035163.79 701.133 2.0589 0 0 0 
3670000 10529 575.951 4047373.471 705.084 2.0803 0 0 0 
3680000 10544 602.967 4058838.209 724.177 2.1812 0 0 0 
3690000 10558 620.701 4069733.327 726.512 2.2497 0 0 0 
3700000 10572 652.334 4080382.051 744.987 2.355 0 0 0 
3710000 10584 692.642 4090800.599 771.985 2.5032 0 0 0 
3720000 10597 707.869 4101418.728 779.005 2.5589 0 0 0 
3730000 10609 724.393 4112500.155 799.587 2.6071 0 0 0 
3740000 10624 710.014 4125342.807 814.168 2.5576 0 0 0 
3750000 10642 671.72 4136067.05 759.314 2.4235 0 0 0 
3760000 10659 637.498 4145759.824 695.101 2.3038 0 0 0 
3770000 10683 560.157 4155722.93 592.902 2.0266 0 0 0 
3780000 10702 530.962 4164428.04 535.238 1.924 0 0 0 
3790000 10726 491.033 4174223.371 492.91 1.7867 0 0 0 
3800000 10747 482.178 4184449.772 488.054 1.7598 0 0 0 
3810000 10764 503.559 4195814.293 527.702 1.8348 0 0 0 
3820000 10781 537.349 4206309.885 562.618 1.958 0 0 0 
3830000 10797 553.981 4216007.825 573.05 2.0081 0 0 0 
3840000 10818 529.521 4225845.755 534.165 1.9134 0 0 0 
3850000 10834 545.622 4237210.274 574.703 1.9682 0 0 0 
3860000 10854 521.192 4248128.424 552.598 1.8782 0 0 0 
3870000 10874 523.034 4258728.871 554.977 1.8884 0 0 0 
3880000 10899 469.726 4270178.143 510.573 1.6944 0 0 0 
3890000 10914 517.624 4279886.916 545.779 1.8688 0 0 0 
3900000 10932 526.464 4288237.924 519.53 1.9017 0 0 0 
3910000 10952 526.145 4299214.251 539.356 1.8953 0 0 0 
3920000 10968 548.744 4309935.583 572.913 1.974 0 0 0 
3930000 10987 547.455 4320517.826 570.414 1.9716 0 0 0 
3940000 11006 539.938 4331855.004 579.101 1.9435 0 0 0 
3950000 11027 518.628 4342651.018 555.391 1.8637 0 0 0 
3960000 11043 543.855 4353615.628 587.3 1.9575 0 0 0 
3970000 11063 537.839 4363515.346 563.645 1.9433 0 0 0 
3980000 11074 606.996 4372267.379 603.644 2.1949 0 0 0 
3990000 11092 593.708 4381253.713 577.129 2.1481 0 0 0 
4000000 11107 601.877 4392139.314 603.342 2.178 0 0 0 
