1000.0 6.0 -208.839 -208.839 -208.839 -0.2088 -0.2088 -0.2088 -2.874 -2.874 -2.874 
2000.0 14.0 -432.971 -432.971 -432.971 -0.2165 -0.2165 -0.2165 -7.546 -7.546 -7.546 
3000.0 28.0 -639.487 -639.487 -639.487 -0.2132 -0.2132 -0.2132 -9.382 -9.382 -9.382 
4000.0 38.0 -734.827 -734.827 -734.827 -0.1837 -0.1837 -0.1837 -9.534 -9.534 -9.534 
5000.0 41.0 -803.231 -803.231 -803.231 -0.1606 -0.1606 -0.1606 -10.008 -10.008 -10.008 
6000.0 49.0 -883.626 -883.626 -883.626 -0.1473 -0.1473 -0.1473 -10.253 -10.253 -10.253 
7000.0 52.0 -899.55 -899.55 -899.55 -0.1285 -0.1285 -0.1285 -10.104 -10.104 -10.104 
8000.0 56.0 -938.659 -938.659 -938.659 -0.1173 -0.1173 -0.1173 -9.97 -9.97 -9.97 
9000.0 62.0 -1015.295 -1015.295 -1015.295 -0.1128 -0.1128 -0.1128 -10.237 -10.237 -10.237 
10000.0 70.0 -1086.098 -1086.098 -1086.098 -0.1086 -0.1086 -0.1086 -10.019 -10.019 -10.019 
11000.0 77.0 -1156.515 -1156.515 -1156.515 -0.1051 -0.1051 -0.1051 -10.105 -10.105 -10.105 
12000.0 83.0 -1209.779 -1209.779 -1209.779 -0.1008 -0.1008 -0.1008 -9.853 -9.853 -9.853 
13000.0 91.0 -1354.062 -1354.062 -1354.062 -0.1042 -0.1042 -0.1042 -11.051 -11.051 -11.051 
14000.0 99.0 -1475.802 -1475.802 -1475.802 -0.1054 -0.1054 -0.1054 -11.437 -11.437 -11.437 
15000.0 107.0 -1564.532 -1564.532 -1564.532 -0.1043 -0.1043 -0.1043 -11.568 -11.568 -11.568 
16000.0 115.0 -1574.424 -1574.424 -1574.424 -0.0984 -0.0984 -0.0984 -10.138 -10.138 -10.138 
17000.0 120.0 -1556.887 -1556.887 -1556.887 -0.0916 -0.0916 -0.0916 -8.9 -8.9 -8.9 
18000.0 125.0 -1521.692 -1521.692 -1521.692 -0.0845 -0.0845 -0.0845 -7.362 -7.362 -7.362 
19000.0 129.0 -1497.696 -1497.696 -1497.696 -0.0788 -0.0788 -0.0788 -6.286 -6.286 -6.286 
20000.0 132.0 -1523.686 -1523.686 -1523.686 -0.0762 -0.0762 -0.0762 -6.389 -6.389 -6.389 
21000.0 135.0 -1547.667 -1547.667 -1547.667 -0.0737 -0.0737 -0.0737 -6.515 -6.515 -6.515 
22000.0 138.0 -1568.217 -1568.217 -1568.217 -0.0713 -0.0713 -0.0713 -6.549 -6.549 -6.549 
23000.0 143.0 -1602.763 -1602.763 -1602.763 -0.0697 -0.0697 -0.0697 -6.543 -6.543 -6.543 
24000.0 147.0 -1632.94 -1632.94 -1632.94 -0.068 -0.068 -0.068 -6.57 -6.57 -6.57 
25000.0 151.0 -1689.371 -1689.371 -1689.371 -0.0676 -0.0676 -0.0676 -7.131 -7.131 -7.131 
26000.0 155.0 -1707.879 -1707.879 -1707.879 -0.0657 -0.0657 -0.0657 -7.121 -7.121 -7.121 
27000.0 157.0 -1716.672 -1716.672 -1716.672 -0.0636 -0.0636 -0.0636 -6.975 -6.975 -6.975 
28000.0 159.0 -1739.333 -1739.333 -1739.333 -0.0621 -0.0621 -0.0621 -6.99 -6.99 -6.99 
29000.0 163.0 -1761.077 -1761.077 -1761.077 -0.0607 -0.0607 -0.0607 -6.997 -6.997 -6.997 
30000.0 165.0 -1780.84 -1780.84 -1780.84 -0.0594 -0.0594 -0.0594 -6.994 -6.994 -6.994 
31000.0 168.0 -1800.556 -1800.556 -1800.556 -0.0581 -0.0581 -0.0581 -7.129 -7.129 -7.129 
32000.0 169.0 -1816.399 -1816.399 -1816.399 -0.0568 -0.0568 -0.0568 -7.03 -7.03 -7.03 
33000.0 171.0 -1828.462 -1828.462 -1828.462 -0.0554 -0.0554 -0.0554 -7.293 -7.293 -7.293 
34000.0 172.0 -1848.648 -1848.648 -1848.648 -0.0544 -0.0544 -0.0544 -7.443 -7.443 -7.443 
35000.0 173.0 -1867.514 -1867.514 -1867.514 -0.0534 -0.0534 -0.0534 -7.584 -7.584 -7.584 
36000.0 175.0 -1887.21 -1887.21 -1887.21 -0.0524 -0.0524 -0.0524 -7.773 -7.773 -7.773 
37000.0 178.0 -1912.765 -1912.765 -1912.765 -0.0517 -0.0517 -0.0517 -7.636 -7.636 -7.636 
38000.0 183.0 -1962.759 -1962.759 -1962.759 -0.0517 -0.0517 -0.0517 -8.003 -8.003 -8.003 
39000.0 186.0 -1999.528 -1999.528 -1999.528 -0.0513 -0.0513 -0.0513 -8.032 -8.032 -8.032 
40000.0 189.0 -2023.112 -2023.112 -2023.112 -0.0506 -0.0506 -0.0506 -8.156 -8.156 -8.156 
41000.0 193.0 -2042.038 -2042.038 -2042.038 -0.0498 -0.0498 -0.0498 -7.99 -7.99 -7.99 
42000.0 196.0 -2069.698 -2069.698 -2069.698 -0.0493 -0.0493 -0.0493 -7.953 -7.953 -7.953 
43000.0 199.0 -2090.33 -2090.33 -2090.33 -0.0486 -0.0486 -0.0486 -7.916 -7.916 -7.916 
44000.0 202.0 -2106.902 -2106.902 -2106.902 -0.0479 -0.0479 -0.0479 -7.91 -7.91 -7.91 
45000.0 204.0 -2123.662 -2123.662 -2123.662 -0.0472 -0.0472 -0.0472 -7.844 -7.844 -7.844 
46000.0 207.0 -2142.819 -2142.819 -2142.819 -0.0466 -0.0466 -0.0466 -7.748 -7.748 -7.748 
47000.0 211.0 -2158.309 -2158.309 -2158.309 -0.0459 -0.0459 -0.0459 -7.486 -7.486 -7.486 
48000.0 214.0 -2169.67 -2169.67 -2169.67 -0.0452 -0.0452 -0.0452 -7.396 -7.396 -7.396 
49000.0 217.0 -2180.464 -2180.464 -2180.464 -0.0445 -0.0445 -0.0445 -7.086 -7.086 -7.086 
50000.0 218.0 -2197.638 -2197.638 -2197.638 -0.044 -0.044 -0.044 -7.164 -7.164 -7.164 
51000.0 220.0 -2211.354 -2211.354 -2211.354 -0.0434 -0.0434 -0.0434 -7.267 -7.267 -7.267 
52000.0 222.0 -2221.756 -2221.756 -2221.756 -0.0427 -0.0427 -0.0427 -7.246 -7.246 -7.246 
53000.0 224.0 -2236.142 -2236.142 -2236.142 -0.0422 -0.0422 -0.0422 -7.213 -7.213 -7.213 
54000.0 226.0 -2249.539 -2249.539 -2249.539 -0.0417 -0.0417 -0.0417 -7.188 -7.188 -7.188 
55000.0 227.0 -2264.025 -2264.025 -2264.025 -0.0412 -0.0412 -0.0412 -7.333 -7.333 -7.333 
56000.0 229.0 -2281.376 -2281.376 -2281.376 -0.0407 -0.0407 -0.0407 -7.379 -7.379 -7.379 
57000.0 230.0 -2293.854 -2293.854 -2293.854 -0.0402 -0.0402 -0.0402 -7.456 -7.456 -7.456 
58000.0 232.0 -2300.764 -2300.764 -2300.764 -0.0397 -0.0397 -0.0397 -7.298 -7.298 -7.298 
59000.0 233.0 -2309.102 -2309.102 -2309.102 -0.0391 -0.0391 -0.0391 -7.277 -7.277 -7.277 
60000.0 235.0 -2325.044 -2325.044 -2325.044 -0.0388 -0.0388 -0.0388 -7.371 -7.371 -7.371 
61000.0 236.0 -2339.749 -2339.749 -2339.749 -0.0384 -0.0384 -0.0384 -7.405 -7.405 -7.405 
62000.0 238.0 -2348.708 -2348.708 -2348.708 -0.0379 -0.0379 -0.0379 -7.349 -7.349 -7.349 
63000.0 240.0 -2361.634 -2361.634 -2361.634 -0.0375 -0.0375 -0.0375 -7.289 -7.289 -7.289 
64000.0 241.0 -2370.171 -2370.171 -2370.171 -0.037 -0.037 -0.037 -7.303 -7.303 -7.303 
65000.0 242.0 -2383.087 -2383.087 -2383.087 -0.0367 -0.0367 -0.0367 -7.292 -7.292 -7.292 
66000.0 243.0 -2390.689 -2390.689 -2390.689 -0.0362 -0.0362 -0.0362 -7.398 -7.398 -7.398 
67000.0 244.0 -2397.101 -2397.101 -2397.101 -0.0358 -0.0358 -0.0358 -7.379 -7.379 -7.379 
68000.0 245.0 -2407.386 -2407.386 -2407.386 -0.0354 -0.0354 -0.0354 -7.366 -7.366 -7.366 
