1000.0 9.625 -199.1781 -282.7671 -115.5891 -0.1992 -0.2828 -0.1156 -3.5035 -4.9286 -2.0784 
2000.0 19.125 -385.2505 -535.4982 -235.0028 -0.1926 -0.2677 -0.1175 -6.3014 -8.665 -3.9377 
3000.0 27.75 -562.5666 -788.8669 -336.2664 -0.1875 -0.263 -0.1121 -8.4814 -11.7801 -5.1827 
4000.0 37.25 -727.8598 -1013.7165 -442.003 -0.182 -0.2534 -0.1105 -10.0353 -13.8549 -6.2156 
5000.0 46.75 -886.2245 -1245.2169 -527.2321 -0.1772 -0.249 -0.1054 -11.1428 -15.6341 -6.6514 
6000.0 56.0 -1055.2261 -1477.7721 -632.6801 -0.1759 -0.2463 -0.1054 -12.3538 -17.3293 -7.3782 
7000.0 65.375 -1225.6334 -1707.5396 -743.7272 -0.1751 -0.2439 -0.1062 -13.2506 -18.3253 -8.176 
8000.0 75.25 -1422.0848 -1977.8835 -866.286 -0.1778 -0.2472 -0.1083 -14.5336 -19.9964 -9.0708 
9000.0 84.875 -1613.7703 -2243.0867 -984.4538 -0.1793 -0.2492 -0.1094 -15.3752 -21.0322 -9.7183 
10000.0 94.375 -1793.6534 -2485.417 -1101.8898 -0.1794 -0.2485 -0.1102 -15.8904 -21.6165 -10.1642 
11000.0 104.375 -1971.7961 -2767.753 -1175.8393 -0.1793 -0.2516 -0.1069 -16.037 -22.3429 -9.7311 
12000.0 114.0 -2133.1745 -3006.8025 -1259.5465 -0.1778 -0.2506 -0.105 -16.1891 -22.5882 -9.7901 
13000.0 123.875 -2304.5199 -3257.4086 -1351.6312 -0.1773 -0.2506 -0.104 -16.4172 -23.0473 -9.7872 
14000.0 133.375 -2496.1902 -3510.4084 -1481.9721 -0.1783 -0.2507 -0.1059 -17.1769 -24.0241 -10.3296 
15000.0 143.375 -2700.9494 -3807.0893 -1594.8095 -0.1801 -0.2538 -0.1063 -17.6348 -24.5629 -10.7066 
16000.0 153.0 -2890.5342 -4069.7206 -1711.3479 -0.1807 -0.2544 -0.107 -17.942 -24.896 -10.988 
17000.0 163.5 -3165.376 -4414.421 -1916.331 -0.1862 -0.2597 -0.1127 -19.397 -26.3085 -12.4855 
18000.0 176.125 -3717.5296 -5003.3565 -2431.7028 -0.2065 -0.278 -0.1351 -25.0154 -31.2465 -18.7842 
19000.0 187.875 -4124.5325 -5421.0156 -2828.0494 -0.2171 -0.2853 -0.1488 -26.9114 -32.4151 -21.4076 
20000.0 198.0 -4401.9764 -5695.498 -3108.4548 -0.2201 -0.2848 -0.1554 -26.9396 -31.212 -22.6673 
21000.0 207.625 -4532.4101 -5823.9886 -3240.8317 -0.2158 -0.2773 -0.1543 -24.4261 -27.4109 -21.4413 
22000.0 214.625 -4618.1779 -5891.978 -3344.3777 -0.2099 -0.2678 -0.152 -22.9712 -25.587 -20.3555 
23000.0 220.5 -4676.5491 -5961.9098 -3391.1885 -0.2033 -0.2592 -0.1474 -21.4573 -24.016 -18.8985 
24000.0 225.125 -4711.0372 -6012.9534 -3409.1211 -0.1963 -0.2505 -0.142 -20.1484 -22.6435 -17.6532 
25000.0 228.375 -4720.3259 -6025.2976 -3415.3542 -0.1888 -0.241 -0.1366 -19.2694 -22.4845 -16.0543 
26000.0 230.0 -4738.6884 -6058.8168 -3418.5599 -0.1823 -0.233 -0.1315 -18.729 -22.0333 -15.4247 
27000.0 231.625 -4741.1326 -6045.4209 -3436.8444 -0.1756 -0.2239 -0.1273 -18.4237 -21.6283 -15.2192 
28000.0 232.75 -4752.1514 -6054.5964 -3449.7064 -0.1697 -0.2162 -0.1232 -18.2814 -21.4367 -15.126 
29000.0 233.75 -4765.4238 -6064.932 -3465.9155 -0.1643 -0.2091 -0.1195 -18.1157 -21.2491 -14.9824 
30000.0 235.0 -4782.9508 -6082.2978 -3483.6037 -0.1594 -0.2027 -0.1161 -18.0165 -21.1082 -14.9248 
31000.0 236.25 -4795.9806 -6096.386 -3495.5752 -0.1547 -0.1967 -0.1128 -17.8891 -20.9291 -14.8491 
32000.0 237.375 -4806.3596 -6109.1581 -3503.5611 -0.1502 -0.1909 -0.1095 -17.7084 -20.7163 -14.7005 
33000.0 238.5 -4818.2798 -6120.8299 -3515.7296 -0.146 -0.1855 -0.1065 -17.5338 -20.5076 -14.5599 
34000.0 239.875 -4834.2306 -6139.9031 -3528.5582 -0.1422 -0.1806 -0.1038 -17.348 -20.1928 -14.5032 
35000.0 241.75 -4862.6485 -6157.8884 -3567.4086 -0.1389 -0.1759 -0.1019 -17.2869 -20.0657 -14.5081 
36000.0 244.125 -4910.4744 -6181.9282 -3639.0206 -0.1364 -0.1717 -0.1011 -17.379 -20.1616 -14.5964 
37000.0 246.75 -4959.7376 -6199.3932 -3720.082 -0.134 -0.1676 -0.1005 -17.4295 -20.045 -14.814 
38000.0 249.75 -5030.9925 -6242.6072 -3819.3778 -0.1324 -0.1643 -0.1005 -17.726 -20.5879 -14.8641 
39000.0 252.625 -5100.3314 -6284.1342 -3916.5286 -0.1308 -0.1611 -0.1004 -18.0506 -21.1089 -14.9924 
40000.0 256.125 -5199.911 -6354.3807 -4045.4413 -0.13 -0.1589 -0.1011 -18.5198 -21.9571 -15.0824 
41000.0 259.25 -5285.3182 -6405.3334 -4165.3031 -0.1289 -0.1562 -0.1016 -18.9785 -22.6697 -15.2873 
42000.0 262.5 -5359.6283 -6468.1155 -4251.141 -0.1276 -0.154 -0.1012 -19.0889 -22.6766 -15.5012 
43000.0 265.75 -5428.2578 -6536.4089 -4320.1066 -0.1262 -0.152 -0.1005 -19.256 -22.8801 -15.6319 
44000.0 268.5 -5483.2359 -6589.8407 -4376.631 -0.1246 -0.1498 -0.0995 -19.1322 -22.5369 -15.7276 
45000.0 271.375 -5527.2795 -6647.683 -4406.876 -0.1228 -0.1477 -0.0979 -18.913 -22.1153 -15.7107 
46000.0 274.25 -5578.5875 -6716.684 -4440.491 -0.1213 -0.146 -0.0965 -18.855 -21.6191 -16.0909 
47000.0 277.625 -5642.0974 -6788.8681 -4495.3267 -0.12 -0.1444 -0.0956 -18.8346 -21.4365 -16.2327 
48000.0 280.5 -5689.5379 -6859.5575 -4519.5182 -0.1185 -0.1429 -0.0942 -18.6679 -21.2526 -16.0832 
49000.0 284.125 -5742.0372 -6924.5524 -4559.5221 -0.1172 -0.1413 -0.0931 -18.5026 -21.0737 -15.9316 
50000.0 285.875 -5762.5559 -6954.8563 -4570.2555 -0.1153 -0.1391 -0.0914 -18.2427 -20.7973 -15.6882 
51000.0 288.0 -5791.4861 -6977.582 -4605.3903 -0.1136 -0.1368 -0.0903 -18.0231 -20.5693 -15.477 
52000.0 289.875 -5811.0149 -6999.5303 -4622.4994 -0.1118 -0.1346 -0.0889 -17.7771 -20.6089 -14.9454 
53000.0 291.125 -5818.465 -7010.6805 -4626.2495 -0.1098 -0.1323 -0.0873 -17.471 -20.3866 -14.5554 
54000.0 293.25 -5843.3616 -7027.4598 -4659.2635 -0.1082 -0.1301 -0.0863 -17.2938 -20.2818 -14.3057 
55000.0 295.125 -5868.5922 -7056.146 -4681.0385 -0.1067 -0.1283 -0.0851 -17.1075 -20.2791 -13.9359 
56000.0 296.375 -5883.303 -7066.937 -4699.669 -0.1051 -0.1262 -0.0839 -17.0062 -20.2256 -13.7869 
57000.0 298.375 -5904.0011 -7084.3544 -4723.6479 -0.1036 -0.1243 -0.0829 -16.7989 -20.0203 -13.5774 
58000.0 300.0 -5923.753 -7095.9891 -4751.5169 -0.1021 -0.1223 -0.0819 -16.5974 -19.9289 -13.2658 
59000.0 302.0 -5944.5496 -7109.7272 -4779.372 -0.1008 -0.1205 -0.081 -16.4044 -19.8032 -13.0055 
60000.0 303.5 -5957.3031 -7120.3481 -4794.2581 -0.0993 -0.1187 -0.0799 -16.1801 -19.543 -12.8173 
61000.0 305.0 -5970.9269 -7131.0373 -4810.8164 -0.0979 -0.1169 -0.0789 -15.9971 -19.3435 -12.6507 
62000.0 306.375 -5987.1421 -7145.0551 -4829.2291 -0.0966 -0.1152 -0.0779 -15.8375 -19.0873 -12.5877 
63000.0 307.75 -5999.6308 -7155.418 -4843.8435 -0.0952 -0.1136 -0.0769 -15.6743 -18.9464 -12.4021 
64000.0 308.875 -6007.0798 -7164.0672 -4850.0923 -0.0939 -0.1119 -0.0758 -15.5135 -18.7613 -12.2657 
65000.0 310.0 -6016.9902 -7175.0647 -4858.9158 -0.0926 -0.1104 -0.0748 -15.352 -18.5132 -12.1908 
66000.0 311.125 -6025.6148 -7183.8123 -4867.4172 -0.0913 -0.1088 -0.0737 -15.2071 -18.3579 -12.0564 
67000.0 312.25 -6038.2618 -7196.9489 -4879.5746 -0.0901 -0.1074 -0.0728 -15.0997 -18.1229 -12.0766 
68000.0 313.375 -6049.6172 -7207.1714 -4892.0631 -0.089 -0.106 -0.0719 -14.9929 -17.9494 -12.0364 
69000.0 314.375 -6058.4575 -7216.3956 -4900.5194 -0.0878 -0.1046 -0.071 -14.8874 -17.7769 -11.9979 
70000.0 315.375 -6067.9269 -7226.3657 -4909.488 -0.0867 -0.1032 -0.0701 -14.7636 -17.6201 -11.9072 
71000.0 316.375 -6076.9074 -7235.1341 -4918.6806 -0.0856 -0.1019 -0.0693 -14.6691 -17.5044 -11.8338 
72000.0 317.375 -6084.614 -7243.2301 -4925.9979 -0.0845 -0.1006 -0.0684 -14.5335 -17.3165 -11.7505 
73000.0 318.375 -6093.5764 -7252.454 -4934.6988 -0.0835 -0.0993 -0.0676 -14.415 -17.1648 -11.6652 
74000.0 319.375 -6105.4457 -7263.3133 -4947.5782 -0.0825 -0.0982 -0.0669 -14.3056 -17.0127 -11.5986 
75000.0 320.375 -6114.3442 -7271.9183 -4956.7702 -0.0815 -0.097 -0.0661 -14.2511 -16.9104 -11.5919 
76000.0 321.375 -6122.2986 -7280.9818 -4963.6155 -0.0806 -0.0958 -0.0653 -14.1505 -16.7477 -11.5533 
77000.0 322.375 -6132.7572 -7292.3803 -4973.1342 -0.0796 -0.0947 -0.0646 -14.0238 -16.5962 -11.4513 
78000.0 323.375 -6141.1773 -7302.0567 -4980.2978 -0.0787 -0.0936 -0.0638 -13.9535 -16.4755 -11.4315 
79000.0 324.375 -6148.6709 -7309.7568 -4987.5849 -0.0778 -0.0925 -0.0631 -13.8342 -16.3169 -11.3516 
80000.0 325.375 -6157.9155 -7320.148 -4995.683 -0.077 -0.0915 -0.0624 -13.7115 -16.1577 -11.2653 
81000.0 326.375 -6167.1389 -7328.3687 -5005.909 -0.0761 -0.0905 -0.0618 -13.6226 -16.0294 -11.2159 
82000.0 327.375 -6176.073 -7337.596 -5014.55 -0.0753 -0.0895 -0.0612 -13.5285 -15.8922 -11.1648 
83000.0 328.375 -6183.758 -7344.2182 -5023.2978 -0.0745 -0.0885 -0.0605 -13.4431 -15.7944 -11.0918 
84000.0 329.375 -6191.9341 -7353.6118 -5030.2565 -0.0737 -0.0875 -0.0599 -13.3174 -15.6314 -11.0034 
85000.0 330.375 -6200.3839 -7362.3415 -5038.4263 -0.0729 -0.0866 -0.0593 -13.226 -15.4997 -10.9523 
86000.0 331.5 -6211.3261 -7372.955 -5049.6972 -0.0722 -0.0857 -0.0587 -13.1381 -15.3558 -10.9205 
87000.0 332.625 -6221.2398 -7383.9386 -5058.5409 -0.0715 -0.0849 -0.0581 -13.0769 -15.2302 -10.9235 
88000.0 333.625 -6230.2865 -7393.6479 -5066.9251 -0.0708 -0.084 -0.0576 -12.9837 -15.1301 -10.8374 
89000.0 334.75 -6239.0305 -7402.3912 -5075.6698 -0.0701 -0.0832 -0.057 -12.8871 -15.007 -10.7673 
90000.0 335.875 -6247.8947 -7411.9524 -5083.8371 -0.0694 -0.0824 -0.0565 -12.7998 -14.9165 -10.683 
91000.0 336.875 -6254.2676 -7416.9248 -5091.6104 -0.0687 -0.0815 -0.056 -12.7106 -14.8046 -10.6167 
92000.0 337.875 -6262.4592 -7424.5041 -5100.4144 -0.0681 -0.0807 -0.0554 -12.5776 -14.6156 -10.5397 
93000.0 338.875 -6269.5441 -7432.4625 -5106.6258 -0.0674 -0.0799 -0.0549 -12.4853 -14.492 -10.4785 
94000.0 340.0 -6276.2562 -7439.5405 -5112.972 -0.0668 -0.0791 -0.0544 -12.3689 -14.3792 -10.3585 
95000.0 341.0 -6284.7806 -7449.1327 -5120.4286 -0.0662 -0.0784 -0.0539 -12.2651 -14.2023 -10.328 
96000.0 342.0 -6292.7794 -7456.3467 -5129.212 -0.0655 -0.0777 -0.0534 -12.1919 -14.116 -10.2678 
97000.0 343.0 -6301.8569 -7465.7072 -5138.0065 -0.065 -0.077 -0.053 -12.0969 -13.9865 -10.2073 
98000.0 344.0 -6309.7424 -7473.685 -5145.7997 -0.0644 -0.0763 -0.0525 -12.0397 -13.8811 -10.1984 
99000.0 345.0 -6318.1015 -7483.2137 -5152.9893 -0.0638 -0.0756 -0.0521 -11.9509 -13.7535 -10.1482 
100000.0 346.125 -6325.5341 -7492.0936 -5158.9746 -0.0633 -0.0749 -0.0516 -11.8687 -13.6237 -10.1138 
101000.0 347.125 -6334.8212 -7500.5 -5169.1425 -0.0627 -0.0743 -0.0512 -11.7717 -13.4993 -10.0442 
102000.0 348.125 -6340.8935 -7506.5863 -5175.2007 -0.0622 -0.0736 -0.0507 -11.6985 -13.3686 -10.0284 
103000.0 349.25 -6351.2756 -7516.8351 -5185.7161 -0.0617 -0.073 -0.0503 -11.6069 -13.2467 -9.9671 
104000.0 350.375 -6357.0295 -7521.5035 -5192.5555 -0.0611 -0.0723 -0.0499 -11.5116 -13.1832 -9.8401 
105000.0 351.625 -6364.691 -7529.4189 -5199.9631 -0.0606 -0.0717 -0.0495 -11.395 -13.0758 -9.7142 
106000.0 352.625 -6371.1006 -7535.2148 -5206.9864 -0.0601 -0.0711 -0.0491 -11.3164 -12.9358 -9.6969 
107000.0 353.75 -6376.9404 -7539.146 -5214.7347 -0.0596 -0.0705 -0.0487 -11.182 -12.8465 -9.5175 
108000.0 354.75 -6383.9236 -7545.3723 -5222.4749 -0.0591 -0.0699 -0.0484 -11.0669 -12.6604 -9.4733 
109000.0 355.75 -6391.3986 -7551.6038 -5231.1935 -0.0586 -0.0693 -0.048 -10.9911 -12.5522 -9.4301 
110000.0 356.875 -6398.4952 -7559.1959 -5237.7946 -0.0582 -0.0687 -0.0476 -10.8895 -12.428 -9.351 
111000.0 358.25 -6408.5279 -7569.186 -5247.8698 -0.0577 -0.0682 -0.0473 -10.8011 -12.3267 -9.2755 
112000.0 359.375 -6414.3714 -7574.918 -5253.8248 -0.0573 -0.0676 -0.0469 -10.7183 -12.2475 -9.189 
113000.0 360.5 -6421.5768 -7582.6687 -5260.4848 -0.0568 -0.0671 -0.0466 -10.624 -12.1165 -9.1315 
114000.0 361.875 -6428.9533 -7588.5258 -5269.3807 -0.0564 -0.0666 -0.0462 -10.4878 -12.0277 -8.9478 
115000.0 363.0 -6436.8896 -7597.2299 -5276.5494 -0.056 -0.0661 -0.0459 -10.4172 -11.9956 -8.8389 
116000.0 364.125 -6443.9691 -7601.4119 -5286.5263 -0.0556 -0.0655 -0.0456 -10.351 -11.8616 -8.8404 
117000.0 365.625 -6451.9365 -7609.1838 -5294.6892 -0.0551 -0.065 -0.0453 -10.1925 -11.6142 -8.7708 
118000.0 367.0 -6458.2637 -7611.9803 -5304.5472 -0.0547 -0.0645 -0.045 -10.0338 -11.3475 -8.72 
119000.0 368.25 -6468.0705 -7621.4144 -5314.7266 -0.0544 -0.064 -0.0447 -9.9751 -11.2276 -8.7227 
120000.0 369.5 -6477.5996 -7629.3714 -5325.8279 -0.054 -0.0636 -0.0444 -9.9548 -11.1672 -8.7423 
121000.0 370.875 -6484.286 -7635.4786 -5333.0934 -0.0536 -0.0631 -0.0441 -9.8516 -11.0483 -8.655 
122000.0 372.25 -6487.4715 -7637.0697 -5337.8733 -0.0532 -0.0626 -0.0438 -9.6778 -10.8462 -8.5093 
123000.0 373.5 -6495.8981 -7643.3178 -5348.4785 -0.0528 -0.0621 -0.0435 -9.5578 -10.6932 -8.4223 
124000.0 375.125 -6500.4159 -7645.3871 -5355.4446 -0.0524 -0.0617 -0.0432 -9.3628 -10.4901 -8.2354 
125000.0 376.125 -6505.8715 -7648.2151 -5363.5279 -0.052 -0.0612 -0.0429 -9.2664 -10.3578 -8.175 
126000.0 377.75 -6511.3971 -7651.577 -5371.2172 -0.0517 -0.0607 -0.0426 -9.1058 -10.1944 -8.0171 
127000.0 379.25 -6516.7119 -7655.157 -5378.2668 -0.0513 -0.0603 -0.0423 -8.8872 -10.0206 -7.7539 
128000.0 381.0 -6523.616 -7659.9233 -5387.3087 -0.051 -0.0598 -0.0421 -8.7554 -9.9015 -7.6093 
129000.0 382.75 -6526.9618 -7665.0035 -5388.92 -0.0506 -0.0594 -0.0418 -8.5726 -9.778 -7.3673 
130000.0 384.625 -6533.5439 -7670.9712 -5396.1165 -0.0503 -0.059 -0.0415 -8.3405 -9.5265 -7.1545 
131000.0 386.125 -6538.4364 -7674.6088 -5402.2639 -0.0499 -0.0586 -0.0412 -8.2149 -9.4468 -6.983 
132000.0 387.75 -6542.4285 -7676.9632 -5407.8938 -0.0496 -0.0582 -0.041 -8.0302 -9.187 -6.8735 
133000.0 389.5 -6548.4688 -7684.1149 -5412.8226 -0.0492 -0.0578 -0.0407 -7.8264 -8.9646 -6.6882 
134000.0 391.25 -6551.0241 -7687.852 -5414.1962 -0.0489 -0.0574 -0.0404 -7.6479 -8.7865 -6.5093 
135000.0 393.25 -6556.4086 -7688.9373 -5423.88 -0.0486 -0.057 -0.0402 -7.448 -8.5193 -6.3767 
136000.0 395.5 -6564.5165 -7697.5159 -5431.5171 -0.0483 -0.0566 -0.0399 -7.2675 -8.3082 -6.2268 
137000.0 396.875 -6573.2912 -7705.2221 -5441.3604 -0.048 -0.0562 -0.0397 -7.2052 -8.2025 -6.208 
138000.0 398.625 -6578.8323 -7711.2674 -5446.3971 -0.0477 -0.0559 -0.0395 -7.0465 -8.0511 -6.0419 
139000.0 400.5 -6585.6172 -7716.7353 -5454.4992 -0.0474 -0.0555 -0.0392 -6.9718 -7.9938 -5.9497 
140000.0 402.25 -6589.5104 -7719.2601 -5459.7607 -0.0471 -0.0551 -0.039 -6.7966 -7.8047 -5.7885 
141000.0 404.75 -6594.6176 -7723.2838 -5465.9515 -0.0468 -0.0548 -0.0388 -6.6189 -7.6849 -5.5528 
142000.0 406.5 -6599.5507 -7726.1331 -5472.9684 -0.0465 -0.0544 -0.0385 -6.4485 -7.5449 -5.3521 
143000.0 408.375 -6603.7506 -7732.6043 -5474.897 -0.0462 -0.0541 -0.0383 -6.293 -7.3904 -5.1956 
144000.0 410.0 -6605.2767 -7733.8324 -5476.7211 -0.0459 -0.0537 -0.038 -6.1344 -7.2159 -5.0528 
145000.0 412.25 -6609.8575 -7739.2501 -5480.4649 -0.0456 -0.0534 -0.0378 -5.9825 -7.0608 -4.9042 
146000.0 414.5 -6617.2919 -7748.4515 -5486.1322 -0.0453 -0.0531 -0.0376 -5.8266 -6.8802 -4.773 
147000.0 417.0 -6619.8118 -7750.416 -5489.2075 -0.045 -0.0527 -0.0373 -5.6488 -6.7392 -4.5583 
148000.0 418.875 -6624.258 -7755.8976 -5492.6184 -0.0448 -0.0524 -0.0371 -5.5092 -6.5795 -4.439 
149000.0 420.75 -6628.8651 -7763.9396 -5493.7906 -0.0445 -0.0521 -0.0369 -5.4177 -6.467 -4.3685 
150000.0 422.5 -6630.1818 -7766.3835 -5493.98 -0.0442 -0.0518 -0.0366 -5.2516 -6.2838 -4.2195 
151000.0 424.75 -6627.7593 -7763.0666 -5492.4519 -0.0439 -0.0514 -0.0364 -5.001 -6.1113 -3.8907 
152000.0 426.625 -6629.2967 -7763.1639 -5495.4296 -0.0436 -0.0511 -0.0362 -4.8416 -5.9838 -3.6995 
153000.0 428.75 -6630.964 -7765.2492 -5496.6788 -0.0433 -0.0508 -0.0359 -4.6695 -5.827 -3.512 
154000.0 430.5 -6635.8996 -7770.0951 -5501.7041 -0.0431 -0.0505 -0.0357 -4.5842 -5.8354 -3.3331 
155000.0 432.375 -6637.4891 -7771.4681 -5503.5101 -0.0428 -0.0501 -0.0355 -4.4948 -5.7873 -3.2022 
156000.0 434.375 -6638.7458 -7773.8373 -5503.6542 -0.0426 -0.0498 -0.0353 -4.3184 -5.6155 -3.0213 
157000.0 436.5 -6637.889 -7771.316 -5504.462 -0.0423 -0.0495 -0.0351 -4.1658 -5.5367 -2.7948 
158000.0 438.75 -6638.8875 -7776.8405 -5500.9345 -0.042 -0.0492 -0.0348 -4.0474 -5.5287 -2.5661 
159000.0 440.25 -6640.679 -7778.1386 -5503.2194 -0.0418 -0.0489 -0.0346 -3.9828 -5.4722 -2.4933 
160000.0 441.5 -6642.681 -7780.3712 -5504.9908 -0.0415 -0.0486 -0.0344 -3.8849 -5.391 -2.3788 
161000.0 443.625 -6643.591 -7779.6801 -5507.5019 -0.0413 -0.0483 -0.0342 -3.7055 -5.2684 -2.1426 
162000.0 445.75 -6645.0061 -7780.0894 -5509.9228 -0.041 -0.048 -0.034 -3.6588 -5.264 -2.0535 
163000.0 447.875 -6644.5866 -7782.2856 -5506.8876 -0.0408 -0.0477 -0.0338 -3.4691 -5.1361 -1.8021 
164000.0 449.25 -6650.0325 -7783.3446 -5516.7204 -0.0405 -0.0475 -0.0336 -3.457 -5.1458 -1.7682 
165000.0 450.875 -6655.4105 -7785.8067 -5525.0143 -0.0403 -0.0472 -0.0335 -3.4619 -5.1404 -1.7834 
166000.0 452.25 -6656.3638 -7785.8145 -5526.913 -0.0401 -0.0469 -0.0333 -3.4272 -5.0615 -1.793 
167000.0 454.25 -6657.1521 -7781.3465 -5532.9577 -0.0399 -0.0466 -0.0331 -3.332 -4.9813 -1.6827 
168000.0 455.75 -6659.9128 -7781.4159 -5538.4096 -0.0396 -0.0463 -0.033 -3.2789 -4.9791 -1.5787 
169000.0 457.0 -6664.782 -7785.9226 -5543.6414 -0.0394 -0.0461 -0.0328 -3.3015 -5.0024 -1.6006 
170000.0 458.625 -6667.8986 -7789.9817 -5545.8155 -0.0392 -0.0458 -0.0326 -3.2194 -4.9468 -1.4919 
171000.0 460.375 -6670.9316 -7794.9493 -5546.914 -0.039 -0.0456 -0.0324 -3.1795 -4.8391 -1.5199 
172000.0 462.625 -6674.5914 -7797.6818 -5551.5009 -0.0388 -0.0453 -0.0323 -3.1031 -4.7225 -1.4838 
173000.0 464.375 -6677.1738 -7802.3848 -5551.9627 -0.0386 -0.0451 -0.0321 -3.0472 -4.6525 -1.442 
174000.0 466.0 -6680.0944 -7806.152 -5554.0368 -0.0384 -0.0449 -0.0319 -3.0238 -4.5374 -1.5101 
175000.0 467.625 -6682.4214 -7806.0637 -5558.7791 -0.0382 -0.0446 -0.0318 -2.9667 -4.4859 -1.4476 
176000.0 469.25 -6687.8004 -7809.2046 -5566.3962 -0.038 -0.0444 -0.0316 -2.9459 -4.4206 -1.4711 
177000.0 470.875 -6689.7535 -7810.9116 -5568.5954 -0.0378 -0.0441 -0.0315 -2.8901 -4.3515 -1.4287 
178000.0 472.875 -6690.1154 -7811.7204 -5568.5103 -0.0376 -0.0439 -0.0313 -2.8274 -4.233 -1.4217 
179000.0 474.5 -6694.5686 -7815.9441 -5573.1932 -0.0374 -0.0437 -0.0311 -2.8124 -4.2197 -1.405 
180000.0 475.875 -6699.4038 -7821.0386 -5577.7689 -0.0372 -0.0435 -0.031 -2.7486 -4.1902 -1.307 
181000.0 477.75 -6699.855 -7820.0844 -5579.6256 -0.037 -0.0432 -0.0308 -2.7148 -4.1503 -1.2792 
182000.0 479.375 -6700.8365 -7823.9867 -5577.6863 -0.0368 -0.043 -0.0306 -2.6332 -4.0722 -1.1943 
183000.0 481.125 -6700.8966 -7821.5786 -5580.2146 -0.0366 -0.0427 -0.0305 -2.5744 -3.9866 -1.1621 
184000.0 482.5 -6704.2236 -7825.5837 -5582.8636 -0.0364 -0.0425 -0.0303 -2.529 -3.8995 -1.1585 
185000.0 484.0 -6708.2181 -7826.1525 -5590.2837 -0.0363 -0.0423 -0.0302 -2.5552 -3.9174 -1.1931 
186000.0 485.875 -6710.451 -7828.9303 -5591.9717 -0.0361 -0.0421 -0.0301 -2.4835 -3.8002 -1.1668 
187000.0 488.0 -6708.3623 -7819.9069 -5596.8176 -0.0359 -0.0418 -0.0299 -2.3664 -3.6924 -1.0404 
188000.0 489.875 -6713.3809 -7822.0802 -5604.6816 -0.0357 -0.0416 -0.0298 -2.3274 -3.6343 -1.0205 
189000.0 491.5 -6718.4951 -7828.1949 -5608.7953 -0.0355 -0.0414 -0.0297 -2.3734 -3.6681 -1.0786 
190000.0 493.375 -6723.5942 -7833.6423 -5613.5462 -0.0354 -0.0412 -0.0295 -2.3465 -3.6112 -1.0818 
191000.0 494.5 -6726.4918 -7835.3524 -5617.6311 -0.0352 -0.041 -0.0294 -2.3592 -3.6486 -1.0699 
192000.0 496.5 -6731.0161 -7840.6917 -5621.3406 -0.0351 -0.0408 -0.0293 -2.3761 -3.6515 -1.1007 
193000.0 498.25 -6733.4839 -7838.3109 -5628.6568 -0.0349 -0.0406 -0.0292 -2.3351 -3.65 -1.0202 
194000.0 500.0 -6734.1125 -7837.0034 -5631.2216 -0.0347 -0.0404 -0.029 -2.3121 -3.6736 -0.9507 
195000.0 501.375 -6736.3121 -7835.7877 -5636.8365 -0.0345 -0.0402 -0.0289 -2.2492 -3.6942 -0.8043 
196000.0 502.5 -6736.6235 -7836.5672 -5636.6798 -0.0344 -0.04 -0.0288 -2.2361 -3.6696 -0.8026 
197000.0 504.125 -6738.4735 -7837.1463 -5639.8007 -0.0342 -0.0398 -0.0286 -2.2189 -3.7242 -0.7135 
198000.0 505.375 -6743.1616 -7839.9653 -5646.358 -0.0341 -0.0396 -0.0285 -2.2496 -3.6966 -0.8026 
199000.0 506.75 -6744.8898 -7846.4377 -5643.3418 -0.0339 -0.0394 -0.0284 -2.2258 -3.7176 -0.7339 
200000.0 507.875 -6748.6055 -7848.1378 -5649.0732 -0.0337 -0.0392 -0.0282 -2.2202 -3.6735 -0.767 
201000.0 509.125 -6751.295 -7848.5021 -5654.0879 -0.0336 -0.039 -0.0281 -2.2186 -3.7056 -0.7316 
202000.0 511.125 -6757.8805 -7853.635 -5662.126 -0.0335 -0.0389 -0.028 -2.242 -3.7225 -0.7615 
203000.0 512.5 -6762.2499 -7858.6501 -5665.8497 -0.0333 -0.0387 -0.0279 -2.325 -3.7922 -0.8578 
204000.0 514.125 -6768.9538 -7865.7151 -5672.1924 -0.0332 -0.0386 -0.0278 -2.3393 -3.7926 -0.8859 
205000.0 516.125 -6774.9322 -7871.4437 -5678.4208 -0.033 -0.0384 -0.0277 -2.419 -3.8683 -0.9697 
206000.0 517.5 -6777.5935 -7872.4292 -5682.7578 -0.0329 -0.0382 -0.0276 -2.4345 -3.8874 -0.9816 
207000.0 518.875 -6779.7014 -7872.0521 -5687.3507 -0.0328 -0.038 -0.0275 -2.4009 -3.906 -0.8958 
208000.0 520.25 -6781.8004 -7872.3294 -5691.2713 -0.0326 -0.0378 -0.0274 -2.3588 -3.8693 -0.8482 
209000.0 522.0 -6785.8568 -7877.7609 -5693.9526 -0.0325 -0.0377 -0.0272 -2.3633 -3.8616 -0.8649 
210000.0 523.375 -6789.5751 -7883.6855 -5695.4648 -0.0323 -0.0375 -0.0271 -2.4326 -3.9038 -0.9615 
211000.0 525.125 -6789.1395 -7881.3962 -5696.8828 -0.0322 -0.0374 -0.027 -2.3458 -3.85 -0.8415 
212000.0 526.25 -6793.7429 -7883.2547 -5704.2311 -0.032 -0.0372 -0.0269 -2.3315 -3.8345 -0.8285 
213000.0 527.25 -6800.1653 -7891.1188 -5709.2117 -0.0319 -0.037 -0.0268 -2.3686 -3.8946 -0.8427 
214000.0 528.875 -6803.2831 -7893.8653 -5712.701 -0.0318 -0.0369 -0.0267 -2.388 -3.8032 -0.9728 
215000.0 530.125 -6806.2449 -7891.0934 -5721.3964 -0.0317 -0.0367 -0.0266 -2.4338 -3.893 -0.9745 
216000.0 531.625 -6809.8895 -7892.2802 -5727.4988 -0.0315 -0.0365 -0.0265 -2.4326 -3.8491 -1.0162 
217000.0 532.75 -6815.991 -7896.6804 -5735.3016 -0.0314 -0.0364 -0.0264 -2.4975 -3.9068 -1.0882 
218000.0 534.25 -6818.0224 -7894.8101 -5741.2346 -0.0313 -0.0362 -0.0263 -2.4596 -3.8374 -1.0818 
219000.0 535.5 -6824.5168 -7898.7741 -5750.2594 -0.0312 -0.0361 -0.0263 -2.5095 -3.9013 -1.1177 
220000.0 536.75 -6829.8438 -7904.1544 -5755.5331 -0.031 -0.0359 -0.0262 -2.5339 -3.8775 -1.1902 
221000.0 537.875 -6834.3815 -7905.0403 -5763.7227 -0.0309 -0.0358 -0.0261 -2.5776 -3.9267 -1.2285 
222000.0 539.25 -6835.7818 -7902.3306 -5769.2329 -0.0308 -0.0356 -0.026 -2.5591 -3.9305 -1.1878 
223000.0 540.375 -6837.5434 -7901.3079 -5773.7788 -0.0307 -0.0354 -0.0259 -2.5631 -4.0016 -1.1246 
224000.0 541.625 -6841.8831 -7905.0052 -5778.7611 -0.0305 -0.0353 -0.0258 -2.5554 -4.0095 -1.1013 
225000.0 542.625 -6843.3372 -7906.7544 -5779.9201 -0.0304 -0.0351 -0.0257 -2.572 -4.008 -1.136 
226000.0 543.875 -6846.918 -7913.4559 -5780.3801 -0.0303 -0.035 -0.0256 -2.5174 -3.9274 -1.1073 
227000.0 545.375 -6849.7595 -7918.8837 -5780.6353 -0.0302 -0.0349 -0.0255 -2.5319 -3.9023 -1.1615 
228000.0 546.5 -6851.3099 -7923.0031 -5779.6166 -0.03 -0.0348 -0.0253 -2.4783 -3.8597 -1.0968 
229000.0 547.625 -6854.1603 -7926.7118 -5781.6087 -0.0299 -0.0346 -0.0252 -2.4876 -3.8551 -1.1202 
230000.0 549.125 -6855.01 -7925.3888 -5784.6312 -0.0298 -0.0345 -0.0252 -2.4709 -3.8547 -1.0871 
231000.0 550.125 -6856.7291 -7927.6781 -5785.7801 -0.0297 -0.0343 -0.025 -2.4534 -3.8724 -1.0343 
232000.0 551.375 -6860.3291 -7931.6289 -5789.0293 -0.0296 -0.0342 -0.025 -2.4492 -3.85 -1.0485 
233000.0 552.5 -6860.5494 -7929.1416 -5791.9572 -0.0294 -0.034 -0.0249 -2.4252 -3.8207 -1.0298 
234000.0 554.0 -6864.7992 -7927.3819 -5802.2166 -0.0293 -0.0339 -0.0248 -2.4022 -3.7892 -1.0153 
235000.0 555.125 -6868.1624 -7927.6687 -5808.656 -0.0292 -0.0337 -0.0247 -2.4401 -3.8784 -1.0018 
236000.0 556.25 -6872.9161 -7930.0928 -5815.7395 -0.0291 -0.0336 -0.0246 -2.4344 -3.9249 -0.9438 
237000.0 557.25 -6875.3191 -7928.6922 -5821.9461 -0.029 -0.0335 -0.0246 -2.481 -3.9967 -0.9653 
238000.0 558.5 -6879.4319 -7931.3659 -5827.4979 -0.0289 -0.0333 -0.0245 -2.4516 -3.9804 -0.9229 
239000.0 559.75 -6884.5159 -7934.2361 -5834.7956 -0.0288 -0.0332 -0.0244 -2.5019 -4.0392 -0.9646 
240000.0 561.125 -6888.8378 -7935.3799 -5842.2956 -0.0287 -0.0331 -0.0243 -2.5333 -4.1171 -0.9494 
241000.0 562.375 -6893.3818 -7937.6937 -5849.0698 -0.0286 -0.0329 -0.0243 -2.5501 -4.1301 -0.9701 
242000.0 563.625 -6898.1204 -7943.4796 -5852.7612 -0.0285 -0.0328 -0.0242 -2.5381 -4.1099 -0.9663 
243000.0 564.625 -6902.6151 -7947.3901 -5857.8402 -0.0284 -0.0327 -0.0241 -2.5828 -4.1226 -1.0429 
244000.0 566.25 -6907.909 -7953.1538 -5862.6642 -0.0283 -0.0326 -0.024 -2.6158 -4.1562 -1.0753 
245000.0 567.625 -6915.7475 -7963.822 -5867.673 -0.0282 -0.0325 -0.0239 -2.6434 -4.1489 -1.1378 
246000.0 568.875 -6919.8358 -7966.4278 -5873.2437 -0.0281 -0.0324 -0.0239 -2.703 -4.185 -1.221 
247000.0 570.0 -6925.649 -7972.6802 -5878.6178 -0.028 -0.0323 -0.0238 -2.7482 -4.2112 -1.2853 
248000.0 571.375 -6928.9945 -7975.4814 -5882.5076 -0.0279 -0.0322 -0.0237 -2.7669 -4.2427 -1.2911 
249000.0 572.5 -6933.7108 -7979.6958 -5887.7257 -0.0278 -0.032 -0.0236 -2.8116 -4.2901 -1.3331 
250000.0 573.625 -6939.4302 -7983.6098 -5895.2507 -0.0278 -0.0319 -0.0236 -2.8361 -4.3283 -1.344 
251000.0 574.875 -6943.7586 -7987.1108 -5900.4065 -0.0277 -0.0318 -0.0235 -2.8561 -4.3482 -1.364 
252000.0 576.0 -6945.6991 -7986.1212 -5905.277 -0.0276 -0.0317 -0.0234 -2.8676 -4.3867 -1.3485 
253000.0 577.75 -6951.8539 -7993.6274 -5910.0803 -0.0275 -0.0316 -0.0234 -2.8539 -4.3194 -1.3883 
254000.0 578.875 -6957.1439 -7998.9864 -5915.3014 -0.0274 -0.0315 -0.0233 -2.8855 -4.3625 -1.4085 
255000.0 580.25 -6958.0985 -7998.2264 -5917.9706 -0.0273 -0.0314 -0.0232 -2.8581 -4.3172 -1.3991 
256000.0 581.5 -6958.9644 -8000.0969 -5917.8319 -0.0272 -0.0313 -0.0231 -2.7936 -4.2679 -1.3194 
257000.0 582.625 -6960.9398 -8004.5787 -5917.3008 -0.0271 -0.0311 -0.023 -2.7511 -4.1976 -1.3047 
258000.0 584.0 -6964.3519 -8008.0686 -5920.6352 -0.027 -0.031 -0.0229 -2.7424 -4.1332 -1.3516 
259000.0 585.125 -6968.2494 -8012.4736 -5924.0251 -0.0269 -0.0309 -0.0229 -2.7671 -4.153 -1.3813 
260000.0 586.375 -6973.2604 -8018.9659 -5927.5549 -0.0268 -0.0308 -0.0228 -2.8202 -4.175 -1.4655 
261000.0 587.75 -6976.4828 -8024.3975 -5928.568 -0.0267 -0.0307 -0.0227 -2.8169 -4.1594 -1.4743 
262000.0 588.875 -6982.1706 -8026.4699 -5937.8714 -0.0266 -0.0306 -0.0227 -2.8232 -4.2037 -1.4428 
263000.0 590.0 -6987.4765 -8030.4159 -5944.5371 -0.0266 -0.0305 -0.0226 -2.8684 -4.2898 -1.4469 
264000.0 591.125 -6990.03 -8029.9716 -5950.0884 -0.0265 -0.0304 -0.0225 -2.9168 -4.3826 -1.4509 
265000.0 592.125 -6997.3892 -8037.8818 -5956.8967 -0.0264 -0.0303 -0.0225 -2.9635 -4.4681 -1.4589 
266000.0 593.125 -7005.648 -8044.5578 -5966.7382 -0.0263 -0.0302 -0.0224 -3.0309 -4.5373 -1.5245 
267000.0 594.25 -7012.4912 -8052.2389 -5972.7436 -0.0263 -0.0302 -0.0224 -3.1102 -4.5848 -1.6357 
268000.0 595.25 -7017.8651 -8059.7101 -5976.0201 -0.0262 -0.0301 -0.0223 -3.152 -4.6321 -1.6719 
269000.0 596.5 -7021.6097 -8063.394 -5979.8255 -0.0261 -0.03 -0.0222 -3.2032 -4.6256 -1.7809 
270000.0 597.5 -7025.7686 -8064.716 -5986.8213 -0.026 -0.0299 -0.0222 -3.214 -4.6651 -1.7629 
271000.0 598.75 -7027.5496 -8063.2115 -5991.8877 -0.0259 -0.0298 -0.0221 -3.2016 -4.6907 -1.7126 
272000.0 600.0 -7031.5864 -8064.6776 -5998.4952 -0.0259 -0.0296 -0.0221 -3.1438 -4.6592 -1.6283 
273000.0 601.375 -7034.6822 -8065.6828 -6003.6817 -0.0258 -0.0295 -0.022 -3.1527 -4.7062 -1.5993 
274000.0 602.5 -7039.1448 -8070.7117 -6007.5778 -0.0257 -0.0295 -0.0219 -3.137 -4.7129 -1.5611 
275000.0 603.75 -7045.7205 -8076.8138 -6014.6272 -0.0256 -0.0294 -0.0219 -3.179 -4.7162 -1.6418 
276000.0 604.875 -7051.3769 -8083.6682 -6019.0855 -0.0255 -0.0293 -0.0218 -3.2351 -4.7457 -1.7245 
277000.0 606.125 -7055.4549 -8087.4978 -6023.412 -0.0255 -0.0292 -0.0217 -3.2336 -4.7239 -1.7434 
278000.0 607.5 -7057.8166 -8087.9384 -6027.6949 -0.0254 -0.0291 -0.0217 -3.2272 -4.7124 -1.7421 
279000.0 608.5 -7060.8177 -8090.0819 -6031.5536 -0.0253 -0.029 -0.0216 -3.2569 -4.767 -1.7467 
280000.0 609.875 -7061.9932 -8086.8763 -6037.1102 -0.0252 -0.0289 -0.0216 -3.1941 -4.7706 -1.6177 
281000.0 611.25 -7065.3868 -8087.3882 -6043.3853 -0.0251 -0.0288 -0.0215 -3.1934 -4.8713 -1.5155 
282000.0 612.375 -7070.3311 -8091.9118 -6048.7505 -0.0251 -0.0287 -0.0214 -3.2061 -4.914 -1.4983 
283000.0 613.375 -7078.3105 -8098.7972 -6057.8238 -0.025 -0.0286 -0.0214 -3.2985 -4.9737 -1.6233 
284000.0 614.375 -7081.9548 -8101.6593 -6062.2502 -0.0249 -0.0285 -0.0213 -3.3116 -5.0131 -1.6102 
285000.0 615.5 -7085.9605 -8105.8807 -6066.0403 -0.0249 -0.0284 -0.0213 -3.3528 -5.0767 -1.6288 
286000.0 616.75 -7092.581 -8114.9565 -6070.2055 -0.0248 -0.0284 -0.0212 -3.3561 -5.0913 -1.621 
287000.0 618.125 -7097.168 -8120.476 -6073.86 -0.0247 -0.0283 -0.0212 -3.38 -5.1087 -1.6513 
288000.0 619.25 -7102.9026 -8126.0615 -6079.7437 -0.0247 -0.0282 -0.0211 -3.4046 -5.1108 -1.6985 
289000.0 620.875 -7107.6139 -8129.8806 -6085.3472 -0.0246 -0.0281 -0.0211 -3.3924 -5.1049 -1.6799 
290000.0 621.875 -7112.8372 -8135.3158 -6090.3587 -0.0245 -0.0281 -0.021 -3.4309 -5.1539 -1.7078 
291000.0 623.125 -7117.1056 -8142.0931 -6092.1182 -0.0245 -0.028 -0.0209 -3.4384 -5.176 -1.7008 
292000.0 624.375 -7121.7955 -8147.4298 -6096.1612 -0.0244 -0.0279 -0.0209 -3.4545 -5.1807 -1.7283 
293000.0 625.625 -7123.6648 -8148.2549 -6099.0746 -0.0243 -0.0278 -0.0208 -3.4158 -5.1799 -1.6516 
294000.0 626.875 -7128.3721 -8150.7602 -6105.984 -0.0242 -0.0277 -0.0208 -3.4134 -5.1873 -1.6395 
295000.0 628.375 -7130.7721 -8153.5433 -6108.001 -0.0242 -0.0276 -0.0207 -3.3416 -5.1343 -1.5489 
296000.0 629.375 -7131.805 -8158.1769 -6105.4331 -0.0241 -0.0276 -0.0206 -3.3339 -5.1737 -1.494 
297000.0 630.75 -7136.0409 -8162.6624 -6109.4194 -0.024 -0.0275 -0.0206 -3.2999 -5.0993 -1.5005 
298000.0 632.0 -7138.4948 -8167.2044 -6109.7851 -0.024 -0.0274 -0.0205 -3.255 -5.1245 -1.3855 
299000.0 633.125 -7140.3095 -8171.8352 -6108.7838 -0.0239 -0.0273 -0.0204 -3.2378 -5.151 -1.3245 
300000.0 634.875 -7139.2154 -8172.6719 -6105.7589 -0.0238 -0.0272 -0.0204 -3.1174 -5.0495 -1.1852 
301000.0 636.25 -7143.2441 -8176.1906 -6110.2977 -0.0237 -0.0272 -0.0203 -3.1045 -5.1325 -1.0765 
302000.0 637.375 -7145.0606 -8179.563 -6110.5583 -0.0237 -0.0271 -0.0202 -3.128 -5.1734 -1.0826 
303000.0 638.625 -7147.0558 -8182.8353 -6111.2762 -0.0236 -0.027 -0.0202 -3.0498 -5.1684 -0.9311 
304000.0 639.75 -7152.1374 -8188.8566 -6115.4182 -0.0235 -0.0269 -0.0201 -3.0639 -5.2172 -0.9106 
305000.0 640.875 -7157.0884 -8194.6889 -6119.4878 -0.0235 -0.0269 -0.0201 -3.0605 -5.2576 -0.8634 
306000.0 642.0 -7160.5399 -8198.2407 -6122.8391 -0.0234 -0.0268 -0.02 -3.1324 -5.3481 -0.9166 
307000.0 643.375 -7164.2056 -8202.7495 -6125.6618 -0.0233 -0.0267 -0.02 -3.0624 -5.2686 -0.8562 
308000.0 644.75 -7169.596 -8206.983 -6132.209 -0.0233 -0.0266 -0.0199 -3.1052 -5.3099 -0.9006 
309000.0 645.875 -7174.867 -8210.4692 -6139.2648 -0.0232 -0.0266 -0.0199 -3.1572 -5.3423 -0.9722 
310000.0 647.0 -7179.169 -8214.5532 -6143.7848 -0.0232 -0.0265 -0.0198 -3.1622 -5.3489 -0.9756 
311000.0 648.25 -7182.1334 -8216.6826 -6147.5841 -0.0231 -0.0264 -0.0198 -3.1684 -5.3378 -0.999 
312000.0 649.5 -7183.098 -8215.873 -6150.323 -0.023 -0.0263 -0.0197 -3.0825 -5.3144 -0.8506 
313000.0 650.625 -7186.681 -8218.9845 -6154.3775 -0.023 -0.0263 -0.0197 -3.0834 -5.2942 -0.8725 
314000.0 651.75 -7191.9748 -8225.0019 -6158.9476 -0.0229 -0.0262 -0.0196 -3.1228 -5.3604 -0.8851 
315000.0 653.375 -7195.3714 -8231.0042 -6159.7385 -0.0228 -0.0261 -0.0196 -3.1015 -5.3807 -0.8223 
316000.0 654.625 -7197.234 -8236.6938 -6157.7742 -0.0228 -0.0261 -0.0195 -3.0831 -5.4361 -0.7302 
317000.0 655.875 -7198.143 -8238.1362 -6158.1498 -0.0227 -0.026 -0.0194 -3.063 -5.4525 -0.6735 
318000.0 657.25 -7203.1409 -8246.3676 -6159.9142 -0.0227 -0.0259 -0.0194 -3.0625 -5.4889 -0.6361 
319000.0 658.375 -7210.95 -8258.6636 -6163.2364 -0.0226 -0.0259 -0.0193 -3.1204 -5.5531 -0.6876 
320000.0 659.625 -7213.8988 -8264.8566 -6162.9409 -0.0225 -0.0258 -0.0193 -3.1773 -5.6566 -0.6979 
321000.0 661.125 -7217.5795 -8271.1677 -6163.9913 -0.0225 -0.0258 -0.0192 -3.1794 -5.6594 -0.6994 
322000.0 662.75 -7219.5648 -8270.9746 -6168.1549 -0.0224 -0.0257 -0.0192 -3.1191 -5.6514 -0.5868 
323000.0 663.875 -7226.0328 -8275.9498 -6176.1157 -0.0224 -0.0256 -0.0191 -3.1306 -5.6602 -0.601 
324000.0 665.25 -7231.4451 -8284.3491 -6178.5412 -0.0223 -0.0256 -0.0191 -3.1655 -5.6688 -0.6622 
325000.0 667.125 -7234.0176 -8282.036 -6185.9992 -0.0223 -0.0255 -0.019 -3.0992 -5.5471 -0.6514 
326000.0 668.375 -7236.6276 -8284.1298 -6189.1254 -0.0222 -0.0254 -0.019 -3.1095 -5.5993 -0.6197 
327000.0 669.625 -7237.7198 -8286.5651 -6188.8744 -0.0221 -0.0253 -0.0189 -3.1089 -5.5991 -0.6187 
328000.0 670.875 -7241.4944 -8288.6807 -6194.308 -0.0221 -0.0253 -0.0189 -3.0588 -5.591 -0.5265 
329000.0 672.125 -7242.0455 -8290.9538 -6193.1372 -0.022 -0.0252 -0.0188 -3.0497 -5.6475 -0.452 
330000.0 673.25 -7243.4368 -8292.622 -6194.2515 -0.0219 -0.0251 -0.0188 -3.0128 -5.6413 -0.3842 
331000.0 675.125 -7248.6202 -8296.916 -6200.3245 -0.0219 -0.0251 -0.0187 -2.9799 -5.5897 -0.3701 
332000.0 676.875 -7249.769 -8299.2039 -6200.3341 -0.0218 -0.025 -0.0187 -2.9659 -5.5856 -0.3462 
333000.0 678.125 -7253.1444 -8303.3496 -6202.9392 -0.0218 -0.0249 -0.0186 -2.9309 -5.5888 -0.2729 
334000.0 679.375 -7253.2575 -8303.5958 -6202.9192 -0.0217 -0.0249 -0.0186 -2.9119 -5.6063 -0.2175 
335000.0 681.0 -7254.556 -8305.793 -6203.319 -0.0217 -0.0248 -0.0185 -2.845 -5.5484 -0.1416 
336000.0 682.25 -7256.4 -8308.3022 -6204.4978 -0.0216 -0.0247 -0.0185 -2.8191 -5.5713 -0.067 
337000.0 683.5 -7253.9098 -8302.6699 -6205.1496 -0.0215 -0.0246 -0.0184 -2.7312 -5.4342 -0.0283 
338000.0 684.75 -7258.0936 -8305.3249 -6210.8623 -0.0215 -0.0246 -0.0184 -2.7282 -5.3786 -0.0779 
339000.0 685.75 -7259.054 -8302.2555 -6215.8525 -0.0214 -0.0245 -0.0183 -2.7212 -5.329 -0.1135 
340000.0 686.875 -7262.8521 -8305.218 -6220.4862 -0.0214 -0.0244 -0.0183 -2.716 -5.361 -0.071 
341000.0 688.0 -7262.0215 -8303.7638 -6220.2792 -0.0213 -0.0244 -0.0182 -2.6966 -5.3391 -0.0542 
342000.0 689.25 -7264.6418 -8305.9615 -6223.322 -0.0212 -0.0243 -0.0182 -2.5952 -5.286 0.0955 
343000.0 690.625 -7265.3767 -8307.4365 -6223.317 -0.0212 -0.0242 -0.0181 -2.5942 -5.3182 0.1297 
344000.0 691.75 -7268.8488 -8312.7902 -6224.9073 -0.0211 -0.0242 -0.0181 -2.5533 -5.3123 0.2058 
345000.0 693.125 -7271.4111 -8316.0221 -6226.8002 -0.0211 -0.0241 -0.018 -2.5894 -5.3443 0.1656 
346000.0 694.375 -7274.8536 -8320.9181 -6228.7891 -0.021 -0.024 -0.018 -2.5558 -5.3685 0.257 
347000.0 696.25 -7274.3966 -8316.4655 -6232.3277 -0.021 -0.024 -0.018 -2.5276 -5.3525 0.2972 
348000.0 697.375 -7279.7106 -8324.2133 -6235.208 -0.0209 -0.0239 -0.0179 -2.5709 -5.4165 0.2748 
349000.0 698.75 -7279.6582 -8322.55 -6236.7665 -0.0209 -0.0238 -0.0179 -2.5621 -5.465 0.3408 
350000.0 699.75 -7284.9721 -8327.7602 -6242.1841 -0.0208 -0.0238 -0.0178 -2.6325 -5.4906 0.2256 
351000.0 701.0 -7288.916 -8329.9432 -6247.8888 -0.0208 -0.0237 -0.0178 -2.6037 -5.4631 0.2556 
352000.0 702.375 -7292.0054 -8334.7176 -6249.2931 -0.0207 -0.0237 -0.0178 -2.6174 -5.4777 0.2429 
353000.0 703.375 -7295.5366 -8337.2955 -6253.7777 -0.0207 -0.0236 -0.0177 -2.6769 -5.5114 0.1577 
354000.0 705.0 -7297.6116 -8341.2517 -6253.9716 -0.0206 -0.0236 -0.0177 -2.6159 -5.5189 0.2871 
355000.0 706.125 -7300.7629 -8345.3167 -6256.2091 -0.0206 -0.0235 -0.0176 -2.6236 -5.5401 0.2928 
356000.0 707.5 -7299.6496 -8346.2985 -6253.0008 -0.0205 -0.0234 -0.0176 -2.5842 -5.5724 0.4039 
357000.0 708.875 -7302.036 -8351.9807 -6252.0913 -0.0205 -0.0234 -0.0175 -2.5929 -5.5944 0.4087 
358000.0 710.375 -7301.7079 -8354.0586 -6249.3571 -0.0204 -0.0233 -0.0175 -2.5349 -5.5676 0.4978 
359000.0 711.375 -7303.6592 -8355.9322 -6251.3863 -0.0203 -0.0233 -0.0174 -2.5336 -5.5951 0.5278 
360000.0 712.5 -7307.4995 -8357.5621 -6257.4369 -0.0203 -0.0232 -0.0174 -2.5369 -5.5929 0.5192 
361000.0 713.75 -7309.8795 -8359.7937 -6259.9653 -0.0202 -0.0232 -0.0173 -2.5409 -5.6112 0.5294 
362000.0 714.875 -7313.6615 -8363.424 -6263.899 -0.0202 -0.0231 -0.0173 -2.5627 -5.5722 0.4467 
363000.0 716.25 -7311.5939 -8359.5835 -6263.6043 -0.0201 -0.023 -0.0173 -2.5429 -5.5698 0.4841 
364000.0 717.75 -7312.9252 -8364.9048 -6260.9457 -0.0201 -0.023 -0.0172 -2.4087 -5.467 0.6495 
365000.0 718.875 -7315.1321 -8367.248 -6263.0162 -0.02 -0.0229 -0.0172 -2.4425 -5.5051 0.6201 
366000.0 720.5 -7318.8459 -8373.6686 -6264.0231 -0.02 -0.0229 -0.0171 -2.4156 -5.5603 0.7291 
367000.0 721.875 -7321.2664 -8377.3319 -6265.2008 -0.0199 -0.0228 -0.0171 -2.413 -5.5574 0.7314 
368000.0 723.5 -7322.614 -8379.7702 -6265.4578 -0.0199 -0.0228 -0.017 -2.4069 -5.5503 0.7366 
369000.0 724.875 -7321.0315 -8381.6446 -6260.4184 -0.0198 -0.0227 -0.017 -2.354 -5.509 0.801 
370000.0 726.375 -7316.9169 -8382.568 -6251.2658 -0.0198 -0.0227 -0.0169 -2.2451 -5.4937 1.0035 
371000.0 728.125 -7318.0738 -8381.3484 -6254.7991 -0.0197 -0.0226 -0.0169 -2.23 -5.5126 1.0526 
372000.0 729.375 -7318.7865 -8387.7617 -6249.8113 -0.0197 -0.0225 -0.0168 -2.1384 -5.474 1.1972 
373000.0 730.875 -7314.7799 -8385.3459 -6244.2139 -0.0196 -0.0225 -0.0167 -2.0802 -5.4141 1.2536 
374000.0 732.125 -7313.1468 -8387.3424 -6238.9511 -0.0196 -0.0224 -0.0167 -1.9292 -5.3584 1.4999 
375000.0 733.5 -7312.0759 -8388.3732 -6235.7786 -0.0195 -0.0224 -0.0166 -1.8364 -5.2505 1.5778 
376000.0 734.75 -7310.1841 -8389.3696 -6230.9987 -0.0194 -0.0223 -0.0166 -1.7526 -5.2216 1.7164 
377000.0 735.875 -7310.2192 -8392.076 -6228.3625 -0.0194 -0.0223 -0.0165 -1.7656 -5.1933 1.662 
378000.0 737.125 -7311.248 -8395.4448 -6227.0512 -0.0193 -0.0222 -0.0165 -1.7189 -5.1515 1.7137 
379000.0 739.0 -7303.0336 -8394.7952 -6211.2721 -0.0193 -0.0221 -0.0164 -1.5695 -5.0858 1.9468 
380000.0 740.25 -7302.8509 -8400.0934 -6205.6083 -0.0192 -0.0221 -0.0163 -1.4971 -5.0645 2.0702 
381000.0 741.625 -7302.9342 -8398.5679 -6207.3006 -0.0192 -0.022 -0.0163 -1.4549 -5.0058 2.0961 
382000.0 742.875 -7304.2086 -8404.1308 -6204.2865 -0.0191 -0.022 -0.0162 -1.4826 -5.0204 2.0552 
383000.0 744.125 -7305.3989 -8407.802 -6202.9958 -0.0191 -0.022 -0.0162 -1.4805 -4.9718 2.0108 
384000.0 745.625 -7299.9366 -8406.3365 -6193.5368 -0.019 -0.0219 -0.0161 -1.3486 -4.8929 2.1957 
385000.0 747.0 -7296.7135 -8409.2941 -6184.1329 -0.019 -0.0218 -0.0161 -1.2896 -4.8709 2.2917 
386000.0 748.25 -7292.9309 -8409.7549 -6176.1069 -0.0189 -0.0218 -0.016 -1.2108 -4.7944 2.3729 
387000.0 749.75 -7289.4349 -8414.2226 -6164.6471 -0.0188 -0.0217 -0.0159 -1.1218 -4.7325 2.489 
388000.0 751.0 -7286.7665 -8419.1789 -6154.3541 -0.0188 -0.0217 -0.0159 -1.0314 -4.7331 2.6703 
389000.0 752.125 -7284.52 -8419.9399 -6149.1001 -0.0187 -0.0216 -0.0158 -1.0188 -4.6978 2.6603 
390000.0 753.625 -7279.1351 -8421.3843 -6136.886 -0.0187 -0.0216 -0.0157 -0.9536 -4.681 2.7738 
391000.0 755.125 -7271.0735 -8419.4811 -6122.6659 -0.0186 -0.0215 -0.0157 -0.8179 -4.6378 3.0021 
392000.0 756.25 -7272.8035 -8425.8967 -6119.7103 -0.0186 -0.0215 -0.0156 -0.8384 -4.6789 3.0022 
393000.0 757.5 -7274.649 -8433.4065 -6115.8915 -0.0185 -0.0215 -0.0156 -0.8089 -4.6313 3.0135 
394000.0 758.625 -7273.2981 -8437.3837 -6109.2125 -0.0185 -0.0214 -0.0155 -0.8395 -4.6267 2.9477 
395000.0 760.0 -7273.3625 -8444.555 -6102.17 -0.0184 -0.0214 -0.0154 -0.7922 -4.6231 3.0386 
396000.0 761.25 -7266.7288 -8448.7047 -6084.7528 -0.0184 -0.0213 -0.0154 -0.7406 -4.6714 3.1902 
397000.0 762.375 -7266.2319 -8448.5872 -6083.8766 -0.0183 -0.0213 -0.0153 -0.7188 -4.5974 3.1599 
398000.0 763.5 -7267.3372 -8453.7392 -6080.9353 -0.0183 -0.0212 -0.0153 -0.6934 -4.6 3.2132 
399000.0 764.75 -7265.236 -8455.5323 -6074.9397 -0.0182 -0.0212 -0.0152 -0.6461 -4.5386 3.2463 
400000.0 766.0 -7263.412 -8451.9854 -6074.8386 -0.0182 -0.0211 -0.0152 -0.625 -4.4528 3.2028 
401000.0 767.0 -7263.4848 -8453.4013 -6073.5682 -0.0181 -0.0211 -0.0151 -0.6043 -4.3815 3.173 
402000.0 768.125 -7259.3616 -8453.3974 -6065.3258 -0.0181 -0.021 -0.0151 -0.487 -4.2411 3.2671 
403000.0 769.25 -7257.2015 -8455.1413 -6059.2617 -0.018 -0.021 -0.015 -0.4548 -4.2209 3.3114 
404000.0 770.625 -7254.9579 -8459.5383 -6050.3774 -0.018 -0.0209 -0.015 -0.366 -4.129 3.397 
405000.0 772.125 -7249.18 -8461.0566 -6037.3034 -0.0179 -0.0209 -0.0149 -0.3059 -4.1203 3.5086 
406000.0 773.125 -7249.621 -8461.6812 -6037.5608 -0.0179 -0.0208 -0.0149 -0.2814 -4.0399 3.4772 
407000.0 774.125 -7246.5512 -8461.9758 -6031.1267 -0.0178 -0.0208 -0.0148 -0.2692 -4.0458 3.5073 
408000.0 775.375 -7243.2589 -8463.2693 -6023.2484 -0.0178 -0.0207 -0.0148 -0.195 -3.9861 3.5961 
409000.0 776.5 -7242.9082 -8463.3296 -6022.4869 -0.0177 -0.0207 -0.0147 -0.186 -3.906 3.534 
410000.0 777.625 -7244.7609 -8463.4743 -6026.0474 -0.0177 -0.0206 -0.0147 -0.2294 -3.9082 3.4494 
411000.0 778.875 -7241.9181 -8464.144 -6019.6922 -0.0176 -0.0206 -0.0146 -0.2008 -3.9108 3.5093 
412000.0 780.125 -7236.5824 -8462.2706 -6010.8942 -0.0176 -0.0205 -0.0146 -0.1109 -3.8741 3.6523 
413000.0 781.625 -7230.1792 -8458.1074 -6002.2511 -0.0175 -0.0205 -0.0145 -0.021 -3.8164 3.7744 
414000.0 783.0 -7227.4418 -8457.6699 -5997.2136 -0.0175 -0.0204 -0.0145 0.0551 -3.7407 3.851 
415000.0 784.25 -7223.3224 -8458.7365 -5987.9083 -0.0174 -0.0204 -0.0144 0.1214 -3.6632 3.906 
416000.0 785.75 -7215.7559 -8456.9307 -5974.5811 -0.0173 -0.0203 -0.0144 0.2451 -3.5955 4.0858 
417000.0 786.75 -7212.9309 -8455.4281 -5970.4336 -0.0173 -0.0203 -0.0143 0.2709 -3.5793 4.121 
418000.0 788.0 -7211.337 -8454.2591 -5968.4149 -0.0173 -0.0202 -0.0143 0.3518 -3.5023 4.2058 
419000.0 789.75 -7201.827 -8453.6185 -5950.0355 -0.0172 -0.0202 -0.0142 0.4583 -3.3706 4.2871 
420000.0 791.125 -7196.5831 -8451.1697 -5941.9965 -0.0171 -0.0201 -0.0141 0.5436 -3.3428 4.4301 
421000.0 792.375 -7189.9774 -8450.6589 -5929.2959 -0.0171 -0.0201 -0.0141 0.6228 -3.3315 4.577 
422000.0 794.0 -7179.4582 -8452.792 -5906.1245 -0.017 -0.02 -0.014 0.7332 -3.3267 4.7932 
423000.0 795.5 -7170.8591 -8450.8446 -5890.8736 -0.017 -0.02 -0.0139 0.8734 -3.2725 5.0193 
424000.0 797.0 -7161.7472 -8448.2569 -5875.2376 -0.0169 -0.0199 -0.0139 0.9495 -3.2451 5.1441 
425000.0 798.0 -7159.9015 -8448.4092 -5871.3938 -0.0168 -0.0199 -0.0138 0.9901 -3.1988 5.179 
426000.0 799.375 -7151.8301 -8443.2907 -5860.3695 -0.0168 -0.0198 -0.0138 1.072 -3.1076 5.2516 
427000.0 800.625 -7148.9016 -8445.1243 -5852.679 -0.0167 -0.0198 -0.0137 1.1378 -3.0693 5.3448 
428000.0 801.75 -7147.148 -8444.8459 -5849.4501 -0.0167 -0.0197 -0.0137 1.138 -3.0438 5.3198 
429000.0 803.75 -7140.2151 -8451.4983 -5828.9319 -0.0166 -0.0197 -0.0136 1.1529 -3.0641 5.3699 
430000.0 805.25 -7129.6626 -8451.2861 -5808.0391 -0.0166 -0.0197 -0.0135 1.2284 -3.0631 5.5198 
431000.0 807.0 -7117.5675 -8445.3251 -5789.8099 -0.0165 -0.0196 -0.0134 1.3651 -2.9893 5.7195 
432000.0 808.375 -7113.7496 -8442.589 -5784.9102 -0.0165 -0.0195 -0.0134 1.4428 -2.9442 5.8297 
433000.0 809.375 -7110.8921 -8444.1992 -5777.585 -0.0164 -0.0195 -0.0133 1.4476 -2.9234 5.8186 
434000.0 810.75 -7105.2735 -8442.882 -5767.665 -0.0164 -0.0195 -0.0133 1.4836 -2.874 5.8412 
435000.0 812.375 -7095.1419 -8440.3811 -5749.9027 -0.0163 -0.0194 -0.0132 1.5872 -2.814 5.9885 
436000.0 813.75 -7090.511 -8437.7747 -5743.2473 -0.0163 -0.0194 -0.0132 1.6351 -2.7641 6.0343 
437000.0 815.25 -7085.8075 -8443.1484 -5728.4666 -0.0162 -0.0193 -0.0131 1.6746 -2.7334 6.0826 
438000.0 816.375 -7083.4599 -8443.6668 -5723.253 -0.0162 -0.0193 -0.0131 1.6872 -2.7542 6.1287 
439000.0 817.5 -7077.1196 -8440.5145 -5713.7247 -0.0161 -0.0192 -0.013 1.7284 -2.6472 6.1039 
440000.0 818.75 -7075.797 -8443.5809 -5708.0131 -0.0161 -0.0192 -0.013 1.7269 -2.6084 6.0622 
441000.0 820.0 -7071.6978 -8440.5192 -5702.8763 -0.016 -0.0191 -0.0129 1.7683 -2.517 6.0535 
442000.0 821.125 -7069.2046 -8439.4724 -5698.9369 -0.016 -0.0191 -0.0129 1.7484 -2.4956 5.9923 
443000.0 822.5 -7065.2635 -8437.611 -5692.916 -0.0159 -0.019 -0.0129 1.7636 -2.4427 5.9699 
444000.0 824.0 -7059.8 -8430.8138 -5688.7862 -0.0159 -0.019 -0.0128 1.7739 -2.4326 5.9804 
445000.0 825.375 -7052.7882 -8429.627 -5675.9495 -0.0158 -0.0189 -0.0128 1.8194 -2.3607 5.9995 
446000.0 827.0 -7037.2536 -8421.1425 -5653.3647 -0.0158 -0.0189 -0.0127 2.0608 -2.1385 6.26 
447000.0 828.75 -7027.1672 -8416.9913 -5637.3432 -0.0157 -0.0188 -0.0126 2.1834 -2.0911 6.4578 
448000.0 830.375 -7019.4531 -8412.1084 -5626.7979 -0.0157 -0.0188 -0.0126 2.2185 -2.0739 6.5109 
449000.0 831.5 -7016.047 -8413.403 -5618.691 -0.0156 -0.0187 -0.0125 2.2141 -2.1235 6.5517 
450000.0 833.125 -7009.1159 -8417.1025 -5601.1292 -0.0156 -0.0187 -0.0124 2.292 -2.0977 6.6817 
451000.0 834.375 -7003.9216 -8413.4496 -5594.3937 -0.0155 -0.0187 -0.0124 2.3211 -2.0394 6.6817 
452000.0 835.5 -6999.5248 -8411.194 -5587.8555 -0.0155 -0.0186 -0.0124 2.3562 -1.9601 6.6726 
453000.0 836.75 -6988.4552 -8403.367 -5573.5435 -0.0154 -0.0186 -0.0123 2.4521 -1.934 6.8382 
454000.0 838.125 -6981.4379 -8400.8213 -5562.0544 -0.0154 -0.0185 -0.0123 2.4644 -1.9109 6.8397 
455000.0 839.75 -6971.5589 -8393.1194 -5549.9984 -0.0153 -0.0184 -0.0122 2.5656 -1.7847 6.916 
456000.0 841.0 -6964.689 -8386.4105 -5542.9675 -0.0153 -0.0184 -0.0122 2.6518 -1.6846 6.9881 
457000.0 842.375 -6953.8288 -8380.8823 -5526.7752 -0.0152 -0.0183 -0.0121 2.7358 -1.6001 7.0716 
458000.0 843.875 -6943.7137 -8372.7451 -5514.6824 -0.0152 -0.0183 -0.012 2.7964 -1.5611 7.1539 
459000.0 845.0 -6936.9205 -8367.8513 -5505.9897 -0.0151 -0.0182 -0.012 2.8648 -1.4397 7.1692 
460000.0 846.5 -6926.0414 -8363.7759 -5488.3068 -0.0151 -0.0182 -0.0119 3.0071 -1.3372 7.3515 
461000.0 847.875 -6917.0089 -8354.7432 -5479.2745 -0.015 -0.0181 -0.0119 3.0225 -1.3134 7.3584 
462000.0 849.375 -6909.1031 -8349.4494 -5468.7568 -0.015 -0.0181 -0.0118 3.1124 -1.2529 7.4776 
463000.0 851.25 -6898.2239 -8340.7747 -5455.673 -0.0149 -0.018 -0.0118 3.2096 -1.1422 7.5615 
464000.0 853.0 -6889.4868 -8340.4509 -5438.5226 -0.0148 -0.018 -0.0117 3.2139 -1.1787 7.6064 
465000.0 854.5 -6883.7399 -8336.238 -5431.2417 -0.0148 -0.0179 -0.0117 3.2856 -1.1186 7.6898 
466000.0 856.375 -6870.4934 -8332.0672 -5408.9196 -0.0147 -0.0179 -0.0116 3.3664 -1.098 7.8308 
467000.0 857.75 -6860.268 -8328.1283 -5392.4077 -0.0147 -0.0178 -0.0115 3.4781 -0.9723 7.9286 
468000.0 859.125 -6848.9915 -8325.332 -5372.651 -0.0146 -0.0178 -0.0115 3.5248 -0.9354 7.9849 
469000.0 860.75 -6839.6581 -8318.4041 -5360.9122 -0.0146 -0.0177 -0.0114 3.6414 -0.771 8.0538 
470000.0 862.625 -6824.5308 -8303.7315 -5345.33 -0.0145 -0.0177 -0.0114 3.7852 -0.6092 8.1797 
471000.0 864.625 -6805.9441 -8295.1503 -5316.7379 -0.0144 -0.0176 -0.0113 3.9315 -0.4657 8.3287 
472000.0 866.125 -6793.1448 -8287.0201 -5299.2694 -0.0144 -0.0176 -0.0112 4.0275 -0.4015 8.4565 
473000.0 868.75 -6781.6738 -8281.2644 -5282.0831 -0.0143 -0.0175 -0.0112 4.1012 -0.2376 8.4401 
474000.0 870.75 -6769.7685 -8276.2856 -5263.2514 -0.0143 -0.0175 -0.0111 4.0954 -0.1643 8.3551 
475000.0 872.875 -6760.1975 -8274.3466 -5246.0484 -0.0142 -0.0174 -0.011 4.1884 -0.1249 8.5017 
476000.0 874.5 -6751.8975 -8269.9513 -5233.8437 -0.0142 -0.0174 -0.011 4.1666 -0.1543 8.4876 
477000.0 875.875 -6746.8679 -8267.4439 -5226.2919 -0.0141 -0.0173 -0.011 4.1926 -0.141 8.5263 
478000.0 877.75 -6733.798 -8256.507 -5211.089 -0.0141 -0.0173 -0.0109 4.2799 0.003 8.5567 
479000.0 879.125 -6722.3366 -8253.7255 -5190.9477 -0.014 -0.0172 -0.0108 4.3779 0.1037 8.6521 
480000.0 880.75 -6711.5971 -8247.5031 -5175.6912 -0.014 -0.0172 -0.0108 4.4206 0.1764 8.6649 
481000.0 882.625 -6697.5362 -8231.6268 -5163.4457 -0.0139 -0.0171 -0.0107 4.4762 0.3261 8.6264 
482000.0 884.125 -6686.8202 -8227.0609 -5146.5796 -0.0139 -0.0171 -0.0107 4.513 0.3248 8.7012 
483000.0 885.875 -6673.687 -8213.9984 -5133.3756 -0.0138 -0.017 -0.0106 4.5941 0.4896 8.6987 
484000.0 887.375 -6665.5344 -8205.8624 -5125.2063 -0.0138 -0.017 -0.0106 4.6301 0.4995 8.7607 
485000.0 888.75 -6655.7343 -8195.5237 -5115.9448 -0.0137 -0.0169 -0.0105 4.6746 0.5483 8.8009 
486000.0 890.0 -6648.492 -8192.3872 -5104.5968 -0.0137 -0.0169 -0.0105 4.6518 0.5503 8.7532 
487000.0 891.125 -6642.8809 -8197.3401 -5088.4217 -0.0136 -0.0168 -0.0104 4.668 0.4937 8.8423 
488000.0 892.625 -6633.4338 -8198.7467 -5068.1208 -0.0136 -0.0168 -0.0104 4.7118 0.5037 8.9198 
489000.0 894.0 -6625.9184 -8194.1324 -5057.7043 -0.0135 -0.0168 -0.0103 4.6994 0.5067 8.892 
490000.0 895.5 -6616.6406 -8189.9528 -5043.3284 -0.0135 -0.0167 -0.0103 4.721 0.5255 8.9165 
491000.0 896.75 -6609.722 -8188.3828 -5031.0612 -0.0135 -0.0167 -0.0102 4.7295 0.4974 8.9616 
492000.0 898.125 -6601.5545 -8183.1651 -5019.9439 -0.0134 -0.0166 -0.0102 4.7342 0.5223 8.9462 
493000.0 900.0 -6583.6679 -8182.7647 -4984.5711 -0.0134 -0.0166 -0.0101 4.8265 0.5054 9.1476 
494000.0 901.375 -6575.1732 -8174.1501 -4976.1964 -0.0133 -0.0165 -0.0101 4.837 0.5165 9.1575 
495000.0 902.625 -6565.4022 -8168.979 -4961.8255 -0.0133 -0.0165 -0.01 4.8794 0.5165 9.2422 
496000.0 903.75 -6561.2511 -8165.1238 -4957.3785 -0.0132 -0.0165 -0.01 4.8806 0.563 9.1983 
497000.0 905.25 -6552.255 -8156.9318 -4947.5782 -0.0132 -0.0164 -0.01 4.86 0.567 9.153 
498000.0 906.625 -6542.743 -8150.9539 -4934.5321 -0.0131 -0.0164 -0.0099 4.8614 0.6031 9.1196 
499000.0 908.25 -6530.2347 -8139.5243 -4920.9452 -0.0131 -0.0163 -0.0099 4.9375 0.6698 9.2052 
500000.0 910.125 -6513.4091 -8137.0533 -4889.7649 -0.013 -0.0163 -0.0098 4.9818 0.6889 9.2746 
501000.0 911.875 -6501.5031 -8130.9961 -4872.0101 -0.013 -0.0162 -0.0097 4.9998 0.6492 9.3503 
502000.0 913.375 -6492.3206 -8122.1461 -4862.4952 -0.0129 -0.0162 -0.0097 4.9758 0.6512 9.3003 
503000.0 915.125 -6481.6599 -8117.6681 -4845.6517 -0.0129 -0.0161 -0.0096 5.0209 0.6905 9.3513 
504000.0 916.625 -6471.0026 -8110.1586 -4831.8467 -0.0128 -0.0161 -0.0096 5.0305 0.7816 9.2794 
505000.0 917.75 -6463.1238 -8103.2864 -4822.9611 -0.0128 -0.016 -0.0096 5.1379 0.9271 9.3486 
506000.0 919.25 -6453.3919 -8094.3293 -4812.4545 -0.0128 -0.016 -0.0095 5.1334 0.9388 9.328 
507000.0 920.875 -6438.634 -8088.6488 -4788.6192 -0.0127 -0.016 -0.0094 5.1939 1.0252 9.3626 
508000.0 922.125 -6432.1742 -8086.9194 -4777.4291 -0.0127 -0.0159 -0.0094 5.1876 1.0017 9.3736 
509000.0 923.625 -6423.5023 -8081.5619 -4765.4426 -0.0126 -0.0159 -0.0094 5.1876 0.9965 9.3787 
510000.0 925.75 -6408.7205 -8072.7732 -4744.6678 -0.0126 -0.0158 -0.0093 5.1823 0.9996 9.3649 
511000.0 927.25 -6397.4466 -8064.99 -4729.9033 -0.0125 -0.0158 -0.0093 5.2256 1.0764 9.3749 
512000.0 928.625 -6385.5609 -8055.714 -4715.4077 -0.0125 -0.0157 -0.0092 5.2982 1.1342 9.4623 
513000.0 930.375 -6370.8579 -8045.7703 -4695.9454 -0.0124 -0.0157 -0.0092 5.3494 1.2691 9.4296 
514000.0 931.75 -6359.4714 -8040.4663 -4678.4764 -0.0124 -0.0156 -0.0091 5.4064 1.3315 9.4812 
515000.0 934.0 -6333.344 -8032.7559 -4633.9321 -0.0123 -0.0156 -0.009 5.5179 1.4476 9.5882 
516000.0 935.875 -6320.154 -8024.6276 -4615.6804 -0.0122 -0.0156 -0.0089 5.6219 1.5253 9.7184 
517000.0 937.375 -6304.2889 -8014.3707 -4594.207 -0.0122 -0.0155 -0.0089 5.7314 1.6522 9.8106 
518000.0 939.0 -6294.5499 -8009.3397 -4579.76 -0.0122 -0.0155 -0.0088 5.7514 1.683 9.8198 
519000.0 940.75 -6278.3323 -7999.5061 -4557.1584 -0.0121 -0.0154 -0.0088 5.7956 1.6618 9.9294 
520000.0 942.375 -6266.2495 -7994.5154 -4537.9836 -0.0121 -0.0154 -0.0087 5.812 1.679 9.945 
521000.0 944.75 -6243.4341 -7983.1877 -4503.6805 -0.012 -0.0153 -0.0086 5.8917 1.7694 10.0141 
522000.0 946.5 -6229.0268 -7975.7828 -4482.2707 -0.0119 -0.0153 -0.0086 5.9178 1.7404 10.0951 
523000.0 948.0 -6213.4 -7964.8254 -4461.9746 -0.0119 -0.0152 -0.0085 6.0465 1.8839 10.2091 
524000.0 950.125 -6193.0707 -7956.3511 -4429.7904 -0.0118 -0.0152 -0.0085 6.1324 1.9906 10.2741 
525000.0 951.375 -6184.3944 -7952.3039 -4416.4849 -0.0118 -0.0151 -0.0084 6.1489 2.0105 10.2873 
526000.0 953.375 -6164.8509 -7935.6037 -4394.0981 -0.0117 -0.0151 -0.0084 6.1956 2.0913 10.3 
527000.0 955.5 -6146.5358 -7922.3985 -4370.673 -0.0117 -0.015 -0.0083 6.3029 2.241 10.3648 
528000.0 957.125 -6127.2967 -7905.9475 -4348.646 -0.0116 -0.015 -0.0082 6.3876 2.3428 10.4324 
529000.0 958.625 -6110.39 -7895.7013 -4325.0787 -0.0116 -0.0149 -0.0082 6.4736 2.4142 10.5331 
530000.0 960.25 -6093.6069 -7890.0432 -4297.1705 -0.0115 -0.0149 -0.0081 6.5631 2.4853 10.6409 
531000.0 962.0 -6075.5062 -7880.9929 -4270.0196 -0.0114 -0.0148 -0.008 6.6104 2.4804 10.7404 
532000.0 963.625 -6062.8259 -7876.5436 -4249.1082 -0.0114 -0.0148 -0.008 6.6028 2.4792 10.7263 
533000.0 965.375 -6050.0264 -7867.9923 -4232.0605 -0.0114 -0.0148 -0.0079 6.6454 2.5747 10.7161 
534000.0 966.75 -6041.7882 -7858.2105 -4225.366 -0.0113 -0.0147 -0.0079 6.637 2.5717 10.7023 
535000.0 968.25 -6021.5078 -7838.0448 -4204.9707 -0.0113 -0.0147 -0.0079 6.7895 2.8265 10.7525 
536000.0 969.375 -6013.6861 -7832.7723 -4194.6 -0.0112 -0.0146 -0.0078 6.8141 2.8972 10.731 
537000.0 970.75 -6006.5841 -7829.7453 -4183.4229 -0.0112 -0.0146 -0.0078 6.8047 2.8848 10.7247 
538000.0 972.25 -5994.2849 -7813.4933 -4175.0765 -0.0111 -0.0145 -0.0078 6.8147 2.9816 10.6479 
539000.0 974.25 -5969.9611 -7792.731 -4147.1912 -0.0111 -0.0145 -0.0077 7.0015 3.16 10.843 
540000.0 976.25 -5953.4004 -7784.5673 -4122.2335 -0.011 -0.0144 -0.0076 7.0208 3.2921 10.7494 
541000.0 978.25 -5943.8873 -7776.4268 -4111.3477 -0.011 -0.0144 -0.0076 6.8826 3.4429 10.3223 
542000.0 979.625 -5929.954 -7766.0991 -4093.8089 -0.0109 -0.0143 -0.0076 6.8756 3.3739 10.3773 
543000.0 981.75 -5910.9025 -7746.7573 -4075.0477 -0.0109 -0.0143 -0.0075 6.9309 3.4102 10.4515 
544000.0 983.875 -5895.5274 -7736.2899 -4054.7648 -0.0108 -0.0142 -0.0075 6.9596 3.4802 10.4391 
545000.0 985.375 -5888.661 -7727.5061 -4049.8159 -0.0108 -0.0142 -0.0074 6.885 3.5564 10.2136 
546000.0 987.5 -5871.8991 -7716.6945 -4027.1037 -0.0108 -0.0141 -0.0074 6.8144 3.4082 10.2205 
547000.0 989.25 -5860.151 -7706.4559 -4013.8461 -0.0107 -0.0141 -0.0073 6.8166 3.4268 10.2064 
548000.0 990.875 -5844.8146 -7698.2473 -3991.3819 -0.0107 -0.014 -0.0073 6.8772 3.4627 10.2918 
549000.0 992.5 -5832.8455 -7687.3952 -3978.2958 -0.0106 -0.014 -0.0072 6.8685 3.427 10.31 
550000.0 994.125 -5821.2038 -7678.206 -3964.2015 -0.0106 -0.014 -0.0072 6.8632 3.4969 10.2296 
551000.0 995.75 -5805.5456 -7658.4956 -3952.5957 -0.0105 -0.0139 -0.0072 6.9136 3.5273 10.3 
552000.0 997.75 -5792.107 -7642.3071 -3941.9069 -0.0105 -0.0138 -0.0071 6.9488 3.7341 10.1634 
553000.0 999.25 -5775.3398 -7629.0824 -3921.5971 -0.0104 -0.0138 -0.0071 6.9839 3.722 10.2458 
554000.0 1001.5 -5755.3862 -7607.0804 -3903.6921 -0.0104 -0.0137 -0.007 7.1602 3.9301 10.3904 
555000.0 1003.125 -5742.8288 -7591.9988 -3893.6587 -0.0103 -0.0137 -0.007 7.178 3.8665 10.4895 
556000.0 1005.0 -5725.3099 -7570.0353 -3880.5844 -0.0103 -0.0136 -0.007 7.236 3.9182 10.5538 
557000.0 1007.125 -5705.5296 -7544.8852 -3866.174 -0.0102 -0.0135 -0.0069 7.2702 3.9969 10.5436 
558000.0 1008.75 -5692.1813 -7530.5832 -3853.7793 -0.0102 -0.0135 -0.0069 7.3272 4.042 10.6125 
559000.0 1010.625 -5673.2309 -7514.1324 -3832.3293 -0.0101 -0.0134 -0.0069 7.3354 4.0292 10.6416 
560000.0 1012.375 -5660.4892 -7507.1869 -3813.7916 -0.0101 -0.0134 -0.0068 7.3008 3.9781 10.6234 
561000.0 1014.125 -5646.9869 -7488.8229 -3805.1508 -0.0101 -0.0133 -0.0068 7.3562 4.0844 10.6281 
562000.0 1015.75 -5633.9164 -7478.5209 -3789.3119 -0.01 -0.0133 -0.0067 7.3706 4.0908 10.6504 
563000.0 1017.25 -5622.0674 -7469.9449 -3774.1898 -0.01 -0.0133 -0.0067 7.409 4.0592 10.7588 
564000.0 1018.625 -5609.7255 -7459.6905 -3759.7605 -0.0099 -0.0132 -0.0067 7.3639 3.9692 10.7586 
565000.0 1020.0 -5595.8254 -7442.7183 -3748.9324 -0.0099 -0.0132 -0.0066 7.4161 3.9878 10.8444 
566000.0 1021.75 -5586.3934 -7427.3372 -3745.4496 -0.0099 -0.0131 -0.0066 7.3928 3.9683 10.8172 
567000.0 1023.875 -5572.1212 -7401.7765 -3742.466 -0.0098 -0.0131 -0.0066 7.3485 3.9835 10.7135 
568000.0 1025.75 -5554.7229 -7379.6651 -3729.7806 -0.0098 -0.013 -0.0066 7.3146 3.9911 10.6381 
569000.0 1027.625 -5531.7868 -7359.9206 -3703.6529 -0.0097 -0.0129 -0.0065 7.4735 4.169 10.778 
570000.0 1029.375 -5511.3348 -7337.4145 -3685.255 -0.0097 -0.0129 -0.0065 7.5898 4.3001 10.8794 
571000.0 1031.25 -5490.5234 -7313.2357 -3667.811 -0.0096 -0.0128 -0.0064 7.7136 4.3698 11.0575 
572000.0 1033.0 -5473.7325 -7291.7096 -3655.7554 -0.0096 -0.0127 -0.0064 7.7564 4.3701 11.1426 
573000.0 1035.0 -5457.0163 -7270.6278 -3643.4047 -0.0095 -0.0127 -0.0064 7.7892 4.3802 11.1983 
574000.0 1036.75 -5440.4444 -7249.5324 -3631.3563 -0.0095 -0.0126 -0.0063 7.7805 4.3669 11.1941 
575000.0 1038.375 -5425.6031 -7233.357 -3617.8492 -0.0094 -0.0126 -0.0063 7.7562 4.275 11.2375 
576000.0 1040.25 -5405.9165 -7211.5608 -3600.2722 -0.0094 -0.0125 -0.0063 7.8112 4.3284 11.2941 
577000.0 1042.625 -5385.4825 -7182.751 -3588.214 -0.0093 -0.0124 -0.0062 7.8081 4.3789 11.2373 
578000.0 1044.375 -5368.499 -7165.3949 -3571.6031 -0.0093 -0.0124 -0.0062 7.8129 4.3811 11.2447 
579000.0 1045.875 -5352.0322 -7143.2267 -3560.8378 -0.0092 -0.0123 -0.0061 7.913 4.457 11.369 
580000.0 1047.875 -5333.8282 -7115.453 -3552.2035 -0.0092 -0.0123 -0.0061 7.9146 4.5116 11.3176 
581000.0 1050.0 -5310.2382 -7089.272 -3531.2045 -0.0091 -0.0122 -0.0061 7.9905 4.5351 11.4459 
582000.0 1051.5 -5296.0412 -7072.5479 -3519.5346 -0.0091 -0.0122 -0.006 8.0159 4.5273 11.5044 
583000.0 1054.0 -5267.3429 -7043.5999 -3491.0858 -0.009 -0.0121 -0.006 8.1005 4.5576 11.6434 
584000.0 1056.5 -5245.7398 -7028.6781 -3462.8014 -0.009 -0.012 -0.0059 8.1458 4.6065 11.685 
585000.0 1058.0 -5232.5732 -7020.7852 -3444.3613 -0.0089 -0.012 -0.0059 8.1521 4.5981 11.7062 
586000.0 1060.375 -5213.9824 -7001.3305 -3426.6342 -0.0089 -0.0119 -0.0058 7.9974 4.4943 11.5005 
587000.0 1063.0 -5192.3321 -6974.2072 -3410.4571 -0.0088 -0.0119 -0.0058 7.9962 4.5425 11.45 
588000.0 1065.125 -5169.9128 -6955.6843 -3384.1412 -0.0088 -0.0118 -0.0058 8.0671 4.6256 11.5086 
589000.0 1067.375 -5147.2555 -6929.6031 -3364.9079 -0.0087 -0.0118 -0.0057 8.1411 4.6834 11.5989 
590000.0 1069.875 -5128.9949 -6903.2395 -3354.7502 -0.0087 -0.0117 -0.0057 8.0879 4.7456 11.4301 
591000.0 1072.0 -5116.2385 -6890.3864 -3342.0906 -0.0087 -0.0117 -0.0057 8.0154 4.7046 11.3262 
592000.0 1074.125 -5098.4282 -6877.8601 -3318.9964 -0.0086 -0.0116 -0.0056 7.9478 4.6261 11.2694 
593000.0 1075.875 -5087.655 -6868.4088 -3306.9012 -0.0086 -0.0116 -0.0056 7.8302 4.4956 11.1649 
594000.0 1077.375 -5072.9078 -6857.9277 -3287.8878 -0.0085 -0.0115 -0.0055 7.8514 4.466 11.2367 
595000.0 1079.0 -5056.8205 -6843.7403 -3269.9007 -0.0085 -0.0115 -0.0055 7.8722 4.5301 11.2144 
596000.0 1080.5 -5046.437 -6834.989 -3257.885 -0.0085 -0.0115 -0.0055 7.7964 4.5314 11.0613 
597000.0 1081.75 -5037.5345 -6832.364 -3242.705 -0.0084 -0.0114 -0.0054 7.8408 4.5929 11.0886 
598000.0 1083.375 -5025.9951 -6819.3688 -3232.6215 -0.0084 -0.0114 -0.0054 7.8451 4.62 11.0702 
599000.0 1085.25 -5007.0835 -6799.8586 -3214.3084 -0.0084 -0.0114 -0.0054 7.8431 4.5897 11.0966 
600000.0 1086.875 -4994.7325 -6797.9437 -3191.5213 -0.0083 -0.0113 -0.0053 7.7839 4.4964 11.0714 
601000.0 1089.0 -4974.7755 -6777.6749 -3171.8761 -0.0083 -0.0113 -0.0053 7.8098 4.5249 11.0946 
602000.0 1091.625 -4955.1129 -6765.8737 -3144.352 -0.0082 -0.0112 -0.0052 7.8395 4.555 11.124 
603000.0 1092.875 -4947.9294 -6759.9031 -3135.9557 -0.0082 -0.0112 -0.0052 7.6756 4.4432 10.9081 
604000.0 1094.375 -4934.5001 -6745.4986 -3123.5016 -0.0082 -0.0112 -0.0052 7.7361 4.5465 10.9258 
605000.0 1096.375 -4914.6453 -6718.7153 -3110.5752 -0.0081 -0.0111 -0.0051 7.807 4.5834 11.0306 
606000.0 1098.0 -4899.7592 -6700.2937 -3099.2248 -0.0081 -0.0111 -0.0051 7.8276 4.6609 10.9944 
607000.0 1099.75 -4883.0415 -6675.9196 -3090.1634 -0.008 -0.011 -0.0051 7.8818 4.799 10.9645 
608000.0 1101.75 -4871.8071 -6671.033 -3072.5812 -0.008 -0.011 -0.0051 7.8236 4.7388 10.9084 
609000.0 1103.75 -4852.5962 -6645.4847 -3059.7078 -0.008 -0.0109 -0.005 7.8516 4.8608 10.8425 
610000.0 1105.5 -4840.4184 -6638.87 -3041.9668 -0.0079 -0.0109 -0.005 7.8364 4.8287 10.8441 
611000.0 1107.75 -4824.9876 -6612.7653 -3037.21 -0.0079 -0.0108 -0.005 7.8435 4.9477 10.7393 
612000.0 1110.0 -4807.297 -6588.7301 -3025.8639 -0.0079 -0.0108 -0.0049 7.8467 4.9849 10.7086 
613000.0 1112.5 -4789.6631 -6572.3703 -3006.9559 -0.0078 -0.0107 -0.0049 7.8244 4.9561 10.6927 
614000.0 1114.625 -4777.1726 -6558.1155 -2996.2298 -0.0078 -0.0107 -0.0049 7.6839 4.8247 10.543 
615000.0 1116.625 -4760.4465 -6553.6819 -2967.2111 -0.0077 -0.0107 -0.0048 7.6804 4.7752 10.5855 
616000.0 1118.875 -4745.7301 -6539.6687 -2951.7916 -0.0077 -0.0106 -0.0048 7.6304 4.7357 10.525 
617000.0 1120.625 -4733.5848 -6527.9282 -2939.2413 -0.0077 -0.0106 -0.0048 7.6439 4.7069 10.5809 
618000.0 1122.875 -4717.4118 -6514.5782 -2920.2453 -0.0076 -0.0105 -0.0047 7.5395 4.6128 10.4662 
619000.0 1125.25 -4710.2522 -6510.2921 -2910.2124 -0.0076 -0.0105 -0.0047 7.3992 4.4827 10.3158 
620000.0 1127.125 -4695.9286 -6496.118 -2895.7393 -0.0076 -0.0105 -0.0047 7.3929 4.4834 10.3023 
621000.0 1129.375 -4687.7794 -6485.5329 -2890.0258 -0.0075 -0.0104 -0.0047 7.2372 4.3674 10.1071 
622000.0 1131.375 -4672.0744 -6474.157 -2869.9918 -0.0075 -0.0104 -0.0046 7.21 4.3598 10.0602 
623000.0 1132.375 -4666.1375 -6471.0576 -2861.2174 -0.0075 -0.0104 -0.0046 7.1675 4.3132 10.0218 
624000.0 1133.875 -4657.6847 -6463.2961 -2852.0734 -0.0075 -0.0104 -0.0046 7.154 4.3302 9.9778 
625000.0 1135.625 -4642.9699 -6448.6329 -2837.3068 -0.0074 -0.0103 -0.0045 7.1839 4.3391 10.0286 
626000.0 1136.875 -4638.3571 -6445.9055 -2830.8088 -0.0074 -0.0103 -0.0045 7.101 4.3192 9.8828 
627000.0 1138.125 -4629.771 -6440.7869 -2818.7551 -0.0074 -0.0103 -0.0045 7.0511 4.2418 9.8604 
628000.0 1139.625 -4620.0226 -6431.8335 -2808.2118 -0.0074 -0.0102 -0.0045 7.0498 4.195 9.9045 
629000.0 1141.25 -4607.9048 -6418.8301 -2796.9794 -0.0073 -0.0102 -0.0044 7.0458 4.1662 9.9253 
630000.0 1142.75 -4597.1294 -6417.425 -2776.8338 -0.0073 -0.0102 -0.0044 7.0031 4.0518 9.9544 
631000.0 1144.625 -4586.0247 -6411.1549 -2760.8946 -0.0073 -0.0102 -0.0044 7.0509 4.1039 9.9979 
632000.0 1146.625 -4571.3294 -6391.7443 -2750.9145 -0.0072 -0.0101 -0.0044 7.007 4.1381 9.8759 
633000.0 1148.25 -4560.2252 -6377.6912 -2742.7593 -0.0072 -0.0101 -0.0043 6.9732 4.1137 9.8328 
634000.0 1149.875 -4545.8088 -6370.7225 -2720.895 -0.0072 -0.01 -0.0043 7.0211 4.128 9.9142 
635000.0 1151.75 -4537.7629 -6355.0353 -2720.4905 -0.0071 -0.01 -0.0043 6.9039 4.1105 9.6972 
636000.0 1153.125 -4528.9691 -6344.4619 -2713.4763 -0.0071 -0.01 -0.0043 6.9339 4.2094 9.6583 
637000.0 1154.5 -4523.4016 -6342.3666 -2704.4366 -0.0071 -0.01 -0.0042 6.8305 4.1262 9.5348 
638000.0 1156.375 -4518.4301 -6337.6279 -2699.2323 -0.0071 -0.0099 -0.0042 6.7164 4.0515 9.3812 
639000.0 1158.125 -4506.8241 -6328.5992 -2685.049 -0.0071 -0.0099 -0.0042 6.6784 4.0371 9.3196 
640000.0 1159.625 -4492.2959 -6321.3677 -2663.224 -0.007 -0.0099 -0.0042 6.7039 4.0886 9.3192 
641000.0 1161.75 -4471.774 -6304.4652 -2639.0828 -0.007 -0.0098 -0.0041 6.7981 4.205 9.3912 
642000.0 1163.5 -4457.6655 -6293.8212 -2621.5098 -0.0069 -0.0098 -0.0041 6.8554 4.3228 9.3879 
643000.0 1164.75 -4444.7436 -6277.4699 -2612.0174 -0.0069 -0.0098 -0.0041 6.9329 4.4472 9.4185 
644000.0 1166.5 -4431.6846 -6266.4728 -2596.8964 -0.0069 -0.0097 -0.004 6.9492 4.5355 9.363 
645000.0 1168.25 -4415.5249 -6256.6248 -2574.425 -0.0068 -0.0097 -0.004 7.0134 4.5696 9.4571 
646000.0 1169.875 -4405.0926 -6249.6011 -2560.5842 -0.0068 -0.0097 -0.004 6.9825 4.4963 9.4687 
647000.0 1172.0 -4386.9366 -6236.176 -2537.6972 -0.0068 -0.0096 -0.0039 7.0556 4.6268 9.4844 
648000.0 1173.875 -4367.6634 -6224.9551 -2510.3716 -0.0067 -0.0096 -0.0039 7.1388 4.7094 9.5681 
649000.0 1175.125 -4361.3452 -6221.3898 -2501.3007 -0.0067 -0.0096 -0.0039 7.1371 4.693 9.5812 
650000.0 1176.625 -4347.0811 -6215.2356 -2478.9267 -0.0067 -0.0096 -0.0038 7.1561 4.7092 9.6031 
651000.0 1178.0 -4339.0032 -6215.0637 -2462.9428 -0.0067 -0.0095 -0.0038 7.1531 4.7004 9.6059 
652000.0 1179.125 -4332.5754 -6211.5869 -2453.5639 -0.0066 -0.0095 -0.0038 7.0876 4.6041 9.5712 
653000.0 1180.875 -4320.124 -6205.742 -2434.506 -0.0066 -0.0095 -0.0037 7.0288 4.5812 9.4763 
654000.0 1182.5 -4309.2805 -6190.2591 -2428.3019 -0.0066 -0.0095 -0.0037 7.0435 4.6331 9.4539 
655000.0 1183.625 -4305.2941 -6187.896 -2422.6923 -0.0066 -0.0094 -0.0037 6.9968 4.6795 9.314 
656000.0 1185.25 -4295.5442 -6185.1324 -2405.9561 -0.0065 -0.0094 -0.0037 6.9698 4.6829 9.2566 
657000.0 1186.625 -4290.7486 -6173.3804 -2408.1168 -0.0065 -0.0094 -0.0037 6.8664 4.6562 9.0765 
658000.0 1188.125 -4278.5274 -6159.4062 -2397.6486 -0.0065 -0.0094 -0.0036 6.9418 4.7445 9.139 
659000.0 1189.625 -4266.1479 -6150.1373 -2382.1585 -0.0065 -0.0093 -0.0036 6.8988 4.7512 9.0463 
660000.0 1190.75 -4257.574 -6138.9876 -2376.1604 -0.0065 -0.0093 -0.0036 6.9562 4.8651 9.0474 
661000.0 1192.25 -4245.6732 -6132.0847 -2359.2618 -0.0064 -0.0093 -0.0036 6.9957 4.9203 9.0712 
662000.0 1194.0 -4228.8581 -6111.8323 -2345.884 -0.0064 -0.0092 -0.0035 7.0568 4.9668 9.1467 
663000.0 1196.0 -4215.4646 -6099.5356 -2331.3936 -0.0064 -0.0092 -0.0035 7.1149 5.0476 9.1822 
664000.0 1197.5 -4205.4686 -6092.1818 -2318.7554 -0.0063 -0.0092 -0.0035 7.07 5.0204 9.1196 
665000.0 1198.75 -4197.7385 -6086.3535 -2309.1235 -0.0063 -0.0092 -0.0035 7.0108 4.9286 9.0929 
666000.0 1199.75 -4191.3384 -6082.735 -2299.9418 -0.0063 -0.0091 -0.0035 6.9879 4.8928 9.083 
667000.0 1201.5 -4180.5612 -6079.4651 -2281.6574 -0.0063 -0.0091 -0.0034 6.9552 4.8925 9.018 
668000.0 1202.75 -4175.5242 -6075.0073 -2276.0412 -0.0063 -0.0091 -0.0034 6.9122 4.7747 9.0498 
669000.0 1204.375 -4164.3446 -6066.7097 -2261.9796 -0.0062 -0.0091 -0.0034 6.8677 4.7439 8.9916 
670000.0 1205.625 -4156.7341 -6069.0809 -2244.3874 -0.0062 -0.0091 -0.0033 6.8801 4.7769 8.9834 
671000.0 1207.25 -4148.5749 -6064.5777 -2232.572 -0.0062 -0.009 -0.0033 6.8038 4.6745 8.933 
672000.0 1208.625 -4139.6041 -6057.8957 -2221.3126 -0.0062 -0.009 -0.0033 6.7915 4.6562 8.9268 
673000.0 1210.0 -4129.9684 -6049.4892 -2210.4476 -0.0061 -0.009 -0.0033 6.7236 4.584 8.8632 
674000.0 1211.5 -4115.2011 -6042.0746 -2188.3277 -0.0061 -0.009 -0.0032 6.7964 4.6007 8.9921 
675000.0 1213.0 -4105.5708 -6035.8164 -2175.3251 -0.0061 -0.0089 -0.0032 6.8171 4.5496 9.0846 
676000.0 1214.25 -4098.0238 -6025.6518 -2170.3957 -0.0061 -0.0089 -0.0032 6.8021 4.5964 9.0078 
677000.0 1215.75 -4086.9601 -6021.0303 -2152.8899 -0.006 -0.0089 -0.0032 6.7839 4.5456 9.0221 
678000.0 1217.625 -4070.4562 -6015.5387 -2125.3738 -0.006 -0.0089 -0.0031 6.8289 4.4928 9.1649 
679000.0 1219.25 -4061.5957 -6010.1007 -2113.0908 -0.006 -0.0089 -0.0031 6.805 4.4379 9.1721 
680000.0 1220.875 -4044.1899 -5992.2047 -2096.1751 -0.0059 -0.0088 -0.0031 6.8471 4.4206 9.2737 
681000.0 1222.25 -4040.0169 -5992.6343 -2087.3995 -0.0059 -0.0088 -0.0031 6.731 4.2676 9.1944 
682000.0 1223.75 -4029.667 -5993.0063 -2066.3277 -0.0059 -0.0088 -0.003 6.6742 4.091 9.2575 
683000.0 1225.625 -4017.8848 -5981.2492 -2054.5203 -0.0059 -0.0088 -0.003 6.6292 4.0613 9.1972 
684000.0 1227.25 -4009.3009 -5978.8348 -2039.767 -0.0059 -0.0087 -0.003 6.6348 4.0002 9.2693 
685000.0 1228.5 -3999.7399 -5970.2342 -2029.2455 -0.0058 -0.0087 -0.003 6.6502 4.0783 9.2222 
686000.0 1230.75 -3980.0456 -5960.6352 -1999.456 -0.0058 -0.0087 -0.0029 6.6831 4.0151 9.3512 
687000.0 1232.75 -3963.8606 -5945.8054 -1981.9158 -0.0058 -0.0087 -0.0029 6.7488 4.0374 9.4601 
688000.0 1234.25 -3948.4836 -5939.3656 -1957.6017 -0.0057 -0.0086 -0.0028 6.8149 4.0536 9.5762 
689000.0 1235.75 -3938.2398 -5932.5166 -1943.9629 -0.0057 -0.0086 -0.0028 6.8206 4.0327 9.6086 
690000.0 1237.5 -3919.9172 -5921.2997 -1918.5348 -0.0057 -0.0086 -0.0028 6.8628 4.0255 9.7 
691000.0 1239.125 -3910.068 -5910.6598 -1909.4762 -0.0057 -0.0086 -0.0028 6.8587 4.0336 9.6839 
692000.0 1240.75 -3894.0994 -5899.4597 -1888.7391 -0.0056 -0.0085 -0.0027 6.8582 4.0364 9.6801 
693000.0 1241.875 -3886.3705 -5890.9132 -1881.8278 -0.0056 -0.0085 -0.0027 6.8544 3.977 9.7317 
694000.0 1243.5 -3874.7296 -5879.8743 -1869.5849 -0.0056 -0.0085 -0.0027 6.864 4.0955 9.6325 
695000.0 1244.875 -3864.4239 -5868.3872 -1860.4605 -0.0056 -0.0084 -0.0027 6.8981 4.2034 9.5929 
696000.0 1246.625 -3851.0281 -5852.3403 -1849.7159 -0.0055 -0.0084 -0.0027 6.958 4.2402 9.6758 
697000.0 1248.25 -3844.3891 -5844.7199 -1844.0583 -0.0055 -0.0084 -0.0026 6.8881 4.1928 9.5835 
698000.0 1249.375 -3835.5342 -5832.2152 -1838.8533 -0.0055 -0.0084 -0.0026 6.8966 4.1978 9.5954 
699000.0 1250.875 -3825.0571 -5825.41 -1824.7042 -0.0055 -0.0083 -0.0026 6.8843 4.0892 9.6793 
700000.0 1252.75 -3804.9288 -5816.1106 -1793.7469 -0.0054 -0.0083 -0.0026 6.9556 4.1134 9.7978 
701000.0 1254.0 -3793.5051 -5805.5441 -1781.4662 -0.0054 -0.0083 -0.0025 7.0752 4.2286 9.9219 
702000.0 1255.375 -3783.0221 -5791.5802 -1774.464 -0.0054 -0.0083 -0.0025 7.0664 4.2909 9.8418 
703000.0 1257.0 -3772.1404 -5787.007 -1757.2738 -0.0054 -0.0082 -0.0025 7.0674 4.3832 9.7515 
704000.0 1259.0 -3751.8759 -5770.0463 -1733.7055 -0.0053 -0.0082 -0.0025 7.0856 4.4373 9.7339 
705000.0 1260.75 -3738.6616 -5760.4777 -1716.8455 -0.0053 -0.0082 -0.0024 7.0709 4.3679 9.7738 
706000.0 1262.875 -3721.7489 -5746.9757 -1696.522 -0.0053 -0.0081 -0.0024 7.1466 4.4662 9.8271 
707000.0 1264.125 -3710.5606 -5739.8797 -1681.2415 -0.0052 -0.0081 -0.0024 7.1315 4.4401 9.8229 
708000.0 1265.875 -3692.2535 -5727.5255 -1656.9815 -0.0052 -0.0081 -0.0023 7.208 4.4403 9.9757 
709000.0 1267.25 -3682.9935 -5725.5494 -1640.4376 -0.0052 -0.0081 -0.0023 7.2401 4.4644 10.0158 
710000.0 1268.625 -3672.5636 -5714.8355 -1630.2918 -0.0052 -0.008 -0.0023 7.1942 4.4294 9.9591 
711000.0 1270.125 -3659.7158 -5699.6444 -1619.7871 -0.0051 -0.008 -0.0023 7.224 4.4809 9.9671 
712000.0 1271.5 -3647.6745 -5687.0411 -1608.3079 -0.0051 -0.008 -0.0023 7.2524 4.5721 9.9326 
713000.0 1273.125 -3630.6675 -5669.5985 -1591.7365 -0.0051 -0.008 -0.0022 7.3178 4.6669 9.9686 
714000.0 1274.625 -3619.3074 -5657.3468 -1581.268 -0.0051 -0.0079 -0.0022 7.341 4.6882 9.9938 
715000.0 1276.5 -3604.7248 -5644.0891 -1565.3604 -0.005 -0.0079 -0.0022 7.3658 4.7283 10.0032 
716000.0 1277.75 -3591.7071 -5634.7124 -1548.7018 -0.005 -0.0079 -0.0022 7.3696 4.7113 10.0279 
717000.0 1279.375 -3572.5032 -5606.6329 -1538.3736 -0.005 -0.0078 -0.0021 7.4591 4.857 10.0613 
718000.0 1280.75 -3562.66 -5592.7142 -1532.6058 -0.005 -0.0078 -0.0021 7.5028 4.853 10.1525 
719000.0 1282.0 -3559.8679 -5590.3436 -1529.3922 -0.005 -0.0078 -0.0021 7.4441 4.8044 10.0838 
720000.0 1283.5 -3549.7424 -5582.9569 -1516.5279 -0.0049 -0.0078 -0.0021 7.3831 4.7569 10.0093 
721000.0 1285.0 -3533.5864 -5566.1445 -1501.0283 -0.0049 -0.0077 -0.0021 7.3719 4.7197 10.024 
722000.0 1286.375 -3523.6985 -5551.6131 -1495.7839 -0.0049 -0.0077 -0.0021 7.385 4.695 10.075 
723000.0 1287.75 -3514.8195 -5540.6412 -1488.9978 -0.0049 -0.0077 -0.0021 7.397 4.7022 10.0918 
724000.0 1289.375 -3504.5159 -5524.1142 -1484.9175 -0.0048 -0.0076 -0.0021 7.351 4.7257 9.9763 
725000.0 1291.125 -3490.417 -5516.0805 -1464.7535 -0.0048 -0.0076 -0.002 7.3555 4.627 10.084 
726000.0 1292.625 -3479.6958 -5506.9988 -1452.3927 -0.0048 -0.0076 -0.002 7.2942 4.6023 9.9862 
727000.0 1294.0 -3466.6292 -5485.6392 -1447.6193 -0.0048 -0.0075 -0.002 7.3561 4.6903 10.022 
728000.0 1295.625 -3455.0085 -5468.2161 -1441.8009 -0.0047 -0.0075 -0.002 7.4211 4.7848 10.0574 
729000.0 1297.0 -3438.9571 -5448.7642 -1429.1501 -0.0047 -0.0075 -0.002 7.5154 4.91 10.1207 
730000.0 1298.5 -3424.5318 -5427.3464 -1421.7171 -0.0047 -0.0074 -0.0019 7.542 5.0104 10.0736 
731000.0 1300.375 -3406.4199 -5402.995 -1409.8448 -0.0047 -0.0074 -0.0019 7.6654 5.1274 10.2033 
732000.0 1301.625 -3396.8175 -5392.8111 -1400.8239 -0.0046 -0.0074 -0.0019 7.6609 5.1499 10.1719 
733000.0 1303.125 -3383.0341 -5378.4683 -1387.5999 -0.0046 -0.0073 -0.0019 7.662 5.0839 10.2401 
734000.0 1304.5 -3368.8911 -5354.9079 -1382.8744 -0.0046 -0.0073 -0.0019 7.6945 5.1365 10.2525 
735000.0 1305.875 -3358.0472 -5344.8768 -1371.2177 -0.0046 -0.0073 -0.0019 7.7256 5.1706 10.2807 
736000.0 1307.125 -3346.8116 -5334.8875 -1358.7358 -0.0045 -0.0072 -0.0018 7.7531 5.1476 10.3587 
737000.0 1309.125 -3325.743 -5315.819 -1335.667 -0.0045 -0.0072 -0.0018 7.829 5.2395 10.4185 
738000.0 1310.5 -3309.5804 -5292.8879 -1326.2728 -0.0045 -0.0072 -0.0018 7.9662 5.3762 10.5563 
739000.0 1311.75 -3300.9566 -5284.1907 -1317.7226 -0.0045 -0.0072 -0.0018 7.9838 5.4098 10.5577 
740000.0 1313.25 -3287.6775 -5277.3364 -1298.0186 -0.0044 -0.0071 -0.0018 7.9556 5.3477 10.5635 
741000.0 1314.625 -3275.7689 -5267.0396 -1284.4982 -0.0044 -0.0071 -0.0017 7.965 5.4095 10.5205 
742000.0 1316.0 -3260.8454 -5256.765 -1264.9258 -0.0044 -0.0071 -0.0017 8.0089 5.5291 10.4886 
743000.0 1317.375 -3250.3608 -5248.1185 -1252.603 -0.0044 -0.0071 -0.0017 8.0412 5.4914 10.5911 
744000.0 1319.75 -3230.4572 -5227.9247 -1232.9898 -0.0043 -0.007 -0.0017 8.0355 5.5232 10.5478 
745000.0 1321.75 -3207.748 -5201.3744 -1214.1216 -0.0043 -0.007 -0.0016 8.1691 5.6376 10.7006 
746000.0 1323.5 -3190.6021 -5187.6297 -1193.5746 -0.0043 -0.007 -0.0016 8.1928 5.6322 10.7533 
747000.0 1325.375 -3171.4379 -5165.6077 -1177.268 -0.0042 -0.0069 -0.0016 8.3191 5.8199 10.8183 
748000.0 1327.125 -3152.9517 -5151.7498 -1154.1537 -0.0042 -0.0069 -0.0015 8.3469 5.8233 10.8705 
749000.0 1329.75 -3121.9855 -5117.3423 -1126.6287 -0.0042 -0.0068 -0.0015 8.5528 6.0579 11.0476 
750000.0 1331.25 -3108.7616 -5100.0155 -1117.5077 -0.0041 -0.0068 -0.0015 8.5875 6.1004 11.0746 
751000.0 1333.0 -3086.4909 -5078.3843 -1094.5975 -0.0041 -0.0068 -0.0015 8.669 6.1667 11.1713 
752000.0 1334.375 -3071.556 -5063.5084 -1079.6036 -0.0041 -0.0067 -0.0014 8.6792 6.0955 11.263 
753000.0 1335.75 -3059.8466 -5051.137 -1068.5563 -0.0041 -0.0067 -0.0014 8.7798 6.2008 11.3587 
754000.0 1337.75 -3041.5409 -5028.7492 -1054.3326 -0.004 -0.0067 -0.0014 8.7994 6.1847 11.414 
755000.0 1339.875 -3012.6173 -5002.7181 -1022.5164 -0.004 -0.0066 -0.0014 8.9024 6.285 11.5197 
756000.0 1341.875 -2992.0777 -4977.6928 -1006.4627 -0.004 -0.0066 -0.0013 8.9839 6.322 11.6457 
757000.0 1343.875 -2973.7696 -4966.2247 -981.3146 -0.0039 -0.0066 -0.0013 9.0115 6.3165 11.7065 
758000.0 1345.375 -2954.0762 -4941.1699 -966.9826 -0.0039 -0.0065 -0.0013 8.9954 6.2849 11.7059 
759000.0 1347.0 -2935.5956 -4926.6589 -944.5323 -0.0039 -0.0065 -0.0012 9.0464 6.3985 11.6943 
760000.0 1349.25 -2912.219 -4914.4809 -909.9571 -0.0038 -0.0065 -0.0012 9.1568 6.4602 11.8533 
761000.0 1351.375 -2889.355 -4890.0814 -888.6286 -0.0038 -0.0064 -0.0012 9.1899 6.4468 11.933 
762000.0 1353.5 -2865.646 -4868.3274 -862.9646 -0.0038 -0.0064 -0.0011 9.2912 6.6395 11.943 
763000.0 1355.375 -2843.205 -4851.2858 -835.1242 -0.0037 -0.0064 -0.0011 9.3364 6.6219 12.0509 
764000.0 1357.125 -2824.2792 -4826.1684 -822.3901 -0.0037 -0.0063 -0.0011 9.385 6.6583 12.1117 
765000.0 1359.125 -2803.333 -4808.6451 -798.0209 -0.0037 -0.0063 -0.001 9.4544 6.6908 12.2179 
766000.0 1361.25 -2777.411 -4782.3101 -772.5119 -0.0036 -0.0062 -0.001 9.5019 6.703 12.3008 
767000.0 1362.75 -2759.6738 -4768.0544 -751.2931 -0.0036 -0.0062 -0.001 9.5266 6.7159 12.3374 
768000.0 1365.125 -2732.616 -4747.1845 -718.0475 -0.0036 -0.0062 -0.0009 9.6485 6.8851 12.4119 
769000.0 1367.125 -2715.62 -4734.9133 -696.3267 -0.0035 -0.0062 -0.0009 9.6748 6.861 12.4885 
770000.0 1368.875 -2697.8608 -4717.9842 -677.7373 -0.0035 -0.0061 -0.0009 9.6944 6.991 12.3977 
771000.0 1370.75 -2672.908 -4694.3183 -651.4977 -0.0035 -0.0061 -0.0008 9.8075 7.1112 12.5038 
772000.0 1372.125 -2659.3036 -4673.6832 -644.9241 -0.0034 -0.0061 -0.0008 9.7944 7.0559 12.5328 
773000.0 1373.75 -2639.6884 -4649.0501 -630.3266 -0.0034 -0.006 -0.0008 9.8899 7.2119 12.5678 
774000.0 1375.25 -2624.7636 -4643.1558 -606.3715 -0.0034 -0.006 -0.0008 9.8909 7.2135 12.5682 
775000.0 1376.875 -2605.8258 -4626.3014 -585.3501 -0.0034 -0.006 -0.0008 9.8875 7.1686 12.6064 
776000.0 1378.75 -2585.1325 -4618.3398 -551.9252 -0.0033 -0.006 -0.0007 9.9286 7.1372 12.7201 
777000.0 1381.125 -2559.4084 -4596.2952 -522.5215 -0.0033 -0.0059 -0.0007 9.9907 7.2085 12.773 
778000.0 1383.125 -2528.5531 -4574.4364 -482.6698 -0.0033 -0.0059 -0.0006 10.1085 7.287 12.93 
779000.0 1385.25 -2504.1772 -4552.6392 -455.7153 -0.0032 -0.0058 -0.0006 10.1659 7.3253 13.0064 
780000.0 1387.125 -2482.9724 -4534.1914 -431.7533 -0.0032 -0.0058 -0.0006 10.1561 7.2888 13.0235 
781000.0 1389.0 -2459.035 -4511.7507 -406.3193 -0.0031 -0.0058 -0.0005 10.2619 7.3336 13.1902 
782000.0 1391.0 -2430.1915 -4481.8047 -378.5783 -0.0031 -0.0057 -0.0005 10.3286 7.3769 13.2803 
783000.0 1393.25 -2406.5108 -4459.1967 -353.8248 -0.0031 -0.0057 -0.0005 10.3955 7.426 13.365 
784000.0 1395.125 -2386.469 -4431.6091 -341.3289 -0.003 -0.0057 -0.0004 10.3844 7.4636 13.3051 
785000.0 1397.0 -2362.5429 -4407.5625 -317.5232 -0.003 -0.0056 -0.0004 10.4229 7.4761 13.3696 
786000.0 1399.125 -2337.5719 -4387.9207 -287.2231 -0.003 -0.0056 -0.0004 10.4957 7.4966 13.4949 
787000.0 1400.375 -2323.9712 -4372.5931 -275.3494 -0.003 -0.0056 -0.0003 10.443 7.3367 13.5493 
788000.0 1402.125 -2301.9546 -4351.1499 -252.7593 -0.0029 -0.0055 -0.0003 10.4779 7.3801 13.5756 
789000.0 1403.5 -2288.9213 -4344.3505 -233.492 -0.0029 -0.0055 -0.0003 10.4971 7.4151 13.5792 
790000.0 1406.0 -2264.128 -4315.4695 -212.7865 -0.0029 -0.0055 -0.0003 10.5326 7.4005 13.6648 
791000.0 1408.0 -2238.1718 -4303.5245 -172.819 -0.0028 -0.0054 -0.0002 10.5416 7.4546 13.6286 
792000.0 1410.0 -2212.7845 -4273.42 -152.149 -0.0028 -0.0054 -0.0002 10.6259 7.55 13.7018 
793000.0 1411.75 -2193.7892 -4253.9514 -133.6271 -0.0028 -0.0054 -0.0002 10.6756 7.6444 13.7068 
794000.0 1413.875 -2171.2429 -4232.5525 -109.9332 -0.0027 -0.0053 -0.0001 10.6677 7.6559 13.6796 
795000.0 1416.125 -2142.8834 -4213.0276 -72.7391 -0.0027 -0.0053 -0.0001 10.7124 7.6949 13.7299 
796000.0 1418.125 -2117.8448 -4192.4232 -43.2663 -0.0027 -0.0053 -0.0001 10.8195 7.8854 13.7536 
797000.0 1420.375 -2102.3219 -4182.2772 -22.3666 -0.0026 -0.0052 -0.0 10.7228 7.7771 13.6684 
798000.0 1422.5 -2079.9314 -4165.3118 5.4491 -0.0026 -0.0052 0.0 10.6886 7.679 13.6982 
799000.0 1424.75 -2049.7489 -4145.7764 46.2786 -0.0026 -0.0052 0.0001 10.7966 7.8325 13.7608 
800000.0 1426.375 -2033.5155 -4133.2815 66.2505 -0.0025 -0.0052 0.0001 10.7884 7.7897 13.787 
801000.0 1428.0 -2018.8897 -4120.8736 83.0941 -0.0025 -0.0051 0.0001 10.7379 7.7946 13.6812 
802000.0 1429.75 -2005.4721 -4109.8918 98.9475 -0.0025 -0.0051 0.0001 10.6869 7.7836 13.5901 
803000.0 1431.625 -1983.7884 -4083.4879 115.9112 -0.0025 -0.0051 0.0001 10.6962 7.7782 13.6143 
804000.0 1433.25 -1968.5314 -4065.0076 127.9449 -0.0024 -0.0051 0.0002 10.6546 7.6904 13.6188 
805000.0 1435.5 -1946.0039 -4041.0439 149.0361 -0.0024 -0.005 0.0002 10.6704 7.6949 13.6458 
806000.0 1437.75 -1920.8746 -4014.3061 172.5569 -0.0024 -0.005 0.0002 10.6114 7.5722 13.6506 
807000.0 1439.625 -1899.7328 -3986.672 187.2065 -0.0024 -0.0049 0.0002 10.646 7.6299 13.6621 
808000.0 1441.375 -1883.3498 -3968.6646 201.9651 -0.0023 -0.0049 0.0002 10.709 7.8229 13.5951 
809000.0 1443.25 -1858.5344 -3943.846 226.7772 -0.0023 -0.0049 0.0003 10.7355 7.9053 13.5657 
810000.0 1445.0 -1839.3501 -3923.3843 244.6841 -0.0023 -0.0048 0.0003 10.7921 7.9737 13.6105 
811000.0 1447.125 -1807.6831 -3881.8485 266.4822 -0.0022 -0.0048 0.0003 10.8991 8.1858 13.6124 
812000.0 1449.125 -1784.8429 -3861.4511 291.7654 -0.0022 -0.0048 0.0004 10.9269 8.1918 13.6619 
813000.0 1451.625 -1751.3374 -3821.5583 318.8836 -0.0022 -0.0047 0.0004 11.0046 8.3113 13.698 
814000.0 1453.375 -1734.5596 -3810.1913 341.072 -0.0021 -0.0047 0.0004 11.0056 8.3488 13.6624 
815000.0 1456.0 -1702.7615 -3782.3173 376.7943 -0.0021 -0.0046 0.0005 11.0484 8.3756 13.7212 
816000.0 1458.25 -1675.8286 -3750.7632 399.106 -0.0021 -0.0046 0.0005 11.0526 8.4109 13.6944 
817000.0 1460.5 -1647.6735 -3718.8271 423.4801 -0.002 -0.0046 0.0005 11.1411 8.6548 13.6275 
818000.0 1462.375 -1625.491 -3696.0123 445.0303 -0.002 -0.0045 0.0005 11.1389 8.6312 13.6465 
819000.0 1464.125 -1603.9692 -3673.9289 465.9904 -0.002 -0.0045 0.0006 11.1278 8.6587 13.5968 
820000.0 1466.0 -1578.65 -3646.2082 488.9082 -0.0019 -0.0044 0.0006 11.2049 8.803 13.6067 
821000.0 1467.875 -1554.7358 -3623.3956 513.9241 -0.0019 -0.0044 0.0006 11.2278 8.8487 13.6068 
822000.0 1469.5 -1536.1641 -3601.5505 529.2222 -0.0019 -0.0044 0.0006 11.2519 8.8791 13.6246 
823000.0 1471.375 -1511.8877 -3577.3774 553.6019 -0.0018 -0.0043 0.0007 11.2578 8.8921 13.6234 
824000.0 1473.625 -1480.3775 -3541.4686 580.7136 -0.0018 -0.0043 0.0007 11.3547 8.9847 13.7248 
825000.0 1476.125 -1445.7901 -3506.6703 615.09 -0.0018 -0.0043 0.0007 11.4691 9.1592 13.779 
826000.0 1477.875 -1422.6051 -3485.5652 640.3549 -0.0017 -0.0042 0.0008 11.509 9.2297 13.7883 
827000.0 1480.25 -1393.918 -3465.5557 677.7197 -0.0017 -0.0042 0.0008 11.5575 9.3088 13.8062 
828000.0 1481.875 -1370.6334 -3446.6009 705.3341 -0.0017 -0.0042 0.0009 11.5814 9.3515 13.8112 
829000.0 1483.25 -1353.5719 -3429.3456 722.2019 -0.0016 -0.0041 0.0009 11.61 9.3961 13.8239 
830000.0 1485.25 -1326.3721 -3407.7998 755.0555 -0.0016 -0.0041 0.0009 11.6291 9.4476 13.8107 
831000.0 1487.25 -1298.0299 -3386.1698 790.11 -0.0016 -0.0041 0.001 11.7615 9.6448 13.8782 
832000.0 1489.0 -1273.2171 -3360.7598 814.3256 -0.0015 -0.004 0.001 11.8276 9.7489 13.9064 
833000.0 1490.875 -1252.3242 -3336.7763 832.1278 -0.0015 -0.004 0.001 11.802 9.6923 13.9117 
834000.0 1492.625 -1225.6494 -3316.1506 864.8518 -0.0015 -0.004 0.001 11.8839 9.7753 13.9924 
835000.0 1494.5 -1202.1002 -3293.5983 889.3978 -0.0014 -0.0039 0.0011 11.9002 9.7354 14.0651 
836000.0 1496.25 -1179.3281 -3262.3821 903.7258 -0.0014 -0.0039 0.0011 11.9565 9.8571 14.0559 
837000.0 1498.875 -1144.6031 -3217.3522 928.1459 -0.0014 -0.0038 0.0011 12.0121 9.8919 14.1323 
838000.0 1500.625 -1120.6979 -3189.4217 948.026 -0.0013 -0.0038 0.0011 12.0566 9.965 14.1482 
839000.0 1502.625 -1095.4452 -3159.8727 968.9822 -0.0013 -0.0038 0.0012 12.0312 9.9381 14.1244 
840000.0 1505.625 -1060.5148 -3115.7849 994.7554 -0.0013 -0.0037 0.0012 12.1333 10.1015 14.165 
841000.0 1507.875 -1029.3028 -3086.1744 1027.5689 -0.0012 -0.0037 0.0012 12.1232 10.0898 14.1567 
842000.0 1510.25 -993.0768 -3035.4238 1049.2703 -0.0012 -0.0036 0.0012 12.2138 10.2321 14.1954 
843000.0 1512.75 -954.5313 -2995.9565 1086.894 -0.0011 -0.0036 0.0013 12.3008 10.3185 14.283 
844000.0 1514.75 -924.547 -2964.9234 1115.8294 -0.0011 -0.0035 0.0013 12.3836 10.4364 14.3309 
845000.0 1517.0 -895.758 -2938.6131 1147.0971 -0.0011 -0.0035 0.0014 12.4185 10.428 14.409 
846000.0 1519.25 -870.3821 -2906.0278 1165.2636 -0.001 -0.0034 0.0014 12.4162 10.4985 14.334 
847000.0 1521.125 -843.7006 -2881.755 1194.3538 -0.001 -0.0034 0.0014 12.4169 10.4729 14.3608 
848000.0 1523.625 -809.5486 -2837.4276 1218.3303 -0.001 -0.0033 0.0014 12.4832 10.6208 14.3457 
849000.0 1525.5 -788.5994 -2810.5109 1233.3122 -0.0009 -0.0033 0.0015 12.4413 10.5591 14.3234 
850000.0 1527.25 -768.0235 -2789.1286 1253.0816 -0.0009 -0.0033 0.0015 12.4351 10.5698 14.3005 
851000.0 1529.5 -741.0218 -2757.4712 1275.4277 -0.0009 -0.0032 0.0015 12.4414 10.554 14.3287 
852000.0 1531.375 -717.2919 -2737.1131 1302.5293 -0.0008 -0.0032 0.0015 12.4743 10.6047 14.3438 
853000.0 1533.125 -689.1054 -2710.932 1332.7213 -0.0008 -0.0032 0.0016 12.4635 10.5782 14.3488 
854000.0 1535.0 -664.5079 -2684.4134 1355.3976 -0.0008 -0.0031 0.0016 12.5446 10.7044 14.3848 
855000.0 1537.0 -635.3031 -2654.1737 1383.5674 -0.0007 -0.0031 0.0016 12.5648 10.7408 14.3887 
856000.0 1539.375 -608.0118 -2622.4926 1406.4691 -0.0007 -0.0031 0.0016 12.5255 10.7982 14.2528 
857000.0 1541.5 -582.4685 -2597.7405 1432.8035 -0.0007 -0.003 0.0017 12.4995 10.8587 14.1403 
858000.0 1542.875 -562.8997 -2577.7863 1451.9868 -0.0007 -0.003 0.0017 12.5164 10.9348 14.098 
859000.0 1545.375 -532.9728 -2537.2643 1471.3188 -0.0006 -0.003 0.0017 12.4617 10.9112 14.0123 
860000.0 1546.875 -511.8075 -2512.0279 1488.4129 -0.0006 -0.0029 0.0017 12.4616 10.9332 13.99 
861000.0 1549.75 -474.602 -2470.9918 1521.7878 -0.0006 -0.0029 0.0018 12.5612 11.0416 14.0809 
862000.0 1551.375 -452.4821 -2444.2551 1539.2908 -0.0005 -0.0028 0.0018 12.5296 11.007 14.0523 
863000.0 1553.25 -427.8095 -2415.471 1559.852 -0.0005 -0.0028 0.0018 12.5859 11.1056 14.0661 
864000.0 1555.75 -397.868 -2389.4374 1593.7014 -0.0005 -0.0028 0.0018 12.5741 11.1484 13.9998 
865000.0 1557.75 -367.587 -2362.0559 1626.8819 -0.0004 -0.0027 0.0019 12.5674 11.1417 13.993 
866000.0 1560.375 -339.4254 -2327.322 1648.4713 -0.0004 -0.0027 0.0019 12.5921 11.2128 13.9715 
867000.0 1562.75 -307.7066 -2283.71 1668.2967 -0.0004 -0.0026 0.0019 12.619 11.2029 14.0351 
868000.0 1565.5 -272.0025 -2245.9857 1701.9807 -0.0003 -0.0026 0.002 12.6461 11.2423 14.05 
869000.0 1567.625 -236.2416 -2207.6011 1735.1178 -0.0003 -0.0025 0.002 12.696 11.2782 14.1138 
870000.0 1569.75 -209.2065 -2175.8055 1757.3925 -0.0002 -0.0025 0.002 12.7431 11.3215 14.1647 
871000.0 1572.25 -172.7056 -2136.8489 1791.4377 -0.0002 -0.0025 0.0021 12.787 11.324 14.25 
872000.0 1575.25 -138.5894 -2104.3715 1827.1927 -0.0002 -0.0024 0.0021 12.7705 11.3188 14.2222 
873000.0 1577.625 -109.1605 -2077.6337 1859.3127 -0.0001 -0.0024 0.0021 12.7879 11.3587 14.2171 
874000.0 1580.375 -74.7621 -2040.0923 1890.5681 -0.0001 -0.0023 0.0022 12.6901 11.276 14.1043 
875000.0 1582.125 -48.1243 -2012.4111 1916.1626 -0.0001 -0.0023 0.0022 12.7536 11.3052 14.2021 
876000.0 1585.0 -9.0552 -1972.4884 1954.3779 -0.0 -0.0023 0.0022 12.8136 11.389 14.2383 
877000.0 1586.875 16.7761 -1943.2401 1976.7924 0.0 -0.0022 0.0023 12.8441 11.4265 14.2618 
878000.0 1588.5 41.358 -1921.0454 2003.7614 0.0 -0.0022 0.0023 12.8722 11.4868 14.2577 
879000.0 1591.25 72.7329 -1889.5044 2034.9701 0.0001 -0.0021 0.0023 12.8576 11.4651 14.2502 
880000.0 1593.125 101.7148 -1861.0786 2064.5081 0.0001 -0.0021 0.0023 12.9167 11.5558 14.2777 
881000.0 1595.25 130.8694 -1829.9191 2091.6578 0.0001 -0.0021 0.0024 12.9278 11.5644 14.2911 
882000.0 1597.375 154.2862 -1801.8414 2110.4139 0.0002 -0.002 0.0024 12.9041 11.5502 14.2581 
883000.0 1599.5 182.7968 -1772.2342 2137.8277 0.0002 -0.002 0.0024 12.89 11.5142 14.2658 
884000.0 1601.875 215.2824 -1742.1637 2172.7285 0.0002 -0.002 0.0025 12.943 11.5603 14.3257 
885000.0 1603.625 241.9839 -1722.5826 2206.5504 0.0003 -0.0019 0.0025 12.9749 11.5626 14.3872 
886000.0 1605.625 268.3854 -1699.4154 2236.1862 0.0003 -0.0019 0.0025 12.976 11.608 14.344 
887000.0 1607.875 288.9344 -1680.2606 2258.1293 0.0003 -0.0019 0.0025 12.8502 11.338 14.3625 
888000.0 1609.75 315.3718 -1650.1362 2280.8797 0.0004 -0.0019 0.0026 12.9008 11.4366 14.3649 
889000.0 1612.25 345.4374 -1622.7868 2313.6616 0.0004 -0.0018 0.0026 12.8685 11.4681 14.2689 
890000.0 1613.625 363.159 -1603.2537 2329.5717 0.0004 -0.0018 0.0026 12.8434 11.4293 14.2575 
891000.0 1615.5 385.6152 -1584.4443 2355.6748 0.0004 -0.0018 0.0026 12.7892 11.4621 14.1164 
892000.0 1617.75 413.3714 -1557.3696 2384.1124 0.0005 -0.0017 0.0027 12.8231 11.5457 14.1006 
893000.0 1619.75 444.3766 -1525.0667 2413.82 0.0005 -0.0017 0.0027 12.8575 11.629 14.086 
894000.0 1621.875 474.5521 -1494.9216 2444.0259 0.0005 -0.0017 0.0027 12.9837 11.7499 14.2176 
895000.0 1624.0 500.4653 -1479.9574 2480.8879 0.0006 -0.0017 0.0028 12.9893 11.8527 14.1258 
896000.0 1626.25 531.4325 -1460.8471 2523.7121 0.0006 -0.0016 0.0028 12.9351 11.7391 14.1312 
897000.0 1628.25 560.9472 -1428.8308 2550.7253 0.0006 -0.0016 0.0028 13.012 11.7529 14.2711 
898000.0 1629.875 581.27 -1414.6194 2577.1594 0.0006 -0.0016 0.0029 13.0064 11.7801 14.2326 
899000.0 1631.875 611.7405 -1379.8674 2603.3484 0.0007 -0.0015 0.0029 13.0554 11.8412 14.2695 
900000.0 1634.375 646.4241 -1351.0885 2643.9368 0.0007 -0.0015 0.0029 13.1321 11.9512 14.3131 
901000.0 1636.5 675.8529 -1331.4864 2683.1922 0.0008 -0.0015 0.003 13.1616 11.9222 14.401 
902000.0 1638.5 700.4949 -1307.1381 2708.1278 0.0008 -0.0014 0.003 13.1265 11.8138 14.4392 
903000.0 1640.875 728.0976 -1282.8934 2739.0887 0.0008 -0.0014 0.003 13.0855 11.8178 14.3532 
904000.0 1642.375 747.284 -1257.9509 2752.5189 0.0008 -0.0014 0.003 13.0612 11.8124 14.3101 
905000.0 1643.875 766.8902 -1242.3067 2776.0872 0.0008 -0.0014 0.0031 13.0758 11.8452 14.3063 
906000.0 1646.0 794.1044 -1213.571 2801.7798 0.0009 -0.0013 0.0031 13.0871 11.843 14.3313 
907000.0 1648.5 826.6339 -1187.1998 2840.4675 0.0009 -0.0013 0.0031 13.0861 11.8807 14.2915 
908000.0 1650.375 853.1639 -1166.6169 2872.9446 0.0009 -0.0013 0.0032 13.0858 11.8792 14.2923 
909000.0 1652.0 874.8686 -1139.2071 2888.9444 0.001 -0.0013 0.0032 13.0401 11.8866 14.1936 
910000.0 1654.375 902.2285 -1121.4998 2925.9568 0.001 -0.0012 0.0032 13.0875 11.9651 14.2099 
911000.0 1656.25 930.3368 -1088.7119 2949.3854 0.001 -0.0012 0.0032 13.0813 11.9368 14.2257 
912000.0 1658.25 960.902 -1059.1043 2980.9083 0.0011 -0.0012 0.0033 13.1056 11.8955 14.3157 
913000.0 1660.125 982.8959 -1041.7375 3007.5292 0.0011 -0.0011 0.0033 13.0979 11.8704 14.3253 
914000.0 1661.875 1006.4449 -1023.2229 3036.1126 0.0011 -0.0011 0.0033 13.0678 11.8025 14.333 
915000.0 1663.25 1023.3342 -1011.6221 3058.2906 0.0011 -0.0011 0.0033 13.074 11.8281 14.3199 
916000.0 1664.875 1046.2316 -985.7576 3078.2208 0.0011 -0.0011 0.0034 13.0629 11.8296 14.2961 
917000.0 1666.75 1066.2001 -967.9695 3100.3698 0.0012 -0.0011 0.0034 13.0046 11.7798 14.2294 
918000.0 1668.5 1089.5697 -945.1267 3124.2662 0.0012 -0.001 0.0034 13.0335 11.8586 14.2084 
919000.0 1670.375 1117.819 -926.8042 3162.4422 0.0012 -0.001 0.0034 13.0225 11.8068 14.2382 
920000.0 1673.0 1150.2664 -900.2642 3200.7969 0.0013 -0.001 0.0035 13.0634 11.8248 14.302 
921000.0 1674.625 1172.0818 -883.916 3228.0795 0.0013 -0.001 0.0035 13.0718 11.7671 14.3764 
922000.0 1677.0 1205.147 -851.9894 3262.2834 0.0013 -0.0009 0.0035 13.0485 11.7548 14.3422 
923000.0 1679.375 1237.9918 -820.2335 3296.217 0.0013 -0.0009 0.0036 13.0792 11.7527 14.4058 
924000.0 1681.125 1262.6373 -798.76 3324.0345 0.0014 -0.0009 0.0036 13.0609 11.7666 14.3551 
925000.0 1682.625 1283.775 -783.1502 3350.7002 0.0014 -0.0008 0.0036 13.0769 11.7988 14.355 
926000.0 1684.125 1297.794 -776.9204 3372.5084 0.0014 -0.0008 0.0036 13.0495 11.8062 14.2928 
927000.0 1686.0 1321.2989 -761.4954 3404.0932 0.0014 -0.0008 0.0037 12.9486 11.6731 14.2242 
928000.0 1687.5 1336.8153 -745.1087 3418.7392 0.0014 -0.0008 0.0037 12.9048 11.5971 14.2124 
929000.0 1689.75 1363.363 -725.2393 3451.9653 0.0015 -0.0008 0.0037 12.8959 11.5338 14.258 
930000.0 1691.375 1382.7802 -701.5954 3467.1559 0.0015 -0.0008 0.0037 12.8614 11.5228 14.2 
931000.0 1693.0 1409.2479 -679.294 3497.7897 0.0015 -0.0007 0.0038 12.8788 11.5548 14.2027 
932000.0 1695.375 1438.6898 -651.4563 3528.8358 0.0015 -0.0007 0.0038 12.9078 11.5966 14.2189 
933000.0 1697.125 1462.3186 -630.4194 3555.0566 0.0016 -0.0007 0.0038 12.9052 11.6169 14.1936 
934000.0 1699.5 1489.8451 -605.8009 3585.4912 0.0016 -0.0006 0.0038 12.8825 11.586 14.179 
935000.0 1701.875 1520.4752 -571.4053 3612.3558 0.0016 -0.0006 0.0039 12.8996 11.655 14.1443 
936000.0 1703.75 1545.75 -553.5371 3645.0371 0.0017 -0.0006 0.0039 12.8494 11.6023 14.0965 
937000.0 1705.625 1569.4845 -530.1513 3669.1203 0.0017 -0.0006 0.0039 12.8781 11.6251 14.1311 
938000.0 1707.25 1587.3805 -510.4139 3685.1749 0.0017 -0.0005 0.0039 12.8167 11.5584 14.0751 
939000.0 1709.375 1609.146 -490.4021 3708.6941 0.0017 -0.0005 0.0039 12.7531 11.5631 13.9432 
940000.0 1711.625 1640.6798 -457.5127 3738.8722 0.0017 -0.0005 0.004 12.7139 11.5226 13.9051 
941000.0 1714.375 1676.187 -427.4404 3779.8144 0.0018 -0.0005 0.004 12.7736 11.5885 13.9588 
942000.0 1716.75 1710.9675 -400.3408 3822.2758 0.0018 -0.0004 0.0041 12.7919 11.6165 13.9672 
943000.0 1718.5 1733.3145 -376.6574 3843.2864 0.0018 -0.0004 0.0041 12.7704 11.5582 13.9826 
944000.0 1721.0 1764.2914 -345.211 3873.7937 0.0019 -0.0004 0.0041 12.7872 11.6272 13.9473 
945000.0 1723.25 1790.5101 -320.2209 3901.2412 0.0019 -0.0003 0.0041 12.7705 11.5876 13.9534 
946000.0 1725.5 1822.6716 -280.1596 3925.5029 0.0019 -0.0003 0.0041 12.8141 11.6591 13.9691 
947000.0 1727.625 1851.4316 -257.9206 3960.7839 0.002 -0.0003 0.0042 12.8067 11.6735 13.94 
948000.0 1730.0 1882.3271 -219.1536 3983.8079 0.002 -0.0002 0.0042 12.8536 11.8124 13.8948 
949000.0 1732.125 1909.7354 -189.2131 4008.6839 0.002 -0.0002 0.0042 12.8676 11.8781 13.8571 
950000.0 1734.25 1941.2668 -163.581 4046.1145 0.002 -0.0002 0.0043 12.9121 11.9561 13.8682 
951000.0 1736.0 1964.1332 -136.0974 4064.3639 0.0021 -0.0001 0.0043 12.9192 12.0003 13.8382 
952000.0 1737.75 1985.9154 -113.3237 4085.1545 0.0021 -0.0001 0.0043 12.9036 11.9967 13.8106 
953000.0 1739.375 2006.861 -96.3178 4110.0398 0.0021 -0.0001 0.0043 12.873 11.9969 13.7491 
954000.0 1741.0 2025.7069 -81.0869 4132.5007 0.0021 -0.0001 0.0043 12.8909 11.9911 13.7907 
955000.0 1743.125 2049.417 -66.2928 4165.1268 0.0021 -0.0001 0.0044 12.8481 11.9087 13.7875 
956000.0 1744.75 2073.5729 -50.1638 4197.3095 0.0022 -0.0001 0.0044 12.832 11.8217 13.8423 
957000.0 1746.5 2094.8524 -31.6159 4221.3207 0.0022 -0.0 0.0044 12.785 11.7236 13.8464 
958000.0 1748.875 2128.82 -2.8567 4260.4967 0.0022 -0.0 0.0044 12.8579 11.8141 13.9016 
959000.0 1750.375 2145.1217 14.5268 4275.7167 0.0022 0.0 0.0045 12.8311 11.7861 13.8762 
960000.0 1752.75 2173.8256 40.0709 4307.5803 0.0023 0.0 0.0045 12.8094 11.7464 13.8724 
961000.0 1754.625 2198.6439 60.9645 4336.3232 0.0023 0.0001 0.0045 12.7872 11.7349 13.8396 
962000.0 1756.125 2214.0142 69.6956 4358.3329 0.0023 0.0001 0.0045 12.7248 11.6453 13.8042 
963000.0 1757.875 2233.9942 80.763 4387.2255 0.0023 0.0001 0.0046 12.7031 11.6482 13.758 
964000.0 1759.75 2260.6402 103.0366 4418.2439 0.0023 0.0001 0.0046 12.694 11.6191 13.7689 
965000.0 1762.375 2293.4129 134.03 4452.7957 0.0024 0.0001 0.0046 12.6806 11.6338 13.7274 
966000.0 1764.125 2311.5 150.1524 4472.8476 0.0024 0.0002 0.0046 12.5955 11.4766 13.7144 
967000.0 1766.25 2336.7112 172.0227 4501.3998 0.0024 0.0002 0.0047 12.5761 11.4319 13.7203 
968000.0 1767.875 2356.2167 189.8877 4522.5458 0.0024 0.0002 0.0047 12.5823 11.4694 13.6951 
969000.0 1769.875 2381.3078 217.0923 4545.5232 0.0025 0.0002 0.0047 12.5689 11.4832 13.6546 
970000.0 1772.125 2413.4029 237.7051 4589.1007 0.0025 0.0002 0.0047 12.5839 11.4007 13.7671 
971000.0 1774.125 2440.8572 262.2943 4619.4202 0.0025 0.0003 0.0048 12.5861 11.4118 13.7605 
972000.0 1775.875 2459.2084 272.6335 4645.7833 0.0025 0.0003 0.0048 12.5878 11.3944 13.7811 
973000.0 1778.125 2484.8219 303.3458 4666.298 0.0026 0.0003 0.0048 12.5415 11.3502 13.7328 
974000.0 1780.0 2507.5776 322.7129 4692.4424 0.0026 0.0003 0.0048 12.5443 11.3041 13.7844 
975000.0 1781.75 2536.5318 351.2632 4721.8003 0.0026 0.0004 0.0048 12.6215 11.4128 13.8302 
976000.0 1783.875 2561.15 380.1695 4742.1305 0.0026 0.0004 0.0049 12.6098 11.4216 13.7979 
977000.0 1786.0 2590.5474 409.7345 4771.3603 0.0027 0.0004 0.0049 12.6337 11.4823 13.7852 
978000.0 1787.875 2610.074 428.7736 4791.3744 0.0027 0.0004 0.0049 12.64 11.4698 13.8102 
979000.0 1789.5 2632.7779 449.9839 4815.5719 0.0027 0.0005 0.0049 12.6285 11.4503 13.8067 
980000.0 1791.75 2660.801 487.362 4834.24 0.0027 0.0005 0.0049 12.6538 11.5116 13.7959 
981000.0 1793.25 2679.0836 506.4597 4851.7075 0.0027 0.0005 0.0049 12.6725 11.5428 13.8022 
982000.0 1795.25 2704.0469 521.9168 4886.177 0.0028 0.0005 0.005 12.6401 11.4953 13.7849 
983000.0 1796.875 2725.6412 535.5458 4915.7367 0.0028 0.0005 0.005 12.6319 11.4595 13.8043 
984000.0 1799.125 2750.7535 564.1023 4937.4047 0.0028 0.0006 0.005 12.5629 11.282 13.8437 
985000.0 1800.5 2768.5826 575.365 4961.8002 0.0028 0.0006 0.005 12.5692 11.2387 13.8998 
986000.0 1802.375 2792.035 596.5992 4987.4708 0.0028 0.0006 0.0051 12.5522 11.1663 13.9382 
987000.0 1803.875 2813.1072 618.443 5007.7715 0.0029 0.0006 0.0051 12.5725 11.205 13.94 
988000.0 1805.5 2833.3625 642.5183 5024.2067 0.0029 0.0007 0.0051 12.6011 11.2652 13.937 
989000.0 1807.875 2862.0207 662.6523 5061.3892 0.0029 0.0007 0.0051 12.5696 11.1861 13.9532 
990000.0 1809.625 2882.6014 686.6806 5078.5222 0.0029 0.0007 0.0051 12.5462 11.1219 13.9706 
991000.0 1811.375 2902.6533 696.0732 5109.2333 0.0029 0.0007 0.0052 12.5278 11.0493 14.0062 
992000.0 1813.5 2923.131 716.129 5130.133 0.0029 0.0007 0.0052 12.4369 10.8999 13.9739 
993000.0 1815.75 2957.0031 737.3739 5176.6324 0.003 0.0007 0.0052 12.482 10.8468 14.1172 
994000.0 1817.5 2980.2032 750.2127 5210.1938 0.003 0.0008 0.0052 12.475 10.786 14.164 
995000.0 1819.375 3002.7206 765.1157 5240.3255 0.003 0.0008 0.0053 12.4748 10.6846 14.2649 
996000.0 1820.75 3021.5201 781.6859 5261.3543 0.003 0.0008 0.0053 12.4644 10.6839 14.2449 
997000.0 1822.875 3050.208 800.8011 5299.6149 0.0031 0.0008 0.0053 12.4709 10.592 14.3498 
998000.0 1824.375 3067.6474 816.282 5319.0128 0.0031 0.0008 0.0053 12.4316 10.4856 14.3776 
999000.0 1826.0 3087.2965 836.5534 5338.0396 0.0031 0.0008 0.0053 12.376 10.4644 14.2876 
1000000.0 1827.875 3107.4619 852.7134 5362.2103 0.0031 0.0009 0.0054 12.3716 10.4027 14.3406 
