1000 10 17.552 -87.99 -1.664 0.0339 0 0 0 
2000 21 32.533 -252.381 -4.324 0.0575 0 0 0 
3000 30 45.055 -388.209 -5.987 0.0779 0 0 0 
4000 42 52.418 -502.056 -6.767 0.0885 0 0 0 
5000 54 60.384 -596.491 -7.061 0.1002 0 0 0 
6000 65 65.874 -754.808 -8.567 0.1152 0 0 0 
7000 76 71.25 -864.865 -8.775 0.1308 0 0 0 
8000 87 75.081 -979.688 -9.107 0.1393 0 0 0 
9000 98 78.895 -1106.138 -9.664 0.1443 0 0 0 
10000 110 79.719 -1180.759 -8.925 0.1422 0 0 0 
11000 120 82.238 -1295.707 -8.928 0.1455 0 0 0 
12000 131 84.597 -1425.101 -9.755 0.1471 0 0 0 
13000 142 86.233 -1525.069 -9.657 0.151 0 0 0 
14000 153 87.294 -1679.909 -10.711 0.1524 0 0 0 
15000 164 87.949 -1767.314 -10.078 0.1519 0 0 0 
16000 176 86.809 -1820.842 -8.885 0.1484 0 0 0 
17000 187 86.856 -1940.518 -9.108 0.1612 0 0 0 
18000 197 88.367 -2056.888 -9.714 0.168 0 0 0 
19000 208 90.223 -2153.478 -9.614 0.1673 0 0 0 
20000 220 89.098 -2248.16 -9.237 0.1628 0 0 0 
21000 231 89.302 -2362.47 -9.437 0.1626 0 0 0 
22000 241 89.797 -2499.624 -9.867 0.1629 0 0 0 
23000 253 89.757 -2596.147 -9.789 0.1598 0 0 0 
24000 263 90.455 -2751.111 -10.476 0.1586 0 0 0 
25000 273 92.348 -2908.644 -11.59 0.1744 0 0 0 
26000 284 92.735 -3033.102 -11.613 0.1735 0 0 0 
27000 295 92.982 -3142.434 -11.414 0.1715 0 0 0 
28000 305 93.229 -3266.735 -11.624 0.1709 0 0 0 
29000 316 93.788 -3356.224 -10.955 0.171 0 0 0 
30000 326 94.287 -3435.026 -10.227 0.1703 0 0 0 
31000 336 95.626 -3565.601 -10.879 0.172 0 0 0 
32000 347 94.102 -3676.373 -10.607 0.1692 0 0 0 
33000 359 92.998 -3777.229 -10.257 0.1667 0 0 0 
34000 371 90.28 -3883.719 -9.745 0.1631 0 0 0 
35000 381 92.15 -4010.352 -10.407 0.1626 0 0 0 
36000 393 89.268 -4127.395 -9.892 0.158 0 0 0 
37000 405 89.191 -4220.608 -9.799 0.1595 0 0 0 
38000 415 91.208 -4380.488 -10.973 0.1614 0 0 0 
39000 426 90.03 -4499.763 -10.484 0.1576 0 0 0 
40000 437 91.589 -4644.171 -11.411 0.1595 0 0 0 
41000 448 91.645 -4782.561 -11.677 0.1587 0 0 0 
42000 458 91.97 -4952.788 -12.455 0.16 0 0 0 
43000 469 91.785 -5086.606 -12.44 0.1607 0 0 0 
44000 481 91.114 -5186.273 -11.697 0.1659 0 0 0 
45000 491 91.588 -5306.141 -11.699 0.1627 0 0 0 
46000 503 90.248 -5423.451 -11.264 0.1569 0 0 0 
47000 513 92.384 -5525.845 -11.239 0.1587 0 0 0 
48000 525 90.641 -5657.903 -11.144 0.1587 0 0 0 
49000 537 88.941 -5776.492 -10.822 0.1553 0 0 0 
50000 546 91.652 -5879.148 -10.703 0.1587 0 0 0 
51000 556 93.385 -5970.459 -10.603 0.1738 0 0 0 
52000 567 92.12 -6029.949 -9.345 0.1674 0 0 0 
53000 578 93.767 -6163.466 -10.148 0.1669 0 0 0 
54000 589 92.984 -6288.854 -10.412 0.1624 0 0 0 
55000 599 93.324 -6377.437 -9.938 0.1622 0 0 0 
56000 610 91.995 -6474.809 -9.9 0.1575 0 0 0 
57000 621 93.727 -6546.762 -9.243 0.1585 0 0 0 
58000 631 93.522 -6608.76 -8.569 0.1574 0 0 0 
59000 644 90.9 -6742.567 -9.057 0.1521 0 0 0 
60000 653 92.46 -6819.668 -8.767 0.1562 0 0 0 
61000 663 93.948 -6908.474 -8.708 0.1589 0 0 0 
62000 676 91.626 -7001.683 -8.697 0.1533 0 0 0 
63000 687 91.374 -7082.388 -8.383 0.1576 0 0 0 
64000 699 88.523 -7156.723 -7.733 0.1552 0 0 0 
65000 711 88.119 -7224.025 -7.47 0.1531 0 0 0 
66000 723 87.359 -7348.633 -8.159 0.1498 0 0 0 
67000 734 87.635 -7466.822 -8.66 0.149 0 0 0 
68000 744 90.509 -7542.571 -8.561 0.1524 0 0 0 
69000 754 91.891 -7664.676 -9.142 0.1558 0 0 0 
70000 766 90.434 -7768.447 -9.058 0.1524 0 0 0 
71000 777 90.493 -7846.753 -8.661 0.1524 0 0 0 
72000 786 92.38 -7970.133 -9.364 0.1573 0 0 0 
73000 797 92.802 -8096.604 -9.9 0.1583 0 0 0 
74000 807 94.312 -8242.892 -10.718 0.1606 0 0 0 
75000 817 95.445 -8356.73 -10.882 0.1695 0 0 0 
76000 828 94.732 -8440.403 -10.168 0.1691 0 0 0 
77000 839 93.018 -8588.512 -10.868 0.1642 0 0 0 
78000 850 92.986 -8763.963 -11.801 0.1626 0 0 0 
79000 861 92.288 -8827.492 -10.567 0.1599 0 0 0 
80000 874 89.818 -8922.791 -9.976 0.1544 0 0 0 
81000 885 89.537 -9031.804 -9.906 0.1532 0 0 0 
82000 896 89.821 -9133.23 -9.685 0.1531 0 0 0 
83000 906 90.891 -9259.392 -10.115 0.1546 0 0 0 
84000 917 91.31 -9374.977 -10.305 0.1547 0 0 0 
85000 926 94.681 -9484.079 -10.585 0.1599 0 0 0 
86000 936 95.354 -9635.784 -11.35 0.1638 0 0 0 
87000 948 93.028 -9757.786 -11.258 0.1598 0 0 0 
88000 959 93.184 -9805.238 -9.823 0.1589 0 0 0 
89000 970 92.038 -9946.24 -10.195 0.1555 0 0 0 
90000 981 91.931 -10059.083 -10.382 0.1539 0 0 0 
91000 992 92.28 -10136.678 -9.689 0.1533 0 0 0 
92000 1003 91.191 -10296.968 -10.662 0.1507 0 0 0 
93000 1016 88.54 -10417.343 -10.38 0.1462 0 0 0 
94000 1027 89.28 -10506.521 -9.992 0.147 0 0 0 
95000 1037 91.367 -10627.879 -10.424 0.1506 0 0 0 
96000 1047 91.801 -10739.516 -10.562 0.1566 0 0 0 
97000 1058 92.41 -10884.776 -11.138 0.1615 0 0 0 
98000 1065 92.626 -10922.937 -10.497 0.1615 0 0 0 
99000 1070 109.142 -10967.793 -10.264 0.2076 0 0 0 
100000 1082 103.132 -11020.9 -8.882 0.2019 0 0 0 
101000 1093 101.207 -11105.838 -8.668 0.2057 0 0 0 
102000 1103 100.106 -11217.669 -9.103 0.2163 0 0 0 
103000 1114 98.789 -11325.294 -9.304 0.21 0 0 0 
104000 1124 97.855 -11441.828 -9.634 0.2041 0 0 0 
105000 1135 96.118 -11537.422 -9.533 0.1971 0 0 0 
106000 1147 94.514 -11586.613 -8.317 0.1927 0 0 0 
107000 1157 94.461 -11692.08 -8.553 0.1903 0 0 0 
108000 1169 93.572 -11751.089 -8.031 0.1895 0 0 0 
109000 1181 90.411 -11846.335 -7.901 0.1823 0 0 0 
110000 1192 91.55 -11942.229 -8.234 0.1829 0 0 0 
111000 1203 90.251 -12039.702 -8.228 0.1787 0 0 0 
112000 1215 89.0 -12111.951 -7.794 0.1732 0 0 0 
113000 1227 88.901 -12211.768 -8.007 0.1687 0 0 0 
114000 1237 89.694 -12339.251 -8.832 0.17 0 0 0 
115000 1249 88.606 -12405.909 -8.093 0.1657 0 0 0 
116000 1259 90.161 -12498.225 -8.053 0.1662 0 0 0 
117000 1271 89.714 -12625.738 -8.804 0.1636 0 0 0 
118000 1280 93.297 -12749.528 -9.586 0.1714 0 0 0 
119000 1290 93.048 -12848.668 -9.515 0.168 0 0 0 
120000 1300 95.655 -12997.101 -10.706 0.1696 0 0 0 
121000 1309 96.504 -13054.12 -9.963 0.1695 0 0 0 
122000 1321 94.928 -13168.719 -9.953 0.1647 0 0 0 
123000 1332 93.594 -13296.467 -10.138 0.1709 0 0 0 
124000 1343 94.365 -13436.998 -10.711 0.1687 0 0 0 
125000 1353 93.521 -13524.52 -9.783 0.1865 0 0 0 
126000 1364 94.61 -13609.784 -9.902 0.2332 0 0 0 
127000 1374 96.058 -13702.826 -9.86 0.249 0 0 0 
128000 1384 96.849 -13790.686 -9.651 0.2486 0 0 0 
129000 1394 96.504 -13927.337 -10.432 0.2675 0 0 0 
130000 1405 95.74 -14002.578 -9.639 0.261 0 0 0 
131000 1417 93.578 -14127.007 -9.915 0.2573 0 0 0 
132000 1428 92.471 -14233.962 -9.904 0.2441 0 0 0 
133000 1439 92.767 -14328.144 -9.622 0.232 0 0 0 
134000 1450 91.589 -14420.753 -9.314 0.2195 0 0 0 
135000 1461 91.517 -14627.354 -11.086 0.2148 0 0 0 
136000 1471 92.268 -14742.948 -11.207 0.2113 0 0 0 
137000 1483 91.337 -14837.072 -10.406 0.207 0 0 0 
138000 1494 90.181 -14959.079 -10.39 0.1995 0 0 0 
139000 1504 92.11 -15046.18 -10.15 0.199 0 0 0 
140000 1515 92.08 -15116.195 -9.282 0.1973 0 0 0 
141000 1526 92.04 -15239.441 -9.823 0.1922 0 0 0 
142000 1537 91.596 -15311.049 -9.235 0.1835 0 0 0 
143000 1549 89.942 -15420.944 -9.106 0.175 0 0 0 
144000 1560 91.196 -15534.929 -9.401 0.1719 0 0 0 
145000 1570 93.186 -15675.94 -10.408 0.1714 0 0 0 
146000 1580 93.421 -15824.089 -11.055 0.1686 0 0 0 
147000 1591 93.208 -15920.85 -10.841 0.1671 0 0 0 
148000 1602 92.466 -16008.349 -10.243 0.174 0 0 0 
149000 1612 93.394 -16107.994 -10.189 0.1852 0 0 0 
150000 1624 92.284 -16252.211 -10.686 0.1987 0 0 0 
151000 1634 92.293 -16387.197 -10.776 0.2494 0 0 0 
152000 1646 91.652 -16496.412 -10.716 0.2634 0 0 0 
153000 1658 89.949 -16588.377 -10.122 0.2455 0 0 0 
154000 1668 91.506 -16702.19 -10.343 0.3497 0 0 0 
155000 1679 90.97 -16810.014 -10.249 0.3232 0 0 0 
156000 1691 89.657 -16914.775 -9.845 0.2933 0 0 0 
157000 1701 90.509 -17067.13 -10.613 0.2759 0 0 0 
158000 1712 90.846 -17193.464 -10.826 0.2652 0 0 0 
159000 1724 89.887 -17287.313 -10.286 0.2546 0 0 0 
160000 1735 90.107 -17338.205 -9.149 0.2397 0 0 0 
161000 1746 89.2 -17453.581 -9.332 0.2295 0 0 0 
162000 1758 88.255 -17574.049 -9.525 0.2201 0 0 0 
163000 1770 87.919 -17676.307 -9.395 0.2045 0 0 0 
164000 1780 88.644 -17800.587 -9.647 0.1967 0 0 0 
165000 1793 87.037 -17900.572 -9.39 0.1848 0 0 0 
166000 1804 87.933 -17975.685 -8.859 0.1798 0 0 0 
167000 1815 88.114 -18133.089 -9.933 0.1854 0 0 0 
168000 1825 90.0 -18228.795 -9.935 0.1934 0 0 0 
169000 1837 89.666 -18346.199 -9.952 0.1846 0 0 0 
170000 1849 88.316 -18495.994 -10.439 0.1745 0 0 0 
171000 1860 88.724 -18579.683 -9.91 0.1703 0 0 0 
172000 1870 88.85 -18676.919 -9.671 0.1659 0 0 0 
173000 1882 88.547 -18815.803 -10.067 0.1617 0 0 0 
174000 1893 88.263 -18866.289 -8.951 0.1578 0 0 0 
175000 1903 90.52 -18979.587 -9.205 0.1598 0 0 0 
176000 1915 90.078 -19086.927 -9.34 0.1579 0 0 0 
177000 1925 90.911 -19171.332 -9.143 0.1584 0 0 0 
178000 1935 93.456 -19265.271 -9.269 0.1617 0 0 0 
179000 1946 93.087 -19366.531 -9.335 0.1613 0 0 0 
180000 1957 92.578 -19482.946 -9.519 0.1589 0 0 0 
