1000 13 17.751 -290.172 -5.187 0.025 0 0 0 
2000 26 31.564 -548.855 -8.653 0.0427 0 0 0 
3000 40 41.189 -866.395 -12.144 0.0579 0 0 0 
4000 52 49.665 -1213.024 -15.577 0.066 0 0 0 
5000 65 55.322 -1490.041 -16.902 0.0716 0 0 0 
6000 79 60.418 -1816.885 -18.713 0.0791 0 0 0 
7000 91 64.812 -2078.123 -19.201 0.0809 0 0 0 
8000 103 68.357 -2415.53 -20.987 0.0815 0 0 0 
9000 116 71.082 -2724.311 -21.887 0.0816 0 0 0 
10000 129 72.086 -3078.275 -22.982 0.0809 0 0 0 
11000 142 73.523 -3356.526 -22.655 0.083 0 0 0 
12000 154 75.653 -3593.824 -21.992 0.0844 0 0 0 
13000 168 74.993 -3933.549 -22.494 0.0825 0 0 0 
14000 180 75.606 -4226.52 -22.726 0.0825 0 0 0 
15000 193 76.789 -4529.202 -23.033 0.0835 0 0 0 
16000 206 76.574 -4819.63 -22.923 0.0826 0 0 0 
17000 218 78.527 -5066.78 -22.264 0.1158 0 0 0 
18000 228 81.443 -5236.769 -21.147 0.1618 0 0 0 
19000 240 81.93 -5307.669 -18.133 0.1965 0 0 0 
20000 253 81.688 -5353.805 -14.661 0.2232 0 0 0 
21000 263 84.554 -5371.797 -12.29 0.2521 0 0 0 
22000 271 89.803 -5443.093 -11.615 0.285 0 0 0 
23000 279 93.822 -5519.524 -11.525 0.3112 0 0 0 
24000 287 100.92 -5566.884 -10.638 0.348 0 0 0 
25000 294 105.395 -5635.161 -10.378 0.3717 0 0 0 
26000 301 111.349 -5711.341 -10.58 0.4018 0 0 0 
27000 307 117.348 -5779.389 -10.623 0.4311 0 0 0 
28000 312 124.96 -5849.013 -10.938 0.467 0 0 0 
29000 316 134.817 -5897.564 -11.057 0.5125 0 0 0 
30000 319 141.555 -5940.848 -11.299 0.5426 0 0 0 
31000 325 148.955 -5994.079 -10.779 0.5798 0 0 0 
32000 329 153.99 -6026.571 -10.553 0.6033 0 0 0 
33000 332 165.861 -6088.917 -11.067 0.6579 0 0 0 
34000 337 167.238 -6143.284 -11.357 0.6652 0 0 0 
35000 343 169.947 -6235.388 -11.646 0.6776 0 0 0 
36000 349 168.158 -6299.551 -11.664 0.6705 0 0 0 
37000 355 168.823 -6353.733 -11.18 0.6742 0 0 0 
38000 361 168.86 -6443.115 -11.754 0.6752 0 0 0 
39000 366 170.786 -6524.975 -12.193 0.684 0 0 0 
40000 372 170.447 -6599.615 -12.194 0.6816 0 0 0 
41000 377 173.188 -6644.012 -12.011 0.694 0 0 0 
42000 381 177.543 -6710.495 -12.138 0.712 0 0 0 
43000 385 186.539 -6725.42 -11.549 0.7521 0 0 0 
44000 391 184.093 -6775.26 -11.239 0.7405 0 0 0 
45000 397 181.155 -6850.805 -11.314 0.7269 0 0 0 
46000 400 182.714 -6851.889 -10.91 0.7329 0 0 0 
47000 404 195.191 -6867.484 -10.129 0.7902 0 0 0 
48000 410 192.933 -6943.411 -10.415 0.7805 0 0 0 
49000 417 186.609 -7045.035 -11.103 0.7537 0 0 0 
50000 423 183.737 -7134.109 -11.394 0.7396 0 0 0 
51000 429 181.854 -7223.355 -11.777 0.7324 0 0 0 
52000 435 179.039 -7317.336 -12.473 0.7196 0 0 0 
53000 440 180.114 -7414.791 -12.961 0.7232 0 0 0 
54000 446 181.353 -7457.61 -12.494 0.7274 0 0 0 
55000 450 183.748 -7548.472 -13.126 0.7365 0 0 0 
56000 456 184.589 -7654.853 -13.744 0.7403 0 0 0 
57000 461 182.638 -7693.082 -13.04 0.731 0 0 0 
58000 467 183.766 -7779.764 -13.254 0.737 0 0 0 
59000 472 185.881 -7852.682 -13.409 0.7462 0 0 0 
60000 477 186.471 -7932.054 -13.616 0.7484 0 0 0 
61000 482 184.566 -7937.5 -12.439 0.7399 0 0 0 
62000 487 186.567 -8006.015 -12.421 0.7476 0 0 0 
63000 494 183.579 -7999.358 -10.868 0.7344 0 0 0 
64000 499 182.003 -8038.861 -10.546 0.7276 0 0 0 
65000 505 183.241 -8049.456 -9.495 0.7316 0 0 0 
66000 511 180.156 -8098.119 -9.543 0.7185 0 0 0 
67000 516 182.367 -8102.598 -8.583 0.7306 0 0 0 
68000 520 186.726 -8109.0 -8.107 0.7496 0 0 0 
69000 524 188.673 -8136.62 -7.974 0.758 0 0 0 
70000 526 202.997 -8170.088 -8.336 0.8336 0 0 0 
71000 529 213.886 -8181.261 -8.076 0.8841 0 0 0 
72000 530 229.608 -8195.324 -8.175 0.9878 0 0 0 
73000 531 239.556 -8211.833 -8.328 1.0469 0 0 0 
74000 533 252.366 -8236.223 -8.558 1.1063 0 0 0 
75000 534 264.979 -8256.611 -8.674 1.1806 0 0 0 
76000 536 278.451 -8270.268 -8.646 1.2591 0 0 0 
77000 537 286.622 -8280.522 -8.738 1.3015 0 0 0 
78000 538 299.41 -8306.13 -9.081 1.3794 0 0 0 
79000 540 313.773 -8306.706 -8.872 1.4666 0 0 0 
80000 542 320.559 -8316.441 -8.648 1.502 0 0 0 
81000 543 326.928 -8321.832 -8.562 1.528 0 0 0 
82000 544 340.389 -8327.808 -8.487 1.5907 0 0 0 
83000 545 353.581 -8342.966 -8.49 1.6772 0 0 0 
84000 547 368.148 -8369.879 -8.761 1.7448 0 0 0 
85000 548 376.045 -8369.718 -8.707 1.7819 0 0 0 
86000 549 388.524 -8362.128 -8.385 1.857 0 0 0 
87000 550 400.753 -8345.926 -7.808 1.9248 0 0 0 
88000 551 412.738 -8341.151 -7.59 1.9918 0 0 0 
89000 552 424.483 -8346.955 -7.506 2.0448 0 0 0 
90000 553 435.994 -8328.299 -7.125 2.1134 0 0 0 
91000 554 447.274 -8323.16 -6.749 2.1594 0 0 0 
92000 555 458.328 -8327.141 -6.689 2.2264 0 0 0 
93000 556 469.162 -8321.335 -6.525 2.2983 0 0 0 
94000 557 479.779 -8328.292 -6.458 2.348 0 0 0 
95000 558 490.183 -8329.928 -6.418 2.4286 0 0 0 
96000 559 500.379 -8323.906 -6.128 2.6173 0 0 0 
97000 560 510.372 -8311.0 -6.019 2.7406 0 0 0 
98000 561 520.164 -8302.346 -5.52 2.8654 0 0 0 
99000 562 529.761 -8293.269 -5.302 2.9426 0 0 0 
100000 563 539.166 -8291.139 -5.065 2.9819 0 0 0 
101000 564 548.383 -8284.08 -4.763 3.1041 0 0 0 
102000 565 557.415 -8267.485 -4.519 3.1735 0 0 0 
103000 566 566.267 -8256.192 -4.169 3.2476 0 0 0 
104000 567 574.941 -8253.098 -3.866 3.3032 0 0 0 
105000 569 578.074 -8236.912 -3.319 3.3427 0 0 0 
106000 570 586.512 -8225.982 -3.034 3.3901 0 0 0 
107000 571 589.162 -8207.535 -2.73 3.3979 0 0 0 
108000 573 588.689 -8194.553 -2.267 3.3673 0 0 0 
109000 574 596.915 -8183.038 -2.063 3.4155 0 0 0 
110000 575 604.977 -8171.512 -1.784 3.4495 0 0 0 
111000 576 612.877 -8169.509 -1.654 3.4939 0 0 0 
112000 577 620.62 -8164.883 -1.565 3.5299 0 0 0 
113000 578 628.207 -8152.825 -1.335 3.5757 0 0 0 
114000 579 635.643 -8142.873 -1.086 3.6328 0 0 0 
115000 580 642.93 -8131.556 -0.825 3.6687 0 0 0 
116000 581 650.072 -8121.763 -0.687 3.7214 0 0 0 
117000 582 657.07 -8105.766 -0.317 3.769 0 0 0 
118000 583 663.929 -8092.469 -0.018 3.8472 0 0 0 
119000 584 670.65 -8081.381 0.179 3.8911 0 0 0 
120000 585 677.237 -8071.106 0.453 3.9179 0 0 0 
121000 586 683.693 -8062.235 0.525 3.9743 0 0 0 
122000 587 690.019 -8050.484 0.712 4.0091 0 0 0 
123000 588 696.218 -8041.42 0.946 4.0374 0 0 0 
124000 589 702.294 -8035.443 1.134 4.0735 0 0 0 
125000 590 708.248 -8026.734 1.154 4.1409 0 0 0 
126000 591 714.083 -8018.072 1.363 4.1697 0 0 0 
127000 592 719.802 -8015.081 1.407 4.2276 0 0 0 
128000 593 725.406 -8008.881 1.508 4.2826 0 0 0 
129000 594 729.817 -7996.707 1.689 4.3162 0 0 0 
130000 595 735.221 -7989.535 1.861 4.3215 0 0 0 
131000 596 740.517 -7975.761 1.983 4.3447 0 0 0 
132000 597 741.746 -7969.89 2.097 4.3463 0 0 0 
133000 598 739.411 -7958.58 2.193 4.3144 0 0 0 
134000 599 744.623 -7946.265 2.365 4.3403 0 0 0 
135000 600 749.731 -7937.369 2.55 4.3594 0 0 0 
136000 603 729.125 -7919.891 2.798 4.2246 0 0 0 
137000 604 734.542 -7919.987 2.854 4.2547 0 0 0 
138000 606 720.197 -7920.045 2.776 4.1626 0 0 0 
139000 607 725.793 -7913.378 2.66 4.2011 0 0 0 
140000 608 731.277 -7903.759 2.773 4.2133 0 0 0 
141000 609 736.652 -7903.197 2.965 4.2384 0 0 0 
142000 610 741.919 -7896.955 2.81 4.2758 0 0 0 
143000 611 747.08 -7893.649 2.851 4.2991 0 0 0 
144000 612 752.139 -7881.418 3.072 4.3293 0 0 0 
145000 613 757.096 -7882.971 3.102 4.3399 0 0 0 
146000 614 761.954 -7871.866 3.045 4.3636 0 0 0 
147000 615 766.715 -7867.716 3.188 4.4077 0 0 0 
148000 616 771.381 -7866.459 3.208 4.4403 0 0 0 
149000 617 775.953 -7861.523 3.178 4.4652 0 0 0 
150000 618 780.434 -7853.628 3.248 4.4897 0 0 0 
151000 619 784.825 -7843.272 3.364 4.5138 0 0 0 
152000 620 789.129 -7838.376 3.497 4.5409 0 0 0 
153000 621 793.346 -7841.573 3.476 4.6464 0 0 0 
154000 624 778.631 -7819.886 3.702 4.6239 0 0 0 
155000 625 769.798 -7802.377 3.892 4.57 0 0 0 
156000 626 774.402 -7798.533 3.79 4.633 0 0 0 
157000 627 778.914 -7788.056 3.865 4.6463 0 0 0 
158000 629 770.029 -7776.58 4.134 4.5669 0 0 0 
159000 630 774.629 -7762.442 4.09 4.585 0 0 0 
160000 632 775.594 -7756.005 4.283 4.5814 0 0 0 
161000 633 779.682 -7757.286 4.154 4.6183 0 0 0 
162000 634 784.088 -7755.346 4.051 4.654 0 0 0 
163000 635 776.646 -7740.953 4.152 4.5962 0 0 0 
164000 636 781.113 -7730.567 4.244 4.6531 0 0 0 
165000 637 785.491 -7738.884 4.296 4.6889 0 0 0 
166000 638 789.781 -7744.812 4.089 4.699 0 0 0 
167000 639 793.486 -7763.725 3.55 4.7205 0 0 0 
168000 640 797.616 -7763.366 3.4 4.7383 0 0 0 
169000 641 801.664 -7770.435 3.256 4.7374 0 0 0 
170000 642 805.63 -7773.574 3.126 4.7432 0 0 0 
171000 644 804.907 -7763.646 3.181 4.7076 0 0 0 
172000 645 806.649 -7763.127 3.083 4.7183 0 0 0 
173000 646 810.516 -7752.715 3.153 4.8238 0 0 0 
174000 647 814.306 -7750.327 3.278 4.9131 0 0 0 
175000 648 818.02 -7746.928 3.273 4.9504 0 0 0 
176000 649 816.799 -7745.95 3.211 4.9435 0 0 0 
177000 650 813.183 -7753.806 3.125 4.9274 0 0 0 
178000 651 816.92 -7756.642 2.983 5.0249 0 0 0 
179000 653 819.85 -7750.764 2.88 5.107 0 0 0 
180000 655 806.269 -7742.064 2.887 5.0591 0 0 0 
181000 656 792.784 -7732.807 2.991 4.9904 0 0 0 
182000 661 751.333 -7716.233 3.015 4.7299 0 0 0 
183000 664 718.39 -7736.501 2.646 4.5019 0 0 0 
184000 668 687.197 -7742.856 2.207 4.2835 0 0 0 
185000 669 693.453 -7745.376 2.065 4.3126 0 0 0 
186000 670 699.584 -7745.747 2.053 4.3297 0 0 0 
187000 671 705.592 -7737.218 2.102 4.3454 0 0 0 
188000 673 698.815 -7721.785 2.275 4.2814 0 0 0 
189000 674 704.838 -7702.874 2.641 4.3181 0 0 0 
190000 676 697.847 -7707.757 2.432 4.2869 0 0 0 
191000 678 691.512 -7710.914 2.317 4.2956 0 0 0 
192000 679 697.682 -7717.671 2.209 4.4165 0 0 0 
193000 680 685.408 -7711.413 2.202 4.3349 0 0 0 
194000 688 617.056 -7719.454 1.781 3.8597 0 0 0 
195000 694 566.718 -7764.673 0.834 3.5109 0 0 0 
196000 703 490.547 -7827.918 -0.335 3.0021 0 0 0 
197000 708 457.033 -7885.845 -1.028 2.769 0 0 0 
198000 712 442.635 -7962.672 -3.064 2.6493 0 0 0 
199000 715 429.723 -7957.41 -2.914 2.5479 0 0 0 
200000 717 436.646 -7955.048 -2.515 2.5732 0 0 0 
201000 722 418.285 -7967.883 -2.626 2.4354 0 0 0 
202000 723 429.919 -7954.971 -2.314 2.5062 0 0 0 
203000 724 441.321 -7946.876 -2.104 2.566 0 0 0 
204000 725 436.214 -7927.504 -1.918 2.5317 0 0 0 
205000 726 447.49 -7922.398 -1.571 2.5766 0 0 0 
206000 727 458.54 -7914.11 -1.453 2.6386 0 0 0 
207000 730 461.705 -7961.568 -2.306 2.6537 0 0 0 
208000 732 467.461 -7952.08 -1.83 2.7179 0 0 0 
209000 734 462.877 -7951.887 -1.894 2.6918 0 0 0 
210000 737 463.51 -7939.697 -1.465 2.7085 0 0 0 
211000 738 474.24 -7923.778 -1.123 2.7955 0 0 0 
212000 742 455.827 -7936.826 -1.255 2.6717 0 0 0 
213000 745 443.873 -7942.553 -1.383 2.5968 0 0 0 
214000 747 450.176 -7938.465 -1.27 2.6573 0 0 0 
215000 750 439.936 -7957.743 -1.435 2.5905 0 0 0 
216000 753 438.421 -7991.44 -2.057 2.5774 0 0 0 
217000 756 432.446 -8009.34 -2.345 2.5216 0 0 0 
218000 757 441.697 -8022.873 -2.531 2.6441 0 0 0 
219000 761 427.628 -8030.79 -2.551 2.5321 0 0 0 
220000 765 412.039 -8046.898 -2.48 2.4129 0 0 0 
221000 769 400.787 -8053.728 -2.504 2.3242 0 0 0 
222000 772 396.0 -8064.964 -2.58 2.2867 0 0 0 
223000 776 383.401 -8056.195 -2.267 2.2124 0 0 0 
224000 780 374.298 -8068.645 -2.27 2.1516 0 0 0 
225000 781 384.312 -8053.959 -2.029 2.2437 0 0 0 
226000 784 384.757 -8042.428 -1.661 2.2276 0 0 0 
227000 786 380.962 -8032.444 -1.401 2.1955 0 0 0 
228000 789 386.36 -8019.972 -1.006 2.2608 0 0 0 
229000 790 384.313 -8005.164 -1.028 2.242 0 0 0 
230000 795 380.801 -7994.041 -0.447 2.1812 0 0 0 
231000 798 372.582 -7966.399 -0.097 2.1198 0 0 0 
232000 801 371.986 -7964.029 0.205 2.0935 0 0 0 
233000 804 367.859 -7951.86 0.535 2.0475 0 0 0 
234000 805 378.662 -7938.464 0.597 2.1241 0 0 0 
235000 807 387.602 -7967.298 0.129 2.1758 0 0 0 
236000 809 391.064 -7954.67 0.145 2.1849 0 0 0 
237000 813 380.154 -7951.482 0.32 2.0929 0 0 0 
238000 814 392.551 -7948.815 0.472 2.1551 0 0 0 
239000 815 404.7 -7942.434 0.514 2.2148 0 0 0 
240000 816 405.106 -7952.901 0.144 2.2071 0 0 0 
241000 817 417.004 -7947.496 0.28 2.2639 0 0 0 
242000 819 435.391 -7956.323 0.253 2.3425 0 0 0 
243000 823 420.349 -7964.861 0.072 2.2347 0 0 0 
244000 824 431.942 -7959.579 0.163 2.2854 0 0 0 
245000 825 443.303 -7958.594 0.169 2.332 0 0 0 
246000 828 435.772 -7946.935 0.313 2.2661 0 0 0 
247000 830 430.862 -7953.892 0.124 2.2257 0 0 0 
248000 832 443.599 -7937.92 0.52 2.2909 0 0 0 
249000 834 440.56 -7968.501 -0.168 2.2572 0 0 0 
250000 835 443.569 -7957.727 0.026 2.2623 0 0 0 
251000 838 450.657 -7943.205 0.456 2.2895 0 0 0 
252000 839 461.644 -7917.348 0.96 2.3383 0 0 0 
253000 840 472.411 -7911.738 1.048 2.3838 0 0 0 
254000 841 482.963 -7915.546 0.957 2.4442 0 0 0 
255000 842 492.984 -7914.182 0.959 2.5023 0 0 0 
256000 843 495.544 -7913.26 0.912 2.502 0 0 0 
257000 844 505.633 -7917.696 0.732 2.5561 0 0 0 
258000 845 515.52 -7911.116 0.814 2.6031 0 0 0 
259000 847 519.346 -7906.275 0.836 2.6168 0 0 0 
260000 848 521.199 -7899.178 1.143 2.6151 0 0 0 
261000 850 525.163 -7895.296 1.095 2.6301 0 0 0 
262000 852 519.828 -7890.615 1.189 2.5907 0 0 0 
263000 854 525.348 -7892.545 1.141 2.6069 0 0 0 
264000 855 534.841 -7895.532 1.051 2.6639 0 0 0 
265000 856 537.084 -7886.748 0.947 2.6632 0 0 0 
266000 858 545.593 -7876.317 1.323 2.6965 0 0 0 
267000 860 542.835 -7856.519 1.65 2.7359 0 0 0 
268000 862 537.422 -7834.693 2.114 2.7238 0 0 0 
269000 864 539.692 -7806.235 2.536 2.7287 0 0 0 
270000 865 548.898 -7801.645 2.569 2.8207 0 0 0 
271000 866 557.92 -7779.755 2.903 2.8717 0 0 0 
272000 867 565.222 -7769.054 3.015 2.9021 0 0 0 
273000 869 561.589 -7757.717 3.132 2.8796 0 0 0 
274000 871 563.91 -7775.106 2.8 2.9003 0 0 0 
275000 872 572.632 -7758.334 3.067 2.9424 0 0 0 
276000 873 567.219 -7745.698 3.115 2.907 0 0 0 
277000 875 566.477 -7740.652 3.069 2.9288 0 0 0 
278000 877 569.545 -7720.208 3.214 2.9423 0 0 0 
279000 878 578.154 -7719.638 3.405 2.9908 0 0 0 
280000 880 577.059 -7726.184 3.12 2.9836 0 0 0 
281000 881 585.518 -7715.734 3.23 3.0425 0 0 0 
282000 882 593.807 -7709.304 3.31 3.0898 0 0 0 
283000 884 590.771 -7713.418 3.191 3.0754 0 0 0 
284000 885 589.035 -7704.198 3.099 3.0631 0 0 0 
285000 886 597.255 -7694.343 3.286 3.1431 0 0 0 
286000 890 582.02 -7706.682 2.951 3.0925 0 0 0 
287000 891 590.38 -7711.285 2.855 3.2538 0 0 0 
288000 892 584.412 -7690.223 3.027 3.2636 0 0 0 
289000 895 582.169 -7683.157 3.073 3.3151 0 0 0 
290000 896 590.525 -7679.387 3.096 3.377 0 0 0 
291000 897 582.875 -7661.526 3.222 3.3269 0 0 0 
292000 899 589.953 -7633.278 3.707 3.4027 0 0 0 
293000 901 587.285 -7612.625 4.071 3.3827 0 0 0 
294000 902 588.979 -7597.926 4.169 3.3831 0 0 0 
295000 905 585.661 -7583.46 4.373 3.3501 0 0 0 
296000 906 589.748 -7567.005 4.54 3.3644 0 0 0 
297000 907 595.473 -7564.392 4.511 3.4057 0 0 0 
298000 908 593.104 -7558.983 4.481 3.384 0 0 0 
299000 910 604.637 -7562.751 4.258 3.4395 0 0 0 
300000 911 600.824 -7556.127 4.304 3.4085 0 0 0 
301000 913 602.271 -7538.444 4.386 3.4111 0 0 0 
302000 914 603.426 -7559.407 4.112 3.4085 0 0 0 
303000 915 611.357 -7552.244 4.033 3.4483 0 0 0 
304000 916 619.13 -7550.594 4.083 3.485 0 0 0 
305000 919 612.242 -7537.465 3.969 3.4222 0 0 0 
306000 920 619.997 -7531.608 4.059 3.4496 0 0 0 
307000 922 615.25 -7518.407 4.135 3.4308 0 0 0 
308000 923 622.945 -7520.217 4.046 3.5879 0 0 0 
309000 924 616.906 -7504.72 4.056 3.5613 0 0 0 
310000 926 625.636 -7500.044 4.178 3.6009 0 0 0 
311000 927 633.124 -7490.791 4.229 3.6524 0 0 0 
312000 928 628.421 -7481.354 4.347 3.6119 0 0 0 
313000 930 629.056 -7475.147 4.367 3.5983 0 0 0 
314000 933 621.812 -7465.487 4.36 3.5733 0 0 0 
315000 936 598.113 -7436.876 4.513 3.4393 0 0 0 
316000 938 600.828 -7436.198 4.497 3.4714 0 0 0 
317000 939 608.811 -7423.925 4.652 3.5327 0 0 0 
318000 940 616.635 -7420.669 4.624 3.6051 0 0 0 
319000 941 624.302 -7416.264 4.62 3.6271 0 0 0 
320000 942 625.756 -7406.813 4.556 3.6252 0 0 0 
321000 943 628.921 -7396.039 4.687 3.644 0 0 0 
322000 944 636.343 -7400.622 4.657 3.6749 0 0 0 
323000 945 643.616 -7394.664 4.545 3.7096 0 0 0 
324000 946 650.744 -7386.797 4.632 3.7734 0 0 0 
325000 947 657.729 -7383.814 4.522 3.8243 0 0 0 
326000 948 664.574 -7377.024 4.576 3.8706 0 0 0 
327000 949 671.283 -7372.824 4.602 3.9053 0 0 0 
328000 951 666.629 -7372.371 4.427 3.8767 0 0 0 
329000 953 659.229 -7365.744 4.225 3.8335 0 0 0 
330000 954 655.004 -7352.269 4.481 3.8017 0 0 0 
331000 956 652.986 -7336.244 4.781 3.7839 0 0 0 
332000 957 659.926 -7324.488 4.713 3.8202 0 0 0 
333000 961 641.307 -7295.667 5.123 3.6919 0 0 0 
334000 963 636.554 -7292.372 5.059 3.6339 0 0 0 
335000 965 621.334 -7283.778 4.735 3.5323 0 0 0 
336000 967 621.489 -7274.398 4.993 3.5221 0 0 0 
337000 968 614.939 -7259.859 5.013 3.4808 0 0 0 
338000 971 607.619 -7229.725 5.252 3.4402 0 0 0 
339000 974 599.849 -7214.17 5.436 3.3981 0 0 0 
340000 976 595.347 -7183.121 5.842 3.3767 0 0 0 
341000 978 580.78 -7151.74 6.116 3.293 0 0 0 
342000 982 565.114 -7118.303 6.388 3.1873 0 0 0 
343000 984 548.204 -7103.415 6.221 3.0821 0 0 0 
344000 987 542.992 -7072.912 6.568 3.0385 0 0 0 
345000 989 543.97 -7082.399 6.162 3.0325 0 0 0 
346000 990 553.09 -7063.463 6.322 3.0638 0 0 0 
347000 994 534.138 -7054.865 6.216 2.9414 0 0 0 
348000 995 527.135 -7051.81 5.967 2.8969 0 0 0 
349000 997 529.601 -7038.681 6.117 2.9148 0 0 0 
350000 999 532.069 -7028.34 5.953 2.9229 0 0 0 
351000 1001 531.776 -7015.25 6.088 2.9298 0 0 0 
352000 1002 535.96 -6988.859 6.174 2.9691 0 0 0 
353000 1004 534.473 -6966.901 6.397 2.9537 0 0 0 
354000 1005 543.784 -6956.653 6.632 2.9868 0 0 0 
355000 1008 541.955 -6949.308 6.45 3.0178 0 0 0 
356000 1010 530.133 -6926.053 6.548 2.9509 0 0 0 
357000 1012 530.14 -6906.86 6.648 2.9696 0 0 0 
358000 1013 539.537 -6904.418 6.73 3.0265 0 0 0 
359000 1014 541.767 -6892.953 6.712 3.0302 0 0 0 
360000 1015 550.931 -6883.07 6.757 3.084 0 0 0 
361000 1016 559.913 -6869.924 6.819 3.1287 0 0 0 
362000 1018 559.06 -6850.729 6.847 3.1108 0 0 0 
363000 1020 560.001 -6854.43 6.582 3.0979 0 0 0 
364000 1022 564.305 -6855.969 6.359 3.1405 0 0 0 
365000 1023 561.979 -6860.422 6.021 3.1442 0 0 0 
366000 1030 521.221 -6891.782 4.888 2.922 0 0 0 
367000 1036 475.596 -6936.81 3.215 2.645 0 0 0 
368000 1039 471.39 -6922.016 3.542 2.5992 0 0 0 
369000 1043 449.34 -6950.273 2.478 2.4529 0 0 0 
370000 1047 436.945 -6941.553 2.593 2.3632 0 0 0 
371000 1048 448.206 -6918.911 2.987 2.4156 0 0 0 
372000 1050 451.157 -6905.556 3.305 2.4159 0 0 0 
373000 1055 426.093 -6912.909 2.809 2.2545 0 0 0 
374000 1060 403.475 -6915.217 2.456 2.1093 0 0 0 
375000 1061 415.405 -6881.783 3.07 2.1622 0 0 0 
376000 1063 406.955 -6855.384 3.299 2.1075 0 0 0 
377000 1066 413.068 -6840.893 3.526 2.1275 0 0 0 
378000 1067 410.087 -6828.711 3.549 2.1058 0 0 0 
379000 1071 411.8 -6797.475 3.986 2.094 0 0 0 
380000 1076 395.338 -6770.497 4.247 2.0032 0 0 0 
381000 1079 388.071 -6746.554 4.325 1.951 0 0 0 
382000 1080 400.31 -6742.014 4.333 2.0128 0 0 0 
383000 1081 412.304 -6732.528 4.423 2.0654 0 0 0 
384000 1082 424.058 -6730.183 4.578 2.1179 0 0 0 
385000 1085 415.396 -6733.699 3.989 2.06 0 0 0 
386000 1087 421.666 -6716.335 4.162 2.1063 0 0 0 
387000 1088 433.233 -6702.35 4.388 2.1726 0 0 0 
388000 1089 444.568 -6687.027 4.651 2.2591 0 0 0 
389000 1090 455.677 -6674.266 4.842 2.367 0 0 0 
390000 1091 466.563 -6660.675 5.0 2.55 0 0 0 
391000 1092 477.232 -6643.825 5.218 2.7204 0 0 0 
