10000 626 16.414 749.065 1.23 0.0104 0.0 
20000 1249 15.854 1545.962 1.129 0.01 0.0 
30000 1858 16.577 2450.478 1.507 0.0104 0.0 
40000 2475 16.736 3432.786 1.414 0.0106 0.0 
50000 3069 16.616 4567.701 2.575 0.0105 0.0 
60000 3687 16.25 5591.956 2.017 0.0103 0.0 
70000 4301 15.775 6658.625 1.582 0.01 0.0 
80000 4915 16.766 7766.961 1.808 0.0106 0.0 
90000 5542 16.175 8814.483 1.755 0.0102 0.0 
100000 6155 16.301 10084.311 1.613 0.0103 0.0 
110000 6677 18.726 13681.693 8.527 0.0785 0.0 
120000 7092 25.552 20104.169 17.179 0.1092 0.0 
130000 7490 24.451 27422.702 18.008 0.1054 0.0 
140000 7916 23.087 34860.505 17.545 0.0994 0.0 
150000 8350 22.134 42114.248 16.475 0.0972 0.0 
160000 8711 29.91 49648.528 22.28 0.1308 0.0 
170000 9009 35.708 56963.305 25.468 0.1549 0.0 
180000 9264 36.934 63610.898 24.577 0.1568 0.0 
190000 9439 64.35 70191.744 41.414 0.2746 0.0 
200000 9541 100.491 76947.404 66.605 0.4249 0.0 
210000 9616 129.063 83290.286 81.64 0.5543 0.0 
220000 9650 218.864 88466.143 120.624 0.9281 0.0 
230000 9672 300.694 94414.132 173.15 1.2807 0.0 
240000 9704 303.554 100592.113 180.633 1.3045 0.0 
250000 9775 169.642 107930.413 115.843 0.7184 0.0 
260000 9851 132.261 115663.02 101.23 0.5997 0.0 
270000 9939 123.892 123582.981 95.456 0.5395 0.0 
280000 10016 132.048 131139.12 100.104 0.5738 0.0 
290000 10090 132.297 138753.425 100.776 0.5564 0.0 
300000 10168 126.579 146525.219 98.976 0.5412 0.0 
310000 10210 183.988 153982.514 140.002 0.7788 0.0 
320000 10240 245.831 161599.768 187.229 1.0341 0.0 
330000 10266 299.68 169151.962 227.034 1.2571 0.0 
340000 10286 374.815 177425.874 296.291 1.5764 0.0 
350000 10299 462.557 186094.817 379.272 1.9401 0.0 
360000 10313 517.626 194484.652 427.484 2.1775 0.0 
370000 10331 528.37 203215.718 444.421 2.2223 0.0 
380000 10348 551.173 211942.616 469.626 2.321 0.0 
390000 10361 596.094 220597.391 510.339 2.5149 0.0 
400000 10371 668.92 227368.424 543.645 2.8336 0.0 
410000 10383 706.449 235975.925 580.372 2.9939 0.0 
420000 10395 730.396 245184.373 615.395 3.0939 0.0 
430000 10410 729.481 254129.137 624.844 3.0921 0.0 
440000 10429 653.791 263757.663 576.753 2.7654 0.0 
450000 10445 645.935 274033.37 594.18 2.742 0.0 
460000 10456 688.701 284675.156 657.958 2.9251 0.0 
470000 10477 622.989 295420.306 617.117 2.6532 0.0 
480000 10490 646.65 306965.063 665.879 2.7493 0.0 
490000 10516 546.647 318406.455 583.286 2.3233 0.0 
500000 10540 500.967 330392.109 556.167 2.1208 0.0 
510000 10574 390.291 342101.903 439.847 1.6564 0.0 
520000 10635 227.427 352115.214 240.906 0.9708 0.0 
530000 10688 212.331 362721.473 227.397 0.9002 0.0 
540000 10718 275.155 374971.399 320.676 1.1756 0.0 
550000 10745 315.288 387741.128 384.4 1.3517 0.0 
560000 10764 365.574 400586.529 453.973 1.5649 0.0 
570000 10778 451.099 413978.56 576.633 1.918 0.0 
580000 10808 396.306 426142.504 497.136 1.6783 0.0 
590000 10825 443.875 439670.543 571.654 1.8777 0.0 
600000 10848 441.655 452629.216 570.98 1.8626 0.0 
610000 10864 500.34 466425.929 662.099 2.1029 0.0 
620000 10878 545.291 479360.03 715.723 2.2936 0.0 
630000 10892 583.712 493047.379 772.909 2.4525 0.0 
640000 10906 624.683 507326.853 847.141 2.626 0.0 
650000 10916 683.895 521729.498 944.849 2.8739 0.0 
660000 10928 720.365 535441.23 992.539 3.0332 0.0 
670000 10940 753.202 549739.392 1047.387 3.1784 0.0 
680000 10951 773.824 564244.981 1085.445 3.2648 0.0 
690000 10966 747.398 578469.142 1050.663 3.1521 0.0 
700000 10980 746.29 592260.185 1046.098 3.1526 0.0 
710000 10995 726.281 606943.575 1031.196 3.0707 0.0 
720000 11006 765.638 621887.175 1098.896 3.2244 0.0 
730000 11019 757.83 636043.669 1083.701 3.1934 0.0 
740000 11035 720.217 650537.123 1035.615 3.0266 0.0 
750000 11051 692.62 663741.139 974.016 2.9193 0.0 
760000 11064 715.445 678320.029 1015.809 3.0137 0.0 
770000 11074 751.689 693625.585 1083.889 3.1707 0.0 
780000 11086 771.012 709085.099 1132.669 3.2582 0.0 
790000 11098 783.575 724465.619 1163.266 3.3095 0.0 
800000 11112 769.981 739807.93 1151.776 3.2464 0.0 
810000 11132 686.32 754389.683 1019.637 2.888 0.0 
820000 11149 652.443 768871.089 963.407 2.7425 0.0 
830000 11162 679.51 783777.63 1005.613 2.8557 0.0 
840000 11172 736.028 798224.541 1082.486 3.1044 0.0 
850000 11184 759.641 813403.08 1125.848 3.2119 0.0 
860000 11195 776.543 829721.307 1175.897 3.282 0.0 
870000 11205 815.773 845105.235 1239.793 3.4346 0.0 
880000 11217 820.57 860632.461 1253.1 3.4501 0.0 
890000 11228 854.077 876531.749 1317.156 3.604 0.0 
900000 11239 851.383 892657.794 1323.012 3.6027 0.0 
910000 11254 804.64 909113.485 1265.91 3.3942 0.0 
920000 11268 785.012 925433.194 1245.086 3.3197 0.0 
930000 11280 794.834 942385.394 1281.187 3.3614 0.0 
940000 11295 768.294 958974.604 1247.389 3.2462 0.0 
950000 11311 718.285 975515.009 1170.213 3.0387 0.0 
960000 11327 701.718 992037.836 1148.391 2.9635 0.0 
970000 11342 690.786 1008092.794 1124.863 2.9041 0.0 
980000 11357 682.018 1023918.161 1101.798 2.8723 0.0 
990000 11369 714.674 1039682.304 1148.119 2.9896 0.0 
1000000 11380 755.694 1056705.347 1231.489 3.1624 0.0 
1010000 11390 800.385 1074075.534 1323.443 3.3521 0.0 
1020000 11400 836.9 1091278.238 1395.843 3.504 0.0 
1030000 11411 852.905 1108212.811 1427.684 3.5805 0.0 
1040000 11422 861.02 1124566.945 1432.828 3.6296 0.0 
1050000 11433 875.443 1141579.777 1464.367 3.686 0.0 
1060000 11445 869.007 1156639.74 1421.16 3.6727 0.0 
1070000 11458 836.965 1172993.995 1368.778 3.5432 0.0 
1080000 11470 832.276 1189338.235 1357.823 3.5199 0.0 
1090000 11485 797.927 1204139.08 1279.777 3.3741 0.0 
1100000 11496 820.178 1219223.667 1298.299 3.4701 0.0 
1110000 11506 840.971 1235420.563 1336.177 3.5596 0.0 
1120000 11520 821.598 1252261.454 1323.901 3.0539 0.0 
1130000 11531 837.942 1269506.547 1370.066 2.8036 0.0 
1140000 11542 842.951 1285891.002 1380.662 2.5893 0.0 
1150000 11554 842.803 1302828.333 1388.825 2.3945 0.0 
1160000 11567 821.258 1319753.486 1360.734 2.1882 0.0 
1170000 11581 800.884 1335844.506 1318.068 2.3784 0.0 
1180000 11596 767.794 1350634.951 1232.943 2.5072 0.0 
1190000 11609 762.985 1366866.082 1227.012 2.6623 0.0 
1200000 11621 773.886 1383120.844 1249.282 2.8315 0.0 
1210000 11642 679.922 1396587.501 1053.607 2.5969 0.0 
1220000 11664 590.503 1409927.776 879.699 2.3158 0.0 
1230000 11678 619.986 1424453.959 920.554 2.4879 0.0 
1240000 11696 608.448 1438691.193 893.45 2.4722 0.0 
1250000 11712 614.233 1452986.579 895.316 2.5302 0.0 
1260000 11732 578.431 1465058.337 801.448 2.4156 0.0 
1270000 11746 615.18 1474404.924 771.102 2.6029 0.0 
1280000 11757 668.297 1484247.342 790.263 2.8278 0.0 
1290000 11776 611.153 1495562.372 713.395 2.5911 0.0 
1300000 11795 588.495 1507893.56 697.287 2.4904 0.0 
1310000 11825 479.29 1520027.381 571.059 2.0274 0.0 
1320000 11859 398.864 1531536.71 470.511 1.6999 0.0 
1330000 11878 421.009 1542728.716 487.492 1.7963 0.0 
1340000 11905 404.766 1555406.347 486.622 1.6917 0.0 
1350000 11936 369.896 1563161.109 385.19 1.5636 0.0 
1360000 11955 409.205 1572273.072 406.991 1.7378 0.0 
1370000 11975 433.216 1585241.577 477.994 1.8254 0.0 
1380000 11993 473.013 1599539.264 572.616 1.9916 0.0 
1390000 12009 520.111 1614762.58 686.255 2.2012 0.0 
1400000 12027 530.951 1629462.769 726.405 2.2498 0.0 
1410000 12042 565.933 1643862.994 786.317 2.3974 0.0 
1420000 12060 555.173 1658956.464 790.553 2.3466 0.0 
1430000 12073 603.227 1674825.124 889.042 2.5509 0.0 
1440000 12084 661.011 1690940.376 998.699 2.8081 0.0 
1450000 12098 682.899 1707431.644 1056.942 2.8947 0.0 
1460000 12125 559.058 1722752.972 862.74 2.3725 0.0 
1470000 12140 591.736 1738051.898 911.759 2.506 0.0 
1480000 12151 649.654 1752375.812 981.209 2.7537 0.0 
1490000 12174 566.652 1766186.58 836.84 2.4058 0.0 
1500000 12198 521.777 1779017.241 736.58 2.2094 0.0 
1510000 12224 457.893 1789396.297 590.367 1.9414 0.0 
1520000 12247 450.016 1799790.301 539.791 1.9103 0.0 
1530000 12269 462.941 1810383.151 529.622 1.9739 0.0 
1540000 12306 353.96 1821775.067 400.203 1.5093 0.0 
1550000 12322 418.85 1834678.208 498.794 1.7971 0.0 
1560000 12334 514.093 1848402.604 645.404 2.2101 0.0 
1570000 12349 559.199 1861979.748 721.303 2.4046 0.0 
1580000 12362 596.702 1873620.438 745.265 2.5692 0.0 
1590000 12386 527.169 1885582.186 650.132 2.2769 0.0 
1600000 12415 448.887 1898121.861 558.857 1.9407 0.0 
1610000 12440 431.779 1911283.891 550.016 1.8693 0.0 
1620000 12481 347.988 1924597.731 454.954 1.4965 0.0 
1630000 12493 451.137 1939641.036 624.315 1.9276 0.0 
1640000 12503 551.539 1954447.112 781.558 2.3669 0.0 
1650000 12513 633.575 1969880.47 920.893 2.7306 0.0 
1660000 12527 653.354 1984244.944 947.171 2.8131 0.0 
1670000 12544 640.489 1997782.319 911.013 2.7457 0.0 
1680000 12562 608.191 2010559.574 839.788 2.5893 0.0 
1690000 12585 543.842 2023689.244 742.163 2.33 0.0 
1700000 12627 364.605 2037636.337 501.211 1.563 0.0 
1710000 12665 306.035 2050982.174 414.152 1.3062 0.0 
1720000 12691 332.533 2065261.581 460.809 1.436 0.0 
1730000 12705 428.73 2080088.784 611.72 1.8588 0.0 
1740000 12716 528.957 2094875.763 764.672 2.2864 0.0 
1750000 12733 541.676 2108396.984 769.24 2.3333 0.0 
1760000 12750 572.009 2123388.097 826.558 2.4601 0.0 
1770000 12765 577.799 2137773.387 832.226 2.4804 0.0 
1780000 12791 511.773 2151886.303 734.628 2.2 0.0 
1790000 12827 397.938 2166126.865 571.244 1.7141 0.0 
1800000 12862 335.927 2179072.963 460.422 1.4551 0.0 
1810000 12904 271.786 2191842.867 359.871 1.1785 0.0 
1820000 12947 248.191 2204540.971 321.344 1.0676 0.0 
1830000 12985 246.849 2218253.597 327.556 1.0576 0.0 
1840000 13020 273.826 2230923.714 352.284 1.1788 0.0 
1850000 13047 311.654 2244281.019 408.468 1.3379 0.0 
1860000 13076 323.801 2257358.408 422.306 1.39 0.0 
1870000 13111 303.523 2269237.34 377.31 1.303 0.0 
1880000 13141 313.923 2281345.288 385.716 1.3371 0.0 
1890000 13172 320.801 2293553.121 394.044 1.3662 0.0 
1900000 13206 303.886 2305319.205 363.868 1.3099 0.0 
1910000 13234 324.207 2317082.896 385.377 1.3962 0.0 
1920000 13255 377.297 2329467.897 456.843 1.6296 0.0 
1930000 13281 382.479 2341559.551 463.057 1.6622 0.0 
1940000 13300 424.851 2353262.948 507.086 1.8355 0.0 
1950000 13319 453.276 2365082.936 538.373 1.9521 0.0 
1960000 13342 439.92 2376048.811 506.673 1.8905 0.0 
1970000 13370 407.249 2386487.101 453.589 1.7499 0.0 
1980000 13409 320.056 2396408.991 339.929 1.3728 0.0 
1990000 13439 322.116 2407406.478 346.595 1.3871 0.0 
2000000 13462 374.496 2418267.535 405.956 1.6053 0.0 
2010000 13485 388.697 2428309.8 410.32 1.6595 0.0 
2020000 13514 371.8 2438737.492 390.684 1.5878 0.0 
2030000 13542 357.899 2449758.352 383.538 1.535 0.0 
2040000 13566 382.831 2460741.238 415.651 1.6447 0.0 
2050000 13587 409.791 2471923.089 449.734 1.7661 0.0 
2060000 13609 421.126 2482559.605 457.738 1.8219 0.0 
2070000 13627 466.064 2494184.89 519.078 2.0046 0.0 
2080000 13652 440.345 2505076.648 486.904 1.8867 0.0 
2090000 13691 342.203 2515781.102 373.442 1.4639 0.0 
2100000 13726 312.013 2526155.76 332.724 1.3393 0.0 
2110000 13750 354.613 2535966.941 364.227 1.5195 0.0 
2120000 13774 373.195 2545957.94 378.499 1.6024 0.0 
2130000 13792 423.929 2556372.976 434.84 1.8191 0.0 
2140000 13814 440.69 2568561.398 481.907 1.8908 0.0 
2150000 13843 400.806 2580552.394 455.164 1.7112 0.0 
2160000 13867 396.704 2592368.252 456.909 1.6832 0.0 
2170000 13898 366.871 2603931.551 422.809 1.558 0.0 
2180000 13931 341.872 2614431.483 376.117 1.4536 0.0 
2190000 13952 380.894 2624594.617 405.841 1.6264 0.0 
2200000 13981 367.215 2633727.447 369.415 1.5754 0.0 
2210000 14002 397.725 2643480.371 394.527 1.7168 0.0 
2220000 14019 444.574 2654179.561 454.19 1.937 0.0 
2230000 14039 464.199 2664743.555 479.374 2.0293 0.0 
2240000 14056 499.096 2674122.308 499.434 2.186 0.0 
2250000 14078 481.849 2683210.989 466.817 2.098 0.0 
2260000 14095 510.17 2692311.307 483.817 2.2323 0.0 
2270000 14118 469.03 2703088.785 460.324 2.0481 0.0 
2280000 14144 450.291 2713304.822 448.567 1.9736 0.0 
2290000 14163 475.004 2721802.05 449.879 2.0654 0.0 
2300000 14180 511.594 2730919.23 478.982 2.2226 0.0 
2310000 14218 374.497 2740769.375 356.881 1.6187 0.0 
2320000 14255 313.025 2751993.776 323.296 1.3476 0.0 
2330000 14277 369.6 2764332.322 415.74 1.5996 0.0 
2340000 14301 386.567 2776011.838 442.222 1.6751 0.0 
2350000 14318 437.747 2788741.362 520.69 1.8953 0.0 
2360000 14340 434.29 2801404.575 528.542 1.869 0.0 
2370000 14371 372.482 2811652.287 431.634 1.6008 0.0 
2380000 14404 342.577 2823207.095 397.127 1.4741 0.0 
2390000 14429 365.613 2835986.834 440.335 1.5613 0.0 
2400000 14443 445.701 2849839.273 566.155 1.9075 0.0 
2410000 14466 431.275 2863187.378 558.769 1.8537 0.0 
2420000 14501 367.886 2875337.967 463.782 1.5713 0.0 
2430000 14516 448.281 2887193.144 552.347 1.915 0.0 
2440000 14533 476.662 2900789.618 608.038 2.0387 0.0 
2450000 14557 451.425 2912780.34 567.102 1.9152 0.0 
2460000 14576 476.955 2923226.173 561.806 2.0398 0.0 
2470000 14593 515.293 2935990.645 623.21 2.2061 0.0 
2480000 14622 421.148 2946354.531 488.877 1.8145 0.0 
2490000 14639 483.337 2952573.885 461.902 2.097 0.0 
2500000 14660 472.838 2958637.319 397.304 2.0681 0.0 
2510000 14682 465.846 2963722.196 337.174 2.0429 0.0 
2520000 14699 510.116 2968459.521 323.88 2.2348 0.0 
2530000 14719 497.614 2976292.518 340.525 2.174 0.0 
2540000 14737 517.347 2986581.388 417.6 2.2556 0.0 
2550000 14767 416.199 2996991.998 365.202 1.8071 0.0 
2560000 14794 408.435 3007522.221 385.689 1.7773 0.0 
2570000 14829 350.623 3017171.981 334.895 1.5237 0.0 
2580000 14879 247.069 3026662.803 233.937 1.0771 0.0 
2590000 14910 273.525 3038775.761 297.446 1.1829 0.0 
2600000 14951 265.273 3050243.041 300.845 1.149 0.0 
2610000 14981 303.054 3062793.997 363.618 1.3071 0.0 
2620000 15005 353.622 3075592.008 437.913 1.5238 0.0 
2630000 15021 419.974 3089627.198 542.006 1.7951 0.0 
2640000 15037 480.247 3101828.216 609.533 2.0651 0.0 
2650000 15064 439.843 3114520.249 554.808 1.8829 0.0 
2660000 15080 493.168 3126002.184 609.666 2.1011 0.0 
2670000 15143 241.774 3135522.518 262.681 1.044 0.0 
2680000 15251 122.49 3142231.985 91.793 0.5466 0.0 
2690000 15290 199.755 3150366.798 164.171 0.8777 0.0 
2700000 15306 311.168 3163188.961 326.032 1.3464 0.0 
2710000 15333 333.812 3176457.937 392.494 1.4381 0.0 
2720000 15353 391.412 3189040.258 474.921 1.683 0.0 
2730000 15368 456.375 3201982.233 563.411 1.9612 0.0 
2740000 15386 482.937 3215355.145 610.256 2.0763 0.0 
2750000 15423 375.281 3223917.459 421.352 1.6138 0.0 
2760000 15471 273.534 3230221.786 245.545 1.1811 0.0 
2770000 15501 304.099 3238526.348 260.391 1.3091 0.0 
2780000 15519 362.222 3245573.194 290.365 1.5631 0.0 
2790000 15538 412.411 3250577.643 279.368 1.8128 0.0 
2800000 15555 471.673 3254989.308 277.623 2.0859 0.0 
2810000 15576 462.056 3260128.836 260.558 2.0404 0.0 
2820000 15604 423.372 3264576.993 219.595 1.8656 0.0 
2830000 15622 451.869 3268935.203 220.113 2.0069 0.0 
2840000 15639 491.497 3273665.882 238.88 2.1783 0.0 
2850000 15657 520.966 3278529.373 252.857 2.2966 0.0 
2860000 15683 469.897 3283491.84 229.966 2.0719 0.0 
2870000 15706 447.745 3289727.165 241.339 1.975 0.0 
2880000 15739 373.533 3296248.377 216.099 1.6564 0.0 
2890000 15773 338.033 3304026.874 228.426 1.4897 0.0 
2900000 15835 209.494 3313033.106 163.532 0.9217 0.0 
2910000 15858 292.66 3320825.213 229.615 1.2732 0.0 
2920000 15875 384.135 3330968.867 340.605 1.6588 0.0 
2930000 15894 434.017 3341449.715 411.593 1.8716 0.0 
2940000 15920 406.538 3351660.44 395.927 1.7465 0.0 
2950000 15942 419.039 3361736.647 412.496 1.8092 0.0 
2960000 15999 248.31 3372586.186 255.472 1.0679 0.0 
2970000 16043 234.537 3384327.151 261.107 1.0107 0.0 
2980000 16088 214.305 3393683.638 218.568 0.9148 0.0 
2990000 16163 144.409 3402015.457 127.347 0.62 0.0 
3000000 16263 117.593 3411781.542 117.089 0.5102 0.0 
3010000 16329 135.464 3422068.973 139.771 0.5814 0.0 
3020000 16377 194.081 3432096.615 198.858 0.8399 0.0 
3030000 16401 277.634 3443532.558 301.132 1.1932 0.0 
3040000 16442 265.478 3450727.874 235.326 1.1512 0.0 
3050000 16476 278.506 3457883.234 223.878 1.2099 0.0 
3060000 16516 270.344 3467688.179 243.893 1.1717 0.0 
3070000 16535 344.871 3478689.79 346.133 1.4856 0.0 
3080000 16583 256.776 3490442.457 282.057 1.1028 0.0 
3090000 16627 226.028 3502236.431 263.659 0.9633 0.0 
3100000 16665 253.541 3510339.459 240.361 1.106 0.0 
3110000 16722 200.65 3521521.815 210.367 0.8711 0.0 
3120000 16752 261.303 3528380.964 217.638 1.1469 0.0 
3130000 16802 203.139 3533789.345 132.299 0.8934 0.0 
3140000 16823 302.345 3539044.216 175.282 1.3392 0.0 
3150000 16854 298.435 3544934.386 176.126 1.3152 0.0 
3160000 16910 223.219 3554846.744 183.252 0.9665 0.0 
3170000 16932 309.65 3564547.117 280.619 1.3439 0.0 
3180000 16956 353.309 3573363.108 319.436 1.5033 0.0 
3190000 16993 292.905 3583697.93 280.886 1.243 0.0 
3200000 17025 300.005 3595402.673 318.93 1.2615 0.0 
3210000 17043 375.226 3607493.518 422.675 1.5868 0.0 
3220000 17068 378.722 3620208.632 448.974 1.6097 0.0 
3230000 17115 274.522 3631499.035 318.675 1.168 0.0 
3240000 17151 266.994 3643233.923 310.47 1.1319 0.0 
3250000 17184 279.172 3655628.374 334.788 1.1806 0.0 
3260000 17221 276.72 3667118.688 324.14 1.1839 0.0 
3270000 17261 258.367 3678357.712 296.36 1.1157 0.0 
3280000 17307 232.96 3690280.95 273.254 1.0064 0.0 
3290000 17351 224.126 3702535.679 269.117 0.9604 0.0 
3300000 17404 201.233 3715067.82 247.578 0.8685 0.0 
3310000 17472 160.772 3726842.915 191.632 0.6937 0.0 
3320000 17519 186.031 3739577.89 230.025 0.802 0.0 
3330000 17540 295.001 3752969.828 384.217 1.2668 0.0 
3340000 17563 344.384 3765692.515 443.272 1.4761 0.0 
3350000 17580 408.101 3778422.315 522.535 1.7479 0.0 
3360000 17598 447.027 3789949.505 549.061 1.9155 0.0 
3370000 17618 469.664 3801875.023 572.046 2.0112 0.0 
3380000 17634 507.724 3814483.807 624.985 2.1813 0.0 
3390000 17656 474.498 3827301.138 589.984 2.023 0.0 
3400000 17669 550.576 3840274.082 696.31 2.3534 0.0 
3410000 17684 585.941 3854040.673 761.411 2.4908 0.0 
3420000 17700 598.669 3867422.145 784.557 2.5528 0.0 
3430000 17725 513.019 3881240.067 682.55 2.1741 0.0 
3440000 17750 474.728 3894612.693 633.392 2.0136 0.0 
3450000 17764 536.948 3908539.401 727.289 2.2909 0.0 
3460000 17779 563.085 3919815.712 721.332 2.3963 0.0 
3470000 17805 475.989 3932556.925 608.515 2.0303 0.0 
3480000 17838 398.804 3945359.915 510.616 1.6959 0.0 
3490000 17879 311.336 3958142.853 397.837 1.3228 0.0 
3500000 17926 253.248 3970869.078 323.672 1.0785 0.0 
3510000 17973 236.55 3983328.108 298.827 1.0127 0.0 
3520000 18030 187.919 3995109.48 226.594 0.8054 0.0 
3530000 18115 144.006 4004536.683 156.61 0.6154 0.0 
3540000 18184 138.615 4015081.618 145.626 0.5951 0.0 
3550000 18254 142.403 4025553.485 154.247 0.6105 0.0 
3560000 18280 242.229 4039266.669 307.9 1.031 0.0 
3570000 18302 308.753 4053143.9 410.15 1.3186 0.0 
3580000 18362 203.455 4065055.952 253.491 0.8706 0.0 
3590000 18391 273.848 4078537.396 358.75 1.154 0.0 
3600000 18424 279.93 4091323.939 360.386 1.186 0.0 
3610000 18458 301.05 4104967.015 402.503 1.2842 0.0 
3620000 18481 341.357 4119519.211 472.406 1.4539 0.0 
3630000 18493 457.328 4133602.332 638.704 1.9539 0.0 
3640000 18507 522.607 4147230.45 723.166 2.2356 0.0 
3650000 18528 515.466 4160288.847 701.671 2.2107 0.0 
3660000 18547 522.555 4172753.343 691.541 2.2234 0.0 
3670000 18569 489.13 4183781.595 609.947 2.0789 0.0 
3680000 18591 477.311 4197225.979 613.254 2.0308 0.0 
3690000 18621 410.502 4210687.589 534.95 1.7418 0.0 
3700000 18645 409.494 4223860.856 537.24 1.7225 0.0 
3710000 18660 481.106 4237725.191 643.506 2.0336 0.0 
3720000 18689 415.893 4251332.97 558.383 1.7736 0.0 
3730000 18748 238.157 4264031.162 311.097 1.0147 0.0 
3740000 18821 160.993 4276625.766 207.678 0.6856 0.0 
3750000 18872 185.991 4290654.357 255.461 0.7931 0.0 
3760000 18922 195.515 4305129.839 277.614 0.8316 0.0 
3770000 18957 242.431 4320366.385 359.813 1.0344 0.0 
3780000 18987 286.886 4335681.388 434.836 1.219 0.0 
3790000 19019 297.011 4350763.841 448.052 1.2564 0.0 
3800000 19072 215.578 4364940.816 311.408 0.916 0.0 
3810000 19107 239.668 4379470.278 345.562 1.0167 0.0 
3820000 19141 279.69 4393830.151 404.575 1.1844 0.0 
3830000 19165 330.306 4408322.039 477.54 1.404 0.0 
3840000 19198 318.359 4422908.665 462.065 1.361 0.0 
3850000 19229 319.012 4437957.598 471.068 1.3499 0.0 
3860000 19275 265.753 4452961.307 396.908 1.1324 0.0 
3870000 19306 289.078 4468965.424 447.127 1.2296 0.0 
3880000 19334 311.399 4485117.114 491.625 1.3268 0.0 
3890000 19358 350.481 4501428.383 561.475 1.4806 0.0 
3900000 19381 385.817 4517973.626 626.855 1.6419 0.0 
3910000 19403 405.166 4533723.841 649.738 1.7404 0.0 
3920000 19424 428.959 4549024.647 675.212 1.832 0.0 
3930000 19452 397.529 4564407.454 620.237 1.693 0.0 
3940000 19488 332.587 4579102.495 506.167 1.4187 0.0 
3950000 19524 306.111 4594070.689 462.449 1.3061 0.0 
3960000 19554 313.935 4609807.216 483.17 1.3484 0.0 
3970000 19576 358.652 4625773.198 560.709 1.5415 0.0 
3980000 19598 387.742 4641432.007 605.175 1.6572 0.0 
3990000 19624 380.047 4657307.374 596.628 1.6243 0.0 
4000000 19655 356.485 4673402.677 566.861 1.5295 0.0 
4010000 19677 391.983 4690299.024 640.09 1.6846 0.0 
4020000 19705 378.437 4706442.362 615.393 1.6252 0.0 
4030000 19752 262.072 4721514.962 407.721 1.1295 0.0 
4040000 19808 205.717 4736114.949 309.108 0.8788 0.0 
4050000 19841 261.842 4752013.449 409.003 1.1081 0.0 
4060000 19870 297.039 4768129.703 470.122 1.2551 0.0 
4070000 19905 285.173 4783046.571 437.146 1.2028 0.0 
4080000 19932 325.055 4799373.134 515.938 1.3861 0.0 
4090000 19975 273.19 4814482.988 424.608 1.1634 0.0 
4100000 20012 264.701 4830105.064 409.404 1.1333 0.0 
4110000 20047 276.206 4846272.306 438.824 1.1771 0.0 
4120000 20102 208.735 4860623.33 310.514 0.8941 0.0 
4130000 20139 233.699 4876417.158 358.626 0.9947 0.0 
4140000 20175 256.229 4892582.918 405.085 1.0944 0.0 
4150000 20209 273.219 4908879.562 437.304 1.1665 0.0 
4160000 20245 275.118 4924920.57 441.089 1.1748 0.0 
4170000 20295 232.859 4939652.241 356.679 0.9921 0.0 
4180000 20341 222.426 4954315.357 331.501 0.9514 0.0 
4190000 20372 268.692 4970195.587 414.851 1.1556 0.0 
4200000 20408 276.516 4985819.133 431.078 1.1829 0.0 
4210000 20443 269.322 5001708.473 419.827 1.1486 0.0 
4220000 20483 265.223 5017607.466 421.317 1.1323 0.0 
4230000 20529 230.268 5032674.486 354.855 0.9867 0.0 
4240000 20588 188.218 5047339.499 280.947 0.8117 0.0 
4250000 20641 182.399 5063341.372 283.445 0.7852 0.0 
4260000 20678 223.05 5080305.262 364.123 0.9506 0.0 
4270000 20724 220.652 5096080.193 353.374 0.9418 0.0 
4280000 20768 231.332 5111779.215 368.846 0.9816 0.0 
4290000 20790 305.92 5128787.96 504.222 1.2982 0.0 
4300000 20814 354.076 5146102.261 597.887 1.5108 0.0 
4310000 20835 397.998 5162762.419 667.497 1.7006 0.0 
4320000 20860 395.761 5178486.04 647.051 1.6935 0.0 
4330000 20889 366.134 5193965.375 584.481 1.5725 0.0 
4340000 20923 325.021 5209126.018 507.899 1.4044 0.0 
4350000 20974 239.462 5223198.801 355.214 1.0236 0.0 
4360000 21044 176.493 5236691.464 249.254 0.7549 0.0 
4370000 21079 230.071 5252571.827 349.874 0.9801 0.0 
4380000 21127 222.641 5267941.815 345.043 0.9334 0.0 
4390000 21181 196.17 5282464.227 292.49 0.8343 0.0 
4400000 21218 234.975 5298229.67 362.961 0.9927 0.0 
4410000 21249 265.753 5314380.658 418.491 1.1375 0.0 
4420000 21284 270.628 5330101.049 423.79 1.1615 0.0 
4430000 21328 255.239 5344943.4 391.295 1.0869 0.0 
4440000 21354 297.777 5360989.099 465.68 1.2586 0.0 
4450000 21379 340.439 5376930.749 538.643 1.4403 0.0 
4460000 21416 309.876 5392199.099 483.018 1.3224 0.0 
4470000 21505 120.72 5404487.474 157.652 0.5155 0.0 
4480000 21586 127.763 5416764.596 159.929 0.5542 0.0 
4490000 21662 119.668 5430044.718 154.057 0.5233 0.0 
4500000 21717 149.045 5443163.108 188.894 0.6341 0.0 
4510000 21754 219.666 5456926.105 298.75 0.9331 0.0 
4520000 21790 240.856 5470334.316 325.936 1.0263 0.0 
4530000 21852 183.88 5482921.67 235.821 0.7853 0.0 
4540000 21884 252.9 5498050.303 363.12 1.0637 0.0 
4550000 21931 221.644 5512526.414 317.813 0.9444 0.0 
4560000 21990 185.431 5527181.539 269.41 0.7935 0.0 
4570000 22032 221.333 5542431.131 332.704 0.9526 0.0 
4580000 22072 237.27 5557757.68 360.761 1.0096 0.0 
4590000 22115 236.638 5573130.826 363.898 1.0169 0.0 
4600000 22153 237.286 5588422.055 359.634 1.0158 0.0 
4610000 22192 248.6 5603310.888 373.921 1.0705 0.0 
4620000 22240 220.573 5617442.662 318.903 0.9466 0.0 
4630000 22284 223.649 5632029.078 324.182 0.9576 0.0 
4640000 22324 240.86 5647385.597 362.105 1.0371 0.0 
4650000 22363 251.078 5662295.785 376.314 1.0833 0.0 
4660000 22407 240.267 5677136.907 360.046 1.0339 0.0 
4670000 22442 270.431 5693130.585 421.484 1.1641 0.0 
4680000 22474 276.212 5708434.733 424.361 1.1996 0.0 
4690000 22524 229.365 5722403.005 333.755 0.989 0.0 
4700000 22557 252.947 5737490.082 372.118 1.0837 0.0 
4710000 22615 199.38 5750697.018 275.297 0.8475 0.0 
4720000 22667 195.456 5764483.517 269.423 0.8447 0.0 
4730000 22709 210.892 5778717.178 294.826 0.9176 0.0 
4740000 22748 230.281 5793588.488 332.097 0.998 0.0 
4750000 22794 219.776 5807821.676 312.641 0.9492 0.0 
4760000 22850 194.251 5821930.74 275.733 0.8358 0.0 
4770000 22915 160.905 5835767.995 224.383 0.6924 0.0 
4780000 22966 195.565 5850734.805 289.882 0.8358 0.0 
4790000 23031 169.226 5864678.741 242.607 0.7387 0.0 
4800000 23086 178.216 5879038.777 256.642 0.7736 0.0 
4810000 23135 186.518 5894606.46 280.726 0.7969 0.0 
4820000 23178 211.249 5910378.671 326.319 0.9045 0.0 
4830000 23221 220.024 5926044.764 341.794 0.9534 0.0 
4840000 23275 203.016 5940577.04 303.835 0.8734 0.0 
4850000 23310 249.734 5956426.416 387.639 1.0724 0.0 
4860000 23344 270.156 5971790.69 416.402 1.1519 0.0 
4870000 23369 321.233 5987445.749 499.567 1.3848 0.0 
4880000 23399 324.467 6002687.447 499.142 1.3961 0.0 
4890000 23426 346.49 6017847.594 530.858 1.4947 0.0 
4900000 23448 382.064 6034065.377 599.822 1.6534 0.0 
4910000 23464 453.502 6049395.26 705.031 1.9677 0.0 
4920000 23497 372.211 6065865.388 590.496 1.6114 0.0 
4930000 23547 259.736 6081501.867 407.997 1.1191 0.0 
4940000 23732 43.22 6093657.475 45.471 0.1825 0.0 
4950000 23872 78.019 6102722.673 80.609 0.3349 0.0 
4960000 23920 166.334 6118284.899 243.772 0.7162 0.0 
4970000 23951 245.288 6135847.12 405.715 1.0643 0.0 
4980000 23985 259.335 6153554.637 443.147 1.1136 0.0 
4990000 24022 257.875 6170842.563 440.259 1.0981 0.0 
5000000 24070 221.905 6186945.511 365.328 0.9454 0.0 
5010000 24135 179.43 6201279.75 272.758 0.7637 0.0 
5020000 24189 181.07 6215153.765 258.584 0.7802 0.0 
5030000 24236 213.259 6229867.364 314.735 0.9129 0.0 
5040000 24268 264.964 6246124.99 415.24 1.1408 0.0 
5050000 24292 315.27 6262844.649 508.568 1.3549 0.0 
5060000 24326 297.312 6279144.132 480.777 1.2803 0.0 
5070000 24381 222.013 6293503.334 336.522 0.9554 0.0 
5080000 24405 293.631 6310072.921 466.54 1.2598 0.0 
5090000 24418 393.158 6327862.921 655.905 1.6767 0.0 
5100000 24431 481.347 6346213.264 832.066 2.0595 0.0 
5110000 24538 96.639 6360566.497 134.6 0.4131 0.0 
5120000 24567 209.523 6373620.71 285.293 0.9026 0.0 
5130000 24592 288.727 6390562.562 447.752 1.2347 0.0 
5140000 24640 230.79 6406721.02 364.374 0.9831 0.0 
5150000 24677 247.964 6424064.731 411.468 1.0589 0.0 
5160000 24711 268.827 6441607.987 460.678 1.1603 0.0 
5170000 24804 114.951 6455784.479 166.884 0.4922 0.0 
5180000 24893 118.206 6469805.699 168.699 0.4984 0.0 
5190000 24971 129.405 6484325.222 189.509 0.549 0.0 
5200000 25033 154.715 6500634.207 247.676 0.6553 0.0 
5210000 25095 156.009 6516914.471 251.445 0.6709 0.0 
5220000 25130 219.911 6534730.896 377.071 0.9392 0.0 
5230000 25185 196.135 6550824.119 323.75 0.8429 0.0 
5240000 25211 277.994 6569258.671 491.465 1.1875 0.0 
5250000 25240 294.512 6586737.885 514.268 1.2732 0.0 
5260000 25271 308.158 6603728.114 530.266 1.3261 0.0 
5270000 25292 357.644 6621872.527 629.62 1.5475 0.0 
5280000 25320 356.195 6639808.103 630.652 1.5296 0.0 
5290000 25367 263.044 6655899.32 444.224 1.1196 0.0 
5300000 25424 200.233 6671814.92 325.067 0.8568 0.0 
5310000 25468 220.909 6688867.932 370.903 0.9384 0.0 
5320000 25521 204.652 6704579.69 331.842 0.8732 0.0 
5330000 25556 251.331 6721271.852 416.07 1.0844 0.0 
5340000 25587 280.486 6738882.415 479.021 1.2121 0.0 
5350000 25634 235.813 6754839.513 387.712 1.0054 0.0 
5360000 25694 190.536 6766913.236 263.044 0.813 0.0 
5370000 25755 178.944 6778300.502 218.639 0.7619 0.0 
5380000 25800 207.918 6792566.409 283.299 0.8803 0.0 
5390000 25833 250.431 6808379.872 371.034 1.0747 0.0 
5400000 25878 230.734 6823018.456 337.366 0.9826 0.0 
5410000 25937 186.011 6835284.312 242.798 0.7905 0.0 
5420000 25988 192.057 6848907.76 257.332 0.8254 0.0 
5430000 26038 192.367 6861852.62 249.561 0.8302 0.0 
5440000 26128 119.396 6870436.287 113.999 0.5108 0.0 
5450000 26168 186.317 6883529.337 219.075 0.789 0.0 
5460000 26210 245.446 6896963.818 332.434 1.0507 0.0 
5470000 26248 243.121 6912648.411 356.649 1.0342 0.0 
5480000 26285 269.587 6928786.113 421.293 1.1501 0.0 
5490000 26329 232.385 6944924.213 364.99 0.9896 0.0 
5500000 26376 216.928 6960609.073 338.052 0.93 0.0 
5510000 26426 201.051 6975207.495 298.825 0.8452 0.0 
5520000 26475 198.319 6990069.397 293.033 0.8486 0.0 
5530000 26513 222.758 7005091.057 334.401 0.9517 0.0 
5540000 26534 311.428 7021272.378 481.921 1.3281 0.0 
5550000 26566 314.25 7035180.326 465.118 1.3429 0.0 
5560000 26598 308.434 7051225.686 474.559 1.3185 0.0 
5570000 26620 356.851 7068864.536 584.215 1.5274 0.0 
5580000 26634 430.238 7087668.256 740.554 1.8414 0.0 
5590000 26651 483.887 7106381.732 861.122 2.0805 0.0 
5600000 26664 557.012 7125457.891 1015.423 2.4 0.0 
5610000 26691 473.276 7143338.771 856.859 2.0286 0.0 
5620000 26713 471.659 7161697.866 859.479 2.0044 0.0 
5630000 26730 506.719 7180854.282 940.303 2.149 0.0 
5640000 26751 489.872 7199921.316 916.103 2.0812 0.0 
5650000 26790 362.909 7218600.22 678.582 1.5385 0.0 
5660000 26861 180.393 7235523.603 314.791 0.7598 0.0 
5670000 27003 85.099 7246605.703 103.863 0.3577 0.0 
5680000 27122 96.501 7260129.586 140.008 0.4063 0.0 
5690000 27196 128.36 7275659.951 198.211 0.5496 0.0 
5700000 27245 183.264 7292235.319 299.52 0.784 0.0 
5710000 27266 293.887 7308452.642 479.032 1.2544 0.0 
5720000 27287 333.976 7325695.597 554.065 1.4266 0.0 
5730000 27312 371.157 7343675.473 640.835 1.5813 0.0 
5740000 27353 306.399 7360896.327 529.204 1.3095 0.0 
5750000 27393 270.722 7375081.973 426.175 1.155 0.0 
5760000 27438 234.221 7391260.549 370.835 0.9985 0.0 
5770000 27497 181.229 7407100.855 285.803 0.7778 0.0 
5780000 27567 157.173 7422545.252 247.086 0.665 0.0 
5790000 27637 136.537 7437856.445 207.059 0.5934 0.0 
5800000 27705 142.416 7453425.586 219.053 0.6178 0.0 
5810000 27767 161.729 7468874.89 251.955 0.6909 0.0 
5820000 27826 164.072 7483503.086 243.744 0.7012 0.0 
5830000 27896 147.392 7495392.634 176.693 0.6303 0.0 
5840000 27958 159.704 7508827.628 209.633 0.6842 0.0 
5850000 28021 160.19 7522119.04 213.463 0.6776 0.0 
5860000 28067 191.399 7536991.582 274.082 0.8192 0.0 
5870000 28086 302.385 7553473.216 470.648 1.2929 0.0 
5880000 28098 417.235 7571315.065 690.073 1.7885 0.0 
5890000 28117 446.286 7589111.744 757.669 1.9065 0.0 
5900000 28135 475.524 7607034.901 822.512 2.0441 0.0 
5910000 28162 425.537 7623754.143 726.847 1.8196 0.0 
5920000 28188 413.894 7640179.452 696.688 1.7612 0.0 
5930000 28215 387.763 7657316.408 654.731 1.6424 0.0 
5940000 28253 311.665 7674187.66 524.547 1.3212 0.0 
5950000 28288 311.496 7691103.436 527.846 1.3305 0.0 
5960000 28341 229.71 7705897.826 362.828 0.9887 0.0 
5970000 28406 175.479 7720063.152 258.774 0.7464 0.0 
5980000 28460 175.062 7734762.703 256.07 0.7506 0.0 
5990000 28521 166.812 7749114.151 240.148 0.7188 0.0 
6000000 28582 161.612 7763628.602 234.605 0.6929 0.0 
6010000 28641 164.605 7778549.835 242.963 0.706 0.0 
6020000 28691 195.813 7794616.902 309.158 0.8468 0.0 
6030000 28733 219.803 7810788.205 352.309 0.9613 0.0 
6040000 28771 237.826 7827614.658 390.337 1.03 0.0 
6050000 28805 255.216 7844186.432 417.061 1.0958 0.0 
6060000 28856 223.609 7859423.515 354.103 0.953 0.0 
6070000 28923 155.316 7873748.867 225.45 0.6585 0.0 
6080000 28948 259.798 7891417.128 431.115 1.1057 0.0 
6090000 28978 293.661 7908320.919 491.715 1.2566 0.0 
6100000 29022 254.924 7923152.707 402.537 1.0901 0.0 
6110000 29180 79.275 7928231.566 52.531 0.3448 0.0 
6120000 29227 153.738 7942179.588 188.393 0.6693 0.0 
6130000 29292 153.093 7956286.779 208.65 0.6587 0.0 
6140000 29338 191.585 7971927.947 289.836 0.8174 0.0 
6150000 29391 189.335 7987573.5 292.399 0.8032 0.0 
6160000 29447 175.818 8002603.906 264.071 0.7473 0.0 
6170000 29521 136.338 8016052.356 187.247 0.5786 0.0 
6180000 29598 136.023 8029695.759 188.889 0.591 0.0 
6190000 29653 163.936 8044783.854 242.085 0.704 0.0 
6200000 29696 201.278 8059928.864 302.135 0.8766 0.0 
6210000 29749 191.993 8074646.006 283.546 0.83 0.0 
6220000 29817 147.044 8087169.513 193.839 0.6321 0.0 
6230000 29885 148.011 8100721.364 199.55 0.6353 0.0 
6240000 29951 144.094 8114253.865 190.778 0.6135 0.0 
6250000 30026 125.834 8127183.434 159.555 0.5371 0.0 
6260000 30112 116.745 8139271.858 143.219 0.5047 0.0 
6270000 30177 141.252 8152406.137 183.318 0.6136 0.0 
6280000 30240 148.548 8166100.198 197.454 0.6385 0.0 
6290000 30301 161.84 8178901.317 210.88 0.6919 0.0 
6300000 30361 162.324 8192155.12 214.052 0.7004 0.0 
6310000 30405 199.391 8206474.971 278.843 0.8551 0.0 
6320000 30434 270.533 8222120.976 405.031 1.1624 0.0 
6330000 30501 174.281 8234616.494 233.54 0.7464 0.0 
6340000 30574 138.681 8246961.918 171.072 0.5845 0.0 
6350000 30617 193.436 8261898.003 275.33 0.824 0.0 
6360000 30658 233.636 8277335.281 354.01 0.9961 0.0 
6370000 30698 245.321 8293572.901 388.192 1.0424 0.0 
6380000 30737 254.468 8310479.421 419.261 1.087 0.0 
6390000 30788 210.336 8326014.159 332.691 0.8906 0.0 
6400000 30836 206.014 8341760.939 323.57 0.88 0.0 
6410000 30885 192.31 8355381.029 271.876 0.818 0.0 
6420000 30937 186.987 8370362.861 269.557 0.7961 0.0 
6430000 31001 159.052 8384393.652 223.548 0.6798 0.0 
6440000 31056 180.611 8398342.066 258.171 0.7702 0.0 
6450000 31119 166.33 8412659.752 238.509 0.7154 0.0 
6460000 31200 127.126 8426208.841 172.553 0.5449 0.0 
6470000 31289 117.939 8438667.894 150.756 0.5067 0.0 
6480000 31367 131.923 8451995.954 176.306 0.5705 0.0 
6490000 31421 163.604 8459528.257 153.319 0.7009 0.0 
6500000 31492 152.133 8468234.403 139.165 0.6575 0.0 
6510000 31531 208.461 8474821.877 156.146 0.9153 0.0 
6520000 31550 313.862 8482022.804 229.314 1.3733 0.0 
6530000 31580 325.438 8489415.959 243.651 1.4202 0.0 
6540000 31609 341.101 8498620.698 279.251 1.4782 0.0 
6550000 31634 367.476 8508371.925 322.207 1.5981 0.0 
6560000 31668 335.476 8521322.458 360.704 1.4432 0.0 
6570000 31684 419.606 8530227.583 415.734 1.7951 0.0 
6580000 31705 425.083 8540855.676 436.869 1.8149 0.0 
6590000 31728 449.641 8547409.211 394.916 1.9223 0.0 
6600000 31739 544.71 8552806.187 414.664 2.3296 0.0 
6610000 31755 556.899 8559430.042 407.73 2.3879 0.0 
6620000 31769 599.691 8564994.241 408.742 2.5722 0.0 
6630000 31805 427.646 8573512.161 321.738 1.8252 0.0 
6640000 31822 474.041 8579844.909 335.015 2.0239 0.0 
6650000 31872 292.934 8587242.292 209.228 1.2557 0.0 
6660000 31899 324.744 8593885.59 222.505 1.3871 0.0 
6670000 31913 429.844 8600280.352 284.698 1.8366 0.0 
6680000 31928 477.099 8607253.837 322.588 2.0525 0.0 
6690000 31941 548.336 8613210.127 357.651 2.3651 0.0 
6700000 31957 573.734 8619656.468 371.388 2.4585 0.0 
6710000 32006 344.23 8628223.028 247.956 1.4722 0.0 
6720000 32081 165.68 8634549.901 104.921 0.7026 0.0 
6730000 32214 94.797 8636188.627 22.639 0.4014 0.0 
6740000 32268 139.808 8644275.807 101.524 0.5997 0.0 
6750000 32340 147.482 8655394.97 153.084 0.6375 0.0 
6760000 32430 117.381 8666263.941 126.671 0.5051 0.0 
6770000 32490 153.493 8679949.618 200.692 0.6547 0.0 
6780000 32535 199.485 8690030.929 214.161 0.8589 0.0 
6790000 32563 250.281 8701804.379 273.53 1.083 0.0 
6800000 32595 288.066 8714530.564 343.753 1.2482 0.0 
6810000 32643 217.578 8720217.98 186.942 0.9384 0.0 
6820000 32693 195.592 8724017.901 111.251 0.8503 0.0 
6830000 32738 226.917 8728548.651 114.944 0.9694 0.0 
6840000 32749 363.274 8732873.931 170.806 1.5624 0.0 
6850000 32761 451.904 8737246.311 205.179 1.9439 0.0 
6860000 32775 517.492 8742722.294 251.148 2.2516 0.0 
6870000 32799 478.755 8753687.836 332.544 2.0786 0.0 
6880000 32857 265.632 8764695.803 226.249 1.1396 0.0 
6890000 32880 326.004 8771945.483 258.617 1.412 0.0 
6900000 32933 238.966 8785496.335 267.353 1.0321 0.0 
6910000 32987 201.955 8801019.227 276.855 0.8712 0.0 
6920000 33071 126.617 8813943.595 163.019 0.5416 0.0 
6930000 33167 86.428 8826069.075 93.038 0.3702 0.0 
6940000 33235 145.839 8839608.635 197.834 0.6223 0.0 
6950000 33290 170.658 8853939.961 242.038 0.736 0.0 
6960000 33333 204.746 8869637.363 307.781 0.872 0.0 
6970000 33384 197.792 8882157.542 263.634 0.839 0.0 
6980000 33410 274.204 8895889.985 375.663 1.1683 0.0 
6990000 33464 215.746 8908563.619 286.572 0.9253 0.0 
7000000 33533 164.99 8921851.542 217.667 0.7051 0.0 
7010000 33595 151.912 8936014.358 204.789 0.6552 0.0 
7020000 33677 124.776 8947776.061 149.357 0.5402 0.0 
7030000 33750 133.551 8960968.845 174.897 0.5749 0.0 
7040000 33782 225.54 8978564.951 366.523 0.9659 0.0 
7050000 33814 267.718 8996108.175 454.431 1.1493 0.0 
7060000 33828 384.855 9013656.511 663.768 1.6498 0.0 
7070000 33846 438.644 9029717.291 735.655 1.8837 0.0 
7080000 33873 400.244 9044160.599 634.262 1.7146 0.0 
7090000 33901 387.955 9054107.17 527.108 1.682 0.0 
7100000 33958 247.836 9063495.349 275.17 1.073 0.0 
7110000 34014 178.487 9070531.561 166.428 0.777 0.0 
7120000 34128 112.187 9078435.008 98.12 0.4778 0.0 
7130000 34192 163.322 9088986.161 170.276 0.6922 0.0 
7140000 34218 265.205 9096828.975 231.849 1.1458 0.0 
7150000 34234 359.732 9102716.496 266.284 1.5593 0.0 
7160000 34268 332.007 9110216.906 248.207 1.4478 0.0 
7170000 34307 287.942 9118797.116 236.68 1.2404 0.0 
7180000 34359 230.001 9130039.364 221.568 0.987 0.0 
7190000 34391 274.934 9136405.413 214.272 1.1887 0.0 
7200000 34409 369.952 9140443.61 219.817 1.6123 0.0 
7210000 34426 421.931 9144047.76 213.132 1.8508 0.0 
7220000 34450 421.624 9148566.306 205.184 1.8508 0.0 
7230000 34485 345.02 9158868.042 247.244 1.5051 0.0 
7240000 34513 350.153 9171544.891 346.872 1.5168 0.0 
7250000 34532 417.269 9183494.407 449.004 1.8004 0.0 
7260000 34576 300.922 9196397.761 348.149 1.2961 0.0 
7270000 34630 226.5 9207275.877 255.573 0.9748 0.0 
7280000 34674 214.244 9219071.548 255.595 0.9209 0.0 
7290000 34690 339.022 9228215.328 351.591 1.4595 0.0 
7300000 34705 416.424 9238048.972 424.57 1.7841 0.0 
7310000 34727 432.242 9243727.252 366.679 1.8405 0.0 
7320000 34750 422.707 9248381.148 302.674 1.8082 0.0 
7330000 34774 423.753 9256655.59 323.331 1.8103 0.0 
7340000 34814 319.926 9271224.465 333.502 1.3602 0.0 
7350000 34845 325.153 9287459.64 429.839 1.3783 0.0 
7360000 34893 251.344 9302611.013 356.86 1.0682 0.0 
7370000 34965 158.52 9316407.361 217.528 0.6743 0.0 
7380000 35034 147.714 9330641.525 207.967 0.6217 0.0 
7390000 35093 162.515 9346337.912 247.875 0.6898 0.0 
7400000 35142 189.263 9362647.481 302.701 0.8113 0.0 
7410000 35180 237.328 9379355.671 392.0 1.0013 0.0 
7420000 35220 234.752 9395992.66 387.246 1.0042 0.0 
7430000 35274 204.179 9411313.567 321.411 0.8825 0.0 
7440000 35322 203.235 9426644.387 313.03 0.8807 0.0 
7450000 35361 234.181 9441917.871 357.697 1.0142 0.0 
7460000 35386 308.3 9458924.166 502.189 1.3404 0.0 
7470000 35426 268.668 9475339.925 437.014 1.1643 0.0 
7480000 35465 265.864 9492154.165 441.735 1.1512 0.0 
7490000 35524 194.547 9507397.588 304.215 0.8305 0.0 
7500000 35580 182.553 9522732.088 281.386 0.7934 0.0 
7510000 35635 181.919 9537080.899 267.673 0.7867 0.0 
7520000 35686 175.986 9552843.674 267.057 0.7636 0.0 
7530000 35742 177.541 9568689.657 277.636 0.7679 0.0 
7540000 35788 206.25 9584203.736 320.118 0.887 0.0 
7550000 35829 220.796 9599520.574 338.476 0.9509 0.0 
7560000 35872 220.433 9615966.878 351.554 0.9513 0.0 
7570000 35921 204.146 9632348.2 328.794 0.8832 0.0 
7580000 35963 229.036 9649101.691 378.836 0.9861 0.0 
7590000 36021 180.05 9664518.351 280.574 0.7777 0.0 
7600000 36078 176.005 9679691.205 268.635 0.7497 0.0 
7610000 36130 187.57 9695110.827 288.736 0.8012 0.0 
7620000 36209 135.696 9709343.936 196.228 0.586 0.0 
7630000 36240 223.739 9725988.774 355.539 0.9541 0.0 
7640000 36268 287.627 9742992.895 476.366 1.2408 0.0 
7650000 36318 223.516 9758450.508 355.874 0.9617 0.0 
7660000 36405 136.198 9772222.346 198.195 0.5865 0.0 
7670000 36453 180.553 9787317.246 268.207 0.7878 0.0 
7680000 36502 195.897 9801397.18 284.679 0.8554 0.0 
7690000 36550 196.977 9814402.533 267.65 0.8637 0.0 
7700000 36592 220.24 9828111.111 301.429 0.9554 0.0 
7710000 36643 203.177 9842552.851 287.67 0.878 0.0 
7720000 36718 136.171 9857036.27 193.178 0.5927 0.0 
7730000 36809 115.279 9871253.525 164.903 0.4962 0.0 
7740000 36889 118.094 9885755.493 168.521 0.5123 0.0 
7750000 36933 182.556 9901698.391 281.862 0.7825 0.0 
7760000 36965 251.293 9910032.947 274.954 1.0771 0.0 
7770000 36986 326.222 9915161.331 263.597 1.3996 0.0 
7780000 37040 218.097 9924042.189 192.252 0.9394 0.0 
7790000 37091 215.268 9937219.235 250.32 0.9284 0.0 
7800000 37135 216.87 9950207.82 269.625 0.9276 0.0 
7810000 37177 223.024 9964271.902 297.293 0.9588 0.0 
7820000 37201 302.821 9978378.689 420.591 1.3058 0.0 
7830000 37239 266.881 9991594.511 371.751 1.1507 0.0 
7840000 37264 320.453 9999175.265 342.522 1.3936 0.0 
7850000 37287 370.95 10007474.438 353.444 1.6104 0.0 
7860000 37310 397.804 10014711.775 344.395 1.7261 0.0 
7870000 37324 479.671 10019301.859 343.054 2.077 0.0 
7880000 37337 540.985 10024019.803 341.011 2.3584 0.0 
7890000 37349 602.653 10028275.509 346.49 2.6284 0.0 
7900000 37360 668.315 10032490.389 355.98 2.9103 0.0 
7910000 37376 654.689 10036707.466 330.026 2.8617 0.0 
7920000 37470 163.955 10040004.81 64.679 0.7134 0.0 
7930000 37594 134.358 10041470.201 41.47 0.5798 0.0 
7940000 37744 68.717 10046616.405 42.833 0.2966 0.0 
7950000 37845 95.43 10056319.092 86.713 0.4077 0.0 
7960000 38016 52.961 10064035.688 38.55 0.2245 0.0 
7970000 38126 110.824 10072273.678 88.937 0.4787 0.0 
7980000 38202 128.714 10079471.413 98.822 0.5543 0.0 
7990000 38303 99.189 10089102.163 98.462 0.4236 0.0 
8000000 38417 96.535 10099460.108 102.442 0.4156 0.0 
8010000 38491 119.815 10111640.29 140.922 0.5097 0.0 
8020000 38545 164.83 10125110.331 212.772 0.7089 0.0 
8030000 38593 187.018 10140567.119 272.669 0.8127 0.0 
8040000 38620 253.522 10157372.088 401.194 1.0969 0.0 
8050000 38665 232.705 10172769.542 361.789 1.0085 0.0 
8060000 38718 198.844 10187284.668 295.92 0.8617 0.0 
8070000 38773 187.988 10201540.132 268.638 0.8078 0.0 
8080000 38852 128.192 10214172.909 164.297 0.5504 0.0 
8090000 38904 178.621 10228981.033 257.636 0.7698 0.0 
8100000 38935 242.046 10244882.779 369.629 1.0373 0.0 
8110000 38991 194.189 10259461.374 287.222 0.8334 0.0 
8120000 39035 205.131 10274274.115 301.15 0.8831 0.0 
8130000 39129 129.001 10285089.573 154.874 0.5588 0.0 
8140000 39194 143.975 10298211.592 185.989 0.6176 0.0 
8150000 39269 129.573 10311191.306 169.21 0.5649 0.0 
8160000 39346 120.477 10321564.053 130.914 0.5231 0.0 
8170000 39400 170.902 10333391.425 215.364 0.7237 0.0 
8180000 39425 266.269 10342895.857 280.949 1.1416 0.0 
8190000 39457 279.525 10358116.429 359.386 1.1979 0.0 
8200000 39498 263.374 10372511.81 362.091 1.1334 0.0 
8210000 39550 210.35 10385663.868 277.31 0.906 0.0 
8220000 39610 177.869 10395520.139 198.294 0.7779 0.0 
8230000 39644 241.23 10400757.611 176.091 1.0637 0.0 
8240000 39665 326.617 10404677.754 182.726 1.4245 0.0 
8250000 39680 411.625 10408767.67 204.586 1.7953 0.0 
8260000 39697 464.667 10412711.797 213.474 2.0348 0.0 
8270000 39728 390.782 10417890.678 189.151 1.7027 0.0 
8280000 39763 327.454 10423257.934 169.078 1.4326 0.0 
8290000 39833 183.254 10432672.888 142.938 0.7891 0.0 
8300000 39914 133.838 10443986.311 144.573 0.5851 0.0 
8310000 39978 164.214 10455221.955 175.954 0.7142 0.0 
8320000 40008 236.342 10464728.785 240.37 1.029 0.0 
8330000 40051 243.989 10473085.46 219.519 1.0566 0.0 
8340000 40081 292.682 10479389.559 219.281 1.2648 0.0 
8350000 40114 292.584 10485584.957 199.957 1.2784 0.0 
8360000 40146 303.871 10492651.7 212.708 1.3335 0.0 
8370000 40197 234.65 10504568.409 225.204 1.0164 0.0 
8380000 40237 239.845 10518584.602 289.825 1.0212 0.0 
8390000 40292 198.795 10531397.635 248.492 0.8547 0.0 
8400000 40352 169.402 10544052.35 210.348 0.7289 0.0 
8410000 40421 151.591 10556274.775 186.313 0.6466 0.0 
8420000 40481 166.861 10569011.13 212.451 0.7279 0.0 
8430000 40522 199.392 10583364.637 272.468 0.8584 0.0 
8440000 40568 217.515 10595963.72 283.678 0.9301 0.0 
8450000 40609 227.51 10606544.942 262.604 0.9723 0.0 
8460000 40643 258.365 10618789.72 309.09 1.1068 0.0 
8470000 40683 248.86 10629495.983 278.328 1.0648 0.0 
8480000 40710 302.199 10642617.059 367.456 1.3059 0.0 
8490000 40747 276.382 10655208.204 348.103 1.1906 0.0 
8500000 40789 260.982 10669203.973 345.529 1.1221 0.0 
8510000 40840 219.123 10683328.711 300.88 0.9433 0.0 
8520000 40898 192.843 10697456.951 272.376 0.8294 0.0 
8530000 40954 184.839 10711978.442 267.858 0.7865 0.0 
8540000 40992 222.797 10726716.844 326.024 0.9502 0.0 
8550000 41046 201.075 10740313.849 280.47 0.8678 0.0 
8560000 41092 210.962 10754761.376 302.199 0.9089 0.0 
8570000 41136 221.347 10768359.642 307.536 0.9521 0.0 
8580000 41173 248.825 10782389.479 348.705 1.069 0.0 
8590000 41219 222.429 10795373.047 297.34 0.9542 0.0 
8600000 41312 120.475 10804817.009 122.451 0.5163 0.0 
8610000 41364 161.391 10815716.58 170.217 0.6937 0.0 
8620000 41422 176.14 10826828.834 192.367 0.7557 0.0 
8630000 41467 193.281 10839646.271 232.239 0.8284 0.0 
8640000 41510 217.59 10852956.782 278.053 0.9402 0.0 
8650000 41544 250.499 10865162.739 315.664 1.0738 0.0 
8660000 41601 194.211 10876993.765 234.75 0.8307 0.0 
8670000 41650 207.805 10889034.106 254.988 0.8829 0.0 
8680000 41672 293.731 10902174.982 374.184 1.2539 0.0 
8690000 41706 285.287 10915460.998 368.496 1.2164 0.0 
8700000 41765 198.007 10926053.71 227.594 0.8381 0.0 
8710000 41827 180.683 10937281.716 206.087 0.7652 0.0 
8720000 41887 151.601 10949396.501 172.027 0.6447 0.0 
8730000 41926 212.822 10961686.536 254.678 0.9188 0.0 
8740000 41953 278.102 10974504.09 342.691 1.1951 0.0 
8750000 41966 380.777 10988351.566 494.954 1.6244 0.0 
8760000 41990 390.867 10997941.045 461.06 1.6655 0.0 
8770000 42008 429.635 11001987.061 384.244 1.8421 0.0 
8780000 42036 398.644 11006108.608 284.179 1.7083 0.0 
8790000 42065 376.183 11009801.24 214.31 1.6277 0.0 
8800000 42080 455.854 11014405.437 240.057 1.9755 0.0 
8810000 42139 236.111 11018751.806 113.991 1.0241 0.0 
8820000 42192 227.969 11023015.855 103.65 0.9994 0.0 
8830000 42224 256.161 11030446.335 155.848 1.108 0.0 
8840000 42249 317.039 11041365.749 274.878 1.3767 0.0 
8850000 42270 370.943 11046694.527 266.918 1.6284 0.0 
8860000 42283 456.022 11050249.683 266.435 1.9897 0.0 
8870000 42293 555.53 11053946.315 285.461 2.4428 0.0 
8880000 42306 613.666 11057964.225 293.978 2.7047 0.0 
8890000 42322 604.36 11062195.711 280.97 2.6595 0.0 
8900000 42333 666.946 11066839.196 309.195 2.9161 0.0 
8910000 42344 724.173 11071254.389 331.794 3.1688 0.0 
8920000 42360 696.995 11075788.792 318.358 3.0401 0.0 
8930000 42382 612.224 11080335.579 279.087 2.6759 0.0 
8940000 42394 656.718 11085864.395 316.664 2.8699 0.0 
8950000 42408 669.177 11090995.804 327.95 2.9075 0.0 
8960000 42419 713.262 11096083.644 352.751 3.0734 0.0 
8970000 42430 759.476 11100914.838 373.805 3.2896 0.0 
8980000 42442 765.585 11106089.472 381.811 3.3101 0.0 
8990000 42454 784.776 11111400.75 396.769 3.3771 0.0 
9000000 42465 811.188 11116646.479 414.702 3.5146 0.0 
9010000 42477 809.466 11122354.548 422.074 3.4927 0.0 
9020000 42492 775.233 11127427.783 402.92 3.3484 0.0 
9030000 42507 741.47 11132505.885 382.873 3.2073 0.0 
9040000 42538 531.799 11137209.31 268.326 2.3004 0.0 
9050000 42559 512.403 11142647.308 265.246 2.2082 0.0 
9060000 42585 462.574 11148066.86 242.215 1.9894 0.0 
9070000 42691 116.346 11152600.394 54.356 0.4928 0.0 
9080000 42718 235.484 11156996.669 106.319 1.0255 0.0 
9090000 42739 318.398 11162228.628 155.428 1.3966 0.0 
9100000 42811 165.043 11167086.043 78.883 0.7118 0.0 
9110000 42905 110.195 11171394.811 48.552 0.4782 0.0 
9120000 42986 117.809 11175497.949 48.837 0.5054 0.0 
9130000 43062 122.616 11179492.311 49.921 0.5299 0.0 
9140000 43105 191.016 11184510.06 91.341 0.8253 0.0 
9150000 43140 226.046 11189149.41 107.158 0.9761 0.0 
9160000 43180 228.448 11193236.909 97.433 0.9884 0.0 
9170000 43205 296.902 11197554.957 128.094 1.2734 0.0 
9180000 43241 275.477 11202009.185 120.35 1.2024 0.0 
9190000 43277 282.625 11206447.669 124.306 1.2416 0.0 
9200000 43308 295.759 11210719.861 128.293 1.3053 0.0 
9210000 43352 252.417 11215065.317 108.411 1.1071 0.0 
9220000 43412 197.247 11218861.879 78.141 0.8639 0.0 
9230000 43440 266.449 11223286.078 112.924 1.1751 0.0 
9240000 43497 208.369 11228042.17 95.11 0.9203 0.0 
9250000 43529 251.032 11232729.088 118.33 1.1067 0.0 
9260000 43548 351.012 11237451.558 164.428 1.5408 0.0 
9270000 43563 436.072 11241884.392 199.42 1.9159 0.0 
9280000 43583 453.463 11246386.57 207.594 1.9924 0.0 
9290000 43598 513.331 11251010.919 234.258 2.2613 0.0 
9300000 43608 597.456 11256519.165 290.597 2.6186 0.0 
9310000 43626 596.63 11261594.42 293.044 2.6127 0.0 
9320000 43651 513.188 11266694.28 256.038 2.2528 0.0 
9330000 43676 466.98 11271955.286 236.479 2.0545 0.0 
9340000 43693 503.634 11276591.391 247.961 2.2116 0.0 
9350000 43708 551.925 11281722.637 275.547 2.4068 0.0 
9360000 43719 625.555 11286882.414 315.241 2.744 0.0 
9370000 43732 665.564 11291620.057 329.765 2.9368 0.0 
9380000 43745 686.094 11295896.4 327.969 3.0267 0.0 
9390000 43758 695.402 11300249.935 324.57 3.0785 0.0 
9400000 43771 718.886 11305182.969 341.721 3.1904 0.0 
9410000 43786 709.024 11309572.431 329.958 3.1375 0.0 
9420000 43799 717.59 11313976.596 329.654 3.1778 0.0 
9430000 43814 707.032 11318951.425 331.396 3.1433 0.0 
9440000 43834 628.253 11324085.45 301.064 2.7996 0.0 
9450000 43845 687.004 11328785.283 327.885 3.0718 0.0 
9460000 43864 632.584 11333126.421 294.138 2.8122 0.0 
9470000 43881 606.362 11337457.046 277.592 2.6904 0.0 
9480000 43904 540.314 11340829.238 227.867 2.3685 0.0 
9490000 43915 615.091 11344574.906 251.221 2.6837 0.0 
9500000 43926 672.778 11348044.816 263.846 2.9497 0.0 
9510000 43938 708.233 11351548.195 270.057 3.1118 0.0 
9520000 43950 744.782 11355177.122 280.262 3.2666 0.0 
9530000 43960 790.583 11359480.165 307.438 3.4969 0.0 
9540000 43971 803.703 11364078.331 324.154 3.5883 0.0 
9550000 43983 820.275 11369207.211 351.285 3.6627 0.0 
9560000 44002 721.494 11373736.099 312.778 3.2132 0.0 
9570000 44019 686.4 11377859.677 294.263 3.0431 0.0 
9580000 44033 698.68 11382235.437 301.185 3.0996 0.0 
9590000 44091 336.097 11386425.538 143.142 1.4975 0.0 
9600000 44170 168.145 11389729.502 60.395 0.7492 0.0 
9610000 44216 185.252 11393927.187 73.643 0.825 0.0 
9620000 44320 128.993 11398015.747 55.481 0.5632 0.0 
9630000 44341 250.467 11402725.306 114.818 1.1032 0.0 
9640000 44351 385.416 11407675.044 183.864 1.7113 0.0 
9650000 44370 430.796 11411359.617 187.642 1.9228 0.0 
9660000 44387 480.943 11415211.473 200.34 2.144 0.0 
9670000 44402 515.237 11419391.578 214.467 2.2917 0.0 
9680000 44417 560.944 11421914.843 205.135 2.491 0.0 
9690000 44431 593.884 11424783.456 201.417 2.6114 0.0 
9700000 44444 643.349 11428966.325 232.364 2.8288 0.0 
9710000 44457 668.81 11433274.687 253.692 2.9371 0.0 
9720000 44468 719.544 11437685.051 284.141 3.1629 0.0 
9730000 44479 757.87 11441485.438 297.079 3.3341 0.0 
9740000 44491 764.603 11446076.133 310.947 3.3779 0.0 
9750000 44502 792.793 11450487.676 329.079 3.5116 0.0 
9760000 44518 750.225 11453340.115 290.572 3.3184 0.0 
9770000 44533 728.115 11455798.173 256.891 3.2005 0.0 
9780000 44545 737.122 11460296.272 276.032 3.2344 0.0 
9790000 44560 720.866 11464825.992 283.36 3.1677 0.0 
9800000 44573 729.518 11470019.835 309.025 3.1968 0.0 
9810000 44597 618.234 11475677.185 286.563 2.6997 0.0 
9820000 44620 539.914 11482935.732 290.858 2.3434 0.0 
9830000 44634 577.061 11489692.803 334.915 2.4877 0.0 
9840000 44647 627.601 11497220.983 394.639 2.7119 0.0 
9850000 44663 621.415 11504604.627 409.93 2.6789 0.0 
9860000 44679 629.755 11511699.459 423.918 2.7232 0.0 
9870000 44702 549.528 11518674.975 374.712 2.3748 0.0 
9880000 44731 451.593 11525211.269 303.37 1.9509 0.0 
9890000 44779 297.099 11531263.674 188.817 1.276 0.0 
9900000 44809 310.414 11536988.493 186.747 1.3374 0.0 
9910000 44827 386.229 11541842.677 213.603 1.6817 0.0 
9920000 44850 406.799 11546475.925 210.441 1.7719 0.0 
9930000 44864 480.524 11551741.992 250.181 2.1083 0.0 
9940000 44877 541.469 11557567.555 293.062 2.3982 0.0 
9950000 44891 578.867 11562983.67 313.077 2.5737 0.0 
9960000 44902 639.712 11568037.424 340.224 2.8611 0.0 
9970000 44914 687.977 11573516.146 369.166 3.0817 0.0 
9980000 44925 735.042 11578926.776 394.03 3.2953 0.0 
9990000 44936 766.203 11584379.0 413.152 3.4205 0.0 
10000000 44950 744.97 11589763.381 402.348 3.3274 0.0 
