1000 1 13.74 -246.95 -4.352 0.2939 0.0 
2000 2 27.165 -530.386 -8.224 0.5488 0.0 
3000 3 56.322 -807.814 -15.484 1.1823 0.0 
4000 3 56.322 -998.23 -15.484 1.1823 0.0 
5000 4 85.235 -1191.912 -20.713 1.7788 0.0 
6000 5 113.571 -1380.13 -26.307 2.3768 0.0 
7000 6 127.739 -1636.647 -30.327 2.6306 0.0 
8000 7 136.145 -1926.783 -33.492 2.7654 0.0 
9000 9 160.455 -2307.76 -41.761 3.2402 0.0 
10000 9 160.455 -2503.819 -41.761 3.2402 0.0 
11000 10 182.806 -2789.12 -47.742 3.6596 0.0 
12000 12 208.657 -3166.066 -55.878 4.1714 0.0 
13000 14 223.035 -3506.095 -60.997 4.4836 0.0 
14000 14 223.035 -3688.251 -60.997 4.4836 0.0 
15000 16 256.702 -3986.84 -68.485 5.0641 0.0 
16000 17 268.548 -4286.64 -72.508 5.3315 0.0 
17000 23 254.662 -4903.222 -75.526 5.884 0.0 
18000 29 243.05 -5658.888 -80.925 7.5555 0.0 
19000 37 230.216 -6559.09 -88.091 10.1451 0.0 
20000 52 187.798 -7653.257 -83.742 9.9911 0.0 
21000 64 165.598 -8324.653 -77.663 10.4245 0.0 
22000 65 163.586 -8570.124 -77.95 10.3983 0.0 
23000 66 190.354 -8694.316 -79.983 13.8515 0.0 
24000 68 204.326 -8845.742 -80.319 16.038 0.0 
25000 70 211.361 -9144.292 -83.371 17.3639 0.0 
26000 71 230.054 -9408.025 -86.437 20.0267 0.0 
27000 72 247.493 -9661.029 -90.638 22.5479 0.0 
28000 73 264.863 -9834.89 -94.127 25.0342 0.0 
29000 75 278.62 -9997.434 -92.26 27.3252 0.0 
30000 76 278.568 -10235.574 -93.058 27.5 0.0 
31000 78 293.787 -10456.373 -96.53 30.2722 0.0 
32000 80 306.495 -10747.94 -98.038 31.9042 0.0 
33000 83 309.566 -11224.753 -101.051 32.4601 0.0 
34000 86 298.506 -11667.532 -102.407 31.4474 0.0 
35000 90 305.521 -12121.341 -104.349 32.6217 0.0 
36000 92 305.129 -12362.441 -105.334 32.7156 0.0 
37000 95 304.145 -12807.601 -106.307 32.8651 0.0 
38000 98 318.274 -13295.986 -111.37 34.612 0.0 
39000 101 319.958 -13665.833 -112.117 34.9317 0.0 
40000 103 322.152 -13858.878 -112.262 35.2654 0.0 
41000 105 326.774 -14258.478 -113.461 35.9509 0.0 
42000 110 319.074 -14946.571 -116.67 35.3348 0.0 
43000 110 319.074 -15045.041 -116.67 35.3348 0.0 
44000 112 336.778 -15194.02 -117.791 37.4508 0.0 
45000 114 350.544 -15479.156 -117.754 39.1087 0.0 
46000 115 353.393 -15702.395 -119.196 39.5035 0.0 
47000 117 371.198 -15651.867 -115.979 41.6764 0.0 
48000 121 363.644 -15457.7 -101.814 41.0882 0.0 
49000 125 354.276 -15357.492 -92.794 40.2152 0.0 
50000 128 351.312 -14582.663 -74.863 40.084 0.0 
51000 133 332.322 -13857.092 -59.285 38.0364 0.0 
52000 142 301.097 -12866.34 -24.153 34.7718 0.0 
53000 149 280.778 -11816.748 0.452 32.6643 0.0 
54000 152 278.993 -9707.755 30.587 32.5677 0.0 
55000 160 259.538 -8955.927 48.246 30.5155 0.0 
56000 165 255.575 -7560.679 73.882 30.1526 0.0 
57000 169 252.947 -5766.113 99.691 29.9752 0.0 
58000 176 238.898 -5081.51 98.847 28.4308 0.0 
59000 181 233.002 -3873.529 109.579 27.8863 0.0 
60000 185 236.3 -2832.832 125.934 28.3536 0.0 
61000 190 232.834 -1579.068 135.51 28.0693 0.0 
62000 198 217.802 -1003.218 128.444 26.3495 0.0 
63000 204 212.021 240.056 137.26 25.8189 0.0 
64000 208 214.833 2099.806 163.276 26.3298 0.0 
65000 214 209.38 3727.586 175.074 25.7902 0.0 
66000 218 209.956 5913.422 199.094 25.9371 0.0 
67000 221 216.782 8240.65 232.928 26.8694 0.0 
68000 225 217.746 9735.708 238.635 26.9506 0.0 
69000 229 223.232 11601.386 262.103 27.6885 0.0 
70000 233 227.234 13427.614 282.214 28.2609 0.0 
71000 237 224.163 15261.38 283.174 27.9861 0.0 
72000 241 226.59 17404.148 309.379 28.4004 0.0 
73000 244 232.552 19337.397 321.969 29.14 0.0 
74000 249 231.467 21355.155 335.758 29.1011 0.0 
75000 253 234.044 23556.112 355.395 29.4755 0.0 
76000 257 235.655 25587.293 368.087 29.7022 0.0 
77000 261 237.946 27798.409 385.221 30.0497 0.0 
78000 264 241.748 30305.746 407.487 30.6357 0.0 
79000 267 246.75 32640.951 429.066 31.3057 0.0 
80000 270 251.024 35200.989 450.837 31.8942 0.0 
81000 273 255.195 37619.619 470.354 32.4636 0.0 
82000 276 259.234 39439.92 478.544 32.9553 0.0 
83000 279 264.158 41799.819 496.022 33.6089 0.0 
84000 282 267.661 44230.151 513.129 34.0884 0.0 
85000 285 270.457 46696.79 529.267 34.4834 0.0 
86000 289 273.919 49190.123 549.035 34.9377 0.0 
87000 292 270.958 51455.671 546.058 34.5928 0.0 
88000 296 274.668 54015.436 565.816 35.1415 0.0 
89000 299 277.956 56470.608 580.325 35.5955 0.0 
90000 302 280.221 58938.942 592.499 35.8938 0.0 
91000 305 282.119 61587.149 605.897 36.1857 0.0 
92000 309 279.482 63997.535 605.997 35.8931 0.0 
93000 313 278.54 65974.555 600.03 35.744 0.0 
94000 317 274.63 68413.165 593.59 35.2434 0.0 
95000 322 269.281 70304.624 584.253 34.5879 0.0 
96000 325 269.396 71883.295 566.757 34.5621 0.0 
97000 330 262.892 74122.977 554.866 33.7145 0.0 
98000 336 255.004 76134.968 537.97 32.6917 0.0 
99000 340 253.34 77907.06 526.371 32.4565 0.0 
100000 343 258.044 80045.265 537.716 32.9714 0.0 
