10000 362 27.689 3234.606 8.701 0.0191 0.0 
20000 724 26.563 6572.634 9.287 0.0183 0.0 
30000 1088 26.769 9667.453 8.421 0.0184 0.0 
40000 1449 28.556 12996.76 9.429 0.0196 0.0 
50000 1813 28.702 16311.331 9.587 0.0198 0.0 
60000 2185 25.28 19528.345 7.753 0.018 0.0 
70000 2543 29.683 22958.135 10.363 0.0209 0.0 
80000 2888 29.902 26524.469 11.599 0.0214 0.0 
90000 3242 26.495 29752.403 7.887 0.0185 0.0 
100000 3608 27.764 33157.066 9.864 0.0195 0.0 
110000 4080 23.701 37577.023 14.479 0.0973 0.0 
120000 4496 24.773 44760.879 18.971 0.1004 0.0 
130000 4930 21.78 52608.985 16.786 0.0888 0.0 
140000 5402 22.236 59889.009 16.364 0.0959 0.0 
150000 5832 24.738 67724.245 20.578 0.0988 0.0 
160000 6160 37.272 76351.562 33.013 0.1553 0.0 
170000 6338 64.655 84424.085 48.76 0.2638 0.0 
180000 6479 67.113 92431.436 54.478 0.2762 0.0 
190000 6618 76.972 101303.493 68.162 0.3162 0.0 
200000 6715 95.265 109830.122 83.3 0.3999 0.0 
210000 6829 85.322 118976.757 78.28 0.3572 0.0 
220000 6958 77.319 128273.903 72.065 0.3164 0.0 
230000 7081 80.597 137586.149 76.118 0.3406 0.0 
240000 7208 79.118 147454.102 77.93 0.3276 0.0 
250000 7322 86.039 156993.615 82.475 0.3582 0.0 
260000 7437 89.664 166702.934 85.36 0.3741 0.0 
270000 7548 77.614 174864.227 64.653 0.3299 0.0 
280000 7629 107.475 182332.249 81.979 0.4585 0.0 
290000 7663 193.436 190097.49 149.673 0.8195 0.0 
300000 7681 311.647 198572.46 253.882 1.314 0.0 
310000 7693 417.518 206941.103 343.754 1.7537 0.0 
320000 7704 516.088 214615.528 416.551 2.1588 0.0 
330000 7716 589.658 222631.006 472.321 2.452 0.0 
340000 7727 657.729 231811.981 548.715 2.7249 0.0 
350000 7737 714.266 240861.618 608.526 2.9614 0.0 
360000 7747 766.534 250810.89 678.27 3.1612 0.0 
370000 7758 797.298 260839.59 727.361 3.2858 0.0 
380000 7768 828.052 271226.605 776.485 3.4166 0.0 
390000 7782 795.999 282314.433 776.163 3.2736 0.0 
400000 7793 825.224 293565.489 831.87 3.4075 0.0 
410000 7810 748.278 304442.633 767.956 3.1231 0.0 
420000 7828 705.287 314867.151 727.529 2.9474 0.0 
430000 7847 637.141 324380.039 643.318 2.6651 0.0 
440000 7859 672.492 335151.656 689.191 2.8052 0.0 
450000 7877 645.963 345875.77 672.663 2.6967 0.0 
460000 7890 670.898 357488.069 716.328 2.7923 0.0 
470000 7910 619.482 369530.036 686.032 2.5716 0.0 
480000 7930 581.265 381825.465 664.544 2.3951 0.0 
490000 7960 445.422 393487.976 508.592 1.8297 0.0 
500000 7972 529.45 406595.913 635.657 2.1644 0.0 
510000 7989 533.418 419042.235 646.404 2.1875 0.0 
520000 8005 569.239 431431.262 695.758 2.3476 0.0 
530000 8030 487.509 443536.476 592.536 2.0027 0.0 
540000 8043 556.663 456071.33 683.719 2.2798 0.0 
550000 8056 613.122 469392.754 772.252 2.5199 0.0 
560000 8072 612.323 482396.799 778.584 2.5058 0.0 
570000 8088 616.376 495309.554 787.667 2.5075 0.0 
580000 8101 651.063 508088.894 832.124 2.6452 0.0 
590000 8117 634.721 520944.629 812.09 2.5899 0.0 
600000 8136 600.796 534375.042 777.483 2.4587 0.0 
610000 8152 605.988 547838.88 793.012 2.4716 0.0 
620000 8167 617.687 561893.972 825.557 2.5187 0.0 
630000 8184 618.249 575451.581 830.024 2.533 0.0 
640000 8206 557.112 587487.134 724.527 2.2861 0.0 
650000 8220 597.249 600977.001 784.331 2.4591 0.0 
660000 8235 610.733 615052.147 817.492 2.5171 0.0 
670000 8255 566.476 629240.468 772.168 2.3302 0.0 
680000 8269 600.62 643251.605 823.269 2.4779 0.0 
690000 8292 544.637 656147.756 734.774 2.2489 0.0 
700000 8308 567.223 669473.302 763.109 2.3352 0.0 
710000 8319 616.364 684419.756 853.367 2.5343 0.0 
720000 8334 630.52 698721.659 881.716 2.5882 0.0 
730000 8347 677.27 712398.886 942.617 2.7927 0.0 
740000 8361 683.995 726608.315 957.509 2.8253 0.0 
750000 8384 592.65 740222.825 822.749 2.4469 0.0 
760000 8407 542.803 753887.821 750.295 2.2319 0.0 
770000 8431 501.395 766597.907 676.724 2.0469 0.0 
780000 8446 536.587 780991.191 738.915 2.1965 0.0 
790000 8463 553.901 794294.62 754.05 2.2701 0.0 
800000 8479 571.306 804265.732 717.868 2.3525 0.0 
810000 8495 581.147 816532.029 725.709 2.3819 0.0 
820000 8508 625.252 830783.653 812.361 2.5694 0.0 
830000 8526 590.991 845068.156 785.345 2.4375 0.0 
840000 8554 498.091 857971.717 659.184 2.0538 0.0 
850000 8582 433.32 871854.909 582.722 1.7832 0.0 
860000 8600 466.606 886389.074 644.779 1.9195 0.0 
870000 8627 429.113 900833.744 602.773 1.7549 0.0 
880000 8669 314.946 913756.018 427.385 1.2846 0.0 
890000 8686 399.81 928038.745 555.797 1.6256 0.0 
900000 8711 400.477 942377.151 563.255 1.6443 0.0 
910000 8740 383.885 953783.408 504.441 1.583 0.0 
920000 8771 353.333 967008.503 465.7 1.4426 0.0 
930000 8810 305.681 980242.54 402.63 1.2486 0.0 
940000 8839 322.493 989933.343 366.302 1.3076 0.0 
950000 8863 351.896 995132.274 306.691 1.4526 0.0 
960000 8888 369.807 1004197.177 324.052 1.5224 0.0 
970000 8905 440.304 1016246.661 446.705 1.8116 0.0 
980000 8920 493.982 1029400.613 554.217 2.0258 0.0 
990000 8934 549.386 1044371.854 682.754 2.2605 0.0 
1000000 8950 565.65 1059290.677 745.153 2.326 0.0 
1010000 8965 593.678 1074764.499 821.312 2.441 0.0 
1020000 9020 311.582 1088864.541 432.433 1.2817 0.0 
1030000 9050 328.489 1100425.123 423.81 1.346 0.0 
1040000 9079 336.827 1111218.767 394.124 1.394 0.0 
1050000 9104 359.925 1121150.221 392.384 1.4831 0.0 
1060000 9133 345.701 1135179.672 421.368 1.4191 0.0 
1070000 9154 390.858 1149109.406 505.543 1.5971 0.0 
1080000 9199 279.345 1162926.155 371.122 1.1409 0.0 
1090000 9271 161.813 1174919.373 199.483 0.6657 0.0 
1100000 9321 210.005 1186971.312 257.152 0.8662 0.0 
1110000 9342 297.643 1198056.528 345.299 1.2288 0.0 
1120000 9387 253.55 1210017.533 298.085 1.0526 0.0 
1130000 9445 193.109 1222811.022 237.966 0.7951 0.0 
1140000 9490 214.231 1236043.237 276.711 0.8765 0.0 
1150000 9542 198.815 1249872.004 267.702 0.8134 0.0 
1160000 9602 179.936 1262403.563 223.02 0.7357 0.0 
1170000 9661 170.929 1276371.859 228.098 0.7052 0.0 
1180000 9683 266.707 1291081.013 377.094 1.0975 0.0 
1190000 9707 324.603 1305177.825 458.269 1.3422 0.0 
1200000 9727 374.546 1319750.061 535.897 1.556 0.0 
1210000 9745 445.098 1333129.174 620.561 1.842 0.0 
1220000 9765 455.007 1343014.412 572.442 1.8784 0.0 
1230000 9793 419.212 1352209.498 473.131 1.7254 0.0 
1240000 9814 426.584 1364596.7 499.528 1.7662 0.0 
1250000 9830 491.889 1379319.871 626.594 2.0391 0.0 
1260000 9855 454.314 1394479.117 617.22 1.8836 0.0 
1270000 9890 362.21 1409183.471 506.317 1.4951 0.0 
1280000 9910 395.812 1423697.39 561.208 1.6454 0.0 
1290000 9932 420.371 1437042.674 581.282 1.7426 0.0 
1300000 9974 314.68 1450433.533 427.193 1.2912 0.0 
1310000 10034 195.414 1464026.483 263.285 0.8013 0.0 
1320000 10142 100.074 1476012.825 121.006 0.4233 0.0 
1330000 10198 160.372 1489643.05 214.924 0.6777 0.0 
1340000 10242 199.89 1502918.308 266.263 0.8207 0.0 
1350000 10282 219.322 1515978.096 284.066 0.9124 0.0 
1360000 10326 223.589 1528578.747 285.891 0.9248 0.0 
1370000 10366 233.633 1541474.175 300.064 0.9577 0.0 
1380000 10409 239.92 1554467.404 309.502 0.99 0.0 
1390000 10439 279.762 1567399.591 363.325 1.1563 0.0 
1400000 10485 237.799 1580237.832 305.681 0.9773 0.0 
1410000 10523 250.113 1594223.4 338.69 1.0252 0.0 
1420000 10546 321.044 1609276.013 460.001 1.3167 0.0 
1430000 10568 372.191 1620802.185 486.656 1.5324 0.0 
1440000 10582 450.673 1628219.162 493.695 1.8781 0.0 
1450000 10594 538.907 1633040.384 476.98 2.2437 0.0 
1460000 10605 614.084 1639011.484 491.491 2.5638 0.0 
1470000 10643 422.051 1643614.043 290.49 1.7536 0.0 
1480000 10684 337.732 1648004.48 195.462 1.403 0.0 
1490000 10733 239.479 1652100.961 118.034 0.994 0.0 
1500000 10759 301.698 1657751.47 162.82 1.2521 0.0 
1510000 10794 298.989 1664432.639 174.441 1.2344 0.0 
1520000 10814 371.331 1669181.338 200.295 1.5461 0.0 
1530000 10827 460.182 1674330.914 243.325 1.9093 0.0 
1540000 10839 531.689 1679552.836 281.612 2.2306 0.0 
1550000 10853 575.733 1684148.379 292.715 2.3993 0.0 
1560000 10871 579.643 1688862.681 287.763 2.422 0.0 
1570000 10881 650.583 1693936.541 324.321 2.7219 0.0 
1580000 10894 669.256 1699177.676 339.756 2.7854 0.0 
1590000 10954 298.265 1705352.535 165.652 1.2311 0.0 
1600000 11021 190.857 1713108.719 129.112 0.7899 0.0 
1610000 11123 111.322 1722062.121 96.695 0.4597 0.0 
1620000 11166 187.944 1732462.641 186.455 0.7869 0.0 
1630000 11203 230.976 1743262.398 241.913 0.9709 0.0 
1640000 11241 247.507 1752109.223 240.136 1.0119 0.0 
1650000 11279 267.079 1760878.338 243.759 1.1044 0.0 
1660000 11339 171.501 1768655.643 140.267 0.7215 0.0 
1670000 11413 157.914 1779351.35 164.773 0.6586 0.0 
1680000 11441 236.255 1792541.951 285.161 0.969 0.0 
1690000 11492 209.375 1804492.63 251.629 0.8631 0.0 
1700000 11559 150.331 1816163.223 174.783 0.6191 0.0 
1710000 11649 118.586 1826264.773 121.451 0.484 0.0 
1720000 11698 169.651 1833404.248 135.001 0.7029 0.0 
1730000 11774 140.57 1843065.968 130.831 0.5845 0.0 
1740000 11844 152.056 1852855.181 145.659 0.6357 0.0 
1750000 11888 183.285 1859648.963 143.574 0.7645 0.0 
1760000 11915 262.354 1864862.69 165.216 1.0949 0.0 
1770000 11946 293.609 1870977.233 179.467 1.2306 0.0 
1780000 11976 325.477 1877193.546 200.432 1.3486 0.0 
1790000 12018 263.705 1886740.062 207.433 1.101 0.0 
1800000 12061 253.025 1898571.37 255.847 1.0479 0.0 
1810000 12081 328.839 1911068.143 370.896 1.3646 0.0 
1820000 12102 375.203 1923891.184 445.542 1.5495 0.0 
1830000 12114 477.328 1934256.443 540.229 1.9633 0.0 
1840000 12151 366.523 1946610.192 429.586 1.5186 0.0 
1850000 12176 369.736 1959726.011 453.171 1.5322 0.0 
1860000 12204 363.773 1971734.978 438.286 1.5062 0.0 
1870000 12227 385.636 1981166.534 428.76 1.6137 0.0 
1880000 12262 328.735 1986926.48 288.723 1.3724 0.0 
1890000 12280 409.698 1992900.274 307.785 1.7088 0.0 
1900000 12295 474.363 1999702.702 346.225 1.9822 0.0 
1910000 12310 525.521 2006696.864 376.311 2.1885 0.0 
1920000 12325 559.813 2013315.6 391.302 2.3064 0.0 
1930000 12335 629.323 2020685.299 448.176 2.5825 0.0 
1940000 12350 636.661 2027400.671 446.974 2.6128 0.0 
1950000 12372 572.907 2037084.195 442.287 2.3669 0.0 
1960000 12402 461.921 2048779.229 415.993 1.9053 0.0 
1970000 12427 446.789 2060213.186 445.85 1.8464 0.0 
1980000 12467 340.287 2070857.415 349.669 1.4024 0.0 
1990000 12495 342.974 2081915.438 363.936 1.4091 0.0 
2000000 12547 243.964 2092304.673 255.041 0.9914 0.0 
2010000 12602 201.651 2103012.213 212.252 0.8217 0.0 
2020000 12648 203.901 2113922.27 218.562 0.8457 0.0 
2030000 12722 143.813 2124243.842 148.196 0.5967 0.0 
2040000 12802 132.035 2134002.89 131.948 0.543 0.0 
2050000 12878 139.237 2144135.411 142.211 0.5719 0.0 
2060000 12948 139.348 2155267.625 151.907 0.5701 0.0 
2070000 12980 217.388 2168439.744 269.323 0.8951 0.0 
2080000 13008 283.194 2181741.328 365.435 1.169 0.0 
2090000 13024 365.76 2194769.96 474.784 1.4995 0.0 
2100000 13052 368.205 2207374.742 471.769 1.518 0.0 
2110000 13097 297.975 2217728.052 346.481 1.2397 0.0 
2120000 13133 287.989 2229174.17 331.909 1.1921 0.0 
2130000 13157 326.229 2240722.898 375.832 1.36 0.0 
2140000 13179 386.445 2253438.645 467.508 1.6075 0.0 
2150000 13194 450.099 2266993.222 567.346 1.8602 0.0 
2160000 13218 447.378 2279802.053 567.588 1.865 0.0 
2170000 13258 339.218 2290941.308 408.82 1.405 0.0 
2180000 13298 276.72 2303612.663 340.307 1.1442 0.0 
2190000 13364 180.374 2314219.042 204.869 0.7457 0.0 
2200000 13463 104.886 2323249.099 99.509 0.4313 0.0 
2210000 13500 191.666 2335063.674 214.029 0.7986 0.0 
2220000 13543 213.407 2346350.268 239.747 0.8804 0.0 
2230000 13602 171.964 2357415.38 188.865 0.7088 0.0 
2240000 13665 174.09 2368009.908 188.73 0.7186 0.0 
2250000 13689 257.353 2379405.91 286.974 1.0649 0.0 
2260000 13721 276.637 2390628.994 309.183 1.1458 0.0 
2270000 13732 402.61 2402693.514 467.194 1.6673 0.0 
2280000 13747 469.085 2414734.53 551.524 1.9343 0.0 
2290000 13780 393.368 2424245.476 430.401 1.6263 0.0 
2300000 13842 236.405 2433245.321 236.666 0.9811 0.0 
2310000 13880 237.021 2443971.875 245.135 0.9794 0.0 
2320000 13897 343.239 2455692.316 376.944 1.4218 0.0 
2330000 13913 434.473 2468191.861 506.867 1.8019 0.0 
2340000 14126 42.679 2473225.295 20.676 0.1796 0.0 
2350000 14181 147.065 2482172.329 130.881 0.6145 0.0 
2360000 14236 180.546 2493320.755 194.907 0.756 0.0 
2370000 14270 235.926 2506230.766 285.912 0.9639 0.0 
2380000 14310 246.05 2517150.246 281.556 1.0089 0.0 
2390000 14329 338.652 2522541.157 284.596 1.4041 0.0 
2400000 14345 425.251 2526957.974 286.788 1.7863 0.0 
2410000 14360 487.893 2532157.337 301.767 2.075 0.0 
2420000 14378 504.517 2537706.993 300.902 2.1372 0.0 
2430000 14389 581.209 2545894.689 387.444 2.4611 0.0 
2440000 14401 632.804 2556022.116 486.055 2.6573 0.0 
2450000 14427 532.766 2562408.56 384.826 2.2417 0.0 
2460000 14461 427.064 2566708.497 265.685 1.7935 0.0 
2470000 14501 328.027 2571030.017 177.197 1.3693 0.0 
2480000 14522 377.628 2575583.432 189.846 1.5735 0.0 
2490000 14564 284.452 2580280.935 137.698 1.1899 0.0 
2500000 14581 382.29 2585728.826 196.203 1.5901 0.0 
2510000 14598 441.649 2591937.667 245.34 1.8309 0.0 
2520000 14615 484.312 2598710.92 289.924 2.014 0.0 
2530000 14665 286.805 2605095.793 176.612 1.1868 0.0 
2540000 14704 267.42 2610893.058 160.229 1.1016 0.0 
2550000 14739 268.347 2616760.0 161.048 1.109 0.0 
2560000 14812 164.714 2624053.748 111.302 0.6768 0.0 
2570000 14828 289.169 2629106.4 167.045 1.1958 0.0 
2580000 14843 386.548 2633753.071 203.635 1.6159 0.0 
2590000 14855 478.189 2638737.741 246.998 1.9991 0.0 
2600000 14866 556.534 2643554.439 281.453 2.3322 0.0 
2610000 14970 116.237 2647881.239 54.816 0.487 0.0 
2620000 15158 50.195 2652551.284 22.98 0.2115 0.0 
2630000 15254 92.252 2657848.748 47.356 0.3876 0.0 
2640000 15380 87.964 2664095.618 51.033 0.3756 0.0 
2650000 15424 152.481 2671901.591 110.274 0.6351 0.0 
2660000 15484 171.369 2677503.302 103.721 0.7173 0.0 
2670000 15565 124.686 2684520.403 86.779 0.5171 0.0 
2680000 15615 175.812 2690274.851 103.465 0.7304 0.0 
2690000 15661 189.699 2697714.366 133.029 0.7967 0.0 
2700000 15705 210.406 2706137.335 165.466 0.8851 0.0 
2710000 15737 258.838 2713469.673 196.348 1.0835 0.0 
2720000 15758 327.729 2720266.567 236.802 1.3814 0.0 
2730000 15800 280.291 2727042.166 196.213 1.1703 0.0 
2740000 15845 239.283 2735163.711 181.029 1.0045 0.0 
2750000 15893 216.715 2739605.044 123.0 0.9154 0.0 
2760000 15947 209.546 2743538.327 95.878 0.8819 0.0 
2770000 15962 335.923 2748694.067 164.747 1.412 0.0 
2780000 15979 401.715 2754782.526 215.666 1.6805 0.0 
2790000 15991 494.533 2760399.591 269.661 2.0647 0.0 
2800000 16024 394.832 2766776.287 229.11 1.6626 0.0 
2810000 16063 297.17 2771001.821 152.673 1.2381 0.0 
2820000 16109 255.501 2778369.959 164.396 1.0675 0.0 
2830000 16171 167.036 2786514.159 121.219 0.6922 0.0 
2840000 16196 249.591 2795701.021 207.498 1.0281 0.0 
2850000 16212 367.035 2803067.874 290.95 1.517 0.0 
2860000 16225 451.96 2809754.334 337.947 1.8728 0.0 
2870000 16242 497.122 2816192.54 353.123 2.075 0.0 
2880000 16267 446.126 2822955.529 312.966 1.8703 0.0 
2890000 16306 344.413 2828971.337 224.612 1.4308 0.0 
2900000 16337 320.941 2835386.499 209.186 1.3407 0.0 
2910000 16383 240.139 2840840.922 144.312 0.9993 0.0 
2920000 16465 185.51 2846130.469 103.313 0.7712 0.0 
2930000 16480 311.095 2850822.203 158.406 1.3104 0.0 
2940000 16498 390.981 2856327.085 206.297 1.6385 0.0 
2950000 16522 391.909 2861604.422 206.907 1.6348 0.0 
2960000 16546 404.978 2867490.31 224.815 1.6817 0.0 
2970000 16577 360.983 2873495.521 206.531 1.4965 0.0 
2980000 16672 150.449 2878766.375 85.002 0.6221 0.0 
2990000 16714 196.461 2883945.23 103.548 0.8246 0.0 
3000000 16773 177.962 2889054.717 91.184 0.7473 0.0 
3010000 16818 200.573 2894650.151 109.846 0.8361 0.0 
3020000 16846 258.852 2901261.016 159.651 1.0778 0.0 
3030000 16884 270.696 2906835.972 158.607 1.1257 0.0 
3040000 16911 319.336 2912597.086 185.942 1.3307 0.0 
3050000 16952 253.035 2918760.496 155.039 1.0516 0.0 
3060000 17038 156.939 2924022.123 84.279 0.6471 0.0 
3070000 17086 205.067 2929232.688 107.956 0.8535 0.0 
3080000 17137 192.342 2934650.99 102.119 0.8139 0.0 
3090000 17166 248.711 2939847.144 126.239 1.0639 0.0 
3100000 17204 269.806 2945346.665 145.24 1.1396 0.0 
3110000 17239 282.189 2950620.687 151.132 1.1961 0.0 
3120000 17257 364.833 2956507.062 204.219 1.5441 0.0 
3130000 17283 370.161 2963077.117 223.085 1.5605 0.0 
3140000 17312 353.195 2969719.958 222.727 1.4792 0.0 
3150000 17349 289.961 2976234.706 184.241 1.2109 0.0 
3160000 17443 149.298 2982023.798 91.765 0.6206 0.0 
3170000 17476 221.916 2988127.439 135.878 0.9267 0.0 
3180000 17509 275.935 2994166.773 167.026 1.1417 0.0 
3190000 17536 315.794 2998966.364 171.962 1.3208 0.0 
3200000 17578 253.427 3003676.997 129.203 1.0621 0.0 
3210000 17641 186.885 3009175.468 101.014 0.78 0.0 
3220000 17676 235.612 3016072.168 149.786 0.9872 0.0 
3230000 17692 338.5 3024033.295 244.249 1.4113 0.0 
3240000 17716 376.674 3031738.603 279.541 1.5796 0.0 
3250000 17747 339.995 3040198.598 265.765 1.413 0.0 
3260000 17791 263.821 3048237.064 208.861 1.095 0.0 
3270000 17831 262.244 3055805.005 202.208 1.0968 0.0 
3280000 17864 279.104 3063005.055 205.471 1.1722 0.0 
3290000 17894 306.817 3070411.364 226.143 1.2856 0.0 
3300000 17914 379.187 3075836.413 245.956 1.5885 0.0 
3310000 17944 355.067 3082081.902 225.544 1.5006 0.0 
3320000 17979 321.943 3089042.969 214.318 1.3478 0.0 
3330000 18055 146.16 3094872.342 88.041 0.6111 0.0 
3340000 18124 142.897 3100678.838 82.568 0.5929 0.0 
3350000 18175 164.601 3107012.32 102.031 0.6916 0.0 
3360000 18222 182.127 3113646.917 117.514 0.7724 0.0 
3370000 18262 210.862 3119092.952 125.293 0.8939 0.0 
3380000 18307 229.646 3124625.787 130.266 0.9737 0.0 
3390000 18348 239.836 3129777.387 129.897 1.0078 0.0 
3400000 18373 294.562 3134522.56 148.399 1.2442 0.0 
3410000 18420 228.461 3140188.896 122.678 0.9661 0.0 
3420000 18472 232.272 3145201.73 120.011 0.9753 0.0 
3430000 18494 301.195 3150682.096 159.835 1.2749 0.0 
3440000 18541 256.113 3155363.794 126.625 1.0854 0.0 
3450000 18570 303.868 3160255.813 149.256 1.2802 0.0 
3460000 18613 251.49 3164626.376 117.0 1.0593 0.0 
3470000 18654 238.652 3168946.223 107.445 1.0046 0.0 
3480000 18707 208.11 3174190.472 103.495 0.8698 0.0 
3490000 18727 292.629 3179427.54 148.913 1.2405 0.0 
3500000 18759 320.998 3184645.934 165.794 1.3611 0.0 
3510000 18805 257.756 3188785.121 117.899 1.0873 0.0 
3520000 18847 230.68 3193463.433 104.693 0.9751 0.0 
3530000 18878 288.624 3196976.72 116.771 1.2183 0.0 
3540000 18903 328.341 3201669.697 142.308 1.3729 0.0 
3550000 18926 356.665 3206574.382 161.576 1.4861 0.0 
3560000 18951 373.418 3211329.033 172.875 1.555 0.0 
3570000 18978 367.073 3215991.413 170.6 1.5468 0.0 
3580000 19008 349.425 3220587.515 160.155 1.4692 0.0 
3590000 19031 380.394 3226018.032 188.378 1.5939 0.0 
3600000 19056 385.662 3231018.151 191.298 1.6189 0.0 
3610000 19093 321.377 3236207.714 163.573 1.3393 0.0 
3620000 19117 345.072 3241377.508 175.838 1.4471 0.0 
3630000 19129 450.031 3247304.282 242.411 1.8967 0.0 
3640000 19194 232.207 3251623.819 113.01 0.9702 0.0 
3650000 19242 235.601 3257238.067 125.052 0.996 0.0 
3660000 19290 221.295 3262596.165 117.839 0.9324 0.0 
3670000 19315 287.028 3268017.598 154.11 1.216 0.0 
3680000 19352 272.722 3272346.109 131.916 1.1573 0.0 
3690000 19388 281.762 3276921.909 132.123 1.1908 0.0 
3700000 19414 320.983 3282105.397 159.072 1.3478 0.0 
3710000 19430 393.273 3288155.796 212.339 1.6495 0.0 
3720000 19454 399.367 3293577.167 214.938 1.6953 0.0 
3730000 19473 446.581 3299132.21 244.546 1.8939 0.0 
3740000 19513 347.778 3303029.834 168.452 1.4628 0.0 
3750000 19568 242.938 3307788.345 117.961 1.0223 0.0 
3760000 19607 250.781 3312163.546 115.729 1.0414 0.0 
3770000 19636 285.901 3317543.554 143.038 1.1966 0.0 
3780000 19651 396.36 3323158.542 208.681 1.6707 0.0 
3790000 19701 271.748 3327832.736 132.96 1.142 0.0 
3800000 19726 322.369 3332637.892 156.114 1.347 0.0 
3810000 19743 400.744 3338990.895 220.438 1.6771 0.0 
3820000 19757 484.458 3344355.376 263.418 2.0171 0.0 
3830000 19774 497.772 3349833.242 270.782 2.0696 0.0 
3840000 19798 474.036 3354953.124 252.516 1.9697 0.0 
3850000 19821 472.029 3360636.312 257.596 1.9654 0.0 
3860000 19848 430.486 3365928.547 232.069 1.7978 0.0 
3870000 19873 416.271 3370974.3 218.955 1.7448 0.0 
3880000 19887 481.578 3376117.425 251.922 2.0236 0.0 
3890000 19901 540.175 3381695.979 287.511 2.2708 0.0 
3900000 19946 328.723 3386740.24 170.239 1.3884 0.0 
3910000 19972 358.887 3391679.477 182.353 1.5156 0.0 
3920000 19996 378.402 3397234.697 200.21 1.573 0.0 
3930000 20017 414.117 3402967.245 227.374 1.7327 0.0 
3940000 20034 465.368 3408853.501 262.806 1.9504 0.0 
3950000 20058 440.095 3415280.574 261.176 1.8614 0.0 
3960000 20119 243.288 3421935.056 152.359 1.0268 0.0 
3970000 20162 235.094 3428087.272 142.795 0.9873 0.0 
3980000 20197 270.281 3433220.972 150.539 1.1288 0.0 
3990000 20258 191.606 3438932.42 106.842 0.7982 0.0 
4000000 20280 286.799 3444874.312 166.527 1.2008 0.0 
4010000 20296 371.176 3451094.203 223.081 1.5453 0.0 
4020000 20322 382.548 3457313.463 233.01 1.5995 0.0 
4030000 20342 418.489 3463333.956 254.079 1.7439 0.0 
4040000 20363 426.801 3469130.831 254.52 1.766 0.0 
4050000 20393 381.952 3474565.183 220.091 1.5766 0.0 
4060000 20423 355.713 3480389.073 205.816 1.4857 0.0 
4070000 20454 330.875 3485728.166 185.282 1.3849 0.0 
4080000 20492 288.118 3490445.932 149.192 1.2052 0.0 
4090000 20529 286.609 3495251.585 141.735 1.2042 0.0 
4100000 20566 274.064 3500292.915 138.621 1.155 0.0 
4110000 20586 356.597 3505578.201 184.269 1.5023 0.0 
4120000 20622 330.611 3510538.284 168.559 1.3853 0.0 
4130000 20678 202.759 3515548.929 101.513 0.8493 0.0 
4140000 20768 140.752 3520119.099 66.487 0.5902 0.0 
4150000 20886 114.132 3524481.163 54.441 0.4771 0.0 
4160000 20925 182.766 3529684.473 92.241 0.7639 0.0 
4170000 20979 192.175 3534561.866 95.332 0.8064 0.0 
4180000 21037 160.137 3539269.275 75.442 0.674 0.0 
4190000 21075 202.221 3544511.329 101.818 0.8456 0.0 
4200000 21224 87.565 3548917.696 42.838 0.3647 0.0 
4210000 21289 137.14 3554186.467 71.88 0.5649 0.0 
4220000 21311 237.415 3559616.637 126.74 0.9854 0.0 
4230000 21354 214.593 3564635.419 112.492 0.8966 0.0 
4240000 21449 118.555 3569647.156 60.267 0.4942 0.0 
4250000 21518 145.222 3574651.409 71.873 0.6017 0.0 
4260000 21584 143.931 3579918.577 72.97 0.6059 0.0 
4270000 21654 140.541 3584514.781 66.412 0.5911 0.0 
4280000 21698 182.105 3589925.572 93.156 0.7635 0.0 
4290000 21737 220.153 3595457.925 120.335 0.9363 0.0 
4300000 21762 283.648 3601236.154 159.902 1.2012 0.0 
4310000 21775 401.692 3606611.545 221.995 1.7018 0.0 
4320000 21787 499.753 3612094.611 276.211 2.1156 0.0 
4330000 21803 525.686 3616886.312 278.037 2.135 0.0 
4340000 21835 424.263 3621824.06 218.958 1.4208 0.0 
4350000 21876 306.356 3626566.305 153.53 0.8686 0.0 
4360000 21916 266.099 3631132.756 127.491 0.6486 0.0 
4370000 21947 304.933 3636349.456 153.559 0.6997 0.0 
4380000 21974 345.023 3641501.75 174.87 0.8457 0.0 
4390000 21990 421.87 3646210.777 207.135 1.0486 0.0 
4400000 22007 464.459 3651161.003 228.832 1.1783 0.0 
4410000 22021 531.087 3656223.351 264.41 1.3514 0.0 
4420000 22041 517.155 3661229.992 258.088 1.3243 0.0 
4430000 22052 600.217 3666658.08 307.731 1.534 0.0 
4440000 22079 477.725 3671997.943 246.287 1.227 0.0 
4450000 22097 508.366 3676874.349 257.826 1.3193 0.0 
4460000 22170 220.175 3681039.539 100.188 0.5757 0.0 
4470000 22208 231.3 3685513.665 103.786 0.5995 0.0 
4480000 22236 286.067 3690193.599 131.674 0.7301 0.0 
4490000 22255 363.904 3694931.947 170.252 0.9271 0.0 
4500000 22284 354.573 3699557.165 165.24 0.9077 0.0 
4510000 22324 268.762 3703210.078 111.089 0.6921 0.0 
4520000 22374 257.752 3707825.877 116.568 0.6733 0.0 
4530000 22394 336.326 3712781.62 159.284 0.8791 0.0 
4540000 22413 397.848 3717486.717 188.014 1.0421 0.0 
4550000 22432 434.621 3722700.786 213.827 1.1471 0.0 
4560000 22446 493.487 3727921.356 246.034 1.2862 0.0 
4570000 22458 564.628 3733520.907 292.889 1.4586 0.0 
4580000 22476 561.786 3738918.251 295.155 1.4493 0.0 
4590000 22486 630.854 3744137.396 331.712 1.6173 0.0 
4600000 22496 698.381 3749642.08 370.253 1.7812 0.0 
4610000 22507 748.361 3754828.683 394.467 1.9045 0.0 
4620000 22518 782.695 3760170.992 414.437 1.9981 0.0 
4630000 22529 804.533 3766157.007 438.24 2.0527 0.0 
4640000 22544 774.999 3771754.405 425.811 1.9816 0.0 
4650000 22567 644.211 3777429.72 356.708 1.6558 0.0 
4660000 22579 680.011 3783748.307 390.045 1.7409 0.0 
4670000 22592 697.137 3789601.296 402.708 1.7875 0.0 
4680000 22610 667.957 3796227.177 401.248 1.7159 0.0 
4690000 22635 546.671 3801697.922 317.698 1.4045 0.0 
4700000 22651 577.347 3806198.347 312.282 1.4801 0.0 
4710000 22669 559.828 3811584.909 303.025 1.4403 0.0 
4720000 22682 599.014 3817537.199 329.889 1.5434 0.0 
4730000 22701 585.834 3822268.713 311.873 1.512 0.0 
4740000 22712 640.917 3827791.976 343.684 1.6529 0.0 
4750000 22726 663.453 3833106.901 355.687 1.7041 0.0 
4760000 22745 618.063 3838551.255 332.655 1.5862 0.0 
4770000 22766 555.661 3844238.095 305.951 1.4372 0.0 
4780000 22785 543.331 3849933.243 301.639 1.4076 0.0 
4790000 22857 233.426 3854910.857 123.651 0.5978 0.0 
4800000 22907 195.926 3859787.716 98.439 0.505 0.0 
4810000 23161 29.864 3860338.273 -1.211 0.0777 0.0 
4820000 23295 111.781 3863900.527 50.722 0.2847 0.0 
4830000 23338 170.753 3869792.484 91.787 0.4452 0.0 
4840000 23368 257.825 3875311.684 141.487 0.6766 0.0 
4850000 23417 246.099 3880621.282 136.554 0.6402 0.0 
4860000 23436 342.777 3884758.676 164.676 0.885 0.0 
4870000 23450 436.94 3889018.27 200.859 1.1157 0.0 
4880000 23463 507.175 3893165.198 225.517 1.3096 0.0 
4890000 23488 467.146 3896391.782 187.477 1.2004 0.0 
4900000 23516 403.398 3900180.867 158.966 1.0399 0.0 
4910000 23557 313.888 3904342.897 125.813 0.811 0.0 
4920000 23580 351.846 3908620.53 143.453 0.9121 0.0 
4930000 23608 358.099 3912942.786 151.041 0.924 0.0 
4940000 23637 364.116 3917724.173 163.081 0.9378 0.0 
4950000 23649 450.741 3922695.797 209.504 1.1753 0.0 
4960000 23664 506.005 3927884.892 243.962 1.3234 0.0 
4970000 23682 534.453 3932949.262 262.019 1.4045 0.0 
4980000 23696 577.69 3938426.419 293.206 1.5034 0.0 
4990000 23708 628.443 3944160.482 330.108 1.6377 0.0 
5000000 23728 586.613 3949228.172 305.622 1.5189 0.0 
5010000 23750 539.907 3953814.214 268.875 1.3969 0.0 
5020000 23787 399.866 3958218.806 189.804 1.0418 0.0 
5030000 23821 333.924 3962647.783 154.99 0.8681 0.0 
5040000 23842 382.926 3967623.524 183.109 0.9906 0.0 
5050000 23863 407.917 3972044.821 188.439 1.0514 0.0 
5060000 23889 396.423 3977079.697 189.56 1.0139 0.0 
5070000 23903 484.061 3982260.13 239.501 1.2418 0.0 
5080000 23919 515.317 3987141.167 254.237 1.3277 0.0 
5090000 23951 429.658 3992039.63 213.079 1.1087 0.0 
5100000 23963 515.497 3996723.337 251.103 1.3266 0.0 
5110000 23982 522.291 4001385.825 250.327 1.3401 0.0 
5120000 24008 461.937 4006127.757 219.96 1.1776 0.0 
5130000 24027 484.963 4011647.949 244.284 1.2421 0.0 
5140000 24045 513.811 4016741.34 260.378 1.3173 0.0 
5150000 24057 569.352 4022304.133 297.348 1.4623 0.0 
5160000 24070 628.766 4026456.469 308.657 1.6152 0.0 
5170000 24083 660.915 4031201.325 321.973 1.7043 0.0 
5180000 24106 557.849 4036228.441 273.74 1.4373 0.0 
5190000 24160 316.882 4040391.557 147.598 0.817 0.0 
5200000 24182 360.941 4045086.472 166.338 0.926 0.0 
5210000 24205 386.751 4050241.165 186.582 0.979 0.0 
5220000 24217 482.026 4055543.818 244.275 1.2219 0.0 
5230000 24240 474.221 4060836.222 243.236 1.2071 0.0 
5240000 24259 488.675 4066629.069 262.238 1.2478 0.0 
5250000 24273 545.126 4072942.826 308.809 1.387 0.0 
5260000 24290 549.507 4079180.786 320.638 1.4008 0.0 
5270000 24308 550.63 4085294.638 325.156 1.4079 0.0 
5280000 24321 607.635 4091805.449 371.077 1.569 0.0 
5290000 24337 610.9 4098062.964 375.106 1.5841 0.0 
5300000 24368 463.233 4104073.656 281.536 1.1937 0.0 
5310000 24391 454.156 4110061.355 275.05 1.1731 0.0 
5320000 24421 393.366 4115248.492 225.774 1.0045 0.0 
5330000 24436 454.936 4121529.71 269.023 1.1527 0.0 
5340000 24458 460.071 4126874.713 263.44 1.169 0.0 
5350000 24489 395.234 4131806.091 214.164 1.0103 0.0 
5360000 24503 475.875 4136927.448 252.526 1.2191 0.0 
5370000 24518 521.147 4141860.112 270.632 1.3297 0.0 
5380000 24528 606.624 4147879.224 328.631 1.5403 0.0 
5390000 24539 664.483 4153587.095 366.476 1.7012 0.0 
5400000 24552 698.916 4159284.4 388.165 1.7891 0.0 
5410000 24578 561.67 4165024.091 314.079 1.4306 0.0 
5420000 24603 489.109 4170649.149 274.286 1.2497 0.0 
5430000 24615 568.64 4176157.01 316.234 1.458 0.0 
5440000 24626 643.174 4181726.996 359.302 1.6445 0.0 
5450000 24645 606.743 4186868.724 331.077 1.5459 0.0 
5460000 24660 625.146 4192313.765 341.239 1.5882 0.0 
5470000 24676 623.651 4197958.028 343.435 1.5873 0.0 
5480000 24707 478.433 4203564.892 264.907 1.2207 0.0 
5490000 24736 413.489 4209034.507 227.692 1.0546 0.0 
5500000 24766 375.964 4215050.843 214.644 0.951 0.0 
5510000 24797 344.688 4221003.399 203.205 0.8895 0.0 
5520000 24832 306.657 4226160.654 169.728 0.7821 0.0 
5530000 24947 94.726 4232345.705 58.247 0.2501 0.0 
5540000 25139 42.105 4238906.133 27.734 0.1076 0.0 
5550000 25209 161.233 4244728.32 93.497 0.4236 0.0 
5560000 25232 269.633 4250217.041 150.997 0.6838 0.0 
5570000 25267 284.265 4255188.882 150.802 0.7233 0.0 
5580000 25292 316.875 4261023.844 176.036 0.8084 0.0 
5590000 25325 332.515 4266310.998 180.785 0.8464 0.0 
5600000 25360 318.351 4272298.555 181.777 0.8162 0.0 
5610000 25402 266.448 4276786.598 136.62 0.6768 0.0 
5620000 25438 279.902 4281714.158 140.888 0.7056 0.0 
5630000 25485 245.513 4287527.253 135.633 0.6227 0.0 
5640000 25508 318.392 4294482.423 199.398 0.8072 0.0 
5650000 25527 382.614 4301762.018 256.463 0.9781 0.0 
5660000 25552 374.363 4309218.216 261.794 0.9512 0.0 
5670000 25597 268.497 4315238.715 174.76 0.6769 0.0 
5680000 25673 168.627 4320521.078 94.304 0.433 0.0 
5690000 25690 292.929 4326986.508 180.845 0.7501 0.0 
5700000 25709 369.485 4332466.823 216.519 0.9481 0.0 
5710000 25742 336.164 4338325.124 197.72 0.8634 0.0 
5720000 25759 398.358 4344731.881 242.771 1.0212 0.0 
5730000 25813 252.27 4349796.285 139.965 0.645 0.0 
5740000 25824 383.521 4356771.253 238.697 0.9913 0.0 
5750000 25837 471.693 4362228.426 280.734 1.2117 0.0 
5760000 25847 566.836 4367953.96 332.983 1.4461 0.0 
5770000 25861 592.751 4373800.023 346.252 1.5098 0.0 
5780000 25879 589.579 4380298.233 356.927 1.4953 0.0 
5790000 25903 531.93 4386479.211 324.727 1.352 0.0 
5800000 25924 506.994 4393265.813 320.145 1.2915 0.0 
5810000 25939 543.311 4400172.851 352.153 1.3837 0.0 
5820000 25963 499.511 4407013.55 329.271 1.2665 0.0 
5830000 25980 515.146 4412930.985 328.228 1.3028 0.0 
5840000 26002 500.01 4418428.959 304.778 1.2706 0.0 
5850000 26057 276.121 4423582.562 156.401 0.7009 0.0 
5860000 26168 123.568 4428613.332 66.717 0.3186 0.0 
5870000 26267 116.845 4434078.908 64.124 0.3026 0.0 
5880000 26371 109.904 4439003.359 53.917 0.2813 0.0 
5890000 26401 227.292 4444074.138 114.395 0.5731 0.0 
5900000 26414 339.664 4449272.916 173.109 0.8672 0.0 
5910000 26450 297.124 4454180.53 149.085 0.7651 0.0 
5920000 26597 73.116 4458049.678 28.056 0.185 0.0 
5930000 26868 52.054 4460182.44 15.847 0.1337 0.0 
5940000 26879 217.146 4465826.74 110.744 0.5612 0.0 
5950000 26934 172.072 4470665.25 83.641 0.4448 0.0 
5960000 27002 160.765 4475055.744 74.679 0.4118 0.0 
5970000 27024 275.182 4480583.666 143.287 0.7043 0.0 
5980000 27038 374.255 4486110.831 199.792 0.9623 0.0 
5990000 27056 425.807 4491654.247 230.467 1.0942 0.0 
6000000 27070 503.907 4497232.016 275.923 1.3003 0.0 
6010000 27086 535.403 4502132.476 283.709 1.3861 0.0 
6020000 27131 330.764 4507156.834 170.177 0.8459 0.0 
6030000 27160 333.045 4511937.104 165.289 0.8475 0.0 
6040000 27188 337.573 4517014.838 168.903 0.8651 0.0 
6050000 27213 352.395 4523118.982 192.775 0.899 0.0 
6060000 27248 320.269 4528986.583 180.311 0.8183 0.0 
6070000 27270 369.59 4535321.316 219.59 0.9535 0.0 
6080000 27300 353.335 4541852.65 218.289 0.9069 0.0 
6090000 27323 387.914 4547560.572 232.483 1.0096 0.0 
6100000 27337 467.697 4553777.027 282.552 1.21 0.0 
6110000 27349 556.677 4559947.568 339.584 1.4341 0.0 
6120000 27363 583.371 4564903.904 337.086 1.4985 0.0 
6130000 27383 563.751 4570265.588 320.285 1.4579 0.0 
6140000 27403 547.477 4576600.338 321.414 1.4031 0.0 
6150000 27421 552.977 4582248.166 319.692 1.411 0.0 
6160000 27441 535.091 4588079.487 310.889 1.3701 0.0 
6170000 27452 604.307 4593402.701 342.049 1.5461 0.0 
6180000 27468 603.913 4599269.334 345.186 1.548 0.0 
6190000 27498 478.846 4604021.225 259.094 1.2281 0.0 
6200000 27531 372.698 4609173.436 197.526 0.9558 0.0 
6210000 27584 256.6 4614205.712 133.576 0.6591 0.0 
6220000 27600 372.405 4620327.172 209.393 0.9589 0.0 
6230000 27620 397.155 4626240.595 227.364 1.0332 0.0 
6240000 27630 507.432 4632531.595 301.649 1.3088 0.0 
6250000 27644 560.916 4638054.273 324.607 1.4437 0.0 
6260000 27657 599.435 4644380.62 355.771 1.5371 0.0 
6270000 27677 562.62 4650426.186 335.103 1.4402 0.0 
6280000 27695 570.288 4656424.702 340.645 1.4605 0.0 
6290000 27725 463.386 4661785.603 267.258 1.1848 0.0 
6300000 27741 510.36 4667294.045 289.724 1.3031 0.0 
6310000 27758 529.914 4672588.102 294.531 1.3506 0.0 
6320000 27769 599.695 4678520.939 339.363 1.5328 0.0 
6330000 27783 628.032 4684333.155 358.744 1.612 0.0 
6340000 27840 341.017 4689361.983 187.869 0.8672 0.0 
6350000 27927 143.709 4693324.565 64.194 0.3705 0.0 
6360000 27973 187.5 4697051.711 73.685 0.4856 0.0 
6370000 28015 223.2 4700724.273 84.469 0.5723 0.0 
6380000 28106 110.748 4704219.978 37.389 0.2901 0.0 
6390000 28268 74.97 4706687.432 20.952 0.1931 0.0 
6400000 28327 157.144 4710980.799 67.396 0.3928 0.0 
6410000 28368 213.774 4714975.243 88.585 0.5389 0.0 
6420000 28379 344.424 4719739.501 151.874 0.8772 0.0 
6430000 28389 464.347 4725041.776 220.995 1.1853 0.0 
6440000 28413 457.389 4730036.713 222.395 1.1689 0.0 
6450000 28480 200.567 4734791.177 94.095 0.5154 0.0 
6460000 28611 103.984 4739185.22 49.249 0.2702 0.0 
6470000 28645 203.962 4745287.785 118.669 0.531 0.0 
6480000 28660 322.139 4751153.671 188.343 0.8349 0.0 
6490000 28672 441.111 4757721.942 271.86 1.1303 0.0 
6500000 28682 525.125 4764631.984 335.39 1.3512 0.0 
6510000 28692 611.993 4771734.735 404.106 1.5716 0.0 
6520000 28721 480.501 4777762.609 310.121 1.2299 0.0 
6530000 28785 224.362 4783742.9 138.022 0.5742 0.0 
6540000 28820 247.85 4789587.174 146.58 0.6343 0.0 
6550000 28836 358.031 4795580.689 215.841 0.9152 0.0 
6560000 28848 456.51 4802091.965 282.143 1.1575 0.0 
6570000 28858 555.929 4809038.65 358.483 1.4116 0.0 
6580000 28869 639.098 4815574.997 413.686 1.6257 0.0 
6590000 28880 686.686 4821340.24 431.855 1.7439 0.0 
6600000 28890 743.999 4828479.788 483.515 1.8948 0.0 
6610000 28907 694.554 4835244.513 455.897 1.7656 0.0 
6620000 28935 550.592 4841079.954 350.798 1.4014 0.0 
6630000 28958 502.005 4846897.06 310.428 1.2792 0.0 
6640000 28971 561.931 4852959.391 345.088 1.4317 0.0 
6650000 28981 642.066 4859222.669 396.19 1.6473 0.0 
6660000 28992 695.477 4865480.095 434.173 1.787 0.0 
6670000 29005 712.809 4870348.929 419.809 1.8321 0.0 
6680000 29022 681.133 4875212.998 383.33 1.7514 0.0 
6690000 29038 675.715 4876751.546 307.04 1.7447 0.0 
6700000 29051 686.881 4881565.114 316.537 1.7757 0.0 
6710000 29063 731.592 4887207.264 357.721 1.891 0.0 
6720000 29076 726.921 4893456.563 378.251 1.8707 0.0 
6730000 29093 695.174 4899142.355 371.163 1.7882 0.0 
6740000 29166 244.196 4904575.347 129.437 0.6283 0.0 
6750000 29263 114.177 4910245.826 63.963 0.2924 0.0 
6760000 29358 125.036 4914796.13 58.872 0.3232 0.0 
6770000 29377 260.727 4920288.449 136.546 0.6719 0.0 
6780000 29398 326.866 4925513.909 170.251 0.8399 0.0 
6790000 29417 387.598 4931071.754 206.865 0.9925 0.0 
6800000 29433 444.866 4936911.092 245.928 1.1473 0.0 
6810000 29456 444.258 4942401.676 245.718 1.1409 0.0 
6820000 29475 465.647 4948129.295 259.98 1.1965 0.0 
6830000 29494 480.09 4954076.559 271.185 1.2299 0.0 
6840000 29514 488.348 4958917.97 265.924 1.2532 0.0 
6850000 29542 436.112 4963532.117 224.635 1.1095 0.0 
6860000 29555 508.849 4968995.399 267.087 1.3 0.0 
6870000 29575 497.559 4974033.042 258.171 1.2755 0.0 
6880000 29592 523.711 4979324.484 273.0 1.3439 0.0 
6890000 29606 580.327 4984481.84 301.841 1.495 0.0 
6900000 29622 584.261 4989544.67 301.374 1.5026 0.0 
6910000 29636 619.843 4995242.976 329.336 1.6036 0.0 
6920000 29668 458.149 5000563.384 243.407 1.1941 0.0 
6930000 29679 552.767 5006608.792 305.848 1.4374 0.0 
6940000 29697 556.504 5012853.807 320.326 1.4375 0.0 
6950000 29715 559.03 5018749.949 324.164 1.4517 0.0 
6960000 29725 639.695 5024770.324 375.297 1.6662 0.0 
6970000 29735 690.987 5030916.439 409.268 1.7984 0.0 
6980000 29745 747.514 5036682.954 440.609 1.9423 0.0 
6990000 29756 781.281 5042949.246 467.47 2.0209 0.0 
7000000 29768 787.888 5049248.207 476.367 2.0338 0.0 
7010000 29782 780.776 5055260.336 471.845 2.0156 0.0 
7020000 29848 314.911 5058827.202 162.352 0.8075 0.0 
7030000 29893 250.322 5062362.03 108.947 0.6402 0.0 
7040000 29926 267.948 5066933.436 120.697 0.6867 0.0 
7050000 29963 252.833 5070991.592 109.093 0.6446 0.0 
7060000 29987 303.492 5074775.752 121.852 0.767 0.0 
7070000 30010 355.134 5079270.82 150.163 0.9036 0.0 
7080000 30027 439.443 5084112.668 198.443 1.1268 0.0 
7090000 30055 391.239 5088448.313 173.546 1.0142 0.0 
7100000 30084 360.163 5092318.263 149.762 0.9288 0.0 
7110000 30102 414.55 5097146.032 183.418 1.0612 0.0 
7120000 30125 420.055 5101645.851 187.301 1.0755 0.0 
7130000 30148 422.855 5106414.245 192.702 1.0882 0.0 
7140000 30174 420.082 5111137.641 195.635 1.0756 0.0 
7150000 30209 364.353 5115822.198 171.862 0.9356 0.0 
7160000 30221 453.546 5121672.364 230.752 1.1604 0.0 
7170000 30240 481.51 5127001.818 250.2 1.2305 0.0 
7180000 30256 511.193 5132065.651 262.23 1.3061 0.0 
7190000 30280 475.237 5137128.147 243.573 1.2196 0.0 
7200000 30297 494.367 5141786.193 244.948 1.2597 0.0 
7210000 30309 569.017 5146278.56 275.292 1.4607 0.0 
7220000 30323 608.206 5151630.636 302.552 1.558 0.0 
7230000 30339 619.612 5156809.738 311.49 1.5822 0.0 
7240000 30350 679.298 5161657.916 338.646 1.7373 0.0 
7250000 30362 714.381 5166424.774 352.341 1.8261 0.0 
7260000 30372 766.629 5171962.086 388.945 1.9606 0.0 
7270000 30384 764.387 5177139.526 389.938 1.9504 0.0 
7280000 30397 772.329 5182155.79 391.422 1.9833 0.0 
7290000 30408 796.418 5188072.594 417.878 2.0429 0.0 
7300000 30426 728.457 5193593.839 387.667 1.8708 0.0 
7310000 30438 747.064 5198584.59 390.928 1.9132 0.0 
7320000 30458 667.391 5204265.144 357.339 1.7171 0.0 
7330000 30478 604.2 5210019.735 328.955 1.5494 0.0 
7340000 30501 554.21 5215586.457 305.791 1.4251 0.0 
7350000 30523 515.76 5220913.281 281.59 1.3249 0.0 
7360000 30550 446.285 5225942.281 237.851 1.1426 0.0 
7370000 30578 398.707 5230478.889 199.527 1.0164 0.0 
7380000 30600 409.241 5234872.198 195.833 1.044 0.0 
7390000 30620 453.038 5239224.822 209.264 1.1604 0.0 
7400000 30637 472.671 5243108.227 207.387 1.2085 0.0 
7410000 30659 469.616 5246465.697 189.434 1.2063 0.0 
7420000 30672 544.021 5250148.197 211.739 1.4109 0.0 
7430000 30684 610.53 5254288.912 242.75 1.5803 0.0 
7440000 30695 671.389 5258403.071 269.718 1.7443 0.0 
7450000 30706 715.16 5262082.466 281.006 1.8531 0.0 
7460000 30718 745.215 5265705.545 287.454 1.9147 0.0 
7470000 30731 752.587 5269934.19 296.454 1.9311 0.0 
7480000 30746 720.898 5273927.579 284.356 1.8462 0.0 
7490000 30773 567.585 5276899.375 208.427 1.463 0.0 
7500000 30797 502.886 5281556.903 198.866 1.295 0.0 
7510000 30822 453.995 5286034.286 187.249 1.1722 0.0 
7520000 30852 396.011 5290266.251 164.306 1.0255 0.0 
7530000 30967 113.141 5291872.548 28.077 0.2977 0.0 
7540000 31027 146.327 5296440.332 59.976 0.3812 0.0 
7550000 31070 192.389 5300484.813 75.772 0.4966 0.0 
7560000 31174 91.927 5303120.548 24.152 0.2371 0.0 
7570000 31239 167.367 5307444.892 70.931 0.4274 0.0 
7580000 31256 286.93 5312388.274 133.303 0.7425 0.0 
7590000 31294 268.544 5317475.426 130.12 0.7027 0.0 
7600000 31309 376.564 5322296.121 183.577 0.9821 0.0 
7610000 31320 485.446 5326889.376 229.832 1.2563 0.0 
7620000 31363 329.176 5331119.932 148.692 0.8422 0.0 
7630000 31401 316.811 5335626.553 146.379 0.8049 0.0 
7640000 31416 417.89 5340371.543 196.234 1.0645 0.0 
7650000 31431 475.954 5345257.238 226.23 1.2179 0.0 
7660000 31490 252.579 5349497.912 113.499 0.6473 0.0 
7670000 31514 322.702 5354326.354 151.948 0.8156 0.0 
7680000 31538 348.449 5359699.381 172.819 0.8891 0.0 
7690000 31614 172.772 5363043.418 70.783 0.4432 0.0 
7700000 31669 220.458 5367598.094 100.363 0.5589 0.0 
7710000 31682 347.095 5372822.883 170.837 0.8841 0.0 
7720000 31696 429.389 5378568.337 224.936 1.101 0.0 
7730000 31708 510.006 5384486.574 278.68 1.3092 0.0 
7740000 31719 590.048 5389930.986 322.211 1.5062 0.0 
7750000 31730 646.901 5395468.729 354.799 1.6545 0.0 
7760000 31745 651.09 5400274.005 346.104 1.67 0.0 
7770000 31764 603.123 5405642.548 319.671 1.5478 0.0 
7780000 31794 489.011 5411919.54 275.0 1.2571 0.0 
7790000 31819 462.485 5416921.034 249.742 1.1914 0.0 
7800000 31836 498.11 5421358.647 251.874 1.27 0.0 
7810000 31852 529.452 5425586.991 254.033 1.3488 0.0 
7820000 31868 549.898 5431054.813 272.267 1.4054 0.0 
7830000 31885 568.497 5436117.601 285.666 1.4529 0.0 
7840000 31904 554.509 5441589.305 286.037 1.4198 0.0 
7850000 31914 636.001 5446940.071 332.624 1.6316 0.0 
7860000 31926 674.853 5452275.479 354.778 1.7419 0.0 
7870000 31939 701.832 5457668.861 371.102 1.8074 0.0 
7880000 31955 686.368 5463272.745 368.528 1.7709 0.0 
7890000 31968 694.79 5468651.509 373.361 1.7789 0.0 
7900000 31986 656.762 5473419.306 342.185 1.6868 0.0 
7910000 32001 660.101 5478424.376 338.868 1.6998 0.0 
7920000 32014 684.157 5483365.083 347.814 1.7615 0.0 
7930000 32027 702.411 5488230.257 354.361 1.8053 0.0 
7940000 32055 539.139 5493171.29 268.434 1.3845 0.0 
7950000 32081 485.227 5498478.235 247.846 1.242 0.0 
7960000 32096 534.224 5504220.096 285.663 1.3655 0.0 
7970000 32106 613.492 5510022.503 338.282 1.5592 0.0 
7980000 32120 653.527 5516083.657 368.899 1.6621 0.0 
7990000 32132 690.557 5522069.455 395.506 1.7624 0.0 
8000000 32145 706.21 5528012.764 408.237 1.8095 0.0 
8010000 32160 694.285 5533964.493 403.73 1.7798 0.0 
8020000 32174 699.371 5540224.432 414.172 1.8014 0.0 
8030000 32201 546.285 5545542.639 314.603 1.409 0.0 
8040000 32221 537.5 5550793.331 301.222 1.386 0.0 
8050000 32245 492.487 5555749.626 265.969 1.265 0.0 
8060000 32257 566.5 5561495.395 311.859 1.4528 0.0 
8070000 32291 425.611 5567156.009 236.863 1.0925 0.0 
8080000 32315 414.497 5572707.802 229.667 1.066 0.0 
8090000 32332 470.906 5578170.734 259.795 1.2084 0.0 
8100000 32362 403.706 5583640.181 222.462 1.0437 0.0 
8110000 32389 394.948 5589253.473 219.248 1.0214 0.0 
8120000 32407 427.467 5594810.961 237.592 1.1 0.0 
8130000 32422 489.249 5600604.464 276.481 1.2539 0.0 
8140000 32438 536.152 5606483.395 306.018 1.369 0.0 
8150000 32451 586.184 5611994.707 331.93 1.5034 0.0 
8160000 32463 642.094 5617673.504 363.431 1.6614 0.0 
8170000 32476 665.372 5622876.071 368.683 1.706 0.0 
8180000 32492 656.204 5628192.242 359.238 1.6879 0.0 
8190000 32510 627.486 5633718.681 344.086 1.6092 0.0 
8200000 32524 642.183 5639752.32 360.804 1.6424 0.0 
8210000 32534 707.638 5646114.488 411.812 1.8155 0.0 
8220000 32544 761.119 5652109.565 446.213 1.961 0.0 
8230000 32554 804.817 5658506.815 481.638 2.0705 0.0 
8240000 32565 825.583 5664369.167 492.55 2.1218 0.0 
8250000 32578 810.874 5670168.582 481.64 2.0732 0.0 
8260000 32591 805.156 5675712.468 470.815 2.0525 0.0 
8270000 32606 773.052 5681005.07 442.672 1.9747 0.0 
8280000 32620 745.269 5685642.289 409.644 1.9042 0.0 
8290000 32637 709.583 5690670.303 380.21 1.8066 0.0 
8300000 32649 732.013 5695933.362 390.692 1.865 0.0 
8310000 32662 741.446 5701346.762 397.301 1.9005 0.0 
8320000 32681 672.105 5706525.151 357.534 1.7205 0.0 
8330000 32726 422.896 5710683.179 210.96 1.0755 0.0 
8340000 32740 481.068 5716202.4 249.751 1.2405 0.0 
8350000 32753 551.914 5721436.944 286.734 1.4186 0.0 
8360000 32794 352.538 5726847.274 184.442 0.911 0.0 
8370000 32808 446.408 5732776.088 247.013 1.1437 0.0 
8380000 32819 537.941 5738343.347 297.988 1.3779 0.0 
8390000 32831 595.375 5744589.261 342.114 1.4872 0.0 
8400000 32853 539.987 5750496.085 314.178 1.2802 0.0 
8410000 32887 413.795 5755605.245 230.229 0.9324 0.0 
8420000 32904 467.523 5761241.413 261.154 1.0136 0.0 
8430000 32936 389.18 5766924.57 219.138 0.991 0.0 
8440000 32956 414.488 5772777.734 235.682 1.3137 0.0 
8450000 32971 482.993 5777808.934 263.638 1.7063 0.0 
8460000 32989 497.761 5782553.005 262.571 1.8628 0.0 
8470000 33011 499.787 5787904.22 264.612 1.9492 0.0 
8480000 33036 454.7 5793148.051 239.838 1.815 0.0 
8490000 33092 273.568 5797119.137 128.001 1.1179 0.0 
8500000 33131 276.002 5801161.347 118.963 1.1452 0.0 
8510000 33150 359.313 5805262.909 153.154 1.4896 0.0 
8520000 33184 319.727 5809012.828 127.374 1.3305 0.0 
8530000 33236 265.922 5813056.347 110.039 1.1131 0.0 
8540000 33265 291.939 5817590.549 126.018 1.2192 0.0 
8550000 33285 349.815 5823148.627 169.961 1.4659 0.0 
8560000 33320 334.043 5828109.637 164.783 1.3833 0.0 
8570000 33332 430.639 5833626.972 221.911 1.7986 0.0 
8580000 33344 512.452 5839505.576 276.724 2.1504 0.0 
8590000 33373 435.898 5845355.605 242.117 1.8324 0.0 
8600000 33385 511.339 5851637.196 296.981 2.1454 0.0 
8610000 33402 532.096 5857676.283 312.423 2.2388 0.0 
8620000 33415 587.568 5863968.775 352.223 2.4508 0.0 
8630000 33427 643.839 5869524.891 378.64 2.6755 0.0 
8640000 33444 630.852 5875221.936 367.5 2.6289 0.0 
8650000 33461 623.905 5880853.399 360.006 2.5902 0.0 
8660000 33495 450.102 5886325.212 254.827 1.8672 0.0 
8670000 33515 460.569 5891986.126 260.321 1.9202 0.0 
8680000 33531 506.852 5898490.347 300.899 2.0999 0.0 
8690000 33544 580.653 5903423.186 327.159 2.4116 0.0 
8700000 33572 464.228 5907885.863 245.263 1.9399 0.0 
8710000 33600 433.015 5912827.469 223.435 1.7981 0.0 
8720000 33619 464.88 5917213.235 226.381 1.9372 0.0 
8730000 33633 521.464 5922313.448 257.945 2.1732 0.0 
8740000 33644 588.598 5928613.985 313.99 2.4481 0.0 
8750000 33659 614.992 5934048.734 330.557 2.5672 0.0 
8760000 33679 577.17 5939327.016 308.652 2.4281 0.0 
8770000 33699 551.74 5944366.458 290.028 2.3278 0.0 
8780000 33721 520.339 5949571.712 272.541 2.1949 0.0 
8790000 33737 540.515 5954984.248 285.744 2.2809 0.0 
8800000 33756 529.244 5960460.124 282.095 2.2349 0.0 
8810000 33794 397.764 5965382.005 206.55 1.6795 0.0 
8820000 33836 304.483 5969673.779 147.026 1.2815 0.0 
8830000 33882 256.281 5973495.689 110.883 1.0787 0.0 
8840000 33913 298.195 5978156.909 134.018 1.257 0.0 
8850000 33932 372.343 5983610.225 183.229 1.5783 0.0 
8860000 33956 378.078 5988707.651 189.307 1.6053 0.0 
8870000 34020 243.172 5993105.365 112.335 1.0334 0.0 
8880000 34059 233.376 5997903.992 110.053 0.9949 0.0 
8890000 34079 313.993 6002920.192 153.523 1.336 0.0 
8900000 34108 336.712 6008637.032 177.587 1.4388 0.0 
8910000 34120 448.24 6014429.349 247.131 1.9178 0.0 
8920000 34134 516.854 6020267.061 290.593 2.1897 0.0 
8930000 34149 558.951 6026366.952 322.526 2.3659 0.0 
8940000 34180 450.606 6031934.381 256.034 1.8846 0.0 
8950000 34190 540.233 6037463.953 303.843 2.2546 0.0 
8960000 34200 624.337 6043516.403 359.171 2.6161 0.0 
8970000 34211 684.552 6048801.491 386.477 2.8748 0.0 
8980000 34228 655.779 6053366.471 353.107 2.7523 0.0 
8990000 34247 616.153 6058735.616 330.62 2.5848 0.0 
9000000 34258 675.648 6064509.642 369.672 2.817 0.0 
9010000 34282 575.771 6070032.968 315.196 2.3966 0.0 
9020000 34322 388.827 6074276.477 196.251 1.6227 0.0 
9030000 34357 318.663 6077926.571 143.858 1.348 0.0 
9040000 34393 303.507 6082672.434 139.215 1.287 0.0 
9050000 34410 381.785 6087789.911 184.215 1.6123 0.0 
9060000 34509 140.862 6092517.727 66.93 0.5833 0.0 
9070000 34589 113.549 6097070.033 50.627 0.4768 0.0 
9080000 34616 230.294 6102351.069 116.295 0.9735 0.0 
9090000 34656 221.727 6107284.829 111.297 0.934 0.0 
9100000 34738 150.832 6112651.499 78.818 0.6323 0.0 
9110000 34768 241.232 6117954.594 126.278 1.0267 0.0 
9120000 34790 324.934 6123051.123 168.295 1.3767 0.0 
9130000 34811 384.083 6129473.143 220.09 1.6245 0.0 
9140000 34836 372.421 6135580.383 218.152 1.5751 0.0 
9150000 34852 451.863 6141109.884 259.86 1.9164 0.0 
9160000 34879 417.444 6145836.418 224.047 1.7733 0.0 
9170000 34896 477.524 6151137.396 255.871 2.0225 0.0 
9180000 34908 539.112 6156559.456 288.979 2.2738 0.0 
9190000 34928 516.797 6162245.444 282.269 2.1869 0.0 
9200000 34951 494.191 6167610.291 268.436 2.0971 0.0 
9210000 34973 480.423 6173240.304 263.905 2.0441 0.0 
9220000 35019 322.938 6177912.675 167.246 1.3646 0.0 
9230000 35029 440.691 6183353.402 232.697 1.8564 0.0 
9240000 35047 469.956 6187931.28 237.654 1.9825 0.0 
9250000 35064 514.851 6191476.923 234.123 2.1731 0.0 
9260000 35097 393.581 6194455.62 157.49 1.6701 0.0 
9270000 35132 341.836 6198747.597 139.202 1.4525 0.0 
9280000 35147 428.467 6203522.863 187.705 1.8269 0.0 
9290000 35161 504.71 6208494.565 231.609 2.1492 0.0 
9300000 35173 572.735 6213116.109 263.602 2.4129 0.0 
9310000 35189 582.228 6217584.722 265.163 2.4705 0.0 
9320000 35202 637.376 6222291.671 293.51 2.7045 0.0 
9330000 35213 676.522 6226902.436 310.143 2.8539 0.0 
9340000 35280 253.413 6230909.296 108.343 1.0674 0.0 
9350000 35292 378.222 6234766.568 156.422 1.5914 0.0 
9360000 35310 428.145 6237451.126 151.772 1.8014 0.0 
9370000 35337 392.0 6241755.604 149.406 1.6387 0.0 
9380000 35371 351.635 6246078.84 140.647 1.4882 0.0 
9390000 35423 292.449 6250447.256 127.638 1.2223 0.0 
9400000 35527 107.001 6254446.273 43.055 0.454 0.0 
9410000 35557 220.038 6259470.44 105.586 0.9255 0.0 
9420000 35575 309.969 6265291.217 164.301 1.2972 0.0 
9430000 35633 204.686 6269917.307 99.04 0.8542 0.0 
9440000 35659 292.043 6274911.649 145.488 1.2106 0.0 
9450000 35672 391.837 6280050.473 199.366 1.6092 0.0 
9460000 35687 462.222 6284716.784 227.752 1.9108 0.0 
9470000 35713 430.754 6289318.741 205.525 1.7838 0.0 
9480000 35732 467.12 6294623.423 232.315 1.9319 0.0 
9490000 35743 547.463 6300118.944 280.645 2.2737 0.0 
9500000 35780 381.328 6305420.69 196.409 1.5824 0.0 
9510000 35815 331.505 6310133.0 164.355 1.3835 0.0 
9520000 35829 435.863 6314350.565 202.885 1.8213 0.0 
9530000 35857 404.569 6319018.591 190.964 1.7107 0.0 
9540000 35868 505.721 6325357.19 266.225 2.1211 0.0 
9550000 35878 596.138 6331713.086 333.497 2.5104 0.0 
9560000 35896 581.58 6337444.495 328.133 2.4524 0.0 
9570000 35908 639.385 6343458.775 367.626 2.6972 0.0 
9580000 35920 668.858 6349361.986 386.452 2.8268 0.0 
9590000 35939 631.645 6354867.012 360.609 2.6732 0.0 
9600000 35956 622.518 6360526.691 354.974 2.626 0.0 
9610000 35981 515.885 6365681.181 284.566 2.1699 0.0 
9620000 35995 570.986 6371116.804 312.845 2.3944 0.0 
9630000 36007 624.315 6376753.58 345.234 2.6188 0.0 
9640000 36023 629.046 6382037.908 343.598 2.6559 0.0 
9650000 36038 631.097 6387502.219 344.751 2.6547 0.0 
9660000 36059 575.211 6392225.333 302.851 2.4312 0.0 
9670000 36090 466.554 6396085.254 223.474 1.9835 0.0 
9680000 36114 434.646 6399906.435 194.06 1.8341 0.0 
9690000 36128 507.719 6403967.969 219.381 2.1483 0.0 
9700000 36144 544.5 6409079.978 248.693 2.306 0.0 
9710000 36158 589.337 6414870.278 291.268 2.4998 0.0 
9720000 36187 482.979 6419432.397 233.111 2.0399 0.0 
9730000 36203 523.389 6424274.15 253.281 2.2048 0.0 
9740000 36234 431.4 6428216.534 194.262 1.8293 0.0 
9750000 36251 472.32 6433285.385 221.775 1.9942 0.0 
9760000 36263 553.423 6439073.059 280.109 2.3323 0.0 
9770000 36275 617.024 6445067.184 328.677 2.5968 0.0 
9780000 36290 628.536 6450126.85 330.274 2.6407 0.0 
9790000 36306 633.138 6455402.958 332.914 2.6753 0.0 
9800000 36328 564.743 6460259.708 291.025 2.3916 0.0 
9810000 36355 477.39 6465484.789 245.177 2.007 0.0 
9820000 36367 559.795 6471064.085 298.246 2.3558 0.0 
9830000 36384 569.888 6476778.975 310.237 2.4015 0.0 
9840000 36404 535.258 6482493.011 295.221 2.2702 0.0 
9850000 36415 616.097 6487524.387 330.575 2.6126 0.0 
9860000 36428 644.607 6492429.286 337.655 2.7274 0.0 
9870000 36476 359.038 6496267.892 169.367 1.526 0.0 
9880000 36523 264.398 6499390.394 102.977 1.1317 0.0 
9890000 36555 270.49 6503853.064 112.334 1.1584 0.0 
9900000 36569 383.453 6508061.249 159.871 1.6337 0.0 
9910000 36613 278.786 6512145.181 112.782 1.1876 0.0 
9920000 36642 322.116 6516857.483 143.474 1.3828 0.0 
9930000 36657 409.976 6521832.127 191.642 1.7486 0.0 
9940000 36673 449.445 6526593.979 210.461 1.9224 0.0 
9950000 36708 358.012 6530968.873 163.304 1.5258 0.0 
9960000 36796 142.421 6533849.586 47.147 0.6099 0.0 
9970000 36860 144.26 6536842.029 44.51 0.6005 0.0 
9980000 36875 299.107 6541230.623 116.494 1.2415 0.0 
9990000 36894 367.245 6545817.09 153.988 1.5199 0.0 
10000000 36910 427.771 6549886.644 178.146 1.7711 0.0 
