1000 11 16.903 -372.506 -6.419 0.0085 0.0 
2000 21 32.713 -710.526 -11.533 0.0169 0.0 
3000 30 45.324 -1038.453 -15.557 0.0238 0.0 
4000 40 56.628 -1306.36 -17.895 0.0299 0.0 
5000 49 64.894 -1662.638 -21.431 0.035 0.0 
6000 57 71.829 -1988.739 -24.123 0.0385 0.0 
7000 67 77.247 -2295.593 -25.12 0.0412 0.0 
8000 78 82.166 -2678.157 -27.461 0.0436 0.0 
9000 89 83.655 -3019.199 -28.126 0.0441 0.0 
10000 99 86.281 -3341.459 -28.622 0.0452 0.0 
11000 110 86.329 -3784.328 -30.384 0.0449 0.0 
12000 121 88.384 -4136.4 -31.351 0.046 0.0 
13000 131 90.925 -4446.792 -31.389 0.0474 0.0 
14000 138 96.691 -4730.574 -32.69 0.0509 0.0 
15000 149 95.234 -5121.7 -32.467 0.0504 0.0 
16000 159 96.861 -5489.813 -33.951 0.0512 0.0 
17000 170 95.472 -5963.006 -35.712 0.0931 0.0 
18000 181 93.834 -6694.539 -40.872 0.1543 0.0 
19000 194 90.769 -7101.506 -39.375 0.2027 0.0 
20000 206 88.528 -7267.217 -33.759 0.2361 0.0 
21000 220 84.561 -7323.565 -26.412 0.2572 0.0 
22000 232 84.28 -7401.866 -22.15 0.2814 0.0 
23000 244 82.081 -7492.946 -18.573 0.2913 0.0 
24000 251 89.564 -7544.73 -17.215 0.3378 0.0 
25000 258 96.257 -7544.64 -15.152 0.3789 0.0 
26000 261 100.79 -7635.912 -14.032 0.4045 0.0 
27000 264 121.709 -7566.613 -13.881 0.5318 0.0 
28000 265 139.275 -7564.783 -13.596 0.6445 0.0 
29000 266 156.49 -7564.18 -13.437 0.7532 0.0 
30000 267 173.36 -7573.256 -13.237 0.8602 0.0 
31000 268 189.893 -7582.574 -13.196 0.9831 0.0 
32000 269 206.095 -7591.254 -13.097 1.0866 0.0 
33000 270 221.973 -7602.417 -13.06 1.1956 0.0 
34000 271 237.533 -7612.986 -13.032 1.3058 0.0 
35000 272 252.783 -7619.371 -12.872 1.4088 0.0 
36000 273 267.727 -7627.344 -12.76 1.5079 0.0 
37000 274 282.373 -7626.068 -12.654 1.6022 0.0 
38000 275 296.725 -7638.345 -12.467 1.6909 0.0 
39000 276 310.791 -7648.419 -12.362 1.7824 0.0 
40000 277 324.575 -7652.969 -12.359 1.8751 0.0 
41000 278 338.083 -7670.017 -12.372 1.9598 0.0 
42000 279 351.322 -7680.664 -12.307 2.0375 0.0 
43000 281 360.169 -7722.228 -12.64 2.0987 0.0 
44000 282 372.966 -7732.464 -12.615 2.1983 0.0 
45000 284 377.818 -7795.623 -13.372 2.2316 0.0 
46000 288 368.171 -7934.53 -14.966 2.1572 0.0 
47000 292 360.36 -8053.515 -16.161 2.0872 0.0 
48000 297 342.839 -8204.621 -17.519 1.9698 0.0 
49000 301 337.043 -8320.414 -18.262 1.9238 0.0 
50000 302 333.402 -8348.753 -18.477 1.9002 0.0 
51000 304 343.22 -8382.018 -18.393 1.9745 0.0 
52000 306 352.328 -8401.01 -18.132 2.0619 0.0 
53000 307 365.282 -8413.517 -17.949 2.1574 0.0 
54000 308 377.976 -8422.23 -17.838 2.2506 0.0 
55000 310 387.668 -8450.963 -17.705 2.32 0.0 
56000 311 399.915 -8463.678 -17.601 2.415 0.0 
57000 313 408.738 -8491.969 -17.567 2.4901 0.0 
58000 314 420.563 -8504.571 -17.448 2.5672 0.0 
59000 315 432.152 -8517.096 -17.351 2.656 0.0 
60000 317 424.144 -8536.858 -16.919 2.5954 0.0 
61000 319 430.908 -8553.681 -16.698 2.6506 0.0 
62000 321 428.715 -8576.352 -16.318 2.6134 0.0 
63000 322 440.141 -8586.333 -16.245 2.7005 0.0 
64000 323 451.338 -8597.829 -16.14 2.7897 0.0 
65000 324 462.311 -8607.733 -16.017 2.8543 0.0 
66000 325 473.065 -8614.888 -15.898 2.9389 0.0 
67000 326 483.604 -8627.435 -15.734 3.0103 0.0 
68000 327 493.932 -8639.57 -15.667 3.1012 0.0 
69000 328 504.053 -8650.021 -15.598 3.1483 0.0 
70000 329 513.972 -8660.927 -15.498 3.2117 0.0 
71000 330 523.693 -8667.113 -15.407 3.2644 0.0 
72000 331 533.219 -8676.579 -15.209 3.3173 0.0 
73000 332 542.554 -8683.601 -15.106 3.38 0.0 
74000 333 551.703 -8691.894 -14.928 3.4299 0.0 
75000 334 560.669 -8701.158 -14.813 3.4782 0.0 
76000 335 569.456 -8710.985 -14.7 3.5397 0.0 
77000 336 578.067 -8725.307 -14.615 3.6103 0.0 
78000 337 586.505 -8734.933 -14.604 3.6625 0.0 
79000 338 594.775 -8742.728 -14.502 3.7215 0.0 
80000 339 602.88 -8752.589 -14.366 3.7887 0.0 
81000 340 610.822 -8759.575 -14.268 3.8306 0.0 
82000 341 618.606 -8767.093 -14.117 3.872 0.0 
83000 342 626.234 -8770.685 -13.994 3.9341 0.0 
84000 343 633.709 -8782.287 -13.776 3.9817 0.0 
85000 344 641.035 -8791.143 -13.76 4.0394 0.0 
86000 345 648.214 -8800.779 -13.632 4.1053 0.0 
87000 346 655.25 -8814.058 -13.553 4.1458 0.0 
88000 347 662.145 -8823.21 -13.561 4.2 0.0 
89000 348 668.902 -8833.179 -13.465 4.265 0.0 
90000 349 675.524 -8843.462 -13.39 4.3281 0.0 
91000 350 682.013 -8845.32 -13.325 4.3711 0.0 
92000 351 688.373 -8849.937 -13.084 4.4461 0.0 
93000 352 694.606 -8858.049 -12.922 4.4898 0.0 
94000 353 700.714 -8867.741 -12.839 4.5463 0.0 
95000 354 706.699 -8878.792 -12.779 4.6016 0.0 
96000 355 712.565 -8882.248 -12.724 4.6688 0.0 
97000 356 718.314 -8888.905 -12.552 4.7097 0.0 
98000 357 723.948 -8894.697 -12.416 4.7418 0.0 
99000 358 729.469 -8904.105 -12.303 4.7981 0.0 
100000 359 734.879 -8912.98 -12.251 4.8315 0.0 
101000 360 740.182 -8921.793 -12.157 4.8608 0.0 
102000 361 745.378 -8925.643 -12.101 4.9017 0.0 
103000 362 750.471 -8935.669 -11.977 4.9325 0.0 
104000 363 755.461 -8937.0 -11.905 4.9516 0.0 
105000 364 760.352 -8945.629 -11.707 4.9989 0.0 
106000 365 765.145 -8949.675 -11.604 5.0278 0.0 
107000 366 769.842 -8950.804 -11.477 5.0851 0.0 
108000 367 774.445 -8957.123 -11.257 5.0817 0.0 
109000 368 778.956 -8959.63 -11.16 5.1234 0.0 
110000 369 783.377 -8966.594 -11.009 5.1483 0.0 
111000 371 782.975 -8978.192 -10.893 5.1267 0.0 
112000 372 787.316 -8980.952 -10.751 5.1535 0.0 
113000 373 791.57 -8982.8 -10.612 5.1774 0.0 
114000 374 794.098 -8985.823 -10.373 5.1984 0.0 
115000 375 798.216 -8992.776 -10.261 5.2087 0.0 
116000 376 802.252 -8992.212 -10.203 5.2228 0.0 
117000 377 806.207 -9003.527 -10.094 5.2766 0.0 
118000 378 810.083 -9004.36 -9.988 5.3254 0.0 
119000 379 813.881 -9017.494 -9.969 5.3375 0.0 
120000 380 817.603 -9031.658 -10.059 5.3594 0.0 
121000 382 802.218 -9042.849 -9.964 5.2336 0.0 
122000 383 806.174 -9045.944 -9.841 5.2552 0.0 
123000 385 794.674 -9051.365 -9.5 5.1534 0.0 
124000 386 798.78 -9059.645 -9.418 5.1896 0.0 
125000 387 802.805 -9060.918 -9.369 5.2408 0.0 
126000 389 794.374 -9063.146 -9.013 5.1572 0.0 
127000 390 798.486 -9071.58 -8.899 5.1758 0.0 
128000 391 802.517 -9075.149 -8.834 5.2177 0.0 
129000 392 806.466 -9080.6 -8.79 5.2621 0.0 
130000 394 784.23 -9093.509 -8.579 5.1033 0.0 
131000 396 778.014 -9106.608 -8.448 5.0575 0.0 
132000 398 758.706 -9111.556 -8.318 4.9188 0.0 
133000 400 750.801 -9116.83 -8.155 4.8551 0.0 
134000 401 755.785 -9122.838 -7.995 4.8992 0.0 
135000 405 724.743 -9120.025 -7.499 4.701 0.0 
136000 406 730.248 -9132.228 -7.451 4.7259 0.0 
137000 408 721.626 -9132.96 -7.227 4.6594 0.0 
138000 409 727.193 -9139.606 -7.129 4.6965 0.0 
139000 411 707.036 -9148.6 -7.089 4.5472 0.0 
140000 413 701.598 -9152.749 -6.989 4.5216 0.0 
141000 415 696.174 -9161.578 -6.87 4.4809 0.0 
142000 418 683.227 -9171.142 -6.636 4.3615 0.0 
143000 421 661.181 -9180.539 -6.426 4.1992 0.0 
144000 422 667.957 -9177.69 -6.218 4.2461 0.0 
145000 425 643.482 -9188.459 -6.07 4.0747 0.0 
146000 428 630.16 -9203.251 -5.972 3.9665 0.0 
147000 429 637.557 -9199.788 -5.778 4.0124 0.0 
148000 430 628.646 -9202.432 -5.766 3.9497 0.0 
149000 431 636.073 -9204.897 -5.669 3.9871 0.0 
150000 432 643.352 -9203.17 -5.546 4.0357 0.0 
151000 434 648.395 -9198.332 -5.256 4.0552 0.0 
152000 435 655.427 -9198.75 -5.127 4.1102 0.0 
153000 436 657.078 -9197.054 -4.993 4.1191 0.0 
154000 437 661.537 -9198.266 -4.876 4.1511 0.0 
155000 439 658.0 -9197.488 -4.749 4.1134 0.0 
156000 441 660.182 -9198.852 -4.487 4.1127 0.0 
157000 442 662.378 -9193.972 -4.407 4.1346 0.0 
158000 443 669.131 -9197.162 -4.44 4.1969 0.0 
159000 444 670.688 -9196.094 -4.223 4.1816 0.0 
160000 445 677.274 -9198.552 -4.13 4.2309 0.0 
161000 448 665.681 -9198.553 -3.906 4.1779 0.0 
162000 450 649.336 -9200.911 -3.867 4.0604 0.0 
163000 453 636.001 -9206.55 -3.697 3.9763 0.0 
164000 455 627.896 -9205.441 -3.53 3.9258 0.0 
165000 456 635.338 -9206.269 -3.484 4.007 0.0 
166000 458 634.098 -9206.673 -3.443 3.9828 0.0 
167000 460 625.823 -9190.227 -3.006 3.9196 0.0 
168000 462 619.544 -9185.59 -2.735 3.8889 0.0 
169000 463 627.153 -9181.006 -2.726 3.926 0.0 
170000 464 624.71 -9182.374 -2.449 3.9051 0.0 
171000 465 632.216 -9186.214 -2.468 3.9647 0.0 
172000 466 639.572 -9186.836 -2.471 4.0572 0.0 
173000 467 646.78 -9190.424 -2.437 4.1211 0.0 
174000 468 653.845 -9188.636 -2.463 4.1703 0.0 
175000 470 654.813 -9172.955 -2.086 4.1714 0.0 
176000 472 656.481 -9165.179 -1.834 4.1909 0.0 
177000 473 653.072 -9153.494 -1.513 4.1575 0.0 
178000 474 660.01 -9146.147 -1.553 4.2234 0.0 
179000 475 665.77 -9136.98 -1.261 4.248 0.0 
180000 476 672.455 -9142.161 -1.135 4.2838 0.0 
181000 478 678.165 -9142.665 -1.123 4.2993 0.0 
182000 479 684.602 -9149.331 -1.276 4.354 0.0 
183000 480 690.91 -9143.168 -1.092 4.3867 0.0 
184000 481 697.092 -9155.687 -1.384 4.4386 0.0 
185000 482 703.15 -9150.278 -1.327 4.4689 0.0 
186000 483 709.087 -9153.873 -1.279 4.5305 0.0 
187000 484 708.945 -9134.628 -1.011 4.5079 0.0 
188000 485 714.646 -9137.78 -0.951 4.5411 0.0 
189000 486 720.353 -9142.877 -1.029 4.6121 0.0 
190000 487 725.946 -9152.079 -1.081 4.6436 0.0 
191000 488 731.427 -9151.559 -1.106 4.6918 0.0 
192000 491 713.983 -9169.088 -1.351 4.5518 0.0 
193000 492 715.204 -9154.55 -1.215 4.5491 0.0 
194000 493 720.899 -9152.84 -1.139 4.5657 0.0 
195000 494 726.481 -9157.75 -1.126 4.6248 0.0 
196000 495 731.952 -9158.988 -1.131 4.6776 0.0 
197000 496 737.313 -9155.357 -1.109 4.706 0.0 
198000 497 742.567 -9148.165 -0.952 4.7291 0.0 
199000 498 747.715 -9158.361 -0.926 4.7382 0.0 
200000 499 752.761 -9156.384 -1.011 4.7543 0.0 
201000 500 757.706 -9157.676 -1.026 4.7899 0.0 
202000 502 751.181 -9163.25 -1.039 4.7308 0.0 
203000 503 756.157 -9176.26 -1.275 4.7898 0.0 
204000 504 761.034 -9187.051 -1.484 4.8285 0.0 
205000 505 765.813 -9199.622 -1.734 4.8704 0.0 
206000 506 770.497 -9205.891 -1.8 4.8942 0.0 
207000 507 771.267 -9204.887 -1.735 4.9051 0.0 
208000 508 772.422 -9197.892 -1.55 4.916 0.0 
209000 509 776.013 -9207.905 -1.561 4.9448 0.0 
210000 510 773.093 -9215.671 -1.966 4.925 0.0 
211000 513 765.537 -9220.197 -1.804 4.8713 0.0 
212000 514 770.226 -9213.517 -1.626 4.9054 0.0 
213000 515 763.022 -9217.058 -1.682 4.8505 0.0 
214000 516 767.761 -9222.4 -1.6 4.871 0.0 
215000 517 772.406 -9215.019 -1.663 4.8889 0.0 
216000 519 771.324 -9207.798 -1.503 4.8807 0.0 
217000 520 770.117 -9206.608 -1.319 4.8806 0.0 
218000 521 774.715 -9198.844 -1.131 4.922 0.0 
219000 522 779.221 -9192.031 -1.037 4.9643 0.0 
220000 524 763.464 -9194.254 -0.967 4.853 0.0 
221000 525 764.195 -9188.728 -0.908 4.8549 0.0 
222000 527 768.513 -9176.398 -0.668 4.8895 0.0 
223000 528 771.322 -9168.274 -0.525 4.8998 0.0 
224000 529 775.896 -9170.252 -0.478 4.9158 0.0 
225000 530 765.618 -9166.01 -0.458 4.841 0.0 
226000 531 770.306 -9173.83 -0.316 4.8838 0.0 
227000 535 745.631 -9180.173 -0.56 4.701 0.0 
228000 536 733.939 -9185.649 -0.58 4.6219 0.0 
229000 537 739.26 -9185.581 -0.66 4.6493 0.0 
230000 539 745.368 -9174.443 -0.401 4.7128 0.0 
231000 540 734.88 -9173.602 -0.402 4.6371 0.0 
232000 542 737.519 -9173.508 -0.37 4.6389 0.0 
233000 543 737.189 -9160.159 -0.216 4.6337 0.0 
234000 544 738.465 -9149.827 -0.024 4.6376 0.0 
235000 545 743.696 -9142.982 0.124 4.6747 0.0 
236000 546 748.822 -9143.219 0.257 4.7022 0.0 
237000 547 751.985 -9134.645 0.301 4.7203 0.0 
238000 548 756.945 -9131.491 0.417 4.7677 0.0 
239000 550 749.45 -9127.525 0.485 4.7524 0.0 
240000 552 752.296 -9119.345 0.663 4.741 0.0 
241000 553 757.25 -9117.069 0.678 4.7886 0.0 
242000 554 745.885 -9122.983 0.665 4.7108 0.0 
243000 555 750.967 -9125.774 0.553 4.7548 0.0 
244000 557 745.609 -9129.985 0.468 4.6975 0.0 
245000 558 750.697 -9141.558 0.278 4.716 0.0 
246000 561 731.954 -9141.143 0.119 4.5715 0.0 
247000 562 737.315 -9152.589 -0.072 4.6248 0.0 
248000 565 718.956 -9150.994 -0.043 4.494 0.0 
249000 566 724.577 -9152.723 -0.113 4.5678 0.0 
250000 567 730.086 -9151.178 -0.079 4.5953 0.0 
251000 569 717.028 -9151.049 -0.093 4.4956 0.0 
252000 570 722.687 -9147.395 -0.071 4.5485 0.0 
253000 572 717.709 -9155.68 -0.196 4.4886 0.0 
254000 573 723.355 -9159.5 -0.248 4.5497 0.0 
255000 576 695.381 -9153.635 -0.113 4.3541 0.0 
256000 577 694.994 -9150.166 -0.078 4.3447 0.0 
257000 579 690.492 -9154.144 -0.109 4.3075 0.0 
258000 580 696.682 -9160.839 -0.166 4.3458 0.0 
259000 581 702.748 -9167.138 -0.269 4.368 0.0 
260000 584 686.368 -9174.991 -0.477 4.2667 0.0 
261000 586 681.168 -9180.142 -0.609 4.2203 0.0 
262000 588 675.174 -9170.379 -0.309 4.1609 0.0 
263000 589 664.89 -9165.849 -0.237 4.0926 0.0 
264000 590 670.853 -9158.613 -0.146 4.1483 0.0 
265000 591 677.436 -9161.61 -0.063 4.1995 0.0 
266000 592 683.887 -9167.092 -0.126 4.2444 0.0 
267000 593 690.209 -9175.646 -0.232 4.2814 0.0 
268000 594 696.405 -9187.271 -0.343 4.3065 0.0 
269000 595 702.477 -9189.528 -0.66 4.3362 0.0 
270000 596 707.167 -9184.699 -0.631 4.3695 0.0 
271000 598 704.584 -9175.005 -0.43 4.3503 0.0 
272000 600 707.247 -9167.427 -0.227 4.3601 0.0 
273000 601 701.042 -9161.946 -0.088 4.313 0.0 
274000 602 707.021 -9167.904 -0.12 4.3506 0.0 
275000 603 712.881 -9175.956 -0.266 4.4062 0.0 
276000 604 718.623 -9183.913 -0.394 4.4465 0.0 
277000 605 724.251 -9189.072 -0.56 4.4816 0.0 
278000 607 718.59 -9187.427 -0.508 4.4284 0.0 
279000 608 724.218 -9185.887 -0.594 4.4599 0.0 
280000 612 691.24 -9172.978 -0.35 4.2297 0.0 
281000 615 675.945 -9159.933 0.04 4.1097 0.0 
282000 616 673.227 -9159.259 0.067 4.0888 0.0 
283000 617 679.762 -9162.547 -0.065 4.1204 0.0 
284000 618 685.727 -9160.841 0.003 4.1788 0.0 
285000 620 685.232 -9162.197 -0.044 4.1569 0.0 
286000 621 691.527 -9172.492 -0.194 4.2048 0.0 
287000 623 686.483 -9179.45 -0.292 4.1776 0.0 
288000 624 685.493 -9184.471 -0.454 4.1658 0.0 
289000 625 691.783 -9188.572 -0.543 4.2372 0.0 
290000 626 697.948 -9191.716 -0.578 4.2997 0.0 
291000 627 695.949 -9202.447 -0.636 4.279 0.0 
292000 629 701.969 -9207.54 -0.854 4.3091 0.0 
293000 631 680.53 -9209.758 -0.822 4.1674 0.0 
294000 633 676.481 -9211.569 -0.798 4.15 0.0 
295000 635 673.132 -9209.804 -0.816 4.1534 0.0 
296000 636 679.669 -9218.523 -0.883 4.175 0.0 
297000 637 686.076 -9218.822 -1.005 4.2346 0.0 
298000 638 692.354 -9225.913 -1.021 4.2604 0.0 
299000 639 691.727 -9231.123 -1.087 4.248 0.0 
300000 641 686.455 -9229.065 -1.083 4.2214 0.0 
301000 643 680.796 -9230.071 -0.928 4.1575 0.0 
302000 644 687.18 -9235.229 -1.068 4.2145 0.0 
303000 645 693.436 -9243.111 -1.188 4.24 0.0 
304000 647 696.236 -9250.025 -1.292 4.2423 0.0 
305000 648 702.311 -9256.71 -1.397 4.2626 0.0 
306000 649 708.265 -9264.171 -1.522 4.3094 0.0 
307000 650 714.1 -9270.756 -1.624 4.3728 0.0 
308000 651 719.818 -9277.978 -1.734 4.4123 0.0 
309000 652 725.422 -9280.756 -1.751 4.4318 0.0 
310000 653 730.913 -9282.03 -1.744 4.4747 0.0 
311000 654 736.295 -9288.391 -1.836 4.4985 0.0 
312000 655 724.789 -9284.828 -1.719 4.4213 0.0 
313000 656 730.293 -9284.056 -1.735 4.4627 0.0 
314000 657 735.687 -9288.859 -1.678 4.5033 0.0 
315000 659 727.994 -9291.918 -1.598 4.4669 0.0 
316000 661 722.866 -9295.223 -1.679 4.4264 0.0 
317000 663 720.28 -9286.52 -1.532 4.4201 0.0 
318000 665 713.457 -9295.813 -1.602 4.3816 0.0 
319000 666 719.188 -9316.631 -1.954 4.4238 0.0 
320000 667 724.804 -9327.098 -2.246 4.4659 0.0 
321000 668 730.148 -9328.584 -2.261 4.4883 0.0 
322000 672 690.763 -9315.489 -1.883 4.2186 0.0 
323000 673 684.108 -9324.05 -1.662 4.1666 0.0 
324000 674 690.425 -9337.093 -1.857 4.2042 0.0 
325000 676 688.105 -9330.823 -1.935 4.2025 0.0 
326000 677 692.942 -9330.681 -1.856 4.2282 0.0 
327000 678 695.244 -9333.481 -1.785 4.2312 0.0 
328000 679 701.339 -9336.427 -1.849 4.2649 0.0 
329000 680 707.312 -9340.711 -1.931 4.292 0.0 
330000 681 713.166 -9341.976 -1.828 4.3246 0.0 
331000 682 718.902 -9343.375 -1.91 4.3596 0.0 
332000 684 715.774 -9339.911 -1.768 4.3388 0.0 
333000 685 721.458 -9343.455 -1.842 4.3827 0.0 
334000 687 715.629 -9350.942 -1.88 4.3622 0.0 
335000 688 721.316 -9352.195 -1.888 4.3839 0.0 
336000 689 726.89 -9355.3 -1.921 4.4256 0.0 
337000 690 732.352 -9356.489 -1.986 4.4675 0.0 
338000 691 737.705 -9363.557 -1.983 4.4787 0.0 
339000 692 742.951 -9359.724 -1.895 4.519 0.0 
340000 693 748.092 -9363.147 -1.984 4.5797 0.0 
341000 694 753.13 -9366.668 -2.017 4.6113 0.0 
342000 695 758.067 -9379.018 -2.055 4.6342 0.0 
343000 696 762.906 -9380.17 -2.238 4.6588 0.0 
344000 697 755.908 -9386.534 -2.074 4.6032 0.0 
345000 698 760.79 -9388.11 -2.14 4.6459 0.0 
346000 699 765.574 -9396.62 -2.126 4.6753 0.0 
347000 701 773.997 -9389.381 -2.11 4.7318 0.0 
348000 702 778.517 -9397.817 -2.222 4.7409 0.0 
349000 703 782.947 -9391.595 -2.104 4.7939 0.0 
350000 704 787.288 -9397.949 -2.179 4.8178 0.0 
351000 705 791.542 -9403.977 -2.206 4.8561 0.0 
352000 706 795.711 -9404.38 -2.15 4.9056 0.0 
353000 707 799.797 -9411.247 -2.27 4.9326 0.0 
354000 708 803.801 -9415.763 -2.334 4.9363 0.0 
355000 709 807.725 -9422.697 -2.393 4.958 0.0 
356000 710 811.571 -9428.467 -2.515 4.9951 0.0 
357000 711 815.339 -9433.023 -2.513 5.0171 0.0 
358000 712 819.032 -9443.379 -2.627 5.0302 0.0 
359000 713 822.652 -9443.447 -2.652 5.0487 0.0 
360000 714 826.199 -9448.615 -2.67 5.0777 0.0 
361000 715 829.675 -9449.646 -2.687 5.0806 0.0 
362000 716 833.081 -9455.097 -2.67 5.1081 0.0 
363000 717 836.42 -9455.533 -2.7 5.1198 0.0 
364000 718 839.691 -9463.524 -2.76 5.1353 0.0 
365000 719 842.897 -9465.874 -2.794 5.1424 0.0 
366000 722 803.36 -9469.651 -2.673 4.8877 0.0 
367000 723 807.293 -9468.924 -2.662 4.9194 0.0 
368000 724 811.147 -9471.179 -2.632 4.9678 0.0 
369000 726 801.565 -9475.931 -2.554 4.8925 0.0 
370000 727 805.534 -9482.794 -2.672 4.9337 0.0 
371000 728 809.423 -9483.253 -2.756 4.9621 0.0 
372000 729 808.435 -9483.461 -2.543 4.9521 0.0 
373000 730 812.266 -9479.504 -2.596 4.9738 0.0 
374000 731 814.861 -9479.986 -2.346 4.9596 0.0 
375000 732 818.564 -9483.769 -2.403 4.961 0.0 
376000 733 822.192 -9496.645 -2.483 4.9899 0.0 
377000 734 825.748 -9499.959 -2.639 5.0201 0.0 
378000 735 829.233 -9507.845 -2.657 5.0295 0.0 
379000 736 832.649 -9515.024 -2.786 5.071 0.0 
380000 737 835.996 -9523.493 -2.861 5.0986 0.0 
381000 739 832.97 -9510.54 -2.67 5.0609 0.0 
382000 740 836.311 -9521.447 -2.727 5.0654 0.0 
383000 741 839.585 -9524.501 -2.845 5.083 0.0 
384000 742 834.773 -9520.358 -2.548 5.0443 0.0 
385000 743 838.078 -9523.406 -2.641 5.0809 0.0 
386000 744 841.316 -9529.934 -2.677 5.1058 0.0 
387000 745 844.49 -9534.621 -2.755 5.1291 0.0 
388000 746 847.6 -9542.986 -2.785 5.1453 0.0 
389000 747 850.648 -9545.356 -2.91 5.1557 0.0 
390000 748 853.635 -9548.974 -2.912 5.1774 0.0 
391000 750 844.071 -9540.558 -2.704 5.1034 0.0 
392000 751 847.19 -9545.988 -2.71 5.1331 0.0 
393000 752 850.246 -9555.466 -2.752 5.1454 0.0 
394000 753 853.241 -9557.352 -2.857 5.1777 0.0 
395000 754 856.176 -9566.769 -2.759 5.2102 0.0 
396000 755 859.053 -9569.078 -2.883 5.2397 0.0 
397000 756 861.872 -9571.469 -2.901 5.2689 0.0 
398000 757 864.634 -9576.979 -2.989 5.3074 0.0 
399000 758 867.341 -9583.392 -3.029 5.3116 0.0 
400000 759 869.995 -9580.631 -3.083 5.331 0.0 
401000 760 865.035 -9586.369 -2.832 5.288 0.0 
402000 761 867.734 -9588.812 -2.897 5.3085 0.0 
403000 762 870.379 -9591.355 -2.903 5.3256 0.0 
404000 763 872.972 -9597.699 -2.881 5.3371 0.0 
405000 765 863.322 -9582.471 -2.702 5.2981 0.0 
406000 766 866.056 -9583.142 -2.603 5.3258 0.0 
407000 767 868.734 -9586.402 -2.634 5.3231 0.0 
408000 768 871.36 -9591.17 -2.593 5.3187 0.0 
409000 769 873.933 -9602.048 -2.674 5.3163 0.0 
410000 770 876.454 -9606.855 -2.78 5.337 0.0 
411000 771 878.925 -9612.504 -2.857 5.3514 0.0 
412000 772 881.346 -9623.42 -2.912 5.3486 0.0 
413000 773 883.719 -9628.843 -3.038 5.362 0.0 
414000 774 886.045 -9628.727 -3.127 5.3724 0.0 
415000 775 882.964 -9633.333 -2.89 5.3516 0.0 
416000 776 885.305 -9642.332 -3.017 5.3825 0.0 
417000 777 887.599 -9640.864 -3.114 5.4225 0.0 
418000 778 889.847 -9643.073 -3.043 5.4504 0.0 
419000 779 892.05 -9650.187 -2.999 5.4747 0.0 
420000 781 889.705 -9642.362 -2.841 5.4718 0.0 
421000 782 891.911 -9648.625 -2.898 5.5009 0.0 
422000 783 894.072 -9656.033 -2.952 5.5147 0.0 
423000 784 896.191 -9660.31 -3.005 5.5512 0.0 
424000 785 898.267 -9657.263 -2.93 5.5846 0.0 
425000 786 900.302 -9657.5 -2.869 5.6077 0.0 
426000 787 902.296 -9661.125 -2.853 5.6142 0.0 
427000 788 904.25 -9671.101 -2.973 5.6283 0.0 
428000 789 906.165 -9677.237 -3.05 5.6389 0.0 
429000 790 908.042 -9682.424 -3.128 5.6817 0.0 
430000 791 909.881 -9691.462 -3.202 5.6907 0.0 
431000 792 911.683 -9694.742 -3.233 5.6887 0.0 
432000 793 913.449 -9696.753 -3.142 5.7168 0.0 
433000 794 915.18 -9707.48 -3.32 5.7368 0.0 
434000 795 916.877 -9713.456 -3.384 5.7364 0.0 
435000 796 918.539 -9715.987 -3.43 5.7673 0.0 
436000 797 920.169 -9723.718 -3.468 5.7793 0.0 
437000 798 921.765 -9734.457 -3.591 5.7837 0.0 
438000 799 923.33 -9741.416 -3.66 5.7898 0.0 
439000 800 924.863 -9741.65 -3.627 5.8032 0.0 
440000 801 926.366 -9751.689 -3.7 5.8334 0.0 
441000 802 927.839 -9751.997 -3.679 5.849 0.0 
442000 803 929.282 -9758.356 -3.733 5.8737 0.0 
443000 804 930.696 -9762.787 -3.732 5.8896 0.0 
444000 805 932.082 -9772.904 -3.826 5.908 0.0 
445000 806 933.441 -9773.007 -3.83 5.9374 0.0 
446000 807 934.772 -9775.924 -3.768 5.9347 0.0 
447000 808 936.076 -9783.883 -3.811 5.9666 0.0 
448000 809 937.355 -9794.599 -3.952 5.9745 0.0 
449000 810 938.608 -9799.718 -4.006 5.9779 0.0 
450000 811 939.836 -9805.146 -4.072 5.9863 0.0 
451000 812 941.039 -9808.993 -3.997 5.9956 0.0 
452000 813 942.218 -9811.592 -3.985 6.0209 0.0 
453000 814 943.374 -9808.058 -3.894 6.0295 0.0 
454000 815 944.506 -9808.974 -3.758 6.0307 0.0 
455000 816 945.616 -9809.2 -3.705 6.032 0.0 
456000 817 940.164 -9793.577 -3.424 5.9827 0.0 
457000 818 941.361 -9787.022 -3.232 5.9885 0.0 
458000 819 942.533 -9790.533 -3.174 5.9984 0.0 
459000 820 937.763 -9788.02 -2.962 5.9717 0.0 
460000 821 937.187 -9776.635 -2.816 5.9811 0.0 
461000 822 934.844 -9772.727 -2.647 5.9705 0.0 
462000 823 936.147 -9772.784 -2.545 5.9916 0.0 
463000 824 937.424 -9772.095 -2.493 6.0123 0.0 
464000 826 936.142 -9783.507 -2.721 5.9783 0.0 
465000 827 937.419 -9785.135 -2.664 5.9805 0.0 
466000 828 935.871 -9781.431 -2.535 5.9612 0.0 
467000 829 937.153 -9781.039 -2.455 5.9671 0.0 
468000 830 938.41 -9776.164 -2.285 5.9704 0.0 
469000 831 932.922 -9776.709 -2.126 5.9253 0.0 
470000 833 926.478 -9758.319 -1.746 5.8709 0.0 
471000 834 921.329 -9744.326 -1.478 5.8357 0.0 
472000 835 922.902 -9734.528 -1.406 5.8512 0.0 
473000 836 918.044 -9722.371 -1.117 5.8013 0.0 
474000 837 918.123 -9718.598 -0.921 5.7972 0.0 
475000 838 919.761 -9712.983 -0.849 5.7944 0.0 
476000 839 921.366 -9705.92 -0.777 5.8126 0.0 
477000 840 921.458 -9696.063 -0.534 5.8239 0.0 
478000 842 914.768 -9673.637 -0.068 5.7771 0.0 
479000 844 904.836 -9665.258 0.281 5.6965 0.0 
480000 845 899.879 -9656.05 0.477 5.6639 0.0 
481000 846 895.462 -9640.764 0.614 5.6334 0.0 
482000 847 897.553 -9635.051 0.728 5.6426 0.0 
483000 849 888.741 -9623.343 1.001 5.5757 0.0 
484000 850 888.386 -9622.587 0.964 5.5824 0.0 
485000 851 890.618 -9609.281 1.096 5.6171 0.0 
486000 852 891.166 -9607.566 1.233 5.6342 0.0 
487000 853 891.242 -9627.698 0.838 5.6495 0.0 
488000 854 889.158 -9627.093 0.948 5.621 0.0 
489000 855 891.214 -9622.599 0.918 5.627 0.0 
490000 856 893.39 -9626.352 0.877 5.64 0.0 
491000 857 895.522 -9630.548 0.789 5.6612 0.0 
492000 858 897.612 -9629.792 0.722 5.6659 0.0 
493000 859 899.66 -9634.284 0.682 5.6909 0.0 
494000 860 901.666 -9631.04 0.592 5.7081 0.0 
495000 861 903.633 -9623.218 0.69 5.7466 0.0 
496000 862 905.56 -9623.199 0.821 5.7546 0.0 
497000 863 907.449 -9625.363 0.778 5.7866 0.0 
498000 864 909.3 -9627.72 0.728 5.8023 0.0 
499000 865 911.114 -9625.851 0.717 5.8076 0.0 
500000 866 912.892 -9630.24 0.635 5.807 0.0 
501000 867 914.634 -9630.635 0.596 5.8209 0.0 
502000 868 914.421 -9624.739 0.663 5.8106 0.0 
503000 869 916.133 -9625.152 0.705 5.8305 0.0 
504000 870 917.81 -9626.124 0.656 5.8653 0.0 
505000 871 918.654 -9625.557 0.669 5.8573 0.0 
506000 872 920.281 -9628.317 0.644 5.8647 0.0 
507000 873 921.875 -9629.957 0.602 5.8606 0.0 
508000 874 923.438 -9635.557 0.533 5.8739 0.0 
509000 875 924.969 -9638.111 0.412 5.8818 0.0 
510000 876 926.47 -9638.826 0.352 5.8777 0.0 
511000 877 927.94 -9638.49 0.347 5.8888 0.0 
512000 878 929.382 -9632.726 0.327 5.908 0.0 
513000 879 930.794 -9629.651 0.459 5.942 0.0 
514000 880 932.178 -9628.332 0.467 5.9824 0.0 
515000 881 933.535 -9627.285 0.548 6.0007 0.0 
516000 882 934.864 -9618.434 0.519 6.0202 0.0 
517000 883 936.167 -9619.941 0.685 6.0236 0.0 
518000 885 938.094 -9620.153 0.624 6.0334 0.0 
519000 886 939.332 -9618.318 0.631 6.06 0.0 
520000 887 940.546 -9620.413 0.618 6.0703 0.0 
521000 888 934.495 -9605.208 0.719 6.0213 0.0 
522000 889 935.805 -9599.212 0.703 6.0239 0.0 
523000 890 933.809 -9593.527 1.018 6.0039 0.0 
524000 891 935.133 -9590.713 1.029 6.0246 0.0 
525000 892 936.43 -9594.701 0.952 6.025 0.0 
526000 894 928.487 -9577.512 1.208 5.9524 0.0 
527000 896 911.153 -9550.506 1.721 5.8296 0.0 
528000 897 902.93 -9525.893 1.98 5.766 0.0 
529000 898 900.991 -9522.29 2.254 5.7539 0.0 
530000 899 902.971 -9521.665 2.254 5.7979 0.0 
531000 900 904.912 -9521.911 2.164 5.8005 0.0 
532000 901 906.814 -9521.866 2.127 5.8164 0.0 
533000 902 905.818 -9519.307 2.195 5.805 0.0 
534000 904 904.587 -9508.198 2.179 5.8019 0.0 
535000 906 883.197 -9470.66 2.813 5.6477 0.0 
536000 907 877.313 -9468.295 2.945 5.6088 0.0 
537000 908 879.767 -9468.629 2.879 5.6195 0.0 
538000 911 862.342 -9432.822 3.356 5.4917 0.0 
539000 913 848.831 -9413.761 3.661 5.3904 0.0 
540000 914 851.854 -9412.86 3.597 5.4071 0.0 
541000 915 854.817 -9408.914 3.638 5.4026 0.0 
542000 916 853.881 -9393.769 3.679 5.3815 0.0 
543000 918 838.634 -9371.57 3.951 5.2764 0.0 
544000 920 831.086 -9364.24 4.159 5.2058 0.0 
545000 921 834.465 -9345.73 4.431 5.1983 0.0 
546000 922 828.475 -9331.927 4.509 5.1486 0.0 
547000 924 819.528 -9313.722 4.666 5.0715 0.0 
548000 925 823.137 -9305.519 4.642 5.0832 0.0 
549000 926 826.674 -9293.775 4.78 5.0814 0.0 
550000 928 815.584 -9271.231 5.077 4.9896 0.0 
551000 929 819.272 -9260.189 5.204 5.0065 0.0 
552000 930 822.887 -9240.96 5.418 5.0093 0.0 
553000 931 815.209 -9219.308 5.645 4.9521 0.0 
554000 933 807.287 -9202.25 5.943 4.8846 0.0 
555000 938 756.627 -9161.76 6.282 4.5561 0.0 
556000 940 746.533 -9126.573 6.619 4.4822 0.0 
557000 943 720.171 -9088.689 6.919 4.3085 0.0 
558000 946 693.623 -9055.55 7.203 4.1355 0.0 
559000 948 684.82 -9027.688 7.459 4.0701 0.0 
560000 949 691.123 -9015.8 7.481 4.1122 0.0 
561000 951 687.995 -8981.138 7.782 4.0732 0.0 
562000 952 687.895 -8965.99 8.009 4.064 0.0 
563000 954 689.794 -8953.053 8.232 4.0524 0.0 
564000 955 695.998 -8937.891 8.268 4.078 0.0 
565000 958 664.506 -8893.442 8.536 3.8835 0.0 
566000 960 662.371 -8859.233 8.729 3.8595 0.0 
567000 966 611.132 -8790.059 9.279 3.5383 0.0 
568000 969 585.188 -8738.365 9.476 3.3778 0.0 
569000 971 584.234 -8714.987 9.624 3.3562 0.0 
570000 973 585.059 -8688.52 9.716 3.3499 0.0 
571000 978 550.38 -8627.948 10.21 3.1356 0.0 
572000 982 526.266 -8565.752 10.612 2.9782 0.0 
573000 987 496.738 -8516.854 10.661 2.7945 0.0 
574000 990 472.338 -8480.588 10.435 2.6522 0.0 
575000 993 476.58 -8452.222 10.523 2.6769 0.0 
576000 995 463.568 -8428.773 10.466 2.5947 0.0 
577000 1002 435.013 -8371.547 10.333 2.4177 0.0 
578000 1003 440.813 -8345.397 10.406 2.4481 0.0 
579000 1006 438.354 -8306.433 10.699 2.4263 0.0 
580000 1012 407.139 -8238.3 10.639 2.241 0.0 
581000 1015 401.071 -8201.613 10.802 2.1961 0.0 
582000 1018 401.964 -8173.09 10.961 2.2006 0.0 
583000 1024 373.896 -8106.674 10.952 2.0345 0.0 
584000 1025 368.979 -8106.328 10.805 2.0054 0.0 
585000 1026 381.599 -8109.101 10.535 2.1102 0.0 
586000 1032 366.568 -8061.157 10.009 2.0231 0.0 
587000 1039 342.95 -8011.953 9.742 1.863 0.0 
588000 1040 343.591 -7991.844 9.86 1.862 0.0 
589000 1046 333.649 -7944.79 9.588 1.8097 0.0 
590000 1052 311.598 -7888.558 9.569 1.6767 0.0 
591000 1058 298.188 -7853.296 9.233 1.5996 0.0 
592000 1060 297.861 -7826.005 9.397 1.5905 0.0 
593000 1065 296.569 -7794.489 9.178 1.6053 0.0 
594000 1068 293.044 -7760.534 9.182 1.5793 0.0 
595000 1071 299.175 -7756.87 8.717 1.6227 0.0 
596000 1072 313.191 -7763.024 8.452 1.7435 0.0 
597000 1073 310.867 -7767.153 8.386 1.7272 0.0 
598000 1076 320.77 -7727.936 8.385 1.8107 0.0 
599000 1079 324.924 -7689.744 8.646 1.8367 0.0 
600000 1082 328.458 -7689.47 8.226 1.873 0.0 
601000 1086 321.0 -7640.414 8.534 1.8146 0.0 
602000 1093 300.203 -7600.752 8.379 1.6776 0.0 
603000 1094 310.879 -7587.058 8.182 1.7627 0.0 
604000 1096 320.154 -7566.267 8.348 1.805 0.0 
605000 1101 309.495 -7511.158 8.78 1.7247 0.0 
606000 1105 302.63 -7469.569 8.751 1.6767 0.0 
607000 1110 292.741 -7416.807 8.756 1.6104 0.0 
608000 1112 302.568 -7424.156 8.489 1.6811 0.0 
609000 1118 286.028 -7362.636 8.573 1.5699 0.0 
610000 1120 295.541 -7377.31 8.007 1.6437 0.0 
611000 1128 270.311 -7312.198 8.068 1.4844 0.0 
612000 1134 256.478 -7245.571 8.33 1.3941 0.0 
613000 1140 248.735 -7195.598 8.386 1.3424 0.0 
614000 1149 226.495 -7160.264 7.723 1.2069 0.0 
615000 1150 225.845 -7150.459 7.737 1.2007 0.0 
616000 1157 229.144 -7119.013 7.34 1.2367 0.0 
617000 1162 225.282 -7075.903 7.498 1.2056 0.0 
618000 1168 219.357 -7037.296 7.353 1.1599 0.0 
619000 1177 200.843 -7018.073 6.522 1.0395 0.0 
620000 1180 196.517 -6985.81 6.611 1.0119 0.0 
621000 1188 196.457 -6972.724 5.998 1.0331 0.0 
622000 1193 188.703 -6946.748 5.731 0.9844 0.0 
623000 1194 194.589 -6944.697 5.825 1.0197 0.0 
624000 1196 212.483 -6922.407 5.925 1.1433 0.0 
625000 1199 228.58 -6893.565 6.077 1.2425 0.0 
626000 1201 241.688 -6898.383 5.87 1.3364 0.0 
627000 1202 256.854 -6899.509 5.715 1.4466 0.0 
628000 1203 271.717 -6906.12 5.536 1.54 0.0 
629000 1206 267.762 -6871.922 5.663 1.5127 0.0 
630000 1207 282.407 -6872.127 5.595 1.6108 0.0 
631000 1209 298.644 -6865.696 5.662 1.709 0.0 
632000 1216 277.889 -6820.161 5.758 1.5689 0.0 
633000 1220 270.669 -6773.177 5.916 1.5149 0.0 
634000 1221 276.536 -6771.994 6.203 1.5437 0.0 
635000 1228 268.305 -6742.41 5.73 1.5195 0.0 
636000 1229 271.119 -6737.513 5.914 1.5314 0.0 
637000 1230 285.696 -6738.189 5.771 1.6485 0.0 
638000 1234 286.727 -6725.715 5.504 1.6645 0.0 
639000 1237 293.328 -6718.718 5.196 1.7111 0.0 
640000 1238 307.462 -6718.334 5.126 1.8275 0.0 
641000 1239 321.312 -6710.197 5.086 1.9053 0.0 
642000 1243 318.568 -6683.307 5.48 1.8652 0.0 
643000 1244 332.197 -6668.447 5.445 1.9503 0.0 
644000 1245 345.053 -6655.454 5.572 2.0286 0.0 
645000 1248 348.165 -6653.603 5.573 2.0709 0.0 
646000 1249 342.602 -6635.495 5.502 2.0359 0.0 
647000 1251 350.675 -6618.331 5.634 2.0883 0.0 
648000 1253 366.208 -6592.324 6.034 2.1749 0.0 
649000 1254 378.884 -6593.041 5.886 2.2509 0.0 
650000 1255 391.306 -6592.777 5.749 2.3212 0.0 
651000 1256 403.48 -6594.411 5.603 2.4009 0.0 
652000 1258 408.542 -6597.109 5.442 2.4376 0.0 
653000 1259 416.531 -6586.463 5.492 2.4837 0.0 
654000 1261 417.525 -6577.8 5.505 2.5005 0.0 
655000 1262 429.175 -6570.742 5.334 2.574 0.0 
656000 1264 428.474 -6557.482 5.576 2.5638 0.0 
657000 1266 441.586 -6539.107 5.612 2.665 0.0 
658000 1267 452.754 -6534.717 5.61 2.7482 0.0 
659000 1268 463.699 -6537.574 5.382 2.8283 0.0 
660000 1270 465.98 -6510.104 5.706 2.8359 0.0 
661000 1272 461.193 -6489.527 5.992 2.7961 0.0 
662000 1274 465.997 -6474.915 6.027 2.8096 0.0 
663000 1275 476.677 -6477.79 5.871 2.856 0.0 
664000 1276 486.243 -6470.881 5.814 2.9075 0.0 
665000 1277 496.518 -6464.97 5.899 2.9825 0.0 
666000 1278 506.588 -6463.691 5.698 3.0488 0.0 
667000 1279 508.136 -6469.179 5.79 3.0535 0.0 
668000 1280 517.974 -6462.586 5.668 3.1247 0.0 
669000 1281 527.614 -6465.266 5.541 3.1851 0.0 
670000 1282 537.062 -6466.481 5.409 3.2727 0.0 
671000 1283 546.321 -6466.063 5.252 3.3457 0.0 
672000 1285 552.406 -6449.545 5.354 3.3715 0.0 
673000 1286 552.798 -6451.75 5.302 3.3691 0.0 
674000 1287 561.742 -6454.175 5.15 3.4463 0.0 
675000 1288 570.507 -6446.976 4.993 3.5113 0.0 
676000 1290 575.555 -6423.76 5.305 3.538 0.0 
677000 1291 584.044 -6425.958 5.161 3.6022 0.0 
678000 1292 592.363 -6429.377 5.002 3.6486 0.0 
679000 1293 600.516 -6432.364 4.855 3.7038 0.0 
680000 1295 600.996 -6403.335 5.144 3.6925 0.0 
681000 1296 608.976 -6406.106 4.956 3.7407 0.0 
682000 1297 616.797 -6409.376 4.84 3.7763 0.0 
683000 1298 624.461 -6411.699 4.659 3.8254 0.0 
684000 1301 610.23 -6409.602 4.675 3.737 0.0 
685000 1302 612.045 -6388.214 4.811 3.7412 0.0 
686000 1303 619.804 -6389.79 4.637 3.8013 0.0 
687000 1304 626.928 -6387.639 4.62 3.8483 0.0 
688000 1305 634.39 -6389.409 4.487 3.915 0.0 
689000 1307 635.63 -6390.113 4.523 3.9142 0.0 
690000 1308 628.437 -6373.505 4.666 3.8631 0.0 
691000 1310 634.83 -6356.62 4.709 3.882 0.0 
692000 1311 642.134 -6358.309 4.513 3.9391 0.0 
693000 1312 643.791 -6355.65 4.588 3.963 0.0 
694000 1313 650.915 -6351.262 4.417 4.0056 0.0 
695000 1314 649.917 -6348.446 4.65 3.9768 0.0 
696000 1317 644.979 -6308.383 4.975 3.943 0.0 
697000 1318 652.08 -6314.554 4.846 3.9988 0.0 
698000 1319 645.518 -6301.65 5.118 3.9522 0.0 
699000 1320 652.608 -6290.725 4.977 4.0207 0.0 
700000 1322 657.765 -6267.365 5.23 4.0152 0.0 
701000 1324 655.475 -6263.063 5.428 3.9865 0.0 
702000 1325 649.546 -6241.989 5.59 3.9433 0.0 
703000 1326 656.555 -6244.657 5.444 3.986 0.0 
704000 1327 663.424 -6249.641 5.324 4.0474 0.0 
705000 1328 670.155 -6257.175 5.075 4.0699 0.0 
706000 1331 661.617 -6228.308 5.276 4.0094 0.0 
707000 1332 668.385 -6228.615 5.034 4.0499 0.0 
708000 1333 675.017 -6219.034 5.228 4.0888 0.0 
709000 1334 681.517 -6225.763 5.005 4.1349 0.0 
710000 1335 679.627 -6202.634 5.22 4.1136 0.0 
711000 1337 679.899 -6187.884 5.322 4.0968 0.0 
712000 1338 672.581 -6184.27 5.546 4.0471 0.0 
713000 1340 672.766 -6167.499 5.522 4.0677 0.0 
714000 1342 671.545 -6157.704 5.477 4.0503 0.0 
715000 1344 660.008 -6135.112 5.724 3.9688 0.0 
716000 1345 661.588 -6125.211 5.652 3.9675 0.0 
717000 1348 649.967 -6076.326 6.272 3.8715 0.0 
718000 1350 637.47 -6047.522 6.686 3.7881 0.0 
719000 1351 642.781 -6045.666 6.765 3.8314 0.0 
720000 1353 647.687 -6039.284 6.47 3.8744 0.0 
721000 1354 654.733 -6043.894 6.239 3.9158 0.0 
722000 1355 661.638 -6045.18 6.01 3.939 0.0 
723000 1356 655.006 -6042.007 6.246 3.8914 0.0 
724000 1358 657.527 -6027.795 6.135 3.9117 0.0 
725000 1359 664.377 -6029.924 5.92 3.958 0.0 
726000 1360 671.089 -6033.721 5.743 3.9914 0.0 
727000 1362 667.678 -6006.482 5.941 3.9619 0.0 
728000 1366 638.791 -5963.183 6.587 3.7625 0.0 
729000 1367 646.015 -5946.469 6.768 3.7949 0.0 
730000 1370 626.441 -5898.726 7.175 3.6679 0.0 
731000 1371 633.912 -5905.903 6.969 3.7062 0.0 
732000 1372 641.234 -5905.857 6.764 3.7474 0.0 
733000 1373 648.409 -5905.308 6.7 3.8108 0.0 
734000 1374 655.441 -5887.286 6.865 3.8539 0.0 
735000 1375 662.332 -5894.03 6.661 3.8949 0.0 
736000 1376 669.085 -5892.767 6.474 3.9582 0.0 
737000 1377 675.704 -5895.184 6.296 4.0042 0.0 
738000 1379 667.763 -5860.003 6.739 3.9564 0.0 
739000 1380 659.868 -5856.479 6.878 3.9039 0.0 
740000 1381 666.67 -5857.922 6.632 3.9742 0.0 
741000 1382 673.337 -5856.334 6.523 4.0127 0.0 
742000 1383 679.87 -5860.48 6.351 4.076 0.0 
743000 1384 686.273 -5863.979 6.15 4.092 0.0 
744000 1385 692.547 -5866.966 5.958 4.1506 0.0 
745000 1388 682.224 -5827.077 6.2 4.0511 0.0 
746000 1390 679.728 -5824.945 6.25 4.0324 0.0 
747000 1392 672.66 -5797.115 6.473 3.9837 0.0 
748000 1393 679.207 -5802.91 6.297 4.033 0.0 
749000 1396 656.284 -5738.695 6.865 3.8841 0.0 
750000 1399 639.537 -5705.652 7.386 3.7714 0.0 
751000 1401 632.486 -5661.945 7.693 3.7261 0.0 
752000 1402 639.836 -5666.33 7.509 3.7941 0.0 
753000 1403 634.879 -5661.33 7.661 3.7602 0.0 
754000 1406 630.984 -5645.28 7.541 3.7163 0.0 
755000 1408 624.248 -5611.16 7.806 3.6666 0.0 
756000 1410 613.413 -5580.691 8.073 3.5957 0.0 
757000 1412 615.502 -5574.698 8.006 3.6079 0.0 
758000 1414 608.524 -5537.935 8.223 3.5588 0.0 
759000 1415 616.353 -5537.938 8.01 3.6087 0.0 
760000 1416 609.326 -5534.627 8.183 3.5637 0.0 
761000 1417 616.16 -5534.382 8.053 3.5991 0.0 
762000 1419 617.32 -5515.152 8.03 3.6095 0.0 
763000 1420 624.974 -5514.231 7.835 3.6526 0.0 
764000 1422 625.025 -5489.962 7.831 3.632 0.0 
765000 1423 623.064 -5490.361 7.986 3.6072 0.0 
766000 1426 621.519 -5452.701 8.106 3.5877 0.0 
767000 1427 618.529 -5445.142 8.139 3.5698 0.0 
768000 1428 626.158 -5447.204 7.931 3.6128 0.0 
769000 1429 633.635 -5450.649 7.735 3.6614 0.0 
770000 1430 640.962 -5452.995 7.507 3.7231 0.0 
771000 1431 648.143 -5444.389 7.308 3.7901 0.0 
772000 1432 655.18 -5430.637 7.448 3.8218 0.0 
773000 1434 654.535 -5404.488 7.765 3.8201 0.0 
774000 1435 661.444 -5406.862 7.568 3.8528 0.0 
775000 1436 668.215 -5409.356 7.374 3.9087 0.0 
776000 1437 674.851 -5411.16 7.178 3.9347 0.0 
777000 1439 673.787 -5405.209 7.162 3.9119 0.0 
778000 1441 663.687 -5364.261 7.512 3.8431 0.0 
779000 1442 670.414 -5364.948 7.363 3.8872 0.0 
780000 1443 677.005 -5367.926 7.15 3.9282 0.0 
781000 1444 672.345 -5365.474 7.192 3.8999 0.0 
782000 1447 662.336 -5327.927 7.353 3.8616 0.0 
783000 1448 654.41 -5325.187 7.517 3.8074 0.0 
784000 1452 639.413 -5275.418 7.804 3.7199 0.0 
785000 1453 633.444 -5259.787 7.88 3.6797 0.0 
786000 1454 639.955 -5257.511 7.904 3.7233 0.0 
787000 1455 647.156 -5258.406 7.715 3.7699 0.0 
788000 1457 650.209 -5243.933 7.595 3.7975 0.0 
789000 1458 657.205 -5245.383 7.368 3.8515 0.0 
790000 1460 644.676 -5226.634 7.572 3.7656 0.0 
791000 1461 651.783 -5231.683 7.36 3.8106 0.0 
792000 1464 642.045 -5193.728 7.49 3.7379 0.0 
793000 1465 635.124 -5190.848 7.639 3.6904 0.0 
794000 1467 638.113 -5168.942 7.594 3.7351 0.0 
795000 1468 645.351 -5163.593 7.429 3.7859 0.0 
796000 1469 652.444 -5159.126 7.539 3.8091 0.0 
797000 1470 659.395 -5158.509 7.333 3.8486 0.0 
798000 1472 659.223 -5144.506 7.312 3.8449 0.0 
799000 1473 651.278 -5134.444 7.543 3.7904 0.0 
800000 1474 658.253 -5138.38 7.359 3.8238 0.0 
801000 1475 665.088 -5139.23 7.154 3.8652 0.0 
802000 1476 671.786 -5139.727 7.002 3.9248 0.0 
803000 1479 658.515 -5097.189 7.302 3.8507 0.0 
804000 1480 663.845 -5095.263 7.233 3.8896 0.0 
805000 1481 664.608 -5093.558 7.216 3.8781 0.0 
806000 1483 662.869 -5073.488 7.237 3.8713 0.0 
807000 1486 652.907 -5034.417 7.431 3.8222 0.0 
808000 1488 649.063 -5022.839 7.65 3.8129 0.0 
809000 1489 656.082 -5021.599 7.507 3.8735 0.0 
810000 1490 662.96 -5011.295 7.577 3.9132 0.0 
811000 1493 637.255 -4956.046 8.006 3.741 0.0 
812000 1494 644.51 -4957.307 7.856 3.7784 0.0 
813000 1496 643.107 -4940.534 7.841 3.7802 0.0 
814000 1497 650.245 -4932.51 7.849 3.8145 0.0 
815000 1498 641.04 -4925.65 7.988 3.7562 0.0 
816000 1501 640.55 -4897.042 8.049 3.7647 0.0 
817000 1503 632.843 -4850.547 8.445 3.711 0.0 
818000 1504 640.186 -4850.793 8.247 3.7531 0.0 
819000 1505 640.882 -4841.21 8.396 3.7444 0.0 
820000 1507 638.083 -4815.745 8.515 3.7118 0.0 
821000 1508 645.322 -4809.2 8.515 3.75 0.0 
822000 1510 639.945 -4782.992 8.673 3.7007 0.0 
823000 1511 647.146 -4780.478 8.552 3.7316 0.0 
824000 1513 637.89 -4748.577 8.77 3.6709 0.0 
825000 1514 645.132 -4730.771 8.867 3.7021 0.0 
826000 1515 649.01 -4721.984 9.099 3.7157 0.0 
827000 1517 654.429 -4709.495 9.052 3.755 0.0 
828000 1518 661.34 -4698.817 9.035 3.7927 0.0 
829000 1519 657.293 -4679.491 9.224 3.7648 0.0 
830000 1521 656.325 -4658.381 9.093 3.7524 0.0 
831000 1522 663.198 -4643.711 9.24 3.7809 0.0 
832000 1525 644.252 -4598.498 9.659 3.6644 0.0 
833000 1526 651.367 -4587.015 9.553 3.717 0.0 
834000 1527 658.34 -4581.065 9.699 3.7437 0.0 
835000 1528 665.173 -4578.413 9.489 3.7911 0.0 
836000 1531 648.484 -4531.236 9.811 3.6887 0.0 
837000 1535 618.268 -4480.836 10.035 3.4974 0.0 
838000 1537 612.497 -4448.456 10.255 3.4529 0.0 
839000 1539 601.557 -4427.778 10.312 3.3829 0.0 
840000 1544 570.216 -4361.81 10.547 3.1873 0.0 
841000 1545 577.572 -4349.675 10.65 3.2218 0.0 
842000 1549 550.427 -4288.708 10.888 3.0592 0.0 
843000 1551 543.245 -4258.051 11.122 3.0141 0.0 
844000 1553 547.912 -4234.16 11.119 3.0344 0.0 
845000 1554 543.914 -4226.827 11.222 3.006 0.0 
846000 1557 542.807 -4189.67 11.187 2.9812 0.0 
847000 1558 551.951 -4181.969 11.101 3.0426 0.0 
848000 1562 531.759 -4129.963 11.379 2.9113 0.0 
849000 1565 517.657 -4079.021 11.557 2.8259 0.0 
850000 1568 509.854 -4053.268 11.65 2.7856 0.0 
851000 1571 499.255 -4012.153 11.78 2.7205 0.0 
852000 1573 493.091 -3977.683 11.786 2.6888 0.0 
853000 1574 503.229 -3960.514 11.797 2.758 0.0 
854000 1576 508.564 -3933.876 11.97 2.7712 0.0 
855000 1579 495.972 -3896.777 11.854 2.7039 0.0 
856000 1581 495.133 -3865.799 12.009 2.7015 0.0 
857000 1582 502.771 -3847.594 12.094 2.7454 0.0 
858000 1583 505.575 -3830.549 12.206 2.749 0.0 
859000 1588 486.186 -3771.087 12.118 2.631 0.0 
860000 1589 492.702 -3754.278 12.225 2.6606 0.0 
861000 1592 487.427 -3707.735 12.52 2.6251 0.0 
862000 1593 483.899 -3694.137 12.572 2.6036 0.0 
863000 1597 479.097 -3638.106 12.771 2.5727 0.0 
864000 1599 465.36 -3615.629 12.606 2.4948 0.0 
865000 1601 480.492 -3598.78 12.436 2.6049 0.0 
866000 1607 446.62 -3530.91 12.55 2.4064 0.0 
867000 1612 423.183 -3457.932 12.785 2.2663 0.0 
868000 1616 410.309 -3403.572 12.807 2.1885 0.0 
869000 1620 394.721 -3333.021 12.89 2.0975 0.0 
870000 1624 385.232 -3282.987 13.023 2.0416 0.0 
871000 1627 378.914 -3221.881 13.24 1.992 0.0 
872000 1630 378.23 -3175.119 13.46 1.9836 0.0 
873000 1633 377.476 -3140.254 13.516 1.964 0.0 
874000 1636 374.413 -3100.7 13.417 1.9477 0.0 
875000 1637 371.185 -3078.032 13.489 1.928 0.0 
876000 1641 375.628 -3022.307 13.569 1.9512 0.0 
877000 1644 374.311 -2983.56 13.603 1.9497 0.0 
878000 1645 378.485 -2964.972 13.724 1.9727 0.0 
879000 1650 369.646 -2906.674 13.57 1.9274 0.0 
880000 1652 373.751 -2868.682 13.664 1.9545 0.0 
881000 1655 370.108 -2828.113 13.656 1.9317 0.0 
882000 1659 362.067 -2771.428 13.758 1.8835 0.0 
883000 1662 361.156 -2726.465 13.834 1.8771 0.0 
884000 1665 357.764 -2672.126 13.977 1.8556 0.0 
885000 1666 356.709 -2656.082 14.075 1.8484 0.0 
886000 1669 362.424 -2614.794 13.953 1.8841 0.0 
887000 1671 373.672 -2592.937 13.994 1.9524 0.0 
888000 1674 370.542 -2544.256 14.052 1.9327 0.0 
889000 1676 378.888 -2529.945 14.027 1.9743 0.0 
890000 1677 374.231 -2504.351 14.044 1.9483 0.0 
891000 1679 390.851 -2486.84 13.767 2.061 0.0 
892000 1680 393.634 -2473.814 13.707 2.0802 0.0 
893000 1683 398.394 -2426.444 13.842 2.1016 0.0 
894000 1685 407.466 -2405.695 13.955 2.1429 0.0 
895000 1686 419.317 -2393.282 13.965 2.2203 0.0 
896000 1688 410.019 -2352.495 13.941 2.1666 0.0 
897000 1691 414.37 -2301.973 14.092 2.1824 0.0 
898000 1692 426.083 -2289.143 14.094 2.2507 0.0 
899000 1696 411.536 -2225.57 14.178 2.1665 0.0 
900000 1698 409.718 -2191.372 14.299 2.1545 0.0 
901000 1700 422.753 -2176.678 14.326 2.2335 0.0 
902000 1702 418.09 -2141.173 14.332 2.207 0.0 
903000 1705 421.159 -2115.963 14.125 2.2303 0.0 
904000 1707 414.291 -2072.563 14.162 2.1884 0.0 
905000 1708 423.505 -2060.797 14.164 2.2432 0.0 
906000 1710 432.175 -2029.973 14.167 2.2936 0.0 
907000 1712 438.741 -2006.376 14.11 2.3291 0.0 
908000 1715 423.627 -1971.765 14.109 2.2423 0.0 
909000 1718 425.834 -1936.906 13.847 2.2438 0.0 
910000 1720 430.771 -1911.639 13.735 2.2566 0.0 
911000 1724 416.389 -1857.879 13.792 2.1667 0.0 
912000 1728 404.696 -1798.879 13.895 2.1013 0.0 
913000 1730 408.688 -1777.449 13.97 2.1221 0.0 
914000 1731 412.094 -1749.639 13.914 2.141 0.0 
915000 1732 416.592 -1747.284 13.924 2.1627 0.0 
916000 1734 425.657 -1718.382 13.724 2.2192 0.0 
917000 1737 427.61 -1676.722 13.746 2.2329 0.0 
918000 1738 425.738 -1666.08 13.666 2.223 0.0 
919000 1740 432.159 -1638.552 13.67 2.2756 0.0 
920000 1744 428.295 -1584.806 13.808 2.2519 0.0 
921000 1745 423.61 -1572.911 13.817 2.2254 0.0 
922000 1750 416.64 -1503.751 13.727 2.1847 0.0 
923000 1753 410.721 -1455.917 13.773 2.1482 0.0 
924000 1755 409.723 -1428.299 13.771 2.1421 0.0 
925000 1756 421.529 -1413.661 13.77 2.2284 0.0 
926000 1757 433.098 -1410.361 13.759 2.2992 0.0 
927000 1758 433.816 -1402.997 13.445 2.2952 0.0 
928000 1761 438.875 -1360.956 13.461 2.3198 0.0 
929000 1765 429.387 -1316.195 13.537 2.2604 0.0 
930000 1768 424.762 -1280.352 13.487 2.2213 0.0 
931000 1770 417.129 -1236.261 13.508 2.1718 0.0 
932000 1773 420.166 -1199.197 13.515 2.1841 0.0 
933000 1774 431.762 -1199.097 13.252 2.2544 0.0 
934000 1776 432.027 -1174.797 13.198 2.2534 0.0 
935000 1779 424.762 -1136.532 13.239 2.2178 0.0 
936000 1781 427.147 -1105.909 13.216 2.2377 0.0 
937000 1785 415.64 -1044.279 13.333 2.1527 0.0 
938000 1786 427.327 -1032.224 13.385 2.221 0.0 
939000 1788 432.985 -1016.986 13.294 2.2473 0.0 
940000 1791 426.158 -961.868 13.396 2.2134 0.0 
941000 1793 422.127 -935.299 13.448 2.1904 0.0 
942000 1795 429.471 -905.118 13.493 2.2429 0.0 
943000 1798 425.427 -865.394 13.505 2.2177 0.0 
944000 1801 421.412 -823.4 13.529 2.197 0.0 
945000 1804 413.511 -782.934 13.504 2.1537 0.0 
946000 1807 409.943 -740.186 13.486 2.1357 0.0 
947000 1809 406.883 -717.46 13.495 2.1096 0.0 
948000 1813 404.369 -670.509 13.634 2.0836 0.0 
949000 1816 400.384 -634.834 13.486 2.0605 0.0 
950000 1819 395.474 -596.232 13.355 2.0354 0.0 
951000 1822 391.486 -546.68 13.452 2.0194 0.0 
952000 1826 380.644 -501.776 13.44 1.957 0.0 
953000 1827 393.032 -498.379 13.1 2.0407 0.0 
954000 1828 388.931 -491.063 13.168 2.0172 0.0 
955000 1830 405.189 -464.591 12.939 2.1119 0.0 
956000 1832 404.018 -438.232 13.001 2.1048 0.0 
957000 1834 414.539 -418.102 12.852 2.1899 0.0 
958000 1836 410.15 -391.957 12.925 2.1664 0.0 
959000 1839 413.731 -365.5 12.623 2.179 0.0 
960000 1842 406.178 -330.341 12.571 2.1392 0.0 
961000 1844 413.314 -318.562 12.327 2.1919 0.0 
962000 1845 422.727 -303.133 12.365 2.2429 0.0 
963000 1846 434.273 -290.697 12.328 2.303 0.0 
964000 1848 436.948 -273.182 12.165 2.3245 0.0 
965000 1851 433.012 -236.322 12.232 2.2868 0.0 
966000 1853 431.645 -218.866 12.064 2.2821 0.0 
967000 1856 426.383 -184.647 12.071 2.2495 0.0 
968000 1857 437.855 -185.983 11.782 2.3155 0.0 
969000 1858 449.098 -174.54 11.73 2.3988 0.0 
970000 1859 460.116 -175.702 11.535 2.48 0.0 
971000 1860 466.454 -171.116 11.411 2.5313 0.0 
972000 1861 477.125 -175.446 11.143 2.6152 0.0 
973000 1865 468.337 -140.105 11.118 2.5692 0.0 
974000 1866 478.97 -133.871 11.01 2.6344 0.0 
975000 1867 476.37 -103.068 11.098 2.6183 0.0 
976000 1870 478.333 -67.349 11.233 2.6062 0.0 
977000 1874 459.357 -8.529 11.484 2.4915 0.0 
978000 1876 457.143 21.163 11.58 2.4736 0.0 
979000 1877 459.3 24.353 11.651 2.4834 0.0 
980000 1881 457.276 71.644 11.649 2.4683 0.0 
981000 1884 450.813 115.136 11.866 2.4272 0.0 
982000 1885 449.437 144.052 11.948 2.4172 0.0 
983000 1887 462.888 157.258 11.991 2.4962 0.0 
984000 1891 441.439 228.061 12.174 2.3721 0.0 
985000 1892 452.61 238.224 12.192 2.442 0.0 
986000 1894 459.591 255.068 12.165 2.4901 0.0 
987000 1896 450.635 286.145 12.27 2.4371 0.0 
988000 1898 457.236 320.964 12.344 2.4794 0.0 
989000 1900 450.834 351.06 12.51 2.4404 0.0 
990000 1902 462.301 376.249 12.377 2.5173 0.0 
991000 1904 468.041 394.626 12.549 2.541 0.0 
992000 1906 464.865 440.359 12.679 2.5198 0.0 
993000 1908 470.777 453.791 12.799 2.5447 0.0 
994000 1909 481.361 453.116 12.533 2.5973 0.0 
995000 1910 491.734 460.874 12.422 2.653 0.0 
996000 1911 501.899 474.437 12.43 2.6995 0.0 
997000 1913 498.118 513.197 12.524 2.6724 0.0 
998000 1915 496.411 532.539 12.375 2.6541 0.0 
999000 1918 487.855 576.473 12.445 2.6026 0.0 
1000000 1920 487.647 603.997 12.511 2.6069 0.0 
