10000 324 32.763 -256.0 -0.752 0.1432 64 -256.0 -3.8732 
20000 624 38.135 -475.0 -0.613 0.1673 124 -475.0 -2.9672 
30000 913 36.565 -678.0 -0.657 0.1611 182 -675.0 -3.1228 
40000 1213 34.786 -898.0 -0.704 0.6909 242 -895.0 -3.7318 
50000 1498 36.029 -1096.0 -0.68 0.7274 299 -1093.0 -3.3049 
60000 1812 32.998 -1337.0 -0.738 0.6661 362 -1334.0 -3.7341 
70000 2109 34.749 -1554.0 -0.696 0.6996 421 -1545.0 -3.3118 
80000 2369 41.405 -1714.0 -0.56 0.8356 473 -1702.0 -2.4179 
90000 2658 33.841 -1914.0 -0.72 0.681 531 -1899.0 -3.3637 
100000 2916 42.07 -2064.0 -0.49 0.8512 583 -2049.0 -2.389 
110000 3179 36.293 -2220.0 -0.651 0.7349 635 -2202.0 -3.2011 
120000 3440 37.342 -2379.0 -0.631 0.758 688 -2358.0 -3.1374 
130000 3676 44.508 -2498.0 -0.454 0.9012 735 -2477.0 -2.4287 
140000 3931 42.39 -2646.0 -0.503 0.8601 786 -2622.0 -2.2308 
150000 4187 37.759 -2798.0 -0.618 0.7634 837 -2771.0 -3.0466 
160000 4442 39.838 -2948.0 -0.561 0.8026 888 -2921.0 -2.7038 
170000 4678 40.697 -3069.0 -0.544 0.8185 935 -3039.0 -2.5636 
180000 4936 36.687 -3221.0 -0.671 0.7412 987 -3188.0 -3.0713 
190000 5173 44.063 -3341.0 -0.468 0.8871 1034 -3308.0 -2.1253 
200000 5416 42.772 -3470.0 -0.483 0.8582 1083 -3437.0 -2.4346 
210000 5640 43.938 -3570.0 -0.456 0.9395 1128 -3537.0 -2.2871 
220000 5900 35.568 -3725.0 -0.665 0.7709 1180 -3692.0 -3.3555 
230000 6133 43.196 -3831.0 -0.457 0.9379 1226 -3798.0 -2.3388 
240000 6364 44.644 -3947.0 -0.474 0.9658 1272 -3914.0 -2.3411 
250000 6569 51.615 -4021.0 -0.318 1.1214 1313 -3985.0 -1.6615 
260000 6809 42.321 -4145.0 -0.478 1.0301 1361 -4109.0 -2.2811 
270000 7015 43.066 -4212.0 -0.454 1.0567 1403 -4176.0 -2.2796 
280000 7214 43.834 -4269.0 -0.459 1.0643 1442 -4233.0 -2.4371 
290000 7451 42.97 -4386.0 -0.504 1.0507 1490 -4350.0 -2.4603 
300000 7664 47.488 -4467.0 -0.376 1.1537 1532 -4431.0 -1.7152 
310000 7857 53.063 -4513.0 -0.187 1.2877 1571 -4474.0 -0.55 
320000 8050 52.195 -4562.0 -0.236 1.2661 1610 -4517.0 -0.929 
330000 8258 47.112 -4636.0 -0.39 1.1435 1651 -4588.0 -1.6008 
340000 8484 44.948 -4732.0 -0.399 1.0922 1696 -4681.0 -1.8358 
350000 8677 54.512 -4776.0 -0.141 1.3219 1735 -4710.0 0.0442 
360000 8875 55.669 -4832.0 -0.154 1.3529 1775 -4754.0 -0.4093 
370000 9066 56.404 -4875.0 -0.102 1.3651 1813 -4794.0 -0.4659 
380000 9256 50.908 -4910.0 -0.221 1.2451 1851 -4829.0 -0.984 
390000 9434 57.573 -4938.0 -0.109 1.401 1886 -4851.0 -0.6101 
400000 9625 48.339 -4982.0 -0.312 1.181 1925 -4895.0 -1.6161 
410000 9815 50.999 -5028.0 -0.296 1.242 1963 -4938.0 -1.5203 
420000 9991 58.314 -5046.0 -0.047 1.422 1998 -4944.0 0.9111 
430000 10151 59.974 -5041.0 -0.027 1.4606 2030 -4933.0 0.0851 
440000 10332 60.778 -5068.0 -0.002 1.4746 2066 -4951.0 0.7958 
450000 10529 51.184 -5118.0 -0.238 1.2492 2105 -4998.0 -1.6375 
460000 10685 66.338 -5104.0 0.132 1.6201 2137 -4984.0 0.6578 
470000 10854 60.446 -5113.0 -0.034 1.4722 2170 -4990.0 -0.1763 
480000 11002 62.324 -5091.0 0.013 1.5198 2200 -4944.0 0.6222 
490000 11157 62.541 -5071.0 0.082 1.5182 2231 -4915.0 1.1156 
500000 11331 60.617 -5085.0 0.011 1.4771 2266 -4902.0 1.0731 
510000 11491 64.761 -5083.0 0.086 1.5769 2298 -4894.0 0.1251 
520000 11624 74.862 -5026.0 0.357 1.8291 2324 -4831.0 2.1444 
530000 11748 84.22 -4962.0 0.625 2.0439 2349 -4746.0 4.023 
540000 11877 75.209 -4904.0 0.388 1.8272 2375 -4667.0 2.8215 
550000 12019 70.549 -4867.0 0.228 1.7173 2403 -4624.0 1.7171 
560000 12136 80.486 -4791.0 0.525 1.9543 2427 -4536.0 2.6457 
570000 12254 80.775 -4712.0 0.569 1.9613 2450 -4418.0 4.3568 
580000 12373 81.757 -4643.0 0.495 1.985 2474 -4331.0 3.1863 
590000 12509 73.224 -4596.0 0.336 1.7823 2501 -4260.0 3.1418 
600000 12623 90.495 -4509.0 0.829 2.1969 2524 -4140.0 5.7059 
610000 12745 85.364 -4435.0 0.686 2.0814 2549 -4042.0 4.3719 
620000 12859 89.269 -4342.0 0.839 2.2087 2571 -3934.0 5.0097 
630000 12965 84.375 -4240.0 0.664 2.0512 2593 -3808.0 4.0518 
640000 13071 93.263 -4144.0 0.897 2.3203 2614 -3691.0 5.3589 
650000 13162 101.585 -4018.0 1.123 2.4665 2632 -3520.0 7.4969 
660000 13255 108.799 -3895.0 1.346 2.878 2651 -3355.0 8.9749 
670000 13356 92.734 -3786.0 0.874 2.5038 2671 -3225.0 5.4179 
680000 13456 98.56 -3677.0 1.059 2.6741 2691 -3077.0 7.6143 
690000 13555 101.842 -3564.0 1.165 2.762 2711 -2913.0 8.7971 
700000 13649 102.421 -3441.0 1.181 2.7747 2729 -2766.0 8.1251 
710000 13742 104.757 -3306.0 1.325 2.8342 2748 -2595.0 7.7458 
720000 13820 121.994 -3158.0 1.735 3.2797 2764 -2405.0 10.9378 
730000 13895 123.978 -2996.0 1.881 3.3471 2779 -2186.0 12.6438 
740000 13975 112.249 -2844.0 1.543 3.0256 2795 -1944.0 11.8716 
750000 14048 130.977 -2679.0 2.074 3.5532 2809 -1704.0 15.703 
760000 14125 126.074 -2516.0 2.013 3.4103 2825 -1484.0 13.5893 
770000 14193 143.513 -2349.0 2.405 3.8768 2838 -1245.0 16.3756 
780000 14255 152.369 -2159.0 2.768 4.1107 2851 -959.0 20.3253 
790000 14332 133.642 -2008.0 2.126 3.5873 2866 -736.0 14.5456 
800000 14395 152.205 -1809.0 3.032 4.0883 2879 -294.0 36.581 
810000 14459 153.443 -1631.0 2.816 4.1423 2891 -35.0 24.3952 
820000 14513 176.799 -1433.0 3.457 4.7649 2902 271.0 29.1125 
830000 14569 167.121 -1233.0 3.2 4.5283 2913 597.0 28.5447 
840000 14620 192.072 -971.0 4.823 5.2004 2924 1258.0 58.3698 
850000 14674 186.794 -754.0 4.257 5.0626 2934 1613.0 40.1222 
860000 14717 210.487 -533.0 4.688 5.6957 2943 1957.0 39.0194 
870000 14762 222.025 -316.0 4.875 5.9652 2952 2348.0 42.3227 
880000 14804 231.3 -90.0 5.122 6.244 2960 2763.0 47.3211 
890000 14848 230.012 133.0 5.097 6.2272 2969 3157.0 46.1316 
900000 14890 236.516 368.0 5.417 6.3809 2978 3614.0 51.27 
910000 14935 223.823 588.0 4.965 6.0091 2987 4020.0 46.2024 
920000 14978 232.929 823.0 5.409 6.2374 2995 4432.0 48.9546 
930000 15030 201.562 1033.0 4.375 5.4324 3006 4849.0 41.2948 
940000 15070 225.544 1270.0 5.18 6.0792 3014 5293.0 48.762 
950000 15110 239.943 1510.0 5.636 6.4754 3022 5734.0 51.7826 
960000 15151 238.884 1749.0 5.677 6.4351 3030 6144.0 50.6962 
970000 15189 256.393 2004.0 6.389 6.8791 3037 6651.0 58.054 
980000 15225 258.369 2273.0 6.688 6.9279 3045 7250.0 71.2318 
990000 15268 245.652 2532.0 6.301 6.6041 3053 7779.0 66.3752 
1000000 15299 283.339 2824.0 7.792 7.6214 3059 8566.0 92.1047 
1010000 15339 259.639 3089.0 6.998 6.9943 3067 9176.0 86.8456 
1020000 15377 266.665 3394.0 7.793 7.1743 3075 10006.0 105.679 
1030000 15409 290.23 3756.0 9.488 7.8037 3081 11271.0 152.4372 
1040000 15450 262.576 4064.0 8.321 7.0772 3090 12140.0 123.3501 
1050000 15480 286.092 4397.0 9.438 7.6995 3096 13109.0 143.0487 
1060000 15517 283.301 4714.0 9.073 7.6383 3103 14023.0 135.476 
1070000 15552 286.595 5027.0 9.035 7.738 3110 14879.0 125.7777 
1080000 15595 254.168 5342.0 8.125 6.8741 3119 15833.0 118.683 
1090000 15628 275.005 5651.0 8.705 7.4373 3125 16688.0 128.0365 
1100000 15662 283.905 5963.0 8.846 7.6592 3132 17513.0 120.1826 
1110000 15696 284.68 6262.0 8.736 7.6801 3139 18331.0 121.9487 
1120000 15728 301.101 6639.0 10.052 8.1353 3145 19593.0 142.9872 
1130000 15764 284.824 7008.0 10.047 7.7027 3152 20871.0 174.7907 
1140000 15799 288.138 7346.0 9.954 7.7726 3159 21878.0 150.9287 
1150000 15831 299.673 7696.0 10.444 8.0917 3166 23083.0 173.3315 
1160000 15860 308.43 8061.0 11.045 8.308 3172 24375.0 190.7691 
1170000 15896 293.841 8354.0 9.493 7.9329 3179 25127.0 144.3499 
1180000 15930 291.946 8651.0 9.125 7.8765 3186 25904.0 130.0175 
1190000 15963 292.986 8989.0 9.454 7.9209 3192 26938.0 147.1897 
1200000 15996 303.218 9325.0 9.921 8.1742 3199 27940.0 147.0437 
1210000 16026 313.534 9706.0 11.062 8.45 3205 29224.0 178.6015 
1220000 16054 333.237 10043.0 11.524 8.9682 3210 30314.0 188.6221 
1230000 16089 306.12 10355.0 10.151 8.2637 3217 31130.0 158.2821 
1240000 16133 256.954 10649.0 8.01 6.9239 3226 31958.0 119.2504 
1250000 16164 284.446 11001.0 9.369 7.6526 3232 33093.0 143.8008 
1260000 16195 293.365 11325.0 9.619 7.8851 3239 34029.0 142.0968 
1270000 16234 270.467 11643.0 8.301 7.2909 3246 34938.0 115.0001 
1280000 16267 288.687 11977.0 9.465 7.7948 3253 35920.0 136.5433 
1290000 16300 286.106 12362.0 10.13 7.7037 3260 37205.0 160.78 
1300000 16335 292.114 12693.0 9.884 7.8547 3267 38253.0 149.4914 
1310000 16369 290.116 13083.0 10.414 7.8239 3273 39510.0 157.5613 
1320000 16401 293.017 13451.0 10.477 7.8798 3280 40763.0 169.1551 
1330000 16439 286.48 13753.0 9.643 7.7143 3287 41536.0 139.4528 
1340000 16473 285.119 14071.0 9.147 7.7262 3294 42388.0 125.4547 
1350000 16503 313.205 14428.0 10.702 8.4692 3300 43570.0 167.096 
1360000 16540 287.307 14733.0 9.269 7.7647 3308 44466.0 137.7849 
1370000 16570 311.818 15068.0 10.276 8.3972 3314 45569.0 159.6733 
1380000 16602 308.092 15395.0 10.126 8.3153 3320 46454.0 150.0543 
1390000 16636 300.538 15791.0 10.759 8.0935 3327 47825.0 174.4013 
1400000 16667 312.674 16105.0 10.573 8.3825 3333 48697.0 161.1969 
1410000 16700 303.094 16485.0 10.747 8.1514 3340 50040.0 175.0362 
1420000 16728 327.451 16873.0 11.9 8.5863 3345 51400.0 196.2836 
1430000 16760 318.418 17238.0 11.852 8.0665 3352 52719.0 207.9848 
1440000 16793 311.107 17569.0 10.95 7.7171 3358 53758.0 184.5915 
1450000 16826 299.284 17862.0 9.624 7.3441 3365 54543.0 145.9429 
1460000 16855 322.523 18267.0 11.662 7.8533 3371 56109.0 204.285 
1470000 16883 331.326 18656.0 12.22 8.0543 3376 57599.0 234.5634 
1480000 16918 308.76 19019.0 11.374 7.4823 3383 58847.0 210.0702 
1490000 16945 333.317 19359.0 11.854 8.0549 3389 59973.0 206.5458 
1500000 16975 329.327 19732.0 11.862 7.9761 3395 61318.0 207.8171 
1510000 17001 339.191 20080.0 11.918 8.2075 3400 62494.0 210.6034 
1520000 17032 331.892 20441.0 11.852 8.035 3406 63710.0 209.0883 
1530000 17061 336.149 20848.0 12.706 8.1336 3412 65218.0 228.396 
1540000 17090 334.945 21222.0 12.428 8.1207 3418 66705.0 228.6284 
1550000 17130 281.532 21499.0 9.047 6.8283 3426 67498.0 147.5275 
1560000 17162 297.754 21860.0 10.217 7.2112 3432 68774.0 179.3621 
1570000 17198 289.82 22190.0 9.654 7.0245 3439 69791.0 155.879 
1580000 17237 264.669 22534.0 8.262 6.407 3447 70792.0 116.0017 
1590000 17263 320.166 22899.0 11.637 7.7412 3452 72144.0 179.3729 
1600000 17295 312.702 23162.0 10.001 7.5553 3459 72818.0 154.6538 
1610000 17324 327.303 23536.0 11.125 7.9124 3464 74089.0 169.4561 
1620000 17352 336.301 23888.0 11.739 8.1406 3470 75365.0 207.6084 
1630000 17382 336.0 24250.0 11.763 8.1219 3476 76600.0 196.275 
1640000 17410 340.876 24589.0 11.744 8.2425 3482 77842.0 200.4792 
1650000 17438 345.466 24938.0 11.981 8.3485 3487 79013.0 204.0906 
1660000 17462 371.922 25309.0 12.833 8.9751 3492 80428.0 224.3731 
1670000 17491 353.541 25716.0 13.577 8.5251 3498 82053.0 267.4813 
1680000 17523 336.413 26063.0 12.333 8.1217 3504 83147.0 226.3971 
1690000 17551 338.298 26465.0 12.818 8.1764 3510 84650.0 234.2649 
1700000 17588 298.5 26783.0 10.214 7.2115 3517 85676.0 176.8093 
1710000 17630 266.775 27067.0 8.205 6.4499 3526 86482.0 122.2324 
1720000 17673 244.212 27315.0 6.581 5.9047 3534 87000.0 78.1395 
1730000 17708 263.246 27646.0 7.937 6.362 3541 87991.0 112.8412 
1740000 17741 281.061 27979.0 8.897 6.7903 3548 88951.0 126.1886 
1750000 17762 344.879 28317.0 11.32 8.3519 3552 90201.0 191.8872 
1760000 17788 363.23 28699.0 12.596 8.7897 3557 91717.0 233.6321 
1770000 17817 363.805 29024.0 12.36 8.8019 3563 92702.0 203.8698 
1780000 17849 338.927 29442.0 12.673 8.2051 3569 94377.0 247.0061 
1790000 17879 334.916 29767.0 11.904 8.1104 3575 95434.0 223.728 
1800000 17910 329.24 30118.0 11.801 7.9833 3582 96649.0 208.6725 
1810000 17945 307.423 30453.0 10.602 7.4564 3589 97635.0 171.4551 
1820000 17973 329.319 30860.0 12.235 7.9699 3594 99107.0 215.9688 
1830000 18008 301.247 31242.0 11.21 7.2749 3601 100611.0 213.5587 
1840000 18040 311.303 31652.0 12.246 7.5035 3608 102272.0 239.0185 
1850000 18065 336.933 32072.0 13.738 8.1385 3613 103910.0 269.7997 
1860000 18097 328.149 32412.0 12.129 7.9284 3619 105033.0 215.4866 
1870000 18125 336.145 32804.0 12.82 8.1053 3625 106526.0 237.2914 
1880000 18151 363.206 33155.0 13.183 8.7766 3630 107816.0 244.79 
1890000 18206 239.129 33368.0 6.846 5.7817 3641 108197.0 99.9883 
1900000 18247 251.93 33673.0 7.73 6.089 3649 109153.0 125.599 
1910000 18275 295.653 33992.0 9.295 7.1377 3655 110216.0 154.9576 
1920000 18299 350.059 34403.0 12.59 8.4598 3659 111950.0 227.1767 
1930000 18325 361.513 34795.0 13.527 8.7381 3665 113533.0 268.6223 
1940000 18352 362.817 35219.0 14.471 8.7662 3670 115214.0 273.2428 
1950000 18382 350.154 35592.0 13.594 8.4494 3676 116577.0 270.0244 
1960000 18410 348.562 35958.0 13.174 8.4141 3682 117840.0 242.2849 
1970000 18441 317.848 36262.0 10.705 7.6834 3688 118681.0 178.7833 
1980000 18474 313.823 36623.0 10.367 7.5853 3694 120038.0 172.9939 
1990000 18500 349.956 36975.0 12.331 8.4589 3700 121320.0 220.4957 
2000000 18527 361.494 37346.0 12.982 8.734 3705 122702.0 239.7287 
2010000 18553 375.024 37705.0 13.5 9.0625 3710 123892.0 225.6219 
2020000 18587 331.171 38042.0 11.378 8.0023 3717 124994.0 190.2082 
2030000 18615 346.395 38469.0 13.362 8.3729 3723 126732.0 247.396 
2040000 18646 333.648 38812.0 12.166 8.0655 3729 127786.0 207.4506 
2050000 18670 372.945 39185.0 13.586 9.0103 3734 129296.0 251.3141 
2060000 18701 349.186 39537.0 12.609 8.4365 3740 130464.0 227.9483 
2070000 18727 366.935 39911.0 13.549 8.8629 3745 131723.0 213.7541 
2080000 18763 316.237 40223.0 10.803 7.6487 3752 132770.0 181.8147 
2090000 18795 313.601 40614.0 11.827 7.5743 3759 134088.0 206.2406 
2100000 18822 338.369 40985.0 12.57 8.1784 3764 135380.0 221.4363 
2110000 18851 343.945 41391.0 13.243 8.3146 3770 136917.0 241.1784 
2120000 18873 385.484 41739.0 14.107 9.3121 3774 138234.0 267.1506 
2130000 18905 348.313 42133.0 13.003 8.4215 3781 139708.0 236.4145 
2140000 18929 371.01 42514.0 13.972 8.9695 3785 141247.0 277.0192 
2150000 18958 363.65 42906.0 14.019 8.7831 3791 142629.0 259.3955 
2160000 18990 329.883 43270.0 12.443 7.9715 3798 143911.0 227.8342 
2170000 19020 321.814 43627.0 11.917 7.771 3804 145138.0 214.3372 
2180000 19047 359.943 44006.0 13.288 8.6965 3809 146600.0 238.2351 
2190000 19072 371.726 44355.0 13.479 8.9803 3814 147888.0 248.4159 
2200000 19111 303.798 44667.0 10.306 7.3296 3822 148782.0 172.0064 
2210000 19140 329.779 45039.0 11.728 7.9631 3828 150150.0 206.0171 
2220000 19173 319.789 45396.0 11.304 7.7226 3834 151317.0 198.7357 
2230000 19209 293.535 45712.0 9.761 7.1077 3841 152185.0 154.6995 
2240000 19244 291.403 46122.0 10.843 7.065 3848 153723.0 195.2932 
2250000 19274 307.955 46483.0 11.285 7.441 3854 154981.0 204.6175 
2260000 19306 300.772 46864.0 11.169 7.2673 3861 156331.0 198.0118 
2270000 19331 349.369 47298.0 13.908 8.4305 3866 158052.0 257.268 
2280000 19368 306.266 47625.0 11.063 7.3849 3873 159189.0 198.2063 
2290000 19396 324.798 48042.0 12.505 7.8445 3879 160725.0 220.1521 
2300000 19425 334.993 48454.0 13.492 8.08 3885 162340.0 255.949 
2310000 19451 349.807 48848.0 14.152 8.4423 3890 163787.0 272.7842 
2320000 19476 360.716 49162.0 13.246 8.6992 3895 164929.0 249.4596 
2330000 19506 357.686 49482.0 12.378 8.6363 3901 165891.0 212.648 
2340000 19535 348.015 49860.0 12.504 8.4067 3907 167262.0 217.8543 
2350000 19565 343.061 50270.0 13.04 8.2889 3913 168755.0 232.131 
2360000 19596 334.495 50590.0 11.872 8.0737 3919 169738.0 203.628 
2370000 19624 344.803 50994.0 12.906 8.3185 3924 171282.0 241.6982 
2380000 19654 337.899 51407.0 13.152 8.1636 3930 172889.0 248.1518 
2390000 19681 334.508 51839.0 13.228 8.083 3936 174551.0 245.9494 
2400000 19710 356.009 52169.0 13.464 8.6065 3942 175718.0 246.639 
2410000 19736 366.226 52508.0 13.295 8.848 3947 176930.0 245.7983 
2420000 19764 355.873 52908.0 13.449 8.5959 3952 178446.0 270.5235 
2430000 19795 338.949 53229.0 12.05 8.1853 3959 179358.0 202.6634 
2440000 19820 363.481 53640.0 13.807 8.7856 3964 181032.0 259.9231 
2450000 19847 370.829 53987.0 13.48 8.9754 3969 182123.0 235.9598 
2460000 19877 358.982 54400.0 13.955 8.686 3975 183742.0 267.587 
2470000 19911 326.04 54724.0 11.774 7.8922 3982 184666.0 197.6363 
2480000 19943 301.781 55096.0 10.984 7.3042 3988 185989.0 200.1213 
2490000 19975 304.782 55477.0 11.31 7.3729 3995 187315.0 194.7502 
2500000 20011 288.604 55822.0 10.247 6.9834 4002 188509.0 175.2124 
2510000 20040 305.905 56209.0 11.386 7.3813 4008 189880.0 198.3312 
2520000 20068 334.187 56640.0 13.563 8.0723 4013 191556.0 223.5383 
2530000 20095 345.758 56963.0 12.937 8.3563 4019 192740.0 240.7641 
2540000 20122 359.558 57299.0 12.841 8.6877 4024 193826.0 230.0819 
2550000 20153 332.632 57602.0 11.04 8.0307 4030 194750.0 185.3806 
2560000 20182 336.354 57997.0 12.075 8.1168 4036 196240.0 192.2425 
2570000 20210 349.992 58339.0 12.548 8.4593 4042 197398.0 216.5896 
2580000 20240 338.354 58695.0 12.051 8.1755 4048 198603.0 205.3714 
2590000 20269 346.021 59041.0 12.095 8.3674 4053 199858.0 222.897 
2600000 20295 359.402 59424.0 13.142 8.687 4059 201420.0 243.5348 
2610000 20322 366.956 59818.0 13.979 8.8607 4064 202870.0 243.9309 
2620000 20352 353.639 60164.0 12.903 8.5413 4070 204068.0 231.9868 
2630000 20384 335.661 60556.0 12.635 8.1139 4076 205591.0 242.1176 
2640000 20416 325.063 60902.0 11.909 7.8436 4083 206651.0 207.0288 
2650000 20439 363.005 61330.0 14.5 8.7639 4087 208507.0 263.7452 
2660000 20474 329.348 61640.0 11.814 7.9477 4094 209372.0 206.3505 
2670000 20500 351.184 62000.0 12.66 8.4713 4100 210656.0 224.1301 
2680000 20526 365.937 62353.0 12.94 8.8242 4105 212002.0 235.6478 
2690000 20553 369.971 62709.0 13.293 8.9295 4110 213255.0 206.5086 
2700000 20576 395.121 63090.0 14.417 9.5517 4115 214671.0 262.8729 
2710000 20605 373.184 63456.0 13.656 9.0159 4121 216000.0 246.1967 
2720000 20628 404.381 63803.0 14.465 9.7607 4125 217298.0 245.4397 
2730000 20663 347.364 64126.0 11.966 8.3998 4132 218266.0 207.8902 
2740000 20696 319.08 64502.0 11.503 7.7183 4139 219584.0 202.9986 
2750000 20741 269.359 64808.0 8.846 6.5017 4148 220529.0 142.4012 
2760000 20770 301.078 65211.0 11.228 7.2528 4154 222093.0 205.2644 
2770000 20801 311.56 65592.0 11.671 7.5148 4160 223374.0 203.2576 
2780000 20822 365.334 65991.0 14.359 8.8133 4164 225027.0 246.9828 
2790000 20854 350.559 66340.0 13.116 8.4481 4170 226264.0 247.6499 
2800000 20883 343.773 66704.0 12.588 8.2982 4176 227507.0 230.5533 
2810000 20910 349.009 67104.0 13.362 8.4178 4182 228996.0 245.2746 
2820000 20945 319.605 67496.0 12.275 7.7168 4189 230417.0 217.8079 
2830000 20981 294.941 67804.0 10.16 7.1224 4196 231286.0 162.0098 
2840000 21007 324.052 68172.0 11.368 7.8176 4201 232647.0 192.2476 
2850000 21040 319.609 68533.0 11.542 7.7135 4208 234007.0 208.2937 
2860000 21065 345.787 68899.0 12.672 8.3428 4213 235324.0 230.3142 
2870000 21094 348.753 69272.0 12.686 8.4081 4218 236729.0 241.3123 
2880000 21122 348.143 69689.0 13.532 8.4089 4224 238367.0 265.0127 
2890000 21152 334.781 70083.0 13.096 8.0757 4230 239799.0 251.3135 
2900000 21185 323.002 70427.0 11.84 7.8008 4237 240911.0 202.6564 
2910000 21211 349.467 70797.0 12.944 8.4278 4242 242163.0 222.9993 
2920000 21239 350.141 71216.0 13.364 8.4302 4247 243893.0 255.7913 
2930000 21269 351.212 71598.0 13.723 8.4632 4253 245202.0 234.8565 
2940000 21299 340.698 71963.0 12.949 8.2121 4259 246347.0 224.6327 
2950000 21325 348.939 72346.0 13.357 8.42 4265 247765.0 238.3945 
2960000 21355 342.49 72709.0 12.916 8.2709 4271 249118.0 232.4461 
2970000 21390 317.195 73074.0 11.815 7.6645 4278 250305.0 203.5721 
2980000 21420 311.035 73451.0 11.779 7.5272 4284 251537.0 205.4951 
2990000 21452 322.774 73896.0 13.102 7.8028 4290 253326.0 242.3993 
3000000 21483 323.267 74260.0 12.502 7.8108 4296 254512.0 211.3143 
3010000 21513 318.721 74617.0 11.63 7.7083 4302 255640.0 202.7766 
3020000 21540 346.106 75009.0 13.199 8.3589 4308 257163.0 237.8965 
3030000 21571 331.495 75386.0 12.694 8.0236 4314 258515.0 236.6499 
3040000 21592 381.599 75716.0 13.669 9.2347 4318 259766.0 259.9076 
3050000 21620 365.468 76159.0 14.346 8.8317 4324 261577.0 276.435 
3060000 21640 409.82 76484.0 15.122 9.9106 4328 262907.0 295.7264 
3070000 21670 361.57 76839.0 13.116 8.7559 4334 264093.0 241.6014 
3080000 21698 366.563 77271.0 14.292 8.8656 4339 265857.0 283.4977 
3090000 21728 346.421 77632.0 13.144 8.3837 4345 267067.0 247.0919 
3100000 21757 348.692 78026.0 13.338 8.4296 4351 268592.0 252.4003 
3110000 21788 333.458 78426.0 13.041 8.0599 4357 270090.0 253.5428 
3120000 21825 296.067 78752.0 10.93 7.1664 4365 271082.0 191.1552 
3130000 21856 314.472 79165.0 12.366 7.6044 4371 272677.0 232.1276 
3140000 21888 314.499 79525.0 11.872 7.6012 4377 273910.0 219.7299 
3150000 21920 311.322 79930.0 12.072 7.5235 4384 275476.0 219.5372 
3160000 21942 357.809 80283.0 13.287 8.6402 4388 276744.0 244.5997 
3170000 21965 384.116 80685.0 14.797 9.2713 4393 278373.0 284.0752 
3180000 21990 391.24 81093.0 15.403 9.4488 4398 280044.0 304.3867 
3190000 22020 356.792 81508.0 14.42 8.636 4404 281563.0 274.4917 
3200000 22046 373.589 81907.0 14.948 9.0441 4409 283099.0 283.2785 
3210000 22071 386.243 82266.0 14.586 9.3625 4414 284448.0 279.6463 
3220000 22101 366.205 82672.0 14.039 8.8777 4420 285952.0 261.4621 
3230000 22131 352.737 83038.0 13.443 8.5349 4426 287227.0 251.4806 
3240000 22154 382.769 83433.0 14.739 9.2617 4430 288858.0 268.5936 
3250000 22185 351.285 83844.0 14.066 8.4898 4437 290457.0 275.2383 
3260000 22214 346.175 84268.0 14.099 8.38 4442 292123.0 294.2449 
3270000 22242 350.426 84693.0 14.624 8.4842 4448 293694.0 284.4623 
3280000 22269 358.096 85030.0 13.611 8.6824 4453 294979.0 275.762 
3290000 22295 367.361 85440.0 14.588 8.901 4459 296520.0 275.9133 
3300000 22322 373.214 85783.0 13.819 9.0419 4464 297703.0 259.9985 
