1000 10 18.14 -125.443 -2.248 0.0138 0 0 0 
2000 19 31.61 -218.809 -3.6 0.0229 0 0 0 
3000 27 45.708 -341.182 -5.12 0.0294 0 0 0 
4000 38 55.87 -483.69 -6.933 0.0344 0 0 0 
5000 48 63.201 -739.2 -10.065 0.0371 0 0 0 
6000 59 69.693 -967.916 -12.441 0.0389 0 0 0 
7000 64 74.514 -1110.117 -14.1 0.042 0 0 0 
8000 70 91.109 -1181.485 -13.605 0.0642 0 0 0 
9000 80 91.718 -1308.857 -13.174 0.0765 0 0 0 
10000 89 96.188 -1427.384 -13.436 0.0898 0 0 0 
11000 99 97.132 -1495.216 -12.217 0.099 0 0 0 
12000 106 101.296 -1537.984 -11.432 0.1075 0 0 0 
13000 114 105.51 -1605.139 -10.896 0.1156 0 0 0 
14000 122 108.638 -1712.882 -11.295 0.1222 0 0 0 
15000 127 118.818 -1774.686 -11.471 0.1381 0 0 0 
16000 132 124.276 -1858.325 -11.366 0.1456 0 0 0 
17000 137 131.012 -2040.791 -14.315 0.1552 0 0 0 
18000 144 135.245 -2191.079 -15.314 0.1612 0 0 0 
19000 150 138.94 -2332.517 -16.198 0.1659 0 0 0 
20000 158 136.312 -2509.131 -16.954 0.1648 0 0 0 
21000 165 136.066 -2619.74 -16.838 0.1655 0 0 0 
22000 174 132.191 -2697.837 -15.455 0.1639 0 0 0 
23000 180 137.153 -2722.084 -14.148 0.1755 0 0 0 
24000 185 142.769 -2770.486 -13.761 0.1855 0 0 0 
25000 188 153.111 -2821.765 -13.53 0.2025 0 0 0 
26000 194 155.767 -2918.949 -14.166 0.2139 0 0 0 
27000 197 156.127 -3018.754 -15.351 0.2159 0 0 0 
28000 201 172.544 -3040.252 -14.493 0.2669 0 0 0 
29000 207 172.269 -3067.753 -13.354 0.2622 0 0 0 
30000 213 171.334 -3116.497 -12.747 0.2574 0 0 0 
31000 220 166.864 -3204.284 -12.95 0.2488 0 0 0 
32000 227 164.802 -3248.779 -11.857 0.244 0 0 0 
33000 232 166.356 -3250.566 -10.697 0.2443 0 0 0 
34000 238 166.497 -3214.798 -9.031 0.2439 0 0 0 
35000 245 164.876 -3248.203 -8.34 0.2398 0 0 0 
36000 252 161.251 -3262.785 -7.562 0.2335 0 0 0 
37000 260 155.627 -3314.674 -7.306 0.2255 0 0 0 
38000 270 146.483 -3463.825 -8.922 0.2137 0 0 0 
39000 281 134.443 -3707.541 -11.29 0.1997 0 0 0 
40000 292 126.496 -3831.827 -11.475 0.1898 0 0 0 
41000 303 119.091 -3869.445 -9.847 0.1809 0 0 0 
42000 312 117.57 -3890.242 -8.617 0.1786 0 0 0 
43000 320 117.176 -3898.378 -7.415 0.1784 0 0 0 
44000 328 120.819 -3897.628 -6.319 0.182 0 0 0 
45000 333 125.323 -3909.479 -5.831 0.188 0 0 0 
46000 340 128.139 -3866.453 -4.331 0.1918 0 0 0 
47000 346 132.034 -3866.635 -4.09 0.1961 0 0 0 
48000 348 149.366 -3891.266 -4.135 0.2384 0 0 0 
49000 354 151.503 -3928.198 -4.352 0.2396 0 0 0 
50000 360 150.847 -3953.762 -4.25 0.2363 0 0 0 
51000 367 150.484 -3988.493 -4.395 0.2333 0 0 0 
52000 369 165.013 -4010.385 -4.622 0.2664 0 0 0 
53000 373 169.27 -4035.552 -4.661 0.2738 0 0 0 
54000 377 170.795 -4031.35 -4.452 0.2736 0 0 0 
55000 379 186.392 -4042.692 -4.633 0.3177 0 0 0 
56000 384 190.489 -4077.13 -4.514 0.324 0 0 0 
57000 388 193.313 -4091.487 -4.599 0.344 0 0 0 
58000 392 196.116 -4087.099 -3.987 0.3494 0 0 0 
59000 399 194.34 -4154.502 -4.906 0.3402 0 0 0 
60000 408 179.41 -4334.588 -7.148 0.3191 0 0 0 
61000 421 156.622 -4628.822 -11.019 0.2963 0 0 0 
62000 432 143.125 -4851.333 -12.75 0.2738 0 0 0 
63000 443 132.189 -4967.266 -12.348 0.2498 0 0 0 
64000 454 124.242 -4995.516 -10.241 0.2302 0 0 0 
65000 463 120.81 -5027.033 -9.175 0.2214 0 0 0 
66000 473 117.563 -5097.573 -8.713 0.2151 0 0 0 
67000 485 111.223 -5329.339 -11.293 0.2297 0 0 0 
68000 498 102.986 -5818.714 -17.238 0.2754 0 0 0 
69000 510 99.213 -6159.266 -19.584 0.3057 0 0 0 
70000 520 99.176 -6264.749 -17.909 0.3087 0 0 0 
71000 528 102.887 -6295.292 -15.789 0.2989 0 0 0 
72000 534 109.64 -6269.491 -13.529 0.3121 0 0 0 
73000 541 113.315 -6221.365 -10.92 0.3057 0 0 0 
74000 546 119.08 -6187.225 -9.237 0.3031 0 0 0 
75000 553 124.334 -6142.343 -7.131 0.2998 0 0 0 
76000 557 127.335 -6102.038 -5.839 0.299 0 0 0 
77000 564 135.725 -6091.904 -4.867 0.3124 0 0 0 
78000 573 133.665 -6082.299 -3.785 0.3152 0 0 0 
79000 582 128.488 -6169.034 -4.599 0.3177 0 0 0 
80000 593 121.185 -6205.174 -4.386 0.2961 0 0 0 
81000 604 115.494 -6259.386 -4.495 0.2784 0 0 0 
82000 613 113.985 -6284.781 -4.23 0.2797 0 0 0 
83000 618 121.873 -6283.518 -4.008 0.2939 0 0 0 
84000 620 131.525 -6296.758 -3.929 0.3284 0 0 0 
85000 621 148.895 -6338.468 -4.384 0.3856 0 0 0 
86000 622 159.417 -6463.714 -5.261 0.408 0 0 0 
87000 624 177.58 -6974.867 -12.397 0.4502 0 0 0 
88000 627 190.123 -7423.805 -24.46 0.4837 0 0 0 
89000 635 184.471 -7754.728 -27.34 0.4564 0 0 0 
90000 645 169.598 -8037.929 -27.708 0.4205 0 0 0 
91000 655 155.964 -8416.286 -28.961 0.3835 0 0 0 
92000 666 143.639 -8835.789 -31.464 0.3492 0 0 0 
93000 675 137.77 -9294.965 -33.938 0.3245 0 0 0 
94000 687 126.668 -9838.922 -36.995 0.2924 0 0 0 
95000 697 121.254 -10324.932 -38.869 0.2883 0 0 0 
96000 707 117.419 -10784.529 -40.294 0.286 0 0 0 
97000 717 113.834 -11151.601 -39.559 0.3091 0 0 0 
98000 727 112.051 -11369.391 -36.45 0.2856 0 0 0 
99000 735 112.861 -11554.659 -34.334 0.2717 0 0 0 
100000 744 113.871 -11719.113 -31.877 0.2584 0 0 0 
101000 751 116.373 -11808.895 -29.367 0.2519 0 0 0 
102000 758 121.385 -11861.378 -26.421 0.2501 0 0 0 
103000 764 124.445 -11910.108 -24.351 0.2482 0 0 0 
104000 771 128.68 -11879.86 -20.528 0.2577 0 0 0 
105000 777 132.526 -11887.16 -18.469 0.264 0 0 0 
106000 784 135.201 -11869.097 -15.609 0.2682 0 0 0 
107000 790 138.2 -11861.527 -13.607 0.2646 0 0 0 
108000 796 141.906 -11842.617 -11.757 0.2763 0 0 0 
109000 801 144.879 -11824.101 -10.218 0.281 0 0 0 
110000 806 150.47 -11807.243 -9.113 0.291 0 0 0 
111000 811 156.227 -11795.001 -7.843 0.298 0 0 0 
112000 815 163.812 -11805.37 -7.522 0.3233 0 0 0 
113000 820 167.141 -11870.82 -7.628 0.3384 0 0 0 
114000 827 164.198 -12052.694 -10.407 0.3298 0 0 0 
115000 832 166.96 -12169.511 -11.383 0.3257 0 0 0 
116000 840 161.882 -12260.614 -11.6 0.31 0 0 0 
117000 845 165.233 -12305.512 -11.304 0.3203 0 0 0 
118000 849 172.495 -12325.681 -10.914 0.3309 0 0 0 
119000 851 177.254 -12326.226 -10.541 0.3386 0 0 0 
120000 853 194.575 -12332.785 -10.117 0.4014 0 0 0 
121000 854 195.944 -12324.723 -9.955 0.4032 0 0 0 
122000 858 213.559 -12305.489 -8.701 0.4692 0 0 0 
123000 859 214.788 -12295.85 -8.434 0.47 0 0 0 
124000 863 234.679 -12287.693 -7.408 0.5291 0 0 0 
125000 868 231.153 -12274.736 -6.45 0.5066 0 0 0 
126000 874 223.163 -12269.025 -5.664 0.4777 0 0 0 
127000 881 212.676 -12302.372 -5.506 0.4481 0 0 0 
128000 889 200.878 -12341.998 -5.467 0.4212 0 0 0 
129000 895 194.143 -12379.854 -5.553 0.4004 0 0 0 
130000 901 194.038 -12423.613 -5.812 0.3887 0 0 0 
131000 906 191.457 -12448.214 -5.569 0.3779 0 0 0 
132000 912 189.409 -12462.292 -5.159 0.3885 0 0 0 
133000 917 192.034 -12486.762 -5.337 0.392 0 0 0 
134000 921 192.966 -12507.856 -5.26 0.3912 0 0 0 
135000 927 191.979 -12526.169 -4.918 0.4169 0 0 0 
136000 931 196.808 -12556.149 -5.129 0.42 0 0 0 
137000 936 198.128 -12599.537 -5.521 0.4129 0 0 0 
138000 941 198.305 -12638.614 -5.8 0.4017 0 0 0 
139000 946 197.777 -12676.045 -6.002 0.3936 0 0 0 
140000 952 195.755 -12736.812 -6.567 0.3823 0 0 0 
141000 957 193.422 -12803.968 -6.835 0.3697 0 0 0 
142000 964 189.221 -12861.348 -7.265 0.3528 0 0 0 
143000 969 186.84 -12937.457 -7.938 0.3456 0 0 0 
144000 975 188.013 -12998.688 -8.327 0.3456 0 0 0 
145000 979 191.47 -13044.876 -8.397 0.3498 0 0 0 
146000 984 190.608 -13100.104 -8.616 0.353 0 0 0 
147000 989 192.358 -13125.514 -8.618 0.358 0 0 0 
148000 991 207.326 -13156.406 -8.765 0.4192 0 0 0 
149000 995 208.102 -13187.019 -8.667 0.4115 0 0 0 
150000 1002 201.212 -13202.238 -7.746 0.3919 0 0 0 
151000 1005 204.284 -13213.336 -7.458 0.3925 0 0 0 
152000 1010 206.337 -13222.762 -7.049 0.3868 0 0 0 
153000 1014 208.051 -13241.342 -6.789 0.3842 0 0 0 
154000 1020 207.414 -13249.638 -6.199 0.3844 0 0 0 
155000 1022 215.788 -13268.917 -6.381 0.4185 0 0 0 
156000 1025 219.228 -13279.143 -6.372 0.4253 0 0 0 
157000 1028 227.007 -13296.382 -6.066 0.4427 0 0 0 
158000 1031 237.642 -13282.861 -5.657 0.4826 0 0 0 
159000 1034 244.648 -13280.774 -5.166 0.5021 0 0 0 
160000 1037 247.78 -13286.92 -5.049 0.5042 0 0 0 
161000 1042 240.948 -13289.814 -4.583 0.4844 0 0 0 
162000 1045 247.344 -13288.112 -4.463 0.5019 0 0 0 
163000 1046 262.397 -13304.338 -4.464 0.5678 0 0 0 
164000 1050 263.199 -13326.983 -4.648 0.5907 0 0 0 
165000 1051 274.475 -13320.079 -4.462 0.6313 0 0 0 
166000 1052 276.846 -13324.248 -4.324 0.6339 0 0 0 
167000 1053 291.309 -13335.147 -4.315 0.6906 0 0 0 
168000 1057 299.926 -13324.516 -4.03 0.7164 0 0 0 
169000 1061 297.567 -13324.923 -3.701 0.6965 0 0 0 
170000 1062 296.496 -13334.071 -3.564 0.6904 0 0 0 
171000 1066 308.699 -13318.688 -3.228 0.7267 0 0 0 
172000 1069 308.536 -13318.781 -3.035 0.7157 0 0 0 
173000 1072 312.19 -13313.335 -2.721 0.7301 0 0 0 
174000 1073 325.946 -13324.523 -2.816 0.7757 0 0 0 
175000 1074 325.747 -13323.67 -2.781 0.7715 0 0 0 
176000 1078 330.087 -13342.85 -2.955 0.81 0 0 0 
177000 1083 320.069 -13372.71 -3.237 0.7684 0 0 0 
178000 1088 307.376 -13372.003 -2.936 0.7285 0 0 0 
179000 1094 291.379 -13399.319 -3.017 0.6763 0 0 0 
180000 1099 283.956 -13411.834 -3.016 0.6423 0 0 0 
181000 1104 274.356 -13453.153 -3.41 0.6073 0 0 0 
182000 1109 265.452 -13511.195 -4.11 0.5773 0 0 0 
183000 1116 250.584 -13630.406 -5.677 0.5322 0 0 0 
184000 1125 228.341 -13819.299 -8.379 0.4758 0 0 0 
185000 1133 213.831 -14043.462 -11.538 0.4359 0 0 0 
186000 1140 202.718 -14207.883 -12.869 0.4056 0 0 0 
187000 1148 190.749 -14339.777 -13.491 0.3925 0 0 0 
188000 1157 178.964 -14453.33 -13.405 0.3765 0 0 0 
189000 1166 167.255 -14524.389 -12.403 0.3426 0 0 0 
190000 1172 166.059 -14555.034 -11.619 0.3329 0 0 0 
191000 1180 160.428 -14599.469 -10.637 0.3299 0 0 0 
192000 1188 156.241 -14640.481 -9.953 0.3128 0 0 0 
193000 1194 157.772 -14680.693 -9.609 0.3041 0 0 0 
194000 1199 159.973 -14707.744 -9.109 0.2993 0 0 0 
195000 1206 159.972 -14754.094 -8.888 0.2897 0 0 0 
196000 1211 162.17 -14791.768 -8.67 0.287 0 0 0 
197000 1217 164.41 -14833.55 -8.553 0.2847 0 0 0 
198000 1222 165.749 -14882.948 -8.584 0.2817 0 0 0 
