10000 65 103.338 4309.305 43.493 0.1002 0 0 0 
20000 161 113.473 9002.925 52.966 0.1102 0 0 0 
30000 209 189.412 12078.407 68.006 4.8822 0 0 0 
40000 299 148.277 17174.527 70.607 4.7159 0 0 0 
50000 320 270.773 23129.769 151.297 8.8685 0 0 0 
60000 331 390.952 29577.059 232.921 12.8728 0 0 0 
70000 341 502.363 35391.682 297.954 16.5745 0 0 0 
80000 351 593.395 41126.944 348.006 19.6182 0 0 0 
90000 361 667.774 46497.539 382.722 22.1191 0 0 0 
100000 371 728.547 51263.959 400.764 24.1852 0 0 0 
110000 381 778.203 56145.674 417.119 25.9016 0 0 0 
120000 391 818.776 62092.705 449.051 27.2774 0 0 0 
130000 401 851.927 67627.455 470.112 28.4242 0 0 0 
140000 411 879.013 73914.46 498.19 29.3568 0 0 0 
150000 421 901.145 78275.505 487.644 29.9384 0 0 0 
160000 435 860.685 83101.704 455.744 28.5466 0 0 0 
170000 446 857.156 88450.592 453.448 28.4519 0 0 0 
180000 457 869.379 93118.511 449.283 28.9449 0 0 0 
190000 468 879.652 97960.246 447.943 29.2286 0 0 0 
200000 478 901.667 103146.345 460.886 29.9438 0 0 0 
210000 489 903.368 108747.2 471.753 30.0654 0 0 0 
220000 500 900.708 114462.673 480.636 30.0202 0 0 0 
230000 510 918.871 119948.389 491.328 30.7048 0 0 0 
240000 523 888.513 126245.406 491.268 29.7078 0 0 0 
250000 534 894.356 132941.364 515.088 29.9534 0 0 0 
260000 545 899.047 138820.588 520.431 30.0858 0 0 0 
270000 556 896.938 143899.284 504.602 29.99 0 0 0 
280000 566 915.791 150951.514 543.636 30.6583 0 0 0 
290000 576 931.195 157610.777 564.69 31.1985 0 0 0 
300000 586 943.781 164481.745 587.048 31.6404 0 0 0 
310000 596 954.065 171553.903 608.46 32.0083 0 0 0 
320000 606 962.468 177490.009 606.856 32.2777 0 0 0 
330000 616 969.334 184399.581 620.645 32.4377 0 0 0 
340000 626 968.954 191306.015 629.03 32.4415 0 0 0 
350000 636 974.633 197693.274 633.016 32.588 0 0 0 
360000 646 979.273 203862.404 629.803 32.7207 0 0 0 
370000 656 983.065 210906.902 643.322 32.8874 0 0 0 
380000 668 955.535 215910.965 600.59 31.9995 0 0 0 
390000 679 949.951 221384.413 580.064 31.8062 0 0 0 
400000 690 943.943 227146.11 569.28 31.6107 0 0 0 
410000 700 954.197 232569.079 564.667 31.9218 0 0 0 
420000 710 962.576 238862.597 577.518 32.2441 0 0 0 
430000 720 969.422 243693.718 560.792 32.4486 0 0 0 
440000 730 973.208 248346.007 541.608 32.5975 0 0 0 
450000 740 978.109 253301.461 533.834 32.6857 0 0 0 
460000 750 982.113 256869.954 501.939 32.6634 0 0 0 
470000 760 985.385 261267.563 489.647 32.6687 0 0 0 
480000 770 988.059 265949.137 485.417 32.8424 0 0 0 
490000 780 990.243 271617.932 501.32 32.9727 0 0 0 
500000 790 992.028 278550.923 536.366 33.1031 0 0 0 
510000 800 993.486 285700.766 569.585 33.2291 0 0 0 
520000 810 994.678 292689.908 592.41 33.381 0 0 0 
530000 820 995.651 300176.489 621.286 33.4966 0 0 0 
540000 830 992.407 306695.723 623.818 33.4495 0 0 0 
550000 840 993.796 313060.994 628.925 33.5292 0 0 0 
560000 850 994.931 318461.599 608.493 33.6075 0 0 0 
570000 860 995.858 325325.506 623.216 33.5581 0 0 0 
580000 870 996.616 332265.289 638.355 33.5573 0 0 0 
590000 880 997.235 338764.755 640.531 33.5156 0 0 0 
600000 890 997.741 346165.4 656.162 33.602 0 0 0 
610000 900 989.779 353170.441 661.138 33.3888 0 0 0 
620000 910 991.649 360465.487 676.091 33.5069 0 0 0 
630000 921 978.869 368912.451 693.442 33.0902 0 0 0 
640000 931 982.734 376180.685 701.438 31.1068 0 0 0 
650000 941 985.893 383613.706 707.157 27.3102 0 0 0 
660000 951 988.473 391658.057 724.114 24.2018 0 0 0 
670000 961 990.582 400148.733 745.44 21.6662 0 0 0 
680000 971 992.305 408221.149 756.135 19.5925 0 0 0 
690000 981 993.712 416502.72 768.724 17.9073 0 0 0 
700000 991 994.862 425675.885 799.315 16.5056 0 0 0 
710000 1001 995.802 433245.571 788.571 15.3782 0 0 0 
720000 1011 996.57 441121.319 791.209 14.4582 0 0 0 
730000 1022 984.193 449618.322 787.975 13.4962 0 0 0 
740000 1032 987.084 458388.49 806.472 12.9094 0 0 0 
750000 1042 989.447 465666.168 794.031 12.4435 0 0 0 
760000 1052 991.377 473420.686 785.845 12.0474 0 0 0 
770000 1062 992.955 482665.592 811.404 11.7193 0 0 0 
780000 1072 994.244 492283.619 839.878 11.4599 0 0 0 
790000 1082 995.297 501728.063 859.563 11.5677 0 0 0 
800000 1092 996.157 511819.381 886.006 12.4956 0 0 0 
810000 1102 996.86 521142.814 896.392 13.7791 0 0 0 
820000 1112 997.434 532532.562 941.595 14.8531 0 0 0 
830000 1122 997.904 543122.718 961.318 15.6985 0 0 0 
840000 1132 998.287 553752.374 979.461 16.4075 0 0 0 
850000 1142 998.6 565897.025 1024.444 17.0122 0 0 0 
860000 1154 970.218 576537.164 1000.808 17.0039 0 0 0 
870000 1164 975.666 585855.994 987.686 17.4776 0 0 0 
880000 1174 967.078 596340.865 981.879 17.6158 0 0 0 
890000 1184 973.1 606070.85 985.483 17.9885 0 0 0 
900000 1194 978.021 617238.927 1011.518 18.2824 0 0 0 
910000 1204 982.041 627527.58 1014.319 18.5273 0 0 0 
920000 1214 985.326 639372.783 1041.443 18.729 0 0 0 
930000 1225 978.23 650401.65 1042.392 18.793 0 0 0 
940000 1236 963.623 663228.419 1068.885 18.5947 0 0 0 
950000 1246 958.341 674172.593 1062.254 18.5908 0 0 0 
960000 1257 953.553 684772.28 1043.633 18.5363 0 0 0 
970000 1267 962.049 697688.362 1093.757 18.7312 0 0 0 
980000 1277 968.991 709065.476 1107.827 18.9216 0 0 0 
990000 1287 974.408 721138.361 1114.829 19.0509 0 0 0 
1000000 1297 979.09 733018.999 1129.249 19.1571 0 0 0 
1010000 1307 982.915 746151.006 1162.313 19.2636 0 0 0 
1020000 1317 986.04 759084.314 1186.261 19.3247 0 0 0 
1030000 1327 988.594 772886.493 1218.912 19.4459 0 0 0 
1040000 1337 990.68 787046.326 1253.914 19.5185 0 0 0 
1050000 1347 992.385 800162.028 1264.039 19.5655 0 0 0 
1060000 1357 993.778 814046.308 1285.403 19.5883 0 0 0 
1070000 1367 994.916 827527.483 1305.416 19.601 0 0 0 
1080000 1377 995.846 840756.023 1302.912 19.5973 0 0 0 
1090000 1387 996.606 854582.946 1319.243 19.6285 0 0 0 
1100000 1397 997.227 870426.275 1363.871 19.6217 0 0 0 
1110000 1407 997.734 885102.473 1383.415 19.597 0 0 0 
1120000 1417 998.149 900523.238 1409.925 19.6152 0 0 0 
1130000 1427 998.487 915702.206 1431.291 19.6157 0 0 0 
1140000 1437 998.764 931388.551 1455.733 19.6302 0 0 0 
1150000 1447 998.99 946853.562 1475.705 19.6444 0 0 0 
1160000 1457 999.175 961579.258 1470.137 19.668 0 0 0 
1170000 1467 999.326 976778.014 1481.281 19.6757 0 0 0 
1180000 1477 999.449 991660.42 1481.638 19.6733 0 0 0 
1190000 1487 999.55 1006558.154 1482.316 19.6727 0 0 0 
1200000 1497 999.632 1021570.01 1484.956 19.6704 0 0 0 
1210000 1507 999.7 1037710.054 1509.562 19.6529 0 0 0 
1220000 1517 999.754 1052087.989 1496.295 19.6315 0 0 0 
1230000 1528 991.035 1065488.18 1460.326 18.9265 0 0 0 
1240000 1538 992.675 1080436.204 1465.819 17.9408 0 0 0 
1250000 1548 994.015 1095762.848 1476.67 17.9441 0 0 0 
1260000 1558 995.11 1109574.32 1463.588 18.2407 0 0 0 
1270000 1568 996.004 1123707.77 1454.762 18.4826 0 0 0 
1280000 1578 996.735 1140813.11 1499.037 18.6809 0 0 0 
1290000 1588 997.333 1155829.463 1499.548 18.8591 0 0 0 
1300000 1598 997.82 1171825.779 1516.693 19.0537 0 0 0 
1310000 1608 998.219 1188539.379 1546.21 19.1755 0 0 0 
1320000 1618 998.545 1205865.304 1577.681 19.253 0 0 0 
1330000 1628 998.811 1222059.579 1584.912 19.3329 0 0 0 
1340000 1638 999.029 1237629.297 1580.261 19.4075 0 0 0 
1350000 1648 999.206 1251842.107 1553.537 19.4575 0 0 0 
1360000 1658 999.351 1265095.527 1512.142 19.5003 0 0 0 
1370000 1668 999.47 1279326.681 1491.848 19.5291 0 0 0 
1380000 1678 999.567 1294938.941 1501.911 19.5638 0 0 0 
1390000 1688 999.646 1311173.355 1529.323 19.5672 0 0 0 
1400000 1698 999.711 1326349.546 1523.8 19.6137 0 0 0 
1410000 1708 999.764 1340109.137 1496.123 19.6083 0 0 0 
1420000 1718 999.807 1356668.578 1527.423 19.6067 0 0 0 
1430000 1728 999.842 1373052.006 1547.099 19.601 0 0 0 
1440000 1738 999.871 1390089.861 1576.668 19.6366 0 0 0 
1450000 1748 999.895 1408459.044 1623.445 19.64 0 0 0 
1460000 1758 999.914 1426589.25 1662.843 19.6334 0 0 0 
1470000 1768 999.93 1442561.075 1649.994 19.6645 0 0 0 
1480000 1778 999.943 1460569.352 1676.079 19.6751 0 0 0 
1490000 1788 999.953 1478395.102 1700.003 19.641 0 0 0 
1500000 1798 999.962 1491112.335 1614.838 19.6195 0 0 0 
1510000 1808 999.969 1503702.612 1549.562 19.6131 0 0 0 
1520000 1818 999.974 1517887.139 1529.265 19.6675 0 0 0 
1530000 1828 999.979 1534246.639 1551.293 19.6437 0 0 0 
1540000 1838 999.983 1552638.103 1603.187 19.6313 0 0 0 
1550000 1848 999.986 1569119.739 1611.472 19.6341 0 0 0 
1560000 1858 999.989 1585930.274 1623.425 19.5973 0 0 0 
1570000 1868 999.991 1600096.877 1584.898 19.6207 0 0 0 
1580000 1878 999.992 1619859.077 1655.675 19.6433 0 0 0 
1590000 1888 999.994 1635879.433 1643.332 19.6506 0 0 0 
1600000 1898 999.995 1651917.445 1635.466 19.6345 0 0 0 
1610000 1908 999.996 1670973.954 1686.849 19.5786 0 0 0 
1620000 1918 999.997 1689263.475 1712.927 18.8776 0 0 0 
1630000 1928 999.997 1706717.114 1717.87 19.0145 0 0 0 
1640000 1938 999.998 1721391.581 1672.255 19.1483 0 0 0 
1650000 1948 999.998 1736325.545 1638.996 19.2359 0 0 0 
1660000 1958 999.998 1754024.233 1665.976 19.3126 0 0 0 
1670000 1968 999.999 1768498.196 1626.808 19.3534 0 0 0 
1680000 1978 999.999 1780974.992 1558.556 19.3938 0 0 0 
1690000 1988 999.999 1796138.69 1548.465 19.4188 0 0 0 
1700000 1998 999.999 1815535.188 1619.241 19.4578 0 0 0 
1710000 2008 999.999 1835403.621 1685.011 19.496 0 0 0 
1720000 2018 1000.0 1856205.537 1759.192 19.5306 0 0 0 
1730000 2028 1000.0 1877481.37 1825.061 19.5583 0 0 0 
1740000 2038 1000.0 1898102.833 1869.527 19.5999 0 0 0 
1750000 2048 1000.0 1917192.276 1876.736 19.6043 0 0 0 
1760000 2058 1000.0 1936413.12 1884.671 19.5998 0 0 0 
1770000 2068 1000.0 1957638.82 1928.288 19.5872 0 0 0 
1780000 2078 1000.0 1977726.742 1942.253 19.5808 0 0 0 
1790000 2088 1000.0 1997919.694 1956.53 19.5762 0 0 0 
1800000 2098 1000.0 2016783.097 1945.769 19.5867 0 0 0 
1810000 2108 1000.0 2037114.564 1961.308 19.6226 0 0 0 
1820000 2118 1000.0 2055922.894 1945.032 19.6277 0 0 0 
1830000 2128 1000.0 2076090.571 1958.656 19.6053 0 0 0 
1840000 2138 1000.0 2096975.974 1983.748 19.619 0 0 0 
1850000 2148 1000.0 2118130.269 2006.988 19.6517 0 0 0 
1860000 2158 1000.0 2137400.165 1990.001 19.6669 0 0 0 
1870000 2168 1000.0 2157980.618 2002.746 19.6909 0 0 0 
1880000 2178 1000.0 2175544.257 1958.327 19.7 0 0 0 
1890000 2188 1000.0 2195712.202 1970.049 19.679 0 0 0 
1900000 2198 1000.0 2215332.676 1967.389 19.6567 0 0 0 
1910000 2208 1000.0 2234846.856 1964.815 19.6743 0 0 0 
1920000 2218 1000.0 2254262.827 1961.794 19.6642 0 0 0 
1930000 2228 1000.0 2274097.772 1964.679 19.6603 0 0 0 
1940000 2238 1000.0 2293889.847 1966.534 19.6973 0 0 0 
1950000 2248 1000.0 2311487.011 1933.81 19.6953 0 0 0 
1960000 2258 1000.0 2331747.309 1948.54 19.7075 0 0 0 
1970000 2268 1000.0 2349338.424 1915.252 19.7436 0 0 0 
1980000 2278 1000.0 2370209.182 1945.921 19.7754 0 0 0 
1990000 2288 1000.0 2391517.511 1980.555 19.7533 0 0 0 
2000000 2298 1000.0 2411593.392 1982.476 19.7229 0 0 0 
2010000 2308 1000.0 2433578.983 2021.84 19.3688 0 0 0 
2020000 2318 1000.0 2455991.665 2060.308 17.7531 0 0 0 
2030000 2328 1000.0 2477473.994 2076.385 17.5009 0 0 0 
2040000 2338 1000.0 2498611.766 2086.609 18.0215 0 0 0 
2050000 2348 1000.0 2521109.688 2114.765 18.4131 0 0 0 
2060000 2358 1000.0 2543280.308 2133.211 18.7702 0 0 0 
2070000 2368 1000.0 2565759.167 2153.357 19.0181 0 0 0 
2080000 2378 1000.0 2585923.055 2128.576 19.1593 0 0 0 
2090000 2388 1000.0 2607792.127 2138.181 19.3417 0 0 0 
2100000 2398 1000.0 2629823.646 2150.107 19.4645 0 0 0 
2110000 2408 1000.0 2649827.488 2122.682 19.6267 0 0 0 
2120000 2418 1000.0 2665203.8 2017.785 19.7007 0 0 0 
2130000 2428 1000.0 2684618.929 2002.506 19.813 0 0 0 
2140000 2438 1000.0 2701953.736 1952.215 19.8704 0 0 0 
2150000 2448 1000.0 2719655.201 1921.196 19.9517 0 0 0 
2160000 2458 1000.0 2734745.216 1843.759 19.9807 0 0 0 
2170000 2468 1000.0 2755792.538 1896.166 20.0624 0 0 0 
2180000 2478 1000.0 2776462.288 1922.102 20.1016 0 0 0 
2190000 2488 1000.0 2794648.05 1901.678 20.1316 0 0 0 
2200000 2498 1000.0 2814833.184 1923.522 20.1621 0 0 0 
2210000 2508 1000.0 2834480.656 1933.394 20.1531 0 0 0 
2220000 2518 1000.0 2851368.185 1886.325 20.1663 0 0 0 
2230000 2528 1000.0 2871491.369 1910.885 20.194 0 0 0 
2240000 2538 1000.0 2889396.618 1887.364 20.1417 0 0 0 
