10000 12 166.034 3730.162 62.077 0.1519 0 0 0 
20000 25 312.998 7294.018 114.486 0.2963 0 0 0 
30000 273 23.565 8886.123 4.506 0.3534 0 0 0 
40000 368 148.022 12928.695 61.925 2.433 0 0 0 
50000 567 40.235 17003.379 16.234 0.6535 0 0 0 
60000 586 204.107 21569.401 91.007 3.326 0 0 0 
70000 598 342.21 25776.742 148.279 5.5568 0 0 0 
80000 608 462.538 30259.137 203.13 7.5355 0 0 0 
90000 618 560.854 36002.493 270.674 9.1146 0 0 0 
100000 628 641.186 41723.438 325.924 10.4358 0 0 0 
110000 639 690.743 47125.917 356.269 11.2281 0 0 0 
120000 649 747.314 52981.04 399.111 12.1834 0 0 0 
130000 659 793.537 58315.249 422.551 12.9352 0 0 0 
140000 669 825.435 63660.557 440.282 13.4531 0 0 0 
150000 680 847.806 69803.279 466.991 13.7886 0 0 0 
160000 690 867.356 75186.666 477.412 14.1392 0 0 0 
170000 700 891.62 81139.232 496.755 14.5333 0 0 0 
180000 712 886.555 86792.255 495.84 14.4605 0 0 0 
190000 722 907.307 92668.247 513.219 14.8349 0 0 0 
200000 733 912.65 98402.696 516.959 14.9477 0 0 0 
210000 743 921.839 104789.442 534.766 15.1231 0 0 0 
220000 753 936.137 111048.937 552.111 15.3161 0 0 0 
230000 763 947.819 117126.989 561.938 15.5004 0 0 0 
240000 773 957.365 122365.921 554.248 15.6677 0 0 0 
250000 783 965.164 127401.951 546.096 15.7949 0 0 0 
260000 795 944.429 132771.666 528.128 15.5234 0 0 0 
270000 807 911.195 138337.772 508.054 14.963 0 0 0 
280000 818 910.879 144112.205 512.54 14.997 0 0 0 
290000 828 927.182 149723.273 520.361 15.2587 0 0 0 
300000 839 928.786 155309.279 522.202 15.3024 0 0 0 
310000 851 912.562 160314.128 502.16 15.0317 0 0 0 
320000 862 912.795 165935.066 505.139 15.0175 0 0 0 
330000 873 904.933 172052.928 510.559 14.8983 0 0 0 
340000 884 910.02 177109.793 502.091 14.9966 0 0 0 
350000 894 926.48 182096.908 502.145 15.2642 0 0 0 
360000 905 912.461 187486.29 494.039 15.0348 0 0 0 
370000 915 928.474 193554.203 514.701 15.2881 0 0 0 
380000 925 940.986 199673.192 531.711 15.5098 0 0 0 
390000 935 951.781 206137.901 549.009 15.6889 0 0 0 
400000 945 960.602 211770.493 554.818 15.8377 0 0 0 
410000 955 967.809 218543.93 577.729 15.9769 0 0 0 
420000 966 965.887 225025.123 582.948 15.9594 0 0 0 
430000 976 972.127 232209.881 608.084 16.0794 0 0 0 
440000 986 977.226 238307.266 609.268 16.1505 0 0 0 
450000 996 981.392 244597.607 612.663 16.2093 0 0 0 
460000 1006 984.796 250692.378 613.508 16.2383 0 0 0 
470000 1016 986.556 256441.831 604.356 16.2601 0 0 0 
480000 1026 989.015 262436.661 604.381 16.3003 0 0 0 
490000 1036 984.498 269171.279 613.237 16.2568 0 0 0 
500000 1046 987.334 276666.901 636.364 16.3353 0 0 0 
510000 1056 989.651 283299.636 642.315 16.3808 0 0 0 
520000 1066 991.544 291301.237 670.928 16.4132 0 0 0 
530000 1076 993.091 298685.474 682.237 16.4318 0 0 0 
540000 1086 994.355 304564.466 666.491 16.4768 0 0 0 
550000 1096 995.387 311437.172 671.787 16.499 0 0 0 
560000 1106 996.231 317573.996 659.879 16.5488 0 0 0 
570000 1116 996.921 323385.105 647.124 16.5626 0 0 0 
580000 1126 997.484 329861.038 643.883 16.5593 0 0 0 
590000 1136 997.944 336559.468 650.247 16.5675 0 0 0 
600000 1146 998.32 343372.892 655.495 16.5788 0 0 0 
610000 1156 998.627 350021.853 658.255 16.5565 0 0 0 
620000 1166 998.879 357193.505 663.375 16.6138 0 0 0 
630000 1176 999.084 364544.285 678.336 16.5938 0 0 0 
640000 1186 999.251 371867.89 690.435 16.5948 0 0 0 
650000 1197 989.439 379204.086 690.977 16.4171 0 0 0 
660000 1207 991.371 387206.686 713.013 16.4522 0 0 0 
670000 1217 992.95 395301.527 727.729 16.5096 0 0 0 
680000 1227 994.239 403122.597 739.515 16.5493 0 0 0 
690000 1237 995.293 410002.595 729.151 16.5651 0 0 0 
700000 1247 996.154 417861.473 735.26 16.5593 0 0 0 
710000 1257 996.858 425250.936 737.507 16.5998 0 0 0 
720000 1267 997.432 432102.807 726.606 16.6033 0 0 0 
730000 1277 997.902 441243.267 761.698 16.6022 0 0 0 
740000 1287 998.286 450357.356 791.03 16.6123 0 0 0 
750000 1297 998.599 459669.311 812.719 16.5887 0 0 0 
760000 1307 998.856 468347.273 825.695 16.5527 0 0 0 
770000 1317 999.065 476931.199 831.761 16.5464 0 0 0 
780000 1327 999.236 486724.585 858.527 16.5352 0 0 0 
790000 1337 999.376 497908.182 902.78 16.5668 0 0 0 
800000 1347 999.49 508951.073 940.655 16.5672 0 0 0 
810000 1357 999.583 519724.375 970.596 16.5797 0 0 0 
820000 1367 999.659 530559.103 986.184 16.5888 0 0 0 
830000 1377 999.722 539515.599 972.477 16.5793 0 0 0 
840000 1387 999.773 549063.152 966.758 16.5967 0 0 0 
850000 1397 999.814 557850.1 952.333 16.6033 0 0 0 
860000 1407 999.848 566283.3 932.947 16.5753 0 0 0 
870000 1417 999.876 574997.375 919.817 16.5809 0 0 0 
880000 1427 999.899 584655.933 932.319 15.0561 0 0 0 
890000 1438 988.545 592407.556 893.37 13.481 0 0 0 
900000 1448 990.64 603368.692 929.663 12.4139 0 0 0 
910000 1458 992.352 613899.275 952.688 11.5409 0 0 0 
920000 1468 993.751 624048.177 964.412 10.8299 0 0 0 
930000 1478 994.894 633663.18 960.999 10.2576 0 0 0 
940000 1488 980.687 642955.02 946.055 9.6685 0 0 0 
950000 1498 984.22 650541.641 902.004 9.2941 0 0 0 
960000 1508 987.107 658731.523 896.274 8.9866 0 0 0 
970000 1518 989.465 666714.771 873.142 8.7362 0 0 0 
980000 1528 991.392 678415.551 929.79 8.5204 0 0 0 
990000 1538 992.967 687507.487 928.619 8.3465 0 0 0 
1000000 1548 994.253 699320.574 966.354 8.1952 0 0 0 
1010000 1558 995.305 710774.399 1001.433 8.0968 0 0 0 
1020000 1568 996.164 722537.344 1024.186 8.0227 0 0 0 
1030000 1578 996.865 737694.217 1114.909 7.9482 0 0 0 
1040000 1588 997.439 753643.507 1201.371 7.8768 0 0 0 
1050000 1598 997.907 768467.051 1272.397 7.8221 0 0 0 
1060000 1608 998.29 780985.356 1252.512 7.7855 0 0 0 
1070000 1618 998.603 796644.699 1315.723 7.7411 0 0 0 
1080000 1628 998.858 810341.487 1321.341 7.713 0 0 0 
1090000 1638 999.067 825381.073 1359.882 7.6913 0 0 0 
1100000 1648 999.238 839975.461 1372.368 7.6666 0 0 0 
1110000 1658 999.377 855409.756 1400.136 7.6557 0 0 0 
1120000 1669 984.649 869106.215 1380.54 7.527 0 0 0 
1130000 1679 987.457 881201.656 1355.462 7.5322 0 0 0 
1140000 1689 989.752 893339.833 1320.316 7.5367 0 0 0 
1150000 1699 991.626 906937.824 1331.206 7.5457 0 0 0 
1160000 1709 993.158 918968.326 1307.012 7.5561 0 0 0 
1170000 1719 994.41 930253.239 1269.821 7.5645 0 0 0 
1180000 1729 995.432 946269.952 1333.438 7.5608 0 0 0 
1190000 1739 996.268 964787.224 1428.409 7.5566 0 0 0 
1200000 1749 996.951 982572.783 1490.555 7.5583 0 0 0 
1210000 1759 997.508 996567.977 1479.758 7.5641 0 0 0 
1220000 1769 997.964 1012527.473 1510.81 7.5543 0 0 0 
1230000 1779 998.337 1027997.795 1516.254 7.5513 0 0 0 
1240000 1789 998.641 1042330.867 1488.455 7.5527 0 0 0 
1250000 1799 998.89 1055498.717 1457.365 7.5584 0 0 0 
1260000 1809 999.093 1070471.305 1468.565 7.5597 0 0 0 
1270000 1819 999.259 1084773.841 1453.034 7.5716 0 0 0 
1280000 1829 999.394 1096315.526 1406.37 7.5632 0 0 0 
1290000 1839 999.505 1112663.48 1441.503 7.5605 0 0 0 
1300000 1849 999.596 1124302.471 1411.547 7.5527 0 0 0 
1310000 1859 999.67 1133667.466 1324.663 7.5647 0 0 0 
1320000 1869 999.73 1146606.351 1306.331 7.5701 0 0 0 
1330000 1879 999.779 1155958.272 1240.403 7.5743 0 0 0 
1340000 1889 999.82 1170114.729 1273.366 7.5862 0 0 0 
1350000 1899 999.853 1183816.741 1299.715 7.5842 0 0 0 
1360000 1909 999.88 1198163.929 1312.569 7.5782 0 0 0 
1370000 1919 999.902 1215229.028 1386.987 7.5666 0 0 0 
1380000 1929 999.92 1233857.457 1468.342 7.563 0 0 0 
1390000 1939 999.934 1252483.23 1540.327 7.5556 0 0 0 
1400000 1949 999.946 1270492.018 1600.733 7.5577 0 0 0 
1410000 1959 999.956 1289429.095 1647.394 7.5633 0 0 0 
1420000 1969 999.964 1307614.9 1677.812 7.5611 0 0 0 
1430000 1979 999.971 1325535.862 1697.518 7.5625 0 0 0 
1440000 1989 999.976 1343296.126 1713.197 7.5653 0 0 0 
1450000 1999 999.98 1359989.471 1702.094 7.5615 0 0 0 
1460000 2009 999.984 1376074.489 1684.967 7.5496 0 0 0 
1470000 2019 999.987 1394190.51 1706.268 7.5501 0 0 0 
1480000 2029 999.989 1410882.726 1696.131 7.5567 0 0 0 
1490000 2039 999.991 1424989.065 1643.22 7.5548 0 0 0 
1500000 2049 999.993 1443098.66 1675.862 7.5419 0 0 0 
1510000 2059 999.994 1460069.186 1686.894 7.5469 0 0 0 
1520000 2069 999.995 1476529.15 1671.938 7.5437 0 0 0 
1530000 2079 999.996 1495729.259 1722.666 7.5562 0 0 0 
1540000 2089 999.997 1513893.597 1737.456 7.5483 0 0 0 
1550000 2099 999.997 1532805.71 1767.786 7.5464 0 0 0 
1560000 2109 999.998 1552270.783 1800.789 7.5538 0 0 0 
1570000 2119 999.998 1570121.83 1793.128 7.5523 0 0 0 
1580000 2129 999.999 1590138.325 1831.925 7.5554 0 0 0 
1590000 2139 999.999 1606905.976 1803.471 7.5615 0 0 0 
1600000 2149 999.999 1626132.503 1843.047 7.5545 0 0 0 
1610000 2159 999.999 1641345.79 1793.033 7.5521 0 0 0 
1620000 2169 999.999 1659083.866 1768.299 7.5594 0 0 0 
1630000 2179 999.999 1676127.68 1758.64 7.5585 0 0 0 
1640000 2189 1000.0 1695821.734 1792.349 7.5676 0 0 0 
1650000 2199 1000.0 1715844.901 1835.255 7.5724 0 0 0 
1660000 2209 1000.0 1733675.607 1827.604 7.5705 0 0 0 
1670000 2219 1000.0 1753976.212 1870.261 7.5522 0 0 0 
1680000 2229 1000.0 1772978.196 1863.33 7.557 0 0 0 
1690000 2239 1000.0 1794494.234 1918.767 7.5577 0 0 0 
1700000 2249 1000.0 1814313.836 1927.81 7.5624 0 0 0 
1710000 2259 1000.0 1836253.956 1975.573 7.5563 0 0 0 
1720000 2269 1000.0 1856548.314 1988.016 7.5535 0 0 0 
1730000 2279 1000.0 1878241.791 2021.479 7.5503 0 0 0 
1740000 2289 1000.0 1899845.294 2044.28 7.5563 0 0 0 
1750000 2299 1000.0 1923025.923 2095.228 7.5483 0 0 0 
1760000 2309 1000.0 1943772.716 2090.12 7.555 0 0 0 
1770000 2319 1000.0 1963279.403 2067.704 7.5512 0 0 0 
1780000 2329 1000.0 1982980.492 2051.98 7.5584 0 0 0 
1790000 2339 1000.0 2002047.942 2024.987 7.5592 0 0 0 
1800000 2349 1000.0 2021689.324 2013.269 7.5572 0 0 0 
1810000 2359 1000.0 2043874.367 2052.262 7.5604 0 0 0 
1820000 2369 1000.0 2065751.404 2077.183 7.5643 0 0 0 
1830000 2379 1000.0 2088605.195 2113.201 7.5685 0 0 0 
1840000 2389 1000.0 2108450.333 2090.065 7.5628 0 0 0 
1850000 2399 1000.0 2126809.478 2068.133 7.5634 0 0 0 
1860000 2409 1000.0 2146033.131 2024.875 7.5566 0 0 0 
1870000 2419 1000.0 2162244.021 1948.556 7.5684 0 0 0 
1880000 2429 1000.0 2181665.775 1945.816 7.5728 0 0 0 
1890000 2439 1000.0 2195555.763 1865.136 7.5776 0 0 0 
1900000 2449 1000.0 2211266.262 1801.931 7.5812 0 0 0 
1910000 2459 1000.0 2229425.069 1796.563 7.5785 0 0 0 
1920000 2469 1000.0 2246776.562 1788.312 7.5774 0 0 0 
1930000 2479 1000.0 2265619.667 1805.153 7.5747 0 0 0 
1940000 2489 1000.0 2284954.814 1837.008 7.571 0 0 0 
1950000 2499 1000.0 2301671.56 1796.48 7.5791 0 0 0 
1960000 2509 1000.0 2323078.156 1879.486 7.5767 0 0 0 
1970000 2519 1000.0 2341305.258 1852.396 7.5745 0 0 0 
1980000 2529 1000.0 2361768.964 1893.166 7.5646 0 0 0 
1990000 2539 1000.0 2381693.094 1909.007 7.5688 0 0 0 
2000000 2549 1000.0 2403876.9 1966.45 7.5599 0 0 0 
2010000 2559 1000.0 2426072.432 2012.494 7.5501 0 0 0 
2020000 2569 1000.0 2445639.274 2002.628 7.56 0 0 0 
2030000 2579 1000.0 2466828.587 2019.819 7.5659 0 0 0 
2040000 2589 1000.0 2487078.211 2020.28 7.5771 0 0 0 
2050000 2599 1000.0 2508831.431 2053.344 7.5833 0 0 0 
2060000 2609 1000.0 2529250.185 2056.146 7.5791 0 0 0 
2070000 2619 1000.0 2550536.186 2062.549 7.5696 0 0 0 
2080000 2629 1000.0 2572364.623 2088.369 7.5685 0 0 0 
2090000 2639 1000.0 2593578.29 2087.438 7.5712 0 0 0 
2100000 2649 1000.0 2617024.732 2135.25 7.5735 0 0 0 
2110000 2659 1000.0 2640094.177 2167.599 7.5791 0 0 0 
2120000 2669 1000.0 2661626.734 2162.789 7.5687 0 0 0 
2130000 2679 1000.0 2683831.56 2172.922 7.5631 0 0 0 
2140000 2689 1000.0 2701207.104 2110.586 7.5636 0 0 0 
2150000 2699 1000.0 2719864.803 2058.123 7.5601 0 0 0 
2160000 2709 1000.0 2735697.639 1966.495 7.5692 0 0 0 
2170000 2719 1000.0 2757466.207 2000.759 7.567 0 0 0 
2180000 2729 1000.0 2778868.884 2029.481 7.5609 0 0 0 
2190000 2739 1000.0 2800326.263 2056.745 7.5554 0 0 0 
2200000 2749 1000.0 2816935.256 1976.737 7.5544 0 0 0 
2210000 2759 1000.0 2837864.563 2002.587 7.5602 0 0 0 
2220000 2769 1000.0 2856050.895 1971.778 7.5584 0 0 0 
2230000 2779 1000.0 2878123.998 2014.746 7.5674 0 0 0 
2240000 2789 1000.0 2899846.456 2038.533 7.5748 0 0 0 
2250000 2799 1000.0 2920033.768 2039.811 7.5825 0 0 0 
2260000 2809 1000.0 2936300.939 1954.747 7.5803 0 0 0 
2270000 2819 1000.0 2956766.234 1965.925 7.5725 0 0 0 
2280000 2829 1000.0 2977482.055 2000.84 7.5764 0 0 0 
2290000 2839 1000.0 3000568.413 2044.888 7.5739 0 0 0 
2300000 2849 1000.0 3022211.749 2069.737 7.5791 0 0 0 
2310000 2859 1000.0 3044150.273 2091.116 7.5704 0 0 0 
2320000 2869 1000.0 3060980.872 2019.889 7.5846 0 0 0 
2330000 2879 1000.0 3078058.606 1959.31 7.5785 0 0 0 
2340000 2889 1000.0 3097613.067 1955.613 7.583 0 0 0 
2350000 2899 1000.0 3120895.928 2025.255 7.5718 0 0 0 
2360000 2909 1000.0 3142434.49 2055.608 7.5749 0 0 0 
2370000 2919 1000.0 3164970.457 2083.991 7.5751 0 0 0 
2380000 2929 1000.0 3186532.562 2099.765 7.5702 0 0 0 
2390000 2939 1000.0 3207791.023 2104.416 7.5725 0 0 0 
2400000 2949 1000.0 3228318.304 2098.127 7.5706 0 0 0 
2410000 2959 1000.0 3248750.682 2090.967 7.5747 0 0 0 
2420000 2969 1000.0 3267569.75 2055.273 7.5746 0 0 0 
2430000 2980 988.36 3286571.162 1998.557 7.4894 0 0 0 
2440000 2990 990.489 3307109.572 2009.993 7.501 0 0 0 
2450000 3000 992.229 3327159.553 2006.263 7.5073 0 0 0 
2460000 3010 993.651 3349141.969 2042.634 7.5129 0 0 0 
2470000 3020 994.812 3370937.92 2065.754 7.5394 0 0 0 
2480000 3030 995.761 3388485.032 2006.629 7.5424 0 0 0 
2490000 3040 996.536 3409105.211 2015.134 7.5512 0 0 0 
2500000 3050 997.17 3429408.199 2018.742 7.5594 0 0 0 
2510000 3060 997.688 3449815.852 2021.901 7.5722 0 0 0 
2520000 3070 998.111 3469106.052 2003.948 7.5783 0 0 0 
2530000 3080 998.456 3488103.327 1986.28 7.5842 0 0 0 
2540000 3090 998.739 3506906.651 1974.449 7.5869 0 0 0 
2550000 3100 998.969 3526062.134 1959.986 7.5955 0 0 0 
2560000 3110 999.158 3547523.133 1998.384 7.6053 0 0 0 
2570000 3120 993.714 3562632.815 1890.513 7.5628 0 0 0 
2580000 3130 994.864 3584747.611 1949.139 7.5665 0 0 0 
2590000 3140 995.803 3606906.431 2005.462 7.5622 0 0 0 
2600000 3150 996.571 3628604.359 2032.178 7.5709 0 0 0 
2610000 3160 997.198 3650748.586 2063.331 7.5816 0 0 0 
2620000 3170 997.711 3671466.901 2060.772 7.5801 0 0 0 
2630000 3180 998.13 3690636.279 2037.433 7.5805 0 0 0 
2640000 3190 998.472 3712702.228 2065.563 7.5798 0 0 0 
2650000 3200 998.751 3734472.856 2083.933 7.5667 0 0 0 
2660000 3210 998.98 3756074.223 2093.978 7.5781 0 0 0 
2670000 3220 999.166 3771762.783 2000.724 7.586 0 0 0 
2680000 3230 999.319 3792601.758 2026.761 7.5785 0 0 0 
2690000 3240 999.443 3812232.005 2004.753 7.5783 0 0 0 
2700000 3250 999.545 3833021.599 2019.872 7.5754 0 0 0 
2710000 3260 999.628 3854210.072 2033.339 7.5812 0 0 0 
2720000 3270 999.696 3874887.985 2060.827 7.5806 0 0 0 
2730000 3280 999.752 3894829.565 2030.952 7.5897 0 0 0 
2740000 3290 999.797 3915866.128 2050.611 7.583 0 0 0 
2750000 3300 999.834 3937878.349 2072.965 7.5917 0 0 0 
2760000 3310 999.865 3961310.044 2120.493 7.5822 0 0 0 
2770000 3320 999.889 3982780.429 2129.58 7.5847 0 0 0 
2780000 3330 999.91 4004947.263 2143.812 7.5871 0 0 0 
2790000 3340 999.926 4025020.473 2132.578 7.5933 0 0 0 
2800000 3350 999.94 4041928.169 2045.98 7.5908 0 0 0 
2810000 3360 999.951 4056603.643 1942.388 7.5932 0 0 0 
2820000 3370 999.96 4074756.657 1911.425 7.6011 0 0 0 
2830000 3380 999.967 4096480.844 1953.003 7.5949 0 0 0 
2840000 3390 999.973 4116655.393 1967.902 7.6013 0 0 0 
2850000 3400 999.978 4137154.346 1980.758 7.5968 0 0 0 
2860000 3410 999.982 4159013.292 2018.06 7.5903 0 0 0 
2870000 3420 999.985 4178957.08 2012.556 7.6034 0 0 0 
2880000 3430 999.988 4200802.705 2063.894 7.601 0 0 0 
2890000 3440 999.99 4220866.255 2035.31 7.6023 0 0 0 
2900000 3450 999.992 4241263.874 2036.312 7.6034 0 0 0 
2910000 3460 999.993 4261062.398 2031.561 7.6142 0 0 0 
2920000 3470 999.995 4277283.516 1944.909 7.6189 0 0 0 
2930000 3480 999.996 4296964.781 1950.602 7.6242 0 0 0 
2940000 3490 999.996 4321207.179 2036.697 7.6122 0 0 0 
2950000 3500 999.997 4342659.027 2068.279 7.6097 0 0 0 
2960000 3510 999.998 4363639.756 2062.393 7.6171 0 0 0 
2970000 3520 999.998 4377791.64 1952.155 7.6243 0 0 0 
2980000 3530 999.998 4396125.22 1924.894 7.6206 0 0 0 
2990000 3540 999.999 4416894.337 1954.759 7.6224 0 0 0 
3000000 3550 999.999 4436203.0 1955.396 7.6216 0 0 0 
3010000 3560 999.999 4457279.519 1978.387 7.6245 0 0 0 
3020000 3570 999.999 4478828.773 2009.65 7.6215 0 0 0 
3030000 3580 999.999 4501847.772 2063.944 7.6235 0 0 0 
3040000 3590 1000.0 4524528.291 2101.726 7.6193 0 0 0 
3050000 3600 1000.0 4547452.772 2138.817 7.6264 0 0 0 
3060000 3610 1000.0 4571515.483 2185.742 7.63 0 0 0 
3070000 3620 1000.0 4593123.671 2179.559 7.6233 0 0 0 
3080000 3630 1000.0 4614945.065 2177.001 7.6191 0 0 0 
3090000 3640 1000.0 4638887.245 2223.194 7.5987 0 0 0 
3100000 3650 1000.0 4662373.383 2246.586 7.6127 0 0 0 
3110000 3660 1000.0 4686534.272 2271.148 7.609 0 0 0 
3120000 3670 1000.0 4710870.941 2304.738 7.6063 0 0 0 
3130000 3680 1000.0 4735164.257 2324.389 7.6093 0 0 0 
3140000 3690 1000.0 4759043.223 2336.899 7.6198 0 0 0 
3150000 3700 1000.0 4781431.236 2322.493 7.616 0 0 0 
3160000 3710 1000.0 4804611.084 2317.74 7.6122 0 0 0 
3170000 3720 1000.0 4828564.204 2332.534 7.6066 0 0 0 
3180000 3730 1000.0 4852668.146 2344.873 7.6143 0 0 0 
3190000 3740 1000.0 4876166.734 2345.322 7.622 0 0 0 
3200000 3750 1000.0 4899474.358 2344.511 7.6348 0 0 0 
3210000 3760 1000.0 4922393.31 2333.984 7.6446 0 0 0 
3220000 3770 1000.0 4946709.998 2355.168 7.651 0 0 0 
3230000 3780 1000.0 4969957.396 2346.619 7.6601 0 0 0 
3240000 3790 1000.0 4993036.734 2342.084 7.6603 0 0 0 
3250000 3800 1000.0 5017063.391 2352.415 7.6427 0 0 0 
3260000 3810 1000.0 5039285.72 2326.552 7.6408 0 0 0 
3270000 3820 1000.0 5061869.314 2320.629 7.6419 0 0 0 
3280000 3830 1000.0 5084970.613 2316.556 7.6451 0 0 0 
3290000 3840 1000.0 5105876.769 2274.746 7.6513 0 0 0 
3300000 3850 1000.0 5128340.347 2266.577 7.6597 0 0 0 
3310000 3860 1000.0 5150606.634 2262.182 7.645 0 0 0 
3320000 3870 1000.0 5169932.754 2200.471 7.644 0 0 0 
3330000 3880 1000.0 5192293.379 2209.063 7.6476 0 0 0 
3340000 3890 1000.0 5213533.984 2190.475 7.6576 0 0 0 
3350000 3900 1000.0 5235410.338 2193.621 7.6582 0 0 0 
3360000 3910 1000.0 5258118.692 2205.668 7.6508 0 0 0 
3370000 3920 1000.0 5280251.705 2205.553 7.6251 0 0 0 
3380000 3930 1000.0 5300816.211 2179.797 7.6223 0 0 0 
3390000 3940 1000.0 5317649.104 2088.288 7.6185 0 0 0 
3400000 3950 1000.0 5337159.783 2072.171 7.6216 0 0 0 
3410000 3960 1000.0 5357599.054 2058.968 7.6233 0 0 0 
3420000 3970 1000.0 5377470.309 2048.522 7.6228 0 0 0 
3430000 3980 1000.0 5396729.698 2025.581 7.6291 0 0 0 
3440000 3990 1000.0 5418624.088 2054.694 7.6288 0 0 0 
3450000 4000 1000.0 5440849.324 2086.763 7.6155 0 0 0 
3460000 4010 1000.0 5462448.646 2098.123 7.6156 0 0 0 
3470000 4020 1000.0 5482559.787 2085.737 7.6146 0 0 0 
3480000 4030 995.364 5504782.896 2096.144 7.5854 0 0 0 
3490000 4040 996.212 5527144.193 2122.878 7.5915 0 0 0 
3500000 4050 996.905 5549289.333 2140.691 7.6009 0 0 0 
3510000 4060 997.471 5572377.185 2171.481 7.5988 0 0 0 
3520000 4070 997.934 5593474.054 2157.911 7.4761 0 0 0 
3530000 4081 983.322 5615688.637 2140.65 7.0504 0 0 0 
3540000 4091 986.373 5636949.558 2136.863 6.8234 0 0 0 
3550000 4101 988.865 5658846.034 2151.671 6.6374 0 0 0 
3560000 4111 990.902 5680378.628 2151.391 6.7988 0 0 0 
3570000 4121 992.566 5704154.81 2186.339 7.0079 0 0 0 
3580000 4131 993.926 5727765.607 2218.265 7.1904 0 0 0 
3590000 4141 995.037 5751102.643 2241.931 7.3289 0 0 0 
3600000 4151 995.945 5774459.256 2259.049 7.444 0 0 0 
3610000 4161 996.687 5796867.558 2253.713 7.5285 0 0 0 
3620000 4171 997.293 5819863.571 2260.074 7.6167 0 0 0 
3630000 4181 997.788 5842636.666 2264.531 7.6946 0 0 0 
3640000 4191 998.193 5864470.911 2251.221 7.7386 0 0 0 
3650000 4201 998.523 5884808.899 2218.354 7.7697 0 0 0 
3660000 4211 998.793 5905777.48 2192.047 7.8032 0 0 0 
3670000 4222 983.091 5927295.736 2150.351 7.7016 0 0 0 
3680000 4232 986.184 5945933.387 2102.233 7.7528 0 0 0 
3690000 4242 988.711 5964398.279 2052.678 7.7943 0 0 0 
3700000 4252 990.776 5985409.275 2058.612 7.8471 0 0 0 
3710000 4262 992.464 6007567.394 2088.278 8.0647 0 0 0 
3720000 4272 993.842 6030165.662 2119.635 8.9204 0 0 0 
3730000 4282 994.969 6053077.146 2148.657 8.9614 0 0 0 
3740000 4292 995.889 6075237.097 2161.384 9.8306 0 0 0 
3750000 4302 996.641 6096067.212 2151.781 10.5465 0 0 0 
3760000 4312 997.255 6118248.716 2162.183 11.1408 0 0 0 
3770000 4322 997.758 6140288.866 2174.156 11.6026 0 0 0 
3780000 4332 998.168 6159851.635 2133.948 11.9993 0 0 0 
3790000 4342 998.503 6180551.249 2118.034 12.3271 0 0 0 
3800000 4352 998.777 6200801.355 2101.272 12.581 0 0 0 
3810000 4362 999.001 6217666.987 2033.469 12.7953 0 0 0 
3820000 4372 999.183 6237445.011 2018.203 12.9665 0 0 0 
3830000 4382 999.333 6254919.091 1978.539 13.0997 0 0 0 
3840000 4393 985.047 6272450.073 1902.744 13.0493 0 0 0 
3850000 4403 987.782 6291744.092 1905.255 13.1518 0 0 0 
3860000 4413 990.017 6312367.564 1934.088 13.2376 0 0 0 
3870000 4423 991.843 6333564.482 1968.115 13.2942 0 0 0 
3880000 4433 993.335 6354907.795 1994.797 13.3978 0 0 0 
3890000 4443 994.554 6375263.051 2004.084 13.4524 0 0 0 
3900000 4454 974.992 6394279.139 1942.335 13.2259 0 0 0 
3910000 4464 979.566 6413557.316 1939.446 13.3311 0 0 0 
3920000 4474 983.304 6429353.346 1875.989 13.4186 0 0 0 
3930000 4484 986.358 6445492.978 1831.193 13.491 0 0 0 
3940000 4494 988.854 6461237.896 1783.059 13.5419 0 0 0 
3950000 4504 985.056 6481574.894 1813.278 13.4867 0 0 0 
3960000 4514 987.79 6502751.207 1869.322 13.5317 0 0 0 
3970000 4524 990.024 6522946.402 1895.693 13.5603 0 0 0 
3980000 4534 991.849 6543990.051 1935.487 13.6065 0 0 0 
3990000 4544 993.34 6564312.435 1951.496 13.6235 0 0 0 
4000000 4554 994.558 6585123.98 1982.17 13.6414 0 0 0 
