10000 47 127.605 428.0 5.447 0.5684 15 6703.0 310.6635 
20000 96 175.053 852.0 7.431 0.7822 32 13754.0 399.9208 
30000 145 194.927 1253.0 8.031 0.874 48 19325.0 365.2746 
40000 201 182.484 1669.0 7.642 1.5224 67 25039.0 302.9156 
50000 249 200.2 2183.0 9.695 2.1083 83 35261.0 535.0615 
60000 296 204.266 2700.0 10.415 2.2994 98 44744.0 536.2211 
70000 344 206.799 3381.0 12.988 2.3848 114 57516.0 767.8872 
80000 388 223.11 4243.0 17.693 2.5958 129 71372.0 891.1083 
90000 435 218.484 5240.0 19.892 2.5515 145 86685.0 1028.2949 
100000 477 230.093 6268.0 22.615 2.6904 159 103183.0 1233.5799 
110000 519 228.774 7359.0 23.749 2.6778 173 120101.0 1141.6192 
120000 559 241.373 8485.0 26.917 2.8259 186 139271.0 1418.4423 
130000 600 240.354 9710.0 28.158 2.8146 200 159270.0 1428.9113 
140000 639 247.174 11006.0 30.704 2.8938 213 181701.0 1672.9095 
150000 676 258.157 12311.0 32.999 3.0233 225 201454.0 1587.8158 
160000 709 276.292 13528.0 34.442 3.2358 236 223671.0 1800.7934 
170000 747 267.099 14844.0 34.285 3.1285 249 246033.0 1783.9375 
180000 781 284.24 16179.0 37.135 3.3294 260 268219.0 1931.8823 
190000 814 288.817 17481.0 37.615 3.3831 271 293056.0 2042.9295 
200000 848 291.734 18749.0 37.88 3.4173 282 315042.0 2124.402 
210000 882 289.138 20016.0 36.847 3.3865 294 334638.0 1756.2115 
220000 913 308.078 21207.0 38.246 3.6082 304 352827.0 1815.1675 
230000 943 312.751 22550.0 39.866 3.6667 314 376627.0 2072.5949 
240000 974 318.605 23762.0 40.304 3.7339 324 398266.0 2253.271 
250000 1009 300.614 25176.0 39.936 3.5221 336 420141.0 1891.8164 
260000 1042 301.756 26544.0 40.697 3.5337 347 443388.0 1980.2145 
270000 1077 290.587 27868.0 38.777 3.4025 359 462763.0 1755.6798 
280000 1111 292.313 29211.0 39.135 3.4228 370 482239.0 1637.4412 
290000 1147 285.966 30589.0 39.173 3.3472 382 502923.0 1713.3509 
300000 1182 288.076 31827.0 37.839 3.3715 394 523088.0 1812.4768 
310000 1216 288.316 33185.0 38.476 3.3748 405 544384.0 1921.7721 
320000 1251 282.939 34524.0 37.544 3.3112 417 562499.0 1587.4991 
330000 1287 280.654 35879.0 37.724 3.2872 429 585663.0 1889.6439 
340000 1324 269.989 37292.0 36.862 3.1617 441 608466.0 1847.3604 
350000 1358 282.572 38686.0 39.489 3.3084 452 633212.0 2059.3199 
360000 1395 277.926 40023.0 37.797 3.2604 465 653655.0 1835.4218 
370000 1429 288.176 41434.0 40.25 3.3765 476 679121.0 2112.911 
380000 1461 292.719 42789.0 39.714 3.4284 487 702599.0 2154.0572 
390000 1497 287.765 44141.0 39.129 3.3714 499 722133.0 1826.8166 
400000 1530 295.484 45496.0 40.22 3.4603 510 742150.0 1832.3862 
410000 1564 293.338 46862.0 40.063 3.4365 521 763456.0 1836.1439 
420000 1599 288.203 48106.0 37.463 3.3762 533 782321.0 1665.7074 
430000 1635 282.935 49445.0 36.745 3.3133 545 802465.0 1670.8789 
440000 1663 313.75 50643.0 38.732 3.6732 554 821497.0 1923.9866 
450000 1695 311.204 52004.0 40.358 3.6432 565 845155.0 2126.0228 
460000 1731 292.249 53416.0 39.392 3.4247 577 866559.0 1911.7778 
470000 1764 293.934 54777.0 39.818 3.4327 588 887086.0 1855.7966 
480000 1798 295.428 56170.0 40.785 3.4429 599 907892.0 1876.6636 
490000 1831 301.921 57532.0 41.439 3.516 610 927479.0 1858.3945 
500000 1860 316.577 58815.0 41.87 3.6854 620 946850.0 1909.3609 
510000 1893 308.117 60118.0 40.759 3.5872 631 967407.0 1857.7719 
520000 1926 300.622 61499.0 40.419 3.4998 642 988004.0 1813.3265 
530000 1958 301.519 62855.0 40.505 3.5096 652 1007322.0 1752.6289 
540000 1987 318.942 64140.0 42.098 3.7134 662 1030193.0 2137.0221 
550000 2017 333.28 65327.0 41.877 3.8794 672 1047003.0 1959.9509 
560000 2055 297.588 66671.0 38.455 3.4641 685 1067955.0 1749.0275 
570000 2091 282.058 68054.0 37.204 3.2832 697 1090009.0 1800.332 
580000 2124 290.814 69359.0 37.758 3.3847 708 1111616.0 1878.2648 
590000 2158 298.46 70647.0 39.024 3.4744 719 1133062.0 1863.0074 
600000 2188 316.536 71935.0 41.297 3.6849 729 1151972.0 1938.4608 
610000 2223 304.865 73179.0 38.796 3.5492 741 1168927.0 1730.1141 
620000 2254 309.193 74515.0 39.996 3.6008 751 1189546.0 1913.2045 
630000 2285 315.614 75798.0 40.949 3.6749 761 1210295.0 2013.7859 
640000 2315 326.432 77125.0 42.739 3.8042 771 1232175.0 2088.0957 
650000 2349 308.483 78482.0 41.003 3.6045 783 1257571.0 2223.4776 
660000 2380 313.536 79818.0 41.86 3.6687 793 1277200.0 1965.2391 
670000 2412 304.907 81091.0 39.379 3.5702 804 1301888.0 1965.6967 
680000 2442 316.114 82397.0 41.297 3.7027 814 1321268.0 1950.041 
690000 2470 335.977 83706.0 44.007 3.9372 823 1340020.0 1938.2938 
700000 2502 321.464 85071.0 42.216 3.7679 834 1360478.0 1928.1699 
710000 2532 327.234 86332.0 42.277 3.8355 844 1377958.0 1844.02 
720000 2562 326.819 87700.0 42.874 3.8306 854 1400088.0 2048.8321 
730000 2595 319.808 88976.0 41.975 3.7483 865 1419725.0 1978.4955 
740000 2625 321.622 90313.0 42.394 3.7596 875 1443755.0 2207.6155 
750000 2655 320.878 91684.0 42.777 3.7446 885 1466105.0 2103.6403 
760000 2688 316.737 93027.0 42.534 3.6923 896 1485452.0 1967.0903 
770000 2718 319.817 94335.0 41.767 3.7268 906 1504512.0 1781.9375 
780000 2750 320.896 95675.0 42.879 3.7379 916 1524690.0 1923.1469 
790000 2778 331.862 97001.0 43.522 3.8645 926 1546732.0 2137.2493 
800000 2809 329.808 98371.0 45.11 3.8438 936 1567731.0 2046.3172 
810000 2841 318.429 99732.0 42.625 3.7103 947 1586419.0 1830.581 
820000 2869 339.525 101018.0 45.537 3.9558 956 1607461.0 2006.8201 
830000 2895 347.522 102244.0 44.341 4.0571 965 1625675.0 2082.9679 
840000 2928 327.634 103671.0 44.005 3.8213 976 1646362.0 1975.4786 
850000 2960 323.171 104973.0 43.318 3.767 986 1666910.0 2039.2607 
860000 2994 310.835 106452.0 43.559 3.6218 998 1690416.0 2152.7623 
870000 3023 325.118 107854.0 45.681 3.7978 1007 1710467.0 2094.1245 
880000 3052 336.647 109204.0 46.37 3.9412 1017 1732328.0 2154.7205 
890000 3087 305.803 110604.0 42.188 3.5825 1029 1752923.0 1858.7994 
900000 3115 330.648 111875.0 44.294 3.8748 1038 1772535.0 2081.182 
910000 3144 337.319 113182.0 44.32 3.9525 1048 1790576.0 1951.3622 
920000 3171 344.474 114546.0 45.33 4.0365 1057 1811489.0 2106.0752 
930000 3201 345.105 115826.0 45.438 4.044 1067 1829339.0 1992.7567 
940000 3234 321.528 117227.0 43.509 3.7684 1078 1851096.0 1937.2679 
950000 3262 337.77 118577.0 45.761 3.9602 1087 1871658.0 2006.6647 
960000 3296 318.023 119995.0 44.218 3.7276 1098 1891994.0 1925.1772 
970000 3327 318.269 121350.0 43.479 3.7302 1109 1912833.0 1958.9984 
980000 3358 320.09 122742.0 44.449 3.751 1119 1933432.0 1926.6717 
990000 3391 314.485 124059.0 42.694 3.6813 1130 1954169.0 1959.3972 
1000000 3420 326.157 125339.0 43.112 3.8092 1140 1971820.0 1867.6245 
1010000 3451 323.958 126758.0 44.439 3.7786 1150 1991119.0 1768.9532 
1020000 3480 331.581 128044.0 43.639 3.8647 1160 2010140.0 1924.7181 
1030000 3513 320.779 129364.0 42.567 3.7404 1171 2028827.0 1841.5264 
1040000 3543 318.961 130776.0 42.792 3.7178 1181 2049137.0 1902.0053 
1050000 3575 319.636 132102.0 43.481 3.7249 1191 2070385.0 1968.4467 
1060000 3606 317.955 133482.0 43.002 3.7039 1202 2091664.0 2034.5241 
1070000 3637 318.546 134831.0 43.987 3.7208 1212 2111553.0 1932.2537 
1080000 3668 321.749 136191.0 43.867 3.7644 1222 2132792.0 2100.0774 
1090000 3700 320.455 137626.0 44.698 3.7517 1233 2154580.0 2020.8897 
1100000 3732 308.904 139057.0 43.08 3.6178 1244 2178228.0 2119.5947 
1110000 3763 324.17 140440.0 45.499 3.7979 1254 2198847.0 2105.652 
1120000 3792 324.067 141772.0 44.177 3.7966 1264 2221178.0 2226.7147 
1130000 3828 302.78 143154.0 41.656 3.549 1276 2241612.0 1886.6498 
1140000 3858 314.682 144548.0 43.076 3.6872 1286 2265222.0 2212.7792 
1150000 3893 302.23 145975.0 42.513 3.5408 1297 2287117.0 2029.1292 
1160000 3924 311.822 147346.0 42.958 3.6537 1308 2307136.0 1975.3993 
1170000 3960 287.072 148909.0 41.445 3.3636 1320 2331140.0 1912.5239 
1180000 3987 322.46 150176.0 43.426 3.7775 1329 2351223.0 2101.3925 
1190000 4017 325.984 151481.0 43.655 3.8186 1339 2370493.0 2023.2318 
1200000 4043 350.707 152688.0 45.856 4.1082 1347 2389917.0 2110.1183 
1210000 4071 349.808 154049.0 45.446 4.0987 1357 2411719.0 2256.1049 
1220000 4099 358.692 155286.0 45.805 4.2018 1366 2429321.0 2136.6615 
1230000 4125 360.855 156546.0 45.152 4.2281 1375 2451685.0 2225.7771 
1240000 4161 318.954 157934.0 41.724 3.7369 1387 2472629.0 1882.2655 
1250000 4191 326.717 159260.0 42.718 3.8274 1397 2491749.0 1876.6667 
1260000 4218 337.184 160584.0 43.941 3.9499 1406 2510592.0 1918.2352 
1270000 4249 332.315 161948.0 44.48 3.8927 1416 2533411.0 2214.7882 
1280000 4278 336.786 163206.0 43.84 3.9447 1426 2551462.0 1966.1262 
1290000 4311 318.468 164596.0 42.865 3.7319 1437 2575579.0 2141.0329 
1300000 4341 319.478 165982.0 42.867 3.7327 1447 2594849.0 1975.3046 
1310000 4371 327.993 167241.0 42.838 3.8253 1457 2615899.0 2161.1354 
1320000 4399 339.149 168587.0 45.33 3.9524 1466 2639721.0 2355.1819 
1330000 4430 334.33 169966.0 45.492 3.8943 1476 2661810.0 2221.8246 
1340000 4461 331.115 171278.0 44.058 3.8573 1487 2682669.0 2214.141 
1350000 4493 320.082 172747.0 44.73 3.7277 1497 2704747.0 2061.1575 
1360000 4521 334.494 174049.0 44.225 3.8959 1507 2723459.0 1966.4924 
1370000 4551 337.955 175326.0 44.635 3.935 1517 2741489.0 1958.099 
1380000 4577 358.803 176601.0 46.424 4.178 1525 2762063.0 2121.5127 
1390000 4608 337.69 177942.0 44.547 3.9322 1536 2782312.0 2011.6007 
1400000 4633 360.401 179158.0 46.158 4.1961 1544 2800677.0 2040.8164 
1410000 4657 381.045 180334.0 47.354 4.4363 1552 2816963.0 2008.5631 
1420000 4686 365.717 181544.0 44.764 4.2581 1562 2834774.0 1964.2566 
1430000 4714 363.621 182855.0 46.148 4.2333 1571 2854846.0 1958.9402 
1440000 4742 365.106 184114.0 45.974 4.2508 1580 2874328.0 2092.1258 
1450000 4766 376.96 185196.0 45.658 4.3888 1588 2889144.0 1968.6015 
1460000 4794 369.289 186407.0 43.415 4.2994 1598 2907506.0 1905.973 
1470000 4827 335.75 187833.0 42.679 3.9097 1609 2931113.0 2082.0398 
1480000 4856 347.595 189036.0 43.66 4.0468 1618 2949524.0 2091.0937 
1490000 4887 337.547 190400.0 43.845 3.9306 1629 2971983.0 2210.8872 
1500000 4916 340.839 191733.0 44.885 3.9692 1638 2991884.0 2094.3411 
1510000 4945 341.447 193109.0 45.755 3.9763 1648 3012615.0 2111.1919 
1520000 4972 357.937 194376.0 46.805 4.1708 1657 3033408.0 2285.0629 
1530000 4998 368.277 195562.0 45.72 4.301 1666 3053552.0 2347.2578 
1540000 5025 369.123 196840.0 46.165 4.312 1675 3076945.0 2423.8766 
1550000 5053 361.008 198144.0 45.732 4.2127 1684 3095227.0 2141.1233 
1560000 5079 368.265 199302.0 45.186 4.2936 1693 3112721.0 2041.4464 
1570000 5109 352.504 200690.0 45.547 4.107 1703 3134331.0 2164.8776 
1580000 5139 344.567 202051.0 45.772 4.0131 1713 3158281.0 2368.3006 
1590000 5169 334.745 203444.0 44.933 3.8988 1723 3178161.0 2065.5326 
1600000 5199 334.027 204830.0 45.419 3.8905 1733 3206211.0 2530.0691 
1610000 5232 321.747 206310.0 45.46 3.7476 1744 3228428.0 2242.1555 
1620000 5260 333.399 207695.0 46.911 3.8846 1753 3248860.0 2129.7798 
1630000 5288 342.454 208984.0 46.891 3.989 1762 3266342.0 2014.123 
1640000 5316 355.354 210268.0 46.218 4.1386 1772 3285714.0 2087.6126 
1650000 5343 358.983 211574.0 46.159 4.1903 1781 3308347.0 2335.0233 
1660000 5375 334.645 212974.0 45.234 3.9124 1791 3330285.0 2177.1548 
1670000 5403 347.689 214229.0 45.194 4.0691 1801 3348627.0 2062.8449 
1680000 5430 355.043 215476.0 45.541 4.157 1810 3368420.0 2148.0784 
1690000 5460 339.68 216888.0 45.281 3.9786 1820 3388600.0 2028.7461 
1700000 5493 324.056 218311.0 44.394 3.7954 1831 3411417.0 2043.424 
1710000 5523 326.587 219745.0 45.16 3.8254 1841 3434577.0 2159.8553 
1720000 5554 327.688 221170.0 46.348 3.8404 1851 3457526.0 2183.5129 
1730000 5583 326.626 222551.0 45.373 3.8274 1861 3479307.0 2110.2623 
1740000 5612 336.752 223883.0 46.259 3.9457 1870 3502468.0 2334.8469 
1750000 5643 330.165 225241.0 45.105 3.8693 1881 3520827.0 2024.2059 
1760000 5671 342.314 226613.0 46.99 4.011 1890 3540729.0 2051.6539 
1770000 5700 335.251 227971.0 45.304 3.9278 1900 3563310.0 2181.5206 
1780000 5727 353.665 229250.0 47.009 4.1446 1909 3581943.0 2164.9489 
1790000 5755 356.924 230592.0 48.065 4.183 1918 3600775.0 2009.2342 
1800000 5784 347.505 231770.0 44.34 4.0729 1928 3617596.0 1907.5863 
1810000 5814 335.912 233133.0 43.596 3.9369 1938 3640706.0 2143.1953 
1820000 5842 344.703 234403.0 45.409 4.0396 1947 3660828.0 2187.7069 
1830000 5865 375.639 235440.0 44.192 4.4013 1955 3677735.0 2189.3751 
1840000 5890 392.086 236561.0 45.782 4.5935 1963 3694890.0 2156.3991 
1850000 5919 363.342 237953.0 45.127 4.2571 1973 3715471.0 2076.7186 
1860000 5947 366.705 239204.0 46.282 4.2962 1982 3736343.0 2168.7507 
1870000 5973 370.477 240350.0 45.386 4.3401 1991 3755907.0 2271.0347 
1880000 6000 367.282 241642.0 46.057 4.3023 2000 3774680.0 2152.0538 
1890000 6030 348.043 243031.0 45.412 4.0774 2010 3795490.0 2101.9846 
1900000 6059 345.427 244395.0 46.153 4.047 2019 3817031.0 2099.1289 
1910000 6087 343.538 245723.0 44.951 4.0251 2029 3838463.0 2150.0682 
1920000 6115 357.654 247017.0 47.418 4.1907 2038 3858635.0 2217.4025 
1930000 6145 345.265 248358.0 46.435 4.0462 2048 3881905.0 2353.6507 
1940000 6177 326.159 249762.0 44.626 3.8215 2059 3903923.0 2205.5684 
1950000 6207 328.653 251165.0 45.376 3.8507 2069 3925173.0 2157.0218 
1960000 6233 350.792 252543.0 48.558 4.1094 2077 3946167.0 2262.7989 
1970000 6260 362.258 253801.0 47.923 4.2447 2086 3964220.0 2116.2995 
1980000 6289 349.592 255113.0 46.164 4.1004 2096 3985321.0 2127.2624 
1990000 6314 371.363 256287.0 46.766 4.3533 2104 4006356.0 2418.1497 
2000000 6342 364.958 257492.0 45.011 4.2674 2114 4023778.0 2084.0289 
2010000 6366 375.006 258739.0 46.075 4.3785 2122 4043444.0 2266.1216 
2020000 6394 371.947 259896.0 45.485 4.338 2131 4060756.0 2034.0367 
2030000 6420 373.416 261070.0 44.651 4.3584 2140 4079700.0 2186.8873 
2040000 6444 394.013 262196.0 45.475 4.5946 2148 4097226.0 2213.2707 
2050000 6471 380.323 263470.0 45.788 4.4324 2157 4115839.0 2122.7811 
2060000 6501 362.102 264827.0 46.324 4.2189 2167 4138729.0 2341.8142 
2070000 6526 372.569 266086.0 47.219 4.34 2175 4158034.0 2199.4193 
2080000 6552 378.857 267302.0 47.017 4.4218 2184 4177458.0 2267.925 
2090000 6582 358.079 268693.0 46.824 4.1867 2194 4201218.0 2315.3662 
2100000 6607 378.073 269987.0 48.924 4.4239 2202 4222233.0 2367.3475 
2110000 6637 353.516 271311.0 46.899 4.1359 2212 4242483.0 2139.4851 
2120000 6656 404.619 272151.0 46.376 4.7314 2218 4257774.0 2226.8076 
2130000 6682 397.498 273431.0 46.883 4.6526 2227 4280168.0 2553.002 
2140000 6711 374.282 274718.0 46.437 4.3798 2237 4299269.0 2226.3148 
2150000 6735 388.277 275930.0 46.567 4.5348 2245 4317225.0 2173.7292 
2160000 6765 362.045 277291.0 45.92 4.224 2255 4337985.0 2099.774 
2170000 6793 362.277 278583.0 46.523 4.2235 2264 4360267.0 2242.8157 
2180000 6824 344.837 279908.0 44.973 4.0265 2274 4381176.0 2124.1933 
2190000 6851 349.977 281191.0 45.466 4.0929 2283 4401649.0 2261.4956 
2200000 6877 364.943 282465.0 47.392 4.2708 2292 4421443.0 2226.406 
2210000 6903 373.007 283667.0 46.229 4.3676 2301 4437407.0 2020.8877 
2220000 6930 361.205 285032.0 46.198 4.2306 2310 4459570.0 2181.7034 
2230000 6962 345.963 286375.0 45.798 4.053 2320 4483018.0 2269.2904 
2240000 6987 366.105 287590.0 46.684 4.2896 2329 4503293.0 2424.1109 
2250000 7014 364.455 288908.0 46.836 4.2705 2338 4523066.0 2242.5891 
2260000 7044 348.502 290326.0 47.083 4.0835 2348 4549106.0 2496.0978 
2270000 7071 358.883 291647.0 47.678 4.2051 2357 4570499.0 2399.4018 
2280000 7096 372.427 292929.0 48.955 4.3538 2365 4590864.0 2297.3537 
2290000 7125 357.646 294232.0 46.505 4.175 2375 4610485.0 2163.6837 
2300000 7155 345.707 295562.0 45.632 4.0409 2385 4631485.0 2119.5376 
2310000 7181 355.6 296793.0 46.081 4.1608 2393 4651099.0 2155.4338 
2320000 7200 419.959 297674.0 46.41 4.9161 2400 4665100.0 2211.4496 
2330000 7221 426.137 298960.0 49.29 4.981 2407 4685379.0 2402.4161 
2340000 7251 389.24 300292.0 47.899 4.5448 2417 4705649.0 2217.2693 
2350000 7276 393.424 301527.0 48.823 4.6002 2425 4728264.0 2511.4256 
2360000 7303 386.945 302826.0 49.03 4.5278 2434 4747557.0 2289.4319 
2370000 7331 370.206 304160.0 48.279 4.328 2443 4769169.0 2242.0857 
2380000 7359 356.89 305546.0 47.0 4.1659 2453 4793551.0 2485.8455 
2390000 7386 363.665 306736.0 46.191 4.2405 2462 4811014.0 2203.3337 
2400000 7412 377.649 307987.0 48.131 4.4009 2470 4831168.0 2334.2644 
2410000 7437 380.546 309345.0 49.184 4.4334 2479 4851843.0 2342.7754 
2420000 7464 373.134 310664.0 48.02 4.3471 2488 4876116.0 2378.2981 
2430000 7489 391.764 311896.0 50.727 4.564 2496 4896601.0 2602.4164 
2440000 7517 375.079 313182.0 48.784 4.3709 2505 4916923.0 2393.4546 
2450000 7549 348.047 314527.0 46.068 4.0687 2516 4936621.0 1975.2681 
2460000 7577 350.041 315805.0 45.486 4.0957 2525 4957863.0 2193.6433 
2470000 7597 398.486 316818.0 47.314 4.6547 2532 4974623.0 2350.5133 
2480000 7623 392.159 318116.0 48.231 4.575 2541 4994187.0 2347.2614 
2490000 7650 376.381 319642.0 49.865 4.3927 2550 5017130.0 2405.3073 
2500000 7677 373.549 320951.0 49.195 4.3673 2559 5037413.0 2334.7937 
2510000 7707 362.75 322170.0 46.5 4.2454 2569 5056063.0 2096.505 
2520000 7735 360.736 323527.0 47.312 4.228 2578 5077985.0 2164.1327 
2530000 7764 354.323 324871.0 46.875 4.1523 2588 5097366.0 2134.7632 
2540000 7792 353.584 326255.0 47.755 4.1435 2597 5119168.0 2170.6182 
2550000 7819 361.887 327568.0 48.527 4.2408 2606 5140051.0 2270.4012 
2560000 7849 349.603 328800.0 45.465 4.0969 2616 5158691.0 2052.3832 
2570000 7876 359.386 330037.0 46.06 4.2122 2625 5176564.0 1924.9969 
2580000 7902 368.631 331268.0 45.5 4.3204 2634 5198028.0 2333.0821 
2590000 7928 375.057 332524.0 47.527 4.3955 2642 5216842.0 2253.9751 
2600000 7958 358.754 333932.0 47.361 4.2043 2652 5239032.0 2207.8372 
2610000 7986 348.06 335255.0 45.394 4.0781 2662 5261204.0 2191.1005 
2620000 8014 354.43 336582.0 47.203 4.1536 2671 5280496.0 2153.5123 
2630000 8042 355.014 337836.0 46.731 4.1592 2680 5299088.0 2107.9138 
2640000 8065 389.148 339026.0 48.594 4.5587 2688 5316805.0 2084.8672 
2650000 8091 392.885 340388.0 50.643 4.6024 2697 5337349.0 2436.1022 
2660000 8113 415.0 341562.0 51.455 4.8621 2704 5355847.0 2299.4729 
2670000 8139 395.19 342834.0 48.671 4.6304 2713 5373331.0 2140.4074 
2680000 8163 403.588 343899.0 48.446 4.7281 2721 5388677.0 2116.6231 
2690000 8191 383.501 345250.0 48.368 4.4934 2730 5408519.0 2020.5127 
2700000 8218 378.552 346550.0 48.652 4.4352 2739 5428072.0 2109.928 
2710000 8244 377.245 347921.0 49.15 4.4254 2748 5450216.0 2376.8949 
2720000 8271 370.29 349227.0 48.066 4.3417 2757 5470439.0 2255.499 
2730000 8298 375.677 350376.0 47.216 4.4031 2766 5491152.0 2429.5107 
2740000 8328 357.072 351729.0 46.003 4.1846 2776 5511232.0 2181.3646 
2750000 8359 339.981 353127.0 45.359 3.9789 2786 5532871.0 2066.5308 
2760000 8388 333.116 354576.0 45.34 3.8896 2796 5557642.0 2235.0942 
2770000 8411 376.59 355635.0 47.411 4.391 2803 5575359.0 2372.7172 
2780000 8435 389.163 356782.0 47.8 4.5347 2811 5592655.0 2277.3658 
2790000 8457 416.723 357808.0 46.98 4.854 2819 5609203.0 2291.9017 
2800000 8482 412.692 359080.0 48.764 4.806 2827 5629148.0 2267.367 
2810000 8509 396.397 360397.0 49.002 4.6155 2836 5649941.0 2318.8276 
2820000 8536 383.589 361750.0 49.832 4.4656 2845 5672604.0 2393.1492 
2830000 8562 375.73 362997.0 47.363 4.3739 2854 5692478.0 2284.2215 
2840000 8592 359.778 364366.0 46.884 4.1886 2864 5717348.0 2508.5802 
2850000 8620 358.124 365800.0 49.308 4.1695 2873 5740160.0 2391.1321 
2860000 8642 379.805 366903.0 49.589 4.4209 2880 5758088.0 2446.4098 
2870000 8667 392.172 368259.0 50.312 4.5744 2889 5780523.0 2519.9963 
2880000 8694 380.685 369579.0 49.681 4.4505 2898 5801536.0 2469.9901 
2890000 8721 378.516 370928.0 49.668 4.4294 2907 5822469.0 2384.4311 
2900000 8745 393.444 372150.0 49.365 4.6062 2915 5843675.0 2401.0819 
2910000 8775 367.297 373537.0 48.736 4.3019 2925 5866275.0 2447.5043 
2920000 8805 351.876 374919.0 47.492 4.1216 2935 5890215.0 2439.6026 
2930000 8831 366.375 376200.0 48.181 4.2913 2943 5910739.0 2335.7762 
2940000 8851 414.867 377221.0 49.284 4.8523 2950 5930649.0 2608.6714 
2950000 8879 385.053 378518.0 47.707 4.4955 2959 5952821.0 2483.5843 
2960000 8907 372.792 379805.0 46.975 4.3475 2969 5973443.0 2327.6928 
2970000 8937 352.828 381207.0 46.503 4.1116 2979 5996903.0 2348.3329 
2980000 8967 344.897 382580.0 45.799 4.0173 2989 6018713.0 2220.6984 
2990000 8991 366.362 383803.0 46.533 4.2684 2997 6037319.0 2255.0705 
3000000 9018 368.814 385068.0 46.191 4.3073 3006 6057282.0 2218.7743 
3010000 9048 352.25 386442.0 45.891 4.12 3016 6081792.0 2315.6879 
3020000 9079 343.62 387852.0 46.589 4.0223 3026 6104101.0 2271.6249 
3030000 9108 340.74 389216.0 45.981 3.9904 3036 6128402.0 2445.4259 
3040000 9135 355.51 390498.0 46.918 4.1644 3045 6150225.0 2485.7648 
3050000 9160 373.65 391849.0 49.939 4.3776 3053 6171430.0 2415.0429 
3060000 9192 344.975 393289.0 47.67 4.0423 3064 6192958.0 2222.5469 
3070000 9222 334.841 394732.0 46.668 3.9231 3074 6216328.0 2165.1772 
3080000 9251 343.458 396063.0 47.237 4.0244 3083 6236739.0 2158.1327 
3090000 9279 342.546 397398.0 45.728 4.0141 3093 6258661.0 2200.7102 
3100000 9303 371.338 398562.0 46.518 4.3507 3101 6276877.0 2292.2739 
3110000 9333 353.632 399953.0 46.114 4.1431 3111 6297597.0 2195.0045 
3120000 9361 357.544 401270.0 47.671 4.1887 3120 6319039.0 2188.0202 
3130000 9387 363.828 402530.0 46.637 4.2623 3129 6339343.0 2321.6026 
3140000 9414 366.839 403801.0 46.92 4.2982 3138 6357346.0 2110.8978 
3150000 9442 358.784 405131.0 46.969 4.2043 3147 6378068.0 2233.5553 
3160000 9472 348.798 406432.0 45.759 4.0873 3157 6398358.0 2119.4549 
3170000 9498 357.296 407732.0 45.906 4.1869 3166 6419972.0 2221.2588 
3180000 9528 348.994 409098.0 45.964 4.0903 3176 6440162.0 2144.8726 
3190000 9552 360.769 410331.0 46.547 4.2282 3184 6457168.0 2027.1319 
3200000 9582 355.811 411629.0 46.259 4.1701 3194 6478078.0 2175.8535 
3210000 9609 362.217 412897.0 46.301 4.2442 3203 6499571.0 2284.9399 
3220000 9634 371.813 414166.0 47.983 4.3561 3211 6519686.0 2329.2395 
3230000 9666 342.909 415618.0 46.737 4.0179 3222 6543144.0 2290.5729 
3240000 9694 348.114 416977.0 47.388 4.0781 3231 6565916.0 2386.4664 
3250000 9720 364.353 418198.0 47.024 4.2687 3240 6585440.0 2317.7819 
3260000 9747 365.974 419452.0 46.305 4.2871 3249 6607283.0 2340.0933 
3270000 9777 351.896 420818.0 46.259 4.1224 3259 6627963.0 2183.7766 
3280000 9801 371.68 422078.0 47.498 4.3536 3267 6648949.0 2374.2071 
3290000 9832 350.367 423454.0 46.556 4.1044 3277 6669778.0 2134.867 
3300000 9859 356.514 424890.0 49.439 4.1765 3286 6694241.0 2408.0022 
3310000 9890 339.639 426166.0 45.497 3.979 3296 6713400.0 2113.407 
3320000 9921 329.472 427565.0 44.859 3.8598 3307 6739269.0 2357.8027 
3330000 9945 361.533 428826.0 47.635 4.2353 3315 6759735.0 2511.4872 
3340000 9975 339.434 430260.0 45.753 3.9769 3325 6786795.0 2484.3212 
3350000 10003 353.071 431564.0 48.061 4.1362 3334 6806477.0 2304.515 
3360000 10032 347.853 432883.0 46.205 4.0752 3344 6830688.0 2435.4393 
3370000 10060 355.751 434257.0 48.248 4.1676 3353 6853470.0 2449.2582 
3380000 10089 352.553 435509.0 46.262 4.1299 3363 6873231.0 2329.1355 
3390000 10116 350.763 436921.0 46.65 4.1098 3372 6895924.0 2307.7868 
3400000 10142 366.191 438228.0 48.972 4.29 3380 6914498.0 2302.4764 
3410000 10170 355.949 439637.0 47.61 4.1642 3390 6936460.0 2230.1551 
3420000 10197 363.65 440914.0 47.245 4.2452 3399 6957623.0 2308.9103 
3430000 10225 368.099 442122.0 47.427 4.2921 3408 6975955.0 2092.6388 
3440000 10249 383.36 443288.0 48.007 4.4664 3416 6994541.0 2181.3049 
3450000 10278 370.53 444585.0 46.28 4.3159 3426 7016952.0 2411.6024 
3460000 10308 348.132 445990.0 45.525 4.0583 3436 7039072.0 2239.2116 
3470000 10339 341.734 447424.0 47.332 3.9807 3446 7061401.0 2179.371 
3480000 10369 339.521 448822.0 47.429 3.9571 3456 7084551.0 2223.8077 
3490000 10395 354.037 450079.0 46.429 4.1291 3465 7102825.0 2176.6411 
3500000 10422 371.456 451172.0 45.253 4.3285 3474 7124768.0 2463.0232 
3510000 10446 374.317 452573.0 47.581 4.3602 3482 7148564.0 2530.2959 
3520000 10473 373.553 453832.0 47.025 4.3545 3491 7171717.0 2498.6957 
3530000 10500 377.127 455061.0 47.191 4.4024 3500 7191350.0 2428.8944 
3540000 10529 365.214 456440.0 47.976 4.2703 3509 7213021.0 2290.7469 
3550000 10555 374.153 457728.0 48.728 4.3793 3518 7233895.0 2302.1005 
3560000 10584 350.407 459134.0 46.532 4.1035 3528 7257596.0 2358.3485 
3570000 10617 335.825 460447.0 44.656 3.9341 3539 7279723.0 2241.2068 
3580000 10647 329.444 461843.0 44.314 3.8604 3549 7303133.0 2194.2468 
3590000 10677 332.974 463165.0 44.654 3.8956 3559 7323993.0 2216.9638 
3600000 10707 329.793 464570.0 45.041 3.8502 3569 7345793.0 2162.4203 
3610000 10737 332.437 465980.0 45.913 3.8821 3579 7370703.0 2399.2282 
3620000 10768 329.908 467429.0 46.876 3.8581 3589 7393792.0 2319.8804 
3630000 10795 349.275 468858.0 49.9 4.0885 3598 7416815.0 2455.7663 
3640000 10824 338.636 470268.0 47.386 3.9656 3608 7438666.0 2281.3879 
3650000 10854 337.709 471635.0 46.725 3.9568 3618 7462436.0 2412.0404 
3660000 10881 356.871 472842.0 46.985 4.1817 3627 7482119.0 2353.8536 
3670000 10911 340.327 474341.0 47.061 3.9778 3637 7506169.0 2296.8713 
3680000 10938 355.25 475634.0 47.416 4.1448 3646 7527452.0 2377.6156 
3690000 10965 360.94 476945.0 47.732 4.2068 3655 7547975.0 2330.2734 
3700000 10995 348.553 478232.0 45.597 4.0606 3665 7567665.0 2089.8065 
3710000 11023 347.848 479605.0 46.497 4.0506 3674 7591527.0 2272.877 
3720000 11055 334.449 481002.0 45.562 3.8943 3685 7617875.0 2468.7792 
3730000 11082 349.93 482285.0 46.179 4.0834 3694 7638098.0 2344.378 
3740000 11113 337.309 483724.0 46.054 3.9431 3704 7662407.0 2334.0381 
3750000 11142 341.704 485081.0 46.425 3.9986 3714 7689248.0 2760.1059 
3760000 11170 347.638 486463.0 47.606 4.0699 3723 7709120.0 2303.964 
3770000 11199 340.972 487908.0 47.251 3.9932 3733 7733421.0 2421.0698 
3780000 11225 363.132 489102.0 48.092 4.2525 3741 7752175.0 2356.1176 
3790000 11250 372.292 490310.0 47.548 4.3596 3750 7770650.0 2278.2964 
3800000 11276 375.072 491580.0 48.485 4.392 3758 7790424.0 2223.1911 
3810000 11304 365.466 492869.0 46.124 4.2802 3768 7810116.0 2120.6648 
3820000 11334 344.418 494151.0 43.46 4.0346 3778 7828796.0 1852.593 
3830000 11364 336.506 495498.0 43.413 3.9419 3788 7849876.0 1988.2706 
3840000 11393 344.679 496803.0 45.516 4.037 3797 7871147.0 2191.3041 
3850000 11421 348.062 498299.0 47.848 4.0772 3807 7894359.0 2357.8223 
3860000 11448 357.77 499599.0 47.689 4.1908 3816 7916892.0 2454.9187 
3870000 11476 364.078 500900.0 48.796 4.2643 3825 7938454.0 2393.2618 
3880000 11503 367.965 502236.0 49.26 4.3098 3834 7959117.0 2284.0063 
3890000 11526 394.648 503406.0 49.9 4.6222 3842 7977804.0 2497.9255 
3900000 11551 395.917 504793.0 51.727 4.637 3850 7999369.0 2446.1717 
3910000 11577 393.206 506100.0 51.435 4.6058 3859 8021163.0 2621.6768 
3920000 11601 398.263 507441.0 52.409 4.6644 3867 8043479.0 2721.5279 
3930000 11627 393.694 508860.0 53.515 4.6117 3875 8065733.0 2615.0644 
3940000 11655 371.753 510271.0 50.623 4.3557 3885 8089255.0 2495.6348 
3950000 11685 351.267 511724.0 48.829 4.1054 3895 8111925.0 2325.7669 
3960000 11715 346.732 513087.0 47.972 4.045 3905 8133215.0 2283.6001 
3970000 11745 339.777 514513.0 47.418 3.9601 3915 8157375.0 2342.4515 
3980000 11772 352.539 515715.0 46.375 4.1065 3924 8174938.0 2106.1608 
3990000 11799 350.694 517089.0 46.611 4.0842 3933 8199331.0 2325.7395 
4000000 11827 353.812 518457.0 48.411 4.1194 3942 8224143.0 2528.5354 
4010000 11854 364.727 519843.0 50.459 4.2459 3951 8244956.0 2422.8575 
4020000 11881 367.712 521145.0 49.804 4.2803 3960 8264559.0 2357.5016 
4030000 11908 363.292 522420.0 48.096 4.2282 3969 8285342.0 2300.8113 
4040000 11937 358.852 523743.0 47.646 4.1764 3979 8306653.0 2325.7419 
4050000 11964 356.416 525154.0 47.705 4.1499 3988 8331656.0 2444.4883 
4060000 11990 365.62 526404.0 48.817 4.2675 3996 8352060.0 2475.6599 
4070000 12016 376.518 527810.0 51.078 4.4003 4005 8375934.0 2565.1496 
4080000 12043 378.256 529245.0 51.974 4.4243 4014 8398657.0 2487.0356 
4090000 12069 378.364 530436.0 49.186 4.4271 4023 8417401.0 2353.4893 
4100000 12099 359.493 531764.0 46.976 4.2051 4033 8438691.0 2257.1324 
4110000 12128 354.399 533156.0 47.454 4.1366 4042 8460412.0 2211.3659 
4120000 12151 381.347 534485.0 51.118 4.4456 4050 8480749.0 2427.7582 
4130000 12179 372.901 535795.0 49.6 4.3439 4059 8502641.0 2439.6438 
4140000 12204 373.542 537104.0 48.439 4.3494 4068 8522596.0 2303.4393 
4150000 12231 375.482 538372.0 48.231 4.3721 4077 8541529.0 2270.9493 
4160000 12256 388.61 539684.0 51.175 4.5352 4085 8560384.0 2273.8719 
4170000 12280 396.678 540990.0 52.223 4.6347 4093 8580280.0 2382.9349 
4180000 12311 363.419 542403.0 49.556 4.2494 4103 8603949.0 2307.915 
4190000 12336 374.686 543779.0 50.735 4.384 4112 8624894.0 2483.4254 
4200000 12366 355.015 545229.0 49.352 4.1549 4122 8648074.0 2346.1097 
4210000 12391 375.478 546454.0 50.003 4.3949 4130 8669359.0 2381.1801 
4220000 12417 369.814 547754.0 47.969 4.3292 4139 8690323.0 2367.8646 
4230000 12444 365.846 549057.0 47.666 4.2831 4148 8710366.0 2284.5293 
4240000 12477 342.798 550394.0 45.61 4.0135 4159 8731263.0 2140.061 
4250000 12505 348.692 551780.0 47.407 4.0822 4168 8753905.0 2183.0573 
4260000 12534 341.034 553127.0 45.987 3.9928 4178 8775016.0 2177.5082 
4270000 12561 357.281 554339.0 45.939 4.1832 4187 8794959.0 2333.257 
4280000 12588 353.078 555802.0 47.101 4.1344 4196 8815752.0 2156.7726 
4290000 12618 346.35 557158.0 46.361 4.0554 4206 8835812.0 2142.8748 
4300000 12645 356.416 558512.0 48.241 4.1725 4215 8856965.0 2285.9341 
4310000 12672 361.557 559858.0 49.109 4.2325 4224 8878728.0 2399.2529 
4320000 12697 373.166 561150.0 49.765 4.3675 4232 8900453.0 2458.2386 
4330000 12723 367.98 562564.0 49.603 4.3078 4241 8921647.0 2381.1234 
4340000 12754 355.882 563917.0 48.361 4.168 4251 8941516.0 2173.4831 
4350000 12780 359.875 565212.0 47.337 4.2147 4260 8963760.0 2312.8837 
4360000 12807 364.68 566520.0 47.459 4.2704 4269 8985053.0 2286.4416 
4370000 12834 366.66 567872.0 48.492 4.2926 4278 9004366.0 2260.0777 
4380000 12858 375.74 569124.0 48.344 4.3986 4286 9026172.0 2453.3005 
4390000 12885 382.358 570262.0 47.632 4.4755 4295 9045845.0 2431.0992 
4400000 12911 384.051 571560.0 48.408 4.4954 4303 9066939.0 2381.9286 
4410000 12936 380.903 572852.0 47.521 4.4588 4312 9085284.0 2203.6977 
4420000 12969 344.623 574305.0 46.059 4.0347 4323 9107831.0 2152.7807 
4430000 12997 347.278 575654.0 47.269 4.0657 4332 9130573.0 2217.8387 
4440000 13026 354.744 577030.0 47.93 4.1528 4342 9153704.0 2427.484 
4450000 13053 360.404 578365.0 48.221 4.2187 4351 9175097.0 2423.3639 
4460000 13079 373.636 579776.0 51.0 4.3733 4359 9198351.0 2612.3765 
4470000 13105 368.627 581054.0 48.387 4.3106 4368 9217425.0 2396.0864 
4480000 13134 365.557 582317.0 47.442 4.2747 4378 9239156.0 2384.883 
4490000 13159 375.64 583637.0 49.375 4.3941 4386 9263951.0 2553.2209 
4500000 13188 360.811 584928.0 47.183 4.2212 4396 9285622.0 2462.5033 
4510000 13216 355.797 586309.0 47.372 4.1638 4405 9307774.0 2331.9614 
4520000 13247 342.627 587608.0 45.229 4.0101 4415 9329593.0 2179.5034 
4530000 13273 356.591 588979.0 47.706 4.1743 4424 9351207.0 2280.1819 
4540000 13298 366.854 590132.0 47.376 4.2946 4432 9371992.0 2392.2854 
4550000 13326 367.306 591460.0 47.285 4.3004 4442 9396754.0 2621.617 
4560000 13355 358.909 592891.0 48.167 4.2021 4451 9419005.0 2425.2339 
4570000 13384 353.837 594267.0 47.945 4.1417 4461 9439866.0 2136.8341 
4580000 13412 353.891 595575.0 47.681 4.1424 4470 9461108.0 2247.7118 
4590000 13436 377.299 596760.0 48.376 4.4163 4478 9479244.0 2262.4706 
4600000 13463 371.83 598077.0 48.381 4.3519 4487 9499337.0 2265.6096 
4610000 13491 359.621 599488.0 47.607 4.2096 4497 9520409.0 2168.2737 
4620000 13515 387.808 600596.0 47.871 4.5315 4505 9536965.0 2183.1178 
4630000 13544 367.122 601964.0 47.681 4.2817 4514 9558576.0 2247.2779 
4640000 13573 356.761 603379.0 48.094 4.1568 4524 9579557.0 2111.8821 
4650000 13602 349.915 604760.0 47.833 4.0736 4534 9602238.0 2368.8157 
4660000 13629 355.749 606074.0 47.436 4.1403 4543 9623141.0 2291.6963 
4670000 13656 360.605 607380.0 47.579 4.1962 4552 9645114.0 2434.8689 
4680000 13681 372.377 608776.0 50.74 4.3327 4560 9670289.0 2696.2232 
4690000 13707 379.207 609966.0 48.51 4.4117 4569 9688243.0 2393.0688 
4700000 13734 376.98 611296.0 48.484 4.3858 4578 9708896.0 2340.4664 
4710000 13763 358.749 612675.0 47.841 4.1753 4587 9728007.0 2109.6211 
4720000 13791 356.048 613972.0 46.449 4.1543 4597 9748089.0 2056.6219 
4730000 13816 378.042 615183.0 48.116 4.4177 4605 9767154.0 2167.9827 
4740000 13845 357.969 616553.0 46.408 4.1867 4615 9788745.0 2235.1216 
4750000 13871 370.286 617779.0 47.961 4.3327 4623 9808319.0 2218.1079 
4760000 13898 372.847 619049.0 47.767 4.3636 4632 9828712.0 2297.6472 
4770000 13923 374.694 620430.0 48.81 4.3854 4641 9850257.0 2282.7952 
4780000 13947 390.928 621536.0 48.37 4.5757 4649 9868733.0 2421.6085 
4790000 13971 397.165 622812.0 48.998 4.6482 4657 9891989.0 2554.7115 
4800000 13998 381.972 624083.0 47.63 4.4704 4666 9913182.0 2342.8056 
4810000 14027 374.655 625361.0 47.909 4.3848 4675 9932413.0 2208.3267 
4820000 14056 361.747 626775.0 48.361 4.2345 4685 9954014.0 2215.8975 
4830000 14084 359.359 628094.0 48.036 4.2063 4694 9974346.0 2191.6714 
4840000 14115 340.654 629431.0 45.106 3.9868 4705 9996685.0 2258.687 
4850000 14141 359.775 630710.0 47.025 4.2112 4713 10017759.0 2345.002 
4860000 14166 366.371 631967.0 45.988 4.2887 4722 10038294.0 2340.8955 
4870000 14193 371.041 633254.0 47.107 4.3431 4731 10057617.0 2268.3597 
4880000 14218 385.915 634470.0 49.04 4.5171 4739 10079442.0 2465.0225 
4890000 14244 381.613 635738.0 47.385 4.4664 4748 10101836.0 2409.9037 
4900000 14271 376.961 636985.0 47.106 4.4114 4757 10120959.0 2385.6025 
4910000 14299 364.076 638215.0 45.734 4.261 4766 10140731.0 2152.9019 
4920000 14322 389.577 639323.0 45.181 4.5586 4774 10158128.0 2103.3204 
4930000 14352 368.749 640729.0 46.223 4.32 4784 10184128.0 2584.8846 
4940000 14376 385.945 641869.0 46.963 4.5193 4792 10200804.0 2328.8228 
4950000 14402 379.806 643129.0 48.205 4.4357 4800 10220458.0 2325.4625 
4960000 14427 384.39 644442.0 48.863 4.4817 4809 10240073.0 2285.7886 
4970000 14451 386.785 645776.0 49.674 4.5054 4817 10265269.0 2625.8372 
4980000 14482 367.143 647111.0 48.74 4.274 4827 10290378.0 2593.3938 
4990000 14510 358.144 648353.0 46.72 4.1679 4836 10310270.0 2239.6831 
5000000 14538 354.066 649757.0 46.659 4.1201 4846 10331772.0 2326.6717 
5010000 14567 353.438 651092.0 47.611 4.1181 4855 10353803.0 2286.6094 
5020000 14597 342.002 652451.0 46.559 3.9927 4865 10375113.0 2193.3713 
5030000 14622 362.637 653739.0 48.213 4.2386 4874 10395398.0 2392.6092 
5040000 14648 367.603 655124.0 50.052 4.2984 4882 10421072.0 2654.2697 
5050000 14676 360.697 656472.0 48.383 4.219 4892 10442014.0 2444.0045 
5060000 14703 365.705 657740.0 48.125 4.2812 4901 10461777.0 2305.2936 
5070000 14731 360.162 659169.0 49.312 4.216 4910 10484189.0 2293.3989 
5080000 14760 346.417 660464.0 45.867 4.0548 4920 10505410.0 2272.9897 
5090000 14789 351.893 661809.0 47.586 4.1188 4929 10528531.0 2397.5795 
5100000 14817 349.48 663146.0 46.437 4.0909 4939 10549083.0 2177.7848 
5110000 14844 360.505 664440.0 46.875 4.2198 4948 10569386.0 2282.5967 
5120000 14869 379.721 665668.0 48.699 4.4446 4956 10589141.0 2357.5337 
5130000 14899 358.331 667086.0 48.299 4.1945 4966 10609501.0 2075.9365 
5140000 14928 344.998 668501.0 46.633 4.0359 4976 10631672.0 2216.1223 
5150000 14956 357.639 669755.0 47.752 4.1784 4985 10651904.0 2262.975 
5160000 14986 348.287 671172.0 47.74 4.0724 4995 10674954.0 2255.613 
5170000 15015 340.345 672555.0 46.334 3.9816 5005 10701795.0 2582.5801 
5180000 15045 333.908 673994.0 46.346 3.9071 5015 10725295.0 2401.2251 
5190000 15075 339.449 675203.0 45.017 3.9746 5025 10746615.0 2407.5537 
5200000 15103 348.301 676605.0 47.262 4.0775 5034 10766827.0 2184.767 
5210000 15131 353.194 677905.0 47.16 4.1315 5043 10786079.0 2147.8748 
5220000 15159 343.601 679318.0 46.478 4.0096 5053 10812741.0 2530.147 
5230000 15189 343.805 680686.0 47.154 4.0051 5063 10835281.0 2468.8339 
5240000 15219 334.604 682172.0 46.82 3.8949 5073 10858701.0 2341.0023 
5250000 15247 349.962 683507.0 48.645 4.0716 5082 10879493.0 2317.4167 
5260000 15279 327.687 684885.0 45.147 3.8115 5093 10903791.0 2287.2809 
5270000 15307 341.064 686191.0 46.313 3.9667 5102 10925543.0 2213.3285 
5280000 15337 341.65 687544.0 46.288 3.9735 5112 10950073.0 2486.0178 
5290000 15365 348.822 688887.0 47.187 4.0563 5121 10971825.0 2405.3221 
5300000 15391 365.297 690264.0 49.958 4.248 5130 10995949.0 2559.525 
5310000 15420 349.084 691637.0 46.912 4.06 5140 11017160.0 2262.605 
5320000 15448 357.312 693065.0 50.104 4.1561 5149 11038372.0 2333.6875 
5330000 15474 367.964 694377.0 50.119 4.2791 5158 11059096.0 2438.4847 
5340000 15498 378.986 695570.0 48.49 4.407 5166 11076332.0 2191.3283 
5350000 15528 354.452 696976.0 46.847 4.1273 5176 11099632.0 2194.0385 
5360000 15558 340.372 698372.0 45.952 3.971 5186 11121912.0 2211.5519 
5370000 15585 358.475 699600.0 46.877 4.1876 5195 11143235.0 2402.0961 
5380000 15614 355.209 700971.0 47.782 4.1521 5204 11165136.0 2304.237 
5390000 15641 360.153 702274.0 47.937 4.2117 5213 11186199.0 2334.3219 
5400000 15669 356.74 703630.0 47.314 4.173 5223 11207981.0 2358.0641 
5410000 15699 348.145 705029.0 47.059 4.0734 5233 11229591.0 2268.8234 
5420000 15728 346.567 706450.0 48.107 4.0546 5242 11253792.0 2362.1751 
5430000 15754 358.214 707754.0 49.074 4.191 5251 11277156.0 2339.7111 
5440000 15780 363.982 709040.0 47.359 4.2499 5260 11298790.0 2439.8085 
5450000 15804 389.262 710116.0 47.154 4.5466 5268 11315846.0 2368.9601 
5460000 15833 371.789 711567.0 48.857 4.3435 5277 11338927.0 2431.743 
5470000 15858 374.816 713014.0 50.386 4.3697 5286 11361912.0 2456.7194 
5480000 15882 384.288 714369.0 51.46 4.475 5294 11382948.0 2525.8345 
5490000 15915 352.864 715730.0 48.357 4.1176 5305 11404965.0 2323.9067 
5500000 15942 358.688 717189.0 50.31 4.1917 5314 11428078.0 2461.5047 
5510000 15972 342.53 718630.0 48.407 4.0056 5324 11450428.0 2311.7368 
5520000 15999 349.162 720051.0 48.459 4.0845 5333 11474291.0 2418.2235 
5530000 16026 360.911 721395.0 49.961 4.2226 5342 11494334.0 2385.3059 
5540000 16053 367.121 722792.0 50.91 4.2934 5351 11515697.0 2434.9583 
5550000 16081 363.611 724242.0 51.292 4.254 5360 11538359.0 2335.522 
5560000 16112 341.863 725679.0 48.717 3.991 5370 11561238.0 2344.4786 
5570000 16136 357.003 726966.0 50.955 4.161 5378 11582644.0 2538.6975 
5580000 16164 363.639 728309.0 48.98 4.2338 5388 11603136.0 2333.357 
5590000 16190 371.08 729609.0 49.619 4.3184 5396 11626870.0 2520.4943 
5600000 16218 362.355 731049.0 49.337 4.2156 5406 11649242.0 2415.0413 
5610000 16247 357.061 732427.0 49.308 4.1533 5415 11671033.0 2296.1073 
5620000 16275 353.297 733778.0 47.857 4.1095 5425 11693255.0 2345.2667 
5630000 16308 330.297 735220.0 46.32 3.8442 5436 11715252.0 2182.539 
5640000 16337 338.839 736609.0 46.957 3.9532 5445 11737923.0 2309.0794 
5650000 16365 337.908 738008.0 46.241 3.9471 5455 11759995.0 2267.3698 
5660000 16395 337.964 739402.0 46.824 3.9512 5465 11779515.0 2111.4809 
5670000 16423 339.502 740792.0 47.452 3.9712 5474 11801657.0 2213.6966 
5680000 16452 349.721 742086.0 47.017 4.0914 5484 11822238.0 2253.6555 
5690000 16480 352.864 743540.0 48.874 4.1284 5493 11846460.0 2428.8561 
5700000 16509 345.996 744847.0 45.685 4.0503 5503 11865051.0 2059.4015 
5710000 16538 349.396 746164.0 47.299 4.0886 5512 11886072.0 2211.0201 
5720000 16565 356.989 747461.0 47.561 4.177 5521 11907455.0 2203.9344 
5730000 16590 372.018 748818.0 49.496 4.355 5530 11929340.0 2511.8133 
5740000 16614 394.779 750207.0 53.317 4.6198 5538 11956096.0 3077.0876 
5750000 16643 376.325 751538.0 50.687 4.4105 5547 11977587.0 2594.6991 
5760000 16671 361.614 752850.0 47.63 4.2356 5557 11998709.0 2357.0966 
5770000 16701 343.359 754280.0 46.732 4.021 5567 12020179.0 2133.74 
5780000 16729 356.715 755585.0 48.484 4.1757 5576 12043621.0 2377.9963 
5790000 16756 358.204 756903.0 47.545 4.1917 5585 12066584.0 2515.3655 
5800000 16781 376.16 758098.0 48.564 4.4014 5593 12086309.0 2486.3175 
5810000 16812 352.864 759519.0 46.817 4.1293 5604 12109598.0 2369.3008 
5820000 16836 365.457 760796.0 47.213 4.2759 5612 12130484.0 2346.2808 
5830000 16865 367.738 762223.0 49.701 4.3128 5621 12156345.0 2730.0665 
5840000 16893 351.765 763670.0 48.317 4.1229 5631 12175997.0 2208.4557 
5850000 16926 333.926 764998.0 45.797 3.9103 5642 12197074.0 2093.3024 
5860000 16955 335.03 766380.0 46.432 3.9229 5651 12217345.0 2025.6527 
5870000 16986 329.751 767836.0 46.259 3.8596 5662 12239564.0 2152.8313 
5880000 17016 321.91 769309.0 45.555 3.7667 5672 12263464.0 2173.8877 
5890000 17046 334.272 770638.0 46.399 3.9114 5682 12286004.0 2312.4779 
5900000 17071 361.524 771947.0 48.965 4.2295 5690 12306579.0 2320.1585 
5910000 17100 352.057 773245.0 46.98 4.1189 5700 12326260.0 2216.0361 
5920000 17127 349.557 774622.0 46.541 4.0899 5709 12349373.0 2317.835 
5930000 17154 358.276 775926.0 46.998 4.192 5718 12373496.0 2570.6102 
5940000 17184 345.441 777330.0 46.652 4.0423 5728 12396326.0 2385.0932 
5950000 17213 348.379 778643.0 47.354 4.0772 5737 12416767.0 2234.2103 
5960000 17245 325.106 780118.0 45.85 3.8044 5748 12439715.0 1976.9312 
5970000 17271 353.539 781426.0 47.444 4.1418 5757 12460559.0 2321.0187 
5980000 17296 371.449 782664.0 49.271 4.3492 5765 12479084.0 2225.1311 
5990000 17322 369.583 784014.0 48.606 4.3261 5774 12499528.0 2275.5901 
6000000 17349 369.364 785401.0 49.519 4.3231 5783 12521311.0 2364.3396 
6010000 17378 362.983 786758.0 49.894 4.2485 5792 12544702.0 2436.2028 
6020000 17406 352.371 788146.0 47.658 4.125 5802 12565104.0 2191.3101 
6030000 17433 361.672 789381.0 47.778 4.238 5811 12583857.0 2230.1256 
6040000 17463 342.616 790858.0 47.081 4.014 5821 12607617.0 2241.3703 
6050000 17489 361.757 792208.0 50.298 4.2362 5829 12629661.0 2451.9939 
6060000 17515 356.828 793653.0 50.18 4.1764 5838 12654105.0 2518.8011 
6070000 17547 345.54 794978.0 47.437 4.045 5849 12672953.0 2166.7449 
6080000 17577 343.284 796272.0 45.901 4.0181 5859 12692933.0 2142.7686 
6090000 17607 332.624 797712.0 45.184 3.8939 5869 12714953.0 2057.5251 
6100000 17632 363.588 799117.0 50.527 4.2556 5877 12738748.0 2707.4064 
6110000 17660 364.11 800452.0 49.574 4.2617 5886 12758190.0 2256.7041 
6120000 17688 356.884 801770.0 47.807 4.1762 5896 12780212.0 2346.0349 
6130000 17717 351.933 803198.0 48.582 4.1187 5905 12800933.0 2189.6477 
6140000 17746 345.971 804602.0 48.474 4.049 5915 12825444.0 2344.2195 
6150000 17775 340.573 806019.0 46.984 3.9866 5925 12848795.0 2349.1815 
6160000 17802 359.516 807178.0 46.462 4.2083 5934 12867358.0 2274.2898 
6170000 17826 377.005 808410.0 47.148 4.4139 5942 12887494.0 2369.843 
6180000 17850 391.737 809773.0 51.229 4.5856 5950 12908000.0 2476.0814 
6190000 17878 377.849 811175.0 51.05 4.4214 5959 12929552.0 2278.8156 
6200000 17905 379.939 812463.0 50.262 4.4467 5968 12951635.0 2453.5177 
6210000 17939 336.004 813833.0 45.111 3.9323 5979 12974761.0 2062.4411 
6220000 17967 338.424 815210.0 45.526 3.9605 5989 12995433.0 2131.4191 
6230000 17995 348.486 816555.0 47.644 4.0788 5998 13015045.0 2120.6439 
6240000 18024 344.275 817962.0 46.894 4.0234 6008 13037176.0 2212.3136 
6250000 18053 350.373 819230.0 46.625 4.0946 6017 13058127.0 2226.8825 
6260000 18079 370.076 820527.0 48.38 4.3281 6026 13078471.0 2312.6594 
6270000 18105 370.368 821774.0 47.22 4.3321 6035 13098035.0 2290.7135 
6280000 18133 368.878 823103.0 48.381 4.3157 6044 13116397.0 2053.5269 
6290000 18160 365.768 824457.0 49.228 4.2793 6053 13141640.0 2485.2989 
6300000 18186 370.525 825750.0 47.973 4.3378 6062 13163294.0 2451.2451 
6310000 18214 375.347 827190.0 51.736 4.3933 6071 13185076.0 2478.2494 
6320000 18243 353.353 828586.0 48.216 4.1354 6081 13209637.0 2486.2144 
6330000 18274 344.106 830027.0 49.053 4.0268 6091 13232996.0 2350.2479 
6340000 18300 355.084 831314.0 47.735 4.1553 6100 13254180.0 2362.624 
6350000 18330 347.815 832641.0 47.266 4.0705 6110 13277060.0 2482.1094 
6360000 18357 350.991 833995.0 47.121 4.1072 6119 13298913.0 2403.2731 
6370000 18384 360.465 835241.0 46.896 4.2178 6128 13317516.0 2248.7371 
6380000 18414 348.953 836645.0 47.221 4.0875 6138 13341566.0 2392.0327 
6390000 18443 347.581 838055.0 47.687 4.0688 6147 13364247.0 2278.0375 
6400000 18471 352.068 839501.0 49.325 4.122 6157 13389529.0 2646.8863 
6410000 18498 357.254 840983.0 50.933 4.1831 6166 13412582.0 2588.2117 
6420000 18524 349.2 842354.0 49.784 4.0873 6174 13434216.0 2433.6544 
6430000 18547 397.747 843550.0 53.111 4.6553 6182 13452943.0 2499.1524 
6440000 18573 385.236 844845.0 50.0 4.509 6191 13475607.0 2551.1783 
6450000 18603 364.151 846199.0 48.566 4.2617 6201 13498977.0 2502.4316 
6460000 18630 368.297 847688.0 51.405 4.3112 6210 13524280.0 2713.8769 
6470000 18659 358.217 849101.0 50.785 4.1919 6219 13547461.0 2565.6185 
6480000 18684 372.191 850507.0 52.088 4.3667 6228 13569826.0 2566.0536 
6490000 18713 359.862 851931.0 50.842 4.2241 6237 13592807.0 2449.9377 
6500000 18743 345.031 853311.0 48.363 4.0442 6247 13616637.0 2131.2849 
6510000 18773 337.383 854679.0 46.246 3.9529 6257 13637327.0 2167.5351 
6520000 18802 343.894 856028.0 47.016 4.027 6267 13658698.0 2106.2233 
6530000 18828 362.815 857207.0 46.453 4.2464 6276 13677682.0 2228.259 
6540000 18855 359.805 858571.0 47.126 4.2105 6285 13698075.0 2216.2455 
6550000 18882 358.028 859957.0 47.183 4.1896 6294 13720358.0 2292.6948 
6560000 18909 359.44 861256.0 47.167 4.2058 6303 13741701.0 2309.1358 
6570000 18939 353.714 862583.0 47.425 4.1399 6313 13762331.0 2246.4947 
6580000 18969 337.53 864061.0 46.66 3.9499 6323 13786941.0 2331.1355 
6590000 19002 319.786 865417.0 44.338 3.7522 6334 13808908.0 2140.8489 
6600000 19032 325.34 866844.0 45.434 3.8125 6344 13832788.0 2250.1949 
6610000 19059 334.42 868233.0 45.813 3.9163 6353 13855451.0 2272.8511 
6620000 19091 330.014 869691.0 47.298 3.864 6363 13878569.0 2310.8959 
6630000 19116 351.146 871048.0 47.982 4.1102 6372 13900524.0 2404.6025 
6640000 19143 363.834 872297.0 48.211 4.2581 6381 13920637.0 2362.3065 
6650000 19173 350.153 873716.0 47.634 4.0892 6391 13943887.0 2362.399 
6660000 19200 350.65 875219.0 49.271 4.0877 6400 13970850.0 2566.9542 
6670000 19228 357.213 876683.0 51.61 4.1605 6409 13998292.0 2791.3832 
6680000 19260 327.23 878085.0 45.707 3.8088 6420 14020550.0 2169.8224 
6690000 19291 331.715 879492.0 47.474 3.8593 6430 14041859.0 2160.9482 
6700000 19320 336.522 880903.0 46.72 3.9213 6440 14062310.0 2094.434 
6710000 19350 335.035 882258.0 46.339 3.9011 6450 14086360.0 2264.8366 
6720000 19380 331.731 883736.0 46.752 3.861 6460 14110410.0 2305.132 
6730000 19410 328.955 885109.0 45.216 3.8275 6470 14134290.0 2273.398 
6740000 19437 345.404 886452.0 46.529 4.018 6479 14154243.0 2202.538 
6750000 19464 354.383 887890.0 49.016 4.1234 6488 14178066.0 2453.1351 
6760000 19494 344.986 889306.0 48.245 4.0131 6498 14199206.0 2289.3167 
6770000 19524 348.49 890734.0 49.486 4.0537 6508 14220516.0 2336.6079 
6780000 19552 352.317 892113.0 49.455 4.0991 6517 14243308.0 2196.1266 
6790000 19579 361.009 893434.0 49.697 4.1997 6526 14265261.0 2464.3545 
6800000 19608 342.937 894830.0 46.938 3.9889 6536 14287292.0 2257.9683 
6810000 19635 355.881 896142.0 47.743 4.1395 6545 14308595.0 2367.9803 
6820000 19664 354.841 897475.0 48.308 4.1269 6554 14330516.0 2335.6137 
6830000 19693 353.16 898920.0 49.163 4.1073 6564 14354377.0 2372.3764 
6840000 19723 344.68 900381.0 49.116 4.0155 6574 14379927.0 2466.851 
6850000 19753 341.842 901835.0 49.442 3.9917 6584 14402797.0 2288.937 
6860000 19776 371.274 903114.0 50.15 4.3387 6592 14423964.0 2556.9533 
6870000 19806 357.293 904554.0 49.946 4.1774 6602 14446804.0 2438.5058 
6880000 19833 354.424 906015.0 49.896 4.1591 6611 14472517.0 2508.1715 
6890000 19862 351.596 907330.0 48.631 4.1217 6620 14492278.0 2258.6699 
6900000 19893 339.181 908678.0 46.177 3.973 6631 14513067.0 2145.2525 
6910000 19920 340.338 910083.0 46.354 3.9861 6640 14533230.0 2060.3468 
6920000 19950 341.347 911411.0 46.801 3.9967 6650 14556590.0 2358.8307 
6930000 19978 347.838 912864.0 49.059 4.0727 6659 14582732.0 2524.2694 
6940000 20006 351.125 914303.0 50.187 4.1102 6668 14608774.0 2682.3592 
6950000 20034 345.601 915740.0 48.545 4.0452 6678 14629606.0 2336.448 
6960000 20058 378.845 917086.0 52.422 4.443 6686 14650462.0 2574.9959 
6970000 20085 372.446 918564.0 52.64 4.3643 6695 14674595.0 2587.8856 
6980000 20113 369.642 919926.0 51.424 4.3297 6704 14695427.0 2320.8163 
6990000 20144 348.41 921317.0 48.195 4.0797 6714 14719916.0 2456.6251 
7000000 20172 347.6 922631.0 46.705 4.0692 6724 14741598.0 2349.6079 
7010000 20199 352.422 923985.0 47.38 4.1246 6733 14763731.0 2409.4238 
7020000 20229 340.563 925395.0 46.835 3.9854 6743 14788551.0 2507.6637 
7030000 20259 338.78 926791.0 46.853 3.9649 6753 14809941.0 2304.7899 
7040000 20289 338.162 928187.0 47.198 3.9615 6763 14828681.0 2084.3183 
7050000 20316 351.643 929485.0 47.217 4.1173 6772 14850214.0 2257.891 
7060000 20346 340.435 930947.0 47.134 3.9895 6782 14873474.0 2292.5395 
7070000 20376 335.063 932388.0 46.714 3.9152 6792 14896794.0 2268.8051 
7080000 20403 354.359 933763.0 49.326 4.1313 6801 14920157.0 2594.1913 
7090000 20431 354.681 935185.0 49.665 4.1306 6810 14946829.0 2669.7343 
7100000 20463 335.124 936635.0 47.668 3.9049 6821 14969247.0 2384.3051 
7110000 20493 329.005 938107.0 47.314 3.8413 6831 14991697.0 2295.0559 
7120000 20520 335.894 939649.0 49.425 3.9255 6840 15015300.0 2402.3293 
7130000 20549 347.49 940939.0 49.114 4.0636 6849 15036421.0 2302.1798 
7140000 20580 337.515 942366.0 47.495 3.9515 6860 15059030.0 2305.404 
7150000 20610 335.187 943801.0 47.302 3.9231 6870 15083380.0 2417.9264 
7160000 20643 318.845 945267.0 45.729 3.7316 6881 15104927.0 2137.9857 
7170000 20670 338.206 946592.0 46.803 3.9554 6890 15124850.0 2196.1162 
7180000 20697 340.463 948026.0 47.07 3.9832 6899 15146163.0 2138.8547 
7190000 20722 372.172 949434.0 52.556 4.3552 6907 15169628.0 2546.993 
7200000 20754 338.608 950991.0 49.166 3.9629 6918 15196616.0 2537.1525 
7210000 20783 349.268 952346.0 49.598 4.0872 6927 15217067.0 2345.2747 
7220000 20810 356.852 953728.0 51.054 4.1763 6936 15241490.0 2713.3602 
7230000 20835 367.085 955171.0 51.379 4.2961 6945 15265045.0 2656.4128 
7240000 20856 408.019 956395.0 54.382 4.7745 6952 15288064.0 3023.4751 
7250000 20885 377.672 957740.0 51.012 4.4242 6961 15309615.0 2475.8619 
7260000 20910 383.366 958937.0 48.865 4.4889 6970 15328850.0 2372.1213 
7270000 20937 373.164 960260.0 48.467 4.3703 6979 15350033.0 2340.4372 
7280000 20964 368.245 961726.0 50.034 4.3108 6988 15376596.0 2571.4239 
7290000 20991 363.465 963199.0 51.126 4.2532 6997 15401029.0 2669.8243 
7300000 21021 354.17 964582.0 49.407 4.1442 7007 15425609.0 2610.9536 
7310000 21051 343.478 965989.0 47.921 4.0192 7017 15448509.0 2399.9523 
7320000 21080 345.404 967357.0 48.633 4.0416 7026 15468810.0 2263.6357 
7330000 21108 348.775 968720.0 47.714 4.0813 7036 15493132.0 2481.5188 
7340000 21135 352.214 970059.0 47.472 4.1214 7045 15518255.0 2624.4492 
7350000 21163 358.858 971410.0 48.98 4.1989 7054 15539627.0 2400.7776 
7360000 21195 333.588 972812.0 45.905 3.9029 7065 15564885.0 2369.2787 
7370000 21224 337.883 974079.0 45.329 3.9531 7074 15585036.0 2165.5052 
7380000 21252 345.012 975421.0 45.833 4.0364 7084 15604518.0 2113.5121 
7390000 21283 334.509 976906.0 47.121 3.9139 7094 15625617.0 2007.5576 
7400000 21315 319.593 978174.0 42.114 3.7393 7105 15646125.0 1933.2837 
7410000 21344 333.275 979534.0 45.262 3.8998 7114 15666666.0 2060.5384 
7420000 21374 333.36 980933.0 45.897 3.9003 7124 15689466.0 2179.1122 
7430000 21402 329.302 982460.0 47.224 3.853 7134 15714968.0 2388.0975 
7440000 21433 335.032 983883.0 48.35 3.92 7144 15738027.0 2379.4073 
7450000 21461 344.531 985207.0 48.104 4.0311 7153 15762079.0 2492.3748 
7460000 21492 330.489 986690.0 46.862 3.8642 7164 15788778.0 2508.7253 
7470000 21519 350.152 988012.0 48.516 4.0835 7173 15810271.0 2520.311 
7480000 21549 340.841 989443.0 47.412 3.9785 7183 15833041.0 2352.787 
7490000 21574 364.41 990782.0 50.255 4.2534 7191 15856526.0 2566.6899 
7500000 21605 343.934 992113.0 47.067 4.0185 7201 15877545.0 2226.5589 
7510000 21635 330.317 993483.0 45.904 3.8681 7211 15899715.0 2253.081 
7520000 21662 352.148 994861.0 48.6 4.1216 7220 15923748.0 2488.1764 
7530000 21690 352.313 996241.0 48.295 4.1238 7230 15944750.0 2405.8334 
7540000 21720 341.667 997663.0 47.529 3.998 7240 15968360.0 2332.2185 
7550000 21750 333.584 999093.0 46.187 3.9031 7250 15987950.0 2041.1115 
7560000 21783 324.909 1000482.0 45.52 3.8017 7261 16010767.0 2151.7785 
7570000 21813 318.083 1001970.0 44.977 3.7221 7271 16034577.0 2233.0418 
7580000 21843 325.276 1003331.0 45.214 3.8062 7281 16056677.0 2187.376 
7590000 21870 346.366 1004594.0 46.336 4.0557 7290 16078510.0 2398.8331 
7600000 21902 330.021 1006066.0 46.642 3.8633 7300 16101868.0 2224.4454 
7610000 21932 331.344 1007477.0 46.853 3.8787 7310 16122888.0 2193.6911 
7620000 21959 347.407 1009000.0 50.749 4.0657 7319 16147881.0 2560.6273 
7630000 21992 324.016 1010441.0 47.058 3.7916 7330 16175458.0 2447.423 
7640000 22019 344.127 1011988.0 51.301 4.0265 7339 16199161.0 2521.7801 
7650000 22049 337.659 1013350.0 48.973 3.9509 7349 16220581.0 2316.7046 
7660000 22078 345.219 1014809.0 49.951 4.046 7359 16246372.0 2484.4947 
7670000 22106 347.39 1016136.0 48.722 4.0683 7368 16266194.0 2325.4073 
7680000 22134 353.767 1017511.0 49.216 4.1418 7378 16286406.0 2289.1838 
7690000 22162 354.977 1018822.0 48.124 4.1551 7387 16306458.0 2080.0942 
7700000 22193 341.591 1020223.0 47.23 3.9979 7397 16327807.0 2142.4822 
7710000 22221 338.023 1021644.0 46.592 3.9555 7407 16352189.0 2377.7845 
7720000 22251 344.52 1022950.0 46.86 4.0315 7417 16372629.0 2302.0317 
7730000 22280 343.842 1024344.0 47.297 4.0241 7426 16396370.0 2385.7059 
7740000 22308 349.343 1025554.0 45.443 4.0885 7436 16417002.0 2334.0437 
7750000 22335 351.124 1026966.0 46.563 4.1092 7445 16442865.0 2532.6315 
7760000 22365 347.596 1028328.0 46.917 4.0681 7455 16464505.0 2374.2348 
7770000 22394 346.195 1029763.0 48.133 4.055 7464 16488146.0 2417.7322 
7780000 22420 364.332 1031045.0 48.885 4.2656 7473 16509740.0 2331.469 
7790000 22449 351.947 1032453.0 46.959 4.1198 7483 16531371.0 2296.7934 
7800000 22478 355.876 1033727.0 47.34 4.1647 7492 16554152.0 2272.6319 
7810000 22507 352.014 1035164.0 48.558 4.1196 7502 16581983.0 2718.5956 
7820000 22533 362.978 1036367.0 47.381 4.2491 7511 16600447.0 2437.9378 
7830000 22560 356.842 1037797.0 47.604 4.1766 7520 16621640.0 2265.715 
7840000 22588 364.576 1039122.0 49.375 4.2662 7529 16646782.0 2567.3556 
7850000 22620 338.455 1040577.0 47.24 3.9608 7540 16670260.0 2434.39 
7860000 22651 331.343 1042112.0 48.507 3.8768 7550 16693109.0 2223.367 
7870000 22679 343.231 1043385.0 47.596 4.0164 7559 16715021.0 2320.8408 
7880000 22707 344.036 1044728.0 46.894 4.0259 7569 16734323.0 2162.9944 
7890000 22734 347.639 1046124.0 47.371 4.0683 7578 16759856.0 2379.4852 
7900000 22764 349.343 1047466.0 47.569 4.0878 7588 16782676.0 2495.5176 
7910000 22794 334.767 1048919.0 46.684 3.9171 7598 16805296.0 2273.492 
7920000 22823 331.283 1050274.0 47.221 3.8764 7607 16827917.0 2392.8201 
7930000 22851 340.442 1051701.0 46.65 3.9831 7617 16851929.0 2412.61 
7940000 22881 335.499 1053118.0 46.499 3.9259 7627 16875389.0 2314.989 
7950000 22910 348.286 1054412.0 47.652 4.0653 7636 16895180.0 2279.9685 
7960000 22941 331.436 1055919.0 46.237 3.8632 7647 16920149.0 2293.7075 
7970000 22970 342.508 1057236.0 47.386 3.9881 7656 16942310.0 2343.1885 
7980000 22995 357.852 1058533.0 47.319 4.1648 7665 16965525.0 2463.5771 
7990000 23022 359.264 1059842.0 47.072 4.1805 7674 16986818.0 2310.2001 
8000000 23047 381.335 1061189.0 51.846 4.4362 7682 17005673.0 2424.0453 
8010000 23077 366.702 1062546.0 49.572 4.2657 7692 17029213.0 2406.2161 
8020000 23106 355.754 1063887.0 47.974 4.1385 7702 17051174.0 2389.9002 
8030000 23132 363.719 1065343.0 50.877 4.2305 7710 17073798.0 2389.3185 
8040000 23160 356.479 1066682.0 47.761 4.1461 7720 17094230.0 2168.1849 
8050000 23190 346.663 1068045.0 46.849 4.0329 7730 17117770.0 2416.3655 
8060000 23217 354.592 1069486.0 49.55 4.1348 7739 17140353.0 2591.008 
8070000 23241 388.827 1070806.0 53.69 4.5411 7747 17162009.0 2861.4549 
8080000 23268 375.315 1072135.0 50.993 4.3873 7756 17184612.0 2652.1932 
8090000 23295 361.486 1073529.0 49.153 4.2275 7765 17207515.0 2443.6679 
8100000 23322 368.092 1074785.0 48.386 4.3053 7774 17225008.0 2156.497 
8110000 23347 385.684 1076006.0 49.989 4.5115 7782 17245423.0 2254.0295 
8120000 23376 367.514 1077426.0 49.405 4.2991 7792 17268154.0 2381.8873 
8130000 23406 345.618 1078868.0 47.225 4.0384 7802 17289694.0 2126.8848 
8140000 23433 358.958 1080311.0 50.245 4.1857 7811 17313857.0 2636.3857 
8150000 23464 344.416 1081712.0 48.465 4.0116 7821 17335036.0 2262.3841 
8160000 23490 353.028 1083157.0 49.337 4.1096 7830 17358840.0 2465.4792 
8170000 23520 344.962 1084531.0 48.176 4.0138 7840 17381640.0 2478.2309 
8180000 23547 348.65 1085925.0 48.006 4.0564 7849 17403023.0 2272.5597 
8190000 23579 338.016 1087333.0 47.79 3.9322 7859 17425561.0 2345.7793 
8200000 23605 353.763 1088788.0 50.735 4.1148 7868 17448315.0 2478.6246 
8210000 23633 360.457 1090127.0 50.083 4.1922 7877 17470887.0 2448.6943 
8220000 23661 352.792 1091511.0 48.226 4.1038 7887 17489939.0 2171.2929 
8230000 23689 351.227 1092823.0 48.613 4.0956 7896 17509561.0 2139.0304 
8240000 23712 379.987 1094085.0 49.52 4.4374 7904 17531108.0 2446.1274 
8250000 23740 373.597 1095555.0 51.965 4.3668 7913 17556030.0 2565.1325 
8260000 23769 361.425 1096859.0 48.742 4.2271 7923 17577691.0 2490.0499 
8270000 23799 343.661 1098301.0 47.015 4.0201 7933 17600961.0 2338.4373 
8280000 23829 332.959 1099806.0 47.239 3.8962 7943 17622901.0 2217.2421 
8290000 23857 348.759 1101125.0 48.99 4.0808 7952 17645253.0 2308.6536 
8300000 23884 357.467 1102453.0 49.33 4.1827 7961 17666346.0 2359.4654 
8310000 23910 361.343 1103755.0 48.082 4.2315 7970 17685470.0 2239.2821 
8320000 23935 382.51 1105087.0 51.87 4.4779 7978 17708775.0 2557.5813 
8330000 23963 366.602 1106424.0 50.265 4.2932 7987 17732297.0 2647.0594 
8340000 23991 357.099 1107848.0 48.5 4.1807 7997 17758319.0 2514.335 
8350000 24021 351.068 1109219.0 48.074 4.1096 8007 17779169.0 2356.7916 
8360000 24047 371.056 1110609.0 51.329 4.3446 8015 17800913.0 2538.0534 
8370000 24078 348.01 1112031.0 48.474 4.0742 8026 17820952.0 2149.9124 
8380000 24107 346.613 1113499.0 49.45 4.0576 8035 17842713.0 2151.1941 
8390000 24138 337.506 1114940.0 48.017 3.9504 8046 17864912.0 2223.8026 
8400000 24165 346.71 1116295.0 48.154 4.0572 8055 17885255.0 2218.6951 
8410000 24195 335.333 1117768.0 47.058 3.9255 8065 17909325.0 2289.1804 
8420000 24226 333.066 1119202.0 48.216 3.8978 8075 17930274.0 2137.4307 
8430000 24255 337.308 1120486.0 45.51 3.9475 8085 17950105.0 2082.6384 
8440000 24285 333.208 1121971.0 46.646 3.9017 8095 17974045.0 2248.9116 
8450000 24309 364.684 1123414.0 51.676 4.2685 8103 17993701.0 2351.7309 
8460000 24333 387.58 1124829.0 55.351 4.5391 8111 18015997.0 2663.2246 
8470000 24360 374.15 1126374.0 54.446 4.3804 8120 18040700.0 2644.8009 
8480000 24385 395.33 1127681.0 55.567 4.6268 8128 18061775.0 2679.1586 
8490000 24414 366.713 1129019.0 50.133 4.291 8138 18085276.0 2512.9782 
8500000 24442 369.934 1130392.0 51.077 4.3262 8147 18105018.0 2271.3867 
8510000 24470 364.986 1131745.0 49.994 4.2578 8156 18124660.0 2309.523 
8520000 24495 370.276 1133150.0 50.498 4.3135 8165 18149835.0 2618.0148 
8530000 24522 371.678 1134457.0 49.57 4.3263 8174 18171848.0 2479.5324 
8540000 24549 368.199 1135946.0 51.443 4.2937 8183 18198011.0 2733.8631 
8550000 24576 372.339 1137347.0 51.967 4.3359 8192 18224184.0 2972.7677 
8560000 24602 382.97 1138667.0 52.858 4.4564 8200 18248008.0 2962.9708 
8570000 24633 346.338 1140177.0 49.034 4.0288 8211 18270027.0 2386.1996 
8580000 24661 361.124 1141490.0 49.953 4.1994 8220 18291889.0 2308.8063 
8590000 24686 373.993 1142886.0 51.568 4.3491 8228 18313174.0 2473.3876 
8600000 24714 367.813 1144195.0 49.098 4.284 8238 18336916.0 2548.5241 
8610000 24741 363.344 1145575.0 48.536 4.2398 8247 18360029.0 2480.1467 
8620000 24768 364.456 1146986.0 49.925 4.2578 8256 18381612.0 2434.8259 
8630000 24800 341.257 1148444.0 49.062 3.9892 8266 18404860.0 2247.4543 
8640000 24830 340.111 1149900.0 48.877 3.978 8276 18429480.0 2356.0867 
8650000 24858 345.15 1151281.0 47.882 4.0374 8286 18449932.0 2222.3267 
8660000 24883 373.188 1152674.0 52.321 4.3657 8294 18472227.0 2505.2494 
8670000 24912 358.361 1154014.0 48.938 4.1926 8304 18492308.0 2301.4191 
8680000 24942 343.144 1155511.0 48.393 4.0147 8314 18518208.0 2424.9777 
8690000 24969 353.743 1156870.0 49.48 4.1386 8323 18541741.0 2546.2326 
8700000 24999 339.415 1158351.0 47.994 3.9707 8333 18567231.0 2383.6377 
8710000 25029 330.809 1159805.0 47.292 3.8699 8343 18592311.0 2406.1365 
8720000 25060 331.454 1161165.0 46.734 3.8778 8353 18615180.0 2405.9924 
8730000 25086 352.947 1162414.0 47.211 4.1295 8362 18634954.0 2364.6218 
8740000 25119 321.828 1163962.0 45.243 3.7658 8373 18658701.0 2056.019 
8750000 25146 341.404 1165334.0 47.524 3.9964 8382 18681424.0 2384.4085 
8760000 25172 362.635 1166601.0 49.128 4.2436 8390 18703478.0 2475.873 
8770000 25197 371.109 1168041.0 50.366 4.3471 8399 18727403.0 2596.181 
8780000 25227 359.473 1169416.0 49.637 4.2091 8409 18749513.0 2531.8727 
8790000 25254 363.175 1170817.0 50.279 4.2446 8418 18771796.0 2474.5331 
8800000 25280 372.085 1172264.0 52.408 4.3396 8426 18799380.0 2858.9139 
8810000 25311 348.816 1173658.0 48.999 4.0635 8437 18821029.0 2384.671 
8820000 25341 334.043 1175141.0 47.328 3.8888 8447 18845149.0 2248.094 
8830000 25371 334.308 1176555.0 47.449 3.8899 8457 18868269.0 2351.9781 
8840000 25400 340.314 1177968.0 48.689 3.9586 8466 18891410.0 2439.3989 
8850000 25428 339.768 1179417.0 47.88 3.9541 8476 18913952.0 2302.199 
8860000 25453 368.458 1180846.0 53.169 4.2974 8484 18938427.0 2705.9922 
8870000 25485 341.838 1182274.0 48.963 3.9925 8495 18961785.0 2443.5983 
8880000 25514 343.621 1183659.0 48.733 4.0166 8504 18985776.0 2490.0626 
8890000 25538 374.592 1184867.0 49.439 4.3796 8512 19004612.0 2413.5828 
8900000 25566 360.741 1186230.0 47.361 4.2197 8522 19025284.0 2290.2196 
8910000 25593 366.21 1187567.0 48.009 4.2836 8531 19047427.0 2380.7365 
8920000 25620 370.155 1188830.0 48.292 4.3299 8540 19066370.0 2323.481 
8930000 25649 361.429 1190229.0 48.882 4.2326 8549 19089861.0 2406.7677 
8940000 25676 364.563 1191555.0 48.922 4.2669 8558 19108854.0 2239.5795 
8950000 25701 370.744 1193059.0 51.142 4.3387 8567 19133049.0 2438.7212 
8960000 25728 367.117 1194496.0 51.128 4.2956 8576 19157172.0 2430.5644 
8970000 25755 365.702 1195824.0 49.85 4.2786 8585 19177565.0 2372.283 
8980000 25785 355.557 1197206.0 49.165 4.1608 8595 19199345.0 2383.2358 
8990000 25811 373.103 1198438.0 49.001 4.3657 8603 19219389.0 2228.6215 
9000000 25836 383.206 1199845.0 51.449 4.484 8612 19243204.0 2760.1193 
9010000 25862 386.026 1201120.0 51.046 4.5095 8620 19262438.0 2465.1174 
9020000 25890 366.067 1202531.0 48.802 4.2789 8630 19284890.0 2288.571 
9030000 25918 362.594 1203830.0 48.202 4.2414 8639 19304772.0 2196.0882 
9040000 25947 358.696 1205166.0 47.792 4.1968 8649 19330923.0 2597.6828 
9050000 25976 350.157 1206583.0 47.934 4.0963 8658 19353564.0 2434.2382 
9060000 26005 351.322 1207962.0 48.03 4.11 8668 19376395.0 2337.4359 
9070000 26035 341.365 1209392.0 47.526 3.9943 8678 19400375.0 2311.6442 
9080000 26066 336.799 1210748.0 46.344 3.9391 8688 19421344.0 2164.945 
9090000 26091 353.634 1212182.0 48.48 4.1249 8697 19444699.0 2417.5092 
9100000 26121 342.299 1213593.0 47.522 3.9868 8707 19468339.0 2268.5833 
9110000 26151 329.998 1215044.0 46.44 3.8409 8717 19493709.0 2430.3166 
9120000 26182 324.604 1216468.0 47.451 3.7774 8727 19514938.0 2101.3159 
9130000 26213 331.605 1217873.0 46.98 3.8687 8737 19538827.0 2351.5269 
9140000 26244 323.624 1219339.0 46.035 3.7811 8748 19564276.0 2303.8773 
9150000 26274 319.783 1220814.0 46.049 3.7389 8758 19585686.0 2173.3657 
9160000 26303 337.899 1222255.0 49.475 3.9523 8767 19608787.0 2221.0901 
9170000 26331 342.707 1223678.0 48.633 4.0091 8777 19633799.0 2547.0322 
9180000 26359 349.244 1225036.0 49.655 4.0857 8786 19657361.0 2561.5381 
9190000 26388 335.72 1226334.0 45.397 3.9273 8796 19678462.0 2233.475 
9200000 26417 345.01 1227636.0 46.718 4.0355 8805 19699813.0 2304.312 
9210000 26443 361.703 1228933.0 48.1 4.2317 8814 19721117.0 2273.0737 
9220000 26474 345.207 1230279.0 46.274 4.0381 8824 19742316.0 2169.5236 
9230000 26503 345.948 1231693.0 47.455 4.0476 8834 19764877.0 2187.7573 
9240000 26531 349.609 1233016.0 47.589 4.0901 8843 19788609.0 2465.5147 
9250000 26562 336.185 1234369.0 45.15 3.9327 8854 19812208.0 2355.9395 
9260000 26589 344.548 1235652.0 44.599 4.0309 8863 19831751.0 2112.0012 
9270000 26620 338.486 1237020.0 45.787 3.9601 8873 19854690.0 2243.037 
9280000 26649 340.558 1238365.0 45.954 3.9847 8883 19876241.0 2326.9649 
9290000 26676 353.353 1239692.0 47.219 4.1343 8892 19898744.0 2460.8188 
9300000 26703 356.009 1241077.0 47.686 4.1651 8901 19921907.0 2513.6097 
9310000 26731 350.827 1242468.0 48.937 4.1041 8910 19943659.0 2359.0399 
9320000 26757 365.481 1243825.0 49.4 4.2764 8919 19965093.0 2447.2983 
9330000 26786 360.892 1245281.0 51.336 4.2219 8928 19986134.0 2374.017 
9340000 26814 357.285 1246693.0 50.568 4.1797 8938 20011656.0 2579.1587 
9350000 26844 335.797 1248170.0 47.652 3.9228 8948 20037036.0 2459.1298 
9360000 26874 334.041 1249612.0 47.592 3.8941 8958 20060146.0 2316.6355 
9370000 26902 349.38 1250963.0 49.449 4.0676 8967 20082488.0 2432.3506 
9380000 26931 346.621 1252308.0 46.689 4.0329 8977 20102229.0 2139.4813 
9390000 26961 345.549 1253624.0 46.751 4.0192 8987 20123379.0 2262.0738 
9400000 26989 351.683 1255047.0 48.62 4.0892 8996 20143991.0 2138.821 
9410000 27020 337.644 1256411.0 46.631 3.9256 9006 20167250.0 2027.5712 
9420000 27051 330.287 1257824.0 45.733 3.8398 9017 20187939.0 2173.5144 
9430000 27081 325.079 1259265.0 45.044 3.7791 9027 20210749.0 2109.9066 
9440000 27111 333.162 1260590.0 45.913 3.8735 9037 20230849.0 2191.6866 
9450000 27138 339.133 1262022.0 46.812 3.9434 9046 20254412.0 2285.4186 
9460000 27168 334.863 1263443.0 46.537 3.8923 9056 20276862.0 2243.5934 
9470000 27195 351.95 1264803.0 48.664 4.0931 9065 20297235.0 2287.5942 
9480000 27223 353.137 1266182.0 49.415 4.1163 9074 20320357.0 2367.0388 
9490000 27254 340.848 1267524.0 46.73 3.9795 9084 20342266.0 2200.1705 
9500000 27282 339.915 1268949.0 46.448 3.9712 9094 20365758.0 2314.5921 
9510000 27312 338.52 1270392.0 47.171 3.9569 9104 20390338.0 2431.2522 
9520000 27342 335.613 1271860.0 47.629 3.9136 9114 20417158.0 2663.5947 
9530000 27371 345.241 1273179.0 48.121 4.019 9123 20436649.0 2260.9863 
9540000 27401 340.022 1274561.0 47.133 3.9644 9133 20457699.0 2202.3956 
9550000 27429 338.309 1275968.0 46.724 3.9528 9143 20480401.0 2230.7339 
9560000 27462 319.707 1277379.0 44.534 3.7371 9154 20501858.0 1990.8296 
9570000 27493 328.43 1278768.0 46.602 3.8409 9164 20525547.0 2239.6235 
9580000 27519 343.165 1280082.0 46.251 4.0138 9173 20547021.0 2371.7947 
9590000 27549 343.725 1281443.0 46.916 4.0201 9183 20570891.0 2468.4523 
9600000 27575 358.35 1282861.0 49.959 4.1907 9191 20597495.0 2796.3786 
9610000 27602 361.111 1284281.0 50.598 4.2233 9200 20621558.0 2602.6155 
9620000 27628 375.988 1285761.0 53.985 4.3981 9209 20642752.0 2530.6346 
9630000 27656 365.807 1287042.0 49.906 4.2788 9218 20664654.0 2472.683 
9640000 27687 346.343 1288495.0 48.029 4.052 9229 20688513.0 2356.1202 
9650000 27714 355.316 1289797.0 47.653 4.1593 9238 20709586.0 2362.0656 
9660000 27742 359.509 1291316.0 51.476 4.1952 9247 20737108.0 2618.4908 
9670000 27770 358.204 1292642.0 49.934 4.173 9256 20760010.0 2634.8493 
9680000 27795 360.043 1293910.0 47.674 4.1913 9265 20778675.0 2244.3544 
9690000 27824 364.044 1295230.0 48.844 4.2346 9274 20800446.0 2376.0578 
9700000 27854 355.68 1296653.0 48.318 4.1367 9284 20823616.0 2336.0784 
9710000 27882 351.433 1298086.0 48.179 4.0864 9294 20845688.0 2310.842 
9720000 27909 354.661 1299451.0 48.26 4.1233 9303 20866051.0 2236.8089 
9730000 27942 335.325 1300808.0 45.722 3.8984 9314 20886468.0 2026.8596 
9740000 27970 340.207 1302250.0 47.543 3.9611 9323 20909450.0 2228.6408 
9750000 28002 323.51 1303745.0 45.906 3.7762 9334 20932838.0 2204.7608 
9760000 28033 329.942 1305184.0 47.797 3.8552 9344 20955307.0 2148.2425 
9770000 28062 329.435 1306674.0 47.557 3.8515 9354 20980228.0 2418.427 
9780000 28092 330.082 1308120.0 47.518 3.8602 9364 21001228.0 2250.048 
9790000 28119 349.976 1309452.0 49.316 4.0928 9373 21024751.0 2556.5872 
9800000 28149 337.601 1310861.0 46.723 3.9488 9383 21047881.0 2279.169 
9810000 28180 337.734 1312252.0 47.692 3.9506 9393 21069550.0 2172.8816 
9820000 28209 337.474 1313622.0 46.51 3.9401 9403 21091671.0 2310.7209 
9830000 28236 344.771 1315065.0 48.231 4.0181 9412 21113324.0 2238.0412 
9840000 28267 343.438 1316475.0 49.173 4.008 9422 21135993.0 2295.3698 
9850000 28293 360.104 1317730.0 48.016 4.2066 9431 21157287.0 2425.1004 
9860000 28323 347.914 1319154.0 47.677 4.0666 9441 21179467.0 2306.64 
9870000 28353 341.734 1320490.0 46.255 3.9867 9451 21200697.0 2206.7849 
9880000 28383 333.145 1321991.0 46.692 3.8805 9461 21225707.0 2366.755 
9890000 28412 334.17 1323473.0 47.79 3.8902 9470 21248598.0 2269.3734 
9900000 28443 334.396 1324912.0 48.105 3.9009 9481 21273507.0 2469.6598 
9910000 28471 342.868 1326334.0 48.926 3.9943 9490 21294039.0 2277.7015 
9920000 28500 345.731 1327621.0 46.868 4.0235 9500 21317370.0 2427.9973 
9930000 28530 329.415 1329065.0 45.273 3.8324 9510 21339530.0 2109.4656 
9940000 28560 335.149 1330383.0 44.954 3.8973 9520 21360240.0 2086.8644 
9950000 28588 344.017 1331785.0 48.02 3.9998 9529 21381972.0 2255.9153 
9960000 28617 344.274 1333186.0 47.252 4.0036 9539 21404783.0 2335.2743 
9970000 28647 340.767 1334581.0 47.104 3.9624 9549 21427423.0 2277.4181 
9980000 28674 350.493 1335938.0 47.259 4.0744 9558 21449226.0 2264.3253 
9990000 28703 354.437 1337270.0 48.024 4.1199 9567 21472067.0 2419.0371 
10000000 28729 362.581 1338576.0 48.776 4.2139 9576 21493241.0 2273.5825 
