1000 9 17.165 -250.109 -4.684 0.0106 0.0 
2000 18 32.715 -484.507 -8.179 0.02 0.0 
3000 25 46.024 -727.874 -11.639 0.0276 0.0 
4000 34 57.271 -953.913 -13.721 0.0335 0.0 
5000 43 67.67 -1165.758 -15.581 0.0392 0.0 
6000 52 73.298 -1488.247 -18.435 0.0416 0.0 
7000 59 82.275 -1782.326 -21.241 0.0469 0.0 
8000 68 88.445 -2135.745 -24.9 0.0504 0.0 
9000 76 94.112 -2362.174 -25.454 0.0538 0.0 
10000 85 96.222 -2653.585 -26.381 0.0545 0.0 
11000 93 101.715 -2876.425 -26.822 0.0578 0.0 
12000 102 100.331 -3048.628 -24.682 0.0563 0.0 
13000 110 104.142 -3174.807 -24.089 0.0586 0.0 
14000 119 105.859 -3489.099 -25.642 0.0596 0.0 
15000 129 105.975 -3684.354 -24.841 0.0591 0.0 
16000 137 108.169 -3866.277 -24.423 0.0605 0.0 
17000 147 107.137 -4101.771 -24.164 0.078 0.0 
18000 156 107.104 -4162.807 -21.315 0.1047 0.0 
19000 160 109.365 -4176.371 -20.044 0.121 0.0 
20000 162 130.254 -4213.212 -19.784 0.2143 0.0 
21000 163 147.649 -4228.595 -19.789 0.2795 0.0 
22000 164 164.696 -4244.008 -19.66 0.3574 0.0 
23000 165 181.402 -4257.65 -19.587 0.4388 0.0 
24000 166 197.774 -4270.283 -19.481 0.5102 0.0 
25000 167 213.818 -4279.56 -19.324 0.5991 0.0 
26000 168 229.542 -4294.839 -19.15 0.6626 0.0 
27000 169 244.951 -4301.48 -18.98 0.7377 0.0 
28000 170 260.052 -4309.071 -18.748 0.8126 0.0 
29000 171 274.851 -4321.238 -18.57 0.9033 0.0 
30000 172 289.354 -4329.513 -18.388 0.9762 0.0 
31000 173 303.567 -4341.006 -18.213 1.0471 0.0 
32000 174 317.496 -4347.062 -18.031 1.1077 0.0 
33000 175 331.146 -4348.017 -17.805 1.1571 0.0 
34000 176 344.523 -4357.521 -17.461 1.212 0.0 
35000 177 357.632 -4373.284 -17.327 1.2632 0.0 
36000 179 367.41 -4414.902 -17.537 1.299 0.0 
37000 180 364.962 -4437.618 -17.503 1.2843 0.0 
38000 182 382.09 -4506.875 -17.973 1.3624 0.0 
39000 187 367.233 -4638.731 -19.079 1.2879 0.0 
40000 189 360.329 -4705.499 -19.557 1.2557 0.0 
41000 190 373.122 -4718.229 -19.392 1.3123 0.0 
42000 191 385.66 -4730.009 -19.279 1.3843 0.0 
43000 192 397.947 -4743.006 -19.104 1.4409 0.0 
44000 195 403.555 -4808.953 -19.191 1.4688 0.0 
45000 199 390.901 -4884.924 -19.331 1.4023 0.0 
46000 202 382.307 -4931.973 -19.157 1.3584 0.0 
47000 205 388.516 -4971.382 -18.861 1.4039 0.0 
48000 207 383.832 -4988.994 -18.396 1.3788 0.0 
49000 209 395.493 -5006.341 -18.078 1.4428 0.0 
50000 210 407.583 -5019.883 -17.999 1.5144 0.0 
51000 211 419.431 -5035.354 -17.904 1.5649 0.0 
52000 213 415.055 -5071.482 -17.963 1.5317 0.0 
53000 215 423.299 -5107.948 -17.686 1.575 0.0 
54000 216 420.193 -5105.906 -17.362 1.558 0.0 
55000 217 431.789 -5117.468 -17.228 1.6375 0.0 
56000 218 443.153 -5132.383 -17.126 1.7051 0.0 
57000 219 454.29 -5138.144 -17.033 1.7685 0.0 
58000 220 465.205 -5147.444 -16.817 1.7971 0.0 
59000 222 472.102 -5162.263 -16.603 1.8372 0.0 
60000 223 482.66 -5171.003 -16.396 1.8933 0.0 
61000 224 493.007 -5180.316 -16.237 1.933 0.0 
62000 225 503.147 -5188.78 -16.094 1.9692 0.0 
63000 226 513.084 -5199.093 -15.93 2.0012 0.0 
64000 227 522.822 -5204.837 -15.823 2.0581 0.0 
65000 228 532.366 -5211.208 -15.628 2.1233 0.0 
66000 229 541.719 -5213.777 -15.448 2.1628 0.0 
67000 230 550.884 -5216.882 -15.2 2.1855 0.0 
68000 231 559.867 -5219.314 -14.901 2.1972 0.0 
69000 232 568.669 -5229.753 -14.714 2.2229 0.0 
70000 233 577.296 -5237.867 -14.608 2.2593 0.0 
71000 234 585.75 -5243.02 -14.497 2.32 0.0 
72000 235 594.035 -5251.597 -14.28 2.354 0.0 
73000 236 602.154 -5259.706 -14.177 2.3875 0.0 
74000 237 610.111 -5267.382 -14.064 2.423 0.0 
75000 238 617.909 -5275.062 -13.928 2.4459 0.0 
76000 239 625.551 -5281.422 -13.801 2.4732 0.0 
77000 240 633.04 -5295.788 -13.696 2.5187 0.0 
78000 241 640.379 -5306.08 -13.656 2.5505 0.0 
79000 242 646.391 -5320.403 -13.724 2.5573 0.0 
80000 243 653.464 -5326.499 -13.591 2.5924 0.0 
81000 244 660.394 -5333.251 -13.446 2.6124 0.0 
82000 245 667.186 -5339.815 -13.309 2.6604 0.0 
83000 246 673.843 -5345.213 -13.194 2.678 0.0 
84000 247 680.366 -5351.272 -13.024 2.7263 0.0 
85000 248 682.158 -5360.235 -12.896 2.731 0.0 
86000 249 688.515 -5362.797 -12.725 2.7658 0.0 
87000 251 698.63 -5369.307 -12.476 2.7772 0.0 
88000 252 704.658 -5372.3 -12.286 2.8202 0.0 
89000 253 705.904 -5381.117 -12.144 2.8056 0.0 
90000 254 711.786 -5384.28 -12.057 2.8193 0.0 
91000 255 707.771 -5394.035 -11.851 2.7944 0.0 
92000 256 713.615 -5399.484 -11.722 2.8441 0.0 
93000 258 717.316 -5404.335 -11.455 2.8547 0.0 
94000 259 722.97 -5412.475 -11.438 2.8885 0.0 
95000 260 728.51 -5418.301 -11.298 2.9071 0.0 
96000 261 733.94 -5425.84 -11.21 2.9409 0.0 
97000 262 739.261 -5432.486 -11.098 2.95 0.0 
98000 263 744.476 -5435.251 -11.022 2.9736 0.0 
99000 265 732.228 -5432.308 -10.465 2.9092 0.0 
100000 266 735.383 -5440.355 -10.341 2.9296 0.0 
101000 269 718.317 -5437.839 -9.783 2.843 0.0 
102000 270 714.291 -5441.439 -9.59 2.8129 0.0 
103000 271 720.005 -5443.97 -9.453 2.8565 0.0 
104000 272 725.605 -5448.725 -9.368 2.8768 0.0 
105000 273 731.093 -5448.23 -9.225 2.9305 0.0 
106000 274 730.671 -5442.831 -8.959 2.9296 0.0 
107000 276 729.037 -5446.621 -8.599 2.9258 0.0 
108000 279 713.8 -5443.875 -8.058 2.8523 0.0 
109000 281 692.477 -5447.749 -7.837 2.7542 0.0 
110000 284 679.93 -5447.308 -7.339 2.6879 0.0 
111000 287 662.499 -5456.457 -7.13 2.591 0.0 
112000 289 651.435 -5454.572 -6.774 2.5332 0.0 
113000 290 654.666 -5451.769 -6.586 2.5484 0.0 
114000 292 645.799 -5451.186 -6.27 2.5099 0.0 
115000 293 648.463 -5457.621 -6.181 2.516 0.0 
116000 295 644.644 -5461.252 -6.087 2.512 0.0 
117000 296 651.751 -5463.928 -5.98 2.5376 0.0 
118000 300 633.412 -5468.36 -5.718 2.452 0.0 
119000 303 610.891 -5474.814 -5.503 2.3461 0.0 
120000 304 612.593 -5480.461 -5.448 2.3611 0.0 
121000 305 620.341 -5480.919 -5.369 2.4062 0.0 
122000 308 614.359 -5479.487 -5.092 2.3929 0.0 
123000 313 573.087 -5471.062 -4.398 2.2064 0.0 
124000 315 568.233 -5475.85 -4.336 2.1745 0.0 
125000 316 567.428 -5483.855 -4.313 2.1646 0.0 
126000 317 576.079 -5479.584 -4.187 2.2066 0.0 
127000 318 584.558 -5477.699 -4.061 2.2709 0.0 
128000 322 568.312 -5474.04 -3.744 2.2095 0.0 
129000 324 559.846 -5481.122 -3.661 2.1604 0.0 
130000 328 542.936 -5471.751 -3.27 2.0635 0.0 
131000 331 526.741 -5474.325 -3.129 1.979 0.0 
132000 333 518.493 -5479.28 -2.977 1.935 0.0 
133000 335 530.093 -5494.278 -3.244 1.9943 0.0 
134000 337 519.461 -5487.81 -3.03 1.9396 0.0 
135000 338 529.071 -5496.503 -3.11 1.9759 0.0 
136000 341 525.231 -5497.938 -2.93 1.9677 0.0 
137000 342 529.846 -5507.73 -3.074 1.9863 0.0 
138000 344 527.516 -5514.9 -3.081 1.9704 0.0 
139000 346 520.259 -5518.036 -2.976 1.9311 0.0 
140000 349 521.14 -5521.418 -2.966 1.9058 0.0 
141000 352 510.377 -5519.091 -2.743 1.8398 0.0 
142000 354 498.0 -5522.816 -2.544 1.7837 0.0 
143000 356 496.402 -5521.908 -2.522 1.7743 0.0 
144000 358 505.145 -5520.269 -2.492 1.7934 0.0 
145000 360 503.476 -5513.79 -2.194 1.7696 0.0 
146000 362 506.52 -5495.808 -1.831 1.7705 0.0 
147000 363 508.97 -5499.603 -1.71 1.7731 0.0 
148000 364 516.211 -5511.086 -1.885 1.7915 0.0 
149000 365 525.886 -5514.363 -2.024 1.8316 0.0 
150000 366 535.369 -5511.903 -1.997 1.8748 0.0 
151000 367 544.661 -5514.015 -2.028 1.9012 0.0 
152000 368 553.768 -5499.148 -1.794 1.9525 0.0 
153000 369 562.693 -5491.073 -1.522 1.9729 0.0 
154000 371 569.198 -5472.222 -1.074 2.0062 0.0 
155000 372 577.814 -5466.778 -0.945 2.0373 0.0 
156000 373 573.818 -5464.364 -0.857 2.0171 0.0 
157000 374 582.341 -5461.198 -0.708 2.0713 0.0 
158000 377 584.231 -5447.094 -0.363 2.0782 0.0 
159000 379 572.037 -5437.517 -0.166 2.025 0.0 
160000 381 574.285 -5443.378 -0.209 2.0349 0.0 
161000 382 568.479 -5425.985 -0.109 2.0109 0.0 
162000 384 581.807 -5420.742 0.201 2.078 0.0 
163000 385 582.671 -5430.544 0.068 2.0773 0.0 
164000 387 583.712 -5424.267 0.07 2.0851 0.0 
165000 388 584.118 -5422.896 0.077 2.088 0.0 
166000 390 589.495 -5417.288 0.165 2.0926 0.0 
167000 391 592.825 -5410.688 0.337 2.1099 0.0 
168000 393 597.973 -5416.824 0.222 2.1413 0.0 
169000 394 606.013 -5421.032 0.193 2.1992 0.0 
170000 395 610.473 -5420.071 0.001 2.2345 0.0 
171000 396 618.264 -5422.843 0.007 2.2439 0.0 
172000 397 617.158 -5421.176 0.048 2.2324 0.0 
173000 399 617.709 -5400.354 0.494 2.2095 0.0 
174000 400 625.355 -5401.548 0.42 2.253 0.0 
175000 401 632.848 -5395.354 0.577 2.3148 0.0 
176000 402 640.191 -5400.732 0.435 2.3747 0.0 
177000 403 645.867 -5387.29 0.692 2.3935 0.0 
178000 404 652.95 -5396.747 0.576 2.4102 0.0 
179000 405 659.891 -5398.095 0.468 2.4546 0.0 
180000 406 666.693 -5402.579 0.346 2.4887 0.0 
181000 407 673.359 -5405.7 0.333 2.4984 0.0 
182000 408 678.852 -5404.362 0.367 2.5221 0.0 
183000 409 685.275 -5407.215 0.244 2.5578 0.0 
184000 410 691.489 -5421.261 0.03 2.5784 0.0 
185000 412 686.446 -5424.928 -0.078 2.5635 0.0 
186000 413 692.717 -5422.838 -0.017 2.5772 0.0 
187000 415 685.641 -5415.299 0.09 2.5432 0.0 
188000 416 686.668 -5418.987 0.087 2.5408 0.0 
189000 417 692.934 -5414.82 0.188 2.5913 0.0 
190000 418 699.076 -5419.108 0.062 2.6418 0.0 
191000 419 701.134 -5422.66 0.057 2.6549 0.0 
192000 420 707.111 -5422.685 0.098 2.6689 0.0 
193000 423 690.292 -5428.804 -0.056 2.602 0.0 
194000 424 696.487 -5432.809 -0.228 2.6167 0.0 
195000 425 702.557 -5429.632 -0.168 2.6294 0.0 
196000 426 708.506 -5436.066 -0.24 2.6459 0.0 
197000 429 693.303 -5428.96 -0.266 2.5753 0.0 
198000 431 684.611 -5435.464 -0.222 2.5241 0.0 
199000 435 654.351 -5438.72 -0.243 2.3879 0.0 
200000 437 640.424 -5431.824 -0.203 2.3253 0.0 
201000 440 629.215 -5426.695 -0.008 2.2638 0.0 
202000 443 607.706 -5417.148 0.135 2.1652 0.0 
203000 444 615.412 -5426.794 -0.163 2.1959 0.0 
204000 445 621.184 -5427.366 0.026 2.2049 0.0 
205000 448 608.727 -5426.549 -0.073 2.1545 0.0 
206000 451 588.319 -5416.069 0.135 2.0679 0.0 
207000 453 590.641 -5425.02 0.047 2.0667 0.0 
208000 454 598.088 -5433.933 -0.223 2.0937 0.0 
209000 456 595.32 -5429.056 -0.006 2.0963 0.0 
210000 457 603.414 -5435.928 -0.147 2.1171 0.0 
211000 458 611.345 -5438.991 -0.233 2.1447 0.0 
212000 460 597.497 -5434.444 -0.185 2.0837 0.0 
213000 461 599.987 -5428.317 -0.085 2.0935 0.0 
214000 462 607.987 -5426.215 0.028 2.1196 0.0 
215000 464 607.271 -5427.926 0.006 2.1246 0.0 
216000 465 615.125 -5421.176 0.024 2.1753 0.0 
217000 466 622.823 -5418.855 0.157 2.2095 0.0 
218000 467 630.006 -5431.352 -0.121 2.2215 0.0 
219000 470 615.954 -5423.071 0.063 2.1562 0.0 
220000 472 614.783 -5416.929 0.1 2.1352 0.0 
221000 474 613.497 -5420.992 0.075 2.1208 0.0 
222000 476 606.099 -5419.492 0.122 2.0794 0.0 
223000 479 593.36 -5410.723 0.27 2.0242 0.0 
224000 480 601.493 -5417.006 0.189 2.0568 0.0 
225000 481 593.683 -5420.776 0.219 2.025 0.0 
226000 484 594.419 -5412.539 0.281 2.0219 0.0 
227000 486 576.817 -5407.384 0.316 1.9559 0.0 
228000 487 585.281 -5408.127 0.411 2.019 0.0 
229000 488 593.575 -5402.048 0.312 2.0832 0.0 
230000 490 598.303 -5395.133 0.49 2.1044 0.0 
231000 491 597.037 -5393.197 0.689 2.0907 0.0 
232000 492 605.097 -5398.321 0.495 2.1234 0.0 
233000 493 610.495 -5404.077 0.541 2.1518 0.0 
234000 494 618.285 -5405.047 0.351 2.2277 0.0 
235000 495 625.919 -5409.804 0.396 2.2684 0.0 
236000 499 608.486 -5414.29 0.173 2.2079 0.0 
237000 500 616.316 -5418.088 0.02 2.2439 0.0 
238000 501 623.99 -5423.221 -0.006 2.2829 0.0 
239000 503 622.62 -5428.298 -0.203 2.2857 0.0 
240000 504 630.168 -5425.477 -0.146 2.324 0.0 
241000 505 633.624 -5411.346 0.11 2.3194 0.0 
242000 506 640.952 -5404.53 0.218 2.3363 0.0 
243000 507 641.333 -5401.683 0.345 2.3291 0.0 
244000 508 644.846 -5396.755 0.407 2.3323 0.0 
245000 509 651.949 -5398.409 0.387 2.3509 0.0 
246000 510 658.91 -5397.336 0.441 2.4131 0.0 
247000 512 656.957 -5391.57 0.439 2.4369 0.0 
248000 513 663.818 -5394.541 0.401 2.485 0.0 
249000 515 660.891 -5389.249 0.483 2.4809 0.0 
250000 516 660.913 -5385.334 0.612 2.4803 0.0 
251000 517 667.695 -5386.253 0.577 2.5037 0.0 
252000 518 673.801 -5391.506 0.5 2.5426 0.0 
253000 519 680.325 -5392.105 0.428 2.5862 0.0 
254000 520 686.718 -5389.915 0.323 2.6141 0.0 
255000 521 692.984 -5393.189 0.506 2.6547 0.0 
256000 523 685.031 -5383.4 0.645 2.6211 0.0 
257000 524 691.33 -5387.98 0.558 2.6341 0.0 
258000 525 697.504 -5394.505 0.452 2.6724 0.0 
259000 526 703.554 -5398.003 0.283 2.7079 0.0 
260000 527 709.483 -5399.93 0.233 2.7484 0.0 
261000 528 715.293 -5409.913 0.18 2.7672 0.0 
262000 529 720.987 -5412.054 0.025 2.8065 0.0 
263000 531 724.156 -5402.044 0.179 2.8251 0.0 
264000 532 729.673 -5404.024 0.048 2.8582 0.0 
265000 533 735.08 -5402.597 0.119 2.8838 0.0 
266000 534 740.378 -5402.071 0.098 2.9086 0.0 
267000 536 721.486 -5397.166 0.183 2.8176 0.0 
268000 538 711.166 -5386.429 0.294 2.7758 0.0 
269000 539 710.963 -5392.195 0.504 2.7769 0.0 
270000 541 706.929 -5380.799 0.412 2.748 0.0 
271000 542 712.79 -5386.289 0.566 2.7758 0.0 
272000 544 717.484 -5375.129 0.604 2.8091 0.0 
273000 545 708.434 -5374.457 0.608 2.7678 0.0 
274000 549 685.742 -5351.153 1.032 2.6691 0.0 
275000 550 674.768 -5352.423 1.032 2.622 0.0 
276000 552 675.207 -5345.49 0.973 2.6289 0.0 
277000 553 681.703 -5341.265 1.11 2.6657 0.0 
278000 554 688.069 -5349.25 0.956 2.691 0.0 
279000 555 693.207 -5346.671 0.985 2.7277 0.0 
280000 556 699.343 -5348.915 0.991 2.7267 0.0 
281000 557 705.356 -5345.128 0.925 2.7341 0.0 
282000 558 707.669 -5341.496 1.037 2.7289 0.0 
283000 559 713.516 -5342.447 1.047 2.776 0.0 
284000 560 719.245 -5343.414 1.01 2.8167 0.0 
285000 561 724.86 -5341.237 0.95 2.8326 0.0 
286000 562 730.363 -5341.141 1.014 2.85 0.0 
287000 563 735.756 -5343.185 0.936 2.8781 0.0 
288000 565 730.34 -5331.435 1.004 2.8456 0.0 
289000 566 735.733 -5332.643 0.993 2.8617 0.0 
290000 568 729.418 -5326.887 0.935 2.8223 0.0 
291000 571 712.12 -5315.178 1.233 2.7322 0.0 
292000 573 696.14 -5326.154 1.063 2.6563 0.0 
293000 575 693.192 -5327.893 0.947 2.6482 0.0 
294000 576 691.829 -5344.632 0.812 2.6312 0.0 
295000 577 697.992 -5345.669 0.523 2.6467 0.0 
296000 578 704.032 -5344.427 0.585 2.6834 0.0 
297000 579 709.952 -5344.718 0.511 2.7162 0.0 
298000 581 701.964 -5334.264 0.773 2.6835 0.0 
299000 583 705.466 -5330.244 0.851 2.7077 0.0 
300000 585 693.991 -5320.59 0.905 2.6645 0.0 
301000 586 700.111 -5326.064 0.746 2.7318 0.0 
302000 588 694.547 -5323.984 0.82 2.7131 0.0 
303000 589 695.536 -5319.268 0.847 2.7197 0.0 
304000 590 701.625 -5321.679 0.828 2.7226 0.0 
305000 591 707.592 -5323.542 0.789 2.7398 0.0 
306000 593 703.132 -5330.0 0.623 2.6926 0.0 
307000 595 685.222 -5336.403 0.651 2.6093 0.0 
308000 596 691.517 -5347.317 0.429 2.6215 0.0 
309000 597 697.687 -5346.632 0.234 2.6294 0.0 
310000 598 703.733 -5356.612 0.178 2.6313 0.0 
311000 600 701.165 -5348.888 0.194 2.6246 0.0 
312000 601 707.142 -5356.165 0.055 2.6556 0.0 
313000 602 712.999 -5359.903 -0.078 2.6983 0.0 
314000 603 718.739 -5365.072 -0.086 2.7248 0.0 
315000 604 724.364 -5367.329 -0.19 2.7682 0.0 
316000 605 729.877 -5373.287 -0.291 2.8036 0.0 
317000 607 723.634 -5371.3 -0.255 2.7767 0.0 
318000 608 729.161 -5369.121 -0.198 2.8015 0.0 
319000 610 723.027 -5369.242 -0.22 2.7693 0.0 
320000 611 728.566 -5376.218 -0.281 2.7814 0.0 
321000 612 733.995 -5378.793 -0.334 2.8112 0.0 
322000 613 739.315 -5377.529 -0.321 2.8135 0.0 
323000 615 716.928 -5376.195 -0.229 2.7165 0.0 
324000 617 712.077 -5368.934 -0.138 2.7022 0.0 
325000 618 717.836 -5369.731 -0.19 2.7069 0.0 
326000 620 712.049 -5372.431 -0.157 2.69 0.0 
327000 621 717.808 -5377.24 -0.306 2.7055 0.0 
328000 622 723.452 -5381.414 -0.402 2.7324 0.0 
329000 623 728.983 -5383.878 -0.449 2.7824 0.0 
330000 624 734.404 -5392.359 -0.53 2.7882 0.0 
331000 627 715.924 -5395.817 -0.575 2.724 0.0 
332000 628 705.786 -5399.864 -0.541 2.6792 0.0 
333000 629 711.67 -5403.772 -0.66 2.7008 0.0 
334000 631 706.568 -5402.999 -0.633 2.6806 0.0 
335000 632 712.437 -5405.454 -0.692 2.7189 0.0 
336000 633 718.188 -5412.684 -0.742 2.7514 0.0 
337000 634 723.824 -5417.792 -0.912 2.7757 0.0 
338000 635 729.348 -5421.277 -0.915 2.7839 0.0 
339000 636 734.761 -5427.654 -1.041 2.8084 0.0 
340000 637 740.065 -5428.997 -1.086 2.8167 0.0 
341000 638 745.264 -5434.865 -1.118 2.8702 0.0 
342000 639 750.359 -5442.302 -1.213 2.9119 0.0 
343000 640 755.352 -5445.955 -1.328 2.9372 0.0 
344000 641 760.245 -5449.569 -1.388 2.9405 0.0 
345000 643 760.499 -5452.875 -1.4 2.9199 0.0 
346000 644 750.749 -5453.7 -1.333 2.8757 0.0 
347000 645 755.734 -5462.297 -1.36 2.9046 0.0 
348000 646 760.619 -5463.945 -1.514 2.9252 0.0 
349000 647 765.407 -5467.33 -1.521 2.9444 0.0 
350000 648 770.099 -5472.234 -1.553 2.9516 0.0 
351000 649 774.697 -5474.754 -1.606 2.9627 0.0 
352000 651 765.319 -5471.829 -1.517 2.91 0.0 
353000 656 720.09 -5438.888 -0.875 2.7067 0.0 
354000 657 725.688 -5444.701 -0.906 2.7142 0.0 
355000 658 731.175 -5447.893 -1.002 2.744 0.0 
356000 659 736.551 -5450.421 -1.043 2.7721 0.0 
357000 660 730.54 -5456.163 -0.894 2.7475 0.0 
358000 661 735.929 -5458.17 -1.006 2.7693 0.0 
359000 663 729.227 -5460.817 -0.979 2.7384 0.0 
360000 665 732.769 -5455.253 -0.944 2.7688 0.0 
361000 666 738.114 -5457.217 -0.998 2.7948 0.0 
362000 667 743.351 -5462.391 -1.085 2.8147 0.0 
363000 668 748.484 -5469.806 -1.125 2.8322 0.0 
364000 670 737.556 -5454.67 -0.905 2.7796 0.0 
365000 671 742.805 -5459.54 -0.99 2.7904 0.0 
366000 672 735.629 -5460.372 -0.811 2.7553 0.0 
367000 673 740.917 -5468.784 -0.915 2.7855 0.0 
368000 675 734.876 -5465.766 -0.968 2.7605 0.0 
369000 677 734.015 -5454.215 -0.723 2.7518 0.0 
370000 678 739.335 -5455.423 -0.8 2.7593 0.0 
371000 679 744.548 -5458.192 -0.834 2.7975 0.0 
372000 680 749.657 -5464.861 -0.886 2.8081 0.0 
373000 681 754.664 -5474.634 -0.994 2.8083 0.0 
374000 683 747.239 -5478.637 -0.995 2.781 0.0 
375000 684 752.295 -5481.419 -1.031 2.7975 0.0 
376000 685 757.249 -5487.633 -1.135 2.7983 0.0 
377000 686 762.104 -5494.514 -1.249 2.8266 0.0 
378000 687 766.862 -5497.838 -1.291 2.8732 0.0 
379000 688 771.524 -5505.623 -1.421 2.8901 0.0 
380000 689 774.814 -5511.802 -1.572 2.8906 0.0 
381000 690 779.318 -5517.964 -1.654 2.9012 0.0 
382000 691 766.511 -5520.102 -1.524 2.8491 0.0 
383000 692 771.181 -5524.39 -1.607 2.8591 0.0 
384000 693 775.757 -5528.711 -1.687 2.8848 0.0 
385000 694 780.242 -5534.328 -1.717 2.9401 0.0 
386000 695 784.638 -5538.854 -1.782 2.9447 0.0 
387000 698 764.897 -5525.285 -1.593 2.8791 0.0 
388000 701 740.951 -5521.409 -1.372 2.7687 0.0 
389000 702 746.132 -5521.794 -1.45 2.7962 0.0 
390000 703 751.209 -5525.344 -1.421 2.8248 0.0 
391000 704 756.185 -5533.146 -1.511 2.8345 0.0 
392000 705 761.061 -5534.872 -1.622 2.8435 0.0 
393000 706 765.84 -5536.073 -1.599 2.8527 0.0 
394000 707 770.523 -5540.663 -1.574 2.8633 0.0 
395000 708 775.113 -5546.22 -1.656 2.877 0.0 
396000 709 779.611 -5553.125 -1.734 2.8975 0.0 
397000 710 784.018 -5555.053 -1.822 2.9408 0.0 
398000 711 788.338 -5554.887 -1.802 2.9422 0.0 
399000 712 792.571 -5552.882 -1.772 2.9542 0.0 
400000 713 796.72 -5556.126 -1.721 2.9637 0.0 
401000 714 800.785 -5564.029 -1.787 2.9751 0.0 
402000 715 804.77 -5572.078 -1.907 3.0044 0.0 
403000 716 808.674 -5575.928 -1.984 3.0284 0.0 
404000 717 812.501 -5582.907 -2.051 3.0423 0.0 
405000 718 816.251 -5585.291 -2.124 3.0752 0.0 
406000 719 819.926 -5586.439 -2.129 3.1058 0.0 
407000 720 823.527 -5593.652 -2.123 3.1213 0.0 
408000 721 827.057 -5601.07 -2.223 3.1625 0.0 
409000 722 830.516 -5609.313 -2.347 3.1744 0.0 
410000 723 833.905 -5620.537 -2.507 3.1996 0.0 
411000 724 837.227 -5625.323 -2.605 3.2319 0.0 
412000 726 832.738 -5631.951 -2.584 3.2014 0.0 
413000 727 836.083 -5638.986 -2.679 3.2228 0.0 
414000 728 839.362 -5635.43 -2.567 3.232 0.0 
415000 729 829.294 -5638.712 -2.562 3.1833 0.0 
416000 730 828.169 -5633.206 -2.499 3.1774 0.0 
417000 732 830.333 -5615.756 -2.118 3.1851 0.0 
418000 733 823.666 -5619.494 -2.04 3.1492 0.0 
419000 735 822.029 -5599.947 -1.635 3.12 0.0 
420000 736 819.149 -5588.438 -1.421 3.1118 0.0 
421000 738 809.233 -5579.184 -1.067 3.0685 0.0 
422000 739 812.788 -5567.552 -0.998 3.0925 0.0 
423000 740 806.392 -5558.79 -0.709 3.058 0.0 
424000 742 797.794 -5537.191 -0.251 3.0088 0.0 
425000 744 785.025 -5517.654 0.124 2.9613 0.0 
426000 745 789.325 -5504.611 0.276 2.9783 0.0 
427000 747 788.353 -5487.03 0.838 2.9635 0.0 
428000 748 783.626 -5470.308 1.053 2.9366 0.0 
429000 751 766.642 -5443.616 1.576 2.839 0.0 
430000 753 755.397 -5419.182 2.03 2.7849 0.0 
431000 755 740.243 -5381.945 2.484 2.7157 0.0 
432000 756 745.438 -5368.461 2.682 2.7202 0.0 
433000 758 730.819 -5343.421 3.195 2.6515 0.0 
434000 761 714.492 -5319.653 3.602 2.5858 0.0 
435000 762 708.103 -5295.343 3.81 2.5568 0.0 
436000 764 710.742 -5272.239 4.146 2.5556 0.0 
437000 766 696.608 -5271.797 3.921 2.4898 0.0 
438000 769 686.067 -5243.566 4.553 2.4395 0.0 
439000 770 685.086 -5218.217 4.731 2.4282 0.0 
440000 771 679.364 -5208.286 4.854 2.4016 0.0 
441000 774 674.542 -5167.742 5.35 2.3809 0.0 
442000 776 664.506 -5146.24 5.668 2.3349 0.0 
443000 779 650.122 -5101.653 6.15 2.2713 0.0 
444000 781 643.886 -5076.141 6.479 2.238 0.0 
445000 783 637.033 -5042.679 6.735 2.2085 0.0 
446000 785 631.072 -5015.255 7.045 2.1756 0.0 
447000 788 615.643 -4975.585 7.532 2.105 0.0 
448000 789 623.33 -4964.829 7.604 2.1407 0.0 
449000 790 617.843 -4936.075 7.809 2.1206 0.0 
450000 793 613.38 -4899.754 8.149 2.093 0.0 
451000 795 602.336 -4865.188 8.46 2.0466 0.0 
452000 797 603.564 -4839.49 8.644 2.039 0.0 
453000 800 587.818 -4794.034 9.068 1.9728 0.0 
454000 803 574.657 -4758.583 9.332 1.9169 0.0 
455000 805 566.449 -4726.142 9.515 1.8799 0.0 
456000 808 557.285 -4690.938 9.795 1.8326 0.0 
457000 809 553.179 -4665.329 9.931 1.8161 0.0 
458000 811 562.633 -4645.091 10.005 1.8442 0.0 
459000 814 549.994 -4612.659 10.102 1.7892 0.0 
460000 816 546.948 -4570.859 10.449 1.7665 0.0 
461000 819 535.565 -4533.27 10.676 1.7181 0.0 
462000 822 524.936 -4486.149 11.006 1.6715 0.0 
463000 823 532.217 -4461.716 11.063 1.6891 0.0 
464000 824 527.773 -4449.504 11.133 1.6701 0.0 
465000 826 532.233 -4421.412 11.145 1.6762 0.0 
466000 828 536.497 -4391.216 11.323 1.683 0.0 
467000 832 517.487 -4329.126 11.787 1.6109 0.0 
468000 835 507.199 -4297.561 11.895 1.5685 0.0 
469000 837 501.796 -4248.138 11.968 1.5484 0.0 
470000 838 511.76 -4235.199 12.099 1.5785 0.0 
471000 839 521.525 -4231.541 12.043 1.6001 0.0 
472000 840 531.095 -4216.407 12.058 1.6304 0.0 
473000 841 529.653 -4202.767 12.018 1.6207 0.0 
474000 844 532.087 -4160.609 12.211 1.6187 0.0 
475000 846 525.599 -4135.343 12.153 1.5983 0.0 
476000 850 511.586 -4088.308 12.369 1.5555 0.0 
477000 852 507.822 -4055.925 12.334 1.5455 0.0 
478000 854 503.051 -4022.005 12.494 1.531 0.0 
479000 857 497.424 -3989.124 12.537 1.5176 0.0 
480000 859 493.73 -3952.521 12.593 1.5079 0.0 
481000 862 485.841 -3929.77 12.282 1.4825 0.0 
482000 863 493.844 -3916.974 12.363 1.5109 0.0 
483000 866 489.577 -3876.15 12.412 1.504 0.0 
484000 868 491.566 -3856.371 12.497 1.5157 0.0 
485000 869 501.735 -3848.674 12.382 1.5687 0.0 
486000 870 503.6 -3841.886 12.261 1.5757 0.0 
487000 872 511.082 -3827.017 12.099 1.6079 0.0 
488000 873 520.861 -3814.589 12.039 1.6643 0.0 
489000 874 530.444 -3805.048 11.996 1.7078 0.0 
490000 875 539.835 -3802.335 11.826 1.7746 0.0 
491000 876 549.038 -3801.889 11.612 1.8442 0.0 
492000 877 558.057 -3799.723 11.436 1.8824 0.0 
493000 878 564.836 -3789.853 11.234 1.9117 0.0 
494000 879 573.539 -3785.702 11.081 1.9512 0.0 
495000 880 582.069 -3786.875 10.871 1.9889 0.0 
496000 881 590.427 -3787.524 10.632 2.0499 0.0 
497000 882 598.619 -3787.414 10.435 2.087 0.0 
498000 883 606.366 -3782.037 10.299 2.1366 0.0 
499000 884 613.079 -3779.236 10.227 2.1785 0.0 
500000 885 620.537 -3772.638 10.118 2.2033 0.0 
501000 886 626.907 -3767.313 10.019 2.2283 0.0 
502000 887 633.809 -3755.864 9.999 2.2699 0.0 
503000 888 638.792 -3753.207 10.017 2.297 0.0 
504000 889 646.017 -3747.578 9.891 2.3177 0.0 
505000 891 645.561 -3724.894 9.839 2.3132 0.0 
506000 892 648.789 -3719.065 9.798 2.3217 0.0 
507000 893 655.814 -3712.314 9.758 2.3627 0.0 
508000 895 653.449 -3692.398 9.73 2.359 0.0 
509000 896 660.38 -3692.453 9.539 2.4056 0.0 
510000 897 666.252 -3686.607 9.478 2.4383 0.0 
511000 898 672.507 -3681.185 9.372 2.4814 0.0 
512000 899 679.057 -3676.9 9.319 2.5191 0.0 
513000 901 667.945 -3660.75 9.319 2.4648 0.0 
514000 902 666.646 -3657.208 9.264 2.4622 0.0 
515000 904 670.427 -3637.093 9.163 2.4733 0.0 
516000 905 677.018 -3634.034 9.064 2.5037 0.0 
517000 906 678.558 -3628.7 9.031 2.5235 0.0 
518000 908 680.584 -3613.935 8.902 2.5327 0.0 
519000 909 680.692 -3607.535 8.863 2.5287 0.0 
520000 910 679.998 -3602.716 8.913 2.5225 0.0 
521000 911 686.398 -3599.106 8.715 2.5572 0.0 
522000 912 692.67 -3592.64 8.627 2.616 0.0 
523000 914 691.842 -3565.996 8.733 2.6098 0.0 
524000 915 698.005 -3556.049 8.835 2.6366 0.0 
525000 917 695.932 -3530.131 8.947 2.6281 0.0 
526000 919 687.965 -3506.826 9.035 2.5919 0.0 
527000 921 678.025 -3489.957 9.106 2.539 0.0 
528000 922 684.464 -3482.927 9.077 2.5852 0.0 
529000 924 675.367 -3464.407 9.066 2.5408 0.0 
530000 926 673.768 -3445.547 9.097 2.5279 0.0 
531000 928 667.884 -3428.532 9.162 2.4925 0.0 
532000 930 659.446 -3393.948 9.296 2.4501 0.0 
533000 933 642.219 -3364.464 9.463 2.3728 0.0 
534000 934 642.275 -3352.127 9.503 2.3785 0.0 
535000 936 639.016 -3327.945 9.521 2.3673 0.0 
536000 937 633.655 -3310.879 9.616 2.3426 0.0 
537000 939 645.663 -3303.069 9.604 2.379 0.0 
538000 942 627.586 -3260.462 9.973 2.2938 0.0 
539000 944 621.221 -3218.53 10.188 2.2583 0.0 
540000 945 618.537 -3206.369 10.261 2.2512 0.0 
541000 947 623.425 -3197.398 10.124 2.2869 0.0 
542000 949 616.732 -3164.425 10.251 2.2461 0.0 
543000 950 619.098 -3155.339 10.212 2.255 0.0 
544000 952 619.481 -3135.296 10.203 2.2293 0.0 
545000 953 627.092 -3127.703 10.145 2.241 0.0 
546000 954 621.69 -3113.985 10.184 2.2142 0.0 
547000 955 629.256 -3108.353 10.21 2.2801 0.0 
548000 957 634.738 -3083.056 10.202 2.3015 0.0 
549000 958 642.043 -3074.855 10.184 2.3359 0.0 
550000 959 649.202 -3065.243 10.178 2.3674 0.0 
551000 960 653.618 -3055.208 10.173 2.3731 0.0 
552000 961 651.166 -3046.103 10.219 2.3547 0.0 
553000 962 658.142 -3037.947 10.142 2.3715 0.0 
554000 964 658.14 -3019.138 10.08 2.3784 0.0 
555000 966 657.811 -2993.791 10.147 2.378 0.0 
556000 968 654.546 -2970.072 10.239 2.3539 0.0 
557000 971 636.888 -2936.708 10.399 2.2794 0.0 
558000 972 631.03 -2918.788 10.416 2.2558 0.0 
559000 974 631.201 -2893.278 10.44 2.2449 0.0 
560000 975 638.577 -2879.333 10.552 2.2563 0.0 
561000 977 640.092 -2853.89 10.69 2.2462 0.0 
562000 978 647.29 -2840.877 10.807 2.2777 0.0 
563000 979 654.344 -2820.764 10.915 2.3034 0.0 
564000 981 639.167 -2790.666 11.107 2.2392 0.0 
565000 984 628.792 -2748.161 11.239 2.2072 0.0 
566000 985 629.416 -2735.492 11.279 2.2188 0.0 
567000 987 633.331 -2716.634 11.353 2.2193 0.0 
568000 988 640.665 -2698.378 11.486 2.2461 0.0 
569000 991 623.383 -2664.12 11.538 2.1763 0.0 
570000 992 616.975 -2633.983 11.651 2.1473 0.0 
571000 995 612.921 -2604.149 11.787 2.1046 0.0 
572000 996 620.662 -2590.578 11.789 2.1357 0.0 
573000 999 603.394 -2550.839 11.893 2.063 0.0 
574000 1000 606.606 -2527.79 11.919 2.0899 0.0 
575000 1004 582.61 -2471.528 12.234 1.9858 0.0 
576000 1006 570.611 -2444.546 12.304 1.9341 0.0 
577000 1010 553.258 -2402.165 12.063 1.85 0.0 
578000 1012 538.929 -2371.251 12.191 1.7932 0.0 
579000 1013 548.151 -2358.892 12.174 1.8165 0.0 
580000 1016 542.488 -2319.669 12.238 1.7739 0.0 
581000 1017 546.218 -2325.071 11.906 1.775 0.0 
582000 1020 537.579 -2287.6 11.844 1.7567 0.0 
583000 1022 531.353 -2265.771 11.888 1.7304 0.0 
584000 1025 526.828 -2228.711 11.853 1.7112 0.0 
585000 1026 523.751 -2211.104 11.921 1.6972 0.0 
586000 1030 517.041 -2162.748 11.972 1.658 0.0 
587000 1031 526.7 -2156.069 11.925 1.7006 0.0 
588000 1035 507.412 -2110.193 12.029 1.635 0.0 
589000 1036 507.404 -2082.586 12.063 1.6398 0.0 
590000 1037 512.556 -2071.241 12.195 1.6678 0.0 
591000 1041 506.574 -2026.493 12.309 1.6363 0.0 
592000 1043 505.376 -2000.188 12.252 1.6334 0.0 
593000 1045 505.569 -1986.882 12.186 1.6358 0.0 
594000 1046 515.457 -1973.922 12.147 1.6799 0.0 
595000 1047 512.388 -1953.284 12.102 1.6677 0.0 
596000 1049 511.961 -1925.293 12.109 1.6624 0.0 
597000 1052 510.165 -1881.085 12.245 1.6593 0.0 
598000 1055 502.457 -1849.856 12.365 1.6292 0.0 
599000 1058 492.987 -1807.887 12.45 1.6041 0.0 
600000 1062 474.669 -1774.628 12.223 1.5369 0.0 
601000 1066 455.149 -1714.684 12.27 1.4671 0.0 
602000 1070 438.695 -1659.602 12.354 1.4053 0.0 
603000 1074 423.637 -1602.99 12.509 1.3485 0.0 
604000 1075 430.424 -1585.191 12.524 1.3773 0.0 
605000 1077 439.8 -1563.868 12.667 1.4025 0.0 
606000 1078 443.764 -1549.919 12.605 1.4224 0.0 
607000 1080 447.403 -1529.771 12.461 1.442 0.0 
608000 1082 451.988 -1497.931 12.493 1.4648 0.0 
609000 1085 444.641 -1455.74 12.611 1.4395 0.0 
610000 1087 447.825 -1427.11 12.721 1.4394 0.0 
611000 1089 451.023 -1403.65 12.758 1.4529 0.0 
612000 1092 441.199 -1349.109 12.886 1.4133 0.0 
613000 1094 444.101 -1329.612 12.88 1.4323 0.0 
614000 1097 441.362 -1289.562 13.022 1.4225 0.0 
615000 1098 452.535 -1278.586 13.056 1.4592 0.0 
616000 1099 463.484 -1279.043 12.694 1.5206 0.0 
617000 1101 460.7 -1233.718 12.855 1.5168 0.0 
618000 1105 447.753 -1183.675 13.022 1.471 0.0 
619000 1106 458.798 -1173.615 12.99 1.5158 0.0 
620000 1107 469.622 -1178.604 12.607 1.5763 0.0 
621000 1108 465.03 -1170.771 12.672 1.5572 0.0 
622000 1112 462.5 -1118.524 12.554 1.5654 0.0 
623000 1115 451.107 -1080.43 12.493 1.5194 0.0 
624000 1117 448.042 -1049.596 12.59 1.5014 0.0 
625000 1119 449.215 -1033.181 12.551 1.4955 0.0 
626000 1120 453.01 -1017.532 12.457 1.5055 0.0 
627000 1123 456.935 -981.681 12.529 1.5093 0.0 
628000 1124 467.797 -974.154 12.337 1.5555 0.0 
629000 1127 462.922 -936.177 12.373 1.5228 0.0 
630000 1130 450.497 -893.56 12.558 1.4696 0.0 
631000 1132 454.006 -870.825 12.456 1.4843 0.0 
632000 1133 458.685 -860.189 12.364 1.5032 0.0 
633000 1136 455.429 -817.367 12.472 1.4742 0.0 
634000 1137 462.96 -810.27 12.508 1.4941 0.0 
635000 1138 471.301 -798.556 12.371 1.5196 0.0 
636000 1139 480.115 -795.76 12.383 1.5469 0.0 
637000 1140 490.513 -791.706 12.161 1.5998 0.0 
638000 1141 500.702 -782.118 12.002 1.6246 0.0 
639000 1143 507.574 -767.648 11.876 1.6543 0.0 
640000 1145 508.211 -744.362 11.795 1.6567 0.0 
641000 1146 513.427 -731.808 11.79 1.6728 0.0 
642000 1148 522.541 -704.03 11.921 1.705 0.0 
643000 1151 510.045 -660.532 12.019 1.6566 0.0 
644000 1155 493.629 -615.11 12.17 1.5962 0.0 
645000 1158 481.875 -559.351 12.409 1.5519 0.0 
646000 1161 468.399 -508.346 12.544 1.5002 0.0 
647000 1163 475.165 -486.932 12.582 1.53 0.0 
648000 1164 485.662 -475.489 12.564 1.5862 0.0 
649000 1166 481.967 -453.103 12.494 1.5632 0.0 
650000 1168 486.104 -427.596 12.478 1.5892 0.0 
651000 1169 491.902 -420.363 12.436 1.6309 0.0 
652000 1171 498.082 -399.358 12.359 1.6494 0.0 
653000 1173 498.617 -382.336 12.256 1.6453 0.0 
654000 1175 492.827 -349.594 12.364 1.6225 0.0 
655000 1176 502.971 -340.33 12.283 1.665 0.0 
656000 1177 502.891 -332.796 12.304 1.667 0.0 
657000 1179 506.866 -312.942 12.191 1.685 0.0 
658000 1181 511.396 -293.255 12.01 1.7142 0.0 
659000 1182 521.168 -287.618 11.904 1.7467 0.0 
660000 1183 530.744 -288.386 11.704 1.7748 0.0 
661000 1184 539.37 -285.488 11.502 1.8368 0.0 
662000 1185 543.262 -282.982 11.412 1.861 0.0 
663000 1187 549.149 -262.188 11.229 1.9016 0.0 
664000 1188 558.166 -258.808 11.08 1.9574 0.0 
665000 1189 558.203 -255.365 11.096 1.9536 0.0 
666000 1191 566.538 -240.294 10.769 1.9714 0.0 
667000 1193 564.728 -222.205 10.657 1.9565 0.0 
668000 1194 573.434 -214.463 10.654 2.0118 0.0 
669000 1195 578.845 -208.204 10.587 2.0269 0.0 
670000 1196 582.388 -201.76 10.491 2.037 0.0 
671000 1197 583.62 -203.021 10.503 2.0447 0.0 
672000 1199 599.129 -201.371 10.103 2.1508 0.0 
673000 1200 607.146 -198.486 9.898 2.2117 0.0 
674000 1201 605.063 -177.29 9.99 2.1966 0.0 
675000 1202 612.962 -177.358 9.787 2.2373 0.0 
676000 1204 617.909 -176.214 9.623 2.2855 0.0 
677000 1205 612.431 -157.955 9.669 2.2573 0.0 
678000 1206 620.182 -160.867 9.501 2.292 0.0 
679000 1208 624.343 -143.955 9.285 2.3102 0.0 
680000 1209 631.856 -141.774 9.126 2.362 0.0 
681000 1212 618.319 -109.755 9.436 2.3031 0.0 
682000 1214 610.455 -71.275 9.607 2.2632 0.0 
683000 1215 606.126 -66.47 9.67 2.2414 0.0 
684000 1217 610.843 -44.292 9.586 2.2653 0.0 
685000 1219 602.556 -15.267 9.728 2.2211 0.0 
686000 1221 599.401 10.165 9.887 2.2003 0.0 
687000 1222 602.473 25.162 9.93 2.2137 0.0 
688000 1223 610.423 29.748 9.983 2.2454 0.0 
689000 1224 615.615 38.509 9.898 2.261 0.0 
690000 1225 623.302 48.975 9.866 2.2743 0.0 
691000 1228 620.04 81.198 9.924 2.2433 0.0 
692000 1231 604.137 119.733 10.173 2.1633 0.0 
693000 1233 594.682 140.4 10.131 2.117 0.0 
694000 1235 594.85 162.459 10.146 2.1109 0.0 
695000 1236 602.953 172.57 10.172 2.1498 0.0 
696000 1238 596.171 200.86 10.184 2.1198 0.0 
697000 1240 590.636 221.542 10.319 2.1014 0.0 
698000 1242 589.139 245.022 10.339 2.0763 0.0 
699000 1244 589.734 263.656 10.402 2.0651 0.0 
700000 1245 585.559 283.701 10.499 2.0495 0.0 
701000 1246 593.848 287.324 10.461 2.0736 0.0 
702000 1249 588.576 325.08 10.453 2.0666 0.0 
703000 1250 591.024 330.906 10.405 2.075 0.0 
704000 1251 588.944 338.817 10.422 2.0687 0.0 
705000 1253 590.142 360.165 10.395 2.0898 0.0 
706000 1255 597.178 383.261 10.378 2.0964 0.0 
707000 1257 587.805 399.917 10.406 2.0558 0.0 
708000 1259 591.653 420.795 10.433 2.0808 0.0 
709000 1261 589.63 428.927 10.308 2.0577 0.0 
710000 1263 583.22 457.249 10.277 2.0279 0.0 
711000 1265 576.351 489.695 10.479 1.9864 0.0 
712000 1267 569.713 514.09 10.521 1.9572 0.0 
713000 1270 563.403 555.105 10.716 1.9373 0.0 
714000 1272 561.937 575.463 10.756 1.9323 0.0 
715000 1274 556.148 606.361 10.85 1.9025 0.0 
716000 1276 558.302 616.29 10.808 1.899 0.0 
717000 1278 550.223 650.996 10.961 1.8654 0.0 
718000 1280 554.174 662.32 10.899 1.8942 0.0 
719000 1283 538.018 706.665 10.9 1.8237 0.0 
720000 1284 547.258 701.406 10.687 1.8833 0.0 
721000 1285 556.313 700.661 10.373 1.929 0.0 
722000 1286 552.086 710.842 10.401 1.9095 0.0 
723000 1288 559.244 731.096 10.331 1.9277 0.0 
724000 1289 568.059 740.172 10.32 1.9648 0.0 
725000 1291 562.335 762.579 10.386 1.9441 0.0 
726000 1293 554.378 781.344 10.444 1.9161 0.0 
727000 1296 555.139 809.213 10.393 1.9371 0.0 
728000 1298 547.298 841.982 10.468 1.8979 0.0 
729000 1300 551.785 849.309 10.453 1.9035 0.0 
730000 1303 536.048 896.303 10.607 1.8406 0.0 
731000 1305 536.019 914.52 10.575 1.8392 0.0 
732000 1306 535.398 925.492 10.617 1.8375 0.0 
733000 1307 544.69 931.157 10.375 1.8971 0.0 
734000 1308 553.797 940.255 10.384 1.9407 0.0 
735000 1310 562.866 949.293 10.351 1.9654 0.0 
736000 1311 564.429 964.527 10.263 1.9668 0.0 
737000 1314 556.78 992.438 10.301 1.9394 0.0 
738000 1315 550.965 1002.594 10.355 1.9153 0.0 
739000 1317 558.786 1020.722 10.162 1.945 0.0 
740000 1319 562.418 1032.431 10.169 1.9526 0.0 
741000 1320 565.37 1061.078 10.252 1.9737 0.0 
742000 1322 562.961 1087.11 10.392 1.958 0.0 
743000 1324 564.041 1101.03 10.381 1.9806 0.0 
744000 1326 560.915 1129.234 10.454 1.9644 0.0 
745000 1328 551.909 1157.561 10.592 1.9258 0.0 
746000 1329 560.87 1162.21 10.571 1.9728 0.0 
747000 1332 553.857 1201.857 10.589 1.9365 0.0 
748000 1333 551.259 1209.742 10.609 1.9276 0.0 
749000 1335 552.415 1231.063 10.573 1.9368 0.0 
750000 1336 561.367 1244.548 10.565 1.9636 0.0 
751000 1338 555.915 1264.365 10.609 1.9397 0.0 
752000 1339 564.797 1267.424 10.597 1.9737 0.0 
753000 1340 573.501 1271.443 10.377 2.0221 0.0 
754000 1341 577.231 1271.359 10.352 2.0232 0.0 
755000 1343 584.613 1294.912 10.209 2.0859 0.0 
756000 1344 584.501 1301.604 10.176 2.0869 0.0 
757000 1346 592.094 1323.783 10.123 2.1347 0.0 
758000 1347 600.253 1327.66 10.052 2.1623 0.0 
759000 1348 601.787 1327.08 9.986 2.1671 0.0 
760000 1349 609.752 1327.558 9.662 2.2203 0.0 
761000 1350 610.697 1337.238 9.658 2.2175 0.0 
762000 1352 612.333 1362.16 9.77 2.2226 0.0 
763000 1354 612.725 1382.623 9.76 2.222 0.0 
764000 1355 620.47 1385.6 9.614 2.248 0.0 
765000 1356 628.061 1387.382 9.438 2.2938 0.0 
766000 1357 635.5 1390.571 9.331 2.3389 0.0 
767000 1359 634.537 1408.665 9.393 2.3403 0.0 
768000 1360 635.927 1421.34 9.424 2.3438 0.0 
769000 1361 643.208 1432.965 9.438 2.3747 0.0 
770000 1362 650.344 1435.962 9.338 2.4087 0.0 
771000 1363 657.337 1434.358 9.138 2.4457 0.0 
772000 1364 656.53 1442.269 9.115 2.4323 0.0 
773000 1365 663.4 1450.117 9.083 2.4654 0.0 
774000 1366 670.132 1461.412 9.068 2.5105 0.0 
775000 1367 676.729 1469.672 9.101 2.5225 0.0 
776000 1369 677.291 1496.166 9.193 2.5501 0.0 
777000 1370 683.745 1502.511 9.249 2.5719 0.0 
778000 1371 690.07 1521.695 9.29 2.5816 0.0 
779000 1372 696.269 1531.919 9.378 2.5819 0.0 
780000 1373 701.643 1544.271 9.412 2.6028 0.0 
781000 1375 699.098 1563.051 9.471 2.6044 0.0 
782000 1376 693.376 1577.977 9.526 2.5773 0.0 
783000 1377 699.509 1590.555 9.574 2.6 0.0 
784000 1378 705.518 1600.064 9.628 2.6127 0.0 
785000 1381 696.496 1632.47 9.778 2.5686 0.0 
786000 1382 702.566 1642.829 9.795 2.6081 0.0 
787000 1384 689.677 1674.43 9.942 2.5441 0.0 
788000 1385 694.223 1686.932 9.977 2.5549 0.0 
789000 1387 692.892 1695.908 9.849 2.5721 0.0 
790000 1388 699.034 1708.164 9.943 2.6021 0.0 
791000 1389 705.053 1714.339 9.883 2.6187 0.0 
792000 1390 707.512 1732.134 9.835 2.6432 0.0 
793000 1392 697.448 1761.466 10.03 2.5931 0.0 
794000 1393 703.5 1766.437 10.078 2.5976 0.0 
795000 1395 700.901 1785.203 10.053 2.5842 0.0 
796000 1397 692.416 1812.436 10.229 2.5444 0.0 
797000 1399 686.197 1834.383 10.336 2.506 0.0 
798000 1400 691.953 1835.267 10.122 2.532 0.0 
799000 1401 698.114 1841.254 10.021 2.5562 0.0 
800000 1402 701.732 1857.12 9.968 2.5988 0.0 
801000 1403 695.237 1870.132 10.058 2.5692 0.0 
802000 1405 699.11 1893.876 10.055 2.5741 0.0 
803000 1407 692.95 1909.201 10.108 2.5284 0.0 
804000 1409 680.651 1939.666 10.271 2.4655 0.0 
805000 1411 678.368 1954.682 10.181 2.4682 0.0 
806000 1412 669.84 1978.736 10.313 2.4323 0.0 
807000 1413 676.444 1983.899 10.391 2.4418 0.0 
808000 1415 671.442 2001.849 10.343 2.4158 0.0 
809000 1417 674.038 2025.354 10.338 2.4304 0.0 
810000 1419 663.347 2058.196 10.463 2.3762 0.0 
811000 1420 659.46 2069.913 10.554 2.3566 0.0 
812000 1423 653.149 2108.256 10.654 2.3324 0.0 
813000 1425 646.593 2128.433 10.673 2.2972 0.0 
814000 1426 641.502 2144.035 10.697 2.272 0.0 
815000 1428 644.438 2167.366 10.771 2.2803 0.0 
816000 1429 651.549 2176.489 10.787 2.2985 0.0 
817000 1430 652.038 2187.362 10.796 2.3063 0.0 
818000 1431 655.938 2188.032 10.787 2.3157 0.0 
819000 1432 662.819 2182.508 10.565 2.3426 0.0 
820000 1433 669.562 2182.384 10.248 2.3938 0.0 
821000 1435 677.488 2201.929 9.938 2.4145 0.0 
822000 1437 665.241 2229.154 10.1 2.3652 0.0 
823000 1440 653.602 2263.809 10.261 2.3128 0.0 
824000 1441 650.51 2269.638 10.252 2.2923 0.0 
825000 1442 654.06 2275.5 10.15 2.3008 0.0 
826000 1444 658.539 2294.313 10.03 2.2922 0.0 
827000 1446 648.661 2311.45 10.068 2.2529 0.0 
828000 1447 655.688 2314.389 9.866 2.2916 0.0 
829000 1450 644.886 2344.175 10.054 2.2373 0.0 
830000 1451 647.069 2360.619 9.921 2.2661 0.0 
831000 1453 642.597 2374.127 9.886 2.2422 0.0 
832000 1455 628.953 2386.481 9.856 2.1825 0.0 
833000 1458 621.788 2404.515 9.659 2.1919 0.0 
834000 1460 610.84 2440.043 9.792 2.1448 0.0 
835000 1463 597.323 2475.519 9.884 2.0874 0.0 
836000 1464 605.376 2477.255 9.761 2.1062 0.0 
837000 1465 613.269 2490.253 9.741 2.135 0.0 
838000 1466 621.003 2494.365 9.761 2.1672 0.0 
839000 1468 607.281 2523.462 9.85 2.1113 0.0 
840000 1470 606.244 2545.944 9.884 2.1093 0.0 
841000 1472 604.529 2561.585 9.921 2.1129 0.0 
842000 1473 608.638 2574.152 9.895 2.1224 0.0 
843000 1474 615.306 2590.054 9.96 2.1537 0.0 
844000 1476 614.586 2615.573 10.107 2.1474 0.0 
845000 1478 604.132 2640.235 10.282 2.1026 0.0 
846000 1481 600.246 2670.938 10.356 2.075 0.0 
847000 1482 599.321 2693.795 10.422 2.0682 0.0 
848000 1484 604.135 2713.769 10.517 2.089 0.0 
849000 1485 610.892 2731.433 10.688 2.1077 0.0 
850000 1486 618.674 2744.785 10.682 2.1639 0.0 
851000 1488 613.883 2772.511 10.808 2.1364 0.0 
852000 1490 606.5 2807.479 11.017 2.1067 0.0 
853000 1491 602.57 2820.761 11.058 2.0918 0.0 
854000 1493 605.968 2841.683 11.124 2.0931 0.0 
855000 1495 606.6 2864.895 11.191 2.1004 0.0 
856000 1496 602.268 2891.902 11.323 2.0846 0.0 
857000 1497 610.222 2894.462 11.389 2.1241 0.0 
858000 1499 620.117 2912.006 11.148 2.1544 0.0 
859000 1500 627.715 2918.501 11.096 2.1629 0.0 
860000 1501 630.061 2933.167 11.044 2.1626 0.0 
861000 1503 628.141 2959.074 11.191 2.1397 0.0 
862000 1505 621.494 2981.332 11.141 2.1218 0.0 
863000 1506 616.344 2993.567 11.2 2.1036 0.0 
864000 1510 603.214 3036.569 11.233 2.0494 0.0 
865000 1513 589.656 3068.532 11.36 1.9838 0.0 
866000 1515 583.108 3096.763 11.211 1.9526 0.0 
867000 1516 578.666 3109.094 11.314 1.9321 0.0 
868000 1518 591.568 3119.254 11.236 1.945 0.0 
869000 1520 579.963 3164.34 11.375 1.902 0.0 
870000 1522 579.571 3189.529 11.535 1.9016 0.0 
871000 1523 575.339 3195.066 11.576 1.8847 0.0 
872000 1525 580.776 3219.507 11.443 1.9146 0.0 
873000 1526 589.16 3225.789 11.375 1.9395 0.0 
874000 1527 590.957 3238.361 11.335 1.9561 0.0 
875000 1529 593.775 3255.597 11.278 2.0056 0.0 
876000 1530 601.9 3271.629 11.243 2.0656 0.0 
877000 1531 609.862 3277.502 11.27 2.1115 0.0 
878000 1532 617.664 3289.071 11.191 2.14 0.0 
879000 1533 620.471 3297.956 11.244 2.1536 0.0 
880000 1535 617.787 3321.51 11.287 2.1581 0.0 
881000 1537 621.602 3345.184 11.202 2.1747 0.0 
882000 1539 619.217 3361.101 11.324 2.1621 0.0 
883000 1541 613.245 3394.778 11.509 2.1372 0.0 
884000 1543 604.406 3439.197 11.684 2.0979 0.0 
885000 1546 590.008 3481.772 11.928 2.0361 0.0 
886000 1549 573.904 3518.781 11.873 1.965 0.0 
887000 1552 557.821 3552.957 11.868 1.8967 0.0 
888000 1555 552.242 3583.729 12.003 1.8663 0.0 
889000 1558 538.532 3633.854 12.186 1.8097 0.0 
890000 1559 547.762 3646.577 12.262 1.8315 0.0 
891000 1562 535.073 3688.071 12.394 1.7694 0.0 
892000 1565 523.948 3730.736 12.481 1.7226 0.0 
893000 1566 520.309 3760.503 12.591 1.7043 0.0 
894000 1569 518.697 3793.436 12.553 1.6816 0.0 
895000 1572 506.079 3839.022 12.639 1.6255 0.0 
896000 1575 498.007 3882.659 12.825 1.5891 0.0 
897000 1579 477.633 3926.832 12.709 1.5148 0.0 
898000 1580 479.441 3935.992 12.643 1.5257 0.0 
899000 1581 488.872 3945.227 12.528 1.5748 0.0 
900000 1582 499.094 3953.102 12.464 1.6044 0.0 
901000 1583 509.113 3968.32 12.367 1.6605 0.0 
902000 1585 521.348 3984.804 12.516 1.7098 0.0 
903000 1587 521.257 4013.778 12.615 1.707 0.0 
904000 1589 518.955 4049.482 12.712 1.6931 0.0 
905000 1591 514.346 4079.377 12.634 1.6707 0.0 
906000 1595 499.319 4128.205 12.871 1.6142 0.0 
907000 1596 509.333 4137.798 12.814 1.6458 0.0 
908000 1597 504.486 4166.138 12.821 1.6256 0.0 
909000 1600 504.123 4208.208 12.905 1.6103 0.0 
910000 1602 503.721 4237.253 12.974 1.6062 0.0 
911000 1605 496.896 4272.087 13.085 1.577 0.0 
912000 1608 486.911 4315.831 13.049 1.5447 0.0 
913000 1610 487.213 4336.825 12.974 1.5573 0.0 
914000 1611 485.749 4352.998 12.991 1.5486 0.0 
915000 1615 479.669 4394.992 13.032 1.524 0.0 
916000 1618 466.6 4452.01 13.107 1.4756 0.0 
917000 1622 454.207 4491.007 13.122 1.4285 0.0 
918000 1625 447.277 4536.345 13.25 1.4024 0.0 
919000 1626 458.331 4550.686 13.249 1.4423 0.0 
920000 1629 449.921 4609.275 13.517 1.4091 0.0 
921000 1631 448.969 4647.498 13.578 1.408 0.0 
922000 1635 438.006 4693.052 13.667 1.3658 0.0 
923000 1636 432.546 4715.05 13.602 1.3462 0.0 
924000 1640 434.165 4756.391 13.577 1.3608 0.0 
925000 1643 428.018 4799.619 13.611 1.3362 0.0 
926000 1644 426.317 4829.177 13.714 1.3299 0.0 
927000 1648 424.785 4863.848 13.516 1.3199 0.0 
928000 1651 416.294 4911.998 13.513 1.2878 0.0 
929000 1653 420.688 4932.971 13.393 1.299 0.0 
930000 1656 412.686 4983.47 13.457 1.2668 0.0 
931000 1659 411.597 5025.503 13.653 1.2633 0.0 
932000 1663 398.595 5087.509 13.738 1.2139 0.0 
933000 1666 395.366 5126.777 13.762 1.1894 0.0 
934000 1668 398.737 5156.881 13.769 1.1961 0.0 
935000 1671 396.91 5196.229 13.889 1.1888 0.0 
936000 1673 391.4 5242.033 13.955 1.1681 0.0 
937000 1677 386.595 5280.41 13.786 1.1574 0.0 
938000 1679 391.384 5310.527 13.854 1.1775 0.0 
939000 1683 383.217 5353.622 13.743 1.1488 0.0 
940000 1684 384.293 5385.356 13.756 1.154 0.0 
941000 1686 397.315 5404.425 13.859 1.1988 0.0 
942000 1688 395.498 5415.681 13.356 1.1888 0.0 
943000 1690 405.277 5438.913 13.305 1.224 0.0 
944000 1692 411.204 5458.812 13.315 1.2444 0.0 
945000 1694 407.374 5496.01 13.319 1.2313 0.0 
946000 1697 410.985 5517.207 13.247 1.2466 0.0 
947000 1699 408.853 5544.081 13.041 1.2362 0.0 
948000 1700 420.676 5550.75 12.938 1.2882 0.0 
949000 1701 432.263 5573.895 12.996 1.3441 0.0 
950000 1704 431.591 5603.121 13.105 1.3532 0.0 
951000 1705 442.739 5612.891 13.116 1.4067 0.0 
952000 1708 433.432 5671.886 13.25 1.3657 0.0 
953000 1710 427.435 5711.287 13.401 1.3377 0.0 
954000 1712 438.388 5738.998 13.456 1.3797 0.0 
955000 1717 418.419 5794.025 13.434 1.3044 0.0 
956000 1719 422.584 5821.998 13.475 1.3183 0.0 
957000 1720 422.372 5847.296 13.49 1.3141 0.0 
958000 1724 419.6 5892.94 13.628 1.2989 0.0 
959000 1727 411.061 5947.667 13.748 1.2663 0.0 
960000 1729 417.723 5965.363 13.524 1.2879 0.0 
961000 1730 429.368 5973.658 13.501 1.3296 0.0 
962000 1731 438.341 5999.542 13.563 1.3555 0.0 
963000 1733 437.303 6037.051 13.711 1.3545 0.0 
964000 1736 434.711 6081.359 13.758 1.3399 0.0 
965000 1741 412.177 6150.951 13.75 1.26 0.0 
966000 1746 394.505 6204.292 13.799 1.1964 0.0 
967000 1750 383.761 6268.859 13.963 1.1572 0.0 
968000 1753 374.845 6319.452 13.958 1.1259 0.0 
969000 1755 383.841 6334.689 13.668 1.1651 0.0 
970000 1758 375.905 6388.999 13.775 1.1353 0.0 
971000 1760 385.91 6408.807 13.893 1.1768 0.0 
972000 1761 398.192 6423.081 13.838 1.2185 0.0 
973000 1762 400.468 6440.09 13.819 1.2238 0.0 
974000 1765 406.383 6475.178 13.848 1.258 0.0 
975000 1767 405.195 6511.671 13.769 1.2527 0.0 
976000 1770 401.355 6558.106 13.966 1.2264 0.0 
977000 1773 400.905 6607.511 14.079 1.2232 0.0 
978000 1776 397.82 6644.799 14.171 1.2082 0.0 
979000 1779 393.2 6696.389 14.243 1.1918 0.0 
980000 1782 386.717 6752.088 14.353 1.1673 0.0 
981000 1785 385.721 6797.278 14.486 1.161 0.0 
982000 1787 391.958 6812.523 14.407 1.1884 0.0 
983000 1788 395.719 6840.688 14.463 1.2051 0.0 
984000 1789 404.585 6852.787 14.422 1.2502 0.0 
985000 1790 416.493 6865.964 14.357 1.2995 0.0 
986000 1792 426.26 6893.275 14.317 1.3263 0.0 
987000 1794 423.878 6915.696 14.316 1.3174 0.0 
988000 1795 435.4 6927.951 14.232 1.3745 0.0 
989000 1796 439.232 6944.956 14.191 1.3796 0.0 
990000 1798 455.181 6973.757 14.238 1.4303 0.0 
991000 1800 460.916 6990.128 14.252 1.4414 0.0 
992000 1801 464.757 7018.032 14.199 1.4544 0.0 
993000 1804 457.027 7063.902 14.417 1.4242 0.0 
994000 1806 462.717 7088.786 14.263 1.4565 0.0 
995000 1807 473.462 7097.325 14.224 1.498 0.0 
996000 1810 466.833 7132.59 14.174 1.4671 0.0 
997000 1813 452.819 7181.148 14.172 1.4161 0.0 
998000 1815 461.459 7200.288 14.137 1.4492 0.0 
999000 1817 454.267 7248.327 14.283 1.4175 0.0 
1000000 1820 456.828 7283.182 14.437 1.4139 0.0 
