10000 47 131.333 451.0 6.247 0.5859 15 7333.0 404.9533 
20000 91 187.054 932.0 9.363 0.8365 30 14979.0 526.2388 
30000 144 189.059 1386.0 8.631 0.848 48 22916.0 413.2733 
40000 194 190.633 1950.0 9.954 1.6857 64 31546.0 428.4994 
50000 250 174.953 2527.0 9.758 2.0129 83 41200.0 403.3301 
60000 298 201.124 3183.0 12.771 2.5167 99 51742.0 592.8443 
70000 348 202.647 3827.0 13.039 2.5925 116 63002.0 758.3321 
80000 386 234.769 4502.0 15.337 3.0256 128 74324.0 829.9837 
90000 436 209.642 5231.0 14.53 2.7019 145 83904.0 606.8527 
100000 484 209.002 6017.0 15.983 2.6921 161 96246.0 730.5611 
110000 531 208.741 6789.0 15.93 2.6885 177 111999.0 844.7558 
120000 578 213.598 7627.0 17.538 2.7616 192 123302.0 780.8151 
130000 627 206.155 8437.0 16.613 2.6741 209 133603.0 640.327 
140000 671 219.125 9434.0 20.43 2.8341 223 148789.0 976.6155 
150000 714 220.992 10512.0 22.386 2.8629 238 163576.0 991.7047 
160000 755 236.645 11499.0 23.827 3.0677 251 177515.0 1005.7351 
170000 801 220.194 12564.0 22.961 2.855 267 193379.0 969.0326 
180000 847 221.488 13639.0 24.112 2.8725 282 206573.0 896.8078 
190000 890 231.251 14760.0 25.678 2.9981 296 221390.0 1076.4679 
200000 930 239.994 15870.0 26.343 3.1124 310 236590.0 1125.7226 
210000 966 261.587 16879.0 27.06 3.3921 322 251824.0 1227.7054 
220000 1002 272.272 17837.0 27.442 3.5312 334 266848.0 1256.5358 
230000 1036 283.864 18900.0 29.351 3.682 345 283474.0 1433.7245 
240000 1075 271.84 20030.0 29.536 3.526 358 298525.0 1231.1075 
250000 1117 251.467 21151.0 27.956 3.2611 372 315543.0 1268.414 
260000 1159 248.806 22247.0 27.426 3.2252 386 332101.0 1254.2142 
270000 1193 264.4 23331.0 29.066 3.4272 397 348887.0 1369.6917 
280000 1230 265.739 24454.0 29.103 3.4456 410 364830.0 1281.868 
290000 1263 287.436 25492.0 30.789 3.7281 421 381837.0 1523.2274 
300000 1298 283.906 26623.0 31.158 3.6866 432 401692.0 1679.0445 
310000 1336 262.928 27767.0 28.973 3.4111 445 422064.0 1581.2388 
320000 1373 272.148 28883.0 30.519 3.5187 457 439787.0 1496.8756 
330000 1409 274.012 30030.0 31.006 3.5372 469 457551.0 1467.1512 
340000 1452 249.113 31043.0 26.384 3.2137 484 471818.0 1037.677 
350000 1495 243.247 32158.0 26.928 3.1375 498 486085.0 1016.5383 
360000 1534 249.915 33254.0 27.671 3.2236 511 502516.0 1284.6195 
370000 1566 275.286 34321.0 29.418 3.5516 522 519604.0 1419.4928 
380000 1602 273.613 35452.0 29.755 3.5288 534 536638.0 1399.4112 
390000 1638 279.614 36613.0 31.748 3.6072 546 558182.0 1815.3436 
400000 1676 271.161 37758.0 31.002 3.4979 558 574894.0 1491.0505 
410000 1716 261.131 38825.0 28.798 3.3689 572 593674.0 1463.9098 
420000 1750 278.259 39974.0 31.356 3.5897 583 612560.0 1648.1003 
430000 1791 255.702 41132.0 29.185 3.2989 597 630919.0 1410.3051 
440000 1827 263.317 42277.0 29.481 3.3971 609 652663.0 1601.5561 
450000 1863 270.477 43361.0 29.975 3.4896 621 668437.0 1419.4389 
460000 1898 283.627 44496.0 31.974 3.6598 632 687292.0 1585.0297 
470000 1932 283.174 45640.0 32.082 3.6543 644 705038.0 1549.8096 
480000 1970 274.984 46746.0 31.182 3.5497 656 724030.0 1534.7271 
490000 2010 258.044 47867.0 29.188 3.3309 670 742640.0 1365.0254 
500000 2046 261.748 49066.0 30.203 3.3782 682 760014.0 1310.8126 
510000 2079 285.467 50158.0 32.289 3.6841 693 777611.0 1552.6572 
520000 2115 276.107 51277.0 30.57 3.5634 705 792445.0 1258.1235 
530000 2148 282.444 52502.0 33.142 3.6459 716 813112.0 1684.2975 
540000 2184 281.785 53718.0 33.503 3.6383 728 831186.0 1547.5899 
550000 2223 269.477 54893.0 32.467 3.4812 741 847187.0 1373.1122 
560000 2255 287.941 56096.0 34.764 3.7228 751 868385.0 1774.0043 
570000 2289 286.628 57367.0 34.835 3.7041 763 886941.0 1620.3316 
580000 2322 296.65 58598.0 36.461 3.8336 774 905168.0 1641.9797 
590000 2358 285.084 59860.0 35.469 3.6832 786 924592.0 1607.5773 
600000 2391 293.422 61177.0 37.548 3.7904 797 946419.0 1896.941 
610000 2427 282.955 62524.0 36.933 3.6543 809 964533.0 1611.7133 
620000 2461 292.468 63782.0 37.644 3.7765 820 981969.0 1600.042 
630000 2494 297.374 65053.0 38.143 3.8391 831 1002786.0 1735.6856 
640000 2529 290.217 66275.0 36.368 3.7474 843 1022881.0 1780.0528 
650000 2558 313.912 67434.0 37.669 4.0605 852 1039792.0 1776.7707 
660000 2589 308.856 68749.0 38.07 4.0032 863 1059931.0 1746.5845 
670000 2622 312.618 69950.0 38.616 4.0604 874 1079108.0 1845.207 
680000 2655 305.541 71245.0 38.707 3.9692 885 1099375.0 1819.172 
690000 2685 308.296 72498.0 38.33 4.0049 895 1119165.0 1713.143 
700000 2718 306.873 73810.0 39.07 3.9866 906 1139642.0 1880.2894 
710000 2748 314.177 75032.0 38.952 4.0804 916 1158352.0 1842.3499 
720000 2783 303.982 76164.0 37.008 3.9385 927 1177267.0 1672.7012 
730000 2814 316.782 77358.0 37.771 4.0971 938 1193486.0 1659.7051 
740000 2846 314.99 78616.0 37.849 4.0694 948 1212044.0 1764.3592 
750000 2878 312.25 79898.0 38.887 4.0322 959 1232612.0 1848.9609 
760000 2913 298.16 81166.0 37.01 3.8496 971 1253727.0 1859.5849 
770000 2949 287.163 82396.0 35.436 3.7071 983 1274741.0 1796.1986 
780000 2985 282.037 83657.0 35.261 3.641 995 1294875.0 1712.2287 
790000 3024 269.455 84770.0 32.257 3.4786 1008 1311266.0 1418.5034 
800000 3059 278.021 86005.0 33.73 3.6013 1019 1329831.0 1547.5897 
810000 3094 284.452 87280.0 35.515 3.6821 1031 1347076.0 1496.6303 
820000 3130 282.732 88417.0 33.606 3.6579 1043 1364200.0 1514.2655 
830000 3165 278.887 89602.0 32.829 3.6153 1055 1381315.0 1448.8066 
840000 3201 280.087 90855.0 34.277 3.6346 1067 1400029.0 1519.6913 
850000 3232 299.174 92168.0 37.988 3.884 1077 1421668.0 1986.7405 
860000 3267 289.954 93460.0 36.833 3.7658 1089 1441823.0 1755.344 
870000 3302 291.176 94727.0 37.024 3.7817 1100 1460488.0 1653.6309 
880000 3331 318.228 95925.0 39.173 4.1328 1110 1478019.0 1757.2371 
890000 3365 306.235 97213.0 38.695 3.9766 1121 1497095.0 1694.193 
900000 3399 300.212 98473.0 37.562 3.8997 1133 1517291.0 1813.235 
910000 3429 309.447 99673.0 37.619 4.0196 1143 1536871.0 1844.898 
920000 3464 298.328 100859.0 35.998 3.8743 1154 1556406.0 1784.8452 
930000 3495 304.875 102115.0 37.017 3.9599 1165 1575345.0 1713.4993 
940000 3528 299.779 103362.0 36.746 3.8937 1176 1594562.0 1776.7423 
950000 3563 294.378 104508.0 35.552 3.8226 1187 1613157.0 1684.0347 
960000 3592 316.345 105739.0 38.587 4.0959 1197 1635608.0 2044.9046 
970000 3622 326.684 107003.0 40.467 4.2232 1207 1658678.0 2222.2178 
980000 3654 313.475 108334.0 39.8 4.0495 1218 1679516.0 2008.1916 
990000 3684 319.834 109646.0 41.06 4.1308 1228 1702316.0 2176.691 
1000000 3717 315.778 110877.0 40.241 4.0771 1239 1720033.0 1860.5321 
1010000 3750 306.982 112239.0 40.057 3.9623 1250 1743450.0 2049.0282 
1020000 3783 307.388 113438.0 38.388 3.9778 1261 1763857.0 1856.4329 
1030000 3818 295.062 114776.0 37.992 3.8253 1272 1784782.0 1666.255 
1040000 3852 292.586 115945.0 35.449 3.7969 1284 1802178.0 1561.2289 
1050000 3882 301.426 117166.0 36.23 3.9132 1294 1819968.0 1571.5223 
1060000 3915 305.377 118417.0 37.752 3.9651 1305 1840195.0 1822.2782 
1070000 3945 310.253 119735.0 39.125 4.017 1315 1859485.0 1825.0812 
1080000 3973 335.048 120943.0 41.934 4.3304 1324 1878237.0 1920.897 
1090000 4005 318.38 122218.0 39.804 4.1118 1335 1900115.0 1942.1178 
1100000 4039 307.5 123455.0 38.418 3.9689 1346 1918251.0 1762.254 
1110000 4069 319.574 124633.0 39.173 4.1232 1356 1936011.0 1709.2664 
1120000 4101 309.415 125912.0 37.966 3.992 1367 1954639.0 1710.0429 
1130000 4134 307.081 127254.0 39.078 3.9619 1378 1976866.0 1894.0683 
1140000 4166 311.782 128485.0 39.669 4.0222 1388 1994224.0 1793.0195 
1150000 4200 300.025 129793.0 38.247 3.8704 1400 2014040.0 1677.6331 
1160000 4236 288.825 131155.0 38.068 3.7264 1412 2033174.0 1612.1627 
1170000 4269 293.6 132513.0 38.855 3.7877 1423 2053991.0 1796.8356 
1180000 4303 296.455 133873.0 40.01 3.824 1434 2077077.0 1954.3945 
1190000 4337 296.974 135187.0 39.682 3.8306 1445 2097453.0 1938.4498 
1200000 4365 316.895 136414.0 40.064 4.0872 1455 2118655.0 2025.3139 
1210000 4398 313.341 137617.0 39.044 4.0415 1466 2136502.0 1805.7786 
1220000 4428 319.939 138901.0 40.002 4.1258 1476 2156782.0 1954.1581 
1230000 4459 321.345 140200.0 41.073 4.1441 1486 2178751.0 2065.7609 
1240000 4489 324.217 141393.0 40.662 4.181 1496 2197021.0 1843.578 
1250000 4518 335.296 142535.0 39.607 4.3241 1506 2214132.0 1870.7574 
1260000 4551 319.636 143741.0 38.31 4.1229 1517 2231869.0 1731.8915 
1270000 4583 316.009 144957.0 38.228 4.0764 1527 2251047.0 1791.1782 
1280000 4611 325.587 146180.0 38.642 4.2113 1537 2271439.0 1884.0699 
1290000 4644 322.93 147351.0 38.849 4.1842 1548 2290686.0 1995.6925 
1300000 4673 330.673 148645.0 41.309 4.2877 1557 2314267.0 2149.8472 
1310000 4701 339.327 149845.0 41.46 4.402 1567 2333569.0 2149.1691 
1320000 4732 330.916 151176.0 42.44 4.2862 1577 2355518.0 2084.5238 
1330000 4766 313.749 152449.0 40.491 4.0558 1588 2373404.0 1771.454 
1340000 4798 312.259 153700.0 39.133 4.0325 1599 2392252.0 1768.8531 
1350000 4827 327.921 154891.0 40.234 4.2322 1609 2412403.0 2009.0124 
1360000 4860 317.744 156102.0 38.662 4.0998 1620 2431890.0 1927.2722 
1370000 4894 306.906 157409.0 38.691 3.9589 1631 2450596.0 1718.7614 
1380000 4927 307.915 158689.0 39.411 3.9718 1642 2469083.0 1724.0236 
1390000 4960 305.894 159938.0 38.924 3.9453 1653 2488710.0 1817.4804 
1400000 4995 297.303 161205.0 37.686 3.8349 1665 2510235.0 1892.2301 
1410000 5025 304.976 162498.0 38.327 3.9341 1675 2532015.0 1996.1732 
1420000 5058 302.202 163859.0 39.46 3.8984 1686 2554802.0 1958.2414 
1430000 5092 305.192 165176.0 40.647 3.937 1697 2575118.0 2006.0064 
1440000 5126 299.031 166541.0 40.525 3.8672 1708 2595244.0 1858.532 
1450000 5159 298.716 167829.0 39.954 3.8703 1719 2614851.0 1772.1995 
1460000 5192 302.426 169030.0 38.404 3.9224 1730 2634698.0 1795.9249 
1470000 5224 305.688 170365.0 40.137 3.9671 1741 2657656.0 1924.2963 
1480000 5256 301.571 171680.0 38.676 3.9151 1752 2681864.0 2156.4916 
1490000 5289 305.799 172944.0 39.551 3.9689 1763 2701211.0 1959.0715 
1500000 5319 313.831 174228.0 39.979 4.0613 1773 2722321.0 2032.6709 
1510000 5354 306.097 175529.0 39.568 3.9548 1784 2742206.0 1830.4403 
1520000 5385 313.103 176841.0 40.546 4.0421 1795 2763595.0 2048.1492 
1530000 5418 307.423 178118.0 39.294 3.9674 1806 2782922.0 1841.8578 
1540000 5447 319.787 179398.0 41.248 4.1246 1815 2801153.0 1815.1928 
1550000 5483 300.275 180811.0 40.424 3.8731 1827 2824427.0 1977.6691 
1560000 5514 307.725 182128.0 40.32 3.9685 1838 2842756.0 1848.1973 
1570000 5546 317.596 183316.0 40.245 4.0961 1848 2860684.0 1752.2841 
1580000 5575 328.612 184520.0 40.927 4.2375 1858 2881285.0 1949.2856 
1590000 5610 307.169 185837.0 39.186 3.9614 1870 2905590.0 2124.8177 
1600000 5640 310.271 187208.0 40.588 4.001 1880 2928870.0 2172.7323 
1610000 5672 312.054 188435.0 40.377 4.0238 1890 2950448.0 2156.9523 
1620000 5700 324.756 189682.0 40.422 4.1877 1900 2971080.0 2145.0501 
1630000 5734 315.064 190959.0 40.457 4.0628 1911 2990946.0 1930.4905 
1640000 5766 306.809 192255.0 38.921 3.9561 1922 3010874.0 1793.8215 
1650000 5800 306.742 193567.0 40.153 3.9547 1933 3036760.0 2112.049 
1660000 5835 295.247 194838.0 38.044 3.8061 1945 3057205.0 1950.505 
1670000 5871 282.533 196249.0 37.687 3.6427 1957 3080199.0 1857.7441 
1680000 5902 302.934 197586.0 40.885 3.906 1967 3101188.0 1919.3651 
1690000 5932 319.725 198900.0 42.69 4.1233 1977 3122638.0 2117.1782 
1700000 5961 325.949 200148.0 41.435 4.2032 1987 3144739.0 2186.2858 
1710000 5988 349.036 201281.0 41.792 4.5005 1996 3162442.0 2072.4301 
1720000 6017 354.924 202445.0 42.267 4.5768 2005 3183303.0 2150.7834 
1730000 6048 329.784 203660.0 38.855 4.2627 2016 3202492.0 1835.3363 
1740000 6081 321.176 204970.0 40.35 4.1599 2027 3224129.0 2020.0351 
1750000 6112 322.217 206214.0 40.091 4.1765 2037 3245288.0 2031.2676 
1760000 6144 318.603 207510.0 40.321 4.1284 2048 3265706.0 2042.2864 
1770000 6171 335.88 208721.0 40.841 4.3418 2057 3285119.0 2080.8534 
1780000 6202 332.587 210022.0 42.417 4.2941 2067 3304788.0 2016.4648 
1790000 6232 332.845 211243.0 41.881 4.2948 2077 3324798.0 2006.3748 
1800000 6263 326.958 212435.0 40.314 4.2168 2087 3341977.0 1755.5977 
1810000 6294 324.508 213688.0 40.172 4.1849 2098 3361716.0 1882.973 
1820000 6320 347.63 214892.0 42.627 4.4823 2106 3380190.0 1916.3736 
1830000 6351 332.34 216166.0 41.091 4.2847 2117 3402609.0 2082.1812 
1840000 6383 318.125 217460.0 41.446 4.1023 2127 3423867.0 1927.0629 
1850000 6414 323.324 218783.0 40.719 4.169 2138 3443096.0 1853.3713 
1860000 6445 328.433 220121.0 43.113 4.235 2148 3464525.0 1998.122 
1870000 6474 327.693 221345.0 41.17 4.225 2158 3483956.0 1962.3801 
1880000 6505 337.147 222638.0 43.037 4.3465 2168 3504415.0 1993.2916 
1890000 6537 319.888 223954.0 40.846 4.1239 2179 3527573.0 2132.6276 
1900000 6567 329.351 225199.0 42.009 4.2579 2189 3548173.0 2196.4031 
1910000 6595 342.36 226440.0 43.467 4.4324 2198 3569415.0 2169.1209 
1920000 6627 327.694 227681.0 41.111 4.247 2209 3591673.0 2218.8458 
1930000 6655 342.04 228925.0 42.74 4.4348 2218 3613035.0 2215.5392 
1940000 6687 322.698 230240.0 40.616 4.1849 2229 3634923.0 2097.0482 
1950000 6722 312.4 231505.0 40.138 4.0521 2240 3655568.0 1946.0398 
1960000 6753 311.032 232828.0 39.616 4.0347 2251 3677817.0 2085.1397 
1970000 6782 327.961 233987.0 41.435 4.2547 2260 3696698.0 2055.452 
1980000 6812 333.102 235241.0 41.785 4.3211 2270 3717858.0 2104.5704 
1990000 6840 339.578 236505.0 41.727 4.4046 2280 3740670.0 2231.3476 
2000000 6872 330.162 237754.0 41.565 4.2832 2290 3761028.0 2086.0107 
2010000 6903 325.307 238989.0 40.437 4.2207 2301 3782227.0 2042.1664 
2020000 6930 336.036 240278.0 41.547 4.36 2310 3804290.0 2186.7425 
2030000 6963 323.491 241641.0 42.499 4.197 2321 3826787.0 2194.6858 
2040000 6994 324.392 242987.0 43.303 4.2094 2331 3850216.0 2175.9485 
2050000 7024 322.133 244081.0 39.496 4.1786 2341 3871516.0 2221.353 
2060000 7056 315.875 245315.0 39.102 4.0972 2352 3891804.0 2057.024 
2070000 7085 328.067 246561.0 41.098 4.2551 2361 3910785.0 1947.3557 
2080000 7119 312.585 247891.0 39.769 4.0442 2373 3931391.0 1868.0174 
2090000 7146 324.202 249139.0 40.378 4.1996 2382 3951594.0 1961.1291 
2100000 7177 333.67 250401.0 42.292 4.3263 2392 3976853.0 2303.1322 
2110000 7208 330.423 251573.0 40.827 4.2851 2402 3995892.0 2095.9854 
2120000 7237 341.791 252850.0 42.673 4.4203 2412 4016363.0 2098.7531 
2130000 7268 332.491 254087.0 41.447 4.2944 2422 4036202.0 1964.0068 
2140000 7296 345.308 255283.0 41.291 4.4563 2432 4056664.0 2156.7561 
2150000 7326 343.419 256490.0 41.327 4.441 2442 4075484.0 2043.6106 
2160000 7356 332.995 257822.0 41.089 4.313 2452 4097014.0 2043.4052 
2170000 7388 327.757 259109.0 41.849 4.2487 2462 4119492.0 2173.7013 
2180000 7415 344.706 260282.0 42.464 4.4705 2471 4137705.0 2021.9667 
2190000 7446 334.58 261509.0 41.021 4.3394 2482 4160234.0 2217.7827 
2200000 7477 328.989 262876.0 42.406 4.2674 2492 4181523.0 1977.246 
2210000 7508 325.679 264131.0 41.381 4.224 2502 4200182.0 1915.7053 
2220000 7540 322.631 265450.0 41.812 4.1845 2513 4224770.0 2214.0354 
2230000 7572 312.364 266781.0 40.504 4.0513 2524 4245768.0 2022.6754 
2240000 7602 327.417 267993.0 41.518 4.2466 2534 4264778.0 2031.9154 
2250000 7632 329.085 269328.0 42.266 4.2684 2544 4285838.0 2056.1231 
2260000 7662 332.653 270629.0 42.886 4.3146 2554 4307368.0 2154.7233 
2270000 7692 329.809 271802.0 40.388 4.2785 2564 4329148.0 2225.7495 
2280000 7719 344.819 272988.0 41.465 4.4722 2573 4347361.0 2069.332 
2290000 7751 331.19 274324.0 42.034 4.2951 2583 4367579.0 1987.5139 
2300000 7783 323.286 275677.0 42.425 4.1932 2594 4389977.0 2011.2262 
2310000 7812 323.232 276947.0 41.336 4.1925 2604 4409868.0 1991.2649 
2320000 7845 322.145 278199.0 41.082 4.1786 2615 4433065.0 2212.7168 
2330000 7876 315.793 279510.0 40.244 4.0963 2625 4452554.0 1862.2553 
2340000 7908 315.161 280750.0 39.382 4.0815 2636 4471922.0 1863.5736 
2350000 7940 315.576 282055.0 40.648 4.0774 2646 4492050.0 1883.2175 
2360000 7972 312.335 283457.0 42.332 4.0407 2657 4512698.0 1824.9495 
2370000 8004 311.785 284810.0 41.605 4.0399 2668 4534256.0 1999.9162 
2380000 8034 317.59 286137.0 42.068 4.1186 2678 4556656.0 2049.8551 
2390000 8067 311.514 287403.0 40.7 4.0428 2689 4577633.0 2040.399 
2400000 8100 305.518 288793.0 41.214 3.9654 2700 4599090.0 2008.3138 
2410000 8131 315.811 290220.0 43.635 4.1012 2710 4621619.0 2025.7166 
2420000 8160 322.418 291492.0 42.504 4.1781 2720 4643310.0 2161.4784 
2430000 8191 325.168 292720.0 42.088 4.2041 2730 4668549.0 2235.5452 
2440000 8223 317.648 294112.0 41.739 4.1026 2741 4692007.0 2239.6993 
2450000 8252 332.688 295306.0 42.523 4.2935 2750 4710968.0 2094.521 
2460000 8281 337.014 296578.0 43.392 4.3473 2760 4731709.0 2089.5466 
2470000 8306 362.505 297658.0 43.608 4.6744 2768 4749784.0 2171.3093 
2480000 8338 340.445 299066.0 43.988 4.3897 2779 4773372.0 2281.0782 
2490000 8367 338.25 300326.0 42.54 4.3617 2789 4795993.0 2291.5907 
2500000 8397 333.156 301635.0 42.25 4.2967 2799 4818093.0 2214.0627 
2510000 8425 347.701 302871.0 44.495 4.4839 2808 4839145.0 2229.0122 
2520000 8454 340.597 304139.0 42.858 4.3918 2818 4858986.0 2151.7328 
2530000 8487 324.649 305477.0 42.232 4.1867 2829 4879223.0 1983.9703 
2540000 8518 326.891 306802.0 43.08 4.2153 2839 4902222.0 2049.6342 
2550000 8549 325.74 308150.0 43.432 4.2009 2849 4925481.0 2254.9462 
2560000 8578 337.408 309479.0 44.789 4.3514 2859 4949362.0 2364.6672 
2570000 8607 334.681 310785.0 43.181 4.3165 2869 4971233.0 2275.4182 
2580000 8641 322.23 312116.0 42.894 4.156 2880 4994179.0 2163.7614 
2590000 8667 339.354 313305.0 42.594 4.3762 2889 5017013.0 2414.9933 
2600000 8700 323.283 314548.0 40.934 4.1703 2900 5037880.0 2148.1031 
2610000 8731 323.074 315823.0 41.05 4.1668 2910 5060169.0 2016.6607 
2620000 8763 314.864 317106.0 40.002 4.0612 2921 5081337.0 2025.1185 
2630000 8798 301.882 318421.0 39.298 3.8938 2932 5104422.0 2069.9943 
2640000 8829 306.938 319659.0 38.28 3.9595 2943 5125141.0 1922.9421 
2650000 8860 310.951 320953.0 40.408 4.0105 2953 5146920.0 2008.6657 
2660000 8892 312.436 322281.0 40.671 4.0325 2964 5169118.0 2086.9464 
2670000 8925 308.337 323656.0 41.374 3.9781 2975 5190925.0 1995.3473 
2680000 8957 306.286 325069.0 42.437 3.9509 2985 5212043.0 1884.0502 
2690000 8987 316.512 326406.0 43.399 4.0824 2995 5234183.0 2118.9235 
2700000 9016 334.785 327703.0 44.4 4.3279 3005 5254204.0 2118.1979 
2710000 9049 321.629 329055.0 43.025 4.1664 3016 5275521.0 2005.6284 
2720000 9079 333.666 330235.0 41.838 4.3259 3026 5295951.0 2030.3766 
2730000 9108 337.62 331411.0 41.082 4.379 3036 5315782.0 2109.6351 
2740000 9137 337.829 332734.0 43.002 4.3844 3045 5337163.0 2112.4348 
2750000 9165 336.769 333902.0 40.414 4.3698 3055 5355125.0 1919.6176 
2760000 9198 326.395 335158.0 40.456 4.2356 3066 5374332.0 1892.3343 
2770000 9228 325.909 336460.0 40.78 4.2293 3076 5393612.0 1875.7617 
2780000 9258 325.668 337796.0 41.565 4.2274 3086 5415292.0 2088.3995 
2790000 9291 315.557 339091.0 40.592 4.0972 3097 5434409.0 1847.4939 
2800000 9320 332.746 340345.0 42.773 4.3199 3106 5456550.0 2175.3659 
2810000 9348 335.763 341585.0 41.494 4.3521 3116 5474942.0 1948.6509 
2820000 9378 330.566 342876.0 41.584 4.2751 3126 5496562.0 2069.1256 
2830000 9407 342.071 344056.0 42.287 4.4203 3135 5515463.0 2129.0619 
2840000 9439 329.049 345444.0 43.119 4.2489 3146 5538441.0 2163.6891 
2850000 9471 314.924 346740.0 40.446 4.0644 3157 5560629.0 2038.392 
2860000 9503 310.975 348027.0 41.002 4.0125 3167 5581847.0 2025.5627 
2870000 9535 317.114 349350.0 41.575 4.0912 3178 5605315.0 2066.7162 
2880000 9567 307.878 350744.0 40.826 3.9717 3189 5625623.0 1897.6991 
2890000 9598 319.264 352067.0 43.36 4.1183 3199 5647872.0 2131.2522 
2900000 9627 324.377 353397.0 42.899 4.1845 3209 5667683.0 2107.3197 
2910000 9663 302.383 354827.0 41.893 3.9008 3221 5691837.0 2112.266 
2920000 9696 300.649 356209.0 41.771 3.8815 3232 5717024.0 2223.4426 
2930000 9726 312.54 357555.0 42.202 4.0337 3242 5739984.0 2226.5722 
2940000 9759 308.312 358877.0 41.242 3.9779 3253 5763341.0 2181.2283 
2950000 9786 322.518 360240.0 43.137 4.1612 3262 5785494.0 2208.924 
2960000 9817 330.537 361545.0 44.192 4.2708 3272 5806223.0 2181.6945 
2970000 9847 331.071 362890.0 44.612 4.288 3282 5827213.0 2021.4112 
2980000 9879 323.342 364146.0 42.361 4.1925 3293 5850661.0 2277.1714 
2990000 9912 307.524 365475.0 40.173 3.9895 3304 5872168.0 1909.5059 
3000000 9946 300.909 366885.0 41.62 3.9053 3315 5894714.0 1843.358 
3010000 9975 324.012 368068.0 40.82 4.2047 3325 5913455.0 2016.0626 
3020000 10007 321.814 369381.0 41.521 4.1815 3335 5933553.0 1894.439 
3030000 10037 322.151 370650.0 40.748 4.1838 3345 5955383.0 2166.7438 
3040000 10065 328.171 372020.0 42.637 4.2608 3355 5979235.0 2188.5011 
3050000 10095 333.329 373348.0 43.749 4.3149 3365 6003465.0 2506.5526 
3060000 10125 327.838 374676.0 42.957 4.2376 3375 6027075.0 2246.3575 
3070000 10155 333.736 375963.0 43.604 4.3104 3385 6049265.0 2329.2928 
3080000 10182 346.505 377195.0 44.112 4.4729 3394 6071328.0 2387.2916 
3090000 10213 335.541 378478.0 43.555 4.3311 3404 6091777.0 2193.5343 
3100000 10245 324.64 379783.0 41.662 4.1897 3415 6112645.0 1991.1319 
3110000 10275 331.749 381092.0 43.012 4.2826 3425 6135025.0 2165.7427 
3120000 10305 327.818 382501.0 43.717 4.2305 3435 6158955.0 2228.8858 
3130000 10337 323.857 383941.0 44.954 4.1839 3445 6181613.0 2195.502 
3140000 10366 330.801 385279.0 45.247 4.2717 3455 6204054.0 2148.2362 
3150000 10401 309.908 386655.0 42.098 4.0006 3467 6226999.0 2039.104 
3160000 10434 303.411 388000.0 41.228 3.9155 3478 6252016.0 2151.5325 
3170000 10467 301.743 389468.0 42.156 3.894 3489 6276823.0 2174.8946 
3180000 10500 296.344 390812.0 40.197 3.834 3500 6300920.0 2039.7241 
3190000 10530 307.27 392154.0 41.541 3.9819 3510 6321920.0 2031.921 
3200000 10561 323.255 393473.0 43.643 4.1942 3520 6342799.0 2052.323 
3210000 10590 328.154 394774.0 42.999 4.2583 3530 6362480.0 2005.7984 
3220000 10620 323.62 396202.0 44.023 4.199 3540 6386170.0 2245.3795 
3230000 10653 319.638 397573.0 43.788 4.1494 3551 6409027.0 2183.4311 
3240000 10684 322.111 399039.0 45.925 4.1808 3561 6432976.0 2118.4756 
3250000 10713 325.683 400366.0 44.073 4.228 3571 6454087.0 2201.5485 
3260000 10743 328.497 401680.0 43.55 4.2642 3581 6475287.0 2177.4648 
3270000 10770 349.047 402860.0 44.128 4.5315 3590 6495420.0 2261.9298 
3280000 10803 328.26 404069.0 40.485 4.2537 3601 6514887.0 1960.293 
3290000 10834 326.768 405493.0 43.498 4.2254 3611 6540426.0 2135.6393 
3300000 10863 330.372 406854.0 43.651 4.272 3621 6562757.0 2303.8987 
3310000 10895 328.606 408256.0 45.205 4.2442 3631 6583455.0 2153.7735 
3320000 10927 320.45 409660.0 44.708 4.1363 3642 6605293.0 2019.8042 
3330000 10959 314.488 411025.0 43.167 4.0579 3653 6626691.0 2053.8998 
3340000 10990 321.239 412332.0 43.577 4.1449 3663 6649490.0 2114.5582 
3350000 11022 319.672 413673.0 43.049 4.1239 3674 6671348.0 2156.2673 
3360000 11052 319.399 415045.0 43.172 4.1208 3684 6695858.0 2312.5588 
3370000 11083 323.958 416454.0 45.127 4.18 3694 6717827.0 2166.545 
3380000 11107 361.954 417523.0 45.144 4.6684 3702 6735583.0 2257.0562 
3390000 11140 331.761 418775.0 41.217 4.2798 3713 6757480.0 2130.2243 
3400000 11166 350.935 419927.0 41.519 4.5265 3722 6775534.0 2080.0496 
3410000 11198 335.976 421255.0 42.47 4.3384 3732 6798602.0 2149.79 
3420000 11229 327.985 422535.0 41.742 4.2336 3743 6818301.0 2036.3893 
3430000 11260 325.895 423841.0 42.046 4.2057 3753 6838860.0 2028.0196 
3440000 11288 336.047 425084.0 42.9 4.3365 3762 6861202.0 2157.3998 
3450000 11316 338.156 426388.0 42.453 4.3748 3772 6882634.0 2152.7125 
3460000 11343 353.882 427519.0 43.369 4.5862 3781 6902487.0 2372.1856 
3470000 11372 351.393 428818.0 44.29 4.558 3790 6924318.0 2321.9555 
3480000 11402 341.109 430068.0 43.097 4.4276 3800 6944958.0 2143.3442 
3490000 11430 345.475 431320.0 43.187 4.4847 3810 6966810.0 2326.9958 
3500000 11457 349.75 432638.0 44.15 4.5398 3819 6990883.0 2357.8247 
3510000 11490 330.09 433987.0 43.34 4.2866 3830 7012250.0 2166.6215 
3520000 11517 338.267 435333.0 44.134 4.3915 3839 7034673.0 2174.7532 
3530000 11547 337.166 436612.0 43.454 4.3762 3849 7056013.0 2197.9409 
3540000 11574 347.919 437908.0 44.631 4.5136 3858 7079136.0 2377.3221 
3550000 11604 343.258 439113.0 43.649 4.4472 3868 7099176.0 2185.9433 
3560000 11631 350.839 440324.0 43.344 4.5373 3877 7119889.0 2215.7982 
3570000 11657 366.68 441552.0 45.438 4.7364 3885 7138513.0 2166.5358 
3580000 11685 351.832 442756.0 42.461 4.5433 3895 7160835.0 2198.5351 
3590000 11712 366.424 443847.0 42.884 4.7289 3904 7177488.0 2143.5069 
3600000 11738 372.596 445047.0 44.13 4.8068 3912 7195392.0 2053.2847 
3610000 11765 370.33 446276.0 44.669 4.7769 3921 7219025.0 2366.4094 
3620000 11793 363.546 447533.0 43.934 4.689 3931 7238957.0 2259.3945 
3630000 11822 356.782 448840.0 45.151 4.6017 3940 7260278.0 2147.0391 
3640000 11847 368.178 450050.0 45.12 4.7486 3949 7281493.0 2377.1479 
3650000 11877 355.787 451354.0 45.056 4.5904 3959 7301673.0 2240.2083 
3660000 11906 351.832 452676.0 45.476 4.5392 3968 7325804.0 2284.7927 
3670000 11937 331.793 453935.0 41.999 4.28 3979 7348453.0 2223.4124 
3680000 11966 337.358 455243.0 43.808 4.3506 3988 7370314.0 2310.1279 
3690000 11992 354.094 456442.0 44.358 4.5664 3997 7389918.0 2243.0892 
3700000 12021 348.989 457676.0 42.81 4.5001 4007 7408869.0 2048.7857 
3710000 12051 339.221 458963.0 42.617 4.3747 4017 7428969.0 2057.1951 
3720000 12079 353.37 460280.0 45.81 4.5569 4026 7449291.0 2130.909 
3730000 12111 330.485 461634.0 43.539 4.2623 4037 7471989.0 2198.2849 
3740000 12135 364.077 462746.0 43.838 4.6953 4045 7491845.0 2333.5841 
3750000 12162 359.452 464004.0 43.651 4.6354 4054 7510898.0 2111.9942 
3760000 12191 357.543 465257.0 45.091 4.6186 4063 7534009.0 2393.7213 
3770000 12219 354.159 466383.0 42.12 4.5782 4073 7552431.0 2120.3612 
3780000 12246 358.684 467678.0 43.924 4.631 4082 7576774.0 2438.1708 
3790000 12275 354.114 468964.0 44.882 4.5693 4091 7597135.0 2224.9441 
3800000 12306 337.437 470368.0 44.333 4.3533 4102 7620064.0 2230.227 
3810000 12335 343.369 471681.0 45.397 4.4288 4111 7641015.0 2187.5713 
3820000 12363 338.95 472985.0 43.813 4.3719 4121 7663527.0 2160.256 
3830000 12390 351.522 474230.0 44.29 4.5335 4130 7685620.0 2284.0023 
3840000 12417 357.842 475464.0 44.945 4.6169 4139 7706333.0 2381.854 
3850000 12447 349.016 476788.0 45.051 4.5019 4149 7728873.0 2353.5216 
3860000 12477 338.339 478108.0 44.064 4.3631 4159 7750793.0 2180.5225 
3870000 12504 342.106 479413.0 44.207 4.4122 4168 7771766.0 2183.0503 
3880000 12534 348.833 480668.0 44.722 4.4989 4178 7791546.0 2155.5737 
3890000 12562 354.064 482040.0 46.61 4.5656 4187 7811088.0 2059.5523 
3900000 12591 344.414 483355.0 44.798 4.4413 4197 7832829.0 2228.573 
3910000 12621 343.434 484675.0 45.535 4.4326 4207 7853109.0 2188.4694 
3920000 12651 331.524 486082.0 44.689 4.2789 4217 7876639.0 2175.1499 
3930000 12681 331.407 487409.0 44.377 4.2811 4227 7898749.0 2185.1014 
3940000 12714 316.447 488713.0 41.571 4.0849 4238 7922936.0 2168.6574 
3950000 12744 324.378 490082.0 43.169 4.1866 4248 7947346.0 2362.9165 
3960000 12774 323.51 491531.0 43.941 4.1743 4258 7968456.0 2072.0691 
3970000 12804 329.532 492768.0 43.221 4.2591 4268 7986206.0 1925.2332 
3980000 12834 324.094 494160.0 43.569 4.1979 4278 8009096.0 2150.0057 
3990000 12864 335.208 495365.0 43.263 4.3465 4288 8027086.0 1998.2318 
4000000 12894 328.366 496759.0 43.256 4.2602 4298 8049896.0 2099.7319 
4010000 12924 327.599 498052.0 42.907 4.2414 4308 8071186.0 2069.0669 
4020000 12954 331.739 499435.0 44.264 4.2875 4318 8092876.0 2184.5287 
4030000 12984 331.047 500783.0 44.231 4.2747 4328 8116336.0 2264.7925 
4040000 13014 338.268 502045.0 44.051 4.3649 4338 8136176.0 2248.8214 
4050000 13042 351.225 503300.0 45.283 4.531 4347 8157608.0 2246.2668 
4060000 13075 330.198 504571.0 42.458 4.2593 4358 8177915.0 1992.6933 
4070000 13104 330.128 505889.0 42.402 4.2699 4368 8204266.0 2479.6592 
4080000 13137 318.72 507257.0 42.031 4.1284 4379 8224813.0 2089.5216 
4090000 13165 341.273 508525.0 44.83 4.4276 4388 8247715.0 2298.8148 
4100000 13194 342.051 509798.0 43.621 4.441 4398 8268096.0 2200.4242 
4110000 13226 330.862 511148.0 43.631 4.2956 4408 8288574.0 2077.2613 
4120000 13259 320.261 512388.0 41.37 4.1583 4419 8308101.0 1881.3799 
4130000 13289 323.601 513649.0 41.472 4.201 4429 8332211.0 2288.7224 
4140000 13315 344.34 514844.0 42.802 4.4722 4438 8352985.0 2259.2178 
4150000 13341 358.64 515959.0 42.706 4.6561 4447 8371159.0 2238.442 
4160000 13368 355.046 517265.0 43.159 4.6077 4456 8391172.0 2144.376 
4170000 13399 350.987 518592.0 44.882 4.5556 4466 8410991.0 2015.1743 
4180000 13429 343.614 519925.0 45.039 4.4597 4476 8430781.0 1958.6243 
4190000 13456 351.92 521176.0 45.591 4.5665 4485 8452854.0 2260.9205 
4200000 13486 348.009 522469.0 45.208 4.515 4495 8473374.0 2111.4739 
4210000 13517 334.426 523746.0 43.166 4.3388 4505 8493053.0 2052.4271 
4220000 13548 331.213 525067.0 42.885 4.2972 4516 8514602.0 2109.7336 
4230000 13575 338.564 526396.0 43.159 4.3921 4525 8536945.0 2181.7238 
4240000 13606 335.254 527695.0 44.159 4.3489 4535 8558304.0 2217.9396 
4250000 13638 323.652 528996.0 41.624 4.1984 4546 8580292.0 2078.2771 
4260000 13668 330.128 530228.0 41.94 4.2825 4556 8599532.0 2080.2506 
4270000 13698 323.544 531628.0 42.335 4.1969 4566 8621442.0 2068.4655 
4280000 13731 308.687 533021.0 41.31 4.0052 4577 8646009.0 2136.4126 
4290000 13761 316.98 534364.0 42.449 4.1136 4587 8669009.0 2260.7195 
4300000 13792 327.466 535664.0 44.058 4.2461 4597 8691778.0 2313.7259 
4310000 13824 316.33 536977.0 41.841 4.0914 4608 8710706.0 1944.666 
4320000 13852 332.207 538274.0 44.003 4.291 4617 8733338.0 2191.2531 
4330000 13884 319.673 539705.0 43.215 4.1263 4628 8757736.0 2240.0142 
4340000 13914 326.667 540911.0 42.546 4.2149 4638 8775206.0 1989.0141 
4350000 13943 335.415 542209.0 43.561 4.3314 4647 8795297.0 2017.8453 
4360000 13974 320.786 543544.0 42.006 4.1399 4658 8816646.0 1977.2071 
4370000 14005 324.655 544920.0 44.186 4.1892 4668 8840105.0 2120.3995 
4380000 14032 347.66 546122.0 44.711 4.4849 4677 8858338.0 2039.6867 
4390000 14061 343.212 547285.0 41.841 4.4271 4687 8876289.0 1949.094 
4400000 14088 351.659 548409.0 41.226 4.5359 4696 8895062.0 2052.1482 
4410000 14116 359.602 549674.0 44.071 4.6377 4705 8916174.0 2184.9897 
4420000 14145 348.214 550994.0 43.219 4.4954 4715 8940135.0 2353.6894 
4430000 14172 358.637 552119.0 43.012 4.6276 4724 8958488.0 2217.3557 
4440000 14201 351.291 553406.0 43.52 4.5311 4733 8978499.0 2177.0805 
4450000 14228 357.791 554613.0 44.222 4.6148 4742 8998832.0 2210.1628 
4460000 14257 355.525 555985.0 45.803 4.5849 4752 9023463.0 2365.2907 
4470000 14286 352.526 557239.0 44.529 4.5466 4762 9042934.0 2243.4962 
4480000 14319 327.607 558617.0 42.718 4.2252 4773 9065931.0 2130.384 
4490000 14347 344.329 559899.0 44.983 4.4403 4782 9087103.0 2241.9804 
4500000 14378 337.353 561193.0 43.773 4.3599 4792 9110132.0 2231.8964 
4510000 14410 327.855 562523.0 43.237 4.2471 4803 9133320.0 2137.2529 
4520000 14439 331.958 563836.0 43.175 4.3033 4813 9153511.0 2162.2101 
4530000 14468 336.675 565064.0 43.599 4.3654 4822 9172712.0 2133.5279 
4540000 14497 342.394 566391.0 44.652 4.4408 4832 9195223.0 2245.2956 
4550000 14528 329.607 567622.0 42.535 4.2752 4842 9213462.0 1896.7958 
4560000 14558 326.654 568962.0 43.282 4.2375 4852 9234292.0 1971.2914 
4570000 14589 321.644 570307.0 41.852 4.1728 4863 9257221.0 2077.8687 
4580000 14620 326.223 571650.0 43.571 4.232 4873 9277850.0 2053.8617 
4590000 14652 315.633 573063.0 42.77 4.0945 4884 9300188.0 2058.2902 
4600000 14683 321.194 574392.0 43.898 4.1671 4894 9325147.0 2240.1202 
4610000 14714 322.501 575743.0 44.075 4.1916 4904 9346006.0 2098.7802 
4620000 14744 329.416 577042.0 43.627 4.2778 4914 9368936.0 2297.9657 
4630000 14773 337.73 578369.0 44.799 4.3853 4924 9391177.0 2258.7678 
4640000 14803 337.425 579676.0 44.772 4.3694 4934 9414177.0 2300.8154 
4650000 14831 340.344 580947.0 44.845 4.3996 4943 9437369.0 2428.7752 
4660000 14856 360.691 582112.0 44.268 4.6569 4952 9459294.0 2437.1178 
4670000 14883 370.268 583222.0 43.948 4.7774 4961 9476887.0 2318.7398 
4680000 14916 332.368 584573.0 41.506 4.2872 4972 9498054.0 1965.7265 
4690000 14948 324.521 585938.0 42.517 4.1849 4982 9520142.0 2056.9388 
4700000 14978 331.048 587292.0 43.824 4.2742 4992 9541962.0 2121.2406 
4710000 15009 321.946 588658.0 42.753 4.1537 5003 9564741.0 2152.1864 
4720000 15039 323.718 590023.0 43.053 4.1749 5013 9592331.0 2469.8933 
4730000 15068 335.012 591233.0 44.234 4.3196 5022 9613312.0 2361.1402 
4740000 15097 343.924 592481.0 43.936 4.434 5032 9634693.0 2148.0645 
4750000 15127 340.776 593758.0 43.656 4.3932 5042 9657893.0 2277.1192 
4760000 15157 338.516 594983.0 42.265 4.3635 5052 9677643.0 2180.0904 
4770000 15186 337.761 596348.0 43.453 4.3552 5062 9702654.0 2371.1157 
4780000 15212 362.078 597522.0 44.714 4.6686 5070 9722708.0 2373.0834 
4790000 15242 342.122 598886.0 44.302 4.4114 5080 9747578.0 2480.4616 
4800000 15271 345.599 600132.0 43.486 4.4555 5090 9769819.0 2304.0236 
4810000 15301 341.661 601387.0 43.137 4.4142 5100 9790109.0 2160.9544 
4820000 15330 342.541 602627.0 42.431 4.4354 5110 9810180.0 2105.1425 
4830000 15360 332.372 604059.0 43.41 4.3073 5120 9833070.0 2130.681 
4840000 15388 350.079 605338.0 46.056 4.5439 5129 9853132.0 2211.0286 
4850000 15417 348.168 606602.0 44.978 4.527 5139 9873643.0 2247.5421 
4860000 15445 351.666 607873.0 44.759 4.5676 5148 9894045.0 2075.2328 
4870000 15477 334.218 609254.0 43.722 4.3395 5159 9917363.0 2219.4011 
4880000 15505 345.629 610552.0 45.322 4.4856 5168 9939775.0 2327.0485 
4890000 15531 354.659 611675.0 43.236 4.6014 5177 9957759.0 2106.5269 
4900000 15555 372.531 612826.0 44.013 4.8321 5185 9975535.0 2117.4697 
4910000 15587 354.717 614052.0 43.367 4.595 5195 9994613.0 2007.9834 
4920000 15618 340.374 615382.0 43.09 4.4011 5206 10015642.0 2081.6007 
4930000 15648 337.064 616753.0 44.093 4.3529 5216 10038842.0 2242.5457 
4940000 15677 340.821 618108.0 45.095 4.3997 5225 10061813.0 2297.2015 
4950000 15705 343.498 619423.0 45.052 4.432 5235 10084665.0 2417.3833 
4960000 15734 342.987 620702.0 45.018 4.4311 5244 10105286.0 2256.4906 
4970000 15771 300.588 622090.0 39.808 3.8807 5257 10127009.0 1917.6886 
4980000 15802 315.462 623370.0 41.793 4.0714 5267 10148218.0 1979.5881 
4990000 15834 310.02 624703.0 41.321 4.0101 5278 10169136.0 2059.3586 
5000000 15866 309.715 626074.0 42.068 4.0113 5288 10189494.0 1956.896 
5010000 15895 324.702 627384.0 43.341 4.2094 5298 10211605.0 2131.0707 
5020000 15924 332.209 628688.0 43.631 4.3083 5308 10233256.0 2242.364 
5030000 15954 331.316 630010.0 43.401 4.2972 5318 10252146.0 1984.2575 
5040000 15987 319.363 631411.0 43.077 4.1424 5329 10274983.0 2048.9384 
5050000 16018 318.966 632810.0 43.871 4.1283 5339 10295322.0 1917.2515 
5060000 16044 341.53 633966.0 43.26 4.4128 5348 10313176.0 2044.3049 
5070000 16074 332.488 635379.0 43.745 4.2922 5358 10337776.0 2105.4023 
5080000 16106 330.203 636670.0 43.566 4.2646 5368 10359804.0 2215.4021 
5090000 16131 350.032 637885.0 43.983 4.5178 5377 10378339.0 2216.1837 
5100000 16159 354.969 639103.0 44.261 4.5918 5386 10400321.0 2335.8297 
5110000 16188 351.343 640364.0 44.269 4.5389 5396 10419882.0 2192.1252 
5120000 16218 337.608 641667.0 43.205 4.3584 5406 10443622.0 2349.3263 
5130000 16246 345.858 642899.0 43.67 4.4626 5415 10464914.0 2329.0444 
5140000 16274 351.657 644217.0 45.106 4.5463 5424 10489386.0 2542.7853 
5150000 16302 342.977 645586.0 44.534 4.4423 5434 10509928.0 2221.5773 
5160000 16329 359.304 646751.0 44.806 4.6565 5443 10529171.0 2231.116 
5170000 16362 332.984 647985.0 41.284 4.3175 5454 10552838.0 2218.0355 
5180000 16389 345.258 649236.0 42.071 4.4771 5463 10576201.0 2368.3814 
5190000 16419 342.033 650546.0 43.168 4.4357 5473 10596811.0 2194.9354 
5200000 16446 348.331 651873.0 44.516 4.5179 5482 10617424.0 2177.701 
5210000 16477 344.174 653194.0 45.149 4.4642 5492 10637693.0 2054.3843 
5220000 16502 368.946 654309.0 45.178 4.7858 5500 10656878.0 2261.0974 
5230000 16530 356.704 655656.0 45.023 4.6282 5510 10677780.0 2255.289 
5240000 16558 358.399 656994.0 47.325 4.6509 5519 10700722.0 2373.8503 
5250000 16584 367.848 658199.0 45.856 4.7737 5528 10718906.0 2226.8486 
5260000 16614 347.015 659522.0 44.247 4.5035 5538 10741006.0 2152.5919 
5270000 16643 349.879 660710.0 44.149 4.5404 5547 10760887.0 2202.4922 
5280000 16673 344.248 662015.0 43.98 4.4659 5557 10783117.0 2179.0605 
5290000 16700 351.672 663242.0 44.481 4.5615 5566 10802620.0 2222.6147 
5300000 16728 354.921 664547.0 45.17 4.5949 5576 10822322.0 2182.1706 
5310000 16755 357.368 665876.0 45.479 4.6252 5585 10844595.0 2275.9715 
5320000 16785 348.243 667129.0 43.699 4.5005 5595 10867665.0 2331.6922 
5330000 16815 341.669 668426.0 43.287 4.4113 5605 10889405.0 2266.7014 
5340000 16850 317.384 669722.0 41.052 4.1088 5616 10911370.0 2090.2515 
5350000 16878 323.488 671046.0 41.573 4.1904 5626 10934322.0 2235.7823 
5360000 16908 331.722 672350.0 43.273 4.2912 5636 10955182.0 2231.6794 
5370000 16937 337.144 673658.0 44.726 4.3643 5645 10976013.0 2215.0449 
5380000 16967 337.942 675014.0 45.032 4.3663 5655 10997773.0 2170.6725 
5390000 16998 331.257 676323.0 43.655 4.2809 5666 11021542.0 2267.8469 
5400000 17031 318.691 677672.0 42.124 4.114 5677 11043549.0 2074.5516 
5410000 17061 324.073 679030.0 43.195 4.1913 5687 11066559.0 2238.4487 
5420000 17092 321.951 680477.0 44.48 4.1669 5697 11087608.0 2102.2265 
5430000 17124 313.723 681837.0 42.698 4.054 5708 11111966.0 2275.432 
5440000 17152 337.495 683147.0 45.539 4.3586 5717 11136188.0 2383.4089 
5450000 17181 338.764 684448.0 44.728 4.3721 5727 11156229.0 2249.9191 
5460000 17211 333.255 685789.0 44.348 4.2996 5737 11178959.0 2247.0006 
5470000 17241 327.618 687169.0 43.748 4.2297 5747 11203099.0 2298.6118 
5480000 17271 332.84 688481.0 44.719 4.2946 5757 11226319.0 2386.5895 
5490000 17299 343.405 689890.0 47.156 4.4294 5766 11250021.0 2371.261 
5500000 17326 351.978 691086.0 46.108 4.5444 5775 11269314.0 2232.1486 
5510000 17355 343.842 692309.0 42.725 4.442 5785 11291825.0 2213.5097 
5520000 17386 337.732 693621.0 43.721 4.3781 5795 11313474.0 2243.4325 
5530000 17415 334.761 694856.0 41.755 4.3419 5805 11332465.0 1984.7271 
5540000 17443 349.95 696174.0 45.484 4.5418 5814 11355877.0 2292.5153 
5550000 17475 334.289 697447.0 42.925 4.3382 5825 11380215.0 2448.8417 
5560000 17505 328.335 698855.0 43.562 4.2651 5835 11402405.0 2247.934 
5570000 17535 333.174 700183.0 44.404 4.329 5845 11423465.0 2214.5996 
5580000 17562 346.096 701493.0 45.202 4.4941 5854 11444978.0 2273.7395 
5590000 17589 347.557 702802.0 44.677 4.5137 5863 11464951.0 2094.8459 
5600000 17619 346.687 703941.0 43.016 4.5005 5873 11482101.0 1946.5165 
5610000 17647 351.73 705265.0 45.376 4.5661 5882 11503283.0 2126.3588 
5620000 17676 343.965 706504.0 43.375 4.4645 5892 11522674.0 2072.0643 
5630000 17704 352.096 707821.0 45.611 4.5673 5901 11543856.0 2146.8365 
5640000 17736 332.608 709113.0 43.204 4.3196 5912 11564624.0 2073.9417 
5650000 17766 323.217 710504.0 42.436 4.1956 5922 11588004.0 2157.2675 
5660000 17796 330.715 711848.0 44.129 4.2935 5932 11610054.0 2209.6039 
5670000 17823 345.573 713089.0 44.024 4.4848 5941 11629317.0 2124.1768 
5680000 17853 341.81 714456.0 44.893 4.4374 5951 11649107.0 2041.8739 
5690000 17883 335.694 715863.0 45.391 4.3564 5961 11671977.0 2209.7856 
5700000 17914 332.239 717096.0 43.582 4.3031 5971 11694656.0 2171.4699 
5710000 17944 337.08 718396.0 44.025 4.3557 5981 11715146.0 2112.0429 
5720000 17977 323.101 719795.0 43.636 4.1706 5992 11739393.0 2177.5787 
5730000 18006 322.663 721188.0 43.661 4.1622 6002 11761624.0 2271.1383 
5740000 18033 347.005 722409.0 45.083 4.4743 6011 11780457.0 2253.5236 
5750000 18063 337.021 723835.0 44.948 4.3452 6021 11802567.0 2120.5089 
5760000 18093 333.202 725201.0 44.801 4.308 6031 11824917.0 2081.9072 
5770000 18124 331.815 726445.0 44.138 4.296 6041 11845696.0 2274.9426 
5780000 18155 329.055 727807.0 44.075 4.2518 6051 11869705.0 2318.785 
5790000 18185 327.959 729075.0 43.239 4.2323 6061 11890655.0 2195.9073 
5800000 18216 323.552 730463.0 43.606 4.1812 6072 11915884.0 2380.5747 
5810000 18246 324.87 731841.0 43.794 4.1929 6082 11942394.0 2519.6798 
5820000 18273 335.982 733142.0 44.22 4.3334 6091 11963347.0 2351.8817 
5830000 18303 336.939 734474.0 44.128 4.3485 6101 11987637.0 2386.5596 
5840000 18333 336.023 735736.0 43.28 4.3338 6111 12008357.0 2207.9354 
5850000 18363 335.217 736994.0 42.989 4.3215 6121 12028677.0 2130.2116 
5860000 18389 355.164 738129.0 44.001 4.5812 6129 12048501.0 2132.5255 
5870000 18415 369.63 739372.0 45.59 4.7875 6138 12070275.0 2381.4502 
5880000 18444 362.875 740610.0 44.566 4.7031 6148 12091946.0 2329.9715 
5890000 18471 362.467 741976.0 45.727 4.6999 6157 12113259.0 2306.4925 
5900000 18504 326.338 743392.0 43.181 4.2446 6168 12137566.0 2127.1741 
5910000 18535 333.683 744758.0 45.523 4.3337 6178 12161315.0 2258.3856 
5920000 18566 329.245 746040.0 43.688 4.2738 6188 12183724.0 2320.1172 
5930000 18595 336.363 747412.0 45.625 4.3654 6198 12207965.0 2334.6299 
5940000 18624 334.352 748770.0 44.678 4.3375 6208 12233016.0 2473.0296 
5950000 18653 343.455 750052.0 46.037 4.4636 6217 12253157.0 2339.3409 
5960000 18685 331.538 751490.0 45.831 4.3043 6228 12277455.0 2341.5966 
5970000 18716 326.927 752809.0 44.557 4.2415 6238 12302394.0 2510.8862 
5980000 18744 333.708 754188.0 44.629 4.3282 6248 12325396.0 2405.7652 
5990000 18772 350.572 755382.0 45.431 4.5457 6257 12345568.0 2255.5968 
6000000 18806 315.773 756681.0 41.146 4.0942 6268 12366634.0 1977.7991 
6010000 18839 312.166 758139.0 42.896 4.0475 6279 12388991.0 2036.9148 
6020000 18867 323.409 759504.0 43.417 4.1925 6289 12416233.0 2540.8302 
6030000 18898 332.909 760829.0 44.995 4.3158 6299 12436942.0 2283.9773 
6040000 18926 340.746 762113.0 45.54 4.4243 6308 12456504.0 2227.2765 
6050000 18954 352.636 763260.0 43.398 4.5698 6318 12476726.0 2167.4974 
6060000 18984 341.94 764532.0 42.006 4.4198 6328 12496806.0 2007.3538 
6070000 19016 329.962 765899.0 42.573 4.2623 6338 12518534.0 2025.2296 
6080000 19043 347.573 766988.0 41.939 4.4844 6347 12537177.0 2052.6573 
6090000 19072 345.691 768331.0 43.82 4.4587 6357 12558548.0 2156.508 
6100000 19098 352.353 769611.0 43.892 4.5422 6366 12580572.0 2213.9791 
6110000 19128 350.82 770879.0 44.613 4.5339 6376 12602332.0 2338.733 
6120000 19155 349.3 772288.0 45.492 4.5196 6385 12628745.0 2497.7206 
6130000 19185 343.134 773648.0 45.692 4.4317 6395 12653015.0 2503.2405 
6140000 19213 352.398 774938.0 47.009 4.5592 6404 12673777.0 2355.8667 
6150000 19241 351.006 776155.0 44.85 4.5379 6413 12693689.0 2295.5177 
6160000 19269 349.469 777510.0 44.945 4.5136 6423 12717001.0 2347.0794 
6170000 19298 351.921 778775.0 45.751 4.5406 6432 12738972.0 2461.2117 
6180000 19328 341.204 780123.0 45.183 4.4004 6442 12762612.0 2319.5441 
6190000 19356 351.783 781353.0 44.738 4.5358 6452 12784284.0 2368.7253 
6200000 19384 353.19 782702.0 46.133 4.5533 6461 12806706.0 2304.4725 
6210000 19416 335.15 784077.0 44.646 4.3208 6472 12827984.0 2191.1299 
6220000 19441 356.135 785386.0 47.632 4.5901 6480 12851719.0 2461.8062 
6230000 19470 350.26 786712.0 45.572 4.5149 6490 12872680.0 2293.1917 
6240000 19502 337.945 788089.0 45.705 4.3557 6500 12898548.0 2384.7456 
6250000 19533 330.492 789461.0 44.888 4.259 6511 12920047.0 2238.271 
6260000 19560 340.89 790843.0 45.791 4.3926 6520 12942460.0 2319.4361 
6270000 19590 338.038 792092.0 44.486 4.3557 6530 12961330.0 2151.1226 
6280000 19620 327.659 793449.0 43.46 4.2302 6540 12985060.0 2200.5266 
6290000 19650 333.079 794754.0 44.098 4.3086 6550 13005720.0 2186.9698 
6300000 19679 341.301 796083.0 45.297 4.4246 6559 13028271.0 2175.2668 
6310000 19707 344.819 797393.0 44.627 4.4704 6569 13049563.0 2228.2145 
6320000 19734 356.91 798669.0 45.551 4.6271 6578 13071736.0 2441.2482 
6330000 19764 338.87 800098.0 45.318 4.3938 6588 13095656.0 2329.4469 
6340000 19793 349.99 801344.0 46.007 4.5379 6597 13117147.0 2274.2375 
6350000 19824 331.412 802728.0 43.961 4.2964 6608 13137746.0 2070.6699 
6360000 19851 347.069 803961.0 44.512 4.4938 6617 13157859.0 2253.8111 
6370000 19878 353.707 805301.0 45.783 4.5707 6626 13185192.0 2585.8864 
6380000 19910 337.898 806683.0 45.728 4.3611 6636 13206650.0 2285.241 
6390000 19941 331.129 808043.0 44.627 4.2707 6647 13229239.0 2313.6653 
6400000 19971 329.095 809506.0 45.217 4.2438 6657 13253249.0 2349.2867 
6410000 20001 332.641 810873.0 45.673 4.2879 6667 13273449.0 2159.3482 
6420000 20028 340.575 812195.0 45.444 4.3893 6676 13294432.0 2183.5282 
6430000 20055 353.539 813451.0 45.793 4.5564 6685 13313625.0 2145.1042 
6440000 20086 344.912 814876.0 47.333 4.4456 6695 13336224.0 2164.9712 
6450000 20112 349.623 816149.0 45.94 4.5055 6704 13360278.0 2517.6762 
6460000 20141 357.641 817386.0 46.392 4.6082 6713 13381459.0 2369.9763 
6470000 20169 353.547 818692.0 46.136 4.5592 6723 13403191.0 2422.9296 
6480000 20199 343.257 820031.0 44.827 4.4251 6733 13424311.0 2218.5065 
6490000 20229 333.825 821463.0 45.065 4.3036 6743 13450611.0 2415.0836 
6500000 20259 325.399 822896.0 45.076 4.195 6753 13475061.0 2409.2717 
6510000 20289 334.976 824160.0 44.974 4.3298 6763 13494851.0 2218.8361 
6520000 20321 323.595 825343.0 41.347 4.1853 6773 13516479.0 2178.5167 
6530000 20349 338.45 826605.0 42.423 4.3698 6783 13535901.0 2083.2786 
6540000 20379 336.343 827957.0 43.73 4.3395 6793 13558611.0 2203.8245 
6550000 20409 332.347 829341.0 44.286 4.2849 6803 13580721.0 2221.4591 
6560000 20437 344.467 830740.0 46.922 4.4397 6812 13605283.0 2414.973 
6570000 20467 341.515 832116.0 46.934 4.401 6822 13627293.0 2277.064 
6580000 20497 338.534 833491.0 46.615 4.3637 6832 13647953.0 2140.6649 
6590000 20526 339.612 834790.0 44.945 4.3764 6842 13668424.0 2186.2638 
6600000 20559 324.705 836139.0 43.688 4.1839 6853 13690341.0 2135.2286 
6610000 20583 351.184 837330.0 44.7 4.525 6861 13708827.0 2123.6732 
