10000 557 17.802 -3700.228 -6.659 0.0112 0.0 
20000 1073 19.505 -5573.27 0.569 0.0408 0.0 
30000 1585 19.84 -5315.357 0.282 0.042 0.0 
40000 2007 24.253 -2920.125 7.622 0.052 0.0 
50000 2452 23.751 303.482 7.769 0.0503 0.0 
60000 2866 22.825 3647.244 7.751 0.0483 0.0 
70000 3287 23.235 7491.039 9.241 0.0489 0.0 
80000 3673 26.745 11842.753 12.138 0.057 0.0 
90000 3998 34.79 16770.504 18.705 0.0747 0.0 
100000 4319 29.986 22114.186 16.506 0.064 0.0 
110000 4643 32.638 27840.592 18.321 0.0692 0.0 
120000 4954 30.972 33382.001 16.224 0.067 0.0 
130000 5254 34.528 38858.958 18.746 0.0736 0.0 
140000 5526 37.25 44508.378 22.094 0.0788 0.0 
150000 5802 35.304 50138.428 19.507 0.075 0.0 
160000 6067 41.512 55964.886 22.894 0.0881 0.0 
170000 6309 41.824 61889.66 25.142 0.0893 0.0 
180000 6538 45.98 68174.094 30.07 0.0985 0.0 
190000 6760 41.192 74773.633 27.714 0.088 0.0 
200000 7001 40.314 81941.511 28.786 0.0861 0.0 
210000 7233 46.19 88912.142 32.395 0.0983 0.0 
220000 7443 47.227 95999.547 33.767 0.1008 0.0 
230000 7678 41.132 103588.409 31.962 0.0881 0.0 
240000 7923 39.88 111348.756 31.037 0.0865 0.0 
250000 8153 44.237 119090.873 33.522 0.0948 0.0 
260000 8376 42.623 126846.656 34.307 0.0928 0.0 
270000 8597 43.154 134656.269 34.292 0.092 0.0 
280000 8814 45.365 142317.379 35.571 0.0977 0.0 
290000 9049 43.766 150205.069 34.911 0.0941 0.0 
300000 9267 44.872 158099.786 35.324 0.0962 0.0 
310000 9488 42.876 165657.645 32.158 0.0919 0.0 
320000 9725 43.047 173265.5 34.077 0.0921 0.0 
330000 9944 47.395 181169.898 37.543 0.1015 0.0 
340000 10171 44.841 189216.887 35.504 0.0963 0.0 
350000 10399 42.369 197007.2 33.2 0.0903 0.0 
360000 10636 44.177 204802.915 35.096 0.0943 0.0 
370000 10876 41.3 213208.191 35.449 0.0885 0.0 
380000 11100 46.849 221194.708 39.138 0.1009 0.0 
390000 11322 43.165 229404.308 35.938 0.0931 0.0 
400000 11544 45.933 237883.244 39.21 0.0981 0.0 
410000 11779 44.389 246321.348 38.548 0.0942 0.0 
420000 12016 44.306 254651.445 36.629 0.0956 0.0 
430000 12251 43.533 262904.882 37.232 0.0933 0.0 
440000 12485 42.282 271527.049 37.273 0.0905 0.0 
450000 12718 42.334 280407.793 37.606 0.0916 0.0 
460000 12957 42.567 289169.157 37.011 0.0908 0.0 
470000 13189 42.609 297801.993 37.661 0.0916 0.0 
480000 13436 42.429 306621.558 37.165 0.0909 0.0 
490000 13689 39.737 315668.485 36.061 0.085 0.0 
500000 13949 38.279 324812.284 35.242 0.0826 0.0 
510000 14212 36.873 333989.369 33.444 0.0792 0.0 
520000 14470 39.709 343090.539 36.497 0.0848 0.0 
530000 14712 41.666 352323.788 38.56 0.0888 0.0 
540000 14951 43.592 361684.112 39.855 0.0937 0.0 
550000 15185 41.533 370926.616 38.084 0.0898 0.0 
560000 15410 42.514 379855.89 37.156 0.0916 0.0 
570000 15650 42.734 389097.777 39.994 0.0914 0.0 
580000 15885 43.675 398540.773 42.002 0.0936 0.0 
590000 16116 42.205 408115.814 39.413 0.0897 0.0 
600000 16347 41.154 417765.637 39.71 0.0888 0.0 
610000 16581 41.158 427469.484 40.969 0.0906 0.0 
620000 16823 43.138 437352.175 42.109 0.0924 0.0 
630000 17063 43.859 447235.834 43.035 0.0942 0.0 
640000 17297 43.062 457237.874 43.675 0.0924 0.0 
650000 17524 45.471 467482.088 46.412 0.0976 0.0 
660000 17757 42.827 477738.271 44.344 0.092 0.0 
670000 17996 42.507 487954.72 42.748 0.0909 0.0 
680000 18225 42.561 497990.58 43.111 0.0904 0.0 
690000 18455 44.797 508098.515 45.623 0.0955 0.0 
700000 18677 45.16 518464.019 47.293 0.0967 0.0 
710000 18900 43.757 528882.92 45.815 0.0947 0.0 
720000 19125 43.092 539184.274 44.593 0.0922 0.0 
730000 19362 41.856 549763.483 44.442 0.089 0.0 
740000 19602 41.234 560425.099 44.442 0.0888 0.0 
750000 19845 40.275 571402.618 44.793 0.0864 0.0 
760000 20093 42.23 582663.398 46.889 0.0909 0.0 
770000 20335 39.892 594095.964 45.7 0.0858 0.0 
780000 20573 42.425 605433.707 48.527 0.09 0.0 
790000 20814 41.978 616699.509 47.361 0.0896 0.0 
800000 21055 41.0 628309.365 47.566 0.0871 0.0 
810000 21294 41.587 639973.174 48.1 0.0893 0.0 
820000 21538 40.254 651514.907 46.991 0.0858 0.0 
830000 21784 40.022 663440.291 48.315 0.0854 0.0 
840000 22035 38.806 675525.037 46.543 0.0839 0.0 
850000 22284 40.236 687416.881 47.429 0.0857 0.0 
860000 22538 39.127 699593.744 48.277 0.0846 0.0 
870000 22791 39.649 711884.624 49.381 0.0844 0.0 
880000 23030 42.142 724294.496 51.699 0.0907 0.0 
890000 23275 41.473 736735.94 50.914 0.0897 0.0 
900000 23511 42.784 749523.672 54.71 0.092 0.0 
910000 23747 41.308 762086.763 52.445 0.0893 0.0 
920000 23987 41.35 775052.954 54.412 0.0886 0.0 
930000 24223 42.417 788213.943 55.97 0.0909 0.0 
940000 24459 42.452 801422.966 56.107 0.0905 0.0 
950000 24692 41.675 814668.111 55.561 0.0899 0.0 
960000 24940 38.903 828093.559 52.144 0.0835 0.0 
970000 25192 39.281 841878.883 54.271 0.084 0.0 
980000 25445 39.493 855750.347 54.294 0.0843 0.0 
990000 25691 41.052 869470.045 56.565 0.0883 0.0 
1000000 25930 41.731 883344.148 58.298 0.089 0.0 
1010000 26171 41.398 897341.006 58.413 0.0894 0.0 
1020000 26407 42.401 911678.968 60.7 0.091 0.0 
1030000 26646 41.554 926086.855 60.266 0.089 0.0 
1040000 26887 41.212 940323.006 58.612 0.0891 0.0 
1050000 27122 43.126 954515.579 61.203 0.0925 0.0 
1060000 27359 42.615 969006.66 62.348 0.0934 0.0 
1070000 27587 43.82 983523.921 63.258 0.0938 0.0 
1080000 27816 42.762 998072.711 62.444 0.0928 0.0 
1090000 28058 40.966 1012663.055 59.685 0.0896 0.0 
1100000 28302 41.145 1027472.022 60.607 0.0894 0.0 
1110000 28545 41.545 1042317.743 61.424 0.0891 0.0 
1120000 28783 42.429 1057150.84 63.365 0.0912 0.0 
1130000 29012 44.052 1071898.152 64.843 0.0956 0.0 
1140000 29241 43.759 1086823.704 65.335 0.0943 0.0 
1150000 29484 40.845 1101656.255 60.836 0.0886 0.0 
1160000 29723 42.901 1116437.126 63.687 0.092 0.0 
1170000 29951 44.349 1131367.873 67.087 0.0953 0.0 
1180000 30184 42.454 1146517.77 64.374 0.0914 0.0 
1190000 30423 41.031 1161717.443 62.728 0.089 0.0 
1200000 30666 40.813 1177115.597 62.721 0.0892 0.0 
1210000 30905 41.883 1192542.89 64.359 0.09 0.0 
1220000 31146 41.53 1207901.083 63.846 0.0893 0.0 
1230000 31379 43.132 1223383.565 66.674 0.0923 0.0 
1240000 31612 42.912 1239049.397 67.442 0.0927 0.0 
1250000 31851 41.804 1254684.137 65.447 0.0905 0.0 
1260000 32085 43.008 1270519.545 68.379 0.0928 0.0 
1270000 32317 43.665 1286432.708 68.767 0.094 0.0 
1280000 32545 43.994 1302350.565 70.155 0.0949 0.0 
1290000 32774 43.708 1318175.978 69.431 0.094 0.0 
1300000 33004 44.042 1334072.541 70.008 0.094 0.0 
1310000 33235 43.148 1350070.309 68.712 0.0927 0.0 
1320000 33466 43.742 1366263.797 71.178 0.0941 0.0 
1330000 33695 44.706 1382665.769 72.38 0.0975 0.0 
1340000 33921 43.934 1398996.301 71.765 0.0943 0.0 
1350000 34152 42.854 1415406.278 70.67 0.0914 0.0 
1360000 34390 41.868 1431908.146 68.915 0.0899 0.0 
1370000 34622 43.485 1448447.017 71.85 0.095 0.0 
1380000 34849 43.295 1465008.992 72.062 0.0933 0.0 
1390000 35074 44.994 1481520.153 73.576 0.097 0.0 
1400000 35307 42.272 1498035.552 69.839 0.0918 0.0 
1410000 35536 43.867 1514532.707 72.169 0.0952 0.0 
1420000 35771 43.168 1531054.786 71.917 0.0932 0.0 
1430000 35998 44.146 1547618.7 73.056 0.096 0.0 
1440000 36224 44.874 1564365.71 75.1 0.0959 0.0 
1450000 36456 42.48 1581223.105 71.762 0.0924 0.0 
1460000 36699 40.738 1598094.688 68.885 0.0886 0.0 
1470000 36937 43.049 1614952.59 72.578 0.0928 0.0 
1480000 37170 42.781 1631813.823 72.07 0.0927 0.0 
1490000 37402 43.141 1648710.11 73.05 0.0955 0.0 
1500000 37634 42.606 1665747.607 72.632 0.0924 0.0 
1510000 37871 42.163 1682765.247 71.868 0.0929 0.0 
1520000 38112 40.981 1699691.509 69.384 0.0898 0.0 
1530000 38353 41.194 1716778.637 70.601 0.0888 0.0 
1540000 38587 43.021 1733923.148 72.925 0.0953 0.0 
1550000 38818 42.567 1751022.453 73.34 0.0923 0.0 
1560000 39057 42.31 1768272.722 73.036 0.0909 0.0 
1570000 39291 42.623 1785753.482 74.619 0.0927 0.0 
1580000 39532 41.704 1803261.137 73.025 0.0902 0.0 
1590000 39763 43.696 1820734.269 76.553 0.0946 0.0 
1600000 39992 43.792 1838467.979 77.875 0.095 0.0 
1610000 40224 42.93 1856280.003 76.423 0.0935 0.0 
1620000 40459 42.744 1874096.55 75.873 0.0928 0.0 
1630000 40691 43.61 1891949.7 77.832 0.0948 0.0 
1640000 40918 44.267 1909935.616 80.139 0.0957 0.0 
1650000 41151 41.409 1927854.113 74.141 0.0896 0.0 
1660000 41392 41.769 1945808.879 75.284 0.0921 0.0 
1670000 41625 43.045 1963859.373 77.72 0.0931 0.0 
1680000 41856 43.152 1981898.28 77.732 0.0932 0.0 
1690000 42089 42.65 1999970.346 77.009 0.0927 0.0 
1700000 42321 42.879 2018251.115 78.572 0.0925 0.0 
1710000 42559 42.145 2036511.453 77.483 0.0916 0.0 
1720000 42792 42.688 2055005.004 78.677 0.0924 0.0 
1730000 43025 42.974 2073461.842 79.362 0.0937 0.0 
1740000 43253 43.166 2091878.002 79.339 0.0935 0.0 
1750000 43489 41.746 2110398.487 76.867 0.0908 0.0 
1760000 43722 43.658 2129030.261 81.861 0.0935 0.0 
1770000 43956 42.666 2147759.4 79.976 0.0923 0.0 
1780000 44190 42.7 2166540.088 80.443 0.0938 0.0 
1790000 44421 43.986 2185253.456 82.097 0.0951 0.0 
1800000 44653 43.408 2203990.108 81.529 0.094 0.0 
1810000 44887 42.312 2222855.03 79.787 0.0917 0.0 
1820000 45122 42.629 2241757.014 80.667 0.0924 0.0 
1830000 45358 42.483 2260421.968 78.854 0.0917 0.0 
1840000 45589 43.909 2278947.021 81.992 0.0949 0.0 
1850000 45817 43.459 2297700.831 81.757 0.0937 0.0 
1860000 46046 43.388 2316619.076 82.098 0.0945 0.0 
1870000 46282 42.659 2335305.582 80.406 0.0932 0.0 
1880000 46508 44.21 2354211.346 83.4 0.0975 0.0 
1890000 46745 41.834 2372987.326 78.442 0.091 0.0 
1900000 46979 42.475 2392040.454 81.238 0.0917 0.0 
1910000 47209 43.32 2411396.859 84.099 0.0945 0.0 
1920000 47443 42.369 2430686.014 81.652 0.0915 0.0 
1930000 47678 42.68 2450064.918 82.564 0.0926 0.0 
1940000 47913 42.558 2469483.119 82.849 0.0931 0.0 
1950000 48146 43.192 2488958.067 83.688 0.0944 0.0 
1960000 48381 42.25 2508223.233 81.731 0.092 0.0 
1970000 48615 42.964 2527645.86 83.729 0.0932 0.0 
1980000 48848 42.744 2547118.857 83.19 0.0933 0.0 
1990000 49082 42.529 2566604.276 83.128 0.0925 0.0 
2000000 49318 42.645 2586139.307 83.631 0.0922 0.0 
2010000 49554 42.327 2605787.025 83.231 0.0914 0.0 
2020000 49794 42.245 2625136.647 81.868 0.0907 0.0 
2030000 50031 42.023 2644409.923 81.233 0.0916 0.0 
2040000 50264 43.286 2663703.446 83.45 0.0936 0.0 
2050000 50498 43.312 2683274.72 84.968 0.0947 0.0 
2060000 50734 41.516 2702787.742 80.513 0.0903 0.0 
2070000 50974 42.628 2722123.163 82.627 0.0928 0.0 
2080000 51212 41.869 2741561.992 81.029 0.091 0.0 
2090000 51449 42.542 2760952.422 83.027 0.0939 0.0 
2100000 51680 43.873 2780463.884 85.647 0.0964 0.0 
2110000 51908 43.765 2799912.043 84.977 0.0949 0.0 
2120000 52142 42.256 2819426.15 82.152 0.092 0.0 
2130000 52385 41.441 2838834.696 80.769 0.0898 0.0 
2140000 52638 37.551 2857919.488 68.944 0.081 0.0 
2150000 52888 41.046 2876723.033 78.571 0.0901 0.0 
2160000 53125 42.495 2895783.126 80.642 0.0915 0.0 
2170000 53364 42.205 2915041.302 82.056 0.0923 0.0 
2180000 53599 43.02 2934529.103 84.027 0.0933 0.0 
2190000 53833 42.252 2954081.458 82.871 0.092 0.0 
2200000 54071 41.883 2973593.236 81.606 0.0893 0.0 
2210000 54314 41.33 2992996.745 80.526 0.0898 0.0 
2220000 54561 40.013 3012255.036 76.237 0.0865 0.0 
2230000 54805 41.654 3031648.071 81.182 0.0895 0.0 
2240000 55043 41.483 3051062.239 80.377 0.0895 0.0 
2250000 55290 40.345 3070346.282 77.921 0.0865 0.0 
2260000 55531 41.852 3089891.039 82.12 0.09 0.0 
2270000 55770 41.579 3109484.203 81.419 0.0902 0.0 
2280000 56007 42.189 3129066.37 82.459 0.0918 0.0 
2290000 56246 41.18 3148495.024 80.24 0.0891 0.0 
2300000 56488 40.757 3168060.466 79.91 0.0892 0.0 
2310000 56731 41.409 3187664.513 81.18 0.0903 0.0 
2320000 56975 40.786 3207103.308 79.182 0.0879 0.0 
2330000 57220 41.111 3226477.69 79.822 0.0883 0.0 
2340000 57461 41.298 3245823.736 79.728 0.09 0.0 
2350000 57704 41.624 3265009.229 79.937 0.0896 0.0 
2360000 57946 41.484 3284172.845 79.565 0.0903 0.0 
2370000 58187 41.973 3303335.366 80.843 0.091 0.0 
2380000 58431 40.689 3322537.589 78.16 0.0871 0.0 
2390000 58671 41.38 3341971.712 80.593 0.0908 0.0 
2400000 58911 42.117 3361372.878 81.523 0.0921 0.0 
2410000 59152 41.695 3380748.345 80.983 0.0899 0.0 
2420000 59396 40.658 3400019.903 78.11 0.0882 0.0 
2430000 59633 42.318 3419400.694 82.249 0.092 0.0 
2440000 59872 41.02 3438749.491 78.921 0.0886 0.0 
2450000 60113 41.306 3458034.085 79.775 0.0895 0.0 
2460000 60355 42.077 3477357.731 81.945 0.0913 0.0 
2470000 60588 43.036 3497024.797 84.447 0.093 0.0 
2480000 60820 42.789 3516526.504 83.504 0.0916 0.0 
2490000 61060 41.529 3536127.581 81.125 0.0905 0.0 
2500000 61298 41.414 3555654.078 80.562 0.0893 0.0 
2510000 61540 42.078 3575114.338 82.106 0.0905 0.0 
2520000 61772 43.333 3594634.744 84.517 0.094 0.0 
2530000 61996 45.218 3614044.084 87.959 0.0987 0.0 
2540000 62217 43.654 3633531.222 85.266 0.0952 0.0 
2550000 62452 42.711 3652954.132 82.998 0.0915 0.0 
2560000 62688 42.091 3672331.145 82.06 0.0917 0.0 
2570000 62922 43.189 3691895.492 84.965 0.0938 0.0 
2580000 63149 43.953 3711674.72 87.217 0.0956 0.0 
2590000 63372 44.953 3731149.559 87.419 0.0979 0.0 
2600000 63602 43.425 3750930.507 85.954 0.0947 0.0 
2610000 63833 42.997 3770783.858 85.227 0.0932 0.0 
2620000 64069 41.39 3790530.21 81.098 0.0898 0.0 
2630000 64311 42.281 3809973.305 82.41 0.0922 0.0 
2640000 64545 42.355 3829653.547 83.269 0.0924 0.0 
2650000 64780 43.248 3849295.67 85.135 0.093 0.0 
2660000 65010 43.219 3869123.132 85.271 0.093 0.0 
2670000 65241 43.805 3888958.45 86.987 0.0949 0.0 
2680000 65473 42.696 3908807.126 84.619 0.0929 0.0 
2690000 65706 43.055 3928780.57 86.139 0.094 0.0 
2700000 65941 42.498 3948657.437 84.408 0.0923 0.0 
2710000 66174 42.839 3968514.67 85.07 0.0932 0.0 
2720000 66407 42.486 3988342.309 83.867 0.0913 0.0 
2730000 66649 41.706 4007872.963 82.141 0.0913 0.0 
2740000 66878 43.765 4027690.641 86.719 0.0955 0.0 
2750000 67109 43.168 4047532.293 85.449 0.0935 0.0 
2760000 67348 41.228 4067345.175 81.257 0.0898 0.0 
2770000 67587 41.943 4087166.744 82.963 0.0922 0.0 
2780000 67825 42.248 4106836.511 83.489 0.0929 0.0 
2790000 68061 42.582 4126700.299 84.419 0.0939 0.0 
2800000 68297 42.173 4146461.172 83.569 0.0905 0.0 
2810000 68530 42.302 4166281.999 83.682 0.0917 0.0 
2820000 68770 42.098 4186006.345 82.917 0.0908 0.0 
2830000 69002 42.995 4205820.462 85.286 0.0936 0.0 
2840000 69236 42.985 4225689.841 85.399 0.0938 0.0 
2850000 69473 40.274 4245204.448 77.296 0.0876 0.0 
2860000 69701 45.248 4265035.087 89.598 0.0976 0.0 
2870000 69921 44.569 4284933.908 88.789 0.0963 0.0 
2880000 70150 43.36 4304834.277 86.67 0.0941 0.0 
2890000 70383 42.856 4324820.791 85.938 0.0939 0.0 
2900000 70618 42.599 4344854.992 85.278 0.0924 0.0 
2910000 70853 42.555 4364806.585 85.053 0.092 0.0 
2920000 71089 42.244 4384712.9 84.103 0.092 0.0 
2930000 71331 40.103 4404392.768 77.295 0.0863 0.0 
2940000 71575 41.801 4423948.251 82.588 0.0907 0.0 
2950000 71810 43.057 4443775.42 85.247 0.094 0.0 
2960000 72039 43.253 4463299.598 83.91 0.0939 0.0 
2970000 72275 42.694 4482864.24 84.071 0.0917 0.0 
2980000 72513 41.76 4502610.532 82.758 0.0906 0.0 
2990000 72749 42.444 4522447.29 84.224 0.0931 0.0 
3000000 72983 42.619 4542329.05 84.559 0.0923 0.0 
3010000 73220 42.103 4562006.641 82.872 0.09 0.0 
3020000 73463 41.774 4581346.312 80.949 0.0922 0.0 
3030000 73694 43.79 4601110.463 86.882 0.0943 0.0 
3040000 73928 43.11 4621017.046 85.987 0.0935 0.0 
3050000 74158 43.76 4640774.981 86.644 0.0939 0.0 
3060000 74386 42.887 4660695.372 85.412 0.0926 0.0 
3070000 74622 41.938 4680595.456 83.429 0.0918 0.0 
3080000 74870 41.692 4699967.041 81.721 0.0894 0.0 
3090000 75105 42.775 4719693.205 84.304 0.0933 0.0 
3100000 75338 42.598 4739594.417 84.641 0.0926 0.0 
3110000 75575 41.651 4759302.15 82.506 0.09 0.0 
3120000 75807 43.258 4779179.701 86.103 0.0935 0.0 
3130000 76039 42.796 4799254.872 85.802 0.0934 0.0 
3140000 76277 42.235 4819049.008 83.676 0.092 0.0 
3150000 76510 43.111 4839075.072 86.602 0.0948 0.0 
3160000 76740 43.392 4859112.101 87.311 0.0939 0.0 
3170000 76972 43.423 4879153.954 86.932 0.0954 0.0 
3180000 77203 43.413 4899194.587 86.908 0.0944 0.0 
3190000 77440 42.45 4919078.061 84.42 0.0917 0.0 
3200000 77673 42.851 4939071.39 85.577 0.0928 0.0 
3210000 77905 43.866 4959106.782 88.093 0.0946 0.0 
3220000 78135 43.141 4979193.053 86.63 0.0939 0.0 
3230000 78366 42.976 4999283.119 86.442 0.0928 0.0 
3240000 78602 42.732 5019104.332 84.951 0.0919 0.0 
3250000 78833 43.065 5038990.398 85.746 0.0935 0.0 
3260000 79065 42.93 5058791.528 84.885 0.0934 0.0 
3270000 79298 43.877 5078574.01 86.757 0.0949 0.0 
3280000 79528 42.988 5098467.445 85.115 0.0937 0.0 
3290000 79760 43.195 5118486.832 86.554 0.0926 0.0 
3300000 79992 42.892 5138583.939 86.287 0.093 0.0 
3310000 80227 42.67 5158561.177 85.338 0.0938 0.0 
3320000 80459 43.119 5178490.645 85.885 0.0931 0.0 
3330000 80690 43.413 5198590.269 87.39 0.0942 0.0 
3340000 80926 42.107 5218370.948 82.549 0.094 0.0 
3350000 81156 43.38 5238358.483 86.773 0.094 0.0 
3360000 81394 41.816 5258236.207 83.174 0.0907 0.0 
3370000 81627 42.868 5278102.053 85.318 0.0921 0.0 
3380000 81861 42.996 5298084.764 86.347 0.0924 0.0 
3390000 82092 43.112 5318106.172 86.396 0.0943 0.0 
3400000 82325 43.265 5338099.229 86.66 0.094 0.0 
3410000 82555 43.387 5358170.176 87.291 0.0931 0.0 
3420000 82788 42.915 5378210.683 85.954 0.0924 0.0 
3430000 83023 42.683 5398055.113 84.591 0.0924 0.0 
3440000 83255 42.92 5417990.295 85.427 0.0933 0.0 
3450000 83487 43.113 5437994.021 86.312 0.0938 0.0 
3460000 83721 42.82 5458018.645 85.979 0.0939 0.0 
3470000 83950 43.809 5478161.517 88.252 0.0953 0.0 
3480000 84184 42.685 5498281.604 86.078 0.0921 0.0 
3490000 84419 42.573 5518331.493 85.539 0.092 0.0 
3500000 84650 43.424 5538347.69 87.204 0.0946 0.0 
3510000 84886 42.128 5558428.329 84.376 0.0911 0.0 
3520000 85122 42.717 5578554.754 85.883 0.0935 0.0 
3530000 85359 41.397 5598549.95 82.491 0.0908 0.0 
3540000 85598 42.491 5618580.864 85.438 0.0949 0.0 
3550000 85830 43.033 5638644.38 86.427 0.096 0.0 
3560000 86066 42.28 5658691.139 84.604 0.0912 0.0 
3570000 86300 42.602 5678589.546 84.533 0.0935 0.0 
3580000 86531 43.041 5698624.189 86.282 0.0935 0.0 
3590000 86766 42.81 5718636.654 85.742 0.0931 0.0 
3600000 87004 41.895 5738575.031 83.584 0.0918 0.0 
3610000 87244 42.268 5758373.168 84.167 0.0922 0.0 
3620000 87485 41.544 5778234.369 82.37 0.091 0.0 
3630000 87718 42.948 5798350.841 86.435 0.0938 0.0 
3640000 87949 43.078 5818484.053 86.801 0.0922 0.0 
3650000 88178 43.901 5838641.504 88.564 0.0938 0.0 
3660000 88407 42.415 5858746.626 84.22 0.0925 0.0 
3670000 88644 42.42 5878558.583 84.411 0.0925 0.0 
3680000 88872 43.355 5898785.416 87.516 0.0933 0.0 
3690000 89105 43.093 5918956.882 86.9 0.0935 0.0 
3700000 89341 43.069 5938867.826 86.285 0.0937 0.0 
3710000 89572 43.104 5958989.818 86.526 0.0947 0.0 
3720000 89801 43.618 5979055.313 87.455 0.0947 0.0 
3730000 90032 42.903 5999122.705 86.087 0.0932 0.0 
3740000 90261 43.281 6019203.718 86.776 0.0939 0.0 
3750000 90492 43.18 6039268.551 86.508 0.0929 0.0 
3760000 90720 44.155 6059442.69 89.096 0.0953 0.0 
3770000 90949 43.315 6079627.057 87.076 0.0932 0.0 
3780000 91178 43.997 6099874.061 89.313 0.0971 0.0 
3790000 91403 44.198 6120241.14 89.949 0.0959 0.0 
3800000 91626 44.673 6140656.602 91.095 0.0976 0.0 
3810000 91850 44.416 6161156.753 90.971 0.097 0.0 
3820000 92074 44.512 6181640.78 91.096 0.0968 0.0 
3830000 92301 43.73 6202122.106 89.415 0.0961 0.0 
3840000 92528 43.994 6222424.969 89.38 0.0958 0.0 
3850000 92757 43.865 6242746.909 89.196 0.0948 0.0 
3860000 92981 45.24 6263319.425 93.51 0.0985 0.0 
3870000 93201 45.639 6283977.24 94.141 0.1 0.0 
3880000 93426 44.478 6304433.602 91.318 0.0965 0.0 
3890000 93659 41.273 6324550.933 80.578 0.0906 0.0 
3900000 93888 45.019 6344686.905 91.457 0.0994 0.0 
3910000 94103 46.546 6365215.315 95.617 0.1008 0.0 
3920000 94325 44.438 6385590.437 90.411 0.0962 0.0 
3930000 94551 44.059 6405979.472 89.869 0.0968 0.0 
3940000 94774 44.919 6426252.972 90.571 0.0974 0.0 
3950000 95000 44.0 6446477.424 89.224 0.0955 0.0 
3960000 95226 43.985 6466925.302 90.004 0.0949 0.0 
3970000 95455 43.635 6487356.52 88.932 0.0955 0.0 
3980000 95685 43.57 6507652.791 88.738 0.0959 0.0 
3990000 95913 44.144 6528022.22 90.484 0.0964 0.0 
4000000 96141 43.508 6548611.768 89.402 0.0946 0.0 
4010000 96374 42.951 6569136.166 88.039 0.0943 0.0 
4020000 96607 43.12 6589614.395 88.061 0.0924 0.0 
4030000 96847 40.669 6609617.344 79.701 0.0884 0.0 
4040000 97078 43.66 6629942.842 88.923 0.0953 0.0 
4050000 97305 44.108 6650357.886 90.245 0.0964 0.0 
4060000 97533 43.609 6670746.125 88.751 0.0963 0.0 
4070000 97758 44.469 6691213.702 91.132 0.0969 0.0 
4080000 97985 43.698 6711755.054 89.772 0.0949 0.0 
4090000 98214 43.798 6732279.763 89.903 0.0964 0.0 
4100000 98438 45.032 6752806.338 92.49 0.0984 0.0 
4110000 98662 44.994 6773309.405 92.555 0.0977 0.0 
4120000 98886 44.929 6793820.693 92.443 0.0988 0.0 
4130000 99111 43.988 6814323.049 89.962 0.0946 0.0 
4140000 99339 43.623 6834895.964 89.468 0.0953 0.0 
4150000 99566 44.176 6855405.75 90.734 0.0959 0.0 
4160000 99790 44.571 6876012.938 91.541 0.098 0.0 
4170000 100015 44.228 6896559.434 90.841 0.097 0.0 
4180000 100248 42.415 6917015.899 86.455 0.0924 0.0 
4190000 100480 44.411 6937285.643 91.255 0.0958 0.0 
4200000 100706 44.093 6957810.382 90.644 0.0968 0.0 
4210000 100933 44.366 6978428.814 91.666 0.0971 0.0 
4220000 101162 43.106 6999118.93 88.842 0.0944 0.0 
4230000 101385 45.577 7019853.998 94.295 0.0999 0.0 
4240000 101605 44.914 7040575.704 93.043 0.0983 0.0 
4250000 101837 42.851 7061009.114 87.493 0.0939 0.0 
4260000 102070 43.701 7081472.826 90.012 0.0962 0.0 
4270000 102298 43.84 7102062.797 90.542 0.0978 0.0 
4280000 102524 44.851 7122707.899 92.811 0.0981 0.0 
4290000 102749 44.696 7143471.611 92.963 0.0965 0.0 
4300000 102972 44.943 7164263.534 93.483 0.099 0.0 
4310000 103195 44.829 7185065.385 93.521 0.099 0.0 
4320000 103420 44.667 7205681.623 92.018 0.0971 0.0 
4330000 103641 45.122 7226309.569 93.127 0.0994 0.0 
4340000 103859 46.172 7246927.454 95.356 0.1026 0.0 
4350000 104080 45.242 7267617.604 93.48 0.0985 0.0 
4360000 104303 44.749 7288360.136 92.965 0.0987 0.0 
4370000 104527 44.576 7309082.994 92.185 0.0989 0.0 
4380000 104754 43.85 7329641.229 89.876 0.0951 0.0 
4390000 104984 43.794 7350078.205 90.003 0.0956 0.0 
4400000 105212 43.748 7370585.864 89.713 0.0952 0.0 
4410000 105438 44.292 7391219.655 91.499 0.0955 0.0 
4420000 105662 44.558 7411889.768 92.439 0.0958 0.0 
4430000 105887 44.302 7432566.187 91.476 0.0957 0.0 
4440000 106113 43.884 7453167.939 90.255 0.0952 0.0 
4450000 106335 44.995 7473916.657 93.599 0.0979 0.0 
4460000 106561 44.366 7494563.725 91.612 0.0974 0.0 
4470000 106787 43.814 7515164.484 90.373 0.0954 0.0 
4480000 107014 44.423 7535819.894 92.116 0.0967 0.0 
4490000 107241 44.043 7556391.921 90.69 0.0954 0.0 
4500000 107467 44.788 7577071.204 92.838 0.0968 0.0 
4510000 107694 43.322 7597535.072 88.443 0.0949 0.0 
4520000 107925 44.477 7617991.03 91.295 0.0965 0.0 
4530000 108149 43.875 7638530.887 89.36 0.0891 0.0 
4540000 108380 42.948 7659038.204 87.603 0.0949 0.0 
4550000 108608 44.971 7679548.027 92.438 0.1031 0.0 
4560000 108829 44.829 7700080.556 92.229 0.1025 0.0 
4570000 109053 44.474 7720555.753 90.625 0.1026 0.0 
4580000 109278 44.712 7740998.025 91.627 0.1026 0.0 
4590000 109502 44.179 7761558.437 90.551 0.1008 0.0 
4600000 109732 43.773 7781950.775 89.202 0.0998 0.0 
4610000 109960 43.877 7802039.726 88.317 0.1017 0.0 
4620000 110182 44.864 7822500.797 91.747 0.1043 0.0 
4630000 110403 44.719 7842978.39 91.262 0.1019 0.0 
4640000 110634 42.885 7863264.436 86.307 0.0973 0.0 
4650000 110862 44.781 7883327.75 91.128 0.1033 0.0 
4660000 111078 46.131 7903769.54 94.633 0.1073 0.0 
4670000 111294 45.92 7924402.191 94.68 0.1052 0.0 
4680000 111515 44.883 7944872.2 91.813 0.1031 0.0 
4690000 111744 41.737 7965175.826 82.769 0.0953 0.0 
4700000 111975 44.428 7985425.549 90.974 0.1019 0.0 
4710000 112198 44.597 8006012.518 92.049 0.1029 0.0 
4720000 112419 45.312 8026689.395 93.895 0.1051 0.0 
4730000 112646 43.875 8047218.616 90.26 0.1009 0.0 
4740000 112870 45.202 8067800.302 92.95 0.1037 0.0 
4750000 113093 45.089 8088424.978 93.058 0.1047 0.0 
4760000 113321 43.005 8108885.293 87.569 0.0996 0.0 
4770000 113550 44.097 8129233.927 90.106 0.1004 0.0 
4780000 113769 45.627 8149816.486 93.948 0.1061 0.0 
4790000 113987 46.02 8170493.785 95.206 0.1057 0.0 
4800000 114209 45.174 8191129.305 93.135 0.1036 0.0 
4810000 114430 45.408 8211756.876 93.923 0.1039 0.0 
4820000 114652 44.92 8232328.518 92.756 0.1021 0.0 
4830000 114878 43.672 8252792.69 88.721 0.1009 0.0 
4840000 115101 44.487 8273331.194 91.024 0.1026 0.0 
4850000 115324 45.44 8293933.824 93.874 0.1042 0.0 
4860000 115544 45.22 8314597.012 93.368 0.1028 0.0 
4870000 115769 43.832 8335012.513 89.171 0.1011 0.0 
4880000 116000 43.335 8355159.228 87.722 0.0994 0.0 
4890000 116224 45.173 8375434.422 91.516 0.1028 0.0 
4900000 116438 47.387 8395779.834 96.522 0.1087 0.0 
4910000 116653 46.02 8416180.281 93.821 0.105 0.0 
4920000 116873 46.055 8436634.667 93.395 0.1054 0.0 
4930000 117102 44.703 8456777.909 90.503 0.1027 0.0 
4940000 117340 43.98 8476404.385 88.011 0.1024 0.0 
4950000 117560 45.552 8496856.299 93.219 0.1054 0.0 
4960000 117782 44.533 8517392.35 91.402 0.1021 0.0 
4970000 118011 43.346 8537828.394 88.264 0.1005 0.0 
4980000 118243 43.617 8558147.873 89.147 0.1015 0.0 
4990000 118470 44.024 8578604.341 90.247 0.1008 0.0 
5000000 118699 44.4 8599046.713 91.394 0.1006 0.0 
5010000 118917 45.551 8619697.143 93.87 0.1037 0.0 
5020000 119140 45.238 8640330.311 93.663 0.1046 0.0 
5030000 119354 45.57 8661001.783 93.766 0.1047 0.0 
5040000 119573 46.065 8681464.594 94.776 0.1064 0.0 
5050000 119787 46.3 8701922.279 94.183 0.1066 0.0 
5060000 120007 44.171 8722261.902 89.185 0.1008 0.0 
5070000 120238 43.62 8742563.848 89.089 0.1011 0.0 
5080000 120458 45.601 8763076.911 93.74 0.1038 0.0 
5090000 120683 44.018 8783656.46 90.647 0.101 0.0 
5100000 120921 44.303 8803694.654 90.474 0.1015 0.0 
5110000 121133 47.06 8824397.265 97.158 0.1073 0.0 
5120000 121346 46.493 8844998.086 95.866 0.1063 0.0 
5130000 121559 46.891 8865514.3 94.847 0.1083 0.0 
5140000 121779 46.152 8886001.806 95.055 0.1062 0.0 
5150000 121983 49.38 8906538.754 102.197 0.1126 0.0 
5160000 122191 47.568 8927059.053 97.066 0.1095 0.0 
5170000 122445 40.272 8945560.832 75.519 0.0935 0.0 
5180000 122653 53.734 8965546.347 107.418 0.1237 0.0 
5190000 122824 54.017 8985508.18 108.458 0.125 0.0 
5200000 123006 57.398 9005376.635 114.089 0.1317 0.0 
5210000 123162 60.888 9024891.731 120.186 0.1385 0.0 
5220000 123354 49.323 9044827.695 97.507 0.1125 0.0 
5230000 123560 53.128 9064446.151 106.438 0.1217 0.0 
5240000 123745 54.47 9084651.665 110.786 0.124 0.0 
5250000 123923 53.556 9104964.47 107.352 0.1223 0.0 
5260000 124114 55.631 9124305.497 109.559 0.1278 0.0 
5270000 124288 57.752 9144239.27 116.242 0.1333 0.0 
5280000 124459 58.572 9164459.597 117.919 0.1334 0.0 
5290000 124623 63.077 9184720.007 127.74 0.1438 0.0 
5300000 124767 70.241 9204772.265 140.905 0.1603 0.0 
5310000 124907 71.423 9224747.498 141.795 0.1648 0.0 
5320000 125035 73.568 9244823.067 147.214 0.1682 0.0 
5330000 125183 67.815 9264769.381 136.006 0.1543 0.0 
5340000 125319 74.462 9285054.31 150.731 0.1698 0.0 
5350000 125464 69.73 9305104.069 140.17 0.1595 0.0 
5360000 125625 64.117 9325039.554 128.269 0.1456 0.0 
5370000 125775 67.854 9345368.287 138.471 0.1557 0.0 
5380000 125925 66.253 9366056.718 137.461 0.1516 0.0 
5390000 126081 63.625 9386988.047 132.974 0.1448 0.0 
5400000 126233 66.06 9407943.75 138.519 0.1517 0.0 
5410000 126394 62.281 9428475.011 127.295 0.1434 0.0 
5420000 126543 67.893 9449322.424 141.099 0.1539 0.0 
5430000 126702 63.434 9470127.677 132.989 0.1455 0.0 
5440000 126869 59.938 9490646.401 122.569 0.1365 0.0 
5450000 127044 54.178 9510855.984 108.32 0.1245 0.0 
5460000 127289 36.13 9528908.171 60.678 0.0827 0.0 
5470000 127477 58.396 9548653.073 117.747 0.1325 0.0 
5480000 127642 60.39 9568682.418 121.302 0.138 0.0 
5490000 127808 61.33 9588716.911 122.915 0.14 0.0 
5500000 127956 67.972 9609210.608 140.021 0.1555 0.0 
5510000 128157 48.044 9628200.193 90.035 0.1099 0.0 
5520000 128323 60.827 9647930.919 120.296 0.1392 0.0 
5530000 128463 72.293 9668203.357 147.112 0.1668 0.0 
5540000 128644 47.684 9687547.731 89.748 0.1083 0.0 
5550000 128867 43.197 9705928.082 79.131 0.0988 0.0 
5560000 129033 67.598 9725305.438 131.766 0.1538 0.0 
5570000 129175 68.848 9744723.277 133.098 0.1576 0.0 
5580000 129356 51.647 9763724.822 97.68 0.119 0.0 
5590000 129577 48.914 9782081.32 92.754 0.1124 0.0 
5600000 129757 54.512 9801124.134 102.863 0.124 0.0 
5610000 129930 58.163 9820472.027 112.576 0.1328 0.0 
5620000 130113 54.721 9839877.57 106.594 0.1251 0.0 
5630000 130295 56.743 9859439.303 111.331 0.1306 0.0 
5640000 130466 58.917 9879272.809 117.423 0.1348 0.0 
5650000 130632 59.124 9899410.991 118.616 0.1352 0.0 
5660000 130805 60.177 9919263.222 120.126 0.1379 0.0 
5670000 130967 61.452 9939182.585 121.906 0.141 0.0 
5680000 131119 69.479 9959164.803 139.96 0.1593 0.0 
5690000 131274 65.46 9978630.466 127.244 0.1497 0.0 
5700000 131434 63.335 9997924.969 122.258 0.1441 0.0 
5710000 131582 66.974 10016932.304 127.303 0.1545 0.0 
5720000 131738 63.8 10035619.93 118.837 0.1452 0.0 
5730000 131903 60.319 10053932.304 110.002 0.1389 0.0 
5740000 132060 66.761 10072021.741 120.575 0.1526 0.0 
5750000 132194 70.017 10090310.851 127.697 0.1612 0.0 
5760000 132344 66.965 10108876.151 125.416 0.1533 0.0 
5770000 132488 70.941 10127782.016 134.245 0.1623 0.0 
5780000 132629 76.728 10146930.642 148.462 0.1744 0.0 
5790000 132735 84.726 10166782.258 166.061 0.1931 0.0 
5800000 132843 89.983 10186955.507 179.999 0.206 0.0 
5810000 132983 64.616 10205676.107 117.979 0.1469 0.0 
5820000 133123 68.189 10224234.415 126.129 0.1566 0.0 
5830000 133275 60.886 10242652.198 111.367 0.1392 0.0 
5840000 133450 55.213 10261128.7 101.865 0.1274 0.0 
5850000 133618 62.396 10279774.088 117.801 0.1437 0.0 
5860000 133738 83.293 10299808.58 166.63 0.1913 0.0 
5870000 133893 64.167 10318904.395 122.198 0.1474 0.0 
5880000 134036 71.383 10337650.321 134.997 0.163 0.0 
5890000 134182 68.24 10356658.483 130.668 0.1567 0.0 
5900000 134324 69.877 10375904.771 134.301 0.1588 0.0 
5910000 134487 56.453 10393878.723 98.475 0.1291 0.0 
5920000 134637 72.895 10412219.422 136.667 0.1658 0.0 
5930000 134766 75.167 10430958.037 138.415 0.1736 0.0 
5940000 134899 67.374 10449401.176 122.859 0.1556 0.0 
5950000 135043 66.657 10467797.719 123.134 0.1527 0.0 
5960000 135160 87.691 10486778.289 166.915 0.1996 0.0 
5970000 135244 131.489 10503400.307 212.281 0.2994 0.0 
5980000 135347 93.848 10520273.839 164.178 0.2147 0.0 
5990000 135485 77.699 10538975.231 146.088 0.1777 0.0 
6000000 135603 84.223 10558006.96 161.402 0.1924 0.0 
6010000 135761 64.107 10576235.371 115.911 0.1464 0.0 
6020000 135852 96.896 10596217.731 191.021 0.2215 0.0 
6030000 135992 67.87 10615351.308 128.395 0.155 0.0 
6040000 136116 77.1 10634752.864 149.526 0.1793 0.0 
6050000 136225 86.288 10654503.341 168.019 0.1967 0.0 
6060000 136345 74.186 10673186.831 135.616 0.1701 0.0 
6070000 136442 104.079 10692070.36 198.694 0.2392 0.0 
6080000 136536 107.665 10711490.292 210.203 0.2476 0.0 
6090000 136649 80.127 10730627.237 151.94 0.183 0.0 
6100000 136779 75.94 10749471.96 142.405 0.1748 0.0 
6110000 136926 65.965 10768439.999 125.278 0.1514 0.0 
6120000 137085 64.188 10786900.016 119.184 0.1469 0.0 
6130000 137213 80.258 10806456.857 157.913 0.1852 0.0 
6140000 137431 39.857 10823561.14 63.08 0.091 0.0 
6150000 137590 68.248 10841775.532 126.112 0.1551 0.0 
6160000 137729 70.294 10860086.752 129.065 0.1596 0.0 
6170000 137849 95.803 10878764.457 181.813 0.2198 0.0 
6180000 137956 90.715 10897547.781 169.669 0.2078 0.0 
6190000 138078 72.495 10915720.294 130.769 0.1665 0.0 
6200000 138286 42.738 10932471.202 69.252 0.0978 0.0 
6210000 138527 46.547 10948403.473 76.745 0.1086 0.0 
6220000 138711 58.362 10965096.293 98.522 0.1343 0.0 
6230000 138925 43.363 10980808.01 66.755 0.1004 0.0 
6240000 139073 60.996 10997710.687 100.076 0.14 0.0 
6250000 139255 53.497 11013291.51 82.277 0.1226 0.0 
6260000 139400 78.053 11029518.529 129.344 0.1779 0.0 
6270000 139518 83.268 11046020.074 139.001 0.1905 0.0 
6280000 139638 76.322 11062940.476 127.281 0.1734 0.0 
6290000 139798 60.071 11080171.995 104.512 0.1383 0.0 
6300000 139941 68.464 11098248.953 124.169 0.1566 0.0 
6310000 140067 86.832 11116760.212 162.627 0.1999 0.0 
6320000 140161 109.695 11136018.758 211.254 0.2509 0.0 
6330000 140297 66.515 11154527.079 122.504 0.1521 0.0 
6340000 140419 73.461 11173347.463 137.148 0.1679 0.0 
6350000 140594 55.544 11191652.539 101.53 0.1286 0.0 
6360000 140785 55.372 11209722.509 101.044 0.1278 0.0 
6370000 140961 59.863 11227725.616 109.041 0.1369 0.0 
6380000 141114 65.939 11246388.683 121.597 0.1513 0.0 
6390000 141251 71.909 11264916.875 132.871 0.165 0.0 
6400000 141366 84.957 11283050.091 153.467 0.1952 0.0 
6410000 141494 73.841 11301406.416 134.688 0.1715 0.0 
6420000 141634 67.17 11319999.344 124.688 0.1554 0.0 
6430000 141789 61.7 11338864.19 115.731 0.1422 0.0 
6440000 141961 56.162 11357049.478 101.688 0.131 0.0 
6450000 142175 46.5 11374534.1 80.267 0.1064 0.0 
6460000 142353 55.972 11392472.194 100.469 0.1291 0.0 
6470000 142544 50.412 11410387.132 89.359 0.1169 0.0 
6480000 142729 55.633 11428265.575 98.882 0.1283 0.0 
6490000 142923 48.429 11445520.706 82.826 0.1107 0.0 
6500000 143141 50.72 11462328.502 87.649 0.117 0.0 
6510000 143347 50.028 11479073.138 84.256 0.1156 0.0 
6520000 143561 50.23 11495555.773 84.847 0.1166 0.0 
6530000 143748 50.207 11512967.648 86.796 0.115 0.0 
6540000 143925 58.718 11529858.202 92.264 0.1337 0.0 
6550000 144112 51.851 11546391.626 88.712 0.1182 0.0 
6560000 144320 43.344 11563439.918 71.235 0.0991 0.0 
6570000 144541 54.796 11580307.016 98.086 0.1261 0.0 
6580000 144703 62.2 11598775.431 114.645 0.1437 0.0 
6590000 144838 76.664 11617178.292 141.591 0.1773 0.0 
6600000 144952 85.558 11636112.661 161.676 0.1979 0.0 
6610000 145054 101.549 11655217.712 194.456 0.2339 0.0 
6620000 145130 129.9 11673985.99 243.524 0.2995 0.0 
6630000 145220 105.658 11692954.102 199.494 0.2424 0.0 
6640000 145334 92.368 11711474.289 171.079 0.2112 0.0 
6650000 145438 88.9 11730553.931 168.127 0.2063 0.0 
6660000 145537 116.532 11749566.292 223.8 0.2679 0.0 
6670000 145605 133.414 11769551.37 264.616 0.3062 0.0 
6680000 145727 93.606 11788562.705 182.475 0.2157 0.0 
6690000 145817 100.044 11809364.339 204.331 0.229 0.0 
6700000 145967 65.48 11828480.292 124.501 0.1515 0.0 
6710000 146099 76.06 11847949.253 147.573 0.1749 0.0 
6720000 146199 108.094 11867771.93 216.556 0.2472 0.0 
6730000 146273 126.158 11888194.78 256.873 0.2903 0.0 
6740000 146390 76.923 11907541.854 145.951 0.1765 0.0 
6750000 146536 67.164 11926391.658 126.23 0.154 0.0 
6760000 146699 64.29 11944862.569 120.36 0.1465 0.0 
6770000 146840 76.683 11964350.925 152.762 0.1758 0.0 
6780000 146984 66.093 11983564.552 125.17 0.1518 0.0 
6790000 147164 47.723 12001700.525 82.188 0.1093 0.0 
6800000 147331 61.304 12019679.935 110.759 0.1403 0.0 
6810000 147498 53.045 12037265.054 89.853 0.1208 0.0 
6820000 147654 66.952 12055294.355 121.477 0.1542 0.0 
6830000 147808 62.019 12073701.048 113.287 0.1432 0.0 
6840000 147978 61.273 12092034.153 113.455 0.1412 0.0 
6850000 148119 72.55 12110673.374 135.561 0.1671 0.0 
6860000 148223 96.947 12129770.622 185.805 0.2221 0.0 
6870000 148332 89.442 12148853.83 169.704 0.2059 0.0 
6880000 148455 81.113 12167607.641 152.041 0.1861 0.0 
6890000 148541 103.894 12186936.161 198.546 0.2391 0.0 
6900000 148640 96.599 12205984.361 182.8 0.2234 0.0 
6910000 148811 60.187 12223307.542 104.441 0.1398 0.0 
6920000 148947 73.215 12241270.129 131.722 0.1687 0.0 
6930000 149120 72.816 12258542.457 133.153 0.1664 0.0 
6940000 149251 76.076 12277291.678 142.065 0.1754 0.0 
6950000 149401 62.974 12295633.28 115.552 0.1457 0.0 
6960000 149582 58.328 12313509.715 105.193 0.1347 0.0 
6970000 149757 56.762 12331602.769 103.057 0.1309 0.0 
6980000 149932 62.163 12349456.646 110.902 0.1446 0.0 
6990000 150107 51.917 12366663.439 87.885 0.1187 0.0 
7000000 150264 62.656 12384548.339 113.098 0.1447 0.0 
7010000 150423 59.692 12402652.392 107.193 0.1368 0.0 
7020000 150539 95.964 12422313.325 191.255 0.2201 0.0 
7030000 150650 87.796 12441487.582 167.625 0.2013 0.0 
7040000 150792 71.723 12459618.997 130.447 0.1649 0.0 
7050000 150911 78.274 12477623.73 139.442 0.1785 0.0 
7060000 151019 88.942 12496261.024 164.808 0.2032 0.0 
7070000 151175 59.572 12513515.074 100.469 0.1365 0.0 
7080000 151356 55.158 12530336.959 93.31 0.1269 0.0 
7090000 151550 50.902 12547238.794 85.33 0.1166 0.0 
7100000 151743 54.678 12563806.22 92.1 0.1274 0.0 
7110000 151957 45.562 12580440.337 74.601 0.1046 0.0 
7120000 152122 59.764 12597807.966 103.564 0.1373 0.0 
7130000 152269 69.74 12615786.307 126.306 0.1612 0.0 
7140000 152446 52.613 12632915.447 85.603 0.1203 0.0 
7150000 152636 54.972 12648863.656 91.814 0.1266 0.0 
7160000 152812 54.829 12666268.431 94.947 0.1262 0.0 
7170000 152997 52.989 12682829.323 87.083 0.1212 0.0 
7180000 153144 74.033 12701185.158 138.468 0.1695 0.0 
7190000 153263 82.99 12720068.786 156.812 0.1904 0.0 
7200000 153423 54.72 12737745.34 92.674 0.126 0.0 
7210000 153633 56.125 12753849.808 94.811 0.1307 0.0 
7220000 153763 73.834 12772338.552 133.476 0.169 0.0 
7230000 153899 68.56 12790461.975 122.524 0.157 0.0 
7240000 154011 91.01 12808977.368 168.218 0.2087 0.0 
7250000 154121 97.187 12828033.174 187.345 0.2246 0.0 
7260000 154220 110.167 12847477.1 217.826 0.2528 0.0 
7270000 154344 75.566 12866018.213 137.621 0.1746 0.0 
7280000 154488 69.915 12884971.347 133.659 0.1606 0.0 
7290000 154596 86.867 12904367.356 166.529 0.1982 0.0 
7300000 154740 65.833 12921573.056 110.227 0.1508 0.0 
7310000 154867 74.371 12939436.85 132.654 0.1708 0.0 
7320000 154980 91.648 12957349.593 163.606 0.2107 0.0 
7330000 155083 97.623 12975859.013 181.118 0.2236 0.0 
7340000 155147 143.938 12995515.003 280.99 0.3306 0.0 
7350000 155200 163.518 13016041.137 329.084 0.3768 0.0 
7360000 155296 108.704 13035057.747 207.985 0.2511 0.0 
7370000 155401 102.265 13053744.249 192.149 0.2357 0.0 
7380000 155484 118.166 13072536.526 222.115 0.2712 0.0 
7390000 155565 110.715 13091578.452 208.625 0.2546 0.0 
7400000 155662 110.795 13110438.552 209.312 0.2552 0.0 
7410000 155752 106.16 13128783.197 194.095 0.2447 0.0 
7420000 155866 89.71 13147014.199 163.866 0.2073 0.0 
7430000 155969 100.01 13165445.755 185.355 0.2298 0.0 
7440000 156051 113.016 13184248.035 211.798 0.2603 0.0 
7450000 156178 74.531 13202570.384 135.056 0.1706 0.0 
7460000 156327 74.141 13220225.515 133.275 0.1705 0.0 
7470000 156448 84.525 13238527.335 155.259 0.1938 0.0 
7480000 156522 137.142 13258404.93 272.136 0.3188 0.0 
7490000 156573 165.621 13278919.355 334.924 0.3816 0.0 
7500000 156691 88.149 13297573.316 165.269 0.2021 0.0 
7510000 156834 79.221 13315351.135 143.083 0.1831 0.0 
7520000 156933 97.631 13333742.393 179.344 0.2253 0.0 
7530000 157048 83.409 13352313.597 154.966 0.1917 0.0 
7540000 157175 82.487 13371005.068 155.546 0.1896 0.0 
7550000 157288 89.502 13389986.78 170.29 0.2062 0.0 
7560000 157392 98.32 13409069.664 188.83 0.2257 0.0 
7570000 157508 81.831 13428004.558 153.445 0.1888 0.0 
7580000 157691 47.711 13445363.6 79.837 0.1102 0.0 
7590000 157831 75.351 13463387.322 137.565 0.1736 0.0 
7600000 157988 58.479 13481630.875 106.041 0.1339 0.0 
7610000 158118 90.204 13500760.676 175.475 0.2086 0.0 
7620000 158205 88.805 13520657.357 170.65 0.2038 0.0 
7630000 158332 84.465 13539436.33 159.798 0.1952 0.0 
7640000 158403 120.105 13558889.028 228.656 0.2765 0.0 
7650000 158535 68.144 13577024.713 120.921 0.1573 0.0 
7660000 158635 99.794 13595860.64 187.758 0.229 0.0 
7670000 158715 128.109 13615280.428 248.771 0.2957 0.0 
7680000 158806 101.093 13634377.711 191.657 0.233 0.0 
7690000 158939 75.162 13652945.652 139.692 0.1743 0.0 
7700000 159072 79.525 13671532.503 148.777 0.1829 0.0 
7710000 159209 73.862 13689839.128 135.353 0.1695 0.0 
7720000 159359 60.043 13707358.761 103.61 0.1368 0.0 
7730000 159524 71.18 13724369.255 125.847 0.1628 0.0 
7740000 159629 96.5 13742827.118 177.383 0.2199 0.0 
7750000 159805 50.512 13759514.713 83.213 0.116 0.0 
7760000 159964 80.529 13777126.165 148.045 0.1845 0.0 
7770000 160104 73.398 13795311.544 134.004 0.1688 0.0 
7780000 160240 81.272 13813316.885 147.269 0.1876 0.0 
7790000 160382 66.06 13830484.744 112.315 0.1521 0.0 
7800000 160492 98.538 13848514.99 180.518 0.2263 0.0 
7810000 160619 83.681 13866110.217 149.071 0.1939 0.0 
7820000 160733 82.126 13883562.405 140.998 0.1894 0.0 
7830000 160925 55.342 13900572.849 96.161 0.1263 0.0 
7840000 161132 43.884 13917628.293 72.382 0.1007 0.0 
7850000 161297 69.125 13935169.357 121.48 0.1584 0.0 
7860000 161436 65.457 13953428.92 119.18 0.1499 0.0 
7870000 161567 83.447 13969532.143 123.799 0.1926 0.0 
7880000 161706 77.469 13986981.015 138.245 0.1795 0.0 
7890000 161836 73.558 14005322.601 134.303 0.1695 0.0 
7900000 161983 66.591 14023469.188 119.977 0.1536 0.0 
7910000 162132 65.962 14041264.338 116.538 0.152 0.0 
7920000 162385 31.261 14056142.207 41.263 0.0731 0.0 
7930000 162550 66.634 14072750.066 112.039 0.154 0.0 
7940000 162672 70.557 14090127.923 120.133 0.1627 0.0 
7950000 162814 77.993 14107795.993 138.919 0.1811 0.0 
7960000 162917 97.541 14126172.648 179.192 0.2246 0.0 
7970000 163050 72.88 14143976.353 130.338 0.1663 0.0 
7980000 163203 69.372 14161973.146 127.013 0.1592 0.0 
7990000 163306 89.003 14180708.99 166.158 0.203 0.0 
8000000 163411 92.428 14199459.962 172.625 0.2118 0.0 
8010000 163527 85.269 14217834.006 156.443 0.1959 0.0 
8020000 163639 98.013 14236120.098 180.502 0.2262 0.0 
8030000 163765 82.482 14254010.092 148.285 0.1903 0.0 
8040000 163895 80.546 14271967.198 145.821 0.1861 0.0 
8050000 164043 61.763 14289919.157 109.523 0.142 0.0 
8060000 164216 55.758 14307494.559 97.388 0.1284 0.0 
8070000 164376 64.684 14325142.964 114.174 0.1493 0.0 
8080000 164512 74.635 14342929.656 132.956 0.1717 0.0 
8090000 164660 62.194 14361027.982 112.109 0.1452 0.0 
8100000 164824 67.091 14378930.798 120.453 0.1544 0.0 
8110000 164977 62.338 14396234.46 109.521 0.1434 0.0 
8120000 165101 81.295 14414897.747 150.965 0.1868 0.0 
8130000 165250 65.558 14433313.682 120.369 0.1532 0.0 
8140000 165395 71.219 14451971.885 133.622 0.1637 0.0 
8150000 165536 69.228 14470451.223 126.349 0.1582 0.0 
8160000 165685 69.185 14488259.407 124.628 0.1601 0.0 
8170000 165825 68.616 14506879.21 126.742 0.1592 0.0 
8180000 165968 67.351 14525046.964 120.555 0.1553 0.0 
8190000 166111 70.099 14542741.947 123.65 0.1609 0.0 
8200000 166260 63.37 14559969.655 107.662 0.1454 0.0 
8210000 166406 64.728 14577590.895 114.998 0.1498 0.0 
8220000 166571 61.864 14595252.11 108.745 0.1433 0.0 
8230000 166723 68.067 14612737.733 119.1 0.1569 0.0 
8240000 166866 70.715 14629881.516 121.287 0.1634 0.0 
8250000 167015 64.568 14646777.056 108.226 0.1478 0.0 
8260000 167172 65.058 14664130.363 114.698 0.1491 0.0 
8270000 167336 63.244 14681811.975 111.634 0.1442 0.0 
8280000 167504 59.299 14699760.314 106.538 0.1367 0.0 
8290000 167649 69.343 14717090.195 118.547 0.159 0.0 
8300000 167778 76.681 14734360.102 130.811 0.178 0.0 
8310000 167863 110.349 14751717.277 191.546 0.2527 0.0 
8320000 167923 143.954 14770655.618 267.082 0.3311 0.0 
8330000 167964 204.119 14790190.013 392.508 0.4708 0.0 
8340000 168034 155.937 14809788.878 304.463 0.3576 0.0 
8350000 168097 152.404 14829418.654 298.269 0.3498 0.0 
8360000 168225 74.366 14847805.816 135.215 0.1703 0.0 
8370000 168374 72.996 14865345.397 130.107 0.1683 0.0 
8380000 168486 82.112 14884207.638 153.48 0.1886 0.0 
8390000 168653 59.947 14902000.541 107.042 0.1374 0.0 
8400000 168818 60.408 14920013.047 108.224 0.1393 0.0 
8410000 168976 57.451 14938051.16 101.087 0.1312 0.0 
8420000 169166 60.78 14954953.792 107.448 0.1387 0.0 
8430000 169299 73.331 14973470.301 134.542 0.1687 0.0 
8440000 169395 119.147 14992650.664 231.295 0.2743 0.0 
8450000 169514 79.146 15011520.6 147.183 0.1812 0.0 
8460000 169598 103.196 15030196.661 190.432 0.237 0.0 
8470000 169791 90.098 15046365.34 164.698 0.2084 0.0 
8480000 169855 141.904 15065102.373 264.531 0.3253 0.0 
8490000 169933 126.519 15083164.263 231.235 0.292 0.0 
8500000 169995 157.401 15102771.698 304.935 0.3617 0.0 
8510000 170044 178.208 15122931.506 353.779 0.4118 0.0 
8520000 170117 145.707 15142877.094 290.909 0.3355 0.0 
8530000 170195 135.909 15162773.495 271.108 0.3103 0.0 
8540000 170290 98.504 15182232.049 189.653 0.2263 0.0 
8550000 170405 96.87 15201104.428 186.571 0.2248 0.0 
8560000 170489 118.976 15221010.636 237.11 0.2727 0.0 
8570000 170605 83.193 15240133.742 158.213 0.1913 0.0 
8580000 170715 94.306 15259517.514 184.263 0.2176 0.0 
8590000 170772 152.876 15280041.803 310.274 0.3505 0.0 
8600000 170837 143.265 15299964.004 286.826 0.3286 0.0 
8610000 170941 98.512 15319182.374 190.142 0.2301 0.0 
8620000 171046 92.007 15338651.194 177.52 0.2127 0.0 
8630000 171167 85.202 15357588.033 162.12 0.1959 0.0 
8640000 171267 97.183 15377062.145 188.842 0.2244 0.0 
8650000 171368 101.221 15396227.136 193.436 0.2329 0.0 
8660000 171433 140.518 15416118.643 278.013 0.3207 0.0 
8670000 171553 83.284 15434655.114 154.186 0.1925 0.0 
8680000 171712 55.063 15452102.301 93.429 0.1276 0.0 
8690000 171900 56.593 15468604.545 93.658 0.1289 0.0 
8700000 172057 71.428 15485343.699 123.345 0.1645 0.0 
8710000 172177 79.411 15503229.258 140.404 0.1827 0.0 
8720000 172303 85.696 15521144.063 156.506 0.1966 0.0 
8730000 172410 81.445 15539993.551 150.112 0.187 0.0 
8740000 172564 65.28 15557253.28 112.118 0.1516 0.0 
8750000 172721 68.29 15574250.736 118.105 0.1577 0.0 
8760000 172868 72.477 15591380.184 126.027 0.1664 0.0 
8770000 172995 72.971 15609308.119 129.573 0.1671 0.0 
8780000 173150 65.087 15626654.713 112.577 0.1491 0.0 
8790000 173275 82.621 15644340.233 145.127 0.1905 0.0 
8800000 173372 96.209 15662771.807 177.27 0.2227 0.0 
8810000 173475 104.029 15681150.369 193.073 0.2377 0.0 
8820000 173689 46.4 15695378.791 62.177 0.1063 0.0 
8830000 173907 59.877 15708942.363 89.544 0.1374 0.0 
8840000 173996 97.614 15725621.251 161.953 0.2242 0.0 
8850000 174114 75.442 15741424.183 113.371 0.1755 0.0 
8860000 174268 68.989 15756592.315 111.994 0.1604 0.0 
8870000 174369 107.894 15774658.941 196.158 0.2499 0.0 
8880000 174464 105.126 15793029.003 192.02 0.2422 0.0 
8890000 174590 80.373 15810120.53 137.846 0.185 0.0 
8900000 174687 96.755 15828421.852 175.722 0.2226 0.0 
8910000 174784 109.912 15847340.393 208.957 0.2517 0.0 
8920000 174875 103.013 15866296.303 193.54 0.2374 0.0 
8930000 174997 89.542 15883511.218 156.411 0.2072 0.0 
8940000 175116 73.364 15901069.352 125.589 0.1692 0.0 
8950000 175237 76.492 15918270.426 129.132 0.1783 0.0 
8960000 175318 122.759 15936614.801 226.269 0.2829 0.0 
8970000 175432 87.82 15954673.03 157.616 0.2033 0.0 
8980000 175532 101.451 15973066.784 189.02 0.2345 0.0 
8990000 175596 144.692 15992876.665 283.359 0.3331 0.0 
9000000 175679 118.377 16011996.388 226.465 0.2715 0.0 
9010000 175777 107.154 16031112.584 206.349 0.2454 0.0 
9020000 175908 74.88 16049631.343 137.778 0.1719 0.0 
9030000 175988 100.411 16069379.591 192.107 0.2304 0.0 
9040000 176076 113.872 16088507.529 218.611 0.2614 0.0 
9050000 176197 80.462 16107027.724 147.464 0.1858 0.0 
9060000 176319 85.628 16125666.113 160.977 0.1969 0.0 
9070000 176404 110.408 16145322.645 214.293 0.2532 0.0 
9080000 176484 111.505 16164761.914 213.743 0.2571 0.0 
9090000 176577 110.656 16183757.572 210.478 0.2536 0.0 
9100000 176679 90.695 16202256.352 166.748 0.209 0.0 
9110000 176782 100.462 16220851.819 188.09 0.2318 0.0 
9120000 176909 79.836 16238719.211 142.612 0.1854 0.0 
9130000 177012 92.455 16257421.378 172.159 0.2133 0.0 
9140000 177106 114.462 16276993.275 225.632 0.2628 0.0 
9150000 177191 111.714 16296589.573 215.976 0.2561 0.0 
9160000 177293 94.207 16315335.432 175.996 0.2183 0.0 
9170000 177421 87.063 16332587.508 156.237 0.2002 0.0 
9180000 177582 58.516 16348621.22 90.724 0.1362 0.0 
9190000 177737 70.919 16364682.954 117.123 0.1632 0.0 
9200000 177884 67.377 16381855.809 115.916 0.1542 0.0 
9210000 178053 67.221 16398529.454 113.162 0.1549 0.0 
9220000 178165 91.269 16416087.47 163.261 0.2116 0.0 
9230000 178273 89.107 16434388.386 161.178 0.2071 0.0 
9240000 178374 103.934 16452987.643 194.874 0.239 0.0 
9250000 178483 93.694 16471912.504 178.137 0.2178 0.0 
9260000 178602 87.152 16490641.909 164.503 0.2018 0.0 
9270000 178712 85.121 16509623.446 158.779 0.198 0.0 
9280000 178816 86.278 16528918.129 163.96 0.1983 0.0 
9290000 178911 120.614 16548573.729 242.084 0.2776 0.0 
9300000 179065 61.396 16566238.003 107.527 0.1424 0.0 
9310000 179230 64.81 16583556.557 114.094 0.1502 0.0 
9320000 179343 91.481 16601398.208 165.157 0.2095 0.0 
9330000 179461 82.518 16619813.41 151.293 0.1899 0.0 
9340000 179570 93.908 16638099.06 174.451 0.2165 0.0 
9350000 179697 79.49 16656440.12 144.776 0.1835 0.0 
9360000 179815 93.664 16674796.062 175.321 0.2163 0.0 
9370000 179908 99.0 16694470.791 192.699 0.2282 0.0 
9380000 180075 66.25 16711929.293 117.13 0.1535 0.0 
9390000 180201 82.059 16730310.748 151.96 0.1891 0.0 
9400000 180317 76.922 16748721.362 138.392 0.1758 0.0 
9410000 180497 54.751 16765361.252 90.622 0.1274 0.0 
9420000 180657 66.408 16781903.469 110.452 0.1521 0.0 
9430000 180786 78.804 16798230.628 131.142 0.1816 0.0 
9440000 180886 96.086 16815557.094 166.529 0.2223 0.0 
9450000 181025 71.151 16832626.029 121.508 0.1636 0.0 
9460000 181141 98.037 16847658.984 128.731 0.2276 0.0 
9470000 181298 72.18 16863947.02 122.843 0.1679 0.0 
9480000 181389 102.474 16883285.874 195.464 0.2354 0.0 
9490000 181502 89.447 16902083.925 166.548 0.2057 0.0 
9500000 181615 85.596 16920397.908 157.353 0.1959 0.0 
9510000 181707 113.385 16938210.965 196.71 0.261 0.0 
9520000 181788 130.378 16957870.812 252.313 0.2988 0.0 
9530000 181870 126.311 16975779.417 220.758 0.294 0.0 
9540000 181958 110.855 16995281.145 211.667 0.2542 0.0 
9550000 182091 78.808 17013168.46 141.709 0.1805 0.0 
9560000 182201 91.073 17031597.181 167.675 0.2113 0.0 
9570000 182308 94.076 17050304.629 175.885 0.2168 0.0 
9580000 182430 80.231 17068498.137 145.804 0.185 0.0 
9590000 182545 88.778 17087060.567 164.512 0.2044 0.0 
9600000 182655 87.825 17105809.814 163.353 0.2031 0.0 
9610000 182759 93.917 17125020.87 180.481 0.2156 0.0 
9620000 182867 85.723 17144117.734 161.998 0.1969 0.0 
9630000 183088 62.572 17159327.172 104.91 0.1449 0.0 
9640000 183203 85.208 17176694.382 148.505 0.1957 0.0 
9650000 183339 69.865 17193900.444 120.339 0.1609 0.0 
9660000 183500 62.466 17210128.411 99.923 0.1444 0.0 
9670000 183652 65.448 17226915.787 112.831 0.1505 0.0 
9680000 183775 83.686 17245167.785 153.116 0.1931 0.0 
9690000 183896 88.413 17263517.487 164.219 0.2046 0.0 
9700000 183993 102.637 17282613.996 195.13 0.2362 0.0 
9710000 184075 108.059 17301973.449 205.955 0.2493 0.0 
9720000 184172 109.278 17320539.114 204.168 0.2508 0.0 
9730000 184265 113.043 17340049.205 224.137 0.2604 0.0 
9740000 184336 140.838 17360317.824 285.193 0.3241 0.0 
9750000 184426 104.137 17379863.971 201.528 0.2393 0.0 
9760000 184520 110.661 17398575.945 207.922 0.2541 0.0 
9770000 184645 81.492 17416552.142 147.104 0.1881 0.0 
9780000 184733 103.742 17433587.535 181.82 0.2391 0.0 
9790000 184837 96.174 17451895.474 174.906 0.2206 0.0 
9800000 184956 81.322 17470462.758 149.167 0.1891 0.0 
9810000 185054 100.123 17488659.395 181.035 0.2292 0.0 
9820000 185180 73.786 17505463.77 124.665 0.1715 0.0 
9830000 185287 95.4 17522984.187 167.63 0.22 0.0 
9840000 185380 106.766 17541380.866 195.864 0.2473 0.0 
9850000 185470 104.148 17560043.559 193.559 0.2417 0.0 
9860000 185598 77.718 17578002.123 139.352 0.1792 0.0 
9870000 185729 73.296 17595772.043 130.748 0.1677 0.0 
9880000 185873 72.53 17613856.876 131.923 0.1671 0.0 
9890000 186006 68.293 17631828.317 120.405 0.1576 0.0 
9900000 186166 61.265 17649426.194 107.288 0.1408 0.0 
9910000 186362 54.635 17666050.357 91.768 0.1268 0.0 
9920000 186446 107.424 17685033.83 202.196 0.248 0.0 
9930000 186541 108.267 17704012.081 206.682 0.2505 0.0 
9940000 186615 124.547 17723893.599 244.387 0.2857 0.0 
9950000 186705 115.065 17743452.946 226.037 0.267 0.0 
9960000 186786 126.846 17763267.997 251.189 0.2916 0.0 
9970000 186851 140.162 17783124.791 276.546 0.3246 0.0 
9980000 186984 74.965 17801405.137 137.188 0.1723 0.0 
9990000 187102 90.33 17820032.089 169.926 0.2077 0.0 
10000000 187187 113.56 17839670.691 222.265 0.2599 0.0 
