10000 14 173.743 2206.2 38.093 1.2653 389.138 
20000 26 299.592 4166.5 64.709 2.4937 662.5029 
30000 36 444.805 5757.7 82.692 4.832 847.1133 
40000 48 527.61 7757.7 100.279 6.289 1026.267 
50000 55 622.382 9198.4 111.264 7.743 1138.0941 
60000 67 676.505 11025.6 121.402 8.7067 1244.0388 
70000 78 727.11 12971.3 131.916 9.5409 1351.6219 
80000 90 748.479 15102.0 140.693 9.9457 1442.4688 
90000 103 760.43 17341.7 150.83 10.1993 1546.9538 
100000 114 793.323 19245.2 156.132 10.7067 1599.4316 
110000 128 772.196 21688.4 160.193 10.4804 1643.9745 
120000 143 739.204 24254.5 161.741 10.0767 1660.9563 
130000 157 729.714 26708.5 165.103 10.0168 1696.5102 
140000 169 746.759 28990.0 170.379 10.2732 1753.5488 
150000 185 706.385 31348.4 163.43 9.73 1676.8144 
160000 202 682.402 34450.9 169.933 9.3958 1740.343 
170000 217 675.023 37201.2 173.061 9.2855 1772.899 
180000 231 689.552 39741.5 176.746 9.4893 1811.3311 
190000 242 728.566 41878.7 177.9 10.0286 1827.5833 
200000 257 717.118 44078.7 171.465 9.8816 1763.9077 
210000 271 713.38 46611.1 171.941 9.8252 1769.0831 
220000 291 646.28 49398.3 163.144 8.9164 1677.2172 
230000 309 596.18 52349.9 161.151 8.2285 1660.7612 
240000 326 612.077 55381.8 166.903 8.4436 1721.6958 
250000 343 606.607 58217.7 168.367 8.3937 1737.454 
260000 359 612.829 61102.5 171.096 8.5094 1766.8437 
270000 378 584.928 64248.1 168.323 8.1551 1741.6897 
280000 394 601.42 67072.9 172.321 8.394 1778.2676 
290000 409 612.765 69526.5 168.271 8.5622 1734.279 
300000 430 568.084 72579.1 161.454 7.947 1663.7772 
310000 447 560.781 75389.8 162.009 7.8313 1672.9743 
320000 465 576.953 78293.1 163.009 8.0474 1682.0694 
330000 478 621.38 80489.3 163.84 8.6739 1691.4226 
340000 496 598.942 83195.0 159.288 8.3737 1647.2387 
350000 514 574.334 86579.2 166.393 8.0518 1723.8233 
360000 537 524.063 90161.6 163.339 7.3669 1699.1869 
370000 561 487.159 93724.5 157.521 6.8598 1639.5278 
380000 587 445.026 97494.3 152.808 6.2656 1586.0919 
390000 611 429.145 100944.6 147.514 5.9927 1523.1527 
400000 632 453.584 104332.4 154.181 6.3189 1588.6419 
410000 651 475.627 107297.4 155.521 6.6218 1605.5587 
420000 671 473.78 111005.6 162.39 6.5917 1677.2464 
430000 693 467.48 114667.8 163.232 6.5217 1688.841 
440000 708 520.209 117612.1 171.868 7.2369 1776.1772 
450000 730 497.504 121463.2 173.71 6.9156 1794.39 
460000 752 476.517 125514.6 176.327 6.6306 1820.2974 
470000 773 482.102 129354.4 180.188 6.7075 1870.1079 
480000 797 451.833 133695.4 179.022 6.289 1861.8376 
490000 822 431.041 137737.4 171.807 6.0064 1789.534 
500000 844 435.641 141592.0 172.261 6.0766 1793.6405 
510000 868 424.18 145746.4 170.814 5.9168 1770.6276 
520000 890 436.786 150092.3 181.189 6.0873 1881.515 
530000 914 416.409 154377.7 177.113 5.807 1850.1047 
540000 940 407.245 159065.0 178.95 5.6752 1875.2605 
550000 960 426.099 163269.0 186.191 5.9386 1956.6418 
560000 984 426.517 167424.6 182.564 5.9624 1912.2814 
570000 1007 435.902 171701.7 187.217 6.088 1963.1706 
580000 1029 433.897 175624.4 180.574 6.0526 1891.6832 
590000 1052 435.413 179673.6 179.391 6.0424 1878.9496 
600000 1075 440.614 184211.5 188.369 6.098 1973.3789 
610000 1099 413.088 188756.7 185.84 5.7144 1950.2328 
620000 1128 397.99 193709.6 182.798 5.4989 1919.6246 
630000 1150 412.416 197553.2 178.394 5.6999 1879.2115 
640000 1175 410.288 201711.4 174.853 5.7174 1839.2043 
650000 1201 393.964 206375.2 174.923 5.5254 1839.2546 
660000 1232 363.716 211314.8 169.217 5.1162 1782.571 
670000 1259 366.857 215616.8 164.933 5.168 1729.6161 
680000 1282 390.633 219532.5 165.499 5.5064 1736.1613 
690000 1314 351.797 225061.5 168.717 4.9641 1774.6041 
700000 1341 360.787 229887.1 173.322 5.0847 1817.9994 
710000 1367 369.939 234677.7 178.134 5.2181 1865.9438 
720000 1396 359.237 239681.6 176.655 5.0756 1850.0703 
730000 1420 380.869 244218.5 181.769 5.364 1897.7609 
740000 1445 390.785 249078.4 187.04 5.5001 1967.8537 
750000 1472 380.409 253803.4 182.822 5.3306 1925.8868 
760000 1496 396.242 258337.5 184.273 5.5316 1936.8277 
770000 1529 349.61 263506.4 170.274 4.9037 1801.0396 
780000 1556 354.739 268329.6 171.855 4.9938 1813.6895 
790000 1587 343.558 273187.6 166.058 4.8209 1744.4592 
800000 1616 341.168 278283.5 168.661 4.7747 1761.1102 
810000 1641 369.196 282411.4 168.029 5.159 1766.996 
820000 1659 424.545 285529.6 169.918 5.9171 1789.9538 
830000 1682 426.308 289966.2 177.245 5.9385 1850.2779 
840000 1711 386.063 295315.2 178.466 5.382 1879.3679 
850000 1745 344.857 300646.8 168.991 4.8048 1796.8375 
860000 1767 383.982 304745.2 175.97 5.3184 1850.6813 
870000 1796 361.72 310214.6 179.828 5.0137 1898.6876 
880000 1832 323.199 316115.6 173.903 4.4871 1850.6647 
890000 1855 357.866 320395.2 176.726 4.9622 1863.1388 
900000 1885 349.719 325586.4 175.958 4.8543 1856.1343 
910000 1916 335.325 330862.5 172.915 4.681 1819.4571 
920000 1944 344.348 335809.3 174.981 4.8314 1852.3338 
930000 1972 345.269 341180.0 179.375 4.8672 1899.986 
940000 1997 364.658 345735.2 180.45 5.152 1893.9435 
950000 2036 308.502 351657.5 166.24 4.3777 1765.6759 
960000 2065 312.27 356660.7 167.533 4.4333 1786.5827 
970000 2092 339.917 361085.4 167.373 4.8169 1780.4274 
980000 2114 378.698 365601.0 180.979 5.3447 1900.3517 
990000 2143 363.333 370808.5 180.741 5.1324 1918.0543 
1000000 2162 423.177 373778.8 171.138 5.964 1811.2954 
1010000 2192 382.966 379210.9 177.167 5.4018 1858.2757 
1020000 2219 377.069 383927.1 173.365 5.3144 1828.2512 
1030000 2251 344.715 389274.7 169.614 4.8669 1796.7177 
1040000 2270 376.015 392607.6 172.578 5.3031 1835.3273 
1050000 2292 429.958 396281.8 171.696 6.0526 1827.9363 
1060000 2320 394.138 401328.5 173.257 5.548 1842.6454 
1070000 2344 397.033 405177.2 167.339 5.5842 1774.711 
1080000 2368 403.022 409183.9 167.501 5.6541 1787.6023 
1090000 2392 399.092 413220.0 168.989 5.5832 1801.3353 
1100000 2417 408.411 417400.1 168.685 5.702 1767.9391 
1110000 2449 357.499 422813.4 168.068 4.9938 1770.4754 
1120000 2479 348.968 427915.4 170.111 4.8662 1808.4961 
1130000 2511 332.202 433117.2 165.771 4.6323 1757.4189 
1140000 2534 374.13 437239.3 171.293 5.2306 1811.8919 
1150000 2562 362.998 441472.6 161.656 5.0809 1711.2176 
1160000 2594 339.41 446964.7 166.284 4.7474 1756.1736 
1170000 2621 347.232 451452.1 164.908 4.8487 1733.3592 
1180000 2654 327.991 456210.6 157.352 4.5865 1667.6996 
1190000 2681 346.3 460661.3 160.43 4.8385 1705.2344 
1200000 2715 324.462 466289.7 163.583 4.5369 1743.2538 
1210000 2742 337.742 470833.0 163.037 4.7327 1739.6978 
1220000 2779 302.986 476424.7 156.847 4.2601 1684.3879 
1230000 2806 333.698 480900.8 163.343 4.6734 1733.9476 
1240000 2838 324.543 486371.3 167.052 4.538 1762.1355 
1250000 2865 341.484 490917.7 165.999 4.7708 1758.1318 
1260000 2900 314.611 496912.0 168.388 4.408 1805.1618 
1270000 2927 337.24 500918.2 160.545 4.7145 1715.1859 
1280000 2957 332.611 506285.4 167.635 4.6521 1776.277 
1290000 2991 318.926 511055.7 155.652 4.4807 1645.2259 
1300000 3021 326.331 516199.1 163.208 4.6073 1729.1484 
1310000 3054 312.069 522064.1 168.956 4.3964 1797.6404 
1320000 3092 283.414 527297.0 151.7 3.9846 1614.5783 
1330000 3127 288.834 532193.7 146.835 4.0506 1558.876 
1340000 3173 247.501 538126.9 137.087 3.4708 1463.6532 
1350000 3205 272.747 543453.9 148.919 3.8347 1575.0553 
1360000 3243 268.72 548868.4 145.973 3.7743 1562.7452 
1370000 3279 282.236 554110.4 149.318 3.9573 1597.5362 
1380000 3311 293.915 559357.3 155.988 4.1389 1662.3899 
1390000 3342 290.424 563877.2 150.266 4.0974 1595.0481 
1400000 3370 328.406 568348.6 154.149 4.5834 1624.2809 
1410000 3407 302.862 572902.0 138.772 4.2108 1468.2852 
1420000 3440 288.049 577592.2 137.122 3.994 1466.8217 
1430000 3485 250.344 583777.6 137.49 3.4857 1478.7161 
1440000 3526 246.136 589281.9 135.743 3.4328 1431.7489 
1450000 3549 305.942 592390.2 133.784 4.2655 1416.4983 
1460000 3590 280.422 598063.1 138.488 3.9286 1473.3318 
1470000 3634 253.532 603871.4 136.356 3.5655 1455.8641 
1480000 3660 300.571 607379.3 134.991 4.2081 1446.8705 
1490000 3701 263.805 612509.0 128.718 3.6991 1396.1009 
1500000 3738 269.441 617608.2 132.835 3.798 1431.256 
1510000 3769 293.501 622225.7 138.97 4.1373 1499.2386 
1520000 3810 265.886 628020.0 140.762 3.7582 1532.0292 
1530000 3843 285.615 632915.7 144.661 4.0355 1550.7905 
1540000 3878 286.819 638057.4 146.099 4.0551 1554.9705 
1550000 3910 302.56 642356.4 142.941 4.2772 1522.1234 
1560000 3953 258.497 647969.8 133.733 3.6604 1418.3057 
1570000 3986 276.951 652224.4 132.36 3.9156 1405.9157 
1580000 4019 273.595 656972.5 136.121 3.8622 1443.7434 
1590000 4048 314.057 661177.2 139.859 4.3983 1482.4487 
1600000 4083 297.904 665626.7 133.212 4.1675 1412.0687 
1610000 4110 326.982 669134.9 132.575 4.562 1401.0162 
1620000 4142 320.776 673707.1 137.555 4.4857 1467.9145 
1630000 4158 401.357 676156.8 141.567 5.62 1498.0759 
1640000 4188 364.886 680469.6 139.517 5.0983 1480.3431 
1650000 4210 410.363 683698.7 145.957 5.6947 1551.3055 
1660000 4244 340.963 688531.2 141.069 4.7289 1500.424 
1670000 4270 361.516 692557.3 146.95 5.0017 1560.7146 
1680000 4297 367.399 696577.2 148.357 5.0776 1569.435 
1690000 4327 332.285 701150.2 150.216 4.5974 1603.3303 
1700000 4356 350.056 705519.5 150.161 4.8525 1583.6468 
1710000 4393 316.775 710098.3 135.237 4.3983 1425.1431 
1720000 4429 295.489 714923.0 136.389 4.1392 1429.3042 
1730000 4465 285.532 720351.7 142.567 4.029 1498.6859 
1740000 4503 275.504 725492.2 140.105 3.8865 1448.7231 
1750000 4537 280.107 730603.5 143.533 3.9337 1482.4075 
1760000 4583 242.146 736513.1 134.519 3.4077 1415.171 
1770000 4624 244.741 742089.3 136.02 3.4654 1419.7708 
1780000 4672 223.077 747721.3 124.828 3.1701 1308.7868 
1790000 4712 233.729 753192.0 129.38 3.3195 1371.0324 
1800000 4752 248.773 758111.1 127.157 3.5429 1337.4613 
1810000 4784 261.774 762292.3 128.418 3.7275 1354.0905 
1820000 4817 276.256 766879.3 132.572 3.914 1400.9998 
1830000 4854 277.861 771653.2 132.572 3.9091 1402.8834 
1840000 4892 269.824 776628.5 131.643 3.7726 1397.0811 
1850000 4939 228.117 782266.9 121.872 3.2038 1294.6132 
1860000 4975 256.595 786829.2 124.059 3.5963 1307.8121 
1870000 5011 267.562 792197.8 137.596 3.7377 1442.6825 
1880000 5051 261.277 797378.9 133.977 3.6648 1407.7147 
1890000 5089 261.34 802092.5 129.826 3.6864 1364.1437 
1900000 5126 261.503 807303.0 134.103 3.695 1421.6655 
1910000 5159 290.214 811545.1 133.427 4.0761 1415.3248 
1920000 5194 286.25 816773.5 141.923 4.0098 1514.0879 
1930000 5226 297.89 821229.9 137.493 4.1621 1468.9475 
1940000 5259 311.502 825954.6 143.266 4.3487 1512.0089 
1950000 5291 310.428 830363.2 140.169 4.3473 1494.2532 
1960000 5330 274.548 835385.2 133.751 3.8672 1428.6907 
1970000 5365 282.208 839634.6 128.943 3.9655 1374.7084 
1980000 5399 287.88 844386.2 134.438 4.0412 1427.769 
1990000 5437 269.81 849471.7 133.054 3.7743 1426.9514 
2000000 5468 304.164 853289.5 129.277 4.2504 1376.1465 
2010000 5499 316.483 856808.4 123.307 4.4252 1300.111 
2020000 5542 268.118 861876.6 121.08 3.7604 1269.2629 
2030000 5582 248.493 866773.1 119.495 3.4881 1252.105 
2040000 5614 284.271 870990.3 127.352 3.9824 1344.574 
2050000 5650 264.729 875738.5 130.97 3.707 1391.4762 
2060000 5688 279.392 880800.1 132.526 3.9139 1402.6583 
2070000 5726 277.956 885422.9 128.834 3.8921 1350.6559 
2080000 5757 295.55 889601.7 127.63 4.1344 1351.5481 
2090000 5798 262.014 894821.4 126.429 3.6755 1343.0052 
2100000 5840 243.814 899932.3 122.527 3.4211 1303.2005 
2110000 5881 249.512 905180.8 127.399 3.4996 1352.0359 
2120000 5920 254.709 910164.9 127.264 3.5906 1341.8924 
2130000 5963 244.79 915421.8 125.878 3.4506 1332.4523 
2140000 5997 271.307 920075.5 131.079 3.8008 1385.2457 
2150000 6031 279.568 924547.2 131.972 3.907 1388.6629 
2160000 6061 308.23 928791.2 135.422 4.2772 1416.5491 
2170000 6101 275.272 933545.2 126.325 3.8309 1336.5169 
2180000 6136 281.35 938139.0 130.968 3.9126 1393.0646 
2190000 6164 312.317 941923.8 132.532 4.3344 1415.0657 
2200000 6198 304.374 946766.6 137.662 4.2116 1460.9619 
2210000 6232 298.291 951431.5 137.506 4.1324 1457.138 
2220000 6270 282.406 955968.4 127.141 3.9254 1353.8837 
2230000 6308 275.592 960521.3 124.296 3.8426 1325.3351 
2240000 6339 302.973 964281.4 122.628 4.219 1290.8287 
2250000 6376 288.401 968654.0 119.374 4.0217 1235.5429 
2260000 6410 290.729 973184.2 125.962 4.0625 1306.8972 
2270000 6446 278.81 978116.9 130.174 3.8994 1358.4108 
2280000 6484 274.56 982510.3 123.206 3.8401 1278.2534 
2290000 6524 258.481 987657.6 124.701 3.6192 1304.196 
2300000 6565 249.369 992831.7 124.725 3.4913 1311.3451 
2310000 6607 241.943 997772.9 121.14 3.3856 1261.1527 
2320000 6644 252.376 1002437.0 122.607 3.5421 1269.9958 
2330000 6683 252.117 1008257.9 136.425 3.5454 1454.2381 
2340000 6722 257.968 1013844.9 142.226 3.622 1539.3445 
2350000 6758 268.331 1019234.7 146.798 3.761 1589.976 
2360000 6804 239.763 1024791.3 130.306 3.3638 1401.9953 
2370000 6858 203.355 1030711.4 116.49 2.8636 1235.9432 
2380000 6901 222.884 1035888.7 120.063 3.133 1273.732 
2390000 6943 235.092 1041023.5 122.378 3.3105 1292.3979 
2400000 6988 227.883 1046347.6 120.654 3.2063 1279.0667 
2410000 7025 251.432 1051274.0 127.295 3.5231 1326.0825 
2420000 7068 238.339 1056509.0 123.683 3.3447 1281.7986 
2430000 7111 234.153 1061703.1 122.417 3.2893 1280.1987 
2440000 7148 252.76 1066600.8 126.557 3.5502 1327.305 
2450000 7184 254.996 1071246.7 126.031 3.5824 1322.1208 
2460000 7221 264.874 1075932.6 127.221 3.7126 1342.6432 
2470000 7256 272.123 1080758.0 131.217 3.8334 1391.2103 
2480000 7298 244.963 1085937.2 124.769 3.4556 1313.2779 
2490000 7343 235.232 1091326.1 122.874 3.3229 1296.2289 
2500000 7381 252.099 1096131.4 125.42 3.5592 1325.6421 
2510000 7418 260.474 1101383.2 133.302 3.6915 1403.9629 
2520000 7455 264.875 1106149.2 130.239 3.7472 1374.8847 
2530000 7493 265.279 1110728.6 125.275 3.7332 1328.4237 
2540000 7526 287.774 1115502.7 136.585 4.0259 1465.8397 
2550000 7564 273.184 1120649.3 135.054 3.8236 1463.765 
2560000 7608 244.792 1125923.3 125.773 3.4326 1373.1534 
2570000 7641 272.755 1129546.5 119.514 3.8165 1295.4805 
2580000 7685 240.006 1134784.5 116.848 3.3666 1265.9862 
2590000 7724 257.073 1139319.9 118.405 3.5964 1293.4032 
2600000 7765 248.763 1144149.7 117.773 3.483 1262.1184 
2610000 7812 224.5 1149508.0 115.606 3.1477 1242.7685 
2620000 7860 213.64 1154766.8 110.902 2.9964 1188.4935 
2630000 7899 235.612 1160010.0 123.55 3.3233 1319.1544 
2640000 7943 229.561 1165626.1 123.989 3.254 1350.7464 
2650000 7973 273.007 1169571.2 127.754 3.8575 1376.4436 
2660000 8012 266.906 1174785.9 131.118 3.7633 1435.1151 
2670000 8046 273.58 1179172.3 128.119 3.8501 1403.733 
2680000 8080 280.762 1183705.6 130.654 3.9551 1415.1982 
2690000 8114 284.063 1188415.3 133.549 3.9824 1426.5108 
2700000 8154 271.423 1193168.5 126.077 3.7846 1347.252 
2710000 8187 290.467 1197362.8 127.65 4.0576 1360.9367 
2720000 8226 272.648 1202162.1 126.68 3.8123 1348.0346 
2730000 8261 281.373 1206730.3 128.54 3.9242 1365.7769 
2740000 8305 250.967 1212084.8 125.299 3.5352 1319.2792 
2750000 8346 248.296 1217154.1 125.524 3.5085 1338.2963 
2760000 8380 268.37 1221805.8 131.978 3.7596 1399.6413 
2770000 8410 303.395 1226021.9 135.868 4.2344 1425.0669 
2780000 8451 264.793 1231054.9 126.828 3.7095 1335.9403 
2790000 8481 297.732 1235137.0 131.616 4.1603 1372.6374 
2800000 8513 307.105 1239040.5 128.276 4.2836 1337.9755 
2810000 8544 315.848 1243294.0 131.933 4.3974 1376.4232 
2820000 8570 335.913 1246869.2 131.835 4.6703 1384.553 
2830000 8598 354.2 1250636.6 134.646 4.9285 1391.4662 
2840000 8636 301.985 1255197.5 125.915 4.2217 1311.9946 
2850000 8672 292.418 1259496.7 123.67 4.0886 1303.0854 
2860000 8700 322.018 1263109.6 125.688 4.4887 1307.2257 
2870000 8737 289.698 1267557.3 122.82 4.0632 1294.622 
2880000 8776 273.741 1271953.1 117.764 3.8607 1256.5076 
2890000 8803 314.347 1275013.3 116.906 4.4293 1254.8094 
2900000 8844 280.859 1279577.1 115.293 3.9725 1250.7732 
2910000 8877 294.078 1283678.8 119.082 4.1637 1302.4373 
2920000 8907 313.394 1287716.4 124.815 4.4312 1369.3512 
2930000 8945 286.894 1292402.8 126.297 4.0588 1369.7747 
2940000 8981 282.816 1296819.3 123.515 4.0025 1350.5476 
2950000 9012 300.056 1300822.7 124.271 4.2394 1358.4957 
2960000 9038 311.777 1303742.8 120.482 4.405 1323.2206 
2970000 9064 359.61 1306670.2 116.693 5.074 1285.6126 
2980000 9092 360.02 1310085.6 120.223 5.0781 1317.631 
2990000 9125 334.5 1314205.3 121.332 4.7054 1309.3528 
3000000 9159 315.775 1318168.0 119.525 4.4328 1294.5378 
3010000 9200 278.049 1323153.1 120.831 3.9043 1321.3117 
3020000 9224 295.404 1326281.0 124.853 4.1368 1369.43 
3030000 9246 374.697 1328967.8 122.93 5.2353 1341.7564 
3040000 9282 327.647 1333419.6 124.41 4.5904 1361.0679 
3050000 9316 317.901 1337224.7 119.08 4.4498 1302.1118 
3060000 9340 361.122 1340661.3 129.169 5.0666 1384.8866 
3070000 9373 334.096 1344852.8 128.836 4.6998 1371.2905 
3080000 9399 354.383 1348278.1 129.641 4.9747 1373.0795 
3090000 9436 310.21 1352826.3 126.892 4.3428 1330.8714 
3100000 9476 276.218 1357397.4 120.328 3.8444 1282.5475 
3110000 9513 270.549 1361689.6 118.821 3.7928 1264.2356 
3120000 9546 288.07 1365947.3 124.051 4.0647 1313.131 
3130000 9580 290.105 1370039.5 122.459 4.082 1300.6849 
3140000 9615 282.814 1374846.6 127.994 3.9691 1370.7945 
3150000 9647 298.196 1378778.9 125.845 4.1749 1335.9199 
3160000 9676 299.342 1382534.8 125.063 4.1826 1321.9102 
3170000 9706 321.808 1386209.8 125.545 4.4882 1334.083 
3180000 9742 305.955 1390622.4 124.668 4.2567 1331.5274 
3190000 9778 292.159 1394839.6 121.066 4.0659 1280.3329 
3200000 9813 291.501 1399109.7 121.623 4.071 1276.5395 
3210000 9845 295.904 1403088.2 121.861 4.134 1281.9606 
3220000 9874 318.951 1406535.6 120.642 4.4739 1286.5201 
3230000 9907 311.195 1410294.1 117.393 4.3784 1247.9646 
3240000 9939 313.617 1414093.2 119.195 4.4079 1268.6052 
3250000 9973 301.388 1418463.2 122.09 4.2426 1302.7324 
3260000 10008 290.643 1422482.0 117.936 4.0746 1266.1163 
3270000 10056 243.781 1427777.5 114.64 3.4412 1238.9205 
3280000 10095 248.569 1432627.7 118.632 3.512 1265.8812 
3290000 10126 278.299 1437560.2 135.802 3.9104 1441.6601 
3300000 10165 267.745 1442835.3 135.576 3.7599 1448.5242 
3310000 10208 250.874 1448058.9 129.713 3.5209 1391.4896 
3320000 10246 256.925 1452871.1 127.699 3.6016 1359.2756 
3330000 10274 298.52 1456884.9 135.112 4.171 1425.2166 
3340000 10301 328.69 1461224.4 146.252 4.5972 1535.4523 
3350000 10333 309.243 1465383.0 136.232 4.3287 1440.1501 
3360000 10364 327.893 1469107.5 130.202 4.5834 1365.4401 
3370000 10391 345.234 1472712.0 131.618 4.8379 1362.229 
3380000 10428 311.291 1477250.8 128.225 4.3638 1351.6018 
3390000 10465 291.092 1481963.0 127.684 4.102 1357.101 
3400000 10503 277.105 1486762.8 126.032 3.9046 1338.0057 
3410000 10533 297.86 1490546.0 125.236 4.1588 1329.3169 
3420000 10567 296.789 1495160.4 129.869 4.1242 1383.8213 
3430000 10600 296.878 1499370.3 128.984 4.1132 1370.2961 
3440000 10629 328.772 1502937.2 127.551 4.5781 1357.4033 
3450000 10659 317.725 1506894.3 126.782 4.4243 1358.0698 
3460000 10695 303.795 1511643.5 131.368 4.2097 1400.1159 
3470000 10726 318.026 1515577.3 130.41 4.4275 1366.528 
3480000 10759 309.548 1519574.9 125.411 4.3363 1312.2786 
3490000 10796 286.482 1524030.6 121.985 4.0306 1284.8564 
3500000 10830 290.254 1528186.3 122.596 4.0985 1279.8992 
3510000 10863 291.472 1531935.6 118.41 4.121 1253.1542 
3520000 10893 296.754 1535539.3 118.264 4.1881 1264.6354 
3530000 10925 294.6 1539300.4 115.559 4.1456 1244.4251 
3540000 10958 303.406 1543469.0 122.846 4.2578 1325.4749 
3550000 10997 280.806 1548735.5 130.306 3.947 1429.7963 
3560000 11035 272.977 1553764.9 132.518 3.8256 1453.0261 
3570000 11073 272.341 1558631.4 130.792 3.8288 1393.9648 
3580000 11103 293.923 1562859.9 134.58 4.1273 1427.7157 
3590000 11134 310.456 1567123.3 136.194 4.3679 1468.8268 
3600000 11168 297.501 1571528.7 131.22 4.1954 1398.1484 
3610000 11207 272.21 1576198.3 124.167 3.8529 1338.6278 
3620000 11237 290.732 1580075.6 126.104 4.1137 1344.7676 
3630000 11268 303.859 1583627.5 120.283 4.2863 1288.9746 
3640000 11295 312.396 1586171.1 110.424 4.4032 1188.1055 
3650000 11310 409.792 1588068.2 114.905 5.736 1247.1413 
3660000 11338 377.597 1591422.6 114.93 5.301 1256.1288 
3670000 11372 341.37 1595416.3 116.556 4.8209 1266.5564 
3680000 11414 280.651 1600044.5 113.24 3.9642 1221.2185 
3690000 11447 292.248 1604070.2 118.791 4.1111 1285.0591 
3700000 11472 337.7 1607048.1 118.858 4.7275 1281.4461 
3710000 11514 279.376 1612067.5 118.536 3.906 1283.4997 
3720000 11543 310.925 1615557.2 118.355 4.3518 1264.6142 
3730000 11582 284.42 1620144.1 117.269 3.9963 1258.2093 
3740000 11616 285.011 1624518.6 122.283 4.0161 1293.7212 
3750000 11646 309.6 1628261.5 124.469 4.3668 1309.102 
3760000 11676 306.462 1632187.9 124.591 4.3228 1312.5241 
3770000 11708 315.608 1636509.3 131.565 4.4538 1392.7459 
3780000 11742 308.685 1641090.6 134.015 4.3621 1434.815 
3790000 11775 313.141 1645588.6 136.556 4.3962 1469.0088 
3800000 11812 287.948 1650421.2 132.467 4.0348 1423.4071 
3810000 11856 247.03 1655264.3 118.297 3.483 1277.1123 
3820000 11892 264.073 1659665.0 120.298 3.7387 1310.0746 
3830000 11929 266.064 1664001.2 118.386 3.7536 1284.4117 
3840000 11963 275.186 1668409.5 122.176 3.8608 1331.6705 
3850000 12007 248.722 1673027.4 113.755 3.5058 1242.7099 
3860000 12036 294.23 1676875.3 121.956 4.1306 1335.2718 
3870000 12073 281.268 1681536.3 124.535 3.9493 1357.1361 
3880000 12090 349.787 1684208.9 134.245 4.8878 1466.6763 
3890000 12129 313.296 1688951.3 128.483 4.4074 1405.0598 
3900000 12172 264.192 1693984.6 121.079 3.7135 1314.7525 
3910000 12202 295.433 1697598.6 120.321 4.128 1298.3022 
3920000 12236 295.572 1702338.5 129.657 4.1325 1384.554 
3930000 12272 286.259 1706652.5 125.949 3.9987 1346.9484 
3940000 12308 287.163 1711510.2 131.968 4.0164 1409.4627 
3950000 12347 276.407 1716278.7 128.55 3.8617 1365.4294 
3960000 12383 280.043 1720840.4 127.719 3.9098 1350.2119 
3970000 12414 291.952 1724954.1 127.851 4.0762 1360.9259 
3980000 12446 303.766 1729094.5 128.891 4.2462 1387.8939 
3990000 12484 279.608 1733760.6 124.562 3.9142 1340.1284 
4000000 12511 307.794 1737886.1 134.774 4.3052 1460.5511 
4010000 12542 313.285 1741845.2 131.471 4.3787 1428.9757 
4020000 12573 313.765 1745544.2 124.942 4.3807 1358.1829 
4030000 12605 312.276 1749475.0 122.85 4.3488 1320.2086 
4040000 12639 300.396 1753748.4 124.989 4.1884 1328.8749 
4050000 12669 323.468 1757619.2 125.863 4.5262 1337.3203 
4060000 12712 265.765 1762453.1 117.633 3.7386 1253.2389 
4070000 12750 258.746 1766856.3 115.121 3.6598 1227.7334 
4080000 12788 262.556 1771700.9 121.825 3.6917 1298.3332 
4090000 12823 272.321 1776317.8 127.956 3.8216 1354.2771 
4100000 12849 313.633 1781241.0 149.486 4.3982 1567.5092 
4110000 12880 320.726 1785775.3 150.548 4.5089 1575.6934 
4120000 12901 369.245 1789277.6 155.351 5.1669 1613.8905 
4130000 12932 348.789 1793623.3 149.355 4.9091 1561.3449 
4140000 12970 296.305 1798538.3 136.455 4.1778 1441.2376 
4150000 12993 362.068 1801677.5 137.648 5.0834 1449.2831 
4160000 13023 344.63 1806195.7 142.928 4.8478 1502.7347 
4170000 13057 312.863 1810831.6 138.458 4.4157 1472.419 
4180000 13087 316.397 1814517.6 129.429 4.484 1382.1122 
4190000 13118 321.859 1818321.5 125.93 4.5588 1335.3506 
4200000 13150 322.657 1821796.5 118.912 4.5727 1249.3593 
4210000 13160 439.012 1822963.4 117.336 6.1846 1235.4551 
4220000 13184 429.74 1825878.3 120.355 6.0422 1251.1968 
4230000 13217 362.471 1830293.3 126.357 5.0992 1300.2557 
4240000 13241 389.152 1833539.9 130.756 5.4723 1368.1173 
4250000 13278 331.959 1838073.3 127.527 4.6861 1335.4875 
4260000 13319 280.868 1843344.6 127.638 3.9763 1339.8049 
4270000 13356 275.219 1848451.1 133.508 3.8986 1403.2942 
4280000 13393 272.054 1853729.0 137.168 3.8278 1457.0076 
4290000 13435 253.566 1859042.0 131.155 3.5761 1407.0882 
4300000 13471 267.025 1863711.4 129.829 3.7661 1397.4671 
4310000 13507 271.372 1868716.3 132.661 3.8257 1425.3446 
4320000 13536 312.123 1872634.2 134.68 4.397 1444.9564 
4330000 13575 279.597 1878414.6 140.867 3.946 1530.7963 
4340000 13597 326.008 1881801.0 146.241 4.6011 1601.9011 
4350000 13627 332.865 1887128.7 158.75 4.6847 1729.617 
4360000 13666 292.29 1892647.3 150.297 4.1041 1631.4984 
4370000 13701 285.925 1897704.7 146.263 4.0069 1594.3876 
4380000 13727 319.222 1901283.9 144.52 4.4638 1585.4573 
4390000 13764 294.519 1906790.2 147.542 4.1222 1618.9424 
4400000 13796 303.341 1911513.8 147.568 4.2455 1606.2062 
4410000 13835 275.287 1916746.9 140.032 3.8515 1525.8273 
4420000 13871 271.362 1921646.7 136.917 3.7928 1494.481 
4430000 13883 393.578 1923285.5 136.921 5.4548 1499.5133 
4440000 13912 367.438 1927004.7 133.096 5.0795 1448.0326 
4450000 13932 415.168 1930194.2 143.197 5.7195 1552.6316 
4460000 13963 368.321 1934400.3 139.172 5.0949 1502.2175 
4470000 13983 419.069 1937462.1 143.948 5.8214 1546.5608 
4480000 14008 404.656 1940721.8 138.748 5.6468 1493.6934 
4490000 14040 357.227 1945176.4 138.47 5.0139 1497.7404 
4500000 14074 329.739 1950308.9 145.37 4.634 1576.5563 
4510000 14115 283.408 1955780.2 139.002 3.9948 1510.1196 
4520000 14146 299.008 1960297.6 141.29 4.2085 1537.6857 
4530000 14173 336.102 1963911.9 139.295 4.7264 1508.5622 
4540000 14203 332.453 1968646.3 146.763 4.6657 1584.1353 
4550000 14236 314.884 1973531.9 147.754 4.4213 1604.6386 
4560000 14273 293.709 1978637.4 142.815 4.1162 1554.5559 
4570000 14307 296.753 1984206.2 154.575 4.1706 1689.1867 
4580000 14339 310.963 1988618.0 146.645 4.354 1598.5329 
4590000 14378 277.58 1994238.7 144.582 3.8995 1576.4422 
4600000 14418 255.348 1999435.1 135.783 3.5989 1492.1365 
4610000 14448 273.085 2003434.6 132.319 3.8516 1450.3299 
4620000 14471 331.037 2006457.1 131.006 4.66 1417.437 
4630000 14502 330.661 2010401.2 131.735 4.6577 1402.763 
4640000 14534 318.232 2014326.2 127.754 4.4839 1370.338 
4650000 14561 329.007 2018741.9 141.485 4.6452 1539.668 
4660000 14591 332.577 2022809.1 139.501 4.6812 1519.5568 
4670000 14612 388.257 2026025.3 143.773 5.4388 1566.0378 
4680000 14636 404.835 2029233.4 140.124 5.6558 1527.7377 
4690000 14660 400.901 2032614.0 139.293 5.6073 1521.5862 
4700000 14679 450.586 2035133.1 139.959 6.2772 1526.8026 
4710000 14711 383.031 2038535.2 124.351 5.3178 1355.0962 
4720000 14733 416.025 2041673.8 131.261 5.7753 1426.9023 
4730000 14764 366.376 2045729.5 129.199 5.0882 1407.5893 
4740000 14791 367.02 2049732.7 137.195 5.0968 1492.2794 
4750000 14819 364.326 2053679.0 138.287 5.0652 1494.9696 
4760000 14853 330.376 2057953.0 133.079 4.6045 1416.6278 
4770000 14888 311.339 2062486.8 131.181 4.3264 1399.3649 
4780000 14927 280.802 2067306.4 126.565 3.9006 1356.3895 
4790000 14958 295.217 2071494.4 130.387 4.0884 1389.3385 
4800000 14977 372.425 2074290.0 136.33 5.1459 1444.3632 
4810000 15012 326.888 2079017.6 135.863 4.5649 1431.991 
4820000 15046 316.048 2083531.0 136.155 4.426 1415.6922 
4830000 15074 333.853 2087296.5 135.347 4.6876 1406.0779 
4840000 15101 331.106 2091047.8 136.066 4.6738 1413.8124 
4850000 15131 337.963 2095006.0 134.547 4.7762 1388.2835 
4860000 15167 303.642 2099722.3 130.974 4.2936 1352.7796 
4870000 15205 277.641 2104760.3 130.547 3.9141 1341.6734 
4880000 15236 303.609 2109055.5 136.927 4.2739 1404.7785 
4890000 15261 332.564 2112779.7 139.595 4.6688 1430.9003 
4900000 15305 269.734 2117756.0 124.531 3.7812 1285.3234 
4910000 15336 293.103 2121847.9 126.943 4.0706 1302.7961 
4920000 15371 292.543 2126444.8 129.933 4.0999 1345.4574 
4930000 15411 270.207 2131923.4 134.646 3.804 1419.0236 
4940000 15439 306.018 2135651.5 133.307 4.2995 1405.7665 
4950000 15473 302.377 2139394.1 121.067 4.2237 1274.8515 
4960000 15506 294.946 2143405.4 120.826 4.1271 1285.0993 
4970000 15547 274.623 2148138.6 119.71 3.8707 1258.7967 
4980000 15575 303.988 2151639.7 121.484 4.2893 1275.1514 
4990000 15607 310.428 2155737.1 124.856 4.3846 1305.4843 
5000000 15643 295.976 2160260.4 125.193 4.1951 1323.9613 
5010000 15671 323.34 2164130.2 130.346 4.5902 1370.2568 
5020000 15706 307.079 2169116.5 137.183 4.3588 1442.3821 
5030000 15745 275.268 2174336.9 133.285 3.9123 1398.1155 
5040000 15779 284.174 2178798.5 133.056 4.0218 1387.4592 
5050000 15814 282.027 2183294.5 130.14 3.9833 1356.8023 
5060000 15841 320.856 2187258.8 136.94 4.5011 1441.0156 
5070000 15868 337.2 2191852.9 151.096 4.7263 1600.4619 
5080000 15900 328.041 2196960.5 154.291 4.6139 1647.2214 
5090000 15918 364.691 2199899.0 155.662 5.131 1671.8126 
5100000 15938 427.947 2202392.0 146.571 6.0236 1569.7968 
5110000 15973 342.985 2206410.5 128.491 4.8409 1383.7012 
5120000 16004 336.066 2209934.8 122.559 4.7438 1315.6303 
5130000 16036 316.274 2214505.9 131.741 4.4697 1426.3706 
5140000 16067 319.746 2219040.1 138.452 4.5093 1482.4949 
5150000 16093 334.766 2222575.4 135.499 4.7076 1440.671 
5160000 16129 307.344 2227525.0 136.003 4.3181 1452.2036 
5170000 16154 334.859 2231625.2 146.685 4.6851 1590.8789 
5180000 16194 295.931 2237305.6 145.321 4.1425 1576.7345 
5190000 16223 315.239 2241721.2 147.286 4.4036 1592.6709 
5200000 16246 331.344 2245126.1 146.821 4.6217 1585.9664 
5210000 16274 359.844 2249162.9 144.867 5.0213 1581.7027 
5220000 16287 453.605 2251060.3 146.728 6.3132 1601.5415 
5230000 16315 390.621 2255229.7 146.452 5.4345 1574.4052 
5240000 16349 346.099 2259577.1 137.219 4.8239 1467.2455 
5250000 16373 372.702 2262759.8 135.413 5.1879 1445.9934 
5260000 16409 321.873 2267430.3 132.37 4.4921 1402.1661 
5270000 16439 330.358 2270710.2 122.512 4.6115 1298.2984 
5280000 16457 392.265 2272804.2 119.274 5.4608 1260.7911 
5290000 16484 376.167 2276169.5 118.905 5.2432 1248.1309 
5300000 16510 383.684 2279146.3 117.285 5.373 1228.8275 
5310000 16542 346.476 2282998.4 119.444 4.8624 1261.7496 
5320000 16579 299.322 2287276.1 115.761 4.2172 1228.4939 
5330000 16612 282.238 2291026.0 113.255 3.9827 1195.4559 
5340000 16640 326.118 2294664.4 120.451 4.5697 1275.0425 
5350000 16668 334.532 2298102.4 121.698 4.6713 1275.2441 
5360000 16701 318.998 2302247.5 122.701 4.4524 1294.3996 
5370000 16734 301.381 2306707.9 127.199 4.2103 1335.165 
5380000 16766 302.244 2310956.7 128.373 4.2215 1334.338 
5390000 16796 317.503 2314766.0 129.21 4.4278 1362.0391 
5400000 16832 300.59 2319421.0 129.126 4.197 1353.3616 
5410000 16863 297.554 2323133.2 122.764 4.1528 1287.3327 
5420000 16905 264.847 2327745.9 115.789 3.7006 1199.3155 
5430000 16942 267.861 2332085.9 116.642 3.7403 1208.0925 
5440000 16965 321.886 2335276.2 124.494 4.4867 1278.5022 
5450000 16995 330.992 2338950.8 123.71 4.6157 1298.4811 
5460000 17032 311.94 2343252.6 123.097 4.3557 1289.5028 
5470000 17063 311.798 2347475.6 128.678 4.3532 1325.6497 
5480000 17092 334.393 2351115.5 128.861 4.6651 1319.6224 
5490000 17117 360.57 2354946.1 137.425 5.0198 1425.585 
5500000 17152 316.855 2359460.9 131.237 4.3986 1384.0145 
5510000 17189 303.827 2364111.8 130.574 4.2104 1378.0636 
5520000 17216 328.475 2367374.2 125.225 4.585 1325.4918 
5530000 17238 374.613 2370028.8 123.253 5.2434 1305.9319 
5540000 17265 379.879 2373614.4 127.437 5.3271 1338.0901 
5550000 17294 363.449 2377280.3 128.027 5.0994 1345.5237 
5560000 17320 365.445 2380524.3 126.613 5.1323 1335.344 
5570000 17355 322.642 2385330.4 132.334 4.5405 1395.611 
5580000 17390 300.332 2390140.5 133.671 4.235 1424.3732 
5590000 17413 327.555 2393337.9 135.556 4.6037 1448.6451 
5600000 17443 331.03 2397547.7 134.889 4.6425 1455.2253 
5610000 17468 364.798 2401348.0 143.004 5.0886 1530.7893 
5620000 17498 345.057 2405193.0 137.968 4.8086 1471.7894 
5630000 17515 414.929 2407615.6 138.87 5.7609 1477.9321 
5640000 17540 396.037 2411211.0 140.674 5.5043 1497.3404 
5650000 17581 319.674 2416061.5 129.36 4.4593 1372.8537 
5660000 17621 287.453 2421206.9 128.627 4.0226 1376.2521 
5670000 17644 320.906 2424534.8 133.107 4.4783 1426.8556 
5680000 17683 303.115 2429274.2 128.257 4.2223 1361.7557 
5690000 17714 290.497 2432795.4 122.0 4.0585 1299.1491 
5700000 17729 386.1 2434856.2 125.191 5.3789 1328.2525 
5710000 17744 482.232 2436784.1 126.495 6.7117 1335.6635 
5720000 17761 508.831 2439051.6 128.215 7.0839 1342.7302 
5730000 17790 441.276 2442825.7 129.671 6.1592 1355.743 
5740000 17827 350.371 2447258.1 124.557 4.8898 1314.7991 
5750000 17860 334.115 2451664.6 130.23 4.6673 1362.8986 
5760000 17886 349.897 2455264.7 133.722 4.9026 1391.4258 
5770000 17911 368.753 2458872.0 138.363 5.156 1441.6664 
5780000 17948 319.771 2463094.0 126.145 4.467 1331.4484 
5790000 17969 352.888 2465892.2 126.712 4.9102 1343.8811 
5800000 18000 350.565 2469916.9 129.013 4.8831 1373.9778 
5810000 18030 342.522 2473713.0 128.875 4.7756 1361.6976 
5820000 18066 311.204 2478244.8 127.582 4.3456 1341.8538 
5830000 18090 351.99 2481507.7 130.452 4.9099 1386.638 
5840000 18121 345.35 2485305.2 127.774 4.8398 1353.3028 
5850000 18149 347.676 2488288.9 119.33 4.8877 1270.8471 
5860000 18172 373.899 2491839.8 131.025 5.2415 1384.0427 
5870000 18192 407.208 2494556.7 130.519 5.7117 1377.7621 
5880000 18223 370.446 2498595.8 131.284 5.2161 1380.2882 
5890000 18250 358.582 2502340.1 131.305 5.0417 1371.9853 
5900000 18273 379.168 2505233.1 129.8 5.3078 1359.6179 
5910000 18304 361.666 2509148.7 128.54 5.0517 1342.0802 
5920000 18332 357.052 2512815.6 130.777 5.0101 1365.2848 
5930000 18364 330.492 2516790.4 126.806 4.6548 1321.0619 
5940000 18373 448.882 2518046.5 127.692 6.3139 1331.0799 
5950000 18400 421.973 2522078.1 136.654 5.9417 1422.6824 
5960000 18430 387.642 2525829.3 131.77 5.4308 1363.9915 
5970000 18459 359.99 2529672.0 131.84 5.0515 1375.7941 
5980000 18486 362.047 2533349.1 132.71 5.073 1374.9636 
5990000 18523 307.187 2537912.0 126.786 4.3133 1329.2518 
6000000 18550 335.006 2541327.7 127.175 4.7098 1333.2774 
6010000 18580 334.829 2545272.3 129.452 4.691 1352.8668 
6020000 18603 368.242 2548584.9 133.347 5.1342 1393.4958 
6030000 18638 323.706 2552586.0 124.399 4.5255 1313.4971 
6040000 18681 271.531 2557773.8 122.838 3.8276 1304.2275 
6050000 18714 283.968 2561995.8 124.514 4.0024 1307.7548 
6060000 18745 297.02 2566388.3 131.091 4.1874 1380.6566 
6070000 18781 288.266 2570846.4 128.54 4.0745 1353.7065 
6080000 18812 296.758 2575027.3 129.822 4.1947 1356.978 
6090000 18844 301.421 2579436.4 132.506 4.2611 1380.1892 
6100000 18883 282.843 2584130.1 126.948 4.0007 1342.8969 
6110000 18923 264.068 2589318.5 129.81 3.7212 1387.3475 
6120000 18957 280.995 2593911.0 132.205 3.9409 1403.5038 
6130000 18993 276.89 2598733.9 132.796 3.8742 1408.8644 
6140000 19022 308.08 2602366.4 130.177 4.3033 1377.001 
6150000 19061 272.357 2607301.3 125.423 3.8074 1323.2956 
6160000 19100 268.721 2612483.6 131.118 3.7588 1391.4244 
6170000 19135 281.567 2616911.4 129.338 3.9259 1378.3544 
6180000 19172 276.497 2621451.8 125.343 3.8621 1331.6629 
6190000 19208 272.334 2626252.2 128.099 3.8098 1374.4096 
6200000 19252 246.411 2631951.3 129.102 3.4714 1381.0557 
6210000 19290 253.643 2636982.5 129.845 3.5869 1392.6826 
6220000 19322 285.063 2641055.7 129.597 4.0132 1373.2592 
6230000 19366 256.701 2646269.5 124.325 3.6028 1311.001 
6240000 19400 278.286 2650708.1 128.952 3.9007 1360.4946 
6250000 19431 292.02 2655142.9 134.153 4.0939 1421.5492 
6260000 19468 282.952 2660109.8 134.916 3.9751 1440.3741 
6270000 19506 268.46 2665257.1 134.945 3.7935 1450.5665 
6280000 19539 287.084 2669929.3 138.5 4.0591 1496.0263 
6290000 19576 278.604 2674865.8 135.209 3.9357 1459.3639 
6300000 19611 282.952 2679690.9 137.387 3.9742 1471.1339 
6310000 19650 272.455 2684644.7 132.841 3.8141 1418.0406 
6320000 19681 290.918 2688881.9 132.85 4.0773 1412.1047 
6330000 19713 301.513 2693323.2 135.714 4.2123 1441.9396 
6340000 19748 293.914 2698057.8 136.35 4.1262 1456.661 
6350000 19786 268.86 2703062.3 131.908 3.7957 1397.3865 
6360000 19820 281.561 2707510.9 130.99 3.9539 1383.8356 
6370000 19855 281.942 2712192.9 131.859 3.9547 1394.3717 
6380000 19885 311.247 2716229.4 134.846 4.3548 1430.2165 
6390000 19921 284.37 2720747.0 126.732 3.9819 1351.8314 
6400000 19955 290.523 2725234.6 131.219 4.0583 1404.8053 
6410000 19990 285.288 2729923.6 131.726 3.9925 1401.9173 
6420000 20027 278.135 2734664.1 130.694 3.8848 1388.7199 
6430000 20063 281.88 2739540.1 134.102 3.9329 1423.1014 
6440000 20100 274.112 2744389.5 132.318 3.8248 1410.3896 
6450000 20139 266.405 2749652.8 133.941 3.7207 1443.3279 
6460000 20175 279.213 2754241.8 131.387 3.9024 1417.1439 
6470000 20227 224.712 2760094.6 119.778 3.1543 1304.4077 
6480000 20265 246.018 2764638.2 118.775 3.4486 1293.4266 
6490000 20301 263.504 2769677.5 131.313 3.6892 1416.465 
6500000 20339 264.307 2774624.5 129.616 3.716 1404.0207 
6510000 20377 269.03 2779561.8 131.641 3.7786 1414.9472 
6520000 20408 292.157 2784015.8 135.361 4.0887 1445.9115 
6530000 20450 262.293 2788812.3 124.014 3.6719 1328.0268 
6540000 20489 250.949 2793713.2 122.889 3.5166 1299.3996 
6550000 20525 259.738 2798098.0 121.634 3.6352 1288.5628 
6560000 20561 275.977 2802555.9 122.975 3.8627 1298.4885 
6570000 20596 280.079 2807445.0 131.254 3.9239 1384.0092 
6580000 20633 274.236 2812318.8 131.272 3.868 1377.351 
6590000 20674 260.64 2817365.9 128.294 3.69 1349.1359 
6600000 20707 271.804 2822326.0 135.773 3.8508 1438.2046 
6610000 20736 310.93 2825775.4 130.515 4.3617 1377.9663 
6620000 20770 294.011 2830044.5 127.046 4.1138 1335.5972 
6630000 20803 301.617 2834250.7 128.955 4.2133 1348.057 
6640000 20838 291.137 2838571.3 124.601 4.0559 1318.7679 
6650000 20865 322.564 2842272.6 130.368 4.4777 1379.2487 
6660000 20895 327.298 2846287.4 131.54 4.5471 1392.8735 
6670000 20933 292.685 2851068.4 128.307 4.086 1342.8724 
6680000 20967 301.344 2855444.2 129.855 4.2178 1361.5955 
6690000 20998 313.447 2859267.1 127.817 4.3767 1342.3696 
6700000 21033 297.454 2863533.7 123.495 4.1624 1303.5807 
6710000 21060 316.679 2867145.7 125.109 4.4458 1320.2712 
6720000 21088 333.306 2870853.8 129.644 4.6608 1365.1105 
6730000 21131 267.435 2876069.5 123.107 3.7407 1316.5883 
6740000 21167 273.12 2880449.6 121.913 3.8042 1297.0973 
6750000 21197 297.837 2884317.4 123.807 4.1584 1305.1972 
6760000 21226 319.533 2888169.7 128.463 4.4524 1353.8529 
6770000 21259 313.304 2892338.8 127.617 4.3921 1347.2254 
6780000 21286 336.641 2896030.2 132.63 4.7308 1400.9664 
6790000 21319 326.495 2900068.6 128.309 4.5997 1365.6131 
6800000 21350 316.246 2904092.9 127.896 4.4622 1365.8264 
6810000 21385 300.373 2907919.5 120.086 4.241 1274.2405 
6820000 21421 287.361 2912644.7 125.045 4.0429 1333.6462 
6830000 21460 273.644 2917638.1 127.48 3.8334 1347.8046 
6840000 21499 261.409 2922504.5 124.174 3.6603 1303.9999 
6850000 21537 258.006 2927140.4 122.313 3.5918 1282.5826 
6860000 21573 268.717 2931660.5 125.093 3.7413 1310.0502 
6870000 21609 269.788 2936062.4 122.311 3.7431 1278.9248 
6880000 21646 271.796 2940079.4 115.451 3.7475 1207.7927 
6890000 21679 280.145 2944222.7 120.915 3.8658 1263.0875 
6900000 21713 285.918 2948404.2 119.701 3.9699 1247.8159 
6910000 21752 268.341 2953298.3 122.311 3.731 1289.1187 
6920000 21790 264.326 2957827.5 121.473 3.6848 1289.7192 
6930000 21823 282.222 2962562.3 130.565 3.9381 1391.798 
6940000 21861 275.722 2967503.7 130.682 3.8558 1397.6498 
6950000 21902 258.298 2972806.4 130.01 3.6316 1391.4795 
6960000 21926 313.18 2976381.6 135.362 4.3954 1449.2058 
6970000 21963 291.005 2981301.4 133.408 4.0784 1410.6849 
6980000 21998 288.004 2986001.5 133.653 4.0166 1409.9178 
6990000 22031 297.845 2990687.7 137.254 4.1337 1448.1699 
7000000 22064 299.609 2995259.5 135.544 4.1526 1436.5336 
7010000 22090 333.189 2999317.7 145.519 4.5881 1557.3307 
7020000 22123 322.965 3004082.3 146.742 4.4366 1573.8861 
7030000 22160 295.185 3009074.1 139.765 4.069 1497.897 
7040000 22193 300.716 3013555.8 139.135 4.1684 1484.2719 
7050000 22220 325.271 3017951.3 147.466 4.5259 1575.977 
7060000 22255 311.919 3022771.7 145.832 4.3479 1554.2364 
7070000 22287 313.166 3027732.2 149.938 4.3643 1601.7819 
7080000 22332 258.256 3033415.5 136.035 3.6141 1457.7627 
7090000 22368 272.613 3038542.5 139.947 3.8204 1504.0961 
7100000 22403 265.739 3043623.0 138.26 3.7194 1484.6123 
7110000 22435 298.329 3047874.9 138.487 4.1624 1483.6839 
7120000 22474 274.676 3052967.9 135.166 3.8495 1447.0621 
7130000 22509 279.943 3057981.5 138.354 3.9244 1472.9334 
7140000 22547 278.576 3062631.9 132.657 3.9188 1422.3155 
7150000 22578 290.199 3067352.4 137.44 4.0657 1474.6978 
7160000 22617 278.286 3072443.4 135.616 3.8973 1466.8039 
7170000 22656 264.184 3077390.2 131.674 3.7038 1424.7834 
7180000 22693 267.948 3082372.6 132.828 3.7601 1425.9376 
7190000 22729 274.927 3087479.7 138.579 3.8581 1469.4999 
7200000 22765 283.158 3092531.6 140.987 3.9843 1476.9438 
7210000 22797 299.731 3097355.5 146.284 4.228 1531.3998 
7220000 22833 283.019 3101897.2 135.413 4.0022 1403.7437 
7230000 22868 289.157 3106453.2 132.907 4.0948 1366.6506 
7240000 22892 333.577 3110448.6 144.835 4.7157 1486.5911 
7250000 22928 301.658 3114914.2 134.201 4.2746 1382.0494 
7260000 22956 320.566 3118637.8 132.601 4.5375 1376.3198 
7270000 22990 308.45 3123172.6 133.888 4.3649 1400.3753 
7280000 23023 300.472 3127904.8 136.404 4.2524 1424.1071 
7290000 23049 332.557 3131725.8 140.601 4.6892 1473.4177 
7300000 23082 313.248 3136326.9 139.597 4.4116 1457.36 
7310000 23113 322.704 3140496.0 137.688 4.513 1448.0139 
7320000 23137 333.811 3144367.9 143.777 4.6599 1505.7063 
7330000 23167 348.347 3148721.4 145.133 4.8568 1510.9146 
7340000 23192 374.384 3152122.3 143.003 5.2376 1485.637 
7350000 23223 352.94 3156157.7 136.491 4.9327 1426.2425 
7360000 23261 305.248 3160861.0 129.099 4.2764 1351.9693 
7370000 23290 322.974 3164802.8 131.052 4.5403 1371.8729 
7380000 23315 352.412 3168153.6 132.478 4.945 1388.2873 
7390000 23350 316.408 3173072.3 135.924 4.4289 1423.2942 
7400000 23377 333.977 3176572.3 133.84 4.6632 1399.019 
7410000 23395 396.582 3179242.8 135.793 5.5194 1411.0524 
7420000 23426 366.213 3182824.0 127.77 5.1019 1330.7124 
7430000 23447 405.703 3185502.2 127.157 5.6685 1322.6019 
7440000 23471 411.965 3188567.6 127.14 5.7785 1331.1351 
7450000 23496 410.997 3192269.3 136.682 5.7837 1443.7872 
7460000 23528 359.884 3196401.9 131.461 5.0764 1385.811 
7470000 23563 321.268 3200673.1 126.761 4.5123 1328.3399 
7480000 23583 346.261 3203433.7 130.288 4.8568 1368.203 
7490000 23602 419.981 3206002.1 132.443 5.8815 1405.3507 
7500000 23622 449.42 3208813.7 134.282 6.3018 1424.5717 
7510000 23651 404.034 3212961.8 137.821 5.6755 1467.4269 
7520000 23677 392.553 3216802.1 141.49 5.4952 1507.3153 
7530000 23711 350.892 3221131.9 136.566 4.9019 1443.8826 
7540000 23739 355.121 3224988.4 137.719 4.9324 1464.498 
7550000 23772 331.658 3229890.0 143.397 4.6403 1540.5726 
7560000 23795 364.665 3233546.1 148.993 5.1188 1609.889 
7570000 23818 391.061 3237040.5 149.262 5.4998 1617.2433 
7580000 23846 374.311 3241913.9 159.534 5.2723 1732.1573 
7590000 23876 361.492 3246002.0 149.588 5.081 1618.986 
7600000 23900 384.966 3249450.5 149.244 5.3876 1615.8727 
7610000 23919 431.279 3251932.7 143.288 6.0049 1556.7336 
7620000 23943 420.556 3256112.1 154.564 5.8763 1673.4017 
7630000 23976 362.646 3260444.6 145.009 5.074 1575.001 
7640000 24012 307.999 3265144.1 135.483 4.3375 1458.159 
7650000 24045 302.011 3269453.0 133.237 4.2421 1430.5707 
7660000 24070 344.345 3272844.2 134.169 4.8103 1440.078 
7670000 24113 279.716 3277782.2 123.435 3.9128 1309.6596 
7680000 24138 322.728 3281420.2 131.05 4.4978 1385.5424 
7690000 24172 308.844 3286030.5 132.975 4.3089 1409.7254 
7700000 24209 282.485 3290635.0 129.44 3.9475 1378.3272 
7710000 24235 329.09 3294030.2 130.483 4.604 1389.9974 
7720000 24255 381.087 3296501.0 128.391 5.2764 1363.2437 
7730000 24288 348.234 3301167.6 133.461 4.8169 1416.9558 
7740000 24317 344.443 3304973.0 132.847 4.7604 1398.7901 
7750000 24345 349.0 3308862.3 135.036 4.8149 1424.8734 
7760000 24375 339.986 3313137.8 137.901 4.6864 1455.8176 
7770000 24405 335.506 3317691.6 144.755 4.6434 1540.24 
7780000 24433 354.27 3322095.4 151.62 4.924 1616.7229 
7790000 24459 363.716 3325993.1 148.949 5.0712 1577.6909 
7800000 24491 343.518 3330161.7 141.384 4.7869 1479.3366 
7810000 24515 380.351 3333247.8 138.309 5.2931 1448.6155 
7820000 24548 338.584 3338246.8 144.358 4.7147 1543.8836 
7830000 24577 344.532 3342455.9 144.219 4.8007 1545.3882 
7840000 24611 320.971 3346675.0 135.136 4.4803 1423.0862 
7850000 24628 389.095 3349109.4 135.744 5.4091 1422.4363 
7860000 24659 360.928 3353431.9 139.722 5.0233 1471.7877 
7870000 24686 362.192 3357016.8 134.399 5.0428 1400.692 
7880000 24721 323.055 3361425.8 130.577 4.4996 1356.6304 
7890000 24751 329.75 3365832.0 138.232 4.5894 1446.7595 
7900000 24787 307.372 3369738.8 124.067 4.2881 1294.7147 
7910000 24814 334.35 3373276.6 128.135 4.6723 1336.3912 
7920000 24849 308.298 3377127.0 118.315 4.3121 1252.0085 
7930000 24873 347.842 3380103.4 119.722 4.8563 1271.2093 
7940000 24897 371.239 3383318.2 124.694 5.2039 1328.2755 
7950000 24926 363.751 3386664.9 121.953 5.1047 1291.3644 
7960000 24950 387.872 3390014.6 129.634 5.4427 1364.3893 
7970000 24976 385.251 3393149.0 125.538 5.3862 1311.338 
7980000 25004 371.494 3396575.3 123.226 5.177 1291.9701 
7990000 25028 393.731 3399800.6 128.846 5.478 1371.5632 
8000000 25057 371.518 3403366.2 125.818 5.1574 1345.5382 
8010000 25090 338.404 3407341.3 122.916 4.7103 1314.5471 
8020000 25120 335.172 3411586.4 131.198 4.6813 1399.3816 
8030000 25152 316.299 3415990.9 131.879 4.436 1397.3497 
8040000 25179 348.069 3419147.6 125.327 4.876 1321.4168 
8050000 25202 370.085 3422457.7 130.731 5.1861 1376.7827 
8060000 25229 360.928 3425606.9 125.184 5.0467 1307.6085 
8070000 25259 354.676 3429322.8 125.911 4.9417 1313.1418 
8080000 25296 311.347 3433519.6 119.67 4.336 1260.0999 
8090000 25325 331.852 3436914.1 119.302 4.622 1269.8415 
8100000 25356 320.467 3440354.0 113.391 4.4559 1203.1578 
8110000 25377 374.027 3442940.9 116.052 5.2099 1228.4214 
8120000 25407 354.537 3446343.1 115.995 4.9325 1231.5305 
8130000 25429 375.807 3449166.2 120.325 5.2277 1274.7658 
8140000 25455 380.422 3452553.5 124.032 5.2941 1320.4638 
8150000 25478 402.012 3455569.8 125.876 5.5865 1339.7787 
8160000 25506 389.785 3458617.6 118.332 5.4171 1262.5 
8170000 25531 392.368 3461751.0 122.001 5.4482 1302.0579 
8180000 25555 409.956 3464993.7 127.748 5.6774 1363.3737 
8190000 25574 454.905 3467593.9 130.795 6.3 1382.1209 
8200000 25606 383.216 3471239.2 121.824 5.3283 1287.0126 
8210000 25630 376.559 3474504.8 128.057 5.2376 1348.2006 
8220000 25666 331.013 3478878.8 124.626 4.6079 1309.9457 
8230000 25703 301.196 3483460.1 124.203 4.1948 1303.612 
8240000 25735 306.801 3487415.3 125.431 4.2714 1302.3528 
8250000 25764 322.586 3491101.8 125.515 4.4873 1308.8188 
