1000 11 17.256 -184.169 -3.273 0.0296 0.0 
2000 22 31.578 -358.951 -5.552 0.0543 0.0 
3000 34 42.856 -583.851 -8.299 0.0742 0.0 
4000 46 51.037 -732.546 -9.412 0.0884 0.0 
5000 58 58.049 -866.088 -9.872 0.1005 0.0 
6000 71 62.987 -988.1 -9.815 0.1092 0.0 
7000 82 68.591 -1130.809 -10.369 0.1186 0.0 
8000 94 72.51 -1291.603 -11.18 0.1251 0.0 
9000 105 76.012 -1605.991 -14.754 0.8953 0.0 
10000 106 94.492 -1603.253 -14.409 1.9765 0.0 
11000 108 105.88 -1639.024 -14.568 2.7163 0.0 
12000 109 110.323 -1660.667 -14.537 3.0089 0.0 
13000 110 128.116 -1679.108 -14.512 4.0303 0.0 
14000 112 148.003 -1714.965 -14.747 5.2404 0.0 
15000 113 165.043 -1727.719 -14.763 6.2309 0.0 
16000 116 187.604 -1785.195 -15.208 7.6218 0.0 
17000 119 196.233 -1850.711 -15.605 8.2305 0.0 
18000 124 196.211 -2028.09 -17.499 8.4519 0.0 
19000 129 193.698 -2141.69 -17.759 8.5107 0.0 
20000 135 191.932 -2306.473 -19.051 8.6156 0.0 
21000 140 191.551 -2392.449 -18.511 8.7537 0.0 
22000 144 195.107 -2457.27 -18.769 9.0638 0.0 
23000 149 197.516 -2556.892 -18.69 9.3345 0.0 
24000 154 198.617 -2577.238 -17.561 9.5107 0.0 
25000 156 212.086 -2605.441 -17.377 10.3155 0.0 
26000 158 217.545 -2657.443 -17.38 10.6615 0.0 
27000 162 225.421 -2665.049 -16.536 11.1699 0.0 
28000 164 231.717 -2696.153 -16.323 11.5518 0.0 
29000 168 237.545 -2717.662 -15.621 11.937 0.0 
30000 171 239.981 -2764.306 -15.667 12.1168 0.0 
31000 175 243.403 -2774.203 -14.684 12.3569 0.0 
32000 179 242.4 -2818.519 -14.336 12.38 0.0 
33000 180 257.552 -2821.661 -14.06 13.2151 0.0 
34000 184 259.497 -2875.032 -14.043 13.3551 0.0 
35000 187 261.496 -2902.31 -13.662 13.5291 0.0 
36000 190 263.382 -2920.973 -13.165 13.6569 0.0 
37000 193 267.6 -2936.839 -12.762 13.9102 0.0 
38000 194 267.908 -2935.108 -12.554 13.9332 0.0 
39000 196 282.319 -2947.839 -12.114 14.742 0.0 
40000 198 299.96 -2959.209 -12.06 15.7402 0.0 
41000 199 307.741 -2975.62 -11.998 16.1696 0.0 
42000 200 315.746 -2992.481 -11.979 16.6148 0.0 
43000 201 329.431 -3002.861 -12.048 17.3714 0.0 
44000 202 342.843 -3007.135 -11.991 18.1309 0.0 
45000 203 355.986 -3017.107 -11.832 18.8746 0.0 
46000 204 368.866 -3023.972 -11.812 19.5809 0.0 
47000 205 381.489 -3028.412 -11.681 20.2822 0.0 
48000 206 393.859 -3034.813 -11.55 20.988 0.0 
49000 207 405.982 -3035.001 -11.44 21.6627 0.0 
50000 208 417.862 -3036.282 -11.203 22.3336 0.0 
51000 209 429.505 -3042.895 -11.034 22.9795 0.0 
52000 210 440.915 -3048.425 -10.936 23.6755 0.0 
53000 211 452.096 -3054.106 -10.865 24.2959 0.0 
54000 212 463.054 -3063.594 -10.745 24.8913 0.0 
55000 213 473.793 -3070.891 -10.708 25.4896 0.0 
56000 214 484.318 -3077.799 -10.647 26.0729 0.0 
57000 215 494.631 -3083.103 -10.578 26.6458 0.0 
58000 216 504.739 -3092.342 -10.455 27.2014 0.0 
59000 217 514.644 -3094.869 -10.42 27.7489 0.0 
60000 218 524.351 -3097.307 -10.269 28.2965 0.0 
61000 219 533.864 -3104.634 -10.13 28.8243 0.0 
62000 220 543.187 -3116.475 -10.073 29.3444 0.0 
63000 221 552.323 -3125.986 -10.094 29.8777 0.0 
64000 222 561.276 -3134.659 -10.119 30.3655 0.0 
65000 223 570.051 -3141.402 -10.051 30.8499 0.0 
66000 224 578.65 -3152.751 -9.976 31.3255 0.0 
67000 225 587.077 -3161.188 -10.017 31.7989 0.0 
68000 226 595.335 -3167.67 -9.981 32.2494 0.0 
69000 227 603.429 -3176.523 -9.928 32.6893 0.0 
70000 229 613.993 -3183.675 -9.795 33.3058 0.0 
71000 230 621.713 -3193.12 -9.804 33.7394 0.0 
72000 233 603.24 -3194.725 -9.292 32.7313 0.0 
73000 234 600.255 -3200.1 -9.193 32.5713 0.0 
74000 237 595.619 -3202.897 -8.676 32.3321 0.0 
75000 239 591.282 -3207.909 -8.472 32.1017 0.0 
76000 243 566.544 -3214.326 -7.938 30.7554 0.0 
77000 246 552.509 -3217.206 -7.539 29.9974 0.0 
78000 247 551.198 -3221.317 -7.412 29.9247 0.0 
79000 250 548.035 -3223.457 -7.081 29.762 0.0 
80000 251 541.375 -3223.145 -6.894 29.3994 0.0 
81000 256 518.94 -3228.378 -6.363 28.1861 0.0 
82000 258 516.644 -3246.106 -6.42 28.0586 0.0 
83000 262 500.492 -3241.622 -5.916 27.1768 0.0 
84000 265 490.427 -3258.072 -5.817 26.6247 0.0 
85000 267 491.565 -3254.516 -5.614 26.697 0.0 
86000 270 480.745 -3267.023 -5.426 26.1637 0.0 
87000 272 483.62 -3266.605 -5.186 26.3171 0.0 
88000 273 476.828 -3260.676 -5.127 25.9467 0.0 
89000 278 464.756 -3265.426 -4.679 25.32 0.0 
90000 282 450.104 -3270.873 -4.375 24.5148 0.0 
91000 283 461.102 -3263.863 -4.104 25.1215 0.0 
92000 287 442.783 -3281.854 -4.268 24.1139 0.0 
93000 290 437.499 -3278.661 -3.876 23.8303 0.0 
94000 294 423.363 -3282.989 -3.636 23.0586 0.0 
95000 297 415.733 -3269.429 -3.23 22.6374 0.0 
96000 300 413.219 -3253.461 -2.725 22.4922 0.0 
97000 306 384.731 -3253.471 -2.376 20.9241 0.0 
98000 311 368.914 -3236.14 -1.748 20.0536 0.0 
99000 317 343.413 -3218.475 -1.312 18.6495 0.0 
100000 321 329.71 -3197.746 -0.918 17.8946 0.0 
101000 325 327.498 -3181.37 -0.432 17.7791 0.0 
102000 329 323.644 -3162.521 -0.013 17.5756 0.0 
103000 330 331.151 -3158.998 0.052 17.9944 0.0 
104000 334 331.29 -3142.342 0.401 18.0016 0.0 
105000 338 322.841 -3132.798 0.536 17.5351 0.0 
106000 342 318.713 -3111.608 0.907 17.3147 0.0 
107000 346 311.421 -3099.247 0.997 16.9166 0.0 
108000 350 310.813 -3086.375 1.303 16.8821 0.0 
109000 353 306.98 -3064.02 1.443 16.6794 0.0 
110000 354 320.84 -3061.708 1.644 17.4287 0.0 
111000 355 330.064 -3050.297 1.731 17.9277 0.0 
112000 360 326.393 -3043.71 1.841 17.7309 0.0 
113000 362 330.986 -3031.598 1.956 17.9784 0.0 
114000 366 326.559 -3015.961 2.171 17.7266 0.0 
115000 371 314.533 -3002.323 2.213 17.0588 0.0 
116000 374 312.577 -2987.356 2.294 16.9603 0.0 
117000 375 326.325 -2978.165 2.431 17.7199 0.0 
118000 379 320.26 -2959.534 2.592 17.3853 0.0 
119000 384 309.841 -2945.576 2.63 16.8296 0.0 
120000 386 303.174 -2940.545 2.54 16.4695 0.0 
121000 390 313.764 -2918.406 2.848 17.0763 0.0 
122000 395 300.078 -2911.145 2.708 16.3277 0.0 
123000 398 298.208 -2897.723 2.747 16.2227 0.0 
124000 403 295.119 -2885.554 2.842 16.0548 0.0 
125000 405 288.485 -2875.563 2.79 15.695 0.0 
126000 409 299.886 -2862.733 2.944 16.3133 0.0 
127000 412 301.241 -2849.438 2.999 16.3822 0.0 
128000 415 298.873 -2825.339 3.259 16.2492 0.0 
129000 420 292.343 -2803.334 3.383 15.8841 0.0 
130000 424 291.45 -2786.944 3.545 15.8308 0.0 
131000 427 292.502 -2769.263 3.61 15.8907 0.0 
132000 431 287.772 -2749.524 3.692 15.6294 0.0 
133000 433 297.369 -2745.92 3.562 16.166 0.0 
134000 435 306.726 -2755.001 3.384 16.6771 0.0 
135000 438 308.947 -2764.139 3.039 16.796 0.0 
136000 442 304.253 -2755.051 2.95 16.5362 0.0 
137000 444 304.134 -2750.449 2.818 16.5339 0.0 
138000 448 301.453 -2747.469 2.678 16.3953 0.0 
139000 449 311.504 -2757.606 2.508 16.9542 0.0 
140000 451 320.836 -2755.247 2.467 17.4712 0.0 
141000 454 324.256 -2756.655 2.309 17.6536 0.0 
142000 458 320.406 -2735.558 2.456 17.4465 0.0 
143000 460 319.947 -2722.964 2.558 17.4151 0.0 
144000 461 329.728 -2728.659 2.584 17.961 0.0 
145000 463 348.091 -2722.909 2.392 18.9735 0.0 
146000 465 351.135 -2720.519 2.376 19.1407 0.0 
147000 466 358.513 -2719.16 2.425 19.5487 0.0 
148000 469 355.217 -2703.467 2.459 19.3794 0.0 
149000 470 367.133 -2703.351 2.59 20.065 0.0 
150000 472 377.454 -2706.998 2.359 20.653 0.0 
151000 473 384.265 -2709.329 2.355 21.0327 0.0 
152000 476 391.361 -2714.675 2.043 21.4222 0.0 
153000 479 378.829 -2720.205 1.864 20.7363 0.0 
154000 481 383.352 -2708.369 1.964 21.0141 0.0 
155000 484 385.225 -2708.646 1.912 21.1431 0.0 
156000 485 395.68 -2716.753 1.659 21.7269 0.0 
157000 487 408.405 -2735.6 1.234 22.4147 0.0 
158000 488 414.436 -2742.112 1.025 22.7517 0.0 
159000 490 414.814 -2743.205 0.886 22.7653 0.0 
160000 491 417.458 -2741.528 0.97 22.9061 0.0 
161000 494 428.628 -2715.338 1.34 23.5344 0.0 
162000 495 428.375 -2713.578 1.562 23.5123 0.0 
163000 497 434.501 -2706.33 1.471 23.8787 0.0 
164000 498 442.391 -2709.223 1.495 24.3129 0.0 
165000 500 454.413 -2708.028 1.346 24.9748 0.0 
166000 502 459.258 -2709.885 1.211 25.2528 0.0 
167000 504 458.388 -2714.5 1.121 25.1972 0.0 
168000 505 465.541 -2724.389 0.905 25.5875 0.0 
169000 506 471.99 -2726.278 0.994 25.9379 0.0 
170000 507 482.55 -2728.182 0.96 26.5217 0.0 
171000 509 477.78 -2722.524 0.963 26.2518 0.0 
172000 513 472.869 -2708.314 0.973 25.9968 0.0 
173000 515 475.081 -2688.94 1.415 26.1117 0.0 
174000 517 470.154 -2681.209 1.51 25.8332 0.0 
175000 518 478.211 -2681.277 1.576 26.2796 0.0 
176000 521 473.681 -2669.447 1.646 26.0572 0.0 
177000 522 484.207 -2675.112 1.456 26.6481 0.0 
178000 523 489.423 -2682.738 1.342 26.9262 0.0 
179000 524 495.075 -2679.199 1.324 27.2392 0.0 
180000 526 499.21 -2663.879 1.665 27.4628 0.0 
181000 528 503.481 -2661.329 1.554 27.714 0.0 
182000 529 502.891 -2663.092 1.68 27.6773 0.0 
183000 531 518.637 -2665.035 1.44 28.5374 0.0 
184000 532 524.324 -2664.9 1.34 28.8521 0.0 
185000 533 528.298 -2666.099 1.369 29.0858 0.0 
186000 534 537.732 -2665.611 1.355 29.6231 0.0 
187000 535 546.977 -2662.768 1.351 30.1418 0.0 
188000 536 556.038 -2662.67 1.332 30.6279 0.0 
189000 537 564.917 -2660.224 1.307 31.1124 0.0 
190000 538 573.618 -2658.557 1.336 31.6008 0.0 
191000 539 582.146 -2658.83 1.352 32.0893 0.0 
192000 543 560.896 -2647.469 1.282 30.9292 0.0 
193000 544 569.678 -2646.11 1.384 31.4193 0.0 
194000 546 568.939 -2654.13 1.157 31.385 0.0 
195000 547 577.56 -2655.023 1.163 31.8763 0.0 
196000 548 581.409 -2659.879 1.093 32.0874 0.0 
197000 549 589.78 -2663.128 1.045 32.5402 0.0 
198000 551 585.641 -2647.931 1.243 32.3248 0.0 
199000 552 593.928 -2652.931 1.148 32.781 0.0 
200000 555 584.352 -2662.001 0.807 32.2492 0.0 
201000 557 578.948 -2658.686 0.841 31.9371 0.0 
202000 558 587.369 -2665.024 0.74 32.3839 0.0 
203000 561 575.63 -2650.526 0.993 31.7249 0.0 
204000 563 573.112 -2641.478 1.211 31.5926 0.0 
205000 566 560.072 -2639.221 1.255 30.872 0.0 
206000 569 542.221 -2621.199 1.47 29.8788 0.0 
207000 570 537.197 -2618.819 1.557 29.5927 0.0 
208000 573 529.719 -2624.905 1.311 29.1862 0.0 
209000 574 539.125 -2625.995 1.267 29.7282 0.0 
210000 577 538.315 -2621.927 1.203 29.6841 0.0 
211000 578 531.309 -2619.639 1.291 29.3013 0.0 
212000 582 516.278 -2619.147 1.153 28.471 0.0 
213000 583 525.952 -2624.089 0.921 29.0127 0.0 
214000 587 512.47 -2586.521 1.592 28.2393 0.0 
215000 588 522.22 -2592.378 1.502 28.778 0.0 
216000 589 514.776 -2593.558 1.539 28.3662 0.0 
217000 590 524.48 -2597.62 1.504 28.9156 0.0 
218000 594 514.137 -2587.356 1.51 28.3433 0.0 
219000 595 522.514 -2597.635 1.266 28.8055 0.0 
220000 596 532.064 -2613.426 0.978 29.3473 0.0 
221000 598 528.786 -2613.643 0.767 29.1663 0.0 
222000 599 538.21 -2614.184 0.74 29.6871 0.0 
223000 603 523.551 -2616.036 0.756 28.8746 0.0 
224000 606 512.917 -2599.089 0.962 28.2759 0.0 
225000 607 512.378 -2594.541 1.064 28.2398 0.0 
226000 609 514.808 -2596.956 0.925 28.3857 0.0 
227000 610 524.512 -2601.636 0.81 28.9199 0.0 
228000 611 527.542 -2604.165 0.863 29.0816 0.0 
229000 613 535.731 -2599.957 0.739 29.5299 0.0 
230000 615 536.685 -2595.123 0.819 29.5942 0.0 
231000 617 532.982 -2583.654 1.044 29.3686 0.0 
232000 620 521.558 -2581.987 0.99 28.7285 0.0 
233000 623 514.341 -2567.578 1.342 28.3283 0.0 
234000 624 524.055 -2571.771 1.303 28.883 0.0 
235000 626 516.152 -2550.086 1.487 28.4577 0.0 
236000 627 525.829 -2546.918 1.564 28.994 0.0 
237000 629 527.386 -2541.926 1.579 29.0757 0.0 
238000 630 536.838 -2545.152 1.551 29.623 0.0 
239000 631 546.101 -2542.259 1.667 30.1391 0.0 
240000 634 538.252 -2537.051 1.723 29.6975 0.0 
241000 635 532.287 -2513.809 1.961 29.3644 0.0 
242000 638 531.779 -2490.173 2.308 29.3369 0.0 
243000 639 533.884 -2481.958 2.336 29.4547 0.0 
244000 641 538.442 -2465.94 2.679 29.7029 0.0 
245000 645 519.637 -2461.428 2.546 28.6608 0.0 
246000 647 516.674 -2440.597 2.797 28.4997 0.0 
247000 648 526.341 -2428.471 2.983 29.0305 0.0 
248000 650 523.146 -2409.689 3.238 28.8498 0.0 
249000 654 506.711 -2401.587 3.364 27.9254 0.0 
250000 655 509.536 -2418.68 3.066 28.0781 0.0 
251000 657 509.576 -2403.113 2.932 28.0772 0.0 
252000 661 494.427 -2378.385 3.1 27.2278 0.0 
253000 662 502.919 -2368.129 3.296 27.6857 0.0 
254000 663 512.86 -2356.958 3.46 28.2413 0.0 
255000 666 498.847 -2353.583 3.561 27.4555 0.0 
256000 668 501.382 -2385.167 2.728 27.5875 0.0 
257000 670 504.79 -2384.773 2.602 27.7799 0.0 
258000 672 493.936 -2358.75 3.013 27.1737 0.0 
259000 675 493.302 -2327.428 3.286 27.1482 0.0 
260000 679 477.101 -2319.784 3.427 26.2635 0.0 
261000 683 456.721 -2281.448 3.773 25.126 0.0 
262000 684 462.467 -2275.056 3.831 25.457 0.0 
263000 686 465.798 -2260.813 3.88 25.6428 0.0 
264000 689 457.41 -2228.231 4.393 25.1711 0.0 
265000 690 468.262 -2233.487 4.182 25.783 0.0 
266000 692 462.75 -2205.439 4.531 25.4898 0.0 
267000 693 473.495 -2192.915 4.599 26.0753 0.0 
268000 694 481.625 -2188.708 4.782 26.5262 0.0 
269000 696 487.433 -2164.371 4.959 26.8648 0.0 
270000 699 486.944 -2130.646 5.448 26.8378 0.0 
271000 700 483.565 -2112.842 5.561 26.6432 0.0 
272000 701 493.893 -2101.535 5.649 27.2068 0.0 
273000 703 508.155 -2091.157 5.899 28.0073 0.0 
274000 705 504.02 -2050.872 6.171 27.7706 0.0 
275000 707 496.211 -2028.572 6.364 27.3338 0.0 
276000 709 505.946 -2009.343 6.578 27.8534 0.0 
277000 711 506.393 -1982.177 6.737 27.8743 0.0 
278000 712 516.265 -1974.241 6.884 28.4383 0.0 
279000 714 514.857 -1952.162 7.053 28.3516 0.0 
280000 715 520.88 -1942.722 7.139 28.6902 0.0 
281000 716 530.463 -1925.974 7.186 29.2066 0.0 
282000 719 519.804 -1906.173 7.316 28.6056 0.0 
283000 721 516.368 -1871.983 7.559 28.4048 0.0 
284000 724 512.221 -1844.882 7.92 28.1708 0.0 
285000 725 521.976 -1826.084 8.056 28.695 0.0 
286000 727 514.225 -1797.235 8.159 28.2551 0.0 
287000 730 507.235 -1765.367 8.319 27.8537 0.0 
288000 731 503.071 -1750.54 8.4 27.6223 0.0 
289000 735 499.518 -1721.42 8.564 27.4354 0.0 
290000 736 503.788 -1695.128 8.579 27.6967 0.0 
291000 737 513.712 -1680.193 8.711 28.2355 0.0 
292000 739 516.729 -1667.158 8.656 28.3923 0.0 
293000 742 507.952 -1656.841 8.629 27.9141 0.0 
294000 746 486.892 -1594.582 9.012 26.7387 0.0 
295000 750 463.259 -1552.467 9.129 25.4353 0.0 
296000 752 468.274 -1543.095 8.968 25.7356 0.0 
297000 753 463.088 -1550.2 8.89 25.4502 0.0 
298000 756 460.267 -1511.547 8.763 25.3108 0.0 
299000 761 445.106 -1449.719 9.094 24.4691 0.0 
300000 769 400.196 -1379.592 9.313 21.9864 0.0 
301000 771 403.397 -1360.577 9.205 22.1553 0.0 
302000 772 415.329 -1367.859 9.009 22.8078 0.0 
303000 776 401.734 -1304.538 9.349 22.0566 0.0 
304000 780 386.842 -1287.761 8.992 21.2295 0.0 
305000 782 391.806 -1272.734 8.901 21.5103 0.0 
306000 786 381.723 -1236.829 9.042 20.9466 0.0 
307000 788 372.841 -1223.742 9.019 20.4584 0.0 
308000 792 378.098 -1172.926 9.18 20.7575 0.0 
309000 797 352.25 -1147.405 8.894 19.3408 0.0 
310000 799 366.184 -1119.519 8.903 20.1217 0.0 
311000 805 338.928 -1063.074 8.908 18.6136 0.0 
312000 812 317.61 -996.911 8.972 17.4268 0.0 
313000 821 283.57 -950.835 8.351 15.5621 0.0 
314000 822 297.899 -943.111 8.456 16.3466 0.0 
315000 833 257.65 -931.863 7.026 14.1317 0.0 
316000 835 262.093 -921.949 6.831 14.3738 0.0 
317000 838 268.323 -916.459 6.358 14.7238 0.0 
318000 844 248.711 -893.832 6.206 13.635 0.0 
319000 846 259.922 -887.846 6.057 14.2492 0.0 
320000 848 277.309 -871.925 6.209 15.2046 0.0 
321000 854 257.333 -828.731 6.17 14.1435 0.0 
322000 855 272.186 -833.6 6.105 14.9811 0.0 
323000 858 278.044 -842.89 5.745 15.3109 0.0 
324000 860 288.034 -841.596 5.351 15.8649 0.0 
325000 863 292.221 -836.584 5.116 16.0821 0.0 
326000 865 301.849 -822.124 5.125 16.6334 0.0 
327000 866 299.752 -807.55 5.372 16.5184 0.0 
328000 869 307.229 -787.018 5.419 16.9742 0.0 
329000 871 318.943 -781.065 5.382 17.6234 0.0 
330000 872 332.564 -773.013 5.434 18.3645 0.0 
331000 873 345.913 -763.072 5.319 19.1229 0.0 
332000 874 348.874 -749.407 5.551 19.2836 0.0 
333000 876 355.879 -747.1 5.503 19.6758 0.0 
334000 880 359.649 -725.179 5.412 19.8869 0.0 
335000 882 367.087 -731.892 5.351 20.314 0.0 
336000 887 352.23 -705.219 5.256 19.4788 0.0 
337000 889 347.514 -673.631 5.431 19.2084 0.0 
338000 893 342.136 -672.424 5.126 18.9087 0.0 
339000 896 349.182 -641.419 5.648 19.2909 0.0 
340000 899 339.839 -615.756 5.553 18.7711 0.0 
341000 902 338.503 -595.546 5.702 18.6897 0.0 
342000 905 345.476 -575.75 5.747 19.0651 0.0 
343000 909 335.07 -536.125 5.975 18.4865 0.0 
344000 912 334.267 -525.624 5.859 18.4499 0.0 
345000 916 328.569 -490.527 6.026 18.1385 0.0 
346000 917 330.217 -482.159 6.159 18.2248 0.0 
347000 919 349.148 -457.815 6.346 19.2615 0.0 
348000 921 356.602 -451.514 6.318 19.6837 0.0 
349000 923 349.187 -436.343 6.437 19.2716 0.0 
350000 924 362.203 -434.699 6.293 19.9901 0.0 
351000 929 352.928 -419.477 5.882 19.4968 0.0 
352000 936 326.937 -412.057 5.309 18.0517 0.0 
353000 939 332.32 -406.697 5.226 18.3476 0.0 
354000 942 331.243 -406.481 4.757 18.2811 0.0 
355000 944 325.052 -409.489 4.649 17.9371 0.0 
356000 945 338.551 -401.882 4.49 18.7004 0.0 
357000 946 351.78 -398.984 4.558 19.4502 0.0 
358000 950 350.929 -379.461 4.622 19.4003 0.0 
359000 951 363.91 -383.794 4.423 20.12 0.0 
360000 953 363.868 -378.158 4.467 20.1217 0.0 
361000 954 376.591 -375.872 4.25 20.8315 0.0 
362000 955 385.379 -373.115 4.353 21.3327 0.0 
363000 958 386.744 -355.596 4.337 21.423 0.0 
364000 962 383.003 -336.105 4.315 21.209 0.0 
365000 963 381.063 -338.639 4.451 21.1045 0.0 
366000 967 381.547 -312.133 4.289 21.1437 0.0 
367000 968 383.936 -314.005 4.471 21.2742 0.0 
368000 969 396.257 -311.592 4.3 21.9714 0.0 
369000 972 407.046 -315.403 4.075 22.5784 0.0 
370000 976 393.913 -303.25 3.877 21.8443 0.0 
371000 980 383.446 -287.892 3.89 21.2469 0.0 
372000 982 380.945 -292.476 3.579 21.0949 0.0 
373000 985 383.579 -273.888 3.709 21.2338 0.0 
374000 988 381.325 -272.231 3.533 21.0957 0.0 
375000 995 351.843 -226.372 4.086 19.4463 0.0 
376000 997 348.794 -190.454 4.304 19.2722 0.0 
377000 1001 348.027 -183.01 4.423 19.2259 0.0 
378000 1005 340.865 -160.298 4.492 18.8238 0.0 
379000 1007 343.833 -137.525 4.566 18.9907 0.0 
380000 1009 353.577 -137.22 4.605 19.5647 0.0 
381000 1010 356.325 -124.112 4.695 19.7123 0.0 
382000 1013 359.878 -109.174 4.619 19.9045 0.0 
383000 1015 370.907 -121.082 4.395 20.524 0.0 
384000 1016 383.488 -113.611 4.484 21.2455 0.0 
385000 1018 381.858 -95.594 4.572 21.1564 0.0 
386000 1021 384.587 -75.425 4.79 21.3124 0.0 
387000 1022 381.355 -69.183 4.723 21.1295 0.0 
388000 1024 388.973 -65.285 4.581 21.6528 0.0 
389000 1025 401.194 -71.541 4.416 22.3322 0.0 
390000 1027 410.527 -47.29 4.573 22.8585 0.0 
391000 1028 422.316 -38.743 4.762 23.5238 0.0 
392000 1029 433.87 -34.197 4.742 24.1851 0.0 
393000 1030 445.192 -38.693 4.578 24.8603 0.0 
394000 1031 449.888 -32.677 4.554 25.1114 0.0 
395000 1035 445.429 -12.767 4.562 24.8713 0.0 
396000 1037 442.887 9.616 4.774 24.7294 0.0 
397000 1040 441.956 35.701 5.194 24.663 0.0 
398000 1041 437.677 55.953 5.337 24.418 0.0 
399000 1044 445.051 81.42 5.551 24.8092 0.0 
400000 1046 443.103 105.762 5.763 24.6933 0.0 
401000 1048 448.03 129.757 6.111 24.9748 0.0 
402000 1050 453.068 123.474 5.894 25.2507 0.0 
403000 1051 464.006 135.446 6.006 25.8679 0.0 
404000 1053 452.479 152.494 5.846 25.2113 0.0 
405000 1056 455.153 168.371 5.978 25.3458 0.0 
406000 1057 460.79 183.242 6.018 25.6437 0.0 
407000 1059 469.01 193.198 5.966 26.0993 0.0 
408000 1063 448.788 203.33 5.707 24.963 0.0 
409000 1066 446.401 198.94 5.525 24.8277 0.0 
410000 1071 418.286 221.572 5.139 23.2462 0.0 
411000 1076 401.843 245.142 5.422 22.3259 0.0 
412000 1077 413.806 249.102 5.356 22.9859 0.0 
413000 1082 389.028 299.225 5.605 21.5904 0.0 
414000 1083 398.728 297.203 5.527 22.1176 0.0 
415000 1084 398.933 304.931 5.516 22.1319 0.0 
416000 1087 399.731 325.832 5.628 22.1804 0.0 
417000 1093 385.31 356.043 5.667 21.387 0.0 
418000 1098 363.783 389.667 5.543 20.1886 0.0 
419000 1104 344.094 419.875 5.659 19.091 0.0 
420000 1105 342.672 435.399 5.798 19.0059 0.0 
421000 1107 356.802 455.461 5.847 19.7938 0.0 
422000 1109 364.781 475.278 6.04 20.2402 0.0 
423000 1110 377.485 475.225 6.091 20.9354 0.0 
424000 1112 381.877 493.273 5.989 21.1645 0.0 
425000 1113 394.239 490.167 6.035 21.8595 0.0 
426000 1115 401.621 498.583 5.797 22.278 0.0 
427000 1116 413.588 496.606 5.634 22.9466 0.0 
428000 1117 425.317 493.563 5.46 23.6097 0.0 
429000 1121 413.456 515.396 5.674 22.9566 0.0 
430000 1127 379.617 548.566 5.419 21.063 0.0 
431000 1129 386.984 550.634 5.294 21.4691 0.0 
432000 1133 379.646 573.071 5.473 21.0469 0.0 
433000 1136 372.145 621.112 5.904 20.6222 0.0 
434000 1137 384.702 620.89 5.758 21.3243 0.0 
435000 1138 397.008 620.848 5.621 22.007 0.0 
436000 1139 396.868 633.772 5.759 21.9898 0.0 
437000 1142 408.031 655.368 5.922 22.6218 0.0 
438000 1143 419.871 676.015 6.152 23.2898 0.0 
439000 1146 412.322 705.13 6.431 22.8704 0.0 
440000 1148 418.774 694.003 6.133 23.2392 0.0 
441000 1149 430.399 689.904 5.967 23.8937 0.0 
442000 1151 421.381 731.239 5.99 23.3885 0.0 
443000 1153 426.674 740.475 6.22 23.7035 0.0 
444000 1155 438.761 755.804 6.483 24.359 0.0 
445000 1157 435.59 785.204 6.689 24.1731 0.0 
446000 1162 418.294 818.323 6.744 23.2022 0.0 
447000 1164 413.895 837.444 6.687 22.9632 0.0 
448000 1165 425.617 850.679 6.775 23.6257 0.0 
449000 1169 418.667 870.552 6.815 23.2182 0.0 
450000 1172 410.319 895.63 6.908 22.7577 0.0 
451000 1173 410.453 894.7 6.788 22.7915 0.0 
452000 1174 422.244 895.484 6.707 23.4389 0.0 
453000 1175 433.799 897.984 6.53 24.0799 0.0 
454000 1176 445.123 913.733 6.507 24.7252 0.0 
455000 1180 445.326 919.539 6.438 24.7445 0.0 
456000 1181 450.92 930.429 6.398 25.052 0.0 
457000 1183 455.974 960.51 6.745 25.3334 0.0 
458000 1184 455.995 972.686 6.547 25.3279 0.0 
459000 1185 466.875 964.049 6.654 25.9498 0.0 
460000 1187 469.49 981.588 6.665 26.0982 0.0 
461000 1188 474.681 971.074 6.644 26.3796 0.0 
462000 1189 485.187 982.511 6.372 26.956 0.0 
463000 1191 491.394 1004.505 6.484 27.319 0.0 
464000 1192 501.566 1003.023 6.527 27.8873 0.0 
465000 1194 511.454 1022.349 6.48 28.4336 0.0 
466000 1197 501.187 1059.113 6.869 27.8562 0.0 
467000 1198 511.163 1057.604 6.789 28.4067 0.0 
468000 1200 512.197 1069.787 6.796 28.4582 0.0 
469000 1201 521.953 1065.287 6.569 29.006 0.0 
470000 1202 531.514 1063.846 6.392 29.5286 0.0 
471000 1203 536.423 1080.113 6.452 29.8046 0.0 
472000 1204 545.695 1098.655 6.624 30.31 0.0 
473000 1206 543.035 1114.45 6.792 30.1535 0.0 
474000 1207 552.175 1128.911 6.912 30.6672 0.0 
475000 1208 551.011 1137.048 6.893 30.5965 0.0 
476000 1209 559.991 1146.507 6.921 31.0933 0.0 
477000 1211 567.035 1158.487 6.953 31.4932 0.0 
478000 1212 573.515 1166.908 6.88 31.868 0.0 
479000 1213 582.044 1169.801 6.763 32.3593 0.0 
480000 1214 590.404 1165.514 6.695 32.8451 0.0 
481000 1215 598.595 1160.527 6.521 33.3069 0.0 
482000 1217 599.467 1170.308 6.37 33.3619 0.0 
483000 1219 596.916 1195.201 6.561 33.2232 0.0 
484000 1220 600.498 1207.282 6.644 33.4245 0.0 
485000 1221 601.588 1219.705 6.767 33.4758 0.0 
486000 1222 608.256 1229.003 6.849 33.8385 0.0 
487000 1223 616.091 1228.435 6.781 34.2867 0.0 
488000 1224 623.769 1226.006 6.583 34.7119 0.0 
489000 1225 631.294 1229.781 6.597 35.1604 0.0 
490000 1226 638.668 1226.414 6.415 35.572 0.0 
491000 1229 632.754 1246.677 6.307 35.2654 0.0 
492000 1230 640.099 1254.11 6.265 35.6826 0.0 
493000 1231 647.297 1258.706 6.313 36.1068 0.0 
494000 1232 654.351 1268.338 6.359 36.5029 0.0 
495000 1233 661.264 1268.973 6.225 36.8995 0.0 
496000 1234 662.079 1279.284 6.361 36.9362 0.0 
497000 1235 666.597 1286.462 6.415 37.1696 0.0 
498000 1236 673.265 1291.684 6.3 37.5617 0.0 
499000 1237 672.98 1301.009 6.371 37.533 0.0 
500000 1239 673.29 1314.916 6.428 37.5795 0.0 
501000 1241 674.328 1330.313 6.576 37.6383 0.0 
502000 1242 680.841 1328.882 6.432 37.995 0.0 
503000 1243 687.224 1343.822 6.503 38.342 0.0 
504000 1245 670.486 1365.884 6.715 37.3998 0.0 
505000 1246 677.076 1352.01 6.349 37.7817 0.0 
506000 1247 683.534 1337.301 5.883 38.1389 0.0 
507000 1249 685.847 1336.042 5.646 38.3002 0.0 
508000 1250 692.13 1343.999 5.709 38.6513 0.0 
509000 1251 685.547 1364.005 5.988 38.284 0.0 
510000 1253 683.979 1389.029 6.181 38.2092 0.0 
511000 1254 690.3 1399.783 6.071 38.5629 0.0 
512000 1256 688.924 1398.277 6.056 38.5002 0.0 
513000 1257 679.585 1411.268 6.016 37.9794 0.0 
514000 1259 689.294 1427.161 6.386 38.5477 0.0 
515000 1261 681.426 1448.163 6.545 38.0968 0.0 
516000 1263 672.619 1489.306 6.895 37.5861 0.0 
517000 1264 679.167 1499.124 6.884 37.9627 0.0 
518000 1265 685.583 1511.184 7.058 38.3168 0.0 
519000 1268 662.461 1546.11 7.358 37.0064 0.0 
520000 1271 645.069 1596.175 7.812 36.0234 0.0 
521000 1272 652.167 1608.767 7.906 36.4119 0.0 
522000 1273 659.124 1612.249 7.871 36.7855 0.0 
523000 1274 665.941 1607.056 7.638 37.1687 0.0 
524000 1275 672.622 1604.332 7.386 37.5661 0.0 
525000 1276 679.17 1605.31 7.292 37.9361 0.0 
526000 1277 685.587 1601.042 7.008 38.2985 0.0 
527000 1278 691.875 1617.38 7.224 38.6657 0.0 
528000 1279 698.037 1615.89 6.993 39.0069 0.0 
529000 1280 704.077 1627.405 7.092 39.3456 0.0 
530000 1282 687.046 1654.452 7.379 38.3873 0.0 
531000 1283 692.625 1667.015 7.43 38.708 0.0 
532000 1284 698.772 1662.935 7.361 39.0398 0.0 
533000 1285 704.797 1665.872 7.167 39.3689 0.0 
534000 1286 710.701 1657.842 6.969 39.7028 0.0 
535000 1287 716.487 1674.106 6.951 40.049 0.0 
536000 1288 722.157 1683.866 7.086 40.36 0.0 
537000 1289 727.714 1692.501 7.099 40.6738 0.0 
538000 1290 733.16 1697.441 7.041 40.9718 0.0 
539000 1291 738.496 1710.288 7.085 41.2588 0.0 
540000 1293 732.472 1739.768 7.418 40.928 0.0 
541000 1295 725.926 1759.855 7.557 40.5459 0.0 
542000 1297 715.707 1787.843 7.8 39.9715 0.0 
543000 1298 721.393 1800.172 7.884 40.3193 0.0 
544000 1299 726.965 1815.897 8.018 40.6268 0.0 
545000 1300 732.426 1814.999 7.855 40.9276 0.0 
546000 1301 737.778 1805.773 7.624 41.2259 0.0 
547000 1302 743.022 1814.438 7.587 41.5402 0.0 
548000 1304 736.972 1827.697 7.571 41.1933 0.0 
549000 1305 742.233 1829.481 7.419 41.4949 0.0 
550000 1306 747.388 1826.159 7.173 41.7911 0.0 
551000 1308 739.229 1850.293 7.45 41.3311 0.0 
552000 1309 744.445 1866.025 7.616 41.6236 0.0 
553000 1310 749.556 1878.387 7.722 41.9024 0.0 
554000 1311 743.765 1893.022 7.826 41.5663 0.0 
555000 1312 741.749 1901.872 7.901 41.4537 0.0 
556000 1314 748.956 1929.478 8.097 41.842 0.0 
557000 1316 736.042 1963.145 8.29 41.1011 0.0 
558000 1318 729.276 1978.28 8.393 40.7128 0.0 
559000 1319 729.031 1999.092 8.646 40.7093 0.0 
560000 1321 725.841 2015.899 8.586 40.5538 0.0 
561000 1322 731.324 2010.571 8.374 40.8572 0.0 
562000 1323 734.058 2024.305 8.482 40.9992 0.0 
563000 1325 727.977 2053.545 8.701 40.6387 0.0 
564000 1326 733.418 2056.223 8.566 40.9459 0.0 
565000 1327 738.749 2066.63 8.686 41.2264 0.0 
566000 1329 719.864 2106.921 8.941 40.1904 0.0 
567000 1330 720.267 2125.708 9.138 40.2053 0.0 
568000 1334 698.841 2177.284 9.762 38.9945 0.0 
569000 1337 675.288 2241.666 10.264 37.6731 0.0 
570000 1339 667.245 2275.909 10.497 37.2126 0.0 
571000 1340 673.9 2288.421 10.548 37.588 0.0 
572000 1341 680.422 2294.265 10.474 37.9629 0.0 
573000 1342 686.813 2283.476 10.054 38.3216 0.0 
574000 1343 693.077 2282.495 9.793 38.6753 0.0 
575000 1344 699.216 2286.737 9.718 39.0234 0.0 
576000 1345 705.231 2305.455 9.871 39.3937 0.0 
577000 1346 711.127 2314.751 9.776 39.7193 0.0 
578000 1347 716.904 2321.72 9.668 40.0381 0.0 
579000 1348 722.566 2314.405 9.335 40.3592 0.0 
580000 1349 728.115 2309.64 9.13 40.6999 0.0 
581000 1350 733.552 2291.639 8.638 41.014 0.0 
582000 1352 727.064 2279.913 8.318 40.6572 0.0 
583000 1353 727.722 2301.337 8.263 40.694 0.0 
584000 1354 733.168 2300.476 8.096 41.027 0.0 
585000 1355 738.505 2302.783 8.054 41.3187 0.0 
586000 1357 723.342 2327.955 8.237 40.4546 0.0 
587000 1358 728.875 2338.766 8.268 40.7503 0.0 
588000 1359 730.518 2355.272 8.345 40.8339 0.0 
589000 1361 727.24 2385.802 8.665 40.6594 0.0 
590000 1362 732.695 2402.8 8.753 40.9554 0.0 
591000 1363 738.041 2404.609 8.852 41.2543 0.0 
592000 1364 743.281 2418.358 8.779 41.5478 0.0 
593000 1366 738.038 2448.302 9.006 41.2453 0.0 
594000 1367 743.277 2446.97 8.854 41.5529 0.0 
595000 1368 748.412 2459.468 8.965 41.8422 0.0 
596000 1369 753.443 2465.041 8.808 42.1306 0.0 
597000 1370 758.375 2477.651 8.916 42.3885 0.0 
598000 1371 763.207 2481.283 8.747 42.65 0.0 
599000 1372 760.443 2496.67 8.906 42.4997 0.0 
600000 1373 765.234 2502.892 8.948 42.7767 0.0 
601000 1374 769.929 2499.118 8.694 43.055 0.0 
602000 1375 774.531 2494.3 8.595 43.3172 0.0 
603000 1376 777.92 2509.695 8.467 43.5032 0.0 
604000 1379 756.765 2548.492 8.81 42.3275 0.0 
605000 1380 761.63 2552.848 8.767 42.6055 0.0 
606000 1381 766.397 2545.993 8.357 42.8671 0.0 
607000 1383 758.468 2549.056 8.113 42.4156 0.0 
608000 1384 763.299 2548.426 7.955 42.6913 0.0 
609000 1385 768.033 2534.212 7.533 42.9626 0.0 
610000 1387 760.939 2540.829 7.384 42.5873 0.0 
611000 1388 765.72 2538.082 7.335 42.8509 0.0 
612000 1389 768.406 2550.422 7.433 42.999 0.0 
613000 1390 773.037 2554.525 7.367 43.2618 0.0 
614000 1392 763.865 2569.781 7.317 42.7437 0.0 
615000 1393 768.588 2565.992 7.116 43.0122 0.0 
616000 1395 742.3 2587.798 7.295 41.5338 0.0 
617000 1396 747.454 2585.345 7.057 41.8254 0.0 
618000 1397 752.505 2584.502 6.998 42.1093 0.0 
619000 1398 757.455 2585.285 6.696 42.3844 0.0 
620000 1399 762.305 2595.986 6.746 42.6468 0.0 
621000 1401 753.218 2607.366 6.81 42.1406 0.0 
622000 1402 758.154 2601.412 6.719 42.4072 0.0 
623000 1403 762.991 2602.955 6.413 42.6811 0.0 
624000 1405 764.196 2629.245 6.57 42.7275 0.0 
625000 1408 742.759 2661.852 7.095 41.5103 0.0 
626000 1414 676.14 2730.111 7.514 37.7788 0.0 
627000 1415 682.617 2733.312 7.271 38.1464 0.0 
628000 1418 660.28 2758.563 7.381 36.8941 0.0 
629000 1419 654.575 2758.388 7.421 36.5674 0.0 
630000 1420 661.483 2762.971 7.198 36.9464 0.0 
631000 1421 668.253 2764.942 7.214 37.3285 0.0 
632000 1423 663.551 2768.771 6.997 37.0607 0.0 
633000 1424 670.28 2758.936 6.79 37.455 0.0 
634000 1425 676.874 2758.241 6.3 37.8183 0.0 
635000 1426 683.337 2754.756 6.232 38.1747 0.0 
636000 1429 667.044 2772.165 6.093 37.2654 0.0 
637000 1430 673.703 2774.656 6.106 37.655 0.0 
638000 1432 673.225 2780.79 6.007 37.6089 0.0 
639000 1433 679.76 2793.316 6.021 37.9666 0.0 
640000 1434 668.225 2798.976 6.095 37.3196 0.0 
641000 1435 674.86 2801.592 6.136 37.7147 0.0 
642000 1437 669.796 2811.695 6.023 37.4251 0.0 
643000 1439 665.112 2821.713 6.086 37.1562 0.0 
644000 1440 671.81 2826.518 5.867 37.551 0.0 
645000 1442 666.706 2847.999 5.991 37.2597 0.0 
646000 1444 662.245 2844.251 5.781 36.9993 0.0 
647000 1446 657.42 2851.377 5.597 36.7268 0.0 
648000 1448 653.386 2855.181 5.526 36.4917 0.0 
649000 1449 660.318 2874.029 5.631 36.8754 0.0 
650000 1454 621.669 2896.35 5.863 34.7131 0.0 
651000 1455 629.235 2901.991 5.902 35.1363 0.0 
652000 1456 636.65 2904.195 5.799 35.5619 0.0 
653000 1457 643.917 2910.855 5.816 35.9622 0.0 
654000 1458 651.039 2916.189 5.791 36.3565 0.0 
655000 1459 658.018 2919.135 5.796 36.7596 0.0 
656000 1460 664.858 2923.672 5.752 37.132 0.0 
657000 1463 630.817 2951.316 5.781 35.2278 0.0 
658000 1464 636.2 2951.328 5.705 35.5208 0.0 
659000 1465 643.476 2953.228 5.641 35.9263 0.0 
660000 1467 639.895 2964.788 5.681 35.7229 0.0 
661000 1469 636.415 2980.814 5.533 35.5387 0.0 
662000 1471 636.573 2990.115 5.644 35.5367 0.0 
663000 1473 632.285 2999.057 5.566 35.3 0.0 
664000 1475 628.326 3019.984 5.742 35.0968 0.0 
665000 1476 635.76 3023.573 5.724 35.5243 0.0 
666000 1477 643.044 3018.669 5.638 35.9298 0.0 
667000 1479 638.76 3053.292 5.859 35.7019 0.0 
668000 1481 634.625 3063.918 6.017 35.4862 0.0 
669000 1482 641.932 3073.347 6.194 35.9125 0.0 
670000 1483 649.094 3084.854 6.125 36.3261 0.0 
671000 1484 656.112 3082.705 5.996 36.7276 0.0 
672000 1485 662.99 3079.81 5.901 37.113 0.0 
673000 1487 639.764 3096.504 6.068 35.8063 0.0 
674000 1488 646.969 3096.008 5.906 36.2069 0.0 
675000 1489 654.029 3095.01 5.796 36.5989 0.0 
676000 1490 660.949 3095.522 5.658 36.9997 0.0 
677000 1491 667.73 3092.784 5.519 37.3839 0.0 
678000 1493 662.308 3105.497 5.533 37.0925 0.0 
679000 1494 669.062 3102.394 5.35 37.4786 0.0 
680000 1495 675.68 3101.638 5.225 37.8805 0.0 
681000 1496 682.167 3102.079 5.139 38.239 0.0 
682000 1497 688.523 3106.777 5.082 38.6044 0.0 
683000 1500 672.106 3111.917 4.735 37.6753 0.0 
684000 1501 678.664 3111.84 4.697 38.0486 0.0 
685000 1503 675.289 3105.468 4.395 37.8495 0.0 
686000 1504 681.783 3100.182 4.201 38.2009 0.0 
687000 1505 688.148 3104.858 4.083 38.5566 0.0 
688000 1510 647.264 3131.608 4.531 36.2628 0.0 
689000 1511 635.959 3149.231 4.598 35.6291 0.0 
690000 1513 632.555 3157.728 4.654 35.4472 0.0 
691000 1515 628.926 3163.918 4.496 35.2492 0.0 
692000 1516 636.347 3165.098 4.49 35.6799 0.0 
693000 1519 620.923 3178.047 4.36 34.815 0.0 
694000 1520 628.504 3168.388 4.298 35.2699 0.0 
695000 1522 626.655 3157.722 3.822 35.1576 0.0 
696000 1523 634.122 3150.148 3.539 35.5624 0.0 
697000 1524 641.44 3139.2 3.348 35.9729 0.0 
698000 1526 640.199 3130.224 3.004 35.9023 0.0 
699000 1527 647.395 3123.601 2.757 36.3231 0.0 
700000 1528 654.447 3119.088 2.628 36.7405 0.0 
701000 1530 651.051 3074.655 1.789 36.5762 0.0 
702000 1534 608.9 3052.152 1.143 34.2129 0.0 
703000 1536 605.788 3060.853 1.267 34.0726 0.0 
704000 1537 613.672 3061.321 1.159 34.5218 0.0 
705000 1539 610.491 3067.701 1.179 34.3378 0.0 
706000 1540 618.281 3067.087 1.177 34.7929 0.0 
707000 1544 594.077 3053.637 0.916 33.4337 0.0 
708000 1547 582.349 3066.997 1.098 32.773 0.0 
709000 1548 572.102 3074.754 1.257 32.194 0.0 
710000 1549 580.66 3078.836 1.284 32.6892 0.0 
711000 1550 589.047 3078.662 1.365 33.1565 0.0 
712000 1551 597.266 3084.341 1.338 33.6177 0.0 
713000 1552 605.32 3083.949 1.38 34.1201 0.0 
714000 1553 613.214 3082.656 1.339 34.5717 0.0 
715000 1554 620.95 3086.706 1.338 34.9979 0.0 
716000 1555 628.531 3088.597 1.345 35.4626 0.0 
717000 1559 604.709 3071.468 0.757 34.122 0.0 
718000 1560 612.615 3072.965 0.846 34.5898 0.0 
719000 1561 620.363 3078.167 0.854 35.0351 0.0 
720000 1562 627.956 3084.875 1.009 35.4973 0.0 
721000 1566 603.931 3102.26 1.185 34.1507 0.0 
722000 1570 581.147 3130.745 1.72 32.8466 0.0 
723000 1571 589.524 3139.657 1.821 33.3025 0.0 
724000 1572 597.733 3136.973 1.848 33.7544 0.0 
725000 1573 605.778 3150.16 2.055 34.2084 0.0 
726000 1574 601.003 3161.868 2.135 33.9346 0.0 
727000 1575 608.983 3170.445 2.278 34.3885 0.0 
728000 1576 616.803 3170.417 2.441 34.8317 0.0 
729000 1578 613.398 3180.144 2.46 34.6391 0.0 
730000 1583 580.323 3188.03 2.262 32.7672 0.0 
731000 1584 588.716 3198.86 2.344 33.2401 0.0 
732000 1587 562.51 3229.667 2.851 31.7604 0.0 
733000 1592 533.249 3253.721 3.06 30.104 0.0 
734000 1593 542.584 3265.898 3.185 30.6262 0.0 
735000 1598 518.017 3247.294 2.898 29.224 0.0 
736000 1599 527.656 3251.377 2.873 29.7636 0.0 
737000 1600 537.103 3259.085 2.937 30.3056 0.0 
738000 1603 513.0 3270.668 2.719 28.9353 0.0 
739000 1609 483.921 3297.187 3.094 27.2661 0.0 
740000 1612 459.999 3312.236 3.048 25.9099 0.0 
741000 1614 463.063 3329.368 3.193 26.0605 0.0 
742000 1616 466.046 3351.047 3.692 26.2222 0.0 
743000 1618 469.27 3375.082 3.807 26.399 0.0 
744000 1620 472.667 3385.005 3.994 26.5966 0.0 
745000 1624 460.977 3412.495 4.095 25.9277 0.0 
746000 1626 464.202 3421.102 4.383 26.1196 0.0 
747000 1635 404.37 3465.996 4.458 22.7448 0.0 
748000 1640 374.089 3507.741 4.471 21.024 0.0 
749000 1643 376.783 3520.328 4.71 21.1789 0.0 
750000 1644 389.247 3525.669 4.75 21.8705 0.0 
751000 1645 394.262 3540.694 4.691 22.1452 0.0 
752000 1648 394.675 3566.76 5.097 22.1907 0.0 
753000 1649 406.782 3574.064 5.118 22.8667 0.0 
754000 1651 416.673 3588.811 5.198 23.444 0.0 
755000 1653 421.653 3610.539 5.493 23.7186 0.0 
756000 1654 433.22 3623.713 5.692 24.3813 0.0 
757000 1655 426.296 3643.821 5.715 23.9868 0.0 
758000 1656 437.77 3656.659 5.976 24.6299 0.0 
759000 1657 449.014 3673.95 6.103 25.254 0.0 
760000 1658 460.034 3694.345 6.331 25.8703 0.0 
761000 1659 470.833 3720.873 6.65 26.4723 0.0 
762000 1661 473.468 3743.451 6.972 26.6337 0.0 
763000 1662 483.999 3757.485 7.144 27.2359 0.0 
764000 1663 494.319 3775.498 7.336 27.8097 0.0 
765000 1664 504.433 3790.536 7.539 28.3815 0.0 
766000 1665 514.344 3819.776 7.671 28.938 0.0 
767000 1666 524.057 3844.505 8.138 29.4767 0.0 
768000 1668 524.864 3884.057 8.525 29.5256 0.0 
769000 1669 534.367 3929.469 9.064 30.049 0.0 
770000 1670 543.68 3957.654 9.714 30.5676 0.0 
771000 1671 552.806 3993.899 10.135 31.0824 0.0 
772000 1672 561.75 3997.705 10.54 31.5777 0.0 
773000 1675 562.413 4028.609 10.516 31.5904 0.0 
774000 1676 571.165 4054.515 10.883 32.0755 0.0 
775000 1677 579.741 4084.084 11.201 32.5606 0.0 
776000 1678 588.147 4102.614 11.386 33.0476 0.0 
777000 1679 596.384 4135.321 11.872 33.5132 0.0 
778000 1680 604.456 4171.981 12.2 33.9716 0.0 
779000 1681 612.367 4200.029 12.485 34.4205 0.0 
780000 1682 605.12 4226.54 12.607 34.0082 0.0 
781000 1686 582.807 4253.245 12.127 32.7446 0.0 
782000 1687 591.151 4267.714 12.323 33.2206 0.0 
783000 1688 599.328 4275.726 12.158 33.6899 0.0 
784000 1689 607.341 4289.483 12.17 34.1277 0.0 
785000 1690 615.194 4310.697 12.381 34.5686 0.0 
786000 1691 622.89 4327.29 12.363 35.0067 0.0 
787000 1694 615.027 4333.77 12.173 34.5646 0.0 
788000 1696 600.872 4353.74 11.681 33.7608 0.0 
789000 1698 599.098 4371.794 11.675 33.6554 0.0 
790000 1699 607.116 4383.144 11.726 34.1039 0.0 
791000 1700 614.973 4370.228 11.284 34.5445 0.0 
792000 1701 622.674 4386.296 11.206 34.9708 0.0 
793000 1702 630.221 4394.656 11.149 35.3961 0.0 
794000 1704 626.884 4417.339 11.282 35.2093 0.0 
795000 1707 612.846 4436.136 10.988 34.4015 0.0 
796000 1708 620.589 4450.822 11.01 34.8213 0.0 
797000 1709 628.178 4466.459 11.068 35.2415 0.0 
798000 1710 635.614 4471.976 11.115 35.6556 0.0 
799000 1711 642.902 4479.991 11.128 36.0596 0.0 
800000 1712 650.044 4511.621 11.335 36.4673 0.0 
801000 1713 639.543 4521.316 11.305 35.8733 0.0 
802000 1715 635.277 4536.11 11.175 35.6456 0.0 
803000 1716 642.572 4547.851 11.099 36.0673 0.0 
804000 1717 649.72 4547.657 11.145 36.4832 0.0 
805000 1720 634.957 4577.584 10.852 35.7322 0.0 
806000 1722 631.572 4588.377 10.691 35.5366 0.0 
807000 1723 638.941 4589.241 10.585 35.9894 0.0 
808000 1725 635.659 4600.407 10.259 35.8145 0.0 
809000 1726 642.946 4610.95 10.327 36.2148 0.0 
810000 1727 642.987 4600.919 10.055 36.2037 0.0 
811000 1728 650.127 4605.965 9.874 36.6141 0.0 
812000 1730 646.342 4603.823 9.565 36.4023 0.0 
813000 1731 648.815 4605.754 9.286 36.5308 0.0 
814000 1732 655.839 4602.378 9.221 36.9333 0.0 
815000 1735 642.221 4598.187 8.421 36.149 0.0 
816000 1736 649.377 4598.233 8.267 36.5679 0.0 
817000 1737 656.389 4595.315 8.08 36.9697 0.0 
818000 1738 663.262 4590.006 7.74 37.3468 0.0 
819000 1739 669.996 4587.93 7.617 37.725 0.0 
820000 1740 676.596 4585.925 7.338 38.0887 0.0 
821000 1741 683.065 4574.895 7.1 38.4333 0.0 
822000 1743 677.875 4583.769 6.706 38.1398 0.0 
823000 1746 662.655 4574.485 6.317 37.2701 0.0 
824000 1749 647.544 4581.15 6.244 36.4051 0.0 
825000 1750 641.673 4576.626 5.859 36.0716 0.0 
826000 1751 648.84 4580.102 5.782 36.487 0.0 
827000 1752 655.863 4588.876 5.845 36.8799 0.0 
828000 1753 662.746 4588.312 5.771 37.277 0.0 
829000 1755 658.761 4597.462 5.588 37.0467 0.0 
830000 1756 665.586 4607.171 5.635 37.4271 0.0 
831000 1757 672.274 4614.587 5.701 37.7957 0.0 
832000 1758 678.829 4613.799 5.738 38.1793 0.0 
833000 1760 673.727 4626.704 5.641 37.9002 0.0 
834000 1761 680.252 4618.561 5.549 38.2699 0.0 
835000 1762 686.647 4630.635 5.458 38.632 0.0 
836000 1763 692.914 4628.208 5.346 38.9857 0.0 
837000 1764 699.056 4638.624 5.386 39.3202 0.0 
838000 1765 694.995 4639.488 5.535 39.0775 0.0 
839000 1766 701.095 4633.743 5.377 39.4221 0.0 
840000 1767 707.073 4636.958 5.207 39.7811 0.0 
841000 1769 701.433 4632.219 4.894 39.4554 0.0 
842000 1770 703.824 4636.545 4.816 39.5761 0.0 
843000 1771 709.748 4641.983 4.862 39.8939 0.0 
844000 1775 678.728 4659.58 4.877 38.1343 0.0 
845000 1778 664.338 4644.308 4.198 37.3353 0.0 
846000 1780 660.331 4650.389 4.049 37.1017 0.0 
847000 1782 656.321 4673.342 4.354 36.8805 0.0 
848000 1784 651.671 4654.824 4.14 36.6103 0.0 
849000 1787 621.302 4631.226 3.209 34.8944 0.0 
850000 1792 589.758 4547.97 1.237 33.1039 0.0 
851000 1793 597.963 4555.763 1.317 33.5668 0.0 
852000 1794 606.004 4555.981 1.389 34.0223 0.0 
853000 1795 613.884 4557.68 1.303 34.4615 0.0 
854000 1796 621.606 4546.503 1.315 34.9011 0.0 
855000 1799 593.248 4567.0 1.404 33.2948 0.0 
856000 1803 575.473 4553.212 0.913 32.295 0.0 
857000 1806 565.442 4517.756 0.442 31.7347 0.0 
858000 1807 574.133 4532.551 0.725 32.2135 0.0 
859000 1813 526.657 4463.943 -0.452 29.5268 0.0 
860000 1816 503.088 4437.412 -1.472 28.1961 0.0 
861000 1821 483.116 4326.486 -3.02 27.0858 0.0 
862000 1823 469.308 4301.742 -3.837 26.307 0.0 
863000 1828 449.421 4251.176 -4.521 25.1808 0.0 
864000 1832 438.411 4205.859 -4.935 24.5388 0.0 
865000 1833 449.643 4216.142 -4.7 25.1598 0.0 
866000 1836 447.408 4199.158 -4.459 25.0269 0.0 
867000 1839 428.424 4148.443 -5.438 23.9579 0.0 
868000 1840 439.856 4157.575 -5.184 24.588 0.0 
869000 1845 426.082 4128.66 -5.209 23.8093 0.0 
870000 1846 423.42 4110.272 -5.479 23.6539 0.0 
871000 1849 421.887 4092.597 -5.585 23.573 0.0 
872000 1854 409.781 4048.737 -5.775 22.8868 0.0 
873000 1855 421.585 4067.445 -5.305 23.5434 0.0 
874000 1856 433.154 4090.267 -4.815 24.1848 0.0 
875000 1857 444.491 4096.763 -4.553 24.8214 0.0 
876000 1858 455.601 4110.379 -4.21 25.4446 0.0 
877000 1859 466.489 4129.179 -3.849 26.0606 0.0 
878000 1860 477.159 4140.489 -3.347 26.6626 0.0 
879000 1861 487.616 4140.488 -3.152 27.2569 0.0 
880000 1862 481.744 4148.843 -3.128 26.9251 0.0 
881000 1863 492.109 4161.027 -2.855 27.5094 0.0 
882000 1864 502.266 4166.369 -2.585 28.07 0.0 
883000 1869 485.544 4168.569 -2.374 27.1433 0.0 
884000 1870 495.833 4174.651 -2.187 27.7308 0.0 
885000 1872 499.938 4163.546 -2.068 27.9654 0.0 
886000 1873 509.94 4179.565 -1.781 28.532 0.0 
887000 1874 501.961 4188.808 -1.752 28.0879 0.0 
888000 1875 511.922 4195.386 -1.499 28.6538 0.0 
889000 1876 521.683 4195.886 -1.372 29.2055 0.0 
890000 1877 531.25 4210.738 -1.298 29.747 0.0 
891000 1879 532.252 4236.85 -0.929 29.799 0.0 
892000 1881 533.135 4253.637 -0.303 29.8463 0.0 
893000 1885 518.2 4273.03 0.102 29.0016 0.0 
894000 1887 521.539 4286.2 0.382 29.2006 0.0 
895000 1888 531.108 4288.163 0.5 29.7274 0.0 
896000 1890 519.589 4299.85 0.495 29.0704 0.0 
897000 1891 529.197 4311.144 0.753 29.6103 0.0 
898000 1892 538.613 4316.623 0.949 30.146 0.0 
899000 1893 547.841 4323.065 1.002 30.6707 0.0 
900000 1894 556.884 4327.919 1.122 31.1728 0.0 
901000 1895 565.746 4325.291 1.213 31.6724 0.0 
902000 1897 564.583 4331.202 1.302 31.6109 0.0 
903000 1898 573.291 4332.95 1.07 32.0976 0.0 
904000 1900 574.069 4346.618 1.398 32.127 0.0 
905000 1903 564.588 4344.192 1.349 31.6056 0.0 
906000 1905 563.71 4353.074 1.555 31.5472 0.0 
907000 1907 546.259 4350.365 1.325 30.5688 0.0 
908000 1909 547.027 4352.348 1.212 30.6283 0.0 
909000 1912 546.065 4353.14 1.372 30.571 0.0 
910000 1915 522.813 4380.877 1.439 29.261 0.0 
911000 1917 525.57 4375.743 1.512 29.4098 0.0 
912000 1919 527.017 4383.294 1.617 29.4867 0.0 
913000 1920 536.477 4383.585 1.643 30.0266 0.0 
914000 1923 528.0 4394.094 1.912 29.5316 0.0 
915000 1927 494.851 4430.626 2.272 27.6676 0.0 
916000 1929 498.975 4435.538 2.184 27.9017 0.0 
917000 1934 476.432 4465.236 2.684 26.6529 0.0 
918000 1941 432.521 4478.463 2.784 24.183 0.0 
919000 1943 427.06 4495.822 2.749 23.8685 0.0 
920000 1944 438.519 4510.712 2.902 24.5108 0.0 
921000 1945 449.749 4523.209 3.064 25.1495 0.0 
922000 1946 460.754 4521.528 3.165 25.7596 0.0 
923000 1948 464.688 4523.357 3.15 25.9789 0.0 
924000 1949 475.394 4530.948 3.199 26.593 0.0 
925000 1952 471.533 4525.249 2.908 26.3844 0.0 
926000 1954 462.108 4546.551 2.998 25.8531 0.0 
927000 1957 457.252 4569.393 3.317 25.6036 0.0 
928000 1960 453.78 4571.116 3.279 25.4082 0.0 
929000 1963 449.981 4577.606 3.232 25.1976 0.0 
930000 1966 430.12 4588.509 3.313 24.0763 0.0 
931000 1969 428.957 4577.979 2.859 24.0102 0.0 
932000 1972 428.455 4585.739 2.672 23.9611 0.0 
933000 1975 426.414 4595.037 2.901 23.8497 0.0 
934000 1977 416.004 4614.673 3.034 23.2617 0.0 
935000 1979 421.53 4622.187 3.052 23.5623 0.0 
936000 1981 425.998 4636.832 3.089 23.8351 0.0 
937000 1982 437.478 4647.906 3.24 24.4752 0.0 
938000 1983 448.728 4650.639 3.419 25.111 0.0 
939000 1984 459.754 4656.575 3.375 25.7285 0.0 
940000 1985 470.558 4662.247 3.421 26.3337 0.0 
941000 1986 481.147 4664.695 3.458 26.9296 0.0 
942000 1988 482.579 4663.628 3.272 27.0001 0.0 
943000 1989 492.927 4671.179 3.404 27.5765 0.0 
944000 1990 503.069 4678.776 3.406 28.1581 0.0 
945000 1991 513.007 4686.022 3.518 28.7111 0.0 
946000 1992 522.747 4693.187 3.531 29.2785 0.0 
947000 1993 532.292 4694.607 3.616 29.822 0.0 
948000 1994 541.646 4699.286 3.558 30.3593 0.0 
949000 1997 533.454 4712.193 3.647 29.8837 0.0 
950000 1999 519.949 4732.858 3.823 29.123 0.0 
951000 2000 529.55 4739.286 3.898 29.6591 0.0 
952000 2003 521.597 4752.046 3.943 29.2225 0.0 
953000 2004 531.165 4768.123 4.022 29.7496 0.0 
954000 2005 540.542 4770.707 4.302 30.3031 0.0 
955000 2006 549.731 4767.964 4.151 30.8221 0.0 
956000 2007 558.736 4772.07 4.047 31.3285 0.0 
957000 2009 558.351 4788.253 4.163 31.3047 0.0 
958000 2011 563.94 4792.828 4.123 31.6222 0.0 
959000 2012 572.661 4789.241 4.071 32.1117 0.0 
960000 2013 564.648 4793.582 3.883 31.6621 0.0 
961000 2015 563.628 4819.208 4.208 31.6036 0.0 
962000 2016 572.355 4835.881 4.346 32.1102 0.0 
963000 2019 563.091 4837.888 4.391 31.5709 0.0 
964000 2022 553.864 4835.709 4.064 31.0472 0.0 
965000 2023 562.786 4838.994 3.973 31.5362 0.0 
966000 2024 571.531 4843.468 4.065 32.0437 0.0 
967000 2029 541.56 4871.062 4.365 30.3596 0.0 
968000 2033 508.722 4871.159 3.869 28.513 0.0 
969000 2035 510.257 4884.987 3.861 28.5858 0.0 
970000 2041 478.128 4921.909 4.425 26.78 0.0 
971000 2049 420.517 4979.098 4.629 23.5352 0.0 
972000 2050 432.107 4989.341 4.684 24.1809 0.0 
973000 2052 436.455 4962.36 4.669 24.4257 0.0 
974000 2057 404.975 4960.79 3.659 22.6477 0.0 
975000 2058 416.875 4964.547 3.676 23.3141 0.0 
976000 2059 428.538 4970.334 3.633 23.9933 0.0 
977000 2060 439.967 4970.961 3.693 24.6424 0.0 
978000 2061 451.168 4973.922 3.6 25.2655 0.0 
979000 2066 433.105 4995.771 3.615 24.2493 0.0 
980000 2070 423.986 4969.818 3.025 23.7437 0.0 
981000 2071 417.027 4980.799 3.123 23.3529 0.0 
982000 2073 421.912 4978.556 2.914 23.6439 0.0 
983000 2079 400.254 4992.643 2.727 22.4227 0.0 
984000 2082 399.862 4963.54 2.016 22.3903 0.0 
985000 2083 411.865 4978.592 2.183 23.0801 0.0 
986000 2085 417.255 4986.928 2.283 23.3928 0.0 
987000 2087 422.151 4994.226 2.628 23.6632 0.0 
988000 2088 433.708 4999.686 2.678 24.3147 0.0 
989000 2090 419.62 5019.519 2.766 23.5196 0.0 
990000 2094 410.932 5052.045 3.268 23.0376 0.0 
991000 2097 409.492 5076.586 3.374 22.975 0.0 
992000 2101 402.186 5071.773 3.157 22.5657 0.0 
993000 2102 414.142 5084.075 3.218 23.2388 0.0 
994000 2103 425.86 5093.499 3.354 23.9065 0.0 
995000 2104 437.342 5096.877 3.368 24.5415 0.0 
996000 2106 441.004 5090.084 3.29 24.7686 0.0 
997000 2107 452.183 5084.31 3.275 25.4145 0.0 
998000 2108 463.14 5093.987 3.337 26.0242 0.0 
999000 2111 441.29 5094.354 2.937 24.7857 0.0 
1000000 2117 417.668 5123.84 3.123 23.4451 0.0 
