1000 12 17.64 -202.788 -3.592 0.0087 0.0 
2000 23 31.156 -503.668 -8.033 0.0164 0.0 
3000 35 43.371 -745.94 -10.925 0.0224 0.0 
4000 47 51.988 -1004.111 -13.074 0.0259 0.0 
5000 58 58.78 -1161.168 -12.946 0.0289 0.0 
6000 69 65.282 -1420.976 -15.008 0.0319 0.0 
7000 81 69.138 -1630.739 -15.588 0.0336 0.0 
8000 92 74.337 -1919.878 -17.988 0.036 0.0 
9000 104 76.494 -2195.19 -19.086 0.0368 0.0 
10000 114 80.171 -2435.248 -19.722 0.0386 0.0 
11000 126 81.367 -2696.539 -20.297 0.0391 0.0 
12000 139 80.171 -2914.214 -19.383 0.0383 0.0 
13000 152 79.916 -3171.328 -19.647 0.0379 0.0 
14000 164 80.783 -3510.429 -21.606 0.0381 0.0 
15000 174 82.863 -3854.69 -23.729 0.0389 0.0 
16000 187 82.105 -4087.456 -22.286 0.0382 0.0 
17000 200 80.54 -4343.88 -21.451 0.0799 0.0 
18000 215 77.503 -4820.438 -24.455 0.1386 0.0 
19000 228 77.244 -5191.219 -25.167 0.1848 0.0 
20000 238 80.73 -5528.462 -26.598 0.2308 0.0 
21000 246 87.588 -5688.75 -25.786 0.2834 0.0 
22000 250 99.523 -5703.549 -24.218 0.3518 0.0 
23000 253 112.846 -5755.179 -23.516 0.4283 0.0 
24000 255 126.351 -5915.591 -24.832 0.5088 0.0 
25000 256 131.264 -5988.212 -26.855 0.5372 0.0 
26000 257 148.639 -5994.065 -26.427 0.6528 0.0 
27000 258 165.666 -6002.96 -26.065 0.753 0.0 
28000 259 182.353 -6014.474 -25.766 0.8593 0.0 
29000 260 198.706 -6023.555 -25.467 0.9655 0.0 
30000 261 214.732 -6033.931 -25.123 1.046 0.0 
31000 262 230.437 -6048.176 -24.789 1.1428 0.0 
32000 263 245.828 -6058.54 -24.612 1.2396 0.0 
33000 264 260.912 -6066.087 -24.306 1.337 0.0 
34000 265 275.694 -6069.693 -23.931 1.4307 0.0 
35000 266 290.18 -6078.853 -23.585 1.5241 0.0 
36000 267 304.376 -6086.344 -23.269 1.6195 0.0 
37000 268 318.289 -6101.079 -22.947 1.7219 0.0 
38000 271 327.652 -6187.763 -23.454 1.7609 0.0 
39000 274 333.976 -6272.126 -23.708 1.797 0.0 
40000 280 315.694 -6449.456 -24.412 1.6885 0.0 
41000 285 302.955 -6573.193 -24.168 1.6124 0.0 
42000 289 294.43 -6670.546 -24.116 1.56 0.0 
43000 294 289.886 -6779.86 -24.226 1.5314 0.0 
44000 300 276.883 -6864.09 -23.051 1.4545 0.0 
45000 303 278.992 -6930.705 -22.915 1.4643 0.0 
46000 307 278.345 -6982.323 -22.212 1.4603 0.0 
47000 308 279.258 -7010.21 -22.163 1.4643 0.0 
48000 310 291.399 -7037.286 -21.862 1.5644 0.0 
49000 313 302.547 -7075.807 -21.425 1.6125 0.0 
50000 318 291.307 -7129.206 -20.481 1.5313 0.0 
51000 319 305.481 -7147.608 -20.339 1.626 0.0 
52000 322 301.172 -7192.52 -20.076 1.5969 0.0 
53000 323 315.148 -7206.388 -19.874 1.704 0.0 
54000 325 330.488 -7235.594 -19.817 1.7999 0.0 
55000 328 325.854 -7284.364 -19.5 1.7569 0.0 
56000 329 339.337 -7301.787 -19.389 1.8479 0.0 
57000 332 339.063 -7314.22 -18.645 1.8349 0.0 
58000 333 340.682 -7321.545 -18.193 1.8381 0.0 
59000 334 353.868 -7334.716 -18.064 1.9249 0.0 
60000 336 367.655 -7337.289 -17.556 2.0316 0.0 
61000 337 380.302 -7347.091 -17.428 2.1204 0.0 
62000 338 392.696 -7356.274 -17.281 2.1924 0.0 
63000 339 404.842 -7365.375 -17.131 2.2954 0.0 
64000 340 416.745 -7372.683 -16.961 2.3972 0.0 
65000 341 428.41 -7385.523 -16.76 2.5197 0.0 
66000 342 439.842 -7396.305 -16.667 2.6423 0.0 
67000 343 451.045 -7408.878 -16.546 2.7368 0.0 
68000 344 462.025 -7416.332 -16.476 2.8019 0.0 
69000 345 472.784 -7423.471 -16.267 2.8684 0.0 
70000 346 483.328 -7432.727 -16.113 2.9583 0.0 
71000 347 493.662 -7442.823 -15.978 3.0242 0.0 
72000 348 503.789 -7450.115 -15.85 3.0682 0.0 
73000 349 513.713 -7460.945 -15.697 3.1402 0.0 
74000 350 523.439 -7472.416 -15.568 3.195 0.0 
75000 351 532.97 -7479.434 -15.513 3.2761 0.0 
76000 352 542.31 -7490.433 -15.357 3.326 0.0 
77000 353 551.464 -7500.138 -15.246 3.3689 0.0 
78000 354 560.435 -7511.495 -15.115 3.4275 0.0 
79000 355 569.226 -7519.898 -15.075 3.4942 0.0 
80000 356 577.842 -7531.562 -14.944 3.5428 0.0 
81000 357 586.285 -7539.236 -14.877 3.5852 0.0 
82000 358 594.559 -7550.74 -14.734 3.6307 0.0 
83000 359 602.668 -7560.233 -14.665 3.6855 0.0 
84000 360 610.615 -7570.36 -14.563 3.7394 0.0 
85000 361 618.402 -7579.009 -14.447 3.8075 0.0 
86000 362 626.034 -7589.407 -14.347 3.8541 0.0 
87000 363 633.514 -7598.833 -14.286 3.9146 0.0 
88000 364 640.843 -7610.195 -14.151 3.9681 0.0 
89000 365 648.026 -7616.761 -14.073 4.0238 0.0 
90000 366 655.066 -7626.123 -13.963 4.0571 0.0 
91000 367 661.965 -7634.14 -13.873 4.0994 0.0 
92000 368 668.725 -7644.507 -13.756 4.1272 0.0 
93000 369 675.351 -7652.759 -13.666 4.1679 0.0 
94000 370 681.844 -7659.535 -13.576 4.227 0.0 
95000 371 688.207 -7670.125 -13.433 4.2884 0.0 
96000 372 694.443 -7678.46 -13.381 4.3358 0.0 
97000 373 700.554 -7689.221 -13.24 4.3807 0.0 
98000 374 706.543 -7697.907 -13.222 4.4312 0.0 
99000 375 712.412 -7706.899 -13.128 4.4706 0.0 
100000 376 718.164 -7717.121 -13.069 4.4816 0.0 
101000 377 723.8 -7724.476 -12.996 4.509 0.0 
102000 378 729.324 -7733.301 -12.892 4.5561 0.0 
103000 379 734.738 -7744.888 -12.781 4.5698 0.0 
104000 380 740.043 -7750.727 -12.761 4.6007 0.0 
105000 381 745.242 -7762.168 -12.608 4.6304 0.0 
106000 382 750.337 -7773.744 -12.572 4.6428 0.0 
107000 383 755.331 -7783.003 -12.576 4.6839 0.0 
108000 384 760.224 -7788.934 -12.487 4.694 0.0 
109000 385 765.02 -7797.794 -12.344 4.7158 0.0 
110000 386 769.719 -7803.571 -12.264 4.7615 0.0 
111000 387 774.325 -7812.669 -12.087 4.7738 0.0 
112000 388 778.838 -7819.902 -12.021 4.8134 0.0 
113000 389 783.262 -7833.762 -12.007 4.8588 0.0 
114000 390 787.596 -7838.716 -11.933 4.8973 0.0 
115000 391 791.844 -7850.374 -11.939 4.9376 0.0 
116000 392 796.008 -7855.602 -11.853 4.9447 0.0 
117000 394 787.466 -7861.724 -11.469 4.8777 0.0 
118000 395 784.896 -7855.305 -11.111 4.8441 0.0 
119000 396 788.058 -7854.236 -10.83 4.8667 0.0 
120000 397 792.297 -7853.128 -10.715 4.8982 0.0 
121000 398 796.451 -7849.924 -10.595 4.9121 0.0 
122000 400 797.281 -7847.757 -10.012 4.9105 0.0 
123000 402 783.732 -7854.061 -9.686 4.8138 0.0 
124000 403 788.057 -7848.77 -9.426 4.8126 0.0 
125000 404 792.296 -7845.876 -9.206 4.8191 0.0 
126000 405 796.45 -7850.995 -9.107 4.8405 0.0 
127000 406 800.521 -7849.368 -8.857 4.863 0.0 
128000 407 804.511 -7851.139 -8.645 4.8911 0.0 
129000 409 792.716 -7861.369 -8.579 4.8167 0.0 
130000 411 768.509 -7863.769 -8.344 4.6555 0.0 
131000 412 773.138 -7854.594 -8.069 4.7311 0.0 
132000 414 760.061 -7848.945 -7.639 4.6387 0.0 
133000 416 753.378 -7860.903 -7.259 4.5864 0.0 
134000 417 757.67 -7859.473 -7.266 4.6412 0.0 
135000 418 761.617 -7857.095 -7.068 4.6678 0.0 
136000 421 745.358 -7867.98 -6.83 4.5478 0.0 
137000 423 740.641 -7885.845 -6.95 4.5084 0.0 
138000 424 730.469 -7892.774 -6.864 4.4409 0.0 
139000 426 734.762 -7890.857 -6.635 4.4821 0.0 
140000 427 735.487 -7885.75 -6.411 4.4826 0.0 
141000 429 727.893 -7881.774 -6.093 4.4342 0.0 
142000 430 733.336 -7872.435 -5.864 4.4782 0.0 
143000 431 738.669 -7877.079 -5.694 4.5544 0.0 
144000 432 743.896 -7884.764 -5.735 4.5926 0.0 
145000 435 712.263 -7888.267 -5.566 4.3734 0.0 
146000 437 704.941 -7891.994 -5.394 4.311 0.0 
147000 438 707.302 -7894.98 -5.251 4.3282 0.0 
148000 442 685.272 -7908.616 -5.188 4.1636 0.0 
149000 444 671.345 -7928.878 -5.301 4.0599 0.0 
150000 446 664.356 -7937.424 -5.325 3.9967 0.0 
151000 447 671.069 -7934.741 -5.235 4.0233 0.0 
152000 449 667.234 -7932.537 -4.973 4.0176 0.0 
153000 453 636.328 -7936.503 -4.694 3.8008 0.0 
154000 454 643.601 -7947.742 -4.76 3.8519 0.0 
155000 455 635.689 -7949.051 -4.691 3.7962 0.0 
156000 457 634.456 -7957.064 -4.59 3.7812 0.0 
157000 458 641.767 -7962.046 -4.572 3.8534 0.0 
158000 461 631.92 -7974.343 -4.594 3.762 0.0 
159000 462 639.281 -7980.622 -4.697 3.8413 0.0 
160000 463 646.496 -7983.447 -4.597 3.9089 0.0 
161000 464 651.786 -7986.26 -4.526 3.9505 0.0 
162000 466 649.575 -7985.325 -4.39 3.9295 0.0 
163000 467 656.583 -7989.654 -4.372 3.9535 0.0 
164000 468 661.872 -7985.158 -4.236 3.9704 0.0 
165000 469 668.574 -7981.424 -4.081 4.0262 0.0 
166000 470 671.603 -7977.106 -3.849 4.0488 0.0 
167000 471 678.171 -7970.305 -3.66 4.0988 0.0 
168000 472 684.607 -7971.534 -3.549 4.1812 0.0 
169000 473 690.915 -7984.884 -3.631 4.27 0.0 
170000 475 687.195 -8000.551 -3.96 4.2563 0.0 
171000 477 681.822 -8007.293 -3.971 4.2075 0.0 
172000 480 657.805 -8008.709 -3.716 4.0397 0.0 
173000 481 664.649 -8019.025 -3.893 4.0726 0.0 
174000 482 671.356 -8031.21 -4.019 4.0919 0.0 
175000 485 648.789 -8038.529 -3.935 3.9254 0.0 
176000 486 653.313 -8052.655 -4.036 3.9368 0.0 
177000 488 650.442 -8068.527 -4.175 3.8897 0.0 
178000 489 646.953 -8073.393 -4.299 3.8603 0.0 
179000 490 654.014 -8086.585 -4.239 3.9068 0.0 
180000 492 651.195 -8092.354 -4.357 3.8627 0.0 
181000 494 644.218 -8091.248 -4.344 3.8192 0.0 
182000 495 648.754 -8093.17 -4.191 3.8525 0.0 
183000 498 635.069 -8089.321 -3.893 3.7767 0.0 
184000 499 641.527 -8084.224 -3.738 3.8597 0.0 
185000 500 641.177 -8080.721 -3.611 3.8515 0.0 
186000 506 602.504 -8079.756 -3.19 3.639 0.0 
187000 510 571.03 -8067.356 -2.824 3.432 0.0 
188000 513 550.615 -8058.998 -2.331 3.2974 0.0 
189000 518 528.054 -8063.907 -2.183 3.1421 0.0 
190000 521 514.305 -8060.252 -2.053 3.0455 0.0 
191000 522 524.019 -8060.592 -2.019 3.113 0.0 
192000 525 512.374 -8052.673 -1.791 3.0321 0.0 
193000 528 497.944 -8054.426 -1.6 2.9323 0.0 
194000 530 490.778 -8045.023 -1.547 2.8812 0.0 
195000 533 490.079 -8025.175 -1.016 2.8793 0.0 
196000 534 489.998 -8017.033 -0.848 2.8714 0.0 
197000 536 498.934 -8014.779 -0.512 2.9144 0.0 
198000 538 491.96 -8022.443 -0.832 2.8571 0.0 
199000 540 499.819 -8031.884 -0.924 2.8907 0.0 
200000 542 506.09 -8029.299 -0.868 2.9128 0.0 
201000 545 493.506 -8020.325 -0.649 2.82 0.0 
202000 547 488.38 -8022.03 -0.657 2.7769 0.0 
203000 551 475.783 -8011.526 -0.451 2.6757 0.0 
204000 555 454.043 -8020.474 -0.458 2.5329 0.0 
205000 561 425.431 -8014.158 -0.331 2.3535 0.0 
206000 563 427.97 -8007.63 -0.213 2.3722 0.0 
207000 566 416.117 -7996.722 -0.059 2.2985 0.0 
208000 568 413.77 -7995.266 0.08 2.2835 0.0 
209000 573 401.711 -7989.989 0.142 2.2159 0.0 
210000 577 392.101 -7993.032 0.031 2.1494 0.0 
211000 580 384.186 -7972.089 0.384 2.1024 0.0 
212000 581 390.722 -7975.801 0.403 2.1544 0.0 
213000 582 395.788 -7993.828 0.46 2.1868 0.0 
214000 585 403.83 -7987.25 0.083 2.2077 0.0 
215000 587 402.132 -7983.058 0.17 2.2008 0.0 
216000 589 408.407 -7987.59 0.141 2.287 0.0 
217000 591 417.152 -7994.534 -0.08 2.3754 0.0 
218000 593 422.713 -7994.139 -0.061 2.4578 0.0 
219000 594 423.639 -8010.053 -0.16 2.4568 0.0 
220000 595 435.166 -8020.044 -0.427 2.532 0.0 
221000 596 446.463 -8023.775 -0.517 2.5762 0.0 
222000 597 457.533 -8018.645 -0.603 2.6389 0.0 
223000 599 463.715 -8018.233 -0.452 2.6484 0.0 
224000 601 465.109 -8019.275 -0.42 2.6519 0.0 
225000 602 475.807 -8025.694 -0.643 2.7081 0.0 
226000 603 482.87 -8037.162 -0.749 2.7676 0.0 
227000 604 489.973 -8043.26 -0.75 2.8093 0.0 
228000 605 498.474 -8042.796 -0.792 2.8816 0.0 
229000 607 499.871 -8045.044 -0.799 2.8839 0.0 
230000 610 502.181 -8041.889 -0.879 2.8967 0.0 
231000 611 512.137 -8045.172 -0.811 2.9451 0.0 
232000 612 521.234 -8055.089 -1.011 3.0122 0.0 
233000 613 530.81 -8059.327 -1.15 3.0782 0.0 
234000 614 540.193 -8060.442 -1.078 3.138 0.0 
235000 615 538.81 -8060.735 -1.079 3.1234 0.0 
236000 616 548.033 -8062.077 -0.993 3.2041 0.0 
237000 617 557.073 -8062.326 -1.07 3.2662 0.0 
238000 618 563.511 -8067.814 -0.984 3.3151 0.0 
239000 619 572.241 -8069.449 -1.101 3.3693 0.0 
240000 620 580.796 -8074.599 -1.169 3.4248 0.0 
241000 621 589.18 -8079.689 -1.221 3.4898 0.0 
242000 622 597.397 -8086.777 -1.252 3.5734 0.0 
243000 623 605.449 -8088.914 -1.387 3.6108 0.0 
244000 624 613.34 -8092.034 -1.396 3.6511 0.0 
245000 625 621.073 -8100.496 -1.398 3.6881 0.0 
246000 626 628.651 -8103.154 -1.544 3.7215 0.0 
247000 628 638.017 -8100.454 -1.472 3.7892 0.0 
248000 629 645.257 -8100.912 -1.508 3.8439 0.0 
249000 630 652.351 -8105.952 -1.524 3.907 0.0 
250000 631 659.304 -8110.137 -1.599 3.9421 0.0 
251000 632 666.118 -8113.879 -1.715 3.9702 0.0 
252000 633 664.156 -8107.479 -1.555 3.951 0.0 
253000 634 666.973 -8115.752 -1.533 3.9664 0.0 
254000 635 673.633 -8124.438 -1.622 3.9956 0.0 
255000 636 680.161 -8125.478 -1.815 4.068 0.0 
256000 637 683.077 -8130.516 -1.737 4.0771 0.0 
257000 638 689.416 -8136.821 -1.777 4.1009 0.0 
258000 639 695.628 -8136.639 -1.834 4.1636 0.0 
259000 640 701.715 -8138.209 -1.81 4.1956 0.0 
260000 641 707.681 -8143.601 -1.812 4.2112 0.0 
261000 642 713.527 -8149.998 -1.877 4.2607 0.0 
262000 643 719.257 -8160.28 -1.977 4.299 0.0 
263000 644 724.871 -8170.22 -2.145 4.3323 0.0 
264000 645 730.374 -8171.779 -2.319 4.3567 0.0 
265000 646 735.767 -8180.68 -2.296 4.3639 0.0 
266000 647 741.051 -8188.453 -2.422 4.4121 0.0 
267000 648 746.23 -8195.758 -2.518 4.4239 0.0 
268000 649 751.306 -8202.516 -2.595 4.436 0.0 
269000 650 756.279 -8203.69 -2.725 4.4464 0.0 
270000 651 761.154 -8207.214 -2.679 4.4786 0.0 
271000 652 765.931 -8206.347 -2.689 4.5423 0.0 
272000 653 770.612 -8211.293 -2.598 4.5652 0.0 
273000 654 775.2 -8211.716 -2.705 4.5786 0.0 
274000 656 770.202 -8215.317 -2.559 4.5541 0.0 
275000 657 774.798 -8216.11 -2.669 4.5833 0.0 
276000 658 779.302 -8219.249 -2.664 4.5996 0.0 
277000 660 776.002 -8221.131 -2.565 4.5852 0.0 
278000 661 780.482 -8226.29 -2.663 4.6183 0.0 
279000 662 784.872 -8228.615 -2.723 4.6681 0.0 
280000 663 789.175 -8228.953 -2.682 4.6697 0.0 
281000 664 793.391 -8237.366 -2.646 4.6934 0.0 
282000 665 797.523 -8245.635 -2.765 4.7081 0.0 
283000 666 801.573 -8253.147 -2.877 4.7145 0.0 
284000 667 805.541 -8258.635 -3.033 4.7409 0.0 
285000 668 809.431 -8265.886 -2.966 4.7471 0.0 
286000 670 800.077 -8274.75 -3.044 4.6685 0.0 
287000 671 804.076 -8282.034 -3.089 4.6849 0.0 
288000 672 807.994 -8288.903 -3.186 4.6944 0.0 
289000 674 781.952 -8289.851 -3.039 4.5326 0.0 
290000 675 786.313 -8295.547 -3.067 4.5479 0.0 
291000 676 790.587 -8300.992 -3.147 4.5752 0.0 
292000 677 794.775 -8308.018 -3.175 4.6133 0.0 
293000 679 789.102 -8301.903 -3.141 4.59 0.0 
294000 680 793.32 -8299.204 -3.014 4.6309 0.0 
295000 682 786.464 -8302.744 -2.946 4.592 0.0 
296000 683 790.735 -8305.156 -2.929 4.6446 0.0 
297000 684 794.92 -8308.894 -2.92 4.6614 0.0 
298000 686 769.857 -8310.686 -2.707 4.503 0.0 
299000 688 775.091 -8313.444 -2.728 4.5468 0.0 
300000 689 763.989 -8313.694 -2.658 4.474 0.0 
301000 690 768.709 -8317.43 -2.654 4.5014 0.0 
302000 691 773.335 -8321.116 -2.671 4.5208 0.0 
303000 692 777.868 -8319.3 -2.6 4.5393 0.0 
304000 693 780.571 -8322.085 -2.521 4.5331 0.0 
305000 694 784.959 -8326.959 -2.588 4.5796 0.0 
306000 696 776.015 -8322.804 -2.606 4.5291 0.0 
307000 698 767.845 -8322.7 -2.428 4.4796 0.0 
308000 700 761.478 -8318.53 -2.296 4.4204 0.0 
309000 701 766.249 -8323.525 -2.314 4.4408 0.0 
310000 702 770.924 -8332.504 -2.382 4.4818 0.0 
311000 704 764.915 -8329.151 -2.41 4.4237 0.0 
312000 705 759.477 -8329.318 -2.143 4.3809 0.0 
313000 706 764.287 -8335.744 -2.157 4.3929 0.0 
314000 708 763.301 -8341.003 -2.304 4.387 0.0 
315000 709 751.895 -8349.896 -2.246 4.3153 0.0 
316000 710 756.858 -8359.351 -2.39 4.3401 0.0 
317000 711 761.72 -8369.237 -2.512 4.374 0.0 
318000 712 766.486 -8378.563 -2.652 4.4155 0.0 
319000 714 774.913 -8385.627 -2.929 4.4932 0.0 
320000 715 776.635 -8393.022 -3.024 4.5051 0.0 
321000 716 781.102 -8405.483 -3.226 4.5175 0.0 
322000 717 771.06 -8415.481 -3.184 4.4517 0.0 
323000 718 775.639 -8412.481 -3.227 4.4725 0.0 
324000 721 764.15 -8417.103 -3.142 4.3763 0.0 
325000 724 731.01 -8411.562 -2.763 4.1683 0.0 
326000 726 725.642 -8415.356 -2.681 4.1494 0.0 
327000 728 722.727 -8418.507 -2.695 4.1404 0.0 
328000 731 697.917 -8415.92 -2.521 3.9795 0.0 
329000 732 699.799 -8414.86 -2.489 3.9857 0.0 
330000 734 694.687 -8408.287 -2.311 3.9538 0.0 
331000 735 689.313 -8419.971 -2.289 3.9157 0.0 
332000 736 695.527 -8431.134 -2.422 3.9307 0.0 
333000 737 698.597 -8435.896 -2.464 3.9398 0.0 
334000 739 699.852 -8433.815 -2.541 3.9223 0.0 
335000 742 680.041 -8433.967 -2.198 3.7999 0.0 
336000 743 682.3 -8434.741 -2.364 3.8208 0.0 
337000 745 683.575 -8422.373 -2.011 3.8429 0.0 
338000 747 675.126 -8424.669 -1.999 3.8048 0.0 
339000 748 681.624 -8420.501 -1.888 3.8394 0.0 
340000 749 686.231 -8426.444 -1.961 3.8851 0.0 
341000 750 686.067 -8414.979 -1.814 3.8834 0.0 
342000 752 689.367 -8411.624 -1.471 3.8997 0.0 
343000 753 695.579 -8419.496 -1.599 3.9433 0.0 
344000 754 701.668 -8426.09 -1.698 3.9671 0.0 
345000 755 691.154 -8426.597 -1.58 3.9019 0.0 
346000 756 697.331 -8434.641 -1.709 3.9278 0.0 
347000 759 690.112 -8422.629 -1.544 3.9147 0.0 
348000 760 688.71 -8427.64 -1.504 3.9085 0.0 
349000 762 685.804 -8422.031 -1.409 3.896 0.0 
350000 763 692.087 -8426.117 -1.51 3.9332 0.0 
351000 766 676.435 -8423.551 -1.26 3.8369 0.0 
352000 767 682.906 -8431.059 -1.389 3.8661 0.0 
353000 768 686.288 -8424.915 -1.41 3.8978 0.0 
354000 770 666.903 -8429.72 -1.208 3.7766 0.0 
355000 772 671.954 -8431.328 -1.333 3.8445 0.0 
356000 774 665.057 -8427.492 -1.172 3.7907 0.0 
357000 775 656.336 -8433.896 -1.132 3.7345 0.0 
358000 777 662.625 -8430.195 -1.059 3.7579 0.0 
359000 778 669.373 -8430.746 -1.209 3.8297 0.0 
360000 780 664.742 -8416.444 -0.988 3.815 0.0 
361000 781 665.787 -8423.436 -0.924 3.8163 0.0 
362000 783 661.962 -8425.614 -1.057 3.7957 0.0 
363000 785 653.311 -8415.749 -0.875 3.7474 0.0 
364000 787 640.92 -8417.164 -0.57 3.6627 0.0 
365000 788 648.101 -8419.721 -0.675 3.7209 0.0 
366000 789 650.819 -8428.499 -0.658 3.7589 0.0 
367000 790 657.803 -8431.293 -0.832 3.8137 0.0 
368000 791 664.647 -8438.845 -0.889 3.8489 0.0 
369000 792 671.354 -8440.048 -1.012 3.8926 0.0 
370000 794 680.428 -8422.732 -0.74 3.9731 0.0 
371000 796 673.413 -8407.874 -0.557 3.9261 0.0 
372000 797 679.945 -8421.28 -0.683 3.9542 0.0 
373000 799 675.872 -8420.497 -0.547 3.9297 0.0 
374000 800 682.355 -8424.655 -0.614 3.9933 0.0 
375000 801 688.708 -8428.852 -0.677 4.038 0.0 
376000 802 682.573 -8423.608 -0.58 3.9922 0.0 
377000 803 688.922 -8430.534 -0.688 4.0085 0.0 
378000 804 690.563 -8426.796 -0.669 4.0081 0.0 
379000 806 697.917 -8419.104 -0.566 4.0209 0.0 
380000 807 695.559 -8419.901 -0.363 4.0013 0.0 
381000 808 701.648 -8427.954 -0.518 4.0437 0.0 
382000 810 696.362 -8422.834 -0.592 4.0339 0.0 
383000 811 699.555 -8422.565 -0.425 4.0405 0.0 
384000 813 689.365 -8416.187 -0.327 3.9806 0.0 
385000 814 695.577 -8418.86 -0.342 4.0152 0.0 
386000 815 701.666 -8415.312 -0.322 4.071 0.0 
387000 816 704.773 -8403.998 -0.213 4.0956 0.0 
388000 818 709.402 -8401.38 -0.103 4.1374 0.0 
389000 819 715.214 -8395.987 -0.065 4.1897 0.0 
390000 820 720.91 -8386.472 0.148 4.2595 0.0 
391000 821 726.491 -8391.24 0.1 4.3115 0.0 
392000 822 731.962 -8396.648 -0.02 4.3263 0.0 
393000 823 733.882 -8399.38 0.028 4.3376 0.0 
394000 824 738.065 -8402.009 -0.065 4.3495 0.0 
395000 825 740.463 -8411.674 -0.138 4.3614 0.0 
396000 826 745.654 -8414.833 -0.286 4.4188 0.0 
397000 827 750.741 -8413.14 -0.291 4.4517 0.0 
398000 828 750.626 -8417.694 -0.412 4.4286 0.0 
399000 830 749.781 -8411.828 -0.126 4.4107 0.0 
400000 831 754.785 -8403.678 -0.181 4.4466 0.0 
401000 832 756.19 -8405.833 -0.138 4.4537 0.0 
402000 833 758.446 -8400.744 -0.026 4.4877 0.0 
403000 834 763.277 -8398.443 -0.096 4.516 0.0 
404000 835 764.292 -8402.053 0.129 4.5127 0.0 
405000 836 769.006 -8407.387 -0.009 4.5539 0.0 
406000 837 773.626 -8410.014 -0.047 4.5871 0.0 
407000 838 778.153 -8396.508 -0.07 4.63 0.0 
408000 840 776.998 -8377.981 0.339 4.5952 0.0 
409000 841 775.118 -8379.369 0.426 4.5754 0.0 
410000 843 773.624 -8364.309 0.61 4.54 0.0 
411000 844 765.591 -8358.417 0.845 4.4824 0.0 
412000 846 764.939 -8334.399 1.118 4.4684 0.0 
413000 848 755.642 -8310.335 1.547 4.4053 0.0 
414000 850 747.653 -8302.583 1.826 4.3618 0.0 
415000 851 746.46 -8286.618 1.971 4.3599 0.0 
416000 853 739.435 -8265.697 2.309 4.318 0.0 
417000 854 740.567 -8252.445 2.426 4.3286 0.0 
418000 856 733.731 -8239.313 2.742 4.2878 0.0 
419000 858 730.051 -8231.13 2.862 4.2679 0.0 
420000 859 735.45 -8222.789 2.989 4.3124 0.0 
421000 860 731.241 -8203.286 3.116 4.289 0.0 
422000 862 727.762 -8187.04 3.38 4.2649 0.0 
423000 864 717.228 -8158.824 3.719 4.2119 0.0 
424000 866 706.285 -8146.338 3.944 4.1421 0.0 
425000 867 710.219 -8134.779 3.943 4.1474 0.0 
426000 870 694.45 -8099.846 4.468 4.0314 0.0 
427000 872 688.512 -8081.918 4.702 3.9875 0.0 
428000 873 694.742 -8072.702 4.817 4.0044 0.0 
429000 874 700.847 -8070.836 4.892 4.0198 0.0 
430000 878 667.133 -8045.8 4.981 3.8057 0.0 
431000 882 634.795 -8014.099 5.186 3.5995 0.0 
432000 883 639.879 -7998.837 5.206 3.6175 0.0 
433000 884 641.381 -7989.005 5.375 3.6268 0.0 
434000 886 642.983 -7971.665 5.585 3.6304 0.0 
435000 888 637.028 -7949.23 5.749 3.5968 0.0 
436000 890 632.647 -7929.973 6.004 3.5691 0.0 
437000 891 639.994 -7926.814 5.938 3.611 0.0 
438000 892 647.194 -7917.013 5.956 3.6536 0.0 
439000 893 648.93 -7900.267 6.076 3.6651 0.0 
440000 894 655.952 -7892.578 6.157 3.6968 0.0 
441000 895 654.733 -7887.344 6.179 3.6888 0.0 
442000 897 654.872 -7871.93 6.254 3.6904 0.0 
443000 899 653.734 -7857.617 6.359 3.6978 0.0 
444000 902 634.342 -7803.374 6.849 3.5684 0.0 
445000 903 635.196 -7795.244 6.882 3.5658 0.0 
446000 905 630.209 -7769.838 7.125 3.531 0.0 
447000 908 617.575 -7731.906 7.459 3.4533 0.0 
448000 910 611.861 -7698.037 7.775 3.4198 0.0 
449000 912 612.598 -7682.597 8.001 3.4408 0.0 
450000 913 614.626 -7671.746 7.866 3.4413 0.0 
451000 915 614.096 -7653.573 8.0 3.4469 0.0 
452000 916 621.814 -7646.819 8.0 3.503 0.0 
453000 918 612.446 -7614.641 8.231 3.4482 0.0 
454000 920 607.86 -7591.058 8.286 3.4248 0.0 
455000 922 601.525 -7562.623 8.516 3.3927 0.0 
456000 924 597.593 -7541.115 8.579 3.3615 0.0 
457000 925 605.641 -7530.644 8.635 3.4141 0.0 
458000 928 594.695 -7495.856 8.912 3.348 0.0 
459000 929 602.801 -7482.597 8.977 3.3932 0.0 
460000 931 596.056 -7457.612 9.094 3.3534 0.0 
461000 935 572.681 -7409.571 9.335 3.2125 0.0 
462000 937 563.148 -7382.805 9.509 3.1555 0.0 
463000 939 562.707 -7354.525 9.671 3.1576 0.0 
464000 941 562.551 -7328.737 9.814 3.1452 0.0 
465000 944 552.756 -7299.976 10.021 3.0703 0.0 
466000 946 549.303 -7267.433 10.084 3.0396 0.0 
467000 947 558.317 -7258.155 10.153 3.1015 0.0 
468000 949 551.078 -7232.286 10.06 3.0669 0.0 
469000 951 548.952 -7204.448 10.202 3.0491 0.0 
470000 955 531.441 -7167.275 10.296 2.9504 0.0 
471000 956 527.612 -7143.594 10.415 2.9283 0.0 
472000 959 523.724 -7113.08 10.43 2.9003 0.0 
473000 962 508.854 -7094.591 10.211 2.8031 0.0 
474000 963 518.677 -7086.491 10.17 2.8487 0.0 
475000 965 525.317 -7073.168 10.197 2.8927 0.0 
476000 966 527.751 -7047.068 10.296 2.9183 0.0 
477000 967 537.196 -7038.292 10.301 2.9827 0.0 
478000 969 542.859 -7016.741 10.37 3.0212 0.0 
479000 970 552.002 -7004.597 10.446 3.0893 0.0 
480000 971 560.662 -6986.763 10.532 3.1281 0.0 
481000 973 551.313 -6969.063 10.331 3.0602 0.0 
482000 977 535.655 -6930.091 10.524 2.9432 0.0 
483000 979 530.321 -6890.596 10.714 2.8981 0.0 
484000 982 520.978 -6845.276 11.038 2.8456 0.0 
485000 984 515.566 -6806.638 11.251 2.8029 0.0 
486000 986 518.496 -6785.235 11.349 2.8211 0.0 
487000 987 516.166 -6766.362 11.437 2.8018 0.0 
488000 988 525.843 -6759.846 11.392 2.8645 0.0 
489000 990 537.989 -6741.614 11.407 2.9161 0.0 
490000 992 534.975 -6706.781 11.454 2.8886 0.0 
491000 993 532.476 -6692.432 11.49 2.8706 0.0 
492000 994 541.826 -6679.861 11.523 2.9198 0.0 
493000 997 541.783 -6643.024 11.676 2.9073 0.0 
494000 1000 532.722 -6607.914 11.821 2.8544 0.0 
495000 1001 542.068 -6593.924 11.866 2.9136 0.0 
496000 1003 539.364 -6570.65 11.874 2.9011 0.0 
497000 1005 533.236 -6526.576 12.03 2.8657 0.0 
498000 1006 529.591 -6510.321 12.045 2.8458 0.0 
499000 1009 534.178 -6473.962 12.344 2.842 0.0 
500000 1011 531.123 -6428.611 12.473 2.8293 0.0 
501000 1014 515.447 -6378.67 12.706 2.7318 0.0 
502000 1017 501.024 -6342.958 12.742 2.6461 0.0 
503000 1019 507.683 -6321.466 12.72 2.6709 0.0 
504000 1022 498.804 -6282.328 12.669 2.6126 0.0 
505000 1023 508.828 -6275.665 12.678 2.6775 0.0 
506000 1026 501.123 -6229.629 12.843 2.6388 0.0 
507000 1029 488.555 -6186.853 12.862 2.5719 0.0 
508000 1031 488.618 -6157.851 12.874 2.573 0.0 
509000 1033 483.369 -6127.27 13.036 2.5474 0.0 
510000 1037 470.81 -6071.508 13.031 2.4713 0.0 
511000 1039 473.912 -6051.497 13.098 2.48 0.0 
512000 1041 469.338 -6011.737 13.236 2.4563 0.0 
513000 1043 478.012 -5997.944 13.161 2.5024 0.0 
514000 1044 470.712 -5976.801 13.061 2.4616 0.0 
515000 1047 474.916 -5936.482 13.037 2.4748 0.0 
516000 1048 485.418 -5928.668 13.054 2.544 0.0 
517000 1049 482.09 -5908.234 13.099 2.5213 0.0 
518000 1051 495.659 -5883.352 13.131 2.5811 0.0 
519000 1054 488.283 -5835.966 13.319 2.5374 0.0 
520000 1056 479.756 -5802.656 13.411 2.4913 0.0 
521000 1060 472.647 -5766.133 13.288 2.4533 0.0 
522000 1061 470.994 -5737.716 13.281 2.4417 0.0 
523000 1063 481.543 -5714.95 13.329 2.4929 0.0 
524000 1065 484.946 -5693.84 13.428 2.5183 0.0 
525000 1066 495.247 -5679.15 13.456 2.5975 0.0 
526000 1068 492.213 -5636.577 13.609 2.5851 0.0 
527000 1071 479.396 -5585.071 13.686 2.5149 0.0 
528000 1074 476.538 -5547.759 13.773 2.5006 0.0 
529000 1076 472.711 -5503.481 13.843 2.4814 0.0 
530000 1080 459.539 -5452.302 14.083 2.4075 0.0 
531000 1082 457.627 -5409.577 14.173 2.4002 0.0 
532000 1084 450.557 -5381.346 14.163 2.3617 0.0 
533000 1085 461.546 -5367.594 14.121 2.4315 0.0 
534000 1086 472.315 -5356.883 14.104 2.4787 0.0 
535000 1088 481.091 -5326.443 14.105 2.5202 0.0 
536000 1089 488.129 -5311.916 14.106 2.554 0.0 
537000 1090 495.567 -5306.805 14.126 2.597 0.0 
538000 1092 505.522 -5284.235 13.93 2.666 0.0 
539000 1095 496.848 -5241.175 14.158 2.6055 0.0 
540000 1099 475.871 -5200.021 13.735 2.4777 0.0 
541000 1103 459.076 -5221.345 12.415 2.3716 0.0 
542000 1106 448.941 -5149.179 12.731 2.3045 0.0 
543000 1110 434.346 -5087.572 12.969 2.2142 0.0 
544000 1115 413.973 -5048.554 12.667 2.0924 0.0 
545000 1119 399.701 -5026.145 12.001 2.0058 0.0 
546000 1122 393.149 -4975.857 12.183 1.9715 0.0 
547000 1124 393.691 -4943.486 12.307 1.969 0.0 
548000 1126 393.946 -4910.945 12.542 1.9646 0.0 
549000 1128 407.586 -4886.58 12.578 2.0281 0.0 
550000 1130 413.426 -4874.091 12.421 2.0695 0.0 
551000 1131 411.157 -4853.709 12.494 2.0542 0.0 
552000 1134 419.525 -4845.763 11.903 2.0901 0.0 
553000 1137 411.973 -4812.246 11.74 2.0433 0.0 
554000 1138 409.194 -4797.868 11.868 2.0267 0.0 
555000 1139 421.01 -4787.185 11.888 2.0797 0.0 
556000 1141 428.638 -4763.121 11.929 2.1242 0.0 
557000 1145 427.239 -4722.699 11.876 2.1248 0.0 
558000 1146 423.554 -4711.418 11.946 2.1034 0.0 
559000 1147 435.083 -4708.531 11.576 2.1643 0.0 
560000 1149 443.654 -4674.437 11.699 2.2165 0.0 
561000 1150 454.781 -4660.436 11.753 2.291 0.0 
562000 1152 466.151 -4651.821 11.718 2.3705 0.0 
563000 1153 476.828 -4639.136 11.789 2.4368 0.0 
564000 1154 487.292 -4623.939 11.802 2.4886 0.0 
565000 1155 487.046 -4601.438 11.789 2.4871 0.0 
566000 1157 494.579 -4608.05 11.886 2.5367 0.0 
567000 1159 492.615 -4593.063 11.115 2.5212 0.0 
568000 1163 479.027 -4571.379 10.801 2.4539 0.0 
569000 1165 479.03 -4540.103 10.957 2.4578 0.0 
570000 1167 479.805 -4504.641 11.129 2.4662 0.0 
571000 1168 490.209 -4493.503 11.25 2.5243 0.0 
572000 1169 489.644 -4473.84 11.245 2.5273 0.0 
573000 1172 491.957 -4448.698 11.288 2.5449 0.0 
574000 1173 502.118 -4439.492 11.332 2.5902 0.0 
575000 1175 494.628 -4393.237 11.514 2.543 0.0 
576000 1177 500.521 -4371.259 11.554 2.5732 0.0 
577000 1179 499.797 -4342.344 11.652 2.5589 0.0 
578000 1183 482.88 -4322.916 11.272 2.4566 0.0 
579000 1184 480.543 -4290.788 11.383 2.4419 0.0 
580000 1185 490.932 -4277.862 11.461 2.4915 0.0 
581000 1188 489.985 -4231.379 11.695 2.4827 0.0 
582000 1189 500.185 -4217.377 11.787 2.5539 0.0 
583000 1192 487.584 -4168.695 11.974 2.4804 0.0 
584000 1195 480.961 -4127.575 12.174 2.4403 0.0 
585000 1198 475.633 -4096.828 12.208 2.4025 0.0 
586000 1201 467.2 -4051.023 12.341 2.358 0.0 
587000 1203 465.928 -4018.21 12.415 2.3595 0.0 
588000 1206 459.824 -3980.64 12.546 2.318 0.0 
589000 1208 461.209 -3947.812 12.606 2.3199 0.0 
590000 1210 460.913 -3917.841 12.636 2.3107 0.0 
591000 1212 458.769 -3892.572 12.642 2.2979 0.0 
592000 1215 453.165 -3841.992 12.809 2.2608 0.0 
593000 1217 458.364 -3819.245 12.918 2.2884 0.0 
594000 1218 469.197 -3805.279 12.908 2.3663 0.0 
595000 1219 479.433 -3787.674 12.941 2.4248 0.0 
596000 1221 469.965 -3765.93 12.852 2.3702 0.0 
597000 1223 477.214 -3735.324 12.905 2.4035 0.0 
598000 1226 474.487 -3706.192 12.97 2.3854 0.0 
599000 1229 465.919 -3662.762 13.086 2.3365 0.0 
600000 1232 459.076 -3616.777 13.203 2.2957 0.0 
601000 1234 457.648 -3578.545 13.253 2.2882 0.0 
602000 1237 452.754 -3541.063 13.395 2.2566 0.0 
603000 1239 448.952 -3526.513 12.922 2.2445 0.0 
604000 1241 453.486 -3507.317 12.848 2.2895 0.0 
605000 1242 459.556 -3500.508 12.692 2.3475 0.0 
606000 1243 467.185 -3493.279 12.617 2.4189 0.0 
607000 1244 477.841 -3487.771 12.407 2.5341 0.0 
608000 1245 481.925 -3485.629 12.443 2.559 0.0 
609000 1246 492.286 -3480.737 12.14 2.6474 0.0 
610000 1247 502.44 -3477.594 12.043 2.7203 0.0 
611000 1248 512.392 -3478.194 11.821 2.8101 0.0 
612000 1250 528.321 -3459.693 11.658 2.9131 0.0 
613000 1251 537.754 -3443.617 11.663 2.9709 0.0 
614000 1252 538.859 -3422.405 11.753 2.9706 0.0 
615000 1254 541.411 -3390.913 11.919 2.9838 0.0 
616000 1257 531.877 -3349.936 12.145 2.9263 0.0 
617000 1258 533.859 -3329.993 12.215 2.931 0.0 
618000 1261 530.096 -3295.051 12.258 2.8972 0.0 
619000 1263 527.645 -3268.385 12.286 2.8777 0.0 
620000 1265 528.372 -3247.762 12.36 2.8748 0.0 
621000 1267 522.154 -3211.636 12.333 2.8295 0.0 
622000 1270 516.501 -3180.751 12.365 2.7815 0.0 
623000 1271 522.411 -3166.007 12.363 2.8158 0.0 
624000 1272 524.923 -3154.91 12.298 2.8384 0.0 
625000 1274 531.176 -3131.054 12.314 2.8987 0.0 
626000 1275 540.552 -3134.013 11.962 2.9787 0.0 
627000 1276 549.741 -3135.083 11.744 3.0351 0.0 
628000 1278 543.852 -3108.202 11.838 2.9901 0.0 
629000 1280 544.849 -3079.852 11.83 2.9872 0.0 
630000 1282 545.482 -3058.253 11.858 2.9902 0.0 
631000 1284 541.514 -3034.99 11.842 2.961 0.0 
632000 1285 550.683 -3032.527 11.556 3.0456 0.0 
633000 1286 559.67 -3031.21 11.386 3.1188 0.0 
634000 1288 551.33 -3005.465 11.547 3.0573 0.0 
635000 1289 560.304 -3006.133 11.336 3.1429 0.0 
636000 1291 564.076 -2988.649 11.124 3.177 0.0 
637000 1292 562.014 -2973.201 11.22 3.1665 0.0 
638000 1294 569.878 -2951.842 11.247 3.2116 0.0 
639000 1296 561.764 -2918.415 11.465 3.1522 0.0 
640000 1299 556.349 -2882.787 11.493 3.1093 0.0 
641000 1301 551.164 -2855.711 11.559 3.0686 0.0 
642000 1303 548.145 -2830.917 11.515 3.0427 0.0 
643000 1304 557.182 -2820.533 11.514 3.0739 0.0 
644000 1308 539.338 -2776.087 11.749 2.9653 0.0 
645000 1310 535.573 -2740.815 11.807 2.9497 0.0 
646000 1312 533.811 -2716.607 11.794 2.9487 0.0 
647000 1313 537.895 -2708.459 11.748 2.9778 0.0 
648000 1315 536.151 -2678.472 11.694 2.9709 0.0 
649000 1316 543.288 -2673.136 11.792 3.0021 0.0 
650000 1319 540.742 -2645.344 11.742 2.9984 0.0 
651000 1320 549.928 -2630.151 11.804 3.038 0.0 
652000 1321 555.109 -2610.874 11.752 3.0755 0.0 
653000 1323 552.432 -2586.716 11.67 3.068 0.0 
654000 1325 545.746 -2567.33 11.782 3.0222 0.0 
655000 1327 550.895 -2560.452 11.439 3.0494 0.0 
656000 1328 559.877 -2547.104 11.479 3.0825 0.0 
657000 1329 568.679 -2544.736 11.29 3.173 0.0 
658000 1330 577.306 -2536.051 11.291 3.2136 0.0 
659000 1331 585.76 -2525.127 11.171 3.2622 0.0 
660000 1332 587.045 -2506.506 11.276 3.2692 0.0 
661000 1333 590.344 -2488.64 11.312 3.2818 0.0 
662000 1335 595.226 -2460.114 11.521 3.3181 0.0 
663000 1338 578.012 -2419.88 11.646 3.202 0.0 
664000 1341 570.588 -2391.781 11.735 3.1422 0.0 
665000 1342 565.877 -2361.829 11.818 3.1108 0.0 
666000 1343 574.559 -2355.246 11.855 3.1513 0.0 
667000 1346 569.575 -2318.554 11.764 3.119 0.0 
668000 1347 563.803 -2302.666 11.847 3.0857 0.0 
669000 1349 568.736 -2274.812 11.891 3.1198 0.0 
670000 1350 577.362 -2266.715 11.943 3.1747 0.0 
671000 1352 579.538 -2246.633 11.851 3.2252 0.0 
672000 1353 587.947 -2239.373 11.662 3.2976 0.0 
673000 1355 576.455 -2209.415 11.838 3.2261 0.0 
674000 1358 571.231 -2172.612 11.939 3.1794 0.0 
675000 1362 548.332 -2111.338 12.275 3.0277 0.0 
676000 1363 557.366 -2108.147 12.093 3.0938 0.0 
677000 1365 554.287 -2079.759 12.115 3.0597 0.0 
678000 1368 541.625 -2037.372 12.233 2.9714 0.0 
679000 1372 520.363 -1988.289 12.342 2.8315 0.0 
680000 1374 509.677 -1940.207 12.532 2.7625 0.0 
681000 1377 505.286 -1897.588 12.647 2.7275 0.0 
682000 1381 486.12 -1838.213 12.893 2.6151 0.0 
683000 1383 484.634 -1817.198 12.736 2.6046 0.0 
684000 1386 474.831 -1775.687 12.875 2.5417 0.0 
685000 1388 479.188 -1759.014 12.735 2.5479 0.0 
686000 1391 463.599 -1703.465 12.94 2.4513 0.0 
687000 1395 455.658 -1662.615 13.049 2.3998 0.0 
688000 1398 445.092 -1603.109 13.198 2.3288 0.0 
689000 1400 446.349 -1573.067 13.273 2.3252 0.0 
690000 1403 433.912 -1540.477 13.128 2.2474 0.0 
691000 1406 436.222 -1510.34 13.066 2.2471 0.0 
692000 1408 432.928 -1483.186 12.961 2.2214 0.0 
693000 1409 436.789 -1473.039 12.961 2.2418 0.0 
694000 1411 438.811 -1452.875 12.778 2.2579 0.0 
695000 1413 444.014 -1433.902 12.611 2.2862 0.0 
696000 1414 455.134 -1424.689 12.621 2.3383 0.0 
697000 1415 466.032 -1410.726 12.581 2.4062 0.0 
698000 1416 476.711 -1395.448 12.606 2.4694 0.0 
699000 1420 468.378 -1336.59 12.83 2.4317 0.0 
700000 1425 445.315 -1270.245 13.086 2.3061 0.0 
701000 1426 444.929 -1251.851 13.168 2.3054 0.0 
702000 1427 456.03 -1247.435 12.776 2.3811 0.0 
703000 1431 444.016 -1204.586 12.62 2.3069 0.0 
704000 1433 448.601 -1175.018 12.662 2.3253 0.0 
705000 1436 433.479 -1146.988 12.561 2.2356 0.0 
706000 1439 434.929 -1114.389 12.382 2.2703 0.0 
707000 1441 431.116 -1084.47 12.476 2.2476 0.0 
708000 1445 426.626 -1032.792 12.669 2.2337 0.0 
709000 1448 419.978 -978.278 12.891 2.194 0.0 
710000 1449 431.578 -977.118 12.74 2.2458 0.0 
711000 1450 430.466 -962.779 12.692 2.2369 0.0 
712000 1453 433.409 -935.209 12.533 2.2393 0.0 
713000 1454 431.861 -922.495 12.51 2.2284 0.0 
714000 1455 443.223 -915.824 12.459 2.2935 0.0 
715000 1457 450.292 -888.431 12.337 2.3406 0.0 
716000 1460 452.082 -845.706 12.535 2.359 0.0 
717000 1461 463.041 -843.714 12.247 2.4232 0.0 
718000 1463 456.807 -820.576 12.374 2.3898 0.0 
719000 1464 467.671 -816.232 12.287 2.488 0.0 
720000 1465 478.318 -813.446 11.946 2.5845 0.0 
721000 1467 485.916 -780.507 11.992 2.6358 0.0 
722000 1468 496.198 -774.738 12.008 2.7243 0.0 
723000 1469 506.274 -775.955 11.782 2.8057 0.0 
724000 1470 516.149 -777.088 11.529 2.8949 0.0 
725000 1473 507.284 -732.404 11.664 2.8241 0.0 
726000 1476 493.632 -702.881 11.634 2.7309 0.0 
727000 1477 503.759 -695.828 11.395 2.8057 0.0 
728000 1478 502.584 -688.208 11.492 2.7995 0.0 
729000 1480 515.482 -663.836 11.467 2.8777 0.0 
730000 1481 525.172 -661.579 11.208 2.9399 0.0 
731000 1483 520.337 -645.03 11.352 2.8978 0.0 
732000 1484 529.93 -636.931 11.121 2.9647 0.0 
733000 1486 534.251 -614.246 11.136 2.9768 0.0 
734000 1487 543.566 -614.604 10.874 3.015 0.0 
735000 1489 542.168 -601.88 10.673 3.0056 0.0 
736000 1490 537.825 -593.936 10.822 2.9747 0.0 
737000 1493 537.816 -550.185 10.776 2.9508 0.0 
738000 1495 539.266 -522.584 11.039 2.9382 0.0 
739000 1496 548.481 -527.833 10.748 2.9846 0.0 
740000 1500 525.373 -470.22 11.042 2.8367 0.0 
741000 1501 534.866 -476.705 10.754 2.8838 0.0 
742000 1503 528.648 -447.979 10.725 2.8398 0.0 
743000 1505 521.848 -422.66 10.907 2.7918 0.0 
744000 1507 525.663 -394.32 10.812 2.8008 0.0 
745000 1508 524.13 -382.678 10.952 2.79 0.0 
746000 1511 525.807 -345.704 11.002 2.7893 0.0 
747000 1513 527.941 -327.767 11.06 2.8082 0.0 
748000 1514 531.842 -298.35 11.196 2.8366 0.0 
749000 1517 525.5 -261.325 11.438 2.7993 0.0 
750000 1518 534.99 -266.098 11.196 2.8447 0.0 
751000 1519 538.53 -238.899 11.314 2.8617 0.0 
752000 1521 543.444 -227.445 11.401 2.8751 0.0 
753000 1522 552.575 -227.853 11.129 2.9142 0.0 
754000 1523 561.524 -230.509 10.865 2.9592 0.0 
755000 1526 546.336 -176.886 11.165 2.863 0.0 
756000 1527 540.009 -170.634 11.124 2.8257 0.0 
757000 1531 533.785 -125.15 11.181 2.7833 0.0 
758000 1532 540.669 -99.216 11.3 2.8084 0.0 
759000 1535 527.901 -56.916 11.479 2.7275 0.0 
760000 1538 513.411 -15.658 11.492 2.6412 0.0 
761000 1540 505.921 6.223 11.671 2.5944 0.0 
762000 1542 513.327 29.047 11.497 2.6395 0.0 
763000 1544 507.322 60.384 11.701 2.6004 0.0 
764000 1545 509.335 63.215 11.713 2.6072 0.0 
765000 1548 509.124 99.091 11.672 2.6312 0.0 
766000 1550 509.188 122.942 11.588 2.6495 0.0 
767000 1552 511.654 154.457 11.653 2.6684 0.0 
768000 1554 503.485 182.135 11.84 2.6252 0.0 
769000 1557 504.885 209.914 11.873 2.6399 0.0 
770000 1558 514.507 219.206 11.805 2.6973 0.0 
771000 1559 510.877 242.243 11.828 2.6796 0.0 
772000 1560 520.66 247.878 11.814 2.7499 0.0 
773000 1562 534.082 263.532 11.768 2.8224 0.0 
774000 1565 521.429 315.085 12.021 2.7423 0.0 
775000 1566 528.061 326.884 11.864 2.8002 0.0 
776000 1569 516.472 374.994 12.15 2.7394 0.0 
777000 1571 516.278 399.657 12.115 2.7461 0.0 
778000 1574 503.768 453.63 12.404 2.6748 0.0 
779000 1577 491.404 497.11 12.56 2.6042 0.0 
780000 1581 474.265 549.748 12.565 2.5094 0.0 
781000 1582 484.779 564.436 12.669 2.5629 0.0 
782000 1586 471.491 610.959 12.719 2.4906 0.0 
783000 1587 482.061 620.305 12.7 2.5446 0.0 
784000 1588 492.42 623.291 12.538 2.6339 0.0 
785000 1591 481.678 679.136 12.718 2.5755 0.0 
786000 1592 483.425 695.618 12.667 2.585 0.0 
787000 1593 493.756 707.122 12.728 2.659 0.0 
788000 1595 498.756 741.842 12.796 2.6905 0.0 
789000 1597 496.303 769.724 13.027 2.6725 0.0 
790000 1598 502.097 766.096 12.848 2.7091 0.0 
791000 1600 502.627 797.565 12.707 2.7114 0.0 
792000 1601 512.575 803.51 12.775 2.7544 0.0 
793000 1602 522.323 813.465 12.49 2.8617 0.0 
794000 1604 524.912 840.161 12.649 2.8799 0.0 
795000 1605 523.774 851.333 12.596 2.8766 0.0 
796000 1607 537.972 880.351 12.608 3.0018 0.0 
797000 1609 536.304 909.615 12.706 2.9975 0.0 
798000 1612 528.1 939.76 12.789 2.9391 0.0 
799000 1614 522.114 977.777 12.841 2.8942 0.0 
800000 1615 531.672 989.642 12.792 2.9469 0.0 
801000 1616 541.038 989.025 12.543 3.0248 0.0 
802000 1617 550.217 990.409 12.324 3.094 0.0 
803000 1618 559.213 1000.973 12.294 3.1565 0.0 
804000 1619 568.029 1005.506 12.115 3.2384 0.0 
805000 1620 566.528 1007.922 12.121 3.2211 0.0 
806000 1622 571.594 1031.068 11.973 3.2557 0.0 
807000 1623 580.162 1037.191 11.818 3.3125 0.0 
808000 1624 588.559 1047.123 11.787 3.3643 0.0 
809000 1625 596.787 1051.613 11.575 3.4181 0.0 
810000 1627 598.995 1067.189 11.642 3.4178 0.0 
811000 1628 595.095 1097.314 11.752 3.3927 0.0 
812000 1630 599.849 1115.897 11.79 3.4233 0.0 
813000 1632 587.376 1134.083 11.693 3.345 0.0 
814000 1634 590.641 1149.99 11.561 3.3651 0.0 
815000 1635 598.828 1158.353 11.464 3.4258 0.0 
816000 1636 597.372 1167.486 11.326 3.4053 0.0 
817000 1638 599.251 1182.522 11.254 3.3915 0.0 
818000 1640 602.79 1193.79 11.085 3.3887 0.0 
819000 1641 610.294 1190.899 10.728 3.4105 0.0 
820000 1643 606.65 1221.237 10.922 3.3748 0.0 
821000 1645 602.57 1240.459 10.825 3.3333 0.0 
822000 1646 598.358 1243.411 10.787 3.303 0.0 
823000 1648 607.443 1262.702 10.734 3.371 0.0 
824000 1649 609.594 1271.355 10.644 3.382 0.0 
825000 1653 583.259 1325.796 10.824 3.2154 0.0 
826000 1656 572.775 1350.432 10.914 3.1342 0.0 
827000 1659 558.282 1392.274 11.061 3.0329 0.0 
828000 1661 544.226 1422.345 11.084 2.947 0.0 
829000 1662 550.701 1426.836 11.003 2.9789 0.0 
830000 1665 550.55 1458.216 10.922 2.9989 0.0 
831000 1668 536.73 1506.085 11.159 2.9107 0.0 
832000 1669 545.996 1503.596 10.9 2.9848 0.0 
833000 1670 550.076 1505.13 10.692 3.0135 0.0 
834000 1671 559.074 1512.419 10.597 3.078 0.0 
835000 1672 560.853 1517.62 10.553 3.0773 0.0 
836000 1673 568.256 1520.813 10.493 3.1069 0.0 
837000 1675 570.362 1538.674 10.423 3.1096 0.0 
838000 1676 578.955 1548.649 10.287 3.1854 0.0 
839000 1677 587.376 1554.029 10.202 3.2193 0.0 
840000 1678 589.628 1563.232 10.288 3.2388 0.0 
841000 1680 593.176 1586.44 10.223 3.2592 0.0 
842000 1681 597.313 1593.117 10.31 3.2718 0.0 
843000 1683 602.059 1607.771 10.028 3.2977 0.0 
844000 1684 602.418 1626.115 10.112 3.3055 0.0 
845000 1686 605.982 1645.717 10.17 3.3419 0.0 
846000 1688 600.415 1668.271 10.243 3.2993 0.0 
847000 1689 606.407 1675.091 10.107 3.3463 0.0 
848000 1691 601.705 1697.641 10.256 3.3129 0.0 
849000 1692 609.671 1707.635 10.233 3.3599 0.0 
850000 1693 617.478 1707.086 10.052 3.4463 0.0 
851000 1695 617.006 1727.588 10.056 3.4708 0.0 
852000 1697 606.376 1747.141 10.113 3.4053 0.0 
853000 1698 614.248 1751.413 9.715 3.4727 0.0 
854000 1700 613.168 1777.766 9.999 3.4711 0.0 
855000 1701 610.444 1780.214 10.039 3.4537 0.0 
856000 1702 617.936 1790.408 9.887 3.5032 0.0 
857000 1704 629.345 1799.019 9.75 3.5912 0.0 
858000 1705 636.758 1807.238 9.753 3.6332 0.0 
859000 1707 630.076 1829.306 9.607 3.5926 0.0 
860000 1708 636.855 1842.948 9.686 3.6222 0.0 
861000 1710 630.771 1862.337 9.756 3.5845 0.0 
862000 1711 638.155 1878.83 9.845 3.6266 0.0 
863000 1712 633.192 1890.797 9.924 3.5968 0.0 
864000 1713 640.528 1905.74 9.921 3.6437 0.0 
865000 1714 647.718 1919.085 10.027 3.6845 0.0 
866000 1717 643.715 1946.619 10.174 3.6344 0.0 
867000 1718 650.84 1958.437 10.181 3.6647 0.0 
868000 1722 620.148 2000.043 10.247 3.4659 0.0 
869000 1723 618.585 2019.653 10.302 3.447 0.0 
870000 1724 626.213 2030.288 10.279 3.4764 0.0 
871000 1727 617.566 2042.392 10.125 3.4241 0.0 
872000 1732 576.688 2082.683 9.988 3.1752 0.0 
873000 1737 540.873 2149.772 10.115 2.9556 0.0 
874000 1739 534.106 2181.729 10.242 2.908 0.0 
875000 1740 543.424 2186.007 10.152 2.9478 0.0 
876000 1742 546.444 2204.178 10.146 2.9585 0.0 
877000 1743 555.515 2210.344 10.142 3.0131 0.0 
878000 1745 549.769 2245.412 10.282 2.9762 0.0 
879000 1749 528.086 2292.182 10.479 2.8393 0.0 
880000 1752 519.642 2323.772 10.636 2.7771 0.0 
881000 1753 513.489 2349.616 10.635 2.7419 0.0 
882000 1755 518.015 2370.429 10.818 2.7673 0.0 
883000 1758 514.98 2406.297 10.748 2.7664 0.0 
884000 1760 513.718 2433.789 10.877 2.7531 0.0 
885000 1761 523.444 2454.899 11.001 2.7951 0.0 
886000 1762 525.995 2472.658 11.114 2.8008 0.0 
887000 1766 510.823 2471.27 10.286 2.7064 0.0 
888000 1768 512.505 2490.624 10.512 2.7092 0.0 
889000 1771 492.8 2543.439 10.567 2.5947 0.0 
890000 1772 502.944 2556.057 10.72 2.6321 0.0 
891000 1773 505.965 2569.933 10.789 2.6424 0.0 
892000 1776 508.257 2615.521 10.996 2.6527 0.0 
893000 1777 514.292 2631.303 11.103 2.6798 0.0 
894000 1779 521.867 2649.953 11.334 2.7046 0.0 
895000 1781 519.126 2691.312 11.639 2.6791 0.0 
896000 1784 505.674 2736.989 11.679 2.6012 0.0 
897000 1786 508.169 2746.745 11.595 2.6182 0.0 
898000 1787 518.006 2762.784 11.598 2.6693 0.0 
899000 1788 513.306 2788.596 11.68 2.6419 0.0 
900000 1792 506.886 2827.3 11.853 2.585 0.0 
901000 1795 496.129 2874.264 12.015 2.5186 0.0 
902000 1799 476.671 2910.383 11.758 2.4055 0.0 
903000 1802 467.043 2953.474 11.695 2.3489 0.0 
904000 1803 461.242 2966.901 11.815 2.3169 0.0 
905000 1805 467.617 2986.404 11.893 2.3543 0.0 
906000 1808 472.835 3015.482 11.859 2.3853 0.0 
907000 1811 464.577 3051.765 11.851 2.3363 0.0 
908000 1812 474.566 3073.471 11.934 2.3954 0.0 
909000 1813 485.075 3085.175 11.953 2.4499 0.0 
910000 1815 485.892 3116.064 12.166 2.4448 0.0 
911000 1816 496.174 3129.325 12.165 2.5235 0.0 
912000 1818 495.159 3155.436 12.115 2.5171 0.0 
913000 1820 483.981 3188.283 12.138 2.4531 0.0 
914000 1821 492.081 3199.116 12.19 2.5008 0.0 
915000 1822 500.839 3214.09 12.175 2.5702 0.0 
916000 1824 512.086 3242.316 12.272 2.6242 0.0 
917000 1825 521.844 3255.019 12.257 2.6694 0.0 
918000 1827 523.054 3284.759 12.444 2.6684 0.0 
919000 1830 512.398 3334.379 12.636 2.6007 0.0 
920000 1833 496.55 3382.141 12.8 2.5092 0.0 
921000 1834 506.619 3392.399 12.822 2.5447 0.0 
922000 1835 514.766 3403.439 12.781 2.6003 0.0 
923000 1837 521.421 3422.667 12.648 2.6315 0.0 
924000 1838 516.913 3441.482 12.686 2.6052 0.0 
925000 1841 520.241 3487.399 12.879 2.6428 0.0 
926000 1842 526.556 3496.953 12.914 2.6863 0.0 
927000 1843 532.685 3514.299 12.9 2.7334 0.0 
928000 1844 542.032 3525.749 12.883 2.776 0.0 
929000 1846 539.251 3551.3 12.902 2.7633 0.0 
930000 1848 541.012 3575.041 12.942 2.7731 0.0 
931000 1850 540.48 3610.528 12.965 2.7655 0.0 
932000 1851 548.95 3627.078 13.057 2.8171 0.0 
933000 1852 544.751 3642.307 13.11 2.7908 0.0 
934000 1855 551.25 3673.32 13.21 2.8106 0.0 
935000 1856 560.225 3680.624 13.105 2.8699 0.0 
936000 1858 554.593 3719.598 13.161 2.8404 0.0 
937000 1860 545.445 3747.497 13.158 2.7938 0.0 
938000 1861 545.456 3751.818 13.152 2.7989 0.0 
939000 1862 554.546 3755.656 12.922 2.8717 0.0 
940000 1865 552.414 3786.983 12.654 2.8786 0.0 
941000 1868 543.446 3828.981 12.745 2.8253 0.0 
942000 1870 542.992 3851.422 12.744 2.8159 0.0 
943000 1872 538.119 3877.355 12.678 2.7814 0.0 
944000 1874 542.215 3892.591 12.739 2.8015 0.0 
945000 1876 532.918 3929.575 12.848 2.7465 0.0 
946000 1877 532.96 3942.442 12.726 2.7534 0.0 
947000 1880 534.99 3982.725 12.759 2.7589 0.0 
948000 1881 537.23 4000.677 12.782 2.7681 0.0 
949000 1884 529.775 4045.727 12.944 2.7173 0.0 
950000 1887 515.882 4090.107 12.997 2.6354 0.0 
951000 1888 525.565 4106.572 13.056 2.6855 0.0 
952000 1890 527.108 4128.379 13.089 2.6901 0.0 
953000 1893 516.249 4176.198 13.277 2.6335 0.0 
954000 1896 502.796 4226.18 13.454 2.5651 0.0 
955000 1898 507.95 4247.982 13.456 2.607 0.0 
956000 1899 517.791 4251.867 13.406 2.673 0.0 
957000 1900 516.415 4278.305 13.379 2.6698 0.0 
958000 1901 526.087 4293.035 13.36 2.728 0.0 
959000 1902 535.565 4306.633 13.396 2.7874 0.0 
960000 1905 533.9 4342.308 13.455 2.7921 0.0 
961000 1908 522.313 4386.162 13.461 2.7313 0.0 
962000 1909 522.786 4408.713 13.569 2.7341 0.0 
963000 1911 527.794 4435.084 13.629 2.7565 0.0 
964000 1913 522.756 4464.862 13.635 2.7215 0.0 
965000 1915 524.397 4488.275 13.547 2.7189 0.0 
966000 1916 533.909 4497.822 13.503 2.7637 0.0 
967000 1917 533.291 4510.783 13.458 2.7573 0.0 
968000 1919 543.572 4535.735 13.446 2.7933 0.0 
969000 1920 539.821 4552.919 13.454 2.7694 0.0 
970000 1923 541.502 4591.392 13.43 2.7678 0.0 
971000 1925 534.548 4624.225 13.538 2.7241 0.0 
972000 1928 530.73 4648.776 13.498 2.6991 0.0 
973000 1929 527.416 4679.283 13.529 2.6788 0.0 
974000 1932 527.668 4704.411 13.537 2.6648 0.0 
975000 1934 522.944 4743.765 13.575 2.64 0.0 
976000 1937 511.649 4778.734 13.465 2.5859 0.0 
977000 1939 513.568 4801.717 13.451 2.6045 0.0 
978000 1940 523.297 4809.753 13.46 2.6672 0.0 
979000 1941 527.311 4834.828 13.444 2.6984 0.0 
980000 1944 522.767 4862.557 13.478 2.6781 0.0 
981000 1945 530.752 4883.958 13.49 2.7219 0.0 
982000 1946 540.137 4898.797 13.501 2.7895 0.0 
983000 1948 535.832 4930.71 13.528 2.7604 0.0 
984000 1950 534.015 4964.164 13.592 2.743 0.0 
985000 1951 543.335 4973.451 13.567 2.7948 0.0 
986000 1952 538.408 4987.249 13.53 2.7657 0.0 
987000 1954 541.438 5017.0 13.582 2.7827 0.0 
988000 1956 546.237 5041.524 13.586 2.8128 0.0 
989000 1959 538.57 5086.09 13.624 2.78 0.0 
990000 1961 528.81 5107.799 13.63 2.7291 0.0 
991000 1964 525.908 5143.109 13.518 2.7202 0.0 
992000 1965 529.429 5163.657 13.553 2.741 0.0 
993000 1968 522.672 5206.781 13.583 2.705 0.0 
994000 1971 510.38 5255.053 13.799 2.6365 0.0 
995000 1972 515.032 5275.195 13.819 2.6518 0.0 
996000 1975 507.687 5316.106 13.797 2.5989 0.0 
997000 1978 497.759 5364.572 13.991 2.5326 0.0 
998000 1979 507.804 5373.22 13.96 2.5835 0.0 
999000 1980 506.728 5388.199 13.818 2.5746 0.0 
1000000 1982 512.762 5415.426 13.879 2.6037 0.0 
