10000 637 15.677 3920.598 6.211 0.0115 0 0 0 
20000 1273 15.783 7836.407 6.374 0.0117 0 0 0 
30000 1816 18.916 11778.504 12.016 0.1688 0 0 0 
40000 2329 20.669 18630.434 15.457 0.4569 0 0 0 
50000 2723 26.834 26808.449 22.555 0.664 0 0 0 
60000 3145 21.701 35094.902 16.968 0.5416 0 0 0 
70000 3619 20.941 42986.189 16.242 0.5322 0 0 0 
80000 4034 29.479 51903.63 27.389 0.745 0 0 0 
90000 4272 46.382 61087.422 40.354 1.1778 0 0 0 
100000 4442 64.328 69167.215 50.053 1.6486 0 0 0 
110000 4574 79.904 77263.702 64.766 2.0419 0 0 0 
120000 4628 160.101 84376.215 115.082 4.0188 0 0 0 
130000 4660 232.443 90653.066 153.63 5.8445 0 0 0 
140000 4708 229.491 97850.537 157.333 5.7801 0 0 0 
150000 4755 227.601 105465.665 165.275 5.7542 0 0 0 
160000 4814 189.433 113874.163 151.367 4.8113 0 0 0 
170000 4871 170.893 122386.928 144.988 4.3204 0 0 0 
180000 4946 139.837 131883.225 129.187 3.5365 0 0 0 
190000 5013 150.639 141275.06 140.051 3.7907 0 0 0 
200000 5086 138.689 150769.013 132.02 3.4871 0 0 0 
210000 5153 144.997 159953.947 135.148 3.6307 0 0 0 
220000 5209 167.803 168790.1 150.486 4.2316 0 0 0 
230000 5263 184.458 176977.339 153.253 4.6329 0 0 0 
240000 5288 264.241 183755.644 196.224 6.1236 0 0 0 
250000 5313 333.02 190900.833 239.81 8.9398 0 0 0 
260000 5326 434.001 197014.55 293.943 12.4372 0 0 0 
270000 5343 470.916 203285.87 311.111 13.9369 0 0 0 
280000 5366 460.224 209986.598 305.316 13.9175 0 0 0 
290000 5398 397.064 217047.192 269.368 12.1898 0 0 0 
300000 5435 320.645 224269.563 224.819 9.9285 0 0 0 
310000 5468 315.895 232137.961 236.002 9.8598 0 0 0 
320000 5478 428.599 240630.531 338.611 13.3624 0 0 0 
330000 5489 517.447 248885.497 415.07 16.2295 0 0 0 
340000 5503 581.284 258087.278 486.936 18.2899 0 0 0 
350000 5519 582.324 266375.355 487.261 18.3614 0 0 0 
360000 5542 538.385 274836.754 451.189 16.9979 0 0 0 
370000 5553 612.906 284170.642 531.385 19.2892 0 0 0 
380000 5571 594.784 292777.427 514.678 18.6326 0 0 0 
390000 5593 542.632 301581.071 469.692 16.9298 0 0 0 
400000 5632 378.186 311246.859 339.316 11.8246 0 0 0 
410000 5661 374.769 320789.482 347.549 11.7071 0 0 0 
420000 5695 332.527 330967.379 321.16 10.3706 0 0 0 
430000 5728 315.1 340712.337 305.962 9.8508 0 0 0 
440000 5771 268.029 350536.531 261.936 8.3904 0 0 0 
450000 5797 308.019 359844.915 298.234 9.6733 0 0 0 
460000 5825 337.53 368080.816 301.702 10.6658 0 0 0 
470000 5860 301.163 377232.356 272.375 9.4805 0 0 0 
480000 5887 319.11 384843.168 269.809 10.0996 0 0 0 
490000 5906 386.218 393862.742 335.379 12.1706 0 0 0 
500000 5925 419.395 401903.486 354.133 13.2104 0 0 0 
510000 5946 441.975 410305.855 374.342 13.9114 0 0 0 
520000 5966 456.902 419557.701 399.932 14.4433 0 0 0 
530000 5982 501.544 428648.299 445.286 15.7872 0 0 0 
540000 6015 404.883 436989.36 350.428 12.8038 0 0 0 
550000 6033 449.274 445664.249 388.862 14.2095 0 0 0 
560000 6044 537.947 453487.064 453.614 17.0141 0 0 0 
570000 6059 571.966 461483.119 473.447 18.0585 0 0 0 
580000 6070 641.723 470800.553 548.813 20.2665 0 0 0 
590000 6081 682.631 480161.252 595.752 21.5879 0 0 0 
600000 6092 737.214 490132.221 666.279 23.35 0 0 0 
610000 6104 752.084 501101.484 711.923 23.7413 0 0 0 
620000 6117 753.693 512325.619 743.041 23.7875 0 0 0 
630000 6128 787.937 524993.796 828.724 24.7575 0 0 0 
640000 6139 811.86 530979.433 777.3 25.4975 0 0 0 
650000 6154 776.222 536630.079 673.963 24.3546 0 0 0 
660000 6174 689.197 542815.625 555.907 21.6289 0 0 0 
670000 6187 700.756 548878.089 531.071 22.0304 0 0 0 
680000 6203 682.068 555313.678 496.31 21.3882 0 0 0 
690000 6240 446.729 562515.386 327.012 14.0048 0 0 0 
700000 6262 440.687 571767.015 348.589 13.721 0 0 0 
710000 6276 516.778 583301.735 477.901 15.9956 0 0 0 
720000 6286 593.704 594723.722 584.77 18.3942 0 0 0 
730000 6298 647.096 605744.202 663.865 20.1064 0 0 0 
740000 6322 564.001 612806.219 525.851 17.596 0 0 0 
750000 6338 587.117 621840.06 540.94 18.3756 0 0 0 
760000 6350 634.589 629393.8 559.55 19.8563 0 0 0 
770000 6363 673.551 641294.997 647.515 21.121 0 0 0 
780000 6375 710.411 652369.825 712.279 22.2312 0 0 0 
790000 6386 734.138 664469.373 771.239 23.0237 0 0 0 
800000 6408 634.024 673853.17 649.952 19.9099 0 0 0 
810000 6420 685.081 686843.209 748.722 21.5042 0 0 0 
820000 6446 559.7 695780.092 584.031 17.6044 0 0 0 
830000 6475 462.731 706303.253 487.304 14.5531 0 0 0 
840000 6510 373.901 718755.537 421.358 11.7535 0 0 0 
850000 6535 384.203 731640.362 457.982 12.046 0 0 0 
860000 6546 480.035 744607.523 588.847 15.0693 0 0 0 
870000 6557 571.51 756812.578 702.211 17.9567 0 0 0 
880000 6567 640.138 768245.667 771.978 20.1346 0 0 0 
890000 6578 691.304 777508.666 778.513 21.7292 0 0 0 
900000 6604 569.012 788012.19 628.948 16.2461 0 0 0 
910000 6622 559.818 799940.215 632.921 13.0036 0 0 0 
920000 6633 638.307 811777.871 732.329 12.3675 0 0 0 
930000 6643 704.47 824653.621 835.115 11.9979 0 0 0 
940000 6654 736.873 836829.581 877.165 11.3954 0 0 0 
950000 6666 759.876 848814.625 908.15 10.8262 0 0 0 
960000 6677 784.969 862132.084 962.073 10.485 0 0 0 
970000 6689 806.201 876222.004 1022.428 10.1968 0 0 0 
980000 6701 816.861 889276.583 1042.784 9.9067 0 0 0 
990000 6712 828.298 902340.931 1063.208 9.7324 0 0 0 
1000000 6732 707.944 914719.255 899.246 8.0912 0 0 0 
1010000 6747 710.233 926963.642 895.375 7.9249 0 0 0 
1020000 6759 735.268 937889.25 893.72 8.0486 0 0 0 
1030000 6772 734.712 948142.517 865.617 7.94 0 0 0 
1040000 6789 695.385 958742.973 796.841 7.4192 0 0 0 
1050000 6805 682.543 969493.414 772.129 7.4436 0 0 0 
1060000 6815 740.614 981129.576 841.31 8.8427 0 0 0 
1070000 6828 735.903 993537.001 852.745 9.9188 0 0 0 
1080000 6843 726.852 1005809.207 854.843 10.7371 0 0 0 
1090000 6854 759.083 1019050.44 917.473 11.9061 0 0 0 
1100000 6864 803.153 1033523.249 1014.824 13.1812 0 0 0 
1110000 6880 743.286 1047086.183 951.678 12.5499 0 0 0 
1120000 6905 619.903 1060134.693 799.519 10.7604 0 0 0 
1130000 6929 538.609 1072809.591 690.81 9.5734 0 0 0 
1140000 6947 537.396 1085931.837 693.591 9.6968 0 0 0 
1150000 6959 595.27 1098267.426 756.31 10.8325 0 0 0 
1160000 6978 591.048 1108810.977 716.593 10.8405 0 0 0 
1170000 6995 581.423 1120567.502 698.13 10.6914 0 0 0 
1180000 7008 625.985 1133326.797 765.994 11.5238 0 0 0 
1190000 7027 586.438 1145350.547 710.647 10.8404 0 0 0 
1200000 7060 432.201 1157026.783 515.218 8.0509 0 0 0 
1210000 7079 469.365 1169269.06 572.403 8.7549 0 0 0 
1220000 7100 456.784 1180199.428 526.782 8.5328 0 0 0 
1230000 7119 483.527 1194180.762 600.514 9.0288 0 0 0 
1240000 7131 567.701 1208043.858 733.393 10.6179 0 0 0 
1250000 7144 609.226 1220331.64 775.658 11.3758 0 0 0 
1260000 7155 664.291 1233263.762 849.625 12.4266 0 0 0 
1270000 7170 657.519 1246240.819 840.96 12.3248 0 0 0 
1280000 7186 656.37 1258479.633 833.079 12.2816 0 0 0 
1290000 7213 533.058 1271768.052 683.745 9.9941 0 0 0 
1300000 7247 407.278 1282950.23 500.527 7.6579 0 0 0 
1310000 7265 450.111 1294716.885 543.667 8.4765 0 0 0 
1320000 7278 527.072 1307683.45 652.065 9.8868 0 0 0 
1330000 7290 581.32 1320077.307 719.611 10.9091 0 0 0 
1340000 7304 623.118 1332185.321 766.518 11.7029 0 0 0 
1350000 7324 561.981 1345388.971 702.011 10.548 0 0 0 
1360000 7355 465.061 1357342.906 575.192 8.6894 0 0 0 
1370000 7386 407.137 1369017.351 489.299 7.636 0 0 0 
1380000 7411 396.292 1379691.222 462.568 7.408 0 0 0 
1390000 7440 383.493 1388361.356 393.325 7.1475 0 0 0 
1400000 7459 415.181 1397706.107 413.559 7.7843 0 0 0 
1410000 7489 381.136 1408370.465 390.669 7.1736 0 0 0 
1420000 7525 319.242 1417160.863 308.065 6.0099 0 0 0 
1430000 7546 390.338 1424175.108 330.252 7.3509 0 0 0 
1440000 7565 427.142 1434856.962 397.885 8.0127 0 0 0 
1450000 7578 504.57 1446734.971 517.887 9.4683 0 0 0 
1460000 7594 526.885 1457929.57 552.15 9.88 0 0 0 
1470000 7610 563.544 1468779.419 606.54 10.5516 0 0 0 
1480000 7621 630.351 1480267.373 684.198 11.8109 0 0 0 
1490000 7632 690.618 1493921.431 800.995 12.9463 0 0 0 
1500000 7645 705.349 1503574.679 784.809 13.223 0 0 0 
1510000 7655 758.032 1514941.224 852.0 14.1964 0 0 0 
1520000 7667 780.624 1527799.174 899.366 13.5264 0 0 0 
1530000 7677 815.719 1541993.229 986.799 13.7085 0 0 0 
1540000 7691 799.223 1555120.927 987.175 13.7861 0 0 0 
1550000 7704 792.792 1565166.693 941.378 13.9374 0 0 0 
1560000 7714 830.696 1577877.265 996.851 14.8044 0 0 0 
1570000 7726 832.72 1592037.582 1039.608 14.9933 0 0 0 
1580000 7739 815.01 1604213.347 1013.429 14.7914 0 0 0 
1590000 7751 812.513 1615867.788 999.981 14.8772 0 0 0 
1600000 7769 738.089 1628038.233 907.219 13.593 0 0 0 
1610000 7790 646.769 1637744.693 752.617 11.9701 0 0 0 
1620000 7802 689.384 1645828.029 739.044 12.8167 0 0 0 
1630000 7812 735.48 1656191.797 780.566 13.7272 0 0 0 
1640000 7823 765.475 1667838.056 834.62 14.3066 0 0 0 
1650000 7839 728.815 1678222.877 785.463 13.6286 0 0 0 
1660000 7857 685.264 1689545.122 747.697 12.7975 0 0 0 
1670000 7867 736.034 1701992.173 830.975 13.7922 0 0 0 
1680000 7878 769.336 1716605.874 926.497 14.4141 0 0 0 
1690000 7889 808.442 1731945.713 1037.24 15.1716 0 0 0 
1700000 7899 843.483 1746815.542 1119.003 15.8522 0 0 0 
1710000 7910 845.451 1761111.832 1139.609 15.8825 0 0 0 
1720000 7923 832.122 1775489.786 1135.986 15.6446 0 0 0 
1730000 7933 853.776 1790522.715 1189.642 16.0411 0 0 0 
1740000 7946 845.433 1804220.536 1174.697 15.8943 0 0 0 
1750000 7956 861.669 1816380.61 1166.225 16.2042 0 0 0 
1760000 7967 881.432 1829142.731 1175.848 16.581 0 0 0 
1770000 7980 855.282 1842385.033 1140.295 16.0955 0 0 0 
1780000 7990 881.755 1856127.88 1184.85 16.5908 0 0 0 
1790000 8002 870.555 1870369.18 1182.182 16.3359 0 0 0 
1800000 8014 870.661 1883772.579 1178.825 16.311 0 0 0 
1810000 8025 863.337 1895589.226 1136.306 16.1663 0 0 0 
1820000 8037 869.636 1908792.925 1146.422 16.2967 0 0 0 
1830000 8049 855.938 1921618.224 1125.274 16.0534 0 0 0 
1840000 8063 825.268 1935073.462 1085.145 15.4829 0 0 0 
1850000 8074 832.8 1948514.175 1101.697 15.6302 0 0 0 
1860000 8085 856.638 1963268.421 1159.01 16.0246 0 0 0 
1870000 8096 860.661 1977679.881 1181.304 16.1239 0 0 0 
1880000 8108 852.888 1992758.509 1190.908 15.9814 0 0 0 
1890000 8121 830.784 2008389.783 1188.335 15.573 0 0 0 
1900000 8133 842.994 2023779.506 1227.997 15.8309 0 0 0 
1910000 8143 860.485 2038840.991 1274.42 16.1724 0 0 0 
1920000 8155 858.14 2054041.985 1267.069 15.4494 0 0 0 
1930000 8166 870.499 2068191.301 1276.012 15.8041 0 0 0 
1940000 8193 676.069 2078132.475 913.794 12.3884 0 0 0 
1950000 8207 689.713 2084802.964 809.852 12.7076 0 0 0 
1960000 8218 726.857 2096380.013 847.174 13.4463 0 0 0 
1970000 8232 719.85 2106408.411 814.432 13.3067 0 0 0 
1980000 8262 553.379 2116240.561 600.744 10.2587 0 0 0 
1990000 8295 424.427 2128413.205 476.725 7.8934 0 0 0 
2000000 8342 293.862 2139173.845 315.377 5.4849 0 0 0 
2010000 8374 315.8 2149406.011 336.828 5.9088 0 0 0 
2020000 8392 380.061 2162770.357 449.559 7.1324 0 0 0 
2030000 8406 444.487 2173436.792 504.797 8.3255 0 0 0 
2040000 8419 527.431 2187806.903 652.519 9.8652 0 0 0 
2050000 8437 540.574 2200753.769 680.459 10.113 0 0 0 
2060000 8451 583.305 2215382.487 770.968 10.9522 0 0 0 
2070000 8468 580.901 2228419.353 762.136 10.9186 0 0 0 
2080000 8479 640.857 2243125.204 866.864 12.051 0 0 0 
2090000 8490 706.145 2259018.896 1002.746 13.2781 0 0 0 
2100000 8500 759.899 2273974.029 1092.969 14.2679 0 0 0 
2110000 8510 803.82 2287466.462 1139.632 15.0692 0 0 0 
2120000 8520 828.057 2303248.656 1199.627 15.5228 0 0 0 
2130000 8536 771.009 2318005.358 1122.05 14.4704 0 0 0 
2140000 8547 800.354 2335310.827 1215.969 15.0211 0 0 0 
2150000 8561 775.31 2349669.921 1163.417 14.5461 0 0 0 
2160000 8573 781.663 2363947.812 1157.926 14.6601 0 0 0 
2170000 8587 774.119 2378353.858 1141.879 14.5596 0 0 0 
2180000 8599 778.727 2391010.158 1107.95 14.6412 0 0 0 
2190000 8614 753.957 2403293.109 1036.166 14.1843 0 0 0 
2200000 8626 777.32 2417660.27 1082.366 14.5842 0 0 0 
2210000 8641 743.013 2429342.53 996.948 13.9514 0 0 0 
2220000 8654 751.312 2442700.778 1008.643 14.1031 0 0 0 
2230000 8665 775.705 2452945.772 983.015 14.5633 0 0 0 
2240000 8676 802.578 2464809.027 1011.389 15.1255 0 0 0 
2250000 8687 835.537 2479311.973 1081.855 15.7096 0 0 0 
2260000 8697 854.433 2494229.915 1139.86 16.0881 0 0 0 
2270000 8707 881.061 2510167.312 1222.146 16.5697 0 0 0 
2280000 8720 867.285 2524909.25 1220.691 16.315 0 0 0 
2290000 8730 877.688 2541292.293 1274.469 16.5386 0 0 0 
2300000 8745 822.799 2555574.122 1189.175 15.5206 0 0 0 
2310000 8757 835.75 2571330.483 1235.054 15.7478 0 0 0 
2320000 8770 819.447 2585712.004 1202.159 15.4299 0 0 0 
2330000 8780 846.917 2600116.341 1238.518 15.6181 0 0 0 
2340000 8793 826.822 2612041.383 1165.444 13.8501 0 0 0 
2350000 8807 797.126 2624902.225 1101.226 13.1052 0 0 0 
2360000 8819 806.287 2635888.013 1063.53 13.7383 0 0 0 
2370000 8832 793.217 2648296.735 1036.224 13.8777 0 0 0 
2380000 8845 793.228 2662886.081 1059.828 14.2213 0 0 0 
2390000 8857 811.266 2678065.492 1119.623 14.7936 0 0 0 
2400000 8870 795.772 2691771.999 1098.868 14.6472 0 0 0 
2410000 8883 790.425 2706129.731 1098.642 14.7106 0 0 0 
2420000 8893 823.379 2722000.572 1180.692 15.4307 0 0 0 
2430000 8904 841.748 2737694.826 1229.697 15.8389 0 0 0 
2440000 8915 866.345 2753432.335 1288.357 16.3623 0 0 0 
2450000 8925 875.999 2769525.827 1320.318 16.5891 0 0 0 
2460000 8935 898.682 2786191.514 1384.31 17.0977 0 0 0 
2470000 8947 899.183 2803305.993 1420.123 17.1502 0 0 0 
2480000 8957 910.844 2820416.636 1460.97 17.3883 0 0 0 
2490000 8967 927.153 2832979.099 1431.361 17.6877 0 0 0 
2500000 8985 796.427 2843339.898 1158.409 15.2132 0 0 0 
2510000 9004 720.831 2852810.971 952.563 13.7751 0 0 0 
2520000 9027 607.199 2866302.76 814.772 11.6268 0 0 0 
2530000 9041 626.729 2877554.082 794.338 11.9976 0 0 0 
2540000 9053 670.915 2887567.035 816.237 12.8817 0 0 0 
2550000 9066 705.023 2900444.224 863.896 13.5499 0 0 0 
2560000 9077 739.048 2913688.294 919.977 14.1877 0 0 0 
2570000 9088 771.163 2926219.345 961.786 14.7967 0 0 0 
