10000 64 113.57 401.0 4.525 0.188 54.2436 
20000 125 149.55 828.0 6.166 0.6602 70.6596 
30000 184 161.584 1291.0 7.326 1.2204 86.5239 
40000 242 172.005 1735.0 7.701 1.4522 96.3011 
50000 299 176.184 2229.0 8.589 1.5316 98.1387 
60000 357 171.882 2700.0 7.977 1.5065 89.7822 
70000 419 167.51 3158.0 7.875 1.47 88.0361 
80000 486 151.574 3592.0 6.662 1.331 77.0616 
90000 544 165.101 4057.0 7.426 1.4518 91.6455 
100000 607 160.483 4538.0 7.536 1.4079 86.7089 
110000 663 170.748 5069.0 8.766 1.5025 98.7836 
120000 718 178.561 5575.0 9.048 1.572 104.0363 
130000 778 172.355 6106.0 9.021 1.5187 103.1386 
140000 840 160.476 6637.0 8.206 1.4173 92.4665 
150000 899 166.561 7162.0 8.63 1.4657 96.396 
160000 957 169.451 7667.0 8.733 1.4948 104.1455 
170000 1015 171.18 8208.0 8.931 1.5079 108.2392 
180000 1076 166.172 8721.0 8.669 1.4622 103.7619 
190000 1129 183.414 9249.0 9.469 1.6155 120.4129 
200000 1183 190.44 9845.0 10.937 1.6726 138.9076 
210000 1237 188.778 10432.0 11.127 1.6554 141.3445 
220000 1297 171.046 11006.0 9.948 1.506 117.216 
230000 1356 166.477 11633.0 10.143 1.4661 127.1753 
240000 1411 177.376 12245.0 10.945 1.5607 129.2245 
250000 1461 189.831 12808.0 11.091 1.6675 143.2891 
260000 1517 177.077 13409.0 10.291 1.5582 127.8564 
270000 1573 182.182 14046.0 11.638 1.608 148.0286 
280000 1635 164.986 14657.0 10.135 1.4548 117.552 
290000 1694 169.824 15196.0 9.813 1.495 122.1068 
300000 1748 176.272 15791.0 10.211 1.5489 131.466 
310000 1805 179.152 16351.0 10.115 1.5754 122.9686 
320000 1857 181.468 16965.0 10.942 1.6011 132.9582 
330000 1910 186.339 17619.0 11.785 1.6434 150.7099 
340000 1963 189.669 18232.0 11.728 1.6755 145.8088 
350000 2017 187.852 18888.0 11.971 1.6581 140.8608 
360000 2064 201.711 19500.0 12.772 1.7736 164.3223 
370000 2120 186.242 20137.0 11.68 1.6367 147.3873 
380000 2172 189.566 20774.0 11.958 1.6636 154.9418 
390000 2216 210.921 21488.0 14.696 1.8518 197.9967 
400000 2269 191.928 22183.0 13.115 1.685 169.092 
410000 2318 197.463 22801.0 12.46 1.7411 153.1442 
420000 2367 206.836 23468.0 13.632 1.8218 171.6387 
430000 2420 196.042 24108.0 12.753 1.7267 178.944 
440000 2469 200.115 24727.0 12.565 1.7567 164.9647 
450000 2522 192.903 25420.0 12.769 1.6933 166.1013 
460000 2574 189.732 26092.0 12.692 1.6678 155.5273 
470000 2626 191.434 26797.0 13.349 1.6841 168.7328 
480000 2677 192.664 27497.0 13.527 1.6945 205.4565 
490000 2726 196.133 28211.0 14.028 1.7255 186.0259 
500000 2770 215.782 28909.0 15.142 1.8999 228.1743 
510000 2819 206.842 29583.0 14.097 1.8238 196.4582 
520000 2867 209.105 30305.0 14.708 1.8402 211.0735 
530000 2910 218.883 31035.0 15.617 1.9304 218.9526 
540000 2956 220.122 31782.0 16.262 1.939 244.3348 
550000 3002 217.654 32499.0 15.938 1.9191 262.8379 
560000 3051 209.829 33222.0 15.256 1.8504 231.2462 
570000 3101 205.636 33942.0 15.01 1.8101 213.6125 
580000 3147 211.729 34672.0 15.42 1.8612 251.6745 
590000 3193 211.134 35455.0 16.286 1.8577 256.9381 
600000 3243 207.428 36228.0 16.003 1.8284 226.7221 
610000 3289 211.1 37034.0 16.593 1.8628 249.4175 
620000 3331 226.293 37860.0 18.447 1.992 275.7743 
630000 3375 222.721 38692.0 18.091 1.9593 268.5675 
640000 3415 236.984 39447.0 18.605 2.0857 284.5699 
650000 3457 243.531 40199.0 18.785 2.1482 276.0091 
660000 3501 233.512 41015.0 18.334 2.0623 296.2609 
670000 3545 228.869 41817.0 18.125 2.0178 264.7168 
680000 3589 226.15 42656.0 18.584 1.9922 269.0918 
690000 3632 229.143 43464.0 18.582 2.0211 263.2123 
700000 3678 223.095 44287.0 18.197 1.9636 257.1767 
710000 3720 237.737 45109.0 19.623 2.0943 283.6107 
720000 3765 225.647 45985.0 19.0 1.9913 278.2649 
730000 3807 232.145 46874.0 20.113 2.0464 289.7197 
740000 3844 259.692 47766.0 22.765 2.2872 338.638 
750000 3885 247.961 48682.0 22.078 2.1838 323.6085 
760000 3928 235.567 49527.0 20.634 2.0717 290.8017 
770000 3964 260.581 50375.0 22.457 2.2919 342.4116 
780000 4002 262.449 51335.0 23.73 2.3143 335.8973 
790000 4043 252.595 52302.0 23.793 2.2291 356.077 
800000 4083 249.02 53287.0 23.926 2.1936 338.4887 
810000 4126 243.14 54149.0 22.396 2.1436 297.3122 
820000 4164 250.451 55117.0 23.632 2.2035 343.4352 
830000 4208 237.931 55971.0 21.412 2.0912 338.545 
840000 4246 252.159 56899.0 22.836 2.2212 342.0915 
850000 4287 251.633 57800.0 22.786 2.2097 329.058 
860000 4330 236.564 58663.0 20.747 2.0814 293.6103 
870000 4371 239.299 59584.0 21.795 2.1075 329.3763 
880000 4410 247.143 60481.0 21.969 2.1757 322.4133 
890000 4449 250.28 61402.0 22.523 2.2051 326.8018 
900000 4491 240.141 62300.0 21.127 2.1197 327.0848 
910000 4530 248.576 63202.0 22.422 2.1977 353.1271 
920000 4568 253.861 64206.0 24.492 2.2348 391.4839 
930000 4608 250.378 65169.0 23.907 2.2019 345.9412 
940000 4650 239.578 66151.0 23.159 2.1086 335.9474 
950000 4688 254.994 67129.0 25.181 2.2438 358.9167 
960000 4728 252.403 68128.0 24.747 2.2209 360.1709 
970000 4764 262.83 69162.0 26.179 2.315 432.3444 
980000 4801 267.5 70161.0 27.005 2.3565 447.418 
990000 4839 265.418 71145.0 26.531 2.3402 487.7246 
1000000 4875 270.617 72175.0 27.453 2.3828 449.3185 
1010000 4914 260.991 73325.0 28.38 2.2952 453.3535 
1020000 4955 248.794 74466.0 27.866 2.188 427.0131 
1030000 4991 265.534 75494.0 28.435 2.3422 481.857 
1040000 5029 264.424 76546.0 28.147 2.33 517.133 
1050000 5065 271.184 77545.0 28.015 2.3827 497.5042 
1060000 5103 267.662 78536.0 26.867 2.3564 466.1254 
1070000 5137 282.782 79566.0 28.86 2.4857 473.1995 
1080000 5177 262.047 80691.0 28.43 2.3043 463.1856 
1090000 5217 251.734 81835.0 27.741 2.2158 454.2167 
1100000 5254 266.434 82944.0 29.447 2.3507 495.15 
1110000 5292 258.472 84095.0 28.983 2.273 509.4041 
1120000 5333 253.001 85267.0 29.438 2.228 490.7889 
1130000 5370 256.866 86345.0 28.664 2.2607 444.5869 
1140000 5406 268.774 87462.0 29.773 2.3638 431.7004 
1150000 5445 264.116 88539.0 29.18 2.3275 465.3945 
1160000 5478 278.673 89695.0 30.739 2.4567 520.0943 
1170000 5517 264.81 90796.0 28.905 2.3366 449.6376 
1180000 5553 269.137 91877.0 29.343 2.3701 461.9907 
1190000 5589 272.774 93046.0 30.65 2.4025 547.0031 
1200000 5625 274.574 94238.0 32.172 2.4239 558.3402 
1210000 5660 285.525 95361.0 32.987 2.5189 576.9227 
1220000 5697 271.083 96438.0 29.77 2.3886 505.2709 
1230000 5736 266.854 97557.0 30.114 2.3499 609.7437 
1240000 5767 289.243 98569.0 30.809 2.5464 575.8619 
1250000 5806 274.041 99662.0 29.515 2.4169 486.7187 
1260000 5843 271.509 100699.0 28.967 2.3939 460.1201 
1270000 5878 283.424 101762.0 30.274 2.4942 485.4369 
1280000 5916 268.872 102925.0 29.497 2.3675 460.7349 
1290000 5956 261.453 104011.0 28.847 2.3002 470.1035 
1300000 5997 251.329 105103.0 27.529 2.2076 449.2432 
1310000 6033 264.319 106127.0 27.891 2.3244 422.1417 
1320000 6070 269.897 107267.0 29.551 2.3785 512.5708 
1330000 6108 262.241 108372.0 28.477 2.3092 473.592 
1340000 6145 270.016 109517.0 30.653 2.377 487.4897 
1350000 6182 272.346 110632.0 30.625 2.3964 547.6165 
1360000 6219 271.905 111736.0 30.214 2.3894 551.4305 
1370000 6258 260.709 112857.0 28.861 2.2862 477.6804 
1380000 6297 259.054 113907.0 27.827 2.2706 460.4477 
1390000 6334 264.534 114979.0 28.613 2.3239 459.9293 
1400000 6373 260.714 116085.0 28.413 2.2925 468.4443 
1410000 6412 263.431 117155.0 28.593 2.317 470.2906 
1420000 6450 261.797 118378.0 29.781 2.2999 491.5335 
1430000 6485 277.201 119471.0 31.205 2.4368 578.6303 
1440000 6520 281.287 120643.0 32.122 2.4753 562.7391 
1450000 6555 285.705 121751.0 32.038 2.5104 585.0916 
1460000 6594 266.267 122896.0 30.095 2.34 506.4234 
1470000 6630 270.203 124090.0 31.281 2.4071 558.45 
1480000 6663 282.837 125150.0 31.002 2.5023 543.574 
1490000 6702 272.583 126186.0 29.278 2.4087 491.6868 
1500000 6739 272.035 127158.0 27.904 2.4013 442.5897 
1510000 6774 277.816 128231.0 28.731 2.4465 446.9792 
1520000 6813 268.13 129268.0 28.126 2.3581 418.0117 
1530000 6851 258.027 130326.0 27.22 2.2676 420.3411 
1540000 6888 265.847 131365.0 27.595 2.3422 420.0919 
1550000 6927 256.431 132440.0 26.644 2.2594 413.5919 
1560000 6966 255.584 133477.0 26.453 2.2504 411.5791 
1570000 7003 265.257 134572.0 28.702 2.3371 425.0375 
1580000 7043 252.936 135717.0 28.397 2.2297 449.1828 
1590000 7078 274.503 136710.0 28.783 2.4142 462.6139 
1600000 7118 263.174 137788.0 27.944 2.3126 456.7694 
1610000 7157 259.498 138872.0 28.105 2.2821 470.7095 
1620000 7190 281.078 139880.0 29.282 2.4747 469.0839 
1630000 7230 265.096 140930.0 27.571 2.3307 454.4246 
1640000 7264 276.103 142047.0 29.746 2.4298 509.519 
1650000 7297 292.064 143133.0 31.501 2.5677 526.2656 
1660000 7327 311.91 144147.0 32.754 2.7494 544.7586 
1670000 7362 298.242 145163.0 30.49 2.6304 478.4803 
1680000 7399 286.29 146197.0 29.638 2.5244 507.2696 
1690000 7436 282.729 147294.0 30.196 2.4854 503.7581 
1700000 7474 272.83 148443.0 30.118 2.4029 497.8504 
1710000 7510 275.338 149607.0 31.202 2.4268 533.0399 
1720000 7545 278.885 150768.0 32.019 2.4565 571.563 
1730000 7578 285.614 151906.0 32.301 2.5152 527.6655 
1740000 7614 283.497 153036.0 31.782 2.4957 529.2018 
1750000 7652 275.522 154048.0 29.663 2.4262 537.3651 
1760000 7690 270.72 155221.0 30.504 2.3824 514.8717 
1770000 7728 265.612 156293.0 29.241 2.3359 450.0988 
1780000 7766 263.516 157398.0 29.118 2.3164 510.4868 
1790000 7803 267.724 158592.0 30.702 2.3602 516.2574 
1800000 7835 290.445 159788.0 33.863 2.5551 587.9233 
1810000 7872 277.973 160876.0 31.425 2.4446 492.0982 
1820000 7905 284.863 162081.0 32.962 2.5056 522.2333 
1830000 7942 282.27 163203.0 32.45 2.48 486.9017 
1840000 7981 269.562 164440.0 32.347 2.3732 508.551 
1850000 8020 262.801 165625.0 31.46 2.3123 562.6478 
1860000 8057 265.0 166746.0 30.669 2.3311 530.8981 
1870000 8091 273.676 167887.0 31.013 2.4009 527.1565 
1880000 8130 266.997 169061.0 31.053 2.3461 536.9697 
1890000 8164 285.312 170120.0 31.78 2.5147 566.2689 
1900000 8204 269.839 171233.0 29.845 2.3755 508.7572 
1910000 8246 250.55 172261.0 26.662 2.2051 458.1277 
1920000 8285 251.071 173352.0 27.113 2.208 448.6546 
1930000 8326 247.29 174328.0 25.288 2.1675 407.5641 
1940000 8365 254.514 175359.0 26.063 2.2363 429.4939 
1950000 8402 263.948 176489.0 28.63 2.3215 464.9304 
1960000 8439 267.38 177597.0 28.841 2.3545 433.7504 
1970000 8477 265.777 178692.0 29.059 2.3377 452.647 
1980000 8514 266.514 179668.0 27.877 2.3456 410.1048 
1990000 8550 265.728 180760.0 27.794 2.34 460.3507 
2000000 8583 283.924 181920.0 31.405 2.5022 499.1368 
2010000 8621 274.358 183012.0 30.349 2.4152 453.0394 
2020000 8659 268.602 184112.0 29.673 2.3642 441.5434 
2030000 8694 273.481 185104.0 28.418 2.4069 440.1574 
2040000 8733 263.194 186214.0 28.63 2.3189 464.4453 
2050000 8769 267.925 187233.0 27.702 2.3584 437.9754 
2060000 8805 271.056 188300.0 28.444 2.385 489.0164 
2070000 8841 277.084 189394.0 29.217 2.4356 525.9386 
2080000 8880 267.281 190478.0 28.467 2.3482 530.0872 
2090000 8922 249.073 191589.0 27.21 2.1905 485.1165 
2100000 8961 252.487 192641.0 27.138 2.2204 447.5972 
2110000 8997 269.137 193749.0 29.453 2.3696 510.3813 
2120000 9032 274.951 194839.0 30.019 2.4233 540.1866 
2130000 9069 270.914 195942.0 29.966 2.3874 479.8397 
2140000 9103 278.47 197038.0 30.624 2.4523 530.0753 
2150000 9141 272.638 198043.0 28.42 2.3985 484.5564 
2160000 9177 270.041 199027.0 26.966 2.3757 505.173 
2170000 9210 288.212 200049.0 29.36 2.5379 563.5816 
2180000 9246 276.356 201194.0 29.709 2.4321 536.2614 
2190000 9285 268.922 202356.0 30.533 2.3684 545.3354 
2200000 9324 261.301 203466.0 29.445 2.3002 590.5669 
2210000 9358 277.265 204475.0 29.595 2.4412 539.4503 
2220000 9396 270.214 205558.0 29.011 2.375 535.0074 
2230000 9438 252.887 206607.0 26.742 2.2225 478.9167 
2240000 9473 263.918 207726.0 28.747 2.3195 516.0765 
2250000 9504 285.735 208819.0 30.693 2.5153 525.5901 
2260000 9540 285.078 209776.0 28.917 2.5108 470.634 
2270000 9574 286.849 210896.0 30.465 2.5193 506.011 
2280000 9609 285.782 212034.0 31.23 2.5108 525.3819 
2290000 9646 280.462 213148.0 31.071 2.4658 485.2336 
2300000 9681 282.348 214229.0 30.792 2.4826 523.1307 
2310000 9716 280.206 215428.0 32.335 2.4656 545.4033 
2320000 9751 286.352 216609.0 33.303 2.5163 588.2335 
2330000 9785 291.451 217592.0 31.062 2.5658 570.3813 
2340000 9819 289.248 218708.0 31.224 2.5505 531.0584 
2350000 9855 286.218 219737.0 30.199 2.519 493.1449 
2360000 9888 288.512 220909.0 31.407 2.53 532.3324 
2370000 9925 280.77 222033.0 31.261 2.4654 553.3533 
2380000 9963 268.841 222927.0 26.644 2.3606 429.0718 
2390000 10000 273.799 223804.0 25.738 2.4015 430.3515 
2400000 10038 267.156 224898.0 27.517 2.3368 441.6958 
2410000 10071 278.705 226032.0 29.872 2.4452 535.284 
2420000 10105 289.161 227041.0 30.148 2.5437 531.924 
2430000 10140 282.458 228198.0 30.839 2.4869 544.2897 
2440000 10178 275.156 229130.0 28.081 2.4205 462.8841 
2450000 10212 280.332 230243.0 29.447 2.4664 454.1927 
2460000 10251 267.671 231287.0 28.417 2.3517 496.8627 
2470000 10285 285.362 232377.0 30.888 2.5083 518.5325 
2480000 10323 275.45 233369.0 28.098 2.421 436.2218 
2490000 10359 269.886 234386.0 27.089 2.3654 399.7357 
2500000 10398 265.837 235378.0 26.646 2.3416 413.7747 
2510000 10434 269.191 236503.0 28.482 2.3698 484.1581 
2520000 10470 270.931 237561.0 28.347 2.3833 479.8217 
2530000 10504 280.542 238739.0 31.619 2.4677 501.2007 
2540000 10542 272.367 239907.0 30.937 2.3946 506.8291 
2550000 10575 282.277 241054.0 32.102 2.4838 511.1842 
2560000 10608 287.406 242284.0 34.007 2.5299 578.8722 
2570000 10644 286.354 243486.0 34.382 2.5185 562.2674 
2580000 10677 285.575 244474.0 30.704 2.515 509.0901 
2590000 10712 288.022 245572.0 31.432 2.5373 483.8991 
2600000 10746 291.61 246733.0 32.899 2.569 503.8634 
2610000 10776 305.922 247952.0 35.284 2.6927 586.4638 
2620000 10812 289.728 249215.0 34.811 2.5471 596.8223 
2630000 10846 293.5 250426.0 35.449 2.5804 609.0713 
2640000 10881 288.577 251669.0 35.472 2.5411 638.2257 
2650000 10914 289.719 252871.0 35.021 2.5482 595.1473 
2660000 10951 286.434 254061.0 34.855 2.5154 651.9129 
2670000 10986 284.237 255233.0 33.594 2.4937 597.1463 
2680000 11018 298.926 256387.0 35.17 2.6292 591.613 
2690000 11049 309.552 257547.0 35.943 2.7245 603.8107 
2700000 11082 308.031 258765.0 36.702 2.7168 696.4357 
2710000 11117 293.13 259888.0 33.694 2.5859 584.6599 
2720000 11152 290.505 261130.0 34.796 2.5557 568.4514 
2730000 11184 299.028 262328.0 35.713 2.6353 625.6895 
2740000 11220 287.918 263582.0 35.081 2.5407 643.1954 
2750000 11252 297.435 264869.0 37.321 2.6183 689.6162 
2760000 11284 308.51 265987.0 36.111 2.7137 624.3619 
2770000 11318 296.09 267110.0 33.637 2.6134 559.2018 
2780000 11353 299.139 268277.0 34.422 2.6375 561.9096 
2790000 11387 295.791 269406.0 33.983 2.6056 566.2314 
2800000 11420 298.175 270547.0 33.984 2.6207 570.7793 
2810000 11457 278.689 271738.0 31.892 2.4521 551.365 
2820000 11490 285.462 272881.0 32.766 2.5097 569.7497 
2830000 11527 285.07 274041.0 33.498 2.5095 614.8779 
2840000 11562 282.436 275219.0 32.905 2.486 567.3213 
2850000 11595 287.734 276403.0 33.771 2.5338 584.5485 
2860000 11631 283.39 277573.0 33.154 2.4992 610.0615 
2870000 11667 279.615 278696.0 31.552 2.4645 540.9946 
2880000 11703 278.125 279805.0 31.15 2.4492 514.3434 
2890000 11739 274.036 280918.0 30.709 2.4103 506.8654 
2900000 11775 275.475 282038.0 31.079 2.4261 493.5332 
2910000 11811 275.626 283135.0 30.302 2.428 483.4797 
2920000 11841 302.446 284133.0 31.657 2.6627 538.3416 
2930000 11880 281.803 285251.0 30.829 2.4789 500.0411 
2940000 11915 280.114 286326.0 30.439 2.4674 481.5748 
2950000 11952 271.58 287408.0 29.175 2.3918 444.5519 
2960000 11989 273.225 288615.0 31.629 2.4045 530.0145 
2970000 12027 265.71 289846.0 31.635 2.3371 486.2054 
2980000 12058 290.614 290916.0 32.942 2.557 531.3917 
2990000 12092 291.262 292000.0 32.368 2.5609 553.8094 
3000000 12127 289.5 293199.0 33.163 2.5446 576.7555 
3010000 12159 298.536 294420.0 35.07 2.6291 647.6678 
3020000 12192 300.285 295637.0 36.047 2.6395 622.0669 
3030000 12231 276.526 296836.0 33.093 2.4369 549.1132 
3040000 12265 284.49 298019.0 33.816 2.5053 590.8379 
3050000 12299 290.365 299226.0 34.946 2.5553 629.8341 
3060000 12336 274.869 300332.0 31.456 2.4141 519.3713 
3070000 12369 286.672 301608.0 34.301 2.5281 615.8992 
3080000 12405 285.471 302842.0 35.132 2.5145 571.8807 
3090000 12441 282.151 304020.0 33.919 2.4887 547.3341 
3100000 12477 274.273 305316.0 33.71 2.4164 564.0375 
3110000 12510 293.378 306495.0 35.534 2.5799 631.5184 
3120000 12545 290.139 307608.0 33.828 2.5483 571.1275 
3130000 12579 286.97 308837.0 33.962 2.5202 591.3927 
3140000 12615 284.698 309981.0 33.668 2.501 558.1072 
3150000 12652 277.193 311268.0 34.318 2.4397 548.2118 
3160000 12687 275.424 312425.0 32.505 2.4128 509.301 
3170000 12722 279.297 313580.0 33.153 2.4459 601.3469 
3180000 12754 297.771 314808.0 35.532 2.613 623.4242 
3190000 12788 299.51 315938.0 35.138 2.6316 585.1113 
3200000 12819 300.782 317151.0 35.323 2.6425 585.5682 
3210000 12856 290.548 318355.0 34.984 2.5606 587.5688 
3220000 12892 285.278 319529.0 34.052 2.5117 544.4874 
3230000 12927 282.609 320633.0 32.364 2.4897 500.6271 
3240000 12966 267.232 321696.0 29.847 2.355 472.0385 
3250000 13002 273.767 322845.0 31.141 2.4124 545.5069 
3260000 13038 272.93 324049.0 32.121 2.402 531.789 
3270000 13073 275.632 325223.0 33.02 2.4247 529.1897 
3280000 13109 280.42 326476.0 34.267 2.4682 540.3258 
3290000 13146 269.445 327679.0 31.95 2.368 514.789 
3300000 13181 282.5 328902.0 34.204 2.4888 534.0842 
3310000 13215 288.311 330040.0 33.855 2.5423 534.5142 
3320000 13251 282.815 331275.0 34.029 2.4891 529.5176 
3330000 13284 285.152 332442.0 33.471 2.507 539.0115 
3340000 13319 285.246 333475.0 31.815 2.5065 565.3418 
3350000 13355 281.05 334631.0 32.027 2.4756 562.7659 
3360000 13390 283.683 335672.0 30.864 2.4964 560.7804 
3370000 13428 273.305 336665.0 28.625 2.3972 466.0989 
3380000 13465 269.73 337708.0 27.894 2.3675 450.5108 
3390000 13507 253.295 338599.0 23.998 2.2198 353.5882 
3400000 13545 250.192 339579.0 23.393 2.1958 328.3048 
3410000 13586 253.527 340467.0 23.622 2.2258 365.938 
3420000 13626 253.772 341400.0 23.809 2.2326 342.9624 
3430000 13667 248.04 342420.0 24.418 2.183 336.9678 
3440000 13701 262.535 343457.0 26.247 2.3091 370.4404 
3450000 13742 256.819 344508.0 26.791 2.2581 364.4577 
3460000 13773 283.32 345664.0 30.526 2.4961 450.3709 
3470000 13806 298.282 346754.0 32.52 2.6199 476.1245 
3480000 13836 307.427 347871.0 33.311 2.7033 496.0537 
3490000 13878 268.203 348972.0 29.273 2.3592 440.9852 
3500000 13917 260.644 349948.0 26.535 2.2909 393.8353 
3510000 13945 306.547 350949.0 31.187 2.6914 480.3224 
3520000 13983 288.785 351933.0 28.712 2.5383 431.9409 
3530000 14019 276.52 352928.0 27.012 2.4336 431.2371 
3540000 14055 277.926 353943.0 27.342 2.4437 431.7046 
3550000 14091 280.5 355076.0 30.25 2.47 463.4761 
3560000 14127 276.207 356245.0 30.706 2.4325 476.1645 
3570000 14160 289.642 357351.0 32.484 2.5466 562.5716 
3580000 14194 291.495 358506.0 33.167 2.5674 559.7743 
3590000 14229 285.963 359730.0 33.432 2.5162 554.4874 
3600000 14263 295.917 360900.0 35.127 2.6075 571.7784 
3610000 14296 300.425 362090.0 35.819 2.6454 582.9628 
3620000 14330 297.373 363268.0 35.475 2.6156 587.9885 
3630000 14362 304.974 364454.0 36.138 2.6847 596.9768 
3640000 14398 295.484 365548.0 33.73 2.6015 556.4932 
3650000 14437 274.145 366757.0 32.005 2.4146 509.9078 
3660000 14469 283.838 367866.0 31.9 2.4994 538.6229 
3670000 14505 280.782 368894.0 30.666 2.4694 496.2322 
3680000 14538 281.05 370067.0 31.426 2.4727 523.5806 
3690000 14577 272.498 371202.0 30.946 2.3946 520.1113 
3700000 14612 280.386 372367.0 32.466 2.467 527.0553 
3710000 14648 275.152 373548.0 32.262 2.4223 531.3086 
3720000 14676 306.38 374653.0 34.311 2.6993 652.477 
3730000 14713 288.259 375818.0 33.333 2.5393 623.6431 
3740000 14748 285.079 376998.0 33.214 2.5139 599.5466 
3750000 14781 290.82 378158.0 33.354 2.5649 551.8845 
3760000 14814 299.548 379270.0 34.139 2.6431 524.5436 
3770000 14841 323.989 380444.0 36.617 2.8569 579.9759 
3780000 14878 300.53 381582.0 34.642 2.6463 554.5325 
3790000 14912 299.494 382708.0 34.16 2.6348 534.4091 
3800000 14947 291.937 383847.0 33.458 2.5627 554.4083 
3810000 14981 293.94 384943.0 32.945 2.5813 515.2186 
3820000 15015 290.707 386116.0 32.589 2.5559 507.964 
3830000 15049 296.033 387267.0 34.301 2.5993 522.6965 
3840000 15082 303.83 388393.0 34.478 2.6659 548.9427 
3850000 15116 302.632 389454.0 33.218 2.6648 537.2646 
3860000 15150 297.294 390557.0 32.576 2.6207 519.7412 
3870000 15184 298.23 391629.0 32.707 2.6234 520.8567 
3880000 15216 306.483 392766.0 34.145 2.7047 542.589 
3890000 15250 302.57 393905.0 34.171 2.6683 541.5182 
3900000 15285 292.13 395164.0 34.737 2.5731 581.1848 
3910000 15320 287.327 396285.0 32.953 2.5226 555.6054 
3920000 15354 285.564 397460.0 33.168 2.5088 532.5545 
3930000 15392 277.364 398605.0 32.105 2.4372 489.3895 
3940000 15426 285.016 399711.0 31.776 2.505 519.6496 
3950000 15462 279.421 400785.0 30.615 2.457 510.7001 
3960000 15495 291.862 401883.0 31.919 2.5667 534.4085 
3970000 15534 272.025 403047.0 30.638 2.3933 524.6875 
3980000 15568 283.436 404108.0 30.986 2.4959 497.3435 
3990000 15603 283.566 405182.0 30.688 2.4975 481.1092 
4000000 15636 285.768 406225.0 30.172 2.5177 463.1368 
4010000 15669 295.937 407246.0 30.579 2.6108 466.9231 
4020000 15702 300.462 408326.0 31.723 2.6458 506.9797 
4030000 15738 293.849 409445.0 32.38 2.5884 529.7378 
4040000 15768 304.914 410495.0 32.332 2.682 496.2296 
4050000 15801 308.568 411612.0 33.342 2.7161 529.974 
4060000 15834 305.777 412765.0 34.166 2.6893 509.7559 
4070000 15864 313.606 413827.0 33.892 2.7576 543.7351 
4080000 15900 292.804 414995.0 32.572 2.5761 531.001 
4090000 15933 292.227 416044.0 31.377 2.5693 489.2991 
4100000 15972 277.092 417042.0 29.208 2.4376 454.0612 
4110000 16008 276.195 418045.0 28.063 2.4297 430.0394 
4120000 16044 273.754 419166.0 29.152 2.4064 448.872 
4130000 16078 286.262 420216.0 30.228 2.5217 475.7208 
4140000 16116 276.563 421348.0 30.277 2.4319 442.0345 
4150000 16153 273.289 422581.0 31.655 2.4114 503.6787 
4160000 16191 262.987 423744.0 30.093 2.3178 456.9947 
4170000 16226 277.019 424814.0 30.954 2.4439 503.2941 
4180000 16259 293.787 425955.0 33.102 2.5887 513.8542 
4190000 16293 287.891 427158.0 33.389 2.5417 516.9995 
4200000 16330 284.846 428242.0 32.482 2.5104 519.4065 
4210000 16365 280.332 429426.0 32.527 2.4721 598.9281 
4220000 16401 273.45 430675.0 32.782 2.4125 605.2792 
4230000 16438 278.653 431866.0 33.878 2.4543 613.0407 
4240000 16476 261.747 433069.0 31.141 2.308 535.6039 
4250000 16514 266.875 434252.0 32.373 2.3509 555.291 
4260000 16548 280.013 435403.0 32.964 2.471 561.8818 
4270000 16581 288.414 436484.0 32.288 2.5397 539.5225 
4280000 16615 293.336 437571.0 32.475 2.5794 503.5777 
4290000 16650 289.512 438719.0 32.491 2.5431 477.399 
4300000 16683 289.7 439871.0 32.868 2.5515 473.0277 
4310000 16721 279.542 440949.0 31.26 2.4631 451.1185 
4320000 16756 282.031 442041.0 31.203 2.477 460.3916 
4330000 16789 293.038 443243.0 33.764 2.5835 512.7381 
4340000 16825 285.279 444429.0 33.565 2.5119 486.5949 
4350000 16860 278.78 445543.0 31.59 2.4552 485.3965 
4360000 16899 269.708 446565.0 29.455 2.3719 423.8665 
4370000 16932 280.048 447640.0 30.202 2.4619 431.3596 
4380000 16965 289.243 448721.0 31.225 2.5439 443.4964 
4390000 17004 267.014 449661.0 26.442 2.3447 382.9035 
4400000 17038 288.489 450673.0 29.526 2.5388 456.1577 
4410000 17075 281.441 451606.0 27.763 2.4749 388.6665 
4420000 17106 296.308 452623.0 29.635 2.6087 436.8879 
4430000 17146 275.955 453614.0 27.715 2.4276 389.3393 
4440000 17185 265.358 454677.0 27.628 2.3387 383.5337 
4450000 17221 271.899 455622.0 26.946 2.3893 402.6715 
4460000 17258 269.068 456445.0 24.452 2.367 349.9086 
4470000 17293 274.856 457390.0 25.229 2.4196 367.6903 
4480000 17325 293.536 458324.0 27.251 2.5843 406.8325 
4490000 17364 273.598 459280.0 25.608 2.4044 377.779 
4500000 17399 286.066 460248.0 27.524 2.5149 401.4149 
4510000 17436 273.308 461330.0 27.732 2.4045 387.6532 
4520000 17474 271.046 462417.0 28.589 2.3872 422.945 
4530000 17511 264.936 463574.0 29.191 2.3325 455.8296 
4540000 17550 258.753 464645.0 27.827 2.2792 428.6398 
4550000 17592 250.401 465703.0 26.952 2.2057 393.0163 
4560000 17628 264.061 466735.0 27.859 2.3263 426.4993 
4570000 17663 269.162 467867.0 29.687 2.3675 471.277 
4580000 17700 266.561 468983.0 28.818 2.3444 444.985 
4590000 17740 257.475 470031.0 27.536 2.2702 436.8984 
4600000 17776 272.594 471175.0 30.738 2.3956 462.086 
4610000 17813 271.023 472338.0 31.027 2.3908 474.2295 
4620000 17846 288.552 473463.0 33.252 2.5463 502.1753 
4630000 17880 293.492 474560.0 32.67 2.5876 515.2397 
4640000 17916 283.381 475633.0 30.899 2.497 497.7047 
4650000 17951 282.504 476681.0 30.275 2.4894 466.5832 
4660000 17986 285.685 477825.0 31.636 2.5177 495.0474 
4670000 18022 279.965 479045.0 32.565 2.4633 503.9314 
4680000 18060 269.721 480257.0 31.8 2.3739 511.8375 
4690000 18096 275.146 481288.0 30.623 2.4238 491.2035 
4700000 18129 285.044 482462.0 32.252 2.5101 545.9355 
4710000 18162 288.853 483490.0 31.023 2.5446 522.111 
4720000 18196 295.831 484610.0 32.976 2.6058 568.5615 
4730000 18232 285.241 485779.0 32.237 2.51 536.729 
4740000 18270 268.506 486806.0 29.189 2.3619 504.9942 
4750000 18304 288.377 487925.0 31.895 2.5343 534.3637 
4760000 18335 298.508 488990.0 32.73 2.6262 510.1909 
4770000 18371 287.802 490129.0 32.269 2.5355 507.1071 
4780000 18409 268.308 491105.0 27.84 2.3662 416.0734 
4790000 18445 276.174 492160.0 29.028 2.4298 427.6309 
4800000 18481 270.863 493293.0 29.893 2.3807 450.054 
4810000 18513 286.825 494437.0 31.565 2.5199 466.9555 
4820000 18544 312.654 495533.0 34.726 2.7471 633.4964 
4830000 18579 295.934 496599.0 31.829 2.6019 515.281 
4840000 18610 315.024 497709.0 34.715 2.7693 581.709 
4850000 18645 290.638 498923.0 33.17 2.5582 554.2174 
4860000 18678 301.059 500055.0 34.759 2.6508 609.8614 
4870000 18710 305.29 501212.0 35.478 2.6822 633.1287 
4880000 18745 296.488 502379.0 34.604 2.6114 607.156 
4890000 18780 286.172 503517.0 32.689 2.5203 685.9005 
4900000 18813 297.644 504595.0 32.626 2.6188 592.6396 
4910000 18846 303.869 505776.0 34.617 2.6735 587.5561 
4920000 18879 303.403 506958.0 35.079 2.6686 597.4558 
4930000 18912 293.341 508237.0 35.044 2.5793 578.0027 
4940000 18945 295.126 509491.0 36.232 2.5974 572.0735 
4950000 18975 313.924 510632.0 37.245 2.7646 576.4041 
4960000 19008 311.137 511802.0 36.833 2.7384 561.9999 
4970000 19039 317.866 512979.0 37.565 2.7936 609.9874 
4980000 19070 317.812 514053.0 36.289 2.7899 592.2945 
4990000 19103 307.996 515204.0 35.556 2.7079 572.2644 
5000000 19137 299.939 516434.0 35.298 2.6392 561.6891 
5010000 19170 297.716 517674.0 35.761 2.6187 590.6399 
5020000 19203 299.147 518783.0 34.437 2.632 545.813 
5030000 19239 288.266 519953.0 33.353 2.5376 547.2006 
5040000 19275 281.369 521103.0 32.493 2.4758 520.8885 
5050000 19311 280.807 522311.0 33.279 2.4724 522.618 
5060000 19341 301.727 523449.0 34.896 2.6526 551.758 
5070000 19373 308.42 524658.0 36.883 2.7123 624.5956 
5080000 19409 291.074 525765.0 33.355 2.5602 550.5013 
5090000 19442 296.083 526908.0 33.969 2.6034 529.1126 
5100000 19472 309.372 528032.0 35.032 2.7257 545.1481 
5110000 19506 298.474 529179.0 33.611 2.6272 530.3996 
5120000 19539 299.654 530308.0 33.524 2.6339 547.531 
5130000 19570 307.133 531503.0 35.723 2.698 542.1039 
5140000 19605 300.878 532574.0 33.792 2.6426 510.7773 
5150000 19638 298.876 533831.0 35.265 2.6248 567.9048 
5160000 19671 301.507 535023.0 35.629 2.6524 555.7476 
5170000 19707 290.989 536151.0 33.396 2.5658 560.2436 
5180000 19739 305.775 537286.0 35.162 2.6897 587.769 
5190000 19771 309.932 538513.0 36.798 2.726 644.4198 
5200000 19806 297.152 539621.0 34.047 2.6113 545.8361 
5210000 19839 298.717 540626.0 32.171 2.625 516.1864 
5220000 19875 285.573 541715.0 31.015 2.5158 482.1797 
5230000 19910 287.913 542876.0 32.448 2.5371 526.4678 
5240000 19944 295.234 544005.0 33.195 2.5949 553.536 
5250000 19980 279.555 545098.0 30.657 2.4589 467.7733 
5260000 20016 278.779 546302.0 32.294 2.4524 531.602 
5270000 20049 286.594 547522.0 33.753 2.5176 545.1824 
5280000 20079 303.032 548608.0 33.921 2.6587 537.6968 
5290000 20112 304.243 549673.0 33.434 2.677 594.5821 
5300000 20147 292.777 550788.0 32.577 2.578 568.059 
5310000 20182 288.442 551980.0 33.41 2.5359 535.2007 
5320000 20219 278.435 553045.0 31.184 2.4531 470.809 
5330000 20253 280.707 554248.0 32.337 2.4732 498.938 
5340000 20285 299.357 555385.0 34.869 2.6322 558.8412 
5350000 20322 281.772 556462.0 31.488 2.4778 480.1632 
5360000 20355 287.327 557587.0 31.766 2.5284 523.349 
5370000 20391 281.157 558754.0 32.177 2.4757 483.0644 
5380000 20427 277.372 559877.0 31.484 2.4427 455.8671 
5390000 20460 281.459 560838.0 28.674 2.4758 421.6294 
5400000 20492 301.891 561878.0 31.539 2.6529 469.0512 
5410000 20530 281.143 562913.0 29.308 2.4727 416.6599 
5420000 20565 280.399 564017.0 29.626 2.4651 417.0016 
5430000 20604 268.17 565122.0 29.22 2.3593 405.1604 
5440000 20637 284.714 566162.0 29.873 2.5036 447.0725 
5450000 20671 292.809 567300.0 31.913 2.5701 479.2876 
5460000 20708 278.447 568340.0 30.109 2.4462 429.5155 
5470000 20745 272.659 569422.0 29.021 2.3998 420.7915 
5480000 20780 278.635 570565.0 31.249 2.446 481.2396 
5490000 20816 276.239 571727.0 31.525 2.4241 468.6845 
5500000 20851 281.424 572834.0 31.685 2.4731 515.0514 
5510000 20888 277.694 573951.0 31.349 2.4459 512.6817 
5520000 20921 284.585 575023.0 31.442 2.5046 491.8527 
5530000 20957 282.755 576216.0 32.59 2.4951 481.2335 
5540000 20995 274.073 577450.0 32.765 2.4164 492.7399 
5550000 21030 278.68 578546.0 31.488 2.4482 473.3404 
5560000 21069 264.311 579784.0 31.446 2.3268 463.3286 
5570000 21102 280.908 580997.0 33.234 2.4706 503.6941 
5580000 21136 288.108 582116.0 33.536 2.5354 494.7094 
5590000 21170 290.595 583222.0 33.225 2.552 513.6841 
5600000 21207 271.012 584288.0 29.382 2.3783 449.0398 
5610000 21242 283.511 585365.0 30.902 2.4935 480.1544 
5620000 21278 278.953 586383.0 29.384 2.4508 461.3549 
5630000 21307 306.608 587361.0 31.209 2.6913 515.9418 
5640000 21339 307.131 588439.0 32.174 2.6933 503.0421 
5650000 21373 300.082 589580.0 32.878 2.628 549.804 
5660000 21408 293.347 590779.0 33.08 2.5807 525.8447 
5670000 21443 291.667 591896.0 32.901 2.567 526.0503 
5680000 21480 276.352 592995.0 30.554 2.4318 529.7095 
5690000 21514 289.717 594154.0 33.052 2.5481 532.3361 
5700000 21550 281.959 595260.0 31.992 2.4783 493.0474 
5710000 21583 291.555 596300.0 31.79 2.5675 493.4944 
5720000 21622 273.684 597411.0 30.004 2.4084 449.6423 
5730000 21658 281.406 598488.0 31.002 2.4667 494.321 
5740000 21692 285.666 599582.0 31.255 2.5106 483.206 
5750000 21726 285.086 600677.0 30.739 2.5098 487.4804 
5760000 21761 287.394 601715.0 30.926 2.5267 465.3084 
5770000 21796 285.616 602822.0 31.121 2.511 456.7041 
5780000 21825 305.207 603895.0 32.894 2.6848 521.7928 
5790000 21860 300.67 604979.0 32.878 2.6437 517.0853 
5800000 21894 293.723 606056.0 31.599 2.5837 471.2561 
5810000 21929 289.373 607100.0 30.672 2.5417 480.1939 
5820000 21964 286.54 608196.0 30.76 2.5142 475.7529 
5830000 21998 285.217 609139.0 28.993 2.5104 437.2527 
5840000 22032 284.081 610127.0 28.251 2.4976 398.975 
5850000 22067 284.177 611013.0 26.936 2.5004 392.5552 
5860000 22104 264.996 611892.0 23.524 2.3309 374.2698 
5870000 22140 276.729 612767.0 24.457 2.4253 359.2628 
5880000 22175 279.851 613714.0 25.576 2.4593 369.6681 
5890000 22211 274.819 614681.0 25.693 2.4169 378.4405 
5900000 22245 277.673 615685.0 26.618 2.441 400.0833 
5910000 22278 290.765 616789.0 29.821 2.5534 466.0499 
5920000 22312 295.358 617797.0 30.411 2.5966 474.4036 
5930000 22347 285.265 618859.0 29.739 2.5025 447.6219 
5940000 22380 295.252 619926.0 31.016 2.5928 462.0843 
5950000 22414 294.874 621035.0 31.653 2.5948 489.0209 
5960000 22452 273.096 622023.0 27.84 2.4048 422.6702 
5970000 22485 288.155 623037.0 29.3 2.536 480.7538 
5980000 22519 293.731 624066.0 30.172 2.5883 468.9444 
5990000 22554 286.234 625187.0 30.324 2.5244 492.9435 
6000000 22587 297.923 626192.0 30.679 2.6232 501.9285 
6010000 22626 279.788 627208.0 28.799 2.4579 441.8232 
6020000 22659 284.48 628286.0 29.681 2.4994 465.5218 
6030000 22692 291.627 629469.0 32.202 2.5601 511.0862 
6040000 22728 288.411 630553.0 31.49 2.5369 476.778 
6050000 22762 288.985 631727.0 32.694 2.545 483.0254 
6060000 22796 291.702 632834.0 32.816 2.5667 499.0934 
6070000 22827 304.072 633954.0 34.043 2.6779 551.5393 
6080000 22862 298.75 635145.0 34.509 2.6267 604.348 
6090000 22899 283.634 636283.0 32.3 2.4966 551.2047 
6100000 22934 286.385 637412.0 32.596 2.5158 577.1019 
6110000 22970 282.722 638626.0 33.307 2.4872 637.2239 
6120000 23004 288.101 639772.0 33.203 2.5351 554.9061 
6130000 23037 293.279 640991.0 34.519 2.5794 594.1829 
6140000 23072 287.908 642159.0 33.727 2.5326 535.4917 
6150000 23105 300.744 643150.0 32.534 2.6418 534.4135 
6160000 23138 303.301 644310.0 33.831 2.6675 534.4749 
6170000 23169 305.521 645485.0 34.544 2.6883 537.8989 
6180000 23201 311.164 646636.0 36.094 2.7383 631.825 
6190000 23233 309.771 647864.0 36.906 2.7249 631.7912 
6200000 23267 306.944 649088.0 37.064 2.7008 616.4335 
6210000 23298 307.68 650319.0 36.897 2.7082 629.9845 
6220000 23333 298.605 651538.0 36.747 2.6208 653.6279 
6230000 23364 301.689 652791.0 36.984 2.6563 615.6972 
6240000 23400 290.962 653957.0 34.539 2.5598 569.4604 
6250000 23430 308.953 655167.0 36.335 2.7181 588.3573 
6260000 23466 289.941 656384.0 34.501 2.5505 532.2957 
6270000 23497 309.009 657619.0 38.07 2.722 598.7247 
6280000 23534 291.131 658717.0 34.064 2.5581 541.7651 
6290000 23568 288.688 659875.0 33.043 2.5367 530.9166 
6300000 23602 295.866 660884.0 32.078 2.6051 588.795 
6310000 23631 313.874 662014.0 34.941 2.7611 602.0708 
6320000 23667 291.686 663143.0 32.659 2.5691 530.9662 
6330000 23703 281.961 664313.0 31.986 2.4856 525.8643 
6340000 23737 287.703 665407.0 31.987 2.5349 477.6463 
6350000 23772 282.774 666555.0 31.575 2.4874 512.5014 
6360000 23806 291.675 667657.0 32.665 2.5661 570.2706 
6370000 23837 305.049 668757.0 33.948 2.6778 592.1128 
6380000 23871 299.059 669911.0 33.473 2.6306 602.0026 
6390000 23906 293.756 671073.0 33.691 2.581 544.0496 
6400000 23940 289.574 672209.0 32.645 2.55 521.326 
6410000 23973 297.772 673310.0 33.408 2.6187 528.1706 
6420000 24012 272.908 674433.0 30.401 2.3964 517.0327 
6430000 24048 272.271 675541.0 30.029 2.3928 472.1183 
6440000 24084 275.101 676499.0 28.142 2.4168 444.0213 
6450000 24120 276.533 677566.0 29.268 2.4356 436.9964 
6460000 24153 293.735 678630.0 31.189 2.5856 475.3426 
6470000 24186 294.072 679755.0 32.025 2.5933 473.8805 
6480000 24218 305.383 680761.0 31.831 2.6912 526.5322 
6490000 24250 306.776 681902.0 33.566 2.6961 571.8579 
6500000 24285 297.808 682933.0 31.062 2.6154 484.1046 
6510000 24322 286.002 684081.0 31.604 2.5151 533.0189 
6520000 24355 293.317 685160.0 32.26 2.5792 575.8593 
6530000 24390 290.697 686233.0 31.494 2.5611 545.1582 
6540000 24424 292.415 687332.0 31.875 2.5712 565.7262 
6550000 24457 294.214 688369.0 31.263 2.5757 567.0734 
6560000 24492 293.353 689344.0 30.008 2.5705 498.9725 
6570000 24525 287.788 690377.0 29.54 2.5224 469.7156 
6580000 24559 292.669 691459.0 30.605 2.5719 515.2516 
6590000 24597 276.238 692536.0 29.368 2.4311 479.6056 
6600000 24633 273.671 693604.0 28.977 2.4037 477.0725 
6610000 24666 286.952 694607.0 29.486 2.5205 492.0137 
6620000 24702 279.101 695653.0 28.579 2.4514 434.1169 
6630000 24741 266.857 696685.0 27.351 2.3418 409.5298 
6640000 24777 268.771 697660.0 26.525 2.3613 387.8084 
6650000 24813 276.177 698736.0 28.953 2.4327 504.2242 
6660000 24848 283.364 699898.0 31.297 2.4901 585.0397 
6670000 24885 276.659 701093.0 31.749 2.4296 531.1869 
6680000 24918 285.217 702234.0 32.457 2.5087 528.4538 
6690000 24952 289.771 703352.0 32.866 2.5514 523.7016 
6700000 24984 295.456 704433.0 32.031 2.6008 495.0436 
6710000 25020 292.331 705488.0 31.58 2.5679 503.3108 
6720000 25055 292.229 706633.0 32.741 2.5648 534.5537 
6730000 25090 289.642 707730.0 32.123 2.5437 556.2818 
6740000 25122 291.796 708893.0 32.367 2.5597 598.1632 
6750000 25157 292.806 709945.0 32.045 2.5672 608.9353 
6760000 25185 313.603 711044.0 33.71 2.7564 604.7634 
6770000 25220 302.786 712084.0 32.436 2.6615 549.5982 
6780000 25257 285.774 713130.0 29.583 2.5092 487.0362 
6790000 25290 290.819 714214.0 30.789 2.5591 502.7448 
6800000 25326 278.462 715377.0 30.764 2.4496 477.6798 
6810000 25359 292.673 716484.0 32.909 2.5784 543.3105 
6820000 25391 300.325 717579.0 33.531 2.6464 511.8139 
6830000 25423 308.805 718672.0 34.054 2.7162 535.4564 
6840000 25456 304.592 719813.0 34.407 2.6855 590.2643 
6850000 25493 285.871 720944.0 32.402 2.5201 521.2722 
6860000 25527 284.052 722133.0 32.464 2.4985 509.3291 
6870000 25566 273.079 723348.0 32.449 2.4062 530.7298 
6880000 25602 274.736 724351.0 29.956 2.4187 471.2239 
6890000 25633 295.348 725472.0 32.719 2.5987 505.3367 
6900000 25667 295.124 726642.0 33.537 2.5949 511.4577 
6910000 25695 311.186 727782.0 35.224 2.7363 545.3839 
6920000 25728 313.231 728979.0 36.453 2.7526 600.1005 
6930000 25761 305.911 730149.0 35.49 2.6961 572.5276 
6940000 25794 302.537 731322.0 35.409 2.6657 553.1506 
6950000 25826 309.071 732520.0 36.995 2.7449 641.9692 
6960000 25862 294.347 733659.0 34.269 2.6046 546.9888 
6970000 25896 290.279 734782.0 32.664 2.5585 512.2535 
6980000 25929 299.161 735991.0 34.998 2.6343 560.0215 
6990000 25961 304.447 737182.0 35.89 2.6762 567.6565 
7000000 25997 288.544 738370.0 34.33 2.5385 528.1588 
7010000 26031 287.454 739653.0 35.45 2.529 530.124 
7020000 26066 287.409 740870.0 35.4 2.5277 536.9086 
7030000 26101 286.126 741885.0 32.003 2.5121 507.1047 
7040000 26136 276.403 742996.0 30.583 2.427 485.426 
7050000 26170 287.685 744080.0 31.856 2.5253 545.6498 
7060000 26205 284.893 745195.0 31.71 2.5088 543.7495 
7070000 26242 282.304 746166.0 29.823 2.4813 473.3166 
7080000 26277 281.662 747160.0 28.698 2.4744 435.5154 
7090000 26316 267.197 748158.0 26.917 2.3459 394.737 
7100000 26351 277.792 749129.0 27.649 2.4383 408.6712 
7110000 26389 272.561 750128.0 27.063 2.393 398.3021 
7120000 26424 277.214 751058.0 26.734 2.4386 405.5985 
7130000 26460 273.317 752086.0 27.141 2.4058 396.7512 
7140000 26495 279.227 753077.0 27.802 2.4589 412.3133 
7150000 26526 297.45 754050.0 29.033 2.616 439.6704 
7160000 26556 308.679 755114.0 30.793 2.7172 508.0424 
7170000 26593 294.424 756149.0 30.395 2.5917 478.9891 
7180000 26629 288.163 757234.0 30.451 2.5376 463.1897 
7190000 26664 287.657 758329.0 30.84 2.5319 471.4314 
7200000 26699 288.88 759328.0 30.128 2.5423 466.2869 
7210000 26731 301.513 760332.0 30.762 2.651 514.0518 
7220000 26766 299.213 761335.0 30.202 2.6329 480.2378 
7230000 26801 289.794 762357.0 29.488 2.5532 462.2616 
7240000 26833 303.528 763333.0 30.574 2.6708 467.6315 
7250000 26868 289.07 764429.0 30.142 2.5421 467.3872 
7260000 26902 295.051 765505.0 31.896 2.5941 498.7585 
7270000 26936 297.207 766598.0 32.152 2.6079 522.2475 
7280000 26970 298.232 767759.0 33.507 2.6201 536.4605 
7290000 27000 310.231 768923.0 35.03 2.7277 582.2369 
7300000 27036 294.27 770069.0 33.9 2.581 604.1902 
7310000 27069 295.948 771216.0 33.917 2.5973 550.9367 
7320000 27099 314.105 772376.0 36.316 2.7614 625.8812 
7330000 27131 311.86 773590.0 36.999 2.7401 620.7438 
7340000 27162 315.243 774724.0 36.598 2.7704 595.4166 
7350000 27195 304.608 775921.0 35.453 2.6791 557.5926 
7360000 27225 308.966 777032.0 35.212 2.7157 584.3489 
7370000 27260 304.408 778085.0 33.97 2.6854 574.3691 
7380000 27292 307.019 779343.0 36.092 2.7047 631.3934 
7390000 27324 302.816 780515.0 35.427 2.6676 596.1974 
7400000 27358 303.606 781658.0 35.778 2.672 582.5364 
7410000 27389 310.435 782667.0 34.202 2.74 534.6063 
7420000 27422 307.518 783730.0 33.687 2.712 532.5044 
7430000 27457 301.066 784874.0 33.592 2.6536 565.6032 
7440000 27489 305.291 785953.0 32.944 2.6909 547.1132 
7450000 27522 300.329 787106.0 33.623 2.6467 590.6569 
7460000 27553 312.988 788232.0 35.319 2.7575 610.3726 
7470000 27589 284.648 789380.0 32.077 2.51 496.0934 
7480000 27626 282.412 790491.0 31.822 2.484 561.7308 
7490000 27656 301.016 791504.0 32.526 2.6544 574.9767 
7500000 27694 282.221 792545.0 29.89 2.4842 498.0273 
7510000 27726 291.372 793560.0 29.827 2.5623 475.7141 
7520000 27756 309.546 794600.0 31.591 2.719 499.9842 
7530000 27792 293.396 795720.0 31.632 2.5758 561.7069 
7540000 27826 290.264 796796.0 31.713 2.5568 581.9937 
7550000 27860 293.431 797798.0 30.649 2.5829 543.8072 
7560000 27890 311.148 798853.0 32.795 2.7352 600.8275 
7570000 27924 300.515 799948.0 32.065 2.6402 575.1669 
7580000 27954 309.252 801100.0 33.766 2.7205 570.7891 
7590000 27984 315.154 802247.0 35.059 2.7736 648.0741 
7600000 28020 303.197 803406.0 34.845 2.6678 610.0679 
7610000 28053 303.353 804526.0 34.17 2.6642 568.3635 
7620000 28092 271.676 805641.0 29.694 2.3906 503.4516 
7630000 28131 267.246 806565.0 27.034 2.3523 419.8615 
7640000 28170 264.614 807578.0 27.186 2.3254 434.9695 
7650000 28203 280.497 808821.0 31.406 2.469 506.4904 
7660000 28239 276.617 809940.0 31.163 2.4368 508.251 
7670000 28275 278.558 810980.0 30.127 2.4505 494.6842 
7680000 28307 292.304 812031.0 31.229 2.5688 500.9539 
7690000 28341 291.926 813113.0 31.483 2.5671 515.5323 
7700000 28376 286.568 814273.0 32.463 2.5195 506.7963 
7710000 28413 273.027 815303.0 29.419 2.3956 439.1829 
7720000 28449 278.711 816360.0 29.864 2.45 423.4565 
7730000 28479 296.887 817549.0 32.966 2.6109 507.3527 
7740000 28512 297.419 818695.0 32.986 2.6171 533.2192 
7750000 28549 285.432 819737.0 30.881 2.5104 483.308 
7760000 28583 292.95 820760.0 31.162 2.5768 464.1816 
7770000 28621 279.082 821782.0 29.252 2.4589 420.0019 
7780000 28657 279.11 822850.0 29.418 2.4576 428.5207 
7790000 28689 293.613 823905.0 31.185 2.586 499.174 
7800000 28723 297.432 824930.0 31.005 2.6168 506.9861 
7810000 28758 284.919 825898.0 28.497 2.5054 432.6103 
7820000 28796 280.81 826931.0 29.088 2.4686 411.0419 
7830000 28829 288.661 827886.0 28.734 2.5402 399.2646 
7840000 28862 296.425 828867.0 29.275 2.6104 406.423 
7850000 28896 299.384 829782.0 28.371 2.6381 393.7168 
7860000 28930 293.482 830818.0 28.887 2.5822 398.5628 
7870000 28965 290.385 831849.0 29.525 2.559 402.1477 
7880000 28996 304.123 832942.0 32.001 2.6777 469.8156 
7890000 29026 317.364 834016.0 33.785 2.7958 518.7186 
7900000 29059 307.349 835070.0 31.986 2.7048 486.8327 
7910000 29087 330.434 835964.0 32.63 2.9112 491.8254 
7920000 29118 322.968 836985.0 32.059 2.8482 499.6646 
7930000 29158 284.599 837931.0 27.574 2.5101 443.8074 
7940000 29190 296.916 838796.0 27.489 2.6238 449.3734 
7950000 29221 307.243 839789.0 29.44 2.7096 483.7403 
7960000 29256 293.425 840824.0 29.104 2.5935 471.4847 
7970000 29292 285.054 841890.0 29.114 2.517 455.6891 
7980000 29325 297.529 842940.0 30.942 2.6216 490.6951 
7990000 29361 284.368 843973.0 29.451 2.5035 441.0994 
8000000 29393 299.618 844957.0 30.732 2.6398 456.2292 
8010000 29424 305.787 845965.0 30.61 2.6874 458.873 
8020000 29457 301.649 846950.0 29.985 2.6536 451.1192 
8030000 29490 302.289 848004.0 30.753 2.6589 487.0487 
8040000 29524 300.005 849044.0 31.334 2.6405 486.8486 
8050000 29559 290.408 850125.0 30.46 2.561 453.7229 
8060000 29593 291.491 851251.0 32.046 2.5685 500.6831 
8070000 29626 298.888 852310.0 32.122 2.6329 507.2135 
8080000 29663 284.432 853314.0 29.774 2.5057 470.1778 
8090000 29697 280.116 854377.0 29.085 2.4692 466.0334 
8100000 29736 269.423 855485.0 29.21 2.3774 440.9162 
8110000 29774 268.296 856528.0 28.636 2.3627 457.4243 
8120000 29805 287.655 857633.0 30.706 2.534 447.4996 
8130000 29838 295.477 858701.0 31.756 2.6032 477.2139 
8140000 29874 287.435 859732.0 30.403 2.5279 460.1143 
8150000 29913 271.56 860861.0 30.157 2.3871 461.6912 
8160000 29949 270.902 862025.0 30.609 2.3835 474.8113 
8170000 29984 283.449 863143.0 32.371 2.4925 515.0361 
8180000 30015 297.637 864291.0 33.669 2.6211 596.3401 
8190000 30049 293.533 865398.0 32.896 2.5824 517.2934 
8200000 30086 285.744 866437.0 31.278 2.5104 494.7168 
8210000 30123 274.765 867500.0 29.507 2.4174 453.0609 
8220000 30158 280.516 868610.0 30.8 2.4661 460.0056 
8230000 30198 263.71 869510.0 25.956 2.3194 373.8873 
8240000 30236 261.724 870518.0 26.269 2.3013 392.1596 
8250000 30270 273.095 871584.0 28.098 2.4064 452.7998 
8260000 30303 291.161 872665.0 30.371 2.5617 445.6961 
8270000 30334 309.227 873688.0 32.245 2.7195 478.7977 
8280000 30367 303.629 874729.0 31.91 2.67 502.6042 
8290000 30405 279.624 875901.0 30.694 2.4595 468.1754 
8300000 30441 274.227 877032.0 30.318 2.4099 473.9331 
8310000 30472 301.718 878068.0 32.887 2.6518 514.5723 
8320000 30503 310.092 879054.0 31.988 2.728 530.3012 
8330000 30539 295.771 880064.0 30.076 2.6072 458.5211 
8340000 30572 300.764 881089.0 30.81 2.6558 475.7879 
8350000 30608 288.558 882200.0 30.845 2.5456 456.132 
8360000 30639 305.337 883139.0 30.619 2.6915 469.4676 
8370000 30675 288.948 884040.0 27.475 2.5464 407.6576 
8380000 30712 280.869 885157.0 29.112 2.4724 452.7645 
8390000 30743 297.678 886190.0 31.155 2.619 476.3069 
8400000 30776 300.487 887225.0 31.142 2.6402 471.4331 
8410000 30808 309.594 888247.0 31.781 2.725 487.7642 
8420000 30843 296.365 889358.0 31.693 2.607 513.5176 
8430000 30876 296.049 890427.0 31.516 2.6049 510.349 
8440000 30909 293.55 891534.0 31.269 2.586 508.5206 
8450000 30944 295.781 892601.0 31.979 2.6021 513.2197 
8460000 30978 295.608 893634.0 31.024 2.5972 586.9155 
8470000 31014 283.16 894712.0 30.002 2.4917 532.8893 
8480000 31047 292.15 895799.0 31.126 2.5718 558.2266 
8490000 31083 284.837 896936.0 31.626 2.5036 493.7622 
8500000 31114 300.095 898002.0 32.645 2.6381 528.7846 
8510000 31149 294.246 899069.0 31.847 2.5877 513.203 
8520000 31181 297.885 900142.0 32.109 2.6167 514.1303 
8530000 31215 297.659 901180.0 31.33 2.6226 518.8121 
8540000 31248 302.503 902238.0 32.096 2.667 527.7828 
8550000 31282 299.159 903333.0 32.423 2.638 534.2655 
8560000 31319 282.502 904382.0 29.913 2.4948 499.4738 
8570000 31359 260.852 905341.0 25.94 2.2973 429.7776 
8580000 31396 263.449 906342.0 26.501 2.3167 429.7238 
8590000 31428 283.394 907386.0 28.595 2.4932 428.7267 
8600000 31461 294.931 908492.0 31.319 2.597 480.6177 
8610000 31496 289.107 909506.0 30.198 2.5474 466.2494 
8620000 31530 292.272 910541.0 30.201 2.5741 450.7467 
8630000 31563 292.748 911695.0 31.466 2.5817 453.9532 
8640000 31602 273.003 912745.0 28.973 2.4074 412.0027 
8650000 31635 281.501 913771.0 29.466 2.479 438.9674 
8660000 31668 284.897 914824.0 29.47 2.5064 442.5961 
8670000 31707 276.687 915832.0 28.745 2.4366 427.4271 
8680000 31740 286.467 916897.0 29.62 2.5237 462.4161 
8690000 31773 292.654 918075.0 32.016 2.5799 464.4176 
8700000 31812 269.816 919203.0 30.282 2.3729 444.8092 
8710000 31853 256.353 920238.0 27.871 2.2572 412.3508 
8720000 31890 263.03 921416.0 29.568 2.3181 438.2187 
8730000 31929 256.743 922670.0 30.44 2.2563 436.3489 
8740000 31968 256.979 923837.0 30.562 2.269 423.7406 
8750000 32004 265.046 924886.0 29.242 2.3417 432.0132 
8760000 32040 270.082 925992.0 30.137 2.3897 438.3455 
8770000 32076 274.812 927090.0 29.995 2.4269 421.741 
8780000 32109 281.726 928210.0 31.139 2.4871 437.1361 
8790000 32144 289.755 929320.0 32.606 2.5603 492.265 
8800000 32178 287.358 930462.0 32.053 2.5347 479.3572 
8810000 32214 279.613 931629.0 31.827 2.4649 478.4158 
8820000 32249 281.84 932820.0 33.243 2.4876 468.0574 
8830000 32283 289.856 934050.0 34.488 2.5576 484.0761 
8840000 32319 282.268 935275.0 33.772 2.4933 503.3421 
8850000 32352 287.136 936380.0 32.821 2.4963 512.1485 
8860000 32386 300.117 937515.0 34.449 2.5718 505.1853 
8870000 32421 292.473 938662.0 33.418 2.4928 538.9015 
8880000 32455 295.346 939791.0 33.788 2.507 519.3311 
8890000 32497 267.478 940722.0 27.884 2.2652 401.5371 
8900000 32535 266.584 941723.0 27.461 2.2564 386.2384 
8910000 32567 287.78 942902.0 31.84 2.4327 494.7674 
8920000 32601 284.002 944022.0 31.288 2.4009 500.7227 
8930000 32632 304.805 945082.0 33.302 2.5742 520.2981 
8940000 32669 291.376 946145.0 31.663 2.4598 505.2391 
8950000 32706 272.929 947214.0 29.132 2.3042 442.2055 
8960000 32741 280.657 948325.0 30.584 2.3698 434.4714 
8970000 32778 271.562 949434.0 29.385 2.294 415.2588 
8980000 32814 270.923 950644.0 30.876 2.288 464.1886 
8990000 32848 282.055 951646.0 30.876 2.3817 470.0587 
9000000 32885 278.571 952802.0 31.319 2.3564 493.8772 
9010000 32920 275.637 954038.0 32.835 2.3307 507.4988 
9020000 32956 281.126 955226.0 33.423 2.3756 506.3078 
9030000 32994 266.367 956380.0 31.055 2.2523 486.6531 
9040000 33030 267.846 957512.0 30.401 2.263 460.5167 
9050000 33063 285.195 958570.0 31.28 2.409 498.4738 
9060000 33099 283.948 959728.0 31.902 2.3983 552.6259 
9070000 33135 285.115 960911.0 32.9 2.4121 578.7287 
9080000 33171 278.142 962034.0 31.574 2.3517 517.633 
9090000 33204 285.213 963076.0 30.669 2.408 466.1102 
9100000 33237 297.72 964172.0 32.379 2.5161 523.0869 
9110000 33268 307.538 965320.0 34.559 2.601 537.8346 
9120000 33301 306.887 966459.0 34.688 2.598 525.0054 
9130000 33333 310.75 967466.0 33.285 2.629 484.4672 
9140000 33368 298.007 968524.0 31.556 2.5179 473.3968 
9150000 33400 306.747 969582.0 32.702 2.5918 467.6426 
9160000 33440 277.815 970789.0 31.847 2.3477 440.3185 
9170000 33472 290.943 971914.0 33.011 2.4574 460.9002 
9180000 33504 300.079 972959.0 32.458 2.5341 462.3464 
9190000 33537 299.532 974042.0 32.754 2.5283 497.6317 
9200000 33570 302.981 975096.0 32.609 2.557 487.3316 
9210000 33603 297.935 976230.0 32.208 2.5143 499.6468 
9220000 33634 310.301 977326.0 34.104 2.6222 504.8038 
9230000 33667 310.248 978413.0 33.825 2.6215 516.9179 
9240000 33702 295.569 979557.0 32.969 2.4965 516.5372 
9250000 33737 293.598 980713.0 33.57 2.4803 511.4201 
9260000 33765 315.002 981773.0 34.3 2.6612 534.592 
9270000 33796 319.309 982854.0 35.295 2.6978 563.62 
9280000 33834 287.391 983983.0 31.954 2.4268 472.7309 
9290000 33870 281.494 985144.0 31.716 2.3773 455.4202 
9300000 33903 285.469 986270.0 31.854 2.4116 481.9205 
9310000 33939 287.127 987283.0 30.495 2.423 454.4465 
9320000 33974 287.525 988312.0 30.231 2.4289 436.3405 
9330000 34010 283.632 989444.0 31.195 2.3931 436.4589 
9340000 34047 274.287 990579.0 30.332 2.3184 432.517 
9350000 34080 288.875 991624.0 31.023 2.4411 452.253 
9360000 34114 292.442 992795.0 32.898 2.468 471.0903 
9370000 34147 296.183 993931.0 33.9 2.4994 524.1887 
9380000 34185 281.871 994978.0 30.984 2.3793 497.033 
9390000 34220 282.227 996103.0 31.492 2.3823 486.1078 
9400000 34255 284.004 997228.0 31.792 2.3994 499.7304 
9410000 34292 276.34 998323.0 30.868 2.3323 500.706 
9420000 34327 280.083 999429.0 31.367 2.3659 521.3619 
9430000 34365 270.383 1000588.0 30.228 2.2836 486.7798 
9440000 34401 275.322 1001646.0 29.968 2.3236 470.1483 
9450000 34437 271.756 1002801.0 29.981 2.2939 453.2355 
9460000 34467 301.976 1003857.0 32.774 2.5526 502.5312 
9470000 34500 302.5 1004879.0 31.958 2.5566 477.046 
9480000 34537 287.843 1006005.0 31.831 2.4304 488.1239 
9490000 34575 273.519 1007137.0 30.574 2.3117 463.9561 
9500000 34611 269.501 1008175.0 28.419 2.2784 459.2767 
9510000 34645 287.844 1009175.0 30.065 2.4312 478.7084 
9520000 34680 284.03 1010234.0 29.622 2.3997 451.9529 
9530000 34719 267.1 1011336.0 28.921 2.2555 421.3313 
9540000 34754 282.093 1012343.0 29.464 2.3817 452.1766 
9550000 34789 285.99 1013421.0 30.399 2.4153 465.4076 
9560000 34824 284.309 1014476.0 29.828 2.4017 493.6008 
9570000 34857 287.534 1015613.0 31.01 2.427 488.3299 
9580000 34892 291.335 1016629.0 31.194 2.461 493.4149 
9590000 34928 284.693 1017800.0 31.82 2.4032 514.0701 
9600000 34962 288.447 1018976.0 32.469 2.4348 517.7417 
9610000 34998 281.989 1020102.0 31.697 2.3819 520.7038 
9620000 35034 275.584 1021258.0 30.783 2.3291 481.1827 
9630000 35070 279.81 1022395.0 31.467 2.3597 485.0204 
9640000 35106 275.467 1023506.0 30.745 2.3277 461.9911 
9650000 35140 288.086 1024612.0 32.385 2.4331 570.9806 
9660000 35172 299.065 1025662.0 32.49 2.5253 544.3068 
9670000 35205 300.536 1026757.0 32.484 2.5349 540.6592 
9680000 35239 294.06 1027882.0 32.636 2.4795 482.7699 
9690000 35273 293.426 1028952.0 31.751 2.4754 480.7521 
9700000 35308 290.291 1030159.0 33.395 2.4493 533.5606 
9710000 35343 283.34 1031320.0 32.302 2.3911 498.2138 
9720000 35379 279.22 1032445.0 31.374 2.359 471.4635 
9730000 35415 278.864 1033533.0 31.325 2.3574 466.4488 
9740000 35446 301.375 1034619.0 33.414 2.5479 535.8987 
9750000 35481 290.884 1035767.0 32.369 2.4641 503.8176 
9760000 35514 295.819 1036894.0 33.059 2.5012 495.4075 
9770000 35547 300.474 1038055.0 34.306 2.5416 499.272 
9780000 35583 286.063 1039209.0 32.482 2.4163 520.9245 
9790000 35618 286.502 1040312.0 32.285 2.4203 496.0123 
9800000 35654 278.61 1041490.0 32.526 2.3519 484.8739 
9810000 35689 287.047 1042668.0 33.296 2.4225 487.7074 
9820000 35721 300.052 1043807.0 34.12 2.5323 525.9631 
9830000 35755 302.906 1044964.0 34.837 2.5601 517.0911 
9840000 35790 293.123 1046116.0 33.826 2.4746 505.362 
9850000 35821 309.463 1047266.0 35.578 2.6102 550.3359 
9860000 35853 307.125 1048448.0 35.39 2.593 575.3527 
9870000 35888 300.695 1049591.0 35.26 2.5405 552.7525 
9880000 35920 306.261 1050710.0 35.411 2.5947 535.8458 
9890000 35952 305.21 1051927.0 35.796 2.583 565.6768 
9900000 35988 291.618 1053074.0 33.56 2.4661 502.9734 
9910000 36024 287.169 1054252.0 33.747 2.4267 524.0288 
9920000 36058 289.391 1055378.0 33.151 2.4468 508.9218 
9930000 36092 291.037 1056533.0 33.542 2.4615 529.2612 
9940000 36123 299.685 1057744.0 34.824 2.5372 529.8422 
9950000 36155 307.748 1058924.0 36.807 2.6061 582.6318 
9960000 36189 301.316 1060173.0 36.63 2.5517 589.5015 
9970000 36225 284.495 1061401.0 34.581 2.4079 538.7166 
9980000 36260 286.192 1062593.0 34.47 2.4156 588.2665 
9990000 36295 283.763 1063819.0 34.178 2.3967 553.6869 
10000000 36332 278.541 1064941.0 32.69 2.353 529.5113 
