1000 9 18.006 -357.337 -6.558 0.0107 0.0 
2000 19 32.852 -738.328 -12.361 0.0181 0.0 
3000 28 44.398 -1104.822 -15.936 0.024 0.0 
4000 39 54.885 -1404.543 -18.951 0.0291 0.0 
5000 48 64.016 -1721.685 -21.898 0.034 0.0 
6000 58 71.561 -2094.776 -24.761 0.038 0.0 
7000 66 78.152 -2487.853 -27.808 0.0415 0.0 
8000 76 83.411 -2782.491 -28.633 0.044 0.0 
9000 84 87.247 -3146.814 -30.102 0.0458 0.0 
10000 94 91.707 -3418.141 -30.543 0.0481 0.0 
11000 104 92.591 -3747.648 -30.662 0.0482 0.0 
12000 115 92.547 -4014.705 -29.47 0.0479 0.0 
13000 124 94.189 -4353.833 -29.967 0.0487 0.0 
14000 135 94.66 -4751.133 -32.064 0.0487 0.0 
15000 144 97.687 -5093.703 -33.149 0.051 0.0 
16000 154 96.855 -5448.479 -33.387 0.0501 0.0 
17000 163 100.191 -5824.531 -34.868 0.0708 0.0 
18000 175 96.35 -6071.218 -31.745 0.0941 0.0 
19000 187 94.252 -6085.01 -25.274 0.1149 0.0 
20000 192 103.752 -6117.276 -23.424 0.1494 0.0 
21000 193 105.257 -6121.973 -22.924 0.1553 0.0 
22000 194 123.152 -6138.756 -22.661 0.2272 0.0 
23000 195 140.689 -6148.586 -22.576 0.2955 0.0 
24000 196 157.875 -6160.663 -22.328 0.3777 0.0 
25000 197 174.717 -6166.028 -22.068 0.447 0.0 
26000 198 191.223 -6174.177 -21.735 0.5212 0.0 
27000 199 207.399 -6188.608 -21.492 0.5746 0.0 
28000 203 224.907 -6256.426 -21.381 0.6276 0.0 
29000 206 231.946 -6348.444 -21.768 0.6489 0.0 
30000 211 227.49 -6465.538 -21.815 0.6262 0.0 
31000 216 222.272 -6568.927 -21.693 0.6017 0.0 
32000 220 227.545 -6650.79 -21.585 0.6091 0.0 
33000 226 220.753 -6758.119 -21.429 0.5803 0.0 
34000 230 221.869 -6859.814 -21.601 0.5769 0.0 
35000 235 220.576 -6966.425 -21.662 0.566 0.0 
36000 237 226.91 -7012.087 -21.603 0.5826 0.0 
37000 239 238.966 -7044.599 -21.59 0.6246 0.0 
38000 240 248.267 -7082.997 -21.559 0.6603 0.0 
39000 242 255.9 -7114.545 -21.489 0.6991 0.0 
40000 245 272.581 -7132.341 -20.805 0.786 0.0 
41000 246 287.129 -7146.309 -20.604 0.8449 0.0 
42000 247 289.526 -7183.575 -20.643 0.8487 0.0 
43000 249 302.648 -7186.313 -20.056 0.8961 0.0 
44000 250 309.615 -7197.541 -19.881 0.9292 0.0 
45000 252 325.094 -7211.249 -19.522 0.9966 0.0 
46000 253 338.592 -7207.45 -19.023 1.0755 0.0 
47000 254 351.82 -7194.713 -18.462 1.1553 0.0 
48000 256 364.148 -7200.197 -17.771 1.1951 0.0 
49000 257 365.065 -7212.43 -17.559 1.1915 0.0 
50000 258 377.764 -7219.608 -17.389 1.2444 0.0 
51000 260 389.084 -7225.664 -16.823 1.2968 0.0 
52000 262 399.222 -7265.281 -16.951 1.3476 0.0 
53000 263 411.238 -7271.982 -16.81 1.3908 0.0 
54000 264 423.013 -7271.15 -16.471 1.4436 0.0 
55000 265 434.553 -7282.845 -16.328 1.5021 0.0 
56000 266 439.722 -7298.5 -16.175 1.5249 0.0 
57000 269 436.881 -7329.942 -15.96 1.5029 0.0 
58000 270 444.223 -7359.31 -16.174 1.5395 0.0 
59000 271 443.819 -7372.301 -15.951 1.5346 0.0 
60000 274 454.012 -7399.1 -15.742 1.5961 0.0 
61000 275 464.932 -7409.845 -15.658 1.6563 0.0 
62000 276 475.633 -7418.192 -15.553 1.6993 0.0 
63000 278 470.991 -7437.409 -15.233 1.6682 0.0 
64000 279 481.571 -7439.402 -15.089 1.7193 0.0 
65000 280 491.94 -7445.534 -14.835 1.7546 0.0 
66000 281 502.101 -7457.004 -14.703 1.7894 0.0 
67000 282 512.059 -7468.136 -14.621 1.8296 0.0 
68000 283 521.818 -7473.577 -14.587 1.8924 0.0 
69000 284 531.381 -7477.178 -14.355 1.9485 0.0 
70000 285 540.754 -7489.136 -14.173 1.9764 0.0 
71000 286 549.939 -7499.279 -14.136 2.025 0.0 
72000 287 558.94 -7503.825 -14.026 2.0581 0.0 
73000 288 567.761 -7511.593 -13.859 2.088 0.0 
74000 289 576.406 -7521.276 -13.703 2.1253 0.0 
75000 290 584.878 -7524.239 -13.616 2.1485 0.0 
76000 291 593.18 -7530.416 -13.425 2.1637 0.0 
77000 292 601.316 -7536.01 -13.288 2.2075 0.0 
78000 293 609.29 -7542.551 -13.132 2.227 0.0 
79000 294 617.104 -7549.432 -13.011 2.2525 0.0 
80000 295 618.982 -7559.494 -12.884 2.2431 0.0 
81000 296 621.243 -7565.583 -12.738 2.2473 0.0 
82000 297 628.818 -7572.566 -12.509 2.3009 0.0 
83000 299 636.397 -7573.638 -12.246 2.3231 0.0 
84000 300 643.669 -7580.243 -12.086 2.3435 0.0 
85000 301 650.795 -7583.126 -11.987 2.3735 0.0 
86000 302 657.779 -7587.213 -11.793 2.3972 0.0 
87000 303 658.964 -7596.156 -11.66 2.405 0.0 
88000 304 665.785 -7605.195 -11.539 2.444 0.0 
89000 305 672.469 -7612.263 -11.539 2.4522 0.0 
90000 306 679.019 -7619.156 -11.427 2.4612 0.0 
91000 307 685.439 -7624.57 -11.325 2.4773 0.0 
92000 308 691.73 -7628.619 -11.189 2.4924 0.0 
93000 309 697.896 -7632.331 -11.035 2.522 0.0 
94000 310 703.938 -7641.221 -10.956 2.541 0.0 
95000 311 704.679 -7654.018 -10.868 2.5355 0.0 
96000 312 710.585 -7663.415 -10.863 2.5526 0.0 
97000 313 716.374 -7670.813 -10.83 2.5969 0.0 
98000 314 722.046 -7679.739 -10.765 2.6494 0.0 
99000 315 727.605 -7688.938 -10.722 2.6817 0.0 
100000 316 733.053 -7695.416 -10.686 2.6976 0.0 
101000 317 738.392 -7702.505 -10.609 2.7137 0.0 
102000 318 743.624 -7710.59 -10.538 2.7293 0.0 
103000 319 748.752 -7713.347 -10.505 2.7391 0.0 
104000 320 753.777 -7719.259 -10.31 2.7716 0.0 
105000 321 758.701 -7727.749 -10.245 2.8313 0.0 
106000 322 763.527 -7735.043 -10.211 2.8529 0.0 
107000 323 768.257 -7744.879 -10.151 2.8584 0.0 
108000 324 772.892 -7755.94 -10.134 2.8707 0.0 
109000 325 777.434 -7761.437 -10.151 2.9012 0.0 
110000 326 781.885 -7766.54 -10.066 2.9072 0.0 
111000 327 786.247 -7771.963 -9.963 2.9105 0.0 
112000 328 790.522 -7781.204 -9.868 2.9479 0.0 
113000 329 794.712 -7784.595 -9.859 2.9993 0.0 
114000 330 798.818 -7793.308 -9.734 3.0376 0.0 
115000 331 802.841 -7801.998 -9.695 3.0533 0.0 
116000 332 806.785 -7810.644 -9.687 3.0705 0.0 
117000 333 810.649 -7820.012 -9.652 3.0839 0.0 
118000 334 814.436 -7824.663 -9.649 3.1147 0.0 
119000 336 807.104 -7831.139 -9.346 3.0764 0.0 
120000 337 804.422 -7840.645 -9.339 3.066 0.0 
121000 339 800.447 -7838.505 -9.116 3.056 0.0 
122000 341 794.089 -7845.191 -8.899 3.0036 0.0 
123000 342 798.208 -7848.819 -8.705 3.0262 0.0 
124000 344 774.556 -7855.04 -8.448 2.923 0.0 
125000 346 768.364 -7859.252 -8.262 2.8941 0.0 
126000 347 770.056 -7875.531 -8.28 2.9024 0.0 
127000 350 753.809 -7891.981 -8.229 2.828 0.0 
128000 354 711.514 -7896.349 -7.735 2.6439 0.0 
129000 358 680.449 -7909.24 -7.352 2.4965 0.0 
130000 359 672.76 -7914.63 -7.231 2.4604 0.0 
131000 361 669.099 -7927.297 -7.195 2.4484 0.0 
132000 363 661.784 -7940.737 -7.155 2.4041 0.0 
133000 367 640.112 -7949.38 -6.842 2.3057 0.0 
134000 368 642.57 -7949.415 -6.733 2.3085 0.0 
135000 372 618.204 -7953.109 -6.248 2.2036 0.0 
136000 373 624.28 -7963.203 -6.366 2.2544 0.0 
137000 374 627.395 -7969.869 -6.311 2.2617 0.0 
138000 376 628.326 -7964.455 -5.985 2.2581 0.0 
139000 377 633.899 -7963.672 -5.841 2.2814 0.0 
140000 378 638.041 -7962.684 -5.694 2.3161 0.0 
141000 381 615.984 -7964.237 -5.425 2.2155 0.0 
142000 383 612.247 -7950.105 -5.076 2.2038 0.0 
143000 384 620.002 -7947.977 -4.782 2.217 0.0 
144000 385 627.602 -7958.996 -4.903 2.2687 0.0 
145000 386 635.05 -7956.742 -4.793 2.2998 0.0 
146000 387 642.349 -7955.953 -4.657 2.3252 0.0 
147000 389 643.976 -7951.601 -4.366 2.3479 0.0 
148000 390 651.096 -7952.227 -4.315 2.416 0.0 
149000 391 641.814 -7947.274 -4.181 2.3768 0.0 
150000 393 639.159 -7953.111 -3.971 2.3721 0.0 
151000 396 632.013 -7950.021 -3.797 2.3517 0.0 
152000 398 619.619 -7954.359 -3.734 2.2888 0.0 
153000 399 619.827 -7950.564 -3.556 2.2843 0.0 
154000 401 630.402 -7941.178 -3.223 2.3311 0.0 
155000 402 635.034 -7947.889 -3.33 2.3612 0.0 
156000 404 629.955 -7942.795 -3.028 2.3297 0.0 
157000 405 633.796 -7938.817 -2.917 2.3371 0.0 
158000 406 633.34 -7930.759 -2.731 2.3271 0.0 
159000 409 621.906 -7926.173 -2.492 2.2815 0.0 
160000 410 629.468 -7924.933 -2.379 2.3078 0.0 
161000 411 634.698 -7935.648 -2.515 2.3295 0.0 
162000 412 642.004 -7932.523 -2.508 2.3564 0.0 
163000 415 631.906 -7933.508 -2.312 2.3098 0.0 
164000 416 624.288 -7941.149 -2.309 2.2748 0.0 
165000 419 623.635 -7945.403 -2.322 2.2516 0.0 
166000 420 631.162 -7952.868 -2.478 2.2871 0.0 
167000 421 638.539 -7959.822 -2.535 2.3235 0.0 
168000 422 645.768 -7955.509 -2.42 2.3393 0.0 
169000 424 638.527 -7944.282 -2.12 2.304 0.0 
170000 426 632.123 -7957.523 -2.266 2.275 0.0 
171000 427 635.961 -7966.75 -2.451 2.2876 0.0 
172000 428 640.162 -7972.192 -2.438 2.325 0.0 
173000 429 647.359 -7972.46 -2.459 2.3701 0.0 
174000 431 649.883 -7974.029 -2.349 2.3613 0.0 
175000 433 632.663 -7970.421 -2.261 2.2869 0.0 
176000 435 639.39 -7958.549 -1.863 2.3005 0.0 
177000 436 646.602 -7967.845 -1.984 2.3559 0.0 
178000 437 653.67 -7973.291 -2.081 2.4112 0.0 
179000 438 660.596 -7974.259 -2.056 2.4494 0.0 
180000 439 650.364 -7982.19 -2.027 2.4074 0.0 
181000 440 657.357 -7980.394 -2.13 2.4575 0.0 
182000 441 664.21 -7989.828 -2.109 2.4785 0.0 
183000 444 650.354 -7997.681 -2.169 2.4219 0.0 
184000 446 652.54 -7989.224 -2.09 2.4462 0.0 
185000 447 659.489 -7996.807 -2.173 2.4753 0.0 
186000 448 666.3 -8000.849 -2.27 2.5364 0.0 
187000 449 666.034 -7992.352 -2.052 2.5323 0.0 
188000 450 667.253 -7991.856 -1.864 2.5281 0.0 
189000 451 672.588 -7996.254 -1.854 2.5397 0.0 
190000 453 679.533 -7991.463 -1.87 2.54 0.0 
191000 454 677.683 -7982.296 -1.607 2.5215 0.0 
192000 455 684.129 -7987.016 -1.635 2.5438 0.0 
193000 456 690.447 -7991.019 -1.677 2.5597 0.0 
194000 457 696.638 -7990.931 -1.683 2.5673 0.0 
195000 458 696.865 -7992.156 -1.554 2.5605 0.0 
196000 459 702.928 -7997.882 -1.601 2.597 0.0 
197000 461 699.792 -7983.081 -1.569 2.5921 0.0 
198000 462 701.716 -7981.833 -1.278 2.6132 0.0 
199000 463 707.681 -7990.256 -1.325 2.6342 0.0 
200000 464 713.528 -7992.243 -1.44 2.6854 0.0 
201000 465 719.257 -7997.651 -1.451 2.7197 0.0 
202000 469 695.808 -7999.097 -1.427 2.6107 0.0 
203000 470 701.891 -8001.408 -1.511 2.6242 0.0 
204000 471 693.294 -8002.249 -1.428 2.5836 0.0 
205000 472 699.428 -8010.734 -1.415 2.5991 0.0 
206000 473 705.439 -8020.061 -1.567 2.6399 0.0 
207000 474 711.33 -8028.334 -1.697 2.6493 0.0 
208000 475 717.104 -8039.534 -1.837 2.6756 0.0 
209000 476 722.762 -8048.597 -2.024 2.6748 0.0 
210000 477 728.306 -8061.967 -2.196 2.7027 0.0 
211000 478 733.74 -8068.834 -2.423 2.716 0.0 
212000 480 730.064 -8073.351 -2.432 2.7105 0.0 
213000 482 725.574 -8076.622 -2.432 2.7072 0.0 
214000 483 731.062 -8081.643 -2.549 2.7106 0.0 
215000 484 736.441 -8093.623 -2.675 2.7285 0.0 
216000 485 741.712 -8098.327 -2.788 2.7533 0.0 
217000 488 715.062 -8106.1 -2.735 2.6315 0.0 
218000 489 710.781 -8116.895 -2.78 2.6116 0.0 
219000 491 709.414 -8120.367 -2.825 2.6039 0.0 
220000 492 715.226 -8133.143 -3.004 2.6502 0.0 
221000 494 714.583 -8134.81 -2.931 2.6466 0.0 
222000 495 717.031 -8131.778 -2.986 2.6654 0.0 
223000 496 722.691 -8142.149 -2.954 2.6685 0.0 
224000 497 728.237 -8150.574 -3.071 2.6947 0.0 
225000 498 733.672 -8158.504 -3.184 2.7123 0.0 
226000 499 738.999 -8168.323 -3.25 2.7378 0.0 
227000 500 744.219 -8173.945 -3.346 2.7496 0.0 
228000 501 749.334 -8178.249 -3.443 2.7596 0.0 
229000 502 754.348 -8190.104 -3.488 2.769 0.0 
230000 503 759.261 -8191.848 -3.595 2.7876 0.0 
231000 505 753.234 -8196.401 -3.526 2.7655 0.0 
232000 507 731.389 -8197.03 -3.332 2.6731 0.0 
233000 510 715.213 -8201.978 -3.233 2.5865 0.0 
234000 511 720.909 -8210.923 -3.34 2.5858 0.0 
235000 512 726.491 -8220.02 -3.452 2.6 0.0 
236000 513 731.961 -8232.304 -3.585 2.6031 0.0 
237000 515 725.775 -8246.2 -3.789 2.5859 0.0 
238000 516 731.26 -8257.506 -3.959 2.6017 0.0 
239000 517 736.635 -8267.283 -4.062 2.6482 0.0 
240000 518 741.902 -8281.723 -4.208 2.6845 0.0 
241000 519 733.004 -8295.004 -4.289 2.6463 0.0 
242000 520 738.344 -8306.03 -4.385 2.6936 0.0 
243000 521 743.577 -8317.404 -4.529 2.715 0.0 
244000 522 748.705 -8323.066 -4.66 2.7437 0.0 
245000 523 753.731 -8326.325 -4.703 2.7637 0.0 
246000 524 758.657 -8337.739 -4.638 2.7607 0.0 
247000 526 752.774 -8352.049 -4.774 2.7386 0.0 
248000 527 757.718 -8365.069 -4.945 2.7572 0.0 
249000 528 762.564 -8374.323 -5.097 2.779 0.0 
250000 529 767.313 -8378.667 -5.189 2.826 0.0 
251000 530 771.966 -8379.827 -5.17 2.8549 0.0 
252000 531 776.527 -8387.287 -5.086 2.8641 0.0 
253000 532 780.997 -8389.201 -5.116 2.8728 0.0 
254000 533 785.377 -8394.68 -5.093 2.8914 0.0 
255000 534 789.669 -8400.14 -5.105 2.898 0.0 
256000 535 793.876 -8401.874 -5.091 2.9001 0.0 
257000 536 797.998 -8411.452 -5.011 2.8969 0.0 
258000 537 802.038 -8423.29 -5.144 2.9195 0.0 
259000 539 794.998 -8437.377 -5.26 2.8999 0.0 
260000 540 799.098 -8447.589 -5.356 2.9266 0.0 
261000 541 803.116 -8455.552 -5.475 2.9339 0.0 
262000 542 807.053 -8462.479 -5.545 2.9578 0.0 
263000 543 810.912 -8476.126 -5.539 2.9904 0.0 
264000 544 814.694 -8487.707 -5.694 2.9992 0.0 
265000 545 818.4 -8499.765 -5.878 3.0077 0.0 
266000 547 810.911 -8506.385 -5.782 2.9916 0.0 
267000 548 814.693 -8516.381 -5.988 2.9983 0.0 
268000 549 818.399 -8513.719 -5.863 3.0039 0.0 
269000 550 822.031 -8521.241 -5.879 3.0303 0.0 
270000 551 825.591 -8533.687 -5.833 3.0297 0.0 
271000 553 799.696 -8543.084 -5.702 2.9239 0.0 
272000 554 803.702 -8555.257 -5.798 2.9422 0.0 
273000 555 807.628 -8561.955 -5.939 2.9662 0.0 
274000 556 811.475 -8566.953 -5.939 3.0034 0.0 
275000 559 792.178 -8571.606 -5.746 2.9323 0.0 
276000 560 796.334 -8585.254 -5.806 2.9579 0.0 
277000 562 789.16 -8592.948 -5.788 2.9438 0.0 
278000 563 793.376 -8597.135 -5.849 2.9573 0.0 
279000 564 797.509 -8606.781 -5.883 2.9966 0.0 
280000 565 801.559 -8610.645 -5.837 3.0234 0.0 
281000 566 805.528 -8620.269 -5.84 3.0554 0.0 
282000 567 809.417 -8631.837 -5.959 3.061 0.0 
283000 568 813.229 -8640.591 -6.063 3.0796 0.0 
284000 569 801.384 -8646.65 -5.904 3.0289 0.0 
285000 570 805.356 -8647.021 -5.932 3.0396 0.0 
286000 572 797.844 -8648.472 -5.609 3.016 0.0 
287000 573 801.887 -8660.12 -5.696 3.0518 0.0 
288000 574 805.85 -8667.463 -5.819 3.0873 0.0 
289000 576 797.598 -8674.542 -5.684 3.0661 0.0 
290000 577 801.646 -8684.828 -5.812 3.1029 0.0 
291000 578 805.613 -8694.199 -5.862 3.1247 0.0 
292000 579 809.501 -8697.092 -5.963 3.1327 0.0 
293000 580 813.311 -8699.056 -5.93 3.1462 0.0 
294000 581 817.045 -8712.242 -5.91 3.1518 0.0 
295000 582 820.704 -8724.972 -5.968 3.1427 0.0 
296000 583 824.29 -8736.536 -6.138 3.1645 0.0 
297000 584 827.804 -8743.062 -6.257 3.1796 0.0 
298000 585 831.248 -8754.221 -6.266 3.2015 0.0 
299000 586 834.623 -8761.781 -6.326 3.2009 0.0 
300000 588 824.412 -8770.206 -6.178 3.155 0.0 
301000 589 827.924 -8781.26 -6.315 3.1753 0.0 
302000 590 831.365 -8794.894 -6.431 3.2002 0.0 
303000 591 834.738 -8803.846 -6.544 3.2266 0.0 
304000 592 838.043 -8819.536 -6.61 3.2315 0.0 
305000 593 841.282 -8826.828 -6.704 3.2381 0.0 
306000 594 844.457 -8830.51 -6.802 3.2567 0.0 
307000 595 833.207 -8840.59 -6.591 3.206 0.0 
308000 596 836.543 -8852.708 -6.606 3.236 0.0 
309000 597 839.812 -8864.777 -6.751 3.2448 0.0 
310000 600 821.812 -8852.292 -6.455 3.1778 0.0 
311000 601 825.376 -8866.569 -6.387 3.1842 0.0 
312000 602 828.869 -8878.107 -6.514 3.1998 0.0 
313000 604 819.225 -8890.114 -6.556 3.1583 0.0 
314000 605 822.841 -8899.344 -6.638 3.167 0.0 
315000 606 826.384 -8912.186 -6.713 3.2047 0.0 
316000 607 829.856 -8921.975 -6.773 3.2109 0.0 
317000 608 833.259 -8935.559 -6.932 3.2376 0.0 
318000 609 836.594 -8945.877 -6.996 3.2829 0.0 
319000 610 839.862 -8957.023 -7.062 3.3151 0.0 
320000 611 843.065 -8966.52 -7.079 3.3416 0.0 
321000 612 846.204 -8970.003 -7.079 3.34 0.0 
322000 613 849.28 -8981.811 -7.107 3.3683 0.0 
323000 614 852.294 -8987.081 -7.199 3.3641 0.0 
324000 615 855.248 -8997.88 -7.189 3.3755 0.0 
325000 616 858.143 -9009.238 -7.238 3.3909 0.0 
326000 617 860.98 -9018.914 -7.341 3.4069 0.0 
327000 618 863.761 -9026.274 -7.346 3.4232 0.0 
328000 619 866.485 -9033.489 -7.368 3.4612 0.0 
329000 620 869.156 -9038.682 -7.423 3.4781 0.0 
330000 621 871.773 -9044.271 -7.356 3.4895 0.0 
331000 622 860.137 -9052.28 -7.123 3.4344 0.0 
332000 623 862.934 -9064.613 -7.15 3.4472 0.0 
333000 624 865.676 -9074.201 -7.222 3.4414 0.0 
334000 625 868.362 -9082.299 -7.255 3.4419 0.0 
335000 626 870.995 -9092.861 -7.311 3.4691 0.0 
336000 627 873.575 -9097.422 -7.365 3.4933 0.0 
337000 630 847.924 -9096.193 -6.911 3.371 0.0 
338000 631 850.966 -9100.722 -6.933 3.3888 0.0 
339000 632 853.946 -9110.425 -6.912 3.3929 0.0 
340000 633 856.868 -9117.086 -6.93 3.4361 0.0 
341000 634 859.73 -9118.568 -6.955 3.4415 0.0 
342000 635 862.536 -9134.049 -6.888 3.4381 0.0 
343000 638 839.456 -9129.239 -6.561 3.3384 0.0 
344000 639 842.667 -9138.38 -6.581 3.3511 0.0 
345000 640 845.814 -9143.009 -6.585 3.3744 0.0 
346000 641 848.898 -9152.157 -6.591 3.3815 0.0 
347000 642 851.34 -9160.533 -6.636 3.3919 0.0 
348000 643 854.313 -9165.674 -6.602 3.4217 0.0 
349000 644 857.227 -9171.346 -6.579 3.4496 0.0 
350000 645 860.082 -9175.239 -6.541 3.4675 0.0 
351000 646 862.88 -9181.478 -6.517 3.5181 0.0 
352000 647 865.623 -9191.327 -6.571 3.5516 0.0 
353000 648 868.31 -9191.83 -6.574 3.5723 0.0 
354000 649 870.944 -9204.026 -6.511 3.5689 0.0 
355000 650 873.525 -9206.49 -6.628 3.5845 0.0 
356000 651 876.055 -9210.013 -6.449 3.5907 0.0 
357000 652 878.534 -9214.378 -6.325 3.5933 0.0 
358000 653 880.963 -9205.185 -6.199 3.5845 0.0 
359000 654 867.864 -9211.928 -6.009 3.524 0.0 
360000 655 870.506 -9220.189 -5.963 3.547 0.0 
361000 656 873.096 -9227.387 -5.995 3.5714 0.0 
362000 659 851.676 -9229.666 -5.796 3.4793 0.0 
363000 660 854.643 -9239.62 -5.907 3.4934 0.0 
364000 661 857.55 -9240.001 -5.819 3.5011 0.0 
365000 662 860.399 -9242.416 -5.759 3.5008 0.0 
366000 663 863.191 -9244.393 -5.753 3.5005 0.0 
367000 664 865.927 -9256.326 -5.706 3.524 0.0 
368000 665 856.308 -9261.301 -5.751 3.4725 0.0 
369000 667 851.259 -9258.089 -5.516 3.4589 0.0 
370000 668 854.233 -9257.706 -5.419 3.4954 0.0 
371000 669 857.149 -9258.246 -5.309 3.5034 0.0 
372000 670 860.006 -9260.646 -5.268 3.5437 0.0 
373000 671 862.806 -9264.569 -5.195 3.5516 0.0 
374000 672 859.85 -9270.702 -5.17 3.529 0.0 
375000 673 862.653 -9277.548 -5.131 3.5486 0.0 
376000 674 865.4 -9282.64 -5.194 3.5539 0.0 
377000 675 868.092 -9283.161 -5.198 3.5835 0.0 
378000 676 870.73 -9278.095 -5.007 3.5835 0.0 
379000 677 873.315 -9276.807 -4.845 3.5833 0.0 
380000 678 875.849 -9276.463 -4.71 3.5933 0.0 
381000 679 878.332 -9271.192 -4.577 3.5821 0.0 
382000 680 880.765 -9278.63 -4.476 3.5927 0.0 
383000 681 883.15 -9279.447 -4.542 3.599 0.0 
384000 683 876.877 -9277.108 -4.299 3.5608 0.0 
385000 684 879.34 -9277.206 -4.277 3.5855 0.0 
386000 685 881.753 -9267.504 -4.084 3.5921 0.0 
387000 686 882.218 -9261.534 -3.78 3.5776 0.0 
388000 687 884.573 -9258.241 -3.582 3.5937 0.0 
389000 688 886.882 -9264.073 -3.662 3.6222 0.0 
390000 689 889.144 -9272.428 -3.752 3.6477 0.0 
391000 691 878.074 -9273.296 -3.696 3.6089 0.0 
392000 692 880.513 -9285.348 -3.808 3.6031 0.0 
393000 693 882.902 -9294.801 -3.884 3.5978 0.0 
394000 694 885.244 -9306.173 -3.935 3.6155 0.0 
395000 695 887.539 -9308.023 -3.977 3.6438 0.0 
396000 696 889.789 -9307.838 -3.998 3.6435 0.0 
397000 698 877.513 -9316.998 -3.924 3.5856 0.0 
398000 699 879.963 -9321.692 -3.94 3.6196 0.0 
399000 700 882.364 -9324.573 -3.955 3.6318 0.0 
400000 701 867.856 -9331.486 -3.806 3.5666 0.0 
401000 702 870.499 -9336.739 -3.883 3.6001 0.0 
402000 703 873.089 -9346.406 -3.979 3.6182 0.0 
403000 704 875.627 -9349.203 -4.029 3.6188 0.0 
404000 705 878.115 -9345.387 -4.026 3.6454 0.0 
405000 706 880.553 -9348.419 -3.829 3.6728 0.0 
406000 707 882.941 -9353.273 -3.849 3.6896 0.0 
407000 708 885.283 -9354.369 -3.864 3.6854 0.0 
408000 709 885.537 -9359.447 -3.751 3.6794 0.0 
409000 710 887.826 -9368.652 -3.803 3.7029 0.0 
410000 711 890.07 -9374.119 -3.913 3.7188 0.0 
411000 712 892.268 -9371.21 -3.943 3.7297 0.0 
412000 714 880.315 -9361.356 -3.478 3.6872 0.0 
413000 715 882.708 -9368.922 -3.524 3.6733 0.0 
414000 717 871.333 -9381.94 -3.734 3.62 0.0 
415000 719 861.568 -9367.83 -3.377 3.566 0.0 
416000 720 864.337 -9370.907 -3.484 3.5859 0.0 
417000 721 867.05 -9375.45 -3.469 3.5925 0.0 
418000 722 869.709 -9383.167 -3.47 3.5791 0.0 
419000 723 867.675 -9386.24 -3.438 3.5607 0.0 
420000 724 870.321 -9390.503 -3.479 3.5506 0.0 
421000 726 858.197 -9395.564 -3.444 3.4967 0.0 
422000 727 861.033 -9399.752 -3.458 3.4995 0.0 
423000 728 863.812 -9405.355 -3.502 3.529 0.0 
424000 730 851.985 -9414.691 -3.593 3.4785 0.0 
425000 731 854.945 -9421.172 -3.627 3.47 0.0 
426000 732 857.847 -9428.075 -3.651 3.4706 0.0 
427000 733 860.69 -9434.057 -3.69 3.5034 0.0 
428000 735 851.394 -9429.334 -3.314 3.4574 0.0 
429000 736 854.366 -9425.253 -3.136 3.4885 0.0 
430000 737 857.279 -9420.093 -3.124 3.4962 0.0 
431000 738 860.133 -9434.818 -3.168 3.5323 0.0 
432000 739 862.93 -9429.511 -3.204 3.5234 0.0 
433000 740 865.672 -9435.891 -3.285 3.5147 0.0 
434000 741 868.358 -9444.592 -3.34 3.5016 0.0 
435000 742 870.991 -9451.926 -3.459 3.5365 0.0 
436000 743 873.571 -9467.833 -3.524 3.533 0.0 
437000 744 876.1 -9465.425 -3.577 3.5312 0.0 
438000 745 878.578 -9472.589 -3.61 3.5296 0.0 
439000 746 881.006 -9477.289 -3.671 3.5213 0.0 
440000 747 883.386 -9490.499 -3.73 3.5344 0.0 
441000 748 885.719 -9483.411 -3.725 3.5469 0.0 
442000 749 885.724 -9488.234 -3.64 3.5677 0.0 
443000 750 888.01 -9495.732 -3.697 3.5727 0.0 
444000 751 890.25 -9499.272 -3.738 3.5916 0.0 
445000 752 892.445 -9503.049 -3.806 3.624 0.0 
446000 753 890.376 -9500.348 -3.635 3.6177 0.0 
447000 754 892.568 -9503.161 -3.653 3.6295 0.0 
448000 755 893.197 -9493.893 -3.401 3.6344 0.0 
449000 756 895.333 -9502.05 -3.45 3.668 0.0 
450000 757 896.826 -9499.738 -3.328 3.6786 0.0 
451000 758 898.89 -9504.48 -3.342 3.6771 0.0 
452000 759 900.912 -9512.188 -3.37 3.6863 0.0 
453000 760 902.894 -9516.515 -3.445 3.7154 0.0 
454000 761 904.836 -9523.947 -3.505 3.7392 0.0 
455000 762 906.739 -9525.684 -3.546 3.7517 0.0 
456000 763 904.324 -9515.896 -3.385 3.7507 0.0 
457000 764 906.238 -9519.22 -3.205 3.7505 0.0 
458000 765 908.113 -9524.1 -3.203 3.7783 0.0 
459000 766 909.951 -9516.251 -3.244 3.7711 0.0 
460000 767 906.692 -9522.533 -2.906 3.7435 0.0 
461000 768 908.558 -9531.811 -3.008 3.7509 0.0 
462000 770 904.482 -9523.593 -2.982 3.7476 0.0 
463000 771 906.392 -9523.231 -3.017 3.7496 0.0 
464000 772 898.144 -9518.496 -2.634 3.7057 0.0 
465000 773 900.181 -9524.455 -2.695 3.7025 0.0 
466000 774 902.178 -9529.971 -2.695 3.7189 0.0 
467000 775 901.014 -9537.04 -2.781 3.7285 0.0 
468000 776 902.994 -9531.387 -2.827 3.7473 0.0 
469000 777 904.934 -9540.553 -2.673 3.7568 0.0 
470000 779 900.919 -9525.038 -2.642 3.7352 0.0 
471000 780 901.84 -9517.502 -2.266 3.7473 0.0 
472000 781 903.804 -9520.767 -2.377 3.7417 0.0 
473000 783 888.355 -9499.178 -1.793 3.6614 0.0 
474000 784 890.588 -9502.5 -1.876 3.656 0.0 
475000 786 882.573 -9495.599 -1.499 3.6184 0.0 
476000 787 884.922 -9499.573 -1.603 3.6218 0.0 
477000 788 887.223 -9487.612 -1.358 3.637 0.0 
478000 789 889.479 -9494.258 -1.388 3.6606 0.0 
479000 790 885.589 -9473.958 -1.073 3.6353 0.0 
480000 791 887.878 -9481.225 -1.215 3.6351 0.0 
481000 793 875.861 -9464.049 -0.754 3.5629 0.0 
482000 794 867.884 -9455.278 -0.526 3.5231 0.0 
483000 796 861.435 -9444.077 -0.45 3.4785 0.0 
484000 797 864.207 -9443.348 -0.506 3.4786 0.0 
485000 798 866.923 -9433.073 -0.183 3.4658 0.0 
486000 799 860.784 -9433.56 -0.06 3.4349 0.0 
487000 801 854.077 -9418.521 0.119 3.3811 0.0 
488000 802 856.996 -9423.674 0.033 3.3988 0.0 
489000 803 859.856 -9426.205 -0.057 3.4175 0.0 
490000 805 843.437 -9401.551 0.493 3.337 0.0 
491000 806 846.568 -9406.765 0.372 3.3846 0.0 
492000 808 840.164 -9393.978 0.691 3.3647 0.0 
493000 809 841.801 -9379.648 0.911 3.3571 0.0 
494000 812 811.243 -9327.857 1.757 3.2069 0.0 
495000 813 801.258 -9309.81 2.019 3.1592 0.0 
496000 816 790.125 -9287.953 2.625 3.0798 0.0 
497000 817 780.722 -9274.538 2.784 3.0352 0.0 
498000 818 785.108 -9277.559 2.634 3.0333 0.0 
499000 820 779.778 -9263.175 2.695 2.9992 0.0 
500000 823 760.146 -9240.866 3.142 2.9101 0.0 
501000 826 735.205 -9195.764 3.776 2.7978 0.0 
502000 827 740.501 -9197.316 3.707 2.8172 0.0 
503000 828 731.471 -9182.498 3.939 2.7751 0.0 
504000 830 728.425 -9160.945 4.054 2.739 0.0 
505000 832 719.681 -9140.211 4.315 2.7005 0.0 
506000 833 725.287 -9140.116 4.137 2.7286 0.0 
507000 834 724.841 -9128.387 4.337 2.7296 0.0 
508000 837 714.779 -9101.617 4.866 2.6765 0.0 
509000 839 696.689 -9056.773 5.192 2.5972 0.0 
510000 840 700.375 -9040.734 5.422 2.601 0.0 
511000 842 698.28 -9019.824 5.765 2.5696 0.0 
512000 843 704.314 -9021.112 5.573 2.5915 0.0 
513000 844 710.228 -9016.875 5.426 2.6037 0.0 
514000 846 707.043 -8994.717 5.89 2.5687 0.0 
515000 847 712.902 -8989.429 5.961 2.5893 0.0 
516000 849 698.169 -8950.709 6.329 2.5247 0.0 
517000 850 704.206 -8946.129 6.192 2.5804 0.0 
518000 853 687.147 -8901.139 6.813 2.4985 0.0 
519000 854 693.404 -8884.758 6.974 2.5027 0.0 
520000 855 685.156 -8875.773 7.129 2.4662 0.0 
521000 859 664.265 -8821.766 7.498 2.389 0.0 
522000 860 670.98 -8823.694 7.354 2.4113 0.0 
523000 862 653.36 -8803.657 7.628 2.3383 0.0 
524000 865 646.521 -8773.359 7.718 2.3202 0.0 
525000 866 639.511 -8755.33 7.947 2.288 0.0 
526000 867 644.721 -8755.621 7.862 2.3182 0.0 
527000 868 651.826 -8759.87 7.648 2.3358 0.0 
528000 869 658.79 -8761.934 7.394 2.3769 0.0 
529000 871 656.862 -8743.165 7.408 2.3718 0.0 
530000 872 661.524 -8743.342 7.346 2.39 0.0 
531000 876 643.834 -8696.61 7.631 2.3005 0.0 
532000 879 620.734 -8639.565 8.059 2.2038 0.0 
533000 882 605.589 -8599.09 8.443 2.1347 0.0 
534000 883 613.477 -8591.285 8.398 2.1734 0.0 
535000 887 586.843 -8536.412 8.936 2.0535 0.0 
536000 888 590.666 -8529.117 8.779 2.0591 0.0 
537000 890 592.116 -8512.443 8.947 2.0646 0.0 
538000 891 585.113 -8499.795 9.091 2.036 0.0 
539000 893 587.023 -8476.058 8.995 2.0528 0.0 
540000 895 586.077 -8450.783 9.065 2.0525 0.0 
541000 898 573.545 -8402.444 9.465 1.9904 0.0 
542000 899 568.174 -8388.303 9.601 1.9651 0.0 
543000 903 560.111 -8334.572 10.127 1.9124 0.0 
544000 904 559.629 -8307.94 10.197 1.9019 0.0 
545000 906 558.766 -8275.72 10.434 1.8893 0.0 
546000 907 567.59 -8264.242 10.457 1.9072 0.0 
547000 909 558.977 -8249.574 10.625 1.8706 0.0 
548000 911 560.522 -8231.835 10.43 1.8961 0.0 
549000 914 555.338 -8203.151 10.359 1.9027 0.0 
550000 915 549.911 -8196.926 10.428 1.8789 0.0 
551000 916 558.913 -8198.559 10.172 1.9465 0.0 
552000 918 570.2 -8180.564 9.838 1.9864 0.0 
553000 919 563.036 -8176.143 9.977 1.956 0.0 
554000 921 564.54 -8163.59 9.85 1.9488 0.0 
555000 924 560.315 -8124.095 9.804 1.9277 0.0 
556000 927 542.119 -8087.462 10.114 1.8522 0.0 
557000 930 535.335 -8043.811 10.198 1.8243 0.0 
558000 933 523.776 -7994.385 10.566 1.7683 0.0 
559000 936 514.874 -7957.731 10.823 1.7241 0.0 
560000 938 513.042 -7937.606 10.831 1.7181 0.0 
561000 941 503.215 -7886.347 11.186 1.6791 0.0 
562000 945 482.931 -7829.537 11.416 1.5977 0.0 
563000 946 493.272 -7831.557 11.133 1.6284 0.0 
564000 947 503.407 -7818.717 11.156 1.6727 0.0 
565000 951 485.588 -7761.16 11.518 1.5946 0.0 
566000 952 484.396 -7737.874 11.502 1.5873 0.0 
567000 956 475.092 -7672.511 11.923 1.5341 0.0 
568000 958 465.442 -7637.598 12.04 1.4943 0.0 
569000 961 470.315 -7610.301 12.207 1.4926 0.0 
570000 964 458.738 -7549.576 12.43 1.4444 0.0 
571000 965 462.083 -7532.574 12.491 1.4514 0.0 
572000 967 468.805 -7505.679 12.592 1.4744 0.0 
573000 969 473.72 -7483.744 12.66 1.4904 0.0 
574000 971 465.138 -7434.806 12.837 1.4581 0.0 
575000 974 466.952 -7394.934 13.133 1.4592 0.0 
576000 978 449.772 -7324.038 13.408 1.3961 0.0 
577000 981 441.633 -7275.278 13.514 1.3668 0.0 
578000 984 433.854 -7219.392 13.793 1.3364 0.0 
579000 987 430.833 -7179.285 13.908 1.3201 0.0 
580000 989 425.545 -7144.182 13.96 1.3023 0.0 
581000 991 432.274 -7117.598 13.809 1.3301 0.0 
582000 995 422.998 -7061.314 14.086 1.2853 0.0 
583000 998 418.334 -7017.223 14.206 1.262 0.0 
584000 1001 413.202 -6965.885 14.367 1.235 0.0 
585000 1004 405.989 -6905.766 14.522 1.2019 0.0 
586000 1005 417.87 -6895.098 14.424 1.2436 0.0 
587000 1006 416.192 -6878.537 14.434 1.2355 0.0 
588000 1009 424.679 -6837.687 14.396 1.2765 0.0 
589000 1012 417.209 -6789.894 14.399 1.249 0.0 
590000 1016 407.632 -6742.925 14.528 1.2173 0.0 
591000 1020 395.646 -6674.367 14.677 1.1737 0.0 
592000 1022 399.433 -6649.919 14.603 1.1818 0.0 
593000 1026 388.597 -6585.759 14.73 1.1437 0.0 
594000 1027 398.665 -6562.661 14.751 1.1797 0.0 
595000 1028 410.692 -6545.123 14.754 1.2205 0.0 
596000 1032 396.635 -6475.996 14.803 1.1711 0.0 
597000 1036 388.194 -6424.057 14.976 1.138 0.0 
598000 1037 400.431 -6405.161 15.02 1.183 0.0 
599000 1041 388.874 -6340.057 15.11 1.1425 0.0 
600000 1042 386.937 -6307.866 15.169 1.1349 0.0 
601000 1044 395.234 -6276.947 15.224 1.1607 0.0 
602000 1046 404.743 -6244.968 15.222 1.1921 0.0 
603000 1050 397.371 -6197.768 15.203 1.1672 0.0 
604000 1052 399.625 -6169.433 15.072 1.1778 0.0 
605000 1055 391.687 -6115.771 15.153 1.1495 0.0 
606000 1059 382.258 -6058.054 15.03 1.1156 0.0 
607000 1063 375.573 -6011.023 15.03 1.0959 0.0 
608000 1064 374.682 -5985.155 15.039 1.0936 0.0 
609000 1066 388.525 -5966.325 14.798 1.1341 0.0 
610000 1070 382.148 -5908.458 14.93 1.1128 0.0 
611000 1073 373.127 -5865.95 14.859 1.0832 0.0 
612000 1075 382.951 -5850.496 14.63 1.1226 0.0 
613000 1077 380.525 -5809.95 14.701 1.1132 0.0 
614000 1079 390.377 -5792.388 14.569 1.1434 0.0 
615000 1081 393.955 -5789.895 14.008 1.1582 0.0 
616000 1085 386.425 -5738.65 14.066 1.1294 0.0 
617000 1088 378.457 -5691.047 13.804 1.1018 0.0 
618000 1091 372.927 -5649.563 13.957 1.0798 0.0 
619000 1093 381.319 -5626.653 13.849 1.1144 0.0 
620000 1094 393.693 -5615.938 13.836 1.1567 0.0 
621000 1095 405.819 -5605.631 13.73 1.2065 0.0 
622000 1101 381.374 -5545.292 13.402 1.123 0.0 
623000 1103 387.928 -5531.22 13.316 1.1421 0.0 
624000 1106 383.403 -5484.532 13.385 1.1206 0.0 
625000 1111 364.757 -5414.863 13.208 1.0598 0.0 
626000 1116 351.387 -5361.072 13.232 1.0154 0.0 
627000 1121 334.34 -5291.302 13.174 0.9581 0.0 
628000 1125 323.604 -5240.677 12.982 0.9212 0.0 
629000 1128 328.818 -5211.499 13.006 0.9372 0.0 
630000 1132 319.237 -5140.28 13.165 0.9033 0.0 
631000 1133 327.012 -5129.839 13.196 0.9282 0.0 
632000 1138 320.101 -5064.966 13.102 0.9137 0.0 
633000 1142 316.72 -5010.05 13.197 0.9013 0.0 
634000 1145 317.603 -4977.867 13.037 0.9057 0.0 
635000 1147 318.781 -4954.325 13.041 0.9121 0.0 
636000 1150 315.007 -4915.307 12.934 0.9004 0.0 
637000 1155 313.085 -4853.553 12.908 0.8882 0.0 
638000 1161 300.464 -4782.509 13.057 0.8443 0.0 
639000 1164 292.505 -4741.447 12.984 0.8189 0.0 
640000 1166 305.582 -4722.067 12.774 0.8627 0.0 
641000 1169 310.714 -4712.477 12.363 0.9091 0.0 
642000 1171 316.313 -4682.94 12.319 0.9215 0.0 
643000 1173 312.011 -4649.566 12.439 0.9031 0.0 
644000 1178 314.69 -4600.967 12.421 0.8929 0.0 
645000 1180 308.934 -4568.425 12.336 0.8718 0.0 
646000 1183 322.777 -4551.309 12.181 0.922 0.0 
647000 1184 322.161 -4523.87 12.289 0.918 0.0 
648000 1186 333.084 -4502.965 12.134 0.9764 0.0 
649000 1187 346.422 -4487.303 12.142 1.0218 0.0 
650000 1190 347.165 -4444.411 12.296 1.0233 0.0 
651000 1192 350.32 -4421.184 12.278 1.0333 0.0 
652000 1195 355.502 -4385.259 12.243 1.0474 0.0 
653000 1197 365.463 -4366.733 12.402 1.094 0.0 
654000 1198 368.113 -4339.847 12.391 1.1066 0.0 
655000 1199 372.371 -4324.96 12.486 1.1261 0.0 
656000 1203 376.698 -4278.862 12.425 1.1454 0.0 
657000 1205 384.021 -4266.431 12.225 1.1888 0.0 
658000 1206 387.38 -4254.525 12.33 1.1924 0.0 
659000 1210 385.895 -4224.501 11.926 1.2064 0.0 
660000 1213 383.605 -4198.509 11.889 1.1878 0.0 
661000 1215 381.308 -4147.737 12.081 1.1707 0.0 
662000 1218 383.613 -4117.116 12.205 1.1633 0.0 
663000 1222 373.604 -4064.199 12.276 1.1187 0.0 
664000 1224 372.503 -4028.233 12.319 1.1071 0.0 
665000 1228 369.411 -3974.026 12.591 1.0824 0.0 
666000 1231 367.241 -3932.266 12.592 1.0682 0.0 
667000 1234 357.558 -3885.705 12.676 1.0368 0.0 
668000 1237 364.103 -3857.742 12.665 1.0552 0.0 
669000 1238 360.14 -3838.253 12.607 1.0425 0.0 
670000 1240 374.371 -3818.614 12.644 1.0906 0.0 
671000 1242 372.691 -3802.809 12.544 1.0946 0.0 
672000 1244 388.612 -3786.988 12.21 1.1555 0.0 
673000 1245 392.14 -3784.657 12.1 1.1706 0.0 
674000 1246 404.297 -3784.205 11.832 1.2398 0.0 
675000 1248 419.127 -3771.376 11.535 1.2757 0.0 
676000 1249 430.744 -3760.078 11.506 1.3237 0.0 
677000 1251 430.368 -3737.281 11.469 1.3259 0.0 
678000 1253 435.306 -3716.095 11.43 1.343 0.0 
679000 1254 442.9 -3709.191 11.344 1.3629 0.0 
680000 1255 452.282 -3711.454 11.215 1.396 0.0 
681000 1257 457.716 -3695.837 11.0 1.4226 0.0 
682000 1258 468.561 -3696.32 10.706 1.4913 0.0 
683000 1259 479.19 -3701.044 10.495 1.5639 0.0 
684000 1260 489.606 -3704.857 10.191 1.6283 0.0 
685000 1261 499.814 -3699.406 10.005 1.6989 0.0 
686000 1262 509.818 -3700.914 9.824 1.7268 0.0 
687000 1263 519.622 -3700.969 9.587 1.789 0.0 
688000 1264 529.229 -3692.904 9.618 1.8116 0.0 
689000 1265 538.645 -3694.575 9.378 1.8588 0.0 
690000 1266 547.872 -3691.701 9.202 1.9109 0.0 
691000 1267 556.914 -3691.087 9.071 1.9469 0.0 
692000 1268 565.776 -3692.675 8.884 1.9796 0.0 
693000 1269 574.461 -3693.503 8.649 2.0234 0.0 
694000 1270 582.971 -3696.358 8.453 2.0681 0.0 
695000 1271 591.312 -3696.288 8.271 2.1039 0.0 
696000 1272 599.486 -3698.464 8.068 2.1577 0.0 
697000 1273 607.496 -3698.156 7.866 2.2121 0.0 
698000 1274 615.346 -3698.972 7.768 2.2333 0.0 
699000 1275 623.039 -3699.566 7.633 2.2544 0.0 
700000 1277 606.631 -3682.133 7.814 2.1854 0.0 
701000 1278 614.499 -3683.438 7.614 2.2404 0.0 
702000 1279 622.209 -3680.46 7.429 2.3011 0.0 
703000 1280 629.764 -3682.286 7.346 2.3462 0.0 
704000 1281 637.169 -3683.178 7.171 2.3937 0.0 
705000 1282 644.426 -3685.519 6.966 2.4261 0.0 
706000 1285 629.343 -3668.464 6.782 2.3674 0.0 
707000 1287 625.681 -3663.93 6.675 2.3703 0.0 
708000 1288 633.168 -3664.615 6.485 2.3995 0.0 
709000 1290 630.623 -3648.816 6.492 2.3713 0.0 
710000 1292 626.751 -3652.572 6.248 2.3748 0.0 
711000 1294 627.672 -3644.143 6.277 2.3594 0.0 
712000 1295 635.119 -3637.875 6.273 2.3742 0.0 
713000 1299 604.861 -3629.769 5.938 2.2462 0.0 
714000 1305 553.86 -3570.103 6.347 2.0353 0.0 
715000 1309 528.522 -3514.08 6.76 1.9294 0.0 
716000 1311 517.677 -3493.808 6.981 1.8796 0.0 
717000 1314 513.116 -3466.563 7.005 1.8637 0.0 
718000 1316 514.797 -3452.49 6.956 1.8759 0.0 
719000 1318 515.991 -3454.537 6.826 1.8577 0.0 
720000 1319 507.291 -3443.158 6.789 1.8236 0.0 
721000 1323 492.762 -3411.056 7.097 1.7546 0.0 
722000 1326 494.555 -3386.374 7.062 1.7647 0.0 
723000 1327 504.664 -3370.85 7.143 1.7949 0.0 
724000 1328 514.571 -3370.323 7.001 1.8475 0.0 
725000 1329 524.279 -3375.603 6.802 1.8942 0.0 
726000 1330 516.174 -3371.857 6.879 1.8609 0.0 
727000 1331 525.85 -3372.411 6.773 1.9003 0.0 
728000 1338 483.866 -3336.724 6.266 1.7457 0.0 
729000 1339 494.188 -3326.998 6.43 1.7679 0.0 
730000 1342 484.551 -3310.001 6.428 1.7247 0.0 
731000 1343 494.86 -3314.692 6.251 1.7674 0.0 
732000 1344 504.963 -3314.785 6.08 1.8204 0.0 
733000 1345 514.864 -3315.818 5.952 1.8507 0.0 
734000 1346 524.566 -3315.333 5.822 1.9099 0.0 
735000 1351 501.35 -3295.254 5.842 1.8444 0.0 
736000 1352 511.323 -3291.375 5.769 1.8843 0.0 
737000 1354 508.294 -3255.916 5.926 1.8525 0.0 
738000 1355 518.129 -3258.522 5.848 1.9052 0.0 
739000 1357 519.971 -3263.113 5.755 1.9034 0.0 
740000 1359 502.904 -3249.991 5.694 1.8358 0.0 
741000 1366 467.855 -3189.234 5.893 1.71 0.0 
742000 1371 440.464 -3147.169 6.256 1.5885 0.0 
743000 1375 425.89 -3107.672 6.444 1.5155 0.0 
744000 1377 428.743 -3098.949 6.409 1.5383 0.0 
745000 1379 434.434 -3092.041 6.508 1.5443 0.0 
746000 1380 440.545 -3079.862 6.488 1.5748 0.0 
747000 1382 441.757 -3045.448 6.743 1.5807 0.0 
748000 1384 446.823 -3030.149 6.865 1.5919 0.0 
749000 1385 457.887 -3030.144 6.732 1.6401 0.0 
750000 1388 453.365 -3001.643 7.067 1.6094 0.0 
751000 1389 446.178 -2997.8 7.038 1.581 0.0 
752000 1390 457.254 -2994.938 6.946 1.6543 0.0 
753000 1392 474.187 -2976.154 6.828 1.7115 0.0 
754000 1393 484.703 -2958.155 7.0 1.7429 0.0 
755000 1395 472.498 -2952.063 7.087 1.6915 0.0 
756000 1397 488.027 -2922.341 7.252 1.7574 0.0 
757000 1402 461.197 -2906.772 6.997 1.635 0.0 
758000 1403 454.453 -2900.881 7.027 1.6074 0.0 
759000 1404 465.364 -2900.94 6.833 1.6586 0.0 
760000 1405 476.057 -2901.352 6.716 1.7099 0.0 
761000 1409 461.875 -2923.766 5.752 1.6569 0.0 
762000 1410 472.638 -2924.827 5.552 1.6963 0.0 
763000 1411 482.505 -2924.239 5.507 1.7335 0.0 
764000 1412 492.855 -2928.819 5.323 1.7684 0.0 
765000 1413 502.998 -2929.139 5.159 1.825 0.0 
766000 1414 512.938 -2933.32 4.999 1.8659 0.0 
767000 1415 522.679 -2934.993 4.872 1.9278 0.0 
768000 1416 532.226 -2937.417 4.718 1.9864 0.0 
769000 1417 541.581 -2946.989 4.546 2.0173 0.0 
770000 1418 550.749 -2946.249 4.277 2.0474 0.0 
771000 1420 552.56 -2957.775 3.899 2.0441 0.0 
772000 1423 548.499 -2969.729 3.373 2.0039 0.0 
773000 1424 557.529 -2970.855 3.314 2.0457 0.0 
774000 1432 490.816 -2982.187 2.537 1.7807 0.0 
775000 1433 486.0 -3005.399 2.25 1.7585 0.0 
776000 1435 488.714 -3006.395 2.15 1.7766 0.0 
777000 1437 491.001 -3008.807 1.962 1.7961 0.0 
778000 1438 501.181 -3015.887 1.796 1.8541 0.0 
779000 1440 502.875 -3013.767 1.673 1.8753 0.0 
780000 1444 493.197 -3039.619 1.145 1.84 0.0 
781000 1449 465.374 -3069.689 0.355 1.7237 0.0 
782000 1450 476.066 -3062.485 0.45 1.7605 0.0 
783000 1451 486.545 -3063.261 0.425 1.8148 0.0 
784000 1452 496.814 -3063.732 0.415 1.8513 0.0 
785000 1453 506.878 -3072.273 0.388 1.8963 0.0 
786000 1457 486.856 -3067.66 0.406 1.7966 0.0 
787000 1459 476.005 -3076.157 0.564 1.7434 0.0 
788000 1463 470.409 -3066.679 0.409 1.7145 0.0 
789000 1464 473.62 -3043.73 0.619 1.7259 0.0 
790000 1467 469.098 -3048.872 0.475 1.716 0.0 
791000 1469 471.922 -3057.876 0.507 1.7438 0.0 
792000 1472 460.299 -3065.56 0.152 1.686 0.0 
793000 1474 452.158 -3051.77 0.524 1.6487 0.0 
794000 1475 463.115 -3057.54 0.483 1.7145 0.0 
795000 1476 473.853 -3057.221 0.413 1.7758 0.0 
796000 1478 481.848 -3052.6 0.553 1.8095 0.0 
797000 1481 480.248 -3071.934 0.136 1.7957 0.0 
798000 1482 485.103 -3055.004 0.313 1.8158 0.0 
799000 1483 495.401 -3077.624 -0.123 1.8653 0.0 
800000 1484 505.493 -3085.258 -0.321 1.9105 0.0 
801000 1485 515.383 -3086.117 -0.433 1.9457 0.0 
802000 1486 525.076 -3093.999 -0.406 2.0029 0.0 
803000 1487 534.574 -3095.037 -0.468 2.0623 0.0 
804000 1488 543.883 -3102.064 -0.603 2.1156 0.0 
805000 1490 546.785 -3142.082 -1.181 2.1221 0.0 
806000 1491 540.829 -3156.173 -1.522 2.091 0.0 
807000 1493 541.052 -3159.318 -1.534 2.0805 0.0 
808000 1494 550.231 -3158.921 -1.543 2.1154 0.0 
809000 1495 559.227 -3162.314 -1.516 2.1764 0.0 
810000 1497 561.681 -3173.472 -1.909 2.2068 0.0 
811000 1498 570.448 -3171.778 -1.717 2.2317 0.0 
812000 1499 579.039 -3177.977 -1.715 2.2591 0.0 
813000 1500 587.458 -3181.329 -1.802 2.3122 0.0 
814000 1501 595.709 -3186.229 -1.849 2.3442 0.0 
815000 1502 603.795 -3197.493 -1.967 2.3987 0.0 
816000 1503 604.619 -3196.302 -1.841 2.3895 0.0 
817000 1504 612.526 -3202.71 -1.931 2.4172 0.0 
818000 1505 620.276 -3205.701 -2.037 2.466 0.0 
819000 1506 627.87 -3210.073 -2.023 2.5087 0.0 
820000 1507 635.313 -3212.074 -2.053 2.5538 0.0 
821000 1508 642.607 -3218.528 -2.134 2.5956 0.0 
822000 1509 649.755 -3223.616 -2.174 2.6346 0.0 
823000 1510 656.759 -3227.579 -2.235 2.6681 0.0 
824000 1511 663.624 -3225.033 -2.21 2.6916 0.0 
825000 1512 670.352 -3228.792 -2.16 2.7178 0.0 
826000 1513 676.945 -3231.642 -2.192 2.761 0.0 
827000 1514 683.406 -3228.01 -2.17 2.8033 0.0 
828000 1515 689.658 -3232.004 -2.057 2.8229 0.0 
829000 1516 695.865 -3236.192 -2.138 2.8413 0.0 
830000 1517 701.947 -3241.192 -2.157 2.8708 0.0 
831000 1518 707.908 -3246.341 -2.203 2.901 0.0 
832000 1519 713.75 -3250.424 -2.268 2.9273 0.0 
833000 1520 719.475 -3253.89 -2.325 2.9362 0.0 
834000 1521 725.086 -3252.441 -2.333 2.9517 0.0 
835000 1523 724.372 -3227.96 -1.873 2.9558 0.0 
836000 1524 726.585 -3228.841 -1.698 2.979 0.0 
837000 1525 732.053 -3228.39 -1.723 3.006 0.0 
838000 1526 737.412 -3229.257 -1.695 3.0487 0.0 
839000 1527 736.284 -3226.856 -1.494 3.0492 0.0 
840000 1529 736.867 -3209.344 -1.248 3.0231 0.0 
841000 1531 732.791 -3203.926 -1.098 2.9965 0.0 
842000 1532 736.255 -3187.438 -0.732 3.0073 0.0 
843000 1533 741.53 -3190.55 -0.861 3.0354 0.0 
844000 1534 746.7 -3180.499 -0.588 3.0596 0.0 
845000 1535 751.766 -3163.691 -0.315 3.0585 0.0 
846000 1536 756.73 -3161.233 -0.342 3.0568 0.0 
847000 1537 761.596 -3151.671 -0.018 3.0595 0.0 
848000 1538 766.364 -3151.274 -0.019 3.0847 0.0 
849000 1539 771.036 -3140.664 0.217 3.0913 0.0 
850000 1540 775.616 -3145.027 0.126 3.1007 0.0 
851000 1541 778.123 -3140.474 0.108 3.1011 0.0 
852000 1542 782.561 -3125.074 0.415 3.1185 0.0 
853000 1543 774.85 -3123.438 0.73 3.0764 0.0 
854000 1544 779.353 -3129.124 0.679 3.0746 0.0 
855000 1545 783.766 -3132.966 0.569 3.0854 0.0 
856000 1546 788.09 -3135.745 0.475 3.0812 0.0 
857000 1549 772.952 -3090.402 1.126 3.0216 0.0 
858000 1551 755.763 -3062.811 1.729 2.9442 0.0 
859000 1552 760.648 -3059.068 1.623 2.9456 0.0 
860000 1553 763.935 -3055.699 1.874 2.9342 0.0 
861000 1555 758.983 -3029.598 2.199 2.9451 0.0 
862000 1557 751.192 -3006.209 2.517 2.9081 0.0 
863000 1558 746.248 -3002.279 2.749 2.8826 0.0 
864000 1561 734.0 -2955.695 3.286 2.8219 0.0 
865000 1562 739.32 -2959.799 3.227 2.8555 0.0 
866000 1563 744.534 -2957.281 3.135 2.8873 0.0 
867000 1564 749.643 -2960.679 3.007 2.9196 0.0 
868000 1566 732.83 -2941.184 3.361 2.8408 0.0 
869000 1567 738.174 -2942.588 3.267 2.8524 0.0 
870000 1568 743.41 -2944.632 3.185 2.858 0.0 
871000 1569 741.602 -2946.172 3.252 2.851 0.0 
872000 1571 742.115 -2918.095 3.412 2.8593 0.0 
873000 1572 747.272 -2920.779 3.311 2.886 0.0 
874000 1573 752.327 -2922.118 3.225 2.9125 0.0 
875000 1574 757.28 -2921.081 3.085 2.9417 0.0 
876000 1575 762.135 -2918.742 3.172 2.9445 0.0 
877000 1577 755.454 -2899.872 3.372 2.9036 0.0 
878000 1578 760.345 -2895.749 3.411 2.9354 0.0 
879000 1579 765.138 -2900.13 3.308 2.9487 0.0 
880000 1580 769.835 -2883.886 3.528 2.9441 0.0 
881000 1581 774.439 -2883.057 3.43 2.9703 0.0 
882000 1582 765.71 -2877.171 3.734 2.93 0.0 
883000 1583 770.396 -2877.447 3.583 2.9777 0.0 
884000 1584 774.988 -2878.08 3.498 2.9809 0.0 
885000 1585 779.488 -2876.769 3.471 3.0045 0.0 
886000 1587 773.2 -2855.352 3.69 2.9696 0.0 
887000 1588 777.736 -2854.746 3.598 2.982 0.0 
888000 1591 760.542 -2823.267 4.065 2.8919 0.0 
889000 1592 765.331 -2806.707 4.324 2.8925 0.0 
890000 1594 750.584 -2765.281 4.751 2.8174 0.0 
891000 1595 755.572 -2757.309 4.822 2.8199 0.0 
892000 1597 737.525 -2738.751 5.227 2.7353 0.0 
893000 1598 742.774 -2726.415 5.101 2.7723 0.0 
894000 1600 746.621 -2709.099 5.574 2.7791 0.0 
895000 1601 751.688 -2696.037 5.718 2.7895 0.0 
896000 1602 745.834 -2681.513 5.801 2.7616 0.0 
897000 1603 750.918 -2682.966 5.664 2.7685 0.0 
898000 1605 748.241 -2661.083 5.758 2.7464 0.0 
899000 1606 753.277 -2664.315 5.539 2.758 0.0 
900000 1607 750.831 -2662.417 5.658 2.7398 0.0 
901000 1609 740.331 -2647.46 5.698 2.7085 0.0 
902000 1611 735.954 -2630.008 5.673 2.6832 0.0 
903000 1613 720.956 -2611.775 5.985 2.6098 0.0 
904000 1615 722.246 -2600.74 5.971 2.5969 0.0 
905000 1616 711.941 -2575.042 6.146 2.5537 0.0 
906000 1617 717.702 -2576.081 6.309 2.5535 0.0 
907000 1618 723.348 -2583.098 6.105 2.5875 0.0 
908000 1621 715.356 -2554.542 6.188 2.5446 0.0 
909000 1624 692.166 -2499.357 6.716 2.4464 0.0 
910000 1625 698.323 -2496.339 6.677 2.4615 0.0 
911000 1626 690.297 -2473.484 6.902 2.427 0.0 
912000 1631 658.221 -2413.033 7.729 2.2934 0.0 
913000 1633 648.21 -2374.172 7.841 2.2623 0.0 
914000 1634 646.786 -2370.786 8.013 2.2469 0.0 
915000 1636 647.294 -2350.126 7.91 2.2567 0.0 
916000 1637 654.348 -2339.789 7.99 2.2849 0.0 
917000 1639 648.794 -2318.146 8.123 2.2626 0.0 
918000 1641 647.234 -2310.46 8.139 2.268 0.0 
919000 1644 628.579 -2264.006 8.531 2.1791 0.0 
920000 1645 623.508 -2253.814 8.565 2.1555 0.0 
921000 1646 631.037 -2250.065 8.326 2.1809 0.0 
922000 1647 632.677 -2234.18 8.391 2.1839 0.0 
923000 1651 614.251 -2176.669 8.939 2.1016 0.0 
924000 1652 609.706 -2162.259 8.995 2.0806 0.0 
925000 1654 623.922 -2140.495 9.258 2.1184 0.0 
926000 1655 631.443 -2131.463 9.373 2.1359 0.0 
927000 1656 625.294 -2108.724 9.47 2.1097 0.0 
928000 1657 632.789 -2107.393 9.397 2.1466 0.0 
929000 1661 616.228 -2071.106 9.398 2.0968 0.0 
930000 1662 616.684 -2044.187 9.52 2.0877 0.0 
931000 1663 613.01 -2037.853 9.594 2.0697 0.0 
932000 1665 611.415 -2018.917 9.694 2.062 0.0 
933000 1666 619.187 -2010.299 9.464 2.1085 0.0 
934000 1669 616.785 -1988.338 9.54 2.0992 0.0 
935000 1673 586.265 -1919.178 9.889 1.979 0.0 
936000 1676 571.83 -1877.899 10.167 1.9232 0.0 
937000 1678 557.953 -1852.615 10.426 1.8691 0.0 
938000 1681 556.07 -1809.005 10.458 1.8511 0.0 
939000 1683 552.725 -1784.435 10.558 1.8408 0.0 
940000 1688 520.616 -1718.953 11.004 1.7111 0.0 
941000 1691 509.648 -1678.809 11.182 1.6644 0.0 
942000 1692 519.455 -1676.138 10.978 1.6902 0.0 
943000 1695 508.741 -1637.487 11.141 1.6526 0.0 
944000 1696 516.846 -1613.939 11.153 1.6795 0.0 
945000 1698 517.245 -1592.623 11.264 1.6769 0.0 
946000 1701 504.651 -1550.429 11.241 1.6303 0.0 
947000 1702 498.358 -1550.485 11.315 1.6072 0.0 
948000 1705 505.535 -1513.605 11.187 1.6399 0.0 
949000 1706 501.464 -1496.249 11.26 1.6244 0.0 
950000 1709 505.941 -1466.132 11.426 1.6425 0.0 
951000 1710 501.983 -1437.732 11.418 1.6277 0.0 
952000 1711 508.543 -1424.479 11.543 1.6453 0.0 
953000 1713 520.945 -1409.515 11.59 1.674 0.0 
954000 1719 483.823 -1341.49 11.505 1.5375 0.0 
955000 1721 477.664 -1308.443 11.716 1.5132 0.0 
956000 1724 476.517 -1277.169 11.7 1.5114 0.0 
957000 1726 463.988 -1231.496 11.897 1.466 0.0 
958000 1730 460.733 -1182.124 12.219 1.4436 0.0 
959000 1731 456.939 -1146.193 12.364 1.4285 0.0 
960000 1735 449.91 -1100.179 12.378 1.3998 0.0 
961000 1737 450.391 -1066.896 12.428 1.3943 0.0 
962000 1740 439.735 -1033.111 12.511 1.354 0.0 
963000 1744 434.045 -1010.782 12.211 1.3423 0.0 
964000 1745 445.364 -996.385 12.205 1.3685 0.0 
965000 1749 420.04 -949.779 11.935 1.2809 0.0 
966000 1752 420.712 -912.557 11.932 1.2695 0.0 
967000 1755 418.644 -875.025 12.18 1.249 0.0 
968000 1757 412.136 -831.072 12.334 1.2229 0.0 
969000 1759 423.616 -798.782 12.462 1.2579 0.0 
970000 1763 411.573 -748.864 12.611 1.2062 0.0 
971000 1764 423.342 -756.442 12.288 1.2428 0.0 
972000 1767 413.598 -698.1 12.484 1.207 0.0 
973000 1770 410.419 -664.408 12.502 1.1897 0.0 
974000 1771 422.211 -665.401 12.195 1.2396 0.0 
975000 1772 425.746 -649.251 12.206 1.255 0.0 
976000 1775 429.646 -601.681 12.491 1.2824 0.0 
977000 1776 431.333 -592.599 12.383 1.2849 0.0 
978000 1777 442.706 -581.029 12.41 1.315 0.0 
979000 1778 453.852 -569.424 12.398 1.3473 0.0 
980000 1780 458.939 -549.946 12.314 1.355 0.0 
981000 1782 469.23 -534.853 12.359 1.3816 0.0 
982000 1784 466.061 -484.052 12.594 1.3661 0.0 
983000 1786 467.675 -454.385 12.633 1.3621 0.0 
984000 1787 476.802 -441.985 12.714 1.3822 0.0 
985000 1789 482.8 -436.202 12.56 1.4127 0.0 
986000 1792 472.295 -376.054 12.802 1.3779 0.0 
987000 1794 461.18 -344.932 12.948 1.342 0.0 
988000 1797 463.395 -301.282 12.99 1.363 0.0 
989000 1800 459.515 -268.863 13.088 1.35 0.0 
990000 1801 453.184 -243.696 13.076 1.3296 0.0 
991000 1802 464.121 -233.476 13.053 1.3782 0.0 
992000 1804 475.561 -203.366 13.039 1.4253 0.0 
993000 1808 461.561 -130.706 13.455 1.3724 0.0 
994000 1815 422.575 -56.459 13.372 1.2367 0.0 
995000 1819 407.385 20.877 13.666 1.1799 0.0 
996000 1823 392.814 77.473 13.624 1.13 0.0 
997000 1825 398.479 96.793 13.415 1.1575 0.0 
998000 1827 403.956 120.053 13.436 1.1722 0.0 
999000 1828 415.877 120.454 13.315 1.2327 0.0 
1000000 1834 387.243 189.21 13.011 1.1389 0.0 
