10000.0 561.5 4819.7701 4078.788 5560.7523 0.482 0.4079 0.5561 8.8409 6.9249 10.7569 
20000.0 1123.25 9625.6406 8136.3413 11114.9399 0.4813 0.4068 0.5557 9.0418 7.0809 11.0026 
30000.0 1579.875 14807.7765 13433.9662 16181.5868 0.4936 0.4478 0.5394 18.7496 16.7459 20.7533 
40000.0 2029.75 23258.188 21875.9767 24640.3993 0.5815 0.5469 0.616 19.5653 16.7868 22.3437 
50000.0 2461.625 31778.1971 30427.8559 33128.5384 0.6356 0.6086 0.6626 20.2102 17.6267 22.7938 
60000.0 2877.25 39813.7469 38351.7471 41275.7466 0.6636 0.6392 0.6879 20.6141 16.3154 24.9129 
70000.0 3240.25 47779.9629 46147.2361 49412.6896 0.6826 0.6592 0.7059 25.0876 19.4488 30.7265 
80000.0 3520.625 56009.4312 54064.426 57954.4365 0.7001 0.6758 0.7244 33.7144 28.9957 38.4331 
90000.0 3743.125 64066.9491 61889.0165 66244.8817 0.7119 0.6877 0.7361 40.5752 33.0621 48.0884 
100000.0 3926.0 72021.0286 69698.0209 74344.0363 0.7202 0.697 0.7434 49.2756 41.019 57.5322 
110000.0 4070.625 79816.2304 76977.9829 82654.4778 0.7256 0.6998 0.7514 61.691 46.8255 76.5565 
120000.0 4188.0 87649.5609 84583.801 90715.3207 0.7304 0.7049 0.756 69.2626 52.9962 85.5291 
130000.0 4326.625 96428.4127 93095.0381 99761.7874 0.7418 0.7161 0.7674 65.1071 58.1597 72.0545 
140000.0 4462.75 105491.2584 101847.7966 109134.7201 0.7535 0.7275 0.7795 67.8761 61.0544 74.6979 
150000.0 4567.5 114126.2072 110235.7828 118016.6317 0.7608 0.7349 0.7868 84.76 72.0724 97.4476 
160000.0 4660.375 122633.1472 118447.4882 126818.8063 0.7665 0.7403 0.7926 96.8564 78.8185 114.8943 
170000.0 4752.75 130851.1584 126496.8961 135205.4206 0.7697 0.7441 0.7953 97.4338 74.7359 120.1316 
180000.0 4843.625 139196.1765 134497.5579 143894.7951 0.7733 0.7472 0.7994 101.5661 71.4842 131.648 
190000.0 4922.25 147277.3256 142104.9904 152449.6608 0.7751 0.7479 0.8024 121.9155 74.0184 169.8126 
200000.0 4986.25 155016.9591 149357.6423 160676.2759 0.7751 0.7468 0.8034 143.1114 88.2157 198.007 
210000.0 5037.0 162396.7346 156063.9978 168729.4715 0.7733 0.7432 0.8035 168.9714 106.225 231.7178 
220000.0 5073.625 169597.9014 162584.4713 176611.3315 0.7709 0.739 0.8028 198.1422 140.5253 255.7592 
230000.0 5117.625 176885.2236 169325.5374 184444.9098 0.7691 0.7362 0.8019 199.3479 138.5241 260.1716 
240000.0 5153.75 184114.9199 176356.6363 191873.2035 0.7671 0.7348 0.7995 227.7678 154.4711 301.0644 
250000.0 5177.25 190769.6399 182959.0948 198580.185 0.7631 0.7318 0.7943 255.0732 182.0963 328.0502 
260000.0 5205.125 196829.198 188822.8526 204835.5434 0.757 0.7262 0.7878 257.6066 162.1981 353.0151 
270000.0 5226.0 203014.906 194943.7904 211086.0216 0.7519 0.722 0.7818 290.1269 197.6655 382.5882 
280000.0 5249.875 209297.5956 201263.5853 217331.6059 0.7475 0.7188 0.7762 298.2874 194.7139 401.8608 
290000.0 5274.25 215812.9014 207928.1207 223697.6821 0.7442 0.717 0.7714 314.4326 196.008 432.8572 
300000.0 5295.375 222579.1825 214697.6033 230460.7617 0.7419 0.7157 0.7682 337.181 227.389 446.973 
310000.0 5313.375 229193.3529 221175.7016 237211.0041 0.7393 0.7135 0.7652 361.6906 258.991 464.3903 
320000.0 5325.125 235819.3315 227611.2301 244027.4329 0.7369 0.7113 0.7626 408.1941 315.3711 501.0171 
330000.0 5336.75 242586.5999 234149.2626 251023.9372 0.7351 0.7095 0.7607 447.8359 363.8222 531.8496 
340000.0 5348.5 249377.1529 240767.415 257986.8907 0.7335 0.7081 0.7588 472.2112 401.7947 542.6278 
350000.0 5362.5 256264.4375 247574.311 264954.564 0.7322 0.7074 0.757 478.5771 419.8124 537.3419 
360000.0 5375.0 263288.2036 254373.6313 272202.7759 0.7314 0.7066 0.7561 496.2511 440.4369 552.0654 
370000.0 5389.5 270220.1076 261095.4167 279344.7986 0.7303 0.7057 0.755 493.2914 435.2234 551.3593 
380000.0 5406.375 277004.7608 267775.0271 286234.4944 0.729 0.7047 0.7532 477.3021 387.4981 567.1062 
390000.0 5421.75 284112.4806 274507.0396 293717.9217 0.7285 0.7039 0.7531 484.9689 387.7683 582.1694 
400000.0 5436.5 291052.4942 281150.8548 300954.1337 0.7276 0.7029 0.7524 481.6176 408.8768 554.3585 
410000.0 5450.75 297829.9356 287676.8798 307982.9914 0.7264 0.7017 0.7512 480.2084 411.8866 548.5301 
420000.0 5466.5 304829.15 294292.1892 315366.1108 0.7258 0.7007 0.7509 475.1505 383.1833 567.1177 
430000.0 5482.875 311636.8514 300602.3062 322671.3965 0.7247 0.6991 0.7504 469.3831 362.8423 575.9239 
440000.0 5496.0 318613.4759 306869.9762 330356.9756 0.7241 0.6974 0.7508 488.8061 377.5639 600.0484 
450000.0 5507.75 325907.7181 313524.8947 338290.5415 0.7242 0.6967 0.7518 517.4542 414.5769 620.3316 
460000.0 5521.0 332760.298 319652.8894 345867.7066 0.7234 0.6949 0.7519 519.441 421.4871 617.3949 
470000.0 5534.875 339870.371 326142.0182 353598.7238 0.7231 0.6939 0.7523 516.6493 414.4682 618.8303 
480000.0 5552.25 346932.3994 332496.9175 361367.8813 0.7228 0.6927 0.7528 489.7522 382.9934 596.5111 
490000.0 5566.875 353910.1756 339022.636 368797.7152 0.7223 0.6919 0.7526 493.0066 389.313 596.7002 
500000.0 5581.25 361357.4436 345944.447 376770.4403 0.7227 0.6919 0.7535 498.0935 395.165 601.022 
510000.0 5598.25 368308.7328 352174.532 384442.9335 0.7222 0.6905 0.7538 483.6031 360.9534 606.2529 
520000.0 5611.5 375274.0549 358531.3936 392016.7161 0.7217 0.6895 0.7539 499.4459 380.0096 618.8821 
530000.0 5626.375 382822.299 365327.7959 400316.8021 0.7223 0.6893 0.7553 514.9478 385.254 644.6415 
540000.0 5639.625 390204.7244 371793.392 408616.0568 0.7226 0.6885 0.7567 527.7149 390.3012 665.1285 
550000.0 5654.5 397952.4594 378353.6045 417551.3143 0.7235 0.6879 0.7592 533.0985 390.6992 675.4978 
560000.0 5668.375 405603.3685 384857.1419 426349.5951 0.7243 0.6872 0.7613 541.8804 400.5633 683.1974 
570000.0 5686.625 412950.353 391487.07 434413.636 0.7245 0.6868 0.7621 504.7041 373.295 636.1133 
580000.0 5702.5 420387.9931 398440.9855 442335.0007 0.7248 0.687 0.7626 502.4111 379.2667 625.5555 
590000.0 5718.875 427984.4739 405446.5261 450522.4216 0.7254 0.6872 0.7636 492.301 395.8451 588.7569 
600000.0 5733.375 436047.3332 412356.6105 459738.056 0.7267 0.6873 0.7662 511.3002 409.8693 612.7312 
610000.0 5748.625 444019.1046 419444.1537 468594.0555 0.7279 0.6876 0.7682 517.7594 412.2712 623.2475 
620000.0 5762.375 452214.3655 426154.4975 478274.2335 0.7294 0.6873 0.7714 543.2081 413.5933 672.8229 
630000.0 5776.5 460352.58 432871.9233 487833.2367 0.7307 0.6871 0.7743 559.1016 418.3859 699.8173 
640000.0 5788.625 468384.8939 439593.1008 497176.6869 0.7319 0.6869 0.7768 589.52 438.8267 740.2133 
650000.0 5800.125 476940.8139 446397.4886 507484.1391 0.7338 0.6868 0.7807 620.3464 467.058 773.6348 
660000.0 5813.375 485266.0812 453428.2159 517103.9466 0.7353 0.687 0.7835 623.9321 484.0669 763.7973 
670000.0 5826.125 493596.1736 460511.7333 526680.6139 0.7367 0.6873 0.7861 634.6614 493.8501 775.4727 
680000.0 5843.875 501491.9064 467573.7647 535410.0481 0.7375 0.6876 0.7874 596.5224 432.1673 760.8775 
690000.0 5859.625 508942.103 474528.8906 543355.3154 0.7376 0.6877 0.7875 556.5344 432.6277 680.4411 
700000.0 5875.125 516625.6264 481353.9894 551897.2634 0.738 0.6876 0.7884 537.5059 448.5911 626.4207 
710000.0 5890.875 524698.9535 488265.4078 561132.4992 0.739 0.6877 0.7903 528.3841 448.27 608.4983 
720000.0 5909.125 533341.7905 495449.8142 571233.7668 0.7408 0.6881 0.7934 525.105 419.1725 631.0375 
730000.0 5925.375 541647.5928 502605.4449 580689.7406 0.742 0.6885 0.7955 521.803 419.1817 624.4243 
740000.0 5940.875 549972.9711 510066.7095 589879.2328 0.7432 0.6893 0.7971 533.5225 405.5267 661.5183 
750000.0 5955.125 559350.2656 517766.5934 600933.9378 0.7458 0.6904 0.8012 567.7906 443.4887 692.0925 
760000.0 5973.75 568650.3626 525081.7853 612218.9399 0.7482 0.6909 0.8056 565.4605 418.8529 712.0681 
770000.0 5993.0 577369.5768 532337.6638 622401.4897 0.7498 0.6913 0.8083 532.8811 406.0948 659.6675 
780000.0 6010.5 585987.4275 539291.6696 632683.1854 0.7513 0.6914 0.8111 525.3305 396.7085 653.9525 
790000.0 6028.875 594669.8938 546372.0815 642967.706 0.7527 0.6916 0.8139 520.8111 395.7472 645.8751 
800000.0 6042.25 603438.8176 553319.1882 653558.447 0.7543 0.6916 0.8169 555.2836 413.1023 697.4649 
810000.0 6059.625 612559.3371 560817.5446 664301.1297 0.7562 0.6924 0.8201 552.4408 397.3954 707.4861 
820000.0 6077.875 621869.1907 568474.003 675264.3785 0.7584 0.6933 0.8235 544.2062 392.8563 695.5562 
830000.0 6098.125 631128.2094 575681.3458 686575.0729 0.7604 0.6936 0.8272 538.0422 340.3808 735.7037 
840000.0 6117.25 641015.297 583457.8093 698572.7847 0.7631 0.6946 0.8316 556.2425 327.1079 785.3771 
850000.0 6141.0 651460.7887 591579.0206 711342.5569 0.7664 0.696 0.8369 587.6414 313.6608 861.622 
860000.0 6167.875 661356.2445 599343.6428 723368.8462 0.769 0.6969 0.8411 574.4395 265.2255 883.6535 
870000.0 6184.75 671299.1434 607203.7452 735394.5415 0.7716 0.6979 0.8453 606.7991 297.3896 916.2086 
880000.0 6204.375 681493.3811 615416.8732 747569.8891 0.7744 0.6993 0.8495 617.6524 298.2254 937.0794 
890000.0 6222.0 691629.3856 623924.3517 759334.4195 0.7771 0.701 0.8532 653.5623 331.0266 976.0979 
900000.0 6240.625 702236.2358 632509.7043 771962.7672 0.7803 0.7028 0.8577 664.8531 355.7376 973.9687 
910000.0 6261.375 712793.4829 640666.5796 784920.3862 0.7833 0.704 0.8625 667.135 334.9669 999.3031 
920000.0 6277.375 723257.6186 650017.0462 796498.191 0.7861 0.7065 0.8658 673.8246 387.8122 959.837 
930000.0 6294.625 733233.6084 658749.0836 807718.1331 0.7884 0.7083 0.8685 671.1019 387.1742 955.0295 
940000.0 6310.625 742716.7355 667211.3081 818222.1629 0.7901 0.7098 0.8704 652.4788 378.0675 926.89 
950000.0 6324.125 753298.8371 675794.0683 830803.606 0.7929 0.7114 0.8745 697.9292 413.8926 981.9659 
960000.0 6341.0 764295.544 684880.8771 843710.2109 0.7961 0.7134 0.8789 713.4713 417.9119 1009.0306 
970000.0 6362.5 775267.2075 693064.616 857469.799 0.7992 0.7145 0.884 715.8528 362.8083 1068.8972 
980000.0 6382.125 785322.9571 700921.8819 869724.0323 0.8013 0.7152 0.8875 694.7845 331.8754 1057.6936 
990000.0 6406.0 794794.6753 707676.8964 881912.4541 0.8028 0.7148 0.8908 646.0336 281.209 1010.8583 
1000000.0 6425.625 804557.0269 714929.7139 894184.3398 0.8046 0.7149 0.8942 644.6212 290.3394 998.9031 
1010000.0 6442.0 813419.1748 722440.7831 904397.5664 0.8054 0.7153 0.8954 642.75 319.984 965.516 
1020000.0 6459.0 823022.4435 730437.3707 915607.5163 0.8069 0.7161 0.8977 657.2821 336.0372 978.5271 
1030000.0 6474.125 832717.882 738266.9295 927168.8345 0.8085 0.7168 0.9002 662.3841 359.1475 965.6207 
1040000.0 6486.75 842980.1112 745818.8853 940141.3372 0.8106 0.7171 0.904 697.2589 403.2695 991.2483 
1050000.0 6500.0 852940.3844 754609.5862 951271.1826 0.8123 0.7187 0.906 722.4894 446.1593 998.8195 
1060000.0 6514.125 862786.2719 763256.4212 962316.1226 0.8139 0.7201 0.9078 714.8752 467.8225 961.928 
1070000.0 6529.625 872646.685 772125.4895 973167.8805 0.8156 0.7216 0.9095 692.1334 476.6233 907.6435 
1080000.0 6546.75 882991.3899 780782.8982 985199.8816 0.8176 0.7229 0.9122 680.6899 458.8789 902.5008 
1090000.0 6564.0 893585.0409 789060.8751 998109.2066 0.8198 0.7239 0.9157 679.6204 427.874 931.3668 
1100000.0 6577.5 903829.2536 797065.0348 1010593.4724 0.8217 0.7246 0.9187 694.4748 449.9329 939.0166 
1110000.0 6590.125 913492.1742 804700.8029 1022283.5456 0.823 0.725 0.921 714.7519 449.6603 979.8435 
1120000.0 6605.625 923340.6511 812473.5278 1034207.7744 0.8244 0.7254 0.9234 717.2676 420.2803 1014.2549 
1130000.0 6621.625 933517.3494 820592.3505 1046442.3483 0.8261 0.7262 0.9261 712.0475 407.9038 1016.1912 
1140000.0 6635.375 944893.5609 829019.8844 1060767.2373 0.8289 0.7272 0.9305 752.5891 434.0477 1071.1306 
1150000.0 6648.5 955802.7966 837622.9504 1073982.6429 0.8311 0.7284 0.9339 784.8174 462.3143 1107.3204 
1160000.0 6663.875 966562.4235 846349.7168 1086775.1302 0.8332 0.7296 0.9369 779.3605 456.771 1101.95 
1170000.0 6679.375 978619.6981 855810.4048 1101428.9915 0.8364 0.7315 0.9414 798.6152 454.1048 1143.1257 
1180000.0 6694.5 990854.1488 864933.0439 1116775.2536 0.8397 0.733 0.9464 827.369 478.0805 1176.6575 
1190000.0 6709.25 1003238.2946 873644.6741 1132831.9152 0.8431 0.7342 0.952 841.5128 488.7665 1194.259 
1200000.0 6726.0 1015236.686 882395.856 1148077.516 0.846 0.7353 0.9567 818.8668 470.07 1167.6635 
1210000.0 6744.375 1026734.9268 891085.4616 1162384.3919 0.8485 0.7364 0.9606 795.7015 431.5681 1159.8349 
1220000.0 6763.0 1037573.1461 899257.6198 1175888.6725 0.8505 0.7371 0.9638 762.0634 411.1727 1112.954 
1230000.0 6784.75 1047924.6066 907000.3512 1188848.8621 0.852 0.7374 0.9665 719.8765 348.3122 1091.4408 
1240000.0 6807.125 1059150.5138 915313.2515 1202987.776 0.8542 0.7382 0.9702 696.8277 321.6627 1071.9928 
1250000.0 6827.625 1069936.4578 922900.9452 1216971.9703 0.8559 0.7383 0.9736 696.619 297.3058 1095.9322 
1260000.0 6848.75 1081258.443 931070.1712 1231446.7148 0.8581 0.7389 0.9773 709.9948 295.9323 1124.0572 
1270000.0 6870.125 1093273.8927 939692.8275 1246854.958 0.8608 0.7399 0.9818 740.9805 302.9326 1179.0284 
1280000.0 6888.375 1104824.6521 947769.3794 1261879.9248 0.8631 0.7404 0.9858 761.5202 329.7791 1193.2614 
1290000.0 6905.875 1116853.3141 956334.0725 1277372.5557 0.8658 0.7413 0.9902 778.432 345.4596 1211.4044 
1300000.0 6925.25 1128488.4631 964690.5996 1292286.3267 0.8681 0.7421 0.9941 777.1636 340.3764 1213.9509 
1310000.0 6945.0 1139459.3705 972129.9915 1306788.7495 0.8698 0.7421 0.9975 782.5373 337.0389 1228.0356 
1320000.0 6964.875 1150584.4205 979522.4067 1321646.4343 0.8717 0.7421 1.0012 774.7508 320.3965 1229.105 
1330000.0 6981.5 1161512.168 986703.1336 1336321.2024 0.8733 0.7419 1.0048 756.9997 309.3358 1204.6637 
1340000.0 6994.75 1172533.4321 994056.4396 1351010.4246 0.875 0.7418 1.0082 784.6418 350.5015 1218.782 
1350000.0 7009.0 1183186.7912 1001306.2103 1365067.3722 0.8764 0.7417 1.0112 794.9696 372.5089 1217.4304 
1360000.0 7024.0 1193714.7009 1008762.9904 1378666.4114 0.8777 0.7417 1.0137 777.3056 380.1398 1174.4715 
1370000.0 7056.875 1204387.9959 1015611.9875 1393164.0042 0.8791 0.7413 1.0169 728.3363 290.1285 1166.544 
1380000.0 7070.75 1214936.2617 1023164.0716 1406708.4519 0.8804 0.7414 1.0194 747.491 327.5128 1167.4692 
1390000.0 7087.25 1225459.4034 1030624.128 1420294.6787 0.8816 0.7415 1.0218 742.0032 320.839 1163.1675 
1400000.0 7100.375 1236114.0821 1038380.2088 1433847.9554 0.8829 0.7417 1.0242 763.5789 367.4156 1159.7421 
1410000.0 7120.25 1246362.436 1045782.1462 1446942.7258 0.8839 0.7417 1.0262 733.8812 325.4557 1142.3068 
1420000.0 7139.875 1256807.111 1052954.6876 1460659.5344 0.8851 0.7415 1.0286 722.6421 328.1754 1117.1088 
1430000.0 7156.25 1266508.5349 1060022.203 1472994.8667 0.8857 0.7413 1.0301 698.8995 362.9237 1034.8753 
1440000.0 7172.125 1276178.4062 1067442.2983 1484914.5142 0.8862 0.7413 1.0312 677.6388 365.3463 989.9312 
1450000.0 7184.625 1285498.5834 1073882.8047 1497114.362 0.8866 0.7406 1.0325 702.4106 382.8303 1021.9909 
1460000.0 7201.375 1295468.7035 1080938.2086 1509999.1984 0.8873 0.7404 1.0342 685.3721 361.2005 1009.5438 
1470000.0 7220.75 1306593.273 1088901.0727 1524285.4733 0.8888 0.7407 1.0369 686.8084 344.6123 1029.0044 
1480000.0 7243.375 1317721.4381 1096199.0459 1539243.8303 0.8904 0.7407 1.04 692.4807 305.9595 1079.002 
1490000.0 7262.0 1328171.774 1104610.9126 1551732.6354 0.8914 0.7413 1.0414 669.4078 328.7318 1010.0837 
1500000.0 7280.875 1338670.3979 1113197.6223 1564143.1734 0.8924 0.7421 1.0428 659.0402 339.0069 979.0736 
1510000.0 7298.0 1349214.7722 1122002.3147 1576427.2298 0.8935 0.743 1.044 657.6852 361.3058 954.0647 
1520000.0 7315.125 1360523.7534 1130995.4527 1590052.054 0.8951 0.7441 1.0461 667.8698 392.0523 943.6872 
1530000.0 7342.875 1371516.8414 1139402.271 1603631.4117 0.8964 0.7447 1.0481 642.6856 381.6826 903.6887 
1540000.0 7365.125 1381767.7575 1147050.877 1616484.638 0.8973 0.7448 1.0497 632.5692 348.3993 916.7392 
1550000.0 7393.125 1393354.3819 1155479.1175 1631229.6462 0.8989 0.7455 1.0524 667.498 355.5229 979.4731 
1560000.0 7408.625 1404389.7309 1163313.7865 1645465.6752 0.9002 0.7457 1.0548 692.8731 390.632 995.1142 
1570000.0 7427.375 1414692.8578 1171120.7044 1658265.0111 0.9011 0.7459 1.0562 684.3562 366.715 1001.9975 
1580000.0 7449.0 1424674.6459 1179143.382 1670205.9097 0.9017 0.7463 1.0571 675.65 339.524 1011.776 
1590000.0 7464.75 1435297.663 1187414.1082 1683181.2178 0.9027 0.7468 1.0586 700.4989 369.7782 1031.2196 
1600000.0 7479.5 1446077.3512 1195656.4191 1696498.2834 0.9038 0.7473 1.0603 733.6211 395.0072 1072.235 
1610000.0 7493.0 1457122.9774 1203439.5646 1710806.3901 0.905 0.7475 1.0626 772.7108 417.1281 1128.2934 
1620000.0 7509.875 1468199.5674 1212060.1579 1724338.9769 0.9063 0.7482 1.0644 778.2289 421.754 1134.7037 
1630000.0 7524.875 1479776.7386 1220982.3823 1738571.0949 0.9078 0.7491 1.0666 788.191 447.3434 1129.0386 
1640000.0 7538.5 1491184.7751 1229517.763 1752851.7873 0.9093 0.7497 1.0688 811.0184 478.5928 1143.4439 
1650000.0 7551.25 1501854.2745 1237949.8103 1765758.7387 0.9102 0.7503 1.0702 825.8626 503.2934 1148.4318 
1660000.0 7563.625 1513229.9826 1247611.6137 1778848.3516 0.9116 0.7516 1.0716 846.1679 535.4895 1156.8463 
1670000.0 7580.25 1523869.7537 1257233.3278 1790506.1797 0.9125 0.7528 1.0722 795.5356 506.4898 1084.5814 
1680000.0 7595.125 1533858.8121 1266179.7846 1801537.8397 0.913 0.7537 1.0723 778.7691 492.1355 1065.4028 
1690000.0 7609.875 1544650.1826 1275782.7349 1813517.6303 0.914 0.7549 1.0731 782.6581 489.4716 1075.8446 
1700000.0 7628.5 1554777.8086 1284797.1806 1824758.4366 0.9146 0.7558 1.0734 726.24 414.1134 1038.3666 
1710000.0 7644.0 1565242.98 1293615.8114 1836870.1486 0.9153 0.7565 1.0742 732.0874 408.2875 1055.8872 
1720000.0 7660.25 1575421.2476 1302280.3378 1848562.1575 0.9159 0.7571 1.0747 727.9654 404.9836 1050.9472 
1730000.0 7677.125 1585742.314 1310545.7551 1860938.8729 0.9166 0.7575 1.0757 723.1258 378.6915 1067.56 
1740000.0 7694.625 1595496.2479 1319032.5831 1871959.9126 0.917 0.7581 1.0758 701.0864 360.7231 1041.4496 
1750000.0 7712.75 1605440.6973 1327242.9842 1883638.4103 0.9174 0.7584 1.0764 694.2391 353.1422 1035.3361 
1760000.0 7730.25 1616099.8571 1336217.6594 1895982.0548 0.9182 0.7592 1.0773 686.3064 402.8876 969.7251 
1770000.0 7744.625 1626697.5314 1344972.2056 1908422.8571 0.919 0.7599 1.0782 709.0398 445.0246 973.0549 
1780000.0 7761.25 1636525.9576 1352728.2355 1920323.6798 0.9194 0.76 1.0788 682.9356 440.9361 924.9351 
1790000.0 7776.25 1646350.8756 1360525.6302 1932176.1211 0.9197 0.7601 1.0794 688.5011 436.8286 940.1736 
1800000.0 7790.5 1656523.723 1368486.4496 1944560.9964 0.9203 0.7603 1.0803 709.1162 454.0747 964.1578 
1810000.0 7810.125 1666940.3956 1376695.8368 1957184.9544 0.921 0.7606 1.0813 694.1455 423.0523 965.2387 
1820000.0 7835.75 1677079.7738 1384881.9927 1969277.5548 0.9215 0.7609 1.082 679.8772 393.6667 966.0878 
1830000.0 7853.0 1687579.127 1392964.4582 1982193.7958 0.9222 0.7612 1.0832 667.006 396.1305 937.8815 
1840000.0 7871.0 1697932.4366 1401353.4415 1994511.4317 0.9228 0.7616 1.084 655.4129 392.6913 918.1344 
1850000.0 7888.25 1709657.1549 1410185.8471 2009128.4626 0.9241 0.7623 1.086 688.8929 402.2601 975.5257 
1860000.0 7905.125 1721207.2241 1418584.0257 2023830.4226 0.9254 0.7627 1.0881 698.2814 400.8984 995.6644 
1870000.0 7920.625 1732406.6749 1427468.3689 2037344.9808 0.9264 0.7634 1.0895 722.0364 414.2572 1029.8156 
1880000.0 7937.5 1743588.8071 1436380.07 2050797.5442 0.9274 0.764 1.0908 723.2198 410.4527 1035.9868 
1890000.0 7954.375 1753949.8125 1444648.7459 2063250.8791 0.928 0.7644 1.0917 716.76 386.0285 1047.4915 
1900000.0 7975.125 1764560.3114 1453020.9092 2076099.7135 0.9287 0.7647 1.0927 697.3931 337.8422 1056.9441 
1910000.0 7999.5 1775132.0734 1461658.6205 2088605.5262 0.9294 0.7653 1.0935 677.9886 326.0822 1029.895 
1920000.0 8017.5 1786201.4759 1469758.383 2102644.5688 0.9303 0.7655 1.0951 698.5982 344.7796 1052.4169 
1930000.0 8031.25 1797288.7756 1477029.3795 2117548.1718 0.9312 0.7653 1.0972 737.2845 365.9354 1108.6336 
1940000.0 8046.0 1807785.2391 1483706.004 2131864.4742 0.9318 0.7648 1.0989 738.3716 364.9389 1111.8044 
1950000.0 8058.25 1818137.9876 1490209.135 2146066.8402 0.9324 0.7642 1.1005 770.963 395.2452 1146.6808 
1960000.0 8070.375 1829115.4798 1497772.0672 2160458.8923 0.9332 0.7642 1.1023 810.0685 425.3897 1194.7473 
1970000.0 8084.5 1840263.5162 1505028.4951 2175498.5374 0.9341 0.764 1.1043 821.7432 426.3282 1217.1583 
1980000.0 8098.5 1851726.5676 1512679.4678 2190773.6674 0.9352 0.764 1.1065 833.3981 434.4207 1232.3756 
1990000.0 8113.125 1863695.3541 1520647.382 2206743.3262 0.9365 0.7641 1.1089 860.7792 438.2209 1283.3376 
2000000.0 8128.75 1875986.4158 1529143.9219 2222828.9096 0.938 0.7646 1.1114 888.3056 441.3534 1335.2578 
2010000.0 8145.875 1888517.637 1538257.2624 2238778.0116 0.9396 0.7653 1.1138 899.6315 448.6525 1350.6105 
2020000.0 8163.5 1900855.3368 1547309.0436 2254401.6299 0.941 0.766 1.116 883.9601 430.8028 1337.1174 
2030000.0 8181.375 1912749.9128 1555736.7397 2269763.0858 0.9422 0.7664 1.1181 871.8226 419.0859 1324.5593 
2040000.0 8200.125 1924591.408 1564457.8699 2284724.9461 0.9434 0.7669 1.12 853.4369 416.1122 1290.7615 
2050000.0 8215.25 1936276.2628 1572941.692 2299610.8335 0.9445 0.7673 1.1218 862.5902 443.7342 1281.4463 
2060000.0 8230.625 1947793.8894 1580874.4585 2314713.3202 0.9455 0.7674 1.1236 859.4191 442.569 1276.2692 
2070000.0 8248.875 1959222.7151 1588696.5187 2329748.9115 0.9465 0.7675 1.1255 828.0792 404.4905 1251.668 
2080000.0 8263.5 1970466.8924 1596909.9582 2344023.8265 0.9473 0.7677 1.1269 817.6675 430.8697 1204.4653 
2090000.0 8277.125 1981878.2006 1605407.2817 2358349.1196 0.9483 0.7681 1.1284 835.3136 456.5458 1214.0815 
2100000.0 8292.375 1993463.5266 1613518.6598 2373408.3934 0.9493 0.7683 1.1302 834.944 451.649 1218.239 
2110000.0 8308.0 2004882.8479 1621482.3563 2388283.3394 0.9502 0.7685 1.1319 839.1624 439.1355 1239.1892 
2120000.0 8324.125 2016187.52 1630269.3685 2402105.6715 0.951 0.769 1.1331 827.2655 445.2007 1209.3303 
2130000.0 8341.5 2027106.4028 1638729.4524 2415483.3531 0.9517 0.7694 1.134 800.4696 444.7473 1156.1919 
2140000.0 8357.125 2038081.7271 1647738.9796 2428424.4746 0.9524 0.77 1.1348 785.6176 460.9912 1110.2441 
2150000.0 8377.25 2049663.1379 1656954.3118 2442371.9639 0.9533 0.7707 1.136 768.7674 437.9726 1099.5622 
2160000.0 8392.25 2061481.3826 1665547.7396 2457415.0256 0.9544 0.7711 1.1377 798.9141 455.1049 1142.7234 
2170000.0 8407.625 2073467.955 1674700.567 2472235.343 0.9555 0.7718 1.1393 822.4102 473.6279 1171.1926 
2180000.0 8424.5 2084893.007 1683407.4867 2486378.5273 0.9564 0.7722 1.1405 817.0094 469.4072 1164.6115 
2190000.0 8442.875 2096431.6508 1691783.4837 2501079.8178 0.9573 0.7725 1.142 777.5446 427.3259 1127.7634 
2200000.0 8461.375 2106537.7886 1700147.5226 2512928.0546 0.9575 0.7728 1.1422 718.6772 394.6681 1042.6864 
2210000.0 8478.75 2116715.6822 1708014.1299 2525417.2346 0.9578 0.7729 1.1427 688.7335 401.2384 976.2286 
2220000.0 8496.875 2127928.4405 1716824.6496 2539032.2314 0.9585 0.7733 1.1437 680.2496 394.8803 965.6189 
2230000.0 8512.375 2138242.3561 1725128.718 2551355.9943 0.9589 0.7736 1.1441 691.801 418.2115 965.3905 
2240000.0 8527.125 2148491.1679 1733022.2929 2563960.0429 0.9591 0.7737 1.1446 707.5147 434.8136 980.2159 
2250000.0 8541.0 2159630.2516 1741772.4489 2577488.0543 0.9598 0.7741 1.1456 737.2335 466.661 1007.806 
2260000.0 8560.375 2170851.732 1749922.0462 2591781.4178 0.9606 0.7743 1.1468 698.9666 423.2922 974.641 
2270000.0 8576.25 2182711.9062 1759006.1785 2606417.634 0.9615 0.7749 1.1482 726.3309 439.7209 1012.9408 
2280000.0 8592.875 2194807.3969 1768676.5568 2620938.237 0.9626 0.7757 1.1495 746.8621 446.9854 1046.7389 
2290000.0 8609.25 2206713.6219 1778294.6851 2635132.5587 0.9636 0.7765 1.1507 756.894 440.2034 1073.5846 
2300000.0 8625.25 2218446.0652 1787774.6091 2649117.5214 0.9645 0.7773 1.1518 771.7778 448.4589 1095.0966 
2310000.0 8640.0 2229557.0785 1797017.5096 2662096.6474 0.9652 0.7779 1.1524 785.4051 467.0166 1103.7937 
2320000.0 8654.5 2240591.0219 1805712.5921 2675469.4516 0.9658 0.7783 1.1532 793.1468 462.9715 1123.322 
2330000.0 8669.625 2251208.9083 1813615.6823 2688802.1342 0.9662 0.7784 1.154 779.8329 439.8676 1119.7982 
2340000.0 8683.5 2261331.4241 1821511.0474 2701151.8008 0.9664 0.7784 1.1543 767.7409 462.6213 1072.8605 
2350000.0 8697.0 2272251.7801 1830423.3196 2714080.2406 0.9669 0.7789 1.1549 777.4254 497.517 1057.3337 
2360000.0 8708.875 2283614.4262 1839203.7278 2728025.1247 0.9676 0.7793 1.1559 812.394 534.7743 1090.0137 
2370000.0 8722.875 2294453.5836 1847817.1376 2741090.0296 0.9681 0.7797 1.1566 808.9054 527.6756 1090.1352 
2380000.0 8735.625 2305145.7375 1856465.2584 2753826.2166 0.9685 0.78 1.1571 824.2932 522.4277 1126.1588 
2390000.0 8749.75 2315543.9948 1864344.3761 2766743.6134 0.9688 0.7801 1.1576 801.0515 506.1546 1095.9484 
2400000.0 8764.75 2326388.4601 1872636.8475 2780140.0727 0.9693 0.7803 1.1584 782.5466 499.6283 1065.4649 
2410000.0 8779.375 2338047.7936 1881656.3371 2794439.2501 0.9701 0.7808 1.1595 792.2225 494.4016 1090.0434 
2420000.0 8796.5 2350217.7681 1890895.9687 2809539.5675 0.9712 0.7814 1.161 794.0623 479.5454 1108.5791 
2430000.0 8811.5 2361771.4694 1900013.6122 2823529.3266 0.9719 0.7819 1.1619 800.6435 475.8677 1125.4193 
2440000.0 8826.5 2373579.0241 1909692.2264 2837465.8219 0.9728 0.7827 1.1629 824.4365 477.1167 1171.7563 
2450000.0 8843.375 2385561.568 1918720.4703 2852402.6657 0.9737 0.7832 1.1642 835.7191 470.1202 1201.318 
2460000.0 8861.0 2398029.1816 1928082.7772 2867975.586 0.9748 0.7838 1.1658 814.4262 479.7714 1149.0811 
2470000.0 8875.25 2411306.0398 1938373.7588 2884238.3207 0.9762 0.7848 1.1677 850.6215 526.5976 1174.6454 
2480000.0 8889.375 2423406.9342 1947049.314 2899764.5545 0.9772 0.7851 1.1693 849.207 556.9185 1141.4955 
2490000.0 8902.75 2435992.0514 1956360.8128 2915623.2899 0.9783 0.7857 1.1709 880.7276 584.0717 1177.3835 
2500000.0 8916.25 2448638.5561 1965953.2848 2931323.8274 0.9795 0.7864 1.1725 901.5156 592.1422 1210.889 
2510000.0 8932.375 2461018.5548 1975494.2821 2946542.8274 0.9805 0.787 1.1739 895.4982 558.4918 1232.5047 
2520000.0 8949.5 2473465.4205 1984776.9648 2962153.8762 0.9815 0.7876 1.1755 894.111 523.244 1264.978 
2530000.0 8975.5 2485922.6568 1993522.7131 2978322.6004 0.9826 0.788 1.1772 856.5871 432.9892 1280.185 
2540000.0 8993.75 2497748.4285 2001889.1771 2993607.6799 0.9834 0.7881 1.1786 826.2852 404.2127 1248.3578 
2550000.0 9011.125 2509929.6377 2010403.3221 3009455.9534 0.9843 0.7884 1.1802 829.326 410.9321 1247.7199 
2560000.0 9031.0 2521330.6756 2018313.9227 3024347.4286 0.9849 0.7884 1.1814 809.4812 387.9815 1230.981 
2570000.0 9054.25 2532817.4755 2026573.3287 3039061.6223 0.9855 0.7885 1.1825 783.4364 365.2246 1201.6481 
2580000.0 9069.0 2544190.3575 2034914.2332 3053466.4818 0.9861 0.7887 1.1835 804.2178 406.9283 1201.5072 
2590000.0 9085.75 2555629.4542 2044037.9703 3067220.9382 0.9867 0.7892 1.1843 773.7778 449.2 1098.3555 
2600000.0 9104.25 2566767.5954 2052253.2196 3081281.9711 0.9872 0.7893 1.1851 721.5518 450.9953 992.1082 
2610000.0 9121.875 2578706.3818 2061499.4786 3095913.2849 0.988 0.7898 1.1862 716.544 454.7173 978.3707 
2620000.0 9141.25 2590369.206 2070513.7194 3110224.6926 0.9887 0.7903 1.1871 706.0808 416.5719 995.5896 
2630000.0 9166.875 2601797.6325 2079447.7157 3124147.5493 0.9893 0.7907 1.1879 677.5094 338.5551 1016.4637 
2640000.0 9187.5 2613542.0649 2088399.9688 3138684.161 0.99 0.7911 1.1889 699.3756 370.8799 1027.8713 
2650000.0 9203.0 2625904.783 2098388.5532 3153421.0128 0.9909 0.7918 1.19 732.6375 442.7895 1022.4855 
2660000.0 9217.75 2637954.0583 2107013.6704 3168894.4461 0.9917 0.7921 1.1913 768.8536 475.039 1062.6683 
2670000.0 9231.125 2649748.7189 2115609.1078 3183888.3299 0.9924 0.7924 1.1925 811.097 498.6698 1123.5242 
2680000.0 9250.125 2660929.3536 2123621.4056 3198237.3017 0.9929 0.7924 1.1934 803.8728 458.2814 1149.4641 
2690000.0 9268.0 2671767.4826 2131810.4116 3211724.5536 0.9932 0.7925 1.1939 785.9321 430.6871 1141.1772 
2700000.0 9285.25 2682432.4034 2140433.6407 3224431.1661 0.9935 0.7928 1.1942 767.3408 404.8494 1129.8321 
2710000.0 9298.875 2693139.6816 2148982.781 3237296.5822 0.9938 0.793 1.1946 775.434 434.0926 1116.7754 
2720000.0 9313.625 2703110.3342 2157150.5421 3249070.1264 0.9938 0.7931 1.1945 762.7741 423.8571 1101.6912 
2730000.0 9331.25 2712846.738 2164743.0653 3260950.4107 0.9937 0.7929 1.1945 717.639 387.4995 1047.7785 
2740000.0 9349.375 2723171.1548 2172579.2205 3273763.089 0.9939 0.7929 1.1948 696.1794 351.1299 1041.2288 
2750000.0 9366.375 2733453.9485 2180519.9832 3286387.9138 0.994 0.7929 1.1951 699.9275 348.5562 1051.2988 
2760000.0 9383.75 2743926.7932 2188410.7669 3299442.8196 0.9942 0.7929 1.1955 710.0886 342.4908 1077.6865 
2770000.0 9404.375 2754326.9969 2195824.0963 3312829.8975 0.9943 0.7927 1.196 688.9692 301.0093 1076.9292 
2780000.0 9421.25 2764999.0471 2204381.2436 3325616.8507 0.9946 0.7929 1.1963 700.4731 321.1918 1079.7545 
2790000.0 9437.5 2775985.0259 2213289.8056 3338680.2462 0.995 0.7933 1.1967 723.9534 359.8349 1088.0718 
2800000.0 9456.125 2787134.6207 2222136.2186 3352133.0229 0.9954 0.7936 1.1972 724.7665 371.1777 1078.3553 
2810000.0 9478.125 2798388.0759 2231071.8075 3365704.3443 0.9959 0.794 1.1978 699.6011 342.5876 1056.6146 
2820000.0 9496.875 2809705.8521 2240403.942 3379007.7622 0.9963 0.7945 1.1982 711.8709 365.6957 1058.046 
2830000.0 9514.875 2821228.7365 2250022.3862 3392435.0868 0.9969 0.7951 1.1987 730.6967 393.8558 1067.5377 
2840000.0 9530.0 2832526.7957 2259079.8487 3405973.7428 0.9974 0.7955 1.1993 739.5879 425.1155 1054.0603 
2850000.0 9545.625 2844294.0592 2268035.2388 3420552.8797 0.998 0.7958 1.2002 755.6181 443.656 1067.5802 
2860000.0 9566.0 2856015.537 2277431.7646 3434599.3094 0.9986 0.7963 1.2009 737.3186 396.4023 1078.235 
2870000.0 9586.25 2867128.6932 2286341.5736 3447915.8129 0.999 0.7966 1.2014 702.3319 371.8194 1032.8443 
2880000.0 9602.625 2879009.4675 2295158.9891 3462859.9459 0.9997 0.7969 1.2024 729.9924 393.2641 1066.7206 
2890000.0 9617.75 2890605.736 2303984.8442 3477226.6278 1.0002 0.7972 1.2032 756.1534 425.6386 1086.6681 
2900000.0 9630.375 2902085.5428 2312381.5956 3491789.4899 1.0007 0.7974 1.2041 798.9783 465.1467 1132.8098 
2910000.0 9647.375 2913727.583 2321287.8951 3506167.2709 1.0013 0.7977 1.2049 791.2581 441.2748 1141.2415 
2920000.0 9663.75 2924992.642 2329900.055 3520085.229 1.0017 0.7979 1.2055 791.509 451.5376 1131.4804 
2930000.0 9677.375 2936768.747 2338767.7572 3534769.7368 1.0023 0.7982 1.2064 814.2508 486.3916 1142.1099 
2940000.0 9693.125 2948365.9035 2347646.6774 3549085.1296 1.0028 0.7985 1.2072 819.0119 481.1424 1156.8814 
2950000.0 9707.25 2959555.627 2356566.3158 3562544.9382 1.0032 0.7988 1.2076 813.2235 488.1756 1138.2714 
2960000.0 9723.25 2970851.4226 2365783.953 3575918.8922 1.0037 0.7993 1.2081 803.1348 479.6748 1126.5947 
2970000.0 9739.875 2982475.0535 2374927.0139 3590023.0931 1.0042 0.7996 1.2088 790.4305 471.8414 1109.0196 
2980000.0 9756.625 2993956.2667 2384001.6841 3603910.8494 1.0047 0.8 1.2094 796.8816 459.3189 1134.4443 
2990000.0 9771.625 3006057.0514 2393898.1221 3618215.9806 1.0054 0.8006 1.2101 806.9539 485.25 1128.6578 
3000000.0 9786.625 3017965.0224 2403300.2493 3632629.7955 1.006 0.8011 1.2109 816.9071 492.7076 1141.1067 
3010000.0 9803.875 3029307.486 2412602.7093 3646012.2627 1.0064 0.8015 1.2113 785.5568 471.96 1099.1535 
3020000.0 9819.5 3040315.4055 2421702.4185 3658928.3925 1.0067 0.8019 1.2116 779.9105 469.9461 1089.8749 
3030000.0 9833.125 3052038.4656 2431517.1954 3672559.7359 1.0073 0.8025 1.2121 812.2994 512.0474 1112.5513 
3040000.0 9845.625 3064551.6761 2440986.6324 3688116.7199 1.0081 0.803 1.2132 850.0934 563.5296 1136.6572 
3050000.0 9861.0 3076309.8159 2450293.5764 3702326.0554 1.0086 0.8034 1.2139 822.6811 580.1572 1065.2051 
3060000.0 9877.125 3088320.9108 2459800.46 3716841.3615 1.0093 0.8039 1.2147 813.7748 560.3245 1067.225 
3070000.0 9894.0 3100673.186 2469486.1344 3731860.2376 1.01 0.8044 1.2156 806.0091 542.6127 1069.4056 
3080000.0 9910.625 3112720.3964 2478958.6587 3746482.134 1.0106 0.8049 1.2164 799.1872 517.1504 1081.2241 
3090000.0 9927.25 3125462.0554 2488378.2802 3762545.8305 1.0115 0.8053 1.2177 813.9953 501.9439 1126.0466 
3100000.0 9943.625 3138679.9759 2499129.3992 3778230.5525 1.0125 0.8062 1.2188 845.5399 515.9271 1175.1527 
3110000.0 9959.375 3150897.0511 2509005.0501 3792789.0522 1.0132 0.8068 1.2195 856.5869 524.6792 1188.4945 
3120000.0 9973.5 3163593.4575 2518497.6813 3808689.2337 1.014 0.8072 1.2207 876.7668 535.4233 1218.1102 
3130000.0 9987.125 3175695.2792 2527209.4273 3824181.1312 1.0146 0.8074 1.2218 888.3569 535.0682 1241.6456 
3140000.0 10000.5 3187625.2951 2535252.6349 3839997.9553 1.0152 0.8074 1.2229 903.3138 534.3201 1272.3074 
3150000.0 10014.0 3199973.0276 2544321.3811 3855624.6742 1.0159 0.8077 1.224 915.1171 543.9755 1286.2587 
3160000.0 10030.75 3212268.7035 2552541.3205 3871996.0865 1.0165 0.8078 1.2253 916.0249 505.6278 1326.422 
3170000.0 10047.125 3224941.0559 2561323.1994 3888558.9124 1.0173 0.808 1.2267 926.5 488.7212 1364.2788 
3180000.0 10059.125 3237454.7254 2570552.937 3904356.5137 1.0181 0.8083 1.2278 958.9845 551.3023 1366.6667 
3190000.0 10072.625 3249833.9679 2579732.1178 3919935.8179 1.0188 0.8087 1.2288 961.3128 562.1801 1360.4454 
3200000.0 10088.25 3262584.6315 2588997.4404 3936171.8226 1.0196 0.8091 1.2301 954.2358 543.0207 1365.4508 
3210000.0 10102.625 3274821.0891 2598077.3396 3951564.8386 1.0202 0.8094 1.231 950.9994 541.0524 1360.9464 
3220000.0 10116.5 3286998.2912 2606757.9496 3967238.6329 1.0208 0.8096 1.2321 947.8905 546.215 1349.566 
3230000.0 10131.25 3298700.1664 2615232.4356 3982167.8971 1.0213 0.8097 1.2329 936.9186 548.4495 1325.3878 
3240000.0 10149.5 3310250.8401 2624159.3414 3996342.3388 1.0217 0.8099 1.2334 887.388 493.6947 1281.0813 
3250000.0 10169.25 3321590.7215 2632195.2464 4010986.1966 1.022 0.8099 1.2341 859.5804 433.7385 1285.4223 
3260000.0 10187.0 3332055.7818 2639865.194 4024246.3695 1.0221 0.8098 1.2344 849.5748 426.0157 1273.1338 
3270000.0 10202.625 3343063.7688 2648544.593 4037582.9445 1.0223 0.81 1.2347 845.3674 437.1364 1253.5984 
3280000.0 10217.75 3354585.1174 2657751.0934 4051419.1414 1.0227 0.8103 1.2352 845.9365 448.8459 1243.0271 
3290000.0 10234.5 3366521.2718 2667156.2715 4065886.272 1.0233 0.8107 1.2358 836.589 443.3885 1229.7895 
3300000.0 10255.75 3378201.3645 2676115.7626 4080286.9664 1.0237 0.8109 1.2365 794.7191 367.4855 1221.9527 
3310000.0 10273.125 3389587.1885 2684792.6753 4094381.7017 1.024 0.8111 1.237 793.3653 363.635 1223.0955 
3320000.0 10291.75 3401334.0209 2693667.0927 4109000.9491 1.0245 0.8113 1.2377 774.0278 327.0199 1221.0356 
3330000.0 10312.375 3413509.1895 2702961.5855 4124056.7935 1.0251 0.8117 1.2385 765.2175 307.0311 1223.4039 
3340000.0 10332.625 3426001.9291 2712599.0373 4139404.8209 1.0257 0.8122 1.2393 769.8419 306.4697 1233.214 
3350000.0 10352.125 3437689.0459 2721565.3545 4153812.7372 1.0262 0.8124 1.2399 754.9189 276.2365 1233.6012 
3360000.0 10368.375 3449808.5808 2730570.6523 4169046.5092 1.0267 0.8127 1.2408 788.493 307.5992 1269.3868 
3370000.0 10382.125 3461826.6389 2740173.1333 4183480.1445 1.0272 0.8131 1.2414 818.1546 365.8172 1270.4921 
3380000.0 10398.25 3474735.9804 2750114.3729 4199357.5879 1.028 0.8136 1.2424 840.7821 400.6013 1280.9629 
3390000.0 10415.375 3487844.4236 2760027.4374 4215661.4098 1.0289 0.8142 1.2436 856.5477 413.3541 1299.7414 
3400000.0 10430.875 3499584.0522 2769283.8759 4229884.2286 1.0293 0.8145 1.2441 839.2537 455.5126 1222.9949 
3410000.0 10449.5 3511831.8614 2778693.7376 4244969.9852 1.0299 0.8149 1.2449 809.1745 453.6233 1164.7257 
3420000.0 10467.0 3524492.5721 2788399.9184 4260585.2259 1.0306 0.8153 1.2458 826.3691 447.0399 1205.6984 
3430000.0 10484.125 3536679.2904 2798094.2547 4275264.3261 1.0311 0.8158 1.2464 823.5554 457.1205 1189.9902 
3440000.0 10502.125 3548541.1071 2807123.1468 4289959.0675 1.0316 0.816 1.2471 809.5179 445.786 1173.2498 
3450000.0 10520.0 3560568.5619 2816131.9445 4305005.1793 1.032 0.8163 1.2478 811.7609 432.9835 1190.5383 
3460000.0 10540.25 3572434.0159 2824827.1269 4320040.9049 1.0325 0.8164 1.2486 787.0606 380.665 1193.4563 
3470000.0 10562.625 3583583.1649 2833777.1843 4333389.1455 1.0327 0.8167 1.2488 756.5369 357.6183 1155.4554 
3480000.0 10582.125 3594870.9044 2842033.4055 4347708.4033 1.033 0.8167 1.2493 752.3784 338.1822 1166.5746 
3490000.0 10599.625 3606917.7706 2850833.5416 4363001.9997 1.0335 0.8169 1.2501 775.0556 351.1584 1198.9529 
3500000.0 10614.125 3618962.3665 2859334.6281 4378590.1049 1.034 0.817 1.251 805.371 395.742 1215.0 
3510000.0 10632.25 3631168.9328 2868648.9537 4393688.9118 1.0345 0.8173 1.2518 799.893 378.7652 1221.0208 
3520000.0 10650.5 3642848.4425 2878205.3756 4407491.5094 1.0349 0.8177 1.2521 790.716 369.7268 1211.7052 
3530000.0 10668.5 3654475.5174 2888047.7109 4420903.3238 1.0353 0.8181 1.2524 793.639 361.7623 1225.5157 
3540000.0 10683.75 3665696.7305 2897661.2031 4433732.2579 1.0355 0.8185 1.2525 802.4305 390.5303 1214.3307 
3550000.0 10698.125 3676912.5471 2906801.3287 4447023.7655 1.0358 0.8188 1.2527 808.4246 396.9841 1219.8652 
3560000.0 10716.125 3688233.8535 2916404.3376 4460063.3694 1.036 0.8192 1.2528 791.0541 379.3813 1202.727 
3570000.0 10731.25 3699910.058 2925581.9027 4474238.2133 1.0364 0.8195 1.2533 816.9588 403.1022 1230.8153 
3580000.0 10747.75 3712347.0891 2935446.2647 4489247.9136 1.037 0.82 1.254 830.6799 409.8096 1251.5501 
3590000.0 10761.625 3724045.4381 2944775.0604 4503315.8159 1.0373 0.8203 1.2544 854.4142 440.3433 1268.4852 
3600000.0 10777.25 3735427.4912 2953771.305 4517083.6775 1.0376 0.8205 1.2547 855.2336 443.4962 1266.9711 
3610000.0 10793.25 3746631.3134 2962878.9982 4530383.6285 1.0378 0.8207 1.255 838.4286 440.1298 1236.7275 
3620000.0 10811.0 3757803.501 2971773.5602 4543833.4418 1.0381 0.8209 1.2552 791.5502 431.0422 1152.0583 
3630000.0 10827.75 3768984.5702 2980664.2621 4557304.8784 1.0383 0.8211 1.2555 778.8667 420.6443 1137.0892 
3640000.0 10844.0 3779586.2568 2988656.6517 4570515.8618 1.0383 0.8211 1.2556 765.8628 400.051 1131.6745 
3650000.0 10862.125 3789912.8935 2996162.8171 4583662.9699 1.0383 0.8209 1.2558 729.3451 367.2936 1091.3966 
3660000.0 10879.875 3799927.795 3003193.8616 4596661.7284 1.0382 0.8205 1.2559 708.6566 362.0736 1055.2396 
3670000.0 10898.5 3809827.7121 3010555.9235 4609099.5008 1.0381 0.8203 1.2559 693.0815 351.1273 1035.0357 
3680000.0 10917.125 3819676.4986 3018103.7693 4621249.228 1.038 0.8201 1.2558 661.84 326.5938 997.0862 
3690000.0 10933.75 3829218.9489 3025998.1632 4632439.7346 1.0377 0.8201 1.2554 660.9911 327.7334 994.2489 
3700000.0 10949.875 3839341.2906 3033844.8615 4644837.7197 1.0377 0.82 1.2554 677.0844 340.4211 1013.7477 
3710000.0 10968.125 3849249.5161 3041357.7752 4657141.257 1.0375 0.8198 1.2553 674.2063 339.4839 1008.9286 
3720000.0 10987.125 3860008.9098 3050283.1146 4669734.7049 1.0376 0.82 1.2553 683.9431 351.3796 1016.5067 
3730000.0 11012.25 3871238.9964 3059732.1712 4682745.8215 1.0379 0.8203 1.2554 702.2508 340.5589 1063.9426 
3740000.0 11029.875 3883595.0674 3069541.8525 4697648.2823 1.0384 0.8207 1.2561 743.031 376.5317 1109.5303 
3750000.0 11047.0 3895682.0859 3079241.941 4712122.2307 1.0388 0.8211 1.2566 767.6144 401.8628 1133.366 
3760000.0 11074.75 3907863.2208 3088842.4134 4726884.0281 1.0393 0.8215 1.2572 752.1864 347.7869 1156.5859 
3770000.0 11098.125 3919595.4536 3098642.825 4740548.0822 1.0397 0.8219 1.2574 745.9086 369.6086 1122.2087 
3780000.0 11117.5 3931355.356 3108302.7771 4754407.9349 1.04 0.8223 1.2578 745.6585 386.3147 1105.0023 
3790000.0 11136.625 3942719.1576 3117651.3047 4767787.0105 1.0403 0.8226 1.258 752.3484 391.9889 1112.7078 
3800000.0 11155.5 3952535.9791 3125804.5455 4779267.4128 1.0401 0.8226 1.2577 733.4532 363.8203 1103.0862 
3810000.0 11170.875 3963210.6536 3133536.6484 4792884.6589 1.0402 0.8225 1.258 748.6032 370.5755 1126.631 
3820000.0 11188.0 3974384.1879 3142421.3088 4806347.0669 1.0404 0.8226 1.2582 755.2259 373.5777 1136.8741 
3830000.0 11204.0 3985347.7901 3150976.0645 4819719.5158 1.0406 0.8227 1.2584 760.4624 377.9801 1142.9447 
3840000.0 11222.625 3997196.3282 3160647.1093 4833745.5472 1.0409 0.8231 1.2588 760.4437 385.8268 1135.0607 
3850000.0 11238.875 4009480.3668 3171002.4746 4847958.2589 1.0414 0.8236 1.2592 791.4435 414.7404 1168.1466 
3860000.0 11255.0 4021570.3115 3180561.3448 4862579.2782 1.0419 0.824 1.2597 803.1555 421.7823 1184.5287 
3870000.0 11272.625 4033110.3511 3190504.6407 4875716.0615 1.0421 0.8244 1.2599 794.376 417.0528 1171.6992 
3880000.0 11293.875 4043996.3278 3199690.6694 4888301.9861 1.0423 0.8247 1.2599 744.5813 359.0361 1130.1264 
3890000.0 11313.375 4054807.9181 3208906.8414 4900708.9949 1.0424 0.8249 1.2598 713.1951 318.9048 1107.4855 
3900000.0 11331.125 4065997.8248 3218422.7787 4913572.8708 1.0426 0.8252 1.2599 712.3886 323.6854 1101.0918 
3910000.0 11348.375 4077453.1845 3228275.6578 4926630.7112 1.0428 0.8256 1.26 718.8072 338.2596 1099.3549 
3920000.0 11363.375 4088572.8403 3238074.1478 4939071.5327 1.043 0.826 1.26 729.6497 380.8948 1078.4047 
3930000.0 11379.25 4099895.8971 3247864.0105 4951927.7837 1.0432 0.8264 1.26 752.5876 396.309 1108.8662 
3940000.0 11393.625 4111000.6045 3257281.541 4964719.668 1.0434 0.8267 1.2601 774.6405 411.2388 1138.0422 
3950000.0 11412.0 4121620.9386 3265699.5017 4977542.3756 1.0434 0.8268 1.2601 742.5551 347.4864 1137.6239 
3960000.0 11430.375 4131902.2019 3274211.4714 4989592.9323 1.0434 0.8268 1.26 710.3969 330.3505 1090.4433 
3970000.0 11448.875 4143250.116 3283707.0436 5002793.1884 1.0436 0.8271 1.2601 707.4603 322.4973 1092.4232 
3980000.0 11468.625 4154658.5792 3293786.9193 5015530.2392 1.0439 0.8276 1.2602 719.0004 327.689 1110.3118 
3990000.0 11485.625 4165798.9351 3303966.2636 5027631.6066 1.0441 0.8281 1.2601 738.4621 355.6559 1121.2683 
4000000.0 11504.25 4176923.9227 3313599.9388 5040247.9067 1.0442 0.8284 1.2601 720.4295 354.2521 1086.6069 
