10000 467 20.906 4517.715 9.122 0.0255 0 0 0 
20000 927 21.63 9027.998 9.921 0.0265 0 0 0 
30000 1271 30.888 13714.319 22.081 0.1061 0 0 0 
40000 1700 21.764 22173.186 18.501 0.0766 0 0 0 
50000 2145 23.204 30713.638 19.706 0.0807 0 0 0 
60000 2589 22.48 38818.65 17.677 0.0793 0 0 0 
70000 2975 28.382 46729.075 21.783 0.0992 0 0 0 
80000 3233 45.554 54519.627 34.623 0.1604 0 0 0 
90000 3397 68.882 62291.582 54.098 0.2403 0 0 0 
100000 3536 71.768 70201.058 57.42 0.2529 0 0 0 
110000 3643 89.012 77716.663 68.073 0.3129 0 0 0 
120000 3730 105.644 85968.499 86.593 0.3693 0 0 0 
130000 3847 83.708 94795.455 73.182 0.2943 0 0 0 
140000 3971 83.544 103912.972 74.818 0.2905 0 0 0 
150000 4050 111.245 112241.145 94.071 0.3827 0 0 0 
160000 4120 147.858 119572.384 108.943 0.5158 0 0 0 
170000 4176 164.264 127072.761 123.029 0.5718 0 0 0 
180000 4239 152.29 134793.736 118.623 0.5347 0 0 0 
190000 4269 233.185 141893.222 170.548 0.813 0 0 0 
200000 4299 281.586 149477.225 210.292 0.9844 0 0 0 
210000 4336 277.631 157245.358 212.331 0.9751 0 0 0 
220000 4370 281.485 165090.237 218.552 0.9893 0 0 0 
230000 4432 191.38 173297.83 153.732 0.6769 0 0 0 
240000 4478 193.09 181492.23 158.206 0.6856 0 0 0 
250000 4518 221.094 189289.67 175.431 0.7845 0 0 0 
260000 4565 204.075 195000.187 134.769 0.7254 0 0 0 
270000 4588 292.245 200882.374 181.012 1.0436 0 0 0 
280000 4636 240.346 206725.346 144.864 0.8565 0 0 0 
290000 4668 291.355 211997.287 163.706 1.0422 0 0 0 
300000 4679 420.468 217678.122 237.228 1.4969 0 0 0 
310000 4693 486.123 224279.987 290.338 1.7255 0 0 0 
320000 4704 574.496 231019.901 356.653 2.0423 0 0 0 
330000 4718 610.473 238555.443 402.494 2.1722 0 0 0 
340000 4732 633.931 246060.571 434.565 2.2522 0 0 0 
350000 4749 625.277 254237.345 451.768 2.2257 0 0 0 
360000 4764 630.928 263013.691 481.178 2.2351 0 0 0 
370000 4786 556.313 272238.209 452.433 1.964 0 0 0 
380000 4836 326.863 281044.23 272.08 1.1498 0 0 0 
390000 4866 329.543 290651.871 294.998 1.1623 0 0 0 
400000 4876 452.188 299454.227 401.353 1.6017 0 0 0 
410000 4886 552.398 308059.331 484.927 1.9554 0 0 0 
420000 4897 622.832 317271.265 554.118 2.2074 0 0 0 
430000 4908 676.121 326557.758 608.867 2.3972 0 0 0 
440000 4920 714.641 334697.325 626.724 2.5356 0 0 0 
450000 4930 766.841 343349.035 670.902 2.7242 0 0 0 
460000 4941 793.232 351562.241 685.173 2.8114 0 0 0 
470000 4952 808.445 360437.178 699.976 2.862 0 0 0 
480000 4965 800.333 369554.631 704.99 2.8337 0 0 0 
490000 4979 790.25 378468.599 695.665 2.8028 0 0 0 
500000 4991 786.54 386722.752 681.396 2.7922 0 0 0 
510000 5011 703.506 394273.764 591.704 2.5026 0 0 0 
520000 5023 731.005 403040.563 623.187 2.6016 0 0 0 
530000 5033 780.212 413002.273 687.82 2.7747 0 0 0 
540000 5043 820.417 423505.792 753.743 2.9194 0 0 0 
550000 5056 810.915 435298.419 791.584 2.8774 0 0 0 
560000 5069 798.234 446109.22 797.1 2.8322 0 0 0 
570000 5085 746.94 455290.868 737.62 2.6572 0 0 0 
580000 5100 731.481 464492.436 712.765 2.5928 0 0 0 
590000 5128 563.253 473869.947 542.816 1.9967 0 0 0 
600000 5142 588.114 485620.74 600.182 2.0846 0 0 0 
610000 5154 642.499 494503.369 631.046 2.2828 0 0 0 
620000 5164 707.896 506025.635 726.323 2.5108 0 0 0 
630000 5177 722.15 518098.804 773.728 2.5574 0 0 0 
640000 5188 768.783 528362.607 817.941 2.7276 0 0 0 
650000 5198 810.902 540348.229 886.98 2.8789 0 0 0 
660000 5215 732.442 550135.275 784.778 2.5954 0 0 0 
670000 5228 756.307 559217.955 777.854 2.6905 0 0 0 
680000 5240 768.231 567237.238 750.778 2.736 0 0 0 
690000 5267 592.992 575647.819 562.352 2.1122 0 0 0 
700000 5283 595.577 584965.361 557.466 2.1194 0 0 0 
710000 5296 633.838 595627.987 614.496 2.2556 0 0 0 
720000 5309 676.977 606671.113 680.292 2.4057 0 0 0 
730000 5341 490.918 615583.848 485.25 1.7428 0 0 0 
740000 5365 468.539 622377.539 414.352 1.6685 0 0 0 
750000 5375 565.758 635400.726 566.407 2.0106 0 0 0 
760000 5385 645.192 649459.091 720.067 2.2866 0 0 0 
770000 5396 707.83 661428.06 806.82 2.5093 0 0 0 
780000 5411 689.944 673925.367 803.524 2.4373 0 0 0 
790000 5427 672.595 686771.148 805.685 2.368 0 0 0 
800000 5437 732.486 700190.603 901.577 2.5817 0 0 0 
810000 5448 769.941 714206.195 977.486 2.7102 0 0 0 
820000 5463 735.47 727784.005 948.893 2.5867 0 0 0 
830000 5474 786.655 741647.349 1035.493 2.7661 0 0 0 
840000 5484 820.761 755727.22 1096.807 2.8888 0 0 0 
850000 5494 851.286 771450.81 1178.513 2.9869 0 0 0 
860000 5504 878.49 786246.409 1234.775 3.0745 0 0 0 
870000 5515 884.846 802163.765 1275.9 3.1049 0 0 0 
880000 5525 905.911 818258.459 1338.488 3.1813 0 0 0 
890000 5535 923.122 833315.842 1368.551 3.2107 0 0 0 
900000 5549 876.539 848707.331 1309.017 3.0345 0 0 0 
910000 5559 888.733 864402.722 1340.092 3.0892 0 0 0 
920000 5576 805.713 876716.739 1167.309 2.8128 0 0 0 
930000 5586 830.072 889816.348 1173.013 2.9063 0 0 0 
940000 5597 844.982 901952.85 1158.51 2.9672 0 0 0 
950000 5610 831.932 916181.687 1158.464 2.9191 0 0 0 
960000 5622 837.704 929866.009 1156.894 2.9492 0 0 0 
970000 5632 866.453 946551.79 1247.471 3.0559 0 0 0 
980000 5642 890.115 961385.478 1288.519 3.138 0 0 0 
990000 5654 878.135 978371.701 1317.247 3.0944 0 0 0 
1000000 5666 860.318 993560.616 1289.481 3.0208 0 0 0 
1010000 5678 855.928 1003986.216 1197.981 3.0116 0 0 0 
1020000 5689 877.31 1015991.396 1195.092 3.0915 0 0 0 
1030000 5700 871.935 1029459.218 1181.628 3.0812 0 0 0 
1040000 5711 871.756 1046296.177 1236.955 3.0701 0 0 0 
1050000 5722 883.607 1056607.999 1191.655 3.1235 0 0 0 
1060000 5738 818.135 1064836.665 1005.98 2.9019 0 0 0 
1070000 5757 728.096 1073067.578 827.493 2.5915 0 0 0 
1080000 5769 746.294 1083181.806 816.663 2.6583 0 0 0 
1090000 5781 761.051 1095297.504 861.769 2.7112 0 0 0 
1100000 5793 783.774 1108993.307 925.939 2.7783 0 0 0 
1110000 5806 781.987 1121422.032 927.832 2.7756 0 0 0 
1120000 5816 821.868 1134520.581 995.512 2.9169 0 0 0 
1130000 5827 842.73 1148320.442 1053.723 2.9883 0 0 0 
1140000 5838 849.617 1165988.58 1155.841 3.0112 0 0 0 
1150000 5849 865.445 1181423.971 1206.144 3.07 0 0 0 
1160000 5861 862.586 1193592.821 1173.033 3.0699 0 0 0 
1170000 5874 833.831 1207953.718 1147.532 2.9675 0 0 0 
1180000 5890 781.923 1223430.125 1109.719 2.7787 0 0 0 
1190000 5902 779.478 1241566.818 1168.324 2.7692 0 0 0 
1200000 5917 762.495 1257741.37 1170.233 2.7012 0 0 0 
1210000 5928 783.821 1271572.592 1174.689 2.7759 0 0 0 
1220000 5940 804.907 1286099.602 1198.029 2.8505 0 0 0 
1230000 5953 784.292 1302361.902 1189.714 2.7757 0 0 0 
1240000 5965 797.028 1318737.625 1232.84 2.8255 0 0 0 
1250000 5975 834.157 1334747.806 1299.749 2.9606 0 0 0 
1260000 5985 864.494 1353638.404 1405.666 3.0653 0 0 0 
1270000 5995 887.616 1371700.694 1474.935 3.1465 0 0 0 
1280000 6007 875.594 1388873.34 1465.149 3.1 0 0 0 
1290000 6018 886.011 1405651.292 1482.428 3.1378 0 0 0 
1300000 6029 892.952 1423216.62 1511.012 3.1599 0 0 0 
1310000 6039 912.534 1440353.717 1549.294 3.2343 0 0 0 
1320000 6049 928.534 1458340.649 1594.753 3.2952 0 0 0 
1330000 6059 941.607 1476794.959 1638.423 3.3383 0 0 0 
1340000 6069 952.289 1495218.902 1677.656 3.3666 0 0 0 
1350000 6079 961.016 1511053.905 1661.316 3.3922 0 0 0 
1360000 6092 912.123 1526380.395 1541.74 3.2213 0 0 0 
1370000 6103 912.536 1544083.809 1555.967 3.2202 0 0 0 
1380000 6113 928.536 1561495.525 1590.145 3.2767 0 0 0 
1390000 6123 941.608 1578206.832 1605.015 3.32 0 0 0 
1400000 6133 942.934 1592790.354 1561.947 3.3225 0 0 0 
1410000 6145 926.766 1606476.745 1485.241 3.2717 0 0 0 
1420000 6158 885.863 1622575.995 1419.637 3.1215 0 0 0 
1430000 6178 764.38 1637073.324 1199.703 2.6917 0 0 0 
1440000 6190 771.768 1647922.618 1122.61 2.7224 0 0 0 
1450000 6201 798.852 1664320.402 1197.579 2.8247 0 0 0 
1460000 6216 766.972 1679930.593 1167.245 2.7166 0 0 0 
1470000 6228 776.849 1695971.072 1193.971 2.7528 0 0 0 
1480000 6239 801.188 1713744.951 1277.591 2.8415 0 0 0 
1490000 6254 773.281 1724202.975 1140.671 2.7484 0 0 0 
1500000 6269 738.596 1735547.451 1027.887 2.6292 0 0 0 
1510000 6283 727.824 1746280.985 956.064 2.5884 0 0 0 
1520000 6302 650.807 1761070.544 878.335 2.3103 0 0 0 
1530000 6317 663.698 1775100.241 922.677 2.3551 0 0 0 
1540000 6329 713.307 1789470.596 995.871 2.5371 0 0 0 
1550000 6340 751.218 1806639.41 1108.402 2.6686 0 0 0 
1560000 6357 697.411 1821041.765 1026.842 2.4796 0 0 0 
1570000 6371 690.959 1831660.056 950.433 2.4541 0 0 0 
1580000 6383 720.779 1840185.211 896.808 2.5646 0 0 0 
1590000 6399 694.076 1853374.939 871.467 2.4676 0 0 0 
1600000 6410 736.759 1865628.283 918.084 2.6244 0 0 0 
1610000 6420 784.913 1879316.219 1000.4 2.7999 0 0 0 
1620000 6430 824.258 1891722.552 1042.451 2.9431 0 0 0 
1630000 6441 843.152 1906900.007 1108.798 3.0076 0 0 0 
1640000 6453 854.298 1922823.647 1180.396 3.0445 0 0 0 
1650000 6463 876.384 1940031.294 1271.548 3.1178 0 0 0 
1660000 6476 856.363 1952511.361 1205.44 3.0438 0 0 0 
1670000 6506 615.105 1960937.418 786.592 2.1838 0 0 0 
1680000 6527 567.015 1970351.62 668.82 2.0117 0 0 0 
1690000 6544 573.816 1980385.077 646.739 2.0432 0 0 0 
1700000 6576 439.022 1988654.478 450.251 1.5698 0 0 0 
1710000 6594 465.409 1998285.077 470.746 1.6628 0 0 0 
1720000 6613 494.027 2009222.298 507.934 1.7645 0 0 0 
1730000 6628 533.943 2019681.756 551.558 1.9093 0 0 0 
1740000 6652 492.269 2027400.792 469.56 1.7592 0 0 0 
1750000 6666 546.09 2038022.76 534.111 1.9518 0 0 0 
1760000 6681 575.853 2052016.511 642.992 2.0549 0 0 0 
1770000 6698 581.835 2067742.328 728.301 2.0742 0 0 0 
1780000 6716 557.467 2082064.756 719.261 1.9878 0 0 0 
1790000 6734 564.913 2093641.975 704.95 2.0158 0 0 0 
1800000 6749 596.883 2109277.607 800.405 2.122 0 0 0 
1810000 6763 622.049 2123730.248 848.932 2.2113 0 0 0 
1820000 6777 642.481 2138238.818 893.237 2.2867 0 0 0 
1830000 6790 683.199 2151624.614 940.607 2.4296 0 0 0 
1840000 6800 741.151 2161550.379 950.645 2.6421 0 0 0 
1850000 6810 788.501 2177566.874 1069.456 2.8114 0 0 0 
1860000 6820 810.95 2193463.218 1133.443 2.8847 0 0 0 
1870000 6830 845.533 2204310.292 1131.358 3.0092 0 0 0 
1880000 6842 842.24 2215591.255 1090.178 2.9912 0 0 0 
1890000 6853 870.617 2225902.169 1076.591 3.0856 0 0 0 
1900000 6863 889.119 2237653.136 1089.425 3.1514 0 0 0 
1910000 6874 894.59 2249637.838 1090.693 3.1703 0 0 0 
1920000 6884 905.018 2263984.867 1137.718 3.2073 0 0 0 
1930000 6894 922.393 2279374.217 1210.887 3.2697 0 0 0 
1940000 6904 936.589 2295366.033 1279.786 3.3212 0 0 0 
1950000 6914 948.189 2310041.53 1321.08 3.3687 0 0 0 
1960000 6924 957.666 2324391.163 1353.355 3.3982 0 0 0 
1970000 6934 965.41 2340787.496 1392.098 3.4289 0 0 0 
1980000 6945 968.441 2356319.471 1419.052 3.4293 0 0 0 
1990000 6956 958.786 2373015.473 1442.924 3.3945 0 0 0 
2000000 6966 966.325 2389676.12 1483.463 3.4222 0 0 0 
2010000 6976 972.485 2405411.82 1498.64 3.4427 0 0 0 
2020000 6986 966.694 2421407.271 1497.15 3.4288 0 0 0 
2030000 6999 922.402 2437737.18 1444.649 3.2702 0 0 0 
2040000 7012 897.591 2453731.911 1413.247 3.1808 0 0 0 
2050000 7023 890.97 2469353.436 1399.655 3.1552 0 0 0 
2060000 7034 898.929 2485375.55 1419.634 3.1829 0 0 0 
2070000 7045 903.01 2501087.684 1424.248 3.1995 0 0 0 
2080000 7055 920.752 2517527.181 1465.658 3.2689 0 0 0 
2090000 7065 935.249 2532367.812 1469.795 3.3205 0 0 0 
2100000 7075 947.094 2549892.568 1521.363 3.3568 0 0 0 
2110000 7086 933.625 2565401.171 1489.199 3.3062 0 0 0 
2120000 7097 923.901 2581956.985 1484.374 3.2686 0 0 0 
2130000 7110 883.47 2595372.268 1371.377 3.1287 0 0 0 
2140000 7122 877.738 2608636.12 1327.636 3.1101 0 0 0 
2150000 7134 861.642 2622598.092 1278.561 3.0541 0 0 0 
2160000 7145 872.067 2637129.623 1286.666 3.098 0 0 0 
2170000 7155 895.469 2652929.302 1338.874 3.1772 0 0 0 
2180000 7168 875.446 2664421.796 1251.889 3.1132 0 0 0 
2190000 7179 879.382 2680430.872 1285.563 3.1254 0 0 0 
2200000 7191 863.789 2695222.647 1268.632 3.07 0 0 0 
2210000 7208 792.626 2710235.471 1168.695 2.8233 0 0 0 
2220000 7219 801.532 2727488.073 1221.357 2.8567 0 0 0 
2230000 7232 798.379 2737811.915 1127.935 2.8454 0 0 0 
2240000 7244 804.21 2749109.406 1093.422 2.8748 0 0 0 
2250000 7257 797.521 2760093.664 1033.435 2.8527 0 0 0 
2260000 7280 675.116 2774465.679 901.424 2.4113 0 0 0 
2270000 7294 687.016 2789405.802 945.902 2.4521 0 0 0 
2280000 7309 680.253 2803718.154 945.101 2.4165 0 0 0 
2290000 7323 688.613 2817613.958 957.605 2.4499 0 0 0 
2300000 7335 716.542 2829934.209 965.376 2.5542 0 0 0 
2310000 7346 743.809 2839891.382 948.598 2.6434 0 0 0 
2320000 7356 790.673 2848267.021 925.354 2.8158 0 0 0 
2330000 7367 817.528 2858003.771 925.463 2.912 0 0 0 
2340000 7378 838.282 2870550.989 963.198 2.9873 0 0 0 
2350000 7391 813.041 2882676.575 943.46 2.9003 0 0 0 
2360000 7402 844.614 2895623.63 1008.768 3.0094 0 0 0 
2370000 7414 838.685 2909208.64 1030.788 2.983 0 0 0 
2380000 7424 868.194 2920745.075 1054.753 3.0864 0 0 0 
2390000 7437 838.319 2934283.213 1046.824 2.9838 0 0 0 
2400000 7450 822.513 2947378.675 1028.232 2.921 0 0 0 
2410000 7461 844.923 2962696.761 1112.201 3.003 0 0 0 
2420000 7474 829.379 2978242.711 1134.142 2.9485 0 0 0 
2430000 7484 860.59 2994694.523 1226.577 3.058 0 0 0 
2440000 7496 860.437 3010906.331 1262.148 3.0595 0 0 0 
2450000 7506 885.967 3027996.67 1343.942 3.1504 0 0 0 
2460000 7517 889.839 3044477.928 1373.304 3.1633 0 0 0 
2470000 7527 909.99 3060846.128 1422.435 3.2295 0 0 0 
2480000 7541 853.273 3076685.907 1337.742 3.0268 0 0 0 
2490000 7553 861.786 3092107.922 1345.478 3.054 0 0 0 
2500000 7563 887.069 3107890.807 1388.069 3.145 0 0 0 
2510000 7573 900.41 3124498.691 1425.507 3.1912 0 0 0 
2520000 7583 918.628 3141358.287 1472.986 3.2581 0 0 0 
2530000 7593 933.513 3160213.753 1548.095 3.3136 0 0 0 
2540000 7603 945.675 3178767.693 1604.954 3.3601 0 0 0 
2550000 7613 955.613 3197113.139 1645.95 3.3979 0 0 0 
2560000 7623 961.111 3215356.618 1674.61 3.4163 0 0 0 
2570000 7634 955.283 3232710.364 1664.665 3.3923 0 0 0 
2580000 7645 947.674 3248711.663 1625.366 3.3675 0 0 0 
2590000 7666 775.648 3262965.521 1282.934 2.7385 0 0 0 
2600000 7695 580.666 3276737.523 921.426 2.0538 0 0 0 
2610000 7714 555.34 3291948.328 871.156 1.9691 0 0 0 
2620000 7727 617.407 3307655.28 969.924 2.1927 0 0 0 
2630000 7738 670.696 3321803.274 1027.108 2.3833 0 0 0 
2640000 7758 614.42 3334884.814 908.657 2.1858 0 0 0 
2650000 7787 498.421 3346685.209 698.831 1.7746 0 0 0 
2660000 7798 582.805 3362416.841 847.464 2.0765 0 0 0 
2670000 7808 656.286 3377675.038 967.947 2.3358 0 0 0 
2680000 7819 712.486 3392573.838 1053.189 2.5261 0 0 0 
2690000 7830 750.613 3406645.543 1097.478 2.6656 0 0 0 
2700000 7841 780.534 3419662.733 1112.044 2.7639 0 0 0 
2710000 7854 773.453 3432617.298 1079.341 2.7417 0 0 0 
2720000 7866 775.58 3443905.588 1038.701 2.7563 0 0 0 
2730000 7889 651.192 3457615.944 874.351 2.3176 0 0 0 
2740000 7904 660.086 3472632.749 913.821 2.3308 0 0 0 
2750000 7916 706.824 3487725.834 1003.891 2.4936 0 0 0 
2760000 7928 735.46 3503909.671 1079.758 2.5952 0 0 0 
2770000 7940 757.026 3520301.672 1143.337 2.6777 0 0 0 
2780000 7952 761.412 3532116.654 1087.007 2.7012 0 0 0 
2790000 7962 805.056 3545797.644 1150.585 2.8566 0 0 0 
2800000 7972 840.717 3558081.496 1164.717 2.9803 0 0 0 
2810000 7985 829.85 3570491.227 1120.092 2.9497 0 0 0 
2820000 7995 853.636 3582259.567 1134.01 3.0428 0 0 0 
2830000 8006 864.502 3589771.172 1039.3 3.0961 0 0 0 
2840000 8021 824.92 3597691.716 915.528 2.9615 0 0 0 
2850000 8039 725.847 3609721.283 816.427 2.6074 0 0 0 
2860000 8070 532.188 3619994.951 584.709 1.9133 0 0 0 
2870000 8098 478.296 3628208.623 473.839 1.7278 0 0 0 
2880000 8109 553.89 3642775.251 623.321 1.9965 0 0 0 
2890000 8121 617.488 3657505.014 761.378 2.2212 0 0 0 
2900000 8133 672.74 3671153.378 858.706 2.4066 0 0 0 
2910000 8145 703.527 3684440.838 904.735 2.5095 0 0 0 
2920000 8156 735.419 3696038.278 920.659 2.6251 0 0 0 
2930000 8171 724.242 3709387.675 928.458 2.5833 0 0 0 
2940000 8185 727.632 3720505.293 897.447 2.591 0 0 0 
2950000 8196 757.902 3729240.253 873.451 2.706 0 0 0 
2960000 8207 799.609 3737754.779 862.384 2.8613 0 0 0 
2970000 8223 755.676 3747689.543 802.443 2.7023 0 0 0 
2980000 8235 771.65 3755931.574 778.304 2.7685 0 0 0 
2990000 8245 802.681 3765909.354 794.009 2.8821 0 0 0 
3000000 8256 832.781 3775855.089 835.314 2.9837 0 0 0 
3010000 8266 854.341 3782934.608 806.633 3.0612 0 0 0 
3020000 8277 876.046 3790204.128 785.369 3.1434 0 0 0 
3030000 8287 898.721 3799324.786 805.116 3.2224 0 0 0 
3040000 8298 892.021 3813768.821 892.873 3.1925 0 0 0 
3050000 8309 898.269 3829186.541 998.584 3.2006 0 0 0 
3060000 8319 916.878 3842253.377 1055.965 3.2665 0 0 0 
3070000 8332 887.656 3856734.511 1078.21 3.1646 0 0 0 
3080000 8342 908.207 3871136.815 1144.94 3.2262 0 0 0 
3090000 8352 911.82 3887038.44 1206.726 3.2378 0 0 0 
3100000 8362 927.951 3902132.192 1261.865 3.2872 0 0 0 
3110000 8374 919.075 3917589.626 1285.1 3.2532 0 0 0 
3120000 8385 914.884 3932994.385 1305.989 3.2433 0 0 0 
3130000 8395 930.454 3948072.289 1342.603 3.2984 0 0 0 
3140000 8405 933.337 3963481.386 1366.503 3.3141 0 0 0 
3150000 8416 928.159 3979360.259 1376.301 3.2988 0 0 0 
3160000 8426 941.3 3995305.426 1418.839 3.3467 0 0 0 
3170000 8437 941.257 4012056.897 1446.945 3.3435 0 0 0 
3180000 8447 952.003 4028392.5 1485.441 3.3868 0 0 0 
3190000 8459 934.269 4044630.876 1468.758 3.3209 0 0 0 
3200000 8469 937.632 4061385.073 1490.639 3.3351 0 0 0 
3210000 8479 943.381 4076410.519 1482.834 3.3471 0 0 0 
3220000 8492 914.255 4092329.621 1441.967 3.2397 0 0 0 
3230000 8502 929.94 4107592.485 1457.333 3.2975 0 0 0 
3240000 8512 928.566 4123201.694 1460.75 3.306 0 0 0 
3250000 8522 941.633 4138924.052 1477.119 3.351 0 0 0 
3260000 8535 906.742 4151554.5 1368.117 3.2319 0 0 0 
3270000 8548 870.509 4165635.318 1293.819 3.1017 0 0 0 
3280000 8560 871.479 4177287.15 1235.506 3.1054 0 0 0 
3290000 8572 866.167 4192287.369 1243.567 3.0855 0 0 0 
3300000 8582 888.573 4207580.896 1292.637 3.1677 0 0 0 
3310000 8592 908.956 4223583.861 1346.687 3.2385 0 0 0 
3320000 8603 901.838 4240159.307 1366.496 3.2125 0 0 0 
3330000 8614 910.731 4255473.037 1384.071 3.2403 0 0 0 
3340000 8624 918.774 4269289.462 1375.312 3.2696 0 0 0 
3350000 8634 933.633 4286349.522 1429.689 3.3217 0 0 0 
3360000 8644 944.153 4302421.583 1458.7 3.3612 0 0 0 
3370000 8657 900.58 4314861.078 1347.083 3.211 0 0 0 
3380000 8667 918.767 4328799.062 1343.124 3.2809 0 0 0 
3390000 8679 899.569 4343984.766 1331.061 3.2142 0 0 0 
3400000 8692 870.604 4352778.956 1182.947 3.1252 0 0 0 
3410000 8706 831.629 4365656.403 1116.442 2.9879 0 0 0 
3420000 8719 819.483 4380207.348 1122.654 2.9491 0 0 0 
3430000 8731 815.468 4391235.862 1080.275 2.9381 0 0 0 
3440000 8750 734.772 4404419.047 967.203 2.6448 0 0 0 
3450000 8760 783.289 4417543.949 1031.885 2.8112 0 0 0 
3460000 8771 807.929 4433676.916 1121.614 2.8953 0 0 0 
3470000 8781 843.064 4447403.729 1164.817 3.0234 0 0 0 
3480000 8791 871.772 4462935.144 1236.76 3.1245 0 0 0 
3490000 8801 895.229 4479588.647 1315.974 3.2086 0 0 0 
3500000 8811 914.394 4497620.638 1408.126 3.2645 0 0 0 
3510000 8821 929.854 4514559.858 1456.609 3.296 0 0 0 
3520000 8831 932.354 4529844.131 1451.218 3.3085 0 0 0 
3530000 8841 944.728 4547112.129 1500.856 3.3547 0 0 0 
3540000 8852 950.946 4560405.986 1461.684 3.3868 0 0 0 
3550000 8862 948.773 4575975.981 1470.304 3.3825 0 0 0 
3560000 8874 926.587 4587925.588 1368.548 3.3192 0 0 0 
3570000 8884 940.016 4603281.064 1396.913 3.373 0 0 0 
3580000 8895 939.546 4620420.515 1438.429 3.3662 0 0 0 
3590000 8905 938.586 4637922.536 1476.487 3.3509 0 0 0 
3600000 8916 945.044 4654489.725 1502.361 3.3711 0 0 0 
3610000 8927 936.9 4668219.252 1451.308 3.3452 0 0 0 
3620000 8942 863.855 4682302.972 1313.457 3.089 0 0 0 
3630000 8957 803.488 4695541.023 1188.571 2.8799 0 0 0 
3640000 8970 796.782 4707914.839 1127.484 2.8592 0 0 0 
3650000 8986 746.309 4719976.919 1017.327 2.6815 0 0 0 
3660000 8997 785.693 4732750.193 1056.086 2.8213 0 0 0 
3670000 9009 799.805 4747536.12 1100.717 2.8682 0 0 0 
3680000 9019 827.672 4763321.716 1172.825 2.9634 0 0 0 
3690000 9030 844.026 4777635.944 1198.259 3.0257 0 0 0 
3700000 9041 857.205 4792254.132 1222.985 3.0743 0 0 0 
3710000 9056 815.726 4806130.28 1162.001 2.9283 0 0 0 
3720000 9069 807.727 4822763.555 1195.418 2.8967 0 0 0 
3730000 9079 832.021 4840829.71 1286.231 2.9856 0 0 0 
3740000 9090 849.781 4859071.251 1364.88 3.0451 0 0 0 
3750000 9100 877.26 4876646.291 1435.978 3.135 0 0 0 
3760000 9112 873.925 4894249.94 1454.543 3.1209 0 0 0 
3770000 9127 818.408 4911718.42 1375.582 2.9219 0 0 0 
3780000 9139 813.016 4925594.786 1315.251 2.9018 0 0 0 
3790000 9150 834.299 4941698.512 1347.646 2.9802 0 0 0 
3800000 9161 846.251 4955090.741 1316.994 3.0212 0 0 0 
3810000 9172 862.396 4970741.036 1351.07 3.0714 0 0 0 
3820000 9183 877.076 4986929.14 1373.627 3.1282 0 0 0 
3830000 9193 884.541 5005284.367 1428.926 3.1521 0 0 0 
3840000 9207 859.587 5021931.152 1401.466 3.0402 0 0 0 
3850000 9217 881.564 5039228.494 1453.537 3.1201 0 0 0 
3860000 9228 884.639 5056378.009 1470.244 3.1374 0 0 0 
3870000 9238 894.482 5072231.46 1470.923 3.1793 0 0 0 
3880000 9251 872.362 5088198.258 1425.173 3.1054 0 0 0 
3890000 9264 853.805 5104123.419 1388.478 3.0462 0 0 0 
3900000 9277 833.133 5121969.974 1383.526 2.9738 0 0 0 
3910000 9292 795.151 5139617.827 1339.475 2.8385 0 0 0 
3920000 9307 751.199 5157571.295 1283.104 2.6776 0 0 0 
3930000 9319 763.795 5173677.195 1282.391 2.7275 0 0 0 
3940000 9329 807.004 5188693.888 1333.492 2.8798 0 0 0 
3950000 9340 836.962 5205849.036 1391.186 2.989 0 0 0 
3960000 9357 767.037 5223077.179 1285.207 2.7376 0 0 0 
3970000 9372 736.208 5240499.781 1245.612 2.6216 0 0 0 
3980000 9383 770.69 5256319.638 1283.737 2.7459 0 0 0 
3990000 9394 800.917 5271932.089 1317.972 2.8611 0 0 0 
4000000 9406 801.984 5288440.058 1319.956 2.8709 0 0 0 
