10000.0 30.5 3033.6915 902.7657 5164.6173 0.3034 0.0903 0.5165 43.4985 -31.2203 118.2173 
20000.0 59.0 6014.914 2284.6899 9745.1381 0.3007 0.1142 0.4873 74.2195 -168.8565 317.2955 
30000.0 159.0 8576.4985 5818.153 11334.844 0.2859 0.1939 0.3778 26.0335 -126.3075 178.3745 
40000.0 227.0 13250.1855 -1760.1688 28260.5398 0.3313 -0.044 0.7065 66.537 -143.2424 276.3164 
50000.0 242.0 18973.672 -3092.9396 41040.2836 0.3795 -0.0619 0.8208 150.7945 -171.7843 473.3733 
60000.0 255.5 24390.664 4441.1348 44340.1932 0.4065 0.074 0.739 209.82 -167.783 587.423 
70000.0 267.0 29123.585 6550.5422 51696.6278 0.4161 0.0936 0.7385 256.2975 -90.3976 602.9926 
80000.0 293.0 34209.168 14785.6502 53632.6858 0.4276 0.1848 0.6704 235.576 -380.6495 851.8015 
90000.0 305.0 39528.2305 15838.4965 63217.9645 0.4392 0.176 0.7024 283.9085 -213.6474 781.4644 
100000.0 315.0 44747.499 19617.2054 69877.7926 0.4475 0.1962 0.6988 325.4345 -78.4767 729.3457 
110000.0 326.0 50488.2115 22878.8421 78097.5809 0.459 0.208 0.71 367.3205 30.4727 704.1683 
120000.0 336.0 55892.309 34134.9537 77649.6643 0.4658 0.2845 0.6471 396.759 5.5095 788.0085 
130000.0 346.5 61542.6305 42261.2634 80823.9976 0.4734 0.3251 0.6217 423.202 115.6737 730.7303 
140000.0 356.5 67216.267 46153.8775 88278.6565 0.4801 0.3297 0.6306 449.733 238.2763 661.1897 
150000.0 366.5 72353.0385 52376.858 92329.219 0.4824 0.3492 0.6155 460.8975 261.4927 660.3023 
160000.0 377.0 77483.3335 57775.0252 97191.6418 0.4843 0.3611 0.6074 467.0695 336.9389 597.2001 
170000.0 387.5 82588.681 64276.1175 100901.2445 0.4858 0.3781 0.5935 472.428 299.3314 645.5246 
180000.0 398.0 88012.094 72633.1772 103391.0108 0.489 0.4035 0.5744 479.178 350.8453 607.5107 
190000.0 408.5 93659.9995 79483.401 107836.598 0.4929 0.4183 0.5676 487.597 367.7775 607.4165 
200000.0 419.0 99281.8235 94940.5771 103623.0699 0.4964 0.4747 0.5181 496.9015 147.322 846.481 
210000.0 429.5 104597.9365 100981.236 108214.637 0.4981 0.4809 0.5153 500.9585 22.2205 979.6965 
220000.0 440.0 110153.2215 103146.7724 117159.6706 0.5007 0.4688 0.5325 507.539 85.2229 929.8551 
230000.0 451.0 115825.3175 104705.0822 126945.5528 0.5036 0.4552 0.5519 509.9185 22.6927 997.1443 
240000.0 461.5 121607.5105 106387.1227 136827.8983 0.5067 0.4433 0.5701 515.6045 -31.5056 1062.7146 
250000.0 473.0 127720.6835 114825.493 140615.874 0.5109 0.4593 0.5625 522.598 89.2783 955.9177 
260000.0 483.5 133794.131 123432.4625 144155.7995 0.5146 0.4747 0.5544 531.4895 138.5311 924.4479 
270000.0 494.5 139462.786 127640.6282 151284.9438 0.5165 0.4727 0.5603 527.638 75.4496 979.8264 
280000.0 505.0 145758.0155 132221.2888 159294.7422 0.5206 0.4722 0.5689 543.6185 98.1072 989.1298 
290000.0 515.0 152238.7935 136775.4122 167702.1748 0.525 0.4716 0.5783 561.167 141.4048 980.9292 
300000.0 525.0 158920.739 147083.1558 170758.3222 0.5297 0.4903 0.5692 580.631 320.8145 840.4475 
310000.0 535.0 164501.598 154166.2821 174836.9139 0.5307 0.4973 0.564 576.392 391.8344 760.9496 
320000.0 545.0 170393.209 161013.2345 179773.1835 0.5325 0.5032 0.5618 576.387 478.5492 674.2248 
330000.0 555.5 176509.931 168762.2718 184257.5902 0.5349 0.5114 0.5584 574.3035 374.2252 774.3818 
340000.0 566.0 182793.2895 171651.0343 193935.5447 0.5376 0.5049 0.5704 582.5315 436.2386 728.8244 
350000.0 576.0 189462.8675 176297.0095 202628.7255 0.5413 0.5037 0.5789 594.344 415.4025 773.2855 
360000.0 586.0 195964.933 178970.5493 212959.3167 0.5443 0.4971 0.5916 607.756 366.2365 849.2755 
370000.0 596.0 202736.938 186797.4489 218676.4271 0.5479 0.5049 0.591 616.9425 439.062 794.823 
380000.0 606.0 210183.799 193881.0776 226486.5204 0.5531 0.5102 0.596 641.0655 476.9331 805.1979 
390000.0 616.0 217046.3775 187297.8931 246794.8619 0.5565 0.4803 0.6328 650.381 327.1224 973.6396 
400000.0 626.0 223690.031 200026.1224 247353.9396 0.5592 0.5001 0.6184 651.7415 456.1994 847.2836 
410000.0 636.0 230059.8925 200535.9648 259583.8202 0.5611 0.4891 0.6331 648.989 399.2231 898.7549 
420000.0 646.0 236881.079 207748.8646 266013.2934 0.564 0.4946 0.6334 654.1825 481.2955 827.0695 
430000.0 656.0 243447.9835 211668.8061 275227.1609 0.5662 0.4923 0.6401 656.2065 483.7134 828.6996 
440000.0 666.0 250836.0725 215615.0003 286057.1447 0.5701 0.49 0.6501 670.083 415.0822 925.0838 
450000.0 676.0 257804.21 228011.8828 287596.5372 0.5729 0.5067 0.6391 673.934 529.007 818.861 
460000.0 686.0 265073.5775 238753.3796 291393.7754 0.5762 0.519 0.6335 685.3325 663.8527 706.8123 
470000.0 696.0 272826.8505 237015.0922 308638.6088 0.5805 0.5043 0.6567 703.679 512.8064 894.5516 
480000.0 706.0 280425.0065 241073.9476 319776.0654 0.5842 0.5022 0.6662 712.4305 515.8719 908.9891 
490000.0 716.0 288177.3275 248190.7805 328163.8745 0.5881 0.5065 0.6697 724.9285 544.0239 905.8331 
500000.0 726.0 296570.52 263693.9014 329447.1386 0.5931 0.5274 0.6589 743.0115 710.7441 775.2789 
510000.0 736.5 304449.4865 284607.852 324291.121 0.597 0.5581 0.6359 750.02 532.1213 967.9187 
520000.0 746.5 311289.709 292271.1761 330308.2419 0.5986 0.5621 0.6352 739.212 579.4442 898.9798 
530000.0 756.5 318987.4785 317043.7532 320931.2038 0.6019 0.5982 0.6055 742.3165 349.3454 1135.2876 
540000.0 766.5 327358.138 317301.2405 337415.0355 0.6062 0.5876 0.6248 762.279 186.7896 1337.7684 
550000.0 776.5 335787.52 321324.7079 350250.3321 0.6105 0.5842 0.6368 777.123 191.2018 1363.0442 
560000.0 786.5 344902.9915 334302.3891 355503.5939 0.6159 0.597 0.6348 799.5445 402.2914 1196.7976 
570000.0 796.5 354594.9265 345230.7014 363959.1516 0.6221 0.6057 0.6385 830.459 539.4361 1121.4819 
580000.0 806.5 364349.1845 337697.3419 391001.0271 0.6282 0.5822 0.6741 854.948 298.4671 1411.4289 
590000.0 816.5 373861.7115 338339.3498 409384.0732 0.6337 0.5735 0.6939 872.302 235.4924 1509.1116 
600000.0 826.5 383579.543 361916.9506 405242.1354 0.6393 0.6032 0.6754 890.7495 612.6806 1168.8184 
610000.0 836.5 394080.5515 382180.4347 405980.6683 0.646 0.6265 0.6655 919.877 877.8322 961.9218 
620000.0 846.5 403502.332 375285.4471 431719.2169 0.6508 0.6053 0.6963 926.779 575.3635 1278.1945 
630000.0 856.5 414077.0675 375195.4139 452958.7211 0.6573 0.5955 0.719 947.3605 511.5313 1383.1897 
640000.0 866.5 423552.355 366843.0004 480261.7096 0.6618 0.5732 0.7504 948.664 254.1428 1643.1852 
650000.0 876.5 432766.059 356204.5047 509327.6133 0.6658 0.548 0.7836 942.812 5.7802 1879.8438 
660000.0 886.5 441756.7475 359047.4295 524466.0655 0.6693 0.544 0.7946 933.2225 52.8668 1813.5782 
670000.0 896.5 450834.9825 360526.8712 541143.0938 0.6729 0.5381 0.8077 932.6865 50.2469 1815.1261 
680000.0 906.5 459138.5255 360124.3133 558152.7377 0.6752 0.5296 0.8208 910.3335 69.3416 1751.3254 
690000.0 916.5 468197.264 351077.5423 585316.9857 0.6785 0.5088 0.8483 909.8015 -125.8495 1945.4525 
700000.0 926.5 478591.028 339035.3126 618146.7434 0.6837 0.4843 0.8831 934.8075 -342.3122 2211.9272 
710000.0 936.5 488942.6045 336793.9919 641091.2171 0.6887 0.4744 0.9029 950.9465 -300.4304 2202.3234 
720000.0 946.5 502197.9075 335450.2469 668945.5681 0.6975 0.4659 0.9291 1020.543 -258.7304 2299.8164 
730000.0 956.5 515198.618 341401.5486 688995.6874 0.7058 0.4677 0.9438 1071.519 -141.3645 2284.4025 
740000.0 966.5 528770.4525 345172.1281 712368.7769 0.7146 0.4664 0.9627 1120.8405 -2.5468 2244.2278 
750000.0 976.5 540050.321 366732.5932 713368.0488 0.7201 0.489 0.9512 1122.5905 357.8104 1887.3706 
760000.0 986.5 551860.2275 384722.7913 718997.6637 0.7261 0.5062 0.946 1130.821 644.6435 1616.9985 
770000.0 996.5 564197.2625 371125.5857 757268.9393 0.7327 0.482 0.9835 1151.2375 232.3692 2070.1058 
780000.0 1006.5 579438.143 372855.622 786020.664 0.7429 0.478 1.0077 1217.9855 241.9393 2194.0317 
790000.0 1016.5 593519.7635 377211.1828 809828.3442 0.7513 0.4775 1.0251 1252.691 282.7247 2222.6573 
800000.0 1026.5 607363.2445 363359.9659 851366.5231 0.7592 0.4542 1.0642 1279.0135 -28.0166 2586.0436 
810000.0 1036.5 618202.3285 346669.8629 889734.7941 0.7632 0.428 1.0984 1239.775 -321.2585 2800.8085 
820000.0 1046.5 629025.526 328530.2387 929520.8133 0.7671 0.4006 1.1336 1212.723 -594.5821 3020.0281 
830000.0 1056.5 642792.0 342473.4052 943110.5948 0.7744 0.4126 1.1363 1240.0985 -240.9558 2721.1528 
840000.0 1066.5 654833.861 357295.8031 952371.9189 0.7796 0.4254 1.1338 1234.443 38.3063 2430.5797 
850000.0 1076.5 667495.0005 350819.3462 984170.6548 0.7853 0.4127 1.1578 1246.114 -122.8906 2615.1186 
860000.0 1086.5 676308.236 350275.2434 1002341.2286 0.7864 0.4073 1.1655 1176.5515 -43.4792 2396.5822 
870000.0 1096.5 688154.9675 322962.9067 1053347.0283 0.791 0.3712 1.2107 1177.321 -526.5048 2881.1468 
880000.0 1106.5 700024.821 311737.4479 1088312.1941 0.7955 0.3542 1.2367 1179.4915 -650.4498 3009.4328 
890000.0 1116.5 713525.046 295281.6771 1131768.4149 0.8017 0.3318 1.2716 1206.368 -850.4616 3263.1976 
900000.0 1126.5 728874.814 258515.32 1199234.308 0.8099 0.2872 1.3325 1265.3435 -1377.6551 3908.3421 
910000.0 1137.0 742984.686 216914.202 1269055.17 0.8165 0.2384 1.3946 1283.6965 -2023.7477 4591.1407 
920000.0 1147.0 758403.927 207050.2556 1309757.5984 0.8244 0.2251 1.4236 1330.7095 -1835.7085 4497.1275 
930000.0 1157.0 773680.4065 215438.619 1331922.194 0.8319 0.2317 1.4322 1365.8505 -1328.5447 4060.2457 
940000.0 1167.0 785552.3015 204421.3789 1366683.2241 0.8357 0.2175 1.4539 1338.0895 -1270.8183 3946.9973 
950000.0 1177.0 800888.903 187404.2157 1414373.5903 0.843 0.1973 1.4888 1369.4555 -1373.3884 4112.2994 
960000.0 1187.0 814715.3965 171712.1817 1457718.6113 0.8487 0.1789 1.5185 1372.2715 -1436.8734 4181.4164 
970000.0 1197.0 827072.7875 154134.8979 1500010.6771 0.8527 0.1589 1.5464 1345.5395 -1516.0312 4207.1102 
980000.0 1207.0 840647.149 149664.638 1531629.66 0.8578 0.1527 1.5629 1351.553 -1257.628 3960.734 
990000.0 1217.0 854902.6945 117030.7239 1592774.6651 0.8635 0.1182 1.6089 1358.888 -1706.306 4424.082 
1000000.0 1227.0 869030.717 137906.5861 1600154.8479 0.869 0.1379 1.6002 1371.089 -1045.682 3787.86 
1010000.0 1237.0 883355.0875 140948.6409 1625761.5341 0.8746 0.1396 1.6097 1380.446 -802.3529 3563.2449 
1020000.0 1247.0 899069.11 103349.7091 1694788.5109 0.8814 0.1013 1.6616 1414.113 -1329.7411 4157.9671 
1030000.0 1257.0 915596.1065 89085.8042 1742106.4088 0.8889 0.0865 1.6914 1460.1325 -1330.9188 4251.1838 
1040000.0 1267.0 933243.764 86504.8089 1779982.7191 0.8973 0.0832 1.7115 1514.1625 -1144.4266 4172.7516 
1050000.0 1277.0 950312.372 66495.6696 1834129.0744 0.9051 0.0633 1.7468 1547.307 -1328.501 4423.115 
1060000.0 1287.0 965260.0385 53191.8332 1877328.2438 0.9106 0.0502 1.7711 1535.4905 -1303.9587 4374.9397 
1070000.0 1297.0 983687.7945 44476.188 1922899.401 0.9193 0.0416 1.7971 1591.8475 -1245.3273 4429.0223 
1080000.0 1307.0 1001180.7335 15490.8212 1986870.6458 0.927 0.0143 1.8397 1620.2555 -1520.9026 4761.4136 
1090000.0 1317.0 1019791.349 20544.9772 2019037.7208 0.9356 0.0188 1.8523 1662.8105 -1147.6813 4473.3023 
1100000.0 1327.0 1037306.9195 25958.847 2048654.992 0.943 0.0236 1.8624 1677.117 -859.4099 4213.6439 
1110000.0 1337.0 1056328.384 57476.6923 2055180.0757 0.9516 0.0518 1.8515 1718.02 -101.5339 3537.5739 
1120000.0 1347.0 1073995.453 62283.0618 2085707.8442 0.9589 0.0556 1.8622 1725.2965 29.6725 3420.9205 
1130000.0 1357.0 1092971.027 94090.6193 2091851.4347 0.9672 0.0833 1.8512 1756.622 587.7147 2925.5293 
1140000.0 1367.0 1108272.1465 96346.6278 2120197.6652 0.9722 0.0845 1.8598 1712.8135 517.9792 2907.6478 
1150000.0 1377.0 1124506.939 97711.9778 2151301.9002 0.9778 0.085 1.8707 1696.5305 433.1843 2959.8767 
1160000.0 1387.0 1138371.9365 52604.1438 2224139.7292 0.9814 0.0453 1.9174 1638.038 -478.4599 3754.5359 
1170000.0 1397.0 1151093.2555 858.6907 2301327.8203 0.9838 0.0007 1.9669 1576.4825 -1285.8506 4438.8156 
1180000.0 1407.5 1164716.8855 -16687.7911 2346121.5621 0.987 -0.0141 1.9882 1521.5615 -1579.6228 4622.7458 
1190000.0 1417.5 1180270.428 10328.457 2350212.399 0.9918 0.0087 1.975 1530.862 -804.4114 3866.1354 
1200000.0 1427.5 1192908.0305 35116.6537 2350699.4073 0.9941 0.0293 1.9589 1478.2665 -184.118 3140.651 
1210000.0 1437.5 1209287.79 37378.5428 2381197.0372 0.9994 0.0309 1.9679 1508.8735 -108.4929 3126.2399 
1220000.0 1447.5 1225915.982 36251.4654 2415580.4986 1.0048 0.0297 1.98 1533.535 -118.1318 3185.2018 
1230000.0 1457.5 1241574.526 70042.2591 2413106.7929 1.0094 0.0569 1.9619 1546.685 463.7606 2629.6094 
1240000.0 1467.5 1259349.302 86181.5941 2432517.0099 1.0156 0.0695 1.9617 1582.4665 737.0147 2427.9183 
1250000.0 1477.5 1276791.581 71552.129 2482031.033 1.0214 0.0572 1.9856 1612.46 335.2577 2889.6623 
1260000.0 1487.5 1293391.602 91383.4904 2495399.7136 1.0265 0.0725 1.9805 1622.5635 614.701 2630.426 
1270000.0 1497.5 1311257.506 103166.3624 2519348.6496 1.0325 0.0812 1.9837 1650.7435 753.3996 2548.0874 
1280000.0 1507.5 1329014.839 107555.8659 2550473.8121 1.0383 0.084 1.9926 1674.5535 698.9266 2650.1804 
1290000.0 1517.5 1344312.7225 79075.6582 2609549.7868 1.0421 0.0613 2.0229 1651.675 74.0599 3229.2901 
1300000.0 1527.5 1361877.516 93791.3965 2629963.6355 1.0476 0.0721 2.023 1671.236 266.4126 3076.0594 
1310000.0 1537.5 1381824.9405 114257.2914 2649392.5896 1.0548 0.0872 2.0224 1728.8705 569.6644 2888.0766 
1320000.0 1547.5 1398850.3595 161435.9573 2636264.7617 1.0597 0.1223 1.9972 1722.077 1365.1343 2079.0197 
1330000.0 1557.5 1417021.7575 188819.0107 2645224.5043 1.0654 0.142 1.9889 1744.724 1560.3316 1929.1164 
1340000.0 1567.5 1435123.9635 230673.8273 2639574.0997 1.071 0.1721 1.9698 1752.838 1432.8704 2072.8056 
1350000.0 1577.5 1455067.587 261562.7344 2648572.4396 1.0778 0.1938 1.9619 1801.24 1394.6669 2207.8131 
1360000.0 1587.5 1472799.546 299155.3809 2646443.7111 1.0829 0.22 1.9459 1794.8935 1065.9068 2523.8802 
1370000.0 1597.5 1491397.64 336528.8872 2646266.3928 1.0886 0.2456 1.9316 1804.642 831.0418 2778.2422 
1380000.0 1607.5 1505557.4205 371873.9707 2639240.8703 1.091 0.2695 1.9125 1725.0345 504.8767 2945.1923 
1390000.0 1618.0 1520672.6455 406080.3953 2635264.8957 1.094 0.2921 1.8959 1678.866 516.5786 2841.1534 
1400000.0 1628.0 1534978.3375 380940.9708 2689015.7042 1.0964 0.2721 1.9207 1630.52 1338.4806 1922.5594 
1410000.0 1638.0 1549269.519 344759.3778 2753779.6602 1.0988 0.2445 1.953 1593.9785 890.887 2297.07 
1420000.0 1648.0 1568271.788 343111.1417 2793432.4343 1.1044 0.2416 1.9672 1650.6035 698.9278 2602.2792 
1430000.0 1658.0 1586511.075 337059.2401 2835962.9099 1.1094 0.2357 1.9832 1680.249 438.713 2921.785 
1440000.0 1668.0 1602121.393 281919.6567 2922323.1293 1.1126 0.1958 2.0294 1657.073 -608.3162 3922.4622 
1450000.0 1678.0 1617581.7335 235416.9763 2999746.4907 1.1156 0.1624 2.0688 1639.039 -1368.9517 4647.0297 
1460000.0 1688.0 1638697.458 261532.0778 3015862.8382 1.1224 0.1791 2.0657 1724.8135 -641.2915 4090.9185 
1470000.0 1698.0 1658379.131 285664.7597 3031093.5023 1.1281 0.1943 2.062 1770.4805 -118.8241 3659.7851 
1480000.0 1708.0 1679213.574 324050.1817 3034376.9663 1.1346 0.219 2.0503 1826.1595 627.831 3024.488 
1490000.0 1718.0 1700359.5845 348885.3307 3051833.8383 1.1412 0.2342 2.0482 1880.0005 960.7511 2799.2499 
1500000.0 1728.0 1720673.194 360926.1273 3080420.2607 1.1471 0.2406 2.0536 1911.067 997.008 2825.126 
1510000.0 1738.0 1740784.738 404947.2544 3076622.2216 1.1528 0.2682 2.0375 1930.9025 1606.4432 2255.3618 
1520000.0 1748.0 1761941.878 439051.064 3084832.692 1.1592 0.2888 2.0295 1970.269 1867.5139 2073.0241 
1530000.0 1758.0 1782862.353 467210.9754 3098513.7306 1.1653 0.3054 2.0252 1984.9 1846.0974 2123.7026 
1540000.0 1768.0 1800483.0695 481172.6925 3119793.4465 1.1691 0.3124 2.0258 1944.7545 1940.0341 1949.4749 
1550000.0 1778.0 1817184.4665 464844.8439 3169524.0891 1.1724 0.2999 2.0449 1889.177 1317.906 2460.448 
1560000.0 1788.0 1836319.4845 447381.4816 3225257.4874 1.1771 0.2868 2.0675 1890.9305 724.088 3057.773 
1570000.0 1798.0 1855210.0605 443895.999 3266524.122 1.1817 0.2827 2.0806 1891.396 498.8468 3283.9452 
1580000.0 1808.0 1873535.927 428133.094 3318938.76 1.1858 0.271 2.1006 1881.1495 64.3211 3697.9779 
1590000.0 1818.0 1891022.5055 416541.0084 3365504.0026 1.1893 0.262 2.1167 1853.7925 -137.9496 3845.5346 
1600000.0 1828.0 1910001.0055 401928.9917 3418073.0193 1.1938 0.2512 2.1363 1861.173 -348.5122 4070.8582 
1610000.0 1838.0 1928964.3405 393562.6271 3464366.0539 1.1981 0.2444 2.1518 1867.7375 -435.7513 4171.2263 
1620000.0 1848.0 1946085.8855 377651.6992 3514520.0718 1.2013 0.2331 2.1695 1831.118 -841.6957 4503.9317 
1630000.0 1858.0 1962597.4825 365487.0185 3559707.9465 1.204 0.2242 2.1839 1793.749 -952.316 4539.814 
1640000.0 1868.5 1980294.483 402325.1477 3558263.8183 1.2075 0.2453 2.1697 1793.958 -370.887 3958.803 
1650000.0 1878.5 1997714.257 427252.243 3568176.271 1.2107 0.2589 2.1625 1778.88 323.1428 3234.6172 
1660000.0 1888.5 2015427.697 388327.318 3642528.076 1.2141 0.2339 2.1943 1772.73 -483.8665 4029.3265 
1670000.0 1898.5 2033639.467 402066.9614 3665211.9726 1.2177 0.2408 2.1947 1779.4485 -175.4837 3734.3807 
1680000.0 1908.5 2052373.8195 408664.2772 3696083.3618 1.2217 0.2433 2.2 1798.749 -10.2461 3607.7441 
1690000.0 1918.5 2071990.893 421981.5953 3722000.1907 1.226 0.2497 2.2024 1826.8745 250.1425 3403.6065 
1700000.0 1928.5 2089833.0845 453380.3353 3726285.8337 1.2293 0.2667 2.1919 1820.4225 775.4579 2865.3871 
1710000.0 1939.0 2109640.973 469465.9601 3749815.9859 1.2337 0.2745 2.1929 1834.111 741.5299 2926.6921 
1720000.0 1949.0 2126190.2315 467373.6598 3785006.8032 1.2362 0.2717 2.2006 1802.88 533.0727 3072.6873 
1730000.0 1959.0 2142369.158 486444.563 3798293.753 1.2384 0.2812 2.1955 1767.4195 831.0294 2703.8096 
1740000.0 1969.0 2161218.5435 507291.3448 3815145.7422 1.2421 0.2915 2.1926 1785.1475 1106.6044 2463.6906 
1750000.0 1979.0 2179483.8785 536216.3851 3822751.3719 1.2454 0.3064 2.1844 1792.2995 1440.0644 2144.5346 
1760000.0 1989.0 2198031.91 577177.0499 3818886.7701 1.2489 0.3279 2.1698 1801.7735 1701.134 1902.413 
1770000.0 1999.0 2218121.124 629269.9536 3806972.2944 1.2532 0.3555 2.1508 1849.6805 1288.7587 2410.6023 
1780000.0 2009.0 2236922.974 682667.6479 3791178.3001 1.2567 0.3835 2.1299 1859.505 830.0483 2888.9617 
1790000.0 2019.0 2256011.4985 754710.3671 3757312.6299 1.2603 0.4216 2.0991 1865.064 25.0404 3705.0876 
1800000.0 2029.0 2272454.305 840314.2467 3704594.3633 1.2625 0.4668 2.0581 1819.5705 -1029.7133 4668.8543 
1810000.0 2039.0 2288192.551 896397.2848 3679987.8172 1.2642 0.4952 2.0331 1765.3495 -1370.5228 4901.2218 
1820000.0 2049.0 2304874.975 918634.0229 3691115.9271 1.2664 0.5047 2.0281 1750.0595 -916.9157 4417.0347 
1830000.0 2059.0 2319990.411 956541.2136 3683439.6084 1.2678 0.5227 2.0128 1709.4 -878.2948 4297.0948 
1840000.0 2069.0 2335859.23 970759.738 3700958.722 1.2695 0.5276 2.0114 1693.027 -242.5346 3628.5886 
1850000.0 2079.5 2351581.3195 1002621.4966 3700541.1424 1.2711 0.542 2.0003 1660.701 -369.8903 3691.2923 
1860000.0 2089.5 2368364.0375 986460.8376 3750267.2374 1.2733 0.5304 2.0163 1657.0775 573.4225 2740.7325 
1870000.0 2099.5 2388159.048 1025553.2504 3750764.8456 1.2771 0.5484 2.0058 1722.547 571.8477 2873.2463 
1880000.0 2109.5 2409528.715 1062310.1186 3756747.3114 1.2817 0.5651 1.9983 1789.668 445.593 3133.743 
1890000.0 2119.5 2430392.6645 1062257.9334 3798527.3956 1.2859 0.562 2.0098 1844.242 1139.0095 2549.4745 
1900000.0 2129.5 2450424.227 1064169.2981 3836679.1559 1.2897 0.5601 2.0193 1877.4725 1715.894 2039.051 
1910000.0 2139.5 2470896.5135 1079738.1394 3862054.8876 1.2937 0.5653 2.022 1905.927 1715.7786 2096.0754 
1920000.0 2149.5 2491583.079 1078884.6575 3904281.5005 1.2977 0.5619 2.0335 1934.791 1660.0701 2209.5119 
1930000.0 2159.5 2513625.2105 1101012.918 3926237.503 1.3024 0.5705 2.0343 1984.5715 1701.9283 2267.2147 
1940000.0 2169.5 2534580.7685 1141835.9485 3927325.5885 1.3065 0.5886 2.0244 2006.8985 1938.5074 2075.2896 
1950000.0 2179.5 2552097.382 1162189.2032 3942005.5608 1.3088 0.596 2.0215 1954.831 1764.0092 2145.6528 
1960000.0 2189.5 2572610.6075 1179131.8644 3966089.3506 1.3126 0.6016 2.0235 1976.711 1862.4949 2090.9271 
1970000.0 2199.5 2591967.16 1197277.4585 3986656.8615 1.3157 0.6078 2.0237 1967.0365 1904.0582 2030.0148 
1980000.0 2209.5 2611124.021 1183228.7626 4039019.2794 1.3187 0.5976 2.0399 1955.5585 1360.8128 2550.3042 
1990000.0 2219.5 2630192.0285 1165782.4858 4094601.5712 1.3217 0.5858 2.0576 1950.116 814.8928 3085.3392 
2000000.0 2229.5 2648217.369 1170408.1487 4126026.5893 1.3241 0.5852 2.063 1918.7255 749.2147 3088.2363 
2010000.0 2239.5 2665167.6755 1152005.7212 4178329.6298 1.326 0.5731 2.0788 1879.0205 260.2818 3497.7592 
2020000.0 2249.5 2683897.4365 1145464.4547 4222330.4183 1.3287 0.5671 2.0903 1877.5785 130.0116 3625.1454 
2030000.0 2259.5 2704189.101 1145881.4613 4262496.7407 1.3321 0.5645 2.0998 1908.6435 131.3822 3685.9048 
2040000.0 2269.5 2721674.6975 1151630.5715 4291718.8235 1.3342 0.5645 2.1038 1882.64 131.4963 3633.7837 
2050000.0 2279.5 2741109.1505 1198804.2196 4283414.0814 1.3371 0.5848 2.0895 1889.174 1010.6289 2767.7191 
2060000.0 2289.5 2760967.0435 1227502.1878 4294431.8992 1.3403 0.5959 2.0847 1907.8145 1346.7403 2468.8887 
2070000.0 2299.5 2781509.444 1247998.4457 4315020.4423 1.3437 0.6029 2.0846 1934.661 1488.6986 2380.6234 
2080000.0 2310.0 2801931.916 1280050.3351 4323813.4969 1.3471 0.6154 2.0788 1939.7965 1615.0958 2264.4972 
2090000.0 2320.0 2823398.1435 1294694.417 4352101.87 1.3509 0.6195 2.0823 1976.5285 1586.4162 2366.6408 
2100000.0 2330.0 2839027.0935 1295083.5451 4382970.6419 1.3519 0.6167 2.0871 1907.9625 1243.8918 2572.0332 
2110000.0 2340.0 2856526.8445 1346963.8465 4366089.8425 1.3538 0.6384 2.0692 1874.83 1664.5296 2085.1304 
2120000.0 2350.0 2875617.7995 1363454.2353 4387781.3637 1.3564 0.6431 2.0697 1878.7005 1801.3007 1956.1003 
2130000.0 2360.0 2893450.099 1385094.9973 4401805.2007 1.3584 0.6503 2.0666 1859.244 1692.4751 2026.0129 
2140000.0 2370.0 2909696.5585 1398953.9292 4420439.1878 1.3597 0.6537 2.0656 1817.0475 1700.0551 1934.0399 
2150000.0 2380.0 2927088.476 1440529.3692 4413647.5828 1.3614 0.67 2.0529 1800.444 1263.6068 2337.2812 
2160000.0 2390.0 2948425.945 1459956.7398 4436895.1502 1.365 0.6759 2.0541 1863.091 1463.3411 2262.8409 
2170000.0 2400.0 2968811.969 1494212.1073 4443411.8307 1.3681 0.6886 2.0477 1894.241 1297.456 2491.026 
2180000.0 2410.0 2989572.655 1518518.4597 4460626.8503 1.3714 0.6966 2.0462 1938.5505 1519.3283 2357.7727 
2190000.0 2420.0 3007826.021 1517338.6258 4498313.4162 1.3734 0.6928 2.054 1918.387 1907.6248 1929.1492 
2200000.0 2432.0 3024622.839 1514201.3145 4535044.3635 1.3748 0.6883 2.0614 1809.3225 1277.6123 2341.0327 
2210000.0 2442.0 3040925.1325 1480480.7221 4601369.5429 1.376 0.6699 2.0821 1773.1905 1274.9357 2271.4453 
2220000.0 2452.0 3057971.131 1442312.3971 4673629.8649 1.3775 0.6497 2.1052 1759.446 321.1672 3197.7248 
2230000.0 2462.0 3077411.1985 1449762.4006 4705059.9964 1.38 0.6501 2.1099 1793.4615 406.2934 3180.6296 
2240000.0 2472.0 3095436.6605 1446702.5258 4744170.7952 1.3819 0.6458 2.1179 1793.3895 197.5728 3389.2062 
2250000.0 2483.0 3113505.445 1443840.322 4783170.568 1.3838 0.6417 2.1259 1768.951 -224.4746 3762.3766 
2260000.0 2493.0 3132341.3515 1441087.8086 4823594.8944 1.386 0.6376 2.1343 1778.388 -383.2424 3940.0184 
2270000.0 2503.5 3149626.6575 1468718.3921 4830534.9229 1.3875 0.647 2.128 1772.2225 188.9087 3355.5363 
2280000.0 2513.5 3169252.0995 1491113.774 4847390.425 1.39 0.654 2.126 1802.206 533.1738 3071.2382 
2290000.0 2523.5 3189563.246 1509102.2072 4870024.2848 1.3928 0.659 2.1266 1845.6765 765.5919 2925.7611 
2300000.0 2533.5 3208410.672 1535024.105 4881797.239 1.395 0.6674 2.1225 1851.0715 1133.3806 2568.7624 
2310000.0 2543.5 3228571.241 1551186.6412 4905955.8408 1.3976 0.6715 2.1238 1879.434 1176.3107 2582.5573 
2320000.0 2553.5 3248182.1795 1566114.6254 4930249.7336 1.4001 0.675 2.1251 1893.482 1245.0463 2541.9177 
2330000.0 2563.5 3267880.6765 1571356.0281 4964405.3249 1.4025 0.6744 2.1306 1904.9695 1116.5813 2693.3577 
2340000.0 2573.5 3283662.665 1553597.5686 5013727.7614 1.4033 0.6639 2.1426 1851.095 583.0412 3119.1488 
2350000.0 2583.5 3301695.127 1536838.2058 5066552.0482 1.405 0.654 2.156 1837.6275 146.4888 3528.7662 
2360000.0 2593.5 3317839.584 1494184.2048 5141494.9632 1.4059 0.6331 2.1786 1798.1885 -652.8447 4249.2217 
2370000.0 2603.5 3337115.813 1515254.6007 5158977.0253 1.4081 0.6393 2.1768 1821.2355 -144.7257 3787.1967 
2380000.0 2613.5 3357890.4405 1524022.3031 5191758.5779 1.4109 0.6403 2.1814 1868.3635 64.8512 3671.8758 
2390000.0 2623.5 3376900.0295 1537844.4951 5215955.5639 1.4129 0.6434 2.1824 1873.733 315.9777 3431.4883 
2400000.0 2633.5 3395489.0585 1586999.0238 5203979.0932 1.4148 0.6612 2.1683 1874.158 1127.2492 2621.0668 
2410000.0 2644.0 3412932.625 1626308.4376 5199556.8124 1.4162 0.6748 2.1575 1839.652 1530.6117 2148.6923 
2420000.0 2654.0 3434065.103 1653534.481 5214595.725 1.419 0.6833 2.1548 1888.6885 1769.3455 2008.0315 
2430000.0 2664.0 3454548.993 1681114.9134 5227983.0726 1.4216 0.6918 2.1514 1919.0385 1890.3924 1947.6846 
2440000.0 2674.0 3474279.8785 1690202.3639 5258357.3931 1.4239 0.6927 2.1551 1927.588 1770.6537 2084.5223 
2450000.0 2684.0 3493093.272 1706209.5858 5279976.9582 1.4258 0.6964 2.1551 1918.3805 1724.4648 2112.2962 
2460000.0 2694.0 3512752.588 1727024.9885 5298480.1875 1.4279 0.702 2.1539 1928.039 1766.073 2090.005 
2470000.0 2704.0 3533355.641 1737473.1029 5329238.1791 1.4305 0.7034 2.1576 1950.799 1630.1071 2271.4909 
2480000.0 2714.0 3550717.7155 1706409.6902 5395025.7408 1.4317 0.6881 2.1754 1913.0085 769.4945 3056.5225 
2490000.0 2724.0 3568793.8365 1712582.7911 5425004.8819 1.4333 0.6878 2.1787 1891.429 777.6158 3005.2422 
2500000.0 2734.0 3588694.5625 1709017.4313 5468371.6937 1.4355 0.6836 2.1873 1912.6525 542.4853 3282.8197 
2510000.0 2744.0 3608133.428 1721607.8621 5494658.9939 1.4375 0.6859 2.1891 1901.284 468.2528 3334.3152 
2520000.0 2754.0 3627445.303 1738849.7312 5516040.8748 1.4395 0.69 2.1889 1905.268 696.8825 3113.6535 
2530000.0 2764.0 3645941.828 1733805.801 5558077.855 1.4411 0.6853 2.1969 1894.272 482.6635 3305.8805 
2540000.0 2774.0 3664769.7005 1737498.2648 5592041.1362 1.4428 0.6841 2.2016 1889.828 429.7707 3349.8853 
2550000.0 2784.0 3684962.131 1740278.7286 5629645.5334 1.4451 0.6825 2.2077 1919.356 493.7452 3344.9668 
2560000.0 2794.0 3704790.5915 1760093.5363 5649487.6467 1.4472 0.6875 2.2068 1930.931 695.1891 3166.6729 
2570000.0 2804.0 3726073.2445 1778369.9139 5673776.5751 1.4498 0.692 2.2077 1961.452 887.1043 3035.7997 
2580000.0 2814.0 3747120.93 1799298.9298 5694942.9302 1.4524 0.6974 2.2073 1989.6895 1120.3119 2859.0671 
2590000.0 2824.0 3769261.692 1820084.0923 5718439.2917 1.4553 0.7027 2.2079 2030.111 1311.9563 2748.2657 
2600000.0 2834.0 3788525.4405 1812394.5816 5764656.2994 1.4571 0.6971 2.2172 2012.3595 980.8762 3043.8428 
2610000.0 2844.0 3807378.4055 1836267.6665 5778489.1445 1.4588 0.7036 2.214 1993.117 1280.2735 2705.9605 
2620000.0 2854.0 3826061.803 1839532.2687 5812591.3373 1.4603 0.7021 2.2185 1963.6995 1075.2245 2852.1745 
2630000.0 2864.0 3842990.5565 1866857.3851 5819123.7279 1.4612 0.7098 2.2126 1917.4095 1414.2247 2420.5943 
2640000.0 2874.0 3861666.419 1880219.7097 5843113.1283 1.4628 0.7122 2.2133 1910.8045 1301.9168 2519.6922 
2650000.0 2884.0 3877878.547 1890384.3323 5865372.7617 1.4634 0.7134 2.2133 1852.1545 1279.5049 2424.8041 
2660000.0 2894.0 3893802.9935 1944203.7955 5843402.1915 1.4638 0.7309 2.1968 1804.596 1527.677 2081.515 
2670000.0 2904.0 3913722.2945 1976627.2599 5850817.3291 1.4658 0.7403 2.1913 1837.1435 1398.519 2275.768 
2680000.0 2914.0 3933351.241 2012888.4569 5853814.0251 1.4677 0.7511 2.1843 1860.628 1204.5685 2516.6875 
2690000.0 2924.0 3951392.053 2049440.4684 5853343.6376 1.4689 0.7619 2.176 1852.037 931.4725 2772.6015 
2700000.0 2934.0 3969660.369 2066156.6961 5873164.0419 1.4702 0.7652 2.1752 1855.8335 1105.9832 2605.6838 
2710000.0 2944.0 3987171.323 2107156.5943 5867186.0517 1.4713 0.7775 2.165 1827.0265 816.4576 2837.5954 
2720000.0 2954.0 4007336.633 2137244.9928 5877428.2732 1.4733 0.7858 2.1608 1859.171 868.2522 2850.0898 
2730000.0 2964.0 4029150.1295 2165135.111 5893165.148 1.4759 0.7931 2.1587 1915.004 987.7179 2842.2901 
2740000.0 2974.0 4048942.4895 2207460.1716 5890424.8074 1.4777 0.8056 2.1498 1926.603 771.8504 3081.3556 
2750000.0 2984.0 4069422.423 2201074.9635 5937769.8825 1.4798 0.8004 2.1592 1950.3695 1460.2213 2440.5177 
2760000.0 2994.0 4087568.3985 2189050.113 5986086.684 1.481 0.7931 2.1689 1937.326 1917.6568 1956.9952 
2770000.0 3004.0 4106681.548 2177586.5369 6035776.5591 1.4826 0.7861 2.179 1921.4405 1194.131 2648.75 
2780000.0 3014.0 4126073.424 2163816.972 6088329.876 1.4842 0.7784 2.19 1924.4 730.1311 3118.6689 
2790000.0 3024.0 4145509.4465 2174664.1782 6116354.7148 1.4858 0.7794 2.1922 1926.3395 754.5288 3098.1502 
2800000.0 3034.0 4163826.622 2193291.7599 6134361.4841 1.4871 0.7833 2.1908 1907.184 952.0459 2862.3221 
2810000.0 3044.0 4181112.456 2192934.1265 6169290.7855 1.4879 0.7804 2.1955 1872.508 729.3308 3015.6852 
2820000.0 3054.0 4198893.4495 2204481.3734 6193305.5256 1.489 0.7817 2.1962 1858.0655 811.4618 2904.6692 
2830000.0 3064.0 4218291.7165 2246777.1616 6189806.2714 1.4906 0.7939 2.1872 1879.787 1382.5043 2377.0697 
2840000.0 3074.0 4236439.7315 2273659.3709 6199220.0921 1.4917 0.8006 2.1828 1863.434 1724.9999 2001.8681 
2850000.0 3084.0 4256735.913 2300820.2002 6212651.6258 1.4936 0.8073 2.1799 1890.353 1883.2756 1897.4304 
2860000.0 3094.0 4276105.0995 2321181.3029 6231028.8961 1.4951 0.8116 2.1787 1900.618 1875.4343 1925.8017 
2870000.0 3104.0 4295298.5175 2349886.7764 6240710.2586 1.4966 0.8188 2.1745 1904.8725 1763.5732 2046.1718 
2880000.0 3114.0 4314980.7805 2395748.8401 6234212.7209 1.4983 0.8319 2.1647 1924.002 1381.3073 2466.6967 
2890000.0 3124.0 4336233.101 2431112.3476 6241353.8544 1.5004 0.8412 2.1596 1955.539 1162.0365 2749.0415 
2900000.0 3134.0 4357653.4505 2450562.5301 6264744.3709 1.5026 0.845 2.1603 1988.904 1452.6005 2525.2075 
2910000.0 3144.0 4377000.074 2487245.493 6266754.655 1.5041 0.8547 2.1535 1990.5275 1320.5738 2660.4812 
2920000.0 3154.0 4395318.616 2520829.3456 6269807.8864 1.5052 0.8633 2.1472 1951.5095 1051.853 2851.166 
2930000.0 3164.0 4414354.8945 2537494.4113 6291215.3777 1.5066 0.866 2.1472 1945.58 1283.3453 2607.8147 
2940000.0 3174.0 4433373.9445 2557759.9908 6308987.8982 1.508 0.87 2.1459 1931.4825 1315.9749 2546.9901 
2950000.0 3184.0 4449833.5875 2608266.5701 6291400.6049 1.5084 0.8842 2.1327 1882.801 739.8016 3025.8004 
2960000.0 3194.0 4469509.8605 2650492.7733 6288526.9477 1.51 0.8954 2.1245 1896.673 569.7513 3223.5947 
2970000.0 3204.0 4490160.8085 2681697.5712 6298624.0458 1.5118 0.9029 2.1207 1925.5845 601.9347 3249.2343 
2980000.0 3214.5 4508330.556 2678445.5406 6338215.5714 1.5129 0.8988 2.1269 1910.5175 1029.4629 2791.5721 
2990000.0 3224.5 4525692.1855 2675300.7724 6376083.5986 1.5136 0.8947 2.1325 1870.4855 1637.1043 2103.8667 
3000000.0 3234.5 4542870.8805 2642562.4941 6443179.2669 1.5143 0.8809 2.1477 1839.2355 1055.3834 2623.0876 
3010000.0 3244.5 4561224.6335 2639462.5447 6482986.7223 1.5154 0.8769 2.1538 1846.5605 920.3099 2772.8111 
3020000.0 3254.5 4579240.008 2624590.7226 6533889.2934 1.5163 0.8691 2.1635 1832.956 380.4843 3285.4277 
3030000.0 3264.5 4597120.393 2631757.6297 6562483.1563 1.5172 0.8686 2.1658 1827.712 494.2593 3161.1647 
3040000.0 3274.5 4614367.4875 2656206.7471 6572528.2279 1.5179 0.8738 2.162 1805.299 846.1711 2764.4269 
3050000.0 3285.0 4632172.515 2668958.9427 6595386.0873 1.5187 0.8751 2.1624 1796.125 1165.4779 2426.7721 
3060000.0 3295.0 4650699.6385 2720179.4931 6581219.7839 1.5198 0.8889 2.1507 1801.8505 1778.7443 1824.9567 
3070000.0 3305.0 4668850.9485 2764496.106 6573205.791 1.5208 0.9005 2.1411 1802.2255 1303.6023 2300.8487 
3080000.0 3315.0 4686939.42 2798834.9303 6575043.9097 1.5217 0.9087 2.1348 1803.121 1055.0686 2551.1734 
3090000.0 3325.0 4704180.621 2831499.8756 6576861.3664 1.5224 0.9163 2.1284 1794.252 832.5575 2755.9465 
3100000.0 3335.0 4721862.0985 2848673.5305 6595050.6665 1.5232 0.9189 2.1274 1787.101 1077.0656 2497.1364 
3110000.0 3345.0 4739927.782 2843657.0907 6636198.4733 1.5241 0.9144 2.1338 1795.4185 1572.4945 2018.3425 
3120000.0 3355.0 4757557.067 2844071.8317 6671042.3023 1.5249 0.9116 2.1382 1788.228 1631.6494 1944.8066 
3130000.0 3365.5 4775147.528 2861299.4543 6688995.6017 1.5256 0.9142 2.1371 1774.424 1496.7553 2052.0927 
3140000.0 3375.5 4793906.4595 2866146.2161 6721666.7029 1.5267 0.9128 2.1407 1791.611 1270.5168 2312.7052 
3150000.0 3385.5 4813243.2795 2867559.1936 6758927.3654 1.528 0.9103 2.1457 1814.5475 1024.7997 2604.2953 
3160000.0 3395.5 4831937.165 2883001.2373 6780873.0927 1.5291 0.9123 2.1458 1829.4925 1156.4131 2502.5719 
3170000.0 3406.0 4849980.99 2867996.4017 6831965.5783 1.53 0.9047 2.1552 1803.498 820.6604 2786.3356 
3180000.0 3416.0 4867681.6645 2867984.7602 6867378.5688 1.5307 0.9019 2.1596 1798.8355 678.8534 2918.8176 
3190000.0 3426.0 4885241.8485 2864954.0184 6905529.6786 1.5314 0.8981 2.1647 1792.3275 521.9294 3062.7256 
3200000.0 3436.0 4904775.709 2856447.8835 6953103.5345 1.5327 0.8926 2.1728 1826.0055 333.4648 3318.5462 
3210000.0 3446.0 4923487.1315 2886352.3987 6960621.8643 1.5338 0.8992 2.1684 1826.4145 817.5101 2835.3189 
3220000.0 3456.0 4941833.6405 2866979.2048 7016688.0762 1.5347 0.8904 2.1791 1825.404 313.4546 3337.3534 
3230000.0 3466.5 4958309.76 2839201.7288 7077417.7912 1.5351 0.879 2.1912 1775.4805 68.1541 3482.8069 
3240000.0 3476.5 4974139.677 2828257.0168 7120022.3372 1.5352 0.8729 2.1975 1738.9775 -217.9114 3695.8664 
3250000.0 3486.5 4994398.6065 2821076.8654 7167720.3476 1.5367 0.868 2.2055 1790.4125 -314.3131 3895.1381 
3260000.0 3496.5 5015011.6725 2823627.2228 7206396.1222 1.5383 0.8661 2.2106 1843.9735 -183.4349 3871.3819 
3270000.0 3507.0 5034608.577 2855353.2606 7213863.8934 1.5396 0.8732 2.2061 1848.139 623.426 3072.852 
3280000.0 3517.0 5052506.0865 2847555.2347 7257456.9383 1.5404 0.8682 2.2126 1837.2885 391.2271 3283.3499 
3290000.0 3527.0 5067331.824 2882078.099 7252585.549 1.5402 0.876 2.2044 1775.1685 995.0266 2555.3104 
3300000.0 3537.0 5083227.0325 2933343.9063 7233110.1587 1.5404 0.8889 2.1919 1740.2505 1706.1661 1774.3349 
3310000.0 3547.0 5101283.9555 2929329.7578 7273238.1532 1.5412 0.885 2.1974 1740.601 1480.6066 2000.5954 
3320000.0 3557.0 5119067.8875 2953109.9003 7285025.8747 1.5419 0.8895 2.1943 1760.3675 1502.7556 2017.9794 
3330000.0 3567.0 5138526.3135 2976746.9269 7300305.7001 1.5431 0.8939 2.1923 1783.537 1775.9006 1791.1734 
3340000.0 3577.0 5156527.417 2976523.6417 7336531.1923 1.5439 0.8912 2.1966 1785.291 1431.0039 2139.5781 
3350000.0 3587.5 5173068.8415 2936476.4904 7409661.1926 1.5442 0.8766 2.2118 1750.5335 274.1551 3226.9119 
3360000.0 3598.0 5191876.369 2925829.0976 7457923.6404 1.5452 0.8708 2.2196 1771.081 96.1237 3446.0383 
3370000.0 3608.0 5209348.173 2955194.2142 7463502.1318 1.5458 0.8769 2.2147 1760.715 574.4129 2947.0171 
3380000.0 3618.0 5227710.346 2980002.6515 7475418.0405 1.5467 0.8817 2.2117 1763.697 1040.2565 2487.1375 
3390000.0 3628.0 5247188.4255 3021318.5356 7473058.3154 1.5478 0.8912 2.2044 1791.42 1661.4355 1921.4045 
3400000.0 3638.0 5268019.2165 3025999.6515 7510038.7815 1.5494 0.89 2.2088 1853.0935 1416.3876 2289.7994 
3410000.0 3648.0 5285390.112 3028809.7763 7541970.4477 1.55 0.8882 2.2117 1827.8825 1226.2119 2429.5531 
3420000.0 3658.0 5305387.409 3063443.0837 7547331.7343 1.5513 0.8957 2.2068 1859.355 1605.4088 2113.3012 
3430000.0 3668.0 5324180.2825 3077717.5228 7570643.0422 1.5522 0.8973 2.2072 1862.717 1559.7375 2165.6965 
3440000.0 3678.5 5340841.923 3065476.8867 7616206.9593 1.5526 0.8911 2.214 1811.9805 1224.8204 2399.1406 
3450000.0 3688.5 5362439.359 3087122.1235 7637756.5945 1.5543 0.8948 2.2138 1875.615 1380.162 2371.068 
3460000.0 3698.5 5382185.6015 3089520.4258 7674850.7772 1.5555 0.8929 2.2182 1893.1325 1205.7967 2580.4683 
3470000.0 3708.5 5402074.801 3106037.964 7698111.638 1.5568 0.8951 2.2185 1910.7415 1229.7207 2591.7623 
3480000.0 3718.5 5421985.7235 3112428.6651 7731542.7819 1.558 0.8944 2.2217 1928.0585 1130.8267 2725.2903 
3490000.0 3728.5 5441414.7275 3134943.6505 7747885.8045 1.5591 0.8983 2.22 1929.0535 1318.7935 2539.3135 
3500000.0 3738.5 5457611.7835 3197424.6836 7717798.8834 1.5593 0.9135 2.2051 1870.502 1511.4882 2229.5158 
3510000.0 3749.0 5475006.0475 3247520.5891 7702491.5059 1.5598 0.9252 2.1944 1837.8895 798.8205 2876.9585 
3520000.0 3759.0 5489109.362 3297983.4391 7680235.2849 1.5594 0.9369 2.1819 1758.338 209.35 3307.326 
3530000.0 3769.0 5503066.876 3334390.2121 7671743.5399 1.5589 0.9446 2.1733 1692.985 66.1715 3319.7985 
3540000.0 3779.0 5514582.4525 3365393.7458 7663771.1592 1.5578 0.9507 2.1649 1594.552 -173.8595 3362.9635 
3550000.0 3789.5 5529736.962 3371557.6435 7687916.2805 1.5577 0.9497 2.1656 1572.2215 203.7061 2940.7369 
3560000.0 3799.5 5546205.58 3369602.4933 7722808.6667 1.5579 0.9465 2.1693 1588.537 754.5525 2422.5215 
3570000.0 3809.5 5560034.107 3377737.1667 7742331.0473 1.5574 0.9461 2.1687 1549.8165 1039.9102 2059.7228 
3580000.0 3819.5 5573577.0385 3383604.21 7763549.867 1.5569 0.9451 2.1686 1512.9635 1212.3919 1813.5351 
3590000.0 3829.5 5589109.025 3401133.1354 7777084.9146 1.5569 0.9474 2.1663 1525.7855 1188.2388 1863.3322 
3600000.0 3839.5 5604312.9165 3380369.6176 7828256.2154 1.5568 0.939 2.1745 1526.1975 1138.1691 1914.2259 
3610000.0 3849.5 5618534.1755 3356916.1283 7880152.2227 1.5564 0.9299 2.1829 1502.7885 477.7345 2527.8425 
3620000.0 3859.5 5635100.2285 3358880.4268 7911320.0302 1.5567 0.9279 2.1854 1522.1305 264.0066 2780.2544 
3630000.0 3869.5 5649987.0995 3372775.0448 7927199.1542 1.5565 0.9291 2.1838 1515.178 458.9366 2571.4194 
3640000.0 3879.5 5666870.419 3380472.8393 7953267.9987 1.5568 0.9287 2.185 1541.939 445.2665 2638.6115 
3650000.0 3889.5 5682486.217 3349860.4912 8015111.9428 1.5568 0.9178 2.1959 1554.801 -77.7557 3187.3577 
3660000.0 3899.5 5700366.448 3359462.8458 8041270.0502 1.5575 0.9179 2.1971 1587.0425 -11.6585 3185.7435 
3670000.0 3909.5 5718079.067 3368987.6881 8067170.4459 1.5581 0.918 2.1981 1620.233 163.7462 3076.7198 
3680000.0 3919.5 5735199.3445 3363876.4211 8106522.2679 1.5585 0.9141 2.2029 1634.2245 3.2243 3265.2247 
3690000.0 3929.5 5754381.285 3373821.6941 8134940.8759 1.5595 0.9143 2.2046 1684.311 199.7435 3168.8785 
3700000.0 3939.5 5775053.2935 3382432.7888 8167673.7982 1.5608 0.9142 2.2075 1753.021 299.7488 3206.2932 
3710000.0 3949.5 5795896.841 3389200.2566 8202593.4254 1.5622 0.9135 2.2109 1814.4665 367.503 3261.43 
3720000.0 3959.5 5815099.7265 3397154.9426 8233044.5104 1.5632 0.9132 2.2132 1834.098 429.7701 3238.4259 
3730000.0 3969.5 5834385.0715 3390336.1904 8278433.9526 1.5642 0.9089 2.2194 1852.107 236.6528 3467.5612 
3740000.0 3979.5 5853311.499 3410783.6459 8295839.3521 1.5651 0.912 2.2181 1856.739 554.4801 3158.9979 
3750000.0 3989.5 5873048.4995 3423598.0075 8322498.9915 1.5661 0.913 2.2193 1884.3025 739.9372 3028.6678 
3760000.0 3999.5 5890596.114 3438390.0591 8342802.1689 1.5666 0.9145 2.2188 1853.016 857.5103 2848.5217 
3770000.0 4009.5 5906306.8445 3394811.726 8417801.963 1.5667 0.9005 2.2328 1799.8975 -226.5833 3826.3783 
3780000.0 4019.5 5923558.521 3367613.6359 8479503.4061 1.5671 0.8909 2.2433 1786.49 -671.0425 4244.0225 
3790000.0 4029.5 5939456.4355 3396500.9574 8482411.9136 1.5671 0.8962 2.2381 1748.0875 7.5344 3488.6406 
3800000.0 4039.5 5959705.5925 3436663.1895 8482747.9955 1.5683 0.9044 2.2323 1799.1975 745.5291 2852.8659 
3810000.0 4050.0 5978212.288 3475063.8564 8481360.7196 1.5691 0.9121 2.2261 1800.8365 1210.6015 2391.0715 
3820000.0 4060.0 5998034.385 3488475.0632 8507593.7068 1.5702 0.9132 2.2271 1827.987 1153.7577 2502.2163 
3830000.0 4070.0 6017724.2475 3500629.7714 8534818.7236 1.5712 0.914 2.2284 1857.1235 1200.8798 2513.3672 
3840000.0 4080.0 6037627.3015 3518109.8539 8557144.7491 1.5723 0.9162 2.2284 1878.2075 1274.2625 2482.1525 
3850000.0 4090.0 6057605.717 3547327.9864 8567883.4476 1.5734 0.9214 2.2254 1901.8805 1554.3213 2249.4397 
3860000.0 4100.0 6077040.4905 3578642.102 8575438.879 1.5744 0.9271 2.2216 1911.2025 1902.7846 1919.6204 
3870000.0 4110.0 6097810.009 3595260.3954 8600359.6226 1.5757 0.929 2.2223 1940.1205 1829.1509 2051.0901 
3880000.0 4120.0 6116551.1445 3627836.8153 8605265.4737 1.5764 0.935 2.2179 1929.112 1774.7316 2083.4924 
3890000.0 4130.5 6136064.174 3641311.5578 8630816.7902 1.5774 0.9361 2.2187 1922.6765 1823.5236 2021.8294 
3900000.0 4140.5 6156498.447 3651057.0156 8661939.8784 1.5786 0.9362 2.221 1935.7595 1551.5429 2319.9761 
3910000.0 4150.5 6173120.1275 3666384.334 8679855.921 1.5788 0.9377 2.2199 1887.539 1470.1783 2304.8997 
3920000.0 4160.5 6192421.261 3706197.2908 8678645.2312 1.5797 0.9455 2.2139 1892.4235 1809.9793 1974.8677 
3930000.0 4170.5 6210968.867 3724910.7382 8697026.9958 1.5804 0.9478 2.213 1888.779 1793.6731 1983.8849 
3940000.0 4180.5 6229246.5615 3768747.351 8689745.772 1.581 0.9565 2.2055 1874.093 1357.967 2390.219 
3950000.0 4191.0 6248429.1685 3799112.0535 8697746.2835 1.5819 0.9618 2.202 1870.6785 1383.0207 2358.3363 
3960000.0 4201.0 6266587.717 3831914.8397 8701260.5943 1.5825 0.9677 2.1973 1859.512 1180.2002 2538.8238 
3970000.0 4211.0 6285514.104 3837867.6072 8733160.6008 1.5833 0.9667 2.1998 1864.9455 1568.5034 2161.3876 
3980000.0 4221.0 6305645.8025 3852073.3033 8759218.3017 1.5843 0.9679 2.2008 1893.395 1755.2913 2031.4987 
3990000.0 4231.0 6325016.7325 3872703.8375 8777329.6275 1.5852 0.9706 2.1998 1901.688 1760.4839 2042.8921 
4000000.0 4241.0 6342749.4985 3866543.4495 8818955.5475 1.5857 0.9666 2.2047 1878.408 1582.5313 2174.2847 
