1000 7 18.272 -272.763 -5.031 0.0117 0.0 
2000 15 32.799 -539.04 -9.206 0.0196 0.0 
3000 23 46.232 -794.641 -12.17 0.0268 0.0 
4000 33 57.271 -1166.812 -17.19 0.0327 0.0 
5000 42 65.162 -1385.519 -17.627 0.0366 0.0 
6000 50 75.257 -1635.566 -20.241 0.0424 0.0 
7000 60 80.866 -1997.642 -23.435 0.0452 0.0 
8000 68 84.565 -2095.779 -21.59 0.0467 0.0 
9000 76 91.079 -2347.459 -22.59 0.0511 0.0 
10000 84 96.833 -2566.523 -23.68 0.0546 0.0 
11000 92 101.116 -2895.533 -26.107 0.057 0.0 
12000 102 101.608 -3324.706 -29.452 0.0569 0.0 
13000 110 104.236 -3638.088 -30.859 0.0585 0.0 
14000 120 103.495 -3996.373 -31.591 0.0577 0.0 
15000 128 106.532 -4341.45 -33.599 0.0596 0.0 
16000 136 108.916 -4653.353 -34.341 0.061 0.0 
17000 144 111.497 -4955.708 -34.362 0.0802 0.0 
18000 157 104.641 -5101.885 -29.449 0.1022 0.0 
19000 167 102.193 -5157.439 -25.211 0.12 0.0 
20000 171 115.831 -5200.286 -23.983 0.1766 0.0 
21000 173 127.402 -5251.346 -23.974 0.2122 0.0 
22000 175 140.184 -5299.271 -23.95 0.2503 0.0 
23000 177 159.373 -5323.517 -23.643 0.3315 0.0 
24000 179 166.409 -5381.869 -23.798 0.3518 0.0 
25000 180 183.081 -5386.527 -23.482 0.4129 0.0 
26000 181 199.42 -5404.052 -23.239 0.4964 0.0 
27000 184 213.904 -5423.647 -22.317 0.5698 0.0 
28000 185 214.486 -5452.81 -22.249 0.5695 0.0 
29000 190 226.782 -5551.844 -22.212 0.6041 0.0 
30000 195 222.23 -5652.995 -21.667 0.5831 0.0 
31000 201 217.53 -5718.47 -20.729 0.5612 0.0 
32000 206 213.67 -5837.778 -20.76 0.5436 0.0 
33000 210 215.98 -5918.562 -20.601 0.5499 0.0 
34000 216 213.295 -6005.76 -20.249 0.5421 0.0 
35000 219 218.57 -6074.347 -20.459 0.5601 0.0 
36000 223 223.507 -6147.168 -20.342 0.5784 0.0 
37000 225 232.654 -6196.625 -20.416 0.6224 0.0 
38000 229 234.736 -6272.143 -20.358 0.6219 0.0 
39000 233 233.738 -6335.036 -19.96 0.6119 0.0 
40000 237 232.886 -6406.261 -19.835 0.6023 0.0 
41000 239 248.884 -6429.638 -19.56 0.6866 0.0 
42000 240 263.906 -6434.757 -19.264 0.7528 0.0 
43000 242 265.788 -6467.961 -18.967 0.7519 0.0 
44000 243 268.552 -6477.32 -18.873 0.7564 0.0 
45000 244 283.181 -6487.586 -18.587 0.845 0.0 
46000 246 300.487 -6488.24 -18.064 0.9119 0.0 
47000 247 314.477 -6498.643 -17.809 0.9817 0.0 
48000 248 328.188 -6512.299 -17.731 1.0567 0.0 
49000 249 341.624 -6527.052 -17.652 1.1095 0.0 
50000 250 354.792 -6536.411 -17.558 1.1964 0.0 
51000 251 367.696 -6545.207 -17.396 1.2634 0.0 
52000 252 380.342 -6552.518 -17.21 1.318 0.0 
53000 253 392.735 -6567.152 -17.029 1.3641 0.0 
54000 254 404.88 -6575.721 -16.953 1.4126 0.0 
55000 255 416.783 -6586.057 -16.797 1.4509 0.0 
56000 256 428.447 -6594.512 -16.699 1.5057 0.0 
57000 257 439.878 -6598.726 -16.516 1.5633 0.0 
58000 258 451.081 -6609.562 -16.316 1.6117 0.0 
59000 259 462.059 -6618.09 -16.125 1.6472 0.0 
60000 260 472.818 -6626.747 -16.013 1.7001 0.0 
61000 261 483.361 -6632.239 -15.848 1.7421 0.0 
62000 262 493.694 -6638.695 -15.651 1.7702 0.0 
63000 263 503.82 -6644.389 -15.439 1.8308 0.0 
64000 264 513.744 -6650.242 -15.239 1.8775 0.0 
65000 265 523.469 -6658.788 -15.088 1.9267 0.0 
66000 266 533.0 -6672.048 -14.944 1.9458 0.0 
67000 267 535.46 -6682.418 -14.885 1.9491 0.0 
68000 268 544.75 -6695.32 -14.716 1.9905 0.0 
69000 270 555.803 -6707.646 -14.6 2.0344 0.0 
70000 271 561.707 -6721.646 -14.569 2.0617 0.0 
71000 272 559.473 -6737.339 -14.388 2.0442 0.0 
72000 273 567.863 -6751.478 -14.392 2.0849 0.0 
73000 274 576.506 -6761.458 -14.356 2.1303 0.0 
74000 275 584.976 -6767.312 -14.229 2.1726 0.0 
75000 277 598.371 -6777.794 -13.99 2.2352 0.0 
76000 278 606.404 -6784.449 -13.918 2.2815 0.0 
77000 279 609.595 -6793.214 -13.802 2.2874 0.0 
78000 280 617.404 -6799.818 -13.658 2.3362 0.0 
79000 281 617.236 -6815.877 -13.455 2.3297 0.0 
80000 282 624.891 -6824.601 -13.449 2.3948 0.0 
81000 284 634.145 -6836.428 -13.258 2.4262 0.0 
82000 285 641.462 -6842.209 -13.107 2.4751 0.0 
83000 286 648.633 -6852.947 -13.064 2.5075 0.0 
84000 287 655.66 -6862.051 -12.982 2.5253 0.0 
85000 288 662.547 -6869.478 -12.875 2.5534 0.0 
86000 289 669.296 -6879.376 -12.81 2.6114 0.0 
87000 290 675.91 -6890.135 -12.768 2.6304 0.0 
88000 291 670.792 -6898.454 -12.629 2.5988 0.0 
89000 292 677.376 -6907.825 -12.588 2.6418 0.0 
90000 293 683.829 -6916.688 -12.478 2.6602 0.0 
91000 294 690.152 -6929.807 -12.436 2.7046 0.0 
92000 295 696.349 -6934.576 -12.409 2.7248 0.0 
93000 296 702.422 -6942.638 -12.25 2.7411 0.0 
94000 297 708.374 -6955.655 -12.19 2.7613 0.0 
95000 298 714.206 -6966.021 -12.184 2.8079 0.0 
96000 299 719.922 -6976.402 -12.166 2.8461 0.0 
97000 300 725.524 -6986.567 -12.126 2.8667 0.0 
98000 301 731.013 -6996.743 -12.069 2.9011 0.0 
99000 302 736.393 -7003.966 -12.023 2.9209 0.0 
100000 304 733.212 -7007.664 -11.711 2.9291 0.0 
101000 305 738.547 -7016.629 -11.601 2.9363 0.0 
102000 306 743.777 -7022.486 -11.562 2.9603 0.0 
103000 307 734.921 -7034.095 -11.297 2.9168 0.0 
104000 308 740.223 -7043.417 -11.277 2.937 0.0 
105000 310 740.17 -7051.462 -11.145 2.9246 0.0 
106000 311 745.366 -7059.055 -11.035 2.9543 0.0 
107000 312 750.459 -7068.822 -11.004 2.9631 0.0 
108000 314 744.081 -7074.728 -10.734 2.9313 0.0 
109000 315 741.419 -7082.854 -10.671 2.9101 0.0 
110000 318 730.161 -7088.148 -10.221 2.8198 0.0 
111000 321 701.207 -7089.946 -9.672 2.6862 0.0 
112000 324 684.109 -7102.104 -9.31 2.5916 0.0 
113000 326 673.327 -7119.263 -9.179 2.532 0.0 
114000 328 659.735 -7133.377 -9.032 2.4628 0.0 
115000 330 659.608 -7140.259 -8.93 2.4505 0.0 
116000 331 666.416 -7148.38 -8.892 2.4788 0.0 
117000 336 623.319 -7153.701 -8.164 2.2956 0.0 
118000 341 584.531 -7163.893 -7.589 2.1268 0.0 
119000 344 569.546 -7176.052 -7.418 2.0614 0.0 
120000 345 574.276 -7182.18 -7.322 2.0851 0.0 
121000 347 563.304 -7183.493 -7.105 2.0334 0.0 
122000 350 556.449 -7191.873 -6.769 2.0063 0.0 
123000 354 534.864 -7209.828 -6.588 1.9103 0.0 
124000 357 522.975 -7223.159 -6.485 1.8455 0.0 
125000 361 500.03 -7239.653 -6.245 1.7429 0.0 
126000 365 486.255 -7256.129 -6.197 1.6718 0.0 
127000 370 458.03 -7265.766 -5.772 1.5503 0.0 
128000 373 444.548 -7277.15 -5.624 1.4889 0.0 
129000 375 451.404 -7284.57 -5.564 1.523 0.0 
130000 379 435.917 -7301.916 -5.5 1.4533 0.0 
131000 383 414.884 -7315.163 -5.25 1.3661 0.0 
132000 386 417.684 -7330.056 -5.31 1.3748 0.0 
133000 387 426.73 -7334.697 -5.233 1.4043 0.0 
134000 388 438.196 -7335.34 -5.183 1.4771 0.0 
135000 392 420.226 -7343.582 -4.962 1.4031 0.0 
136000 395 421.423 -7343.551 -4.704 1.4285 0.0 
137000 397 414.817 -7352.6 -4.662 1.3951 0.0 
138000 398 418.981 -7357.847 -4.606 1.4048 0.0 
139000 401 427.425 -7367.279 -4.575 1.4646 0.0 
140000 402 428.776 -7369.851 -4.475 1.4673 0.0 
141000 404 436.077 -7378.331 -4.434 1.4968 0.0 
142000 407 438.172 -7401.038 -4.713 1.4844 0.0 
143000 411 422.497 -7426.578 -4.818 1.411 0.0 
144000 414 418.149 -7439.179 -4.823 1.3875 0.0 
145000 416 411.497 -7446.748 -4.781 1.3565 0.0 
146000 419 416.561 -7443.045 -4.408 1.3792 0.0 
147000 424 393.664 -7447.595 -4.124 1.2886 0.0 
148000 426 399.614 -7453.293 -4.012 1.3232 0.0 
149000 429 394.954 -7470.197 -4.147 1.3028 0.0 
150000 432 390.744 -7475.023 -3.999 1.2832 0.0 
151000 435 386.981 -7488.873 -4.027 1.2693 0.0 
152000 436 390.102 -7495.887 -4.011 1.2776 0.0 
153000 437 402.3 -7500.58 -4.05 1.3409 0.0 
154000 438 414.254 -7509.266 -4.148 1.4038 0.0 
155000 439 425.969 -7512.007 -4.079 1.49 0.0 
156000 440 437.449 -7511.428 -4.083 1.5587 0.0 
157000 443 437.229 -7509.631 -3.851 1.553 0.0 
158000 445 442.675 -7509.282 -3.661 1.5622 0.0 
159000 446 453.821 -7513.38 -3.653 1.6557 0.0 
160000 448 441.71 -7515.614 -3.54 1.6039 0.0 
161000 450 454.519 -7519.014 -3.443 1.644 0.0 
162000 452 458.58 -7520.782 -3.43 1.6662 0.0 
163000 454 462.56 -7523.295 -3.27 1.688 0.0 
164000 457 454.768 -7525.312 -3.116 1.6444 0.0 
165000 458 460.493 -7516.843 -2.918 1.6687 0.0 
166000 460 459.726 -7504.048 -2.573 1.6446 0.0 
167000 461 467.991 -7498.089 -2.474 1.6831 0.0 
168000 462 478.631 -7493.618 -2.264 1.7407 0.0 
169000 463 484.219 -7493.469 -2.147 1.7614 0.0 
170000 465 498.41 -7484.253 -1.963 1.8146 0.0 
171000 466 492.081 -7482.769 -1.844 1.7872 0.0 
172000 468 509.175 -7481.7 -1.743 1.86 0.0 
173000 471 497.974 -7469.64 -1.48 1.802 0.0 
174000 473 495.165 -7474.793 -1.476 1.7792 0.0 
175000 475 498.136 -7471.024 -1.315 1.8208 0.0 
176000 476 493.673 -7472.827 -1.281 1.7974 0.0 
177000 477 503.8 -7467.869 -1.267 1.8293 0.0 
178000 478 513.724 -7462.646 -1.145 1.8718 0.0 
179000 479 523.449 -7466.397 -1.069 1.8869 0.0 
180000 480 532.98 -7466.666 -1.037 1.9149 0.0 
181000 481 542.321 -7468.609 -1.091 1.9752 0.0 
182000 482 551.474 -7466.926 -1.065 1.9977 0.0 
183000 485 545.462 -7461.638 -0.945 1.9963 0.0 
184000 486 554.553 -7461.487 -0.859 2.0675 0.0 
185000 489 549.61 -7464.44 -0.914 2.0331 0.0 
186000 490 558.618 -7455.957 -0.692 2.0468 0.0 
187000 491 551.446 -7466.439 -0.712 2.0144 0.0 
188000 493 560.709 -7477.826 -1.098 2.031 0.0 
189000 494 569.494 -7485.914 -1.238 2.0533 0.0 
190000 495 578.104 -7487.239 -1.302 2.101 0.0 
191000 496 577.822 -7469.542 -1.104 2.0944 0.0 
192000 497 584.966 -7470.887 -0.778 2.115 0.0 
193000 498 593.267 -7476.949 -0.853 2.1376 0.0 
194000 499 601.401 -7466.753 -0.988 2.1699 0.0 
195000 500 609.373 -7463.17 -0.691 2.1874 0.0 
196000 501 614.686 -7462.43 -0.563 2.2041 0.0 
197000 502 622.392 -7464.405 -0.607 2.2373 0.0 
198000 505 622.539 -7458.508 -0.478 2.2686 0.0 
199000 507 607.51 -7460.712 -0.608 2.2006 0.0 
200000 508 615.36 -7455.308 -0.445 2.226 0.0 
201000 509 622.693 -7453.291 -0.356 2.2733 0.0 
202000 510 627.299 -7448.047 -0.229 2.3031 0.0 
203000 511 634.753 -7450.298 -0.236 2.3525 0.0 
204000 513 633.297 -7450.39 -0.248 2.338 0.0 
205000 514 640.631 -7443.825 -0.336 2.3622 0.0 
206000 515 647.818 -7446.291 -0.106 2.389 0.0 
207000 516 654.862 -7454.261 -0.314 2.4367 0.0 
208000 517 661.765 -7456.937 -0.344 2.4588 0.0 
209000 518 668.529 -7461.671 -0.461 2.477 0.0 
210000 519 675.159 -7463.938 -0.535 2.4965 0.0 
211000 520 677.616 -7456.829 -0.342 2.4902 0.0 
212000 521 684.063 -7462.715 -0.385 2.5253 0.0 
213000 522 690.382 -7470.317 -0.503 2.5436 0.0 
214000 523 696.574 -7474.049 -0.634 2.5716 0.0 
215000 526 680.601 -7470.49 -0.632 2.4846 0.0 
216000 527 686.989 -7464.229 -0.421 2.507 0.0 
217000 528 693.25 -7474.24 -0.518 2.5145 0.0 
218000 529 699.385 -7479.468 -0.668 2.5613 0.0 
219000 530 705.397 -7485.771 -0.786 2.619 0.0 
220000 532 700.203 -7492.116 -0.91 2.5821 0.0 
221000 533 706.199 -7484.81 -0.712 2.6102 0.0 
222000 534 712.075 -7501.458 -0.976 2.6525 0.0 
223000 535 712.494 -7488.242 -0.819 2.6485 0.0 
224000 536 718.244 -7497.578 -0.865 2.6742 0.0 
225000 537 723.879 -7504.756 -1.063 2.6831 0.0 
226000 538 729.401 -7500.856 -0.977 2.7076 0.0 
227000 539 734.813 -7505.835 -1.059 2.707 0.0 
228000 540 740.117 -7514.697 -1.164 2.7033 0.0 
229000 541 745.315 -7518.94 -1.256 2.7097 0.0 
230000 542 750.408 -7523.426 -1.32 2.7102 0.0 
231000 543 755.4 -7523.8 -1.306 2.7346 0.0 
232000 544 760.292 -7518.095 -1.351 2.7336 0.0 
233000 546 759.794 -7507.108 -0.909 2.7061 0.0 
234000 547 764.598 -7508.494 -0.911 2.7098 0.0 
235000 549 748.485 -7484.584 -0.432 2.6375 0.0 
236000 550 753.515 -7488.041 -0.503 2.6862 0.0 
237000 551 750.245 -7479.971 -0.225 2.6715 0.0 
238000 553 745.115 -7483.981 -0.331 2.6487 0.0 
239000 555 738.209 -7489.413 -0.467 2.6076 0.0 
240000 556 735.085 -7490.894 -0.213 2.5906 0.0 
241000 557 740.383 -7491.763 -0.435 2.6297 0.0 
242000 558 745.575 -7489.873 -0.553 2.6425 0.0 
243000 559 746.264 -7495.037 -0.389 2.6493 0.0 
244000 560 751.339 -7503.282 -0.513 2.6857 0.0 
245000 562 749.446 -7504.089 -0.691 2.6756 0.0 
246000 564 747.347 -7509.653 -0.82 2.6756 0.0 
247000 565 752.401 -7523.991 -0.981 2.7065 0.0 
248000 566 757.353 -7532.56 -1.185 2.7241 0.0 
249000 567 762.205 -7540.618 -1.32 2.7308 0.0 
250000 569 744.949 -7532.636 -1.06 2.6553 0.0 
251000 570 750.05 -7537.387 -1.222 2.6889 0.0 
252000 572 739.522 -7524.843 -1.05 2.6341 0.0 
253000 573 735.512 -7523.682 -0.825 2.6114 0.0 
254000 574 740.801 -7531.745 -0.794 2.6621 0.0 
255000 575 745.985 -7540.52 -0.967 2.6966 0.0 
256000 577 745.304 -7520.935 -0.816 2.6846 0.0 
257000 579 739.59 -7514.136 -0.587 2.6592 0.0 
258000 581 731.798 -7528.102 -0.827 2.6189 0.0 
259000 582 735.262 -7536.583 -1.003 2.6352 0.0 
260000 584 724.851 -7529.159 -0.824 2.5952 0.0 
261000 585 730.354 -7530.612 -0.82 2.6484 0.0 
262000 587 727.025 -7531.92 -0.818 2.6466 0.0 
263000 589 716.481 -7519.039 -0.529 2.5947 0.0 
264000 590 711.971 -7513.78 -0.283 2.5697 0.0 
265000 591 717.732 -7517.453 -0.434 2.5755 0.0 
266000 593 711.517 -7517.903 -0.393 2.5371 0.0 
267000 594 717.286 -7513.591 -0.558 2.5556 0.0 
268000 596 712.616 -7494.505 0.025 2.5355 0.0 
269000 597 718.363 -7503.828 -0.127 2.5671 0.0 
270000 598 723.996 -7511.105 -0.288 2.5843 0.0 
271000 599 729.516 -7513.725 -0.449 2.6018 0.0 
272000 601 723.889 -7492.815 0.056 2.5694 0.0 
273000 602 719.991 -7485.62 0.312 2.5524 0.0 
274000 604 718.44 -7477.651 0.354 2.5396 0.0 
275000 605 724.071 -7480.564 0.267 2.5528 0.0 
276000 607 719.338 -7477.38 0.431 2.5524 0.0 
277000 608 720.351 -7482.493 0.238 2.5639 0.0 
278000 609 725.944 -7472.798 0.409 2.5814 0.0 
279000 611 713.452 -7460.372 0.676 2.5229 0.0 
280000 612 719.183 -7479.706 0.428 2.5361 0.0 
281000 613 724.799 -7489.157 0.198 2.5731 0.0 
282000 614 729.143 -7479.933 0.271 2.6005 0.0 
283000 615 734.56 -7492.782 0.135 2.6362 0.0 
284000 616 739.869 -7497.564 -0.056 2.6495 0.0 
285000 617 745.072 -7504.159 -0.218 2.6765 0.0 
286000 618 750.17 -7518.071 -0.339 2.6845 0.0 
287000 619 755.167 -7527.845 -0.532 2.7132 0.0 
288000 620 760.063 -7535.008 -0.815 2.7535 0.0 
289000 622 755.968 -7541.725 -0.852 2.7341 0.0 
290000 623 760.848 -7542.979 -0.995 2.7638 0.0 
291000 624 764.111 -7535.615 -0.787 2.7568 0.0 
292000 625 762.529 -7534.945 -0.558 2.7366 0.0 
293000 626 767.279 -7537.62 -0.794 2.7536 0.0 
294000 627 771.933 -7547.754 -0.875 2.7576 0.0 
295000 628 776.494 -7554.037 -1.031 2.7701 0.0 
296000 629 780.965 -7561.63 -1.152 2.7862 0.0 
297000 630 785.345 -7572.509 -1.273 2.7919 0.0 
298000 631 789.638 -7582.827 -1.439 2.8128 0.0 
299000 632 793.846 -7590.652 -1.653 2.8409 0.0 
300000 633 797.969 -7594.374 -1.748 2.8633 0.0 
301000 636 774.743 -7601.442 -1.74 2.7561 0.0 
302000 639 753.111 -7600.981 -1.65 2.6783 0.0 
303000 640 758.049 -7609.566 -1.826 2.6999 0.0 
304000 641 762.888 -7604.405 -1.688 2.7386 0.0 
305000 643 754.163 -7604.214 -1.542 2.7168 0.0 
306000 644 753.12 -7601.881 -1.48 2.718 0.0 
307000 645 758.058 -7597.76 -1.423 2.7331 0.0 
308000 646 762.897 -7608.07 -1.579 2.7673 0.0 
309000 647 767.639 -7609.406 -1.541 2.7796 0.0 
310000 648 772.286 -7618.675 -1.745 2.8258 0.0 
311000 649 776.76 -7630.174 -1.912 2.8392 0.0 
312000 650 773.725 -7632.441 -1.974 2.8193 0.0 
313000 652 767.745 -7623.793 -1.847 2.7963 0.0 
314000 653 772.391 -7616.41 -1.609 2.8004 0.0 
315000 655 756.159 -7616.357 -1.332 2.7369 0.0 
316000 656 761.036 -7605.779 -1.394 2.7703 0.0 
317000 658 760.359 -7584.262 -0.749 2.744 0.0 
318000 659 763.092 -7577.392 -0.583 2.7524 0.0 
319000 662 739.426 -7563.712 -0.278 2.6431 0.0 
320000 663 737.678 -7544.97 -0.039 2.6312 0.0 
321000 665 727.979 -7531.22 0.217 2.5794 0.0 
322000 668 708.252 -7524.814 0.513 2.4895 0.0 
323000 669 714.087 -7542.669 0.284 2.5216 0.0 
324000 671 708.481 -7526.698 0.412 2.4928 0.0 
325000 672 704.371 -7504.78 0.713 2.4687 0.0 
326000 674 707.251 -7495.538 1.039 2.4543 0.0 
327000 675 710.566 -7490.418 1.136 2.4643 0.0 
328000 676 714.795 -7482.609 1.134 2.5032 0.0 
329000 679 700.006 -7466.015 1.509 2.4448 0.0 
330000 680 706.005 -7463.51 1.534 2.4819 0.0 
331000 681 694.345 -7455.736 1.529 2.4372 0.0 
332000 683 701.789 -7443.716 1.774 2.4442 0.0 
333000 684 700.093 -7423.302 2.022 2.4256 0.0 
334000 685 706.092 -7434.521 2.041 2.4547 0.0 
335000 686 711.97 -7445.854 1.765 2.4828 0.0 
336000 687 717.73 -7452.219 1.596 2.5114 0.0 
337000 688 723.376 -7453.095 1.409 2.5698 0.0 
338000 689 728.908 -7442.653 1.319 2.6095 0.0 
339000 690 729.79 -7444.29 1.613 2.6118 0.0 
340000 692 729.89 -7424.928 1.766 2.627 0.0 
341000 693 728.873 -7411.683 1.898 2.6301 0.0 
342000 694 725.875 -7414.318 2.129 2.6124 0.0 
343000 696 730.51 -7401.123 2.143 2.6383 0.0 
344000 697 735.9 -7404.787 1.984 2.6419 0.0 
345000 698 741.182 -7404.339 2.069 2.658 0.0 
346000 700 734.111 -7407.861 1.809 2.6326 0.0 
347000 701 739.429 -7412.653 1.698 2.6782 0.0 
348000 703 732.208 -7424.725 1.483 2.6408 0.0 
349000 704 737.564 -7430.429 1.313 2.656 0.0 
350000 705 742.812 -7434.278 1.183 2.7092 0.0 
351000 706 747.956 -7443.85 1.021 2.7306 0.0 
352000 707 735.517 -7450.009 0.993 2.681 0.0 
353000 708 740.807 -7454.846 0.844 2.7042 0.0 
354000 709 745.991 -7462.508 0.727 2.7258 0.0 
355000 710 751.071 -7468.364 0.564 2.7717 0.0 
356000 712 753.808 -7462.683 0.508 2.7698 0.0 
357000 713 758.732 -7469.291 0.409 2.7899 0.0 
358000 714 763.558 -7470.409 0.288 2.8248 0.0 
359000 715 768.286 -7467.731 0.359 2.8414 0.0 
360000 717 761.122 -7475.043 0.278 2.8092 0.0 
361000 718 765.9 -7472.766 0.297 2.8496 0.0 
362000 719 766.282 -7468.425 0.26 2.8503 0.0 
363000 720 770.956 -7471.938 0.271 2.892 0.0 
364000 721 775.537 -7473.229 0.192 2.9175 0.0 
365000 722 780.026 -7476.304 0.122 2.9316 0.0 
366000 723 784.426 -7484.045 0.065 2.9319 0.0 
367000 724 788.737 -7490.676 -0.081 2.9711 0.0 
368000 725 792.963 -7496.188 -0.224 2.9799 0.0 
369000 726 797.103 -7496.989 -0.294 3.0052 0.0 
370000 727 801.161 -7495.078 -0.233 3.0137 0.0 
371000 728 805.138 -7503.101 -0.331 3.0232 0.0 
372000 729 809.035 -7503.356 -0.42 3.0386 0.0 
373000 730 812.855 -7507.957 -0.478 3.0664 0.0 
374000 731 816.597 -7509.735 -0.569 3.086 0.0 
375000 732 820.265 -7516.275 -0.588 3.096 0.0 
376000 733 823.86 -7519.155 -0.715 3.1198 0.0 
377000 734 827.383 -7528.461 -0.751 3.1369 0.0 
378000 735 830.835 -7534.702 -0.891 3.1764 0.0 
379000 736 834.219 -7541.452 -1.033 3.1789 0.0 
380000 737 837.534 -7542.648 -1.087 3.195 0.0 
381000 738 840.784 -7546.943 -1.14 3.2227 0.0 
382000 739 843.968 -7549.285 -1.212 3.2491 0.0 
383000 740 847.089 -7550.918 -1.266 3.2429 0.0 
384000 741 850.147 -7552.641 -1.244 3.2451 0.0 
385000 742 853.144 -7553.935 -1.229 3.274 0.0 
386000 743 856.081 -7555.445 -1.216 3.3013 0.0 
387000 744 858.959 -7556.436 -1.246 3.3175 0.0 
388000 745 861.78 -7558.293 -1.23 3.3203 0.0 
389000 746 864.545 -7559.448 -1.244 3.3192 0.0 
390000 747 867.254 -7565.07 -1.244 3.3223 0.0 
391000 748 869.909 -7568.877 -1.298 3.3244 0.0 
392000 749 872.51 -7571.423 -1.392 3.3332 0.0 
393000 750 869.6 -7575.377 -1.387 3.3118 0.0 
394000 751 872.208 -7579.22 -1.377 3.3094 0.0 
395000 752 874.764 -7585.642 -1.451 3.3305 0.0 
396000 753 877.269 -7587.553 -1.532 3.3617 0.0 
397000 754 879.723 -7596.639 -1.577 3.366 0.0 
398000 755 882.129 -7597.098 -1.69 3.3816 0.0 
399000 756 884.486 -7601.432 -1.669 3.4034 0.0 
400000 757 886.797 -7604.403 -1.738 3.4154 0.0 
401000 758 889.061 -7606.638 -1.769 3.4494 0.0 
402000 759 891.279 -7610.209 -1.789 3.4723 0.0 
403000 760 893.454 -7610.641 -1.79 3.461 0.0 
404000 761 895.585 -7612.632 -1.767 3.4656 0.0 
405000 762 897.673 -7613.094 -1.772 3.4731 0.0 
406000 763 899.72 -7617.498 -1.728 3.4953 0.0 
407000 764 901.725 -7618.198 -1.768 3.491 0.0 
408000 765 903.691 -7623.678 -1.759 3.5165 0.0 
409000 766 905.617 -7620.627 -1.803 3.5038 0.0 
410000 767 907.505 -7626.734 -1.75 3.5241 0.0 
411000 768 909.354 -7631.087 -1.829 3.5194 0.0 
412000 769 911.167 -7631.513 -1.856 3.5367 0.0 
413000 770 912.944 -7635.654 -1.84 3.555 0.0 
414000 771 914.685 -7630.571 -1.88 3.5726 0.0 
415000 772 916.391 -7626.58 -1.664 3.5804 0.0 
416000 773 918.064 -7625.136 -1.643 3.5859 0.0 
417000 774 919.702 -7622.319 -1.555 3.6072 0.0 
418000 775 921.308 -7621.528 -1.493 3.6276 0.0 
419000 776 922.882 -7622.732 -1.44 3.6275 0.0 
420000 777 924.424 -7622.15 -1.425 3.6571 0.0 
421000 778 925.936 -7620.295 -1.373 3.6701 0.0 
422000 779 927.417 -7618.353 -1.304 3.6802 0.0 
423000 780 928.869 -7621.409 -1.277 3.6948 0.0 
424000 781 930.292 -7621.634 -1.295 3.7268 0.0 
425000 783 915.392 -7616.661 -1.247 3.6663 0.0 
426000 784 917.084 -7615.053 -1.08 3.6702 0.0 
427000 785 918.742 -7617.249 -1.143 3.6882 0.0 
428000 786 920.368 -7616.947 -1.149 3.6999 0.0 
429000 787 921.96 -7617.83 -1.086 3.6928 0.0 
430000 788 923.521 -7621.368 -1.105 3.7102 0.0 
431000 789 925.051 -7624.013 -1.132 3.7266 0.0 
432000 790 926.55 -7627.399 -1.172 3.725 0.0 
433000 793 897.333 -7612.719 -0.859 3.6067 0.0 
434000 794 899.386 -7619.309 -0.965 3.6136 0.0 
435000 795 889.039 -7621.325 -0.84 3.5624 0.0 
436000 796 891.258 -7622.305 -0.896 3.5804 0.0 
437000 798 885.484 -7609.035 -0.662 3.574 0.0 
438000 799 887.774 -7601.844 -0.654 3.6004 0.0 
439000 801 874.735 -7586.131 -0.236 3.533 0.0 
440000 803 857.58 -7586.297 -0.362 3.4495 0.0 
441000 804 860.429 -7576.764 -0.082 3.4416 0.0 
442000 806 847.496 -7573.95 0.068 3.4067 0.0 
443000 808 822.872 -7588.311 -0.068 3.2941 0.0 
444000 810 824.686 -7574.978 0.152 3.3133 0.0 
445000 811 828.192 -7579.61 0.054 3.3176 0.0 
446000 812 827.948 -7566.488 0.214 3.318 0.0 
447000 813 823.189 -7550.249 0.462 3.2934 0.0 
448000 819 759.004 -7741.687 -3.158 3.0109 0.0 
449000 820 757.444 -7730.423 -2.888 3.0098 0.0 
450000 821 762.295 -7733.354 -2.833 3.032 0.0 
451000 822 767.049 -7729.385 -2.879 3.0605 0.0 
452000 823 763.048 -7726.357 -2.563 3.0358 0.0 
453000 825 767.191 -7719.905 -2.329 3.0486 0.0 
454000 826 763.947 -7698.227 -2.116 3.0332 0.0 
455000 827 768.668 -7688.117 -1.793 3.0356 0.0 
456000 829 765.096 -7662.606 -1.196 2.9969 0.0 
457000 831 752.512 -7637.652 -0.593 2.9338 0.0 
458000 832 754.981 -7624.403 -0.27 2.9326 0.0 
459000 836 718.678 -7616.458 -0.171 2.7659 0.0 
460000 839 695.149 -7621.023 -0.257 2.6537 0.0 
461000 842 674.623 -7661.477 -1.016 2.5569 0.0 
462000 844 667.826 -7674.069 -1.077 2.5271 0.0 
463000 848 637.831 -7706.05 -1.638 2.3891 0.0 
464000 854 584.048 -7759.393 -2.414 2.1597 0.0 
465000 855 592.367 -7751.775 -2.222 2.1782 0.0 
466000 857 582.785 -7760.392 -2.579 2.13 0.0 
467000 861 561.473 -7793.104 -2.803 2.024 0.0 
468000 863 555.501 -7803.977 -2.815 1.9926 0.0 
469000 865 548.122 -7842.861 -3.746 1.9632 0.0 
470000 869 529.96 -7876.015 -4.105 1.8882 0.0 
471000 873 510.311 -7954.986 -5.175 1.8058 0.0 
472000 876 494.843 -8008.491 -6.081 1.7394 0.0 
473000 877 500.366 -7995.437 -5.77 1.7625 0.0 
474000 880 502.016 -7980.871 -4.869 1.7542 0.0 
475000 884 482.397 -7994.359 -4.655 1.6721 0.0 
476000 888 461.071 -8002.794 -4.59 1.5865 0.0 
477000 894 429.706 -8085.964 -5.412 1.4579 0.0 
478000 898 413.419 -8071.319 -5.057 1.3903 0.0 
479000 902 402.779 -8060.301 -4.34 1.3418 0.0 
480000 907 382.507 -8073.167 -4.296 1.2604 0.0 
481000 910 379.123 -8085.817 -4.197 1.2412 0.0 
482000 913 372.11 -8084.99 -4.178 1.21 0.0 
483000 915 375.329 -8054.79 -3.422 1.2211 0.0 
484000 919 372.382 -8053.898 -2.883 1.2076 0.0 
485000 922 359.205 -8063.702 -3.06 1.1553 0.0 
486000 927 354.208 -8074.687 -2.812 1.1259 0.0 
487000 929 345.965 -8079.244 -2.801 1.0938 0.0 
488000 930 359.045 -8068.685 -2.727 1.1311 0.0 
489000 932 367.847 -8063.123 -2.569 1.1658 0.0 
490000 933 380.49 -8052.461 -2.189 1.2337 0.0 
491000 934 392.88 -8050.678 -2.065 1.3148 0.0 
492000 935 405.023 -8044.316 -2.03 1.3678 0.0 
493000 939 400.041 -8024.483 -1.409 1.3441 0.0 
494000 942 400.594 -8012.485 -0.978 1.3441 0.0 
495000 943 395.042 -8005.995 -1.144 1.3233 0.0 
496000 945 415.918 -7982.093 -0.41 1.4007 0.0 
497000 946 419.44 -7964.835 -0.159 1.4112 0.0 
498000 948 421.496 -7945.212 0.289 1.4205 0.0 
499000 949 424.386 -7934.172 0.468 1.4341 0.0 
500000 951 440.74 -7909.944 0.968 1.4874 0.0 
501000 954 439.161 -7886.687 1.537 1.4666 0.0 
502000 956 438.79 -7849.493 2.076 1.4579 0.0 
503000 959 432.668 -7816.822 2.468 1.4246 0.0 
504000 962 426.916 -7778.777 3.237 1.3913 0.0 
505000 965 420.482 -7750.422 3.608 1.364 0.0 
506000 968 411.647 -7725.264 3.786 1.327 0.0 
507000 971 410.362 -7690.192 4.296 1.3125 0.0 
508000 972 422.155 -7678.509 4.4 1.3639 0.0 
509000 974 422.026 -7642.428 4.877 1.3578 0.0 
510000 976 422.783 -7613.49 5.216 1.3593 0.0 
511000 978 435.121 -7595.626 5.616 1.4097 0.0 
512000 979 446.419 -7596.196 5.513 1.462 0.0 
513000 981 438.938 -7565.346 5.756 1.433 0.0 
514000 983 448.296 -7551.654 5.849 1.4986 0.0 
515000 985 447.926 -7517.43 6.189 1.4969 0.0 
516000 988 443.684 -7474.547 6.709 1.4677 0.0 
517000 990 442.27 -7450.028 6.879 1.4597 0.0 
518000 992 444.512 -7432.339 6.989 1.4734 0.0 
519000 994 445.042 -7410.21 7.133 1.4742 0.0 
520000 996 454.258 -7398.902 7.257 1.5095 0.0 
521000 998 453.024 -7368.492 7.48 1.4993 0.0 
522000 1000 449.297 -7342.087 7.641 1.4791 0.0 
523000 1002 459.645 -7330.626 7.694 1.5002 0.0 
524000 1003 456.952 -7306.434 7.864 1.488 0.0 
525000 1006 462.079 -7276.395 8.137 1.5074 0.0 
526000 1008 459.808 -7250.085 8.216 1.4918 0.0 
527000 1010 463.191 -7232.258 8.318 1.4974 0.0 
528000 1012 463.428 -7204.118 8.494 1.4951 0.0 
529000 1014 468.639 -7179.878 8.721 1.5138 0.0 
530000 1016 463.889 -7136.732 8.971 1.4883 0.0 
531000 1018 466.024 -7113.505 9.204 1.4861 0.0 
532000 1021 462.502 -7079.357 9.454 1.4726 0.0 
533000 1023 460.524 -7039.243 9.734 1.4655 0.0 
534000 1025 466.983 -7026.217 9.743 1.4969 0.0 
535000 1027 467.07 -7000.71 9.887 1.4902 0.0 
536000 1029 470.522 -6978.393 9.974 1.504 0.0 
537000 1031 470.198 -6955.854 9.967 1.499 0.0 
538000 1033 471.541 -6935.086 10.037 1.5003 0.0 
539000 1034 473.67 -6917.809 10.025 1.5148 0.0 
540000 1036 477.614 -6901.381 9.984 1.5198 0.0 
541000 1038 482.041 -6888.718 9.856 1.5262 0.0 
542000 1039 483.04 -6874.891 9.843 1.5317 0.0 
543000 1042 480.326 -6836.33 9.942 1.5343 0.0 
544000 1044 477.232 -6815.148 10.112 1.5246 0.0 
545000 1046 485.083 -6801.041 10.042 1.5688 0.0 
546000 1047 495.381 -6799.365 9.966 1.6066 0.0 
547000 1051 477.034 -6763.124 9.791 1.5402 0.0 
548000 1052 487.494 -6753.024 9.83 1.5838 0.0 
549000 1054 483.254 -6724.074 9.913 1.5668 0.0 
550000 1055 485.988 -6712.409 9.928 1.5836 0.0 
551000 1057 487.463 -6698.545 9.961 1.6033 0.0 
552000 1059 494.539 -6671.842 9.931 1.6327 0.0 
553000 1061 493.961 -6645.409 10.101 1.6347 0.0 
554000 1062 497.802 -6639.193 10.021 1.6481 0.0 
555000 1063 507.846 -6628.769 10.005 1.6842 0.0 
556000 1064 517.689 -6616.258 10.045 1.718 0.0 
557000 1065 521.935 -6603.447 10.086 1.7419 0.0 
558000 1068 524.483 -6566.207 10.213 1.7639 0.0 
559000 1071 512.097 -6538.284 10.193 1.7049 0.0 
560000 1073 511.53 -6523.185 10.174 1.6972 0.0 
561000 1074 510.14 -6512.828 10.13 1.6904 0.0 
562000 1077 516.831 -6490.336 10.131 1.7055 0.0 
563000 1080 505.787 -6448.56 10.353 1.6527 0.0 
564000 1081 515.671 -6435.287 10.412 1.6884 0.0 
565000 1082 525.358 -6422.636 10.453 1.7114 0.0 
566000 1084 524.371 -6396.139 10.579 1.701 0.0 
567000 1085 527.084 -6373.623 10.614 1.7021 0.0 
568000 1087 527.93 -6341.704 10.695 1.6969 0.0 
569000 1089 524.889 -6314.521 10.862 1.6833 0.0 
570000 1091 529.442 -6294.024 11.084 1.6861 0.0 
571000 1093 520.968 -6266.988 11.04 1.651 0.0 
572000 1094 530.549 -6263.574 10.964 1.6753 0.0 
573000 1098 512.171 -6208.84 10.959 1.6009 0.0 
574000 1102 494.024 -6150.366 11.402 1.5255 0.0 
575000 1107 467.811 -6101.969 11.334 1.4248 0.0 
576000 1110 451.014 -6065.195 11.176 1.3635 0.0 
577000 1111 459.294 -6053.458 11.24 1.3805 0.0 
578000 1112 470.108 -6044.265 11.245 1.4061 0.0 
579000 1114 475.451 -6018.899 11.201 1.4429 0.0 
580000 1116 479.386 -5984.774 11.441 1.4479 0.0 
581000 1117 482.399 -5973.653 11.496 1.4562 0.0 
582000 1119 487.776 -5946.217 11.554 1.4795 0.0 
583000 1120 486.06 -5938.537 11.583 1.4742 0.0 
584000 1123 493.376 -5895.65 11.673 1.5306 0.0 
585000 1126 477.454 -5855.865 11.708 1.4702 0.0 
586000 1128 483.427 -5830.376 11.809 1.4935 0.0 
587000 1130 485.616 -5810.268 11.867 1.5256 0.0 
588000 1133 476.052 -5758.341 12.025 1.4892 0.0 
589000 1136 466.753 -5717.243 12.167 1.4548 0.0 
590000 1139 458.201 -5672.466 12.266 1.4219 0.0 
591000 1141 461.337 -5649.865 12.28 1.4252 0.0 
592000 1144 454.991 -5618.505 12.449 1.3928 0.0 
593000 1146 448.673 -5573.543 12.537 1.366 0.0 
594000 1148 459.09 -5560.227 12.564 1.3978 0.0 
595000 1149 457.208 -5548.96 12.507 1.3898 0.0 
596000 1152 460.685 -5504.203 12.46 1.3904 0.0 
597000 1155 452.17 -5456.031 12.673 1.3521 0.0 
598000 1156 463.127 -5452.076 12.455 1.3947 0.0 
599000 1158 463.118 -5429.326 12.441 1.3892 0.0 
600000 1159 460.355 -5416.525 12.435 1.3797 0.0 
601000 1161 473.645 -5390.145 12.456 1.4263 0.0 
602000 1163 477.774 -5359.782 12.49 1.4438 0.0 
603000 1166 472.068 -5336.069 12.55 1.4211 0.0 
604000 1167 468.767 -5315.285 12.559 1.409 0.0 
605000 1170 468.127 -5271.876 12.461 1.4293 0.0 
606000 1171 478.765 -5266.861 12.429 1.4918 0.0 
607000 1172 489.19 -5255.201 12.369 1.5477 0.0 
608000 1173 499.406 -5239.613 12.371 1.6132 0.0 
609000 1175 504.289 -5216.245 12.458 1.6218 0.0 
610000 1178 494.697 -5176.648 12.695 1.5765 0.0 
611000 1181 483.996 -5116.291 12.928 1.5272 0.0 
612000 1183 475.418 -5088.059 12.876 1.4923 0.0 
613000 1186 473.435 -5049.911 12.897 1.4743 0.0 
614000 1188 472.891 -5029.463 12.97 1.461 0.0 
615000 1191 463.952 -4976.511 13.081 1.4218 0.0 
616000 1194 463.233 -4943.671 13.188 1.4086 0.0 
617000 1196 461.961 -4898.64 13.389 1.3963 0.0 
618000 1199 454.001 -4854.309 13.497 1.3609 0.0 
619000 1200 464.921 -4840.337 13.442 1.3931 0.0 
620000 1202 459.825 -4807.747 13.564 1.3715 0.0 
621000 1203 470.628 -4801.446 13.533 1.4002 0.0 
622000 1204 473.876 -4800.894 13.421 1.4142 0.0 
623000 1208 472.955 -4756.957 13.234 1.4296 0.0 
624000 1211 461.375 -4697.752 13.411 1.3898 0.0 
625000 1214 455.953 -4658.519 13.465 1.3686 0.0 
626000 1215 456.754 -4648.359 13.372 1.3743 0.0 
627000 1219 446.747 -4596.505 13.257 1.3519 0.0 
628000 1220 457.812 -4585.009 13.222 1.3999 0.0 
629000 1221 468.656 -4573.984 13.177 1.4317 0.0 
630000 1225 455.418 -4533.363 13.231 1.3827 0.0 
631000 1226 451.249 -4505.301 13.323 1.3682 0.0 
632000 1230 447.677 -4442.487 13.431 1.3589 0.0 
633000 1233 444.344 -4406.6 13.58 1.338 0.0 
634000 1236 432.662 -4349.037 13.657 1.292 0.0 
635000 1240 423.186 -4303.616 13.784 1.2544 0.0 
636000 1242 417.432 -4265.334 13.805 1.2352 0.0 
637000 1244 425.682 -4247.641 13.452 1.2702 0.0 
638000 1248 411.731 -4187.541 13.609 1.2217 0.0 
639000 1249 414.256 -4183.594 13.513 1.2345 0.0 
640000 1251 426.492 -4161.45 13.335 1.2601 0.0 
641000 1253 424.829 -4133.801 13.304 1.2566 0.0 
642000 1256 423.379 -4093.484 13.375 1.2475 0.0 
643000 1259 422.362 -4085.62 12.983 1.287 0.0 
644000 1261 421.856 -4036.498 13.179 1.2791 0.0 
645000 1263 427.351 -4034.364 12.951 1.2857 0.0 
646000 1265 426.874 -3994.899 13.005 1.279 0.0 
647000 1268 414.284 -3948.72 13.069 1.235 0.0 
648000 1271 420.075 -3915.769 13.169 1.2554 0.0 
649000 1276 398.287 -3836.019 13.351 1.1807 0.0 
650000 1278 399.462 -3802.345 13.399 1.1772 0.0 
651000 1280 407.483 -3784.071 13.448 1.1985 0.0 
652000 1283 400.613 -3731.785 13.5 1.1768 0.0 
653000 1287 383.694 -3662.655 13.67 1.12 0.0 
654000 1292 372.581 -3605.437 13.812 1.078 0.0 
655000 1293 385.13 -3589.745 13.864 1.1137 0.0 
656000 1296 374.215 -3528.76 13.981 1.0775 0.0 
657000 1297 386.73 -3515.888 13.92 1.1233 0.0 
658000 1298 398.996 -3506.252 13.891 1.1795 0.0 
659000 1301 400.211 -3457.54 13.937 1.1768 0.0 
660000 1304 399.978 -3425.16 14.051 1.1673 0.0 
661000 1307 392.341 -3357.572 14.207 1.1366 0.0 
662000 1310 390.921 -3329.383 14.284 1.1397 0.0 
663000 1313 384.997 -3260.464 14.468 1.1118 0.0 
664000 1316 385.825 -3222.286 14.653 1.1073 0.0 
665000 1319 381.281 -3167.278 14.917 1.0848 0.0 
666000 1321 374.835 -3125.543 15.025 1.0604 0.0 
667000 1322 387.338 -3114.809 14.707 1.1086 0.0 
668000 1324 396.159 -3092.252 14.768 1.1422 0.0 
669000 1325 408.236 -3094.691 14.405 1.1924 0.0 
670000 1327 414.656 -3072.398 14.105 1.2359 0.0 
671000 1330 408.769 -3032.138 14.033 1.2091 0.0 
672000 1332 417.166 -3005.618 14.175 1.2271 0.0 
673000 1333 428.822 -3005.201 14.029 1.2587 0.0 
674000 1335 420.142 -2951.007 14.243 1.2265 0.0 
675000 1338 420.483 -2918.982 14.181 1.2186 0.0 
676000 1339 424.134 -2908.843 14.049 1.2223 0.0 
677000 1341 434.958 -2879.94 14.041 1.2405 0.0 
678000 1343 443.354 -2858.882 14.103 1.253 0.0 
679000 1347 428.119 -2807.88 13.971 1.2011 0.0 
680000 1349 428.019 -2768.054 14.003 1.1957 0.0 
681000 1354 409.465 -2707.589 14.124 1.1312 0.0 
682000 1358 389.41 -2650.514 13.889 1.0676 0.0 
683000 1360 391.045 -2616.681 13.894 1.0693 0.0 
684000 1364 387.268 -2580.073 13.617 1.0876 0.0 
685000 1366 393.633 -2572.785 13.524 1.134 0.0 
686000 1373 360.47 -2480.551 13.358 1.0286 0.0 
687000 1377 348.092 -2432.526 13.048 0.9931 0.0 
688000 1378 361.13 -2421.77 13.062 1.0338 0.0 
689000 1383 348.667 -2382.769 12.668 0.9945 0.0 
690000 1384 361.693 -2384.783 12.378 1.0344 0.0 
691000 1389 347.782 -2375.348 11.515 0.9967 0.0 
692000 1392 342.545 -2353.822 11.071 0.992 0.0 
693000 1399 319.777 -2328.882 10.296 0.915 0.0 
694000 1401 310.702 -2312.681 10.174 0.8857 0.0 
695000 1403 320.038 -2308.981 9.766 0.9124 0.0 
696000 1404 333.638 -2305.062 9.579 0.9717 0.0 
697000 1409 327.672 -2271.23 9.28 0.9591 0.0 
698000 1410 341.119 -2271.28 9.061 1.0066 0.0 
699000 1417 320.019 -2216.465 9.005 0.9399 0.0 
700000 1420 311.271 -2188.281 8.993 0.9073 0.0 
701000 1426 301.241 -2154.594 8.522 0.8887 0.0 
702000 1427 311.736 -2152.815 8.425 0.9256 0.0 
703000 1428 322.641 -2143.22 8.338 0.9579 0.0 
704000 1429 336.188 -2142.173 8.422 0.987 0.0 
705000 1430 344.125 -2133.209 8.327 1.0266 0.0 
706000 1434 341.532 -2103.202 8.138 1.0251 0.0 
707000 1439 333.401 -2079.992 7.832 0.9934 0.0 
708000 1441 338.679 -2049.457 8.046 1.0197 0.0 
709000 1443 339.966 -2025.899 8.221 1.0206 0.0 
710000 1445 354.603 -2001.453 8.561 1.0765 0.0 
711000 1446 367.511 -2001.755 8.502 1.1386 0.0 
712000 1447 362.761 -1983.798 8.552 1.121 0.0 
713000 1448 375.506 -1985.713 8.522 1.1566 0.0 
714000 1450 396.416 -1962.898 8.369 1.2677 0.0 
715000 1455 377.351 -1916.368 8.453 1.1956 0.0 
716000 1458 375.795 -1878.01 8.833 1.185 0.0 
717000 1459 388.279 -1865.28 8.872 1.2336 0.0 
718000 1460 397.694 -1859.622 8.745 1.2605 0.0 
719000 1462 400.693 -1844.292 8.755 1.2699 0.0 
720000 1463 406.259 -1834.301 8.653 1.2837 0.0 
721000 1465 411.713 -1817.328 8.868 1.2951 0.0 
722000 1468 416.103 -1806.514 8.691 1.3103 0.0 
723000 1470 403.886 -1779.667 8.573 1.2668 0.0 
724000 1474 398.939 -1754.34 8.509 1.2396 0.0 
725000 1475 403.041 -1756.15 8.428 1.2482 0.0 
726000 1476 414.98 -1765.861 8.211 1.294 0.0 
727000 1482 395.672 -1726.431 7.675 1.2277 0.0 
728000 1483 407.758 -1730.547 7.491 1.2596 0.0 
729000 1484 416.643 -1713.444 7.521 1.3052 0.0 
730000 1486 417.081 -1692.074 7.921 1.3033 0.0 
731000 1487 428.739 -1679.438 7.815 1.3612 0.0 
732000 1489 429.898 -1653.822 8.161 1.3662 0.0 
733000 1490 437.56 -1651.03 8.131 1.3945 0.0 
734000 1491 448.809 -1654.427 7.959 1.4383 0.0 
735000 1494 455.988 -1615.26 8.066 1.4703 0.0 
736000 1496 457.368 -1588.621 8.235 1.4873 0.0 
737000 1498 460.304 -1568.418 8.348 1.505 0.0 
738000 1499 471.098 -1572.349 8.15 1.5399 0.0 
739000 1501 472.558 -1548.961 8.353 1.5419 0.0 
740000 1502 467.347 -1521.258 8.484 1.5215 0.0 
741000 1505 467.656 -1485.442 8.806 1.5243 0.0 
742000 1507 472.677 -1462.227 8.833 1.551 0.0 
743000 1509 470.262 -1437.544 9.057 1.5344 0.0 
744000 1511 476.52 -1412.458 9.188 1.5544 0.0 
745000 1512 486.989 -1417.825 8.904 1.5862 0.0 
746000 1513 483.19 -1415.143 8.957 1.5691 0.0 
747000 1516 488.932 -1383.448 8.913 1.5831 0.0 
748000 1517 499.153 -1372.618 8.957 1.6179 0.0 
749000 1520 484.172 -1335.528 9.15 1.5611 0.0 
750000 1521 494.488 -1337.593 8.939 1.6057 0.0 
751000 1523 500.587 -1354.485 8.359 1.6309 0.0 
752000 1524 497.575 -1332.651 8.381 1.6195 0.0 
753000 1526 505.651 -1311.929 8.563 1.6363 0.0 
754000 1527 508.558 -1296.62 8.62 1.6495 0.0 
755000 1531 499.304 -1255.533 8.939 1.6085 0.0 
756000 1532 509.317 -1257.654 8.702 1.6529 0.0 
757000 1534 499.616 -1224.208 8.899 1.611 0.0 
758000 1538 490.163 -1177.836 9.369 1.5572 0.0 
759000 1539 482.0 -1171.25 9.302 1.5293 0.0 
760000 1542 483.71 -1124.893 9.318 1.5514 0.0 
761000 1545 478.807 -1085.677 9.648 1.5296 0.0 
762000 1547 475.753 -1068.004 9.692 1.5128 0.0 
763000 1548 485.578 -1061.964 9.465 1.5615 0.0 
764000 1551 483.082 -1025.909 9.831 1.5348 0.0 
765000 1552 483.24 -1007.125 9.939 1.5317 0.0 
766000 1554 488.926 -982.795 9.867 1.5347 0.0 
767000 1556 493.196 -956.254 10.115 1.5353 0.0 
768000 1557 503.332 -958.482 9.918 1.5798 0.0 
769000 1558 498.906 -948.557 10.029 1.5605 0.0 
770000 1561 498.47 -907.3 10.131 1.5448 0.0 
771000 1563 499.949 -881.639 10.138 1.551 0.0 
772000 1565 505.491 -871.533 10.193 1.5525 0.0 
773000 1566 515.381 -857.016 10.279 1.5755 0.0 
774000 1567 525.074 -856.706 10.08 1.6029 0.0 
775000 1570 511.844 -806.264 10.364 1.5507 0.0 
776000 1572 510.497 -781.152 10.359 1.5405 0.0 
777000 1573 520.287 -781.674 10.126 1.5701 0.0 
778000 1575 515.115 -752.649 10.221 1.5521 0.0 
779000 1576 524.813 -743.411 10.31 1.5819 0.0 
780000 1578 529.73 -730.273 10.338 1.6102 0.0 
781000 1580 519.724 -700.08 10.435 1.5765 0.0 
782000 1582 514.474 -670.98 10.454 1.5571 0.0 
783000 1584 521.761 -644.235 10.604 1.6011 0.0 
784000 1585 518.006 -628.963 10.634 1.5866 0.0 
785000 1588 521.54 -586.461 10.88 1.5948 0.0 
786000 1590 521.389 -561.772 10.966 1.6022 0.0 
787000 1593 512.76 -531.611 11.093 1.5752 0.0 
788000 1594 507.385 -521.157 11.176 1.5566 0.0 
789000 1597 507.287 -474.795 11.099 1.5523 0.0 
790000 1600 495.993 -437.24 11.296 1.5075 0.0 
791000 1603 488.08 -397.735 11.316 1.4713 0.0 
792000 1606 483.331 -373.061 11.45 1.4532 0.0 
793000 1607 482.884 -349.25 11.45 1.4496 0.0 
794000 1610 481.559 -307.759 11.511 1.4431 0.0 
795000 1612 481.66 -286.476 11.508 1.4376 0.0 
796000 1615 471.556 -248.031 11.601 1.3974 0.0 
797000 1616 473.445 -237.929 11.524 1.4021 0.0 
798000 1618 485.997 -214.624 11.549 1.4344 0.0 
799000 1619 484.037 -207.307 11.605 1.4259 0.0 
800000 1621 493.209 -185.658 11.501 1.4545 0.0 
801000 1623 497.123 -165.785 11.443 1.4777 0.0 
802000 1624 507.18 -157.485 11.399 1.5206 0.0 
803000 1625 502.977 -142.72 11.496 1.5035 0.0 
804000 1627 519.242 -140.6 11.214 1.5505 0.0 
805000 1628 528.858 -131.34 11.175 1.5685 0.0 
806000 1629 527.76 -105.17 11.189 1.5623 0.0 
807000 1631 526.94 -82.243 11.322 1.5579 0.0 
808000 1632 529.181 -67.149 11.253 1.5665 0.0 
809000 1636 522.648 -19.577 11.542 1.542 0.0 
810000 1638 519.194 11.669 11.58 1.5349 0.0 
811000 1641 511.871 44.725 11.736 1.5068 0.0 
812000 1642 521.634 46.927 11.552 1.5456 0.0 
813000 1643 523.801 79.099 11.613 1.553 0.0 
814000 1645 528.839 104.301 11.815 1.583 0.0 
815000 1647 519.138 137.698 11.958 1.5523 0.0 
816000 1648 528.755 150.601 11.908 1.6084 0.0 
817000 1649 538.18 162.283 11.939 1.6436 0.0 
818000 1651 537.26 195.332 12.058 1.6361 0.0 
819000 1653 540.679 225.591 12.171 1.6522 0.0 
820000 1655 540.974 251.242 12.334 1.6603 0.0 
821000 1657 536.915 275.825 12.325 1.6436 0.0 
822000 1659 538.474 301.449 12.381 1.6574 0.0 
823000 1661 533.736 335.972 12.476 1.6419 0.0 
824000 1664 525.455 373.593 12.624 1.6129 0.0 
825000 1665 534.946 383.771 12.566 1.6453 0.0 
826000 1668 523.029 426.556 12.584 1.6038 0.0 
827000 1670 510.631 460.942 12.75 1.559 0.0 
828000 1672 519.886 485.835 12.698 1.5899 0.0 
829000 1675 506.04 534.181 12.853 1.5359 0.0 
830000 1678 495.851 570.932 12.931 1.4965 0.0 
831000 1681 488.554 611.566 12.889 1.464 0.0 
832000 1683 486.024 637.137 12.946 1.4532 0.0 
833000 1686 483.908 666.723 12.973 1.4513 0.0 
834000 1689 474.4 708.743 13.053 1.4196 0.0 
835000 1691 475.128 733.675 13.021 1.4251 0.0 
836000 1693 471.501 768.425 12.931 1.4169 0.0 
837000 1694 471.951 778.406 12.934 1.4224 0.0 
838000 1696 479.721 801.764 12.843 1.4575 0.0 
839000 1697 490.127 810.513 12.796 1.5136 0.0 
840000 1699 490.354 830.041 12.727 1.5219 0.0 
841000 1700 493.767 833.817 12.577 1.5396 0.0 
842000 1702 499.404 853.737 12.383 1.573 0.0 
843000 1704 503.087 884.463 12.419 1.5841 0.0 
844000 1706 499.518 910.652 12.533 1.5733 0.0 
845000 1707 509.528 912.653 12.377 1.6304 0.0 
846000 1710 504.703 951.067 12.351 1.6104 0.0 
847000 1711 514.609 961.909 12.26 1.6679 0.0 
848000 1712 509.857 974.017 12.302 1.6488 0.0 
849000 1714 514.446 994.093 12.372 1.7004 0.0 
850000 1716 514.318 1014.106 12.258 1.6901 0.0 
851000 1719 514.783 1044.365 12.17 1.6797 0.0 
852000 1721 511.565 1088.616 12.29 1.6689 0.0 
853000 1723 512.049 1107.302 12.324 1.6664 0.0 
854000 1726 501.455 1147.239 12.391 1.6282 0.0 
855000 1727 511.426 1159.677 12.242 1.6664 0.0 
856000 1730 500.843 1202.49 12.457 1.6191 0.0 
857000 1733 493.206 1236.522 12.536 1.5793 0.0 
858000 1734 488.542 1252.677 12.615 1.5602 0.0 
859000 1737 491.006 1281.47 12.334 1.5903 0.0 
860000 1738 501.186 1289.336 12.119 1.6269 0.0 
861000 1740 497.815 1318.09 12.204 1.6118 0.0 
862000 1743 493.419 1347.831 12.27 1.5919 0.0 
863000 1745 493.241 1376.764 12.257 1.5899 0.0 
864000 1747 493.969 1394.211 12.221 1.5965 0.0 
865000 1748 498.069 1409.098 12.15 1.6259 0.0 
866000 1749 508.108 1420.182 12.066 1.6466 0.0 
867000 1750 517.946 1433.677 12.081 1.6665 0.0 
868000 1751 527.587 1446.907 12.138 1.688 0.0 
869000 1753 530.235 1472.691 12.225 1.6937 0.0 
870000 1754 527.35 1477.089 12.121 1.6824 0.0 
871000 1757 526.613 1518.911 12.193 1.6888 0.0 
872000 1760 517.906 1556.921 12.262 1.6531 0.0 
873000 1763 502.754 1606.443 12.438 1.5976 0.0 
874000 1764 512.699 1621.245 12.429 1.6301 0.0 
875000 1766 516.577 1638.546 12.515 1.6304 0.0 
876000 1767 514.165 1653.963 12.512 1.6203 0.0 
877000 1768 518.762 1655.415 12.383 1.64 0.0 
878000 1770 527.179 1668.526 12.119 1.6698 0.0 
879000 1771 528.995 1682.804 11.99 1.6719 0.0 
880000 1773 531.627 1715.382 12.147 1.6842 0.0 
881000 1775 535.415 1741.813 12.148 1.6891 0.0 
882000 1776 538.586 1757.112 12.189 1.6981 0.0 
883000 1777 547.815 1770.964 12.238 1.7349 0.0 
884000 1779 546.116 1800.434 12.389 1.719 0.0 
885000 1783 533.827 1854.071 12.515 1.6918 0.0 
886000 1784 543.15 1859.614 12.425 1.7222 0.0 
887000 1788 522.439 1909.604 12.542 1.6467 0.0 
888000 1790 518.552 1960.203 12.728 1.6262 0.0 
889000 1793 508.712 1991.201 12.784 1.588 0.0 
890000 1794 507.718 2010.523 12.792 1.5838 0.0 
891000 1795 515.564 2027.459 12.788 1.6307 0.0 
892000 1796 525.252 2042.054 12.935 1.6951 0.0 
893000 1799 521.457 2080.17 12.905 1.7154 0.0 
894000 1800 531.027 2095.611 13.023 1.7551 0.0 
895000 1802 526.435 2120.732 12.987 1.7338 0.0 
896000 1803 535.907 2130.904 12.891 1.7737 0.0 
897000 1804 544.789 2139.296 12.854 1.8275 0.0 
898000 1806 553.375 2137.466 12.557 1.8668 0.0 
899000 1807 551.048 2162.499 12.544 1.8585 0.0 
900000 1808 553.667 2173.022 12.522 1.8663 0.0 
901000 1811 557.576 2200.039 12.505 1.8546 0.0 
902000 1812 566.424 2195.903 12.209 1.9114 0.0 
903000 1814 563.008 2221.753 12.079 1.8916 0.0 
904000 1816 553.08 2257.318 12.293 1.8484 0.0 
905000 1818 552.732 2276.991 12.046 1.8445 0.0 
906000 1819 561.677 2287.023 12.08 1.8662 0.0 
907000 1821 558.541 2312.884 12.092 1.8437 0.0 
908000 1822 559.65 2323.538 12.108 1.8371 0.0 
909000 1823 568.457 2333.354 12.052 1.8794 0.0 
910000 1825 573.966 2361.515 12.037 1.8986 0.0 
911000 1828 564.692 2393.209 12.148 1.8635 0.0 
912000 1829 573.398 2391.928 11.856 1.8957 0.0 
913000 1830 581.93 2401.345 11.799 1.9443 0.0 
914000 1831 590.292 2410.987 11.753 1.9708 0.0 
915000 1832 593.226 2428.282 11.768 1.9807 0.0 
916000 1834 594.014 2436.384 11.497 1.9862 0.0 
917000 1835 602.134 2446.223 11.498 2.0088 0.0 
918000 1836 610.091 2459.439 11.434 2.0525 0.0 
919000 1837 608.909 2473.317 11.515 2.0434 0.0 
920000 1840 598.471 2516.241 11.668 2.0079 0.0 
921000 1841 595.762 2526.885 11.642 1.9977 0.0 
922000 1843 601.27 2547.768 11.647 2.0148 0.0 
923000 1846 587.839 2591.0 11.751 1.9611 0.0 
924000 1848 584.389 2609.229 11.72 1.9481 0.0 
925000 1850 581.047 2637.744 11.691 1.9296 0.0 
926000 1852 573.252 2658.213 11.76 1.8982 0.0 
927000 1853 581.787 2665.197 11.681 1.9377 0.0 
928000 1855 579.924 2693.76 11.65 1.9256 0.0 
929000 1856 587.385 2703.121 11.727 1.9543 0.0 
930000 1859 580.314 2728.18 11.707 1.9223 0.0 
931000 1862 565.505 2770.492 11.853 1.863 0.0 
932000 1864 562.807 2798.875 11.901 1.8482 0.0 
933000 1865 563.271 2810.456 11.794 1.852 0.0 
934000 1868 556.656 2856.742 11.912 1.8253 0.0 
935000 1871 545.115 2892.782 12.136 1.7793 0.0 
936000 1873 541.595 2928.803 12.197 1.7677 0.0 
937000 1876 530.984 2958.365 12.287 1.74 0.0 
938000 1880 507.757 3023.536 12.421 1.6461 0.0 
939000 1884 487.867 3080.07 12.616 1.5644 0.0 
940000 1885 484.289 3106.684 12.689 1.5486 0.0 
941000 1889 478.971 3154.822 12.837 1.5166 0.0 
942000 1890 475.912 3182.807 12.961 1.5014 0.0 
943000 1892 491.468 3189.062 12.738 1.5475 0.0 
944000 1894 483.911 3225.427 12.831 1.514 0.0 
945000 1895 487.833 3236.893 12.803 1.5232 0.0 
946000 1898 489.441 3281.28 12.838 1.5165 0.0 
947000 1900 484.331 3306.434 12.891 1.498 0.0 
948000 1904 470.89 3366.56 13.017 1.4468 0.0 
949000 1907 459.138 3408.895 13.17 1.4055 0.0 
950000 1909 462.891 3432.949 13.076 1.419 0.0 
951000 1912 455.777 3476.062 13.159 1.3918 0.0 
952000 1914 459.681 3504.127 13.193 1.4101 0.0 
953000 1917 455.311 3535.144 13.226 1.3835 0.0 
954000 1918 451.745 3564.764 13.341 1.3699 0.0 
955000 1921 448.61 3600.868 13.236 1.354 0.0 
956000 1923 447.503 3634.981 13.351 1.3414 0.0 
957000 1925 454.101 3663.252 13.465 1.3446 0.0 
958000 1927 460.965 3689.231 13.441 1.3844 0.0 
959000 1930 455.871 3716.767 13.38 1.3655 0.0 
960000 1932 449.94 3756.608 13.472 1.3451 0.0 
961000 1935 439.586 3793.286 13.369 1.3113 0.0 
962000 1936 450.794 3803.97 13.337 1.3643 0.0 
963000 1939 455.799 3835.499 13.387 1.3793 0.0 
964000 1940 450.923 3860.975 13.405 1.3611 0.0 
965000 1944 448.261 3910.704 13.423 1.339 0.0 
966000 1946 451.726 3934.47 13.417 1.3489 0.0 
967000 1948 445.659 3987.48 13.69 1.3276 0.0 
968000 1951 447.037 4022.83 13.892 1.3297 0.0 
969000 1952 458.096 4030.642 13.815 1.3656 0.0 
970000 1955 450.934 4073.501 13.815 1.3436 0.0 
971000 1959 434.053 4138.837 13.893 1.287 0.0 
972000 1960 433.592 4162.563 13.948 1.284 0.0 
973000 1962 440.461 4190.852 13.916 1.3119 0.0 
974000 1965 438.188 4230.769 13.898 1.3048 0.0 
975000 1969 421.447 4284.765 13.893 1.2506 0.0 
976000 1973 411.664 4352.585 14.081 1.2174 0.0 
977000 1975 409.827 4380.843 14.117 1.2142 0.0 
978000 1977 419.279 4405.934 14.061 1.2405 0.0 
979000 1979 421.927 4434.009 14.109 1.2393 0.0 
980000 1982 408.405 4486.047 14.177 1.1902 0.0 
981000 1984 409.243 4522.127 14.347 1.1905 0.0 
982000 1986 417.456 4556.0 14.467 1.2053 0.0 
983000 1988 424.947 4595.931 14.598 1.2198 0.0 
984000 1989 422.788 4610.31 14.713 1.2107 0.0 
985000 1991 434.726 4636.316 14.632 1.2368 0.0 
986000 1992 446.031 4652.756 14.616 1.2619 0.0 
987000 1995 447.99 4692.117 14.877 1.2629 0.0 
988000 1996 454.15 4723.745 14.882 1.2757 0.0 
989000 1998 461.206 4731.494 14.811 1.2864 0.0 
990000 1999 466.282 4762.746 14.81 1.3011 0.0 
991000 2000 476.956 4769.51 14.794 1.3182 0.0 
992000 2001 484.277 4774.261 14.492 1.3498 0.0 
993000 2003 493.233 4792.319 14.476 1.3634 0.0 
994000 2006 481.795 4850.646 14.639 1.3247 0.0 
995000 2008 482.998 4888.895 14.794 1.3226 0.0 
996000 2009 493.338 4913.514 14.838 1.3446 0.0 
997000 2010 503.471 4922.538 14.823 1.3708 0.0 
998000 2012 502.716 4950.827 14.831 1.3718 0.0 
999000 2013 499.442 4972.285 14.915 1.3631 0.0 
1000000 2016 500.787 5017.984 14.795 1.3624 0.0 
