1000 1 20.0 448.913 8.978 0.0154 0.0 
2000 2 39.6 716.958 14.16 0.0308 0.0 
3000 3 58.808 1126.986 22.077 0.0458 0.0 
4000 4 77.632 1377.874 26.653 0.0606 0.0 
5000 5 96.079 1803.757 34.638 0.075 0.0 
6000 6 114.158 2108.074 40.031 0.0892 0.0 
7000 7 131.874 2378.799 44.645 0.1033 0.0 
8000 8 149.237 2670.043 49.577 0.117 0.0 
9000 9 147.132 2919.691 48.925 0.1153 0.0 
10000 10 164.19 3212.826 52.761 0.1288 0.0 
11000 11 180.906 3546.105 57.539 0.1419 0.0 
12000 12 197.288 3884.952 63.068 0.1547 0.0 
13000 13 213.342 4151.067 68.688 0.1673 0.0 
14000 14 229.075 4576.216 72.642 0.1797 0.0 
15000 15 244.494 4857.647 79.569 0.1916 0.0 
16000 16 259.604 5291.305 83.69 0.2035 0.0 
17000 17 274.412 5570.705 90.636 0.2148 0.0 
18000 18 288.923 6045.76 94.488 0.2263 0.0 
19000 19 303.145 6452.329 102.257 0.2373 0.0 
20000 20 317.082 6802.796 108.225 0.2482 0.0 
21000 21 330.74 7154.675 112.926 0.2588 0.0 
22000 22 344.126 7500.43 117.728 0.2693 0.0 
23000 23 357.243 7865.534 122.258 0.2797 0.0 
24000 24 370.098 8244.921 127.144 0.2898 0.0 
25000 25 382.696 8615.647 132.16 0.2997 0.0 
26000 26 395.042 8945.116 136.944 0.3093 0.0 
27000 27 407.141 9207.604 140.902 0.3188 0.0 
28000 28 418.999 9591.703 143.218 0.3282 0.0 
29000 29 430.619 9840.843 148.135 0.3374 0.0 
30000 30 442.006 10143.44 150.079 0.3464 0.0 
31000 31 453.166 10399.755 153.103 0.3553 0.0 
32000 32 464.103 10685.48 155.169 0.3648 0.0 
33000 33 474.821 10956.669 157.779 0.3734 0.0 
34000 34 485.324 11374.018 160.106 0.3818 0.0 
35000 35 495.618 11808.066 165.35 0.3897 0.0 
36000 36 505.706 12180.517 170.861 0.3975 0.0 
37000 37 515.591 12534.838 174.606 0.4054 0.0 
38000 38 525.28 12839.204 178.194 0.4129 0.0 
39000 40 530.919 13190.235 180.28 0.4173 0.0 
40000 41 540.3 13518.871 181.571 0.4248 0.0 
41000 42 549.494 13871.574 185.309 0.432 0.0 
42000 43 558.504 14161.21 188.37 0.439 0.0 
43000 44 567.334 14515.999 190.231 0.446 0.0 
44000 45 575.988 14821.396 193.347 0.4529 0.0 
45000 46 584.468 15188.57 196.071 0.4595 0.0 
46000 47 592.778 15587.742 199.25 0.466 0.0 
47000 48 600.923 15985.984 204.144 0.4722 0.0 
48000 49 608.904 16312.406 207.848 0.4785 0.0 
49000 50 616.726 16633.167 209.901 0.4846 0.0 
50000 51 624.392 16960.249 211.545 0.4907 0.0 
51000 52 631.904 17335.467 215.622 0.4968 0.0 
52000 53 639.266 17608.297 217.237 0.5026 0.0 
53000 54 646.481 17992.142 218.604 0.5084 0.0 
54000 55 653.551 18490.334 223.835 0.5137 0.0 
55000 56 660.48 18831.627 228.636 0.519 0.0 
56000 57 667.27 19155.963 229.192 0.5245 0.0 
57000 58 673.925 19470.003 231.202 0.5299 0.0 
58000 59 680.446 19853.999 232.715 0.5351 0.0 
59000 60 686.837 20265.361 237.99 0.5398 0.0 
60000 61 693.101 20541.169 239.681 0.5449 0.0 
61000 62 699.239 20849.837 239.858 0.5503 0.0 
62000 63 705.254 21177.412 241.276 0.5551 0.0 
63000 64 711.149 21433.046 243.188 0.5599 0.0 
64000 65 716.926 21753.264 243.17 0.5646 0.0 
65000 66 719.347 22201.801 245.475 0.5663 0.0 
66000 67 724.96 22539.254 249.577 0.5705 0.0 
67000 68 730.461 22815.789 250.237 0.5749 0.0 
68000 69 735.852 23079.815 250.694 0.5793 0.0 
69000 70 741.135 23329.316 250.88 0.5836 0.0 
70000 71 746.312 23722.379 251.098 0.5878 0.0 
71000 72 751.386 24019.542 253.696 0.5918 0.0 
72000 73 756.358 24310.083 254.667 0.5958 0.0 
73000 74 761.231 24608.491 255.295 0.5997 0.0 
74000 75 766.006 24994.791 256.11 0.6036 0.0 
75000 76 770.686 25317.498 259.841 0.6072 0.0 
76000 77 775.273 25597.382 260.159 0.6109 0.0 
77000 78 779.767 25860.764 260.365 0.6146 0.0 
78000 79 784.172 26123.916 260.403 0.6181 0.0 
79000 80 788.488 26432.116 260.496 0.6215 0.0 
80000 81 792.719 26717.05 261.463 0.625 0.0 
81000 82 796.864 27022.034 261.869 0.6282 0.0 
82000 83 800.927 27405.543 262.978 0.6315 0.0 
83000 84 804.908 27833.494 265.479 0.6353 0.0 
84000 85 808.81 28268.564 269.494 0.6382 0.0 
85000 86 812.634 28611.174 272.146 0.6412 0.0 
86000 87 816.381 28987.139 273.122 0.6442 0.0 
87000 88 820.054 29306.715 276.502 0.6471 0.0 
88000 89 823.653 29538.268 276.152 0.6501 0.0 
89000 90 827.18 29926.05 275.241 0.653 0.0 
90000 92 823.723 30311.4 276.186 0.6501 0.0 
91000 93 827.249 30754.125 279.444 0.6529 0.0 
92000 94 830.704 31030.003 279.956 0.6557 0.0 
93000 95 834.09 31341.055 279.687 0.6586 0.0 
94000 96 837.408 31641.897 280.342 0.6613 0.0 
95000 97 840.66 32107.78 284.204 0.6636 0.0 
96000 98 843.847 32495.381 285.871 0.666 0.0 
97000 99 846.97 32757.034 285.994 0.6686 0.0 
98000 100 850.03 33047.908 285.453 0.6712 0.0 
99000 101 853.03 33541.722 289.94 0.6733 0.0 
100000 102 855.969 33984.907 293.451 0.6754 0.0 
101000 103 858.85 34368.462 295.26 0.735 0.0 
102000 104 861.673 34709.127 296.293 0.8172 0.0 
103000 105 864.439 35048.02 297.515 0.8989 0.0 
104000 106 867.15 35391.536 297.545 0.9771 0.0 
105000 107 869.807 35749.384 299.24 1.0543 0.0 
106000 108 872.411 36241.359 302.587 1.1291 0.0 
107000 111 827.507 36729.712 287.562 1.0938 0.0 
108000 112 830.957 37167.466 291.77 1.1682 0.0 
109000 113 834.338 37654.916 294.604 1.2741 0.0 
110000 114 837.651 38240.792 298.533 1.3752 0.0 
111000 115 840.898 38768.121 304.329 1.4759 0.0 
112000 116 844.08 39302.7 308.846 1.5714 0.0 
113000 119 814.602 39803.101 301.19 1.6075 0.0 
114000 122 800.817 40307.381 300.627 1.7267 0.0 
115000 123 804.8 40834.541 305.078 1.8177 0.0 
116000 124 808.704 41473.029 311.636 1.911 0.0 
117000 125 812.53 42072.689 317.582 1.9946 0.0 
118000 126 816.279 42609.625 321.865 2.0792 0.0 
119000 128 803.955 43132.984 319.581 2.1246 0.0 
120000 129 807.876 43675.532 324.44 2.2043 0.0 
121000 130 805.318 44146.764 324.38 2.2474 0.0 
122000 131 809.212 44624.328 326.664 2.3305 0.0 
123000 149 584.109 45004.854 236.272 1.7588 0.0 
124000 166 421.31 45463.684 169.478 1.2906 0.0 
125000 174 382.007 45865.331 155.234 1.2478 0.0 
126000 188 308.01 46301.856 125.768 1.0672 0.0 
127000 189 307.729 46780.643 125.879 1.0848 0.0 
128000 225 169.064 47070.037 67.936 0.6558 0.0 
129000 272 77.735 47286.749 28.809 0.3299 0.0 
130000 273 83.0 47785.938 31.107 0.3672 0.0 
131000 274 101.34 48331.51 40.657 0.4858 0.0 
132000 275 119.313 48851.535 51.355 0.6014 0.0 
133000 278 141.725 49358.007 62.959 0.7515 0.0 
134000 279 145.21 49855.706 65.138 0.7753 0.0 
135000 280 162.306 50312.087 73.464 0.8862 0.0 
136000 281 179.06 50801.528 81.188 0.9928 0.0 
137000 282 195.479 51318.818 89.309 1.1008 0.0 
138000 283 211.569 51749.329 97.467 1.2047 0.0 
139000 286 233.353 52235.534 107.859 1.3443 0.0 
140000 287 248.686 52690.631 114.811 1.442 0.0 
141000 288 263.712 53159.573 121.989 1.5402 0.0 
142000 290 275.349 53634.509 127.698 1.6158 0.0 
143000 295 262.464 54108.158 121.129 1.5448 0.0 
144000 296 277.215 54694.985 131.158 1.636 0.0 
145000 299 280.932 55066.057 130.371 1.6638 0.0 
146000 305 268.993 55542.149 125.182 1.5981 0.0 
147000 307 278.361 56133.57 132.568 1.6545 0.0 
148000 309 283.218 56609.188 135.002 1.6895 0.0 
149000 311 296.263 57050.765 140.031 1.7753 0.0 
150000 312 310.338 57598.754 148.172 1.8697 0.0 
151000 313 324.131 58089.582 155.071 1.9577 0.0 
152000 314 337.648 58646.994 163.213 2.0465 0.0 
153000 315 337.155 59043.675 162.871 2.0471 0.0 
154000 316 350.412 59593.568 166.698 2.1317 0.0 
155000 317 363.404 60124.169 175.845 2.2157 0.0 
156000 318 376.136 60639.93 181.562 2.298 0.0 
157000 319 388.613 61084.849 188.687 2.3761 0.0 
158000 321 406.924 61628.842 198.062 2.4922 0.0 
159000 322 418.786 62092.465 203.358 2.569 0.0 
160000 323 430.41 62598.898 209.499 2.6429 0.0 
161000 324 441.802 63138.931 215.954 2.7118 0.0 
162000 325 452.966 63599.504 221.011 2.7889 0.0 
163000 326 463.906 64010.549 225.419 2.8582 0.0 
164000 327 474.628 64656.713 233.271 2.9241 0.0 
165000 328 485.136 65183.269 239.798 2.9901 0.0 
166000 329 495.433 65684.307 244.358 3.0561 0.0 
167000 330 505.524 66244.588 251.068 3.1225 0.0 
168000 331 515.414 66679.903 254.66 3.1872 0.0 
169000 332 525.105 67162.201 258.946 3.2491 0.0 
170000 333 534.603 67772.6 266.292 3.3107 0.0 
171000 334 543.911 68244.412 270.515 3.3711 0.0 
172000 335 553.033 68817.371 276.217 3.4238 0.0 
173000 336 561.972 69314.068 280.747 3.4796 0.0 
174000 337 561.293 69935.053 281.772 3.4755 0.0 
175000 338 570.067 70383.466 285.841 3.5306 0.0 
176000 339 578.666 70875.879 290.343 3.5852 0.0 
177000 340 587.092 71446.555 295.612 3.6397 0.0 
178000 341 595.351 72040.643 299.938 3.691 0.0 
179000 342 603.444 72600.404 305.906 3.7417 0.0 
180000 343 611.375 73237.275 311.801 3.7875 0.0 
181000 344 619.147 73862.609 319.519 3.8384 0.0 
182000 345 626.764 74477.659 323.988 3.8833 0.0 
183000 346 634.229 75164.543 330.67 3.9336 0.0 
184000 347 641.544 75745.373 336.462 3.9844 0.0 
185000 348 648.714 76395.287 341.566 4.0319 0.0 
186000 349 655.739 76949.376 347.646 4.0837 0.0 
187000 350 662.624 77550.823 353.098 4.1249 0.0 
188000 351 669.372 78099.847 358.102 4.1721 0.0 
189000 352 675.985 78724.655 360.649 4.2149 0.0 
190000 353 682.465 79326.635 366.441 4.2581 0.0 
191000 354 688.816 79881.752 370.71 4.3048 0.0 
192000 355 695.039 80401.184 373.983 4.3453 0.0 
193000 356 701.138 80885.153 377.196 4.3823 0.0 
194000 357 707.116 81395.147 377.885 4.4232 0.0 
195000 358 712.973 81918.545 381.678 4.4591 0.0 
196000 359 718.714 82492.713 385.173 4.4933 0.0 
197000 360 724.34 82873.961 387.446 4.5292 0.0 
198000 361 729.853 83281.135 386.927 4.5636 0.0 
199000 362 735.256 83614.407 387.2 4.5966 0.0 
200000 363 740.551 84064.936 385.795 4.6312 0.0 
201000 364 745.74 84712.291 389.825 4.6629 0.0 
202000 365 750.825 85166.148 392.512 4.6945 0.0 
203000 366 755.808 85592.814 394.571 4.7244 0.0 
204000 367 760.692 86159.76 395.405 4.7574 0.0 
205000 368 758.298 86580.867 396.576 4.744 0.0 
206000 369 763.132 87061.917 395.911 4.7746 0.0 
207000 370 767.87 87516.875 397.787 4.8062 0.0 
208000 371 772.512 88054.613 399.214 4.839 0.0 
209000 372 777.062 88540.105 402.194 4.8695 0.0 
210000 373 781.521 89059.473 403.135 4.8989 0.0 
211000 374 785.89 89719.125 405.537 4.9227 0.0 
212000 375 790.173 90227.443 411.212 4.9529 0.0 
213000 376 794.369 90633.817 412.588 4.9786 0.0 
214000 377 798.482 91111.593 412.631 5.0059 0.0 
215000 378 802.512 91547.609 413.803 5.0327 0.0 
216000 379 806.462 92227.422 414.431 5.0587 0.0 
217000 380 810.333 92750.622 420.166 5.0851 0.0 
218000 381 814.126 93213.699 421.716 5.1139 0.0 
219000 382 817.843 93804.149 422.553 5.143 0.0 
220000 383 821.487 94432.383 426.087 5.1667 0.0 
221000 384 825.057 95023.11 430.222 5.1893 0.0 
222000 385 828.556 95680.476 433.329 5.2141 0.0 
223000 386 831.985 96223.045 438.232 5.2356 0.0 
224000 387 835.345 96720.425 439.774 5.2569 0.0 
225000 388 838.638 97195.093 441.029 5.2767 0.0 
226000 389 841.865 97663.723 441.552 5.298 0.0 
227000 390 845.028 98320.027 441.95 5.3187 0.0 
228000 391 848.127 98997.644 446.649 5.3343 0.0 
229000 392 851.165 99718.749 451.387 5.3566 0.0 
230000 393 854.142 100212.243 456.949 5.3743 0.0 
231000 394 857.059 100757.414 457.27 5.395 0.0 
232000 395 859.918 101351.627 459.225 5.4123 0.0 
233000 396 862.719 101923.972 461.522 5.4307 0.0 
234000 397 865.465 102555.399 464.002 5.4493 0.0 
235000 398 868.156 103090.104 467.227 5.4665 0.0 
236000 399 870.792 103707.078 468.679 5.4845 0.0 
237000 400 873.377 104430.623 471.726 5.4994 0.0 
238000 401 875.909 105140.488 476.905 5.5179 0.0 
239000 402 878.391 105714.998 481.421 5.534 0.0 
240000 403 880.823 106206.978 483.0 5.5486 0.0 
241000 404 883.207 106783.142 483.059 5.5655 0.0 
242000 405 885.542 107433.351 485.382 5.5821 0.0 
243000 406 887.832 107899.532 488.353 5.5963 0.0 
244000 407 890.075 108464.583 487.79 5.6101 0.0 
245000 408 892.273 108888.268 489.719 5.6242 0.0 
246000 409 894.428 109458.137 488.209 5.6364 0.0 
247000 410 896.539 109984.242 490.134 5.6502 0.0 
248000 411 898.609 110661.032 490.689 5.6654 0.0 
249000 412 900.636 111335.511 494.542 5.6741 0.0 
250000 413 902.624 111895.183 497.977 5.6864 0.0 
251000 414 904.571 112632.779 499.312 5.6984 0.0 
252000 415 906.48 113359.464 504.348 5.7146 0.0 
253000 416 908.35 114061.492 508.658 5.7215 0.0 
254000 417 910.183 114739.648 512.288 5.7311 0.0 
255000 418 911.98 115442.007 515.764 5.7414 0.0 
256000 419 913.74 116184.378 519.905 5.7518 0.0 
257000 420 915.465 116827.697 524.231 5.7648 0.0 
258000 421 917.156 117384.498 526.304 5.7746 0.0 
259000 422 918.813 117923.76 526.935 5.7848 0.0 
260000 423 920.437 118496.787 527.298 5.7963 0.0 
261000 424 922.028 119061.586 527.916 5.8095 0.0 
262000 425 923.587 119644.326 528.675 5.8189 0.0 
263000 426 925.115 120324.147 530.176 5.831 0.0 
264000 427 926.613 120896.269 532.824 5.8409 0.0 
265000 429 925.119 121505.669 532.426 5.8364 0.0 
266000 430 926.617 122166.685 534.839 5.8499 0.0 
267000 431 928.085 122871.079 537.616 5.8569 0.0 
268000 432 929.523 123510.454 539.942 5.8618 0.0 
269000 433 930.932 124117.825 541.808 5.8707 0.0 
270000 434 932.314 124771.311 543.089 5.8789 0.0 
271000 435 933.667 125335.494 544.296 5.8925 0.0 
272000 436 934.994 125937.785 544.505 5.9056 0.0 
273000 437 936.294 126557.994 546.172 5.9163 0.0 
274000 438 937.568 127183.03 547.932 5.9194 0.0 
275000 439 938.817 127778.741 549.317 5.9258 0.0 
276000 440 940.041 128324.822 549.384 5.9368 0.0 
277000 441 941.24 128833.853 548.179 5.9476 0.0 
278000 442 942.415 129447.366 549.702 5.9542 0.0 
279000 443 943.567 129895.293 547.42 5.9648 0.0 
280000 444 944.695 130372.263 546.044 5.9727 0.0 
281000 445 945.802 131037.541 548.781 5.9778 0.0 
282000 446 946.885 131526.737 547.153 5.9897 0.0 
283000 447 947.948 132102.242 547.587 5.9945 0.0 
284000 448 948.989 132787.167 550.418 6.0029 0.0 
285000 449 950.009 133415.085 552.309 6.0083 0.0 
286000 450 951.009 133978.752 552.103 6.0152 0.0 
287000 451 951.989 134753.174 556.943 6.0217 0.0 
288000 452 952.949 135492.777 560.184 6.0269 0.0 
289000 453 953.89 136230.305 563.502 6.0317 0.0 
290000 454 954.812 137015.906 567.665 6.0388 0.0 
291000 455 955.716 137752.683 571.953 6.0476 0.0 
292000 456 956.602 138513.043 575.224 6.0517 0.0 
293000 457 957.47 139204.277 577.411 6.057 0.0 
294000 458 958.32 139938.688 580.757 6.0638 0.0 
295000 459 959.154 140560.445 582.042 6.0696 0.0 
296000 460 959.971 141118.212 581.128 6.0733 0.0 
297000 461 960.771 141774.965 582.232 6.0785 0.0 
298000 462 961.556 142500.645 585.515 6.0826 0.0 
299000 463 962.325 143344.431 590.324 6.0868 0.0 
300000 464 963.078 143884.072 590.411 6.0939 0.0 
301000 465 963.817 144428.661 589.427 6.1 0.0 
302000 466 964.54 145165.624 591.557 6.1009 0.0 
303000 467 965.25 145866.42 593.975 6.1111 0.0 
304000 468 965.945 146531.372 595.257 6.1121 0.0 
305000 469 966.626 147174.864 596.079 6.117 0.0 
306000 470 967.293 147878.781 598.41 6.1257 0.0 
307000 471 967.947 148612.577 601.419 6.1241 0.0 
308000 472 968.588 149394.408 605.047 6.1291 0.0 
309000 473 969.217 150229.971 609.402 6.131 0.0 
310000 474 969.832 150901.236 610.556 6.1342 0.0 
311000 475 970.436 151680.717 613.961 6.1385 0.0 
312000 476 971.027 152368.782 615.855 6.1452 0.0 
313000 477 971.606 153046.688 617.396 6.1443 0.0 
314000 478 972.174 153811.254 620.321 6.148 0.0 
315000 479 972.731 154574.194 623.107 6.1538 0.0 
316000 480 973.276 155291.125 624.495 6.1549 0.0 
317000 481 973.811 156018.433 627.109 6.1583 0.0 
318000 482 974.334 156818.188 630.359 6.1609 0.0 
319000 483 974.848 157503.645 632.103 6.1617 0.0 
320000 484 975.351 158068.574 629.89 6.1637 0.0 
321000 485 975.844 158809.702 632.343 6.1683 0.0 
322000 486 976.327 159549.225 634.403 6.1682 0.0 
323000 487 976.8 160354.897 637.564 6.1721 0.0 
324000 488 977.264 161097.503 640.023 6.1787 0.0 
325000 489 977.719 161748.0 640.152 6.1834 0.0 
326000 490 978.165 162531.762 643.005 6.1832 0.0 
327000 491 978.601 163256.412 644.756 6.1892 0.0 
328000 492 979.029 163876.349 644.218 6.1924 0.0 
329000 493 979.449 164539.015 644.207 6.1936 0.0 
330000 494 979.86 165271.878 645.807 6.1947 0.0 
331000 495 980.263 166001.965 647.462 6.2001 0.0 
332000 496 980.657 166730.414 648.386 6.1995 0.0 
333000 497 981.044 167405.839 649.98 6.2064 0.0 
334000 498 981.423 168244.659 653.487 6.2078 0.0 
335000 499 981.795 168890.092 653.829 6.2085 0.0 
336000 500 982.159 169557.001 653.614 6.2098 0.0 
337000 501 982.516 170268.829 655.168 6.2119 0.0 
338000 502 982.865 170990.72 656.709 6.2149 0.0 
339000 503 983.208 171632.418 655.945 6.2228 0.0 
340000 504 983.544 172375.488 657.428 6.2242 0.0 
341000 505 983.873 173158.155 660.316 6.2263 0.0 
342000 506 984.196 173772.992 658.977 6.2279 0.0 
343000 507 984.512 174545.92 661.312 6.229 0.0 
344000 508 984.821 175263.216 662.164 6.2297 0.0 
345000 509 985.125 176043.821 664.82 6.2306 0.0 
346000 510 985.423 176736.604 665.52 6.2308 0.0 
347000 511 985.714 177437.857 666.249 6.2324 0.0 
348000 512 986.0 178210.967 668.304 6.2344 0.0 
349000 513 986.28 178907.059 668.885 6.2396 0.0 
350000 514 986.554 179667.421 671.065 6.2414 0.0 
351000 515 986.823 180371.98 671.684 6.2421 0.0 
352000 516 987.087 181110.141 672.9 6.2442 0.0 
353000 517 987.345 181839.117 674.099 6.243 0.0 
354000 518 987.598 182571.812 675.389 6.244 0.0 
355000 519 987.846 183456.471 679.51 6.2474 0.0 
356000 520 988.089 184149.6 679.664 6.2447 0.0 
357000 521 988.327 184903.949 680.723 6.2462 0.0 
358000 522 988.561 185648.999 682.027 6.2488 0.0 
359000 523 988.79 186432.199 683.934 6.244 0.0 
360000 524 989.014 187220.469 686.386 6.2484 0.0 
361000 525 989.234 188022.415 688.95 6.2509 0.0 
362000 526 989.449 188692.845 688.014 6.2484 0.0 
363000 527 989.66 189329.86 687.927 6.2503 0.0 
364000 528 989.867 190072.991 688.187 6.2483 0.0 
365000 529 990.069 190833.328 689.565 6.2517 0.0 
366000 530 990.268 191532.323 690.39 6.2515 0.0 
367000 531 990.463 192158.198 689.518 6.2547 0.0 
368000 532 990.653 192892.138 689.891 6.2594 0.0 
369000 533 990.84 193741.968 693.303 6.258 0.0 
370000 534 991.023 194463.408 693.654 6.2609 0.0 
371000 535 991.203 195185.261 693.962 6.2608 0.0 
372000 536 991.379 195857.874 693.336 6.262 0.0 
373000 537 991.551 196620.66 694.658 6.2629 0.0 
374000 538 991.72 197337.737 694.876 6.2667 0.0 
375000 539 991.886 198073.893 695.886 6.2716 0.0 
376000 540 992.048 198721.671 695.131 6.2719 0.0 
377000 541 992.207 199527.187 698.105 6.2723 0.0 
378000 542 992.363 200289.257 698.004 6.2733 0.0 
379000 543 992.516 201091.186 701.235 6.2715 0.0 
380000 544 992.666 201756.874 700.156 6.27 0.0 
381000 545 992.812 202501.864 701.285 6.2726 0.0 
382000 546 992.956 203264.931 702.83 6.2766 0.0 
383000 547 993.097 204078.949 704.358 6.2766 0.0 
384000 548 993.235 204871.184 706.939 6.2772 0.0 
385000 549 993.37 205728.499 709.388 6.2799 0.0 
386000 550 993.503 206449.651 710.401 6.2789 0.0 
387000 551 993.633 207132.113 709.325 6.2759 0.0 
388000 552 993.76 207801.424 708.965 6.2753 0.0 
389000 553 993.885 208624.69 710.586 6.2779 0.0 
390000 554 994.007 209500.51 714.239 6.2758 0.0 
391000 555 994.127 210246.278 714.378 6.2821 0.0 
392000 556 994.245 211022.205 715.107 6.2831 0.0 
393000 557 994.36 211769.335 716.319 6.2848 0.0 
394000 558 994.472 212627.085 720.032 6.2833 0.0 
395000 559 994.583 213470.417 722.337 6.2851 0.0 
396000 560 994.691 214113.977 720.344 6.2836 0.0 
397000 561 994.798 214772.882 718.999 6.2862 0.0 
398000 562 994.902 215338.892 716.843 6.2893 0.0 
399000 563 995.004 215854.686 711.242 6.2891 0.0 
400000 564 995.103 216567.78 711.775 6.2938 0.0 
401000 565 995.201 217158.263 709.136 6.2929 0.0 
402000 566 995.297 217894.239 710.264 6.2937 0.0 
403000 567 995.391 218543.965 709.081 6.2934 0.0 
404000 568 995.484 219152.442 707.115 6.2932 0.0 
405000 569 995.574 219998.629 709.17 6.2955 0.0 
406000 570 995.662 220741.412 710.439 6.2963 0.0 
407000 571 995.749 221388.284 709.025 6.2957 0.0 
408000 572 995.834 222109.103 708.94 6.2947 0.0 
409000 573 995.918 222853.682 709.565 6.298 0.0 
410000 574 995.999 223570.783 710.582 6.301 0.0 
411000 575 996.079 224315.976 709.988 6.3009 0.0 
412000 576 996.158 225061.436 711.599 6.2989 0.0 
413000 577 996.234 225706.818 709.958 6.2992 0.0 
414000 578 996.31 226542.225 713.019 6.3025 0.0 
415000 579 996.384 227397.798 715.342 6.3008 0.0 
416000 580 996.456 228140.28 716.2 6.3008 0.0 
417000 581 996.527 229087.209 720.235 6.2976 0.0 
418000 582 996.596 230032.983 725.086 6.2983 0.0 
419000 583 996.664 230616.066 723.101 6.2969 0.0 
420000 584 996.731 231249.118 721.001 6.2993 0.0 
421000 585 996.796 231817.25 718.35 6.2973 0.0 
422000 586 996.86 232339.434 714.208 6.2986 0.0 
423000 587 996.923 232807.115 708.845 6.2974 0.0 
424000 588 996.985 233238.734 703.955 6.2936 0.0 
425000 589 997.045 233835.73 699.907 6.2948 0.0 
426000 590 997.104 234593.799 701.442 6.2982 0.0 
427000 591 997.162 235231.352 699.999 6.2985 0.0 
428000 592 997.219 235990.526 702.095 6.3005 0.0 
429000 593 997.274 236638.972 700.051 6.3003 0.0 
430000 594 997.329 237299.101 699.892 6.3009 0.0 
431000 595 997.382 238114.347 701.667 6.3008 0.0 
432000 596 997.435 238906.379 703.135 6.3028 0.0 
433000 597 997.486 239885.37 708.838 6.3036 0.0 
434000 598 997.536 240671.428 711.169 6.3041 0.0 
435000 599 997.586 241506.158 712.928 6.3052 0.0 
436000 600 997.634 242611.448 721.178 6.309 0.0 
437000 601 997.681 243498.656 724.084 6.3071 0.0 
438000 602 997.728 244485.559 729.584 6.3068 0.0 
439000 603 997.773 245488.051 735.21 6.305 0.0 
440000 604 997.818 246601.588 742.099 6.3019 0.0 
441000 605 997.861 247414.086 744.141 6.298 0.0 
442000 606 997.904 248306.455 747.048 6.2997 0.0 
443000 607 997.946 249079.772 747.822 6.3068 0.0 
444000 608 997.987 249794.734 747.0 6.3067 0.0 
445000 609 998.027 250796.047 752.576 6.3074 0.0 
446000 610 998.067 251711.951 755.217 6.3041 0.0 
447000 611 998.105 252651.978 759.187 6.3016 0.0 
448000 612 998.143 253361.545 758.199 6.3023 0.0 
449000 613 998.18 254426.292 763.752 6.3002 0.0 
450000 614 998.217 255228.576 764.973 6.2971 0.0 
451000 615 998.252 255947.525 763.842 6.3007 0.0 
452000 616 998.287 256615.813 762.173 6.3046 0.0 
453000 617 998.322 257709.481 768.325 6.3047 0.0 
454000 618 998.355 258714.288 773.689 6.3046 0.0 
455000 619 998.388 259719.784 777.85 6.305 0.0 
456000 620 998.42 260664.315 781.885 6.3067 0.0 
457000 621 998.452 261757.929 787.301 6.305 0.0 
458000 622 998.483 262961.883 795.913 6.3049 0.0 
459000 623 998.513 263951.342 799.688 6.3035 0.0 
460000 624 998.543 264763.001 800.465 6.3033 0.0 
461000 625 998.572 265774.938 803.884 6.3019 0.0 
462000 626 998.601 266709.984 807.581 6.3063 0.0 
463000 627 998.629 267646.379 809.654 6.301 0.0 
464000 628 998.656 268610.184 812.256 6.2979 0.0 
465000 629 998.683 269474.783 814.022 6.2973 0.0 
466000 630 998.709 270449.215 817.159 6.297 0.0 
467000 631 998.735 271259.562 816.552 6.2979 0.0 
468000 632 998.76 272167.378 817.827 6.2967 0.0 
469000 633 998.785 273099.542 820.957 6.2973 0.0 
470000 634 998.81 273970.068 821.383 6.2964 0.0 
471000 635 998.833 274660.286 820.744 6.2951 0.0 
472000 636 998.857 275328.5 816.23 6.295 0.0 
473000 637 998.88 276190.454 817.912 6.2965 0.0 
474000 638 998.902 277028.851 817.741 6.2985 0.0 
475000 639 998.924 277886.202 817.935 6.3016 0.0 
476000 640 998.945 278855.851 821.442 6.2986 0.0 
477000 641 998.967 279441.56 817.108 6.307 0.0 
478000 642 998.987 280179.35 814.868 6.3074 0.0 
479000 643 999.007 281076.213 816.834 6.3092 0.0 
480000 644 999.027 281908.878 817.812 6.3081 0.0 
481000 645 999.047 282627.985 815.17 6.3101 0.0 
482000 646 999.066 283476.077 816.153 6.3081 0.0 
483000 647 999.085 284443.784 818.033 6.3086 0.0 
484000 648 999.103 285312.779 819.357 6.3097 0.0 
485000 649 999.121 285942.696 817.438 6.3131 0.0 
486000 650 999.138 286734.988 815.838 6.3153 0.0 
487000 651 999.156 287791.989 820.535 6.3178 0.0 
488000 652 999.172 288748.269 823.682 6.3195 0.0 
489000 653 999.189 289436.096 820.18 6.32 0.0 
490000 654 999.205 290233.459 820.503 6.3202 0.0 
491000 655 999.221 291133.775 821.823 6.3202 0.0 
492000 656 999.237 291889.559 821.134 6.3197 0.0 
493000 657 999.252 292872.834 823.359 6.3197 0.0 
494000 658 999.267 293451.488 819.065 6.3195 0.0 
495000 659 999.282 294259.774 818.184 6.3192 0.0 
496000 660 999.296 294919.417 815.265 6.3182 0.0 
497000 661 999.31 295608.095 813.441 6.3185 0.0 
498000 662 999.324 296486.248 813.905 6.319 0.0 
499000 663 999.337 297084.649 809.914 6.319 0.0 
500000 664 999.351 297824.495 808.522 6.315 0.0 
501000 665 999.364 298499.323 806.155 6.3174 0.0 
502000 666 999.376 299200.408 803.615 6.314 0.0 
503000 667 999.389 299843.258 800.582 6.3162 0.0 
504000 668 999.401 300515.42 797.711 6.3195 0.0 
505000 669 999.413 301228.699 796.009 6.3193 0.0 
506000 670 999.425 301975.633 795.41 6.3169 0.0 
507000 671 999.436 302780.834 794.837 6.3174 0.0 
508000 672 999.448 303296.681 789.504 6.315 0.0 
509000 673 999.459 303793.976 784.088 6.3159 0.0 
510000 674 999.469 304403.101 779.908 6.3179 0.0 
511000 675 999.48 305036.576 777.691 6.3176 0.0 
512000 676 999.49 305796.335 777.386 6.3141 0.0 
513000 677 999.501 306743.204 780.04 6.3167 0.0 
514000 678 999.511 307606.279 782.921 6.3185 0.0 
515000 679 999.52 308146.565 776.596 6.3128 0.0 
516000 680 999.53 308721.978 773.25 6.3165 0.0 
517000 681 999.539 309422.04 771.364 6.3136 0.0 
518000 682 999.549 310438.516 775.749 6.3103 0.0 
519000 683 999.558 311531.09 781.897 6.3117 0.0 
520000 684 999.566 312312.78 782.935 6.3134 0.0 
521000 685 999.575 313108.285 782.665 6.3135 0.0 
522000 686 999.584 313849.764 783.092 6.3099 0.0 
523000 687 999.592 314585.49 781.835 6.3091 0.0 
524000 688 999.6 315441.139 782.256 6.3107 0.0 
525000 689 999.608 316427.126 785.599 6.3111 0.0 
526000 690 999.616 317259.539 786.874 6.308 0.0 
527000 691 999.624 318139.745 789.128 6.3064 0.0 
528000 692 999.631 319173.176 793.825 6.3055 0.0 
529000 693 999.639 320213.967 799.042 6.3055 0.0 
530000 694 999.646 321097.596 800.369 6.3073 0.0 
531000 695 999.653 321611.967 795.728 6.3103 0.0 
532000 696 999.66 322023.672 787.309 6.3103 0.0 
533000 697 999.667 323128.972 794.239 6.3088 0.0 
534000 698 999.673 324114.072 797.416 6.3094 0.0 
535000 699 999.68 324715.132 794.35 6.3095 0.0 
536000 700 999.686 325247.375 788.771 6.3064 0.0 
537000 701 999.692 326412.752 794.876 6.3047 0.0 
538000 702 999.699 327681.776 804.227 6.3096 0.0 
539000 703 999.705 328400.919 804.383 6.3118 0.0 
540000 704 999.711 329205.642 803.447 6.3107 0.0 
541000 705 999.716 329990.652 803.375 6.3088 0.0 
542000 706 999.722 330511.066 797.854 6.3072 0.0 
543000 707 999.728 331277.105 796.991 6.3084 0.0 
544000 708 999.733 332403.87 804.305 6.3091 0.0 
545000 709 999.738 333533.784 810.173 6.3076 0.0 
546000 710 999.744 334233.685 807.642 6.309 0.0 
547000 711 999.749 334883.689 804.49 6.3088 0.0 
548000 712 999.754 336090.507 812.251 6.3076 0.0 
549000 713 999.759 336814.198 811.25 6.3112 0.0 
550000 714 999.764 337986.17 817.83 6.314 0.0 
551000 715 999.768 338725.611 815.866 6.3126 0.0 
552000 716 999.773 340096.588 827.469 6.3085 0.0 
553000 717 999.777 340891.03 826.361 6.3062 0.0 
554000 718 999.782 341560.868 823.482 6.3067 0.0 
555000 719 999.786 342512.799 825.348 6.307 0.0 
556000 720 999.791 343319.347 827.009 6.3098 0.0 
557000 721 999.795 344666.969 835.894 6.3116 0.0 
558000 722 999.799 345831.006 842.581 6.3085 0.0 
559000 723 999.803 347056.266 850.326 6.3068 0.0 
560000 724 999.807 348147.076 854.673 6.3079 0.0 
561000 725 999.811 349289.929 860.811 6.3053 0.0 
562000 726 999.814 350393.576 868.472 6.3023 0.0 
563000 727 999.818 351424.389 869.955 6.2993 0.0 
564000 728 999.822 352436.256 871.959 6.2978 0.0 
565000 729 999.825 353739.514 881.264 6.2985 0.0 
566000 730 999.829 354649.759 881.072 6.2984 0.0 
567000 731 999.832 355559.995 882.646 6.2963 0.0 
568000 732 999.836 356431.009 881.378 6.2966 0.0 
569000 733 999.839 357283.391 880.32 6.2969 0.0 
570000 734 999.842 358510.016 887.481 6.2959 0.0 
571000 735 999.845 359756.787 895.722 6.2968 0.0 
572000 736 999.848 361124.953 905.911 6.2959 0.0 
573000 737 999.851 362464.495 913.08 6.2999 0.0 
574000 738 999.854 363722.549 920.208 6.2973 0.0 
575000 739 999.857 364443.936 918.011 6.2928 0.0 
576000 740 999.86 365442.862 920.008 6.2896 0.0 
577000 741 999.863 366356.412 918.043 6.2888 0.0 
578000 742 999.866 367242.94 919.129 6.2898 0.0 
579000 743 999.868 367963.091 912.766 6.2895 0.0 
580000 744 999.871 369018.007 915.048 6.2911 0.0 
581000 745 999.874 370314.762 923.753 6.2891 0.0 
582000 746 999.876 371302.56 925.5 6.289 0.0 
583000 747 999.879 372212.732 925.582 6.289 0.0 
584000 748 999.881 373132.382 923.788 6.2897 0.0 
585000 749 999.883 374210.789 927.571 6.2894 0.0 
586000 750 999.886 375385.568 933.096 6.2884 0.0 
587000 751 999.888 376528.411 937.531 6.2879 0.0 
588000 752 999.89 377638.929 939.059 6.2914 0.0 
589000 753 999.892 378950.09 947.347 6.2923 0.0 
590000 754 999.895 380321.892 956.521 6.2964 0.0 
591000 755 999.897 381290.473 958.375 6.2993 0.0 
592000 756 999.899 382468.973 960.974 6.2987 0.0 
593000 757 999.901 383842.083 969.14 6.298 0.0 
594000 758 999.903 384762.452 967.569 6.2971 0.0 
595000 759 999.905 385820.619 970.765 6.2995 0.0 
596000 760 999.907 386487.626 964.488 6.3026 0.0 
597000 761 999.908 387751.254 970.454 6.3025 0.0 
598000 762 999.91 389045.075 977.049 6.3026 0.0 
599000 763 999.912 390183.795 979.211 6.2999 0.0 
600000 764 999.914 391557.822 988.191 6.3065 0.0 
601000 765 999.916 392720.462 991.357 6.3031 0.0 
602000 766 999.917 394001.548 996.596 6.3031 0.0 
603000 767 999.919 395196.433 1001.053 6.3088 0.0 
604000 768 999.921 396462.714 1005.864 6.3084 0.0 
605000 769 999.922 397908.115 1013.948 6.3079 0.0 
606000 770 999.924 399164.778 1018.802 6.3075 0.0 
607000 771 999.925 400368.3 1024.556 6.3057 0.0 
608000 772 999.927 401253.162 1019.966 6.3086 0.0 
609000 773 999.928 402634.538 1027.514 6.3145 0.0 
610000 774 999.93 404121.993 1036.247 6.3164 0.0 
611000 775 999.931 405546.193 1044.634 6.3209 0.0 
612000 776 999.932 406905.394 1050.545 6.3204 0.0 
613000 777 999.934 408389.759 1059.318 6.317 0.0 
614000 778 999.935 409365.027 1057.915 6.3175 0.0 
615000 779 999.936 410654.022 1062.337 6.3193 0.0 
616000 780 999.938 411991.138 1067.317 6.3169 0.0 
617000 781 999.939 413430.95 1075.485 6.3161 0.0 
618000 782 999.94 415033.254 1085.265 6.3161 0.0 
619000 783 999.941 416610.384 1095.054 6.3146 0.0 
620000 784 999.943 418042.91 1101.939 6.3142 0.0 
621000 785 999.944 419424.785 1107.621 6.3175 0.0 
622000 786 999.945 420755.921 1112.518 6.3197 0.0 
623000 787 999.946 422172.944 1118.66 6.3213 0.0 
624000 788 999.947 423573.618 1125.217 6.3199 0.0 
625000 789 999.948 425173.961 1132.892 6.3181 0.0 
626000 790 999.949 426665.329 1140.397 6.3241 0.0 
627000 791 999.95 428125.388 1147.204 6.3212 0.0 
628000 792 999.951 429421.493 1150.296 6.3224 0.0 
629000 793 999.952 430997.839 1158.881 6.3236 0.0 
630000 794 999.953 432442.187 1163.536 6.3246 0.0 
631000 795 999.954 434141.682 1174.345 6.3222 0.0 
632000 796 999.955 435901.558 1186.222 6.3203 0.0 
633000 797 999.956 437216.473 1190.426 6.3201 0.0 
634000 798 999.957 438771.064 1195.853 6.3185 0.0 
635000 799 999.958 440063.527 1198.129 6.3204 0.0 
636000 800 999.958 441381.771 1201.814 6.3203 0.0 
637000 801 999.959 442786.272 1205.273 6.32 0.0 
638000 802 999.96 444097.821 1207.314 6.3151 0.0 
639000 803 999.961 445229.348 1207.291 6.3183 0.0 
640000 804 999.962 446817.077 1212.646 6.3164 0.0 
641000 805 999.962 448457.757 1221.861 6.3202 0.0 
642000 806 999.963 449891.872 1228.593 6.3169 0.0 
643000 807 999.964 450679.906 1216.823 6.3155 0.0 
644000 808 999.965 452263.385 1225.629 6.3161 0.0 
645000 809 999.965 453887.905 1233.574 6.3159 0.0 
646000 810 999.966 454617.811 1222.665 6.318 0.0 
647000 811 999.967 456116.801 1227.859 6.3198 0.0 
648000 812 999.967 457765.914 1236.214 6.3223 0.0 
649000 813 999.968 459188.152 1240.603 6.3226 0.0 
650000 814 999.969 460674.415 1245.072 6.322 0.0 
651000 815 999.969 461875.368 1244.531 6.3217 0.0 
652000 816 999.97 463549.272 1252.459 6.3229 0.0 
653000 817 999.97 465169.359 1260.708 6.3235 0.0 
654000 818 999.971 466671.071 1265.865 6.3205 0.0 
655000 819 999.972 468143.06 1268.777 6.3179 0.0 
656000 820 999.972 469772.211 1275.879 6.3162 0.0 
657000 821 999.973 471339.05 1282.853 6.3149 0.0 
658000 822 999.973 472912.976 1287.611 6.3144 0.0 
659000 823 999.974 474210.322 1290.294 6.3145 0.0 
660000 824 999.974 475798.388 1294.206 6.3113 0.0 
661000 825 999.975 477503.866 1302.162 6.3141 0.0 
662000 826 999.975 479346.117 1312.647 6.3151 0.0 
663000 827 999.976 480960.351 1319.387 6.3146 0.0 
664000 828 999.976 482447.814 1322.416 6.3124 0.0 
665000 829 999.977 484060.607 1328.877 6.3074 0.0 
666000 830 999.977 485046.135 1320.714 6.3109 0.0 
667000 831 999.978 486788.678 1330.198 6.3115 0.0 
668000 832 999.978 488362.95 1334.695 6.309 0.0 
669000 833 999.979 489706.928 1334.905 6.3089 0.0 
670000 834 999.979 491198.703 1338.777 6.3117 0.0 
671000 835 999.979 491981.529 1327.375 6.3148 0.0 
672000 836 999.98 493593.776 1331.903 6.3142 0.0 
673000 837 999.98 495226.188 1338.528 6.3099 0.0 
674000 838 999.981 497002.646 1347.445 6.3077 0.0 
675000 839 999.981 498616.994 1353.218 6.305 0.0 
676000 840 999.981 500212.59 1357.282 6.3087 0.0 
677000 841 999.982 501910.983 1363.462 6.3129 0.0 
678000 842 999.982 503264.882 1363.568 6.316 0.0 
679000 843 999.983 504094.195 1352.702 6.3176 0.0 
680000 844 999.983 505185.606 1348.36 6.3188 0.0 
681000 845 999.983 505899.443 1335.32 6.3177 0.0 
682000 846 999.984 506717.975 1324.375 6.3208 0.0 
683000 847 999.984 508525.194 1334.156 6.3206 0.0 
684000 848 999.984 510110.618 1339.357 6.319 0.0 
685000 849 999.985 511487.945 1340.654 6.3195 0.0 
686000 850 999.985 512432.628 1333.175 6.3159 0.0 
687000 851 999.985 514197.175 1340.716 6.3173 0.0 
688000 852 999.985 515268.636 1335.453 6.3158 0.0 
689000 853 999.986 515967.99 1322.951 6.3202 0.0 
690000 854 999.986 517645.08 1329.422 6.3192 0.0 
691000 855 999.986 518418.536 1318.298 6.3204 0.0 
692000 856 999.987 519840.201 1320.588 6.3189 0.0 
693000 857 999.987 521153.973 1320.219 6.3183 0.0 
694000 858 999.987 522959.138 1330.642 6.321 0.0 
695000 859 999.987 524710.013 1339.11 6.322 0.0 
696000 860 999.988 526516.697 1347.655 6.3191 0.0 
697000 861 999.988 528382.704 1357.9 6.3214 0.0 
698000 862 999.988 530059.206 1364.873 6.3217 0.0 
699000 863 999.988 531848.231 1373.26 6.3228 0.0 
700000 864 999.989 533137.771 1372.675 6.3233 0.0 
701000 865 999.989 534288.74 1367.146 6.3229 0.0 
702000 866 999.989 535810.495 1369.734 6.3224 0.0 
703000 867 999.989 537512.997 1378.122 6.3233 0.0 
704000 868 999.989 538247.89 1363.848 6.3199 0.0 
705000 869 999.99 540017.755 1371.842 6.3197 0.0 
706000 870 999.99 541432.32 1372.584 6.3204 0.0 
707000 871 999.99 543175.894 1381.017 6.3194 0.0 
708000 872 999.99 544964.8 1388.673 6.3172 0.0 
709000 873 999.99 546206.39 1385.961 6.3183 0.0 
710000 874 999.991 548008.56 1394.925 6.3148 0.0 
711000 875 999.991 548970.99 1385.015 6.3106 0.0 
712000 876 999.991 550814.729 1394.663 6.3111 0.0 
713000 877 999.991 552355.867 1398.049 6.3153 0.0 
714000 878 999.991 553409.657 1390.805 6.3157 0.0 
715000 879 999.992 554089.734 1377.249 6.3171 0.0 
716000 880 999.992 554979.184 1366.24 6.3187 0.0 
717000 881 999.992 556647.106 1373.21 6.3176 0.0 
718000 882 999.992 557888.05 1370.098 6.3184 0.0 
719000 883 999.992 558917.55 1363.247 6.3193 0.0 
720000 884 999.992 560012.821 1357.72 6.3223 0.0 
721000 885 999.993 561407.971 1359.416 6.3191 0.0 
722000 886 999.993 562453.507 1352.894 6.3185 0.0 
723000 887 999.993 563682.469 1350.332 6.317 0.0 
724000 888 999.993 564232.376 1336.242 6.3145 0.0 
725000 889 999.993 565799.502 1340.199 6.3132 0.0 
726000 890 999.993 567575.317 1347.76 6.3141 0.0 
727000 891 999.993 568812.749 1346.766 6.3132 0.0 
728000 892 999.994 569794.511 1338.614 6.3089 0.0 
729000 893 999.994 571440.863 1344.713 6.3055 0.0 
730000 894 999.994 572057.829 1329.981 6.3079 0.0 
731000 895 999.994 573605.778 1333.943 6.3087 0.0 
732000 896 999.994 574290.325 1322.04 6.3086 0.0 
733000 897 999.994 575209.071 1312.461 6.3111 0.0 
734000 898 999.994 576704.075 1316.479 6.3094 0.0 
735000 899 999.994 577667.4 1309.379 6.3158 0.0 
736000 900 999.994 579441.915 1318.869 6.3144 0.0 
737000 901 999.995 580993.678 1322.495 6.314 0.0 
738000 902 999.995 582676.728 1331.434 6.3116 0.0 
739000 903 999.995 584174.533 1333.315 6.3122 0.0 
740000 904 999.995 585485.05 1333.885 6.314 0.0 
741000 905 999.995 586420.923 1325.447 6.3121 0.0 
742000 906 999.995 587461.922 1320.162 6.3147 0.0 
743000 907 999.995 589171.834 1327.882 6.313 0.0 
744000 908 999.995 590997.943 1337.784 6.3132 0.0 
745000 909 999.995 591974.126 1331.334 6.3107 0.0 
746000 910 999.995 593793.255 1340.1 6.3114 0.0 
747000 911 999.996 595294.331 1344.304 6.3128 0.0 
748000 912 999.996 596924.917 1350.584 6.3107 0.0 
749000 913 999.996 597491.271 1334.128 6.3092 0.0 
750000 914 999.996 598391.492 1325.341 6.3102 0.0 
751000 915 999.996 599480.734 1319.734 6.3108 0.0 
752000 916 999.996 600840.789 1320.988 6.3078 0.0 
753000 917 999.996 602361.59 1324.924 6.3104 0.0 
754000 918 999.996 603109.899 1313.667 6.31 0.0 
755000 919 999.996 604732.117 1319.382 6.3097 0.0 
756000 920 999.996 605436.315 1307.765 6.3116 0.0 
757000 921 999.996 607088.046 1313.585 6.3113 0.0 
758000 922 999.996 608152.84 1311.153 6.3139 0.0 
759000 923 999.997 608620.631 1292.368 6.3112 0.0 
760000 924 999.997 610017.05 1294.379 6.3096 0.0 
761000 925 999.997 611176.443 1291.314 6.3096 0.0 
762000 926 999.997 611848.322 1278.058 6.3082 0.0 
763000 927 999.997 613060.968 1278.1 6.3081 0.0 
764000 928 999.997 613900.149 1269.218 6.3112 0.0 
765000 929 999.997 615101.54 1268.75 6.3116 0.0 
766000 930 999.997 616634.103 1273.462 6.3072 0.0 
767000 931 999.997 617906.298 1272.369 6.3063 0.0 
768000 932 999.997 619123.355 1272.035 6.3041 0.0 
769000 933 999.997 620988.288 1282.622 6.3029 0.0 
770000 934 999.997 622751.375 1293.943 6.3033 0.0 
771000 935 999.997 624512.653 1302.384 6.3032 0.0 
772000 936 999.997 626295.182 1311.703 6.3041 0.0 
773000 937 999.997 628059.05 1321.507 6.3017 0.0 
774000 938 999.997 629775.417 1329.28 6.2987 0.0 
775000 939 999.997 631536.411 1339.776 6.2999 0.0 
776000 940 999.998 633114.475 1342.133 6.302 0.0 
777000 941 999.998 634851.406 1350.695 6.2983 0.0 
778000 942 999.998 636537.727 1358.713 6.2971 0.0 
779000 943 999.998 637983.276 1359.906 6.2962 0.0 
780000 944 999.998 639316.564 1358.988 6.2963 0.0 
781000 945 999.998 640656.323 1357.433 6.2988 0.0 
782000 946 999.998 642570.202 1368.747 6.2967 0.0 
783000 947 999.998 643772.766 1365.106 6.2926 0.0 
784000 948 999.998 645298.452 1368.896 6.2941 0.0 
785000 949 999.998 647063.925 1378.052 6.292 0.0 
786000 950 999.998 648647.4 1381.846 6.2919 0.0 
787000 951 999.998 650049.152 1382.802 6.2929 0.0 
788000 952 999.998 651846.326 1389.346 6.29 0.0 
789000 953 999.998 653501.72 1396.102 6.2915 0.0 
790000 954 999.998 654600.15 1390.757 6.2888 0.0 
791000 955 999.998 655440.387 1379.974 6.2868 0.0 
792000 956 999.998 656761.889 1377.572 6.2885 0.0 
793000 957 999.998 658079.669 1375.392 6.2884 0.0 
794000 958 999.998 659672.012 1379.578 6.2897 0.0 
795000 959 999.998 660529.797 1371.14 6.2929 0.0 
796000 960 999.998 661309.836 1357.975 6.2948 0.0 
797000 961 999.998 662768.18 1362.694 6.2958 0.0 
798000 962 999.998 663184.79 1342.931 6.2964 0.0 
799000 963 999.998 664441.226 1340.896 6.2992 0.0 
800000 964 999.998 666160.962 1347.515 6.3 0.0 
801000 965 999.999 667834.499 1355.114 6.3031 0.0 
802000 966 999.999 668661.856 1345.297 6.3044 0.0 
803000 967 999.999 669162.969 1326.46 6.306 0.0 
804000 968 999.999 670255.914 1323.944 6.3076 0.0 
805000 969 999.999 671646.764 1324.415 6.3067 0.0 
806000 970 999.999 672022.187 1303.668 6.3075 0.0 
807000 971 999.999 673827.358 1313.829 6.3098 0.0 
808000 972 999.999 675658.707 1323.75 6.3085 0.0 
809000 973 999.999 677252.809 1329.668 6.3099 0.0 
810000 974 999.999 678955.217 1336.597 6.314 0.0 
811000 975 999.999 679845.092 1328.265 6.3168 0.0 
812000 976 999.999 681699.742 1338.091 6.315 0.0 
813000 977 999.999 683408.687 1345.22 6.314 0.0 
814000 978 999.999 685036.784 1350.613 6.3143 0.0 
815000 979 999.999 686832.763 1360.566 6.3167 0.0 
816000 980 999.999 688369.552 1366.333 6.316 0.0 
817000 981 999.999 688815.513 1348.32 6.3121 0.0 
818000 982 999.999 689328.331 1331.322 6.3103 0.0 
819000 983 999.999 689774.121 1313.37 6.3108 0.0 
820000 984 999.999 690641.268 1301.983 6.3083 0.0 
821000 985 999.999 692453.929 1313.319 6.3129 0.0 
822000 986 999.999 693276.941 1302.793 6.3135 0.0 
823000 987 999.999 694879.643 1308.199 6.3104 0.0 
824000 988 999.999 696733.794 1319.97 6.3069 0.0 
825000 989 999.999 698370.384 1325.875 6.3064 0.0 
826000 990 999.999 700040.621 1334.006 6.3039 0.0 
827000 991 999.999 701675.716 1338.169 6.304 0.0 
828000 992 999.999 703406.291 1346.075 6.3065 0.0 
829000 993 999.999 704896.22 1349.433 6.3086 0.0 
830000 994 999.999 706171.946 1348.25 6.3127 0.0 
831000 995 999.999 707849.494 1354.902 6.3166 0.0 
832000 996 999.999 709584.579 1362.201 6.3189 0.0 
833000 997 999.999 711382.031 1369.755 6.3184 0.0 
834000 998 999.999 713285.759 1381.66 6.313 0.0 
835000 999 999.999 714219.92 1372.564 6.3113 0.0 
836000 1000 999.999 715250.273 1365.87 6.3162 0.0 
837000 1001 999.999 716797.008 1371.411 6.3183 0.0 
838000 1002 999.999 718356.23 1376.195 6.3163 0.0 
839000 1003 999.999 718947.714 1356.462 6.3132 0.0 
840000 1004 999.999 720514.922 1363.542 6.3101 0.0 
841000 1005 999.999 721448.554 1352.527 6.3079 0.0 
842000 1006 999.999 722808.465 1352.358 6.3091 0.0 
843000 1007 999.999 723728.534 1344.005 6.308 0.0 
844000 1008 999.999 725085.766 1347.229 6.3068 0.0 
845000 1009 999.999 726307.986 1341.917 6.3066 0.0 
846000 1010 999.999 727800.797 1345.009 6.3034 0.0 
847000 1011 999.999 729626.327 1354.036 6.3019 0.0 
848000 1012 999.999 731145.876 1357.411 6.3007 0.0 
849000 1013 999.999 733073.164 1370.303 6.3025 0.0 
850000 1014 999.999 734736.633 1376.783 6.3007 0.0 
851000 1015 999.999 735441.377 1361.458 6.3033 0.0 
852000 1016 999.999 737462.283 1374.575 6.3077 0.0 
853000 1017 999.999 738342.61 1365.845 6.3098 0.0 
854000 1018 999.999 740360.971 1378.612 6.3123 0.0 
855000 1019 1000.0 742067.818 1385.715 6.3135 0.0 
856000 1020 1000.0 744043.444 1397.913 6.3147 0.0 
857000 1021 1000.0 745704.048 1402.379 6.3155 0.0 
858000 1022 1000.0 747411.778 1407.637 6.317 0.0 
859000 1023 1000.0 748673.9 1406.72 6.3158 0.0 
860000 1024 1000.0 750579.433 1415.792 6.3176 0.0 
861000 1025 1000.0 752448.841 1424.368 6.3173 0.0 
862000 1026 1000.0 754209.678 1432.888 6.3173 0.0 
863000 1027 1000.0 755855.95 1435.299 6.318 0.0 
864000 1028 1000.0 757211.674 1434.9 6.3189 0.0 
865000 1029 1000.0 758888.479 1440.247 6.3174 0.0 
866000 1030 1000.0 759495.698 1423.528 6.3147 0.0 
867000 1031 1000.0 761092.649 1427.5 6.3123 0.0 
868000 1032 1000.0 762666.258 1429.169 6.3134 0.0 
869000 1033 1000.0 764572.259 1439.251 6.3167 0.0 
870000 1034 1000.0 766275.416 1443.683 6.3144 0.0 
871000 1035 1000.0 767469.522 1440.091 6.3141 0.0 
872000 1036 1000.0 768271.237 1426.802 6.3168 0.0 
873000 1037 1000.0 770179.145 1436.807 6.3173 0.0 
874000 1038 1000.0 771478.16 1432.466 6.3162 0.0 
875000 1039 1000.0 773366.546 1443.234 6.3169 0.0 
876000 1040 1000.0 775053.799 1447.175 6.3153 0.0 
877000 1041 1000.0 776208.989 1441.184 6.3142 0.0 
878000 1042 1000.0 778145.838 1450.518 6.3145 0.0 
879000 1043 1000.0 779809.02 1455.596 6.3145 0.0 
880000 1044 1000.0 781412.891 1459.388 6.3135 0.0 
881000 1045 1000.0 783149.947 1464.867 6.3129 0.0 
882000 1046 1000.0 784622.397 1464.987 6.3129 0.0 
883000 1047 1000.0 786348.732 1470.852 6.3151 0.0 
884000 1048 1000.0 788318.203 1478.168 6.3148 0.0 
885000 1049 1000.0 790346.595 1489.521 6.312 0.0 
886000 1050 1000.0 791218.927 1477.314 6.3118 0.0 
887000 1051 1000.0 793050.711 1483.3 6.3081 0.0 
888000 1052 1000.0 795040.877 1495.434 6.3073 0.0 
889000 1053 1000.0 796961.27 1501.413 6.3086 0.0 
890000 1054 1000.0 798805.769 1511.796 6.3083 0.0 
891000 1055 1000.0 799646.379 1495.232 6.3155 0.0 
892000 1056 1000.0 801411.365 1501.049 6.3117 0.0 
893000 1057 1000.0 803430.696 1511.647 6.3116 0.0 
894000 1058 1000.0 805082.509 1514.806 6.3089 0.0 
895000 1059 1000.0 807089.295 1524.051 6.3103 0.0 
896000 1060 1000.0 809131.868 1534.287 6.3093 0.0 
897000 1061 1000.0 811165.028 1544.981 6.3068 0.0 
898000 1062 1000.0 813088.21 1551.871 6.3043 0.0 
899000 1063 1000.0 814799.693 1556.306 6.3031 0.0 
900000 1064 1000.0 815546.012 1540.408 6.3103 0.0 
901000 1065 1000.0 817347.773 1545.783 6.3128 0.0 
902000 1066 1000.0 819143.831 1549.639 6.3126 0.0 
903000 1067 1000.0 820979.407 1555.548 6.3132 0.0 
904000 1068 1000.0 822791.07 1561.977 6.3126 0.0 
905000 1069 1000.0 824407.621 1561.572 6.3116 0.0 
906000 1070 1000.0 826114.811 1563.671 6.3131 0.0 
907000 1071 1000.0 827670.146 1564.608 6.3153 0.0 
908000 1072 1000.0 828970.742 1559.778 6.316 0.0 
909000 1073 1000.0 829877.301 1545.545 6.3193 0.0 
910000 1074 1000.0 830624.663 1531.267 6.3176 0.0 
911000 1075 1000.0 831484.691 1515.653 6.318 0.0 
912000 1076 1000.0 832232.157 1501.438 6.3224 0.0 
913000 1077 1000.0 834034.172 1506.95 6.3205 0.0 
914000 1078 1000.0 835809.752 1512.372 6.318 0.0 
915000 1079 1000.0 837587.085 1517.873 6.3159 0.0 
916000 1080 1000.0 838375.548 1502.759 6.3183 0.0 
917000 1081 1000.0 840028.801 1505.63 6.3157 0.0 
918000 1082 1000.0 841960.517 1517.593 6.3147 0.0 
919000 1083 1000.0 842476.749 1494.222 6.3173 0.0 
920000 1084 1000.0 844093.526 1500.47 6.3209 0.0 
921000 1085 1000.0 844554.029 1479.558 6.3235 0.0 
922000 1086 1000.0 844917.063 1456.964 6.3213 0.0 
923000 1087 1000.0 845280.251 1434.709 6.3242 0.0 
924000 1088 1000.0 845753.559 1412.95 6.3227 0.0 
925000 1089 1000.0 847627.649 1425.67 6.3222 0.0 
926000 1090 1000.0 848074.538 1403.073 6.3249 0.0 
927000 1091 1000.0 849713.117 1407.623 6.3249 0.0 
928000 1092 1000.0 851659.588 1419.188 6.3242 0.0 
929000 1093 1000.0 853172.483 1422.084 6.323 0.0 
930000 1094 1000.0 854486.729 1419.77 6.321 0.0 
931000 1095 1000.0 856206.886 1424.194 6.3211 0.0 
932000 1096 1000.0 858152.797 1434.387 6.3228 0.0 
933000 1097 1000.0 858789.004 1417.991 6.321 0.0 
934000 1098 1000.0 860706.581 1428.663 6.3201 0.0 
935000 1099 1000.0 862754.865 1442.101 6.3231 0.0 
936000 1100 1000.0 864761.941 1452.058 6.3242 0.0 
937000 1101 1000.0 866863.689 1465.989 6.3228 0.0 
938000 1102 1000.0 868666.194 1472.357 6.3215 0.0 
939000 1103 1000.0 870575.181 1480.775 6.3218 0.0 
940000 1104 1000.0 872000.295 1480.314 6.3194 0.0 
941000 1105 1000.0 873813.596 1486.037 6.3224 0.0 
942000 1106 1000.0 875648.623 1494.087 6.3204 0.0 
943000 1107 1000.0 876759.839 1485.789 6.32 0.0 
944000 1108 1000.0 878745.684 1495.581 6.3232 0.0 
945000 1109 1000.0 880601.572 1503.03 6.3238 0.0 
946000 1110 1000.0 882384.445 1508.881 6.3232 0.0 
947000 1111 1000.0 884124.175 1513.689 6.319 0.0 
948000 1112 1000.0 885656.495 1513.695 6.3195 0.0 
949000 1113 1000.0 886932.799 1508.578 6.3231 0.0 
950000 1114 1000.0 888541.678 1512.387 6.325 0.0 
951000 1115 1000.0 889537.757 1502.169 6.3264 0.0 
952000 1116 1000.0 890034.37 1482.699 6.3288 0.0 
953000 1117 1000.0 890660.105 1465.665 6.3279 0.0 
954000 1118 1000.0 891168.01 1445.384 6.3243 0.0 
955000 1119 1000.0 892626.475 1444.565 6.3261 0.0 
956000 1120 1000.0 894282.461 1448.378 6.3265 0.0 
957000 1121 1000.0 896386.798 1460.753 6.3252 0.0 
958000 1122 1000.0 897204.248 1450.378 6.3266 0.0 
959000 1123 1000.0 898478.66 1444.555 6.3313 0.0 
960000 1124 1000.0 899779.952 1442.863 6.3342 0.0 
961000 1125 1000.0 900741.568 1432.667 6.3342 0.0 
962000 1126 1000.0 901493.448 1421.363 6.334 0.0 
963000 1127 1000.0 901996.094 1402.667 6.3343 0.0 
964000 1128 1000.0 902974.079 1393.935 6.3327 0.0 
965000 1129 1000.0 904521.723 1397.643 6.3355 0.0 
966000 1130 1000.0 905267.485 1381.49 6.3352 0.0 
967000 1131 1000.0 906858.017 1386.151 6.3298 0.0 
968000 1132 1000.0 908667.397 1395.97 6.3285 0.0 
969000 1133 1000.0 910245.75 1398.591 6.3292 0.0 
970000 1134 1000.0 911688.614 1399.87 6.3263 0.0 
971000 1135 1000.0 913385.348 1405.316 6.328 0.0 
972000 1136 1000.0 915211.309 1413.631 6.3312 0.0 
973000 1137 1000.0 917263.752 1425.524 6.3276 0.0 
974000 1138 1000.0 918960.513 1430.732 6.3258 0.0 
975000 1139 1000.0 920368.147 1432.956 6.3265 0.0 
976000 1140 1000.0 922229.639 1439.845 6.3268 0.0 
977000 1141 1000.0 923784.352 1443.315 6.3206 0.0 
978000 1142 1000.0 925493.139 1450.297 6.3183 0.0 
979000 1143 1000.0 926251.303 1432.956 6.3197 0.0 
980000 1144 1000.0 928345.611 1445.877 6.3189 0.0 
981000 1145 1000.0 930227.475 1454.692 6.3192 0.0 
982000 1146 1000.0 931500.642 1451.986 6.322 0.0 
983000 1147 1000.0 933459.007 1461.202 6.3198 0.0 
984000 1148 1000.0 935331.283 1470.075 6.3175 0.0 
985000 1149 1000.0 937166.119 1477.889 6.3163 0.0 
986000 1150 1000.0 939002.885 1484.555 6.3164 0.0 
987000 1151 1000.0 940763.55 1491.56 6.3128 0.0 
988000 1152 1000.0 942759.974 1499.973 6.3135 0.0 
989000 1153 1000.0 944352.193 1502.844 6.3127 0.0 
990000 1154 1000.0 946183.882 1509.994 6.3143 0.0 
991000 1155 1000.0 947952.688 1513.929 6.3165 0.0 
992000 1156 1000.0 949504.635 1514.835 6.3158 0.0 
993000 1157 1000.0 951268.401 1519.209 6.3138 0.0 
994000 1158 1000.0 953050.925 1526.872 6.3121 0.0 
995000 1159 1000.0 954207.195 1519.305 6.3142 0.0 
996000 1160 1000.0 955598.018 1514.543 6.3107 0.0 
997000 1161 1000.0 957319.532 1519.206 6.3123 0.0 
998000 1162 1000.0 959071.823 1525.178 6.3134 0.0 
999000 1163 1000.0 960870.051 1528.818 6.3123 0.0 
1000000 1164 1000.0 962550.727 1534.529 6.3121 0.0 
1001000 1165 1000.0 963080.108 1513.116 6.3122 0.0 
1002000 1166 1000.0 964900.967 1518.204 6.3101 0.0 
1003000 1167 1000.0 966612.664 1524.501 6.3118 0.0 
1004000 1168 1000.0 967027.891 1503.295 6.3128 0.0 
1005000 1169 1000.0 967547.937 1480.099 6.3151 0.0 
1006000 1170 1000.0 968917.759 1481.185 6.3164 0.0 
1007000 1171 1000.0 969411.862 1458.68 6.3145 0.0 
1008000 1172 1000.0 971076.054 1462.322 6.3161 0.0 
1009000 1173 1000.0 972693.535 1465.518 6.3158 0.0 
1010000 1174 1000.0 974574.474 1472.864 6.3092 0.0 
1011000 1175 1000.0 976435.535 1480.921 6.3073 0.0 
1012000 1176 1000.0 978202.952 1487.481 6.3047 0.0 
1013000 1177 1000.0 980260.107 1498.396 6.3033 0.0 
1014000 1178 1000.0 981476.926 1493.446 6.3041 0.0 
1015000 1179 1000.0 983210.28 1499.393 6.3051 0.0 
1016000 1180 1000.0 985051.403 1503.83 6.304 0.0 
1017000 1181 1000.0 986995.146 1513.294 6.2987 0.0 
1018000 1182 1000.0 988582.567 1516.538 6.2982 0.0 
1019000 1183 1000.0 990471.959 1521.582 6.2979 0.0 
1020000 1184 1000.0 992370.37 1529.854 6.2991 0.0 
1021000 1185 1000.0 993889.401 1529.105 6.2998 0.0 
1022000 1186 1000.0 995623.825 1536.884 6.3014 0.0 
1023000 1187 1000.0 996327.199 1516.34 6.3016 0.0 
1024000 1188 1000.0 997996.004 1522.167 6.3048 0.0 
1025000 1189 1000.0 999447.396 1520.014 6.3051 0.0 
1026000 1190 1000.0 1001098.947 1523.97 6.305 0.0 
1027000 1191 1000.0 1002795.263 1525.089 6.3063 0.0 
1028000 1192 1000.0 1004626.72 1533.486 6.3052 0.0 
1029000 1193 1000.0 1006274.208 1534.519 6.3032 0.0 
1030000 1194 1000.0 1007894.045 1535.415 6.2992 0.0 
1031000 1195 1000.0 1009588.691 1539.531 6.2971 0.0 
1032000 1196 1000.0 1011530.124 1546.27 6.2964 0.0 
1033000 1197 1000.0 1013512.277 1555.045 6.2958 0.0 
1034000 1198 1000.0 1015131.159 1557.457 6.2981 0.0 
1035000 1199 1000.0 1017119.151 1564.684 6.2965 0.0 
1036000 1200 1000.0 1019032.02 1573.832 6.2958 0.0 
1037000 1201 1000.0 1020709.428 1573.348 6.294 0.0 
1038000 1202 1000.0 1022755.883 1582.423 6.2955 0.0 
1039000 1203 1000.0 1024696.517 1590.835 6.2956 0.0 
1040000 1204 1000.0 1026531.711 1596.772 6.2937 0.0 
1041000 1205 1000.0 1028445.604 1603.483 6.297 0.0 
1042000 1206 1000.0 1030349.061 1606.901 6.2956 0.0 
1043000 1207 1000.0 1032231.427 1615.646 6.297 0.0 
1044000 1208 1000.0 1034000.962 1615.639 6.3015 0.0 
1045000 1209 1000.0 1035960.604 1625.705 6.3002 0.0 
1046000 1210 1000.0 1036576.179 1605.766 6.3029 0.0 
1047000 1211 1000.0 1038499.919 1610.021 6.3023 0.0 
1048000 1212 1000.0 1040172.236 1611.127 6.3015 0.0 
1049000 1213 1000.0 1041906.884 1612.805 6.3001 0.0 
1050000 1214 1000.0 1043777.902 1618.383 6.2975 0.0 
1051000 1215 1000.0 1045779.53 1624.925 6.3005 0.0 
1052000 1216 1000.0 1047795.169 1633.132 6.2993 0.0 
1053000 1217 1000.0 1049689.271 1638.508 6.2983 0.0 
1054000 1218 1000.0 1051506.322 1641.542 6.2977 0.0 
1055000 1219 1000.0 1053474.598 1648.128 6.3003 0.0 
1056000 1220 1000.0 1055451.488 1655.941 6.2948 0.0 
1057000 1221 1000.0 1057574.262 1663.584 6.2985 0.0 
1058000 1222 1000.0 1059455.115 1669.487 6.2958 0.0 
1059000 1223 1000.0 1061493.224 1675.714 6.2998 0.0 
1060000 1224 1000.0 1063373.023 1680.329 6.3017 0.0 
1061000 1225 1000.0 1065406.602 1688.576 6.3016 0.0 
1062000 1226 1000.0 1067573.685 1696.059 6.3048 0.0 
1063000 1227 1000.0 1069508.096 1701.619 6.3081 0.0 
1064000 1228 1000.0 1071489.411 1707.518 6.3063 0.0 
1065000 1229 1000.0 1072948.805 1703.146 6.308 0.0 
1066000 1230 1000.0 1073617.701 1682.587 6.3073 0.0 
1067000 1231 1000.0 1075320.782 1683.059 6.3085 0.0 
1068000 1232 1000.0 1077168.585 1685.016 6.3102 0.0 
1069000 1233 1000.0 1079131.014 1691.589 6.3092 0.0 
1070000 1234 1000.0 1081360.507 1701.219 6.3048 0.0 
1071000 1235 1000.0 1083455.112 1710.299 6.3069 0.0 
1072000 1236 1000.0 1085582.917 1718.658 6.309 0.0 
1073000 1237 1000.0 1087068.771 1712.651 6.3097 0.0 
1074000 1238 1000.0 1088670.621 1710.593 6.3067 0.0 
1075000 1239 1000.0 1090708.458 1718.545 6.3102 0.0 
1076000 1240 1000.0 1092499.143 1718.611 6.3085 0.0 
1077000 1241 1000.0 1094733.346 1728.493 6.3119 0.0 
1078000 1242 1000.0 1095624.958 1712.484 6.313 0.0 
1079000 1243 1000.0 1097785.377 1721.227 6.3105 0.0 
1080000 1244 1000.0 1099281.169 1717.025 6.3122 0.0 
1081000 1245 1000.0 1100570.31 1708.012 6.3151 0.0 
1082000 1246 1000.0 1102331.733 1710.942 6.3148 0.0 
1083000 1247 1000.0 1104413.145 1716.881 6.3151 0.0 
1084000 1248 1000.0 1106536.691 1724.935 6.3172 0.0 
1085000 1249 1000.0 1108468.027 1728.791 6.3217 0.0 
1086000 1250 1000.0 1110343.708 1731.888 6.3264 0.0 
1087000 1251 1000.0 1112379.167 1738.709 6.3266 0.0 
1088000 1252 1000.0 1114229.823 1741.941 6.3237 0.0 
1089000 1253 1000.0 1115966.049 1739.774 6.3259 0.0 
1090000 1254 1000.0 1117951.249 1745.011 6.3273 0.0 
1091000 1255 1000.0 1119903.792 1749.44 6.3271 0.0 
1092000 1256 1000.0 1121876.681 1753.604 6.3259 0.0 
1093000 1257 1000.0 1123909.098 1759.401 6.3298 0.0 
1094000 1258 1000.0 1126060.378 1767.717 6.33 0.0 
1095000 1259 1000.0 1128148.72 1773.513 6.323 0.0 
1096000 1260 1000.0 1130242.192 1780.156 6.3241 0.0 
1097000 1261 1000.0 1132239.485 1784.058 6.3222 0.0 
1098000 1262 1000.0 1134365.357 1791.158 6.3192 0.0 
1099000 1263 1000.0 1136453.441 1796.566 6.3179 0.0 
1100000 1264 1000.0 1138472.398 1801.305 6.318 0.0 
1101000 1265 1000.0 1140425.394 1804.706 6.3185 0.0 
1102000 1266 1000.0 1141928.619 1799.693 6.3148 0.0 
1103000 1267 1000.0 1143946.618 1803.45 6.3126 0.0 
1104000 1268 1000.0 1146051.933 1809.002 6.3117 0.0 
1105000 1269 1000.0 1147452.417 1800.647 6.3109 0.0 
1106000 1270 1000.0 1149497.64 1805.189 6.3083 0.0 
1107000 1271 1000.0 1151387.486 1810.165 6.3049 0.0 
1108000 1272 1000.0 1153317.685 1809.96 6.3055 0.0 
1109000 1273 1000.0 1154832.824 1803.673 6.306 0.0 
1110000 1274 1000.0 1156388.655 1799.022 6.3054 0.0 
1111000 1275 1000.0 1158426.401 1803.394 6.3053 0.0 
1112000 1276 1000.0 1160504.387 1808.854 6.3032 0.0 
1113000 1277 1000.0 1162353.089 1810.243 6.3073 0.0 
1114000 1278 1000.0 1164467.615 1816.9 6.3026 0.0 
1115000 1279 1000.0 1166447.226 1818.887 6.3007 0.0 
1116000 1280 1000.0 1168478.386 1823.974 6.303 0.0 
1117000 1281 1000.0 1170476.653 1827.157 6.3038 0.0 
1118000 1282 1000.0 1172311.976 1827.008 6.3051 0.0 
1119000 1283 1000.0 1174276.608 1830.34 6.3054 0.0 
1120000 1284 1000.0 1176322.702 1835.471 6.3081 0.0 
1121000 1285 1000.0 1177988.599 1830.406 6.3063 0.0 
1122000 1286 1000.0 1180139.799 1836.554 6.3054 0.0 
1123000 1287 1000.0 1182218.048 1842.187 6.3064 0.0 
1124000 1288 1000.0 1184197.583 1847.579 6.3054 0.0 
1125000 1289 1000.0 1185584.378 1836.366 6.305 0.0 
1126000 1290 1000.0 1187543.522 1837.433 6.3077 0.0 
1127000 1291 1000.0 1188875.472 1827.884 6.3072 0.0 
1128000 1292 1000.0 1190551.858 1824.442 6.305 0.0 
1129000 1293 1000.0 1192498.97 1829.439 6.3072 0.0 
1130000 1294 1000.0 1194658.096 1833.641 6.3059 0.0 
1131000 1295 1000.0 1196559.218 1835.599 6.3035 0.0 
1132000 1296 1000.0 1198465.642 1836.873 6.301 0.0 
1133000 1297 1000.0 1199316.881 1816.632 6.3007 0.0 
1134000 1298 1000.0 1201269.418 1820.032 6.2976 0.0 
1135000 1299 1000.0 1203270.592 1823.976 6.2944 0.0 
1136000 1300 1000.0 1205284.588 1827.723 6.2978 0.0 
1137000 1301 1000.0 1206517.266 1815.389 6.2977 0.0 
1138000 1302 1000.0 1208512.805 1818.447 6.2927 0.0 
1139000 1303 1000.0 1210582.16 1824.289 6.2916 0.0 
1140000 1304 1000.0 1212470.465 1825.562 6.2904 0.0 
1141000 1305 1000.0 1213596.131 1812.704 6.29 0.0 
1142000 1306 1000.0 1215086.503 1804.812 6.2907 0.0 
1143000 1307 1000.0 1216854.151 1805.769 6.2916 0.0 
1144000 1308 1000.0 1218217.313 1795.31 6.2894 0.0 
1145000 1309 1000.0 1219327.022 1784.667 6.2917 0.0 
1146000 1310 1000.0 1220222.812 1765.436 6.2927 0.0 
1147000 1311 1000.0 1222013.799 1767.164 6.2891 0.0 
1148000 1312 1000.0 1223733.547 1765.534 6.2854 0.0 
1149000 1313 1000.0 1225720.267 1768.522 6.2853 0.0 
1150000 1314 1000.0 1227613.418 1771.787 6.2867 0.0 
1151000 1315 1000.0 1229620.54 1775.091 6.2906 0.0 
1152000 1316 1000.0 1231372.228 1776.069 6.2936 0.0 
1153000 1317 1000.0 1233586.314 1782.728 6.297 0.0 
1154000 1318 1000.0 1235630.385 1787.999 6.3014 0.0 
1155000 1319 1000.0 1236620.554 1772.02 6.3026 0.0 
1156000 1320 1000.0 1238507.246 1775.052 6.3003 0.0 
1157000 1321 1000.0 1240412.968 1777.377 6.3021 0.0 
1158000 1322 1000.0 1242407.787 1783.032 6.3024 0.0 
1159000 1323 1000.0 1244111.027 1780.751 6.2989 0.0 
1160000 1324 1000.0 1245847.325 1779.736 6.2982 0.0 
1161000 1325 1000.0 1247517.13 1777.787 6.2943 0.0 
1162000 1326 1000.0 1249304.073 1779.634 6.2979 0.0 
1163000 1327 1000.0 1251344.704 1782.488 6.2955 0.0 
1164000 1328 1000.0 1253116.217 1784.151 6.2954 0.0 
1165000 1329 1000.0 1254935.507 1782.84 6.2934 0.0 
1166000 1330 1000.0 1256951.765 1789.194 6.2934 0.0 
1167000 1331 1000.0 1258125.723 1775.277 6.2936 0.0 
1168000 1332 1000.0 1260279.545 1783.036 6.2942 0.0 
1169000 1333 1000.0 1262392.45 1789.155 6.292 0.0 
1170000 1334 1000.0 1264157.195 1789.034 6.292 0.0 
1171000 1335 1000.0 1266241.049 1794.945 6.291 0.0 
1172000 1336 1000.0 1268221.368 1799.433 6.2905 0.0 
1173000 1337 1000.0 1270136.604 1800.717 6.2922 0.0 
1174000 1338 1000.0 1272120.091 1804.324 6.2918 0.0 
1175000 1339 1000.0 1274062.854 1807.515 6.2941 0.0 
1176000 1340 1000.0 1275936.815 1808.377 6.2932 0.0 
1177000 1341 1000.0 1277978.797 1813.884 6.2911 0.0 
1178000 1342 1000.0 1280083.551 1819.416 6.2925 0.0 
1179000 1343 1000.0 1282165.799 1824.008 6.289 0.0 
1180000 1344 1000.0 1284141.64 1827.683 6.2859 0.0 
1181000 1345 1000.0 1286085.042 1829.496 6.2832 0.0 
1182000 1346 1000.0 1288031.707 1832.602 6.2843 0.0 
1183000 1347 1000.0 1289116.369 1817.575 6.2826 0.0 
1184000 1348 1000.0 1290670.461 1812.358 6.2814 0.0 
1185000 1349 1000.0 1292633.072 1816.485 6.2844 0.0 
1186000 1350 1000.0 1294617.26 1819.066 6.2852 0.0 
1187000 1351 1000.0 1296529.048 1819.951 6.2868 0.0 
1188000 1352 1000.0 1298111.944 1815.036 6.2867 0.0 
1189000 1353 1000.0 1300038.511 1817.232 6.2856 0.0 
1190000 1354 1000.0 1301865.787 1818.279 6.2843 0.0 
1191000 1355 1000.0 1303767.531 1819.814 6.2825 0.0 
1192000 1356 1000.0 1305717.803 1822.041 6.2825 0.0 
1193000 1357 1000.0 1307620.343 1825.303 6.2858 0.0 
1194000 1358 1000.0 1309305.968 1824.084 6.2843 0.0 
1195000 1359 1000.0 1310755.079 1813.756 6.2872 0.0 
1196000 1360 1000.0 1312943.723 1820.449 6.2854 0.0 
1197000 1361 991.38 1314761.302 1801.879 6.2294 0.0 
1198000 1362 991.552 1315988.503 1807.156 6.2329 0.0 
1199000 1363 991.721 1316514.526 1781.707 6.2347 0.0 
1200000 1364 991.887 1318407.045 1766.096 6.2329 0.0 
1201000 1365 992.049 1319479.282 1772.32 6.2375 0.0 
1202000 1366 992.208 1320252.349 1747.603 6.2407 0.0 
1203000 1367 992.364 1321737.528 1730.714 6.2409 0.0 
1204000 1368 992.517 1323799.692 1733.676 6.239 0.0 
1205000 1369 992.666 1325425.193 1739.856 6.2419 0.0 
1206000 1370 992.813 1326711.235 1723.437 6.2468 0.0 
1207000 1371 992.957 1328746.202 1731.008 6.2443 0.0 
1208000 1372 993.098 1330587.311 1735.379 6.2496 0.0 
1209000 1373 993.236 1332497.258 1737.898 6.248 0.0 
1210000 1374 993.371 1333736.203 1741.878 6.2502 0.0 
1211000 1375 993.504 1335153.2 1718.912 6.2542 0.0 
1212000 1376 993.634 1337166.425 1725.974 6.2518 0.0 
1213000 1377 993.761 1339065.241 1733.337 6.2527 0.0 
1214000 1378 993.886 1340810.716 1733.494 6.2494 0.0 
1215000 1379 994.008 1342836.576 1737.001 6.2514 0.0 
1216000 1380 994.128 1344378.932 1739.668 6.2535 0.0 
1217000 1381 994.245 1345966.773 1733.871 6.2571 0.0 
1218000 1382 994.36 1347050.441 1733.965 6.2572 0.0 
1219000 1383 994.473 1347334.059 1706.031 6.2553 0.0 
1220000 1384 994.584 1347604.483 1676.708 6.2587 0.0 
1221000 1385 994.692 1348266.064 1649.495 6.2648 0.0 
1222000 1386 994.798 1349774.066 1634.654 6.2652 0.0 
1223000 1387 994.902 1351145.299 1630.126 6.2678 0.0 
1224000 1388 995.004 1352337.701 1637.172 6.2683 0.0 
1225000 1389 995.104 1353799.786 1614.686 6.2694 0.0 
1226000 1390 995.202 1355579.491 1624.096 6.2722 0.0 
1227000 1391 995.298 1356255.79 1618.417 6.2757 0.0 
1228000 1392 995.392 1357535.464 1595.251 6.2728 0.0 
1229000 1393 995.484 1359426.003 1601.8 6.2708 0.0 
1230000 1394 995.574 1361264.344 1607.74 6.2689 0.0 
1231000 1395 995.663 1363289.891 1612.913 6.2654 0.0 
1232000 1396 995.75 1365362.241 1621.844 6.2647 0.0 
1233000 1397 995.835 1367296.16 1631.511 6.2622 0.0 
1234000 1398 995.918 1369343.571 1635.727 6.2664 0.0 
1235000 1399 996.0 1371160.43 1640.244 6.2657 0.0 
1236000 1400 996.08 1372993.367 1649.795 6.2632 0.0 
1237000 1401 996.158 1374521.018 1643.597 6.2662 0.0 
1238000 1402 996.235 1376490.681 1651.022 6.2612 0.0 
1239000 1403 996.31 1378455.91 1656.605 6.2625 0.0 
1240000 1404 996.384 1380004.307 1652.859 6.2657 0.0 
1241000 1405 996.456 1381828.594 1657.675 6.2672 0.0 
1242000 1406 996.527 1383878.371 1664.709 6.2677 0.0 
1243000 1407 996.597 1385496.892 1665.135 6.2682 0.0 
1244000 1408 996.665 1386991.591 1659.298 6.2689 0.0 
1245000 1409 996.731 1388623.679 1660.26 6.2686 0.0 
1246000 1410 996.797 1389647.26 1658.713 6.2715 0.0 
1247000 1411 996.861 1391134.435 1642.296 6.2748 0.0 
1248000 1412 996.924 1393087.953 1649.215 6.2761 0.0 
1249000 1413 996.985 1394981.221 1655.722 6.273 0.0 
1250000 1414 997.045 1396490.051 1657.086 6.2694 0.0 
1251000 1415 997.105 1397833.101 1645.469 6.266 0.0 
1252000 1416 997.162 1399634.426 1652.192 6.2687 0.0 
1253000 1417 997.219 1401470.574 1651.9 6.274 0.0 
1254000 1418 997.275 1403599.338 1658.659 6.2728 0.0 
1255000 1419 997.329 1405766.78 1669.452 6.2749 0.0 
1256000 1420 997.383 1407950.913 1679.773 6.273 0.0 
1257000 1421 997.435 1409635.636 1681.967 6.2715 0.0 
1258000 1422 997.486 1411589.499 1685.341 6.2721 0.0 
1259000 1423 997.537 1413680.749 1694.696 6.2706 0.0 
1260000 1424 997.586 1414912.928 1690.254 6.2739 0.0 
1261000 1425 997.634 1416815.882 1693.074 6.2747 0.0 
1262000 1426 997.682 1418845.919 1696.849 6.2796 0.0 
1263000 1427 997.728 1420769.139 1701.894 6.2809 0.0 
1264000 1428 997.773 1422775.662 1708.716 6.2811 0.0 
1265000 1429 997.818 1424308.545 1702.348 6.2793 0.0 
1266000 1430 997.862 1426225.598 1709.29 6.2783 0.0 
1267000 1431 997.904 1427761.745 1711.831 6.2812 0.0 
1268000 1432 997.946 1429353.55 1706.67 6.2812 0.0 
1269000 1433 997.987 1431367.935 1708.918 6.2814 0.0 
1270000 1434 998.028 1433370.081 1713.01 6.2829 0.0 
1271000 1435 998.067 1435351.627 1720.874 6.2834 0.0 
1272000 1436 998.106 1436642.73 1721.729 6.2851 0.0 
1273000 1437 998.144 1437940.461 1703.351 6.2848 0.0 
1274000 1438 998.181 1439333.546 1696.108 6.2879 0.0 
1275000 1439 998.217 1441122.471 1701.397 6.2909 0.0 
1276000 1440 998.253 1441821.785 1689.244 6.2934 0.0 
1277000 1441 998.288 1443098.334 1671.317 6.2946 0.0 
1278000 1442 998.322 1444271.421 1674.747 6.2931 0.0 
1279000 1443 998.355 1445430.554 1653.857 6.2915 0.0 
1280000 1444 998.388 1446827.124 1648.289 6.291 0.0 
1281000 1445 998.421 1448028.47 1639.171 6.2952 0.0 
1282000 1446 998.452 1449384.782 1631.944 6.2943 0.0 
1283000 1447 998.483 1450869.465 1632.731 6.2932 0.0 
1284000 1448 998.513 1452166.042 1624.544 6.293 0.0 
1285000 1449 998.543 1453617.951 1621.44 6.2908 0.0 
1286000 1450 998.572 1454420.605 1610.916 6.2905 0.0 
1287000 1451 998.601 1455472.669 1595.424 6.2906 0.0 
1288000 1452 998.629 1456490.77 1586.375 6.2911 0.0 
1289000 1453 998.656 1457528.764 1573.78 6.2898 0.0 
1290000 1454 998.683 1458752.399 1562.949 6.2925 0.0 
1291000 1455 998.709 1460583.716 1569.342 6.2935 0.0 
1292000 1456 998.735 1461644.846 1569.008 6.2926 0.0 
1293000 1457 998.761 1462895.068 1551.496 6.2941 0.0 
1294000 1458 998.785 1464843.829 1558.661 6.2968 0.0 
1295000 1459 998.81 1465872.62 1558.986 6.2997 0.0 
1296000 1460 998.833 1466851.532 1542.891 6.3003 0.0 
1297000 1461 998.857 1467601.329 1533.407 6.2968 0.0 
1298000 1462 998.88 1468398.8 1516.144 6.298 0.0 
1299000 1463 998.902 1469491.337 1500.882 6.2998 0.0 
1300000 1464 998.924 1470113.451 1493.719 6.3 0.0 
1301000 1465 998.946 1470926.653 1475.496 6.2952 0.0 
1302000 1466 998.967 1472207.082 1463.547 6.2989 0.0 
1303000 1467 998.987 1473671.985 1464.115 6.2988 0.0 
1304000 1468 999.008 1474911.081 1458.044 6.2945 0.0 
1305000 1469 999.027 1477077.253 1468.882 6.2962 0.0 
1306000 1470 999.047 1479024.16 1481.602 6.2966 0.0 
1307000 1471 999.066 1480877.803 1490.352 6.2954 0.0 
1308000 1472 999.085 1482251.124 1488.347 6.2955 0.0 
1309000 1473 999.103 1483342.398 1482.679 6.2954 0.0 
1310000 1474 999.121 1484746.391 1475.105 6.2983 0.0 
1311000 1475 999.138 1486559.802 1483.243 6.2994 0.0 
1312000 1476 999.156 1487855.882 1480.98 6.2951 0.0 
1313000 1477 999.173 1489079.268 1483.349 6.2956 0.0 
1314000 1478 999.189 1490090.04 1470.759 6.2939 0.0 
1315000 1479 999.205 1491417.973 1463.351 6.2955 0.0 
1316000 1480 999.221 1492972.946 1467.113 6.2956 0.0 
1317000 1481 999.237 1494239.018 1464.899 6.2954 0.0 
1318000 1482 999.252 1495792.688 1461.498 6.296 0.0 
1319000 1483 999.267 1497833.956 1472.721 6.2988 0.0 
1320000 1484 999.282 1499798.382 1482.637 6.2986 0.0 
1321000 1485 999.296 1501458.039 1491.294 6.2965 0.0 
1322000 1486 999.31 1502895.533 1487.84 6.2995 0.0 
1323000 1487 999.324 1504958.269 1494.443 6.2974 0.0 
1324000 1488 999.337 1506874.175 1505.577 6.2995 0.0 
1325000 1489 999.351 1507887.57 1512.884 6.3028 0.0 
1326000 1490 999.364 1508688.673 1489.35 6.3033 0.0 
1327000 1491 999.376 1509333.838 1476.362 6.303 0.0 
1328000 1492 999.389 1510116.11 1457.649 6.309 0.0 
1329000 1493 999.401 1511015.721 1447.682 6.3087 0.0 
1330000 1494 999.413 1511907.51 1437.114 6.3105 0.0 
1331000 1495 999.425 1512215.524 1422.835 6.3137 0.0 
1332000 1496 999.436 1512429.664 1401.096 6.3144 0.0 
1333000 1497 999.448 1513371.602 1376.295 6.3207 0.0 
1334000 1498 999.459 1514330.395 1371.92 6.3205 0.0 
1335000 1499 999.469 1515166.721 1362.468 6.322 0.0 
1336000 1500 999.48 1516238.244 1350.372 6.3248 0.0 
1337000 1501 999.49 1517072.65 1347.907 6.3266 0.0 
1338000 1502 999.501 1517433.416 1336.494 6.3252 0.0 
1339000 1503 999.511 1518261.894 1315.414 6.3254 0.0 
1340000 1504 999.52 1519321.191 1307.626 6.3266 0.0 
1341000 1505 999.53 1520832.839 1306.216 6.3278 0.0 
1342000 1506 999.539 1521573.953 1310.627 6.3271 0.0 
1343000 1507 999.549 1522744.621 1301.078 6.3262 0.0 
1344000 1508 999.558 1523902.112 1291.657 6.3282 0.0 
1345000 1509 999.567 1525793.49 1303.928 6.3231 0.0 
1346000 1510 999.575 1527459.282 1316.149 6.3205 0.0 
1347000 1511 999.584 1528539.695 1313.533 6.3202 0.0 
1348000 1512 999.592 1529644.664 1304.666 6.3199 0.0 
1349000 1513 999.6 1530974.832 1299.451 6.3174 0.0 
1350000 1514 999.608 1533053.276 1313.537 6.3174 0.0 
1351000 1515 999.616 1535027.641 1327.66 6.3177 0.0 
1352000 1516 999.624 1536234.761 1332.5 6.3196 0.0 
1353000 1517 999.631 1537561.025 1326.005 6.3214 0.0 
1354000 1518 999.639 1539068.646 1328.12 6.3166 0.0 
1355000 1519 999.646 1540862.478 1336.729 6.3174 0.0 
1356000 1520 999.653 1542698.993 1346.503 6.3166 0.0 
1357000 1521 999.66 1544735.96 1360.777 6.3156 0.0 
1358000 1522 999.667 1546617.612 1375.202 6.3166 0.0 
1359000 1523 999.673 1548003.035 1372.921 6.3177 0.0 
1360000 1524 999.68 1550012.641 1384.759 6.3172 0.0 
1361000 1525 999.686 1551798.895 1392.943 6.3192 0.0 
1362000 1526 999.693 1553395.477 1406.731 6.3198 0.0 
1363000 1527 999.699 1554510.512 1396.863 6.321 0.0 
1364000 1528 999.705 1556603.599 1405.163 6.3215 0.0 
1365000 1529 999.711 1557504.958 1407.787 6.3218 0.0 
1366000 1530 999.716 1558745.531 1394.647 6.3218 0.0 
1367000 1531 999.722 1560196.952 1400.719 6.3197 0.0 
1368000 1532 999.728 1561633.452 1393.567 6.3181 0.0 
1369000 1533 999.733 1563448.518 1403.527 6.3165 0.0 
1370000 1534 999.738 1564679.63 1404.076 6.3169 0.0 
1371000 1535 999.744 1566322.936 1405.342 6.3141 0.0 
1372000 1536 999.749 1568205.11 1410.301 6.3114 0.0 
1373000 1537 999.754 1569358.167 1416.866 6.3128 0.0 
1374000 1538 999.759 1571109.52 1412.128 6.3165 0.0 
1375000 1539 999.764 1573158.956 1428.552 6.3186 0.0 
1376000 1540 999.768 1575169.582 1439.159 6.3185 0.0 
1377000 1541 999.773 1577199.19 1450.8 6.3189 0.0 
1378000 1542 999.777 1579172.488 1461.49 6.3186 0.0 
1379000 1543 999.782 1581442.447 1474.989 6.3201 0.0 
1380000 1544 999.786 1583530.154 1490.514 6.321 0.0 
1381000 1545 999.791 1585522.268 1500.821 6.3218 0.0 
1382000 1546 999.795 1587400.507 1510.779 6.3201 0.0 
1383000 1547 999.799 1589358.365 1517.169 6.3211 0.0 
1384000 1548 999.803 1591013.849 1525.635 6.3199 0.0 
1385000 1549 999.807 1592076.479 1515.778 6.3216 0.0 
1386000 1550 999.811 1593747.289 1516.77 6.3189 0.0 
1387000 1551 999.814 1595334.121 1518.845 6.3169 0.0 
1388000 1552 999.818 1596897.788 1522.592 6.3226 0.0 
1389000 1553 999.822 1598004.992 1512.292 6.3224 0.0 
1390000 1554 999.825 1599927.566 1517.161 6.3229 0.0 
1391000 1555 999.829 1601769.137 1522.179 6.3231 0.0 
1392000 1556 999.832 1603589.475 1529.411 6.324 0.0 
1393000 1557 999.836 1605424.797 1536.589 6.3247 0.0 
1394000 1558 999.839 1606864.625 1533.502 6.3228 0.0 
1395000 1559 999.842 1608033.193 1529.323 6.322 0.0 
1396000 1560 999.845 1610019.783 1531.694 6.3181 0.0 
1397000 1561 999.848 1611929.372 1541.373 6.3143 0.0 
1398000 1562 999.851 1613236.831 1547.504 6.3127 0.0 
1399000 1563 999.854 1614429.247 1532.903 6.3181 0.0 
1400000 1564 999.857 1616279.871 1535.736 6.3169 0.0 
1401000 1565 999.86 1617792.423 1541.003 6.3186 0.0 
1402000 1566 999.863 1618494.372 1530.954 6.3197 0.0 
1403000 1567 999.866 1619814.083 1514.539 6.3191 0.0 
1404000 1568 999.868 1621474.72 1519.37 6.3174 0.0 
1405000 1569 999.871 1621874.811 1513.13 6.3174 0.0 
1406000 1570 999.874 1622884.269 1489.583 6.3227 0.0 
1407000 1571 999.876 1624311.236 1493.04 6.3216 0.0 
1408000 1572 999.879 1625043.73 1479.674 6.3232 0.0 
1409000 1573 999.881 1625440.134 1464.43 6.3236 0.0 
1410000 1574 999.883 1626313.305 1443.877 6.3259 0.0 
1411000 1575 999.886 1627706.571 1433.075 6.3323 0.0 
1412000 1576 999.888 1628920.799 1435.296 6.3303 0.0 
1413000 1577 999.89 1629985.484 1426.617 6.3303 0.0 
1414000 1578 999.892 1631109.397 1420.841 6.3282 0.0 
1415000 1579 999.895 1632783.577 1424.319 6.3276 0.0 
1416000 1580 999.897 1634621.359 1434.64 6.3294 0.0 
1417000 1581 999.899 1636147.099 1435.534 6.3253 0.0 
1418000 1582 999.901 1637947.211 1440.744 6.3218 0.0 
1419000 1583 999.903 1639990.047 1450.559 6.3164 0.0 
1420000 1584 999.905 1641360.591 1455.576 6.309 0.0 
1421000 1585 999.907 1643294.728 1460.61 6.3039 0.0 
1422000 1586 999.909 1645098.848 1469.179 6.3011 0.0 
1423000 1587 999.91 1646383.991 1465.281 6.3027 0.0 
1424000 1588 999.912 1647723.87 1462.174 6.3009 0.0 
1425000 1589 999.914 1649830.361 1471.901 6.2998 0.0 
1426000 1590 999.916 1651632.235 1483.767 6.2976 0.0 
1427000 1591 999.917 1652673.296 1478.898 6.3033 0.0 
1428000 1592 999.919 1653077.093 1468.516 6.3044 0.0 
1429000 1593 999.921 1653718.004 1443.789 6.3097 0.0 
1430000 1594 999.922 1655188.802 1431.12 6.3121 0.0 
1431000 1595 999.924 1656733.282 1437.216 6.311 0.0 
1432000 1596 999.925 1657590.733 1432.369 6.3125 0.0 
1433000 1597 999.927 1659173.497 1428.627 6.3147 0.0 
1434000 1598 999.928 1660707.679 1437.433 6.3163 0.0 
1435000 1599 999.93 1662469.034 1433.485 6.3158 0.0 
1436000 1600 999.931 1663380.153 1438.075 6.318 0.0 
1437000 1601 999.932 1664056.47 1422.612 6.3165 0.0 
1438000 1602 999.934 1665843.779 1416.969 6.3191 0.0 
1439000 1603 999.935 1666891.313 1423.126 6.32 0.0 
1440000 1604 999.936 1668204.747 1406.99 6.3172 0.0 
1441000 1605 999.938 1669466.12 1417.395 6.3186 0.0 
1442000 1606 999.939 1671033.133 1407.13 6.3177 0.0 
1443000 1607 999.94 1672546.503 1416.875 6.3179 0.0 
1444000 1608 999.941 1673409.52 1409.651 6.3126 0.0 
1445000 1609 999.943 1674025.621 1398.499 6.3137 0.0 
1446000 1610 999.944 1674763.181 1383.803 6.3138 0.0 
1447000 1611 999.945 1676045.656 1367.877 6.3114 0.0 
1448000 1612 999.946 1677576.868 1379.282 6.3121 0.0 
1449000 1613 999.947 1679370.863 1378.901 6.3141 0.0 
1450000 1614 999.948 1680928.59 1387.37 6.316 0.0 
1451000 1615 999.949 1682204.101 1382.819 6.3121 0.0 
1452000 1616 999.95 1683656.401 1391.497 6.3071 0.0 
1453000 1617 999.951 1685645.308 1395.387 6.3052 0.0 
1454000 1618 999.952 1687045.222 1403.349 6.3073 0.0 
1455000 1619 999.953 1687757.603 1397.26 6.3057 0.0 
1456000 1620 999.954 1688814.661 1377.351 6.3054 0.0 
1457000 1621 999.955 1690538.437 1379.461 6.3043 0.0 
1458000 1622 999.956 1692367.711 1389.592 6.3032 0.0 
1459000 1623 999.957 1693486.964 1401.526 6.3033 0.0 
1460000 1624 999.958 1693897.156 1380.32 6.3034 0.0 
1461000 1625 999.958 1695038.518 1360.23 6.3024 0.0 
1462000 1626 999.959 1696879.036 1371.002 6.3004 0.0 
1463000 1627 999.96 1698304.72 1371.259 6.2974 0.0 
1464000 1628 999.961 1699667.373 1374.979 6.2969 0.0 
1465000 1629 999.962 1700517.302 1367.765 6.2963 0.0 
1466000 1630 999.962 1701236.836 1359.713 6.2936 0.0 
1467000 1631 999.963 1702112.318 1344.487 6.294 0.0 
1468000 1632 999.964 1702980.301 1335.254 6.2975 0.0 
1469000 1633 999.965 1703474.213 1327.57 6.2943 0.0 
1470000 1634 999.965 1704156.767 1307.204 6.2936 0.0 
1471000 1635 999.966 1705412.262 1297.649 6.2954 0.0 
1472000 1636 999.967 1706637.533 1303.264 6.2922 0.0 
1473000 1637 999.967 1707289.765 1294.963 6.2916 0.0 
1474000 1638 999.968 1708365.35 1280.61 6.2982 0.0 
1475000 1639 999.969 1709586.741 1275.528 6.303 0.0 
1476000 1640 999.969 1710676.664 1280.27 6.3043 0.0 
1477000 1641 999.97 1711768.454 1281.882 6.3028 0.0 
1478000 1642 999.97 1712409.838 1266.008 6.3041 0.0 
1479000 1643 999.971 1713473.635 1254.419 6.3049 0.0 
1480000 1644 999.972 1715177.852 1265.472 6.304 0.0 
1481000 1645 999.972 1716353.647 1260.207 6.3047 0.0 
1482000 1646 999.973 1718459.774 1275.692 6.3066 0.0 
1483000 1647 999.973 1719992.507 1291.091 6.3073 0.0 
1484000 1648 999.974 1721335.062 1283.457 6.3096 0.0 
1485000 1649 999.974 1722975.749 1295.135 6.3088 0.0 
1486000 1650 999.975 1724494.991 1292.822 6.3093 0.0 
1487000 1651 999.975 1726537.916 1306.299 6.3055 0.0 
1488000 1652 999.976 1728106.387 1313.542 6.3059 0.0 
1489000 1653 999.976 1730089.469 1326.689 6.307 0.0 
1490000 1654 999.977 1731939.665 1339.997 6.3102 0.0 
1491000 1655 999.977 1732807.157 1344.209 6.309 0.0 
1492000 1656 999.978 1734685.591 1337.658 6.3073 0.0 
1493000 1657 999.978 1736722.739 1350.723 6.3052 0.0 
1494000 1658 999.979 1738769.413 1365.962 6.3068 0.0 
1495000 1659 999.979 1740546.507 1379.109 6.309 0.0 
1496000 1660 999.979 1741785.008 1374.778 6.3087 0.0 
1497000 1661 999.98 1743537.918 1384.011 6.3086 0.0 
1498000 1662 999.98 1744707.301 1393.062 6.307 0.0 
1499000 1663 999.981 1745862.3 1371.722 6.3095 0.0 
1500000 1664 999.981 1747047.769 1383.274 6.3099 0.0 
1501000 1665 999.981 1748242.018 1365.07 6.3082 0.0 
1502000 1666 999.982 1750072.409 1376.0 6.3113 0.0 
1503000 1667 999.982 1751726.945 1382.166 6.3102 0.0 
1504000 1668 999.983 1753797.565 1390.454 6.3066 0.0 
1505000 1669 999.983 1755479.662 1400.059 6.3048 0.0 
1506000 1670 999.983 1757493.589 1408.984 6.3069 0.0 
1507000 1671 999.984 1759554.884 1422.316 6.3035 0.0 
1508000 1672 999.984 1761581.89 1434.95 6.3045 0.0 
1509000 1673 999.984 1763251.669 1445.345 6.3078 0.0 
1510000 1674 999.985 1764757.825 1449.769 6.3064 0.0 
1511000 1675 999.985 1765851.908 1447.252 6.3061 0.0 
1512000 1676 999.985 1766861.449 1432.303 6.3105 0.0 
1513000 1677 999.985 1768695.279 1438.095 6.3099 0.0 
1514000 1678 999.986 1770777.79 1444.64 6.311 0.0 
1515000 1679 999.986 1772612.896 1452.755 6.3126 0.0 
1516000 1680 999.986 1774558.213 1463.111 6.3071 0.0 
1517000 1681 999.987 1775888.363 1472.9 6.3062 0.0 
1518000 1682 999.987 1777814.436 1471.09 6.3061 0.0 
1519000 1683 999.987 1779433.216 1479.589 6.3048 0.0 
1520000 1684 999.987 1781158.201 1481.788 6.3052 0.0 
1521000 1685 999.988 1782317.214 1486.977 6.3107 0.0 
1522000 1686 999.988 1783668.448 1467.919 6.3082 0.0 
1523000 1687 999.988 1785686.589 1479.004 6.3064 0.0 
1524000 1688 999.988 1787591.408 1489.756 6.3038 0.0 
1525000 1689 999.989 1789308.938 1494.711 6.3023 0.0 
1526000 1690 999.989 1791363.021 1502.839 6.2976 0.0 
1527000 1691 999.989 1793385.708 1513.636 6.2965 0.0 
1528000 1692 999.989 1795417.838 1524.01 6.2931 0.0 
1529000 1693 999.989 1797378.862 1534.9 6.2949 0.0 
1530000 1694 999.99 1799196.816 1539.027 6.2943 0.0 
1531000 1695 999.99 1801288.536 1549.85 6.2929 0.0 
1532000 1696 999.99 1803365.853 1558.462 6.2896 0.0 
1533000 1697 999.99 1805381.648 1570.258 6.2877 0.0 
1534000 1698 999.99 1807405.93 1578.872 6.2911 0.0 
1535000 1699 999.991 1809371.549 1586.072 6.2932 0.0 
1536000 1700 999.991 1811413.517 1595.246 6.2937 0.0 
1537000 1701 999.991 1813447.924 1604.502 6.2948 0.0 
1538000 1702 999.991 1815515.454 1612.71 6.2938 0.0 
1539000 1703 999.991 1817215.721 1619.164 6.2935 0.0 
1540000 1704 999.992 1818566.58 1609.603 6.2937 0.0 
1541000 1705 999.992 1820465.054 1616.182 6.2959 0.0 
1542000 1706 999.992 1822429.276 1622.762 6.3007 0.0 
1543000 1707 999.992 1824330.7 1628.502 6.3012 0.0 
1544000 1708 999.992 1826212.809 1633.456 6.3019 0.0 
1545000 1709 999.992 1827793.136 1629.934 6.3015 0.0 
1546000 1710 999.993 1829709.64 1637.881 6.3014 0.0 
1547000 1711 999.993 1831615.677 1645.015 6.299 0.0 
1548000 1712 999.993 1833564.242 1649.052 6.3012 0.0 
1549000 1713 999.993 1834820.679 1644.781 6.3044 0.0 
1550000 1714 999.993 1835989.973 1647.55 6.304 0.0 
1551000 1715 999.993 1837148.802 1624.672 6.3017 0.0 
1552000 1716 999.993 1838899.523 1627.958 6.3001 0.0 
1553000 1717 999.994 1840866.812 1633.436 6.2969 0.0 
1554000 1718 999.994 1842945.103 1638.987 6.2941 0.0 
1555000 1719 999.994 1844899.44 1647.416 6.2949 0.0 
1556000 1720 999.994 1846849.916 1652.262 6.297 0.0 
1557000 1721 999.994 1848531.721 1653.997 6.299 0.0 
1558000 1722 999.994 1850241.293 1658.52 6.2985 0.0 
1559000 1723 999.994 1852084.914 1662.277 6.2988 0.0 
1560000 1724 999.994 1854118.047 1666.756 6.2974 0.0 
1561000 1725 999.994 1855279.422 1669.584 6.2962 0.0 
1562000 1726 999.995 1856508.565 1649.268 6.296 0.0 
1563000 1727 999.995 1858394.569 1654.21 6.2936 0.0 
1564000 1728 999.995 1859787.503 1658.812 6.2947 0.0 
1565000 1729 999.995 1860900.336 1639.243 6.2921 0.0 
1566000 1730 999.995 1862209.826 1642.242 6.2923 0.0 
1567000 1731 999.995 1862998.468 1623.58 6.2927 0.0 
1568000 1732 999.995 1864493.814 1607.999 6.2983 0.0 
1569000 1733 999.995 1865877.058 1609.646 6.2989 0.0 
1570000 1734 999.995 1867578.147 1610.187 6.2988 0.0 
1571000 1735 999.995 1869176.238 1604.496 6.2973 0.0 
1572000 1736 999.996 1871247.612 1616.327 6.2959 0.0 
1573000 1737 999.996 1873248.059 1622.466 6.2953 0.0 
1574000 1738 999.996 1875083.698 1627.726 6.2887 0.0 
1575000 1739 999.996 1877014.263 1634.162 6.2927 0.0 
1576000 1740 999.996 1878638.552 1639.845 6.2952 0.0 
1577000 1741 999.996 1880013.034 1628.282 6.2965 0.0 
1578000 1742 999.996 1881379.282 1632.068 6.2924 0.0 
1579000 1743 999.996 1883232.21 1632.497 6.2922 0.0 
1580000 1744 999.996 1884816.383 1625.941 6.2909 0.0 
1581000 1745 999.996 1886774.774 1633.049 6.293 0.0 
1582000 1746 999.996 1888081.696 1639.786 6.2988 0.0 
1583000 1747 999.996 1889411.992 1621.995 6.3042 0.0 
1584000 1748 999.997 1890676.921 1616.799 6.3032 0.0 
1585000 1749 999.997 1891221.176 1606.945 6.3053 0.0 
1586000 1750 999.997 1892610.53 1588.202 6.3067 0.0 
1587000 1751 999.997 1893724.254 1593.615 6.307 0.0 
1588000 1752 999.997 1894386.072 1572.89 6.3086 0.0 
1589000 1753 999.997 1894841.527 1554.97 6.3105 0.0 
1590000 1754 999.997 1896084.32 1531.965 6.3109 0.0 
1591000 1755 999.997 1898139.289 1539.225 6.3104 0.0 
1592000 1756 999.997 1900145.58 1551.643 6.312 0.0 
1593000 1757 999.997 1901538.783 1558.132 6.3131 0.0 
1594000 1758 999.997 1903291.8 1554.47 6.315 0.0 
1595000 1759 999.997 1904776.445 1550.952 6.315 0.0 
1596000 1760 999.997 1906794.996 1559.111 6.3141 0.0 
1597000 1761 999.997 1908518.041 1567.558 6.3177 0.0 
1598000 1762 999.997 1909876.853 1558.695 6.3187 0.0 
1599000 1763 999.997 1911684.078 1567.141 6.3149 0.0 
1600000 1764 999.997 1913110.665 1561.319 6.3114 0.0 
1601000 1765 999.998 1914819.85 1566.678 6.3094 0.0 
1602000 1766 999.998 1916305.162 1564.676 6.313 0.0 
1603000 1767 999.998 1918087.617 1570.287 6.311 0.0 
1604000 1768 999.998 1919402.369 1568.416 6.3076 0.0 
1605000 1769 999.998 1921338.872 1568.887 6.3078 0.0 
1606000 1770 999.998 1923163.547 1574.926 6.3038 0.0 
1607000 1771 999.998 1924533.121 1579.824 6.303 0.0 
1608000 1772 999.998 1925597.514 1574.299 6.3041 0.0 
1609000 1773 999.998 1926872.956 1553.729 6.3067 0.0 
1610000 1774 999.998 1928862.826 1562.334 6.3045 0.0 
1611000 1775 999.998 1930192.393 1559.651 6.3068 0.0 
1612000 1776 999.998 1931192.797 1562.124 6.3069 0.0 
1613000 1777 999.998 1932306.922 1541.057 6.3031 0.0 
1614000 1778 999.998 1933426.089 1543.826 6.3027 0.0 
1615000 1779 999.998 1933969.222 1525.351 6.3062 0.0 
1616000 1780 999.998 1934812.705 1507.284 6.3059 0.0 
1617000 1781 999.998 1935411.588 1492.367 6.306 0.0 
1618000 1782 999.998 1936060.617 1476.091 6.3074 0.0 
1619000 1783 999.998 1936922.595 1456.887 6.3069 0.0 
1620000 1784 999.998 1937781.387 1451.433 6.3083 0.0 
1621000 1785 999.998 1938356.582 1433.505 6.3089 0.0 
1622000 1786 999.998 1939023.202 1416.306 6.3112 0.0 
1623000 1787 999.998 1940359.094 1401.878 6.3119 0.0 
1624000 1788 999.998 1942270.577 1413.336 6.3133 0.0 
1625000 1789 999.998 1943563.173 1422.381 6.3112 0.0 
1626000 1790 999.999 1944856.261 1418.246 6.3152 0.0 
1627000 1791 999.999 1945807.501 1410.779 6.3141 0.0 
1628000 1792 999.999 1946360.445 1396.812 6.3144 0.0 
1629000 1793 999.999 1947410.983 1377.421 6.3162 0.0 
1630000 1794 999.999 1949084.876 1384.796 6.3136 0.0 
1631000 1795 999.999 1949741.158 1379.114 6.3154 0.0 
1632000 1796 999.999 1951007.144 1363.27 6.3154 0.0 
1633000 1797 999.999 1952267.92 1375.126 6.3171 0.0 
1634000 1798 999.999 1953563.145 1360.504 6.3179 0.0 
1635000 1799 999.999 1954573.62 1368.523 6.3188 0.0 
1636000 1800 999.999 1955475.896 1349.325 6.3184 0.0 
1637000 1801 999.999 1956524.815 1351.076 6.3169 0.0 
1638000 1802 999.999 1957475.788 1337.749 6.3173 0.0 
1639000 1803 999.999 1958293.864 1333.096 6.3136 0.0 
1640000 1804 999.999 1958833.84 1318.928 6.313 0.0 
1641000 1805 999.999 1959369.057 1300.833 6.3103 0.0 
1642000 1806 999.999 1960137.711 1286.873 6.3086 0.0 
1643000 1807 999.999 1961033.67 1283.705 6.3091 0.0 
1644000 1808 999.999 1961548.895 1269.134 6.3108 0.0 
1645000 1809 999.999 1962722.065 1255.352 6.3105 0.0 
1646000 1810 999.999 1963581.143 1256.115 6.3109 0.0 
1647000 1811 999.999 1964376.428 1246.879 6.3085 0.0 
1648000 1812 999.999 1964924.478 1235.167 6.3111 0.0 
1649000 1813 999.999 1965544.983 1221.725 6.3138 0.0 
1650000 1814 999.999 1966688.007 1209.708 6.3179 0.0 
1651000 1815 999.999 1967498.589 1208.315 6.3171 0.0 
1652000 1816 999.999 1968717.356 1200.567 6.3151 0.0 
1653000 1817 999.999 1969354.892 1203.265 6.3111 0.0 
1654000 1818 999.999 1970114.157 1187.99 6.3127 0.0 
1655000 1819 999.999 1971078.825 1182.054 6.3103 0.0 
1656000 1820 999.999 1972189.253 1185.59 6.3112 0.0 
1657000 1821 999.999 1973313.244 1174.403 6.3142 0.0 
1658000 1822 999.999 1974861.781 1183.309 6.3164 0.0 
1659000 1823 999.999 1975909.725 1185.103 6.3169 0.0 
1660000 1824 999.999 1976841.738 1177.287 6.3172 0.0 
1661000 1825 999.999 1978304.809 1185.676 6.3173 0.0 
1662000 1826 999.999 1979405.481 1178.189 6.3139 0.0 
1663000 1827 999.999 1980543.346 1177.554 6.3138 0.0 
1664000 1828 999.999 1982524.96 1191.17 6.3103 0.0 
1665000 1829 999.999 1983384.907 1196.925 6.3104 0.0 
1666000 1830 999.999 1984924.136 1195.006 6.3104 0.0 
1667000 1831 999.999 1985814.451 1193.49 6.3137 0.0 
1668000 1832 999.999 1987245.489 1187.469 6.311 0.0 
1669000 1833 999.999 1988318.281 1195.44 6.3145 0.0 
1670000 1834 999.999 1990034.928 1196.788 6.3111 0.0 
1671000 1835 999.999 1991999.534 1212.309 6.313 0.0 
1672000 1836 999.999 1993867.45 1227.434 6.313 0.0 
1673000 1837 999.999 1995813.545 1237.706 6.3126 0.0 
1674000 1838 999.999 1997548.469 1249.091 6.3136 0.0 
1675000 1839 999.999 1999161.863 1259.266 6.3078 0.0 
1676000 1840 999.999 2000836.495 1272.097 6.3058 0.0 
1677000 1841 999.999 2001530.073 1268.19 6.3044 0.0 
1678000 1842 999.999 2002367.446 1255.81 6.3026 0.0 
1679000 1843 999.999 2003589.512 1248.472 6.304 0.0 
1680000 1844 1000.0 2004903.381 1247.079 6.3022 0.0 
1681000 1845 1000.0 2006856.16 1259.766 6.3048 0.0 
1682000 1846 1000.0 2008181.899 1275.757 6.3012 0.0 
1683000 1847 1000.0 2009113.461 1261.887 6.3025 0.0 
1684000 1848 1000.0 2010549.658 1258.607 6.3085 0.0 
1685000 1849 1000.0 2011815.091 1272.421 6.3125 0.0 
1686000 1850 1000.0 2012863.127 1267.416 6.3148 0.0 
1687000 1851 1000.0 2013427.014 1253.346 6.3136 0.0 
1688000 1852 1000.0 2014531.346 1237.817 6.3131 0.0 
1689000 1853 1000.0 2016418.4 1247.772 6.3134 0.0 
1690000 1854 1000.0 2018230.724 1264.363 6.318 0.0 
1691000 1855 1000.0 2020054.512 1276.773 6.3168 0.0 
1692000 1856 1000.0 2021651.46 1281.558 6.3139 0.0 
1693000 1857 1000.0 2022851.208 1291.303 6.3146 0.0 
1694000 1858 1000.0 2023936.84 1287.58 6.3128 0.0 
1695000 1859 1000.0 2025126.027 1273.167 6.3142 0.0 
1696000 1860 1000.0 2026258.196 1281.072 6.314 0.0 
1697000 1861 1000.0 2026766.469 1267.76 6.3147 0.0 
1698000 1862 1000.0 2027991.329 1253.992 6.3164 0.0 
1699000 1863 1000.0 2028808.455 1255.21 6.3161 0.0 
1700000 1864 1000.0 2029497.303 1244.068 6.3163 0.0 
1701000 1865 1000.0 2030814.196 1233.532 6.316 0.0 
1702000 1866 1000.0 2032124.937 1238.598 6.3173 0.0 
1703000 1867 1000.0 2033081.775 1244.195 6.3142 0.0 
1704000 1868 1000.0 2034525.288 1230.783 6.3126 0.0 
1705000 1869 1000.0 2035825.436 1248.622 6.3137 0.0 
1706000 1870 1000.0 2036479.057 1236.29 6.3171 0.0 
1707000 1871 1000.0 2038112.79 1230.771 6.3163 0.0 
1708000 1872 1000.0 2040137.434 1244.792 6.3153 0.0 
1709000 1873 1000.0 2041975.531 1257.898 6.3156 0.0 
1710000 1874 1000.0 2043865.92 1271.203 6.3193 0.0 
1711000 1875 1000.0 2044460.342 1271.517 6.3205 0.0 
1712000 1876 1000.0 2045642.74 1257.998 6.3246 0.0 
1713000 1877 1000.0 2046211.326 1257.492 6.3212 0.0 
1714000 1878 1000.0 2046739.202 1240.692 6.322 0.0 
1715000 1879 1000.0 2047387.105 1230.087 6.3227 0.0 
1716000 1880 1000.0 2048620.125 1217.107 6.3282 0.0 
1717000 1881 1000.0 2049798.557 1229.012 6.3273 0.0 
1718000 1882 1000.0 2050525.796 1218.151 6.3269 0.0 
1719000 1883 1000.0 2051885.569 1205.509 6.3239 0.0 
1720000 1884 1000.0 2052984.279 1218.251 6.3239 0.0 
1721000 1885 1000.0 2053620.293 1206.724 6.3273 0.0 
1722000 1886 1000.0 2054207.408 1196.193 6.3285 0.0 
1723000 1887 1000.0 2055424.311 1182.521 6.3293 0.0 
1724000 1888 1000.0 2056479.041 1182.781 6.3288 0.0 
1725000 1889 1000.0 2057841.004 1183.048 6.3279 0.0 
1726000 1890 1000.0 2059813.045 1197.36 6.3256 0.0 
1727000 1891 1000.0 2061545.129 1211.027 6.3227 0.0 
1728000 1892 1000.0 2062135.66 1211.16 6.325 0.0 
1729000 1893 1000.0 2063463.634 1199.297 6.3262 0.0 
1730000 1894 1000.0 2064509.055 1200.715 6.3269 0.0 
1731000 1895 1000.0 2066187.502 1205.047 6.3249 0.0 
1732000 1896 1000.0 2067256.922 1211.812 6.3214 0.0 
1733000 1897 1000.0 2067674.407 1205.674 6.3215 0.0 
1734000 1898 1000.0 2067948.818 1186.966 6.3211 0.0 
1735000 1899 1000.0 2068186.489 1167.958 6.3238 0.0 
1736000 1900 1000.0 2069104.672 1149.366 6.3236 0.0 
1737000 1901 1000.0 2070436.812 1149.117 6.3239 0.0 
1738000 1902 1000.0 2071331.448 1156.217 6.3208 0.0 
1739000 1903 1000.0 2072639.416 1148.077 6.3217 0.0 
1740000 1904 1000.0 2074309.643 1154.885 6.324 0.0 
1741000 1905 1000.0 2075408.91 1163.916 6.321 0.0 
1742000 1906 1000.0 2076482.474 1158.042 6.3191 0.0 
1743000 1907 1000.0 2077735.8 1158.799 6.3166 0.0 
1744000 1908 1000.0 2079430.021 1166.734 6.3145 0.0 
1745000 1909 1000.0 2081140.388 1176.191 6.3141 0.0 
1746000 1910 1000.0 2082292.981 1182.185 6.3118 0.0 
1747000 1911 1000.0 2083338.377 1183.643 6.3131 0.0 
1748000 1912 1000.0 2084248.275 1174.696 6.3171 0.0 
1749000 1913 1000.0 2085322.519 1168.821 6.3193 0.0 
1750000 1914 1000.0 2086570.949 1170.748 6.3168 0.0 
1751000 1915 1000.0 2087573.43 1170.045 6.3132 0.0 
1752000 1916 1000.0 2088922.459 1167.861 6.3115 0.0 
1753000 1917 1000.0 2090579.886 1182.502 6.317 0.0 
1754000 1918 1000.0 2091820.919 1180.395 6.3145 0.0 
1755000 1919 1000.0 2092744.562 1185.716 6.3165 0.0 
1756000 1920 1000.0 2093907.626 1175.547 6.3167 0.0 
1757000 1921 1000.0 2095687.495 1186.217 6.3159 0.0 
1758000 1922 1000.0 2097494.491 1202.536 6.3117 0.0 
1759000 1923 1000.0 2099207.998 1210.475 6.3091 0.0 
1760000 1924 1000.0 2100624.585 1212.418 6.3085 0.0 
1761000 1925 1000.0 2102796.016 1229.38 6.3076 0.0 
1762000 1926 1000.0 2104512.451 1247.235 6.3039 0.0 
1763000 1927 1000.0 2105823.764 1240.812 6.305 0.0 
1764000 1928 1000.0 2107601.596 1258.166 6.3081 0.0 
1765000 1929 1000.0 2108571.845 1258.405 6.309 0.0 
1766000 1930 1000.0 2110086.064 1259.328 6.3118 0.0 
1767000 1931 1000.0 2111145.242 1252.843 6.3107 0.0 
