10000 85 95.169 1231.506 11.719 0.1464 0.0 
20000 175 111.729 2450.074 13.702 0.1719 0.0 
30000 264 113.509 3689.46 14.049 0.177 0.0 
40000 352 117.146 4921.842 14.549 0.1841 0.0 
50000 433 121.232 6163.343 14.983 0.1909 0.0 
60000 522 113.062 7405.475 13.993 0.1782 0.0 
70000 607 115.611 8649.821 14.373 0.755 0.0 
80000 696 109.595 9883.993 13.418 1.1327 0.0 
90000 789 109.068 11091.805 13.257 1.1919 0.0 
100000 880 110.023 12321.114 13.544 1.2163 0.0 
110000 970 108.564 13543.719 13.246 1.207 0.0 
120000 1056 115.185 14776.685 14.168 1.2755 0.0 
130000 1143 113.717 16007.056 13.995 1.2593 0.0 
140000 1234 109.84 17230.693 13.483 1.2096 0.0 
150000 1322 112.377 18463.032 13.871 1.2316 0.0 
160000 1405 117.722 19710.347 14.711 1.2964 0.0 
170000 1492 113.855 20949.098 14.113 1.2635 0.0 
180000 1577 117.266 22190.819 14.585 1.3022 0.0 
190000 1666 114.726 23422.947 14.223 1.2669 0.0 
200000 1752 112.175 24658.174 13.771 1.2432 0.0 
210000 1841 114.679 25870.648 14.01 1.2612 0.0 
220000 1925 116.629 27106.155 14.3 1.2862 0.0 
230000 2014 111.781 28341.466 13.795 1.2287 0.0 
240000 2108 105.418 29566.048 12.847 1.16 0.0 
250000 2200 107.405 30785.171 13.113 1.188 0.0 
260000 2290 109.655 32002.286 13.346 1.2144 0.0 
270000 2379 111.661 33234.252 13.745 1.2408 0.0 
280000 2467 115.342 34485.609 14.511 1.2737 0.0 
290000 2558 110.446 35717.503 13.629 1.2171 0.0 
300000 2643 118.105 36965.244 14.762 1.318 0.0 
310000 2728 117.905 38221.369 14.847 1.3035 0.0 
320000 2818 111.276 39435.964 13.575 1.2373 0.0 
330000 2902 118.531 40676.5 14.723 1.3079 0.0 
340000 2994 112.164 41915.437 14.012 1.24 0.0 
350000 3080 114.359 43165.065 14.239 1.2619 0.0 
360000 3169 111.167 44399.512 13.734 1.2259 0.0 
370000 3253 117.234 45646.859 14.63 1.2965 0.0 
380000 3340 116.759 46901.041 14.6 1.3028 0.0 
390000 3429 111.689 48132.187 13.767 1.2363 0.0 
400000 3521 109.95 49357.96 13.514 1.223 0.0 
410000 3608 113.328 50586.83 13.932 1.2578 0.0 
420000 3692 122.043 51835.076 15.363 1.3481 0.0 
430000 3781 111.474 53060.067 13.707 1.2269 0.0 
440000 3862 120.367 54300.295 14.953 1.3403 0.0 
450000 3948 120.454 55530.581 14.954 1.3318 0.0 
460000 4038 114.598 56768.259 14.156 1.2785 0.0 
470000 4121 115.779 58024.691 14.411 1.2863 0.0 
480000 4206 115.741 59272.518 14.387 1.291 0.0 
490000 4294 112.704 60500.838 13.842 1.2514 0.0 
500000 4385 111.995 61734.654 13.838 1.2475 0.0 
510000 4479 106.417 62947.249 12.843 1.181 0.0 
520000 4566 114.678 64187.533 14.179 1.2762 0.0 
530000 4651 114.785 65419.807 14.114 1.2645 0.0 
540000 4737 116.652 66664.243 14.511 1.2798 0.0 
550000 4826 111.702 67896.499 13.772 1.2359 0.0 
560000 4921 105.627 69104.913 12.814 1.1648 0.0 
570000 5010 112.068 70345.592 13.887 1.2447 0.0 
580000 5099 113.035 71588.443 14.023 1.2512 0.0 
590000 5190 113.227 72823.119 14.083 1.2457 0.0 
600000 5273 121.518 74057.231 15.019 1.3446 0.0 
610000 5360 117.468 75293.666 14.504 1.2929 0.0 
620000 5446 118.085 76514.586 14.425 1.3219 0.0 
630000 5534 110.795 77758.277 13.662 1.2218 0.0 
640000 5619 117.6 78994.792 14.546 1.2994 0.0 
650000 5704 114.093 80247.751 14.169 1.2573 0.0 
660000 5793 111.073 81476.131 13.634 1.2219 0.0 
670000 5881 114.98 82707.948 14.175 1.2634 0.0 
680000 5966 117.28 83939.44 14.409 1.2864 0.0 
690000 6054 112.979 85170.542 13.853 1.2474 0.0 
700000 6139 116.484 86408.181 14.355 1.2834 0.0 
710000 6230 111.72 87611.762 13.536 1.2398 0.0 
720000 6314 116.504 88857.634 14.412 1.2947 0.0 
730000 6398 116.978 90088.675 14.388 1.2996 0.0 
740000 6489 110.512 91319.866 13.551 1.2178 0.0 
750000 6574 117.389 92555.425 14.636 1.2843 0.0 
760000 6664 109.294 93786.325 13.406 1.2082 0.0 
770000 6752 111.216 95005.706 13.514 1.2316 0.0 
780000 6839 115.18 96244.532 14.185 1.2818 0.0 
790000 6932 110.073 97472.906 13.615 1.2111 0.0 
800000 7016 122.828 98720.182 15.387 1.3529 0.0 
810000 7109 109.558 99932.798 13.386 1.2129 0.0 
820000 7197 114.022 101154.059 13.925 1.2721 0.0 
830000 7280 122.82 102384.09 15.221 1.3493 0.0 
840000 7367 118.477 103625.659 14.756 1.3107 0.0 
850000 7449 121.453 104871.489 15.069 1.3583 0.0 
860000 7538 113.474 106107.469 14.055 1.2574 0.0 
870000 7626 116.039 107330.649 14.305 1.2872 0.0 
880000 7719 109.919 108536.646 13.304 1.2128 0.0 
890000 7805 113.38 109770.58 13.913 1.2507 0.0 
900000 7884 124.039 111020.07 15.444 1.3676 0.0 
910000 7971 114.786 112249.568 14.134 1.2681 0.0 
920000 8054 121.713 113486.972 15.123 1.3505 0.0 
930000 8143 115.275 114706.903 14.105 1.2813 0.0 
940000 8230 113.515 115949.208 13.938 1.2533 0.0 
950000 8315 117.391 117183.328 14.484 1.2893 0.0 
960000 8399 115.354 118435.355 14.343 1.2655 0.0 
970000 8494 106.113 119653.976 12.95 1.1661 0.0 
980000 8575 121.563 120913.679 15.29 1.3413 0.0 
990000 8664 114.96 122145.993 14.282 1.2738 0.0 
1000000 8755 110.679 123377.759 13.616 1.2336 0.0 
1010000 8837 120.342 124615.102 14.873 1.3311 0.0 
1020000 8923 117.834 125835.804 14.483 1.2984 0.0 
1030000 9009 112.298 127058.394 13.665 1.2491 0.0 
1040000 9092 118.636 128299.325 14.631 1.3237 0.0 
1050000 9179 113.198 129526.656 13.853 1.2691 0.0 
1060000 9260 120.887 130787.754 15.134 1.3442 0.0 
1070000 9348 115.299 132019.654 14.335 1.274 0.0 
1080000 9434 113.682 133256.14 14.077 1.2574 0.0 
1090000 9521 115.361 134503.162 14.447 1.2818 0.0 
1100000 9610 115.79 135736.512 14.339 1.2901 0.0 
1110000 9697 114.228 136977.783 14.125 1.2625 0.0 
1120000 9784 114.646 138203.776 14.089 1.2617 0.0 
1130000 9871 117.281 139433.91 14.45 1.2944 0.0 
1140000 9954 117.86 140670.415 14.527 1.3185 0.0 
1150000 10044 115.71 141900.093 14.335 1.2755 0.0 
1160000 10132 114.026 143144.401 14.162 1.257 0.0 
1170000 10222 111.957 144364.119 13.721 1.2379 0.0 
1180000 10314 113.29 145583.086 13.88 1.2543 0.0 
1190000 10400 117.331 146808.437 14.385 1.29 0.0 
1200000 10489 113.552 148044.186 14.033 1.2592 0.0 
1210000 10576 114.244 149268.999 13.989 1.2701 0.0 
1220000 10665 112.99 150499.307 13.887 1.2566 0.0 
1230000 10757 112.475 151722.895 13.841 1.2491 0.0 
1240000 10848 108.522 152935.524 13.121 1.2047 0.0 
1250000 10939 109.434 154154.38 13.295 1.2173 0.0 
1260000 11034 104.855 155370.707 12.795 1.1668 0.0 
1270000 11118 119.345 156617.414 14.875 1.3323 0.0 
1280000 11206 116.892 157840.971 14.413 1.2955 0.0 
1290000 11292 113.707 159060.766 13.862 1.2555 0.0 
1300000 11380 111.043 160289.705 13.595 1.2207 0.0 
1310000 11468 114.046 161519.187 14.004 1.2647 0.0 
1320000 11559 112.815 162741.169 13.787 1.2454 0.0 
1330000 11646 114.912 163983.776 14.21 1.2716 0.0 
1340000 11731 115.891 165226.203 14.371 1.2771 0.0 
1350000 11815 120.954 166474.489 15.119 1.3417 0.0 
1360000 11898 120.002 167718.512 14.909 1.3279 0.0 
1370000 11988 110.565 168949.286 13.544 1.2284 0.0 
1380000 12079 108.823 170176.746 13.292 1.1974 0.0 
1390000 12165 115.739 171414.594 14.307 1.2838 0.0 
1400000 12250 116.174 172641.471 14.277 1.2794 0.0 
1410000 12331 121.702 173891.577 15.15 1.3367 0.0 
1420000 12416 117.695 175125.265 14.568 1.2924 0.0 
1430000 12504 110.941 176360.368 13.693 1.2144 0.0 
1440000 12595 109.978 177587.667 13.47 1.2044 0.0 
1450000 12679 114.407 178835.44 14.187 1.2545 0.0 
1460000 12764 116.864 180074.992 14.47 1.2819 0.0 
1470000 12850 118.253 181312.572 14.686 1.3043 0.0 
1480000 12937 115.358 182542.55 14.244 1.2769 0.0 
1490000 13027 111.589 183776.659 13.789 1.2224 0.0 
1500000 13117 110.665 185016.239 13.65 1.2128 0.0 
1510000 13210 107.743 186238.155 13.238 1.1871 0.0 
1520000 13298 112.671 187474.029 13.887 1.245 0.0 
1530000 13383 116.514 188715.776 14.454 1.2837 0.0 
1540000 13469 115.636 189955.826 14.319 1.2775 0.0 
1550000 13558 111.948 191191.279 13.847 1.2477 0.0 
1560000 13645 112.949 192399.188 13.679 1.2471 0.0 
1570000 13732 115.001 193620.112 14.038 1.2647 0.0 
1580000 13818 116.185 194851.003 14.309 1.2803 0.0 
1590000 13909 110.899 196062.254 13.506 1.2214 0.0 
1600000 13996 112.355 197295.802 13.804 1.2318 0.0 
1610000 14083 117.629 198535.689 14.592 1.3004 0.0 
1620000 14170 115.817 199749.417 14.081 1.2833 0.0 
1630000 14258 114.11 200979.548 14.045 1.2585 0.0 
1640000 14348 113.039 202202.195 13.883 1.2527 0.0 
1650000 14438 111.357 203424.492 13.612 1.2304 0.0 
1660000 14527 109.687 204651.433 13.437 1.2116 0.0 
1670000 14614 114.94 205867.219 14.009 1.2749 0.0 
1680000 14699 119.44 207103.268 14.728 1.3114 0.0 
1690000 14793 105.481 208325.231 12.856 1.1573 0.0 
1700000 14880 111.336 209546.695 13.573 1.2206 0.0 
1710000 14965 117.697 210782.748 14.483 1.2957 0.0 
1720000 15053 113.183 211995.882 13.845 1.247 0.0 
1730000 15142 109.274 213221.693 13.309 1.2132 0.0 
1740000 15223 115.718 214452.215 14.142 1.2862 0.0 
1750000 15311 115.939 215662.446 14.109 1.2876 0.0 
1760000 15398 116.377 216876.313 14.163 1.2794 0.0 
1770000 15490 109.196 218087.514 13.206 1.1956 0.0 
1780000 15575 117.07 219314.847 14.294 1.2911 0.0 
1790000 15662 117.591 220555.437 14.535 1.2919 0.0 
1800000 15750 114.838 221780.287 14.082 1.2613 0.0 
1810000 15836 115.693 223014.509 14.29 1.2753 0.0 
1820000 15923 116.037 224235.009 14.167 1.281 0.0 
1830000 16015 108.799 225464.429 13.319 1.1969 0.0 
1840000 16098 115.571 226700.941 14.292 1.2831 0.0 
1850000 16190 108.606 227920.384 13.287 1.2075 0.0 
1860000 16274 117.338 229143.782 14.394 1.2943 0.0 
1870000 16358 117.847 230367.519 14.37 1.2997 0.0 
1880000 16445 115.542 231598.726 14.264 1.279 0.0 
1890000 16530 114.774 232831.801 14.078 1.2787 0.0 
1900000 16620 110.413 234053.277 13.47 1.2231 0.0 
1910000 16712 109.229 235275.117 13.367 1.2175 0.0 
1920000 16801 111.793 236493.135 13.609 1.2409 0.0 
1930000 16889 112.811 237718.739 13.849 1.2498 0.0 
1940000 16978 114.115 238947.393 14.043 1.2683 0.0 
1950000 17068 112.119 240165.164 13.667 1.2398 0.0 
1960000 17153 117.934 241418.037 14.704 1.2938 0.0 
1970000 17240 116.632 242641.807 14.338 1.287 0.0 
1980000 17331 109.169 243861.824 13.228 1.2037 0.0 
1990000 17419 112.721 245096.257 13.839 1.2668 0.0 
2000000 17506 114.148 246312.593 13.893 1.2673 0.0 
2010000 17596 111.563 247535.25 13.626 1.2401 0.0 
2020000 17681 115.463 248764.978 14.14 1.2746 0.0 
2030000 17780 107.752 249963.012 13.122 1.1842 0.0 
2040000 17864 116.307 251182.237 14.223 1.2818 0.0 
2050000 17953 111.691 252402.087 13.597 1.2556 0.0 
2060000 18044 107.44 253602.341 12.857 1.1978 0.0 
2070000 18132 113.253 254817.31 13.777 1.2687 0.0 
2080000 18216 118.238 256058.878 14.637 1.3084 0.0 
2090000 18303 114.713 257284.45 14.102 1.2673 0.0 
2100000 18390 114.202 258516.583 14.025 1.2633 0.0 
2110000 18478 112.263 259754.049 13.783 1.2359 0.0 
2120000 18565 115.353 260987.695 14.239 1.2783 0.0 
2130000 18656 110.428 262213.614 13.519 1.2308 0.0 
2140000 18748 108.148 263422.95 13.111 1.2045 0.0 
2150000 18837 110.82 264651.23 13.53 1.2449 0.0 
2160000 18923 115.963 265880.819 14.155 1.2992 0.0 
2170000 19013 110.737 267102.485 13.504 1.234 0.0 
2180000 19103 111.186 268320.388 13.51 1.2334 0.0 
2190000 19185 117.084 269553.378 14.335 1.2912 0.0 
2200000 19278 106.699 270771.75 12.958 1.1871 0.0 
2210000 19366 109.067 271990.555 13.223 1.2121 0.0 
2220000 19454 112.818 273214.595 13.733 1.2554 0.0 
2230000 19540 114.704 274449.527 14.096 1.277 0.0 
2240000 19628 116.685 275668.547 14.254 1.2943 0.0 
2250000 19719 110.142 276892.013 13.448 1.2166 0.0 
2260000 19809 112.824 278101.57 13.614 1.2585 0.0 
2270000 19898 110.246 279318.885 13.383 1.2271 0.0 
2280000 19988 112.039 280531.686 13.688 1.2396 0.0 
2290000 20081 110.774 281739.004 13.432 1.2309 0.0 
2300000 20173 110.917 282946.77 13.433 1.2313 0.0 
2310000 20258 114.634 284169.38 13.962 1.2674 0.0 
2320000 20343 114.829 285408.541 14.172 1.2678 0.0 
2330000 20429 114.329 286648.041 14.184 1.2735 0.0 
2340000 20519 111.057 287872.953 13.662 1.2277 0.0 
2350000 20609 111.519 289079.666 13.54 1.2384 0.0 
2360000 20696 115.339 290296.089 14.064 1.2712 0.0 
2370000 20787 113.154 291522.451 13.885 1.2649 0.0 
2380000 20872 116.391 292757.7 14.348 1.2964 0.0 
2390000 20965 107.972 293961.895 13.022 1.1883 0.0 
2400000 21045 119.756 295198.28 14.701 1.3365 0.0 
2410000 21135 111.337 296416.361 13.523 1.2464 0.0 
2420000 21226 109.035 297635.927 13.297 1.2022 0.0 
2430000 21318 110.899 298858.955 13.538 1.2308 0.0 
2440000 21403 118.502 300078.115 14.504 1.3085 0.0 
2450000 21497 109.14 301267.958 13.138 1.2036 0.0 
2460000 21584 115.639 302496.56 14.246 1.2747 0.0 
2470000 21678 108.628 303688.552 13.002 1.1959 0.0 
2480000 21770 109.209 304906.965 13.288 1.2097 0.0 
2490000 21857 116.217 306141.211 14.36 1.2914 0.0 
2500000 21945 111.979 307365.196 13.692 1.2394 0.0 
2510000 22037 107.548 308577.378 13.025 1.1882 0.0 
2520000 22123 114.721 309801.059 14.156 1.2812 0.0 
2530000 22209 117.545 311021.47 14.368 1.3033 0.0 
2540000 22296 116.952 312267.422 14.561 1.289 0.0 
2550000 22387 108.315 313482.977 13.088 1.1987 0.0 
2560000 22472 116.188 314712.272 14.246 1.2925 0.0 
2570000 22565 108.297 315911.937 13.025 1.2017 0.0 
2580000 22656 108.41 317122.811 13.065 1.2038 0.0 
2590000 22743 116.942 318357.601 14.457 1.3001 0.0 
2600000 22834 112.174 319562.487 13.623 1.2488 0.0 
2610000 22920 115.199 320776.803 13.88 1.2933 0.0 
2620000 23007 112.038 321996.403 13.635 1.2485 0.0 
2630000 23094 115.088 323215.552 14.032 1.2765 0.0 
2640000 23184 112.648 324434.808 13.744 1.2363 0.0 
2650000 23273 115.166 325649.384 14.109 1.2794 0.0 
2660000 23367 106.933 326853.627 12.836 1.1806 0.0 
2670000 23458 109.871 328064.121 13.3 1.2296 0.0 
2680000 23545 113.91 329282.968 13.929 1.2572 0.0 
2690000 23631 116.345 330487.042 14.124 1.2786 0.0 
2700000 23723 105.888 331688.579 12.685 1.1695 0.0 
2710000 23812 112.171 332898.136 13.475 1.2361 0.0 
2720000 23901 110.91 334109.279 13.329 1.2187 0.0 
2730000 23992 107.678 335298.735 12.79 1.1829 0.0 
2740000 24079 111.875 336492.689 13.323 1.2418 0.0 
2750000 24166 113.362 337696.822 13.569 1.271 0.0 
2760000 24251 115.923 338926.845 14.226 1.2917 0.0 
2770000 24338 117.366 340143.936 14.405 1.3057 0.0 
2780000 24425 114.338 341378.935 14.058 1.2608 0.0 
2790000 24515 111.501 342597.568 13.625 1.2303 0.0 
2800000 24599 119.033 343835.694 14.738 1.3153 0.0 
2810000 24685 116.43 345047.658 14.189 1.2895 0.0 
2820000 24775 109.783 346252.074 13.248 1.2204 0.0 
2830000 24863 109.889 347468.727 13.347 1.2203 0.0 
2840000 24946 117.788 348703.154 14.447 1.2987 0.0 
2850000 25034 115.642 349929.214 14.191 1.2754 0.0 
2860000 25124 110.509 351135.854 13.37 1.2182 0.0 
2870000 25212 111.045 352335.574 13.324 1.2234 0.0 
2880000 25301 111.591 353543.572 13.466 1.2293 0.0 
2890000 25389 114.231 354762.322 13.839 1.2571 0.0 
2900000 25479 111.414 355979.803 13.525 1.2315 0.0 
2910000 25563 117.514 357208.101 14.359 1.3095 0.0 
2920000 25650 114.01 358438.835 13.951 1.2623 0.0 
2930000 25736 118.098 359658.512 14.388 1.2997 0.0 
2940000 25825 112.502 360865.926 13.639 1.2377 0.0 
2950000 25908 122.141 362084.269 15.059 1.3513 0.0 
2960000 26001 110.521 363299.609 13.404 1.2299 0.0 
2970000 26084 117.61 364532.236 14.456 1.3126 0.0 
2980000 26170 117.551 365745.168 14.353 1.3052 0.0 
2990000 26260 109.911 366961.044 13.23 1.2249 0.0 
3000000 26349 111.345 368172.241 13.468 1.2284 0.0 
3010000 26436 114.028 369393.957 13.968 1.2508 0.0 
3020000 26526 109.739 370590.885 13.095 1.2058 0.0 
3030000 26613 113.324 371812.044 13.811 1.2564 0.0 
3040000 26704 108.187 373016.261 12.975 1.1946 0.0 
3050000 26791 115.828 374228.994 14.046 1.2757 0.0 
3060000 26880 115.612 375446.57 14.075 1.2819 0.0 
3070000 26967 115.258 376684.311 14.277 1.2706 0.0 
3080000 27055 112.472 377890.563 13.507 1.2399 0.0 
3090000 27138 119.771 379101.797 14.459 1.3286 0.0 
3100000 27230 109.68 380316.649 13.314 1.2181 0.0 
3110000 27318 112.633 381533.928 13.67 1.2488 0.0 
3120000 27413 107.795 382725.841 12.86 1.2103 0.0 
3130000 27499 115.673 383943.944 14.001 1.2789 0.0 
3140000 27583 118.985 385181.466 14.658 1.3145 0.0 
3150000 27673 110.828 386382.017 13.342 1.227 0.0 
3160000 27762 110.475 387591.507 13.375 1.2293 0.0 
3170000 27854 109.813 388805.875 13.414 1.2284 0.0 
3180000 27943 115.106 390020.819 13.975 1.2788 0.0 
3190000 28027 116.143 391229.975 13.93 1.2911 0.0 
3200000 28118 108.185 392453.166 13.077 1.2052 0.0 
3210000 28200 118.667 393666.635 14.392 1.3137 0.0 
3220000 28291 108.083 394880.441 13.084 1.2002 0.0 
3230000 28378 116.75 396092.131 14.246 1.3022 0.0 
3240000 28467 111.98 397298.281 13.506 1.2406 0.0 
3250000 28555 112.122 398496.392 13.489 1.2393 0.0 
3260000 28642 114.746 399721.815 14.019 1.2686 0.0 
3270000 28731 114.368 400928.127 13.977 1.2653 0.0 
3280000 28820 110.256 402132.857 13.226 1.2367 0.0 
3290000 28898 121.707 403359.939 14.84 1.3577 0.0 
3300000 28984 116.406 404571.309 14.036 1.2887 0.0 
3310000 29070 114.689 405776.356 13.743 1.2714 0.0 
3320000 29161 109.197 406976.449 13.067 1.2127 0.0 
3330000 29254 105.373 408171.737 12.509 1.1722 0.0 
3340000 29342 114.488 409391.262 13.898 1.282 0.0 
3350000 29426 118.201 410608.972 14.367 1.3215 0.0 
3360000 29512 116.838 411814.73 14.03 1.2975 0.0 
3370000 29600 116.107 413025.379 14.095 1.2918 0.0 
3380000 29688 113.764 414237.332 13.774 1.2562 0.0 
3390000 29771 116.476 415451.116 14.143 1.3057 0.0 
3400000 29861 108.586 416638.758 12.827 1.2032 0.0 
3410000 29942 125.05 417858.121 15.241 1.3777 0.0 
3420000 30037 110.92 419038.191 13.218 1.2174 0.0 
3430000 30129 112.057 420230.059 13.392 1.2385 0.0 
3440000 30219 114.435 421441.831 13.957 1.2748 0.0 
3450000 30304 116.23 422650.822 14.046 1.288 0.0 
3460000 30389 112.589 423872.894 13.576 1.2418 0.0 
3470000 30481 111.742 425079.218 13.518 1.2382 0.0 
3480000 30569 115.121 426278.122 13.857 1.2888 0.0 
3490000 30661 106.591 427481.942 12.71 1.1922 0.0 
3500000 30749 111.429 428671.925 13.264 1.2459 0.0 
3510000 30830 121.447 429885.665 14.719 1.3553 0.0 
3520000 30921 112.028 431097.386 13.545 1.2563 0.0 
3530000 31013 108.806 432309.008 13.1 1.215 0.0 
3540000 31105 107.77 433509.177 12.923 1.1992 0.0 
3550000 31189 115.067 434737.34 14.053 1.2724 0.0 
3560000 31275 115.223 435930.96 13.869 1.2795 0.0 
3570000 31367 110.842 437113.548 13.148 1.2386 0.0 
3580000 31454 111.967 438330.841 13.463 1.2319 0.0 
3590000 31542 110.315 439532.74 13.237 1.2192 0.0 
3600000 31625 119.601 440740.178 14.515 1.3253 0.0 
3610000 31711 117.161 441947.382 14.184 1.2954 0.0 
3620000 31798 114.569 443167.013 13.921 1.2747 0.0 
3630000 31881 118.712 444371.091 14.286 1.3203 0.0 
3640000 31966 115.952 445594.27 14.13 1.2844 0.0 
3650000 32050 121.185 446819.319 14.821 1.3403 0.0 
3660000 32135 117.537 448048.817 14.482 1.3012 0.0 
3670000 32224 112.437 449252.298 13.612 1.2371 0.0 
3680000 32314 110.265 450458.74 13.26 1.2174 0.0 
3690000 32400 112.852 451651.491 13.418 1.2454 0.0 
3700000 32490 112.902 452862.521 13.581 1.2411 0.0 
3710000 32575 115.677 454069.308 13.864 1.2753 0.0 
3720000 32667 109.527 455263.631 13.076 1.2264 0.0 
3730000 32759 107.084 456461.576 12.846 1.1919 0.0 
3740000 32849 112.085 457668.661 13.487 1.2383 0.0 
3750000 32935 113.437 458873.22 13.646 1.2505 0.0 
3760000 33025 110.157 460085.208 13.318 1.2119 0.0 
3770000 33114 111.636 461289.842 13.49 1.2362 0.0 
3780000 33210 104.52 462467.707 12.356 1.1537 0.0 
3790000 33297 109.937 463655.117 12.95 1.2082 0.0 
3800000 33385 112.637 464882.219 13.823 1.2486 0.0 
3810000 33476 110.514 466089.598 13.396 1.225 0.0 
3820000 33563 116.353 467299.113 14.164 1.2871 0.0 
3830000 33649 113.929 468498.746 13.664 1.2635 0.0 
3840000 33738 114.425 469702.847 13.766 1.2661 0.0 
3850000 33826 112.161 470915.796 13.603 1.2361 0.0 
3860000 33910 119.344 472127.138 14.521 1.3194 0.0 
3870000 33996 117.744 473330.774 14.211 1.3071 0.0 
3880000 34081 118.814 474544.508 14.444 1.3105 0.0 
3890000 34172 109.827 475737.756 13.183 1.2216 0.0 
3900000 34264 108.096 476922.627 12.887 1.1989 0.0 
3910000 34349 117.289 478138.174 14.275 1.2992 0.0 
3920000 34441 109.65 479326.879 13.083 1.2218 0.0 
3930000 34526 117.237 480526.038 13.985 1.3076 0.0 
3940000 34614 113.849 481735.022 13.76 1.2642 0.0 
3950000 34702 112.955 482933.978 13.616 1.2505 0.0 
3960000 34792 112.048 484131.536 13.464 1.2507 0.0 
3970000 34882 112.402 485339.286 13.617 1.2409 0.0 
3980000 34966 120.363 486542.379 14.5 1.3321 0.0 
3990000 35054 115.359 487755.814 14.044 1.272 0.0 
4000000 35142 113.193 488932.305 13.41 1.2635 0.0 
4010000 35230 113.133 490118.957 13.432 1.2554 0.0 
4020000 35318 111.9 491306.109 13.296 1.2371 0.0 
4030000 35406 115.373 492496.99 13.698 1.2849 0.0 
4040000 35492 118.086 493678.842 13.971 1.3172 0.0 
4050000 35586 110.646 494865.248 13.22 1.2348 0.0 
4060000 35668 117.043 496065.623 13.954 1.3025 0.0 
4070000 35751 120.154 497263.534 14.359 1.3298 0.0 
4080000 35843 109.856 498463.8 13.183 1.2146 0.0 
4090000 35931 112.039 499647.146 13.232 1.2306 0.0 
4100000 36024 108.118 500858.457 13.086 1.2022 0.0 
4110000 36116 108.304 502062.454 13.044 1.196 0.0 
4120000 36205 108.143 503269.922 12.997 1.2003 0.0 
4130000 36294 109.548 504468.872 13.131 1.2111 0.0 
4140000 36389 106.785 505657.299 12.74 1.1796 0.0 
4150000 36476 116.259 506852.758 13.859 1.2921 0.0 
4160000 36559 118.659 508070.844 14.415 1.3164 0.0 
4170000 36644 118.082 509273.242 14.305 1.304 0.0 
4180000 36730 117.181 510483.291 14.312 1.2947 0.0 
4190000 36817 116.502 511686.881 14.162 1.2865 0.0 
4200000 36905 111.917 512908.355 13.61 1.2379 0.0 
4210000 36995 109.867 514098.688 13.124 1.2137 0.0 
4220000 37085 109.882 515279.048 12.999 1.2191 0.0 
4230000 37174 110.107 516470.187 13.065 1.2192 0.0 
4240000 37265 109.812 517664.411 13.089 1.2162 0.0 
4250000 37349 118.295 518866.466 14.195 1.3093 0.0 
4260000 37433 119.751 520049.635 14.179 1.3245 0.0 
4270000 37517 119.215 521252.314 14.201 1.311 0.0 
4280000 37602 117.788 522458.286 14.172 1.2959 0.0 
4290000 37690 112.065 523656.893 13.298 1.2362 0.0 
4300000 37779 110.678 524842.111 13.024 1.2281 0.0 
4310000 37865 111.312 526049.506 13.365 1.2426 0.0 
4320000 37958 108.268 527242.643 12.897 1.199 0.0 
4330000 38042 117.78 528443.49 14.153 1.2981 0.0 
4340000 38134 108.603 529601.581 12.639 1.2016 0.0 
4350000 38222 112.514 530779.752 13.155 1.2428 0.0 
4360000 38312 113.705 531963.779 13.496 1.2642 0.0 
4370000 38402 111.287 533142.301 13.146 1.2478 0.0 
4380000 38489 112.267 534322.477 13.239 1.2526 0.0 
4390000 38579 113.255 535514.951 13.555 1.2554 0.0 
4400000 38662 117.778 536712.068 14.024 1.3161 0.0 
4410000 38748 115.71 537899.595 13.775 1.2859 0.0 
4420000 38835 112.236 539083.468 13.217 1.2435 0.0 
4430000 38927 108.165 540261.423 12.746 1.2028 0.0 
4440000 39021 107.178 541449.482 12.592 1.1921 0.0 
4450000 39113 108.495 542617.673 12.707 1.2023 0.0 
4460000 39200 116.212 543804.005 13.787 1.2878 0.0 
4470000 39283 120.258 544992.21 14.304 1.3364 0.0 
4480000 39373 115.821 546194.886 13.966 1.297 0.0 
4490000 39463 112.959 547391.841 13.588 1.2536 0.0 
4500000 39551 112.429 548577.477 13.332 1.2454 0.0 
4510000 39640 113.206 549763.076 13.404 1.253 0.0 
4520000 39734 106.331 550939.59 12.55 1.1772 0.0 
4530000 39821 112.624 552135.034 13.391 1.2526 0.0 
4540000 39911 109.146 553319.905 12.871 1.206 0.0 
4550000 39996 115.824 554512.706 13.789 1.2765 0.0 
4560000 40082 115.226 555704.847 13.698 1.2819 0.0 
4570000 40171 114.285 556879.632 13.491 1.2669 0.0 
4580000 40254 119.853 558088.073 14.405 1.3256 0.0 
4590000 40338 118.297 559289.868 14.181 1.3107 0.0 
4600000 40429 111.168 560482.578 13.298 1.2357 0.0 
4610000 40511 119.796 561686.574 14.376 1.337 0.0 
4620000 40599 115.278 562885.038 13.828 1.2712 0.0 
4630000 40688 114.615 564054.624 13.663 1.2668 0.0 
4640000 40775 113.042 565252.264 13.556 1.249 0.0 
4650000 40860 116.497 566457.465 14.05 1.2939 0.0 
4660000 40951 110.465 567632.781 13.044 1.2219 0.0 
4670000 41033 118.314 568828.236 14.082 1.3238 0.0 
4680000 41120 116.404 570015.071 13.975 1.2965 0.0 
4690000 41208 113.603 571215.909 13.651 1.2659 0.0 
4700000 41295 115.446 572398.092 13.693 1.2816 0.0 
4710000 41382 114.066 573596.039 13.657 1.2683 0.0 
4720000 41465 118.311 574791.042 14.174 1.3129 0.0 
4730000 41551 115.925 575996.759 13.894 1.2828 0.0 
4740000 41638 112.6 577180.627 13.365 1.2428 0.0 
4750000 41724 113.277 578365.615 13.536 1.2543 0.0 
4760000 41807 118.73 579549.578 14.038 1.3101 0.0 
4770000 41896 115.02 580724.684 13.542 1.2816 0.0 
4780000 41989 110.469 581903.625 13.006 1.2355 0.0 
4790000 42076 114.91 583094.384 13.715 1.2795 0.0 
4800000 42165 115.687 584273.675 13.707 1.289 0.0 
4810000 42249 117.281 585458.538 13.945 1.3156 0.0 
4820000 42338 112.735 586632.618 13.238 1.2567 0.0 
4830000 42425 115.941 587816.851 13.678 1.2872 0.0 
4840000 42513 113.429 588993.061 13.382 1.2649 0.0 
4850000 42598 113.436 590171.401 13.402 1.2624 0.0 
4860000 42681 119.154 591368.279 14.275 1.3282 0.0 
4870000 42765 116.845 592563.607 13.84 1.2928 0.0 
4880000 42853 116.241 593755.038 13.876 1.2857 0.0 
4890000 42940 116.56 594941.558 13.869 1.304 0.0 
4900000 43030 108.107 596110.574 12.588 1.1957 0.0 
4910000 43119 113.431 597276.743 13.207 1.2468 0.0 
4920000 43208 110.218 598457.817 12.986 1.2098 0.0 
4930000 43293 114.206 599628.754 13.376 1.2557 0.0 
4940000 43376 121.608 600816.248 14.384 1.3451 0.0 
4950000 43465 116.191 601979.419 13.63 1.2802 0.0 
4960000 43556 105.909 603169.805 12.517 1.1646 0.0 
4970000 43643 111.267 604340.17 13.054 1.2378 0.0 
4980000 43733 111.959 605515.823 13.16 1.2479 0.0 
4990000 43821 108.905 606682.638 12.602 1.2112 0.0 
5000000 43911 110.438 607872.235 13.123 1.2264 0.0 
5010000 43994 114.222 609072.337 13.654 1.263 0.0 
5020000 44079 116.983 610243.489 13.795 1.2957 0.0 
5030000 44170 106.382 611406.167 12.284 1.1795 0.0 
5040000 44254 117.323 612591.257 13.852 1.3106 0.0 
5050000 44338 121.444 613789.524 14.566 1.3481 0.0 
5060000 44427 110.763 614958.888 13.022 1.2232 0.0 
5070000 44514 112.394 616122.963 13.092 1.2504 0.0 
5080000 44599 118.149 617281.331 13.776 1.3138 0.0 
5090000 44689 112.67 618459.014 13.317 1.2491 0.0 
5100000 44771 118.305 619630.809 13.895 1.3175 0.0 
5110000 44859 113.611 620789.157 13.194 1.2775 0.0 
5120000 44943 120.413 621953.944 14.042 1.3447 0.0 
5130000 45031 112.815 623118.844 13.107 1.2639 0.0 
5140000 45121 110.395 624287.486 12.955 1.2402 0.0 
5150000 45206 117.51 625430.078 13.482 1.3131 0.0 
5160000 45292 116.772 626606.712 13.628 1.3096 0.0 
5170000 45379 118.491 627782.475 13.984 1.3124 0.0 
5180000 45467 115.549 628970.485 13.768 1.2801 0.0 
5190000 45558 106.742 630138.57 12.491 1.1775 0.0 
5200000 45648 111.27 631289.008 12.812 1.2288 0.0 
5210000 45735 109.349 632446.364 12.649 1.2112 0.0 
5220000 45822 115.026 633635.391 13.692 1.2646 0.0 
5230000 45906 117.699 634811.019 13.902 1.2976 0.0 
5240000 45997 112.528 635979.333 13.17 1.2468 0.0 
5250000 46085 113.305 637150.956 13.355 1.2483 0.0 
5260000 46167 119.23 638339.187 14.15 1.315 0.0 
5270000 46255 113.036 639499.849 13.16 1.2441 0.0 
5280000 46340 118.231 640685.745 14.037 1.3055 0.0 
5290000 46433 106.78 641854.871 12.397 1.1798 0.0 
5300000 46518 113.657 643018.226 13.173 1.254 0.0 
5310000 46606 113.018 644185.397 13.151 1.2411 0.0 
5320000 46692 113.058 645371.582 13.306 1.2395 0.0 
5330000 46779 113.014 646550.141 13.225 1.2419 0.0 
5340000 46863 116.674 647734.63 13.709 1.2939 0.0 
5350000 46947 117.242 648915.572 13.799 1.3075 0.0 
5360000 47031 118.176 650087.777 13.899 1.3204 0.0 
5370000 47115 119.437 651269.41 14.202 1.3227 0.0 
5380000 47199 120.696 652434.817 14.238 1.3434 0.0 
5390000 47291 112.747 653601.767 13.183 1.2503 0.0 
5400000 47380 108.117 654757.035 12.475 1.1993 0.0 
5410000 47472 107.92 655922.667 12.552 1.1926 0.0 
5420000 47555 119.1 657100.789 13.961 1.3127 0.0 
5430000 47644 113.33 658247.035 13.012 1.267 0.0 
5440000 47730 115.083 659408.48 13.311 1.2804 0.0 
5450000 47815 113.571 660567.687 13.2 1.2735 0.0 
5460000 47900 116.677 661746.442 13.702 1.2989 0.0 
5470000 47985 118.07 662920.326 13.829 1.3276 0.0 
5480000 48069 119.35 664065.863 13.66 1.3269 0.0 
5490000 48152 121.263 665248.198 14.258 1.3577 0.0 
5500000 48246 108.82 666397.763 12.472 1.2062 0.0 
5510000 48336 111.547 667567.502 13.0 1.2326 0.0 
5520000 48420 117.914 668745.347 13.882 1.3086 0.0 
5530000 48507 114.201 669931.933 13.411 1.2611 0.0 
5540000 48591 120.189 671110.364 14.254 1.3233 0.0 
5550000 48679 115.025 672287.057 13.598 1.2862 0.0 
5560000 48763 118.771 673447.857 13.824 1.3216 0.0 
5570000 48848 118.841 674635.63 14.108 1.3232 0.0 
5580000 48936 113.058 675816.055 13.307 1.2661 0.0 
5590000 49028 109.355 676968.557 12.722 1.2155 0.0 
5600000 49111 116.585 678128.104 13.432 1.2977 0.0 
5610000 49191 122.748 679309.029 14.422 1.3707 0.0 
5620000 49272 122.098 680482.379 14.141 1.3561 0.0 
5630000 49355 120.485 681653.067 14.086 1.3389 0.0 
5640000 49441 118.099 682825.941 13.85 1.3202 0.0 
5650000 49524 123.014 683991.078 14.351 1.3845 0.0 
5660000 49615 110.14 685148.541 12.793 1.2189 0.0 
5670000 49696 120.954 686340.531 14.396 1.3554 0.0 
5680000 49782 118.87 687516.709 14.066 1.3336 0.0 
5690000 49863 121.115 688707.115 14.381 1.356 0.0 
5700000 49952 112.862 689855.681 13.024 1.2526 0.0 
5710000 50040 114.076 691028.669 13.401 1.2639 0.0 
5720000 50127 115.069 692203.087 13.529 1.2689 0.0 
5730000 50216 114.904 693378.36 13.485 1.2682 0.0 
5740000 50302 114.67 694535.84 13.319 1.2732 0.0 
5750000 50393 106.903 695704.537 12.471 1.1891 0.0 
5760000 50480 115.011 696856.816 13.319 1.2845 0.0 
5770000 50569 113.882 698015.297 13.146 1.261 0.0 
5780000 50652 119.893 699183.341 13.989 1.3161 0.0 
5790000 50736 120.762 700354.347 14.085 1.3298 0.0 
5800000 50817 124.903 701521.196 14.567 1.3922 0.0 
5810000 50907 113.839 702685.36 13.18 1.2697 0.0 
5820000 50991 117.681 703831.089 13.441 1.3135 0.0 
5830000 51073 118.529 704986.772 13.723 1.3092 0.0 
5840000 51162 116.481 706149.008 13.612 1.2906 0.0 
5850000 51245 118.908 707313.654 13.858 1.3282 0.0 
5860000 51331 115.913 708480.688 13.47 1.2859 0.0 
5870000 51415 117.943 709631.785 13.683 1.3109 0.0 
5880000 51493 127.166 710818.512 15.042 1.4286 0.0 
5890000 51571 129.61 711989.607 15.193 1.4329 0.0 
5900000 51662 111.435 713156.476 12.784 1.251 0.0 
5910000 51741 124.2 714341.024 14.567 1.386 0.0 
5920000 51829 112.686 715493.336 13.036 1.2523 0.0 
5930000 51919 111.23 716661.241 13.011 1.2346 0.0 
5940000 52002 115.405 717830.74 13.408 1.2821 0.0 
5950000 52087 119.538 719006.705 14.073 1.3205 0.0 
5960000 52174 115.463 720155.937 13.337 1.2766 0.0 
5970000 52258 118.511 721316.086 13.717 1.3188 0.0 
5980000 52341 123.058 722480.101 14.342 1.3736 0.0 
5990000 52434 108.182 723646.508 12.584 1.2052 0.0 
6000000 52514 125.097 724827.24 14.713 1.3857 0.0 
6010000 52598 119.816 725982.281 13.884 1.326 0.0 
6020000 52684 114.116 727157.172 13.351 1.2631 0.0 
6030000 52771 114.09 728311.974 13.132 1.2744 0.0 
6040000 52860 114.043 729467.509 13.162 1.2767 0.0 
6050000 52945 117.516 730621.08 13.51 1.3034 0.0 
6060000 53026 122.901 731802.209 14.517 1.3624 0.0 
6070000 53113 117.381 732950.548 13.656 1.2905 0.0 
6080000 53191 124.344 734103.667 14.345 1.3801 0.0 
6090000 53280 112.642 735265.114 13.019 1.2647 0.0 
6100000 53370 109.405 736417.337 12.497 1.2285 0.0 
6110000 53450 123.172 737594.015 14.413 1.3699 0.0 
6120000 53532 121.0 738728.379 13.82 1.3432 0.0 
6130000 53615 119.048 739894.313 13.815 1.3293 0.0 
6140000 53697 117.411 741044.491 13.473 1.3093 0.0 
6150000 53788 109.367 742186.706 12.467 1.214 0.0 
6160000 53870 123.307 743354.0 14.329 1.3681 0.0 
6170000 53952 121.496 744517.416 14.119 1.3422 0.0 
6180000 54038 115.709 745678.921 13.435 1.2854 0.0 
6190000 54122 119.203 746820.091 13.628 1.3203 0.0 
6200000 54213 109.155 747982.189 12.654 1.2184 0.0 
6210000 54296 118.479 749127.024 13.625 1.3193 0.0 
6220000 54378 120.167 750287.114 13.865 1.3306 0.0 
6230000 54465 117.545 751425.555 13.465 1.3039 0.0 
6240000 54550 119.637 752591.481 13.99 1.3246 0.0 
6250000 54637 116.366 753746.594 13.376 1.295 0.0 
6260000 54722 117.733 754908.576 13.628 1.3099 0.0 
6270000 54811 113.197 756076.01 13.297 1.2618 0.0 
6280000 54896 118.24 757219.514 13.589 1.3112 0.0 
6290000 54985 112.391 758373.901 12.972 1.2537 0.0 
6300000 55074 111.456 759520.189 12.769 1.243 0.0 
6310000 55153 121.099 760696.682 14.149 1.3467 0.0 
6320000 55232 125.864 761857.276 14.723 1.4115 0.0 
6330000 55319 116.795 763008.362 13.399 1.2992 0.0 
6340000 55408 114.244 764150.118 12.94 1.2733 0.0 
6350000 55486 124.246 765268.917 14.005 1.3831 0.0 
6360000 55573 114.949 766406.578 13.099 1.2852 0.0 
6370000 55662 112.246 767546.821 12.756 1.2418 0.0 
6380000 55748 116.786 768709.691 13.57 1.2958 0.0 
6390000 55838 113.797 769849.816 13.033 1.2589 0.0 
6400000 55925 114.357 770981.69 12.931 1.275 0.0 
6410000 56007 121.463 772127.363 14.019 1.3467 0.0 
6420000 56089 118.599 773293.445 13.819 1.331 0.0 
6430000 56172 120.653 774452.684 14.056 1.339 0.0 
6440000 56254 119.671 775614.033 13.884 1.3313 0.0 
6450000 56341 113.296 776750.084 12.916 1.2564 0.0 
6460000 56428 113.198 777909.83 12.997 1.2506 0.0 
6470000 56511 121.368 779036.899 13.791 1.3439 0.0 
6480000 56597 118.57 780202.132 13.718 1.3099 0.0 
6490000 56686 116.146 781367.253 13.532 1.2891 0.0 
6500000 56768 120.895 782533.912 14.155 1.3321 0.0 
6510000 56854 120.976 783674.312 13.964 1.3454 0.0 
6520000 56937 122.233 784818.012 13.934 1.3498 0.0 
6530000 57031 106.768 785954.452 12.169 1.1788 0.0 
6540000 57109 124.511 787087.786 14.171 1.3879 0.0 
6550000 57188 125.708 788250.746 14.497 1.3975 0.0 
6560000 57273 115.0 789393.094 13.149 1.2873 0.0 
6570000 57358 118.909 790537.872 13.632 1.3393 0.0 
6580000 57441 125.768 791683.543 14.464 1.401 0.0 
6590000 57521 125.5 792835.407 14.446 1.4082 0.0 
6600000 57607 113.031 793975.569 12.787 1.2561 0.0 
6610000 57695 114.456 795121.958 13.131 1.2707 0.0 
6620000 57781 114.702 796286.687 13.309 1.2638 0.0 
6630000 57863 119.569 797437.894 13.682 1.3105 0.0 
6640000 57951 114.35 798591.018 13.073 1.2561 0.0 
6650000 58035 121.682 799729.736 13.92 1.3548 0.0 
6660000 58123 114.613 800876.339 13.235 1.2849 0.0 
6670000 58207 119.498 802015.7 13.494 1.3393 0.0 
6680000 58295 113.672 803157.4 13.002 1.2645 0.0 
6690000 58385 115.006 804285.342 13.07 1.278 0.0 
6700000 58468 119.371 805444.217 13.795 1.33 0.0 
6710000 58554 118.15 806583.839 13.476 1.3097 0.0 
6720000 58638 119.321 807729.482 13.741 1.3331 0.0 
6730000 58720 124.741 808868.363 14.25 1.3946 0.0 
6740000 58809 113.519 810030.28 13.142 1.2567 0.0 
6750000 58894 119.883 811178.713 13.847 1.3296 0.0 
6760000 58977 118.277 812344.023 13.706 1.3156 0.0 
6770000 59064 113.472 813480.345 12.888 1.254 0.0 
6780000 59146 122.061 814629.054 14.084 1.3542 0.0 
6790000 59229 117.935 815785.207 13.706 1.3085 0.0 
6800000 59315 117.804 816943.138 13.572 1.3261 0.0 
6810000 59401 116.668 818093.05 13.527 1.3001 0.0 
6820000 59485 123.074 819248.938 14.15 1.3696 0.0 
6830000 59571 118.566 820387.633 13.488 1.32 0.0 
6840000 59657 118.736 821536.105 13.625 1.308 0.0 
6850000 59740 116.091 822698.906 13.51 1.2723 0.0 
6860000 59820 125.869 823844.444 14.433 1.3936 0.0 
6870000 59907 113.993 824986.152 13.042 1.2728 0.0 
6880000 59992 117.488 826144.398 13.626 1.3073 0.0 
6890000 60071 124.472 827284.188 14.231 1.3773 0.0 
6900000 60149 127.704 828427.992 14.668 1.4109 0.0 
6910000 60234 120.561 829562.654 13.598 1.3305 0.0 
6920000 60323 113.298 830701.851 12.814 1.252 0.0 
6930000 60405 115.177 831834.513 12.996 1.2778 0.0 
6940000 60493 116.17 832965.24 13.19 1.2875 0.0 
6950000 60576 118.06 834088.867 13.24 1.3108 0.0 
6960000 60655 125.454 835215.587 14.02 1.3969 0.0 
6970000 60743 118.884 836337.735 13.407 1.3231 0.0 
6980000 60828 113.541 837479.447 12.764 1.2504 0.0 
6990000 60914 114.681 838624.616 13.128 1.2601 0.0 
7000000 60995 120.296 839751.374 13.539 1.3303 0.0 
7010000 61076 123.408 840906.608 14.249 1.363 0.0 
7020000 61161 117.215 842037.089 13.243 1.2897 0.0 
7030000 61243 120.492 843176.952 13.78 1.3258 0.0 
7040000 61336 109.848 844308.251 12.37 1.2053 0.0 
7050000 61430 105.846 845440.53 12.017 1.1702 0.0 
7060000 61510 118.785 846566.464 13.436 1.3075 0.0 
7070000 61593 119.588 847710.293 13.653 1.315 0.0 
7080000 61675 122.937 848862.154 14.326 1.3658 0.0 
7090000 61760 113.989 849970.739 12.897 1.2618 0.0 
7100000 61848 115.83 851112.262 13.184 1.2831 0.0 
7110000 61931 118.963 852232.78 13.237 1.3116 0.0 
7120000 62015 117.69 853345.508 13.031 1.3047 0.0 
7130000 62099 120.042 854477.632 13.541 1.3265 0.0 
7140000 62190 110.602 855619.2 12.482 1.23 0.0 
7150000 62275 118.69 856760.08 13.526 1.3121 0.0 
7160000 62357 118.737 857921.184 13.704 1.3123 0.0 
7170000 62446 115.764 859063.461 13.345 1.2767 0.0 
7180000 62531 118.529 860201.523 13.493 1.3111 0.0 
7190000 62615 116.416 861334.314 13.15 1.2996 0.0 
7200000 62694 125.484 862460.964 14.194 1.3917 0.0 
7210000 62774 123.11 863595.159 14.018 1.3662 0.0 
7220000 62859 117.469 864731.925 13.298 1.3103 0.0 
7230000 62941 118.029 865855.636 13.216 1.3214 0.0 
7240000 63029 114.398 866971.054 12.869 1.27 0.0 
7250000 63108 123.839 868118.437 14.255 1.3862 0.0 
7260000 63194 116.463 869221.949 12.953 1.2939 0.0 
7270000 63271 129.687 870350.069 14.573 1.4305 0.0 
7280000 63356 119.412 871496.93 13.566 1.3298 0.0 
7290000 63442 112.791 872590.342 12.339 1.241 0.0 
7300000 63522 122.607 873743.93 13.942 1.3468 0.0 
7310000 63602 122.71 874877.451 13.962 1.3571 0.0 
7320000 63686 122.7 876010.244 14.032 1.3597 0.0 
7330000 63769 119.308 877147.87 13.486 1.3266 0.0 
7340000 63852 122.546 878304.518 14.243 1.3699 0.0 
7350000 63934 123.074 879422.192 13.951 1.363 0.0 
7360000 64014 123.463 880549.106 13.846 1.3604 0.0 
7370000 64102 113.139 881678.222 12.754 1.2407 0.0 
7380000 64184 119.995 882833.953 13.778 1.3369 0.0 
7390000 64270 120.382 883940.547 13.405 1.3446 0.0 
7400000 64355 121.673 885053.691 13.563 1.3477 0.0 
7410000 64436 123.883 886184.98 13.967 1.3826 0.0 
7420000 64515 128.172 887301.299 14.321 1.4188 0.0 
7430000 64602 112.923 888397.987 12.544 1.2564 0.0 
7440000 64683 115.625 889509.247 12.874 1.2712 0.0 
7450000 64760 128.067 890623.125 14.175 1.4253 0.0 
7460000 64844 122.136 891774.832 13.946 1.3508 0.0 
7470000 64932 112.776 892893.068 12.621 1.2475 0.0 
7480000 65016 119.948 894024.829 13.756 1.3299 0.0 
7490000 65097 120.079 895149.867 13.481 1.3382 0.0 
7500000 65181 119.789 896289.825 13.584 1.3207 0.0 
7510000 65265 122.492 897413.626 13.688 1.3493 0.0 
7520000 65346 123.669 898542.507 13.911 1.3618 0.0 
7530000 65433 117.079 899646.241 13.021 1.2951 0.0 
7540000 65513 123.471 900771.472 13.876 1.3659 0.0 
7550000 65596 122.958 901883.06 13.672 1.3648 0.0 
7560000 65677 126.967 903004.216 14.136 1.3991 0.0 
7570000 65762 117.467 904137.095 13.252 1.3019 0.0 
7580000 65848 115.907 905271.652 13.08 1.2901 0.0 
7590000 65939 112.935 906408.569 12.878 1.2503 0.0 
7600000 66020 120.854 907526.704 13.553 1.3369 0.0 
7610000 66109 115.085 908642.263 12.919 1.2688 0.0 
7620000 66186 126.083 909775.478 14.324 1.4058 0.0 
7630000 66273 118.976 910880.61 13.3 1.3244 0.0 
7640000 66355 120.787 912007.851 13.671 1.3346 0.0 
7650000 66441 117.582 913131.421 13.146 1.297 0.0 
7660000 66526 117.318 914264.542 13.247 1.2947 0.0 
7670000 66611 119.055 915384.63 13.229 1.3279 0.0 
7680000 66689 128.629 916517.068 14.584 1.4212 0.0 
7690000 66774 117.344 917649.449 13.328 1.2955 0.0 
7700000 66862 113.763 918784.314 12.828 1.264 0.0 
7710000 66947 118.69 919908.766 13.443 1.3228 0.0 
7720000 67030 122.264 921014.048 13.562 1.3591 0.0 
7730000 67113 122.675 922151.357 13.95 1.3538 0.0 
7740000 67201 116.098 923286.207 13.193 1.294 0.0 
7750000 67285 118.741 924384.043 13.183 1.3167 0.0 
7760000 67370 118.315 925510.203 13.25 1.319 0.0 
7770000 67456 116.864 926625.9 13.081 1.2958 0.0 
7780000 67547 106.613 927749.304 12.008 1.1963 0.0 
7790000 67629 124.229 928859.302 13.699 1.3806 0.0 
7800000 67707 127.759 929967.248 14.195 1.4236 0.0 
7810000 67787 125.166 931082.235 14.05 1.3923 0.0 
7820000 67872 118.21 932178.375 12.809 1.3196 0.0 
7830000 67956 118.577 933326.071 13.497 1.3183 0.0 
7840000 68040 121.226 934448.886 13.733 1.3503 0.0 
7850000 68123 124.117 935587.36 14.101 1.3823 0.0 
7860000 68205 122.046 936669.461 13.196 1.3664 0.0 
7870000 68286 126.128 937801.297 14.044 1.4011 0.0 
7880000 68373 116.289 938916.763 13.019 1.2849 0.0 
7890000 68449 128.615 940077.666 14.747 1.416 0.0 
7900000 68530 123.571 941221.595 14.206 1.368 0.0 
7910000 68609 126.874 942369.659 14.543 1.4166 0.0 
7920000 68692 120.032 943527.052 13.874 1.3384 0.0 
7930000 68772 121.665 944670.435 13.864 1.3558 0.0 
7940000 68851 124.903 945784.276 14.054 1.3866 0.0 
7950000 68939 113.756 946907.795 12.864 1.2574 0.0 
7960000 69021 118.56 948007.542 13.091 1.3159 0.0 
7970000 69097 128.081 949114.682 14.107 1.4273 0.0 
7980000 69185 116.496 950222.989 12.891 1.2882 0.0 
7990000 69263 126.021 951314.377 13.692 1.393 0.0 
8000000 69338 132.471 952426.678 14.658 1.4584 0.0 
8010000 69425 115.552 953499.217 12.594 1.2806 0.0 
8020000 69509 116.942 954607.312 12.967 1.3027 0.0 
8030000 69584 126.859 955714.584 13.993 1.4103 0.0 
8040000 69667 119.42 956816.173 13.22 1.3252 0.0 
8050000 69750 119.412 957912.345 13.01 1.3198 0.0 
8060000 69833 121.713 959038.966 13.684 1.3377 0.0 
8070000 69916 122.287 960122.33 13.222 1.3493 0.0 
8080000 69994 128.434 961245.227 14.183 1.4166 0.0 
8090000 70077 120.174 962370.022 13.42 1.3221 0.0 
8100000 70161 120.876 963505.265 13.843 1.3409 0.0 
8110000 70247 116.029 964627.97 13.078 1.2866 0.0 
8120000 70328 126.788 965765.659 14.304 1.3991 0.0 
8130000 70410 125.557 966906.941 14.245 1.3872 0.0 
8140000 70490 126.468 968022.987 14.142 1.3964 0.0 
8150000 70579 113.1 969158.361 12.765 1.2515 0.0 
8160000 70657 124.568 970269.126 13.775 1.3863 0.0 
8170000 70739 126.846 971384.965 14.124 1.3964 0.0 
8180000 70823 119.574 972485.182 13.28 1.326 0.0 
8190000 70910 116.33 973595.813 12.933 1.2934 0.0 
8200000 71000 110.749 974686.353 11.964 1.2277 0.0 
8210000 71083 118.644 975774.414 12.911 1.3253 0.0 
8220000 71162 125.347 976881.335 13.768 1.4012 0.0 
8230000 71243 121.849 977981.254 13.324 1.3537 0.0 
8240000 71321 125.973 979089.122 13.967 1.392 0.0 
8250000 71404 120.336 980223.884 13.502 1.3285 0.0 
8260000 71486 120.087 981358.261 13.68 1.3261 0.0 
8270000 71568 119.688 982455.56 13.246 1.3202 0.0 
8280000 71655 115.179 983559.959 12.824 1.2745 0.0 
8290000 71739 118.844 984645.212 12.964 1.3135 0.0 
8300000 71818 120.746 985740.052 13.199 1.3353 0.0 
8310000 71897 125.913 986817.724 13.492 1.3959 0.0 
8320000 71981 120.376 987915.74 13.083 1.3332 0.0 
8330000 72063 122.123 989007.613 13.322 1.363 0.0 
8340000 72151 115.619 990097.01 12.52 1.2711 0.0 
8350000 72227 123.289 991175.346 13.254 1.3696 0.0 
8360000 72304 130.494 992268.489 14.175 1.4573 0.0 
8370000 72382 132.201 993366.19 14.413 1.4831 0.0 
8380000 72462 125.307 994455.214 13.619 1.4065 0.0 
8390000 72540 126.788 995580.351 14.211 1.4184 0.0 
8400000 72618 124.089 996665.052 13.606 1.385 0.0 
8410000 72703 119.497 997760.328 12.985 1.3201 0.0 
8420000 72787 120.174 998870.321 13.262 1.3359 0.0 
8430000 72875 117.653 999957.22 12.977 1.2971 0.0 
8440000 72954 122.671 1001052.98 13.554 1.3659 0.0 
8450000 73038 122.358 1002145.831 13.405 1.3637 0.0 
8460000 73114 131.786 1003219.985 14.303 1.4737 0.0 
8470000 73193 126.311 1004328.207 13.798 1.4107 0.0 
8480000 73272 125.614 1005372.016 13.291 1.401 0.0 
8490000 73355 122.718 1006466.063 13.311 1.3728 0.0 
8500000 73431 130.159 1007525.564 13.958 1.4403 0.0 
8510000 73509 129.259 1008630.926 14.299 1.4318 0.0 
8520000 73584 126.625 1009744.424 14.199 1.4071 0.0 
8530000 73664 123.445 1010846.651 13.813 1.3686 0.0 
8540000 73744 122.403 1011924.964 13.251 1.3532 0.0 
8550000 73823 123.851 1013044.356 13.815 1.3867 0.0 
8560000 73900 128.012 1014142.036 14.027 1.4189 0.0 
8570000 73973 135.504 1015218.634 14.637 1.5087 0.0 
8580000 74063 114.831 1016300.534 12.554 1.2794 0.0 
8590000 74144 122.374 1017371.514 13.132 1.3493 0.0 
8600000 74228 119.406 1018465.829 12.958 1.3377 0.0 
8610000 74311 117.263 1019567.366 12.796 1.3106 0.0 
8620000 74388 125.192 1020659.887 13.679 1.3883 0.0 
8630000 74462 134.936 1021724.797 14.517 1.4895 0.0 
8640000 74542 124.772 1022834.08 13.926 1.3853 0.0 
8650000 74625 123.058 1023946.405 13.755 1.3638 0.0 
8660000 74705 121.202 1025037.976 13.441 1.3576 0.0 
8670000 74787 123.238 1026108.231 13.33 1.3727 0.0 
8680000 74866 125.01 1027146.093 13.13 1.3809 0.0 
8690000 74947 121.073 1028235.775 13.149 1.3455 0.0 
8700000 75026 124.245 1029317.246 13.457 1.3839 0.0 
8710000 75109 123.141 1030399.766 13.291 1.382 0.0 
8720000 75185 127.267 1031468.742 13.591 1.4187 0.0 
8730000 75268 118.922 1032538.683 12.739 1.3234 0.0 
8740000 75351 120.08 1033631.841 13.101 1.3254 0.0 
8750000 75430 124.796 1034698.383 13.32 1.3666 0.0 
8760000 75508 127.63 1035777.603 13.746 1.4129 0.0 
8770000 75590 124.889 1036853.584 13.372 1.3774 0.0 
8780000 75668 126.775 1037930.45 13.725 1.4016 0.0 
8790000 75747 129.124 1039020.23 14.026 1.4378 0.0 
8800000 75828 119.608 1040078.714 12.713 1.3385 0.0 
8810000 75905 126.011 1041160.832 13.627 1.4046 0.0 
8820000 75979 131.406 1042239.546 14.114 1.4589 0.0 
8830000 76058 127.642 1043315.76 13.798 1.4133 0.0 
8840000 76135 128.613 1044395.368 13.957 1.4124 0.0 
8850000 76215 124.433 1045489.761 13.542 1.3781 0.0 
8860000 76289 135.399 1046568.805 14.676 1.5037 0.0 
8870000 76373 121.822 1047606.953 12.917 1.3582 0.0 
8880000 76448 132.421 1048672.016 14.02 1.4665 0.0 
8890000 76523 129.428 1049774.451 14.062 1.4234 0.0 
8900000 76602 128.395 1050822.745 13.562 1.4287 0.0 
8910000 76686 128.118 1051897.551 13.703 1.4143 0.0 
8920000 76762 131.108 1052966.421 14.037 1.4516 0.0 
8930000 76836 134.959 1054042.741 14.523 1.5048 0.0 
8940000 76911 133.269 1055116.742 14.263 1.4879 0.0 
8950000 76992 122.176 1056205.767 13.153 1.3541 0.0 
8960000 77072 126.51 1057260.128 13.481 1.3974 0.0 
8970000 77145 138.57 1058332.947 14.848 1.5283 0.0 
8980000 77227 123.494 1059418.205 13.326 1.3658 0.0 
8990000 77310 125.155 1060509.32 13.615 1.3822 0.0 
9000000 77390 123.277 1061611.883 13.502 1.3592 0.0 
9010000 77474 122.991 1062683.309 13.143 1.3704 0.0 
9020000 77557 120.711 1063771.958 13.171 1.3308 0.0 
9030000 77632 128.528 1064837.743 13.735 1.4304 0.0 
9040000 77713 126.045 1065932.683 13.92 1.3883 0.0 
9050000 77792 128.479 1067002.568 13.74 1.4103 0.0 
9060000 77871 121.645 1068081.623 13.064 1.3363 0.0 
9070000 77951 123.723 1069144.151 13.3 1.3625 0.0 
9080000 78028 130.406 1070246.045 14.289 1.4344 0.0 
9090000 78105 127.549 1071337.924 13.958 1.4085 0.0 
9100000 78189 123.489 1072410.775 13.212 1.3699 0.0 
9110000 78266 124.407 1073490.368 13.286 1.3718 0.0 
9120000 78348 121.436 1074578.731 13.283 1.3332 0.0 
9130000 78424 126.143 1075669.516 13.751 1.3949 0.0 
9140000 78503 122.811 1076762.82 13.475 1.3654 0.0 
9150000 78584 124.855 1077823.641 13.362 1.3887 0.0 
9160000 78666 120.088 1078900.056 12.862 1.3399 0.0 
9170000 78748 120.833 1079976.204 12.946 1.3507 0.0 
9180000 78827 124.371 1081060.56 13.555 1.3748 0.0 
9190000 78906 127.713 1082126.697 13.669 1.4215 0.0 
9200000 78978 134.342 1083168.89 13.98 1.5013 0.0 
9210000 79055 135.004 1084253.829 14.539 1.5165 0.0 
9220000 79131 139.76 1085330.525 14.96 1.5642 0.0 
9230000 79213 124.316 1086369.502 13.135 1.376 0.0 
9240000 79291 124.007 1087440.334 13.098 1.3686 0.0 
9250000 79370 129.0 1088518.118 13.865 1.4271 0.0 
9260000 79452 123.107 1089610.492 13.447 1.3611 0.0 
9270000 79525 132.83 1090665.642 14.171 1.4673 0.0 
9280000 79606 126.241 1091737.54 13.393 1.3942 0.0 
9290000 79686 126.78 1092811.269 13.461 1.4045 0.0 
9300000 79764 125.397 1093859.991 13.263 1.4083 0.0 
9310000 79844 126.775 1094926.949 13.544 1.4121 0.0 
9320000 79921 130.012 1095979.705 13.759 1.4516 0.0 
9330000 80002 126.637 1097047.145 13.5 1.4129 0.0 
9340000 80082 122.692 1098127.04 13.133 1.3653 0.0 
9350000 80158 128.18 1099200.235 13.77 1.425 0.0 
9360000 80229 137.003 1100255.638 14.513 1.5167 0.0 
9370000 80303 139.182 1101362.551 15.33 1.5367 0.0 
9380000 80379 135.384 1102431.577 14.431 1.5001 0.0 
9390000 80464 122.708 1103479.2 12.856 1.3612 0.0 
9400000 80543 122.74 1104545.471 13.029 1.3614 0.0 
9410000 80625 125.235 1105600.947 13.201 1.4005 0.0 
9420000 80705 122.327 1106631.722 12.692 1.3467 0.0 
9430000 80784 129.701 1107686.898 13.616 1.4453 0.0 
9440000 80863 123.667 1108753.752 13.271 1.3763 0.0 
9450000 80941 126.212 1109817.812 13.467 1.4069 0.0 
9460000 81017 129.488 1110858.707 13.572 1.4285 0.0 
9470000 81096 129.24 1111927.326 13.937 1.4352 0.0 
9480000 81174 124.045 1112995.04 13.352 1.3892 0.0 
9490000 81254 124.595 1114064.001 13.416 1.3842 0.0 
9500000 81333 127.311 1115142.482 13.654 1.4052 0.0 
9510000 81415 122.705 1116199.138 13.048 1.356 0.0 
9520000 81497 117.608 1117251.374 12.243 1.2982 0.0 
9530000 81579 121.403 1118318.695 12.924 1.3412 0.0 
9540000 81654 131.995 1119396.405 14.229 1.4626 0.0 
9550000 81732 132.496 1120420.161 13.603 1.4817 0.0 
9560000 81806 136.307 1121489.466 14.396 1.5216 0.0 
9570000 81883 131.578 1122541.817 13.894 1.4555 0.0 
9580000 81968 119.865 1123612.353 12.754 1.3234 0.0 
9590000 82048 125.531 1124674.943 13.273 1.3869 0.0 
9600000 82131 119.403 1125745.373 12.653 1.3234 0.0 
9610000 82208 126.698 1126809.627 13.611 1.4062 0.0 
9620000 82284 128.173 1127868.713 13.615 1.418 0.0 
9630000 82360 126.707 1128936.676 13.579 1.4111 0.0 
9640000 82440 125.674 1130016.599 13.54 1.4014 0.0 
9650000 82516 126.631 1131098.939 13.715 1.4125 0.0 
9660000 82599 124.472 1132153.566 13.214 1.3905 0.0 
9670000 82679 124.672 1133220.556 13.176 1.3819 0.0 
9680000 82755 130.191 1134269.783 13.736 1.442 0.0 
9690000 82836 124.253 1135318.994 13.149 1.389 0.0 
9700000 82914 124.0 1136379.939 13.153 1.3851 0.0 
9710000 82993 129.905 1137408.755 13.475 1.4595 0.0 
9720000 83078 116.542 1138459.304 12.343 1.2934 0.0 
9730000 83155 128.335 1139511.306 13.482 1.4307 0.0 
9740000 83234 123.338 1140582.329 13.229 1.3677 0.0 
9750000 83308 132.133 1141655.382 14.14 1.4786 0.0 
9760000 83386 130.185 1142748.134 14.156 1.4471 0.0 
9770000 83461 133.185 1143831.304 14.461 1.4811 0.0 
9780000 83536 135.346 1144877.616 14.303 1.5063 0.0 
9790000 83613 130.636 1145892.538 13.376 1.4482 0.0 
9800000 83695 127.88 1146956.689 13.457 1.4155 0.0 
9810000 83770 133.565 1147980.466 13.662 1.4724 0.0 
9820000 83851 126.987 1149022.651 13.377 1.3979 0.0 
9830000 83930 126.326 1150077.835 13.179 1.4093 0.0 
9840000 84011 121.891 1151139.175 12.95 1.3507 0.0 
9850000 84091 122.505 1152181.665 12.942 1.3604 0.0 
9860000 84163 134.39 1153228.064 14.083 1.5039 0.0 
9870000 84238 131.131 1154261.939 13.791 1.4747 0.0 
9880000 84315 130.866 1155313.076 13.817 1.4582 0.0 
9890000 84399 121.073 1156343.01 12.559 1.3508 0.0 
9900000 84478 122.5 1157397.061 13.028 1.3655 0.0 
9910000 84556 126.286 1158430.383 13.076 1.4104 0.0 
9920000 84628 139.344 1159484.68 14.608 1.5573 0.0 
9930000 84709 129.029 1160546.611 13.704 1.4369 0.0 
9940000 84789 127.528 1161567.887 12.949 1.408 0.0 
9950000 84871 121.229 1162641.79 12.853 1.3394 0.0 
9960000 84957 117.792 1163691.796 12.452 1.3116 0.0 
9970000 85033 126.212 1164751.338 13.374 1.4055 0.0 
9980000 85115 119.295 1165800.247 12.564 1.3205 0.0 
9990000 85191 128.666 1166839.386 13.468 1.4236 0.0 
10000000 85266 131.166 1167892.396 13.637 1.4633 0.0 
10010000 85344 126.428 1168936.436 13.25 1.4116 0.0 
10020000 85421 126.736 1169952.942 13.135 1.4136 0.0 
10030000 85495 131.856 1171010.091 13.783 1.4642 0.0 
10040000 85571 131.625 1172028.651 13.48 1.4553 0.0 
10050000 85655 125.893 1173096.419 13.334 1.4183 0.0 
10060000 85734 125.599 1174139.334 13.067 1.4079 0.0 
10070000 85809 132.066 1175184.059 13.875 1.461 0.0 
10080000 85888 128.619 1176225.701 13.331 1.413 0.0 
10090000 85959 137.4 1177222.326 13.592 1.5226 0.0 
10100000 86038 126.995 1178266.388 12.986 1.4069 0.0 
10110000 86117 126.431 1179291.185 13.004 1.3956 0.0 
10120000 86185 143.203 1180304.077 14.456 1.5859 0.0 
10130000 86260 137.417 1181363.5 14.443 1.5116 0.0 
10140000 86336 132.352 1182375.699 13.436 1.4525 0.0 
10150000 86408 134.543 1183425.257 14.091 1.4808 0.0 
10160000 86485 130.696 1184459.378 13.457 1.4576 0.0 
10170000 86557 137.896 1185494.493 14.381 1.5264 0.0 
10180000 86633 136.995 1186541.947 14.247 1.5157 0.0 
10190000 86708 132.699 1187561.1 13.601 1.4688 0.0 
10200000 86788 132.109 1188623.474 13.758 1.4774 0.0 
10210000 86864 132.715 1189646.528 13.651 1.4678 0.0 
10220000 86938 133.552 1190697.622 13.911 1.4711 0.0 
10230000 87013 128.951 1191750.213 13.592 1.4165 0.0 
10240000 87091 125.138 1192791.974 13.025 1.3866 0.0 
10250000 87165 132.773 1193825.675 13.842 1.4699 0.0 
10260000 87243 127.425 1194866.408 13.385 1.4092 0.0 
10270000 87319 128.986 1195901.553 13.331 1.4358 0.0 
10280000 87394 130.086 1196949.382 13.55 1.4496 0.0 
10290000 87467 140.339 1197980.096 14.351 1.5606 0.0 
10300000 87539 138.194 1199031.682 14.567 1.5443 0.0 
10310000 87618 125.896 1200054.204 12.851 1.4051 0.0 
10320000 87695 127.223 1201094.835 13.253 1.4158 0.0 
10330000 87769 131.615 1202170.346 14.155 1.4654 0.0 
10340000 87840 131.778 1203183.104 13.696 1.4496 0.0 
10350000 87920 126.219 1204198.796 12.764 1.3881 0.0 
10360000 87997 132.086 1205242.199 13.713 1.4805 0.0 
10370000 88074 132.552 1206284.077 13.747 1.4861 0.0 
10380000 88152 129.132 1207309.82 13.174 1.4352 0.0 
10390000 88228 128.823 1208358.454 13.365 1.4336 0.0 
10400000 88304 133.708 1209388.652 13.8 1.4832 0.0 
10410000 88376 136.451 1210422.764 14.03 1.5142 0.0 
10420000 88458 123.713 1211468.943 12.888 1.3672 0.0 
10430000 88537 127.964 1212501.436 13.168 1.4052 0.0 
10440000 88620 122.577 1213551.081 12.711 1.3511 0.0 
10450000 88693 134.202 1214560.234 13.415 1.4757 0.0 
