1000 10 16.946 -285.689 -4.969 0.0085 0.0 
2000 21 32.216 -431.4 -6.827 0.0164 0.0 
3000 30 44.738 -650.368 -9.376 0.0231 0.0 
4000 40 55.314 -809.333 -10.838 0.0286 0.0 
5000 49 63.332 -999.733 -12.264 0.0328 0.0 
6000 60 70.444 -1188.69 -13.453 0.0366 0.0 
7000 69 76.106 -1360.656 -14.257 0.0397 0.0 
8000 79 80.959 -1501.901 -14.001 0.0421 0.0 
9000 89 84.264 -1663.858 -14.671 0.0437 0.0 
10000 99 86.023 -1867.117 -15.554 0.0444 0.0 
11000 110 88.649 -2031.759 -15.53 0.0456 0.0 
12000 118 92.495 -2228.424 -16.373 0.0479 0.0 
13000 128 95.148 -2509.409 -19.047 0.0491 0.0 
14000 138 96.906 -2740.617 -19.827 0.05 0.0 
15000 148 95.295 -2903.627 -19.094 0.049 0.0 
16000 158 97.177 -3140.606 -19.41 0.0502 0.0 
17000 168 98.617 -3381.598 -20.793 0.0977 0.0 
18000 178 99.189 -3956.741 -27.617 0.1652 0.0 
19000 188 98.375 -4528.012 -32.528 0.2142 0.0 
20000 198 98.892 -4790.936 -31.625 0.2593 0.0 
21000 210 95.417 -4874.491 -26.423 0.2828 0.0 
22000 221 95.325 -4951.698 -22.561 0.3119 0.0 
23000 229 99.326 -4982.993 -19.775 0.3489 0.0 
24000 235 104.38 -4974.378 -17.462 0.3846 0.0 
25000 239 115.588 -4982.608 -16.286 0.4507 0.0 
26000 240 117.876 -5009.353 -16.164 0.4638 0.0 
27000 242 138.988 -5041.822 -16.099 0.6111 0.0 
28000 244 163.952 -5071.099 -16.385 0.783 0.0 
29000 245 170.033 -5100.135 -16.388 0.818 0.0 
30000 248 187.947 -5154.8 -16.539 0.9231 0.0 
31000 250 196.152 -5188.414 -16.614 0.9722 0.0 
32000 251 208.029 -5224.019 -16.832 1.0568 0.0 
33000 253 230.291 -5238.969 -16.782 1.2024 0.0 
34000 256 235.03 -5314.522 -17.071 1.216 0.0 
35000 259 242.93 -5352.088 -16.958 1.2472 0.0 
36000 263 242.432 -5406.522 -16.647 1.2315 0.0 
37000 267 243.004 -5445.15 -16.094 1.2221 0.0 
38000 269 249.851 -5454.203 -15.854 1.2521 0.0 
39000 270 264.854 -5465.179 -15.627 1.3601 0.0 
40000 273 269.857 -5512.034 -15.629 1.394 0.0 
41000 274 284.459 -5516.476 -15.337 1.5059 0.0 
42000 277 287.961 -5566.228 -15.282 1.512 0.0 
43000 281 288.172 -5598.282 -14.908 1.4953 0.0 
44000 282 287.989 -5612.749 -14.844 1.4899 0.0 
45000 284 304.725 -5623.522 -14.384 1.5885 0.0 
46000 287 306.552 -5662.855 -14.362 1.5964 0.0 
47000 290 309.792 -5699.779 -14.129 1.6136 0.0 
48000 292 309.328 -5696.602 -13.615 1.6026 0.0 
49000 294 319.769 -5687.58 -13.135 1.646 0.0 
50000 296 333.307 -5702.628 -12.755 1.7149 0.0 
51000 298 332.438 -5697.771 -12.431 1.7024 0.0 
52000 302 335.681 -5692.385 -11.118 1.7075 0.0 
53000 304 331.814 -5675.337 -10.438 1.6807 0.0 
54000 305 345.177 -5670.117 -10.128 1.7601 0.0 
55000 308 349.144 -5684.94 -9.551 1.7833 0.0 
56000 309 348.861 -5669.338 -9.28 1.7785 0.0 
57000 312 359.493 -5681.831 -9.005 1.82 0.0 
58000 316 355.109 -5695.685 -8.438 1.7843 0.0 
59000 320 348.947 -5702.739 -7.982 1.7397 0.0 
60000 321 349.228 -5699.327 -7.871 1.7386 0.0 
61000 323 367.398 -5707.617 -7.679 1.8754 0.0 
62000 324 366.81 -5718.616 -7.848 1.8731 0.0 
63000 327 378.373 -5733.378 -7.528 1.9502 0.0 
64000 328 376.545 -5735.469 -7.411 1.9394 0.0 
65000 330 385.055 -5754.541 -7.47 1.9926 0.0 
66000 332 392.316 -5768.114 -7.306 2.0455 0.0 
67000 334 395.548 -5795.714 -7.613 2.0699 0.0 
68000 335 403.477 -5805.599 -7.677 2.1277 0.0 
69000 336 409.387 -5813.155 -7.694 2.1602 0.0 
70000 337 421.2 -5821.949 -7.645 2.2427 0.0 
71000 338 432.776 -5830.836 -7.661 2.3118 0.0 
72000 339 444.12 -5836.664 -7.707 2.388 0.0 
73000 340 455.238 -5844.892 -7.648 2.4793 0.0 
74000 341 466.133 -5856.377 -7.656 2.5734 0.0 
75000 342 476.81 -5862.655 -7.715 2.6508 0.0 
76000 343 487.274 -5864.009 -7.719 2.7247 0.0 
77000 344 497.529 -5875.197 -7.61 2.7946 0.0 
78000 345 507.578 -5881.847 -7.645 2.879 0.0 
79000 346 517.427 -5886.07 -7.627 2.9529 0.0 
80000 347 527.078 -5895.749 -7.606 3.0142 0.0 
81000 348 536.536 -5904.319 -7.607 3.0805 0.0 
82000 349 545.806 -5909.674 -7.623 3.1248 0.0 
83000 350 554.89 -5914.699 -7.569 3.1756 0.0 
84000 351 563.792 -5921.529 -7.526 3.2205 0.0 
85000 352 572.516 -5928.662 -7.517 3.2969 0.0 
86000 354 583.244 -5945.455 -7.595 3.3558 0.0 
87000 356 584.223 -5959.85 -7.741 3.3527 0.0 
88000 357 581.678 -5969.103 -7.602 3.3295 0.0 
89000 359 582.383 -5975.911 -7.539 3.3362 0.0 
90000 361 585.877 -5984.831 -7.441 3.343 0.0 
91000 362 594.159 -5993.353 -7.416 3.3861 0.0 
92000 363 595.096 -6004.321 -7.465 3.3839 0.0 
93000 364 603.194 -6009.646 -7.478 3.4601 0.0 
94000 366 604.387 -6016.571 -7.334 3.4567 0.0 
95000 367 612.3 -6023.617 -7.405 3.5077 0.0 
96000 368 620.054 -6032.385 -7.386 3.5906 0.0 
97000 369 627.653 -6043.575 -7.404 3.6476 0.0 
98000 370 635.1 -6055.566 -7.497 3.6966 0.0 
99000 371 642.398 -6067.839 -7.568 3.7579 0.0 
100000 372 649.55 -6077.767 -7.662 3.8153 0.0 
101000 373 647.139 -6094.785 -7.653 3.7868 0.0 
102000 374 654.196 -6100.926 -7.759 3.8404 0.0 
103000 376 659.23 -6114.125 -7.727 3.8675 0.0 
104000 378 644.717 -6116.297 -7.4 3.7719 0.0 
105000 380 642.447 -6124.098 -7.317 3.7782 0.0 
106000 381 649.598 -6129.186 -7.377 3.8348 0.0 
107000 383 642.288 -6138.3 -7.108 3.7782 0.0 
108000 384 649.443 -6144.081 -7.212 3.8382 0.0 
109000 385 656.454 -6153.93 -7.191 3.8845 0.0 
110000 386 663.325 -6162.111 -7.253 3.9335 0.0 
111000 388 660.198 -6176.49 -7.255 3.8857 0.0 
112000 389 666.994 -6186.135 -7.249 3.9256 0.0 
113000 390 673.654 -6191.534 -7.322 3.9595 0.0 
114000 391 674.021 -6201.998 -7.246 3.9587 0.0 
115000 392 671.201 -6210.204 -7.182 3.9356 0.0 
116000 393 677.777 -6222.615 -7.19 3.9737 0.0 
117000 394 684.221 -6233.629 -7.304 4.0179 0.0 
118000 395 690.537 -6247.325 -7.37 4.036 0.0 
119000 396 696.726 -6256.928 -7.505 4.0779 0.0 
120000 398 702.856 -6262.792 -7.524 4.1316 0.0 
121000 399 700.279 -6278.273 -7.511 4.1135 0.0 
122000 401 701.588 -6281.195 -7.456 4.129 0.0 
123000 402 698.636 -6290.142 -7.384 4.1055 0.0 
124000 403 704.663 -6300.967 -7.393 4.1571 0.0 
125000 404 703.99 -6309.566 -7.392 4.1417 0.0 
126000 406 700.832 -6312.565 -7.207 4.1143 0.0 
127000 408 695.368 -6322.889 -7.055 4.0746 0.0 
128000 409 701.461 -6325.991 -7.154 4.1364 0.0 
129000 411 698.143 -6324.384 -6.908 4.1254 0.0 
130000 412 704.18 -6332.166 -6.838 4.1641 0.0 
131000 414 687.693 -6334.327 -6.548 4.0556 0.0 
132000 415 693.939 -6343.766 -6.562 4.0927 0.0 
133000 416 700.06 -6353.795 -6.597 4.1232 0.0 
134000 418 700.218 -6358.222 -6.588 4.1116 0.0 
135000 420 695.897 -6368.693 -6.517 4.0839 0.0 
136000 421 701.979 -6374.901 -6.553 4.1188 0.0 
137000 422 695.639 -6387.197 -6.455 4.0729 0.0 
138000 423 701.726 -6394.703 -6.544 4.1223 0.0 
139000 425 696.318 -6402.314 -6.441 4.1129 0.0 
140000 426 702.392 -6413.373 -6.515 4.1272 0.0 
141000 430 676.518 -6411.359 -6.095 3.9606 0.0 
142000 432 661.449 -6419.325 -5.889 3.8547 0.0 
143000 434 659.916 -6427.569 -5.887 3.8661 0.0 
144000 435 653.857 -6442.298 -5.851 3.827 0.0 
145000 438 650.702 -6451.057 -5.956 3.818 0.0 
146000 441 633.24 -6459.772 -5.711 3.6922 0.0 
147000 443 626.308 -6470.079 -5.766 3.6329 0.0 
148000 444 620.202 -6482.286 -5.661 3.5886 0.0 
149000 446 617.886 -6487.783 -5.573 3.577 0.0 
150000 448 621.478 -6491.893 -5.611 3.623 0.0 
151000 449 629.048 -6495.366 -5.533 3.6821 0.0 
152000 450 636.467 -6502.41 -5.578 3.7169 0.0 
153000 452 635.803 -6513.312 -5.549 3.6865 0.0 
154000 453 643.087 -6520.015 -5.6 3.7105 0.0 
155000 454 650.226 -6527.929 -5.643 3.7776 0.0 
156000 455 641.061 -6538.193 -5.527 3.7181 0.0 
157000 459 622.593 -6542.536 -5.371 3.5889 0.0 
158000 460 630.141 -6549.017 -5.465 3.6278 0.0 
159000 461 637.538 -6553.851 -5.393 3.6845 0.0 
160000 462 644.787 -6563.355 -5.415 3.7236 0.0 
161000 465 620.062 -6574.075 -5.32 3.5631 0.0 
162000 468 608.1 -6588.223 -5.341 3.4743 0.0 
163000 469 615.938 -6595.175 -5.315 3.5065 0.0 
164000 471 613.707 -6604.389 -5.334 3.5141 0.0 
165000 472 621.433 -6613.067 -5.415 3.5656 0.0 
166000 473 629.004 -6621.873 -5.445 3.5943 0.0 
167000 476 610.717 -6625.699 -5.25 3.4674 0.0 
168000 477 618.503 -6630.35 -5.214 3.5093 0.0 
169000 479 615.85 -6641.003 -5.204 3.4947 0.0 
170000 482 596.634 -6650.014 -5.042 3.375 0.0 
171000 485 582.258 -6669.593 -5.09 3.2898 0.0 
172000 488 569.444 -6690.164 -5.24 3.1967 0.0 
173000 492 543.528 -6706.502 -5.173 3.027 0.0 
174000 495 524.0 -6707.227 -4.82 2.9016 0.0 
175000 498 521.527 -6721.951 -4.908 2.8838 0.0 
176000 500 508.64 -6731.409 -4.788 2.8066 0.0 
177000 502 510.638 -6742.603 -4.816 2.8285 0.0 
178000 504 514.256 -6753.395 -4.862 2.8822 0.0 
179000 506 512.779 -6768.657 -4.983 2.8672 0.0 
180000 507 512.144 -6780.446 -5.095 2.8598 0.0 
181000 510 513.086 -6789.626 -5.052 2.8674 0.0 
182000 512 517.188 -6800.45 -5.068 2.9218 0.0 
183000 515 502.945 -6810.233 -5.05 2.8249 0.0 
184000 516 512.886 -6821.482 -5.023 2.8883 0.0 
185000 519 498.007 -6837.453 -5.124 2.7931 0.0 
186000 520 508.047 -6843.538 -5.094 2.8461 0.0 
187000 523 495.185 -6855.453 -5.036 2.7659 0.0 
188000 526 494.638 -6872.489 -5.061 2.7535 0.0 
189000 527 504.745 -6877.228 -5.115 2.8025 0.0 
190000 530 484.995 -6890.83 -4.98 2.6846 0.0 
191000 531 495.295 -6896.549 -5.023 2.7527 0.0 
192000 533 500.642 -6902.644 -4.974 2.797 0.0 
193000 536 494.845 -6915.46 -4.928 2.7625 0.0 
194000 537 491.568 -6930.481 -4.954 2.741 0.0 
195000 538 501.737 -6937.738 -5.085 2.8154 0.0 
196000 539 511.702 -6943.903 -5.121 2.8868 0.0 
197000 541 517.439 -6954.93 -5.248 2.8985 0.0 
198000 543 519.768 -6964.45 -5.2 2.8869 0.0 
199000 544 529.373 -6975.276 -5.292 2.9515 0.0 
200000 545 538.785 -6984.491 -5.316 3.0379 0.0 
201000 546 534.73 -6995.242 -5.353 3.0083 0.0 
202000 550 529.639 -7006.003 -5.268 2.954 0.0 
203000 551 521.806 -7011.128 -5.188 2.9065 0.0 
204000 552 531.37 -7015.605 -5.178 2.9499 0.0 
205000 555 529.905 -7026.681 -5.12 2.9382 0.0 
206000 557 532.121 -7030.141 -5.105 2.9616 0.0 
207000 558 541.478 -7041.277 -5.139 3.0316 0.0 
208000 559 550.649 -7053.495 -5.258 3.078 0.0 
209000 561 538.986 -7064.153 -5.142 3.0015 0.0 
210000 562 548.206 -7072.631 -5.278 3.0837 0.0 
211000 564 550.317 -7075.759 -5.253 3.1078 0.0 
212000 565 559.311 -7087.444 -5.25 3.1406 0.0 
213000 566 562.384 -7098.015 -5.364 3.1625 0.0 
214000 568 564.294 -7104.139 -5.274 3.1636 0.0 
215000 569 573.008 -7109.301 -5.376 3.2071 0.0 
216000 572 568.041 -7116.757 -5.175 3.1546 0.0 
217000 573 576.681 -7125.363 -5.241 3.2342 0.0 
218000 575 562.064 -7124.727 -4.929 3.1407 0.0 
219000 576 570.823 -7131.322 -5.069 3.1978 0.0 
220000 577 579.406 -7139.738 -5.073 3.2598 0.0 
221000 578 587.818 -7145.704 -5.107 3.2938 0.0 
222000 579 596.062 -7156.008 -5.15 3.3666 0.0 
223000 580 604.141 -7162.076 -5.281 3.4204 0.0 
224000 581 612.058 -7174.714 -5.296 3.4733 0.0 
225000 582 619.817 -7179.271 -5.394 3.5067 0.0 
226000 584 619.952 -7184.342 -5.303 3.5157 0.0 
227000 585 627.553 -7194.629 -5.356 3.5587 0.0 
228000 586 635.002 -7200.086 -5.46 3.6053 0.0 
229000 587 642.302 -7208.694 -5.435 3.6383 0.0 
230000 588 649.456 -7214.471 -5.474 3.7281 0.0 
231000 589 656.467 -7219.288 -5.504 3.7616 0.0 
232000 590 651.857 -7222.472 -5.385 3.7323 0.0 
233000 591 658.82 -7226.725 -5.316 3.7711 0.0 
234000 594 647.551 -7228.239 -5.058 3.7309 0.0 
235000 596 647.808 -7237.372 -5.11 3.7295 0.0 
236000 597 642.652 -7243.948 -5.11 3.6927 0.0 
237000 598 649.799 -7246.234 -5.065 3.7121 0.0 
238000 599 656.803 -7253.104 -4.983 3.7474 0.0 
239000 600 663.667 -7261.028 -5.02 3.7888 0.0 
240000 602 660.446 -7262.369 -4.985 3.7916 0.0 
241000 604 661.492 -7266.729 -4.835 3.8005 0.0 
242000 605 657.302 -7274.12 -4.844 3.775 0.0 
243000 606 664.156 -7276.065 -4.808 3.8126 0.0 
244000 609 658.786 -7291.497 -4.865 3.7831 0.0 
245000 612 634.71 -7310.517 -5.007 3.6241 0.0 
246000 613 642.015 -7315.974 -5.024 3.6506 0.0 
247000 614 649.175 -7326.222 -5.046 3.6985 0.0 
248000 615 656.192 -7331.917 -5.113 3.7543 0.0 
249000 617 653.526 -7338.436 -5.056 3.755 0.0 
250000 618 660.456 -7350.168 -5.148 3.7935 0.0 
251000 619 650.047 -7355.009 -5.063 3.7291 0.0 
252000 621 651.425 -7359.049 -4.971 3.7492 0.0 
253000 625 629.557 -7365.239 -4.738 3.6329 0.0 
254000 626 636.966 -7373.269 -4.855 3.6821 0.0 
255000 627 644.227 -7376.158 -4.817 3.7084 0.0 
256000 628 651.342 -7384.868 -4.833 3.7463 0.0 
257000 629 640.976 -7388.498 -4.759 3.6821 0.0 
258000 633 623.315 -7387.32 -4.503 3.5578 0.0 
259000 634 630.849 -7390.722 -4.478 3.585 0.0 
260000 635 638.232 -7395.75 -4.461 3.6192 0.0 
261000 636 645.467 -7406.117 -4.481 3.67 0.0 
262000 637 652.558 -7416.898 -4.565 3.7272 0.0 
263000 639 649.194 -7425.264 -4.703 3.6927 0.0 
264000 640 656.211 -7430.33 -4.754 3.7431 0.0 
265000 641 663.086 -7442.629 -4.767 3.7732 0.0 
266000 642 669.825 -7448.649 -4.891 3.823 0.0 
267000 643 676.428 -7457.488 -4.885 3.8686 0.0 
268000 644 682.9 -7465.644 -4.964 3.9366 0.0 
269000 645 672.422 -7471.585 -4.878 3.8709 0.0 
270000 646 678.973 -7473.668 -4.88 3.9335 0.0 
271000 648 675.086 -7476.489 -4.728 3.9001 0.0 
272000 649 681.584 -7485.557 -4.728 3.9644 0.0 
273000 652 674.81 -7496.48 -4.812 3.9183 0.0 
274000 653 664.534 -7503.539 -4.73 3.8531 0.0 
275000 656 659.711 -7509.245 -4.696 3.8253 0.0 
276000 658 656.446 -7518.57 -4.688 3.8281 0.0 
277000 659 663.317 -7521.33 -4.637 3.885 0.0 
278000 660 670.051 -7523.5 -4.594 3.9062 0.0 
279000 661 676.65 -7530.696 -4.636 3.9277 0.0 
280000 662 683.117 -7533.61 -4.665 3.9649 0.0 
281000 663 689.454 -7543.141 -4.72 3.9934 0.0 
282000 664 695.665 -7552.743 -4.784 4.0174 0.0 
283000 665 701.752 -7561.836 -4.901 4.0706 0.0 
284000 666 707.717 -7566.908 -4.891 4.0919 0.0 
285000 667 713.563 -7577.012 -5.028 4.1433 0.0 
286000 668 719.291 -7588.172 -5.129 4.1734 0.0 
287000 669 723.526 -7597.769 -5.211 4.1898 0.0 
288000 670 718.175 -7604.444 -5.158 4.1462 0.0 
289000 674 692.503 -7610.006 -4.964 3.9899 0.0 
290000 675 698.653 -7619.918 -5.056 4.0154 0.0 
291000 677 685.286 -7621.662 -4.941 3.9206 0.0 
292000 679 668.909 -7627.073 -4.731 3.8131 0.0 
293000 680 673.191 -7632.648 -4.7 3.8169 0.0 
294000 681 679.727 -7640.016 -4.725 3.8469 0.0 
295000 684 665.191 -7653.331 -4.69 3.7815 0.0 
296000 685 671.887 -7660.148 -4.847 3.8311 0.0 
297000 689 648.302 -7671.358 -4.716 3.6986 0.0 
298000 690 655.336 -7677.091 -4.798 3.7365 0.0 
299000 691 662.23 -7688.104 -4.854 3.7845 0.0 
300000 692 654.985 -7700.62 -4.82 3.736 0.0 
301000 695 645.783 -7704.903 -4.901 3.6627 0.0 
302000 696 652.867 -7707.677 -4.84 3.7068 0.0 
303000 697 659.81 -7711.275 -4.821 3.7493 0.0 
304000 698 666.613 -7720.917 -4.777 3.7959 0.0 
305000 700 664.456 -7728.156 -4.781 3.8011 0.0 
306000 701 671.166 -7737.04 -4.931 3.8406 0.0 
307000 702 661.883 -7745.249 -4.768 3.7814 0.0 
308000 704 660.333 -7751.17 -4.763 3.7614 0.0 
309000 706 657.223 -7754.907 -4.76 3.7257 0.0 
310000 708 658.737 -7764.946 -4.745 3.7448 0.0 
311000 709 648.883 -7769.25 -4.616 3.6852 0.0 
312000 711 646.407 -7772.333 -4.539 3.6933 0.0 
313000 712 653.479 -7785.134 -4.643 3.7352 0.0 
314000 713 660.409 -7793.679 -4.771 3.7809 0.0 
315000 716 650.181 -7797.908 -4.674 3.7403 0.0 
316000 717 657.177 -7807.139 -4.739 3.7924 0.0 
317000 718 664.034 -7819.263 -4.875 3.8239 0.0 
318000 720 660.938 -7828.63 -4.848 3.8177 0.0 
319000 721 652.619 -7840.667 -4.873 3.7651 0.0 
320000 722 659.567 -7850.488 -5.012 3.8233 0.0 
321000 725 648.022 -7860.099 -4.941 3.7291 0.0 
322000 727 647.74 -7869.087 -5.083 3.7284 0.0 
323000 728 654.785 -7879.505 -5.118 3.7488 0.0 
324000 729 645.469 -7889.743 -5.076 3.6894 0.0 
325000 732 631.975 -7894.021 -4.861 3.6088 0.0 
326000 733 639.335 -7895.884 -4.983 3.6809 0.0 
327000 734 646.548 -7906.554 -5.019 3.7332 0.0 
328000 735 647.337 -7915.074 -4.912 3.7387 0.0 
329000 737 646.583 -7916.132 -4.973 3.729 0.0 
330000 738 653.651 -7926.058 -4.908 3.7976 0.0 
331000 742 634.926 -7924.879 -4.615 3.6747 0.0 
332000 743 642.227 -7932.742 -4.685 3.7054 0.0 
333000 745 624.544 -7934.752 -4.58 3.5905 0.0 
334000 746 632.054 -7931.191 -4.381 3.6203 0.0 
335000 748 631.944 -7939.277 -4.361 3.618 0.0 
336000 750 630.979 -7951.722 -4.397 3.6175 0.0 
337000 752 628.169 -7949.441 -4.226 3.6193 0.0 
338000 753 635.605 -7943.497 -4.001 3.6791 0.0 
339000 754 642.893 -7934.851 -3.754 3.7108 0.0 
340000 756 629.907 -7939.099 -3.78 3.6281 0.0 
341000 757 637.309 -7939.829 -3.762 3.6946 0.0 
342000 758 644.562 -7932.165 -3.487 3.73 0.0 
343000 760 642.358 -7933.566 -3.322 3.727 0.0 
344000 762 640.04 -7940.546 -3.281 3.7169 0.0 
345000 763 647.24 -7943.738 -3.279 3.7474 0.0 
346000 764 647.615 -7949.952 -3.38 3.7426 0.0 
347000 765 646.863 -7957.751 -3.407 3.728 0.0 
348000 766 653.925 -7968.679 -3.467 3.7816 0.0 
349000 767 660.847 -7976.855 -3.596 3.8308 0.0 
350000 768 667.63 -7979.356 -3.695 3.8687 0.0 
351000 769 674.277 -7974.127 -3.588 3.919 0.0 
352000 770 680.792 -7983.412 -3.464 3.944 0.0 
353000 771 687.176 -7989.762 -3.587 4.0029 0.0 
354000 773 690.264 -7989.373 -3.616 4.0428 0.0 
355000 774 696.458 -7994.684 -3.561 4.0901 0.0 
356000 775 702.529 -7998.945 -3.614 4.1287 0.0 
357000 776 708.479 -8006.731 -3.66 4.1994 0.0 
358000 778 704.003 -8013.09 -3.611 4.1535 0.0 
359000 779 709.923 -8013.073 -3.562 4.177 0.0 
360000 780 715.724 -8018.32 -3.583 4.2133 0.0 
361000 781 704.91 -8015.47 -3.519 4.1454 0.0 
362000 782 710.812 -8020.483 -3.411 4.2141 0.0 
363000 784 709.104 -8007.608 -3.396 4.217 0.0 
364000 785 714.922 -8012.963 -3.064 4.2289 0.0 
365000 787 711.031 -8017.791 -3.132 4.2222 0.0 
366000 788 708.81 -8023.423 -3.172 4.2058 0.0 
367000 790 703.781 -8032.413 -3.178 4.1873 0.0 
368000 792 701.231 -8034.257 -3.229 4.1741 0.0 
369000 793 707.207 -8030.645 -3.042 4.2192 0.0 
370000 794 712.783 -8042.613 -3.127 4.2581 0.0 
371000 795 718.527 -8051.599 -3.217 4.3086 0.0 
372000 796 708.776 -8058.695 -3.229 4.2422 0.0 
373000 799 692.19 -8051.663 -3.244 4.1386 0.0 
374000 800 693.327 -8038.991 -2.917 4.1518 0.0 
375000 802 698.75 -8019.835 -2.311 4.1786 0.0 
376000 804 693.559 -8013.627 -2.153 4.1386 0.0 
377000 805 691.168 -8005.744 -1.871 4.1099 0.0 
378000 806 697.345 -8005.865 -1.854 4.1323 0.0 
379000 808 691.486 -7985.768 -1.309 4.0898 0.0 
380000 810 685.071 -7989.737 -1.393 4.0523 0.0 
381000 812 678.777 -7993.329 -1.326 4.005 0.0 
382000 813 672.161 -8003.461 -1.306 3.956 0.0 
383000 815 669.664 -8005.88 -1.425 3.9175 0.0 
384000 816 676.27 -8010.978 -1.492 3.9404 0.0 
385000 818 672.63 -8013.858 -1.541 3.9155 0.0 
386000 819 679.178 -8014.548 -1.63 3.9559 0.0 
387000 821 675.025 -8028.295 -1.732 3.9376 0.0 
388000 822 681.525 -8033.981 -1.828 3.9957 0.0 
389000 823 687.894 -8036.524 -1.935 4.028 0.0 
390000 824 694.136 -8034.657 -1.74 4.0678 0.0 
391000 825 700.254 -8035.267 -1.837 4.1247 0.0 
392000 826 706.249 -8045.932 -1.942 4.1519 0.0 
393000 827 712.124 -8055.089 -2.021 4.1884 0.0 
394000 828 717.881 -8059.059 -2.183 4.2297 0.0 
395000 829 723.524 -8063.587 -2.176 4.3002 0.0 
396000 830 729.053 -8063.512 -2.254 4.3514 0.0 
397000 831 732.772 -8057.707 -1.945 4.3629 0.0 
398000 832 738.117 -8066.912 -2.059 4.3941 0.0 
399000 833 743.354 -8074.146 -2.208 4.4196 0.0 
400000 834 748.487 -8076.717 -2.183 4.4477 0.0 
401000 835 753.517 -8074.881 -2.244 4.4768 0.0 
402000 836 751.787 -8076.174 -1.999 4.4658 0.0 
403000 837 756.751 -8083.866 -2.106 4.4886 0.0 
404000 838 761.616 -8089.545 -2.201 4.5219 0.0 
405000 839 766.384 -8097.375 -2.308 4.54 0.0 
406000 840 771.056 -8101.68 -2.364 4.5915 0.0 
407000 841 775.635 -8106.317 -2.42 4.6183 0.0 
408000 842 780.122 -8114.021 -2.484 4.6458 0.0 
409000 844 783.51 -8098.911 -2.213 4.655 0.0 
410000 845 787.839 -8109.762 -2.334 4.6822 0.0 
411000 846 792.083 -8117.112 -2.486 4.7359 0.0 
412000 847 796.241 -8118.079 -2.567 4.7411 0.0 
413000 848 795.316 -8113.507 -2.322 4.7268 0.0 
414000 849 799.41 -8117.601 -2.444 4.7456 0.0 
415000 850 795.822 -8122.173 -2.373 4.7186 0.0 
416000 851 799.905 -8120.808 -2.339 4.7418 0.0 
417000 852 803.907 -8123.123 -2.244 4.767 0.0 
418000 853 807.829 -8124.573 -2.322 4.7672 0.0 
419000 854 806.972 -8128.06 -2.196 4.7533 0.0 
420000 855 810.833 -8134.391 -2.246 4.7897 0.0 
421000 856 814.616 -8137.231 -2.337 4.8268 0.0 
422000 858 816.057 -8137.925 -2.329 4.8526 0.0 
423000 859 819.736 -8144.518 -2.391 4.8864 0.0 
424000 860 823.342 -8141.832 -2.448 4.8989 0.0 
425000 861 819.195 -8157.024 -2.563 4.855 0.0 
426000 862 822.811 -8161.985 -2.594 4.8736 0.0 
427000 863 820.395 -8167.5 -2.601 4.8529 0.0 
428000 864 823.167 -8161.464 -2.628 4.8662 0.0 
429000 865 826.703 -8167.663 -2.421 4.8858 0.0 
430000 866 830.169 -8169.825 -2.498 4.9231 0.0 
431000 867 833.566 -8174.251 -2.491 4.9624 0.0 
432000 868 836.895 -8179.494 -2.546 4.9835 0.0 
433000 869 840.157 -8183.863 -2.594 5.0015 0.0 
434000 871 839.747 -8173.952 -2.457 4.9877 0.0 
435000 872 842.952 -8182.754 -2.478 5.0235 0.0 
436000 873 846.093 -8183.288 -2.581 5.0526 0.0 
437000 875 837.027 -8187.134 -2.464 4.9855 0.0 
438000 876 840.287 -8195.139 -2.589 4.98 0.0 
439000 877 842.101 -8191.144 -2.563 5.0052 0.0 
440000 878 838.279 -8193.167 -2.431 4.9845 0.0 
441000 879 841.513 -8200.899 -2.502 4.9922 0.0 
442000 880 844.683 -8205.384 -2.632 5.0037 0.0 
443000 881 847.79 -8213.335 -2.687 5.0113 0.0 
444000 882 850.834 -8219.818 -2.746 5.041 0.0 
445000 883 853.817 -8219.546 -2.825 5.0916 0.0 
446000 884 856.741 -8216.373 -2.628 5.1377 0.0 
447000 885 858.966 -8218.181 -2.543 5.1386 0.0 
448000 887 850.071 -8217.218 -2.471 5.0566 0.0 
449000 888 853.069 -8216.669 -2.5 5.1051 0.0 
450000 889 851.888 -8224.294 -2.446 5.0945 0.0 
451000 890 854.85 -8228.122 -2.539 5.1127 0.0 
452000 891 854.093 -8223.993 -2.349 5.0914 0.0 
453000 892 857.011 -8224.956 -2.269 5.1195 0.0 
454000 893 859.871 -8223.493 -2.37 5.1276 0.0 
455000 895 855.38 -8209.467 -2.032 5.0939 0.0 
456000 896 858.273 -8213.085 -2.015 5.0981 0.0 
457000 897 861.107 -8210.2 -1.918 5.1388 0.0 
458000 898 863.885 -8214.098 -1.999 5.1516 0.0 
459000 899 865.447 -8208.112 -1.839 5.1488 0.0 
460000 901 854.777 -8210.926 -1.691 5.0829 0.0 
461000 902 857.682 -8219.863 -1.82 5.0846 0.0 
462000 903 851.348 -8224.676 -1.843 5.0352 0.0 
463000 906 827.303 -8224.907 -1.836 4.8781 0.0 
464000 909 793.012 -8226.571 -1.776 4.6533 0.0 
465000 911 784.108 -8223.295 -1.639 4.5778 0.0 
466000 913 775.938 -8230.016 -1.701 4.5237 0.0 
467000 914 775.699 -8226.052 -1.514 4.5106 0.0 
468000 915 780.185 -8225.663 -1.577 4.5468 0.0 
469000 917 772.539 -8214.77 -1.263 4.4855 0.0 
470000 918 777.089 -8220.292 -1.399 4.5038 0.0 
471000 919 776.467 -8214.849 -1.244 4.4866 0.0 
472000 920 772.457 -8215.387 -1.041 4.458 0.0 
473000 922 774.868 -8216.897 -1.178 4.5014 0.0 
474000 923 779.371 -8226.446 -1.338 4.5205 0.0 
475000 924 783.783 -8236.368 -1.518 4.5321 0.0 
476000 925 788.108 -8242.392 -1.589 4.5633 0.0 
477000 926 792.346 -8244.018 -1.652 4.5917 0.0 
478000 927 796.499 -8252.096 -1.712 4.6298 0.0 
479000 928 785.489 -8256.986 -1.705 4.5611 0.0 
480000 930 777.483 -8257.55 -1.707 4.5249 0.0 
481000 931 781.934 -8249.296 -1.563 4.562 0.0 
482000 932 786.295 -8247.094 -1.561 4.5879 0.0 
483000 934 789.178 -8241.384 -1.282 4.6191 0.0 
484000 936 773.559 -8235.993 -1.222 4.5262 0.0 
485000 937 778.088 -8243.117 -1.283 4.5556 0.0 
486000 938 782.526 -8242.784 -1.195 4.5738 0.0 
487000 939 786.876 -8240.539 -1.223 4.6042 0.0 
488000 940 791.138 -8250.086 -1.313 4.646 0.0 
489000 941 780.975 -8247.239 -1.259 4.5771 0.0 
490000 944 762.102 -8243.319 -1.091 4.4616 0.0 
491000 945 760.9 -8240.554 -0.982 4.4493 0.0 
492000 946 765.682 -8247.954 -1.013 4.4804 0.0 
493000 947 770.369 -8248.605 -1.073 4.5249 0.0 
494000 949 762.502 -8247.957 -1.091 4.471 0.0 
495000 950 767.252 -8243.24 -1.032 4.4927 0.0 
496000 951 767.827 -8242.441 -0.849 4.4804 0.0 
497000 953 761.281 -8234.888 -0.715 4.4489 0.0 
498000 954 760.596 -8228.636 -0.638 4.441 0.0 
499000 956 764.536 -8212.375 -0.242 4.4459 0.0 
500000 958 744.084 -8217.892 -0.177 4.3117 0.0 
501000 959 749.202 -8223.665 -0.388 4.3868 0.0 
502000 961 748.953 -8216.927 -0.301 4.3989 0.0 
503000 963 743.535 -8217.96 -0.281 4.3859 0.0 
504000 964 748.664 -8216.461 -0.229 4.4233 0.0 
505000 965 753.691 -8213.986 -0.167 4.4556 0.0 
506000 967 742.37 -8194.609 0.092 4.3731 0.0 
507000 968 731.223 -8197.366 0.263 4.3016 0.0 
508000 969 736.598 -8201.419 0.122 4.3218 0.0 
509000 970 741.867 -8207.412 0.082 4.3635 0.0 
510000 971 747.029 -8202.867 -0.053 4.3912 0.0 
511000 973 753.287 -8195.719 0.11 4.4307 0.0 
512000 974 758.221 -8199.384 0.075 4.4901 0.0 
513000 975 763.057 -8196.822 0.089 4.5272 0.0 
514000 976 767.796 -8199.243 0.065 4.5543 0.0 
515000 977 772.44 -8200.754 0.002 4.5869 0.0 
516000 978 776.991 -8205.721 -0.087 4.62 0.0 
517000 979 772.631 -8206.816 -0.099 4.5855 0.0 
518000 980 777.178 -8212.672 -0.174 4.5919 0.0 
519000 981 781.635 -8216.843 -0.308 4.595 0.0 
520000 983 775.482 -8213.691 -0.259 4.5595 0.0 
521000 984 779.972 -8207.049 -0.154 4.5901 0.0 
522000 985 784.373 -8208.761 -0.117 4.6292 0.0 
523000 986 788.686 -8209.301 -0.138 4.6637 0.0 
524000 987 792.912 -8209.177 -0.181 4.7067 0.0 
525000 988 797.054 -8207.449 -0.09 4.7175 0.0 
526000 989 801.113 -8199.948 0.047 4.7268 0.0 
527000 991 793.068 -8198.855 0.108 4.6742 0.0 
528000 992 797.207 -8192.467 0.187 4.6969 0.0 
529000 993 792.803 -8189.699 0.182 4.6644 0.0 
530000 994 796.947 -8196.316 0.158 4.695 0.0 
531000 995 801.008 -8192.524 0.159 4.7205 0.0 
532000 996 804.988 -8196.121 0.18 4.7633 0.0 
533000 997 808.888 -8198.081 0.064 4.802 0.0 
534000 998 812.71 -8193.696 0.059 4.8361 0.0 
535000 999 807.036 -8185.827 0.27 4.7871 0.0 
536000 1000 810.895 -8190.831 0.396 4.8102 0.0 
537000 1001 814.677 -8191.46 0.285 4.8327 0.0 
538000 1002 818.384 -8190.833 0.26 4.8714 0.0 
539000 1003 822.016 -8183.395 0.245 4.9184 0.0 
540000 1004 825.576 -8175.652 0.424 4.9306 0.0 
541000 1005 829.064 -8179.85 0.567 4.9474 0.0 
542000 1006 832.483 -8184.919 0.464 4.9688 0.0 
543000 1009 815.566 -8173.114 0.492 4.8238 0.0 
544000 1010 819.254 -8171.777 0.502 4.8303 0.0 
545000 1011 822.869 -8170.12 0.525 4.8459 0.0 
546000 1012 826.412 -8176.493 0.403 4.8487 0.0 
547000 1014 810.714 -8176.644 0.473 4.7329 0.0 
548000 1016 806.465 -8177.264 0.43 4.7049 0.0 
549000 1017 805.216 -8171.825 0.376 4.6807 0.0 
550000 1018 796.352 -8179.331 0.559 4.6202 0.0 
551000 1021 775.023 -8164.536 0.494 4.4732 0.0 
552000 1023 774.252 -8151.149 0.826 4.4593 0.0 
553000 1024 777.507 -8144.303 0.837 4.4578 0.0 
554000 1026 762.812 -8135.499 1.12 4.366 0.0 
555000 1027 767.555 -8142.74 0.911 4.3859 0.0 
556000 1030 739.697 -8128.14 1.092 4.2094 0.0 
557000 1032 733.654 -8110.096 1.39 4.1762 0.0 
558000 1033 729.24 -8110.712 1.5 4.1466 0.0 
559000 1034 734.656 -8107.028 1.385 4.2042 0.0 
560000 1036 725.984 -8103.618 1.494 4.178 0.0 
561000 1039 716.997 -8092.105 1.689 4.1294 0.0 
562000 1041 700.189 -8082.616 1.711 4.0266 0.0 
563000 1042 698.166 -8086.606 1.757 4.0133 0.0 
564000 1043 704.202 -8076.905 1.663 4.0345 0.0 
565000 1044 707.738 -8073.102 1.838 4.049 0.0 
566000 1047 699.855 -8058.298 1.913 3.9936 0.0 
567000 1049 695.327 -8049.767 2.113 3.9559 0.0 
568000 1050 701.42 -8049.266 2.12 3.981 0.0 
569000 1052 685.738 -8036.894 2.206 3.8806 0.0 
570000 1055 668.071 -8005.414 2.588 3.7618 0.0 
571000 1056 666.03 -8000.344 2.752 3.747 0.0 
572000 1057 672.709 -7994.219 2.702 3.7793 0.0 
573000 1058 679.255 -7991.162 2.843 3.8199 0.0 
574000 1059 685.67 -7988.042 2.876 3.8875 0.0 
575000 1060 691.956 -7986.027 2.76 3.9526 0.0 
576000 1061 698.117 -7986.706 2.751 3.9978 0.0 
577000 1064 681.738 -7965.291 2.942 3.9043 0.0 
578000 1065 686.544 -7964.534 2.922 3.9565 0.0 
579000 1066 692.793 -7960.207 2.962 4.0207 0.0 
580000 1067 698.937 -7951.04 3.05 4.0726 0.0 
581000 1068 704.478 -7948.284 3.106 4.1256 0.0 
582000 1069 709.669 -7945.963 3.003 4.152 0.0 
583000 1070 714.355 -7941.78 3.081 4.1712 0.0 
584000 1073 694.881 -7926.821 3.126 4.0848 0.0 
585000 1074 700.983 -7926.61 3.125 4.1058 0.0 
586000 1075 706.963 -7933.852 2.889 4.1657 0.0 
587000 1077 690.219 -7925.416 3.003 4.0585 0.0 
588000 1080 683.354 -7919.008 2.974 4.0017 0.0 
589000 1082 673.714 -7902.348 3.022 3.9294 0.0 
590000 1084 670.179 -7897.338 3.152 3.9414 0.0 
591000 1085 676.776 -7899.127 3.063 3.9879 0.0 
592000 1086 683.24 -7896.48 3.06 4.0429 0.0 
593000 1087 689.575 -7898.595 3.006 4.1066 0.0 
594000 1088 695.784 -7906.192 2.754 4.1701 0.0 
595000 1089 701.868 -7898.495 2.788 4.2117 0.0 
596000 1091 689.449 -7882.079 2.931 4.133 0.0 
597000 1092 695.66 -7880.972 2.901 4.1834 0.0 
598000 1093 698.586 -7881.317 2.957 4.2207 0.0 
599000 1094 701.455 -7879.333 2.852 4.2465 0.0 
600000 1095 707.426 -7882.365 2.823 4.2994 0.0 
601000 1097 700.812 -7880.292 2.734 4.2791 0.0 
602000 1098 706.795 -7891.751 2.569 4.3215 0.0 
603000 1099 712.659 -7893.35 2.3 4.3666 0.0 
604000 1100 718.406 -7892.394 2.259 4.4185 0.0 
605000 1101 724.038 -7894.334 2.212 4.4538 0.0 
606000 1102 729.557 -7902.524 2.136 4.4854 0.0 
607000 1103 729.226 -7890.576 2.283 4.4785 0.0 
608000 1105 722.749 -7885.127 2.271 4.4359 0.0 
609000 1106 724.234 -7881.401 2.359 4.4611 0.0 
610000 1108 716.894 -7873.733 2.278 4.4316 0.0 
611000 1110 709.345 -7873.331 2.308 4.3804 0.0 
612000 1111 715.158 -7876.927 2.166 4.4545 0.0 
613000 1114 697.655 -7868.874 2.153 4.3573 0.0 
614000 1115 703.702 -7861.49 2.127 4.4371 0.0 
615000 1117 697.336 -7866.69 1.977 4.3643 0.0 
616000 1118 696.609 -7864.214 2.171 4.3484 0.0 
617000 1119 702.677 -7867.804 2.058 4.3795 0.0 
618000 1121 696.851 -7863.633 1.914 4.3317 0.0 
619000 1123 683.533 -7862.817 2.085 4.2445 0.0 
620000 1125 692.245 -7854.11 2.044 4.3017 0.0 
621000 1126 689.42 -7840.753 2.244 4.279 0.0 
622000 1128 690.742 -7826.579 2.48 4.2831 0.0 
623000 1129 695.588 -7824.989 2.422 4.2982 0.0 
624000 1130 686.256 -7823.453 2.571 4.2354 0.0 
625000 1132 696.18 -7816.712 2.538 4.2945 0.0 
626000 1133 696.076 -7800.823 2.675 4.2882 0.0 
627000 1134 702.155 -7799.656 2.561 4.3431 0.0 
628000 1136 697.87 -7789.089 2.722 4.2844 0.0 
629000 1138 684.343 -7788.223 2.677 4.1796 0.0 
630000 1139 690.656 -7794.063 2.454 4.2197 0.0 
631000 1142 677.233 -7792.232 2.517 4.1095 0.0 
632000 1143 683.689 -7790.938 2.467 4.1451 0.0 
633000 1144 690.015 -7803.658 2.168 4.1877 0.0 
634000 1145 696.214 -7807.341 2.014 4.2262 0.0 
635000 1147 686.771 -7783.103 2.319 4.1689 0.0 
636000 1148 693.036 -7772.42 2.482 4.2105 0.0 
637000 1149 699.175 -7784.269 2.234 4.2453 0.0 
638000 1150 696.472 -7781.199 2.336 4.2184 0.0 
639000 1151 702.542 -7780.544 2.113 4.2626 0.0 
640000 1152 703.571 -7784.299 2.293 4.2719 0.0 
641000 1154 698.81 -7776.272 2.128 4.2275 0.0 
642000 1155 704.834 -7771.88 2.201 4.2834 0.0 
643000 1156 710.737 -7763.066 2.171 4.3242 0.0 
644000 1158 709.84 -7751.036 2.537 4.3064 0.0 
645000 1159 715.643 -7752.181 2.296 4.3308 0.0 
646000 1160 721.33 -7758.111 2.148 4.3757 0.0 
647000 1161 726.904 -7756.078 2.282 4.3932 0.0 
648000 1162 732.365 -7763.896 2.067 4.4422 0.0 
649000 1164 714.968 -7760.071 2.063 4.3177 0.0 
650000 1165 720.669 -7759.995 2.049 4.3486 0.0 
651000 1166 726.255 -7759.549 2.177 4.3948 0.0 
652000 1167 728.79 -7757.849 2.078 4.4192 0.0 
653000 1169 722.23 -7751.45 2.055 4.3854 0.0 
654000 1170 727.786 -7736.613 2.137 4.4441 0.0 
655000 1171 733.23 -7736.542 2.302 4.4778 0.0 
656000 1172 738.565 -7744.257 2.167 4.5135 0.0 
657000 1174 735.857 -7728.343 2.193 4.4827 0.0 
658000 1175 739.64 -7723.081 2.248 4.516 0.0 
659000 1176 744.847 -7714.965 2.294 4.537 0.0 
660000 1177 749.95 -7711.142 2.445 4.5792 0.0 
661000 1178 749.571 -7710.504 2.468 4.5704 0.0 
662000 1180 749.447 -7685.156 2.673 4.54 0.0 
663000 1183 728.455 -7671.142 3.057 4.4015 0.0 
664000 1184 730.946 -7660.835 3.122 4.4096 0.0 
665000 1185 736.327 -7657.374 3.066 4.4331 0.0 
666000 1186 740.3 -7652.312 3.044 4.4394 0.0 
667000 1187 745.494 -7644.744 3.142 4.4657 0.0 
668000 1188 750.584 -7650.831 2.99 4.527 0.0 
669000 1189 753.533 -7642.053 3.094 4.5456 0.0 
670000 1190 745.822 -7645.364 3.272 4.4931 0.0 
671000 1193 734.614 -7640.847 2.994 4.4218 0.0 
672000 1194 739.922 -7641.065 2.739 4.4632 0.0 
673000 1195 744.903 -7631.872 2.887 4.5074 0.0 
674000 1196 750.005 -7634.825 2.858 4.535 0.0 
675000 1198 744.694 -7634.915 2.916 4.504 0.0 
676000 1199 743.84 -7627.263 2.859 4.4899 0.0 
677000 1200 748.963 -7633.394 2.704 4.5071 0.0 
678000 1201 747.644 -7641.348 2.641 4.495 0.0 
679000 1203 747.308 -7631.548 2.58 4.488 0.0 
680000 1204 752.362 -7636.074 2.409 4.5213 0.0 
681000 1205 749.314 -7641.593 2.371 4.4922 0.0 
682000 1206 754.328 -7644.704 2.197 4.5184 0.0 
683000 1208 753.217 -7636.253 2.233 4.4963 0.0 
684000 1209 758.152 -7645.196 2.043 4.5174 0.0 
685000 1210 751.849 -7638.302 2.247 4.4752 0.0 
686000 1211 756.812 -7642.036 2.075 4.5068 0.0 
687000 1213 747.526 -7622.507 2.271 4.4468 0.0 
688000 1214 752.575 -7618.324 2.321 4.4974 0.0 
689000 1215 757.004 -7617.517 2.401 4.524 0.0 
690000 1216 761.864 -7617.981 2.228 4.5454 0.0 
691000 1217 766.286 -7607.023 2.33 4.5871 0.0 
692000 1218 770.961 -7603.583 2.468 4.6346 0.0 
693000 1219 775.541 -7596.915 2.36 4.65 0.0 
694000 1220 780.031 -7588.597 2.546 4.6939 0.0 
695000 1222 778.681 -7573.171 2.765 4.6711 0.0 
696000 1223 773.588 -7571.492 2.936 4.6311 0.0 
697000 1225 768.656 -7556.983 2.948 4.5908 0.0 
698000 1227 758.804 -7540.218 3.142 4.5281 0.0 
699000 1228 758.848 -7536.91 3.267 4.5472 0.0 
700000 1229 763.671 -7539.133 3.159 4.5982 0.0 
701000 1231 762.576 -7530.698 3.184 4.5749 0.0 
702000 1232 758.424 -7516.642 3.212 4.5467 0.0 
703000 1234 757.266 -7502.223 3.584 4.5404 0.0 
704000 1236 740.84 -7482.954 3.711 4.423 0.0 
705000 1237 746.024 -7472.048 3.844 4.476 0.0 
706000 1239 740.779 -7462.829 3.945 4.4331 0.0 
707000 1240 745.963 -7456.561 4.002 4.4699 0.0 
708000 1241 751.044 -7446.005 3.976 4.5109 0.0 
709000 1242 756.023 -7436.448 4.133 4.5627 0.0 
710000 1243 760.903 -7436.722 4.101 4.583 0.0 
711000 1244 755.665 -7425.057 4.205 4.5457 0.0 
712000 1245 760.551 -7409.305 4.325 4.5774 0.0 
713000 1247 760.613 -7392.153 4.643 4.5633 0.0 
714000 1249 746.128 -7369.171 4.955 4.4709 0.0 
715000 1251 738.099 -7360.972 4.963 4.407 0.0 
716000 1252 743.337 -7348.018 5.0 4.4344 0.0 
717000 1253 748.47 -7336.772 5.061 4.4667 0.0 
718000 1255 736.33 -7319.231 5.292 4.3868 0.0 
719000 1258 718.859 -7314.332 5.169 4.2712 0.0 
720000 1259 724.482 -7306.382 5.291 4.3108 0.0 
721000 1260 725.293 -7281.918 5.452 4.3176 0.0 
722000 1262 713.768 -7251.614 5.87 4.2441 0.0 
723000 1263 719.492 -7242.249 5.97 4.2723 0.0 
724000 1265 715.026 -7227.193 6.056 4.2435 0.0 
725000 1266 720.725 -7212.671 6.149 4.2591 0.0 
726000 1267 714.771 -7199.417 6.285 4.2151 0.0 
727000 1270 706.116 -7161.074 6.791 4.1378 0.0 
728000 1271 711.993 -7154.394 6.869 4.1725 0.0 
729000 1273 702.181 -7121.545 7.107 4.0978 0.0 
730000 1274 690.577 -7114.07 7.105 4.0261 0.0 
731000 1279 660.95 -7063.297 7.501 3.8233 0.0 
732000 1280 667.731 -7050.551 7.644 3.8478 0.0 
733000 1281 662.836 -7023.303 7.816 3.8115 0.0 
734000 1283 663.1 -6994.048 8.033 3.7877 0.0 
735000 1284 660.298 -6981.054 8.189 3.763 0.0 
736000 1285 667.092 -6965.651 8.248 3.795 0.0 
737000 1287 662.456 -6940.445 8.558 3.7695 0.0 
738000 1289 659.614 -6912.757 8.785 3.7615 0.0 
739000 1291 662.594 -6892.256 8.999 3.7695 0.0 
740000 1292 656.202 -6869.494 9.066 3.726 0.0 
741000 1294 659.416 -6852.051 9.229 3.7408 0.0 
742000 1295 666.228 -6833.878 9.238 3.7813 0.0 
743000 1297 658.338 -6804.008 9.406 3.7369 0.0 
744000 1301 628.848 -6765.664 9.454 3.5548 0.0 
745000 1303 616.114 -6738.491 9.666 3.4726 0.0 
746000 1304 623.792 -6725.788 9.626 3.5217 0.0 
747000 1306 616.611 -6698.162 9.782 3.4814 0.0 
748000 1308 616.527 -6669.149 9.979 3.473 0.0 
749000 1310 614.714 -6642.767 10.173 3.4631 0.0 
750000 1311 610.68 -6631.839 10.215 3.4414 0.0 
751000 1312 618.466 -6623.843 10.225 3.5073 0.0 
752000 1314 619.455 -6592.664 10.35 3.5368 0.0 
753000 1316 623.505 -6580.465 10.426 3.5423 0.0 
754000 1317 618.594 -6557.294 10.469 3.5079 0.0 
755000 1319 621.138 -6537.819 10.435 3.5421 0.0 
756000 1321 613.263 -6508.456 10.559 3.4875 0.0 
757000 1323 618.338 -6494.181 10.729 3.5174 0.0 
758000 1326 601.326 -6467.81 10.553 3.4043 0.0 
759000 1327 601.499 -6437.554 10.623 3.4013 0.0 
760000 1329 605.59 -6428.686 10.703 3.4318 0.0 
761000 1331 595.995 -6374.796 11.022 3.3631 0.0 
762000 1333 585.552 -6352.821 11.174 3.2962 0.0 
763000 1335 585.025 -6324.362 11.15 3.2929 0.0 
764000 1338 573.685 -6276.394 11.508 3.228 0.0 
765000 1340 569.172 -6245.386 11.617 3.2042 0.0 
766000 1343 559.261 -6217.143 11.708 3.132 0.0 
767000 1344 555.256 -6195.95 11.747 3.1045 0.0 
768000 1347 555.704 -6158.928 11.89 3.1143 0.0 
769000 1349 548.914 -6130.024 11.943 3.0757 0.0 
770000 1351 552.937 -6113.188 11.958 3.1037 0.0 
771000 1353 548.417 -6074.128 12.145 3.078 0.0 
772000 1355 540.322 -6031.414 12.351 3.0266 0.0 
773000 1357 544.445 -6006.477 12.465 3.0472 0.0 
774000 1358 553.556 -5998.608 12.46 3.1052 0.0 
775000 1359 549.825 -5980.409 12.401 3.0829 0.0 
776000 1360 556.509 -5966.482 12.43 3.1325 0.0 
777000 1363 557.09 -5925.924 12.531 3.1371 0.0 
778000 1364 564.288 -5910.823 12.547 3.166 0.0 
779000 1367 551.194 -5867.594 12.716 3.0701 0.0 
780000 1370 541.16 -5821.682 12.855 2.9937 0.0 
781000 1373 530.906 -5783.621 13.08 2.9288 0.0 
782000 1375 523.407 -5739.411 13.133 2.8865 0.0 
783000 1378 512.824 -5694.494 13.233 2.8249 0.0 
784000 1380 516.442 -5671.775 13.362 2.8414 0.0 
785000 1383 504.256 -5623.542 13.471 2.768 0.0 
786000 1386 495.612 -5589.965 13.432 2.715 0.0 
787000 1389 485.459 -5540.325 13.544 2.6534 0.0 
788000 1391 477.032 -5502.666 13.599 2.5963 0.0 
789000 1392 487.492 -5490.533 13.579 2.6367 0.0 
790000 1395 488.343 -5455.787 13.694 2.6502 0.0 
791000 1396 498.577 -5445.318 13.643 2.7137 0.0 
792000 1398 496.572 -5408.598 13.673 2.7058 0.0 
793000 1400 492.372 -5367.132 13.805 2.6821 0.0 
794000 1402 490.697 -5339.294 13.795 2.6661 0.0 
795000 1403 500.883 -5325.289 13.826 2.7196 0.0 
796000 1404 510.865 -5311.077 13.843 2.7876 0.0 
797000 1405 515.028 -5296.159 13.874 2.8121 0.0 
798000 1407 524.493 -5268.19 13.922 2.8719 0.0 
799000 1408 525.423 -5250.364 13.956 2.8746 0.0 
800000 1410 532.196 -5223.157 13.944 2.9066 0.0 
801000 1411 541.552 -5220.476 13.843 2.9756 0.0 
802000 1412 550.721 -5205.068 13.751 3.0324 0.0 
803000 1415 543.053 -5174.747 13.837 2.9794 0.0 
804000 1417 534.771 -5128.083 13.871 2.9222 0.0 
805000 1421 519.061 -5078.475 14.047 2.829 0.0 
806000 1424 505.296 -5018.329 14.224 2.7478 0.0 
807000 1426 500.185 -4984.338 14.282 2.7111 0.0 
808000 1427 499.381 -4969.738 14.271 2.7057 0.0 
809000 1430 499.05 -4926.158 14.241 2.7109 0.0 
810000 1432 506.866 -4907.807 14.328 2.7669 0.0 
811000 1434 504.027 -4868.053 14.31 2.7536 0.0 
812000 1436 495.624 -4832.234 14.462 2.7049 0.0 
813000 1440 485.203 -4766.404 14.685 2.6496 0.0 
814000 1441 495.499 -4759.402 14.55 2.7363 0.0 
815000 1443 487.818 -4726.187 14.598 2.6822 0.0 
816000 1445 493.76 -4703.279 14.481 2.7 0.0 
817000 1446 503.885 -4685.823 14.487 2.7587 0.0 
818000 1450 486.243 -4624.951 14.645 2.6408 0.0 
819000 1452 480.233 -4595.256 14.614 2.597 0.0 
820000 1454 478.942 -4560.722 14.597 2.5767 0.0 
821000 1456 485.236 -4531.35 14.683 2.6219 0.0 
822000 1457 495.531 -4514.691 14.687 2.6695 0.0 
823000 1459 496.761 -4480.774 14.716 2.6801 0.0 
824000 1463 481.84 -4432.82 14.852 2.5955 0.0 
825000 1466 470.843 -4371.789 14.922 2.5332 0.0 
826000 1467 468.986 -4351.22 14.93 2.5235 0.0 
827000 1468 479.606 -4336.844 14.959 2.5917 0.0 
828000 1470 484.694 -4307.686 14.941 2.6179 0.0 
829000 1471 494.5 -4293.098 14.947 2.7055 0.0 
830000 1473 501.358 -4270.804 14.854 2.7567 0.0 
831000 1474 502.491 -4253.913 14.86 2.7676 0.0 
832000 1475 508.561 -4238.617 14.842 2.795 0.0 
833000 1478 511.174 -4193.144 14.897 2.8032 0.0 
834000 1479 507.15 -4175.839 14.924 2.779 0.0 
835000 1482 511.651 -4135.967 14.92 2.8189 0.0 
836000 1484 508.453 -4097.931 15.001 2.8007 0.0 
837000 1487 496.937 -4043.558 15.113 2.7332 0.0 
838000 1490 490.034 -4001.995 15.141 2.6903 0.0 
839000 1492 489.131 -3965.214 15.22 2.6874 0.0 
840000 1495 484.534 -3929.15 15.252 2.6595 0.0 
841000 1498 475.513 -3889.829 15.191 2.6076 0.0 
842000 1501 464.044 -3829.135 15.273 2.538 0.0 
843000 1504 456.034 -3771.196 15.461 2.4899 0.0 
844000 1508 442.829 -3716.983 15.473 2.4108 0.0 
845000 1511 434.104 -3661.777 15.564 2.3579 0.0 
846000 1514 428.244 -3616.831 15.523 2.3204 0.0 
847000 1517 423.852 -3574.567 15.5 2.2833 0.0 
848000 1520 416.023 -3518.754 15.53 2.2269 0.0 
849000 1522 412.469 -3489.679 15.552 2.1987 0.0 
850000 1525 418.658 -3465.204 15.37 2.2256 0.0 
851000 1528 411.654 -3406.634 15.384 2.177 0.0 
852000 1529 423.421 -3393.475 15.406 2.2447 0.0 
853000 1531 426.997 -3362.921 15.39 2.2576 0.0 
854000 1533 430.017 -3328.78 15.515 2.2612 0.0 
855000 1535 429.663 -3286.698 15.576 2.2623 0.0 
856000 1539 418.545 -3238.57 15.383 2.1995 0.0 
857000 1542 411.397 -3197.789 15.278 2.1606 0.0 
858000 1543 413.489 -3185.558 15.067 2.1723 0.0 
859000 1546 420.109 -3156.702 14.909 2.2087 0.0 
860000 1549 413.359 -3105.624 14.928 2.1732 0.0 
861000 1553 402.958 -3049.643 15.059 2.1124 0.0 
862000 1556 396.464 -3005.631 14.86 2.0772 0.0 
863000 1558 393.79 -2983.28 14.755 2.0632 0.0 
864000 1562 391.899 -2945.779 14.517 2.0607 0.0 
865000 1564 388.429 -2909.471 14.454 2.0412 0.0 
866000 1566 399.607 -2897.769 14.203 2.1143 0.0 
867000 1570 388.327 -2838.892 14.244 2.0371 0.0 
868000 1571 386.2 -2816.948 14.256 2.0225 0.0 
869000 1573 397.636 -2785.049 14.208 2.074 0.0 
870000 1574 409.683 -2772.547 14.285 2.1624 0.0 
871000 1576 415.062 -2746.058 14.215 2.198 0.0 
872000 1577 426.761 -2735.1 14.206 2.2724 0.0 
873000 1578 438.226 -2718.961 14.179 2.3478 0.0 
874000 1581 433.748 -2678.17 14.119 2.3108 0.0 
875000 1583 432.527 -2647.379 14.226 2.3048 0.0 
876000 1587 422.708 -2609.113 13.993 2.2514 0.0 
877000 1588 434.254 -2595.333 13.931 2.3293 0.0 
878000 1590 433.983 -2569.876 13.823 2.3159 0.0 
879000 1593 427.665 -2531.248 13.762 2.2725 0.0 
880000 1594 439.111 -2513.921 13.728 2.3387 0.0 
881000 1597 433.1 -2475.849 13.735 2.2899 0.0 
882000 1600 425.305 -2438.826 13.644 2.234 0.0 
883000 1602 435.523 -2419.969 13.615 2.2686 0.0 
884000 1605 425.046 -2381.044 13.566 2.2024 0.0 
885000 1608 424.104 -2350.38 13.528 2.188 0.0 
886000 1609 422.902 -2326.521 13.473 2.1813 0.0 
887000 1610 434.444 -2314.576 13.462 2.264 0.0 
888000 1612 443.74 -2295.64 13.367 2.3242 0.0 
889000 1615 440.889 -2261.483 13.249 2.2949 0.0 
890000 1617 443.593 -2238.594 13.156 2.3011 0.0 
891000 1618 454.722 -2232.424 13.071 2.3591 0.0 
892000 1621 448.754 -2197.349 13.009 2.3132 0.0 
893000 1622 446.139 -2179.671 13.024 2.2951 0.0 
894000 1625 452.319 -2137.917 13.148 2.3212 0.0 
895000 1627 454.34 -2115.934 13.04 2.3269 0.0 
896000 1628 453.453 -2125.92 12.501 2.3169 0.0 
897000 1630 464.736 -2101.992 12.583 2.3721 0.0 
898000 1631 475.441 -2091.732 12.496 2.4345 0.0 
899000 1633 471.876 -2068.579 12.458 2.4186 0.0 
900000 1634 482.439 -2060.417 12.354 2.4783 0.0 
901000 1637 477.661 -2024.327 12.304 2.4543 0.0 
902000 1640 472.135 -1988.912 12.36 2.415 0.0 
903000 1642 471.541 -1968.261 12.271 2.4175 0.0 
904000 1645 466.392 -1930.657 12.408 2.3959 0.0 
905000 1646 477.064 -1926.521 12.284 2.4702 0.0 
906000 1648 474.538 -1890.723 12.309 2.461 0.0 
907000 1650 469.335 -1870.626 12.33 2.436 0.0 
908000 1651 470.668 -1862.823 12.183 2.4473 0.0 
909000 1654 475.275 -1825.653 12.067 2.4635 0.0 
910000 1655 485.77 -1817.025 12.105 2.523 0.0 
911000 1657 492.133 -1808.278 11.945 2.5663 0.0 
912000 1659 487.397 -1769.312 12.04 2.5336 0.0 
913000 1661 486.075 -1745.787 12.016 2.5307 0.0 
914000 1662 496.354 -1733.59 11.986 2.5837 0.0 
915000 1663 506.427 -1722.433 11.978 2.6371 0.0 
916000 1666 499.68 -1680.647 12.065 2.5893 0.0 
917000 1667 502.246 -1697.677 11.517 2.5974 0.0 
918000 1670 499.569 -1655.972 11.675 2.5661 0.0 
919000 1671 509.577 -1648.342 11.614 2.6128 0.0 
920000 1673 510.084 -1635.912 11.523 2.6098 0.0 
921000 1674 505.582 -1627.229 11.414 2.5841 0.0 
922000 1675 515.471 -1620.85 11.275 2.6409 0.0 
923000 1677 527.238 -1595.765 11.285 2.718 0.0 
924000 1678 536.033 -1588.479 11.218 2.7861 0.0 
925000 1679 545.313 -1571.5 11.23 2.8618 0.0 
926000 1680 541.326 -1574.226 11.333 2.8379 0.0 
927000 1682 549.19 -1556.984 10.971 2.8743 0.0 
928000 1684 553.702 -1554.766 10.696 2.8985 0.0 
929000 1685 551.988 -1545.132 10.641 2.8859 0.0 
930000 1687 559.549 -1526.366 10.545 2.924 0.0 
931000 1688 556.858 -1508.767 10.607 2.9063 0.0 
932000 1690 563.347 -1490.485 10.687 2.931 0.0 
933000 1693 549.648 -1444.431 10.876 2.8492 0.0 
934000 1696 539.873 -1412.212 10.892 2.7909 0.0 
935000 1699 527.374 -1373.634 10.995 2.7163 0.0 
936000 1700 536.826 -1359.855 10.998 2.7661 0.0 
937000 1702 537.074 -1346.266 11.056 2.7599 0.0 
938000 1704 531.306 -1308.034 11.149 2.7224 0.0 
939000 1706 533.07 -1285.933 11.257 2.7227 0.0 
940000 1709 519.27 -1233.508 11.518 2.6411 0.0 
941000 1712 511.415 -1208.028 11.53 2.5893 0.0 
942000 1713 507.767 -1182.906 11.581 2.5673 0.0 
943000 1715 510.181 -1154.833 11.629 2.5897 0.0 
944000 1718 505.728 -1120.592 11.656 2.5632 0.0 
945000 1719 515.613 -1127.862 11.329 2.636 0.0 
946000 1722 502.912 -1076.591 11.519 2.5698 0.0 
947000 1724 502.797 -1053.273 11.622 2.5893 0.0 
948000 1727 495.937 -1009.745 11.826 2.547 0.0 
949000 1729 497.605 -978.47 11.953 2.5532 0.0 
950000 1731 490.28 -943.968 12.151 2.5077 0.0 
951000 1733 496.185 -919.714 12.191 2.5416 0.0 
952000 1735 499.732 -902.046 12.212 2.5686 0.0 
953000 1737 497.39 -867.527 12.208 2.5586 0.0 
954000 1739 497.078 -849.267 12.18 2.563 0.0 
955000 1740 507.137 -842.285 12.074 2.6358 0.0 
956000 1741 516.994 -827.127 12.072 2.6849 0.0 
957000 1743 517.241 -805.763 12.041 2.678 0.0 
958000 1744 525.436 -789.452 12.12 2.7269 0.0 
959000 1745 522.388 -775.271 12.113 2.7141 0.0 
960000 1748 527.09 -751.491 12.158 2.7345 0.0 
961000 1749 521.588 -728.492 12.156 2.7017 0.0 
962000 1750 531.156 -719.951 12.093 2.7505 0.0 
963000 1751 540.533 -704.727 12.026 2.8052 0.0 
964000 1753 545.748 -679.465 12.105 2.8345 0.0 
965000 1755 541.83 -648.954 12.233 2.8163 0.0 
966000 1758 537.093 -614.146 12.293 2.7819 0.0 
967000 1759 533.531 -600.15 12.254 2.7611 0.0 
968000 1760 542.86 -586.611 12.231 2.8091 0.0 
969000 1763 544.865 -554.081 12.305 2.8136 0.0 
970000 1766 527.913 -508.611 12.363 2.7167 0.0 
971000 1767 528.454 -494.494 12.404 2.7182 0.0 
972000 1769 538.641 -479.252 12.208 2.7904 0.0 
973000 1772 528.21 -445.266 12.301 2.7402 0.0 
974000 1774 523.683 -410.079 12.372 2.719 0.0 
975000 1777 516.174 -382.797 12.363 2.6863 0.0 
976000 1779 511.813 -351.095 12.309 2.6725 0.0 
977000 1780 509.056 -338.866 12.301 2.6571 0.0 
978000 1783 515.217 -305.73 12.478 2.7079 0.0 
979000 1786 500.99 -246.295 12.67 2.6299 0.0 
980000 1789 491.655 -202.129 12.792 2.5803 0.0 
981000 1790 501.822 -189.592 12.809 2.6427 0.0 
982000 1792 503.757 -172.596 12.775 2.6651 0.0 
983000 1793 513.682 -154.795 12.804 2.7089 0.0 
984000 1795 503.721 -119.794 12.872 2.6488 0.0 
985000 1797 512.794 -103.865 12.869 2.6815 0.0 
986000 1799 504.392 -68.444 12.899 2.6299 0.0 
987000 1801 503.968 -40.777 12.897 2.6371 0.0 
988000 1802 506.589 -29.058 12.911 2.6573 0.0 
989000 1805 512.499 -4.578 12.853 2.6819 0.0 
990000 1807 505.579 35.325 12.82 2.6359 0.0 
991000 1808 504.467 46.875 12.892 2.629 0.0 
992000 1810 521.23 59.768 12.889 2.7331 0.0 
993000 1811 530.806 73.431 12.816 2.7904 0.0 
994000 1812 537.59 97.965 12.845 2.8355 0.0 
995000 1815 527.8 128.079 12.924 2.7877 0.0 
996000 1816 523.304 152.537 12.88 2.7631 0.0 
997000 1818 530.788 181.168 12.944 2.8082 0.0 
998000 1819 540.173 194.464 13.005 2.8468 0.0 
999000 1820 537.769 208.096 13.032 2.8316 0.0 
1000000 1822 541.353 229.861 12.99 2.84 0.0 
