10000 644 15.708 4827.954 7.682 0.01 0 0 0 
20000 1285 15.632 9689.576 7.749 0.0099 0 0 0 
30000 1863 17.851 15538.538 14.472 0.0585 0 0 0 
40000 2391 19.891 23926.542 16.884 0.066 0 0 0 
50000 2843 22.769 31997.532 17.661 0.0747 0 0 0 
60000 3295 21.953 39980.927 17.692 0.0736 0 0 0 
70000 3736 23.979 48222.486 19.884 0.0803 0 0 0 
80000 4092 29.844 57005.839 26.866 0.0993 0 0 0 
90000 4410 32.204 65421.154 26.441 0.1095 0 0 0 
100000 4711 33.502 73301.624 26.961 0.113 0 0 0 
110000 4948 47.949 81647.639 40.713 0.1589 0 0 0 
120000 5084 69.599 89503.012 55.666 0.2294 0 0 0 
130000 5231 67.111 97629.78 55.03 0.2208 0 0 0 
140000 5387 64.941 106318.621 56.464 0.2188 0 0 0 
150000 5481 102.2 114445.728 83.76 0.3477 0 0 0 
160000 5585 95.504 123135.896 83.254 0.3216 0 0 0 
170000 5685 108.759 131638.872 92.023 0.3741 0 0 0 
180000 5809 80.299 140623.869 71.598 0.2676 0 0 0 
190000 5950 72.914 149594.874 65.22 0.2469 0 0 0 
200000 6077 82.922 158240.632 71.344 0.2824 0 0 0 
210000 6156 136.528 166337.501 108.99 0.4548 0 0 0 
220000 6185 229.011 173859.325 175.947 0.7646 0 0 0 
230000 6286 111.797 182536.222 94.409 0.3743 0 0 0 
240000 6382 128.354 191230.091 106.945 0.4265 0 0 0 
250000 6405 246.463 198071.305 180.229 0.829 0 0 0 
260000 6416 369.449 203368.256 234.416 1.2458 0 0 0 
270000 6427 486.756 209133.65 298.295 1.6435 0 0 0 
280000 6437 568.871 215566.732 354.469 1.9104 0 0 0 
290000 6448 636.641 222156.132 402.516 2.1431 0 0 0 
300000 6461 674.181 228928.085 433.863 2.2691 0 0 0 
310000 6476 670.795 235731.308 438.12 2.2567 0 0 0 
320000 6486 731.016 242571.693 483.046 2.4675 0 0 0 
330000 6497 771.94 249531.582 517.183 2.6065 0 0 0 
340000 6507 798.1 255994.131 529.925 2.6941 0 0 0 
350000 6518 828.761 262516.166 548.249 2.7957 0 0 0 
360000 6528 860.085 270085.682 585.811 2.9077 0 0 0 
370000 6539 878.041 277976.389 618.187 2.9915 0 0 0 
380000 6550 879.468 284786.925 615.181 3.1697 0 0 0 
390000 6560 897.093 292238.842 634.781 3.3743 0 0 0 
400000 6570 915.917 299760.572 657.021 4.2008 0 0 0 
410000 6582 908.348 306666.673 646.593 4.423 0 0 0 
420000 6592 925.114 314196.884 666.368 4.4214 0 0 0 
430000 6604 907.873 320416.124 636.283 4.4517 0 0 0 
440000 6614 924.725 328416.963 666.714 5.1632 0 0 0 
450000 6624 938.495 336732.673 697.046 5.7618 0 0 0 
460000 6634 949.746 344920.634 719.257 6.2274 0 0 0 
470000 6644 941.028 352409.977 709.915 6.4677 0 0 0 
480000 6663 815.011 358868.956 596.659 5.8902 0 0 0 
490000 6677 782.239 364764.031 551.635 5.8534 0 0 0 
500000 6687 822.074 373369.937 602.141 6.3242 0 0 0 
510000 6697 854.621 382287.657 654.659 6.7145 0 0 0 
520000 6707 881.215 391144.62 699.254 7.0513 0 0 0 
530000 6719 872.212 399716.067 701.421 7.0718 0 0 0 
540000 6731 866.297 409280.924 723.323 7.0887 0 0 0 
550000 6741 885.882 418370.183 753.862 7.2919 0 0 0 
560000 6752 898.86 427830.04 782.992 7.4395 0 0 0 
570000 6769 796.301 436171.553 687.858 6.6354 0 0 0 
580000 6787 727.871 443678.275 609.783 6.0584 0 0 0 
590000 6801 724.67 451102.728 589.5 6.0637 0 0 0 
600000 6811 775.035 459399.236 633.448 6.483 0 0 0 
610000 6821 806.467 469046.467 681.906 6.752 0 0 0 
620000 6831 841.87 478553.535 734.374 7.0438 0 0 0 
630000 6842 864.02 488338.487 771.775 7.2004 0 0 0 
640000 6852 887.177 498206.964 809.684 7.4131 0 0 0 
650000 6865 856.874 509398.505 817.742 7.1589 0 0 0 
660000 6877 854.336 519981.467 836.984 7.1227 0 0 0 
670000 6889 848.844 531226.509 857.123 7.0902 0 0 0 
680000 6901 844.238 542003.167 867.814 7.0447 0 0 0 
690000 6919 754.309 550985.485 748.97 6.2986 0 0 0 
700000 6950 560.825 561365.278 565.348 4.6992 0 0 0 
710000 6981 443.285 572525.17 462.542 3.7224 0 0 0 
720000 7012 401.414 584278.3 444.348 3.3768 0 0 0 
730000 7023 506.307 595621.089 565.135 4.2539 0 0 0 
740000 7033 596.617 607848.527 685.413 5.0555 0 0 0 
750000 7045 644.587 619461.661 743.069 5.4502 0 0 0 
760000 7063 613.622 631059.816 708.203 5.1909 0 0 0 
770000 7092 496.572 639964.313 531.862 4.2009 0 0 0 
780000 7130 375.366 649583.904 385.38 3.1705 0 0 0 
790000 7161 373.975 659989.175 388.721 3.151 0 0 0 
800000 7174 470.057 668965.731 463.288 3.966 0 0 0 
810000 7187 530.041 678049.327 511.517 4.4876 0 0 0 
820000 7199 611.022 689192.135 615.939 5.1269 0 0 0 
830000 7209 682.177 700344.505 706.964 5.7438 0 0 0 
840000 7221 712.015 713287.721 783.842 6.0068 0 0 0 
850000 7231 764.695 726636.741 885.415 6.4276 0 0 0 
860000 7244 759.119 738092.095 875.823 6.3823 0 0 0 
870000 7256 774.785 748066.574 865.236 6.5236 0 0 0 
880000 7275 699.696 757101.836 745.253 4.9811 0 0 0 
890000 7285 746.043 765983.611 764.003 5.0446 0 0 0 
900000 7297 767.145 776089.934 780.284 4.9471 0 0 0 
910000 7308 793.401 787308.786 830.162 4.9184 0 0 0 
920000 7321 790.739 795286.061 785.343 4.776 0 0 0 
930000 7336 762.106 802972.31 714.891 4.4753 0 0 0 
940000 7348 774.562 810536.485 694.05 4.4825 0 0 0 
950000 7358 815.801 820642.89 749.764 4.686 0 0 0 
960000 7368 847.712 832653.539 830.164 4.8392 0 0 0 
970000 7378 873.503 845078.622 907.407 4.9631 0 0 0 
980000 7395 789.107 856838.291 838.438 4.4267 0 0 0 
990000 7407 788.665 870006.521 880.603 4.4077 0 0 0 
1000000 7421 776.483 881779.555 880.096 4.3299 0 0 0 
1010000 7438 719.985 892397.85 803.67 3.997 0 0 0 
1020000 7451 738.383 903538.591 824.056 4.0964 0 0 0 
1030000 7464 737.819 914229.851 814.555 4.0951 0 0 0 
1040000 7477 752.024 924772.193 821.071 4.1139 0 0 0 
1050000 7488 785.951 934570.961 839.445 4.3165 0 0 0 
1060000 7498 825.106 947033.239 912.472 4.5454 0 0 0 
1070000 7509 841.533 959408.498 954.567 4.6639 0 0 0 
1080000 7523 813.536 972167.838 948.064 4.523 0 0 0 
1090000 7544 692.198 984490.53 815.915 3.848 0 0 0 
1100000 7562 640.654 996055.328 751.764 3.5357 0 0 0 
1110000 7573 692.032 1004844.748 758.189 3.8156 0 0 0 
1120000 7590 671.777 1014596.873 714.24 3.7071 0 0 0 
1130000 7612 600.101 1025020.814 636.234 3.298 0 0 0 
1140000 7622 668.119 1035386.722 704.781 3.6926 0 0 0 
1150000 7633 725.233 1044639.082 740.89 4.0054 0 0 0 
1160000 7649 685.376 1055433.859 709.41 3.7846 0 0 0 
1170000 7663 686.792 1067231.771 732.529 3.7952 0 0 0 
1180000 7676 705.699 1079993.488 789.717 3.9117 0 0 0 
1190000 7691 705.554 1092297.111 812.105 3.9013 0 0 0 
1200000 7709 649.613 1104937.645 764.71 3.5802 0 0 0 
1210000 7723 675.355 1117823.735 816.22 3.6973 0 0 0 
1220000 7734 720.815 1132356.482 917.622 3.9539 0 0 0 
1230000 7747 726.551 1144775.609 921.111 4.0016 0 0 0 
1240000 7770 632.143 1157946.898 808.375 3.4844 0 0 0 
1250000 7785 633.441 1170999.561 818.533 3.4945 0 0 0 
1260000 7802 626.055 1181175.302 764.234 3.4559 0 0 0 
1270000 7814 681.317 1193438.115 828.62 3.7531 0 0 0 
1280000 7827 687.814 1207074.617 856.169 3.8689 0 0 0 
1290000 7841 701.83 1222356.323 931.335 3.9327 0 0 0 
1300000 7854 713.429 1237330.211 972.885 3.9776 0 0 0 
1310000 7870 686.362 1252751.457 965.628 3.7922 0 0 0 
1320000 7887 663.969 1268008.733 957.314 3.6695 0 0 0 
1330000 7924 446.772 1281540.124 629.328 2.4595 0 0 0 
1340000 7939 510.541 1296549.256 735.866 2.8009 0 0 0 
1350000 7954 550.599 1309275.814 769.583 3.02 0 0 0 
1360000 7977 510.538 1322125.437 692.77 2.8031 0 0 0 
1370000 7996 519.126 1335546.105 703.595 2.869 0 0 0 
1380000 8007 589.52 1348514.454 793.832 3.2674 0 0 0 
1390000 8026 570.328 1361079.167 748.858 3.1497 0 0 0 
1400000 8039 613.499 1374452.875 812.381 3.3828 0 0 0 
1410000 8053 645.58 1388291.581 865.244 3.5561 0 0 0 
1420000 8065 684.178 1402358.557 927.636 3.7414 0 0 0 
1430000 8085 628.381 1415665.581 847.603 3.4006 0 0 0 
1440000 8121 435.372 1428241.162 580.233 2.3926 0 0 0 
1450000 8132 534.861 1434926.782 589.42 2.9251 0 0 0 
1460000 8160 447.387 1444549.581 476.157 2.448 0 0 0 
1470000 8202 321.431 1456482.623 358.574 1.7361 0 0 0 
1480000 8247 263.642 1468755.957 307.376 1.4314 0 0 0 
1490000 8282 274.087 1480530.104 323.792 1.4965 0 0 0 
1500000 8322 255.27 1492049.352 296.785 1.3971 0 0 0 
1510000 8346 308.412 1499740.49 301.605 1.6997 0 0 0 
1520000 8377 311.742 1510106.053 323.666 1.7042 0 0 0 
1530000 8398 389.164 1524882.646 476.941 2.1178 0 0 0 
1540000 8421 401.405 1534901.521 455.87 2.1779 0 0 0 
1550000 8443 422.51 1547927.264 509.499 2.2958 0 0 0 
1560000 8462 451.697 1562221.057 580.471 2.454 0 0 0 
1570000 8474 524.086 1576852.346 703.543 2.8437 0 0 0 
1580000 8486 594.741 1591111.03 813.202 3.2143 0 0 0 
1590000 8497 646.315 1602673.495 844.486 3.4963 0 0 0 
1600000 8508 702.995 1614748.06 899.746 3.796 0 0 0 
1610000 8521 726.354 1627814.161 935.291 3.9302 0 0 0 
1620000 8541 641.02 1640775.006 824.776 3.4632 0 0 0 
1630000 8565 562.978 1651425.508 691.525 3.0545 0 0 0 
1640000 8580 587.107 1664166.505 728.611 3.1903 0 0 0 
1650000 8602 542.108 1669926.347 560.346 2.9418 0 0 0 
1660000 8621 530.67 1676775.288 493.469 2.8736 0 0 0 
1670000 8647 465.67 1685087.928 422.565 2.5331 0 0 0 
1680000 8671 433.373 1693997.239 396.125 2.3558 0 0 0 
1690000 8692 455.704 1702304.193 400.369 2.5097 0 0 0 
1700000 8710 471.945 1711354.527 423.024 2.6063 0 0 0 
1710000 8728 499.405 1719403.168 427.956 2.7028 0 0 0 
1720000 8748 513.176 1727242.175 427.045 2.8035 0 0 0 
1730000 8787 370.953 1734356.18 291.381 2.037 0 0 0 
1740000 8811 384.505 1741062.88 285.456 2.1196 0 0 0 
1750000 8847 330.507 1748906.305 250.788 1.805 0 0 0 
1760000 8868 383.569 1758332.458 322.154 2.1175 0 0 0 
1770000 8885 451.632 1766630.342 377.294 2.4894 0 0 0 
1780000 8903 476.741 1773700.187 377.978 2.6127 0 0 0 
1790000 8931 418.129 1782278.905 342.829 2.3051 0 0 0 
1800000 8948 467.594 1789990.987 376.358 2.5503 0 0 0 
1810000 8973 439.016 1799390.192 367.557 2.3945 0 0 0 
1820000 8999 417.352 1807225.958 347.018 2.2945 0 0 0 
1830000 9016 467.854 1814716.378 373.63 2.5578 0 0 0 
1840000 9046 403.947 1824877.841 354.23 2.1965 0 0 0 
1850000 9071 416.52 1839016.548 458.381 2.2829 0 0 0 
1860000 9093 420.646 1852833.829 504.87 2.3027 0 0 0 
1870000 9116 434.381 1866068.677 543.323 2.3752 0 0 0 
1880000 9135 467.165 1877320.085 562.473 2.56 0 0 0 
1890000 9155 468.811 1887518.667 536.805 2.5515 0 0 0 
1900000 9174 487.147 1897359.381 534.047 2.6469 0 0 0 
1910000 9191 516.457 1908566.779 566.869 2.8187 0 0 0 
1920000 9215 481.698 1922026.771 569.389 2.636 0 0 0 
1930000 9233 503.364 1935641.648 622.145 2.7627 0 0 0 
1940000 9252 509.816 1949328.974 652.099 2.7979 0 0 0 
1950000 9263 590.003 1964582.77 797.798 3.2414 0 0 0 
1960000 9274 645.653 1979471.763 894.888 3.5502 0 0 0 
1970000 9288 655.763 1993838.339 913.306 3.5974 0 0 0 
1980000 9303 673.471 2011616.853 1010.784 3.6921 0 0 0 
1990000 9314 715.952 2029135.111 1118.506 3.9259 0 0 0 
2000000 9325 757.657 2047061.305 1226.03 4.1487 0 0 0 
2010000 9335 801.988 2064347.471 1317.877 4.3959 0 0 0 
2020000 9346 809.581 2080942.945 1333.3 4.4469 0 0 0 
2030000 9357 831.881 2096954.78 1360.227 4.5733 0 0 0 
2040000 9368 857.807 2112105.386 1381.84 4.7219 0 0 0 
2050000 9380 852.796 2126922.173 1350.399 4.6787 0 0 0 
2060000 9392 837.084 2141734.406 1306.237 4.5847 0 0 0 
2070000 9406 817.089 2155724.342 1247.546 4.4638 0 0 0 
2080000 9430 658.193 2166587.509 932.373 3.5791 0 0 0 
2090000 9448 635.078 2182132.513 925.207 3.4759 0 0 0 
2100000 9460 661.658 2196420.563 958.875 3.6239 0 0 0 
2110000 9472 707.314 2212439.173 1055.73 3.873 0 0 0 
2120000 9491 649.806 2226567.263 953.691 3.5564 0 0 0 
2130000 9507 643.612 2241901.08 958.103 3.5373 0 0 0 
2140000 9522 648.604 2258655.335 995.019 3.5604 0 0 0 
2150000 9536 674.448 2275702.844 1067.865 3.6869 0 0 0 
2160000 9547 716.53 2293032.709 1160.128 3.9222 0 0 0 
2170000 9560 726.658 2308171.677 1161.514 3.9523 0 0 0 
2180000 9575 712.799 2324271.961 1138.686 3.882 0 0 0 
2190000 9599 596.17 2337464.78 908.007 3.2404 0 0 0 
2200000 9629 470.415 2349326.036 668.291 2.5564 0 0 0 
2210000 9660 401.764 2360681.913 526.361 2.1954 0 0 0 
2220000 9689 367.898 2374105.149 487.321 2.0091 0 0 0 
2230000 9703 442.168 2385235.742 562.533 2.4151 0 0 0 
2240000 9726 450.955 2397401.327 564.781 2.457 0 0 0 
2250000 9743 494.594 2410409.949 625.54 2.6998 0 0 0 
2260000 9766 476.492 2425588.484 644.901 2.6077 0 0 0 
2270000 9782 509.181 2442403.675 743.786 2.782 0 0 0 
2280000 9798 543.75 2458860.08 825.949 2.9842 0 0 0 
2290000 9816 542.176 2475419.422 845.262 2.9754 0 0 0 
2300000 9833 553.308 2491478.357 872.062 3.0345 0 0 0 
2310000 9846 604.923 2508860.099 981.924 3.2974 0 0 0 
2320000 9857 665.557 2526880.537 1112.809 3.6334 0 0 0 
2330000 9874 634.867 2544971.55 1082.302 3.4647 0 0 0 
2340000 9892 608.549 2562985.258 1053.265 3.3142 0 0 0 
2350000 9908 605.267 2581684.84 1082.56 3.2909 0 0 0 
2360000 9922 636.802 2600802.908 1151.276 3.4732 0 0 0 
2370000 9935 670.93 2621049.782 1254.653 3.6639 0 0 0 
2380000 9946 724.931 2641376.608 1387.247 3.9628 0 0 0 
2390000 9960 722.184 2660087.697 1371.334 3.9442 0 0 0 
2400000 9976 694.507 2676532.588 1276.146 3.8067 0 0 0 
2410000 9988 719.067 2695175.058 1322.859 3.9447 0 0 0 
2420000 10002 730.1 2714396.32 1361.73 4.0024 0 0 0 
2430000 10016 715.937 2733484.521 1340.616 3.9051 0 0 0 
2440000 10028 739.247 2753654.83 1408.603 4.0516 0 0 0 
2450000 10043 721.714 2772303.507 1368.124 3.9657 0 0 0 
2460000 10065 631.945 2790618.731 1187.139 3.4743 0 0 0 
2470000 10082 606.457 2809349.158 1137.796 3.3248 0 0 0 
2480000 10104 549.031 2825171.265 981.408 2.9822 0 0 0 
2490000 10122 557.386 2842817.725 993.004 3.0237 0 0 0 
2500000 10139 554.509 2859347.455 965.873 3.0254 0 0 0 
2510000 10163 506.225 2876115.245 871.645 2.7777 0 0 0 
2520000 10183 506.896 2893612.64 877.781 2.7762 0 0 0 
2530000 10209 456.25 2913215.943 823.915 2.5056 0 0 0 
2540000 10241 384.005 2929799.692 667.383 2.1159 0 0 0 
2550000 10264 404.368 2948157.459 718.423 2.2147 0 0 0 
2560000 10288 414.175 2964502.75 710.713 2.2792 0 0 0 
2570000 10305 461.233 2977935.143 730.287 2.5273 0 0 0 
2580000 10319 522.571 2993462.893 820.909 2.8616 0 0 0 
2590000 10334 561.025 3007480.046 853.68 3.055 0 0 0 
2600000 10350 575.585 3022453.117 871.807 3.1271 0 0 0 
2610000 10365 606.035 3036867.746 907.37 3.3028 0 0 0 
2620000 10391 506.411 3048291.68 703.712 2.7676 0 0 0 
2630000 10437 338.199 3060836.949 455.952 1.8564 0 0 0 
2640000 10460 382.858 3076215.256 550.005 2.103 0 0 0 
2650000 10473 461.342 3092565.793 697.341 2.5092 0 0 0 
2660000 10492 486.171 3107798.084 737.584 2.6438 0 0 0 
2670000 10503 569.288 3119578.64 800.419 3.1073 0 0 0 
2680000 10520 573.631 3130719.143 753.285 3.1203 0 0 0 
2690000 10534 609.489 3141249.421 758.451 3.3238 0 0 0 
2700000 10549 616.979 3148089.176 673.136 3.3657 0 0 0 
2710000 10564 623.368 3155471.624 628.262 3.3845 0 0 0 
2720000 10580 627.706 3162738.486 581.583 3.4313 0 0 0 
2730000 10600 596.388 3169780.6 511.661 3.271 0 0 0 
2740000 10623 523.407 3176606.595 427.257 2.8635 0 0 0 
2750000 10652 449.306 3185028.35 368.63 2.4663 0 0 0 
2760000 10691 338.545 3193098.866 276.974 1.8736 0 0 0 
2770000 10730 292.719 3201700.569 248.19 1.6207 0 0 0 
2780000 10764 298.122 3211769.403 275.983 1.6288 0 0 0 
2790000 10799 286.232 3223617.581 306.019 1.5654 0 0 0 
2800000 10848 238.974 3237396.308 297.827 1.3103 0 0 0 
2810000 10894 223.471 3252030.214 307.791 1.2266 0 0 0 
2820000 10938 228.924 3267402.207 337.854 1.2583 0 0 0 
2830000 10972 270.969 3283920.656 429.112 1.4917 0 0 0 
2840000 10987 366.412 3300599.794 592.348 1.9989 0 0 0 
2850000 10999 477.278 3316485.14 767.925 2.5947 0 0 0 
2860000 11010 554.898 3333394.513 905.511 3.0198 0 0 0 
2870000 11025 587.08 3349832.981 959.762 3.2017 0 0 0 
2880000 11036 644.36 3366722.856 1063.991 3.5252 0 0 0 
2890000 11052 634.638 3381697.066 1023.339 3.4992 0 0 0 
2900000 11066 666.054 3396611.414 1052.375 3.6517 0 0 0 
2910000 11083 627.606 3411421.85 974.717 3.4354 0 0 0 
2920000 11096 660.881 3426996.615 1027.74 3.6069 0 0 0 
2930000 11111 661.525 3442890.94 1035.614 3.621 0 0 0 
2940000 11123 709.162 3458913.667 1116.641 3.8839 0 0 0 
2950000 11138 686.026 3475613.687 1094.458 3.7349 0 0 0 
2960000 11155 659.891 3492736.549 1072.102 3.5873 0 0 0 
2970000 11170 667.77 3510468.51 1113.321 3.6341 0 0 0 
2980000 11185 657.091 3528453.605 1117.64 3.5782 0 0 0 
2990000 11202 640.455 3546034.05 1096.948 3.4881 0 0 0 
3000000 11216 667.321 3563357.568 1148.027 3.6472 0 0 0 
3010000 11233 633.215 3579567.01 1072.763 3.4556 0 0 0 
3020000 11249 632.889 3595734.19 1059.074 3.4611 0 0 0 
3030000 11261 676.188 3611560.612 1119.146 3.7075 0 0 0 
3040000 11274 696.236 3628394.359 1154.809 3.8108 0 0 0 
3050000 11291 670.686 3645283.835 1117.841 3.68 0 0 0 
3060000 11305 677.101 3660531.413 1103.723 3.7242 0 0 0 
3070000 11323 645.127 3676007.881 1037.003 3.5389 0 0 0 
3080000 11337 645.996 3692158.534 1038.471 3.5328 0 0 0 
3090000 11353 641.066 3708902.696 1041.24 3.4962 0 0 0 
3100000 11366 663.015 3726394.549 1095.422 3.6181 0 0 0 
3110000 11384 641.375 3737349.574 965.352 3.4913 0 0 0 
3120000 11406 567.43 3751539.611 848.272 3.0769 0 0 0 
3130000 11422 575.885 3766295.62 847.57 3.1234 0 0 0 
3140000 11435 631.472 3782873.469 966.305 3.4006 0 0 0 
3150000 11445 688.438 3797497.562 1040.333 3.7055 0 0 0 
3160000 11455 742.567 3814378.406 1153.439 3.9892 0 0 0 
3170000 11466 784.138 3831442.357 1247.418 4.2347 0 0 0 
3180000 11476 823.625 3848327.461 1328.336 4.4644 0 0 0 
3190000 11488 821.788 3863851.07 1314.98 4.4515 0 0 0 
3200000 11504 776.371 3880014.94 1244.88 4.201 0 0 0 
3210000 11518 751.343 3895936.97 1202.796 4.0675 0 0 0 
3220000 11532 751.667 3910728.12 1183.421 4.0905 0 0 0 
3230000 11547 724.621 3924220.559 1112.405 3.9662 0 0 0 
3240000 11565 665.826 3936038.831 966.666 3.6603 0 0 0 
3250000 11582 644.813 3945035.815 839.448 3.5419 0 0 0 
3260000 11594 688.267 3953762.95 819.107 3.7775 0 0 0 
3270000 11608 697.346 3961561.129 756.417 3.8003 0 0 0 
3280000 11629 617.403 3972291.55 663.364 3.3687 0 0 0 
3290000 11647 594.77 3982940.931 642.885 3.2547 0 0 0 
3300000 11692 395.175 3991972.983 404.158 2.164 0 0 0 
3310000 11712 434.436 4000217.917 417.649 2.324 0 0 0 
3320000 11724 509.792 4008322.024 468.652 2.7647 0 0 0 
3330000 11739 553.459 4022036.219 580.187 3.0176 0 0 0 
3340000 11756 558.103 4035555.469 636.975 3.0354 0 0 0 
3350000 11796 401.886 4043958.921 410.455 2.1922 0 0 0 
3360000 11821 400.558 4054792.488 417.974 2.1931 0 0 0 
3370000 11838 447.175 4065388.523 455.363 2.4372 0 0 0 
3380000 11863 425.663 4080973.044 518.894 2.3351 0 0 0 
3390000 11890 399.591 4096355.436 535.841 2.2083 0 0 0 
3400000 11911 424.905 4112435.406 613.885 2.3283 0 0 0 
3410000 11957 299.19 4127675.681 441.37 1.6339 0 0 0 
3420000 11994 277.586 4141386.268 398.531 1.5268 0 0 0 
3430000 12031 272.636 4156681.655 404.95 1.4844 0 0 0 
3440000 12071 255.979 4171689.551 381.876 1.4091 0 0 0 
3450000 12106 273.448 4186104.968 398.738 1.5287 0 0 0 
3460000 12151 238.298 4199686.864 330.888 1.3109 0 0 0 
3470000 12209 191.324 4211929.076 248.439 1.0476 0 0 0 
3480000 12256 204.946 4223442.868 248.958 1.1167 0 0 0 
3490000 12285 268.126 4235900.568 337.087 1.4603 0 0 0 
3500000 12306 340.08 4248400.966 424.526 1.8565 0 0 0 
3510000 12333 348.604 4258688.985 400.37 1.8987 0 0 0 
3520000 12368 296.713 4266476.796 297.476 1.6028 0 0 0 
3530000 12393 352.241 4272460.829 282.368 1.9259 0 0 0 
3540000 12408 433.177 4278836.213 317.314 2.3632 0 0 0 
3550000 12423 488.595 4284763.398 333.92 2.6744 0 0 0 
3560000 12452 430.806 4290884.61 282.984 2.3634 0 0 0 
3570000 12476 411.309 4299550.867 299.079 2.2703 0 0 0 
3580000 12493 459.756 4309205.404 374.59 2.523 0 0 0 
3590000 12514 475.111 4316028.974 366.603 2.5969 0 0 0 
3600000 12546 397.921 4323472.556 300.504 2.1689 0 0 0 
3610000 12567 423.541 4331233.126 323.758 2.3115 0 0 0 
3620000 12593 409.58 4340325.088 337.873 2.2173 0 0 0 
3630000 12608 476.928 4349247.124 404.813 2.5897 0 0 0 
3640000 12623 528.411 4358870.943 468.992 2.8724 0 0 0 
3650000 12642 520.283 4370143.785 495.21 2.8322 0 0 0 
3660000 12659 554.251 4382133.034 572.272 3.0309 0 0 0 
3670000 12671 602.34 4390914.286 599.54 3.2573 0 0 0 
3680000 12701 479.615 4396450.41 409.814 2.6087 0 0 0 
3690000 12739 364.445 4401905.475 269.786 1.9925 0 0 0 
3700000 12766 367.678 4408382.497 257.64 1.9629 0 0 0 
3710000 12811 284.04 4414543.365 188.365 1.5654 0 0 0 
3720000 12857 248.69 4420674.746 159.214 1.3594 0 0 0 
3730000 12956 141.031 4425051.663 74.541 0.779 0 0 0 
3740000 12983 242.426 4434729.247 197.519 1.3442 0 0 0 
3750000 13011 290.078 4447237.077 301.81 1.5996 0 0 0 
3760000 13111 121.483 4457912.94 129.163 0.6623 0 0 0 
3770000 13187 133.648 4469809.676 155.938 0.7458 0 0 0 
3780000 13238 166.403 4482735.384 208.601 0.9151 0 0 0 
3790000 13283 207.172 4493141.475 228.12 1.154 0 0 0 
3800000 13330 213.124 4499312.654 163.939 1.1824 0 0 0 
3810000 13354 289.195 4506154.592 207.489 1.6235 0 0 0 
3820000 13381 331.39 4512449.328 223.989 1.8389 0 0 0 
3830000 13404 358.013 4519096.956 248.454 1.9824 0 0 0 
3840000 13436 334.992 4529288.626 273.438 1.8521 0 0 0 
3850000 13459 369.178 4539632.961 336.453 2.0461 0 0 0 
3860000 13479 401.551 4551742.279 408.801 2.2197 0 0 0 
3870000 13500 437.161 4560432.463 423.679 2.4094 0 0 0 
3880000 13522 449.185 4564439.066 339.703 2.4863 0 0 0 
3890000 13543 451.096 4568665.384 288.595 2.4949 0 0 0 
3900000 13561 479.912 4572865.006 270.648 2.6461 0 0 0 
3910000 13583 478.333 4576867.606 241.989 2.6279 0 0 0 
3920000 13600 504.351 4580990.448 239.54 2.751 0 0 0 
3930000 13633 396.523 4585028.979 178.146 2.1681 0 0 0 
3940000 13649 452.918 4588727.029 189.884 2.4624 0 0 0 
3950000 13666 502.477 4592574.845 204.175 2.748 0 0 0 
3960000 13686 488.244 4596727.197 199.172 2.678 0 0 0 
3970000 13699 557.679 4601328.827 236.693 3.0546 0 0 0 
3980000 13721 520.71 4606226.007 230.304 2.8573 0 0 0 
3990000 13746 482.257 4611478.085 227.743 2.6398 0 0 0 
4000000 13768 465.076 4616160.819 219.882 2.546 0 0 0 
