10000 469 21.423 2972.109 6.119 0.0149 0.0 
20000 937 21.588 5782.427 6.509 0.015 0.0 
30000 1402 21.073 8710.966 6.626 0.0147 0.0 
40000 1858 21.234 11579.688 6.051 0.0148 0.0 
50000 2315 22.218 14782.554 7.903 0.0156 0.0 
60000 2771 22.06 17954.736 7.045 0.0153 0.0 
70000 3230 22.499 21067.001 7.342 0.0155 0.0 
80000 3680 21.02 24375.564 6.982 0.0146 0.0 
90000 4126 22.226 27647.095 7.071 0.0155 0.0 
100000 4584 21.794 30906.017 7.523 0.0151 0.0 
110000 4941 28.605 36398.653 19.901 0.21 0.0 
120000 5329 25.028 43693.018 18.491 0.1798 0.0 
130000 5752 21.734 51037.114 15.187 0.1607 0.0 
140000 6189 23.799 58060.211 17.667 0.1755 0.0 
150000 6545 31.801 65829.342 24.075 0.2301 0.0 
160000 6777 46.094 73888.266 38.39 0.3398 0.0 
170000 6992 52.476 82303.514 42.469 0.3841 0.0 
180000 7112 95.269 89634.991 66.599 0.7001 0.0 
190000 7250 72.011 97214.18 54.898 0.5304 0.0 
200000 7382 71.498 106114.99 65.342 0.5254 0.0 
210000 7520 76.875 115706.376 72.784 0.5651 0.0 
220000 7652 74.621 125283.746 71.424 0.5503 0.0 
230000 7777 78.725 134556.453 74.577 0.5907 0.0 
240000 7879 98.269 143441.129 87.237 0.7226 0.0 
250000 7969 104.499 151967.19 91.61 0.7675 0.0 
260000 8079 88.641 160794.194 80.403 0.66 0.0 
270000 8155 123.684 168875.295 101.501 0.9175 0.0 
280000 8227 134.829 177175.887 112.745 0.9974 0.0 
290000 8286 159.104 185871.156 137.935 1.162 0.0 
300000 8339 189.153 193906.487 152.67 1.3939 0.0 
310000 8384 216.538 202854.169 185.603 1.5866 0.0 
320000 8400 314.835 211010.502 263.078 2.3041 0.0 
330000 8415 418.953 219564.625 354.352 3.0574 0.0 
340000 8425 525.242 228507.965 453.389 3.8314 0.0 
350000 8435 612.088 238664.319 554.804 4.4752 0.0 
360000 8447 661.461 249413.291 630.849 4.8463 0.0 
370000 8460 691.125 260231.315 682.685 5.0561 0.0 
380000 8485 563.923 269251.071 542.77 4.1254 0.0 
390000 8503 558.989 278068.752 523.76 4.0848 0.0 
400000 8529 484.615 288908.622 478.954 3.5422 0.0 
410000 8544 522.157 300567.749 542.603 3.817 0.0 
420000 8582 387.739 310950.796 403.157 2.8299 0.0 
430000 8596 470.345 320620.043 477.233 3.4386 0.0 
440000 8610 529.562 330739.963 532.835 3.8714 0.0 
450000 8627 545.512 338534.409 516.227 3.982 0.0 
460000 8652 482.182 349034.404 475.65 3.5275 0.0 
470000 8699 317.577 359988.713 329.74 2.3226 0.0 
480000 8719 379.867 366736.664 334.721 2.7882 0.0 
490000 8729 486.263 371951.518 368.713 3.5727 0.0 
500000 8742 565.941 376754.446 374.271 4.157 0.0 
510000 8766 508.401 384694.534 358.247 3.7358 0.0 
520000 8792 455.995 394239.333 362.379 3.3648 0.0 
530000 8820 418.391 405662.235 385.609 3.0831 0.0 
540000 8838 467.174 415027.198 432.849 3.4254 0.0 
550000 8848 551.835 422454.547 478.541 4.0347 0.0 
560000 8860 610.527 428523.445 486.596 4.4688 0.0 
570000 8871 669.086 434819.975 503.948 4.8907 0.0 
580000 8882 716.875 441570.54 522.91 5.2473 0.0 
590000 8893 747.466 450669.237 576.175 5.4581 0.0 
600000 8908 737.271 457205.529 548.452 5.3887 0.0 
610000 8924 698.344 463980.684 498.72 5.1163 0.0 
620000 8936 727.085 471150.182 528.97 5.3286 0.0 
630000 8948 753.494 477853.166 532.353 5.5324 0.0 
640000 8958 798.586 484960.978 568.518 5.8529 0.0 
650000 8971 796.48 492506.321 575.257 5.8287 0.0 
660000 8983 790.655 499940.026 577.178 5.7772 0.0 
670000 9002 720.798 510080.832 572.938 5.2628 0.0 
680000 9013 756.094 519240.342 622.081 5.5298 0.0 
690000 9025 763.273 531169.926 688.842 5.5702 0.0 
700000 9038 775.914 543687.994 769.27 5.6647 0.0 
710000 9048 816.905 557196.565 874.121 5.9719 0.0 
720000 9060 811.935 569573.997 896.553 5.9314 0.0 
730000 9073 803.502 581496.662 904.444 5.8687 0.0 
740000 9083 839.446 596187.111 1004.314 6.1391 0.0 
750000 9099 787.54 610054.444 978.051 5.7603 0.0 
760000 9115 737.856 620922.811 889.505 5.3821 0.0 
770000 9131 703.892 633146.643 852.245 5.1274 0.0 
780000 9150 647.248 640415.824 705.325 4.726 0.0 
790000 9161 695.457 645636.473 657.885 5.0744 0.0 
800000 9171 750.816 651792.994 651.834 5.4881 0.0 
810000 9195 621.536 659886.972 521.113 4.5514 0.0 
820000 9220 537.392 670414.619 484.808 3.9406 0.0 
830000 9233 601.917 681583.832 584.865 4.4103 0.0 
840000 9245 637.105 693619.86 657.747 4.6661 0.0 
850000 9262 624.03 705707.023 672.64 4.5652 0.0 
860000 9273 697.664 718022.502 784.537 5.0893 0.0 
870000 9284 739.713 730445.326 850.898 5.3893 0.0 
880000 9298 720.1 742343.999 834.084 5.2567 0.0 
890000 9315 696.261 752172.85 777.128 5.088 0.0 
900000 9326 738.832 763445.043 826.386 5.3787 0.0 
910000 9336 786.607 775459.441 893.974 5.7273 0.0 
920000 9346 809.008 787538.156 932.91 5.8811 0.0 
930000 9356 843.945 800428.249 993.807 6.1402 0.0 
940000 9366 872.492 811957.577 1028.176 6.3621 0.0 
950000 9376 895.217 823298.125 1045.473 6.5276 0.0 
960000 9389 879.366 834606.155 1022.034 6.4139 0.0 
970000 9400 883.349 847569.868 1049.781 6.4518 0.0 
980000 9410 896.514 860520.406 1083.399 6.5478 0.0 
990000 9420 910.277 871950.987 1089.829 6.6372 0.0 
1000000 9431 919.291 884140.135 1104.814 6.7041 0.0 
1010000 9442 922.258 894511.548 1079.304 6.7312 0.0 
1020000 9455 879.793 905310.364 1014.354 6.4303 0.0 
1030000 9468 861.071 916179.783 982.198 6.2765 0.0 
1040000 9482 823.885 928675.932 958.715 5.9965 0.0 
1050000 9493 833.975 940428.939 977.181 6.0601 0.0 
1060000 9507 809.435 952211.524 945.078 5.8908 0.0 
1070000 9521 777.785 963714.135 903.867 5.6524 0.0 
1080000 9533 788.166 976501.281 934.418 5.7378 0.0 
1090000 9544 823.544 989713.783 1003.505 6.0082 0.0 
1100000 9554 855.823 1000684.349 1025.02 6.2392 0.0 
1110000 9566 853.151 1013495.961 1036.884 6.2253 0.0 
1120000 9581 798.229 1026002.908 974.048 5.8351 0.0 
1130000 9591 835.138 1040017.75 1051.225 6.1074 0.0 
1140000 9602 849.667 1053477.772 1088.606 6.2103 0.0 
1150000 9615 824.179 1066665.199 1060.94 6.0228 0.0 
1160000 9626 855.038 1081420.393 1135.726 6.2399 0.0 
1170000 9637 850.569 1095214.772 1136.859 6.2056 0.0 
1180000 9655 768.935 1108950.423 1034.907 5.6059 0.0 
1190000 9669 758.352 1120886.669 993.367 5.5491 0.0 
1200000 9684 728.251 1132912.597 931.241 5.3488 0.0 
1210000 9697 737.998 1144156.353 916.505 5.4143 0.0 
1220000 9710 754.481 1157988.864 963.253 5.5297 0.0 
1230000 9722 762.723 1171089.827 978.637 5.5879 0.0 
1240000 9733 796.917 1185530.012 1051.924 5.8487 0.0 
1250000 9744 806.317 1200667.923 1095.729 5.916 0.0 
1260000 9754 841.747 1215729.119 1172.446 6.1737 0.0 
1270000 9767 832.623 1229767.142 1163.277 6.1062 0.0 
1280000 9779 842.131 1243093.273 1161.88 6.1759 0.0 
1290000 9791 833.692 1256597.62 1146.021 6.1147 0.0 
1300000 9806 791.251 1269213.63 1066.743 5.8105 0.0 
1310000 9821 754.909 1283617.799 1031.723 5.5388 0.0 
1320000 9832 790.203 1297976.539 1094.018 5.7872 0.0 
1330000 9844 802.1 1312977.649 1131.248 5.8628 0.0 
1340000 9854 838.301 1328094.278 1200.279 6.1296 0.0 
1350000 9864 863.111 1343321.581 1252.099 6.3206 0.0 
1360000 9875 879.358 1357933.775 1276.576 6.4378 0.0 
1370000 9885 885.668 1370532.667 1261.96 6.4821 0.0 
1380000 9897 882.343 1381240.09 1182.44 6.4564 0.0 
1390000 9917 759.835 1393044.95 992.666 5.5628 0.0 
1400000 9932 736.565 1407372.443 984.895 5.3919 0.0 
1410000 9942 775.135 1422815.903 1075.302 5.6743 0.0 
1420000 9955 778.092 1439497.42 1126.182 5.6921 0.0 
1430000 9967 792.674 1455255.111 1173.681 5.8044 0.0 
1440000 9981 769.313 1468873.723 1115.986 5.6308 0.0 
1450000 9995 748.612 1482884.396 1075.789 5.4709 0.0 
1460000 10022 592.09 1493927.659 806.56 4.3248 0.0 
1470000 10055 454.312 1505516.194 590.604 3.3131 0.0 
1480000 10082 420.14 1515063.714 494.627 3.0719 0.0 
1490000 10131 279.105 1523826.697 287.175 2.0469 0.0 
1500000 10161 299.759 1529079.979 232.706 2.2063 0.0 
1510000 10203 266.247 1533818.431 165.731 1.9521 0.0 
1520000 10232 307.907 1538229.537 162.763 2.2558 0.0 
1530000 10243 427.777 1544342.228 241.322 3.1418 0.0 
1540000 10254 525.144 1550718.768 309.677 3.8421 0.0 
1550000 10265 604.648 1557045.3 364.586 4.411 0.0 
1560000 10277 637.774 1563150.201 385.705 4.6577 0.0 
1570000 10292 654.084 1569022.135 392.287 4.7718 0.0 
1580000 10310 616.596 1574948.898 369.167 4.5219 0.0 
1590000 10339 498.147 1581704.759 309.807 3.6417 0.0 
1600000 10364 449.895 1588605.253 290.828 3.2861 0.0 
1610000 10411 303.578 1597442.436 228.376 2.2182 0.0 
1620000 10459 243.238 1605045.372 186.699 1.7761 0.0 
1630000 10494 259.559 1615101.061 232.499 1.9003 0.0 
1640000 10520 310.58 1622111.306 251.18 2.2898 0.0 
1650000 10554 306.137 1628429.223 221.415 2.2506 0.0 
1660000 10602 241.973 1634448.828 160.452 1.7878 0.0 
1670000 10654 209.714 1642701.048 161.153 1.5478 0.0 
1680000 10678 288.611 1651770.687 245.12 2.1274 0.0 
1690000 10692 390.889 1661531.081 351.936 2.8921 0.0 
1700000 10705 486.71 1673062.214 486.896 3.5841 0.0 
1710000 10718 544.229 1685499.947 586.741 4.0079 0.0 
1720000 10732 577.267 1695634.82 615.437 4.2604 0.0 
1730000 10751 568.365 1703390.429 552.863 4.1841 0.0 
1740000 10772 532.649 1711510.54 494.815 3.9076 0.0 
1750000 10793 523.331 1717892.974 434.892 3.8395 0.0 
1760000 10810 540.754 1725191.783 430.038 3.9688 0.0 
1770000 10830 530.962 1735476.963 463.997 3.9008 0.0 
1780000 10841 603.231 1746780.338 573.694 4.4253 0.0 
1790000 10865 518.831 1758536.014 526.42 3.7999 0.0 
1800000 10881 552.613 1770141.418 586.424 4.0417 0.0 
1810000 10894 608.571 1779976.623 632.844 4.4527 0.0 
1820000 10905 664.15 1788226.382 653.478 4.8631 0.0 
1830000 10921 646.019 1794919.686 587.172 4.7441 0.0 
1840000 10940 603.137 1800552.925 488.874 4.4394 0.0 
1850000 10960 576.576 1807061.937 439.47 4.2474 0.0 
1860000 10977 569.085 1813500.523 417.449 4.1793 0.0 
1870000 10993 596.387 1820094.606 416.159 4.3876 0.0 
1880000 11004 648.792 1828530.548 479.941 4.7711 0.0 
1890000 11015 704.994 1838945.903 573.73 5.1799 0.0 
1900000 11026 752.173 1850392.369 671.293 5.5305 0.0 
1910000 11036 791.324 1861617.761 747.968 5.8211 0.0 
1920000 11046 829.497 1872946.061 819.413 6.0947 0.0 
1930000 11056 860.687 1882976.567 854.396 6.3116 0.0 
1940000 11066 886.171 1891546.565 855.62 6.4938 0.0 
1950000 11078 877.299 1898875.761 807.605 6.422 0.0 
1960000 11089 880.584 1907214.265 792.525 6.4424 0.0 
1970000 11101 869.354 1916665.604 787.171 6.3519 0.0 
1980000 11116 816.289 1925860.196 744.273 5.9591 0.0 
1990000 11128 821.697 1933516.686 722.109 6.008 0.0 
2000000 11138 854.314 1943630.714 772.939 6.2397 0.0 
2010000 11152 822.294 1953611.479 761.505 6.0152 0.0 
2020000 11165 797.293 1963971.699 752.747 5.8455 0.0 
2030000 11184 715.545 1974968.954 705.223 5.2473 0.0 
2040000 11203 657.897 1985470.077 657.29 4.8154 0.0 
2050000 11234 512.712 1995916.531 520.934 3.7682 0.0 
2060000 11245 592.705 2006907.701 616.559 4.3618 0.0 
2070000 11261 604.286 2018650.02 652.268 4.4531 0.0 
2080000 11273 650.188 2031200.236 733.102 4.7877 0.0 
2090000 11293 600.758 2041809.487 664.868 4.4258 0.0 
2100000 11309 609.869 2053394.141 683.634 4.4803 0.0 
2110000 11320 659.855 2065872.302 762.614 4.8338 0.0 
2120000 11335 665.084 2076305.614 749.328 4.8849 0.0 
2130000 11351 639.818 2083697.311 661.967 4.6899 0.0 
2140000 11390 424.915 2091970.148 413.504 3.1228 0.0 
2150000 11422 378.074 2100485.9 348.068 2.7876 0.0 
2160000 11463 299.819 2107922.761 252.981 2.2027 0.0 
2170000 11491 325.148 2119301.472 323.918 2.3917 0.0 
2180000 11506 419.527 2132542.3 478.724 3.0834 0.0 
2190000 11529 414.243 2144042.718 473.319 3.0531 0.0 
2200000 11549 435.88 2157230.716 523.255 3.2152 0.0 
2210000 11569 458.162 2168836.409 548.436 3.3599 0.0 
2220000 11586 489.717 2177048.308 530.771 3.5949 0.0 
2230000 11606 504.302 2189154.019 562.786 3.7086 0.0 
2240000 11629 479.97 2197146.081 483.599 3.5265 0.0 
2250000 11642 544.218 2203722.03 487.303 3.9979 0.0 
2260000 11655 593.19 2213233.997 539.063 4.3528 0.0 
2270000 11666 644.888 2224192.339 627.408 4.7353 0.0 
2280000 11679 680.418 2234265.771 656.084 5.0003 0.0 
2290000 11696 654.704 2248210.626 707.962 4.7893 0.0 
2300000 11717 586.895 2261665.352 673.435 4.2998 0.0 
2310000 11731 606.872 2274931.472 726.706 4.4388 0.0 
2320000 11749 603.524 2288592.072 753.059 4.4278 0.0 
2330000 11768 569.436 2299939.68 689.613 4.1651 0.0 
2340000 11781 617.931 2309266.289 698.934 4.524 0.0 
2350000 11794 640.993 2321524.285 736.528 4.6972 0.0 
2360000 11806 691.739 2333538.588 808.873 5.0727 0.0 
2370000 11823 655.828 2344985.39 758.774 4.8139 0.0 
2380000 11839 650.778 2356429.154 754.423 4.7812 0.0 
2390000 11854 647.09 2369532.598 774.99 4.7542 0.0 
2400000 11864 708.748 2381972.443 855.463 5.2116 0.0 
2410000 11877 730.238 2393927.211 881.073 5.3763 0.0 
2420000 11889 746.438 2407698.936 929.815 5.4853 0.0 
2430000 11902 752.888 2421168.928 957.312 5.5282 0.0 
2440000 11915 748.889 2432965.392 943.912 5.5099 0.0 
2450000 11933 692.104 2445985.532 872.229 5.1036 0.0 
2460000 11949 678.528 2458520.287 853.915 4.9836 0.0 
2470000 11967 632.599 2469886.586 773.256 4.6446 0.0 
2480000 11981 655.002 2481145.302 785.256 4.809 0.0 
2490000 11995 670.214 2491207.883 769.304 4.917 0.0 
2500000 12010 668.185 2500677.851 729.228 4.9065 0.0 
2510000 12027 644.589 2512078.98 714.006 4.7445 0.0 
2520000 12039 680.849 2523389.297 757.774 5.0029 0.0 
2530000 12050 717.351 2536286.357 828.752 5.2626 0.0 
2540000 12062 754.474 2548566.725 888.365 5.5348 0.0 
2550000 12078 718.898 2561796.853 871.579 5.2601 0.0 
2560000 12089 746.95 2575107.756 926.498 5.4765 0.0 
2570000 12099 790.805 2587857.126 987.092 5.7975 0.0 
2580000 12110 823.898 2600810.888 1036.796 6.0346 0.0 
2590000 12122 831.968 2614067.73 1060.484 6.0937 0.0 
2600000 12133 836.141 2627539.279 1077.108 6.1347 0.0 
2610000 12145 833.0 2640838.521 1080.129 6.101 0.0 
2620000 12156 856.918 2654567.33 1127.665 6.2773 0.0 
2630000 12170 819.873 2666980.595 1064.773 5.9982 0.0 
2640000 12181 832.22 2679057.383 1065.385 6.0977 0.0 
2650000 12204 683.727 2690382.222 853.341 4.998 0.0 
2660000 12218 679.788 2702843.431 847.461 4.9795 0.0 
2670000 12231 711.791 2715632.004 891.883 5.2191 0.0 
2680000 12243 738.822 2727808.981 919.963 5.4161 0.0 
2690000 12254 767.763 2739560.094 948.531 5.6374 0.0 
2700000 12271 721.992 2748733.348 832.842 5.3059 0.0 
2710000 12284 730.294 2759357.43 830.184 5.3779 0.0 
2720000 12302 676.952 2772043.773 790.947 4.9864 0.0 
2730000 12314 705.147 2782767.824 804.011 5.1722 0.0 
2740000 12331 677.063 2794384.523 774.748 4.9596 0.0 
2750000 12354 583.959 2803049.08 626.246 4.2806 0.0 
2760000 12379 501.173 2813522.507 533.237 3.6633 0.0 
2770000 12416 380.641 2820571.643 346.299 2.7964 0.0 
2780000 12436 417.385 2827022.007 342.918 3.058 0.0 
2790000 12450 498.869 2833292.749 371.651 3.6649 0.0 
2800000 12465 548.527 2838982.806 377.133 4.0352 0.0 
2810000 12475 622.557 2844880.006 411.805 4.5727 0.0 
2820000 12485 691.602 2851684.493 459.959 5.0774 0.0 
2830000 12495 748.016 2858234.989 496.544 5.5028 0.0 
2840000 12508 755.953 2866557.194 529.544 5.562 0.0 
2850000 12518 800.596 2872917.435 550.013 5.8918 0.0 
2860000 12529 823.562 2880833.392 584.35 6.0664 0.0 
2870000 12543 788.193 2888613.372 568.862 5.8021 0.0 
2880000 12558 757.246 2896089.988 552.179 5.5817 0.0 
2890000 12573 738.141 2902474.274 520.776 5.4556 0.0 
2900000 12591 684.641 2910046.343 492.435 5.0601 0.0 
2910000 12609 646.905 2917120.522 462.159 4.7735 0.0 
2920000 12625 628.435 2923664.518 440.066 4.6448 0.0 
2930000 12654 500.103 2929472.56 334.905 3.6968 0.0 
2940000 12673 511.549 2939552.251 400.322 3.773 0.0 
2950000 12694 502.451 2950235.2 443.917 3.7138 0.0 
2960000 12708 538.729 2960610.754 500.309 3.9894 0.0 
2970000 12723 581.054 2971423.028 568.656 4.2856 0.0 
2980000 12743 556.578 2979292.157 513.301 4.101 0.0 
2990000 12756 605.933 2990754.112 597.395 4.4719 0.0 
3000000 12786 472.069 3001712.739 477.486 3.205 0.0 
3010000 12829 337.061 3011555.673 341.215 1.9723 0.0 
3020000 12856 341.775 3021509.592 344.064 1.9065 0.0 
3030000 12873 424.802 3033140.3 454.787 2.3427 0.0 
3040000 12887 495.566 3044774.805 546.371 2.7327 0.0 
3050000 12898 567.436 3057547.826 654.475 3.1193 0.0 
3060000 12910 631.136 3069765.725 742.81 3.461 0.0 
3070000 12920 690.352 3080133.475 788.679 3.7891 0.0 
3080000 12931 737.2 3091881.716 841.155 4.0406 0.0 
3090000 12944 750.933 3106815.064 926.727 4.1086 0.0 
3100000 12958 745.628 3120587.816 942.028 4.0698 0.0 
3110000 12969 776.423 3131165.033 945.115 4.2438 0.0 
3120000 12982 763.559 3142712.773 915.566 4.1826 0.0 
3130000 12996 761.671 3156391.714 945.916 4.1496 0.0 
3140000 13008 769.176 3169372.268 964.04 4.1997 0.0 
3150000 13020 778.196 3181777.415 969.191 4.2445 0.0 
3160000 13036 746.413 3194224.267 933.907 4.0595 0.0 
3170000 13051 721.116 3206427.277 895.444 3.9307 0.0 
3180000 13064 733.084 3219387.147 919.197 3.9971 0.0 
3190000 13076 747.469 3231910.87 934.836 4.0765 0.0 
3200000 13088 768.823 3245438.683 980.904 4.1932 0.0 
3210000 13102 752.391 3258624.061 973.246 4.1149 0.0 
3220000 13121 684.416 3271537.715 883.688 3.7279 0.0 
3230000 13139 635.699 3283596.602 804.478 3.4561 0.0 
3240000 13151 674.623 3296034.203 848.928 3.6671 0.0 
3250000 13165 691.597 3306875.498 838.641 3.7811 0.0 
3260000 13182 649.856 3320638.396 812.177 3.5447 0.0 
3270000 13195 682.46 3333071.699 852.866 3.729 0.0 
3280000 13211 655.944 3343366.849 786.897 3.5877 0.0 
3290000 13226 660.23 3355172.067 785.104 3.6168 0.0 
3300000 13240 671.811 3369196.047 838.185 3.6779 0.0 
3310000 13251 722.819 3382765.965 923.805 3.9567 0.0 
3320000 13262 764.718 3395843.176 983.866 4.1829 0.0 
3330000 13278 718.617 3407847.828 908.745 3.9212 0.0 
3340000 13295 684.664 3419068.426 845.474 3.7361 0.0 
3350000 13311 667.342 3430167.205 802.85 3.6513 0.0 
3360000 13324 686.408 3442774.782 835.45 3.7548 0.0 
3370000 13336 727.331 3455819.629 901.958 3.9767 0.0 
3380000 13349 722.664 3466684.54 870.184 3.9578 0.0 
3390000 13361 750.69 3479711.962 920.486 4.1038 0.0 
3400000 13372 773.993 3491017.138 934.371 4.2408 0.0 
3410000 13384 794.349 3504914.546 989.417 4.355 0.0 
3420000 13395 810.079 3518201.864 1021.357 4.4381 0.0 
3430000 13407 821.304 3532066.413 1060.587 4.4955 0.0 
3440000 13422 782.425 3546073.084 1028.859 4.2856 0.0 
3450000 13432 819.76 3560376.962 1099.375 4.4887 0.0 
3460000 13443 841.712 3573797.486 1128.457 4.5911 0.0 
3470000 13454 849.749 3587028.715 1135.459 4.6255 0.0 
3480000 13466 840.067 3599665.547 1110.545 4.5742 0.0 
3490000 13485 746.958 3612750.668 984.336 4.0727 0.0 
3500000 13504 679.878 3625632.364 892.476 3.7051 0.0 
3510000 13521 648.055 3638425.249 844.882 3.5378 0.0 
3520000 13532 702.128 3652111.174 924.513 3.8443 0.0 
3530000 13545 715.015 3667114.96 971.347 3.9209 0.0 
3540000 13556 755.197 3683862.426 1082.968 4.1386 0.0 
3550000 13567 790.54 3700556.221 1177.756 4.3137 0.0 
3560000 13579 791.74 3712291.493 1116.057 4.3258 0.0 
3570000 13591 812.75 3724020.023 1107.522 4.446 0.0 
3580000 13603 804.223 3736090.008 1078.903 4.3995 0.0 
3590000 13615 821.059 3749632.239 1097.786 4.4961 0.0 
3600000 13625 843.515 3764609.945 1153.526 4.6219 0.0 
3610000 13636 863.29 3780813.277 1229.041 4.7215 0.0 
3620000 13646 888.298 3796337.081 1288.799 4.8507 0.0 
3630000 13656 908.081 3813631.464 1369.087 4.9696 0.0 
3640000 13666 924.895 3830793.331 1428.682 5.06 0.0 
3650000 13676 938.634 3848349.344 1488.352 5.1359 0.0 
3660000 13686 943.685 3865338.77 1518.453 5.1622 0.0 
3670000 13697 937.068 3882760.944 1529.696 5.1352 0.0 
3680000 13708 934.989 3899071.623 1527.225 5.13 0.0 
3690000 13718 946.881 3916165.167 1559.545 5.1779 0.0 
3700000 13729 943.432 3928566.692 1482.703 5.1479 0.0 
3710000 13741 921.43 3943721.966 1437.752 5.0353 0.0 
3720000 13752 918.983 3960759.123 1459.072 5.0147 0.0 
3730000 13762 933.803 3977853.365 1503.94 5.0964 0.0 
3740000 13773 930.809 3995055.32 1519.323 5.0672 0.0 
3750000 13785 910.596 4010620.628 1472.713 4.954 0.0 
3760000 13800 849.766 4024614.109 1334.102 4.6328 0.0 
3770000 13813 832.15 4039657.117 1296.177 4.5354 0.0 
3780000 13826 814.541 4055411.677 1270.475 4.4417 0.0 
3790000 13838 824.428 4072432.76 1312.577 4.4926 0.0 
3800000 13857 721.427 4086672.367 1122.239 3.9364 0.0 
3810000 13870 735.203 4100568.779 1109.962 4.0122 0.0 
3820000 13883 741.619 4116768.956 1138.648 4.0429 0.0 
3830000 13897 728.236 4132931.567 1133.326 3.9691 0.0 
3840000 13911 726.58 4149728.908 1148.807 3.9633 0.0 
3850000 13923 752.879 4166523.827 1212.854 4.1025 0.0 
3860000 13935 772.375 4182593.31 1241.154 4.2023 0.0 
3870000 13947 778.484 4199041.267 1257.263 4.2361 0.0 
3880000 13959 802.542 4214982.907 1295.027 4.3615 0.0 
3890000 13970 820.813 4231112.596 1324.048 4.4655 0.0 
3900000 13981 830.471 4246900.81 1335.049 4.5153 0.0 
3910000 13993 841.826 4261702.257 1328.201 4.5724 0.0 
3920000 14006 821.075 4277801.864 1301.203 4.4619 0.0 
3930000 14017 841.539 4294222.321 1344.652 4.5685 0.0 
3940000 14027 870.525 4310523.713 1397.491 4.7093 0.0 
3950000 14037 884.429 4328202.422 1447.887 4.7804 0.0 
3960000 14048 890.642 4344945.853 1464.58 4.8084 0.0 
3970000 14060 878.413 4360730.511 1436.255 4.754 0.0 
3980000 14075 829.208 4375876.151 1332.698 4.4867 0.0 
3990000 14086 841.032 4392143.92 1355.456 4.5732 0.0 
4000000 14098 839.398 4408228.539 1350.046 4.5695 0.0 
4010000 14114 765.523 4423701.566 1219.618 4.1661 0.0 
4020000 14128 757.671 4439302.537 1204.316 4.126 0.0 
4030000 14140 768.932 4455517.753 1226.92 4.1759 0.0 
4040000 14153 779.785 4471676.074 1248.216 4.2379 0.0 
4050000 14165 794.135 4488544.303 1286.954 4.3243 0.0 
4060000 14179 773.566 4505872.456 1272.089 4.2266 0.0 
4070000 14190 786.198 4522501.892 1295.335 4.2916 0.0 
4080000 14201 819.217 4532926.736 1239.469 4.4686 0.0 
4090000 14215 793.585 4549175.973 1219.459 4.3241 0.0 
4100000 14230 769.202 4558493.549 1078.579 4.2009 0.0 
4110000 14241 785.546 4570496.817 1066.958 4.2956 0.0 
4120000 14252 805.146 4582428.485 1063.127 4.3937 0.0 
4130000 14262 840.79 4596587.177 1124.982 4.5841 0.0 
4140000 14274 846.27 4611402.628 1160.458 4.6239 0.0 
4150000 14289 801.83 4626975.866 1131.572 4.3775 0.0 
4160000 14308 716.643 4642091.94 1029.738 3.9078 0.0 
4170000 14321 727.586 4657354.001 1063.433 3.9665 0.0 
4180000 14333 740.988 4671120.126 1066.085 4.034 0.0 
4190000 14346 748.237 4685828.483 1081.675 4.0697 0.0 
4200000 14364 694.081 4698747.686 975.76 3.763 0.0 
4210000 14380 664.907 4714108.005 955.887 3.5993 0.0 
4220000 14397 636.207 4728400.791 912.599 3.4632 0.0 
4230000 14416 607.929 4739990.264 827.476 3.3151 0.0 
4240000 14432 618.916 4751006.766 794.567 3.3739 0.0 
4250000 14449 609.687 4764743.006 797.801 3.3238 0.0 
4260000 14461 665.104 4779090.275 895.714 3.6183 0.0 
4270000 14473 693.97 4793550.715 951.57 3.7855 0.0 
4280000 14487 696.675 4809399.777 989.809 3.7965 0.0 
4290000 14506 653.442 4825194.525 957.654 3.5537 0.0 
4300000 14526 583.053 4841130.169 873.189 3.1667 0.0 
4310000 14544 571.661 4857984.565 888.066 3.1072 0.0 
4320000 14560 591.871 4873860.174 927.648 3.2383 0.0 
4330000 14578 571.05 4889381.488 890.886 3.1124 0.0 
4340000 14595 584.429 4904843.866 909.063 3.1877 0.0 
4350000 14605 654.246 4919026.675 992.776 3.5681 0.0 
4360000 14617 688.967 4934559.647 1052.537 3.7562 0.0 
4370000 14629 730.115 4948839.338 1099.759 3.9841 0.0 
4380000 14639 779.484 4963851.544 1172.581 4.2494 0.0 
4390000 14650 806.347 4978933.595 1213.851 4.3978 0.0 
4400000 14667 740.454 4994265.313 1119.766 4.0385 0.0 
4410000 14683 709.846 5009797.081 1079.426 3.8782 0.0 
4420000 14695 719.361 5025099.981 1092.657 3.9277 0.0 
4430000 14710 711.491 5039075.865 1060.01 3.8831 0.0 
4440000 14723 726.815 5054947.443 1098.953 3.9672 0.0 
4450000 14736 741.717 5071858.996 1154.509 4.0551 0.0 
4460000 14749 741.02 5088307.787 1166.969 4.0513 0.0 
4470000 14761 765.739 5103592.443 1200.356 4.1864 0.0 
4480000 14775 746.998 5118905.124 1162.418 4.0921 0.0 
4490000 14788 750.508 5134142.097 1164.33 4.1152 0.0 
4500000 14801 754.563 5148747.839 1152.834 4.1397 0.0 
4510000 14813 778.264 5163656.848 1182.216 4.2581 0.0 
4520000 14826 775.461 5178543.173 1172.236 4.2454 0.0 
4530000 14836 802.702 5193769.043 1211.36 4.3875 0.0 
4540000 14850 786.689 5207877.008 1175.057 4.3017 0.0 
4550000 14865 749.543 5222274.032 1107.853 4.0923 0.0 
4560000 14880 721.374 5237718.877 1076.027 3.946 0.0 
4570000 14892 754.656 5252352.018 1121.557 4.1627 0.0 
4580000 14907 729.086 5266858.517 1076.965 4.0044 0.0 
4590000 14923 702.377 5280535.658 1019.047 3.8592 0.0 
4600000 14937 699.263 5294342.895 1002.914 3.8392 0.0 
4610000 14949 725.24 5306979.455 1006.63 3.9857 0.0 
4620000 14960 768.271 5320489.347 1060.492 4.2115 0.0 
4630000 14971 787.003 5333882.049 1082.002 4.3171 0.0 
4640000 14982 806.582 5348071.767 1114.498 4.4097 0.0 
4650000 14996 790.499 5360938.231 1074.498 4.3236 0.0 
4660000 15010 772.136 5374046.808 1041.824 4.2117 0.0 
4670000 15025 751.31 5387057.427 1005.478 4.1 0.0 
4680000 15041 716.224 5400680.889 962.767 3.9017 0.0 
4690000 15056 701.916 5414315.977 946.833 3.8181 0.0 
4700000 15067 739.635 5427986.4 1000.825 4.02 0.0 
4710000 15079 755.171 5440325.713 1002.216 4.1044 0.0 
4720000 15092 751.882 5450536.087 937.537 4.0899 0.0 
4730000 15114 646.752 5461123.707 782.387 3.5192 0.0 
4740000 15139 543.526 5470689.925 618.709 2.9616 0.0 
4750000 15152 598.094 5482837.926 691.615 3.2675 0.0 
4760000 15163 668.09 5495961.213 803.071 3.653 0.0 
4770000 15173 721.007 5509847.969 898.396 3.9424 0.0 
4780000 15185 739.902 5525023.622 969.467 4.035 0.0 
4790000 15199 746.559 5539561.459 1006.351 4.0691 0.0 
4800000 15209 792.92 5554549.587 1096.457 4.3112 0.0 
4810000 15219 830.8 5569212.28 1164.149 4.5141 0.0 
4820000 15229 860.603 5583395.553 1209.137 4.6636 0.0 
4830000 15241 853.349 5597222.905 1194.883 4.6256 0.0 
4840000 15251 866.994 5611273.008 1215.784 4.6976 0.0 
4850000 15263 874.913 5625499.81 1229.919 4.7632 0.0 
4860000 15273 884.498 5641020.447 1266.688 4.8116 0.0 
4870000 15284 902.728 5657357.567 1333.619 4.9126 0.0 
4880000 15294 914.481 5674547.413 1393.658 4.9798 0.0 
4890000 15305 920.158 5692066.532 1445.42 5.015 0.0 
4900000 15315 923.073 5708707.795 1466.167 5.0248 0.0 
4910000 15326 924.664 5725718.443 1487.308 5.0419 0.0 
4920000 15337 913.115 5741787.174 1470.812 4.9768 0.0 
4930000 15348 913.314 5757859.663 1468.518 4.9879 0.0 
4940000 15359 919.683 5774357.079 1485.92 5.0185 0.0 
4950000 15369 925.588 5790407.492 1503.414 5.0506 0.0 
4960000 15380 928.942 5806714.461 1503.072 5.0646 0.0 
4970000 15390 941.941 5823485.404 1532.207 5.1324 0.0 
4980000 15400 952.561 5838811.194 1533.461 5.1948 0.0 
4990000 15411 950.177 5854596.501 1524.407 5.1965 0.0 
5000000 15421 945.695 5871314.27 1527.075 5.1823 0.0 
5010000 15436 878.115 5887109.804 1410.761 4.7864 0.0 
5020000 15456 750.886 5902878.705 1201.44 4.0885 0.0 
5030000 15469 751.071 5918435.486 1193.57 4.0959 0.0 
5040000 15486 711.156 5935003.949 1141.304 3.8759 0.0 
5050000 15500 698.278 5949749.713 1096.194 3.8232 0.0 
5060000 15523 596.981 5963156.096 902.49 3.2691 0.0 
5070000 15557 447.394 5975839.055 640.633 2.4536 0.0 
5080000 15577 466.39 5990738.672 676.589 2.5581 0.0 
5090000 15590 523.268 6004629.763 746.562 2.8692 0.0 
5100000 15605 559.909 6019766.304 811.894 3.0628 0.0 
5110000 15624 549.075 6035174.327 812.837 2.9916 0.0 
5120000 15651 475.577 6049305.495 696.585 2.593 0.0 
5130000 15670 491.186 6064621.519 730.132 2.6661 0.0 
5140000 15682 561.461 6081384.086 864.72 3.0539 0.0 
5150000 15694 630.573 6098263.925 1000.171 3.4207 0.0 
5160000 15711 619.051 6115099.491 997.836 3.3632 0.0 
5170000 15726 621.271 6132613.815 1023.137 3.3733 0.0 
5180000 15741 640.324 6148245.901 1042.61 3.4786 0.0 
5190000 15754 671.4 6165651.957 1113.253 3.6357 0.0 
5200000 15766 699.153 6182987.643 1173.958 3.7881 0.0 
5210000 15783 664.689 6197866.507 1080.278 3.5972 0.0 
5220000 15794 716.78 6212082.683 1139.234 3.8967 0.0 
5230000 15812 668.809 6222800.497 974.228 3.6354 0.0 
5240000 15826 681.599 6235237.916 956.474 3.7081 0.0 
5250000 15840 679.493 6252093.942 998.353 3.7053 0.0 
5260000 15852 712.593 6268879.853 1089.669 3.8733 0.0 
5270000 15867 692.617 6283849.108 1048.207 3.7678 0.0 
5280000 15879 726.146 6300384.794 1126.55 3.9667 0.0 
5290000 15891 754.352 6316636.007 1187.008 4.1351 0.0 
5300000 15904 767.358 6332611.688 1210.843 4.2134 0.0 
5310000 15917 762.723 6348810.485 1210.276 4.1858 0.0 
5320000 15930 767.511 6364522.915 1216.521 4.2046 0.0 
5330000 15941 782.166 6381547.728 1257.793 4.2877 0.0 
5340000 15953 806.051 6397611.274 1298.573 4.4101 0.0 
5350000 15964 825.479 6413061.101 1317.596 4.5138 0.0 
5360000 15978 783.388 6430130.169 1265.61 4.2778 0.0 
5370000 15995 728.216 6445120.226 1159.595 3.9744 0.0 
5380000 16017 620.766 6456488.696 908.082 3.391 0.0 
5390000 16034 610.289 6463967.351 781.276 3.3363 0.0 
5400000 16064 476.614 6472169.338 548.659 2.6205 0.0 
5410000 16081 514.714 6482973.865 588.319 2.8304 0.0 
5420000 16095 574.695 6499692.976 746.749 3.1688 0.0 
5430000 16109 610.359 6511925.045 776.782 3.35 0.0 
5440000 16121 648.313 6528200.333 882.48 3.563 0.0 
5450000 16135 669.247 6545275.052 974.706 3.6747 0.0 
5460000 16147 698.664 6562216.824 1052.011 3.8351 0.0 
5470000 16158 750.24 6578930.411 1165.649 4.1094 0.0 
5480000 16169 785.366 6594848.252 1226.741 4.2945 0.0 
5490000 16180 807.532 6611493.054 1279.158 4.3957 0.0 
5500000 16195 765.969 6626900.393 1205.81 4.18 0.0 
5510000 16210 737.005 6641268.057 1136.218 4.0185 0.0 
5520000 16224 734.56 6656642.215 1129.768 4.0075 0.0 
5530000 16238 721.88 6674824.142 1158.201 3.9477 0.0 
5540000 16250 745.236 6693685.085 1246.379 4.0903 0.0 
5550000 16266 709.121 6711535.575 1202.623 3.8814 0.0 
5560000 16276 759.029 6730596.932 1326.484 4.1466 0.0 
5570000 16290 756.077 6749973.579 1356.299 4.1484 0.0 
5580000 16301 781.075 6767985.654 1402.578 4.2848 0.0 
5590000 16315 766.43 6787416.981 1402.726 4.1972 0.0 
5600000 16326 795.89 6806070.825 1461.684 4.3592 0.0 
5610000 16338 792.653 6825876.952 1480.6 4.3247 0.0 
5620000 16350 809.435 6844306.34 1508.99 4.4276 0.0 
5630000 16363 795.031 6862972.433 1482.607 4.3497 0.0 
5640000 16377 782.151 6881715.101 1459.401 4.2768 0.0 
5650000 16390 773.345 6900262.975 1440.011 4.2165 0.0 
5660000 16404 768.016 6919283.665 1438.757 4.1894 0.0 
5670000 16419 734.465 6938343.318 1380.115 4.0176 0.0 
5680000 16434 710.058 6957044.993 1332.255 3.8949 0.0 
5690000 16444 759.113 6975820.788 1427.514 4.1652 0.0 
5700000 16457 761.194 6992497.564 1391.876 4.1806 0.0 
5710000 16473 721.841 7008691.715 1279.151 3.9587 0.0 
5720000 16486 732.711 7025103.626 1277.549 3.9963 0.0 
5730000 16499 732.474 7043058.431 1282.547 3.9915 0.0 
5740000 16518 673.757 7059936.922 1171.803 3.6653 0.0 
5750000 16536 645.239 7077487.865 1125.443 3.5126 0.0 
5760000 16553 629.89 7095099.562 1101.764 3.4385 0.0 
5770000 16564 669.66 7113626.905 1189.053 3.6569 0.0 
5780000 16574 730.089 7131552.771 1296.09 3.9734 0.0 
5790000 16590 704.99 7149984.757 1263.174 3.8444 0.0 
5800000 16602 742.929 7168248.065 1340.286 4.0433 0.0 
5810000 16612 778.187 7185248.948 1387.452 4.1879 0.0 
5820000 16625 788.656 7201248.911 1369.989 4.1819 0.0 
5830000 16636 816.682 7216863.692 1388.121 4.2806 0.0 
5840000 16649 806.44 7233225.439 1360.922 4.1879 0.0 
5850000 16663 777.651 7249899.299 1308.919 4.011 0.0 
5860000 16677 763.914 7266217.984 1275.287 3.9073 0.0 
5870000 16690 766.274 7283654.422 1294.377 3.8904 0.0 
5880000 16703 754.363 7301836.72 1295.072 3.8162 0.0 
5890000 16716 760.06 7318971.397 1304.586 3.8345 0.0 
5900000 16730 752.594 7335959.448 1289.343 3.7879 0.0 
5910000 16752 631.36 7351458.929 1054.607 3.1746 0.0 
5920000 16767 649.721 7368037.411 1085.47 3.2584 0.0 
5930000 16782 657.462 7385368.796 1108.399 3.2912 0.0 
5940000 16799 639.784 7403216.225 1099.857 3.2006 0.0 
5950000 16813 658.43 7421250.967 1143.622 3.2914 0.0 
5960000 16826 682.127 7438449.201 1183.045 3.4101 0.0 
5970000 16843 658.538 7456094.149 1146.067 3.2891 0.0 
5980000 16856 673.884 7473853.191 1179.254 3.3648 0.0 
5990000 16884 534.042 7491748.606 939.89 2.6661 0.0 
6000000 16905 515.01 7508961.251 901.25 2.5609 0.0 
6010000 16919 562.556 7526833.601 989.685 2.802 0.0 
6020000 16938 565.401 7543574.978 980.861 2.8171 0.0 
6030000 16952 598.794 7560689.402 1034.245 2.9858 0.0 
6040000 16965 633.084 7578679.085 1105.485 3.1533 0.0 
6050000 16977 685.159 7596075.984 1196.616 3.4152 0.0 
6060000 16991 688.352 7613673.24 1206.222 3.4323 0.0 
6070000 17006 686.388 7631660.42 1208.757 3.4152 0.0 
6080000 17019 697.329 7650897.222 1254.675 3.4691 0.0 
6090000 17035 687.887 7669299.73 1245.035 3.4264 0.0 
6100000 17052 646.056 7687310.345 1166.953 3.2225 0.0 
6110000 17073 593.976 7704682.913 1063.107 2.9617 0.0 
6120000 17087 620.357 7721863.62 1097.084 3.0927 0.0 
6130000 17105 590.867 7737235.682 1001.855 2.9399 0.0 
6140000 17115 665.708 7753753.018 1123.911 3.3095 0.0 
6150000 17129 684.577 7771440.129 1170.162 3.4012 0.0 
6160000 17143 698.595 7788453.801 1192.584 3.4685 0.0 
6170000 17164 615.778 7802638.027 1003.783 3.0556 0.0 
6180000 17177 660.746 7817179.058 1044.48 3.2758 0.0 
6190000 17197 609.282 7831239.423 934.115 3.0288 0.0 
6200000 17211 631.445 7845469.386 947.173 3.1428 0.0 
6210000 17227 621.684 7859349.906 915.842 3.0947 0.0 
6220000 17255 510.444 7872466.926 726.4 2.5392 0.0 
6230000 17267 573.177 7886524.598 810.121 2.8469 0.0 
6240000 17278 640.803 7901263.222 919.228 3.1867 0.0 
6250000 17289 697.287 7916610.255 1016.131 3.4666 0.0 
6260000 17300 736.027 7932266.76 1092.588 3.6617 0.0 
6270000 17313 758.332 7948135.994 1145.978 3.7684 0.0 
6280000 17327 751.889 7963514.549 1140.345 3.7337 0.0 
6290000 17345 692.217 7976695.12 1019.996 3.4443 0.0 
6300000 17356 728.864 7989673.669 1042.663 3.6325 0.0 
6310000 17367 759.966 8003830.751 1083.004 3.7841 0.0 
6320000 17378 800.093 8016312.459 1107.26 3.9869 0.0 
6330000 17395 739.501 8028524.217 995.133 3.6842 0.0 
6340000 17408 738.385 8042410.97 999.401 3.6832 0.0 
6350000 17421 751.893 8054696.631 995.771 3.7518 0.0 
6360000 17434 746.476 8069108.72 1010.146 3.717 0.0 
6370000 17448 736.568 8082138.153 990.194 3.662 0.0 
6380000 17459 773.154 8093390.035 997.683 3.8167 0.0 
6390000 17473 769.269 8106633.793 999.283 3.6924 0.0 
6400000 17487 746.47 8120476.505 981.639 3.6202 0.0 
6410000 17502 731.385 8134868.474 986.167 3.7055 0.0 
6420000 17514 752.14 8149694.787 1036.284 3.9194 0.0 
6430000 17525 777.951 8165065.003 1100.245 4.1498 0.0 
6440000 17538 784.164 8180786.187 1138.168 4.247 0.0 
6450000 17552 762.072 8195316.042 1105.051 4.1704 0.0 
6460000 17567 735.256 8210444.253 1076.416 4.0653 0.0 
6470000 17582 732.04 8225463.507 1080.19 4.0909 0.0 
6480000 17595 729.968 8240990.67 1091.098 4.1039 0.0 
6490000 17605 777.992 8256488.765 1169.309 4.4036 0.0 
6500000 17617 795.365 8271334.035 1193.815 4.5265 0.0 
6510000 17629 795.397 8287481.345 1215.352 4.5348 0.0 
6520000 17645 750.407 8303910.835 1167.126 4.2815 0.0 
6530000 17659 754.309 8319526.226 1172.86 4.3034 0.0 
6540000 17671 763.545 8335895.373 1203.285 4.3642 0.0 
6550000 17681 800.297 8353483.788 1292.643 4.5739 0.0 
6560000 17692 825.529 8371380.352 1365.311 4.7328 0.0 
6570000 17705 802.549 8388730.437 1337.61 4.6077 0.0 
6580000 17721 769.063 8404732.223 1275.763 4.4139 0.0 
6590000 17740 685.003 8420093.019 1115.664 3.9312 0.0 
6600000 17756 679.054 8435844.376 1096.115 3.8972 0.0 
6610000 17773 649.083 8449329.248 999.564 3.7401 0.0 
6620000 17790 632.015 8457180.414 846.404 3.6559 0.0 
6630000 17811 578.608 8464890.821 682.147 3.3482 0.0 
6640000 17827 581.856 8478017.791 707.915 3.361 0.0 
6650000 17849 536.549 8492537.662 689.391 3.0786 0.0 
6660000 17867 551.762 8507267.783 744.779 3.1625 0.0 
6670000 17880 601.831 8522158.569 836.213 3.4458 0.0 
6680000 17892 647.975 8537523.464 924.875 3.724 0.0 
6690000 17910 618.944 8552346.842 891.479 3.5425 0.0 
6700000 17927 607.153 8566158.66 868.775 3.4797 0.0 
6710000 17939 659.097 8580976.279 950.79 3.7752 0.0 
6720000 17951 691.07 8595190.738 995.318 3.968 0.0 
6730000 17964 726.661 8608418.676 1023.031 4.1814 0.0 
6740000 17978 718.422 8621708.046 997.447 4.1374 0.0 
6750000 17993 706.418 8634320.194 962.802 4.0754 0.0 
6760000 18005 734.47 8647561.832 994.448 4.2349 0.0 
6770000 18018 743.921 8660441.137 994.325 4.2992 0.0 
6780000 18029 761.928 8675042.033 1040.143 4.4058 0.0 
6790000 18041 791.901 8690184.736 1106.973 4.5779 0.0 
6800000 18052 807.377 8703101.663 1109.26 4.6689 0.0 
6810000 18063 829.29 8716182.969 1128.054 4.7871 0.0 
6820000 18075 825.109 8728947.011 1110.03 4.7666 0.0 
6830000 18095 709.75 8740946.539 928.257 4.1037 0.0 
6840000 18110 707.773 8753166.931 906.099 4.0885 0.0 
6850000 18122 738.575 8767869.626 983.351 4.2635 0.0 
6860000 18133 768.543 8782390.8 1047.504 4.4232 0.0 
6870000 18152 684.37 8795160.537 919.449 3.9397 0.0 
6880000 18171 633.584 8808735.799 851.828 3.6538 0.0 
6890000 18189 610.351 8822057.183 817.834 3.5081 0.0 
6900000 18203 630.553 8834811.014 831.231 3.6262 0.0 
6910000 18216 664.317 8849340.63 899.924 3.8057 0.0 
6920000 18233 646.054 8864237.907 899.747 3.7117 0.0 
6930000 18245 686.985 8880000.186 990.291 3.9606 0.0 
6940000 18256 720.435 8895201.299 1051.173 4.1549 0.0 
6950000 18266 771.575 8911026.683 1144.91 4.4513 0.0 
6960000 18277 792.553 8927506.937 1200.895 4.5785 0.0 
6970000 18288 824.459 8944256.116 1283.421 4.7672 0.0 
6980000 18300 821.816 8960571.731 1290.523 4.7452 0.0 
6990000 18318 750.271 8975856.23 1173.446 4.3316 0.0 
7000000 18332 749.3 8991281.21 1167.033 4.3295 0.0 
7010000 18343 764.423 9007410.699 1197.495 4.4212 0.0 
7020000 18358 748.949 9022682.597 1170.333 4.3351 0.0 
7030000 18371 744.963 9037468.774 1147.097 4.3061 0.0 
7040000 18383 757.393 9053563.045 1176.254 4.3651 0.0 
7050000 18397 763.458 9070533.459 1213.873 4.4073 0.0 
7060000 18408 790.04 9089141.648 1303.538 4.5666 0.0 
7070000 18421 775.69 9107176.224 1306.52 4.4808 0.0 
7080000 18434 783.863 9125425.144 1348.292 4.5328 0.0 
7090000 18449 740.104 9144138.662 1294.0 4.2707 0.0 
7100000 18464 726.011 9160827.255 1256.591 4.1849 0.0 
7110000 18477 731.309 9177660.725 1257.706 4.2167 0.0 
7120000 18490 736.13 9194573.363 1260.822 4.2471 0.0 
7130000 18502 756.925 9211574.662 1292.982 4.3775 0.0 
7140000 18520 702.954 9225375.533 1146.238 4.0613 0.0 
7150000 18536 665.64 9240120.345 1061.514 3.858 0.0 
7160000 18552 656.986 9256233.787 1049.777 3.8029 0.0 
7170000 18569 649.241 9272496.573 1042.881 3.7426 0.0 
7180000 18582 670.095 9287177.95 1053.266 3.8654 0.0 
7190000 18595 701.532 9299619.569 1038.539 4.0388 0.0 
7200000 18606 739.876 9310504.267 1026.505 4.2627 0.0 
7210000 18617 761.428 9322349.312 1013.304 4.3946 0.0 
7220000 18630 777.621 9335744.33 1042.946 4.4909 0.0 
7230000 18642 781.266 9350077.388 1061.745 4.5094 0.0 
7240000 18655 776.988 9365178.468 1081.778 4.4876 0.0 
7250000 18670 753.496 9380298.541 1071.209 4.3463 0.0 
7260000 18688 690.448 9395501.995 996.881 3.982 0.0 
7270000 18705 664.191 9408687.564 940.342 3.8324 0.0 
7280000 18717 702.084 9424433.049 1023.12 4.0501 0.0 
7290000 18730 708.636 9438567.062 1025.805 4.0908 0.0 
7300000 18743 728.823 9451002.894 1015.169 4.2085 0.0 
7310000 18756 732.709 9465151.955 1026.725 4.231 0.0 
7320000 18776 655.352 9479862.579 927.132 3.7869 0.0 
7330000 18793 621.042 9494670.648 884.349 3.5912 0.0 
7340000 18807 643.497 9510477.813 950.991 3.7178 0.0 
7350000 18819 686.348 9526996.616 1038.55 3.9628 0.0 
7360000 18834 688.3 9543832.773 1075.012 3.9773 0.0 
7370000 18853 630.015 9560703.181 1004.134 3.6381 0.0 
7380000 18871 612.264 9576827.482 978.937 3.5349 0.0 
7390000 18888 599.557 9593155.013 962.899 3.4569 0.0 
7400000 18902 625.54 9608832.59 999.984 3.6156 0.0 
7410000 18918 622.888 9624999.528 998.941 3.5954 0.0 
7420000 18935 605.596 9641763.164 983.096 3.4896 0.0 
7430000 18949 640.665 9658363.499 1044.892 3.6853 0.0 
7440000 18967 613.347 9674445.605 997.903 3.5404 0.0 
7450000 18980 657.567 9690734.003 1069.707 3.7939 0.0 
7460000 18995 655.232 9707021.025 1065.575 3.7746 0.0 
7470000 19008 680.651 9722191.98 1086.518 3.921 0.0 
7480000 19022 689.497 9737616.747 1092.954 3.975 0.0 
7490000 19035 720.874 9753288.002 1140.081 4.1709 0.0 
7500000 19051 693.04 9769561.645 1104.653 3.9977 0.0 
7510000 19068 648.884 9784604.164 1016.465 3.7509 0.0 
7520000 19083 661.456 9798900.461 1013.716 3.8197 0.0 
7530000 19102 615.424 9814146.267 938.957 3.5464 0.0 
7540000 19118 625.21 9827952.805 930.53 3.5976 0.0 
7550000 19131 647.857 9840977.16 931.931 3.7305 0.0 
7560000 19144 678.297 9856125.595 986.037 3.9164 0.0 
7570000 19162 650.239 9871239.236 959.142 3.7475 0.0 
7580000 19175 680.199 9887658.648 1031.771 3.9203 0.0 
7590000 19187 696.929 9904331.752 1082.858 4.0269 0.0 
7600000 19204 664.536 9918884.88 1025.422 3.8455 0.0 
7610000 19228 568.72 9932954.991 856.121 3.2883 0.0 
7620000 19246 563.971 9946299.164 815.999 3.2632 0.0 
7630000 19262 584.446 9961097.332 849.729 3.3794 0.0 
7640000 19277 602.874 9976219.157 884.968 3.4798 0.0 
7650000 19289 659.287 9992502.381 998.11 3.7917 0.0 
7660000 19306 641.095 10009128.07 995.593 3.691 0.0 
7670000 19322 640.556 10026146.838 1022.935 3.693 0.0 
7680000 19336 653.436 10042187.312 1041.258 3.765 0.0 
7690000 19348 694.862 10057999.202 1107.273 4.007 0.0 
7700000 19360 713.956 10074858.303 1148.767 4.1137 0.0 
7710000 19376 696.466 10091061.086 1125.067 4.0061 0.0 
7720000 19387 736.777 10104762.246 1147.207 4.2461 0.0 
7730000 19405 680.276 10118754.732 1033.161 3.9144 0.0 
7740000 19420 666.404 10135361.758 1033.7 3.824 0.0 
7750000 19437 643.119 10152288.217 1023.984 3.6948 0.0 
7760000 19448 688.414 10169950.111 1125.047 3.9518 0.0 
7770000 19463 689.641 10186858.41 1139.706 3.9548 0.0 
7780000 19474 720.226 10203995.74 1197.923 4.1446 0.0 
7790000 19489 707.965 10221065.849 1187.583 4.0794 0.0 
7800000 19508 650.186 10237085.8 1075.341 3.7522 0.0 
7810000 19525 641.559 10254140.177 1070.42 3.7159 0.0 
7820000 19535 690.609 10271075.081 1155.22 3.9947 0.0 
7830000 19550 689.16 10287881.259 1153.236 3.9793 0.0 
7840000 19562 725.025 10304801.499 1219.029 4.1702 0.0 
7850000 19573 753.656 10321077.657 1255.489 4.3436 0.0 
7860000 19589 722.696 10337474.384 1200.266 4.1645 0.0 
7870000 19600 760.371 10354863.533 1277.287 4.3725 0.0 
7880000 19610 801.19 10370439.027 1326.48 4.6146 0.0 
7890000 19622 799.688 10386082.21 1305.466 4.6143 0.0 
7900000 19635 805.385 10400964.37 1287.251 4.6365 0.0 
7910000 19650 767.039 10416775.878 1222.837 4.427 0.0 
7920000 19664 754.383 10433480.426 1214.68 4.3449 0.0 
7930000 19678 751.609 10450374.745 1225.882 4.3203 0.0 
7940000 19692 734.797 10467140.901 1204.592 4.2289 0.0 
7950000 19707 726.097 10485022.738 1218.82 4.1762 0.0 
7960000 19718 756.102 10503810.182 1306.755 4.3501 0.0 
7970000 19730 769.775 10522804.39 1355.323 4.4324 0.0 
7980000 19742 778.981 10540757.889 1377.628 4.4898 0.0 
7990000 19758 748.402 10557474.92 1311.945 4.3016 0.0 
8000000 19775 703.969 10569164.663 1124.583 4.0526 0.0 
8010000 19790 676.517 10580136.306 998.837 3.8988 0.0 
8020000 19814 572.089 10591882.082 789.804 3.3009 0.0 
8030000 19830 599.536 10604893.386 821.847 3.4683 0.0 
8040000 19842 646.062 10623020.916 962.453 3.7348 0.0 
8050000 19856 663.794 10640142.103 1028.351 3.8411 0.0 
8060000 19868 697.91 10657741.04 1118.323 4.0392 0.0 
8070000 19879 744.604 10676793.18 1248.798 4.3044 0.0 
8080000 19889 782.428 10695202.847 1337.078 4.5165 0.0 
8090000 19905 745.554 10708523.623 1214.783 4.3064 0.0 
8100000 19923 688.019 10724115.115 1108.003 3.9733 0.0 
8110000 19940 652.379 10739800.754 1041.977 3.7666 0.0 
8120000 19959 615.691 10754297.922 959.211 3.5513 0.0 
8130000 19978 582.295 10767968.428 877.827 3.3673 0.0 
8140000 19999 541.956 10783641.068 822.897 3.137 0.0 
8150000 20026 472.176 10798216.95 705.002 2.7304 0.0 
8160000 20046 478.371 10814110.169 729.475 2.7671 0.0 
8170000 20060 534.866 10830394.559 833.349 3.0892 0.0 
8180000 20080 523.179 10846514.983 824.038 3.0236 0.0 
8190000 20094 573.969 10863482.293 926.031 3.325 0.0 
8200000 20107 607.852 10878708.479 964.055 3.5239 0.0 
8210000 20124 614.324 10893159.225 951.61 3.5584 0.0 
8220000 20136 653.995 10909080.547 1023.224 3.7891 0.0 
8230000 20150 670.548 10924605.074 1044.552 3.8778 0.0 
8240000 20165 661.219 10940084.513 1030.168 3.8239 0.0 
8250000 20179 663.397 10955858.895 1032.372 3.8436 0.0 
8260000 20192 697.906 10971854.51 1096.743 4.0369 0.0 
8270000 20204 732.275 10988497.077 1168.582 4.2231 0.0 
8280000 20218 726.251 11003840.114 1148.44 4.1842 0.0 
8290000 20230 744.835 11018981.558 1167.007 4.2907 0.0 
8300000 20240 791.511 11034407.231 1235.676 4.5669 0.0 
8310000 20254 774.955 11049341.603 1196.786 4.4747 0.0 
8320000 20266 787.882 11063215.202 1187.762 4.5519 0.0 
8330000 20282 747.097 11075955.062 1086.142 4.3139 0.0 
8340000 20299 699.685 11090800.413 1022.96 4.0397 0.0 
8350000 20312 714.557 11107007.77 1069.984 4.1214 0.0 
8360000 20326 719.876 11122834.614 1094.62 4.1539 0.0 
8370000 20337 743.19 11139587.467 1154.72 4.2821 0.0 
8380000 20357 670.75 11154945.839 1042.341 3.8694 0.0 
8390000 20372 657.335 11171333.009 1031.153 3.801 0.0 
8400000 20391 616.941 11188683.444 995.67 3.5682 0.0 
8410000 20402 672.77 11206896.573 1123.912 3.888 0.0 
8420000 20414 709.428 11225623.627 1220.533 4.0985 0.0 
8430000 20426 736.706 11244611.951 1297.781 4.2669 0.0 
8440000 20437 767.05 11263478.071 1374.22 4.4488 0.0 
8450000 20449 787.685 11281776.599 1421.173 4.5618 0.0 
8460000 20461 797.671 11300323.277 1447.218 4.6027 0.0 
8470000 20474 789.265 11318534.335 1432.242 4.5469 0.0 
8480000 20486 803.366 11336880.743 1462.19 4.6261 0.0 
8490000 20497 816.076 11354938.046 1484.63 4.6936 0.0 
8500000 20513 772.901 11371995.565 1384.129 4.4383 0.0 
8510000 20526 765.665 11389386.95 1361.591 4.3988 0.0 
8520000 20546 672.754 11406444.838 1184.088 3.8685 0.0 
8530000 20559 699.806 11425565.831 1259.818 4.0201 0.0 
8540000 20569 754.72 11444585.138 1377.98 4.3393 0.0 
8550000 20581 763.414 11463197.748 1396.283 4.3808 0.0 
8560000 20591 806.275 11482746.606 1500.584 4.6371 0.0 
8570000 20602 837.622 11501289.434 1557.294 4.8208 0.0 
8580000 20613 836.73 11519670.09 1551.519 4.8179 0.0 
8590000 20629 790.405 11537607.656 1454.281 4.5576 0.0 
8600000 20642 789.821 11556279.042 1458.936 4.5731 0.0 
8610000 20657 751.516 11574963.082 1392.12 4.3525 0.0 
8620000 20668 782.337 11594217.887 1461.292 4.5248 0.0 
8630000 20682 757.181 11611844.874 1396.241 4.3745 0.0 
8640000 20697 736.426 11630310.509 1356.952 4.2481 0.0 
8650000 20709 762.129 11648872.948 1407.307 4.3915 0.0 
8660000 20727 693.853 11665894.458 1256.643 4.0169 0.0 
8670000 20742 684.25 11683135.45 1222.685 3.9649 0.0 
8680000 20760 636.461 11700119.177 1123.376 3.676 0.0 
8690000 20776 643.103 11716831.517 1119.61 3.7175 0.0 
8700000 20789 664.048 11733681.191 1148.037 3.8546 0.0 
8710000 20801 712.421 11750895.93 1230.229 4.1243 0.0 
8720000 20812 736.899 11767726.827 1263.349 4.2742 0.0 
8730000 20827 723.293 11784312.77 1231.586 4.184 0.0 
8740000 20841 710.467 11801243.416 1207.43 4.1088 0.0 
8750000 20860 665.669 11817060.068 1111.008 3.8453 0.0 
8760000 20876 653.91 11832221.483 1065.113 3.7687 0.0 
8770000 20888 679.399 11847485.236 1089.573 3.915 0.0 
8780000 20902 683.86 11862425.857 1075.144 3.9399 0.0 
8790000 20921 639.831 11875774.98 966.519 3.6785 0.0 
8800000 20935 659.156 11889428.978 973.013 3.7926 0.0 
8810000 20968 451.055 11904232.828 661.117 2.6006 0.0 
8820000 21006 351.689 11917904.038 503.814 2.0251 0.0 
8830000 21041 320.926 11931321.033 448.379 1.8558 0.0 
8840000 21059 384.303 11946203.022 553.641 2.2206 0.0 
8850000 21076 441.849 11961233.703 643.576 2.5477 0.0 
8860000 21091 519.936 11975642.878 756.637 2.9931 0.0 
8870000 21113 490.153 11989715.102 707.535 2.8143 0.0 
8880000 21131 512.027 12003969.672 735.677 2.9488 0.0 
8890000 21153 478.534 12017460.549 672.912 2.7585 0.0 
8900000 21170 524.269 12030773.516 723.645 3.0291 0.0 
8910000 21184 568.539 12042764.277 753.192 3.294 0.0 
8920000 21196 625.996 12055280.511 815.445 3.604 0.0 
8930000 21213 613.719 12068825.145 807.683 3.5322 0.0 
8940000 21227 635.98 12081737.815 833.555 3.6694 0.0 
8950000 21243 627.124 12095278.606 826.802 3.6165 0.0 
8960000 21259 631.479 12109632.488 855.504 3.6353 0.0 
8970000 21274 632.168 12123928.138 867.675 3.6408 0.0 
8980000 21291 619.366 12138244.752 866.063 3.5666 0.0 
8990000 21306 639.141 12151645.527 882.155 3.6715 0.0 
9000000 21323 627.258 12165189.481 863.44 3.6039 0.0 
9010000 21336 643.953 12179509.353 894.047 3.7016 0.0 
9020000 21354 628.244 12193955.909 883.193 3.6302 0.0 
9030000 21369 629.485 12207503.485 875.75 3.6373 0.0 
9040000 21386 629.878 12222014.025 887.593 3.6397 0.0 
9050000 21403 617.353 12236359.603 875.218 3.5508 0.0 
9060000 21420 607.998 12250443.223 860.588 3.4976 0.0 
9070000 21431 666.073 12265348.478 956.394 3.8309 0.0 
9080000 21443 699.611 12280726.939 1019.65 4.0216 0.0 
9090000 21455 733.952 12296460.99 1092.76 4.216 0.0 
9100000 21465 780.153 12312208.215 1177.901 4.4913 0.0 
9110000 21477 796.631 12327775.243 1209.487 4.6018 0.0 
9120000 21489 806.05 12345328.019 1266.705 4.6602 0.0 
9130000 21499 841.529 12361552.533 1330.95 4.8571 0.0 
9140000 21511 832.468 12377809.11 1323.035 4.8169 0.0 
9150000 21524 817.938 12395836.01 1336.143 4.7247 0.0 
9160000 21537 815.917 12414194.384 1372.174 4.7088 0.0 
9170000 21549 809.504 12432002.877 1380.197 4.6646 0.0 
9180000 21566 745.469 12449078.526 1269.088 4.2889 0.0 
9190000 21587 654.775 12466370.894 1120.224 3.7573 0.0 
9200000 21608 582.92 12483747.738 999.083 3.3513 0.0 
9210000 21633 510.181 12500446.902 870.901 2.9246 0.0 
9220000 21659 455.985 12517200.319 774.168 2.6079 0.0 
9230000 21677 484.783 12533735.424 815.609 2.7858 0.0 
9240000 21694 507.343 12550015.32 844.982 2.9199 0.0 
9250000 21707 558.283 12567156.872 938.213 3.2218 0.0 
9260000 21722 595.784 12584847.062 1014.728 3.4338 0.0 
9270000 21740 574.59 12601828.384 975.585 3.3015 0.0 
9280000 21761 538.972 12618815.503 917.43 3.0992 0.0 
9290000 21780 539.366 12634773.245 898.669 3.1025 0.0 
9300000 21802 515.766 12650656.489 848.626 2.965 0.0 
9310000 21821 524.028 12667540.562 870.715 3.0081 0.0 
9320000 21837 547.009 12683839.334 904.621 3.1399 0.0 
9330000 21852 586.693 12700603.686 973.536 3.3723 0.0 
9340000 21867 607.661 12717553.315 1013.67 3.4924 0.0 
9350000 21880 641.808 12736577.372 1112.946 3.6895 0.0 
9360000 21898 604.335 12754866.115 1061.471 3.4874 0.0 
9370000 21912 631.516 12771751.333 1097.427 3.6493 0.0 
9380000 21925 658.008 12790374.877 1164.007 3.7856 0.0 
9390000 21939 678.357 12808813.047 1215.159 3.9003 0.0 
9400000 21951 715.269 12827227.36 1289.92 4.116 0.0 
9410000 21964 724.951 12845694.77 1315.939 4.1835 0.0 
9420000 21981 677.15 12863443.126 1223.452 3.9181 0.0 
9430000 21995 690.199 12881954.177 1254.17 3.9898 0.0 
9440000 22009 699.477 12900444.703 1280.235 4.0318 0.0 
9450000 22022 713.044 12917732.45 1283.976 4.1032 0.0 
9460000 22036 716.674 12936092.886 1298.395 4.1328 0.0 
9470000 22052 690.462 12952679.525 1224.521 3.9851 0.0 
9480000 22070 648.863 12969047.235 1128.006 3.7595 0.0 
9490000 22083 682.921 12986695.928 1192.536 3.9531 0.0 
9500000 22103 621.417 13003374.918 1072.361 3.5951 0.0 
9510000 22124 570.929 13020799.828 987.127 3.3005 0.0 
9520000 22150 483.749 13037792.701 829.354 2.7864 0.0 
9530000 22169 509.663 13055086.287 878.233 2.9497 0.0 
9540000 22195 455.467 13070959.096 762.993 2.6381 0.0 
9550000 22211 499.667 13087329.546 829.788 2.89 0.0 
9560000 22224 551.03 13103540.615 908.264 3.1942 0.0 
9570000 22238 598.189 13121464.273 1012.787 3.4754 0.0 
9580000 22251 646.865 13139782.992 1121.448 3.7485 0.0 
9590000 22267 637.85 13158136.144 1121.812 3.6972 0.0 
9600000 22277 688.765 13176803.983 1227.283 3.9834 0.0 
9610000 22293 673.108 13194053.145 1190.858 3.8896 0.0 
9620000 22311 644.209 13211355.509 1134.958 3.7187 0.0 
9630000 22328 626.611 13228770.559 1099.793 3.6159 0.0 
9640000 22345 602.635 13246367.227 1057.968 3.4671 0.0 
9650000 22362 601.597 13263865.007 1055.788 3.5281 0.0 
9660000 22375 644.499 13280950.273 1124.298 3.7668 0.0 
9670000 22388 669.541 13298220.206 1163.282 3.8979 0.0 
9680000 22403 665.519 13314507.834 1138.972 3.8607 0.0 
9690000 22416 691.971 13332134.551 1195.355 4.0281 0.0 
9700000 22430 703.574 13349447.514 1214.508 4.0805 0.0 
9710000 22442 729.042 13367623.967 1276.182 4.2317 0.0 
9720000 22452 773.522 13386411.555 1374.803 4.4828 0.0 
9730000 22464 795.521 13404827.48 1426.77 4.6093 0.0 
9740000 22475 810.775 13422202.13 1441.359 4.6995 0.0 
9750000 22486 830.484 13439915.182 1477.817 4.8147 0.0 
9760000 22497 850.643 13457840.354 1515.658 4.9264 0.0 
9770000 22510 827.475 13476150.859 1483.42 4.7812 0.0 
9780000 22525 784.299 13495038.283 1420.954 4.5373 0.0 
9790000 22539 762.849 13513825.82 1392.246 4.4003 0.0 
9800000 22552 771.869 13532134.322 1412.455 4.4561 0.0 
9810000 22567 738.481 13550539.792 1355.244 4.26 0.0 
9820000 22582 712.961 13568325.372 1296.365 4.113 0.0 
9830000 22594 744.502 13586879.156 1361.49 4.3029 0.0 
9840000 22608 739.041 13604228.358 1333.232 4.2666 0.0 
9850000 22622 738.527 13621561.998 1320.452 4.2791 0.0 
9860000 22633 761.162 13639037.372 1352.234 4.4074 0.0 
9870000 22646 767.863 13655811.043 1348.496 4.4405 0.0 
9880000 22659 766.046 13672961.81 1334.574 4.4248 0.0 
9890000 22671 776.045 13690691.955 1358.557 4.4869 0.0 
9900000 22684 782.173 13708964.236 1385.235 4.5227 0.0 
9910000 22697 789.286 13726941.837 1401.986 4.5631 0.0 
9920000 22709 783.24 13744233.661 1389.606 4.5273 0.0 
9930000 22728 717.259 13761248.767 1257.084 4.1507 0.0 
9940000 22742 712.452 13780298.521 1275.664 4.1254 0.0 
9950000 22754 744.976 13799810.395 1363.831 4.3108 0.0 
9960000 22769 712.2 13819239.63 1319.684 4.1208 0.0 
9970000 22785 683.355 13836910.199 1257.191 3.9516 0.0 
9980000 22799 703.081 13855578.035 1296.846 4.0637 0.0 
9990000 22811 719.755 13873238.69 1312.301 4.1572 0.0 
10000000 22824 736.176 13888865.211 1297.08 4.2525 0.0 
