1000 10 17.004 -82.761 -1.378 0.0106 0.0 
2000 19 32.302 -189.252 -3.111 0.0212 0.0 
3000 29 44.952 -254.74 -3.742 0.0295 0.0 
4000 40 54.015 -297.102 -3.655 0.0346 0.0 
5000 50 62.904 -399.384 -5.015 0.0416 0.0 
6000 60 68.99 -454.925 -5.02 0.0478 0.0 
7000 70 75.427 -560.647 -6.138 0.0514 0.0 
8000 80 79.383 -666.229 -6.956 0.053 0.0 
9000 90 84.257 -810.969 -8.372 0.0555 0.0 
10000 100 86.783 -919.497 -8.719 0.0566 0.0 
11000 109 90.039 -1024.577 -9.247 0.0585 0.0 
12000 120 90.446 -1069.722 -8.298 0.0583 0.0 
13000 129 94.199 -1161.157 -8.559 0.0608 0.0 
14000 141 92.05 -1246.803 -8.226 0.0598 0.0 
15000 152 91.733 -1312.028 -7.73 0.06 0.0 
16000 161 94.314 -1385.797 -7.745 0.0615 0.0 
17000 169 96.368 -1530.242 -8.154 0.0795 0.0 
18000 174 107.673 -2060.075 -18.4 0.13 0.0 
19000 176 113.803 -2093.426 -18.438 0.1567 0.0 
20000 177 124.287 -2114.982 -18.524 0.2104 0.0 
21000 178 141.801 -2126.389 -18.444 0.3235 0.0 
22000 179 158.965 -2139.652 -18.328 0.4979 0.0 
23000 181 184.43 -2144.615 -17.893 0.6866 0.0 
24000 182 200.742 -2159.279 -17.844 0.8204 0.0 
25000 183 216.727 -2167.831 -17.764 0.9203 0.0 
26000 184 232.392 -2177.235 -17.533 1.0296 0.0 
27000 185 247.744 -2185.657 -17.305 1.1338 0.0 
28000 186 262.79 -2222.983 -17.441 1.2428 0.0 
29000 187 268.834 -2250.124 -17.598 1.273 0.0 
30000 188 283.457 -2270.607 -17.699 1.3385 0.0 
31000 190 304.822 -2290.302 -17.728 1.479 0.0 
32000 192 310.695 -2312.035 -17.377 1.5025 0.0 
33000 195 311.165 -2336.186 -16.762 1.4844 0.0 
34000 198 314.919 -2366.884 -16.458 1.483 0.0 
35000 200 322.632 -2387.115 -16.3 1.5212 0.0 
36000 202 329.181 -2396.205 -15.938 1.539 0.0 
37000 204 336.017 -2415.604 -15.55 1.567 0.0 
38000 205 342.636 -2434.834 -15.487 1.6062 0.0 
39000 207 351.223 -2438.487 -15.12 1.6354 0.0 
40000 209 363.885 -2452.944 -14.792 1.7112 0.0 
41000 210 376.467 -2467.275 -14.752 1.8089 0.0 
42000 211 382.058 -2482.48 -14.626 1.8332 0.0 
43000 213 387.543 -2499.804 -14.45 1.8448 0.0 
44000 215 392.371 -2511.964 -14.206 1.8559 0.0 
45000 216 404.524 -2522.507 -14.103 1.9123 0.0 
46000 217 416.433 -2534.416 -14.06 1.9637 0.0 
47000 218 428.104 -2543.725 -14.024 2.0486 0.0 
48000 219 439.542 -2559.852 -13.983 2.1164 0.0 
49000 221 443.223 -2572.118 -13.764 2.1169 0.0 
50000 222 447.399 -2583.17 -13.594 2.1296 0.0 
51000 223 458.451 -2590.277 -13.487 2.2076 0.0 
52000 224 469.282 -2598.171 -13.356 2.286 0.0 
53000 225 479.416 -2616.561 -13.336 2.3322 0.0 
54000 226 489.828 -2626.932 -13.355 2.3838 0.0 
55000 227 500.031 -2634.708 -13.292 2.4374 0.0 
56000 228 510.031 -2642.701 -13.193 2.5183 0.0 
57000 229 519.83 -2650.036 -13.057 2.5516 0.0 
58000 230 529.433 -2659.477 -12.979 2.6099 0.0 
59000 232 533.908 -2674.581 -12.696 2.6071 0.0 
60000 236 517.849 -2693.784 -12.16 2.4943 0.0 
61000 238 516.913 -2713.559 -12.084 2.4677 0.0 
62000 240 514.546 -2729.243 -11.939 2.4363 0.0 
63000 243 505.936 -2757.8 -11.791 2.3717 0.0 
64000 246 492.261 -2782.707 -11.551 2.2871 0.0 
65000 250 476.093 -2817.227 -11.32 2.1869 0.0 
66000 253 466.301 -2840.843 -11.167 2.1222 0.0 
67000 255 466.446 -2853.176 -10.934 2.1129 0.0 
68000 259 449.823 -2879.202 -10.587 2.0144 0.0 
69000 262 443.237 -2897.73 -10.331 1.9643 0.0 
70000 264 441.784 -2911.053 -10.184 1.9488 0.0 
71000 269 425.055 -2926.427 -9.513 1.8493 0.0 
72000 272 419.134 -2937.514 -9.193 1.8076 0.0 
73000 275 410.272 -2950.725 -8.857 1.754 0.0 
74000 278 404.006 -2957.903 -8.612 1.7135 0.0 
75000 281 405.342 -2973.412 -8.31 1.7071 0.0 
76000 282 408.575 -2975.025 -8.192 1.7204 0.0 
77000 284 418.075 -2985.599 -8.037 1.7672 0.0 
78000 286 413.326 -2993.275 -7.856 1.7395 0.0 
79000 289 418.12 -3006.189 -7.697 1.7748 0.0 
80000 291 412.318 -3017.759 -7.572 1.7433 0.0 
81000 292 424.072 -3030.851 -7.626 1.7977 0.0 
82000 294 432.278 -3044.752 -7.623 1.8524 0.0 
83000 295 430.853 -3053.326 -7.573 1.8413 0.0 
84000 298 434.698 -3067.348 -7.437 1.8451 0.0 
85000 300 442.984 -3082.879 -7.476 1.9368 0.0 
86000 302 439.637 -3094.524 -7.361 1.9166 0.0 
87000 303 446.084 -3106.725 -7.544 1.9428 0.0 
88000 304 457.163 -3114.886 -7.55 2.0024 0.0 
89000 305 468.019 -3120.676 -7.534 2.0612 0.0 
90000 307 478.966 -3128.616 -7.415 2.1077 0.0 
91000 308 481.926 -3135.578 -7.398 2.1167 0.0 
92000 309 492.288 -3141.725 -7.343 2.1617 0.0 
93000 311 500.176 -3150.531 -7.328 2.2137 0.0 
94000 312 510.173 -3159.023 -7.321 2.2944 0.0 
95000 313 519.969 -3166.417 -7.346 2.3451 0.0 
96000 314 529.57 -3179.703 -7.356 2.4389 0.0 
97000 315 537.578 -3192.643 -7.505 2.4642 0.0 
98000 316 537.147 -3203.617 -7.465 2.4557 0.0 
99000 317 539.864 -3217.066 -7.47 2.4725 0.0 
100000 318 549.067 -3228.494 -7.57 2.5259 0.0 
101000 319 558.085 -3239.832 -7.648 2.559 0.0 
102000 320 566.924 -3250.386 -7.718 2.5952 0.0 
103000 321 575.585 -3261.293 -7.773 2.6736 0.0 
104000 322 584.073 -3273.536 -7.838 2.7617 0.0 
105000 324 599.704 -3284.714 -7.988 2.8475 0.0 
106000 326 593.172 -3288.968 -7.798 2.8017 0.0 
107000 327 588.708 -3304.015 -7.678 2.7757 0.0 
108000 328 593.834 -3314.856 -7.784 2.8225 0.0 
109000 329 601.957 -3327.246 -7.821 2.8638 0.0 
110000 330 609.918 -3336.221 -7.891 2.9034 0.0 
111000 332 617.726 -3346.57 -7.924 2.9365 0.0 
112000 333 625.371 -3350.816 -7.945 2.9793 0.0 
113000 334 632.864 -3365.11 -7.956 3.0366 0.0 
114000 335 640.206 -3375.808 -8.035 3.0823 0.0 
115000 336 647.402 -3382.912 -8.056 3.1522 0.0 
116000 337 654.454 -3397.86 -8.14 3.1757 0.0 
117000 338 661.365 -3409.559 -8.173 3.2261 0.0 
118000 339 668.138 -3422.868 -8.291 3.2559 0.0 
119000 340 674.775 -3435.145 -8.41 3.3143 0.0 
120000 341 681.28 -3449.068 -8.512 3.3339 0.0 
121000 342 687.654 -3461.023 -8.64 3.4041 0.0 
122000 343 683.741 -3482.368 -8.539 3.3769 0.0 
123000 345 683.335 -3502.574 -8.729 3.3501 0.0 
124000 347 679.353 -3522.973 -8.876 3.3283 0.0 
125000 350 659.345 -3545.407 -8.781 3.214 0.0 
126000 352 650.153 -3562.089 -8.816 3.1606 0.0 
127000 354 651.943 -3581.44 -8.975 3.1913 0.0 
128000 357 628.797 -3597.294 -8.699 3.0536 0.0 
