1000 10 16.477 -90.532 -1.66 0.0161 0.0 
2000 21 31.996 -182.587 -2.944 0.0343 0.0 
3000 31 44.44 -311.832 -4.785 0.0443 0.0 
4000 41 54.663 -498.993 -7.388 0.0566 0.0 
5000 51 62.897 -638.403 -8.439 0.0684 0.0 
6000 60 70.843 -774.498 -9.651 0.0751 0.0 
7000 70 76.937 -916.555 -10.458 0.0817 0.0 
8000 80 80.082 -1056.197 -10.977 0.0868 0.0 
9000 90 83.546 -1202.2 -11.401 0.0902 0.0 
10000 101 85.681 -1347.779 -11.891 0.11 0.0 
11000 112 87.194 -1519.549 -12.787 0.1061 0.0 
12000 117 87.519 -1576.305 -12.662 0.1038 0.0 
13000 123 105.141 -1650.878 -12.462 0.1305 0.0 
14000 133 104.187 -1865.866 -14.043 0.1257 0.0 
15000 143 104.352 -2068.624 -15.421 0.125 0.0 
16000 153 103.678 -2192.649 -14.913 0.1184 0.0 
17000 163 102.583 -2266.616 -13.585 0.1931 0.0 
18000 173 100.924 -2386.806 -12.881 0.303 0.0 
19000 185 98.433 -2427.251 -11.147 0.4121 0.0 
20000 194 99.858 -2476.737 -10.165 0.5003 0.0 
21000 204 100.608 -2546.441 -9.585 0.581 0.0 
22000 215 98.712 -2619.123 -9.096 0.7628 0.0 
23000 226 97.494 -2718.281 -9.119 0.8582 0.0 
24000 236 97.137 -2810.128 -8.956 0.8874 0.0 
25000 246 97.824 -2921.471 -9.466 0.9105 0.0 
26000 256 98.274 -3001.412 -9.16 1.09 0.0 
27000 266 98.678 -3063.625 -8.639 1.1119 0.0 
28000 275 99.504 -3149.238 -8.677 1.1838 0.0 
29000 287 97.378 -3213.351 -8.036 1.213 0.0 
30000 297 96.867 -3312.774 -8.337 1.2462 0.0 
31000 307 97.227 -3378.788 -8.053 1.2152 0.0 
32000 317 97.852 -3420.491 -7.41 1.213 0.0 
33000 328 97.232 -3458.462 -6.569 1.2007 0.0 
34000 337 98.11 -3485.119 -5.968 1.1893 0.0 
35000 347 97.925 -3544.228 -5.888 1.1647 0.0 
36000 357 99.511 -3649.231 -6.865 1.1692 0.0 
37000 369 96.804 -3700.857 -6.29 1.1447 0.0 
38000 379 97.217 -3732.451 -5.702 1.2877 0.0 
39000 389 98.051 -3791.276 -5.727 1.2778 0.0 
40000 400 96.736 -3850.268 -5.66 1.2198 0.0 
41000 410 95.623 -3882.879 -5.136 1.1916 0.0 
42000 421 95.359 -3928.053 -5.042 1.1475 0.0 
43000 431 97.015 -4014.759 -5.736 1.1439 0.0 
44000 441 97.643 -4036.241 -5.031 1.1482 0.0 
45000 452 95.545 -4089.977 -4.893 1.1227 0.0 
46000 463 94.448 -4163.325 -5.288 1.1217 0.0 
47000 474 94.352 -4209.458 -5.175 1.135 0.0 
48000 484 94.231 -4234.734 -4.6 1.1322 0.0 
49000 495 93.638 -4302.589 -4.877 1.1058 0.0 
50000 505 95.015 -4376.214 -5.374 1.1082 0.0 
51000 515 94.916 -4405.629 -4.916 1.0884 0.0 
52000 527 93.433 -4461.516 -4.883 1.0765 0.0 
53000 538 93.185 -4494.299 -4.53 1.0927 0.0 
