10000 616 15.971 -1686.924 -2.853 0.0103 0.0 
20000 1223 16.697 -3294.738 -2.667 0.0108 0.0 
30000 1832 16.942 -4982.871 -2.925 0.011 0.0 
40000 2457 15.717 -6514.489 -2.492 0.0102 0.0 
50000 3078 15.958 -8086.786 -2.154 0.0103 0.0 
60000 3679 16.883 -9620.052 -2.569 0.0109 0.0 
70000 4304 16.391 -11167.008 -2.074 0.0106 0.0 
80000 4923 16.556 -12605.967 -2.46 0.0107 0.0 
90000 5532 16.634 -14021.867 -2.675 0.0107 0.0 
100000 6156 15.899 -15501.408 -2.448 0.0103 0.0 
110000 6790 18.1 -13578.544 7.61 0.0371 0.0 
120000 7279 20.826 -7845.133 12.989 0.0433 0.0 
130000 7734 20.477 -815.738 14.791 0.0428 0.0 
140000 8189 22.034 6310.322 15.459 0.0454 0.0 
150000 8631 22.343 12892.849 14.124 0.0462 0.0 
160000 9057 24.399 19695.197 17.405 0.0512 0.0 
170000 9375 36.626 27142.355 27.924 0.0753 0.0 
180000 9631 39.194 34775.663 30.66 0.0801 0.0 
190000 9827 56.84 42195.574 41.703 0.1182 0.0 
200000 9966 89.993 49298.512 59.517 0.1866 0.0 
210000 10070 107.283 55923.82 70.456 0.2214 0.0 
220000 10138 147.384 62029.159 88.308 0.3069 0.0 
230000 10193 168.479 68363.361 105.731 0.3493 0.0 
240000 10272 135.606 75565.476 97.592 0.2867 0.0 
250000 10340 151.933 83454.453 115.267 0.3186 0.0 
260000 10418 141.871 91584.172 111.691 0.2949 0.0 
270000 10500 132.318 99978.192 108.321 0.2753 0.0 
280000 10586 111.754 108353.387 95.471 0.2339 0.0 
290000 10688 112.188 117275.185 95.739 0.2361 0.0 
300000 10814 72.42 126608.107 69.295 0.1496 0.0 
310000 10991 62.194 136424.29 59.912 0.128 0.0 
320000 11071 115.617 144814.37 98.05 0.2393 0.0 
330000 11087 265.037 151396.869 190.417 0.5491 0.0 
340000 11104 358.12 158053.302 248.547 0.7406 0.0 
350000 11127 391.514 164299.046 259.589 0.8069 0.0 
360000 11137 495.306 170343.45 317.154 1.0224 0.0 
370000 11161 454.472 176862.966 295.418 0.9388 0.0 
380000 11181 476.157 183611.781 312.167 0.9835 0.0 
390000 11197 516.997 190755.422 349.865 1.0686 0.0 
400000 11209 594.135 197758.017 406.432 1.2225 0.0 
410000 11221 645.744 205247.583 453.925 1.3304 0.0 
420000 11232 679.294 213246.643 491.468 1.4007 0.0 
430000 11252 628.053 221425.272 471.341 1.2994 0.0 
440000 11273 571.077 229160.786 430.869 1.1819 0.0 
450000 11298 500.147 236377.222 373.439 1.0327 0.0 
460000 11322 468.391 244576.422 363.159 0.9635 0.0 
470000 11338 511.988 252898.702 406.821 1.0546 0.0 
480000 11357 518.058 261627.4 424.422 1.0644 0.0 
490000 11389 415.126 270858.595 355.923 0.8515 0.0 
500000 11420 378.172 280367.036 338.705 0.7737 0.0 
510000 11444 385.702 290732.308 365.461 0.7901 0.0 
520000 11458 475.51 300468.349 456.958 0.9769 0.0 
530000 11470 540.734 308341.313 493.18 1.1133 0.0 
540000 11482 606.749 316381.652 533.794 1.2468 0.0 
550000 11500 591.121 326950.483 547.297 1.2109 0.0 
560000 11517 590.423 338301.773 583.259 1.2073 0.0 
570000 11538 549.753 349538.683 563.499 1.1233 0.0 
580000 11551 599.366 361757.47 649.278 1.2257 0.0 
590000 11569 586.717 373463.021 650.797 1.1982 0.0 
600000 11586 586.063 386018.224 674.845 1.1941 0.0 
610000 11601 597.314 398442.632 703.558 1.2166 0.0 
620000 11614 639.442 410418.664 756.834 1.302 0.0 
630000 11631 627.17 423115.915 757.172 1.2773 0.0 
640000 11644 659.61 436591.599 820.156 1.347 0.0 
650000 11664 611.96 450086.408 779.447 1.2492 0.0 
660000 11682 585.1 463256.5 752.186 1.1923 0.0 
670000 11713 484.143 476733.631 634.87 0.9835 0.0 
680000 11730 516.235 490243.126 683.208 1.0498 0.0 
690000 11741 585.205 504000.026 780.303 1.1931 0.0 
700000 11759 578.786 515901.961 749.293 1.1846 0.0 
710000 11787 481.991 528169.406 610.739 0.984 0.0 
720000 11799 559.322 541734.491 725.027 1.1411 0.0 
730000 11810 626.581 556124.43 837.565 1.278 0.0 
740000 11820 694.889 570640.816 949.1 1.4172 0.0 
750000 11830 738.909 585703.352 1033.484 1.5095 0.0 
760000 11841 786.816 600101.564 1107.677 1.6069 0.0 
770000 11852 811.83 614771.895 1154.037 1.6579 0.0 
780000 11862 846.251 629962.343 1221.347 1.7276 0.0 
790000 11872 860.48 645012.815 1251.327 1.7559 0.0 
800000 11882 886.002 659984.436 1295.332 1.8079 0.0 
810000 11897 834.998 674380.005 1218.679 1.7065 0.0 
820000 11907 860.268 689288.82 1262.475 1.7579 0.0 
830000 11919 855.674 704231.444 1258.269 1.7474 0.0 
840000 11932 848.689 717397.914 1218.52 1.7338 0.0 
850000 11948 769.379 731044.878 1089.927 1.5743 0.0 
860000 12003 368.848 740195.56 462.454 0.7548 0.0 
870000 12019 433.988 753622.751 558.69 0.8894 0.0 
880000 12029 524.487 767949.594 699.468 1.0708 0.0 
890000 12040 602.278 780775.462 796.131 1.2307 0.0 
900000 12053 650.323 793838.533 855.775 1.3297 0.0 
910000 12065 691.389 807724.306 923.995 1.4132 0.0 
920000 12075 744.805 821279.062 997.613 1.5243 0.0 
930000 12085 782.707 834837.373 1052.754 1.6025 0.0 
940000 12095 822.456 849018.785 1114.199 1.6845 0.0 
950000 12105 854.934 862448.526 1156.154 1.7489 0.0 
960000 12124 767.497 876127.218 1044.638 1.5725 0.0 
970000 12138 747.168 890945.633 1036.111 1.526 0.0 
980000 12149 779.543 905649.372 1097.189 1.5927 0.0 
990000 12160 806.931 918205.337 1109.711 1.6493 0.0 
1000000 12171 828.18 932135.015 1139.834 1.6916 0.0 
1010000 12181 859.61 947261.204 1209.04 1.7562 0.0 
1020000 12193 848.527 960839.835 1185.645 1.7316 0.0 
1030000 12207 829.935 974565.91 1155.022 1.6916 0.0 
1040000 12217 861.004 989181.748 1210.846 1.7581 0.0 
1050000 12227 886.43 1005075.611 1280.352 1.8096 0.0 
1060000 12237 897.5 1020974.418 1320.399 1.8305 0.0 
1070000 12247 916.25 1037290.839 1376.958 1.8678 0.0 
1080000 12258 916.675 1052439.42 1385.413 1.8685 0.0 
1090000 12269 915.412 1065657.786 1347.248 1.8658 0.0 
1100000 12280 914.208 1081463.921 1364.404 1.8644 0.0 
1110000 12290 929.901 1097512.245 1410.51 1.893 0.0 
1120000 12301 926.826 1112663.97 1402.597 1.8876 0.0 
1130000 12311 940.212 1127300.947 1415.364 1.9167 0.0 
1140000 12321 951.149 1142272.954 1432.491 1.9394 0.0 
1150000 12331 960.085 1157325.698 1442.575 1.957 0.0 
1160000 12342 952.581 1171886.347 1423.049 1.943 0.0 
1170000 12352 961.255 1184399.489 1393.902 1.9606 0.0 
1180000 12363 950.551 1197650.765 1355.24 1.9369 0.0 
1190000 12376 910.167 1209800.97 1257.958 1.8561 0.0 
1200000 12387 909.004 1223314.652 1252.242 1.8549 0.0 
1210000 12397 925.65 1238801.498 1306.708 1.8885 0.0 
1220000 12410 892.577 1253959.882 1278.304 1.8196 0.0 
1230000 12425 829.865 1268395.309 1190.854 1.6921 0.0 
1240000 12437 834.609 1283350.023 1208.468 1.7017 0.0 
1250000 12450 811.218 1295589.152 1140.74 1.6587 0.0 
1260000 12465 768.039 1308432.161 1056.936 1.5707 0.0 
1270000 12476 798.442 1321972.306 1090.342 1.6349 0.0 
1280000 12487 820.406 1335931.699 1130.125 1.6794 0.0 
1290000 12497 846.904 1348605.735 1158.535 1.7341 0.0 
1300000 12509 854.848 1360244.013 1120.678 1.7525 0.0 
1310000 12520 865.039 1373786.67 1146.78 1.7745 0.0 
1320000 12530 884.808 1387839.349 1181.197 1.8128 0.0 
1330000 12541 893.092 1401235.667 1192.261 1.8321 0.0 
1340000 12551 912.649 1415873.464 1242.786 1.8741 0.0 
1350000 12561 928.628 1430736.363 1287.504 1.9026 0.0 
1360000 12572 923.17 1445442.595 1295.173 1.8911 0.0 
1370000 12584 908.525 1459892.524 1282.933 1.8602 0.0 
1380000 12595 909.457 1473693.92 1278.405 1.8623 0.0 
1390000 12605 913.614 1486678.008 1267.091 1.8687 0.0 
1400000 12615 929.416 1501048.832 1293.314 1.9036 0.0 
1410000 12626 928.935 1514415.563 1282.19 1.9034 0.0 
1420000 12640 878.684 1524270.233 1151.25 1.8032 0.0 
1430000 12650 900.876 1536995.795 1167.173 1.8489 0.0 
1440000 12660 917.978 1550637.278 1203.31 1.8831 0.0 
1450000 12673 889.753 1564804.871 1184.897 1.8244 0.0 
1460000 12683 900.706 1574103.103 1132.377 1.8466 0.0 
1470000 12699 833.135 1587000.918 1050.718 1.7126 0.0 
1480000 12709 856.379 1600119.102 1086.47 1.7583 0.0 
1490000 12719 882.651 1614326.287 1146.958 1.8079 0.0 
1500000 12729 904.117 1628153.295 1191.174 1.8486 0.0 
1510000 12741 894.928 1641317.16 1179.18 1.8278 0.0 
1520000 12751 899.446 1653105.11 1155.936 1.8418 0.0 
1530000 12762 911.627 1666308.651 1181.455 1.8689 0.0 
1540000 12773 914.453 1679147.046 1184.141 1.8748 0.0 
1550000 12783 920.584 1692885.743 1202.117 1.8881 0.0 
1560000 12796 894.606 1706932.098 1188.117 1.8346 0.0 
1570000 12809 853.943 1714293.114 1039.043 1.7567 0.0 
1580000 12826 791.158 1721098.187 860.922 1.6287 0.0 
1590000 12839 781.387 1728867.109 792.491 1.6115 0.0 
1600000 12854 752.798 1736964.672 732.053 1.5527 0.0 
1610000 12866 775.713 1747903.723 775.723 1.6008 0.0 
1620000 12889 633.827 1758395.462 640.138 1.3062 0.0 
1630000 12908 600.177 1769007.707 614.717 1.2378 0.0 
1640000 12928 572.353 1780250.925 603.84 1.1797 0.0 
1650000 12942 603.504 1792800.058 671.651 1.243 0.0 
1660000 12954 653.558 1806036.307 765.648 1.3429 0.0 
1670000 12966 685.984 1819589.948 841.599 1.4046 0.0 
1680000 12979 710.779 1833622.697 899.135 1.4583 0.0 
1690000 12993 706.806 1846993.204 906.045 1.4512 0.0 
1700000 13009 677.956 1859752.123 867.381 1.3896 0.0 
1710000 13023 681.471 1872460.604 869.154 1.396 0.0 
1720000 13039 673.311 1885792.651 869.052 1.3778 0.0 
1730000 13050 720.055 1899558.679 944.696 1.4737 0.0 
1740000 13062 731.963 1913269.862 970.655 1.498 0.0 
1750000 13078 695.609 1925871.648 911.625 1.4222 0.0 
1760000 13097 652.731 1936944.678 819.728 1.3342 0.0 
1770000 13109 692.536 1947987.517 843.121 1.4164 0.0 
1780000 13123 700.104 1958289.651 821.051 1.4344 0.0 
1790000 13135 732.036 1970943.733 876.394 1.4997 0.0 
1800000 13149 726.711 1984721.915 901.312 1.486 0.0 
1810000 13163 723.693 1997944.513 912.431 1.4807 0.0 
1820000 13177 714.073 2011258.903 912.081 1.4618 0.0 
1830000 13193 685.761 2023780.491 871.273 1.4034 0.0 
1840000 13209 675.677 2036317.439 855.837 1.3798 0.0 
1850000 13224 673.103 2048903.164 849.548 1.3779 0.0 
1860000 13241 643.706 2060710.761 796.432 1.32 0.0 
1870000 13257 645.465 2073900.773 814.539 1.324 0.0 
1880000 13271 658.492 2087534.834 848.437 1.3505 0.0 
1890000 13283 694.48 2101753.965 917.263 1.4216 0.0 
1900000 13294 741.627 2116170.991 1002.971 1.5168 0.0 
1910000 13305 771.932 2129640.994 1041.744 1.582 0.0 
1920000 13318 770.845 2142057.869 1021.791 1.579 0.0 
1930000 13331 778.418 2152617.543 983.634 1.5939 0.0 
1940000 13344 762.103 2163107.332 928.171 1.5579 0.0 
1950000 13358 760.132 2174215.159 904.011 1.5534 0.0 
1960000 13373 735.535 2186080.679 873.985 1.5054 0.0 
1970000 13387 732.414 2198727.399 884.885 1.5006 0.0 
1980000 13399 743.522 2209541.686 877.048 1.5262 0.0 
1990000 13410 779.01 2219567.34 886.863 1.5993 0.0 
2000000 13424 752.917 2232716.11 884.765 1.5436 0.0 
2010000 13439 742.448 2244793.121 879.851 1.5237 0.0 
2020000 13450 762.107 2258035.937 924.31 1.5648 0.0 
2030000 13460 805.624 2270926.781 992.94 1.6516 0.0 
2040000 13470 841.181 2281253.749 1002.932 1.7286 0.0 
2050000 13482 848.595 2294865.999 1042.608 1.7433 0.0 
2060000 13494 847.834 2306905.359 1038.062 1.7449 0.0 
2070000 13504 858.554 2319421.893 1058.391 1.7625 0.0 
2080000 13516 866.528 2331829.395 1067.26 1.7778 0.0 
2090000 13526 882.849 2344602.349 1093.707 1.809 0.0 
2100000 13537 892.336 2356614.821 1099.85 1.8302 0.0 
2110000 13550 865.798 2369432.49 1076.093 1.7717 0.0 
2120000 13560 880.068 2380946.905 1075.25 1.7992 0.0 
2130000 13571 887.071 2391775.946 1062.086 1.8159 0.0 
2140000 13582 896.853 2403957.995 1077.058 1.8322 0.0 
2150000 13594 887.834 2415715.098 1063.575 1.8141 0.0 
2160000 13606 872.097 2429516.991 1076.936 1.7795 0.0 
2170000 13619 845.666 2443947.294 1081.243 1.7267 0.0 
2180000 13630 861.598 2458878.18 1140.166 1.7588 0.0 
2190000 13640 886.916 2473301.688 1196.253 1.8083 0.0 
2200000 13652 877.526 2486331.927 1173.91 1.792 0.0 
2210000 13662 899.93 2500350.437 1215.867 1.84 0.0 
2220000 13673 900.775 2512816.972 1196.866 1.8415 0.0 
2230000 13683 914.127 2526832.093 1232.199 1.8683 0.0 
2240000 13694 909.337 2538171.839 1185.555 1.8619 0.0 
2250000 13709 851.749 2547888.609 1051.02 1.7481 0.0 
2260000 13720 852.856 2560921.187 1059.315 1.7501 0.0 
2270000 13732 849.983 2576440.309 1110.697 1.7427 0.0 
2280000 13743 855.957 2588342.376 1097.271 1.7579 0.0 
2290000 13755 857.692 2601379.795 1106.414 1.7574 0.0 
2300000 13772 768.208 2612770.736 970.071 1.5751 0.0 
2310000 13793 660.588 2624431.742 816.044 1.3529 0.0 
2320000 13806 685.168 2638506.212 878.02 1.405 0.0 
2330000 13816 738.791 2651603.605 946.647 1.5176 0.0 
2340000 13826 786.573 2664361.402 1008.682 1.617 0.0 
2350000 13838 795.282 2679169.989 1056.134 1.6324 0.0 
2360000 13851 784.7 2692499.013 1044.893 1.6123 0.0 
2370000 13866 765.505 2703590.91 978.175 1.5756 0.0 
2380000 13882 718.189 2712437.214 852.668 1.477 0.0 
2390000 13901 658.563 2720185.521 710.418 1.3581 0.0 
2400000 13920 620.635 2730003.34 652.401 1.2753 0.0 
2410000 13939 589.592 2740626.448 621.576 1.2156 0.0 
2420000 13962 523.097 2750231.382 541.035 1.0815 0.0 
2430000 13980 536.271 2760380.646 545.82 1.1088 0.0 
2440000 14000 510.385 2769724.097 505.436 1.0559 0.0 
2450000 14013 569.783 2780978.113 593.059 1.1757 0.0 
2460000 14028 599.41 2791867.673 632.639 1.2363 0.0 
2470000 14040 643.137 2804259.905 709.851 1.3232 0.0 
2480000 14056 643.238 2815857.367 722.024 1.3216 0.0 
2490000 14077 591.647 2826959.958 662.992 1.2133 0.0 
2500000 14093 591.891 2839067.114 671.354 1.2104 0.0 
2510000 14105 646.701 2853330.827 784.653 1.3203 0.0 
2520000 14116 706.49 2869411.083 937.118 1.4399 0.0 
2530000 14126 755.986 2885545.725 1052.606 1.5378 0.0 
2540000 14136 796.621 2902656.208 1161.619 1.6218 0.0 
2550000 14146 833.825 2920661.246 1277.877 1.6979 0.0 
2560000 14158 834.337 2937540.476 1310.272 1.6988 0.0 
2570000 14170 847.143 2953966.06 1344.101 1.7254 0.0 
2580000 14185 798.032 2968950.101 1248.487 1.627 0.0 
2590000 14196 816.574 2983899.648 1263.254 1.6679 0.0 
2600000 14209 808.137 2997122.219 1214.885 1.6518 0.0 
2610000 14221 819.338 3013380.901 1253.088 1.6739 0.0 
2620000 14232 823.099 3027635.615 1238.163 1.6872 0.0 
2630000 14249 759.553 3042567.278 1141.497 1.5549 0.0 
2640000 14260 780.261 3058197.389 1182.62 1.6002 0.0 
2650000 14272 797.386 3075046.276 1238.949 1.6332 0.0 
2660000 14286 778.115 3091047.448 1217.543 1.5919 0.0 
2670000 14300 764.915 3104245.024 1150.763 1.568 0.0 
2680000 14316 726.385 3118728.315 1083.373 1.4898 0.0 
2690000 14332 696.809 3135031.719 1065.785 1.4293 0.0 
2700000 14344 725.578 3149315.119 1088.358 1.4915 0.0 
2710000 14358 722.37 3162796.612 1057.0 1.4847 0.0 
2720000 14370 738.406 3176224.718 1057.574 1.5197 0.0 
2730000 14382 763.039 3191676.648 1116.201 1.5696 0.0 
2740000 14394 772.725 3205116.301 1106.399 1.5922 0.0 
2750000 14413 703.696 3215997.287 949.359 1.4519 0.0 
2760000 14428 687.837 3227935.056 894.456 1.4231 0.0 
2770000 14440 716.901 3243734.298 980.153 1.479 0.0 
2780000 14450 768.688 3257298.458 1064.906 1.5896 0.0 
2790000 14461 804.299 3272945.535 1142.683 1.6641 0.0 
2800000 14472 826.825 3288633.148 1197.206 1.7082 0.0 
2810000 14484 831.805 3303784.84 1216.647 1.7143 0.0 
2820000 14504 724.209 3319308.727 1073.818 1.4909 0.0 
2830000 14518 725.288 3331747.54 1029.409 1.4957 0.0 
2840000 14532 717.526 3347034.494 1036.897 1.4803 0.0 
2850000 14542 769.198 3363666.979 1156.53 1.5848 0.0 
2860000 14554 777.002 3374348.58 1094.714 1.605 0.0 
2870000 14564 817.794 3389778.455 1167.142 1.6901 0.0 
2880000 14574 844.562 3406640.494 1260.123 1.7452 0.0 
2890000 14584 872.996 3421304.252 1293.274 1.8042 0.0 
2900000 14596 868.569 3436798.378 1298.569 1.7926 0.0 
2910000 14610 836.768 3452761.857 1270.022 1.7233 0.0 
2920000 14621 844.603 3469181.785 1303.694 1.7397 0.0 
2930000 14633 850.27 3485011.117 1315.629 1.7519 0.0 
2940000 14643 877.659 3501611.899 1378.238 1.8079 0.0 
2950000 14653 898.014 3519514.026 1450.009 1.8485 0.0 
2960000 14664 901.275 3536968.159 1481.29 1.8516 0.0 
2970000 14676 889.511 3554419.925 1477.749 1.8225 0.0 
2980000 14686 909.722 3572373.711 1535.668 1.8642 0.0 
2990000 14696 926.236 3590570.475 1587.648 1.8999 0.0 
3000000 14708 897.319 3607834.366 1540.582 1.8421 0.0 
3010000 14718 916.102 3625598.581 1581.897 1.8824 0.0 
3020000 14729 909.355 3643689.958 1585.009 1.8703 0.0 
3030000 14741 898.981 3661702.25 1579.159 1.8482 0.0 
3040000 14752 903.67 3675979.407 1529.137 1.8612 0.0 
3050000 14762 921.292 3692140.23 1543.699 1.8971 0.0 
3060000 14773 915.753 3705318.318 1470.002 1.8888 0.0 
3070000 14784 918.681 3718965.475 1430.712 1.8953 0.0 
3080000 14794 933.557 3729797.174 1368.016 1.926 0.0 
3090000 14809 857.092 3743350.86 1242.362 1.7688 0.0 
3100000 14819 883.233 3754835.248 1217.823 1.8272 0.0 
3110000 14832 858.186 3768046.333 1177.102 1.7758 0.0 
3120000 14846 818.12 3783741.307 1152.521 1.6931 0.0 
3130000 14858 824.485 3800867.194 1218.512 1.7052 0.0 
3140000 14868 856.592 3818261.325 1314.312 1.7746 0.0 
3150000 14878 882.825 3836645.071 1409.761 1.829 0.0 
3160000 14888 904.259 3856190.6 1508.062 1.8682 0.0 
3170000 14898 921.773 3875747.231 1590.345 1.903 0.0 
3180000 14908 936.083 3895332.99 1657.255 1.9328 0.0 
3190000 14919 932.162 3915006.257 1686.689 1.9235 0.0 
3200000 14929 944.571 3935654.589 1755.965 1.9485 0.0 
3210000 14939 954.711 3956171.931 1808.743 1.9706 0.0 
3220000 14950 944.995 3976734.277 1822.038 1.9491 0.0 
3230000 14961 932.69 3996129.436 1799.297 1.9247 0.0 
3240000 14972 917.341 4015477.115 1770.13 1.8946 0.0 
3250000 14984 906.949 4034866.493 1751.688 1.8695 0.0 
3260000 14996 884.967 4052413.765 1676.483 1.8229 0.0 
3270000 15009 869.184 4070741.607 1637.534 1.7897 0.0 
3280000 15019 892.595 4089539.715 1681.062 1.8378 0.0 
3290000 15029 899.85 4108886.466 1702.217 1.8488 0.0 
3300000 15039 918.17 4128346.667 1744.235 1.8868 0.0 
3310000 15050 913.086 4147377.489 1740.77 1.8758 0.0 
3320000 15064 863.632 4163289.215 1605.744 1.7767 0.0 
3330000 15081 789.274 4177249.144 1382.555 1.6283 0.0 
3340000 15091 824.385 4192574.892 1398.93 1.7001 0.0 
3350000 15102 852.369 4209952.423 1454.855 1.7565 0.0 
3360000 15114 839.831 4224028.753 1376.397 1.7303 0.0 
3370000 15124 869.13 4241113.063 1436.768 1.7847 0.0 
3380000 15136 867.121 4257059.574 1424.224 1.7827 0.0 
3390000 15147 880.154 4273788.25 1451.496 1.8085 0.0 
3400000 15158 888.214 4291574.953 1491.637 1.8224 0.0 
3410000 15169 894.106 4306099.827 1455.131 1.8378 0.0 
3420000 15179 913.477 4315737.271 1369.814 1.8848 0.0 
3430000 15189 929.304 4333092.574 1437.069 1.9137 0.0 
3440000 15202 892.989 4348188.947 1375.877 1.8373 0.0 
3450000 15213 894.875 4362408.363 1358.72 1.8417 0.0 
3460000 15223 914.105 4379258.049 1414.962 1.8819 0.0 
3470000 15233 929.818 4398827.476 1514.506 1.9111 0.0 
3480000 15243 942.656 4416192.69 1555.889 1.94 0.0 
3490000 15253 953.146 4434553.394 1607.24 1.9584 0.0 
3500000 15263 961.717 4451837.022 1629.875 1.9782 0.0 
3510000 15273 968.72 4468185.619 1633.124 1.9911 0.0 
3520000 15284 959.969 4485216.066 1619.282 1.9737 0.0 
3530000 15294 957.787 4501882.078 1612.938 1.9652 0.0 
3540000 15304 965.509 4519056.553 1629.83 1.979 0.0 
3550000 15314 971.818 4536620.188 1653.901 1.991 0.0 
3560000 15324 976.974 4553959.351 1667.774 1.9988 0.0 
3570000 15334 981.186 4572692.098 1705.046 2.0054 0.0 
3580000 15344 984.627 4591481.985 1737.803 2.0084 0.0 
3590000 15355 971.187 4609635.049 1722.387 1.9835 0.0 
3600000 15366 952.347 4626161.103 1681.227 1.9452 0.0 
3610000 15376 961.064 4641617.94 1641.197 1.968 0.0 
3620000 15386 968.187 4658884.772 1670.893 1.9869 0.0 
3630000 15396 974.006 4676321.236 1669.005 1.9987 0.0 
3640000 15407 971.887 4694224.015 1681.636 1.9925 0.0 
3650000 15417 977.03 4712477.727 1707.898 2.0069 0.0 
3660000 15427 981.231 4731417.523 1742.985 2.0178 0.0 
3670000 15437 984.665 4748431.406 1736.286 2.0275 0.0 
3680000 15448 969.493 4765740.751 1700.002 1.997 0.0 
3690000 15458 975.073 4782349.184 1693.566 2.0108 0.0 
3700000 15468 979.633 4799093.699 1693.003 2.021 0.0 
3710000 15479 960.495 4816661.262 1664.317 1.9825 0.0 
3720000 15489 963.19 4833406.544 1657.53 1.9853 0.0 
3730000 15499 969.923 4850238.03 1660.251 2.0008 0.0 
3740000 15511 932.139 4866459.432 1577.576 1.9212 0.0 
3750000 15522 937.721 4882090.173 1568.141 1.9354 0.0 
3760000 15532 938.875 4896465.022 1519.181 1.941 0.0 
3770000 15545 910.573 4909460.752 1425.427 1.8847 0.0 
3780000 15557 889.141 4924770.049 1379.666 1.8431 0.0 
3790000 15570 856.283 4943945.14 1388.96 1.7723 0.0 
3800000 15583 834.485 4958352.613 1323.495 1.7265 0.0 
3810000 15598 802.798 4974287.281 1277.771 1.6589 0.0 
3820000 15608 828.538 4990239.052 1317.507 1.7144 0.0 
3830000 15620 836.69 5002382.801 1263.458 1.7392 0.0 
3840000 15638 753.136 5017410.476 1138.912 1.565 0.0 
3850000 15654 711.793 5030948.439 1049.563 1.4778 0.0 
3860000 15666 746.51 5048106.388 1147.024 1.5507 0.0 
3870000 15677 775.693 5064919.218 1215.88 1.6085 0.0 
3880000 15688 803.19 5080874.488 1265.331 1.6659 0.0 
3890000 15698 825.638 5093704.008 1259.962 1.7175 0.0 
3900000 15708 857.534 5107836.59 1270.906 1.7867 0.0 
3910000 15718 883.595 5124602.311 1343.233 1.838 0.0 
3920000 15729 893.251 5139769.431 1358.487 1.8556 0.0 
3930000 15742 874.803 5153206.255 1299.563 1.8154 0.0 
3940000 15754 861.963 5169836.502 1312.289 1.7851 0.0 
3950000 15765 858.621 5187300.221 1343.183 1.7728 0.0 
3960000 15775 884.483 5204095.466 1405.58 1.8262 0.0 
3970000 15786 903.427 5221877.431 1471.755 1.8625 0.0 
3980000 15796 921.093 5240466.265 1542.93 1.9001 0.0 
3990000 15807 919.281 5256664.027 1527.68 1.898 0.0 
4000000 15818 917.398 5275388.774 1563.363 1.8927 0.0 
4010000 15828 917.358 5290775.218 1528.981 1.8956 0.0 
4020000 15840 897.575 5303771.778 1434.207 1.8588 0.0 
4030000 15853 866.835 5319418.098 1380.669 1.7938 0.0 
4040000 15863 891.194 5333688.875 1385.904 1.8463 0.0 
4050000 15873 911.098 5348281.213 1402.452 1.8903 0.0 
4060000 15885 900.827 5363924.48 1394.842 1.8639 0.0 
4070000 15898 875.572 5381100.256 1386.311 1.8119 0.0 
4080000 15908 896.353 5398862.318 1453.053 1.8518 0.0 
4090000 15919 903.548 5417104.423 1502.264 1.8667 0.0 
4100000 15929 921.191 5435380.201 1562.32 1.9012 0.0 
4110000 15940 921.582 5453773.315 1589.199 1.9007 0.0 
4120000 15950 935.927 5472279.293 1637.432 1.932 0.0 
4130000 15960 929.674 5490766.854 1641.824 1.917 0.0 
4140000 15970 942.147 5509011.614 1675.658 1.9444 0.0 
4150000 15981 934.526 5527540.794 1673.328 1.9309 0.0 
4160000 15991 946.503 5545261.774 1693.201 1.9545 0.0 
4170000 16002 939.569 5562587.505 1669.327 1.9404 0.0 
4180000 16015 901.801 5580372.848 1602.101 1.865 0.0 
4190000 16025 919.764 5598233.728 1636.695 1.8996 0.0 
4200000 16035 934.442 5615707.583 1656.682 1.9318 0.0 
4210000 16045 941.394 5633886.744 1676.538 1.9489 0.0 
4220000 16055 952.115 5651898.789 1700.427 1.9695 0.0 
4230000 16065 960.874 5669556.935 1710.965 1.9846 0.0 
4240000 16075 968.031 5686971.051 1719.842 2.0012 0.0 
4250000 16085 973.879 5704355.903 1719.172 2.0152 0.0 
4260000 16095 978.657 5722966.763 1746.409 2.0246 0.0 
4270000 16106 972.918 5739763.898 1715.518 2.0116 0.0 
4280000 16116 977.872 5755632.761 1696.303 2.0209 0.0 
4290000 16126 975.285 5769586.297 1630.448 2.0201 0.0 
4300000 16139 935.774 5785899.687 1554.514 1.9437 0.0 
4310000 16151 910.939 5797793.174 1430.727 1.901 0.0 
4320000 16163 897.75 5809298.018 1340.284 1.8764 0.0 
4330000 16175 877.585 5824669.993 1311.434 1.8326 0.0 
4340000 16195 768.887 5838579.332 1132.438 1.6053 0.0 
4350000 16205 802.938 5856511.191 1238.575 1.6762 0.0 
4360000 16216 830.769 5874428.974 1328.096 1.7323 0.0 
4370000 16230 797.808 5892335.665 1307.836 1.66 0.0 
4380000 16241 806.771 5908578.895 1316.869 1.6783 0.0 
4390000 16252 833.469 5923493.609 1333.975 1.733 0.0 
4400000 16262 863.932 5940960.893 1410.079 1.7956 0.0 
4410000 16272 888.823 5960257.001 1507.665 1.8455 0.0 
4420000 16282 909.16 5977871.6 1553.906 1.8865 0.0 
4430000 16293 913.837 5990608.976 1482.236 1.8972 0.0 
4440000 16304 907.149 6001687.443 1380.465 1.8873 0.0 
4450000 16316 896.409 6014711.184 1324.406 1.8664 0.0 
4460000 16328 872.07 6029656.912 1289.724 1.8112 0.0 
4470000 16341 853.317 6043390.887 1245.571 1.774 0.0 
4480000 16354 840.583 6054951.749 1173.469 1.7516 0.0 
4490000 16368 801.229 6070147.009 1135.268 1.6669 0.0 
4500000 16381 799.931 6080892.418 1077.138 1.6686 0.0 
4510000 16392 806.928 6094569.4 1081.919 1.6865 0.0 
4520000 16403 831.718 6110721.09 1168.706 1.7344 0.0 
4530000 16415 834.428 6127183.359 1222.768 1.7358 0.0 
4540000 16426 842.14 6144076.689 1265.251 1.751 0.0 
4550000 16437 869.28 6162568.218 1373.378 1.805 0.0 
4560000 16447 883.528 6181050.458 1441.922 1.8302 0.0 
4570000 16458 895.065 6199103.44 1492.742 1.8514 0.0 
4580000 16469 896.425 6217104.92 1519.234 1.8519 0.0 
4590000 16480 888.207 6235185.663 1522.576 1.832 0.0 
4600000 16492 886.533 6254178.711 1557.201 1.8275 0.0 
4610000 16502 902.887 6272499.565 1599.192 1.8612 0.0 
4620000 16513 902.946 6290533.479 1604.99 1.8587 0.0 
4630000 16529 826.589 6308478.665 1471.24 1.7014 0.0 
4640000 16541 829.85 6327839.493 1504.841 1.7063 0.0 
4650000 16551 857.273 6346920.558 1571.612 1.7653 0.0 
4660000 16562 874.719 6366586.238 1629.021 1.8025 0.0 
4670000 16573 887.655 6387105.859 1688.559 1.8267 0.0 
4680000 16583 908.206 6407306.627 1749.113 1.8687 0.0 
4690000 16593 924.998 6427317.26 1795.523 1.9052 0.0 
4700000 16603 933.57 6446770.366 1810.812 1.9242 0.0 
4710000 16614 934.352 6467137.358 1830.885 1.9246 0.0 
4720000 16624 933.972 6483979.523 1773.718 1.9289 0.0 
4730000 16636 920.554 6502124.546 1736.968 1.8983 0.0 
4740000 16650 868.722 6517363.423 1575.933 1.7941 0.0 
4750000 16661 872.461 6536950.299 1607.368 1.7976 0.0 
4760000 16692 618.456 6552862.229 1118.877 1.2745 0.0 
4770000 16702 688.251 6568779.766 1189.509 1.4206 0.0 
4780000 16712 745.278 6584154.304 1255.629 1.5423 0.0 
4790000 16725 754.136 6602241.901 1288.323 1.5603 0.0 
4800000 16736 794.458 6617013.977 1318.7 1.6454 0.0 
4810000 16748 800.122 6635043.604 1352.87 1.6573 0.0 
4820000 16760 808.906 6652953.074 1385.934 1.6716 0.0 
4830000 16770 843.437 6669864.62 1442.298 1.7415 0.0 
4840000 16783 817.828 6685317.368 1374.821 1.6927 0.0 
4850000 16794 841.482 6702807.275 1418.193 1.7401 0.0 
4860000 16806 835.243 6722011.833 1447.98 1.7278 0.0 
4870000 16818 847.736 6739533.401 1478.951 1.7493 0.0 
4880000 16829 859.888 6758074.0 1516.876 1.771 0.0 
4890000 16842 831.423 6774752.163 1442.703 1.7127 0.0 
4900000 16852 859.948 6793006.875 1507.395 1.7772 0.0 
4910000 16864 855.77 6812587.391 1537.991 1.7673 0.0 
4920000 16875 869.186 6832152.954 1592.587 1.7937 0.0 
4930000 16888 856.387 6848996.018 1544.443 1.7693 0.0 
4940000 16899 859.481 6868811.097 1579.869 1.7731 0.0 
4950000 16909 881.666 6888527.635 1642.721 1.8201 0.0 
4960000 16920 880.085 6907638.178 1646.239 1.8168 0.0 
4970000 16930 902.02 6928168.793 1719.839 1.8585 0.0 
4980000 16940 919.944 6948924.981 1786.348 1.8982 0.0 
4990000 16950 934.588 6967903.52 1833.504 1.9299 0.0 
5000000 16963 912.567 6987479.276 1768.504 1.8857 0.0 
5010000 16973 928.56 7007238.244 1806.051 1.9192 0.0 
5020000 16983 934.669 7026379.051 1815.126 1.9311 0.0 
5030000 16993 946.619 7045970.763 1838.2 1.9576 0.0 
5040000 17004 937.723 7065075.154 1815.061 1.9364 0.0 
5050000 17014 949.115 7084845.256 1844.156 1.9598 0.0 
5060000 17026 924.587 7103982.302 1792.742 1.9105 0.0 
5070000 17039 885.397 7121657.329 1687.379 1.8304 0.0 
5080000 17050 896.719 7139167.613 1679.002 1.8534 0.0 
5090000 17061 894.728 7157081.631 1662.801 1.8484 0.0 
5100000 17072 901.195 7174621.9 1654.67 1.8594 0.0 
5110000 17084 885.307 7192348.746 1613.879 1.8252 0.0 
5120000 17097 853.495 7210588.752 1555.124 1.7596 0.0 
5130000 17108 866.228 7228562.014 1573.682 1.7863 0.0 
5140000 17120 860.863 7246121.195 1554.254 1.7754 0.0 
5150000 17130 870.702 7263699.52 1560.94 1.7977 0.0 
5160000 17141 881.803 7281406.974 1578.979 1.8183 0.0 
5170000 17154 853.766 7297613.738 1498.412 1.761 0.0 
5180000 17167 836.31 7312255.876 1417.037 1.7259 0.0 
5190000 17182 793.9 7327804.37 1322.724 1.6364 0.0 
5200000 17195 784.672 7344182.644 1295.117 1.6239 0.0 
5210000 17207 804.296 7360125.041 1322.277 1.6669 0.0 
5220000 17219 811.395 7374618.022 1298.723 1.6824 0.0 
5230000 17237 722.857 7385568.554 1064.018 1.5028 0.0 
5240000 17249 749.441 7400986.35 1121.384 1.5575 0.0 
5250000 17259 795.275 7418694.596 1239.432 1.6499 0.0 
5260000 17270 818.37 7436169.066 1310.593 1.6965 0.0 
5270000 17281 837.112 7453455.243 1363.238 1.7327 0.0 
5280000 17293 842.444 7469686.117 1372.016 1.7447 0.0 
5290000 17304 847.521 7485672.847 1372.294 1.7517 0.0 
5300000 17315 857.079 7499715.961 1349.517 1.7716 0.0 
5310000 17326 873.249 7513966.405 1345.325 1.8037 0.0 
5320000 17336 887.293 7528277.127 1342.237 1.8366 0.0 
5330000 17346 906.89 7543016.214 1364.811 1.8791 0.0 
5340000 17356 923.922 7559756.25 1429.401 1.9132 0.0 
5350000 17366 937.839 7576781.348 1470.113 1.9421 0.0 
5360000 17377 943.778 7591347.163 1468.574 1.9534 0.0 
5370000 17387 950.115 7600725.574 1359.098 1.9734 0.0 
5380000 17400 904.657 7616549.987 1324.591 1.8791 0.0 
5390000 17411 918.195 7634765.226 1409.897 1.9049 0.0 
5400000 17421 923.43 7650134.559 1416.065 1.9159 0.0 
5410000 17432 917.533 7665691.112 1408.233 1.9026 0.0 
5420000 17443 916.592 7680081.433 1398.798 1.9028 0.0 
5430000 17454 923.637 7691745.675 1340.697 1.9221 0.0 
5440000 17464 922.688 7704997.741 1312.467 1.9228 0.0 
5450000 17476 911.121 7715760.153 1237.942 1.9074 0.0 
5460000 17488 884.549 7729919.296 1203.604 1.8488 0.0 
5470000 17500 874.585 7741818.183 1157.422 1.8279 0.0 
5480000 17513 863.606 7755385.463 1159.378 1.8025 0.0 
5490000 17525 849.33 7768217.515 1125.689 1.7713 0.0 
5500000 17542 774.964 7780693.971 1016.532 1.6176 0.0 
5510000 17555 770.305 7795274.083 1036.261 1.6039 0.0 
5520000 17568 767.714 7808700.835 1030.888 1.5968 0.0 
5530000 17583 741.051 7825721.182 1054.931 1.5381 0.0 
5540000 17593 777.955 7842948.927 1157.23 1.6143 0.0 
5550000 17606 783.449 7858317.797 1181.859 1.6238 0.0 
5560000 17617 815.794 7871894.921 1201.856 1.6947 0.0 
5570000 17629 808.333 7885128.738 1163.282 1.6804 0.0 
5580000 17643 790.935 7901437.751 1173.324 1.6448 0.0 
5590000 17654 815.145 7917426.581 1231.063 1.6925 0.0 
5600000 17668 793.182 7933829.917 1221.077 1.6476 0.0 
5610000 17679 813.489 7951463.782 1291.696 1.6868 0.0 
5620000 17690 834.014 7970028.813 1374.828 1.7266 0.0 
5630000 17703 823.373 7987159.132 1368.332 1.7047 0.0 
5640000 17713 855.683 8004063.387 1426.591 1.7692 0.0 
5650000 17728 787.428 8019593.946 1305.184 1.6265 0.0 
5660000 17738 826.313 8036057.87 1363.55 1.7097 0.0 
5670000 17748 858.085 8053535.346 1425.525 1.7755 0.0 
5680000 17758 884.045 8070707.422 1478.059 1.8272 0.0 
5690000 17768 905.257 8088821.509 1538.072 1.8718 0.0 
5700000 17778 922.588 8107049.466 1591.833 1.905 0.0 
5710000 17789 925.04 8125694.188 1619.854 1.9119 0.0 
5720000 17800 930.697 8144702.14 1659.948 1.9291 0.0 
5730000 17810 938.48 8163449.771 1690.051 1.9456 0.0 
5740000 17820 942.213 8182087.364 1705.199 1.9539 0.0 
5750000 17831 937.228 8199701.088 1688.081 1.9434 0.0 
5760000 17842 941.897 8216970.222 1682.871 1.9495 0.0 
5770000 17852 952.526 8234453.233 1693.909 1.9734 0.0 
5780000 17862 956.99 8252001.165 1698.062 1.9843 0.0 
5790000 17876 899.216 8268334.547 1568.462 1.867 0.0 
5800000 17887 893.997 8287102.935 1581.178 1.8554 0.0 
5810000 17899 876.683 8305475.974 1560.832 1.8222 0.0 
5820000 17910 885.449 8324297.976 1596.993 1.8395 0.0 
5830000 17920 900.264 8342277.531 1622.4 1.8684 0.0 
5840000 17935 846.14 8361221.63 1541.873 1.7563 0.0 
5850000 17947 850.337 8380261.014 1565.414 1.763 0.0 
5860000 17957 877.715 8399432.334 1629.565 1.8194 0.0 
5870000 17971 829.194 8417822.992 1536.449 1.7147 0.0 
5880000 17982 851.203 8436372.982 1577.929 1.7631 0.0 
5890000 17992 877.288 8454846.089 1626.422 1.8208 0.0 
5900000 18003 872.095 8472873.55 1609.136 1.8119 0.0 
5910000 18014 890.171 8489098.714 1598.967 1.8496 0.0 
5920000 18026 881.552 8505960.263 1562.096 1.8327 0.0 
5930000 18036 899.206 8523985.77 1599.212 1.8706 0.0 
5940000 18046 917.644 8541922.357 1635.297 1.909 0.0 
5950000 18056 932.709 8560759.303 1680.7 1.9377 0.0 
5960000 18066 937.031 8578647.325 1684.725 1.9442 0.0 
5970000 18080 878.208 8596091.073 1569.48 1.8184 0.0 
5980000 18091 897.609 8614061.517 1607.026 1.8606 0.0 
5990000 18102 893.242 8631826.87 1596.236 1.8484 0.0 
6000000 18117 834.438 8648341.961 1466.195 1.7309 0.0 
6010000 18127 863.422 8665904.406 1518.147 1.7897 0.0 
6020000 18138 873.135 8684095.393 1547.044 1.8092 0.0 
6030000 18150 853.298 8701226.008 1497.149 1.7687 0.0 
6040000 18166 790.735 8716174.507 1345.382 1.6415 0.0 
6050000 18179 782.098 8731875.854 1314.966 1.6267 0.0 
6060000 18193 775.81 8747377.535 1274.601 1.6111 0.0 
6070000 18205 784.459 8761897.159 1254.79 1.6311 0.0 
6080000 18217 801.294 8778706.456 1298.459 1.6672 0.0 
6090000 18232 766.319 8794539.987 1237.601 1.5949 0.0 
6100000 18243 797.223 8807021.552 1219.674 1.6623 0.0 
6110000 18259 749.412 8823259.75 1162.372 1.5601 0.0 
6120000 18272 752.57 8840326.645 1193.817 1.5654 0.0 
6130000 18292 675.292 8855935.782 1068.855 1.4032 0.0 
6140000 18307 668.144 8871619.784 1049.655 1.387 0.0 
6150000 18319 708.675 8887578.673 1123.128 1.4736 0.0 
6160000 18331 729.557 8904896.709 1182.94 1.515 0.0 
6170000 18343 757.302 8922848.194 1258.218 1.5698 0.0 
6180000 18354 780.807 8940517.495 1315.225 1.6206 0.0 
6190000 18366 788.269 8957446.074 1331.164 1.6359 0.0 
6200000 18378 811.68 8973429.705 1356.397 1.685 0.0 
6210000 18393 765.58 8986760.245 1234.027 1.5874 0.0 
6220000 18414 671.413 8997914.301 991.56 1.396 0.0 
6230000 18428 682.215 9011296.935 983.361 1.4156 0.0 
6240000 18443 670.959 9021056.882 892.517 1.4004 0.0 
6250000 18456 691.653 9036530.001 950.754 1.4408 0.0 
6260000 18469 710.06 9049776.635 984.398 1.4785 0.0 
6270000 18480 751.023 9062712.81 1011.234 1.5664 0.0 
6280000 18492 777.739 9074409.952 1019.502 1.6252 0.0 
6290000 18505 779.64 9086853.352 1008.176 1.6337 0.0 
6300000 18518 770.94 9095997.219 932.431 1.6199 0.0 
6310000 18539 665.156 9105590.788 768.22 1.4002 0.0 
6320000 18553 689.087 9113534.62 726.554 1.4517 0.0 
6330000 18565 707.731 9123502.016 743.637 1.4894 0.0 
6340000 18582 683.237 9134164.784 714.706 1.4383 0.0 
6350000 18606 569.593 9144727.328 603.814 1.1979 0.0 
6360000 18626 549.183 9159625.627 644.258 1.1506 0.0 
6370000 18640 586.114 9175999.86 766.597 1.2267 0.0 
6380000 18654 614.374 9190847.373 844.94 1.2822 0.0 
6390000 18671 621.049 9207012.392 892.163 1.2933 0.0 
6400000 18695 535.188 9221917.675 772.476 1.1117 0.0 
6410000 18709 580.749 9235908.781 829.909 1.208 0.0 
6420000 18719 657.441 9249201.94 922.475 1.3717 0.0 
6430000 18730 703.726 9264774.408 1010.553 1.4643 0.0 
6440000 18741 755.171 9277559.0 1058.573 1.5732 0.0 
6450000 18753 759.455 9292090.675 1070.878 1.5836 0.0 
6460000 18764 799.379 9306939.996 1143.989 1.6637 0.0 
6470000 18780 742.447 9323071.908 1089.354 1.5436 0.0 
6480000 18795 722.425 9339374.228 1087.881 1.5002 0.0 
6490000 18808 743.37 9355454.695 1141.159 1.5413 0.0 
6500000 18823 708.41 9370373.257 1081.136 1.4684 0.0 
6510000 18839 692.854 9386169.452 1064.857 1.4376 0.0 
6520000 18851 713.144 9401526.156 1094.923 1.4788 0.0 
6530000 18863 750.315 9416680.625 1150.517 1.5531 0.0 
6540000 18877 738.944 9429896.399 1093.891 1.5271 0.0 
6550000 18891 732.739 9443323.364 1062.109 1.5167 0.0 
6560000 18905 720.161 9456562.022 1027.608 1.4904 0.0 
6570000 18918 735.23 9468207.682 999.475 1.5218 0.0 
6580000 18933 713.863 9481065.193 954.419 1.4793 0.0 
6590000 18954 622.512 9493949.618 823.482 1.2919 0.0 
6600000 18971 611.916 9508728.097 832.392 1.271 0.0 
6610000 18986 634.077 9522865.51 874.408 1.3164 0.0 
6620000 19002 633.621 9537888.269 896.904 1.3174 0.0 
6630000 19014 675.878 9553793.002 988.123 1.4015 0.0 
6640000 19027 689.589 9569227.729 1027.386 1.4282 0.0 
6650000 19039 709.684 9582553.679 1019.139 1.4699 0.0 
6660000 19072 516.352 9597544.986 753.007 1.0684 0.0 
6670000 19101 438.767 9613080.353 654.817 0.9119 0.0 
6680000 19127 420.807 9629295.93 649.098 0.8741 0.0 
6690000 19142 480.854 9645026.017 747.721 0.9995 0.0 
6700000 19156 523.33 9661454.623 826.264 1.0904 0.0 
6710000 19181 477.357 9676053.334 735.281 0.9928 0.0 
6720000 19200 496.61 9691617.126 768.001 1.0301 0.0 
6730000 19216 519.304 9708659.401 828.942 1.0716 0.0 
6740000 19234 539.957 9724914.179 868.756 1.1164 0.0 
6750000 19248 571.383 9741312.851 918.586 1.1832 0.0 
6760000 19261 629.374 9760482.133 1071.562 1.3056 0.0 
6770000 19273 667.147 9779325.432 1168.254 1.3848 0.0 
6780000 19289 660.097 9796094.959 1143.764 1.3701 0.0 
6790000 19301 699.588 9809759.716 1144.785 1.4553 0.0 
6800000 19316 691.347 9823037.006 1079.75 1.4442 0.0 
6810000 19333 662.584 9839735.218 1052.469 1.3835 0.0 
6820000 19349 646.292 9858075.348 1075.453 1.3441 0.0 
6830000 19364 660.046 9875592.543 1110.369 1.3701 0.0 
6840000 19376 689.329 9893699.972 1183.503 1.4286 0.0 
6850000 19390 688.89 9912129.286 1198.696 1.4285 0.0 
6860000 19409 641.727 9930554.093 1135.313 1.3305 0.0 
6870000 19420 688.356 9949161.444 1238.272 1.4266 0.0 
6880000 19434 700.654 9967603.698 1265.14 1.4544 0.0 
6890000 19445 747.904 9985388.233 1346.337 1.5535 0.0 
6900000 19457 751.753 10002885.342 1344.011 1.56 0.0 
6910000 19471 756.944 10020729.474 1353.433 1.5705 0.0 
6920000 19483 765.527 10038776.877 1370.783 1.5888 0.0 
6930000 19496 768.359 10056160.777 1368.444 1.5958 0.0 
6940000 19510 752.806 10074268.003 1345.741 1.5631 0.0 
6950000 19522 777.626 10091497.912 1376.504 1.6133 0.0 
6960000 19538 735.062 10108211.755 1286.501 1.5238 0.0 
6970000 19549 770.002 10127142.743 1372.703 1.5923 0.0 
6980000 19561 784.434 10146863.581 1430.996 1.6218 0.0 
6990000 19575 756.959 10166037.367 1392.985 1.5667 0.0 
7000000 19588 764.353 10185687.296 1433.218 1.5839 0.0 
7010000 19599 789.406 10204185.625 1475.5 1.6397 0.0 
7020000 19609 827.516 10224365.187 1571.806 1.7147 0.0 
7030000 19621 835.277 10243260.525 1587.788 1.7309 0.0 
7040000 19633 826.65 10262443.915 1577.159 1.715 0.0 
7050000 19645 830.897 10280744.154 1569.41 1.7274 0.0 
7060000 19657 834.983 10298429.456 1554.716 1.7402 0.0 
7070000 19667 865.169 10317719.448 1623.575 1.8007 0.0 
7080000 19679 855.866 10336979.884 1613.34 1.7814 0.0 
7090000 19691 852.407 10357710.601 1641.831 1.7734 0.0 
7100000 19703 852.88 10378269.655 1666.335 1.7722 0.0 
7110000 19715 837.784 10399045.873 1655.918 1.7394 0.0 
7120000 19726 865.418 10419807.108 1730.785 1.797 0.0 
7130000 19740 826.349 10440006.521 1657.702 1.7156 0.0 
7140000 19751 838.931 10461219.717 1702.955 1.7388 0.0 
7150000 19762 855.433 10480546.569 1718.629 1.7715 0.0 
7160000 19778 793.097 10499677.86 1579.714 1.6452 0.0 
7170000 19789 820.61 10517782.042 1600.824 1.7038 0.0 
7180000 19800 833.423 10537715.53 1638.419 1.7323 0.0 
7190000 19812 835.971 10554379.975 1585.324 1.7427 0.0 
7200000 19824 837.645 10573490.079 1590.646 1.7463 0.0 
7210000 19837 813.322 10594166.555 1571.863 1.6939 0.0 
7220000 19852 781.09 10612998.288 1502.076 1.6283 0.0 
7230000 19863 797.623 10630210.81 1499.415 1.6669 0.0 
7240000 19873 830.32 10648032.639 1542.086 1.7367 0.0 
7250000 19884 844.097 10666126.536 1558.696 1.7656 0.0 
7260000 19896 855.307 10679936.985 1495.729 1.7927 0.0 
7270000 19908 843.142 10690068.124 1349.919 1.7669 0.0 
7280000 19919 858.041 10698842.482 1236.832 1.8013 0.0 
7290000 19933 816.485 10706595.524 1073.54 1.7168 0.0 
7300000 19961 623.258 10715993.704 755.737 1.3135 0.0 
7310000 19980 601.409 10732410.594 801.947 1.2637 0.0 
7320000 19996 601.723 10751252.975 893.293 1.2624 0.0 
7330000 20011 612.914 10770381.122 982.249 1.2842 0.0 
7340000 20026 630.539 10790194.133 1079.039 1.3186 0.0 
7350000 20046 585.267 10808669.642 1023.698 1.2232 0.0 
7360000 20074 491.641 10824012.879 824.358 1.0284 0.0 
7370000 20093 505.431 10835182.356 744.33 1.0603 0.0 
7380000 20111 511.981 10850302.496 779.567 1.0774 0.0 
7390000 20126 557.647 10863456.34 790.87 1.1758 0.0 
7400000 20138 617.823 10881349.053 945.241 1.3009 0.0 
7410000 20151 663.486 10897270.259 1033.217 1.3936 0.0 
7420000 20163 696.855 10910688.599 1048.145 1.4608 0.0 
7430000 20177 699.174 10923014.689 999.56 1.467 0.0 
7440000 20192 698.467 10935386.846 967.317 1.4684 0.0 
7450000 20207 688.624 10945806.048 898.581 1.4477 0.0 
7460000 20225 646.151 10955248.753 768.356 1.3615 0.0 
7470000 20260 467.381 10974610.521 666.242 0.9806 0.0 
7480000 20277 499.464 10995139.494 816.874 1.0418 0.0 
7490000 20295 509.13 11012278.877 842.212 1.063 0.0 
7500000 20308 563.218 11023011.938 835.728 1.1808 0.0 
7510000 20326 568.621 11038598.19 846.001 1.1884 0.0 
7520000 20341 604.798 11057884.077 985.866 1.263 0.0 
7530000 20355 632.86 11079319.242 1122.271 1.3184 0.0 
7540000 20369 647.085 11100131.588 1199.094 1.3474 0.0 
7550000 20380 699.522 11121744.119 1352.607 1.4575 0.0 
7560000 20390 751.173 11142409.885 1474.217 1.571 0.0 
7570000 20406 721.087 11162097.098 1420.9 1.5075 0.0 
7580000 20419 732.738 11182642.355 1457.446 1.5308 0.0 
7590000 20435 687.115 11202235.089 1358.753 1.4344 0.0 
7600000 20450 680.842 11221901.19 1344.503 1.4194 0.0 
7610000 20462 717.322 11241660.527 1418.014 1.4907 0.0 
7620000 20478 694.878 11261135.682 1377.233 1.4413 0.0 
7630000 20489 729.789 11279600.961 1413.892 1.5135 0.0 
7640000 20500 766.525 11299122.228 1485.377 1.5909 0.0 
7650000 20510 809.234 11319862.574 1594.633 1.6796 0.0 
7660000 20520 844.13 11339497.981 1677.162 1.7518 0.0 
7670000 20534 823.091 11359413.409 1626.211 1.7121 0.0 
7680000 20544 855.452 11380199.393 1708.755 1.7783 0.0 
7690000 20555 863.409 11400656.999 1734.491 1.7974 0.0 
7700000 20565 888.396 11420706.044 1782.887 1.8504 0.0 
7710000 20577 869.926 11441515.823 1756.061 1.8107 0.0 
7720000 20591 827.402 11459887.419 1642.27 1.7207 0.0 
7730000 20602 841.983 11479892.498 1673.431 1.7511 0.0 
7740000 20619 784.443 11498278.916 1533.245 1.6323 0.0 
7750000 20631 785.848 11518418.148 1544.926 1.6363 0.0 
7760000 20642 809.592 11538392.101 1598.374 1.6844 0.0 
7770000 20655 804.123 11558156.221 1588.458 1.673 0.0 
7780000 20667 811.541 11578785.89 1618.168 1.6868 0.0 
7790000 20677 846.016 11600421.048 1717.567 1.7579 0.0 
7800000 20691 811.32 11620127.966 1634.639 1.6864 0.0 
7810000 20703 812.063 11636270.537 1563.739 1.6908 0.0 
7820000 20714 822.504 11652986.097 1536.809 1.716 0.0 
7830000 20725 838.733 11671150.638 1567.092 1.7494 0.0 
7840000 20736 863.177 11690210.019 1616.655 1.7992 0.0 
7850000 20752 791.976 11709073.091 1484.904 1.6476 0.0 
7860000 20771 706.492 11728552.289 1334.167 1.4708 0.0 
7870000 20788 671.051 11746401.96 1250.512 1.3966 0.0 
7880000 20813 561.142 11759565.012 957.046 1.1666 0.0 
7890000 20842 472.2 11773593.72 758.042 0.9855 0.0 
7900000 20861 488.917 11784565.672 700.124 1.0238 0.0 
7910000 20913 285.037 11798985.058 403.757 0.5984 0.0 
7920000 20959 240.97 11814972.253 356.238 0.5055 0.0 
7930000 20989 281.423 11825589.768 350.839 0.5905 0.0 
7940000 21013 330.458 11838358.382 414.886 0.6898 0.0 
7950000 21026 440.144 11855037.162 630.587 0.9146 0.0 
7960000 21039 505.722 11872492.003 771.54 1.0499 0.0 
7970000 21055 547.939 11891217.815 900.704 1.1374 0.0 
7980000 21069 592.125 11910581.105 1023.899 1.23 0.0 
7990000 21082 623.442 11930119.417 1113.441 1.2953 0.0 
8000000 21093 673.024 11950103.154 1239.413 1.4 0.0 
8010000 21107 686.861 11969818.159 1289.345 1.4298 0.0 
8020000 21129 606.616 11988481.508 1137.098 1.2622 0.0 
8030000 21141 642.005 12007667.877 1212.777 1.3344 0.0 
8040000 21153 685.513 12027325.681 1305.944 1.4264 0.0 
8050000 21170 664.424 12046181.357 1262.741 1.3831 0.0 
8060000 21183 682.855 12064071.552 1278.665 1.4216 0.0 
8070000 21198 679.611 12082809.977 1271.541 1.4128 0.0 
8080000 21211 698.904 12102575.98 1325.941 1.4526 0.0 
8090000 21221 751.614 12123049.587 1452.29 1.5604 0.0 
8100000 21233 757.653 12143015.066 1472.3 1.5713 0.0 
8110000 21244 788.187 12162846.409 1537.92 1.6343 0.0 
8120000 21260 742.517 12180669.054 1421.801 1.5397 0.0 
8130000 21273 756.835 12196794.131 1394.337 1.5752 0.0 
8140000 21286 750.575 12211898.947 1326.338 1.5642 0.0 
8150000 21300 740.581 12227532.245 1273.875 1.5445 0.0 
8160000 21331 562.569 12242023.588 931.369 1.1721 0.0 
8170000 21344 612.966 12258803.496 1015.539 1.2751 0.0 
8180000 21362 595.873 12275037.537 982.103 1.2393 0.0 
8190000 21375 628.764 12292622.227 1053.178 1.3077 0.0 
8200000 21392 610.794 12310174.229 1037.762 1.2753 0.0 
8210000 21407 629.93 12328008.067 1084.188 1.3139 0.0 
8220000 21423 621.461 12346269.523 1082.676 1.2943 0.0 
8230000 21435 673.747 12365361.526 1207.575 1.4025 0.0 
8240000 21448 682.626 12384471.483 1244.26 1.4221 0.0 
8250000 21467 637.817 12401571.475 1141.815 1.3322 0.0 
8260000 21480 670.816 12419395.11 1201.455 1.3998 0.0 
8270000 21492 700.123 12439722.3 1295.442 1.4619 0.0 
8280000 21503 746.747 12459673.075 1409.353 1.5586 0.0 
8290000 21515 751.198 12479929.07 1440.374 1.5667 0.0 
8300000 21528 770.298 12500414.349 1503.059 1.6066 0.0 
8310000 21541 765.633 12521485.276 1519.804 1.594 0.0 
8320000 21551 808.505 12542114.296 1618.956 1.6815 0.0 
8330000 21564 798.391 12561984.857 1595.956 1.6626 0.0 
8340000 21574 832.038 12582154.258 1670.755 1.7305 0.0 
8350000 21586 838.772 12602324.473 1682.717 1.7425 0.0 
8360000 21597 844.317 12623144.568 1706.422 1.7556 0.0 
8370000 21610 833.896 12644034.841 1700.207 1.7348 0.0 
8380000 21622 828.791 12661399.914 1630.693 1.7253 0.0 
8390000 21636 797.11 12680905.601 1563.24 1.6571 0.0 
8400000 21651 771.753 12695253.466 1426.356 1.6074 0.0 
8410000 21665 749.123 12711382.139 1344.192 1.5613 0.0 
8420000 21682 708.38 12730430.808 1288.952 1.4779 0.0 
8430000 21694 722.199 12750914.668 1351.108 1.5059 0.0 
8440000 21704 773.016 12771116.102 1472.251 1.6125 0.0 
8450000 21715 803.17 12790028.461 1528.503 1.6777 0.0 
8460000 21729 779.949 12809878.926 1497.634 1.6277 0.0 
8470000 21741 798.866 12830369.125 1560.475 1.6664 0.0 
8480000 21755 766.934 12849984.409 1494.83 1.6004 0.0 
8490000 21767 786.344 12869376.428 1534.13 1.6411 0.0 
8500000 21777 822.127 12889186.441 1611.385 1.7151 0.0 
8510000 21788 844.712 12907760.897 1635.394 1.7592 0.0 
8520000 21798 868.762 12928229.848 1701.853 1.8102 0.0 
8530000 21808 892.769 12949328.354 1777.134 1.8611 0.0 
8540000 21818 912.385 12970526.547 1838.568 1.9048 0.0 
8550000 21833 849.505 12991535.204 1729.049 1.7731 0.0 
8560000 21845 850.002 13013405.526 1757.507 1.7736 0.0 
8570000 21856 862.329 13035574.877 1809.373 1.7968 0.0 
8580000 21867 857.804 13057019.936 1806.703 1.7882 0.0 
8590000 21878 868.947 13079371.727 1854.418 1.8113 0.0 
8600000 21893 811.08 13101052.635 1735.331 1.6889 0.0 
8610000 21905 817.919 13123107.017 1764.031 1.6996 0.0 
8620000 21916 836.917 13145645.646 1819.592 1.7408 0.0 
8630000 21930 810.761 13167273.618 1763.426 1.6854 0.0 
8640000 21946 761.401 13188744.148 1649.821 1.5828 0.0 
8650000 21967 664.608 13210020.753 1436.81 1.3803 0.0 
8660000 21990 567.598 13230302.975 1200.439 1.1783 0.0 
8670000 22002 617.156 13251612.64 1308.259 1.2843 0.0 
8680000 22017 634.583 13270502.765 1306.254 1.3227 0.0 
8690000 22030 677.736 13291820.196 1408.933 1.4133 0.0 
8700000 22041 707.453 13314450.119 1498.285 1.4749 0.0 
8710000 22052 759.168 13337108.891 1640.146 1.5815 0.0 
8720000 22064 780.934 13358190.966 1676.845 1.6255 0.0 
8730000 22077 774.012 13380258.443 1675.291 1.6096 0.0 
8740000 22093 735.004 13400321.181 1559.814 1.5339 0.0 
8750000 22103 783.479 13421544.017 1662.723 1.6369 0.0 
8760000 22114 799.39 13443440.958 1710.1 1.6728 0.0 
8770000 22127 796.236 13465582.237 1715.599 1.6623 0.0 
8780000 22142 751.406 13487282.535 1617.572 1.567 0.0 
8790000 22157 734.164 13509644.107 1595.572 1.5273 0.0 
8800000 22171 737.647 13531172.605 1600.556 1.5333 0.0 
8810000 22184 741.352 13551810.72 1590.852 1.5381 0.0 
8820000 22199 711.299 13571157.959 1490.51 1.4775 0.0 
8830000 22212 735.178 13588567.056 1477.84 1.5236 0.0 
8840000 22222 769.922 13606609.967 1504.829 1.5943 0.0 
8850000 22237 744.861 13627568.897 1483.815 1.5441 0.0 
8860000 22251 746.563 13648225.523 1500.941 1.5506 0.0 
8870000 22265 735.619 13668854.147 1489.657 1.53 0.0 
8880000 22276 763.739 13691000.957 1575.861 1.587 0.0 
8890000 22291 741.933 13711556.36 1531.676 1.5417 0.0 
8900000 22306 726.517 13732617.334 1507.015 1.5106 0.0 
8910000 22320 718.592 13753916.743 1500.035 1.4951 0.0 
8920000 22332 732.897 13775424.993 1537.15 1.5263 0.0 
8930000 22345 758.273 13796832.623 1602.352 1.5791 0.0 
8940000 22355 793.362 13817803.394 1689.239 1.6529 0.0 
8950000 22366 820.025 13838795.792 1727.778 1.7132 0.0 
8960000 22378 824.799 13859319.912 1725.988 1.725 0.0 
8970000 22393 782.706 13880263.179 1637.723 1.6389 0.0 
8980000 22411 699.532 13899822.571 1435.468 1.4653 0.0 
8990000 22430 651.899 13921170.475 1354.776 1.3642 0.0 
9000000 22445 648.462 13943117.326 1366.137 1.3542 0.0 
9010000 22459 669.615 13964086.415 1412.728 1.3962 0.0 
9020000 22476 639.71 13984141.481 1331.073 1.332 0.0 
9030000 22490 661.507 14004125.069 1361.514 1.3759 0.0 
9040000 22501 718.801 14025472.896 1493.059 1.4943 0.0 
9050000 22512 747.277 14048035.697 1581.787 1.555 0.0 
9060000 22525 759.192 14070118.375 1626.188 1.5806 0.0 
9070000 22535 803.242 14093233.126 1750.836 1.6725 0.0 
9080000 22546 814.671 14115217.273 1780.657 1.6997 0.0 
9090000 22559 816.499 14136506.214 1773.5 1.707 0.0 
9100000 22570 820.493 14158909.542 1793.273 1.7157 0.0 
9110000 22581 843.077 14181208.213 1852.421 1.761 0.0 
9120000 22593 848.815 14202216.131 1846.78 1.7712 0.0 
9130000 22604 846.94 14224297.278 1847.508 1.7665 0.0 
9140000 22614 874.938 14245695.547 1898.163 1.8237 0.0 
9150000 22624 897.816 14269012.038 1976.663 1.8711 0.0 
9160000 22634 916.508 14292370.337 2044.087 1.913 0.0 
9170000 22644 931.781 14315266.819 2087.257 1.9461 0.0 
9180000 22654 944.26 14338164.521 2122.758 1.9739 0.0 
9190000 22665 944.88 14361360.926 2138.17 1.9739 0.0 
9200000 22676 944.842 14383990.072 2141.69 1.9691 0.0 
9210000 22687 928.698 14406071.343 2091.106 1.9368 0.0 
9220000 22697 941.741 14429506.348 2139.617 1.9632 0.0 
9230000 22709 918.11 14452208.195 2084.098 1.9124 0.0 
9240000 22719 931.897 14473530.358 2089.722 1.942 0.0 
9250000 22730 932.481 14494677.739 2068.521 1.9458 0.0 
9260000 22741 929.508 14514114.914 2011.988 1.9412 0.0 
9270000 22762 767.532 14532613.82 1612.082 1.6026 0.0 
9280000 22779 713.679 14551037.696 1454.082 1.4929 0.0 
9290000 22790 742.12 14572345.345 1528.264 1.5524 0.0 
9300000 22804 747.206 14590675.645 1503.372 1.5656 0.0 
9310000 22815 778.237 14608867.846 1527.154 1.6293 0.0 
9320000 22830 748.614 14623667.163 1383.244 1.5706 0.0 
9330000 22844 741.378 14640203.994 1329.552 1.5576 0.0 
9340000 22855 778.72 14659377.615 1422.47 1.6348 0.0 
9350000 22869 747.458 14678577.021 1377.643 1.5707 0.0 
9360000 22883 752.819 14698174.291 1413.358 1.5808 0.0 
9370000 22894 774.66 14719174.454 1489.625 1.6224 0.0 
9380000 22906 801.841 14739993.727 1574.889 1.68 0.0 
9390000 22916 821.806 14760929.434 1635.007 1.7249 0.0 
9400000 22927 841.635 14781167.229 1681.311 1.7671 0.0 
9410000 22937 870.604 14802166.064 1758.345 1.8304 0.0 
9420000 22949 877.15 14822090.575 1768.158 1.841 0.0 
9430000 22960 869.17 14842529.179 1753.996 1.8239 0.0 
9440000 22971 876.321 14863579.848 1786.535 1.8409 0.0 
9450000 22984 861.251 14883713.667 1751.65 1.8105 0.0 
9460000 22998 826.315 14904003.979 1679.863 1.736 0.0 
9470000 23010 820.731 14924136.317 1664.114 1.7232 0.0 
9480000 23031 705.283 14944048.238 1424.839 1.4832 0.0 
9490000 23057 559.8 14962867.113 1109.567 1.1778 0.0 
9500000 23090 435.834 14977282.141 783.745 0.918 0.0 
9510000 23116 413.273 14994553.919 732.036 0.872 0.0 
9520000 23133 465.205 15012253.048 823.825 0.9808 0.0 
9530000 23147 519.686 15031367.262 942.39 1.0944 0.0 
9540000 23164 546.408 15049235.392 986.203 1.1505 0.0 
9550000 23174 622.784 15065843.635 1097.204 1.3085 0.0 
9560000 23189 639.364 15081510.011 1091.873 1.3442 0.0 
9570000 23207 609.208 15097480.275 1023.586 1.2823 0.0 
9580000 23228 562.37 15112551.878 914.541 1.1822 0.0 
9590000 23247 543.154 15125460.018 827.076 1.1442 0.0 
9600000 23264 558.484 15137371.662 795.242 1.179 0.0 
9610000 23283 554.978 15150321.416 768.246 1.1717 0.0 
9620000 23311 469.791 15164485.637 655.401 0.9887 0.0 
9630000 23330 477.093 15179160.385 677.255 1.0035 0.0 
9640000 23353 461.638 15193713.562 663.546 0.9698 0.0 
9650000 23368 519.997 15207211.563 730.776 1.091 0.0 
9660000 23385 540.041 15220640.709 747.983 1.1357 0.0 
9670000 23406 515.469 15232468.846 679.88 1.0858 0.0 
9680000 23425 509.26 15245071.512 662.189 1.0713 0.0 
9690000 23442 536.609 15259108.536 717.174 1.1253 0.0 
9700000 23459 546.236 15274500.421 763.53 1.1464 0.0 
9710000 23486 464.238 15288298.399 645.527 0.9735 0.0 
9720000 23522 378.583 15300991.768 506.16 0.7947 0.0 
9730000 23542 411.35 15311419.699 500.378 0.8613 0.0 
9740000 23556 495.285 15322187.305 580.062 1.0366 0.0 
9750000 23577 490.378 15336948.372 627.744 1.0276 0.0 
9760000 23593 528.883 15352556.048 726.002 1.1081 0.0 
9770000 23617 482.769 15368413.354 695.654 1.0098 0.0 
9780000 23635 507.5 15385259.082 774.1 1.0624 0.0 
9790000 23651 536.395 15400926.94 826.285 1.1232 0.0 
9800000 23665 575.14 15415174.63 866.335 1.2045 0.0 
9810000 23687 541.232 15427478.707 770.308 1.1351 0.0 
9820000 23717 449.127 15440470.64 621.169 0.9423 0.0 
9830000 23745 398.709 15452939.726 530.085 0.8357 0.0 
9840000 23772 388.431 15465781.28 510.763 0.8143 0.0 
9850000 23801 358.28 15478630.313 465.53 0.7485 0.0 
9860000 23820 423.537 15492376.496 564.8 0.8841 0.0 
9870000 23839 453.927 15507043.554 626.521 0.9471 0.0 
9880000 23874 353.297 15518016.346 449.441 0.7386 0.0 
9890000 23898 377.023 15529257.502 453.302 0.7897 0.0 
9900000 23921 401.882 15543456.002 520.383 0.84 0.0 
9910000 23937 465.038 15558168.313 633.998 0.971 0.0 
9920000 23956 486.083 15573290.026 687.279 1.0145 0.0 
9930000 23969 550.314 15587620.026 785.705 1.1482 0.0 
9940000 23994 488.809 15600903.585 680.367 1.0216 0.0 
9950000 24008 540.955 15615627.866 766.515 1.1296 0.0 
9960000 24033 476.894 15629442.149 668.87 0.9962 0.0 
9970000 24062 414.267 15640881.754 539.763 0.8663 0.0 
9980000 24101 324.785 15652969.83 408.51 0.6779 0.0 
9990000 24126 340.178 15665280.149 421.296 0.7086 0.0 
10000000 24161 307.557 15676524.969 366.719 0.6413 0.0 
