10000 9 166.418 -6.49 -0.108 0.9372 0 0 0 
20000 19 319.086 -12.458 -0.197 1.7951 0 0 0 
30000 361 24.146 -9.924 -0.009 0.2962 0 0 0 
40000 703 34.338 -6.647 0.011 0.3751 0 0 0 
50000 1186 13.226 -0.589 0.014 0.2103 0 0 0 
60000 2005 11.57 6.313 0.007 0.1919 0 0 0 
70000 2810 12.563 11.251 0.005 0.2028 0 0 0 
80000 3543 14.065 15.702 0.004 0.2165 0 0 0 
90000 4158 25.429 21.229 0.014 0.3016 0 0 0 
100000 4318 82.01 24.98 0.029 0.7416 0 0 0 
110000 4425 68.754 27.57 0.024 0.6365 0 0 0 
120000 4521 93.924 30.399 0.028 0.8197 0 0 0 
130000 4610 105.681 32.439 0.021 0.9181 0 0 0 
140000 4744 70.798 34.234 0.012 0.6394 0 0 0 
150000 4910 54.589 34.26 -0.002 0.5186 0 0 0 
160000 5040 89.772 36.117 0.011 0.7879 0 0 0 
170000 5191 50.268 40.228 0.031 0.4907 0 0 0 
180000 5445 38.907 50.962 0.045 0.4092 0 0 0 
190000 5705 38.511 63.004 0.045 0.4036 0 0 0 
200000 5966 38.618 74.718 0.046 0.4104 0 0 0 
210000 6228 37.381 86.52 0.041 0.3922 0 0 0 
220000 6470 42.458 97.681 0.047 0.4312 0 0 0 
230000 6675 49.383 106.953 0.047 0.4964 0 0 0 
240000 6853 59.938 115.501 0.048 0.5753 0 0 0 
250000 7027 65.977 123.59 0.045 0.6053 0 0 0 
260000 7156 71.638 129.395 0.047 0.6599 0 0 0 
270000 7252 93.46 133.825 0.048 0.8365 0 0 0 
280000 7280 209.353 134.502 0.038 1.7094 0 0 0 
290000 7356 149.256 135.576 0.017 1.2636 0 0 0 
300000 7456 105.299 142.725 0.062 0.9325 0 0 0 
310000 7533 126.705 146.82 0.048 1.0997 0 0 0 
320000 7630 102.681 150.97 0.047 0.9124 0 0 0 
330000 7761 78.592 157.189 0.043 0.7261 0 0 0 
340000 7808 146.163 152.474 -0.031 1.2493 0 0 0 
350000 7922 120.134 154.572 0.01 1.0421 0 0 0 
360000 7970 183.072 154.656 0.005 1.5448 0 0 0 
370000 8001 265.83 153.463 -0.021 2.1873 0 0 0 
380000 8012 394.551 155.327 0.016 3.2221 0 0 0 
390000 8022 505.487 158.073 0.062 4.138 0 0 0 
400000 8033 587.155 161.13 0.107 4.7536 0 0 0 
410000 8043 662.858 163.921 0.138 5.3421 0 0 0 
420000 8053 724.714 161.841 0.075 5.8692 0 0 0 
430000 8072 658.893 161.602 0.048 5.3873 0 0 0 
440000 8096 560.987 164.221 0.071 4.6091 0 0 0 
450000 8138 368.269 167.586 0.076 3.0229 0 0 0 
460000 8178 308.041 170.107 0.071 2.5416 0 0 0 
470000 8197 374.579 171.681 0.074 3.0846 0 0 0 
480000 8228 358.533 174.509 0.081 2.9808 0 0 0 
490000 8246 416.517 177.286 0.103 3.4389 0 0 0 
500000 8265 448.907 179.477 0.104 3.68 0 0 0 
510000 8286 452.76 180.674 0.091 3.7154 0 0 0 
520000 8298 535.498 183.107 0.111 4.3613 0 0 0 
530000 8309 609.002 185.669 0.136 4.922 0 0 0 
540000 8320 669.35 188.35 0.157 5.3964 0 0 0 
550000 8333 696.075 191.694 0.182 5.6354 0 0 0 
560000 8343 751.854 194.126 0.192 6.0799 0 0 0 
570000 8358 727.189 196.522 0.183 5.8458 0 0 0 
580000 8370 751.636 199.112 0.189 6.0606 0 0 0 
590000 8386 711.685 203.783 0.216 5.7679 0 0 0 
600000 8406 645.106 208.374 0.22 5.2613 0 0 0 
610000 8416 710.209 214.973 0.301 5.8092 0 0 0 
620000 8426 763.402 217.673 0.298 6.222 0 0 0 
630000 8438 779.726 220.533 0.286 6.3376 0 0 0 
640000 8449 803.935 223.451 0.283 6.5273 0 0 0 
650000 8460 824.423 226.678 0.285 6.7133 0 0 0 
660000 8472 826.622 228.353 0.252 6.7216 0 0 0 
670000 8486 797.76 230.276 0.228 6.4852 0 0 0 
680000 8497 821.693 233.419 0.237 6.7329 0 0 0 
690000 8507 854.493 236.543 0.249 6.9597 0 0 0 
700000 8524 773.041 238.932 0.217 6.3084 0 0 0 
710000 8545 672.131 242.604 0.203 5.5093 0 0 0 
720000 8559 682.524 248.275 0.254 5.5881 0 0 0 
730000 8569 740.782 255.596 0.342 6.1173 0 0 0 
740000 8580 774.89 263.259 0.413 6.4248 0 0 0 
750000 8595 744.775 270.845 0.436 6.1904 0 0 0 
760000 8605 791.646 277.253 0.473 6.6263 0 0 0 
770000 8617 800.583 284.593 0.5 6.7171 0 0 0 
780000 8628 821.939 292.385 0.541 6.8695 0 0 0 
790000 8645 748.325 299.549 0.503 6.271 0 0 0 
800000 8666 651.82 305.255 0.422 5.467 0 0 0 
810000 8677 702.425 311.0 0.443 5.8909 0 0 0 
820000 8687 757.043 318.942 0.507 6.3615 0 0 0 
830000 8697 801.669 326.774 0.556 6.7358 0 0 0 
840000 8707 838.132 333.259 0.575 7.0566 0 0 0 
850000 8717 867.925 342.072 0.631 7.3118 0 0 0 
860000 8727 892.268 352.607 0.708 7.4917 0 0 0 
870000 8737 912.158 362.503 0.76 7.6546 0 0 0 
880000 8747 928.41 373.043 0.813 7.7852 0 0 0 
890000 8757 941.688 384.024 0.867 7.8706 0 0 0 
900000 8767 952.538 394.841 0.905 7.9399 0 0 0 
910000 8777 961.403 404.352 0.914 7.9848 0 0 0 
920000 8787 968.646 411.464 0.877 8.0704 0 0 0 
930000 8798 955.505 418.54 0.829 7.9546 0 0 0 
940000 8808 963.828 421.196 0.727 7.9661 0 0 0 
950000 8818 970.627 427.979 0.719 8.0459 0 0 0 
960000 8828 976.183 436.472 0.743 8.0897 0 0 0 
970000 8838 980.723 445.785 0.779 8.0973 0 0 0 
980000 8848 984.432 456.445 0.832 8.0941 0 0 0 
990000 8858 987.463 466.65 0.867 8.104 0 0 0 
1000000 8868 989.939 476.819 0.894 8.0799 0 0 0 
1010000 8886 839.61 484.131 0.733 6.8435 0 0 0 
1020000 8897 852.583 492.8 0.74 6.9296 0 0 0 
1030000 8909 850.085 500.548 0.721 6.8994 0 0 0 
1040000 8919 877.692 506.595 0.703 7.0687 0 0 0 
1050000 8930 883.407 515.551 0.716 7.1425 0 0 0 
1060000 8942 873.014 525.823 0.748 7.0862 0 0 0 
1070000 8962 742.896 536.217 0.669 6.0453 0 0 0 
1080000 8977 721.304 543.777 0.623 5.893 0 0 0 
1090000 8988 758.93 555.209 0.699 6.1645 0 0 0 
1100000 8998 803.211 566.323 0.776 6.5646 0 0 0 
1110000 9010 810.971 577.816 0.817 6.6103 0 0 0 
1120000 9020 845.733 589.936 0.895 6.9017 0 0 0 
1130000 9030 874.135 603.035 0.963 7.132 0 0 0 
1140000 9040 897.342 615.992 1.028 7.3571 0 0 0 
1150000 9050 916.304 627.837 1.052 7.5256 0 0 0 
1160000 9060 931.797 640.551 1.097 7.6697 0 0 0 
1170000 9070 944.456 652.554 1.114 7.7955 0 0 0 
1180000 9082 921.467 664.35 1.088 7.6169 0 0 0 
1190000 9093 918.074 675.862 1.079 7.6461 0 0 0 
1200000 9103 933.244 688.242 1.106 7.7673 0 0 0 
1210000 9113 945.638 700.889 1.139 7.8785 0 0 0 
1220000 9155 515.776 713.473 0.624 4.3373 0 0 0 
1230000 9307 76.969 724.312 0.088 0.7257 0 0 0 
1240000 9378 149.085 736.911 0.187 1.3257 0 0 0 
1250000 9391 289.22 749.999 0.371 2.4464 0 0 0 
1260000 9401 419.424 761.971 0.523 3.4986 0 0 0 
1270000 9411 525.81 774.893 0.665 4.3824 0 0 0 
1280000 9421 612.735 787.181 0.769 5.0677 0 0 0 
1290000 9431 683.759 800.239 0.865 5.6441 0 0 0 
1300000 9446 674.862 811.568 0.832 5.584 0 0 0 
1310000 9460 685.757 821.754 0.806 5.7014 0 0 0 
1320000 9478 641.534 833.558 0.758 5.3187 0 0 0 
1330000 9496 610.118 845.836 0.729 5.0565 0 0 0 
1340000 9509 648.974 858.453 0.783 5.3658 0 0 0 
1350000 9520 698.471 871.992 0.868 5.7602 0 0 0 
1360000 9533 714.291 884.617 0.893 5.8929 0 0 0 
1370000 9543 766.738 899.035 0.993 6.3464 0 0 0 
1380000 9553 809.591 913.301 1.072 6.6992 0 0 0 
1390000 9564 830.341 927.337 1.117 6.8782 0 0 0 
1400000 9575 845.492 942.166 1.161 6.968 0 0 0 
1410000 9585 873.938 957.386 1.227 7.2518 0 0 0 
1420000 9597 862.408 972.622 1.232 7.1744 0 0 0 
1430000 9608 872.634 988.353 1.275 7.2732 0 0 0 
1440000 9619 879.734 1002.541 1.277 7.3276 0 0 0 
1450000 9629 901.917 1016.305 1.296 7.4949 0 0 0 
1460000 9639 920.042 1031.01 1.335 7.5999 0 0 0 
1470000 9650 917.679 1045.162 1.319 7.5498 0 0 0 
1480000 9660 932.92 1058.684 1.327 7.7033 0 0 0 
1490000 9670 945.374 1073.974 1.364 7.8009 0 0 0 
1500000 9680 955.549 1084.867 1.323 7.9023 0 0 0 
1510000 9690 963.864 1086.215 1.104 8.0199 0 0 0 
1520000 9700 970.657 1086.289 0.904 8.0843 0 0 0 
1530000 9710 976.207 1095.771 0.906 8.1025 0 0 0 
1540000 9720 980.743 1110.957 1.017 8.1007 0 0 0 
1550000 9730 984.448 1126.45 1.115 8.1283 0 0 0 
1560000 9740 987.476 1141.338 1.183 8.1646 0 0 0 
1570000 9750 989.95 1157.308 1.26 8.1719 0 0 0 
1580000 9762 956.817 1170.621 1.227 7.8533 0 0 0 
1590000 9775 911.524 1185.847 1.213 7.5054 0 0 0 
1600000 9789 862.752 1201.389 1.187 7.1446 0 0 0 
1610000 9802 839.484 1215.442 1.161 6.9147 0 0 0 
1620000 9815 821.935 1229.613 1.143 6.7779 0 0 0 
1630000 9841 635.769 1244.811 0.902 5.2612 0 0 0 
1640000 9880 436.544 1259.114 0.623 3.6572 0 0 0 
1650000 9896 493.681 1274.154 0.722 4.1648 0 0 0 
1660000 9908 564.664 1288.462 0.817 4.7554 0 0 0 
1670000 9919 631.596 1303.117 0.918 5.3005 0 0 0 
1680000 9931 676.986 1316.85 0.971 5.6776 0 0 0 
1690000 9941 736.257 1330.235 1.037 6.1733 0 0 0 
1700000 9951 784.686 1343.56 1.093 6.5849 0 0 0 
1710000 9961 824.256 1356.715 1.133 6.8581 0 0 0 
1720000 9971 856.587 1370.852 1.184 7.1376 0 0 0 
1730000 9981 883.004 1385.058 1.23 7.3584 0 0 0 
1740000 9992 888.359 1398.911 1.234 7.401 0 0 0 
1750000 10002 908.964 1413.748 1.28 7.5657 0 0 0 
1760000 10012 925.8 1428.85 1.324 7.6873 0 0 0 
1770000 10022 939.556 1442.326 1.329 7.8015 0 0 0 
1780000 10032 950.796 1456.573 1.347 7.869 0 0 0 
1790000 10042 959.98 1471.292 1.37 7.9165 0 0 0 
1800000 10052 967.483 1486.922 1.405 7.9608 0 0 0 
1810000 10062 973.614 1502.524 1.434 8.0366 0 0 0 
1820000 10072 978.624 1519.317 1.48 8.0688 0 0 0 
1830000 10082 982.717 1535.876 1.512 8.1108 0 0 0 
1840000 10092 986.062 1551.42 1.521 8.1701 0 0 0 
1850000 10102 988.794 1567.322 1.534 8.1824 0 0 0 
1860000 10112 991.027 1584.146 1.561 8.1836 0 0 0 
1870000 10122 992.851 1601.239 1.588 8.1998 0 0 0 
1880000 10132 994.342 1617.733 1.6 8.3646 0 0 0 
1890000 10142 995.56 1633.909 1.603 8.3454 0 0 0 
1900000 10152 996.555 1650.322 1.61 8.3375 0 0 0 
1910000 10164 960.116 1665.501 1.536 7.9897 0 0 0 
1920000 10175 951.864 1681.893 1.528 7.9055 0 0 0 
1930000 10185 960.852 1697.904 1.541 8.0114 0 0 0 
1940000 10195 968.197 1712.666 1.53 8.0881 0 0 0 
1950000 10205 974.197 1727.657 1.524 8.1235 0 0 0 
1960000 10215 979.1 1744.219 1.55 8.1727 0 0 0 
1970000 10225 983.106 1759.9 1.554 8.2397 0 0 0 
1980000 10235 986.379 1776.291 1.57 8.2651 0 0 0 
1990000 10245 989.054 1792.623 1.581 8.2697 0 0 0 
2000000 10255 991.239 1809.411 1.6 8.2643 0 0 0 
2010000 10264 992.862 1825.827 1.604 8.2618 0 0 0 
2020000 10274 994.351 1842.157 1.61 8.2824 0 0 0 
2030000 10284 995.567 1858.517 1.616 8.2718 0 0 0 
2040000 10294 996.561 1874.887 1.624 8.2807 0 0 0 
2050000 10304 997.373 1891.05 1.619 8.2702 0 0 0 
2060000 10315 979.617 1908.339 1.61 8.1103 0 0 0 
2070000 10325 983.529 1924.595 1.617 8.1556 0 0 0 
2080000 10335 986.725 1940.042 1.602 8.2239 0 0 0 
2090000 10345 989.336 1955.917 1.597 8.253 0 0 0 
2100000 10355 991.47 1973.916 1.637 8.2752 0 0 0 
2110000 10365 993.213 1990.901 1.646 8.2755 0 0 0 
2120000 10376 978.05 2008.965 1.646 8.139 0 0 0 
2130000 10386 982.248 2025.313 1.647 8.2139 0 0 0 
2140000 10396 985.678 2042.834 1.664 8.2255 0 0 0 
2150000 10406 988.481 2060.401 1.682 8.245 0 0 0 
2160000 10416 990.771 2077.192 1.682 8.2525 0 0 0 
2170000 10426 992.642 2093.564 1.677 8.2619 0 0 0 
2180000 10436 994.171 2110.551 1.683 8.2746 0 0 0 
2190000 10446 995.42 2126.772 1.672 8.3245 0 0 0 
2200000 10456 996.441 2143.815 1.676 8.3441 0 0 0 
2210000 10466 997.275 2160.962 1.678 8.3773 0 0 0 
2220000 10476 997.956 2176.507 1.662 8.3572 0 0 0 
2230000 10486 998.513 2192.863 1.655 8.3422 0 0 0 
2240000 10496 998.968 2209.573 1.656 8.3415 0 0 0 
2250000 10506 999.34 2227.011 1.677 8.36 0 0 0 
2260000 10516 999.643 2243.578 1.67 8.3322 0 0 0 
2270000 10527 981.723 2253.35 1.519 8.2024 0 0 0 
2280000 10537 985.249 2265.611 1.461 8.1733 0 0 0 
2290000 10547 988.131 2282.77 1.505 8.1909 0 0 0 
2300000 10557 990.485 2300.061 1.547 8.2137 0 0 0 
2310000 10567 992.408 2317.269 1.578 8.2571 0 0 0 
2320000 10577 993.98 2335.446 1.626 8.2673 0 0 0 
2330000 10587 995.264 2352.117 1.63 8.2649 0 0 0 
2340000 10597 996.313 2368.598 1.64 8.2891 0 0 0 
2350000 10607 997.171 2385.738 1.651 8.2887 0 0 0 
2360000 10617 997.871 2402.659 1.657 8.2923 0 0 0 
2370000 10628 979.639 2420.224 1.643 8.12 0 0 0 
2380000 10641 927.595 2438.159 1.577 7.7147 0 0 0 
2390000 10682 536.201 2458.037 0.953 4.4973 0 0 0 
2400000 10731 332.291 2479.352 0.638 2.8011 0 0 0 
2410000 10755 363.191 2499.064 0.706 3.0066 0 0 0 
2420000 10807 251.851 2518.24 0.484 2.151 0 0 0 
2430000 10864 199.344 2535.473 0.358 1.7255 0 0 0 
2440000 10924 176.704 2554.491 0.332 1.5306 0 0 0 
2450000 10993 150.123 2572.031 0.271 1.3124 0 0 0 
2460000 11055 166.68 2591.393 0.319 1.4594 0 0 0 
2470000 11112 166.669 2613.186 0.35 1.4499 0 0 0 
2480000 11147 231.069 2635.101 0.499 1.9557 0 0 0 
2490000 11164 331.454 2657.461 0.735 2.7468 0 0 0 
2500000 11184 394.142 2676.248 0.819 3.2825 0 0 0 
2510000 11196 487.027 2694.195 0.96 4.0372 0 0 0 
2520000 11213 517.323 2712.913 1.002 4.2832 0 0 0 
2530000 11223 605.8 2732.816 1.179 5.0333 0 0 0 
2540000 11241 587.583 2752.104 1.144 4.8547 0 0 0 
2550000 11256 605.568 2771.736 1.184 5.0163 0 0 0 
2560000 11267 664.454 2791.984 1.308 5.4877 0 0 0 
2570000 11280 684.015 2812.202 1.356 5.6664 0 0 0 
2580000 11296 663.932 2830.434 1.29 5.5209 0 0 0 
2590000 11306 725.591 2852.136 1.449 6.0166 0 0 0 
2600000 11317 763.556 2872.492 1.527 6.3568 0 0 0 
2610000 11328 792.823 2894.349 1.62 6.6147 0 0 0 
2620000 11339 816.851 2918.647 1.74 6.8012 0 0 0 
2630000 11349 850.537 2944.306 1.895 7.0995 0 0 0 
2640000 11359 878.061 2966.75 1.961 7.3517 0 0 0 
2650000 11370 882.731 2990.885 2.002 7.4112 0 0 0 
2660000 11380 904.366 3015.799 2.092 7.5689 0 0 0 
2670000 11390 922.043 3040.405 2.159 7.6992 0 0 0 
2680000 11400 936.486 3066.176 2.234 7.7976 0 0 0 
2690000 11410 948.288 3091.768 2.296 7.9132 0 0 0 
2700000 11420 957.93 3119.051 2.374 7.994 0 0 0 
2710000 11430 965.809 3147.767 2.472 8.0508 0 0 0 
2720000 11440 972.246 3175.49 2.523 8.0786 0 0 0 
2730000 11450 977.506 3201.107 2.53 8.1465 0 0 0 
2740000 11460 981.804 3224.182 2.491 8.1709 0 0 0 
2750000 11470 985.315 3252.226 2.549 8.1896 0 0 0 
2760000 11480 988.184 3283.869 2.662 8.2319 0 0 0 
2770000 11490 990.529 3312.1 2.698 8.2351 0 0 0 
2780000 11504 925.056 3338.577 2.5 7.7174 0 0 0 
2790000 11518 873.66 3361.723 2.298 7.3083 0 0 0 
2800000 11528 896.954 3390.982 2.415 7.4686 0 0 0 
2810000 11538 915.987 3420.504 2.513 7.6093 0 0 0 
2820000 11548 931.538 3451.877 2.629 7.7341 0 0 0 
2830000 11558 944.245 3485.504 2.766 7.8336 0 0 0 
2840000 11568 954.627 3518.927 2.873 7.9439 0 0 0 
2850000 11578 963.11 3552.107 2.951 7.9962 0 0 0 
2860000 11588 970.041 3589.203 3.09 8.049 0 0 0 
2870000 11598 975.704 3623.855 3.159 8.0736 0 0 0 
2880000 11608 980.331 3656.32 3.179 8.1371 0 0 0 
2890000 11619 966.536 3694.284 3.235 8.06 0 0 0 
2900000 11629 972.841 3733.517 3.358 8.1013 0 0 0 
2910000 11639 977.992 3771.755 3.449 8.1254 0 0 0 
2920000 11649 982.201 3807.172 3.466 8.1878 0 0 0 
2930000 11659 985.64 3845.129 3.527 8.1996 0 0 0 
2940000 11669 988.449 3885.894 3.627 8.2575 0 0 0 
2950000 11679 990.745 3926.723 3.714 8.2678 0 0 0 
2960000 11690 975.728 3965.416 3.677 8.1227 0 0 0 
2970000 11700 980.351 4006.243 3.752 8.1694 0 0 0 
2980000 11710 984.128 4040.727 3.694 8.2215 0 0 0 
2990000 11720 987.215 4074.549 3.639 8.2476 0 0 0 
3000000 11731 970.116 4109.259 3.535 8.0969 0 0 0 
3010000 11740 975.251 4144.542 3.54 8.1355 0 0 0 
3020000 11750 979.961 4179.303 3.521 8.1869 0 0 0 
3030000 11760 983.81 4214.051 3.516 8.2288 0 0 0 
3040000 11770 986.954 4248.655 3.5 8.2448 0 0 0 
3050000 11780 989.524 4284.703 3.525 8.2905 0 0 0 
3060000 11791 974.801 4323.736 3.53 8.1777 0 0 0 
3070000 11801 979.593 4361.281 3.566 8.2193 0 0 0 
3080000 11811 983.509 4400.078 3.635 8.2604 0 0 0 
3090000 11821 986.709 4438.799 3.672 8.2334 0 0 0 
3100000 11831 989.323 4477.23 3.7 8.2405 0 0 0 
3110000 11841 991.459 4518.01 3.77 8.2563 0 0 0 
3120000 11851 993.204 4559.063 3.826 8.231 0 0 0 
3130000 11861 994.63 4598.836 3.869 8.217 0 0 0 
3140000 11871 995.796 4636.568 3.855 8.2564 0 0 0 
3150000 11881 996.748 4672.063 3.797 8.2935 0 0 0 
3160000 11891 997.525 4709.731 3.791 8.2928 0 0 0 
3170000 11901 998.161 4748.531 3.805 8.2828 0 0 0 
3180000 11911 998.68 4786.455 3.807 8.2884 0 0 0 
3190000 11921 999.105 4825.187 3.818 8.2924 0 0 0 
3200000 11931 999.451 4864.507 3.833 8.2847 0 0 0 
3210000 11941 999.735 4904.683 3.873 8.319 0 0 0 
3220000 11951 999.966 4946.728 3.927 8.3203 0 0 0 
3230000 11961 1000.155 4988.238 3.969 8.3333 0 0 0 
3240000 11971 1000.31 5032.1 4.043 8.327 0 0 0 
3250000 11981 1000.436 5075.129 4.096 8.3214 0 0 0 
3260000 11991 1000.539 5117.565 4.126 8.3089 0 0 0 
3270000 12001 1000.623 5158.76 4.127 8.2821 0 0 0 
3280000 12011 1000.692 5199.017 4.111 8.3262 0 0 0 
3290000 12021 1000.749 5236.533 4.062 8.3532 0 0 0 
3300000 12031 1000.795 5272.952 3.985 8.3464 0 0 0 
3310000 12041 1000.832 5313.467 3.985 8.3773 0 0 0 
3320000 12052 983.898 5351.147 3.89 8.2662 0 0 0 
3330000 12062 987.027 5392.795 3.936 8.2637 0 0 0 
3340000 12072 989.583 5433.982 3.978 8.2515 0 0 0 
3350000 12082 991.671 5472.909 3.956 8.2445 0 0 0 
3360000 12092 993.378 5512.266 3.954 8.2858 0 0 0 
3370000 12102 994.772 5552.883 3.98 8.2797 0 0 0 
3380000 12112 995.911 5593.577 3.992 8.2989 0 0 0 
3390000 12123 980.251 5633.223 3.923 8.1738 0 0 0 
3400000 12133 984.047 5672.129 3.921 8.2083 0 0 0 
3410000 12143 987.148 5711.566 3.927 8.2258 0 0 0 
3420000 12154 975.488 5748.064 3.819 8.1359 0 0 0 
3430000 12164 975.486 5784.237 3.768 8.1029 0 0 0 
3440000 12174 980.153 5822.863 3.784 8.1525 0 0 0 
3450000 12184 983.967 5861.699 3.797 8.1383 0 0 0 
3460000 12194 987.083 5899.727 3.799 8.1856 0 0 0 
3470000 12204 989.628 5935.943 3.772 8.177 0 0 0 
3480000 12214 991.709 5971.13 3.726 8.2123 0 0 0 
3490000 12225 974.689 6007.493 3.637 8.0875 0 0 0 
3500000 12235 979.502 6043.198 3.63 8.1146 0 0 0 
3510000 12245 983.434 6078.861 3.609 8.1448 0 0 0 
3520000 12255 986.648 6117.231 3.661 8.1826 0 0 0 
3530000 12265 989.273 6154.403 3.674 8.1669 0 0 0 
3540000 12275 991.418 6194.439 3.732 8.1954 0 0 0 
3550000 12285 993.171 6230.873 3.717 8.1667 0 0 0 
3560000 12295 994.603 6265.141 3.668 8.1741 0 0 0 
3570000 12305 995.773 6303.941 3.702 8.2008 0 0 0 
3580000 12315 996.729 6343.439 3.747 8.2204 0 0 0 
3590000 12325 997.511 6382.306 3.77 8.2441 0 0 0 
3600000 12335 998.149 6421.618 3.802 8.2632 0 0 0 
3610000 12345 998.67 6459.997 3.811 8.2655 0 0 0 
3620000 12355 999.097 6497.926 3.814 8.283 0 0 0 
3630000 12365 999.445 6537.556 3.833 8.2908 0 0 0 
3640000 12375 999.729 6577.359 3.866 8.2753 0 0 0 
3650000 12385 999.962 6615.067 3.848 8.2987 0 0 0 
3660000 12395 1000.152 6652.851 3.832 8.2898 0 0 0 
3670000 12405 1000.307 6691.296 3.839 8.2789 0 0 0 
3680000 12415 1000.434 6729.517 3.836 8.3443 0 0 0 
3690000 12425 1000.537 6765.89 3.799 8.3419 0 0 0 
3700000 12435 1000.622 6805.961 3.836 8.3233 0 0 0 
3710000 12445 1000.691 6844.997 3.852 8.3024 0 0 0 
3720000 12455 1000.748 6884.385 3.867 8.31 0 0 0 
3730000 12465 1000.794 6923.728 3.885 8.3217 0 0 0 
3740000 12475 1000.831 6962.567 3.881 8.3044 0 0 0 
3750000 12485 1000.862 7000.654 3.872 8.3185 0 0 0 
3760000 12496 981.966 7037.306 3.757 8.1467 0 0 0 
3770000 12506 985.448 7076.908 3.791 8.1782 0 0 0 
3780000 12517 971.396 7107.0 3.585 8.0798 0 0 0 
3790000 12527 976.811 7143.691 3.599 8.1062 0 0 0 
3800000 12538 963.536 7181.377 3.565 7.9969 0 0 0 
3810000 12549 951.353 7221.671 3.582 7.9154 0 0 0 
3820000 12559 960.435 7259.573 3.619 7.9453 0 0 0 
3830000 12569 967.855 7293.918 3.581 8.0415 0 0 0 
3840000 12579 973.918 7325.604 3.512 8.0756 0 0 0 
3850000 12589 978.872 7357.334 3.446 8.1378 0 0 0 
3860000 12599 982.92 7390.595 3.425 8.1224 0 0 0 
3870000 12609 986.227 7424.54 3.419 8.1453 0 0 0 
3880000 12619 988.93 7458.911 3.424 8.1725 0 0 0 
3890000 12629 991.138 7497.575 3.507 8.1892 0 0 0 
3900000 12639 992.942 7532.532 3.508 8.2162 0 0 0 
3910000 12649 994.416 7567.605 3.506 8.2442 0 0 0 
3920000 12659 995.62 7600.769 3.471 8.236 0 0 0 
3930000 12669 996.604 7633.082 3.427 8.2311 0 0 0 
3940000 12679 997.408 7665.488 3.39 8.2182 0 0 0 
3950000 12689 998.065 7698.359 3.373 8.2306 0 0 0 
3960000 12699 998.602 7732.353 3.379 8.2484 0 0 0 
3970000 12709 999.041 7763.988 3.34 8.2528 0 0 0 
3980000 12719 999.399 7796.643 3.328 8.2838 0 0 0 
3990000 12729 999.692 7828.449 3.302 8.3029 0 0 0 
4000000 12739 999.931 7860.563 3.285 8.2819 0 0 0 
