1000 10 18.259 -316.603 -5.847 0.0101 0.0 
2000 19 32.739 -613.773 -10.084 0.0185 0.0 
3000 29 45.963 -843.154 -12.722 0.0259 0.0 
4000 37 56.378 -1006.698 -13.449 0.0332 0.0 
5000 48 63.557 -1296.082 -16.337 0.0373 0.0 
6000 56 73.674 -1391.176 -15.733 0.0453 0.0 
7000 65 79.292 -1591.017 -16.688 0.0478 0.0 
8000 73 85.897 -1874.909 -19.621 0.0517 0.0 
9000 83 88.955 -2188.075 -21.682 0.0903 0.0 
10000 94 89.276 -2327.146 -19.862 0.1274 0.0 
11000 100 93.521 -2319.874 -17.418 0.1591 0.0 
12000 101 111.65 -2331.073 -17.365 0.2703 0.0 
13000 102 129.417 -2349.136 -17.305 0.4029 0.0 
14000 103 146.829 -2355.83 -17.216 0.5053 0.0 
15000 104 155.292 -2353.466 -16.752 0.5398 0.0 
16000 105 172.187 -2365.463 -16.405 0.6252 0.0 
17000 106 188.743 -2372.884 -16.362 0.7409 0.0 
18000 107 204.968 -2383.632 -16.146 0.8268 0.0 
19000 108 220.869 -2391.203 -16.052 0.9324 0.0 
20000 109 236.451 -2403.853 -15.923 1.0161 0.0 
21000 110 251.722 -2416.277 -15.867 1.1192 0.0 
22000 111 266.688 -2429.386 -15.789 1.2176 0.0 
23000 115 276.017 -2526.888 -16.244 1.2883 0.0 
24000 119 268.13 -2638.469 -17.491 1.2334 0.0 
25000 122 279.645 -2698.551 -17.692 1.3169 0.0 
26000 126 271.737 -2857.788 -19.443 1.261 0.0 
27000 129 279.166 -2924.991 -19.552 1.2986 0.0 
28000 130 293.583 -2944.131 -19.44 1.4182 0.0 
29000 131 291.771 -2975.783 -19.449 1.4039 0.0 
30000 134 303.587 -3023.018 -19.514 1.487 0.0 
31000 135 317.515 -3035.827 -19.378 1.5616 0.0 
32000 137 328.861 -3057.406 -19.181 1.6177 0.0 
33000 138 342.284 -3087.336 -18.97 1.6916 0.0 
34000 139 339.478 -3099.87 -19.012 1.6718 0.0 
35000 144 340.915 -3146.261 -18.13 1.6849 0.0 
36000 148 332.416 -3207.237 -18.023 1.6196 0.0 
37000 149 345.767 -3216.204 -17.893 1.7083 0.0 
38000 151 356.775 -3233.853 -17.502 1.8188 0.0 
39000 152 369.639 -3246.174 -17.408 1.9142 0.0 
40000 153 382.247 -3256.958 -17.26 1.9998 0.0 
41000 154 394.602 -3267.523 -17.14 2.0656 0.0 
42000 155 406.71 -3278.605 -17.006 2.1355 0.0 
43000 156 418.576 -3284.154 -16.775 2.1865 0.0 
44000 157 430.204 -3287.535 -16.522 2.2461 0.0 
45000 158 441.6 -3296.184 -16.356 2.3319 0.0 
46000 159 452.768 -3302.604 -16.168 2.3826 0.0 
47000 160 463.713 -3310.835 -16.006 2.458 0.0 
48000 161 474.438 -3318.475 -15.825 2.52 0.0 
49000 162 484.95 -3330.392 -15.769 2.5917 0.0 
50000 163 495.251 -3339.278 -15.631 2.6467 0.0 
51000 164 505.346 -3348.806 -15.486 2.7152 0.0 
52000 165 515.239 -3358.541 -15.382 2.7707 0.0 
53000 166 524.934 -3368.999 -15.28 2.8424 0.0 
54000 167 534.435 -3381.502 -15.215 2.8985 0.0 
55000 168 543.746 -3392.914 -15.162 2.9486 0.0 
56000 169 552.872 -3400.745 -15.004 3.0268 0.0 
57000 170 561.814 -3409.178 -14.867 3.0658 0.0 
58000 171 570.578 -3420.331 -14.795 3.137 0.0 
59000 172 579.166 -3428.098 -14.664 3.158 0.0 
60000 173 587.583 -3440.389 -14.609 3.2042 0.0 
61000 174 595.831 -3449.48 -14.509 3.2558 0.0 
62000 175 603.915 -3456.697 -14.348 3.287 0.0 
63000 176 611.836 -3467.479 -14.285 3.3376 0.0 
64000 177 619.6 -3476.968 -14.21 3.3709 0.0 
65000 178 627.208 -3483.138 -14.032 3.4006 0.0 
66000 179 634.664 -3494.175 -13.963 3.4618 0.0 
67000 180 641.97 -3502.041 -13.84 3.5201 0.0 
68000 181 649.131 -3510.681 -13.755 3.5839 0.0 
69000 182 656.148 -3521.932 -13.682 3.6316 0.0 
70000 183 663.025 -3531.492 -13.611 3.6691 0.0 
71000 184 669.765 -3540.681 -13.516 3.7277 0.0 
72000 185 676.369 -3551.215 -13.46 3.7668 0.0 
73000 186 682.842 -3561.245 -13.391 3.7948 0.0 
74000 187 689.185 -3569.91 -13.305 3.8179 0.0 
75000 188 695.402 -3579.678 -13.223 3.8734 0.0 
76000 189 701.493 -3589.077 -13.138 3.9133 0.0 
77000 190 707.464 -3600.659 -13.114 3.9425 0.0 
78000 191 713.314 -3606.139 -12.955 3.975 0.0 
79000 192 719.048 -3617.715 -12.943 4.0507 0.0 
80000 194 706.561 -3645.047 -12.822 3.948 0.0 
81000 197 682.513 -3698.894 -13.071 3.7791 0.0 
82000 201 653.977 -3763.388 -13.438 3.5711 0.0 
83000 204 633.297 -3823.879 -13.762 3.425 0.0 
84000 208 598.074 -3867.895 -13.454 3.2037 0.0 
85000 211 583.145 -3906.579 -13.485 3.0889 0.0 
86000 214 570.396 -3950.902 -13.729 2.9951 0.0 
87000 218 550.571 -4020.704 -13.988 2.8512 0.0 
88000 221 536.416 -4066.077 -14.168 2.7534 0.0 
89000 224 526.03 -4125.406 -14.418 2.6723 0.0 
90000 227 505.452 -4180.706 -14.448 2.5498 0.0 
91000 228 507.343 -4194.792 -14.568 2.5522 0.0 
92000 230 517.672 -4216.403 -14.483 2.6256 0.0 
93000 233 510.066 -4261.972 -14.339 2.5668 0.0 
94000 234 504.244 -4281.929 -14.385 2.5308 0.0 
95000 240 478.211 -4336.67 -14.05 2.3835 0.0 
96000 243 471.259 -4365.217 -13.85 2.34 0.0 
97000 245 463.342 -4385.206 -13.597 2.2839 0.0 
98000 247 469.13 -4387.215 -13.125 2.2957 0.0 
99000 249 474.112 -4415.817 -13.069 2.2964 0.0 
100000 254 449.455 -4465.413 -12.836 2.145 0.0 
101000 256 442.535 -4491.265 -12.777 2.0971 0.0 
102000 260 435.182 -4534.962 -12.733 2.0456 0.0 
103000 261 446.478 -4555.155 -12.712 2.1662 0.0 
104000 264 438.27 -4576.442 -12.34 2.1241 0.0 
105000 265 433.705 -4587.628 -12.287 2.0972 0.0 
106000 267 439.59 -4602.541 -12.199 2.1462 0.0 
107000 270 445.104 -4615.273 -11.686 2.1747 0.0 
108000 272 437.27 -4633.142 -11.562 2.1246 0.0 
109000 275 436.9 -4642.954 -11.227 2.1305 0.0 
110000 278 437.712 -4656.605 -10.853 2.1537 0.0 
111000 281 424.603 -4667.752 -10.415 2.0715 0.0 
112000 283 433.839 -4681.738 -10.306 2.1129 0.0 
113000 287 419.413 -4703.728 -9.95 2.022 0.0 
114000 291 406.106 -4715.574 -9.418 1.9352 0.0 
115000 295 393.04 -4736.996 -9.007 1.8519 0.0 
116000 301 368.351 -4770.508 -8.731 1.7056 0.0 
117000 304 366.128 -4801.885 -8.734 1.6941 0.0 
118000 307 363.393 -4816.33 -8.612 1.6733 0.0 
119000 309 364.616 -4835.736 -8.484 1.6697 0.0 
120000 313 358.499 -4854.553 -8.346 1.6239 0.0 
121000 316 358.906 -4878.065 -8.287 1.6324 0.0 
122000 321 342.566 -4902.611 -7.865 1.5411 0.0 
123000 325 336.725 -4927.703 -7.794 1.5113 0.0 
124000 331 318.118 -4954.043 -7.43 1.4052 0.0 
125000 333 323.046 -4949.235 -7.059 1.4381 0.0 
126000 334 324.266 -4954.053 -6.951 1.4411 0.0 
127000 337 336.9 -4961.377 -6.716 1.4982 0.0 
128000 339 330.542 -4967.241 -6.564 1.4633 0.0 
129000 341 350.812 -4973.797 -6.503 1.6392 0.0 
130000 344 347.108 -4974.459 -6.092 1.6158 0.0 
131000 346 351.978 -4962.407 -5.709 1.641 0.0 
132000 347 359.579 -4960.217 -5.393 1.6834 0.0 
133000 349 367.21 -4963.591 -5.331 1.7287 0.0 
134000 350 376.106 -4959.447 -5.136 1.7863 0.0 
135000 352 384.772 -4963.289 -5.069 1.8568 0.0 
136000 355 387.889 -4961.271 -4.629 1.8704 0.0 
137000 357 390.835 -4952.417 -4.26 1.8851 0.0 
138000 361 374.185 -4956.314 -4.085 1.7836 0.0 
139000 363 383.264 -4940.978 -3.563 1.8328 0.0 
140000 366 380.366 -4939.017 -3.298 1.8067 0.0 
141000 368 388.3 -4921.715 -2.887 1.8504 0.0 
142000 369 394.034 -4918.015 -2.771 1.8729 0.0 
143000 370 402.673 -4915.793 -2.72 1.9141 0.0 
144000 371 414.62 -4903.702 -2.484 2.0086 0.0 
145000 373 417.266 -4888.956 -2.027 2.0121 0.0 
146000 376 423.538 -4884.352 -1.721 2.0416 0.0 
147000 381 401.964 -4886.27 -1.577 1.9101 0.0 
148000 383 392.493 -4885.919 -1.615 1.8545 0.0 
149000 386 401.854 -4886.605 -1.469 1.9078 0.0 
150000 388 406.384 -4882.099 -1.291 1.9315 0.0 
151000 389 401.717 -4888.803 -1.329 1.9038 0.0 
152000 390 413.682 -4894.591 -1.437 1.9888 0.0 
153000 393 423.058 -4881.249 -1.149 2.0583 0.0 
154000 394 421.797 -4868.3 -1.042 2.044 0.0 
155000 397 430.191 -4851.115 -0.47 2.0854 0.0 
156000 398 441.568 -4845.46 -0.336 2.1408 0.0 
157000 400 439.882 -4825.56 -0.021 2.1366 0.0 
158000 402 434.453 -4819.711 0.125 2.0988 0.0 
159000 405 436.668 -4803.314 0.414 2.1103 0.0 
160000 406 447.935 -4801.769 0.546 2.1676 0.0 
161000 410 433.979 -4796.41 0.574 2.0786 0.0 
162000 413 424.404 -4800.991 0.379 2.0173 0.0 
163000 415 429.081 -4787.814 0.655 2.0322 0.0 
164000 417 434.975 -4786.24 0.662 2.0764 0.0 
165000 420 429.968 -4777.169 0.826 2.039 0.0 
166000 421 431.289 -4762.158 0.975 2.0478 0.0 
167000 424 430.933 -4739.253 1.45 2.051 0.0 
168000 427 424.458 -4722.112 1.737 2.0028 0.0 
169000 428 435.969 -4727.727 1.625 2.0414 0.0 
170000 429 445.01 -4727.694 1.608 2.1164 0.0 
171000 431 452.208 -4724.365 1.566 2.1721 0.0 
172000 433 453.557 -4706.463 1.781 2.1873 0.0 
173000 435 450.201 -4696.947 1.902 2.1662 0.0 
174000 437 458.9 -4696.892 1.888 2.2416 0.0 
175000 438 469.722 -4688.485 2.03 2.2961 0.0 
176000 439 480.328 -4680.53 2.165 2.3853 0.0 
177000 440 484.141 -4670.856 2.265 2.4127 0.0 
178000 442 486.529 -4657.206 2.457 2.4114 0.0 
179000 443 488.999 -4657.491 2.437 2.4114 0.0 
180000 444 495.259 -4658.14 2.445 2.4501 0.0 
181000 445 505.354 -4652.073 2.335 2.526 0.0 
182000 447 515.522 -4643.713 2.414 2.567 0.0 
183000 448 525.211 -4641.12 2.444 2.6233 0.0 
184000 449 534.707 -4638.374 2.463 2.6584 0.0 
185000 450 537.093 -4644.455 2.373 2.6831 0.0 
186000 452 548.964 -4637.283 2.38 2.7717 0.0 
187000 453 553.265 -4624.213 2.567 2.7898 0.0 
188000 455 553.965 -4607.797 2.831 2.8035 0.0 
189000 456 549.606 -4607.419 2.798 2.7774 0.0 
190000 458 561.559 -4592.185 3.039 2.8474 0.0 
191000 460 555.02 -4574.568 3.106 2.815 0.0 
192000 462 554.349 -4569.999 3.199 2.8238 0.0 
193000 464 555.481 -4550.538 3.442 2.8156 0.0 
194000 466 554.309 -4550.086 3.393 2.8003 0.0 
195000 467 563.223 -4557.856 3.122 2.8466 0.0 
196000 468 558.679 -4539.129 3.168 2.818 0.0 
197000 469 567.505 -4525.166 3.413 2.8429 0.0 
198000 471 574.633 -4509.765 3.695 2.8643 0.0 
199000 472 583.14 -4502.264 3.814 2.9424 0.0 
200000 475 571.308 -4479.244 4.083 2.8841 0.0 
201000 477 564.57 -4452.151 4.374 2.8555 0.0 
202000 479 564.357 -4439.297 4.486 2.8405 0.0 
203000 481 560.616 -4439.511 4.394 2.8104 0.0 
204000 483 559.898 -4429.758 4.378 2.7827 0.0 
205000 485 553.059 -4414.117 4.446 2.7293 0.0 
206000 486 561.118 -4411.292 4.419 2.8042 0.0 
207000 488 557.974 -4402.57 4.476 2.7884 0.0 
208000 489 559.814 -4410.676 4.442 2.7984 0.0 
209000 490 568.618 -4419.272 4.108 2.9099 0.0 
210000 491 575.986 -4420.561 4.092 2.9683 0.0 
211000 493 575.817 -4411.233 3.712 2.9834 0.0 
212000 494 584.3 -4405.019 3.852 3.0196 0.0 
213000 496 585.581 -4402.017 3.813 3.028 0.0 
214000 498 582.392 -4411.782 3.519 2.9931 0.0 
215000 499 580.204 -4419.515 3.511 2.9846 0.0 
216000 501 589.188 -4426.515 3.02 3.0173 0.0 
217000 503 590.701 -4415.85 3.067 3.0164 0.0 
218000 504 584.407 -4421.19 3.101 2.9778 0.0 
219000 505 592.718 -4421.952 3.003 3.047 0.0 
220000 507 601.627 -4423.123 2.719 3.1494 0.0 
221000 509 584.904 -4414.766 2.717 3.0495 0.0 
222000 513 573.67 -4406.28 2.761 2.9671 0.0 
223000 518 538.348 -4397.285 2.661 2.7526 0.0 
224000 521 522.954 -4388.833 2.614 2.6537 0.0 
225000 524 511.548 -4383.793 2.572 2.5723 0.0 
226000 525 516.497 -4385.81 2.449 2.588 0.0 
227000 526 518.587 -4382.804 2.504 2.5953 0.0 
228000 527 528.215 -4385.532 2.457 2.6731 0.0 
229000 529 534.118 -4386.811 2.285 2.7149 0.0 
230000 530 543.435 -4390.308 2.12 2.8214 0.0 
231000 531 552.567 -4396.595 1.994 2.9347 0.0 
232000 532 561.515 -4397.96 1.859 3.0056 0.0 
233000 533 561.145 -4404.397 1.869 2.9892 0.0 
234000 536 560.486 -4410.901 1.569 2.9713 0.0 
235000 539 550.786 -4403.683 1.596 2.8914 0.0 
236000 542 533.887 -4401.084 1.516 2.7782 0.0 
237000 545 524.022 -4387.278 1.703 2.706 0.0 
238000 547 515.987 -4380.997 1.845 2.6532 0.0 
239000 549 511.627 -4380.849 1.85 2.6282 0.0 
240000 550 521.394 -4377.707 1.643 2.7057 0.0 
241000 551 530.966 -4383.864 1.646 2.7484 0.0 
242000 554 526.778 -4387.556 1.428 2.7427 0.0 
243000 555 524.662 -4392.632 1.424 2.7247 0.0 
244000 556 534.169 -4400.46 1.241 2.8266 0.0 
245000 558 542.196 -4388.052 1.296 2.8751 0.0 
246000 562 525.806 -4369.701 1.475 2.7524 0.0 
247000 563 535.29 -4373.235 1.405 2.7825 0.0 
248000 566 519.046 -4357.407 1.696 2.6747 0.0 
249000 569 506.541 -4344.016 1.698 2.5839 0.0 
250000 570 513.17 -4345.663 1.79 2.6126 0.0 
251000 572 518.269 -4345.868 1.664 2.6423 0.0 
252000 576 501.197 -4333.754 1.806 2.5242 0.0 
253000 579 490.587 -4312.383 2.123 2.4502 0.0 
254000 581 479.244 -4311.353 2.108 2.3814 0.0 
255000 584 480.219 -4314.201 1.944 2.3899 0.0 
256000 585 475.415 -4318.702 1.851 2.3595 0.0 
257000 587 481.749 -4315.649 1.741 2.388 0.0 
258000 590 482.402 -4312.311 1.648 2.3865 0.0 
259000 591 486.674 -4319.664 1.547 2.4301 0.0 
260000 593 486.093 -4313.126 1.527 2.4111 0.0 
261000 598 468.569 -4303.972 1.655 2.2918 0.0 
262000 601 459.092 -4291.517 1.763 2.2286 0.0 
263000 603 452.676 -4283.862 1.83 2.1864 0.0 
264000 606 452.728 -4286.126 1.665 2.1713 0.0 
265000 610 436.513 -4276.084 1.782 2.0733 0.0 
266000 614 419.728 -4264.896 1.779 1.9739 0.0 
267000 615 431.334 -4274.59 1.696 2.0282 0.0 
268000 619 419.093 -4263.032 1.75 1.9481 0.0 
269000 622 413.043 -4254.313 1.786 1.9054 0.0 
270000 625 404.805 -4244.883 1.802 1.852 0.0 
271000 626 412.969 -4253.794 1.693 1.9144 0.0 
272000 628 422.095 -4253.762 1.63 1.955 0.0 
273000 632 409.589 -4249.257 1.572 1.8821 0.0 
274000 639 378.24 -4232.387 1.678 1.7117 0.0 
275000 642 368.666 -4227.648 1.736 1.6576 0.0 
276000 645 370.071 -4228.609 1.597 1.6967 0.0 
277000 650 355.114 -4225.868 1.423 1.6075 0.0 
278000 653 341.747 -4226.784 1.345 1.5375 0.0 
279000 655 352.714 -4228.86 1.277 1.6079 0.0 
280000 660 347.012 -4226.45 1.207 1.5635 0.0 
281000 665 331.275 -4215.105 1.259 1.4726 0.0 
282000 671 312.62 -4209.238 1.223 1.3688 0.0 
283000 676 299.707 -4212.463 1.103 1.2948 0.0 
284000 681 292.091 -4199.596 1.235 1.246 0.0 
285000 686 283.53 -4202.284 1.024 1.1927 0.0 
286000 691 276.79 -4224.483 0.533 1.1483 0.0 
287000 697 261.347 -4255.975 0.004 1.0704 0.0 
288000 703 252.045 -4265.366 -0.317 1.0194 0.0 
289000 708 246.701 -4259.278 -0.192 0.9883 0.0 
290000 710 246.414 -4252.774 -0.175 0.9853 0.0 
291000 713 263.195 -4249.261 0.057 1.1024 0.0 
292000 718 256.738 -4245.24 0.124 1.0663 0.0 
293000 721 252.178 -4239.446 0.195 1.0484 0.0 
294000 726 255.728 -4251.138 0.006 1.0776 0.0 
295000 733 240.342 -4270.427 -0.318 0.9983 0.0 
296000 740 227.449 -4290.544 -0.716 0.9441 0.0 
297000 745 222.958 -4303.292 -0.856 0.9237 0.0 
298000 747 221.712 -4304.375 -0.833 0.9175 0.0 
299000 752 232.5 -4308.778 -0.915 1.0003 0.0 
300000 758 224.284 -4310.806 -0.859 0.9583 0.0 
301000 763 221.913 -4303.376 -0.603 0.9446 0.0 
302000 768 221.113 -4291.477 -0.302 0.9271 0.0 
303000 773 216.996 -4295.013 -0.303 0.8956 0.0 
304000 778 215.063 -4292.568 -0.231 0.8736 0.0 
305000 782 215.384 -4290.531 0.07 0.8645 0.0 
306000 784 217.077 -4303.866 -0.389 0.867 0.0 
307000 789 228.051 -4313.333 -0.623 0.9258 0.0 
308000 794 223.784 -4306.587 -0.414 0.8979 0.0 
309000 799 223.074 -4296.221 -0.242 0.8858 0.0 
310000 800 238.613 -4301.072 -0.284 0.9686 0.0 
311000 802 238.622 -4300.919 -0.201 0.9638 0.0 
312000 804 254.512 -4305.188 -0.37 1.0388 0.0 
313000 805 269.422 -4315.643 -0.524 1.1449 0.0 
314000 806 284.034 -4322.781 -0.723 1.2427 0.0 
315000 807 298.353 -4332.942 -0.849 1.2993 0.0 
316000 808 312.386 -4340.77 -1.065 1.3646 0.0 
317000 809 326.138 -4350.017 -1.225 1.4539 0.0 
318000 810 326.696 -4365.157 -1.166 1.4495 0.0 
319000 811 340.162 -4375.871 -1.409 1.5127 0.0 
320000 812 353.358 -4389.119 -1.59 1.5644 0.0 
321000 813 366.291 -4395.997 -1.8 1.6417 0.0 
322000 814 378.965 -4403.268 -1.917 1.6991 0.0 
323000 816 387.558 -4408.589 -2.05 1.7422 0.0 
324000 820 388.682 -4410.296 -1.99 1.7422 0.0 
325000 822 394.497 -4422.841 -2.154 1.7665 0.0 
326000 823 401.627 -4430.385 -2.305 1.811 0.0 
327000 824 413.594 -4443.993 -2.516 1.8855 0.0 
328000 825 425.322 -4457.079 -2.702 1.9931 0.0 
329000 826 436.816 -4468.391 -2.894 2.0795 0.0 
330000 827 443.86 -4483.232 -3.008 2.129 0.0 
331000 828 454.982 -4496.054 -3.193 2.2109 0.0 
332000 829 465.883 -4504.603 -3.37 2.2747 0.0 
333000 830 476.565 -4509.512 -3.462 2.3119 0.0 
334000 831 487.034 -4517.149 -3.516 2.3439 0.0 
335000 832 497.293 -4527.314 -3.627 2.3835 0.0 
336000 833 507.347 -4534.263 -3.721 2.4668 0.0 
337000 834 517.2 -4545.98 -3.841 2.5326 0.0 
338000 835 526.856 -4556.164 -3.966 2.5784 0.0 
339000 837 530.113 -4555.956 -3.892 2.5869 0.0 
340000 838 539.51 -4565.555 -3.98 2.6732 0.0 
341000 840 543.566 -4576.213 -3.991 2.6775 0.0 
342000 841 552.695 -4587.231 -4.148 2.7275 0.0 
343000 842 561.641 -4594.814 -4.214 2.7816 0.0 
344000 843 570.408 -4599.447 -4.242 2.8227 0.0 
345000 844 579.0 -4611.137 -4.351 2.874 0.0 
346000 845 587.42 -4623.509 -4.557 2.9432 0.0 
347000 846 581.051 -4626.92 -4.338 2.9034 0.0 
348000 847 589.43 -4634.745 -4.488 2.9356 0.0 
349000 848 597.642 -4648.861 -4.601 3.0197 0.0 
350000 849 605.689 -4659.431 -4.734 3.082 0.0 
351000 850 613.575 -4670.28 -4.84 3.1119 0.0 
352000 851 621.304 -4677.971 -4.982 3.1437 0.0 
353000 852 628.877 -4686.822 -5.062 3.1654 0.0 
354000 853 636.3 -4696.087 -5.116 3.2243 0.0 
355000 854 643.574 -4706.786 -5.205 3.2752 0.0 
356000 855 650.702 -4716.738 -5.297 3.3006 0.0 
357000 856 657.688 -4725.067 -5.386 3.3437 0.0 
358000 857 664.535 -4733.381 -5.488 3.3775 0.0 
359000 858 671.244 -4745.416 -5.529 3.3882 0.0 
360000 859 677.819 -4757.666 -5.668 3.4317 0.0 
361000 860 684.263 -4767.832 -5.773 3.4563 0.0 
362000 861 690.577 -4780.111 -5.893 3.5215 0.0 
363000 862 696.766 -4790.393 -5.987 3.5419 0.0 
364000 863 702.831 -4800.368 -6.06 3.5632 0.0 
365000 864 708.774 -4810.613 -6.164 3.6166 0.0 
366000 865 714.598 -4822.165 -6.247 3.6687 0.0 
367000 866 720.307 -4832.604 -6.329 3.6927 0.0 
368000 867 725.9 -4843.235 -6.454 3.7641 0.0 
369000 868 731.382 -4854.204 -6.517 3.794 0.0 
370000 869 736.755 -4866.975 -6.59 3.8208 0.0 
371000 871 731.799 -4858.903 -6.41 3.8101 0.0 
372000 872 737.163 -4864.984 -6.43 3.8229 0.0 
373000 873 742.42 -4874.409 -6.387 3.8577 0.0 
374000 874 747.572 -4882.715 -6.438 3.9015 0.0 
375000 875 752.62 -4888.582 -6.433 3.935 0.0 
376000 876 757.568 -4894.732 -6.462 3.9471 0.0 
377000 877 762.416 -4902.453 -6.487 4.0106 0.0 
378000 878 767.168 -4907.339 -6.459 4.0318 0.0 
379000 879 771.825 -4911.937 -6.461 4.0487 0.0 
380000 880 776.388 -4907.588 -6.416 4.1086 0.0 
381000 881 774.72 -4911.344 -6.014 4.0878 0.0 
382000 883 768.582 -4909.817 -5.804 4.0466 0.0 
383000 885 762.946 -4904.71 -5.55 3.9905 0.0 
384000 886 767.687 -4912.769 -5.628 4.0531 0.0 
385000 887 772.333 -4910.756 -5.633 4.0955 0.0 
386000 888 776.886 -4927.342 -5.635 4.1279 0.0 
387000 889 781.349 -4932.356 -5.718 4.1614 0.0 
388000 890 785.722 -4944.358 -5.762 4.1843 0.0 
389000 891 790.007 -4954.622 -5.864 4.2457 0.0 
390000 892 794.207 -4956.38 -5.852 4.2704 0.0 
391000 893 798.323 -4965.543 -5.866 4.2777 0.0 
392000 894 802.357 -4973.122 -5.946 4.2784 0.0 
393000 895 806.309 -4977.061 -5.972 4.3117 0.0 
394000 896 810.183 -4984.118 -5.951 4.3205 0.0 
395000 897 813.98 -4991.065 -5.935 4.3727 0.0 
396000 898 817.7 -5000.762 -5.952 4.3956 0.0 
397000 899 821.346 -5001.239 -5.943 4.4278 0.0 
398000 901 814.335 -4999.523 -5.567 4.386 0.0 
399000 902 818.048 -4995.489 -5.328 4.3779 0.0 
400000 903 818.427 -4983.901 -5.151 4.3906 0.0 
401000 904 812.299 -4984.328 -4.912 4.3517 0.0 
402000 905 814.553 -4977.931 -4.748 4.352 0.0 
403000 906 818.262 -4982.061 -4.665 4.3756 0.0 
404000 907 821.897 -4987.354 -4.653 4.4345 0.0 
405000 908 822.099 -4983.375 -4.537 4.435 0.0 
406000 909 825.657 -4980.574 -4.448 4.4863 0.0 
407000 910 829.144 -4982.537 -4.335 4.4993 0.0 
408000 912 821.029 -4972.925 -3.984 4.4463 0.0 
409000 914 819.517 -4968.322 -3.76 4.403 0.0 
410000 917 791.573 -4943.636 -3.023 4.2211 0.0 
411000 918 794.422 -4933.127 -2.802 4.2067 0.0 
412000 921 769.867 -4904.801 -1.998 4.0534 0.0 
413000 922 761.209 -4882.368 -1.604 3.9982 0.0 
414000 924 754.931 -4853.533 -1.022 3.9487 0.0 
415000 925 759.833 -4847.665 -0.845 3.9794 0.0 
416000 926 755.836 -4845.123 -0.67 3.9503 0.0 
417000 928 757.705 -4830.28 -0.528 3.9516 0.0 
418000 929 754.191 -4829.484 -0.342 3.9226 0.0 
419000 931 748.762 -4805.997 0.094 3.882 0.0 
420000 932 753.787 -4809.927 0.04 3.8909 0.0 
421000 934 742.675 -4799.668 0.199 3.8472 0.0 
422000 935 745.722 -4800.391 0.247 3.8815 0.0 
423000 936 750.807 -4799.558 0.266 3.9408 0.0 
424000 938 750.735 -4797.542 0.27 3.9327 0.0 
425000 940 739.95 -4780.695 0.467 3.8848 0.0 
426000 941 745.151 -4786.872 0.382 3.9101 0.0 
427000 942 750.248 -4792.091 0.301 3.9389 0.0 
428000 943 755.243 -4795.816 0.198 3.9484 0.0 
429000 945 739.941 -4769.381 0.672 3.8525 0.0 
430000 946 745.142 -4775.492 0.598 3.9316 0.0 
431000 947 750.239 -4779.178 0.41 4.0009 0.0 
432000 948 749.954 -4784.323 0.553 4.019 0.0 
433000 950 745.276 -4772.057 0.582 3.995 0.0 
434000 951 745.431 -4774.608 0.564 3.9789 0.0 
435000 953 740.552 -4755.962 0.76 3.9726 0.0 
436000 955 738.146 -4742.126 1.232 3.9337 0.0 
437000 957 724.206 -4724.542 1.417 3.8502 0.0 
438000 958 722.182 -4733.176 1.326 3.8331 0.0 
439000 960 717.724 -4731.182 1.277 3.8065 0.0 
440000 961 721.009 -4732.084 1.221 3.8445 0.0 
441000 964 705.64 -4710.432 1.567 3.7489 0.0 
442000 967 685.933 -4689.746 1.927 3.6274 0.0 
443000 969 676.614 -4673.934 2.122 3.5657 0.0 
444000 972 652.834 -4657.378 2.253 3.4198 0.0 
445000 973 659.778 -4660.432 2.173 3.4329 0.0 
446000 974 666.582 -4663.971 2.086 3.446 0.0 
447000 975 673.25 -4670.402 1.924 3.5077 0.0 
448000 976 679.785 -4673.973 1.808 3.5804 0.0 
449000 977 686.19 -4672.105 1.801 3.6472 0.0 
450000 978 692.466 -4671.071 1.681 3.6791 0.0 
451000 980 690.093 -4662.891 1.948 3.6678 0.0 
452000 981 696.292 -4663.483 1.868 3.6861 0.0 
453000 982 691.826 -4658.449 1.911 3.6523 0.0 
454000 983 690.929 -4659.745 2.038 3.6473 0.0 
455000 986 686.529 -4636.697 2.191 3.6203 0.0 
456000 988 674.534 -4611.981 2.517 3.5425 0.0 
457000 990 665.163 -4585.733 2.854 3.4813 0.0 
458000 993 651.891 -4558.278 3.319 3.3926 0.0 
459000 995 642.762 -4533.69 3.642 3.3283 0.0 
460000 997 637.54 -4532.31 3.547 3.2844 0.0 
461000 999 636.772 -4525.79 3.666 3.2883 0.0 
462000 1000 637.277 -4507.856 3.878 3.2914 0.0 
463000 1001 632.751 -4499.584 3.954 3.26 0.0 
464000 1004 632.259 -4485.464 4.043 3.2527 0.0 
465000 1005 632.594 -4483.477 3.931 3.2489 0.0 
466000 1006 639.942 -4485.68 3.775 3.2895 0.0 
467000 1007 647.143 -4491.724 3.637 3.3716 0.0 
468000 1008 654.2 -4494.462 3.473 3.4771 0.0 
469000 1009 661.116 -4501.522 3.303 3.5585 0.0 
470000 1010 660.154 -4495.612 3.365 3.5646 0.0 
471000 1012 667.653 -4482.336 3.544 3.5737 0.0 
472000 1013 674.3 -4480.77 3.467 3.6592 0.0 
473000 1014 671.334 -4471.106 3.581 3.6404 0.0 
474000 1016 669.07 -4453.937 3.699 3.6426 0.0 
475000 1017 675.689 -4450.528 3.673 3.6778 0.0 
476000 1018 682.175 -4451.122 3.643 3.7333 0.0 
477000 1019 688.531 -4453.128 3.553 3.8135 0.0 
478000 1021 680.748 -4438.277 3.725 3.7486 0.0 
479000 1022 687.133 -4438.146 3.604 3.8071 0.0 
480000 1023 693.391 -4438.792 3.467 3.8574 0.0 
481000 1024 692.603 -4433.473 3.585 3.8512 0.0 
482000 1026 696.996 -4418.213 3.798 3.8597 0.0 
483000 1027 703.056 -4416.408 3.746 3.8833 0.0 
484000 1028 708.995 -4417.962 3.627 3.9072 0.0 
485000 1029 714.815 -4417.646 3.594 3.9513 0.0 
486000 1030 716.399 -4406.717 3.66 3.9828 0.0 
487000 1031 713.351 -4392.139 3.927 3.9605 0.0 
488000 1032 719.084 -4393.783 3.831 3.9897 0.0 
489000 1033 721.082 -4389.666 3.814 4.0104 0.0 
490000 1035 725.067 -4372.045 3.961 4.0648 0.0 
491000 1037 719.673 -4351.69 4.226 4.0254 0.0 
492000 1038 723.44 -4352.339 4.13 4.0239 0.0 
493000 1040 714.732 -4330.283 4.452 3.9552 0.0 
494000 1041 714.157 -4317.501 4.612 3.9532 0.0 
495000 1042 719.874 -4318.755 4.428 3.9882 0.0 
496000 1043 725.477 -4319.243 4.367 4.0235 0.0 
497000 1044 725.627 -4328.755 4.226 4.0143 0.0 
498000 1045 731.115 -4331.803 4.02 4.0412 0.0 
499000 1046 736.492 -4335.321 3.864 4.061 0.0 
500000 1047 741.763 -4337.355 3.749 4.0662 0.0 
501000 1048 746.927 -4341.528 3.624 4.1051 0.0 
502000 1049 751.989 -4340.099 3.488 4.1964 0.0 
503000 1050 756.949 -4340.94 3.425 4.244 0.0 
504000 1051 761.81 -4341.893 3.35 4.3141 0.0 
505000 1053 755.002 -4339.702 3.301 4.2681 0.0 
506000 1055 752.624 -4335.829 3.175 4.2419 0.0 
507000 1056 747.452 -4336.063 3.156 4.2155 0.0 
508000 1058 741.333 -4332.971 3.045 4.1759 0.0 
509000 1059 741.186 -4329.3 3.085 4.1552 0.0 
510000 1060 743.582 -4335.827 3.097 4.1555 0.0 
511000 1062 742.988 -4327.943 2.909 4.1657 0.0 
512000 1063 748.129 -4329.814 2.777 4.1667 0.0 
513000 1064 753.166 -4331.566 2.731 4.1949 0.0 
514000 1065 758.103 -4330.612 2.65 4.2316 0.0 
515000 1066 762.941 -4338.533 2.495 4.2977 0.0 
516000 1068 746.115 -4335.07 2.53 4.1812 0.0 
517000 1071 728.219 -4330.503 2.343 4.0644 0.0 
518000 1073 725.182 -4333.343 2.299 4.0165 0.0 
519000 1074 729.698 -4334.554 2.22 4.03 0.0 
520000 1079 678.378 -4328.696 2.089 3.709 0.0 
521000 1080 669.91 -4331.88 2.094 3.6543 0.0 
522000 1081 676.512 -4336.32 1.991 3.7337 0.0 
523000 1082 682.982 -4342.399 1.858 3.7829 0.0 
524000 1083 689.322 -4346.894 1.691 3.805 0.0 
525000 1084 695.536 -4353.233 1.565 3.8289 0.0 
526000 1085 701.625 -4356.835 1.419 3.8845 0.0 
527000 1086 707.593 -4364.81 1.326 3.9249 0.0 
528000 1087 713.441 -4369.868 1.144 3.9642 0.0 
529000 1088 719.172 -4373.087 1.01 3.9811 0.0 
530000 1090 724.333 -4370.104 1.008 4.0163 0.0 
531000 1093 694.966 -4366.472 0.907 3.8286 0.0 
532000 1094 694.926 -4370.593 0.946 3.81 0.0 
533000 1095 701.028 -4373.892 0.825 3.8471 0.0 
534000 1097 702.952 -4363.219 0.903 3.8542 0.0 
535000 1099 689.76 -4361.587 0.974 3.7704 0.0 
536000 1100 695.965 -4364.093 0.865 3.7812 0.0 
537000 1101 702.045 -4367.72 0.776 3.8317 0.0 
538000 1102 708.005 -4371.36 0.675 3.894 0.0 
539000 1103 713.844 -4378.253 0.562 3.9386 0.0 
540000 1104 719.568 -4383.368 0.427 3.9529 0.0 
541000 1105 725.176 -4388.415 0.318 3.9774 0.0 
542000 1106 730.673 -4391.236 0.242 3.9962 0.0 
543000 1107 736.059 -4395.141 0.152 4.0194 0.0 
544000 1108 741.338 -4397.205 0.122 4.053 0.0 
545000 1109 746.511 -4399.491 0.053 4.1024 0.0 
546000 1110 751.581 -4405.912 -0.006 4.1057 0.0 
547000 1111 756.549 -4411.006 -0.137 4.1252 0.0 
548000 1112 761.418 -4417.623 -0.258 4.1486 0.0 
549000 1113 766.19 -4420.968 -0.345 4.2088 0.0 
550000 1114 770.866 -4426.518 -0.425 4.2414 0.0 
551000 1115 775.449 -4431.07 -0.507 4.2492 0.0 
552000 1116 779.94 -4434.594 -0.579 4.27 0.0 
553000 1117 784.341 -4434.838 -0.579 4.3052 0.0 
554000 1118 788.654 -4429.414 -0.529 4.361 0.0 
555000 1119 792.881 -4433.837 -0.548 4.4177 0.0 
556000 1120 797.024 -4434.382 -0.559 4.6159 0.0 
557000 1121 801.083 -4437.826 -0.578 4.7004 0.0 
558000 1122 805.061 -4443.94 -0.703 4.7201 0.0 
559000 1123 808.96 -4445.215 -0.755 4.7111 0.0 
560000 1124 809.301 -4450.114 -0.702 4.7192 0.0 
561000 1125 813.115 -4452.272 -0.815 4.7261 0.0 
562000 1126 816.853 -4449.251 -0.737 4.7507 0.0 
563000 1127 820.516 -4453.54 -0.776 4.7717 0.0 
564000 1128 824.105 -4459.674 -0.812 4.8366 0.0 
565000 1129 827.623 -4463.113 -0.938 4.8957 0.0 
566000 1130 831.071 -4466.252 -1.0 4.9182 0.0 
567000 1131 831.409 -4467.904 -0.876 4.9435 0.0 
568000 1132 834.781 -4466.262 -0.954 4.9613 0.0 
569000 1133 838.086 -4468.092 -0.92 4.9949 0.0 
570000 1134 841.324 -4473.381 -0.962 5.0461 0.0 
571000 1135 844.497 -4477.105 -1.059 5.0949 0.0 
572000 1136 847.607 -4478.216 -1.135 5.0805 0.0 
573000 1137 850.655 -4483.901 -1.099 5.089 0.0 
574000 1138 853.642 -4485.793 -1.19 5.0948 0.0 
575000 1139 856.569 -4491.084 -1.201 5.1472 0.0 
576000 1140 859.438 -4497.663 -1.289 5.1687 0.0 
577000 1141 862.249 -4496.821 -1.406 5.1945 0.0 
578000 1142 864.564 -4497.514 -1.296 5.2248 0.0 
579000 1144 868.527 -4494.916 -1.236 5.2927 0.0 
580000 1145 871.157 -4501.852 -1.354 5.2748 0.0 
581000 1146 873.314 -4498.539 -1.277 5.3261 0.0 
582000 1147 875.847 -4498.575 -1.262 5.3267 0.0 
583000 1148 872.511 -4488.949 -1.138 5.315 0.0 
584000 1149 875.06 -4487.064 -1.161 5.3418 0.0 
585000 1150 877.559 -4486.151 -0.945 5.3307 0.0 
586000 1151 880.008 -4486.598 -1.027 5.3359 0.0 
587000 1152 882.408 -4491.489 -1.083 5.3778 0.0 
588000 1153 884.76 -4484.355 -0.999 5.4046 0.0 
589000 1155 875.787 -4483.598 -0.749 5.3357 0.0 
590000 1156 878.271 -4487.12 -0.838 5.3803 0.0 
591000 1158 860.439 -4476.231 -0.624 5.2593 0.0 
592000 1159 846.29 -4482.453 -0.581 5.1633 0.0 
593000 1161 835.317 -4484.67 -0.639 5.0561 0.0 
594000 1164 821.681 -4474.948 -0.512 4.9222 0.0 
595000 1165 825.247 -4478.803 -0.573 4.9246 0.0 
596000 1167 811.248 -4463.567 -0.239 4.8324 0.0 
597000 1168 807.663 -4448.758 -0.053 4.8101 0.0 
598000 1169 806.47 -4446.893 0.119 4.8002 0.0 
599000 1171 804.798 -4438.293 0.162 4.7893 0.0 
600000 1172 808.702 -4432.332 0.243 4.8152 0.0 
601000 1173 807.868 -4420.237 0.513 4.7812 0.0 
602000 1174 811.151 -4419.784 0.516 4.8439 0.0 
603000 1176 803.004 -4395.557 0.958 4.769 0.0 
604000 1177 806.944 -4396.31 0.948 4.7728 0.0 
605000 1178 810.805 -4398.008 0.872 4.795 0.0 
606000 1179 805.149 -4393.504 1.083 4.7538 0.0 
607000 1181 801.885 -4384.361 1.101 4.7028 0.0 
608000 1182 796.348 -4373.603 1.291 4.6654 0.0 
609000 1184 794.812 -4359.85 1.543 4.6604 0.0 
610000 1185 798.916 -4353.162 1.658 4.7082 0.0 
611000 1186 802.938 -4345.934 1.755 4.7574 0.0 
612000 1187 799.099 -4338.427 1.814 4.7131 0.0 
613000 1188 799.377 -4342.514 1.913 4.7102 0.0 
614000 1190 800.822 -4324.047 2.004 4.6856 0.0 
615000 1191 795.445 -4313.691 2.275 4.6489 0.0 
616000 1193 792.486 -4308.303 2.265 4.623 0.0 
617000 1195 781.826 -4285.837 2.631 4.5393 0.0 
618000 1196 778.39 -4275.125 2.81 4.5104 0.0 
619000 1198 768.711 -4264.267 2.725 4.4248 0.0 
620000 1201 746.698 -4230.573 3.308 4.2636 0.0 
621000 1203 735.474 -4208.983 3.63 4.1691 0.0 
622000 1204 739.365 -4201.931 3.661 4.1668 0.0 
623000 1207 721.489 -4198.564 3.665 4.0424 0.0 
624000 1209 707.583 -4167.802 3.973 3.9463 0.0 
625000 1211 702.763 -4168.063 3.861 3.8768 0.0 
626000 1212 703.647 -4169.086 3.764 3.8917 0.0 
627000 1214 702.483 -4167.186 3.794 3.865 0.0 
628000 1216 691.055 -4147.292 4.007 3.7903 0.0 
629000 1218 680.884 -4120.783 4.206 3.7178 0.0 
630000 1221 664.679 -4091.401 4.655 3.5999 0.0 
631000 1223 653.855 -4057.886 5.041 3.5235 0.0 
632000 1224 660.778 -4053.92 4.941 3.5465 0.0 
633000 1225 657.682 -4045.19 5.18 3.5174 0.0 
634000 1226 664.529 -4043.742 5.106 3.5344 0.0 
635000 1228 667.24 -4015.513 5.318 3.5763 0.0 
636000 1229 663.355 -4008.552 5.552 3.5408 0.0 
637000 1230 670.088 -4010.225 5.419 3.5752 0.0 
638000 1231 676.686 -4011.622 5.275 3.5926 0.0 
639000 1232 683.152 -4013.246 5.116 3.626 0.0 
640000 1233 689.489 -4012.526 5.011 3.6488 0.0 
641000 1234 695.7 -4017.027 4.904 3.6875 0.0 
642000 1236 696.47 -3997.55 4.964 3.6866 0.0 
643000 1238 696.27 -3986.513 5.074 3.6637 0.0 
644000 1239 702.344 -3988.867 4.901 3.6948 0.0 
645000 1240 708.297 -3990.775 4.783 3.7535 0.0 
646000 1242 694.584 -3967.391 4.898 3.6706 0.0 
647000 1244 690.839 -3970.494 4.729 3.68 0.0 
648000 1245 685.342 -3958.832 4.926 3.6478 0.0 
649000 1247 687.642 -3940.611 4.982 3.635 0.0 
650000 1249 682.788 -3942.923 4.863 3.5998 0.0 
651000 1251 666.519 -3918.303 4.968 3.502 0.0 
652000 1254 656.881 -3894.013 5.387 3.4369 0.0 
653000 1255 663.743 -3897.94 5.182 3.4664 0.0 
654000 1256 670.468 -3898.944 5.03 3.5218 0.0 
655000 1257 677.059 -3900.591 4.921 3.5775 0.0 
656000 1258 683.518 -3899.25 4.843 3.6106 0.0 
657000 1260 670.157 -3876.491 4.911 3.5285 0.0 
658000 1262 663.109 -3850.549 5.275 3.473 0.0 
659000 1263 659.867 -3847.002 5.393 3.4561 0.0 
660000 1265 661.476 -3829.454 5.422 3.4704 0.0 
661000 1267 658.502 -3827.538 5.231 3.4593 0.0 
662000 1268 656.352 -3828.419 5.187 3.4357 0.0 
663000 1269 660.285 -3824.368 5.17 3.4805 0.0 
664000 1271 666.457 -3807.161 5.184 3.533 0.0 
665000 1272 672.048 -3803.184 5.214 3.5975 0.0 
666000 1273 678.607 -3803.207 5.033 3.6798 0.0 
667000 1275 665.731 -3788.08 5.129 3.5944 0.0 
668000 1279 642.62 -3790.011 4.826 3.4722 0.0 
669000 1280 649.767 -3787.852 4.748 3.5567 0.0 
670000 1281 648.572 -3770.855 4.928 3.5422 0.0 
671000 1282 654.961 -3767.877 4.915 3.5932 0.0 
672000 1283 661.861 -3766.328 4.79 3.6661 0.0 
673000 1284 668.624 -3768.22 4.716 3.7172 0.0 
674000 1285 675.252 -3766.305 4.566 3.7977 0.0 
675000 1286 681.667 -3760.833 4.601 3.8668 0.0 
676000 1287 684.613 -3758.494 4.7 3.8656 0.0 
677000 1288 690.921 -3756.904 4.565 3.9267 0.0 
678000 1289 697.103 -3758.23 4.486 3.9972 0.0 
679000 1290 697.821 -3755.156 4.54 4.0092 0.0 
680000 1291 703.864 -3755.471 4.413 4.0573 0.0 
681000 1292 709.787 -3757.337 4.34 4.0935 0.0 
682000 1293 715.591 -3753.329 4.226 4.1278 0.0 
683000 1294 720.899 -3751.874 4.267 4.1689 0.0 
684000 1296 728.212 -3738.698 4.257 4.1927 0.0 
685000 1297 733.647 -3737.221 4.165 4.2395 0.0 
686000 1298 738.975 -3742.481 4.082 4.304 0.0 
687000 1299 744.195 -3735.341 3.984 4.3428 0.0 
688000 1300 749.311 -3732.57 4.0 4.3658 0.0 
689000 1301 754.325 -3729.018 3.951 4.4098 0.0 
690000 1302 759.238 -3739.787 3.87 4.4775 0.0 
691000 1303 748.594 -3740.683 3.752 4.4068 0.0 
692000 1305 741.509 -3739.123 3.608 4.3761 0.0 
693000 1306 746.679 -3742.522 3.477 4.4295 0.0 
694000 1309 733.162 -3730.739 3.401 4.3588 0.0 
695000 1311 726.09 -3713.453 3.641 4.297 0.0 
696000 1312 718.748 -3698.992 3.889 4.2397 0.0 
697000 1314 715.603 -3677.428 4.077 4.1798 0.0 
698000 1315 717.131 -3675.377 4.138 4.1888 0.0 
699000 1316 722.789 -3667.61 3.996 4.1888 0.0 
700000 1317 728.333 -3664.84 4.164 4.2034 0.0 
701000 1320 713.434 -3615.46 4.749 4.0902 0.0 
702000 1321 708.965 -3603.913 4.881 4.0547 0.0 
703000 1322 714.786 -3601.419 5.001 4.076 0.0 
704000 1323 720.49 -3605.569 4.845 4.1292 0.0 
705000 1325 724.399 -3595.007 4.725 4.1515 0.0 
706000 1326 724.591 -3588.535 4.802 4.1627 0.0 
707000 1327 726.799 -3585.51 4.786 4.1444 0.0 
708000 1329 723.578 -3559.574 4.97 4.117 0.0 
709000 1330 715.186 -3557.529 5.175 4.0569 0.0 
710000 1332 724.445 -3550.371 5.085 4.0801 0.0 
711000 1334 711.81 -3517.156 5.307 3.9932 0.0 
712000 1335 715.354 -3502.969 5.517 3.9885 0.0 
713000 1337 710.723 -3487.054 5.675 3.9481 0.0 
714000 1339 692.485 -3487.61 5.634 3.8285 0.0 
715000 1341 687.913 -3468.88 5.549 3.7853 0.0 
716000 1343 676.814 -3460.401 5.434 3.7078 0.0 
717000 1344 679.978 -3446.724 5.595 3.7367 0.0 
718000 1345 686.379 -3441.003 5.74 3.7615 0.0 
719000 1346 692.171 -3442.804 5.758 3.8164 0.0 
720000 1349 686.359 -3440.661 5.432 3.768 0.0 
721000 1353 651.526 -3441.377 4.832 3.5379 0.0 
722000 1354 658.496 -3443.982 4.811 3.5608 0.0 
723000 1356 650.65 -3430.306 4.711 3.5054 0.0 
724000 1358 646.512 -3448.742 4.362 3.4688 0.0 
725000 1359 636.382 -3453.174 4.243 3.408 0.0 
726000 1361 633.241 -3443.534 3.998 3.373 0.0 
727000 1364 630.752 -3418.604 4.448 3.3382 0.0 
728000 1366 616.125 -3401.875 4.495 3.2446 0.0 
729000 1369 604.487 -3401.415 4.134 3.1813 0.0 
730000 1370 602.017 -3383.551 4.352 3.1606 0.0 
731000 1374 584.348 -3366.107 4.37 3.0232 0.0 
732000 1380 540.32 -3356.434 4.314 2.7565 0.0 
733000 1384 515.033 -3327.723 4.304 2.5997 0.0 
734000 1388 496.666 -3283.444 4.92 2.4789 0.0 
735000 1392 474.129 -3260.46 4.941 2.3414 0.0 
736000 1397 452.431 -3231.792 5.188 2.2055 0.0 
737000 1401 431.175 -3222.94 4.691 2.08 0.0 
738000 1406 410.848 -3214.325 4.564 1.9561 0.0 
739000 1408 416.03 -3193.308 4.813 1.9644 0.0 
740000 1410 409.527 -3193.192 4.768 1.9224 0.0 
741000 1414 408.244 -3178.626 4.617 1.9208 0.0 
742000 1416 410.734 -3150.631 4.989 1.9298 0.0 
743000 1420 396.959 -3124.464 5.016 1.8407 0.0 
744000 1425 378.255 -3098.353 5.057 1.7327 0.0 
745000 1430 361.595 -3094.351 4.767 1.6362 0.0 
746000 1435 345.202 -3064.558 4.646 1.5442 0.0 
747000 1436 355.538 -3059.491 4.6 1.6278 0.0 
748000 1437 368.428 -3066.382 4.312 1.7396 0.0 
749000 1438 381.059 -3073.827 4.098 1.825 0.0 
750000 1443 367.223 -3053.281 4.314 1.737 0.0 
751000 1446 363.85 -2993.969 5.058 1.7066 0.0 
752000 1449 362.877 -2966.879 5.383 1.6838 0.0 
753000 1454 349.317 -2933.374 5.623 1.5953 0.0 
754000 1459 334.432 -2914.323 5.444 1.5058 0.0 
755000 1463 326.468 -2868.255 5.81 1.453 0.0 
756000 1468 314.714 -2831.751 6.039 1.3812 0.0 
757000 1471 310.513 -2796.732 6.173 1.3501 0.0 
758000 1476 298.464 -2782.868 5.871 1.2838 0.0 
759000 1478 311.745 -2761.791 6.066 1.3346 0.0 
760000 1481 315.342 -2716.046 6.803 1.3383 0.0 
761000 1484 313.52 -2654.945 7.394 1.3235 0.0 
762000 1488 307.582 -2619.28 7.459 1.2868 0.0 
763000 1492 306.539 -2589.777 7.618 1.2801 0.0 
764000 1495 306.34 -2536.762 8.203 1.277 0.0 
765000 1500 295.139 -2523.787 7.535 1.2186 0.0 
766000 1503 299.016 -2511.795 7.405 1.2305 0.0 
767000 1506 295.917 -2476.309 7.494 1.2112 0.0 
768000 1510 298.743 -2434.944 8.001 1.2225 0.0 
769000 1512 300.429 -2410.535 7.921 1.2291 0.0 
770000 1515 308.4 -2392.139 8.051 1.2956 0.0 
771000 1518 308.496 -2359.084 8.095 1.2953 0.0 
772000 1521 307.0 -2324.813 8.14 1.2865 0.0 
773000 1524 310.047 -2283.381 8.574 1.2938 0.0 
774000 1529 300.909 -2259.127 8.33 1.2415 0.0 
775000 1531 298.447 -2242.581 8.123 1.2278 0.0 
776000 1534 304.553 -2211.017 8.207 1.2603 0.0 
777000 1537 313.419 -2189.836 8.428 1.3076 0.0 
778000 1540 309.793 -2160.04 8.328 1.285 0.0 
779000 1541 311.257 -2138.575 8.565 1.2862 0.0 
780000 1544 323.983 -2095.616 8.923 1.3366 0.0 
781000 1547 322.977 -2037.621 9.469 1.3243 0.0 
782000 1551 322.341 -1997.849 9.756 1.3111 0.0 
783000 1554 318.206 -1948.265 9.82 1.2882 0.0 
784000 1555 331.842 -1934.755 9.962 1.349 0.0 
785000 1557 344.582 -1919.868 10.134 1.4145 0.0 
786000 1562 330.107 -1894.675 9.673 1.3412 0.0 
787000 1563 343.505 -1879.279 9.765 1.4112 0.0 
788000 1564 356.635 -1862.459 9.9 1.463 0.0 
789000 1566 357.243 -1847.048 9.727 1.4758 0.0 
790000 1568 359.976 -1827.696 9.857 1.488 0.0 
791000 1570 361.381 -1825.433 9.384 1.49 0.0 
792000 1571 367.813 -1811.402 9.363 1.5231 0.0 
793000 1572 380.457 -1800.748 9.403 1.5857 0.0 
794000 1575 389.949 -1768.549 9.552 1.6333 0.0 
795000 1579 382.275 -1725.317 9.632 1.5946 0.0 
796000 1580 393.489 -1711.812 9.69 1.6399 0.0 
797000 1583 384.462 -1671.884 9.793 1.5919 0.0 
798000 1586 382.468 -1652.328 9.674 1.5746 0.0 
799000 1590 377.455 -1620.292 9.574 1.5595 0.0 
800000 1593 376.235 -1596.008 9.516 1.5515 0.0 
801000 1597 367.396 -1542.714 9.924 1.5063 0.0 
802000 1600 358.312 -1511.376 9.861 1.4625 0.0 
803000 1601 371.146 -1507.082 9.752 1.5328 0.0 
804000 1603 382.669 -1500.634 9.596 1.5839 0.0 
805000 1605 376.605 -1487.635 9.507 1.5511 0.0 
806000 1606 389.073 -1490.215 9.2 1.6275 0.0 
807000 1607 401.291 -1501.413 8.94 1.7102 0.0 
808000 1608 413.265 -1504.035 8.639 1.7934 0.0 
809000 1609 425.0 -1504.764 8.315 1.8439 0.0 
810000 1610 436.5 -1508.018 8.099 1.9127 0.0 
811000 1612 441.655 -1511.081 7.784 1.9616 0.0 
812000 1613 452.822 -1514.684 7.483 2.0224 0.0 
813000 1614 463.765 -1524.125 7.239 2.1311 0.0 
814000 1616 470.04 -1503.122 7.134 2.223 0.0 
815000 1618 467.398 -1485.392 7.372 2.2062 0.0 
816000 1619 472.25 -1482.901 7.452 2.2247 0.0 
817000 1620 482.805 -1489.225 7.106 2.2776 0.0 
818000 1621 493.149 -1494.013 6.817 2.3218 0.0 
819000 1622 503.286 -1495.195 6.649 2.377 0.0 
820000 1623 513.22 -1504.673 6.423 2.4751 0.0 
821000 1624 522.956 -1502.871 6.108 2.5134 0.0 
822000 1626 527.827 -1484.27 6.265 2.5851 0.0 
823000 1627 537.27 -1496.566 6.024 2.6428 0.0 
824000 1629 537.967 -1475.069 6.028 2.6392 0.0 
825000 1630 547.207 -1481.429 5.877 2.6848 0.0 
826000 1631 552.603 -1469.616 5.92 2.7345 0.0 
827000 1632 561.551 -1473.704 5.762 2.7596 0.0 
828000 1634 563.235 -1455.317 5.912 2.7679 0.0 
829000 1635 567.71 -1448.651 5.82 2.7858 0.0 
830000 1636 567.316 -1445.747 5.986 2.7736 0.0 
831000 1638 570.151 -1427.148 6.113 2.7937 0.0 
832000 1640 575.609 -1434.327 5.635 2.8128 0.0 
833000 1641 584.096 -1434.624 5.407 2.8552 0.0 
834000 1642 591.674 -1429.803 5.434 2.8986 0.0 
835000 1643 599.841 -1432.693 5.312 2.9568 0.0 
836000 1644 607.844 -1433.145 5.196 3.0271 0.0 
837000 1645 615.687 -1423.796 5.13 3.0756 0.0 
838000 1646 611.394 -1419.429 5.329 3.0459 0.0 
839000 1647 619.166 -1423.795 5.237 3.1209 0.0 
840000 1648 626.782 -1427.972 5.043 3.19 0.0 
841000 1650 634.002 -1404.785 5.016 3.2753 0.0 
842000 1651 634.322 -1404.197 5.131 3.282 0.0 
843000 1653 636.923 -1394.865 5.073 3.2731 0.0 
844000 1654 642.924 -1393.163 5.046 3.3118 0.0 
845000 1655 649.026 -1381.292 5.043 3.3305 0.0 
846000 1658 630.779 -1339.581 5.573 3.2397 0.0 
847000 1660 626.04 -1308.666 5.898 3.2138 0.0 
848000 1663 613.237 -1290.909 6.091 3.1531 0.0 
849000 1664 615.352 -1270.192 6.322 3.1644 0.0 
850000 1665 614.285 -1264.868 6.334 3.1636 0.0 
851000 1667 620.979 -1251.633 6.3 3.2191 0.0 
852000 1668 622.74 -1242.578 6.279 3.238 0.0 
853000 1670 622.064 -1222.76 6.504 3.245 0.0 
854000 1671 624.423 -1209.965 6.517 3.2701 0.0 
855000 1675 603.147 -1194.312 6.451 3.1224 0.0 
856000 1678 587.095 -1162.103 6.669 3.0141 0.0 
857000 1679 595.353 -1152.722 6.672 3.0542 0.0 
858000 1681 584.877 -1133.629 6.829 2.9914 0.0 
859000 1683 579.086 -1117.218 6.913 2.9532 0.0 
860000 1684 587.505 -1120.455 6.728 3.0232 0.0 
861000 1685 595.754 -1109.541 6.548 3.0579 0.0 
862000 1686 599.379 -1110.087 6.762 3.0588 0.0 
863000 1687 607.392 -1109.933 6.561 3.1189 0.0 
864000 1688 615.244 -1109.578 6.397 3.1543 0.0 
865000 1689 622.939 -1111.033 6.293 3.1751 0.0 
866000 1690 630.48 -1114.522 6.154 3.1938 0.0 
867000 1691 637.871 -1112.502 5.939 3.2143 0.0 
868000 1694 621.645 -1104.266 5.879 3.1291 0.0 
869000 1700 580.554 -1080.457 5.636 2.8858 0.0 
870000 1709 503.326 -1046.777 5.363 2.4647 0.0 
871000 1711 489.96 -1033.757 5.406 2.3899 0.0 
872000 1714 489.229 -1018.368 5.248 2.3777 0.0 
873000 1715 485.885 -1019.196 5.328 2.3556 0.0 
874000 1717 503.324 -1001.923 5.336 2.4647 0.0 
875000 1718 507.897 -988.687 5.452 2.4812 0.0 
876000 1719 517.739 -995.365 5.149 2.5507 0.0 
877000 1720 518.765 -1000.601 5.095 2.5451 0.0 
878000 1723 518.689 -978.524 5.081 2.5429 0.0 
879000 1724 525.555 -965.999 5.222 2.5852 0.0 
880000 1725 535.044 -973.341 5.059 2.638 0.0 
881000 1726 544.343 -972.547 4.829 2.6923 0.0 
882000 1728 543.387 -943.804 5.247 2.6808 0.0 
883000 1729 552.519 -950.873 5.035 2.7236 0.0 
884000 1730 561.468 -942.258 4.911 2.7594 0.0 
885000 1731 563.239 -939.477 5.177 2.7563 0.0 
886000 1732 571.974 -945.945 4.972 2.7811 0.0 
887000 1734 572.424 -947.165 4.731 2.7734 0.0 
888000 1735 580.976 -941.04 4.473 2.8152 0.0 
889000 1739 560.915 -903.012 5.05 2.7015 0.0 
890000 1741 560.603 -914.249 4.699 2.7458 0.0 
891000 1745 535.727 -879.806 4.855 2.6031 0.0 
892000 1749 510.562 -847.775 5.122 2.4576 0.0 
893000 1751 505.92 -821.715 5.356 2.4245 0.0 
894000 1753 509.166 -806.91 5.469 2.4633 0.0 
895000 1755 501.023 -790.167 5.83 2.4098 0.0 
896000 1758 498.575 -756.69 6.06 2.3782 0.0 
897000 1759 508.603 -751.134 5.826 2.4096 0.0 
898000 1765 472.074 -729.741 5.881 2.2064 0.0 
899000 1768 456.847 -692.254 6.183 2.1193 0.0 
900000 1769 467.71 -699.213 5.875 2.2103 0.0 
901000 1772 468.812 -698.189 5.621 2.1975 0.0 
902000 1774 463.444 -676.448 5.665 2.1583 0.0 
903000 1776 457.318 -662.579 5.875 2.1223 0.0 
904000 1780 454.264 -622.762 6.209 2.1293 0.0 
905000 1782 447.812 -593.049 6.513 2.0875 0.0 
906000 1784 445.215 -580.609 6.546 2.0643 0.0 
907000 1786 449.924 -568.649 6.395 2.1259 0.0 
908000 1788 455.487 -551.229 6.448 2.1506 0.0 
909000 1789 466.377 -552.119 6.318 2.1968 0.0 
910000 1790 477.05 -555.337 6.139 2.2875 0.0 
911000 1792 482.259 -538.27 6.248 2.3088 0.0 
912000 1793 492.613 -540.983 6.128 2.4049 0.0 
913000 1794 502.761 -536.684 5.987 2.4485 0.0 
914000 1795 500.186 -522.628 6.275 2.4287 0.0 
915000 1796 510.182 -523.543 6.16 2.4822 0.0 
916000 1797 519.979 -522.363 5.977 2.5426 0.0 
917000 1803 491.114 -472.53 6.15 2.364 0.0 
918000 1808 464.547 -393.776 7.237 2.2102 0.0 
919000 1812 446.886 -326.286 7.858 2.1084 0.0 
920000 1817 422.954 -264.759 8.369 1.9718 0.0 
921000 1821 409.319 -218.503 8.563 1.8982 0.0 
922000 1825 387.939 -192.153 8.365 1.7831 0.0 
923000 1828 393.771 -154.784 8.656 1.8285 0.0 
924000 1833 372.459 -103.392 8.769 1.7076 0.0 
925000 1838 356.253 -49.705 8.78 1.6131 0.0 
926000 1844 335.713 5.282 8.919 1.4985 0.0 
927000 1845 348.999 -1.635 8.661 1.6135 0.0 
928000 1850 336.679 51.545 8.982 1.5378 0.0 
929000 1855 321.625 119.945 9.292 1.4482 0.0 
930000 1858 314.963 155.584 9.431 1.4071 0.0 
931000 1859 328.664 167.404 9.426 1.4969 0.0 
932000 1860 342.091 179.418 9.499 1.5562 0.0 
933000 1862 353.504 206.986 9.71 1.6106 0.0 
934000 1863 352.374 217.189 9.767 1.5997 0.0 
935000 1866 366.971 257.096 9.959 1.6611 0.0 
936000 1867 362.391 256.796 9.886 1.6367 0.0 
937000 1870 369.06 305.157 9.979 1.6984 0.0 
938000 1874 369.738 352.341 10.437 1.6938 0.0 
939000 1877 366.239 410.431 10.858 1.6644 0.0 
940000 1881 357.727 468.663 11.242 1.6065 0.0 
941000 1885 346.053 532.394 11.376 1.5407 0.0 
942000 1889 340.551 579.879 11.517 1.5011 0.0 
943000 1892 340.09 639.386 11.931 1.4846 0.0 
944000 1897 327.486 711.985 12.286 1.4126 0.0 
945000 1899 330.814 759.806 12.578 1.423 0.0 
946000 1900 344.198 779.584 12.61 1.4711 0.0 
947000 1904 337.484 842.058 12.907 1.4279 0.0 
948000 1906 334.799 878.5 13.12 1.4122 0.0 
949000 1909 344.252 921.135 13.236 1.4516 0.0 
950000 1912 339.214 975.092 13.502 1.4208 0.0 
951000 1914 337.455 994.804 13.53 1.4077 0.0 
952000 1917 350.385 1037.614 13.501 1.518 0.0 
953000 1921 341.836 1091.678 13.454 1.4741 0.0 
954000 1924 341.209 1138.898 13.565 1.4644 0.0 
955000 1929 330.259 1188.357 13.374 1.4031 0.0 
956000 1931 330.822 1233.079 13.534 1.3982 0.0 
957000 1933 338.608 1265.741 13.547 1.4385 0.0 
958000 1936 340.828 1301.141 13.635 1.446 0.0 
959000 1939 341.172 1349.659 13.793 1.4433 0.0 
960000 1940 348.609 1366.352 13.727 1.4825 0.0 
961000 1943 353.018 1407.31 13.815 1.492 0.0 
962000 1947 345.216 1466.625 13.943 1.4452 0.0 
963000 1948 354.592 1490.866 13.922 1.4799 0.0 
964000 1952 348.36 1562.675 14.265 1.4408 0.0 
965000 1954 348.511 1589.731 14.292 1.442 0.0 
966000 1956 364.07 1602.229 14.251 1.5133 0.0 
967000 1959 361.253 1649.53 14.302 1.4923 0.0 
968000 1960 374.028 1659.852 14.228 1.5465 0.0 
969000 1962 373.209 1702.792 14.296 1.5399 0.0 
970000 1965 370.979 1730.521 14.239 1.5337 0.0 
971000 1968 370.65 1766.872 13.856 1.5275 0.0 
972000 1971 367.93 1804.769 13.906 1.5119 0.0 
973000 1975 363.873 1848.111 13.789 1.4872 0.0 
974000 1976 371.536 1876.278 13.813 1.5348 0.0 
975000 1979 369.878 1920.235 13.934 1.526 0.0 
976000 1982 370.991 1953.008 13.793 1.5271 0.0 
977000 1985 363.736 2007.35 13.908 1.4902 0.0 
978000 1989 359.137 2065.358 14.106 1.4665 0.0 
979000 1992 355.512 2107.601 14.057 1.4455 0.0 
980000 1995 354.067 2155.718 14.106 1.4361 0.0 
981000 1998 354.54 2197.561 14.216 1.4297 0.0 
982000 2001 353.68 2248.65 14.394 1.418 0.0 
983000 2005 346.997 2302.413 14.417 1.3824 0.0 
984000 2006 345.717 2327.538 14.433 1.377 0.0 
985000 2009 355.143 2372.276 14.465 1.4164 0.0 
986000 2012 357.289 2402.603 14.423 1.426 0.0 
987000 2014 358.295 2441.762 14.401 1.4298 0.0 
988000 2017 358.953 2490.81 14.539 1.4273 0.0 
989000 2020 358.926 2539.262 14.681 1.4236 0.0 
990000 2023 359.563 2571.815 14.659 1.4291 0.0 
991000 2024 357.032 2599.613 14.656 1.4179 0.0 
992000 2027 367.668 2640.627 14.686 1.4533 0.0 
993000 2029 372.224 2672.078 14.681 1.474 0.0 
994000 2032 369.43 2716.8 14.673 1.4567 0.0 
995000 2036 362.629 2773.256 14.709 1.4251 0.0 
996000 2039 358.525 2823.31 14.775 1.4084 0.0 
997000 2041 359.462 2856.504 14.754 1.4095 0.0 
998000 2045 358.824 2902.296 14.741 1.4078 0.0 
999000 2046 371.648 2918.131 14.794 1.4834 0.0 
1000000 2048 367.264 2961.294 14.832 1.4624 0.0 
