1000 8 16.96 -287.595 -5.086 0.0263 0 0 0 
2000 16 33.613 -556.474 -9.435 0.0625 0 0 0 
3000 25 47.239 -800.007 -12.478 0.0844 0 0 0 
4000 32 60.148 -1028.417 -15.207 0.1189 0 0 0 
5000 40 69.175 -1244.055 -16.905 0.1432 0 0 0 
6000 48 75.328 -1511.77 -19.299 0.1473 0 0 0 
7000 58 82.467 -1790.54 -21.059 0.1715 0 0 0 
8000 66 87.459 -2033.14 -22.08 0.194 0 0 0 
9000 74 92.827 -2299.13 -24.07 0.2087 0 0 0 
10000 80 102.255 -2452.668 -24.206 0.2272 0 0 0 
11000 88 105.372 -2759.856 -26.256 0.2368 0 0 0 
12000 97 107.041 -2977.798 -26.052 0.2415 0 0 0 
13000 106 105.882 -3228.638 -26.268 0.2352 0 0 0 
14000 115 106.727 -3444.82 -25.406 0.2266 0 0 0 
15000 123 110.573 -3666.967 -26.114 0.2374 0 0 0 
16000 132 110.526 -3934.893 -26.657 0.2358 0 0 0 
17000 141 111.005 -4206.243 -27.276 0.2369 0 0 0 
18000 146 118.034 -4379.613 -27.669 0.2555 0 0 0 
19000 154 118.885 -4523.84 -26.294 0.2514 0 0 0 
20000 163 118.103 -4809.572 -27.28 0.2438 0 0 0 
21000 173 115.946 -5079.303 -27.412 0.233 0 0 0 
22000 181 114.605 -5337.012 -27.504 0.2278 0 0 0 
23000 190 114.676 -5580.198 -27.94 0.2251 0 0 0 
24000 199 115.987 -5800.064 -27.441 0.2314 0 0 0 
25000 206 116.888 -6027.311 -27.567 0.2338 0 0 0 
26000 214 118.162 -6238.749 -27.817 0.2408 0 0 0 
27000 223 119.063 -6378.997 -25.932 0.2386 0 0 0 
28000 231 120.396 -6653.084 -27.26 0.2392 0 0 0 
29000 239 120.306 -6841.262 -26.652 0.2368 0 0 0 
30000 247 120.713 -6986.739 -25.039 0.233 0 0 0 
31000 256 119.84 -7281.733 -26.756 0.2351 0 0 0 
32000 265 116.863 -7491.165 -26.019 0.2287 0 0 0 
33000 274 116.648 -7766.499 -26.54 0.2293 0 0 0 
34000 283 116.234 -8017.445 -27.008 0.2263 0 0 0 
35000 289 121.022 -8277.16 -28.783 0.234 0 0 0 
36000 297 121.74 -8497.428 -28.208 0.2372 0 0 0 
37000 305 121.372 -8698.445 -28.204 0.236 0 0 0 
38000 311 127.192 -8861.569 -27.98 0.2549 0 0 0 
39000 317 131.646 -9039.043 -28.114 0.2652 0 0 0 
40000 323 135.277 -9213.274 -28.216 0.2679 0 0 0 
41000 331 134.199 -9453.021 -28.537 0.2782 0 0 0 
42000 338 135.663 -9608.993 -27.703 0.2937 0 0 0 
43000 346 133.12 -9748.947 -25.742 0.2936 0 0 0 
44000 354 133.828 -10026.691 -27.603 0.3022 0 0 0 
45000 362 132.475 -10253.934 -27.775 0.2987 0 0 0 
46000 369 133.216 -10479.32 -28.219 0.2993 0 0 0 
47000 378 130.215 -10700.013 -27.811 0.2866 0 0 0 
48000 385 131.037 -10832.287 -26.476 0.2928 0 0 0 
49000 393 127.8 -11085.978 -27.227 0.294 0 0 0 
50000 400 131.829 -11304.909 -27.637 0.3161 0 0 0 
51000 408 131.103 -11496.641 -27.299 0.3176 0 0 0 
52000 416 130.515 -11647.308 -26.161 0.3119 0 0 0 
53000 423 132.113 -11854.446 -26.597 0.3047 0 0 0 
54000 430 132.628 -12003.41 -25.66 0.2963 0 0 0 
55000 437 133.571 -12205.801 -26.112 0.2908 0 0 0 
56000 444 135.453 -12363.419 -25.425 0.2926 0 0 0 
57000 452 133.281 -12569.596 -25.87 0.284 0 0 0 
58000 460 131.215 -12774.791 -25.777 0.2788 0 0 0 
59000 468 130.507 -13003.619 -25.382 0.2697 0 0 0 
60000 475 133.317 -13132.076 -24.846 0.28 0 0 0 
61000 484 130.972 -13353.699 -25.277 0.293 0 0 0 
62000 493 127.23 -13620.946 -25.87 0.2772 0 0 0 
63000 501 126.006 -13827.249 -25.667 0.2801 0 0 0 
64000 511 122.082 -14011.507 -24.428 0.284 0 0 0 
65000 518 123.895 -14232.72 -25.049 0.2831 0 0 0 
66000 526 125.426 -14509.23 -26.848 0.2839 0 0 0 
67000 533 125.977 -14697.296 -26.488 0.285 0 0 0 
68000 541 125.563 -15002.135 -27.797 0.2823 0 0 0 
69000 549 125.452 -15196.091 -27.514 0.28 0 0 0 
70000 556 125.95 -15399.566 -27.73 0.2797 0 0 0 
71000 564 128.275 -15596.714 -27.308 0.2877 0 0 0 
72000 572 129.1 -15834.849 -28.031 0.2865 0 0 0 
73000 580 127.011 -16033.7 -27.344 0.2782 0 0 0 
74000 589 125.874 -16191.623 -25.841 0.269 0 0 0 
75000 596 123.772 -16340.179 -25.085 0.2592 0 0 0 
76000 603 128.692 -16508.949 -24.983 0.2669 0 0 0 
77000 612 127.047 -16726.48 -24.903 0.2558 0 0 0 
78000 620 125.592 -16979.86 -25.614 0.2597 0 0 0 
79000 628 126.607 -17186.583 -26.045 0.2699 0 0 0 
80000 633 131.497 -17369.155 -26.976 0.2787 0 0 0 
81000 642 130.442 -17576.973 -26.424 0.2775 0 0 0 
82000 649 130.564 -17827.29 -27.327 0.2725 0 0 0 
83000 658 127.6 -18121.687 -28.385 0.2665 0 0 0 
84000 666 126.754 -18373.992 -29.084 0.2592 0 0 0 
85000 673 128.533 -18526.283 -28.205 0.2627 0 0 0 
86000 682 126.552 -18795.114 -28.589 0.2577 0 0 0 
87000 690 127.113 -19023.947 -28.476 0.2602 0 0 0 
88000 698 126.478 -19259.851 -28.666 0.258 0 0 0 
89000 706 125.61 -19516.216 -29.046 0.2571 0 0 0 
90000 713 125.32 -19751.053 -29.427 0.2589 0 0 0 
91000 723 123.087 -19989.102 -28.564 0.2536 0 0 0 
92000 730 123.688 -20168.387 -28.188 0.2578 0 0 0 
93000 738 123.187 -20392.68 -28.321 0.2569 0 0 0 
94000 747 123.093 -20677.61 -28.617 0.2593 0 0 0 
95000 755 123.098 -20875.9 -28.176 0.2565 0 0 0 
96000 763 124.761 -21063.298 -27.577 0.2835 0 0 0 
97000 769 129.507 -21219.455 -27.399 0.3114 0 0 0 
98000 777 128.719 -21428.129 -27.176 0.3219 0 0 0 
99000 786 125.826 -21741.667 -28.471 0.301 0 0 0 
100000 792 130.232 -21929.507 -28.71 0.3057 0 0 0 
101000 800 127.992 -22144.942 -28.404 0.3001 0 0 0 
102000 807 130.025 -22354.764 -28.167 0.3003 0 0 0 
103000 814 132.508 -22541.244 -27.998 0.3072 0 0 0 
104000 824 127.645 -22812.204 -28.359 0.2905 0 0 0 
105000 831 127.362 -22968.642 -27.422 0.283 0 0 0 
106000 840 126.038 -23079.341 -25.071 0.2772 0 0 0 
107000 848 125.045 -23229.881 -23.555 0.2692 0 0 0 
108000 856 125.05 -23434.046 -24.015 0.2659 0 0 0 
109000 865 123.253 -23688.92 -24.875 0.2569 0 0 0 
110000 874 122.295 -23939.535 -25.482 0.2487 0 0 0 
111000 881 123.845 -24175.349 -26.511 0.2479 0 0 0 
112000 889 124.474 -24384.329 -26.322 0.2492 0 0 0 
113000 898 121.721 -24698.058 -27.35 0.2473 0 0 0 
114000 907 120.828 -24946.418 -27.881 0.2505 0 0 0 
115000 913 123.997 -25166.433 -28.67 0.2577 0 0 0 
116000 921 124.068 -25406.549 -28.832 0.2612 0 0 0 
117000 928 127.318 -25588.036 -28.798 0.2613 0 0 0 
118000 936 125.245 -25826.628 -28.293 0.252 0 0 0 
119000 945 125.008 -25987.084 -27.005 0.2696 0 0 0 
120000 954 123.289 -26230.957 -27.079 0.2605 0 0 0 
121000 961 124.025 -26402.036 -26.182 0.2572 0 0 0 
122000 969 124.597 -26636.121 -26.537 0.2531 0 0 0 
123000 978 123.643 -26891.47 -27.438 0.2453 0 0 0 
124000 986 123.699 -27111.502 -27.436 0.2403 0 0 0 
125000 992 127.385 -27310.72 -27.829 0.2442 0 0 0 
126000 1001 125.533 -27621.536 -29.138 0.2356 0 0 0 
127000 1009 123.703 -27827.207 -28.596 0.2287 0 0 0 
128000 1016 126.028 -28061.153 -28.579 0.2328 0 0 0 
129000 1025 124.991 -28244.155 -27.962 0.2323 0 0 0 
130000 1030 130.754 -28408.326 -28.456 0.2549 0 0 0 
131000 1038 132.205 -28621.512 -28.21 0.2695 0 0 0 
132000 1045 132.572 -28772.598 -27.164 0.2801 0 0 0 
133000 1054 129.616 -28984.302 -26.668 0.2722 0 0 0 
134000 1061 131.482 -29264.527 -28.425 0.274 0 0 0 
135000 1069 128.776 -29427.114 -27.06 0.2635 0 0 0 
136000 1077 128.71 -29641.955 -26.89 0.2805 0 0 0 
137000 1084 131.68 -29877.54 -27.972 0.2978 0 0 0 
138000 1090 134.764 -30121.658 -29.494 0.3154 0 0 0 
139000 1098 132.947 -30354.953 -29.367 0.3014 0 0 0 
140000 1107 130.473 -30618.856 -29.578 0.2846 0 0 0 
141000 1114 131.316 -30820.295 -29.375 0.2882 0 0 0 
142000 1120 135.418 -31048.282 -30.41 0.3317 0 0 0 
143000 1128 133.984 -31307.276 -30.4 0.341 0 0 0 
144000 1138 127.837 -31499.258 -28.617 0.3104 0 0 0 
145000 1145 130.979 -31580.755 -26.439 0.3046 0 0 0 
146000 1152 131.85 -31798.484 -26.993 0.3035 0 0 0 
147000 1158 132.033 -31997.109 -27.306 0.2975 0 0 0 
148000 1169 127.749 -32265.694 -27.165 0.2861 0 0 0 
149000 1177 126.603 -32606.665 -29.301 0.2881 0 0 0 
150000 1185 126.465 -32747.718 -27.599 0.2812 0 0 0 
151000 1191 129.993 -33010.322 -29.341 0.2869 0 0 0 
152000 1199 128.074 -33232.479 -28.724 0.2798 0 0 0 
153000 1207 129.936 -33435.511 -28.699 0.2799 0 0 0 
154000 1215 128.774 -33650.224 -28.492 0.2682 0 0 0 
155000 1222 128.813 -33894.729 -28.369 0.264 0 0 0 
156000 1230 129.089 -34075.274 -28.101 0.2653 0 0 0 
157000 1239 127.213 -34223.323 -26.419 0.2731 0 0 0 
158000 1247 126.133 -34558.967 -28.45 0.2693 0 0 0 
