1000 9 18.128 -188.41 -3.523 0.0207 0 0 0 
2000 16 32.457 -321.818 -5.314 0.0377 0 0 0 
3000 25 47.523 -488.758 -7.722 0.0563 0 0 0 
4000 36 56.382 -608.624 -8.383 0.0676 0 0 0 
5000 47 62.232 -707.069 -8.23 0.0763 0 0 0 
6000 58 68.894 -750.421 -7.512 0.0838 0 0 0 
7000 69 73.206 -847.538 -7.735 0.0887 0 0 0 
8000 80 76.155 -940.648 -7.856 0.0911 0 0 0 
9000 91 78.673 -964.773 -6.693 0.0935 0 0 0 
10000 100 84.485 -1007.923 -6.466 0.0997 0 0 0 
11000 110 86.004 -1090.136 -6.586 0.1012 0 0 0 
12000 121 87.52 -1145.413 -6.386 0.1027 0 0 0 
13000 131 89.113 -1154.338 -5.205 0.1043 0 0 0 
14000 142 91.244 -1173.782 -4.668 0.1067 0 0 0 
15000 151 92.987 -1321.106 -6.522 0.1085 0 0 0 
16000 163 92.447 -1357.258 -5.863 0.1091 0 0 0 
17000 175 90.485 -1378.787 -4.967 0.1074 0 0 0 
18000 176 90.015 -1396.176 -5.012 0.107 0 0 0 
19000 187 104.235 -1422.301 -4.662 0.1325 0 0 0 
20000 199 100.881 -1438.921 -3.943 0.1266 0 0 0 
21000 210 99.152 -1486.209 -4.062 0.123 0 0 0 
22000 220 99.236 -1541.597 -4.352 0.1227 0 0 0 
23000 230 98.044 -1645.781 -5.47 0.1211 0 0 0 
24000 241 97.241 -1676.279 -4.939 0.1202 0 0 0 
25000 251 98.491 -1703.163 -4.622 0.1212 0 0 0 
26000 263 95.162 -1712.402 -3.762 0.1175 0 0 0 
27000 274 93.948 -1743.194 -3.561 0.1161 0 0 0 
28000 287 90.062 -1809.488 -3.938 0.1115 0 0 0 
29000 300 87.116 -1885.587 -4.369 0.1075 0 0 0 
30000 304 87.288 -1896.946 -4.475 0.1074 0 0 0 
31000 312 103.642 -1925.17 -4.149 0.1344 0 0 0 
32000 325 97.386 -1956.775 -3.748 0.1256 0 0 0 
33000 338 92.835 -2002.812 -3.675 0.1186 0 0 0 
34000 350 90.347 -2055.578 -3.744 0.1136 0 0 0 
35000 362 89.166 -2087.514 -3.563 0.1105 0 0 0 
36000 373 88.931 -2110.253 -3.215 0.1092 0 0 0 
37000 384 89.626 -2114.879 -2.692 0.1096 0 0 0 
38000 394 90.498 -2133.146 -2.496 0.1114 0 0 0 
39000 404 92.462 -2101.078 -1.486 0.1147 0 0 0 
40000 415 91.353 -2106.033 -1.3 0.116 0 0 0 
41000 422 92.752 -2088.274 -0.82 0.1181 0 0 0 
42000 427 109.994 -2088.506 -0.694 0.143 0 0 0 
43000 438 105.616 -2089.451 -0.541 0.1357 0 0 0 
44000 449 102.853 -2104.944 -0.779 0.1306 0 0 0 
45000 461 98.022 -2119.322 -0.78 0.1232 0 0 0 
46000 474 93.4 -2114.362 -0.558 0.1186 0 0 0 
47000 487 89.961 -2147.956 -1.05 0.1116 0 0 0 
48000 500 87.067 -2160.802 -1.021 0.1084 0 0 0 
49000 512 85.364 -2165.382 -0.835 0.1089 0 0 0 
50000 515 86.468 -2153.976 -0.794 0.1113 0 0 0 
51000 522 105.354 -2170.179 -0.892 0.1784 0 0 0 
52000 527 106.732 -2182.849 -1.225 0.1897 0 0 0 
53000 528 124.597 -2171.393 -0.942 0.248 0 0 0 
54000 533 140.564 -2159.975 -0.425 0.2746 0 0 0 
55000 541 136.941 -2164.253 -0.466 0.2613 0 0 0 
56000 544 137.629 -2174.64 -0.857 0.2602 0 0 0 
57000 547 154.182 -2191.607 -0.923 0.3254 0 0 0 
58000 549 159.615 -2208.129 -1.071 0.3387 0 0 0 
59000 558 163.756 -2213.54 -1.142 0.3593 0 0 0 
60000 567 154.863 -2194.664 -0.568 0.3266 0 0 0 
61000 577 145.155 -2194.045 -0.46 0.2993 0 0 0 
62000 589 132.274 -2176.506 -0.021 0.2607 0 0 0 
63000 590 131.368 -2156.712 0.179 0.2582 0 0 0 
64000 598 143.587 -2112.616 0.918 0.271 0 0 0 
65000 600 159.821 -2106.758 1.256 0.3035 0 0 0 
66000 601 176.625 -2102.607 1.334 0.335 0 0 0 
67000 609 168.384 -2080.135 1.574 0.3083 0 0 0 
68000 619 155.768 -2059.82 1.618 0.2763 0 0 0 
69000 630 141.625 -2036.454 1.711 0.2425 0 0 0 
70000 637 136.6 -2011.708 1.734 0.2267 0 0 0 
71000 641 151.242 -1994.109 1.981 0.2682 0 0 0 
72000 642 150.317 -1986.599 2.102 0.266 0 0 0 
73000 643 167.311 -1983.377 2.134 0.3174 0 0 0 
74000 644 183.965 -1976.01 2.239 0.3621 0 0 0 
75000 646 201.94 -1972.476 2.213 0.4012 0 0 0 
76000 647 217.901 -1978.301 2.263 0.4471 0 0 0 
77000 650 229.378 -1957.341 2.246 0.5418 0 0 0 
78000 653 241.358 -1956.617 2.092 0.6045 0 0 0 
79000 654 256.531 -1951.403 2.239 0.6978 0 0 0 
80000 655 271.4 -1955.031 2.117 0.7384 0 0 0 
81000 661 252.964 -1932.353 2.402 0.6762 0 0 0 
82000 666 255.343 -1910.16 2.681 0.6616 0 0 0 
83000 676 227.411 -1877.006 2.791 0.572 0 0 0 
84000 682 213.398 -1843.591 2.959 0.5255 0 0 0 
85000 684 226.308 -1835.543 2.864 0.5879 0 0 0 
86000 686 239.066 -1827.376 3.082 0.7183 0 0 0 
87000 688 252.199 -1838.054 2.899 0.7531 0 0 0 
88000 690 246.248 -1812.868 3.034 0.7291 0 0 0 
89000 693 255.922 -1797.928 3.157 0.7433 0 0 0 
90000 696 271.506 -1801.999 3.089 0.7714 0 0 0 
91000 697 268.496 -1797.689 3.014 0.7593 0 0 0 
92000 698 283.126 -1797.794 2.928 0.7925 0 0 0 
93000 704 281.973 -1799.294 2.775 0.7701 0 0 0 
94000 705 281.093 -1801.825 2.351 0.7623 0 0 0 
95000 713 272.104 -1817.147 1.812 0.7206 0 0 0 
96000 715 271.789 -1834.92 1.436 0.7055 0 0 0 
97000 717 283.546 -1830.066 1.458 0.7192 0 0 0 
98000 720 294.782 -1851.06 1.033 0.729 0 0 0 
99000 722 300.384 -1843.997 1.107 0.7385 0 0 0 
100000 723 314.376 -1837.967 1.169 0.7851 0 0 0 
101000 726 306.0 -1861.317 0.46 0.7512 0 0 0 
102000 728 318.243 -1867.265 0.323 0.7771 0 0 0 
103000 729 331.878 -1855.607 0.492 0.815 0 0 0 
104000 730 345.24 -1866.095 0.515 0.8517 0 0 0 
105000 733 350.866 -1849.67 0.839 0.8465 0 0 0 
106000 735 343.622 -1826.152 1.178 0.8215 0 0 0 
107000 736 356.75 -1823.51 1.139 0.8501 0 0 0 
108000 740 356.501 -1823.805 0.906 0.8524 0 0 0 
109000 742 365.743 -1822.821 1.156 0.8642 0 0 0 
110000 743 372.209 -1827.787 0.928 0.8698 0 0 0 
111000 745 381.349 -1828.904 0.908 0.8922 0 0 0 
112000 747 373.391 -1829.014 1.048 0.8676 0 0 0 
113000 748 385.923 -1827.515 0.862 0.9136 0 0 0 
114000 755 367.655 -1809.059 1.206 0.8716 0 0 0 
115000 763 331.924 -1757.466 1.974 0.767 0 0 0 
116000 771 300.284 -1757.62 1.68 0.6767 0 0 0 
117000 781 263.327 -1681.392 2.714 0.575 0 0 0 
118000 792 228.987 -1660.371 2.54 0.4835 0 0 0 
119000 802 204.71 -1609.015 3.033 0.4237 0 0 0 
120000 811 189.438 -1537.695 3.664 0.3804 0 0 0 
121000 821 173.193 -1490.83 3.961 0.344 0 0 0 
122000 831 160.946 -1458.925 3.985 0.3089 0 0 0 
123000 841 148.453 -1411.048 3.997 0.2736 0 0 0 
124000 851 139.579 -1345.904 4.34 0.2458 0 0 0 
125000 861 133.367 -1273.414 5.037 0.2247 0 0 0 
126000 867 130.429 -1228.585 5.233 0.215 0 0 0 
127000 868 147.821 -1232.395 5.044 0.2552 0 0 0 
128000 871 164.873 -1216.497 5.155 0.296 0 0 0 
129000 875 161.525 -1175.348 5.313 0.2844 0 0 0 
130000 880 174.986 -1151.575 5.592 0.3434 0 0 0 
131000 881 191.486 -1134.497 5.704 0.3889 0 0 0 
132000 882 207.657 -1130.52 5.778 0.5282 0 0 0 
133000 883 206.564 -1107.322 5.808 0.5229 0 0 0 
134000 886 227.751 -1100.893 5.574 0.5944 0 0 0 
135000 887 243.196 -1102.287 5.437 0.6402 0 0 0 
136000 889 256.225 -1093.45 5.673 0.6926 0 0 0 
137000 893 246.987 -1066.871 5.547 0.6546 0 0 0 
138000 898 250.649 -1043.4 5.64 0.6678 0 0 0 
139000 904 234.652 -1005.611 5.563 0.6102 0 0 0 
140000 908 241.618 -991.12 5.608 0.6424 0 0 0 
141000 916 223.203 -958.272 5.252 0.5746 0 0 0 
142000 917 238.739 -955.621 5.188 0.6161 0 0 0 
143000 918 253.964 -962.314 4.98 0.667 0 0 0 
144000 919 251.265 -968.251 4.992 0.6571 0 0 0 
145000 920 266.239 -955.216 4.74 0.7099 0 0 0 
146000 921 280.914 -965.14 4.885 0.7622 0 0 0 
147000 922 295.296 -967.298 4.618 0.8302 0 0 0 
148000 924 315.802 -969.916 4.091 0.9195 0 0 0 
149000 925 329.486 -971.634 4.134 0.9851 0 0 0 
150000 926 342.897 -974.993 3.949 1.1062 0 0 0 
151000 927 356.039 -968.51 3.929 1.1442 0 0 0 
152000 929 364.16 -971.447 3.864 1.159 0 0 0 
153000 930 376.876 -982.96 3.613 1.2761 0 0 0 
154000 932 384.612 -997.062 3.177 1.2816 0 0 0 
155000 933 385.26 -1006.479 3.025 1.2709 0 0 0 
156000 934 397.555 -1017.449 2.716 1.2938 0 0 0 
157000 935 409.604 -1013.445 2.484 1.319 0 0 0 
158000 936 421.412 -1014.534 2.606 1.3699 0 0 0 
159000 937 432.983 -1019.599 2.275 1.4043 0 0 0 
160000 942 420.854 -1024.898 2.065 1.3496 0 0 0 
161000 943 414.677 -1018.515 2.186 1.3292 0 0 0 
162000 944 426.383 -1021.493 2.175 1.4343 0 0 0 
163000 947 426.015 -1005.697 2.238 1.4265 0 0 0 
164000 949 431.524 -998.935 2.19 1.426 0 0 0 
165000 951 436.356 -992.227 2.383 1.4179 0 0 0 
166000 953 440.896 -982.555 2.254 1.4285 0 0 0 
167000 954 452.078 -979.646 2.186 1.4643 0 0 0 
168000 957 450.361 -966.821 2.621 1.4443 0 0 0 
169000 958 461.354 -960.448 2.71 1.4818 0 0 0 
170000 960 449.632 -933.376 2.894 1.4327 0 0 0 
171000 961 460.639 -924.009 2.969 1.4783 0 0 0 
172000 966 445.995 -894.254 3.504 1.4063 0 0 0 
173000 967 439.655 -877.719 3.513 1.3814 0 0 0 
174000 968 450.862 -868.252 3.705 1.3906 0 0 0 
175000 974 431.984 -811.326 4.312 1.2779 0 0 0 
176000 976 437.738 -806.738 4.455 1.2808 0 0 0 
177000 977 432.103 -788.1 4.638 1.2592 0 0 0 
178000 978 443.461 -782.797 4.652 1.2958 0 0 0 
179000 979 454.592 -783.925 4.634 1.3391 0 0 0 
180000 985 433.254 -753.706 4.531 1.2468 0 0 0 
181000 986 444.589 -749.526 4.618 1.2617 0 0 0 
182000 988 449.603 -748.598 4.424 1.2838 0 0 0 
183000 989 460.611 -747.982 4.359 1.3078 0 0 0 
184000 990 471.399 -755.548 4.158 1.3378 0 0 0 
185000 992 463.177 -758.95 4.119 1.3024 0 0 0 
186000 994 469.216 -756.168 3.701 1.3331 0 0 0 
187000 997 466.352 -754.64 3.719 1.312 0 0 0 
188000 998 460.005 -744.343 3.664 1.2896 0 0 0 
189000 1005 432.535 -704.171 4.029 1.1736 0 0 0 
190000 1013 387.377 -650.449 4.442 1.0216 0 0 0 
191000 1014 381.47 -639.001 4.497 1.0034 0 0 0 
192000 1022 359.257 -588.709 4.945 0.9143 0 0 0 
193000 1025 346.869 -541.639 5.217 0.8708 0 0 0 
194000 1027 354.933 -534.91 5.511 0.8829 0 0 0 
195000 1033 340.401 -514.089 5.177 0.8187 0 0 0 
196000 1035 332.373 -491.633 5.384 0.7926 0 0 0 
197000 1037 340.971 -486.486 5.215 0.8031 0 0 0 
198000 1038 354.151 -493.004 5.24 0.8212 0 0 0 
199000 1039 367.068 -499.015 4.976 0.8654 0 0 0 
200000 1043 366.334 -473.033 4.955 0.8699 0 0 0 
201000 1049 346.386 -452.291 4.86 0.8049 0 0 0 
202000 1054 332.34 -407.325 5.17 0.7574 0 0 0 
203000 1057 320.657 -404.373 4.949 0.7256 0 0 0 
204000 1058 334.244 -398.973 4.887 0.7699 0 0 0 
205000 1059 347.559 -384.681 5.019 0.8337 0 0 0 
206000 1064 344.745 -347.393 5.513 0.8345 0 0 0 
207000 1065 341.29 -329.829 5.46 0.8228 0 0 0 
208000 1068 350.129 -330.288 5.384 0.8402 0 0 0 
209000 1072 348.73 -335.597 4.842 0.8221 0 0 0 
210000 1075 337.538 -294.422 5.074 0.7857 0 0 0 
211000 1077 346.911 -268.593 5.451 0.8058 0 0 0 
212000 1080 351.636 -252.462 5.616 0.8205 0 0 0 
213000 1089 313.513 -212.338 5.493 0.7224 0 0 0 
214000 1099 274.123 -173.719 5.19 0.6206 0 0 0 
215000 1108 245.448 -121.74 5.015 0.5413 0 0 0 
216000 1117 223.337 -61.612 5.42 0.473 0 0 0 
217000 1127 201.029 -23.593 5.24 0.4085 0 0 0 
218000 1138 180.218 15.885 4.965 0.3493 0 0 0 
219000 1148 165.714 82.256 5.227 0.3078 0 0 0 
220000 1150 163.099 94.484 5.157 0.3006 0 0 0 
221000 1155 175.59 133.984 5.347 0.3284 0 0 0 
222000 1158 190.547 151.337 5.587 0.3727 0 0 0 
223000 1159 189.576 174.501 5.635 0.369 0 0 0 
224000 1160 205.785 197.799 5.868 0.409 0 0 0 
225000 1162 219.936 213.592 6.195 0.4762 0 0 0 
226000 1167 228.07 260.403 6.46 0.5003 0 0 0 
227000 1169 241.338 260.098 6.424 0.5449 0 0 0 
228000 1172 234.259 310.126 6.724 0.5231 0 0 0 
229000 1178 237.578 350.401 6.921 0.542 0 0 0 
230000 1186 219.351 414.743 7.015 0.4863 0 0 0 
231000 1194 206.386 486.148 7.469 0.4451 0 0 0 
232000 1196 202.928 516.524 7.539 0.4346 0 0 0 
233000 1204 205.576 579.28 7.779 0.4475 0 0 0 
234000 1205 203.724 607.857 7.827 0.4429 0 0 0 
235000 1209 214.116 645.927 8.074 0.465 0 0 0 
236000 1211 227.417 672.128 8.129 0.5086 0 0 0 
237000 1214 238.933 692.704 8.34 0.5624 0 0 0 
238000 1215 254.154 706.406 8.362 0.6143 0 0 0 
239000 1217 250.351 741.004 8.54 0.5987 0 0 0 
240000 1219 262.957 760.988 8.728 0.6652 0 0 0 
241000 1220 277.698 774.482 8.778 0.711 0 0 0 
242000 1225 279.196 826.89 8.951 0.6924 0 0 0 
243000 1227 290.36 837.131 9.033 0.7223 0 0 0 
244000 1232 273.672 891.985 9.083 0.6676 0 0 0 
245000 1237 273.754 923.44 8.994 0.6597 0 0 0 
246000 1242 257.583 982.858 8.997 0.6096 0 0 0 
247000 1247 259.373 999.496 8.669 0.6274 0 0 0 
248000 1256 235.557 1069.304 8.597 0.5544 0 0 0 
249000 1262 220.667 1132.189 8.582 0.5145 0 0 0 
250000 1263 236.254 1151.199 8.631 0.5744 0 0 0 
251000 1267 243.451 1189.39 8.972 0.5923 0 0 0 
252000 1269 238.509 1218.114 8.961 0.5779 0 0 0 
253000 1275 241.292 1277.277 9.035 0.5997 0 0 0 
254000 1277 253.917 1291.427 9.285 0.6373 0 0 0 
255000 1286 230.231 1376.773 9.3 0.5592 0 0 0 
256000 1289 222.872 1419.821 9.191 0.535 0 0 0 
257000 1295 227.958 1474.917 9.504 0.5748 0 0 0 
258000 1298 221.872 1515.47 9.516 0.5564 0 0 0 
259000 1304 227.594 1550.732 9.418 0.5465 0 0 0 
260000 1312 211.385 1619.1 9.168 0.4866 0 0 0 
261000 1322 192.103 1692.928 8.915 0.4215 0 0 0 
262000 1324 188.18 1729.961 8.934 0.4095 0 0 0 
263000 1327 200.917 1772.805 9.31 0.4312 0 0 0 
264000 1333 207.602 1817.011 9.432 0.4335 0 0 0 
265000 1340 193.012 1870.831 8.934 0.3925 0 0 0 
266000 1343 204.991 1899.842 8.989 0.4226 0 0 0 
267000 1345 218.554 1910.619 9.092 0.4516 0 0 0 
268000 1346 216.242 1934.819 9.051 0.4453 0 0 0 
269000 1350 224.744 1982.87 9.316 0.4548 0 0 0 
270000 1351 240.249 1997.368 9.346 0.488 0 0 0 
271000 1353 252.935 2002.486 9.426 0.5175 0 0 0 
272000 1354 257.357 2012.617 9.234 0.5242 0 0 0 
273000 1356 269.005 2032.928 9.236 0.55 0 0 0 
274000 1358 280.493 2052.037 9.223 0.5724 0 0 0 
275000 1361 288.671 2090.19 9.346 0.5838 0 0 0 
276000 1365 292.864 2130.185 9.639 0.5934 0 0 0 
277000 1371 275.491 2196.468 9.605 0.5474 0 0 0 
278000 1373 287.182 2210.023 9.686 0.587 0 0 0 
279000 1380 266.777 2283.091 9.62 0.5313 0 0 0 
280000 1382 278.632 2296.213 9.743 0.56 0 0 0 
281000 1391 251.052 2380.235 9.675 0.4903 0 0 0 
282000 1392 247.971 2406.692 9.622 0.483 0 0 0 
283000 1401 239.835 2474.694 9.657 0.4722 0 0 0 
284000 1410 217.978 2561.884 9.521 0.416 0 0 0 
285000 1411 233.619 2583.66 9.806 0.4663 0 0 0 
286000 1420 213.384 2669.584 9.82 0.4116 0 0 0 
287000 1421 229.116 2680.2 9.767 0.4411 0 0 0 
288000 1425 221.029 2733.894 9.867 0.4186 0 0 0 
289000 1430 228.559 2775.32 10.044 0.4403 0 0 0 
290000 1438 212.529 2862.873 10.014 0.3991 0 0 0 
291000 1440 208.984 2902.538 10.165 0.3901 0 0 0 
292000 1448 209.389 2968.207 10.137 0.3877 0 0 0 
293000 1452 201.149 3007.771 9.881 0.3682 0 0 0 
294000 1458 206.351 3078.492 10.147 0.3964 0 0 0 
295000 1464 197.205 3118.481 9.766 0.3695 0 0 0 
296000 1467 210.29 3142.294 9.779 0.3986 0 0 0 
297000 1468 208.984 3136.325 9.762 0.3941 0 0 0 
298000 1470 223.108 3177.82 9.45 0.4203 0 0 0 
299000 1474 232.784 3237.928 10.09 0.4471 0 0 0 
300000 1477 244.62 3260.402 10.143 0.474 0 0 0 
301000 1485 227.387 3339.211 10.312 0.429 0 0 0 
302000 1494 207.698 3424.162 9.998 0.3885 0 0 0 
303000 1500 196.657 3497.349 10.055 0.3705 0 0 0 
304000 1504 205.899 3537.03 10.193 0.4262 0 0 0 
305000 1506 202.708 3576.68 10.274 0.4194 0 0 0 
306000 1508 217.561 3601.121 10.519 0.4816 0 0 0 
307000 1514 223.536 3645.377 10.435 0.5153 0 0 0 
308000 1515 221.105 3663.127 10.418 0.5083 0 0 0 
309000 1516 236.683 3675.535 10.335 0.5735 0 0 0 
310000 1522 241.582 3745.576 10.481 0.5678 0 0 0 
311000 1524 254.196 3749.315 10.397 0.5899 0 0 0 
312000 1525 252.372 3769.044 10.446 0.5821 0 0 0 
313000 1527 264.878 3791.181 10.35 0.6094 0 0 0 
314000 1532 268.247 3852.343 10.523 0.6125 0 0 0 
315000 1535 276.209 3881.046 10.732 0.6216 0 0 0 
316000 1536 290.685 3900.962 10.913 0.6535 0 0 0 
317000 1543 270.479 3973.456 10.819 0.5917 0 0 0 
318000 1551 248.627 4060.458 10.875 0.5274 0 0 0 
319000 1558 233.962 4138.138 10.734 0.4805 0 0 0 
320000 1563 223.111 4192.833 10.614 0.4489 0 0 0 
321000 1568 228.694 4234.742 10.643 0.4558 0 0 0 
322000 1570 223.834 4259.516 10.609 0.443 0 0 0 
323000 1577 225.838 4327.032 10.518 0.4474 0 0 0 
324000 1583 214.959 4392.034 10.302 0.4139 0 0 0 
325000 1586 227.048 4412.179 10.465 0.4501 0 0 0 
326000 1587 242.507 4432.004 10.653 0.4919 0 0 0 
327000 1594 229.008 4510.272 10.719 0.4492 0 0 0 
328000 1595 244.428 4526.748 10.841 0.4822 0 0 0 
329000 1596 259.539 4542.316 10.868 0.518 0 0 0 
330000 1597 257.288 4563.469 10.874 0.5112 0 0 0 
331000 1601 265.518 4611.708 10.988 0.5251 0 0 0 
332000 1602 280.208 4627.298 10.91 0.5678 0 0 0 
333000 1603 294.604 4641.148 11.117 0.5983 0 0 0 
334000 1604 308.712 4644.133 11.042 0.6366 0 0 0 
335000 1605 322.538 4653.321 11.017 0.6644 0 0 0 
336000 1606 336.087 4665.182 10.831 0.6985 0 0 0 
337000 1607 349.365 4669.76 10.858 0.7307 0 0 0 
338000 1608 362.378 4679.884 10.76 0.7565 0 0 0 
339000 1611 366.328 4709.572 10.812 0.7669 0 0 0 
340000 1617 341.376 4777.239 10.825 0.7004 0 0 0 
341000 1619 350.617 4791.726 10.859 0.7256 0 0 0 
342000 1622 338.744 4827.851 10.672 0.6931 0 0 0 
343000 1626 339.315 4872.714 10.832 0.6845 0 0 0 
344000 1628 348.678 4887.352 10.844 0.7094 0 0 0 
345000 1631 337.77 4926.018 10.805 0.6791 0 0 0 
346000 1632 351.014 4942.58 10.791 0.7188 0 0 0 
347000 1636 352.96 4974.001 10.88 0.7243 0 0 0 
348000 1644 317.934 5053.914 10.576 0.6371 0 0 0 
349000 1647 306.958 5097.254 10.671 0.6087 0 0 0 
350000 1648 320.819 5118.322 10.862 0.6423 0 0 0 
351000 1649 334.403 5135.978 11.03 0.7037 0 0 0 
352000 1650 347.715 5156.97 11.152 0.7953 0 0 0 
353000 1656 337.887 5208.763 11.097 0.787 0 0 0 
354000 1663 312.346 5285.844 11.039 0.7174 0 0 0 
355000 1666 301.861 5330.3 11.065 0.6851 0 0 0 
356000 1667 315.824 5344.959 11.156 0.7147 0 0 0 
357000 1670 321.748 5388.333 11.321 0.7202 0 0 0 
358000 1671 335.313 5400.86 11.39 0.7496 0 0 0 
359000 1672 348.607 5411.14 11.34 0.7829 0 0 0 
360000 1676 348.253 5437.75 11.369 0.7789 0 0 0 
361000 1680 330.236 5493.795 11.203 0.7295 0 0 0 
362000 1682 340.039 5516.033 11.278 0.7559 0 0 0 
363000 1685 345.515 5533.572 11.137 0.7668 0 0 0 
364000 1686 340.724 5551.508 11.145 0.7541 0 0 0 
365000 1689 345.366 5599.525 11.204 0.7686 0 0 0 
366000 1690 358.458 5620.238 11.411 0.8092 0 0 0 
367000 1691 371.289 5635.076 11.597 0.8315 0 0 0 
368000 1692 383.863 5650.317 11.659 0.8913 0 0 0 
369000 1693 396.186 5652.455 11.54 0.9391 0 0 0 
370000 1696 398.691 5691.772 11.613 0.9408 0 0 0 
371000 1698 406.563 5707.514 11.591 0.9802 0 0 0 
372000 1699 402.352 5729.083 11.564 0.9737 0 0 0 
373000 1700 414.305 5738.575 11.652 1.0598 0 0 0 
374000 1701 426.019 5757.192 11.697 1.1556 0 0 0 
375000 1702 437.498 5767.65 11.778 1.1834 0 0 0 
376000 1703 448.748 5778.986 11.76 1.222 0 0 0 
377000 1705 453.818 5805.462 11.805 1.2227 0 0 0 
378000 1706 464.742 5807.399 11.787 1.2408 0 0 0 
379000 1708 469.198 5835.69 11.612 1.2495 0 0 0 
380000 1709 479.814 5844.379 11.698 1.2821 0 0 0 
381000 1713 472.826 5876.329 11.508 1.2477 0 0 0 
382000 1714 483.369 5881.276 11.487 1.2718 0 0 0 
383000 1715 493.702 5908.227 11.783 1.2958 0 0 0 
384000 1716 503.828 5925.818 11.834 1.3203 0 0 0 
385000 1717 513.751 5928.209 11.719 1.3442 0 0 0 
386000 1718 523.476 5942.973 11.685 1.367 0 0 0 
387000 1719 533.007 5947.378 11.623 1.4293 0 0 0 
388000 1720 542.347 5962.057 11.659 1.4665 0 0 0 
389000 1721 551.5 5974.003 11.663 1.496 0 0 0 
390000 1722 560.47 5989.347 11.728 1.5245 0 0 0 
391000 1723 569.26 6002.71 11.797 1.5607 0 0 0 
392000 1724 577.875 6020.321 11.91 1.578 0 0 0 
393000 1725 570.018 6050.007 11.923 1.551 0 0 0 
394000 1727 571.105 6072.067 11.957 1.5409 0 0 0 
395000 1728 579.683 6078.856 11.911 1.5642 0 0 0 
396000 1729 588.089 6086.166 11.855 1.5761 0 0 0 
397000 1730 596.327 6100.077 11.91 1.6027 0 0 0 
398000 1731 604.401 6110.486 11.777 1.6564 0 0 0 
399000 1732 612.313 6117.63 11.724 1.6885 0 0 0 
400000 1735 602.033 6156.914 11.718 1.6736 0 0 0 
401000 1737 601.512 6173.476 11.734 1.6584 0 0 0 
402000 1738 609.482 6196.306 11.957 1.6719 0 0 0 
403000 1739 617.292 6208.92 11.971 1.7007 0 0 0 
404000 1740 624.947 6221.404 12.049 1.7362 0 0 0 
405000 1741 632.448 6225.984 11.786 1.7816 0 0 0 
406000 1742 639.799 6250.982 12.127 1.8005 0 0 0 
407000 1743 647.003 6269.728 12.198 1.8368 0 0 0 
408000 1744 654.063 6281.882 12.224 1.8859 0 0 0 
409000 1745 660.981 6291.806 12.213 1.9233 0 0 0 
410000 1746 651.502 6304.966 12.192 1.8915 0 0 0 
411000 1749 639.426 6337.163 11.99 1.8662 0 0 0 
412000 1750 646.638 6348.801 12.013 1.8991 0 0 0 
413000 1751 653.705 6354.381 11.873 1.9325 0 0 0 
414000 1753 650.178 6384.244 11.967 1.9242 0 0 0 
415000 1757 625.664 6409.629 11.659 1.8303 0 0 0 
416000 1761 587.197 6451.237 11.444 1.7003 0 0 0 
417000 1765 570.174 6493.575 11.46 1.6172 0 0 0 
418000 1766 561.451 6515.783 11.495 1.5888 0 0 0 
419000 1768 561.617 6553.611 11.724 1.5804 0 0 0 
420000 1773 539.278 6597.466 11.713 1.4828 0 0 0 
421000 1775 523.384 6623.884 11.596 1.4308 0 0 0 
422000 1777 524.598 6660.947 11.745 1.4231 0 0 0 
423000 1784 485.603 6732.018 11.834 1.2897 0 0 0 
424000 1793 423.183 6809.914 11.235 1.0983 0 0 0 
425000 1801 378.907 6888.099 11.112 0.9573 0 0 0 
426000 1808 346.296 6970.461 11.054 0.8522 0 0 0 
427000 1811 347.666 6983.958 10.956 0.8362 0 0 0 
428000 1815 331.448 7037.421 10.786 0.7845 0 0 0 
429000 1816 344.819 7044.385 10.789 0.8137 0 0 0 
430000 1820 345.163 7089.109 11.004 0.8124 0 0 0 
431000 1821 341.139 7113.549 11.01 0.7999 0 0 0 
432000 1824 345.154 7146.4 11.049 0.808 0 0 0 
433000 1830 335.191 7201.338 10.997 0.7815 0 0 0 
434000 1838 304.183 7227.814 9.971 0.689 0 0 0 
435000 1847 272.578 7217.76 8.064 0.5988 0 0 0 
436000 1857 240.964 7161.886 5.596 0.512 0 0 0 
437000 1867 214.698 7161.258 4.506 0.4405 0 0 0 
438000 1878 191.013 7138.898 3.223 0.3768 0 0 0 
439000 1888 173.319 7114.904 2.195 0.3295 0 0 0 
440000 1899 157.62 7097.274 1.472 0.2877 0 0 0 
441000 1910 144.006 7027.899 -0.06 0.253 0 0 0 
442000 1921 133.148 6971.707 -1.068 0.2254 0 0 0 
443000 1933 122.651 6929.692 -1.432 0.2014 0 0 0 
444000 1944 116.348 6950.169 -0.83 0.1839 0 0 0 
445000 1953 114.098 7024.591 0.393 0.1745 0 0 0 
446000 1955 131.38 7043.106 0.857 0.2132 0 0 0 
447000 1960 128.999 7109.869 1.754 0.2055 0 0 0 
448000 1962 145.67 7135.472 2.262 0.2465 0 0 0 
449000 1964 161.762 7167.577 2.723 0.2774 0 0 0 
450000 1966 177.256 7164.685 2.819 0.317 0 0 0 
451000 1968 191.757 7180.757 3.012 0.348 0 0 0 
452000 1977 175.759 7232.477 3.217 0.3099 0 0 0 
453000 1982 173.055 7260.662 3.527 0.2988 0 0 0 
454000 1987 183.064 7273.878 3.737 0.3177 0 0 0 
455000 1988 199.402 7290.248 3.928 0.3524 0 0 0 
456000 1996 187.262 7303.003 3.697 0.3225 0 0 0 
457000 2007 167.372 7347.851 3.703 0.2803 0 0 0 
458000 2020 148.024 7353.82 2.945 0.2398 0 0 0 
459000 2030 137.959 7389.466 3.071 0.2171 0 0 0 
460000 2042 127.28 7438.788 3.29 0.1945 0 0 0 
461000 2054 118.016 7492.679 3.544 0.1757 0 0 0 
462000 2064 114.198 7541.868 3.908 0.1663 0 0 0 
463000 2073 112.95 7605.439 4.265 0.161 0 0 0 
464000 2083 110.499 7698.735 5.202 0.1542 0 0 0 
465000 2092 110.665 7764.772 5.487 0.1513 0 0 0 
466000 2101 110.151 7810.899 5.401 0.1479 0 0 0 
467000 2103 127.509 7817.327 5.418 0.1843 0 0 0 
468000 2112 123.714 7856.491 5.236 0.1745 0 0 0 
469000 2123 117.345 7919.992 5.344 0.1621 0 0 0 
470000 2134 111.658 7971.673 5.17 0.1519 0 0 0 
471000 2146 105.27 8029.732 5.127 0.1413 0 0 0 
472000 2154 103.307 8106.597 5.627 0.1371 0 0 0 
473000 2156 121.616 8128.384 5.849 0.173 0 0 0 
474000 2162 129.779 8143.801 5.76 0.184 0 0 0 
475000 2163 129.204 8169.54 5.848 0.1828 0 0 0 
476000 2168 146.387 8205.298 5.98 0.2281 0 0 0 
477000 2172 159.615 8225.069 6.137 0.2513 0 0 0 
478000 2174 157.671 8251.562 6.202 0.2472 0 0 0 
479000 2176 173.467 8281.192 6.399 0.2854 0 0 0 
480000 2183 180.945 8329.405 6.826 0.3087 0 0 0 
481000 2188 173.694 8385.925 6.836 0.2923 0 0 0 
482000 2191 187.209 8415.051 7.086 0.3255 0 0 0 
483000 2194 201.004 8413.543 6.944 0.3623 0 0 0 
484000 2195 216.984 8427.537 7.082 0.3937 0 0 0 
485000 2196 232.644 8437.755 7.15 0.4282 0 0 0 
486000 2200 223.357 8495.933 7.441 0.4055 0 0 0 
487000 2205 228.997 8538.462 7.676 0.4163 0 0 0 
488000 2215 206.779 8619.172 7.883 0.3641 0 0 0 
489000 2216 205.003 8640.736 7.869 0.3598 0 0 0 
490000 2222 209.897 8699.564 7.944 0.3671 0 0 0 
491000 2223 225.7 8713.267 8.119 0.3944 0 0 0 
492000 2225 238.062 8733.685 8.221 0.4138 0 0 0 
493000 2228 248.854 8747.727 8.381 0.4367 0 0 0 
494000 2232 238.374 8800.516 8.525 0.4137 0 0 0 
495000 2237 242.701 8849.153 8.652 0.4207 0 0 0 
496000 2238 257.847 8849.236 8.609 0.452 0 0 0 
497000 2239 255.03 8852.671 8.475 0.4458 0 0 0 
498000 2240 269.929 8845.853 8.405 0.4925 0 0 0 
499000 2244 274.596 8895.902 8.186 0.5017 0 0 0 
500000 2245 289.104 8916.327 8.535 0.5378 0 0 0 
501000 2248 296.421 8948.675 8.674 0.5541 0 0 0 
502000 2249 310.492 8965.292 8.803 0.5786 0 0 0 
503000 2251 320.577 8982.768 9.007 0.5967 0 0 0 
504000 2252 320.665 8995.064 9.053 0.5931 0 0 0 
505000 2253 334.252 8996.085 9.034 0.6254 0 0 0 
506000 2256 344.063 9024.858 8.763 0.6447 0 0 0 
507000 2257 357.181 9049.457 9.089 0.677 0 0 0 
508000 2260 361.727 9051.386 8.718 0.6868 0 0 0 
509000 2261 374.492 9069.442 8.975 0.7197 0 0 0 
510000 2262 387.002 9076.656 8.911 0.7422 0 0 0 
511000 2263 399.262 9094.09 9.046 0.7619 0 0 0 
512000 2264 411.277 9110.689 9.233 0.7805 0 0 0 
513000 2267 393.252 9138.771 9.138 0.7423 0 0 0 
514000 2269 399.639 9159.057 9.255 0.7483 0 0 0 
515000 2270 411.646 9177.341 9.233 0.7676 0 0 0 
516000 2271 423.413 9195.466 9.38 0.7887 0 0 0 
517000 2277 404.604 9243.81 9.504 0.7516 0 0 0 
518000 2278 416.512 9260.371 9.693 0.7813 0 0 0 
519000 2279 410.302 9282.819 9.712 0.7684 0 0 0 
520000 2280 422.096 9298.995 9.837 0.8065 0 0 0 
521000 2282 427.941 9323.314 10.017 0.8142 0 0 0 
522000 2284 433.234 9350.764 10.012 0.8201 0 0 0 
523000 2286 438.458 9365.451 10.027 0.8436 0 0 0 
524000 2288 443.095 9386.555 9.989 0.8517 0 0 0 
525000 2291 440.485 9414.106 10.105 0.8521 0 0 0 
526000 2294 425.405 9439.385 9.894 0.8154 0 0 0 
527000 2298 417.905 9472.888 9.919 0.7926 0 0 0 
528000 2301 417.185 9496.878 9.907 0.7866 0 0 0 
529000 2302 428.841 9524.278 10.039 0.8155 0 0 0 
530000 2304 416.434 9549.507 10.035 0.7888 0 0 0 
531000 2305 428.105 9570.025 10.127 0.8232 0 0 0 
532000 2306 439.543 9571.393 10.301 0.8465 0 0 0 
533000 2308 444.557 9590.975 10.188 0.8496 0 0 0 
534000 2312 436.126 9608.288 9.693 0.8302 0 0 0 
535000 2313 447.404 9613.472 9.519 0.8518 0 0 0 
536000 2314 458.455 9630.817 9.673 0.8911 0 0 0 
537000 2315 469.286 9647.797 9.825 0.9103 0 0 0 
538000 2317 471.683 9642.901 9.326 0.9135 0 0 0 
539000 2318 469.989 9633.091 8.984 0.9072 0 0 0 
540000 2320 473.038 9655.423 9.085 0.9158 0 0 0 
541000 2322 477.145 9673.92 9.067 0.9279 0 0 0 
542000 2323 487.603 9693.931 9.253 0.9551 0 0 0 
543000 2327 480.682 9706.162 9.063 0.9447 0 0 0 
544000 2328 474.068 9727.492 9.08 0.9316 0 0 0 
545000 2329 484.587 9736.225 9.106 0.9717 0 0 0 
546000 2330 494.895 9740.797 9.125 0.991 0 0 0 
547000 2331 504.997 9747.537 8.972 1.0096 0 0 0 
548000 2333 506.819 9762.542 8.878 1.0188 0 0 0 
549000 2339 480.514 9792.806 8.66 0.9606 0 0 0 
550000 2340 476.964 9810.349 8.518 0.9489 0 0 0 
551000 2341 487.424 9826.676 8.76 0.9739 0 0 0 
552000 2342 497.676 9841.38 8.875 0.9883 0 0 0 
553000 2343 507.722 9855.998 8.951 1.0063 0 0 0 
554000 2344 517.568 9868.555 9.071 1.0356 0 0 0 
555000 2346 519.752 9882.017 9.042 1.0475 0 0 0 
556000 2347 522.897 9893.441 8.903 1.0483 0 0 0 
557000 2348 532.439 9912.257 9.088 1.0746 0 0 0 
558000 2350 537.775 9927.713 8.988 1.0943 0 0 0 
559000 2351 547.019 9942.83 9.316 1.1246 0 0 0 
560000 2352 556.079 9956.95 9.305 1.151 0 0 0 
561000 2353 564.957 9967.962 9.391 1.1792 0 0 0 
562000 2354 573.658 9983.569 9.468 1.1975 0 0 0 
563000 2355 582.185 9994.541 9.545 1.2221 0 0 0 
564000 2357 581.59 10026.402 9.691 1.2128 0 0 0 
565000 2358 589.959 10025.904 9.873 1.2267 0 0 0 
566000 2361 569.655 10013.996 8.856 1.1736 0 0 0 
567000 2362 578.261 10021.442 8.748 1.1919 0 0 0 
568000 2363 586.696 10040.334 8.824 1.2102 0 0 0 
569000 2364 594.962 10058.514 8.982 1.2387 0 0 0 
570000 2366 593.842 10089.366 9.32 1.2395 0 0 0 
571000 2367 601.965 10116.58 9.486 1.2646 0 0 0 
572000 2368 609.926 10122.626 9.714 1.2877 0 0 0 
573000 2369 617.727 10118.475 9.575 1.3082 0 0 0 
574000 2371 615.845 10139.23 9.381 1.2996 0 0 0 
575000 2372 623.528 10149.095 9.494 1.3231 0 0 0 
576000 2373 631.058 10158.92 9.452 1.3412 0 0 0 
577000 2374 638.437 10168.261 9.525 1.352 0 0 0 
578000 2375 645.668 10184.753 9.472 1.3614 0 0 0 
579000 2376 652.754 10188.659 9.547 1.3806 0 0 0 
580000 2377 659.699 10203.828 9.593 1.3997 0 0 0 
581000 2378 666.505 10218.422 9.644 1.4128 0 0 0 
582000 2379 673.175 10230.212 9.671 1.4272 0 0 0 
583000 2382 658.432 10259.411 9.866 1.388 0 0 0 
584000 2383 665.263 10278.959 9.986 1.406 0 0 0 
585000 2384 671.958 10274.902 9.863 1.4172 0 0 0 
586000 2385 678.519 10277.227 9.665 1.4309 0 0 0 
587000 2386 684.949 10284.022 9.661 1.4504 0 0 0 
588000 2387 673.83 10304.867 9.608 1.4251 0 0 0 
589000 2388 680.353 10309.096 9.692 1.4406 0 0 0 
590000 2393 650.304 10357.347 9.695 1.3714 0 0 0 
591000 2395 645.972 10375.171 9.763 1.3748 0 0 0 
592000 2396 637.353 10367.055 9.164 1.3545 0 0 0 
593000 2399 624.403 10411.803 9.451 1.3939 0 0 0 
594000 2400 631.915 10434.522 9.569 1.4432 0 0 0 
595000 2401 639.276 10442.551 9.755 1.4729 0 0 0 
596000 2403 636.421 10470.69 9.772 1.4635 0 0 0 
597000 2404 643.693 10485.618 9.956 1.4784 0 0 0 
598000 2406 638.428 10485.564 9.633 1.4568 0 0 0 
599000 2408 638.466 10490.073 9.464 1.4611 0 0 0 
600000 2409 627.517 10499.672 9.419 1.4345 0 0 0 
601000 2410 634.966 10504.047 9.404 1.4434 0 0 0 
602000 2413 621.784 10541.359 9.232 1.4052 0 0 0 
603000 2415 618.641 10552.879 9.388 1.407 0 0 0 
604000 2416 626.268 10565.792 9.282 1.4166 0 0 0 
605000 2417 633.743 10578.281 9.247 1.4438 0 0 0 
606000 2420 620.675 10614.466 9.539 1.4176 0 0 0 
607000 2421 628.261 10614.958 9.423 1.4424 0 0 0 
608000 2422 635.696 10626.868 9.393 1.4956 0 0 0 
609000 2425 622.352 10659.011 9.568 1.4991 0 0 0 
610000 2426 629.905 10671.72 9.618 1.5691 0 0 0 
611000 2428 610.774 10696.346 9.648 1.5847 0 0 0 
612000 2430 609.847 10713.671 9.758 1.6196 0 0 0 
613000 2431 617.65 10731.472 9.688 1.6813 0 0 0 
614000 2434 605.522 10733.758 9.411 1.6411 0 0 0 
615000 2435 613.412 10747.576 9.294 1.6668 0 0 0 
616000 2436 621.144 10754.349 9.42 1.6852 0 0 0 
617000 2437 628.721 10759.542 9.335 1.697 0 0 0 
618000 2438 636.146 10777.717 9.302 1.7016 0 0 0 
619000 2439 643.424 10787.91 9.455 1.7222 0 0 0 
620000 2440 650.555 10809.535 9.606 1.7269 0 0 0 
621000 2441 657.544 10806.519 9.67 1.7436 0 0 0 
622000 2443 645.03 10819.232 9.43 1.6944 0 0 0 
623000 2445 642.867 10837.778 9.393 1.6677 0 0 0 
624000 2446 650.01 10855.659 9.353 1.6793 0 0 0 
625000 2447 657.01 10867.979 9.453 1.6885 0 0 0 
626000 2448 663.869 10884.387 9.538 1.7042 0 0 0 
627000 2449 670.592 10900.201 9.809 1.7237 0 0 0 
628000 2451 667.897 10917.826 9.772 1.7296 0 0 0 
629000 2452 674.539 10932.159 9.715 1.737 0 0 0 
630000 2453 681.048 10946.271 9.836 1.7478 0 0 0 
631000 2455 677.878 10938.771 9.463 1.7224 0 0 0 
632000 2456 684.321 10952.833 9.567 1.7271 0 0 0 
633000 2457 690.634 10954.892 9.441 1.7365 0 0 0 
634000 2458 696.822 10967.111 9.471 1.747 0 0 0 
635000 2459 702.885 10975.707 9.47 1.7688 0 0 0 
636000 2460 692.028 11004.064 9.492 1.7375 0 0 0 
637000 2462 687.823 11027.589 9.766 1.7463 0 0 0 
638000 2465 673.453 11055.451 9.782 1.7254 0 0 0 
639000 2468 660.797 11065.95 9.672 1.6864 0 0 0 
640000 2469 651.441 11094.568 9.68 1.66 0 0 0 
641000 2471 656.964 11117.785 9.87 1.684 0 0 0 
642000 2473 654.269 11136.044 9.96 1.68 0 0 0 
643000 2474 644.443 11158.046 9.966 1.6539 0 0 0 
644000 2475 651.554 11169.973 10.085 1.6755 0 0 0 
645000 2477 649.033 11195.326 10.103 1.6657 0 0 0 
646000 2479 645.691 11212.89 10.18 1.6529 0 0 0 
647000 2480 652.777 11219.445 10.164 1.6619 0 0 0 
648000 2483 641.432 11242.468 9.932 1.6111 0 0 0 
649000 2485 639.751 11248.339 9.896 1.6054 0 0 0 
650000 2486 630.136 11271.7 9.854 1.5785 0 0 0 
651000 2488 627.642 11294.308 9.859 1.5752 0 0 0 
652000 2489 629.69 11298.841 10.044 1.5924 0 0 0 
653000 2490 637.096 11316.393 9.932 1.6043 0 0 0 
654000 2491 644.354 11327.701 10.087 1.6185 0 0 0 
655000 2494 630.893 11349.942 9.9 1.5787 0 0 0 
656000 2495 638.275 11356.508 9.984 1.5807 0 0 0 
657000 2496 645.509 11374.864 9.916 1.5849 0 0 0 
658000 2498 642.707 11403.206 10.176 1.5696 0 0 0 
659000 2499 649.853 11413.91 10.212 1.5765 0 0 0 
660000 2501 646.239 11428.298 10.179 1.5516 0 0 0 
661000 2502 643.334 11437.576 10.09 1.5349 0 0 0 
662000 2506 622.307 11457.739 9.78 1.4725 0 0 0 
663000 2507 629.861 11469.981 9.744 1.4818 0 0 0 
664000 2509 626.478 11481.983 9.642 1.4682 0 0 0 
665000 2510 633.949 11485.424 9.566 1.4769 0 0 0 
666000 2512 630.764 11498.488 9.431 1.465 0 0 0 
667000 2514 613.426 11502.553 9.051 1.4199 0 0 0 
668000 2515 621.158 11519.212 9.079 1.4435 0 0 0 
669000 2517 618.08 11540.762 9.129 1.4374 0 0 0 
670000 2521 596.942 11575.342 9.139 1.3851 0 0 0 
671000 2522 605.003 11577.632 9.119 1.4002 0 0 0 
672000 2523 612.903 11598.237 9.313 1.4132 0 0 0 
673000 2525 611.432 11617.055 9.354 1.3989 0 0 0 
674000 2527 609.219 11619.524 9.193 1.3906 0 0 0 
675000 2528 617.035 11624.924 9.124 1.4059 0 0 0 
676000 2529 624.694 11637.878 9.184 1.4286 0 0 0 
677000 2530 632.2 11652.677 9.288 1.4368 0 0 0 
678000 2531 622.936 11680.875 9.298 1.4124 0 0 0 
679000 2532 630.478 11698.308 9.533 1.4222 0 0 0 
680000 2534 628.071 11715.778 9.568 1.4068 0 0 0 
681000 2537 613.664 11728.331 9.17 1.3867 0 0 0 
682000 2538 621.39 11738.282 9.246 1.4131 0 0 0 
683000 2539 628.962 11746.15 9.308 1.4428 0 0 0 
684000 2540 636.383 11757.921 9.3 1.456 0 0 0 
685000 2541 643.656 11777.41 9.462 1.4773 0 0 0 
686000 2544 633.549 11800.502 9.552 1.4386 0 0 0 
687000 2545 639.298 11805.33 9.326 1.4499 0 0 0 
688000 2546 646.512 11819.586 9.457 1.4698 0 0 0 
689000 2547 653.582 11832.488 9.648 1.4954 0 0 0 
690000 2548 645.051 11836.706 9.294 1.4714 0 0 0 
691000 2549 652.15 11861.117 9.402 1.4868 0 0 0 
692000 2550 659.107 11879.723 9.679 1.4949 0 0 0 
693000 2554 634.829 11931.888 9.918 1.4257 0 0 0 
694000 2558 613.073 11952.374 9.931 1.362 0 0 0 
695000 2565 551.408 12004.162 9.536 1.206 0 0 0 
696000 2571 507.372 12072.657 9.761 1.0913 0 0 0 
697000 2572 517.224 12095.027 9.995 1.1189 0 0 0 
698000 2575 495.608 12138.043 10.05 1.0639 0 0 0 
699000 2580 477.37 12184.349 10.152 1.0181 0 0 0 
700000 2586 440.985 12258.59 10.32 0.9239 0 0 0 
701000 2587 435.525 12279.757 10.385 0.9096 0 0 0 
702000 2590 435.664 12322.953 10.578 0.8993 0 0 0 
703000 2594 430.201 12362.065 10.621 0.8859 0 0 0 
704000 2602 386.923 12434.501 10.597 0.7793 0 0 0 
705000 2608 360.768 12504.314 10.649 0.7122 0 0 0 
706000 2609 373.553 12526.355 10.951 0.7394 0 0 0 
707000 2610 386.082 12542.695 11.037 0.7673 0 0 0 
708000 2611 398.36 12561.003 11.241 0.7899 0 0 0 
709000 2612 393.753 12589.759 11.243 0.7786 0 0 0 
710000 2615 395.391 12624.879 11.294 0.7915 0 0 0 
711000 2618 397.086 12657.336 11.292 0.8008 0 0 0 
712000 2620 403.001 12688.127 11.415 0.8054 0 0 0 
713000 2622 409.582 12712.744 11.672 0.822 0 0 0 
714000 2625 393.628 12756.641 11.65 0.7833 0 0 0 
715000 2630 384.879 12819.952 11.753 0.7608 0 0 0 
716000 2631 382.062 12819.017 11.502 0.7515 0 0 0 
717000 2634 383.356 12851.618 11.508 0.7585 0 0 0 
718000 2640 369.12 12904.78 11.418 0.7216 0 0 0 
719000 2646 345.621 12975.535 11.292 0.6623 0 0 0 
720000 2649 332.364 13015.999 11.237 0.6319 0 0 0 
721000 2655 324.546 13091.672 11.611 0.6144 0 0 0 
722000 2656 320.455 13106.289 11.545 0.6051 0 0 0 
723000 2659 325.118 13135.639 11.455 0.6127 0 0 0 
724000 2666 313.602 13191.368 11.215 0.5815 0 0 0 
725000 2671 296.943 13228.859 10.717 0.542 0 0 0 
726000 2674 303.002 13254.188 10.594 0.5561 0 0 0 
727000 2675 299.602 13275.753 10.565 0.5482 0 0 0 
728000 2683 288.911 13314.105 9.981 0.5235 0 0 0 
729000 2684 303.133 13327.961 10.039 0.5498 0 0 0 
730000 2692 277.877 13387.449 9.737 0.4938 0 0 0 
731000 2702 245.169 13438.308 8.925 0.4267 0 0 0 
732000 2711 221.801 13522.318 8.882 0.377 0 0 0 
733000 2722 195.654 13608.727 8.823 0.3247 0 0 0 
734000 2728 192.42 13641.835 8.214 0.3119 0 0 0 
735000 2737 180.041 13689.121 7.912 0.2855 0 0 0 
736000 2738 180.321 13710.154 7.757 0.2847 0 0 0 
737000 2740 194.72 13728.021 8.03 0.3166 0 0 0 
738000 2747 198.68 13789.922 8.214 0.3275 0 0 0 
739000 2755 187.931 13849.798 8.171 0.307 0 0 0 
740000 2760 184.026 13889.901 7.938 0.2975 0 0 0 
741000 2761 200.346 13906.43 8.117 0.3329 0 0 0 
742000 2762 216.339 13910.73 8.12 0.3698 0 0 0 
743000 2766 224.359 13929.387 8.07 0.387 0 0 0 
744000 2767 221.932 13965.602 8.071 0.382 0 0 0 
745000 2773 230.764 14024.445 8.571 0.3966 0 0 0 
746000 2778 226.863 14076.515 8.602 0.3832 0 0 0 
747000 2780 239.839 14095.222 8.945 0.4085 0 0 0 
748000 2781 255.042 14110.257 9.169 0.44 0 0 0 
749000 2789 235.772 14160.059 8.708 0.3973 0 0 0 
750000 2793 229.566 14200.641 8.38 0.3815 0 0 0 
751000 2798 233.468 14243.263 8.752 0.3917 0 0 0 
752000 2802 223.957 14299.822 8.911 0.3719 0 0 0 
753000 2803 233.458 14295.049 8.674 0.3882 0 0 0 
754000 2804 248.789 14315.797 8.735 0.4225 0 0 0 
755000 2805 263.813 14326.689 8.956 0.4542 0 0 0 
756000 2806 278.537 14344.246 9.007 0.4831 0 0 0 
757000 2814 269.642 14420.789 9.44 0.4656 0 0 0 
758000 2823 243.441 14509.968 9.532 0.411 0 0 0 
759000 2827 244.591 14518.244 8.93 0.4071 0 0 0 
760000 2831 234.39 14578.451 9.124 0.3867 0 0 0 
761000 2836 239.937 14616.254 9.32 0.4014 0 0 0 
762000 2845 218.045 14685.394 8.866 0.3582 0 0 0 
763000 2856 192.997 14738.07 8.245 0.311 0 0 0 
764000 2866 175.751 14806.742 7.865 0.2775 0 0 0 
765000 2876 162.515 14897.117 8.027 0.2509 0 0 0 
766000 2882 156.215 14948.548 7.879 0.2378 0 0 0 
767000 2885 170.983 14980.244 8.034 0.264 0 0 0 
768000 2887 185.492 14995.953 8.237 0.2881 0 0 0 
769000 2891 180.096 15054.35 8.466 0.2774 0 0 0 
770000 2897 188.977 15102.514 8.726 0.2925 0 0 0 
771000 2900 184.897 15149.735 8.842 0.2841 0 0 0 
772000 2904 196.671 15193.693 9.072 0.3093 0 0 0 
773000 2907 209.595 15218.566 9.272 0.3305 0 0 0 
774000 2915 196.098 15307.02 9.404 0.3031 0 0 0 
775000 2919 195.778 15356.814 9.515 0.2997 0 0 0 
776000 2921 210.266 15368.363 9.405 0.3291 0 0 0 
777000 2922 226.06 15386.351 9.541 0.3617 0 0 0 
778000 2923 241.539 15403.528 9.673 0.3973 0 0 0 
779000 2924 256.708 15416.21 9.793 0.429 0 0 0 
780000 2926 268.103 15433.706 9.935 0.4536 0 0 0 
781000 2928 265.036 15448.995 9.471 0.4451 0 0 0 
782000 2929 279.735 15466.564 9.718 0.4757 0 0 0 
783000 2930 294.141 15485.413 9.829 0.5031 0 0 0 
784000 2931 308.258 15491.465 9.991 0.5376 0 0 0 
785000 2934 314.618 15516.128 9.832 0.5464 0 0 0 
786000 2935 328.326 15513.671 9.748 0.5821 0 0 0 
787000 2936 341.759 15521.676 9.504 0.6093 0 0 0 
788000 2937 354.924 15534.771 9.614 0.633 0 0 0 
789000 2939 364.829 15531.847 9.212 0.6545 0 0 0 
790000 2940 364.793 15525.395 8.675 0.6512 0 0 0 
791000 2941 377.497 15553.554 8.999 0.6811 0 0 0 
792000 2942 389.947 15557.992 9.196 0.7083 0 0 0 
793000 2943 402.148 15573.473 9.181 0.7435 0 0 0 
794000 2944 414.105 15582.894 9.275 0.7832 0 0 0 
795000 2945 425.823 15571.971 9.294 0.8235 0 0 0 
796000 2946 434.506 15572.702 8.893 0.8374 0 0 0 
797000 2947 445.816 15586.307 8.778 0.8599 0 0 0 
798000 2948 456.9 15600.346 8.834 0.8859 0 0 0 
799000 2949 467.762 15604.058 8.956 0.906 0 0 0 
800000 2950 478.407 15590.592 8.884 0.9296 0 0 0 
801000 2951 488.559 15599.936 8.357 0.9569 0 0 0 
802000 2954 495.497 15595.926 7.801 0.9922 0 0 0 
803000 2955 505.587 15605.29 7.816 1.0299 0 0 0 
804000 2956 515.475 15623.59 7.99 1.0518 0 0 0 
805000 2957 525.166 15637.792 8.205 1.0735 0 0 0 
806000 2958 534.663 15652.133 8.279 1.0971 0 0 0 
807000 2959 543.969 15662.779 8.354 1.1288 0 0 0 
808000 2960 553.09 15676.872 8.492 1.1491 0 0 0 
809000 2961 562.028 15687.183 8.476 1.1635 0 0 0 
810000 2962 570.788 15702.28 8.623 1.185 0 0 0 
811000 2963 579.372 15713.353 8.634 1.2006 0 0 0 
812000 2964 580.584 15712.153 8.424 1.1951 0 0 0 
813000 2966 581.133 15739.043 8.6 1.1878 0 0 0 
814000 2967 589.511 15752.55 8.629 1.1968 0 0 0 
815000 2968 597.72 15757.303 8.82 1.209 0 0 0 
816000 2971 585.084 15771.216 8.406 1.1701 0 0 0 
817000 2972 593.383 15780.427 8.451 1.19 0 0 0 
818000 2973 601.515 15789.44 8.48 1.2176 0 0 0 
819000 2974 609.485 15802.257 8.513 1.2344 0 0 0 
820000 2976 608.686 15765.842 7.732 1.2253 0 0 0 
821000 2977 616.512 15774.577 7.728 1.262 0 0 0 
822000 2978 609.062 15779.517 7.426 1.2428 0 0 0 
823000 2979 616.881 15785.631 7.455 1.2657 0 0 0 
824000 2980 624.543 15802.41 7.506 1.2866 0 0 0 
825000 2981 632.052 15810.363 7.598 1.3057 0 0 0 
826000 2982 639.411 15815.542 7.661 1.3211 0 0 0 
827000 2983 646.623 15835.774 7.701 1.3514 0 0 0 
828000 2984 653.69 15848.112 7.869 1.3695 0 0 0 
829000 2986 659.424 15844.988 7.531 1.3904 0 0 0 
830000 2987 657.356 15847.999 7.317 1.381 0 0 0 
831000 2988 664.209 15859.866 7.488 1.4072 0 0 0 
832000 2989 670.925 15879.187 7.717 1.4325 0 0 0 
833000 2990 677.506 15881.36 7.682 1.4463 0 0 0 
834000 2991 683.956 15886.433 7.684 1.468 0 0 0 
835000 2992 690.277 15893.897 7.517 1.4914 0 0 0 
836000 2993 696.471 15909.556 7.62 1.5009 0 0 0 
837000 2994 702.542 15928.457 7.888 1.5063 0 0 0 
838000 2995 708.491 15941.857 8.032 1.5136 0 0 0 
839000 2996 714.321 15951.949 8.21 1.5222 0 0 0 
840000 2997 720.035 15959.23 8.145 1.533 0 0 0 
841000 2999 712.901 15979.265 8.152 1.5069 0 0 0 
842000 3000 718.643 15999.51 8.361 1.5185 0 0 0 
843000 3001 724.271 16011.678 8.49 1.53 0 0 0 
844000 3002 729.785 16020.351 8.48 1.5406 0 0 0 
845000 3003 735.189 16031.398 8.53 1.5574 0 0 0 
846000 3004 740.486 16044.104 8.616 1.5664 0 0 0 
847000 3005 745.676 16058.487 8.774 1.5787 0 0 0 
848000 3006 750.762 16071.825 8.803 1.5944 0 0 0 
849000 3008 743.592 16103.386 9.027 1.5885 0 0 0 
850000 3009 748.72 16117.805 9.232 1.6006 0 0 0 
851000 3010 753.746 16132.909 9.36 1.5981 0 0 0 
852000 3012 745.438 16155.078 9.372 1.566 0 0 0 
853000 3013 750.529 16157.083 9.299 1.5728 0 0 0 
854000 3015 744.748 16166.537 9.229 1.5562 0 0 0 
855000 3016 732.713 16181.672 9.218 1.5284 0 0 0 
856000 3020 703.913 16230.331 9.395 1.4639 0 0 0 
857000 3022 698.238 16251.231 9.53 1.4433 0 0 0 
858000 3024 693.108 16269.708 9.49 1.4214 0 0 0 
859000 3026 671.533 16292.089 9.448 1.3721 0 0 0 
860000 3029 656.302 16316.092 9.514 1.3365 0 0 0 
861000 3032 642.592 16350.194 9.433 1.2976 0 0 0 
862000 3033 649.74 16360.26 9.519 1.3111 0 0 0 
863000 3036 635.033 16383.244 9.491 1.2764 0 0 0 
864000 3037 642.332 16386.083 9.38 1.2843 0 0 0 
865000 3039 638.436 16391.584 9.304 1.264 0 0 0 
866000 3041 618.279 16426.895 9.331 1.2199 0 0 0 
867000 3043 616.395 16460.327 9.501 1.2084 0 0 0 
868000 3045 614.346 16489.029 9.847 1.2087 0 0 0 
869000 3049 591.865 16516.834 9.71 1.1508 0 0 0 
870000 3050 600.028 16536.358 9.85 1.1778 0 0 0 
871000 3051 608.027 16551.236 10.025 1.2054 0 0 0 
872000 3053 606.19 16562.279 9.996 1.1975 0 0 0 
873000 3054 596.686 16584.607 10.077 1.1767 0 0 0 
874000 3055 604.752 16601.063 10.023 1.1853 0 0 0 
875000 3057 602.184 16629.533 10.162 1.1829 0 0 0 
876000 3058 610.14 16649.08 10.378 1.2097 0 0 0 
877000 3060 608.799 16676.314 10.588 1.1995 0 0 0 
878000 3061 616.623 16692.681 10.601 1.2175 0 0 0 
879000 3066 587.199 16737.988 10.81 1.1764 0 0 0 
880000 3067 595.455 16747.873 10.758 1.2033 0 0 0 
881000 3068 603.546 16755.188 10.756 1.2191 0 0 0 
882000 3069 611.475 16767.519 10.796 1.2308 0 0 0 
883000 3070 619.245 16786.243 10.93 1.2486 0 0 0 
884000 3071 626.861 16798.338 10.969 1.2773 0 0 0 
885000 3072 617.423 16829.878 10.973 1.2556 0 0 0 
886000 3073 625.075 16854.252 11.145 1.263 0 0 0 
887000 3074 632.573 16867.02 11.441 1.2806 0 0 0 
888000 3075 639.922 16877.144 11.382 1.2904 0 0 0 
889000 3076 647.123 16884.792 11.408 1.3017 0 0 0 
890000 3077 654.181 16897.047 11.2 1.3207 0 0 0 
891000 3078 661.097 16906.452 11.291 1.3416 0 0 0 
892000 3079 667.875 16917.149 11.239 1.367 0 0 0 
893000 3080 674.518 16933.176 11.278 1.3873 0 0 0 
894000 3081 681.028 16946.122 11.372 1.3992 0 0 0 
895000 3082 687.407 16959.674 11.454 1.4135 0 0 0 
896000 3083 693.659 16977.601 11.44 1.4383 0 0 0 
897000 3086 678.22 17013.622 11.495 1.4068 0 0 0 
898000 3087 684.655 17027.226 11.615 1.4764 0 0 0 
899000 3088 690.962 17044.775 11.69 1.5397 0 0 0 
900000 3089 697.143 17064.766 11.842 1.5998 0 0 0 
901000 3090 703.2 17072.139 11.858 1.6338 0 0 0 
902000 3091 709.136 17076.615 11.757 1.675 0 0 0 
903000 3092 714.953 17092.929 11.677 1.7075 0 0 0 
904000 3094 709.441 17112.243 11.567 1.6983 0 0 0 
905000 3095 715.252 17122.073 11.658 1.7126 0 0 0 
906000 3097 709.308 17142.812 11.589 1.6851 0 0 0 
907000 3099 703.12 17166.781 11.56 1.6602 0 0 0 
908000 3100 709.057 17179.899 11.762 1.6698 0 0 0 
909000 3101 714.876 17192.933 11.674 1.6845 0 0 0 
910000 3102 710.339 17201.495 11.563 1.6649 0 0 0 
911000 3103 716.132 17224.473 11.74 1.676 0 0 0 
912000 3105 710.213 17241.621 11.862 1.65 0 0 0 
913000 3107 704.989 17264.271 11.572 1.6264 0 0 0 
914000 3108 710.889 17271.522 11.682 1.646 0 0 0 
915000 3109 716.671 17285.2 11.697 1.6596 0 0 0 
916000 3110 722.338 17297.99 11.575 1.6822 0 0 0 
917000 3111 727.891 17306.321 11.527 1.694 0 0 0 
918000 3113 724.327 17305.659 11.291 1.678 0 0 0 
919000 3121 631.328 17369.715 10.711 1.4479 0 0 0 
920000 3128 566.678 17428.665 10.319 1.2844 0 0 0 
921000 3130 567.664 17437.642 10.292 1.2784 0 0 0 
922000 3134 537.858 17491.215 10.252 1.1988 0 0 0 
923000 3135 547.101 17492.308 10.274 1.2138 0 0 0 
924000 3139 525.949 17532.596 10.233 1.1496 0 0 0 
925000 3145 486.995 17580.524 10.036 1.0479 0 0 0 
926000 3146 497.255 17599.959 10.199 1.0616 0 0 0 
927000 3150 469.078 17634.361 9.833 0.992 0 0 0 
928000 3153 465.067 17653.681 9.859 0.9832 0 0 0 
929000 3157 448.845 17687.13 9.716 0.9354 0 0 0 
930000 3160 446.899 17699.549 9.619 0.9256 0 0 0 
931000 3161 457.961 17714.027 9.674 0.9479 0 0 0 
932000 3164 439.513 17748.618 9.477 0.9022 0 0 0 
933000 3165 450.723 17767.082 9.677 0.9302 0 0 0 
934000 3168 448.566 17788.568 9.562 0.9211 0 0 0 
935000 3170 450.065 17808.427 9.525 0.9179 0 0 0 
936000 3175 429.061 17831.988 9.2 0.8603 0 0 0 
937000 3180 406.794 17859.082 8.778 0.8036 0 0 0 
938000 3182 412.645 17870.183 8.873 0.8154 0 0 0 
939000 3189 376.327 17918.334 8.562 0.7292 0 0 0 
940000 3197 338.692 17965.941 8.084 0.6424 0 0 0 
941000 3198 335.518 17988.551 8.08 0.634 0 0 0 
942000 3202 345.811 18005.088 8.194 0.6561 0 0 0 
943000 3204 349.486 18031.05 8.209 0.6578 0 0 0 
944000 3206 355.99 18042.671 8.284 0.6638 0 0 0 
945000 3208 353.885 18068.316 8.186 0.6528 0 0 0 
946000 3211 358.586 18080.728 8.158 0.6669 0 0 0 
947000 3212 371.414 18091.274 8.178 0.6952 0 0 0 
948000 3213 368.166 18103.179 8.12 0.6865 0 0 0 
949000 3215 376.046 18124.277 8.145 0.7033 0 0 0 
950000 3218 378.839 18156.861 8.166 0.7098 0 0 0 
951000 3219 391.262 18167.526 8.424 0.736 0 0 0 
952000 3222 394.584 18181.815 8.31 0.7365 0 0 0 
953000 3223 406.692 18199.976 8.449 0.7719 0 0 0 
954000 3224 418.019 18212.073 8.504 0.7943 0 0 0 
955000 3226 423.445 18217.013 8.329 0.8018 0 0 0 
956000 3227 434.976 18228.338 8.455 0.8206 0 0 0 
957000 3228 445.277 18244.181 8.528 0.8352 0 0 0 
958000 3229 456.371 18251.337 8.595 0.8548 0 0 0 
959000 3233 433.774 18285.585 8.468 0.8036 0 0 0 
960000 3235 434.368 18310.027 8.346 0.8018 0 0 0 
961000 3237 440.807 18326.715 8.617 0.8246 0 0 0 
962000 3238 451.991 18334.243 8.551 0.8461 0 0 0 
963000 3239 462.951 18351.94 8.594 0.8658 0 0 0 
964000 3240 473.692 18365.838 8.765 0.8884 0 0 0 
965000 3242 477.874 18388.348 8.895 0.8941 0 0 0 
966000 3243 488.316 18396.189 9.004 0.9163 0 0 0 
967000 3244 489.07 18400.525 9.05 0.9137 0 0 0 
968000 3245 495.348 18421.01 8.845 0.9221 0 0 0 
969000 3247 497.393 18437.371 8.871 0.9278 0 0 0 
970000 3250 500.756 18457.818 8.95 0.9373 0 0 0 
971000 3251 510.741 18469.157 9.062 0.9611 0 0 0 
972000 3252 517.886 18497.979 9.133 0.9788 0 0 0 
973000 3254 515.205 18522.912 9.293 0.9708 0 0 0 
974000 3256 518.568 18509.337 9.015 0.9694 0 0 0 
975000 3257 511.677 18537.08 8.882 0.9541 0 0 0 
976000 3260 504.518 18550.64 9.074 0.9399 0 0 0 
977000 3261 514.427 18560.304 8.865 0.9635 0 0 0 
978000 3264 509.131 18594.244 9.023 0.9549 0 0 0 
979000 3266 517.91 18591.343 8.845 0.9745 0 0 0 
980000 3270 488.482 18620.209 8.524 0.9118 0 0 0 
981000 3271 498.712 18642.238 8.59 0.9393 0 0 0 
982000 3272 508.738 18647.556 8.781 0.9665 0 0 0 
983000 3273 518.563 18664.759 8.752 0.9938 0 0 0 
984000 3276 512.486 18694.313 8.899 0.9794 0 0 0 
985000 3278 514.591 18708.895 9.058 0.9871 0 0 0 
986000 3281 494.452 18735.829 8.805 0.9416 0 0 0 
987000 3282 504.563 18750.658 8.879 0.9713 0 0 0 
988000 3283 514.472 18773.486 9.133 0.9892 0 0 0 
989000 3285 516.779 18798.326 9.331 0.9973 0 0 0 
990000 3287 517.514 18808.874 9.277 1.0176 0 0 0 
991000 3288 527.164 18832.727 9.374 1.0489 0 0 0 
992000 3290 527.848 18847.309 9.417 1.0509 0 0 0 
993000 3292 529.486 18853.578 9.446 1.0659 0 0 0 
994000 3293 538.896 18874.924 9.551 1.089 0 0 0 
995000 3294 548.118 18887.134 9.643 1.1132 0 0 0 
996000 3295 557.156 18902.133 9.777 1.1413 0 0 0 
997000 3296 566.013 18914.975 9.752 1.1657 0 0 0 
998000 3297 574.692 18927.11 9.86 1.2105 0 0 0 
999000 3298 566.298 18948.802 9.755 1.1918 0 0 0 
1000000 3299 574.972 18957.512 9.966 1.2202 0 0 0 
