10000 291 37.006 -204.0 -0.627 0.147 58 -201.0 -3.1742 
20000 574 36.196 -400.0 -0.674 0.1447 114 -397.0 -3.3244 
30000 880 33.585 -629.0 -0.725 0.135 176 -626.0 -3.61 
40000 1173 35.323 -837.0 -0.69 0.5149 234 -834.0 -3.4648 
50000 1496 36.835 -1089.0 -0.635 0.544 299 -1086.0 -3.1276 
60000 1795 32.381 -1307.0 -0.75 0.4799 359 -1304.0 -3.7652 
70000 2084 31.232 -1510.0 -0.78 0.4617 416 -1507.0 -4.0332 
80000 2369 37.74 -1703.0 -0.606 0.5587 473 -1700.0 -3.0384 
90000 2628 36.113 -1861.0 -0.647 0.5348 525 -1849.0 -3.2063 
100000 2893 39.773 -2024.0 -0.586 0.5888 578 -2012.0 -2.989 
110000 3156 36.195 -2183.0 -0.637 0.5363 631 -2171.0 -3.2672 
120000 3445 36.707 -2382.0 -0.636 0.5451 689 -2370.0 -3.1712 
130000 3700 41.28 -2531.0 -0.55 0.6126 740 -2519.0 -2.7272 
140000 3985 35.391 -2725.0 -0.677 0.5247 797 -2713.0 -3.375 
150000 4232 39.583 -2857.0 -0.55 0.5865 846 -2845.0 -2.6524 
160000 4465 41.766 -2971.0 -0.51 0.621 893 -2956.0 -2.5147 
170000 4720 36.149 -3117.0 -0.649 0.5371 944 -3102.0 -3.2731 
180000 4975 41.603 -3264.0 -0.51 0.6183 995 -3249.0 -2.5192 
190000 5222 42.588 -3402.0 -0.505 0.6308 1044 -3384.0 -2.467 
200000 5463 42.241 -3527.0 -0.475 0.6259 1092 -3506.0 -2.3168 
210000 5722 39.798 -3682.0 -0.586 0.5884 1144 -3661.0 -2.823 
220000 5971 38.278 -3819.0 -0.602 0.5677 1194 -3792.0 -2.9493 
230000 6229 38.761 -3970.0 -0.582 0.5737 1245 -3943.0 -2.9534 
240000 6463 43.423 -4085.0 -0.479 0.6426 1292 -4058.0 -2.2564 
250000 6692 47.997 -4191.0 -0.375 0.7089 1338 -4161.0 -1.7199 
260000 6917 44.156 -4293.0 -0.436 0.6533 1383 -4260.0 -2.0561 
270000 7139 46.86 -4387.0 -0.366 0.6926 1427 -4354.0 -1.8693 
280000 7370 36.663 -4496.0 -0.64 0.545 1474 -4463.0 -3.2466 
290000 7571 48.646 -4560.0 -0.349 0.7198 1514 -4521.0 -1.6453 
300000 7783 50.841 -4637.0 -0.249 0.7545 1556 -4589.0 -0.7699 
310000 7969 47.22 -4676.0 -0.371 0.6981 1593 -4628.0 -1.71 
320000 8156 52.792 -4714.0 -0.228 0.7812 1631 -4651.0 -1.3125 
330000 8341 54.487 -4746.0 -0.152 0.8057 1668 -4674.0 -0.4121 
340000 8562 49.388 -4835.0 -0.297 0.7313 1712 -4757.0 -1.251 
350000 8762 56.499 -4888.0 -0.118 0.8355 1752 -4804.0 -0.3891 
360000 8952 53.367 -4925.0 -0.157 0.7893 1790 -4832.0 -1.1275 
370000 9131 57.557 -4951.0 -0.092 0.8515 1826 -4852.0 -0.0436 
380000 9292 68.148 -4947.0 0.164 1.0069 1858 -4848.0 1.0173 
390000 9461 57.699 -4957.0 -0.089 0.8524 1892 -4843.0 -0.2609 
400000 9651 53.772 -5003.0 -0.213 0.7956 1930 -4886.0 -0.9531 
410000 9825 54.92 -5021.0 -0.193 0.9754 1965 -4904.0 -0.9875 
420000 9990 57.221 -5023.0 -0.079 1.1069 1998 -4903.0 -0.3964 
430000 10165 59.127 -5036.0 -0.008 1.2017 2033 -4892.0 1.8311 
440000 10337 56.877 -5048.0 -0.086 1.1599 2067 -4898.0 -0.3152 
450000 10506 66.554 -5050.0 0.175 1.3488 2101 -4897.0 0.6796 
460000 10676 59.867 -5055.0 0.014 1.2199 2135 -4890.0 0.7843 
470000 10831 63.47 -5038.0 0.081 1.2902 2166 -4861.0 0.6756 
480000 10972 76.005 -4999.0 0.434 1.551 2194 -4819.0 1.0213 
490000 11109 77.85 -4954.0 0.436 1.5806 2221 -4756.0 2.5569 
500000 11275 62.834 -4952.0 0.081 1.2797 2255 -4739.0 0.6659 
510000 11415 65.361 -4907.0 0.132 1.3286 2283 -4685.0 0.7458 
520000 11559 65.829 -4871.0 0.162 1.3412 2311 -4640.0 1.1412 
530000 11693 71.176 -4817.0 0.294 1.4502 2338 -4571.0 1.8862 
540000 11825 73.413 -4769.0 0.286 1.4896 2365 -4505.0 1.7306 
550000 11973 63.788 -4750.0 0.024 1.298 2394 -4465.0 1.3596 
560000 12106 68.619 -4694.0 0.221 1.3951 2421 -4376.0 2.7465 
570000 12226 87.718 -4626.0 0.705 1.7826 2445 -4284.0 4.6585 
580000 12357 76.074 -4564.0 0.478 1.546 2471 -4213.0 1.8678 
590000 12463 91.097 -4463.0 0.89 1.8572 2492 -4088.0 5.5582 
600000 12554 107.256 -4337.0 1.319 2.1791 2510 -3914.0 8.3943 
610000 12665 93.687 -4244.0 0.935 1.8985 2533 -3794.0 6.0115 
620000 12779 84.499 -4161.0 0.621 1.7126 2555 -3690.0 4.307 
630000 12881 101.017 -4061.0 1.055 2.0537 2576 -3554.0 7.2264 
640000 12994 83.179 -3970.0 0.634 1.6894 2598 -3418.0 4.782 
650000 13089 103.312 -3849.0 1.241 2.1005 2617 -3276.0 7.2144 
660000 13192 107.116 -3739.0 1.377 2.1715 2638 -3133.0 8.9786 
670000 13281 116.819 -3612.0 1.536 2.3782 2656 -2952.0 11.1403 
680000 13372 110.057 -3476.0 1.503 2.2358 2674 -2771.0 10.9249 
690000 13449 129.308 -3321.0 1.974 2.6268 2689 -2553.0 13.866 
700000 13530 127.942 -3175.0 1.954 2.5956 2706 -2362.0 13.1715 
710000 13590 152.224 -2992.0 2.631 3.0903 2718 -2092.0 18.9585 
720000 13671 129.043 -2852.0 1.9 2.6277 2734 -1916.0 12.5304 
730000 13752 122.093 -2700.0 1.788 2.4851 2750 -1719.0 11.1546 
740000 13832 125.617 -2538.0 1.993 2.5507 2766 -1491.0 11.9738 
750000 13893 148.771 -2347.0 2.661 3.0184 2778 -1213.0 19.5317 
760000 13960 154.655 -2176.0 2.74 3.1279 2792 -991.0 17.8103 
770000 14019 170.742 -1988.0 3.186 3.4654 2803 -686.0 23.4348 
780000 14083 159.989 -1804.0 2.953 3.2438 2816 -427.0 22.3703 
790000 14139 172.419 -1610.0 3.294 3.4986 2827 -119.0 25.4881 
800000 14201 159.991 -1404.0 3.162 3.2514 2840 255.0 28.5072 
810000 14252 179.221 -1188.0 3.717 3.6379 2850 621.0 31.9359 
820000 14306 182.077 -982.0 3.762 3.692 2861 926.0 30.1639 
830000 14356 189.721 -766.0 3.988 3.8629 2871 1277.0 31.0399 
840000 14405 189.917 -558.0 3.862 3.8572 2881 1617.0 30.8066 
850000 14459 188.506 -312.0 4.253 3.8321 2891 2187.0 41.1322 
860000 14504 210.521 -95.0 4.655 4.2706 2900 2566.0 41.4295 
870000 14550 215.442 134.0 4.87 4.3747 2910 2987.0 45.0056 
880000 14596 209.869 350.0 4.586 4.2601 2919 3380.0 43.5816 
890000 14638 229.478 571.0 5.061 4.6492 2927 3760.0 44.5334 
900000 14683 230.944 811.0 5.42 4.6788 2936 4225.0 48.0704 
910000 14727 228.142 1041.0 5.289 4.6215 2945 4626.0 47.8499 
920000 14769 233.835 1282.0 5.492 4.7425 2953 5095.0 50.9829 
930000 14803 265.82 1568.0 6.892 5.3943 2960 5864.0 75.5965 
940000 14841 266.835 1823.0 6.857 5.4097 2968 6428.0 78.8514 
950000 14876 275.203 2069.0 6.944 5.5846 2975 6956.0 75.9662 
960000 14916 248.58 2356.0 6.632 5.0404 2983 7867.0 91.8959 
970000 14956 251.479 2606.0 6.52 5.0983 2991 8390.0 77.4789 
980000 14996 251.902 2860.0 6.469 5.1097 2999 8917.0 72.2872 
990000 15030 274.022 3131.0 7.269 5.5575 3006 9566.0 84.6682 
1000000 15071 257.588 3432.0 7.3 5.2235 3014 10410.0 97.0999 
1010000 15107 266.771 3724.0 7.742 5.4135 3021 11173.0 105.0153 
1020000 15142 281.787 4060.0 9.04 5.7188 3028 12232.0 137.0973 
1030000 15179 274.917 4358.0 8.435 5.573 3035 13076.0 126.3993 
1040000 15213 281.189 4705.0 9.174 5.6965 3042 14251.0 146.1344 
1050000 15247 282.823 5015.0 8.903 5.737 3049 15113.0 131.2684 
1060000 15281 292.185 5334.0 9.191 5.9239 3056 16044.0 132.4184 
1070000 15316 283.491 5691.0 9.385 5.742 3063 17334.0 153.0421 
1080000 15349 293.436 6005.0 9.659 5.9515 3069 18227.0 136.8959 
1090000 15386 282.232 6312.0 8.831 5.7191 3077 19068.0 123.499 
1100000 15426 261.021 6586.0 7.705 5.2949 3085 19765.0 105.0641 
1110000 15463 261.198 6883.0 7.749 5.3006 3092 20569.0 109.2983 
1120000 15497 276.479 7201.0 8.65 5.6048 3099 21535.0 131.7941 
1130000 15527 306.154 7560.0 10.277 6.2007 3105 22761.0 169.8641 
1140000 15561 302.749 7905.0 10.196 6.139 3112 23838.0 154.1224 
1150000 15595 289.838 8255.0 10.074 5.89 3119 24875.0 155.3363 
1160000 15632 290.064 8562.0 9.488 5.885 3126 25761.0 140.5368 
1170000 15665 293.229 8925.0 10.087 5.9495 3133 27024.0 161.573 
1180000 15695 305.39 9260.0 10.474 6.1958 3139 28109.0 172.1115 
1190000 15730 290.906 9600.0 9.936 5.9063 3146 29187.0 161.7308 
1200000 15767 284.279 9889.0 8.877 5.7664 3153 30031.0 135.0726 
1210000 15807 258.422 10148.0 7.293 5.2435 3161 30545.0 94.4834 
1220000 15840 277.19 10468.0 8.344 5.6214 3168 31498.0 114.2572 
1230000 15877 273.968 10751.0 7.881 5.5537 3175 32195.0 102.4722 
1240000 15912 280.755 11092.0 8.844 5.6866 3182 33238.0 123.3909 
1250000 15947 280.025 11447.0 9.4 5.6826 3189 34289.0 139.5607 
1260000 15976 306.082 11800.0 10.553 6.2059 3195 35503.0 171.6647 
1270000 16012 298.955 12147.0 10.347 6.0724 3202 36579.0 161.9603 
1280000 16045 298.125 12488.0 10.092 6.0521 3209 37676.0 156.4542 
1290000 16079 294.736 12843.0 10.301 5.974 3215 38826.0 172.6128 
1300000 16113 291.771 13168.0 9.761 5.9059 3222 39847.0 158.2991 
1310000 16146 296.508 13523.0 10.013 6.0017 3229 40943.0 144.187 
1320000 16179 303.322 13852.0 10.202 6.1506 3235 41992.0 157.4315 
1330000 16216 285.721 14136.0 8.841 5.7918 3243 42573.0 112.6372 
1340000 16250 292.609 14451.0 9.145 5.9297 3250 43599.0 132.0081 
1350000 16281 307.3 14773.0 9.861 6.2189 3256 44557.0 148.2373 
1360000 16312 317.581 15132.0 10.67 6.4312 3262 45744.0 167.4839 
1370000 16345 307.84 15486.0 10.668 6.2378 3269 46896.0 170.2405 
1380000 16381 292.947 15821.0 10.05 5.9265 3276 47846.0 154.6305 
1390000 16420 274.51 16178.0 9.582 5.5673 3284 49124.0 159.7412 
1400000 16451 292.24 16494.0 9.737 5.9272 3290 50064.0 154.9599 
1410000 16487 285.966 16783.0 8.82 5.7916 3297 50761.0 123.7842 
1420000 16522 279.529 17127.0 9.108 5.6593 3304 51903.0 142.8812 
1430000 16559 273.592 17466.0 9.093 5.5426 3311 52980.0 147.1128 
1440000 16594 282.708 17761.0 8.835 5.7337 3318 53710.0 123.6861 
1450000 16625 297.575 18214.0 11.196 6.0333 3325 55558.0 196.6837 
1460000 16657 306.037 18576.0 11.429 6.2154 3331 56832.0 188.5155 
1470000 16691 298.416 18921.0 10.669 6.0541 3338 57990.0 186.2777 
1480000 16729 275.271 19214.0 9.026 5.5799 3345 58778.0 128.5713 
1490000 16761 281.931 19572.0 9.613 5.7149 3352 59913.0 154.9142 
1500000 16790 311.566 19899.0 10.292 6.3056 3358 60915.0 158.6441 
1510000 16822 308.019 20291.0 10.808 6.2388 3364 62405.0 187.2803 
1520000 16856 304.299 20646.0 10.799 6.1592 3371 63591.0 185.5265 
1530000 16890 294.35 20944.0 9.635 5.9661 3378 64303.0 141.6162 
1540000 16925 284.392 21281.0 9.439 5.7691 3385 65291.0 139.5461 
1550000 16966 277.725 21647.0 9.965 5.6145 3393 66521.0 161.2817 
1560000 16996 297.449 21994.0 10.511 6.0206 3399 67702.0 178.0273 
1570000 17021 336.788 22398.0 12.844 6.8121 3404 69210.0 196.2452 
1580000 17055 313.09 22740.0 11.272 6.3366 3411 70239.0 186.314 
1590000 17090 295.513 23158.0 11.489 5.985 3418 71788.0 202.54 
1600000 17125 296.542 23550.0 11.552 6.0084 3425 73170.0 199.5779 
1610000 17161 283.595 23918.0 10.708 5.7508 3432 74420.0 182.7139 
1620000 17190 299.907 24241.0 10.521 6.0758 3438 75361.0 167.909 
1630000 17221 310.559 24579.0 10.733 6.2795 3444 76473.0 177.0963 
1640000 17255 288.982 24929.0 9.975 5.8604 3451 77618.0 160.7392 
1650000 17290 296.924 25386.0 12.051 6.0127 3458 79398.0 218.6028 
1660000 17319 316.987 25779.0 12.697 6.4113 3463 80832.0 212.6768 
1670000 17353 308.074 26076.0 10.885 6.2417 3470 81654.0 181.449 
1680000 17385 304.822 26427.0 10.785 6.1677 3477 82956.0 187.4974 
1690000 17410 332.582 26832.0 12.567 6.7249 3482 84513.0 235.6981 
1700000 17441 335.878 27217.0 12.795 6.8079 3488 85918.0 235.6746 
1710000 17479 300.386 27534.0 10.452 6.0795 3495 86910.0 182.3175 
1720000 17510 310.255 27870.0 10.531 6.276 3502 87858.0 162.4531 
1730000 17540 321.215 28226.0 11.188 6.5083 3508 89036.0 178.6035 
1740000 17563 366.484 28658.0 14.169 7.435 3512 90743.0 232.123 
1750000 17595 340.839 29043.0 13.259 6.9161 3519 92142.0 238.9569 
1760000 17627 326.959 29391.0 12.127 6.6366 3525 93207.0 210.0096 
1770000 17655 325.765 29768.0 12.229 6.6116 3531 94523.0 215.3942 
1780000 17685 338.516 30201.0 13.749 6.8598 3537 96309.0 262.1423 
1790000 17714 332.952 30536.0 12.045 6.7441 3542 97436.0 222.2695 
1800000 17745 318.936 30863.0 11.375 6.4553 3549 98477.0 196.502 
1810000 17771 354.884 31256.0 13.178 7.1771 3554 99932.0 229.0965 
1820000 17804 330.234 31703.0 13.179 6.683 3560 101819.0 243.3865 
1830000 17836 319.845 32056.0 12.363 6.4924 3567 103024.0 232.2226 
1840000 17871 299.215 32459.0 11.855 6.0608 3574 104579.0 226.2698 
1850000 17903 306.466 32795.0 11.071 6.2167 3580 105695.0 200.5926 
1860000 17935 305.566 33170.0 11.486 6.1869 3587 107027.0 207.7181 
1870000 17966 322.467 33548.0 12.128 6.5388 3593 108380.0 220.3244 
1880000 17997 322.711 33934.0 12.196 6.5447 3599 109831.0 225.2525 
1890000 18029 323.004 34297.0 12.064 6.5406 3605 111112.0 198.4712 
1900000 18062 311.797 34694.0 11.993 6.3113 3612 112556.0 225.4014 
1910000 18097 300.737 35069.0 11.554 6.0854 3619 113786.0 201.6189 
1920000 18127 315.168 35536.0 13.268 6.3805 3625 115804.0 264.7145 
1930000 18158 316.889 35897.0 12.459 6.4202 3631 116915.0 221.4819 
1940000 18190 313.49 36296.0 12.446 6.3446 3638 118439.0 227.3588 
1950000 18220 328.127 36636.0 12.111 6.6441 3644 119619.0 216.1373 
1960000 18247 343.508 36969.0 12.151 6.9534 3649 120714.0 215.2005 
1970000 18277 338.027 37376.0 12.813 6.8315 3655 122252.0 239.8171 
1980000 18301 366.192 37796.0 14.567 7.3976 3660 123971.0 281.4768 
1990000 18335 331.7 38152.0 12.594 6.7077 3667 125110.0 221.2222 
2000000 18373 299.959 38511.0 11.071 6.0626 3674 126273.0 154.6329 
