10000 10 179.238 3806.268 68.293 0.1723 0 0 0 
20000 20 329.377 7287.783 119.245 0.3169 0 0 0 
30000 214 54.133 9171.358 12.339 0.7463 0 0 0 
40000 285 165.206 12989.559 63.228 2.5467 0 0 0 
50000 316 213.063 17691.791 92.215 3.2974 0 0 0 
60000 326 344.77 23080.794 166.146 5.3548 0 0 0 
70000 336 464.63 29044.805 244.406 7.2238 0 0 0 
80000 348 547.584 33671.582 278.529 8.5106 0 0 0 
90000 360 602.776 37861.432 289.691 9.3549 0 0 0 
100000 370 675.439 43251.653 335.77 10.4825 0 0 0 
110000 387 664.9 48993.411 343.572 10.3302 0 0 0 
120000 400 693.161 54521.128 364.512 10.7755 0 0 0 
130000 410 747.359 60180.016 400.877 11.6103 0 0 0 
140000 420 788.886 66262.17 435.435 12.241 0 0 0 
150000 431 812.418 72306.585 457.701 12.6093 0 0 0 
160000 446 779.727 78072.629 442.511 12.0969 0 0 0 
170000 457 800.274 83154.131 443.306 12.4183 0 0 0 
180000 468 827.173 88052.934 446.991 12.8459 0 0 0 
190000 478 847.576 93701.948 463.785 13.1616 0 0 0 
200000 488 875.459 98920.408 474.526 13.6006 0 0 0 
210000 499 889.039 105019.582 492.467 13.8 0 0 0 
220000 509 896.254 111205.946 509.194 13.922 0 0 0 
230000 522 881.378 117736.9 515.755 13.6986 0 0 0 
240000 533 876.328 122926.406 500.497 13.6347 0 0 0 
250000 545 866.729 128726.49 497.968 13.4825 0 0 0 
260000 556 882.466 134504.301 506.731 13.7055 0 0 0 
270000 566 903.966 140833.042 529.94 14.0383 0 0 0 
280000 576 921.534 146946.403 543.55 14.3 0 0 0 
290000 586 935.887 152703.238 549.76 14.5215 0 0 0 
300000 597 923.884 158963.739 549.367 14.341 0 0 0 
310000 608 920.91 164702.636 543.219 14.3197 0 0 0 
320000 618 935.378 171114.551 561.622 14.5488 0 0 0 
330000 629 926.839 177589.932 568.764 14.4384 0 0 0 
340000 639 940.222 183832.793 574.607 14.6728 0 0 0 
350000 649 951.157 190754.998 596.186 14.8538 0 0 0 
360000 659 960.092 197192.051 605.187 14.9981 0 0 0 
370000 669 967.392 204042.569 618.607 15.1124 0 0 0 
380000 679 973.357 210562.346 626.435 15.1995 0 0 0 
390000 689 978.231 216976.078 629.162 15.2841 0 0 0 
400000 699 982.213 223688.049 639.34 15.3265 0 0 0 
410000 709 985.467 230808.707 648.638 15.3697 0 0 0 
420000 719 988.125 237775.808 654.595 15.4118 0 0 0 
430000 729 990.297 243960.455 655.115 15.4598 0 0 0 
440000 740 982.214 251890.517 669.624 15.3407 0 0 0 
450000 751 974.286 259591.198 681.445 15.2347 0 0 0 
460000 761 978.99 267695.047 705.913 15.3336 0 0 0 
470000 771 982.833 273744.265 688.195 15.4173 0 0 0 
480000 781 985.973 280670.441 688.9 15.4669 0 0 0 
490000 791 988.539 287943.41 696.144 15.4969 0 0 0 
500000 801 990.636 296682.968 728.345 15.5419 0 0 0 
510000 811 992.349 304083.383 731.537 15.5828 0 0 0 
520000 821 993.748 311998.263 742.981 15.6252 0 0 0 
530000 831 989.005 320343.894 752.322 15.5387 0 0 0 
540000 841 991.016 327716.66 751.086 15.5748 0 0 0 
550000 851 992.659 335574.794 755.639 15.6086 0 0 0 
560000 861 994.002 342726.0 752.128 15.6 0 0 0 
570000 872 985.272 350188.202 744.271 15.4755 0 0 0 
580000 882 978.096 357050.232 726.139 15.3833 0 0 0 
590000 892 982.103 365410.49 748.776 15.4799 0 0 0 
600000 902 985.376 373840.269 760.98 15.542 0 0 0 
610000 912 988.051 381481.422 760.888 15.6071 0 0 0 
620000 922 990.237 389274.324 767.809 15.6343 0 0 0 
630000 932 992.023 396424.65 756.569 15.5259 0 0 0 
640000 942 993.482 404505.92 762.096 14.9506 0 0 0 
650000 952 994.675 412487.375 773.626 14.8187 0 0 0 
660000 962 995.649 419562.114 760.966 14.7596 0 0 0 
670000 972 996.445 429450.2 801.01 15.1428 0 0 0 
680000 982 997.095 438635.805 826.781 15.5663 0 0 0 
690000 992 997.626 448947.846 864.618 15.9167 0 0 0 
700000 1002 998.061 460570.479 918.899 16.198 0 0 0 
710000 1012 998.415 469917.721 920.928 16.4433 0 0 0 
720000 1023 985.908 480168.473 928.203 16.3891 0 0 0 
730000 1033 988.486 492464.553 985.824 16.5869 0 0 0 
740000 1043 990.592 504318.893 1021.348 16.7208 0 0 0 
750000 1053 992.313 515671.944 1045.911 16.857 0 0 0 
760000 1063 993.719 526351.074 1051.495 16.9653 0 0 0 
770000 1073 994.868 533395.185 983.535 17.0456 0 0 0 
780000 1083 995.807 542036.777 962.246 17.1184 0 0 0 
790000 1093 996.574 550859.449 947.561 17.1844 0 0 0 
800000 1103 997.201 560541.581 958.085 17.2163 0 0 0 
810000 1113 997.713 568828.427 928.925 17.2221 0 0 0 
820000 1123 998.131 579060.939 947.858 17.2805 0 0 0 
830000 1134 983.93 587750.77 921.363 17.0515 0 0 0 
840000 1144 986.869 597107.324 926.786 17.1355 0 0 0 
850000 1154 989.271 607382.371 944.796 17.1937 0 0 0 
860000 1164 991.234 618302.706 968.616 17.2603 0 0 0 
870000 1175 976.654 631324.572 1014.186 16.9811 0 0 0 
880000 1185 980.925 643480.694 1050.726 17.0463 0 0 0 
890000 1195 968.433 654723.674 1044.09 16.8717 0 0 0 
900000 1205 974.207 668360.471 1093.171 16.981 0 0 0 
910000 1216 964.217 682483.533 1143.046 16.8571 0 0 0 
920000 1227 956.807 693510.7 1113.336 16.7352 0 0 0 
930000 1237 964.708 710960.156 1227.37 16.8681 0 0 0 
940000 1248 954.336 718619.069 1134.614 16.6935 0 0 0 
950000 1258 962.689 729205.404 1105.06 16.8301 0 0 0 
960000 1268 969.514 740771.154 1118.051 16.9687 0 0 0 
970000 1278 975.091 755305.43 1183.127 17.0797 0 0 0 
980000 1288 979.647 772066.855 1261.187 17.1508 0 0 0 
990000 1298 983.37 789346.374 1347.235 17.2117 0 0 0 
1000000 1308 986.412 807231.402 1426.314 17.2921 0 0 0 
1010000 1318 988.898 824065.137 1473.032 17.3102 0 0 0 
1020000 1328 990.929 837370.434 1447.402 17.3314 0 0 0 
1030000 1338 992.588 852334.462 1458.523 17.3804 0 0 0 
1040000 1348 993.944 867807.002 1473.381 17.3935 0 0 0 
1050000 1358 995.052 883166.094 1495.705 17.4061 0 0 0 
1060000 1368 995.957 897963.905 1484.515 17.4151 0 0 0 
1070000 1378 996.697 916161.935 1542.087 17.4608 0 0 0 
1080000 1388 997.301 933193.951 1575.305 17.4654 0 0 0 
1090000 1398 997.795 946754.12 1541.436 17.4864 0 0 0 
1100000 1408 998.198 959236.13 1486.332 17.4892 0 0 0 
1110000 1418 998.528 973839.29 1471.336 17.4897 0 0 0 
1120000 1428 998.797 987236.638 1449.268 17.5001 0 0 0 
1130000 1438 999.017 1002864.413 1470.864 17.499 0 0 0 
1140000 1448 999.197 1019450.94 1502.575 17.4904 0 0 0 
1150000 1458 999.344 1037431.253 1556.688 17.4981 0 0 0 
1160000 1468 999.464 1056540.479 1621.322 17.4958 0 0 0 
1170000 1478 999.562 1071773.15 1601.401 17.4731 0 0 0 
1180000 1488 999.642 1089837.593 1639.448 17.4709 0 0 0 
1190000 1498 999.708 1108317.323 1675.66 17.4829 0 0 0 
1200000 1508 999.761 1125537.009 1686.397 17.4899 0 0 0 
1210000 1518 999.805 1144291.127 1719.757 17.5029 0 0 0 
1220000 1528 999.84 1161828.442 1724.39 17.4856 0 0 0 
1230000 1538 999.87 1179689.496 1733.35 17.4674 0 0 0 
1240000 1548 999.893 1197357.948 1738.489 17.4623 0 0 0 
1250000 1558 999.913 1216862.693 1775.874 17.4582 0 0 0 
1260000 1568 999.929 1234243.916 1768.36 17.4625 0 0 0 
1270000 1578 999.942 1251833.652 1781.652 17.4524 0 0 0 
1280000 1588 999.953 1270324.281 1783.21 17.4608 0 0 0 
1290000 1598 999.961 1286351.662 1748.507 17.4506 0 0 0 
1300000 1608 999.968 1304308.588 1758.609 17.4413 0 0 0 
1310000 1618 999.974 1323581.471 1784.881 17.4465 0 0 0 
1320000 1628 999.979 1341453.37 1784.975 17.45 0 0 0 
1330000 1638 999.983 1359503.717 1788.773 17.4336 0 0 0 
1340000 1648 999.986 1378077.604 1799.548 17.4284 0 0 0 
1350000 1658 999.988 1398734.17 1846.888 17.3988 0 0 0 
1360000 1668 999.991 1417526.815 1854.007 17.4186 0 0 0 
1370000 1678 999.992 1437086.759 1874.612 17.4165 0 0 0 
1380000 1688 999.994 1455950.049 1891.016 17.4315 0 0 0 
1390000 1698 999.995 1474598.579 1878.713 17.427 0 0 0 
1400000 1709 987.393 1491681.691 1820.753 17.2077 0 0 0 
1410000 1719 989.699 1512435.009 1868.58 17.2393 0 0 0 
1420000 1729 984.048 1533218.207 1890.338 17.1272 0 0 0 
1430000 1739 986.966 1553350.427 1910.526 17.1982 0 0 0 
1440000 1749 989.35 1572498.706 1913.459 17.2371 0 0 0 
1450000 1759 991.299 1594091.791 1959.041 17.2538 0 0 0 
1460000 1769 992.89 1614725.621 1978.794 17.3208 0 0 0 
1470000 1779 994.191 1635672.691 2000.905 17.3307 0 0 0 
1480000 1789 995.253 1656851.523 2018.748 17.3404 0 0 0 
1490000 1799 996.122 1677314.596 2026.263 17.3759 0 0 0 
1500000 1809 991.351 1695292.088 1970.554 17.3174 0 0 0 
1510000 1819 992.933 1712678.159 1942.463 17.3446 0 0 0 
1520000 1829 994.226 1730313.614 1893.817 17.3562 0 0 0 
1530000 1839 995.282 1749197.398 1900.498 17.3526 0 0 0 
1540000 1849 996.145 1765446.014 1868.212 17.3852 0 0 0 
1550000 1859 996.85 1780501.548 1781.035 17.4243 0 0 0 
1560000 1869 997.427 1797934.857 1774.566 17.4352 0 0 0 
1570000 1879 997.897 1811241.874 1695.566 17.4371 0 0 0 
1580000 1889 998.282 1830925.985 1741.085 17.3989 0 0 0 
1590000 1899 998.596 1850796.767 1784.771 17.3763 0 0 0 
1600000 1909 998.853 1868562.979 1793.147 17.388 0 0 0 
1610000 1919 999.063 1887530.196 1799.206 17.4017 0 0 0 
1620000 1929 999.234 1909295.274 1872.516 17.3914 0 0 0 
1630000 1939 999.374 1930055.704 1909.137 17.4283 0 0 0 
1640000 1949 999.489 1951471.135 1948.967 17.4519 0 0 0 
1650000 1959 999.582 1971330.013 1959.209 17.4522 0 0 0 
1660000 1969 999.659 1990956.88 1961.959 17.4256 0 0 0 
1670000 1979 999.721 2009993.62 1949.2 17.425 0 0 0 
1680000 1989 999.772 2029336.389 1948.197 17.4096 0 0 0 
1690000 2000 991.646 2049341.881 1942.267 17.263 0 0 0 
1700000 2010 993.174 2066296.69 1896.716 17.3037 0 0 0 
1710000 2020 994.423 2087032.495 1928.057 16.8848 0 0 0 
1720000 2030 995.443 2106361.146 1927.466 15.8664 0 0 0 
1730000 2040 996.277 2125764.454 1930.311 18.8825 0 0 0 
1740000 2050 996.958 2146587.597 1959.016 18.4603 0 0 0 
1750000 2060 997.514 2167322.968 1980.038 21.2694 0 0 0 
1760000 2070 997.969 2188331.448 2000.933 23.8717 0 0 0 
1770000 2080 998.341 2208208.145 2002.088 30.2226 0 0 0 
1780000 2090 998.644 2227210.249 1979.327 35.4324 0 0 0 
1790000 2100 998.892 2248982.421 2015.96 39.7105 0 0 0 
1800000 2110 999.095 2269929.987 2030.958 43.1791 0 0 0 
1810000 2120 999.26 2289463.556 2014.399 46.0372 0 0 0 
1820000 2130 999.396 2309804.435 2015.717 48.4128 0 0 0 
1830000 2140 993.37 2327856.618 1965.385 49.9587 0 0 0 
1840000 2150 994.583 2347193.969 1966.477 51.697 0 0 0 
1850000 2161 979.522 2367425.965 1939.489 52.3456 0 0 0 
1860000 2171 983.268 2385509.694 1912.565 53.5798 0 0 0 
1870000 2181 986.329 2403592.328 1895.895 54.5686 0 0 0 
1880000 2191 988.83 2423734.498 1917.59 55.1888 0 0 0 
1890000 2201 990.873 2444196.43 1942.035 55.9472 0 0 0 
1900000 2211 992.543 2463521.548 1940.12 56.751 0 0 0 
1910000 2221 993.907 2482164.185 1935.506 57.1785 0 0 0 
1920000 2232 977.077 2499821.235 1858.02 56.6202 0 0 0 
1930000 2242 981.27 2520133.558 1893.182 57.2354 0 0 0 
1940000 2252 984.697 2539826.664 1912.633 57.6439 0 0 0 
1950000 2262 987.496 2556551.71 1861.047 58.0407 0 0 0 
1960000 2272 989.783 2575141.753 1865.419 58.4272 0 0 0 
1970000 2282 983.965 2596870.104 1900.197 58.2606 0 0 0 
1980000 2292 986.898 2616209.326 1905.342 58.5441 0 0 0 
1990000 2302 989.295 2635537.481 1913.035 58.7797 0 0 0 
2000000 2312 991.253 2653972.005 1921.062 59.0426 0 0 0 
2010000 2322 992.853 2672302.803 1882.013 59.2668 0 0 0 
2020000 2332 994.161 2691232.686 1878.955 59.322 0 0 0 
2030000 2342 995.229 2711019.075 1901.405 59.5823 0 0 0 
2040000 2352 996.102 2731471.64 1931.106 59.7049 0 0 0 
2050000 2362 996.815 2747825.744 1871.565 59.4476 0 0 0 
2060000 2372 997.397 2765162.084 1845.428 59.4142 0 0 0 
2070000 2382 997.873 2781759.364 1811.638 59.415 0 0 0 
2080000 2392 998.262 2798094.645 1809.393 59.5357 0 0 0 
2090000 2402 998.58 2814506.798 1753.65 59.6769 0 0 0 
2100000 2412 998.84 2834544.673 1796.544 59.7291 0 0 0 
2110000 2422 999.052 2855645.579 1864.107 59.7019 0 0 0 
2120000 2432 999.226 2873959.805 1849.78 59.8319 0 0 0 
2130000 2442 999.367 2891854.475 1832.959 59.8562 0 0 0 
2140000 2452 999.483 2907981.681 1800.958 59.9854 0 0 0 
2150000 2462 999.578 2926519.418 1800.258 60.0708 0 0 0 
2160000 2472 999.655 2945439.319 1816.754 60.0094 0 0 0 
2170000 2482 999.718 2961989.744 1786.498 60.1378 0 0 0 
2180000 2493 998.273 2980499.134 1802.123 60.0751 0 0 0 
2190000 2503 998.589 2999787.851 1825.312 60.1506 0 0 0 
2200000 2513 998.847 3017374.557 1811.474 60.0667 0 0 0 
2210000 2523 984.299 3036010.373 1791.921 59.1882 0 0 0 
2220000 2533 987.171 3053226.146 1775.653 59.3094 0 0 0 
2230000 2543 989.518 3071362.492 1786.214 59.5909 0 0 0 
2240000 2555 957.392 3086797.404 1694.062 57.498 0 0 0 
2250000 2567 936.118 3105631.758 1669.051 56.0735 0 0 0 
2260000 2578 930.808 3125368.063 1696.403 55.4659 0 0 0 
2270000 2589 927.151 3145777.562 1729.406 55.2903 0 0 0 
2280000 2599 940.477 3168428.672 1827.682 56.5789 0 0 0 
2290000 2609 951.366 3188378.593 1860.49 57.0372 0 0 0 
2300000 2619 960.262 3208186.043 1877.985 57.5638 0 0 0 
2310000 2629 967.531 3229098.603 1917.843 57.9257 0 0 0 
2320000 2639 973.471 3249089.77 1932.61 58.2966 0 0 0 
2330000 2649 978.324 3271453.393 1988.711 58.6684 0 0 0 
2340000 2659 982.289 3293123.322 2024.968 58.8434 0 0 0 
2350000 2669 972.739 3311502.521 1954.304 58.2351 0 0 0 
2360000 2680 975.803 3331143.038 1962.091 58.4375 0 0 0 
2370000 2690 980.23 3349139.213 1933.353 58.7011 0 0 0 
2380000 2700 983.846 3370944.155 1978.474 58.9304 0 0 0 
2390000 2710 986.801 3387203.843 1912.118 53.4749 0 0 0 
2400000 2720 989.216 3404276.289 1877.881 46.7167 0 0 0 
2410000 2730 991.188 3424042.055 1894.006 41.9575 0 0 0 
2420000 2740 992.8 3446008.866 1950.284 38.1265 0 0 0 
2430000 2750 994.117 3466632.971 1970.172 34.9301 0 0 0 
2440000 2760 995.193 3483234.696 1913.37 32.3426 0 0 0 
2450000 2770 996.073 3496712.873 1804.444 30.1957 0 0 0 
2460000 2780 996.791 3509515.554 1711.487 28.4551 0 0 0 
2470000 2790 997.378 3526759.001 1717.354 27.092 0 0 0 
2480000 2800 997.858 3544836.938 1734.728 25.9256 0 0 0 
2490000 2810 998.25 3561786.886 1726.469 25.0056 0 0 0 
2500000 2820 998.57 3582840.365 1795.957 24.2311 0 0 0 
2510000 2830 998.831 3602969.726 1836.379 23.5647 0 0 0 
2520000 2840 999.045 3624821.415 1898.609 23.0389 0 0 0 
2530000 2850 999.22 3645255.056 1926.798 22.613 0 0 0 
2540000 2860 999.363 3666169.706 1957.983 22.2748 0 0 0 
2550000 2870 999.479 3686274.882 1968.016 21.932 0 0 0 
2560000 2880 991.921 3703658.414 1909.989 21.5067 0 0 0 
2570000 2890 993.399 3722854.029 1912.783 21.2968 0 0 0 
2580000 2900 994.606 3742165.597 1913.698 21.1973 0 0 0 
2590000 2910 995.593 3764330.556 1970.884 21.1239 0 0 0 
2600000 2920 996.399 3786751.451 2021.31 21.0537 0 0 0 
2610000 2930 997.058 3800796.954 1904.035 21.0254 0 0 0 
2620000 2940 997.596 3823861.01 1977.952 20.9436 0 0 0 
2630000 2950 998.036 3844575.607 1996.384 20.9693 0 0 0 
2640000 2960 998.395 3868047.385 2059.059 20.9225 0 0 0 
2650000 2970 998.689 3888891.936 2070.915 20.8976 0 0 0 
2660000 2980 998.929 3909831.284 2067.66 20.8555 0 0 0 
2670000 2990 999.125 3930733.685 2072.24 20.8289 0 0 0 
2680000 3000 999.285 3953497.834 2111.557 20.8071 0 0 0 
2690000 3010 999.416 3975798.419 2131.809 20.6511 0 0 0 
2700000 3020 999.522 3996608.695 2120.39 18.7654 0 0 0 
2710000 3030 999.61 4013286.356 2043.575 17.7844 0 0 0 
2720000 3040 994.004 4031243.853 1983.687 17.0847 0 0 0 
2730000 3050 995.101 4048325.211 1925.684 17.3669 0 0 0 
2740000 3060 995.997 4063604.758 1849.781 17.9847 0 0 0 
2750000 3070 996.729 4081811.165 1838.972 18.4686 0 0 0 
2760000 3080 997.327 4099720.861 1834.747 18.8548 0 0 0 
2770000 3090 997.816 4119619.618 1868.078 19.1557 0 0 0 
2780000 3100 998.216 4139124.231 1877.02 19.4514 0 0 0 
2790000 3110 998.542 4160080.131 1918.427 19.6714 0 0 0 
2800000 3120 998.809 4181658.157 1966.377 19.8337 0 0 0 
2810000 3130 999.027 4203718.939 2001.976 19.9652 0 0 0 
2820000 3140 999.205 4223511.865 2028.25 20.0975 0 0 0 
2830000 3150 999.35 4244484.263 2023.438 20.2395 0 0 0 
2840000 3160 999.469 4263680.722 2002.018 20.3199 0 0 0 
2850000 3170 999.566 4278187.092 1918.702 20.4014 0 0 0 
2860000 3180 999.646 4298763.035 1918.748 20.4404 0 0 0 
2870000 3190 999.71 4318763.235 1956.116 20.4504 0 0 0 
2880000 3200 999.763 4335884.514 1898.763 20.4773 0 0 0 
2890000 3210 999.807 4354785.183 1892.943 20.5347 0 0 0 
2900000 3220 999.842 4373783.446 1892.997 20.5506 0 0 0 
2910000 3230 997.683 4393791.081 1914.097 20.4412 0 0 0 
2920000 3240 998.107 4413811.539 1934.484 20.4132 0 0 0 
2930000 3250 998.453 4433806.248 1941.54 20.3677 0 0 0 
2940000 3260 998.736 4454604.437 1968.903 20.3905 0 0 0 
2950000 3271 995.126 4476106.081 1990.194 20.3466 0 0 0 
2960000 3281 996.017 4492611.284 1925.183 20.3918 0 0 0 
2970000 3291 996.746 4512489.859 1935.232 20.4431 0 0 0 
2980000 3301 997.341 4533041.62 1958.044 20.4891 0 0 0 
2990000 3312 982.652 4550870.567 1891.414 20.178 0 0 0 
3000000 3322 985.825 4570093.166 1897.168 20.2194 0 0 0 
3010000 3332 988.418 4587418.835 1866.149 20.3109 0 0 0 
3020000 3342 990.537 4607400.125 1890.205 20.3324 0 0 0 
3030000 3352 992.268 4628540.795 1932.553 20.4162 0 0 0 
3040000 3362 993.682 4651352.501 1996.07 20.4499 0 0 0 
3050000 3372 994.838 4673284.027 2032.265 20.4579 0 0 0 
3060000 3382 995.782 4693133.192 2024.294 20.4889 0 0 0 
3070000 3392 996.554 4713959.327 2034.916 20.5097 0 0 0 
3080000 3402 997.184 4735487.706 2054.751 20.4999 0 0 0 
3090000 3412 997.699 4754537.248 2025.562 20.527 0 0 0 
3100000 3422 998.12 4771311.463 1961.537 20.551 0 0 0 
3110000 3432 998.464 4791424.521 1970.08 20.5576 0 0 0 
3120000 3442 998.745 4806353.966 1883.884 20.5855 0 0 0 
3130000 3452 998.975 4818548.784 1757.825 20.6414 0 0 0 
3140000 3462 999.162 4828417.2 1616.733 20.6427 0 0 0 
3150000 3472 999.315 4837617.621 1487.941 20.6361 0 0 0 
3160000 3482 999.441 4852313.504 1486.401 20.626 0 0 0 
3170000 3492 999.543 4870119.721 1542.886 20.6827 0 0 0 
3180000 3502 999.627 4882981.936 1497.876 20.652 0 0 0 
3190000 3512 999.695 4901359.453 1562.297 20.6648 0 0 0 
3200000 3522 999.751 4920042.401 1615.968 20.7022 0 0 0 
3210000 3532 999.796 4940273.321 1690.52 20.746 0 0 0 
3220000 3542 999.834 4957341.962 1694.341 20.7537 0 0 0 
3230000 3552 999.864 4974395.604 1697.407 20.7675 0 0 0 
3240000 3562 999.889 4993669.287 1738.185 20.7882 0 0 0 
3250000 3572 999.909 5009985.519 1722.932 20.7692 0 0 0 
3260000 3582 999.926 5029190.092 1759.043 20.7995 0 0 0 
3270000 3592 999.939 5044636.515 1723.698 20.823 0 0 0 
3280000 3602 999.95 5062093.514 1726.899 20.8503 0 0 0 
3290000 3612 993.704 5079940.434 1725.822 20.7 0 0 0 
3300000 3622 994.856 5096453.89 1713.766 20.7409 0 0 0 
3310000 3632 995.797 5110692.734 1662.537 20.7868 0 0 0 
3320000 3642 996.566 5123376.258 1587.052 20.7973 0 0 0 
3330000 3652 997.194 5138135.76 1567.264 20.7864 0 0 0 
3340000 3662 997.707 5151041.603 1516.251 20.7728 0 0 0 
3350000 3672 998.127 5161370.442 1430.944 20.7989 0 0 0 
3360000 3682 998.469 5174302.731 1406.942 20.8123 0 0 0 
3370000 3692 998.749 5192783.103 1488.103 20.8142 0 0 0 
3380000 3702 998.978 5211955.618 1566.563 20.7836 0 0 0 
3390000 3712 999.165 5230171.324 1611.87 20.7612 0 0 0 
3400000 3722 999.318 5248025.789 1647.034 20.7304 0 0 0 
3410000 3732 999.443 5265288.68 1663.326 20.7531 0 0 0 
3420000 3742 999.545 5281259.083 1649.573 20.7317 0 0 0 
3430000 3752 999.628 5294408.591 1597.797 20.7096 0 0 0 
3440000 3762 999.696 5308508.815 1556.232 20.7214 0 0 0 
3450000 3772 999.752 5321238.713 1501.714 20.7212 0 0 0 
3460000 3782 999.797 5336672.096 1510.183 20.6558 0 0 0 
3470000 3792 999.834 5349029.741 1463.704 20.622 0 0 0 
3480000 3802 999.864 5362509.17 1442.419 20.6316 0 0 0 
3490000 3812 999.889 5371697.789 1343.629 20.6194 0 0 0 
3500000 3822 999.91 5385429.205 1345.861 20.6112 0 0 0 
3510000 3832 999.926 5402151.195 1405.527 20.6136 0 0 0 
3520000 3842 999.94 5418788.922 1452.83 20.6066 0 0 0 
3530000 3852 999.951 5432324.792 1440.441 20.6097 0 0 0 
3540000 3862 999.96 5446959.101 1442.624 20.6308 0 0 0 
3550000 3872 999.967 5464936.264 1506.025 20.6338 0 0 0 
3560000 3882 999.973 5485194.198 1598.652 20.6322 0 0 0 
3570000 3892 999.978 5505842.442 1684.587 20.665 0 0 0 
3580000 3902 999.982 5526154.506 1749.593 20.6992 0 0 0 
3590000 3912 999.985 5544085.295 1758.386 20.7159 0 0 0 
3600000 3922 999.988 5560204.359 1733.116 20.7345 0 0 0 
3610000 3933 987.544 5575749.193 1676.284 20.5348 0 0 0 
3620000 3943 989.822 5591876.539 1665.128 20.5619 0 0 0 
3630000 3953 991.684 5609308.084 1677.478 20.5829 0 0 0 
3640000 3963 993.205 5626020.578 1678.149 20.6095 0 0 0 
3650000 3973 994.448 5639883.98 1629.36 20.641 0 0 0 
3660000 3983 995.464 5656095.493 1626.92 20.671 0 0 0 
3670000 3993 996.294 5676926.661 1710.881 20.644 0 0 0 
3680000 4003 996.972 5696153.484 1750.188 20.5591 0 0 0 
3690000 4013 997.526 5716906.283 1809.555 20.6133 0 0 0 
3700000 4023 997.978 5733374.597 1777.871 20.6385 0 0 0 
3710000 4033 998.348 5748800.957 1734.751 18.9909 0 0 0 
3720000 4043 998.65 5766733.353 1746.788 17.8982 0 0 0 
3730000 4053 998.897 5785566.994 1772.209 17.273 0 0 0 
3740000 4063 999.099 5802180.042 1751.8 17.7408 0 0 0 
3750000 4073 999.264 5819872.217 1756.377 18.1433 0 0 0 
3760000 4083 999.398 5840231.631 1808.681 18.4698 0 0 0 
3770000 4093 999.508 5858965.136 1820.997 18.748 0 0 0 
3780000 4103 999.598 5880482.594 1882.123 18.962 0 0 0 
3790000 4113 999.672 5899995.017 1893.26 19.1637 0 0 0 
3800000 4123 999.732 5919661.008 1906.909 19.3019 0 0 0 
3810000 4133 999.781 5938750.882 1908.133 19.4325 0 0 0 
3820000 4143 999.821 5956328.43 1881.295 19.514 0 0 0 
3830000 4153 999.854 5976056.569 1897.056 19.5626 0 0 0 
3840000 4163 999.88 5990041.566 1805.944 19.6219 0 0 0 
3850000 4173 999.902 6009696.21 1835.748 19.6762 0 0 0 
3860000 4183 999.92 6029070.894 1854.437 19.6915 0 0 0 
3870000 4193 999.935 6049982.081 1896.812 19.7659 0 0 0 
3880000 4203 999.947 6069022.913 1899.448 19.7977 0 0 0 
3890000 4213 999.956 6091348.216 1960.683 19.8275 0 0 0 
3900000 4223 999.964 6111472.526 1967.618 19.8384 0 0 0 
3910000 4233 999.971 6132828.648 1998.366 19.839 0 0 0 
3920000 4243 999.976 6153472.381 2012.269 19.8419 0 0 0 
3930000 4253 999.981 6175450.387 2045.729 19.8611 0 0 0 
3940000 4263 999.984 6197136.585 2068.637 19.8808 0 0 0 
3950000 4273 999.987 6219647.125 2101.275 19.8725 0 0 0 
3960000 4283 999.989 6241715.024 2120.672 19.169 0 0 0 
3970000 4293 999.991 6262313.517 2108.301 18.6172 0 0 0 
3980000 4303 999.993 6280558.262 2052.947 18.1622 0 0 0 
3990000 4313 999.994 6302623.795 2081.139 17.7944 0 0 0 
4000000 4323 999.995 6324657.318 2103.783 17.4722 0 0 0 
