1000 9 17.002 -111.965 -1.994 0.0085 0.0 
2000 19 32.744 -271.158 -4.598 0.0174 0.0 
3000 28 45.143 -405.829 -6.251 0.0237 0.0 
4000 37 57.209 -469.511 -6.513 0.0298 0.0 
5000 45 66.386 -573.806 -7.395 0.0345 0.0 
6000 55 72.215 -724.427 -8.598 0.0372 0.0 
7000 64 78.654 -815.626 -8.975 0.0408 0.0 
8000 72 86.179 -892.069 -9.162 0.0447 0.0 
9000 80 92.22 -1007.664 -9.85 0.0478 0.0 
10000 89 94.377 -1130.609 -10.135 0.0488 0.0 
11000 97 97.868 -1221.601 -9.967 0.0507 0.0 
12000 106 101.165 -1337.276 -11.142 0.0532 0.0 
13000 115 101.849 -1416.132 -10.616 0.0532 0.0 
14000 124 105.245 -1566.23 -11.918 0.0548 0.0 
15000 133 106.333 -1637.982 -11.2 0.0552 0.0 
16000 141 108.696 -1792.357 -12.459 0.0565 0.0 
17000 150 109.676 -1982.072 -13.854 0.1009 0.0 
18000 164 100.031 -2407.795 -17.93 0.1526 0.0 
19000 175 98.271 -2684.503 -19.129 0.2035 0.0 
20000 185 98.219 -2952.527 -20.566 0.2471 0.0 
21000 191 103.909 -3010.584 -19.428 0.2975 0.0 
22000 197 108.452 -3038.278 -17.912 0.3408 0.0 
23000 200 126.431 -3041.406 -16.668 0.4768 0.0 
24000 202 141.567 -3051.555 -16.368 0.5818 0.0 
25000 203 158.736 -3056.308 -16.103 0.6923 0.0 
26000 204 175.541 -3067.939 -15.949 0.7835 0.0 
27000 205 175.79 -3082.471 -15.907 0.7835 0.0 
28000 206 192.274 -3090.428 -15.754 0.8926 0.0 
29000 207 208.429 -3093.868 -15.584 0.9996 0.0 
30000 208 224.26 -3097.837 -15.334 1.1056 0.0 
31000 209 239.775 -3092.489 -14.983 1.2048 0.0 
32000 210 254.98 -3081.833 -14.585 1.3016 0.0 
33000 211 269.88 -3088.366 -14.143 1.3921 0.0 
34000 212 284.482 -3101.26 -13.975 1.4952 0.0 
35000 214 302.977 -3126.108 -14.084 1.6213 0.0 
36000 216 315.199 -3172.963 -14.376 1.6979 0.0 
37000 220 308.278 -3321.963 -16.113 1.6462 0.0 
38000 223 314.068 -3410.035 -17.091 1.6693 0.0 
39000 226 310.854 -3507.718 -17.9 1.6443 0.0 
40000 229 311.378 -3616.994 -18.762 1.65 0.0 
41000 234 302.2 -3781.242 -20.478 1.5907 0.0 
42000 236 305.81 -3849.104 -20.898 1.5995 0.0 
43000 238 317.74 -3897.473 -21.09 1.6712 0.0 
44000 239 315.305 -3930.639 -21.146 1.6569 0.0 
45000 240 328.999 -3946.089 -20.924 1.7495 0.0 
46000 242 339.951 -3993.466 -21.152 1.8315 0.0 
47000 246 345.45 -4077.049 -21.24 1.8811 0.0 
48000 247 343.741 -4114.68 -21.435 1.8661 0.0 
49000 250 355.831 -4163.696 -21.311 1.9386 0.0 
50000 251 368.714 -4181.909 -21.17 2.036 0.0 
51000 254 362.048 -4211.426 -20.549 1.9881 0.0 
52000 255 374.807 -4228.77 -20.326 2.095 0.0 
53000 257 372.423 -4240.026 -19.689 2.0675 0.0 
54000 259 383.177 -4254.495 -19.39 2.1419 0.0 
55000 260 395.514 -4268.756 -19.265 2.2306 0.0 
56000 262 403.929 -4302.846 -19.182 2.2771 0.0 
57000 265 402.186 -4353.984 -19.131 2.2582 0.0 
58000 268 397.97 -4410.085 -18.944 2.2283 0.0 
59000 272 387.407 -4452.296 -18.36 2.1572 0.0 
60000 275 382.527 -4493.879 -18.094 2.1215 0.0 
61000 278 379.388 -4538.223 -17.838 2.0911 0.0 
62000 281 375.91 -4586.939 -17.724 2.0648 0.0 
63000 283 373.722 -4613.345 -17.561 2.0476 0.0 
64000 285 386.343 -4622.227 -17.264 2.146 0.0 
65000 286 398.616 -4626.189 -16.926 2.2467 0.0 
66000 287 410.644 -4634.583 -16.798 2.352 0.0 
67000 288 422.431 -4644.307 -16.613 2.4195 0.0 
68000 290 422.312 -4664.2 -16.323 2.4138 0.0 
69000 291 433.866 -4673.022 -16.215 2.48 0.0 
70000 292 445.188 -4687.555 -16.078 2.571 0.0 
71000 293 456.285 -4697.271 -16.062 2.6607 0.0 
72000 294 467.159 -4708.395 -15.887 2.7613 0.0 
73000 295 477.816 -4715.622 -15.83 2.8478 0.0 
74000 296 488.26 -4731.842 -15.706 2.9102 0.0 
75000 297 498.494 -4741.17 -15.674 2.9879 0.0 
76000 298 508.524 -4749.647 -15.533 3.0436 0.0 
77000 299 518.354 -4757.507 -15.364 3.1233 0.0 
78000 300 527.987 -4763.79 -15.241 3.1738 0.0 
79000 301 537.427 -4768.418 -15.014 3.2431 0.0 
80000 302 546.679 -4776.099 -14.829 3.2832 0.0 
81000 303 555.745 -4787.716 -14.722 3.3424 0.0 
82000 304 564.63 -4799.243 -14.693 3.3844 0.0 
83000 305 573.338 -4807.318 -14.61 3.45 0.0 
84000 306 581.871 -4811.507 -14.386 3.5196 0.0 
85000 307 590.233 -4818.208 -14.259 3.5734 0.0 
86000 308 593.469 -4830.35 -14.093 3.5758 0.0 
87000 309 601.599 -4837.99 -13.972 3.6346 0.0 
88000 310 609.567 -4848.225 -13.88 3.696 0.0 
89000 311 617.376 -4856.946 -13.799 3.7335 0.0 
90000 312 625.028 -4864.568 -13.678 3.7902 0.0 
91000 313 632.528 -4870.757 -13.557 3.8296 0.0 
92000 314 639.877 -4879.892 -13.43 3.8784 0.0 
93000 315 647.08 -4886.929 -13.34 3.9279 0.0 
94000 316 654.138 -4891.53 -13.209 3.9733 0.0 
95000 317 661.055 -4900.049 -13.031 4.0266 0.0 
96000 318 667.834 -4909.867 -12.933 4.0784 0.0 
97000 319 674.478 -4918.826 -12.866 4.1333 0.0 
98000 320 680.988 -4930.455 -12.794 4.1973 0.0 
99000 321 687.368 -4937.091 -12.783 4.2443 0.0 
100000 323 691.268 -4947.923 -12.546 4.2533 0.0 
101000 324 697.442 -4963.182 -12.539 4.2889 0.0 
102000 325 703.494 -4964.04 -12.452 4.3396 0.0 
103000 326 709.424 -4977.792 -12.364 4.3963 0.0 
104000 327 708.775 -4984.099 -12.261 4.3834 0.0 
105000 328 714.6 -4994.458 -12.168 4.4459 0.0 
106000 329 720.308 -5004.482 -12.16 4.4725 0.0 
107000 330 716.202 -5015.522 -12.015 4.4366 0.0 
108000 331 721.877 -5025.125 -11.949 4.5043 0.0 
109000 332 727.44 -5033.963 -11.881 4.5275 0.0 
110000 334 733.193 -5041.421 -11.715 4.5579 0.0 
111000 335 738.529 -5053.305 -11.687 4.5931 0.0 
112000 336 743.759 -5061.087 -11.676 4.6515 0.0 
113000 337 748.884 -5068.843 -11.59 4.6848 0.0 
114000 338 753.906 -5079.531 -11.53 4.7172 0.0 
115000 339 758.828 -5086.424 -11.494 4.7367 0.0 
116000 340 763.651 -5094.202 -11.411 4.7571 0.0 
117000 341 768.378 -5100.659 -11.351 4.7903 0.0 
118000 342 773.011 -5105.564 -11.251 4.8119 0.0 
119000 343 777.551 -5112.474 -11.136 4.8455 0.0 
120000 344 782.0 -5121.019 -11.032 4.8658 0.0 
121000 345 786.36 -5128.309 -10.975 4.9177 0.0 
122000 346 790.632 -5135.723 -10.922 4.9689 0.0 
123000 347 794.82 -5145.443 -10.861 4.9872 0.0 
124000 348 798.923 -5152.484 -10.778 5.0171 0.0 
125000 349 802.945 -5162.591 -10.757 5.0716 0.0 
126000 350 806.886 -5171.459 -10.745 5.0934 0.0 
127000 351 810.748 -5182.825 -10.761 5.1152 0.0 
128000 352 814.533 -5189.661 -10.717 5.1392 0.0 
129000 354 801.467 -5189.581 -10.351 5.0397 0.0 
130000 355 797.997 -5205.529 -10.242 5.0062 0.0 
131000 357 788.947 -5213.15 -10.125 4.9358 0.0 
132000 359 774.038 -5221.566 -9.765 4.8177 0.0 
133000 361 773.346 -5231.487 -9.662 4.7864 0.0 
134000 363 757.868 -5229.067 -9.28 4.6787 0.0 
135000 365 741.794 -5235.167 -8.982 4.5673 0.0 
136000 367 739.744 -5240.914 -8.802 4.5574 0.0 
137000 368 735.05 -5255.383 -8.718 4.5201 0.0 
138000 370 729.376 -5265.464 -8.652 4.4856 0.0 
139000 371 729.008 -5278.8 -8.664 4.4676 0.0 
140000 374 718.424 -5280.074 -8.358 4.3979 0.0 
141000 376 709.566 -5290.106 -8.183 4.3306 0.0 
142000 377 702.134 -5299.645 -8.056 4.2744 0.0 
143000 380 693.41 -5305.955 -7.884 4.2091 0.0 
144000 382 677.524 -5311.71 -7.562 4.0933 0.0 
145000 383 676.733 -5322.744 -7.578 4.0802 0.0 
146000 386 670.333 -5332.002 -7.394 4.0425 0.0 
147000 389 650.316 -5336.476 -7.109 3.9058 0.0 
148000 390 657.309 -5341.626 -7.098 3.9483 0.0 
149000 391 664.163 -5348.225 -7.059 3.9907 0.0 
150000 393 659.775 -5353.921 -6.891 3.9648 0.0 
151000 394 654.399 -5362.874 -6.721 3.9278 0.0 
152000 395 654.751 -5365.138 -6.802 3.9159 0.0 
153000 397 664.603 -5375.264 -6.727 3.9761 0.0 
154000 398 671.311 -5380.52 -6.672 4.0531 0.0 
155000 399 676.425 -5381.871 -6.637 4.1166 0.0 
156000 401 664.675 -5389.264 -6.469 4.0317 0.0 
157000 402 671.382 -5399.708 -6.561 4.0878 0.0 
158000 403 677.954 -5401.362 -6.506 4.1547 0.0 
159000 404 684.395 -5406.383 -6.482 4.1924 0.0 
160000 405 690.707 -5411.495 -6.443 4.2279 0.0 
161000 407 687.795 -5418.939 -6.336 4.1852 0.0 
162000 408 694.039 -5427.799 -6.412 4.2441 0.0 
163000 410 678.517 -5432.818 -6.124 4.1336 0.0 
164000 411 683.847 -5444.466 -6.252 4.1743 0.0 
165000 413 688.049 -5457.481 -6.308 4.1974 0.0 
166000 415 678.394 -5460.9 -6.167 4.1301 0.0 
167000 416 684.826 -5468.797 -6.207 4.183 0.0 
168000 417 690.829 -5481.832 -6.291 4.2341 0.0 
169000 418 693.033 -5489.182 -6.368 4.2657 0.0 
170000 419 699.132 -5486.735 -6.194 4.3146 0.0 
171000 421 695.466 -5477.243 -5.812 4.2706 0.0 
172000 422 695.817 -5473.347 -5.564 4.268 0.0 
173000 423 701.901 -5470.177 -5.413 4.282 0.0 
174000 424 699.343 -5466.672 -5.226 4.2588 0.0 
175000 425 705.356 -5467.838 -5.131 4.3202 0.0 
176000 426 710.009 -5475.754 -4.969 4.3728 0.0 
177000 429 696.843 -5467.112 -4.741 4.2634 0.0 
178000 432 680.746 -5456.283 -4.262 4.1411 0.0 
179000 433 673.612 -5455.216 -4.158 4.0908 0.0 
180000 435 673.497 -5461.667 -3.958 4.0934 0.0 
181000 437 676.586 -5466.267 -3.988 4.0852 0.0 
182000 440 657.368 -5459.773 -3.623 3.9601 0.0 
183000 441 661.32 -5455.591 -3.565 3.993 0.0 
184000 442 652.974 -5468.471 -3.422 3.9339 0.0 
185000 443 659.914 -5478.105 -3.586 3.969 0.0 
186000 445 661.282 -5475.892 -3.605 3.9743 0.0 
187000 446 668.056 -5474.292 -3.501 4.0207 0.0 
188000 448 670.681 -5482.964 -3.525 4.0461 0.0 
189000 449 677.267 -5486.023 -3.558 4.0858 0.0 
190000 450 683.242 -5486.801 -3.457 4.1235 0.0 
191000 451 684.417 -5489.007 -3.475 4.1416 0.0 
192000 452 690.729 -5492.27 -3.499 4.1811 0.0 
193000 453 696.914 -5506.518 -3.573 4.2111 0.0 
194000 455 693.584 -5500.42 -3.447 4.1721 0.0 
195000 456 686.272 -5505.268 -3.392 4.1179 0.0 
196000 457 692.547 -5497.257 -3.247 4.1752 0.0 
197000 458 698.696 -5495.996 -3.103 4.2148 0.0 
198000 459 703.262 -5500.648 -2.952 4.2545 0.0 
199000 461 709.613 -5495.745 -3.005 4.28 0.0 
200000 462 715.421 -5496.147 -2.885 4.3068 0.0 
201000 463 718.272 -5497.349 -2.813 4.3442 0.0 
202000 465 709.085 -5503.617 -2.855 4.2807 0.0 
203000 466 714.903 -5504.789 -2.916 4.3094 0.0 
204000 468 709.793 -5508.765 -2.871 4.3105 0.0 
205000 469 715.597 -5522.493 -3.007 4.3367 0.0 
206000 470 721.285 -5532.409 -3.161 4.3593 0.0 
207000 471 725.979 -5534.753 -3.171 4.3831 0.0 
208000 473 718.342 -5533.02 -2.967 4.355 0.0 
209000 474 722.815 -5537.383 -3.116 4.3811 0.0 
210000 475 724.379 -5530.275 -2.894 4.3847 0.0 
211000 476 729.131 -5524.777 -2.749 4.403 0.0 
212000 477 734.548 -5527.757 -2.681 4.4241 0.0 
213000 478 739.857 -5533.64 -2.676 4.4463 0.0 
214000 479 745.06 -5533.94 -2.722 4.4757 0.0 
215000 480 750.159 -5546.335 -2.773 4.4984 0.0 
216000 481 755.156 -5555.516 -2.902 4.5496 0.0 
217000 482 760.053 -5563.274 -3.086 4.5927 0.0 
218000 483 764.852 -5568.659 -3.125 4.6351 0.0 
219000 484 769.555 -5577.864 -3.202 4.6527 0.0 
220000 485 774.164 -5590.649 -3.325 4.6964 0.0 
221000 486 778.68 -5606.103 -3.54 4.7392 0.0 
222000 487 783.107 -5612.336 -3.734 4.7786 0.0 
223000 488 787.445 -5618.019 -3.762 4.7924 0.0 
224000 489 791.696 -5621.81 -3.807 4.8086 0.0 
225000 490 795.862 -5618.666 -3.627 4.82 0.0 
226000 491 799.945 -5617.074 -3.592 4.8266 0.0 
227000 492 796.426 -5611.999 -3.404 4.7981 0.0 
228000 494 795.298 -5595.571 -2.935 4.7951 0.0 
229000 495 799.392 -5589.023 -2.749 4.812 0.0 
230000 496 803.405 -5583.982 -2.621 4.8154 0.0 
231000 497 806.717 -5586.179 -2.554 4.8268 0.0 
232000 499 795.174 -5588.965 -2.468 4.7674 0.0 
233000 500 798.11 -5588.47 -2.421 4.7725 0.0 
234000 501 802.148 -5604.213 -2.545 4.7809 0.0 
235000 502 806.105 -5618.609 -2.823 4.8123 0.0 
236000 503 809.983 -5637.609 -3.089 4.828 0.0 
237000 504 813.783 -5649.334 -3.41 4.8343 0.0 
238000 505 817.508 -5664.924 -3.584 4.8586 0.0 
239000 506 821.158 -5676.091 -3.806 4.867 0.0 
240000 507 824.734 -5684.995 -3.943 4.8767 0.0 
241000 509 814.195 -5695.836 -4.047 4.8042 0.0 
242000 510 817.911 -5703.796 -4.069 4.8157 0.0 
243000 511 821.553 -5708.528 -4.135 4.8494 0.0 
244000 512 825.122 -5718.692 -4.204 4.8668 0.0 
245000 513 828.619 -5723.602 -4.244 4.8811 0.0 
246000 514 832.047 -5731.971 -4.309 4.8794 0.0 
247000 515 835.406 -5738.927 -4.396 4.8967 0.0 
248000 516 838.698 -5742.798 -4.383 4.931 0.0 
249000 517 841.924 -5753.452 -4.506 4.9524 0.0 
250000 518 845.085 -5766.659 -4.573 4.9654 0.0 
251000 519 848.184 -5777.123 -4.764 4.9778 0.0 
252000 520 851.22 -5786.613 -4.888 5.0159 0.0 
253000 521 854.196 -5791.373 -4.876 5.0202 0.0 
254000 522 857.112 -5797.416 -4.903 5.0294 0.0 
255000 523 859.969 -5802.684 -4.913 5.0625 0.0 
256000 524 862.77 -5807.333 -4.911 5.0909 0.0 
257000 525 865.515 -5810.898 -4.897 5.1175 0.0 
258000 526 868.204 -5818.218 -4.871 5.1326 0.0 
259000 527 870.84 -5825.39 -4.956 5.1511 0.0 
260000 528 873.424 -5833.154 -5.033 5.1679 0.0 
261000 529 875.955 -5837.766 -5.065 5.1957 0.0 
262000 530 878.436 -5847.407 -5.036 5.2067 0.0 
263000 531 880.867 -5858.404 -5.188 5.2298 0.0 
264000 532 883.25 -5870.231 -5.308 5.2447 0.0 
265000 533 885.585 -5875.737 -5.41 5.2596 0.0 
266000 534 887.873 -5885.861 -5.429 5.2834 0.0 
267000 535 890.116 -5896.754 -5.495 5.2947 0.0 
268000 536 892.313 -5904.095 -5.623 5.3092 0.0 
269000 537 894.467 -5914.111 -5.66 5.343 0.0 
270000 538 896.578 -5925.772 -5.761 5.3708 0.0 
271000 539 898.646 -5930.907 -5.873 5.3965 0.0 
272000 540 900.673 -5941.515 -5.859 5.4007 0.0 
273000 541 902.66 -5949.889 -5.934 5.4006 0.0 
274000 542 904.607 -5957.779 -6.001 5.4184 0.0 
275000 543 906.515 -5965.639 -6.048 5.4449 0.0 
276000 544 908.384 -5972.299 -6.073 5.4617 0.0 
277000 545 910.217 -5981.401 -6.078 5.4797 0.0 
278000 546 912.012 -5994.133 -6.168 5.4827 0.0 
279000 547 913.772 -6004.136 -6.279 5.4937 0.0 
280000 548 915.497 -6015.034 -6.317 5.5089 0.0 
281000 549 917.187 -6024.624 -6.461 5.5356 0.0 
282000 550 918.843 -6032.653 -6.488 5.5473 0.0 
283000 551 920.466 -6042.896 -6.544 5.565 0.0 
284000 552 922.057 -6056.661 -6.58 5.5868 0.0 
285000 553 923.616 -6065.635 -6.735 5.5936 0.0 
286000 554 925.143 -6074.986 -6.78 5.6118 0.0 
287000 555 926.64 -6081.416 -6.795 5.6077 0.0 
288000 556 928.108 -6094.464 -6.859 5.6146 0.0 
289000 557 929.545 -6104.134 -6.985 5.6167 0.0 
290000 558 930.955 -6119.635 -7.042 5.6363 0.0 
291000 559 932.335 -6129.407 -7.165 5.6408 0.0 
292000 560 933.689 -6140.215 -7.247 5.6506 0.0 
293000 561 935.015 -6148.551 -7.319 5.6786 0.0 
294000 562 936.315 -6160.156 -7.338 5.6827 0.0 
295000 563 937.588 -6170.289 -7.399 5.6849 0.0 
296000 564 938.837 -6178.828 -7.446 5.6927 0.0 
297000 565 940.06 -6183.916 -7.404 5.6986 0.0 
298000 566 941.259 -6189.971 -7.363 5.7236 0.0 
299000 567 942.433 -6195.297 -7.332 5.7265 0.0 
300000 568 943.585 -6203.735 -7.276 5.7581 0.0 
301000 569 944.713 -6214.71 -7.416 5.7629 0.0 
302000 570 945.819 -6228.788 -7.509 5.7661 0.0 
303000 571 946.902 -6241.132 -7.601 5.7814 0.0 
304000 572 947.964 -6253.817 -7.73 5.8035 0.0 
305000 573 949.005 -6265.084 -7.788 5.8104 0.0 
306000 574 950.025 -6275.443 -7.881 5.819 0.0 
307000 575 951.025 -6286.586 -7.866 5.8216 0.0 
308000 576 952.004 -6295.338 -7.969 5.824 0.0 
309000 577 952.964 -6302.859 -8.027 5.8214 0.0 
310000 578 953.905 -6314.313 -8.0 5.8186 0.0 
311000 579 954.827 -6328.654 -8.094 5.8428 0.0 
312000 580 955.73 -6335.889 -8.179 5.8424 0.0 
313000 581 956.615 -6344.743 -8.141 5.8455 0.0 
314000 582 957.483 -6354.918 -8.18 5.8603 0.0 
315000 583 958.333 -6363.274 -8.211 5.865 0.0 
316000 584 959.167 -6369.751 -8.212 5.8447 0.0 
317000 585 959.983 -6378.284 -8.174 5.841 0.0 
318000 586 960.784 -6386.583 -8.17 5.8437 0.0 
319000 587 961.568 -6395.743 -8.187 5.8426 0.0 
320000 588 962.337 -6405.679 -8.212 5.8478 0.0 
321000 589 963.09 -6415.523 -8.278 5.8705 0.0 
322000 590 963.828 -6425.995 -8.23 5.8851 0.0 
323000 591 964.552 -6441.29 -8.357 5.8915 0.0 
324000 592 965.261 -6450.024 -8.44 5.9223 0.0 
325000 593 965.955 -6464.808 -8.462 5.9078 0.0 
326000 594 966.636 -6471.541 -8.572 5.921 0.0 
327000 595 967.304 -6480.796 -8.575 5.9251 0.0 
328000 596 967.958 -6492.996 -8.587 5.9242 0.0 
329000 597 968.598 -6500.739 -8.633 5.9193 0.0 
330000 598 969.226 -6508.65 -8.619 5.945 0.0 
331000 599 969.842 -6519.647 -8.612 5.9339 0.0 
332000 600 970.445 -6525.443 -8.589 5.9328 0.0 
333000 601 971.036 -6536.272 -8.593 5.9338 0.0 
334000 602 971.615 -6544.153 -8.624 5.9439 0.0 
335000 603 972.183 -6547.627 -8.517 5.9573 0.0 
336000 604 972.739 -6555.817 -8.503 5.9535 0.0 
337000 605 973.285 -6565.523 -8.497 5.962 0.0 
338000 606 973.819 -6574.174 -8.491 5.9787 0.0 
339000 607 974.343 -6585.623 -8.491 6.0004 0.0 
340000 608 974.856 -6593.598 -8.632 5.9899 0.0 
341000 609 975.359 -6597.735 -8.483 5.9907 0.0 
342000 610 975.851 -6611.986 -8.509 5.9953 0.0 
343000 611 976.334 -6624.342 -8.608 5.9951 0.0 
344000 612 976.808 -6632.834 -8.647 6.0051 0.0 
345000 613 977.272 -6638.901 -8.699 6.0172 0.0 
346000 614 977.726 -6654.68 -8.678 6.0093 0.0 
347000 615 978.172 -6661.725 -8.724 6.0249 0.0 
348000 616 978.608 -6673.382 -8.747 6.0326 0.0 
349000 617 979.036 -6684.672 -8.822 6.0277 0.0 
350000 618 979.455 -6693.874 -8.854 6.0511 0.0 
351000 619 979.866 -6706.369 -8.832 6.0629 0.0 
352000 620 980.269 -6713.98 -8.964 6.0798 0.0 
353000 621 980.663 -6723.617 -8.91 6.0908 0.0 
354000 622 981.05 -6737.485 -8.942 6.0813 0.0 
355000 623 981.429 -6749.138 -9.035 6.0893 0.0 
356000 624 981.801 -6762.612 -9.066 6.0862 0.0 
357000 625 982.165 -6770.746 -9.18 6.0828 0.0 
358000 626 982.521 -6777.347 -9.072 6.0939 0.0 
359000 627 982.871 -6786.904 -9.099 6.106 0.0 
360000 628 983.213 -6800.009 -9.094 6.119 0.0 
361000 629 983.549 -6806.117 -9.156 6.1316 0.0 
362000 630 983.878 -6808.931 -9.035 6.1361 0.0 
363000 631 984.201 -6820.478 -8.97 6.154 0.0 
364000 632 984.517 -6832.947 -9.035 6.1566 0.0 
365000 633 984.826 -6843.908 -9.111 6.1486 0.0 
366000 634 985.13 -6847.386 -9.114 6.1456 0.0 
367000 635 985.427 -6856.836 -9.041 6.1337 0.0 
368000 636 985.719 -6864.381 -9.02 6.1427 0.0 
369000 637 986.004 -6870.453 -8.997 6.1449 0.0 
370000 638 986.284 -6880.209 -8.977 6.1263 0.0 
371000 639 986.559 -6885.431 -8.979 6.1276 0.0 
372000 640 986.827 -6894.281 -8.9 6.1234 0.0 
373000 641 987.091 -6900.79 -8.863 6.152 0.0 
374000 642 987.349 -6912.421 -8.838 6.133 0.0 
375000 643 987.602 -6920.019 -8.848 6.1258 0.0 
376000 644 987.85 -6930.634 -8.825 6.1208 0.0 
377000 645 988.093 -6935.2 -8.86 6.1383 0.0 
378000 646 988.331 -6945.422 -8.837 6.1424 0.0 
379000 647 988.564 -6950.997 -8.843 6.1654 0.0 
380000 648 988.793 -6954.532 -8.723 6.1787 0.0 
381000 649 989.017 -6960.155 -8.642 6.2052 0.0 
382000 650 989.237 -6966.538 -8.604 6.2241 0.0 
383000 651 989.452 -6975.79 -8.548 6.226 0.0 
384000 652 989.663 -6979.369 -8.561 6.2281 0.0 
385000 653 989.87 -6983.676 -8.465 6.2448 0.0 
386000 654 990.073 -6985.52 -8.333 6.2436 0.0 
387000 655 990.271 -6994.648 -8.229 6.2439 0.0 
388000 656 990.466 -7000.444 -8.259 6.2503 0.0 
389000 657 990.656 -7006.012 -8.182 6.254 0.0 
390000 658 990.843 -7011.407 -8.18 6.2722 0.0 
391000 659 991.026 -7018.011 -8.151 6.2752 0.0 
392000 660 991.206 -7019.541 -8.035 6.279 0.0 
393000 661 991.382 -7025.839 -7.97 6.2897 0.0 
394000 662 991.554 -7036.317 -7.91 6.3098 0.0 
395000 663 991.723 -7042.273 -7.95 6.3166 0.0 
396000 664 991.889 -7050.239 -7.995 6.3255 0.0 
397000 665 992.051 -7061.729 -7.945 6.317 0.0 
398000 666 992.21 -7071.21 -7.978 6.333 0.0 
399000 667 992.366 -7074.722 -7.964 6.3425 0.0 
400000 668 992.518 -7079.435 -7.907 6.3433 0.0 
401000 669 992.668 -7082.739 -7.876 6.3631 0.0 
402000 670 992.815 -7083.938 -7.741 6.3921 0.0 
403000 671 992.958 -7090.302 -7.663 6.4009 0.0 
404000 672 993.099 -7094.366 -7.645 6.3872 0.0 
405000 673 993.237 -7101.231 -7.535 6.3824 0.0 
406000 674 993.372 -7104.594 -7.516 6.3947 0.0 
407000 675 993.505 -7110.465 -7.471 6.3766 0.0 
408000 676 993.635 -7114.452 -7.434 6.3901 0.0 
409000 677 993.762 -7121.85 -7.387 6.4024 0.0 
410000 678 993.887 -7124.957 -7.341 6.4317 0.0 
411000 679 994.009 -7135.717 -7.315 6.4453 0.0 
412000 680 994.129 -7141.491 -7.342 6.4342 0.0 
413000 681 994.246 -7146.145 -7.314 6.4219 0.0 
414000 682 994.361 -7149.107 -7.245 6.4014 0.0 
415000 683 994.474 -7150.596 -7.104 6.4087 0.0 
416000 684 994.585 -7153.352 -7.021 6.421 0.0 
417000 685 994.693 -7156.979 -6.95 6.4176 0.0 
418000 686 994.799 -7158.533 -6.805 6.4186 0.0 
419000 687 994.903 -7158.77 -6.721 6.434 0.0 
420000 688 995.005 -7162.188 -6.66 6.4326 0.0 
421000 689 995.105 -7163.75 -6.538 6.4439 0.0 
422000 690 995.203 -7163.497 -6.392 6.4514 0.0 
423000 691 995.299 -7165.119 -6.305 6.4597 0.0 
424000 692 995.393 -7167.967 -6.261 6.4839 0.0 
425000 693 995.485 -7173.109 -6.164 6.4904 0.0 
426000 694 995.575 -7174.282 -6.128 6.4794 0.0 
427000 695 995.664 -7178.764 -6.059 6.4703 0.0 
428000 696 995.751 -7184.454 -5.967 6.4927 0.0 
429000 697 995.836 -7189.394 -6.021 6.521 0.0 
430000 698 995.919 -7191.751 -5.929 6.5198 0.0 
431000 699 996.0 -7191.093 -5.841 6.5304 0.0 
432000 700 996.08 -7193.706 -5.739 6.5193 0.0 
433000 701 996.159 -7189.516 -5.688 6.5429 0.0 
434000 702 996.236 -7190.633 -5.546 6.5377 0.0 
435000 703 996.311 -7194.373 -5.394 6.5615 0.0 
436000 704 996.385 -7196.726 -5.337 6.5629 0.0 
437000 705 996.457 -7195.232 -5.225 6.5837 0.0 
438000 706 996.528 -7190.862 -5.087 6.5889 0.0 
439000 707 993.277 -7185.69 -4.848 6.581 0.0 
440000 708 993.412 -7190.644 -4.832 6.6125 0.0 
441000 709 993.544 -7186.089 -4.75 6.6102 0.0 
442000 710 993.673 -7187.592 -4.656 6.6168 0.0 
443000 711 993.799 -7189.804 -4.587 6.6062 0.0 
444000 712 993.923 -7185.527 -4.484 6.5804 0.0 
445000 713 987.845 -7180.71 -4.19 6.5274 0.0 
446000 714 988.088 -7185.466 -4.11 6.5267 0.0 
447000 715 982.526 -7191.114 -4.094 6.4704 0.0 
448000 716 982.876 -7192.967 -4.072 6.4883 0.0 
449000 717 983.218 -7192.41 -4.031 6.485 0.0 
450000 718 983.554 -7196.195 -3.953 6.4773 0.0 
451000 719 983.323 -7195.729 -3.872 6.4755 0.0 
452000 720 983.656 -7208.944 -3.86 6.501 0.0 
453000 721 983.583 -7210.871 -4.061 6.487 0.0 
454000 722 983.911 -7209.755 -3.993 6.5046 0.0 
455000 723 984.233 -7213.33 -3.907 6.5194 0.0 
456000 724 984.549 -7217.344 -3.891 6.5423 0.0 
457000 725 984.858 -7222.083 -3.91 6.5235 0.0 
458000 726 985.16 -7224.39 -3.908 6.552 0.0 
459000 727 985.457 -7226.336 -3.872 6.5682 0.0 
460000 728 985.748 -7227.707 -3.849 6.5719 0.0 
461000 729 986.033 -7229.515 -3.784 6.558 0.0 
462000 730 986.312 -7233.385 -3.767 6.5711 0.0 
463000 733 953.315 -7222.416 -3.459 6.3541 0.0 
464000 734 954.249 -7223.742 -3.412 6.3709 0.0 
465000 735 955.164 -7225.223 -3.353 6.3898 0.0 
466000 736 956.061 -7224.201 -3.339 6.3651 0.0 
467000 738 942.201 -7219.421 -3.069 6.2703 0.0 
468000 740 928.49 -7219.868 -3.024 6.1715 0.0 
469000 742 915.561 -7224.221 -2.831 6.0805 0.0 
470000 745 874.74 -7202.371 -2.438 5.7822 0.0 
471000 747 863.88 -7208.891 -2.394 5.7155 0.0 
472000 748 866.603 -7213.334 -2.363 5.7636 0.0 
473000 755 772.955 -7209.02 -1.849 5.0999 0.0 
474000 760 713.941 -7198.872 -1.697 4.6813 0.0 
475000 766 652.885 -7205.939 -1.494 4.2451 0.0 
476000 770 620.418 -7204.384 -1.485 4.005 0.0 
477000 772 618.539 -7213.438 -1.524 3.9999 0.0 
478000 775 596.037 -7189.667 -1.135 3.8254 0.0 
479000 776 602.816 -7180.801 -0.929 3.8799 0.0 
480000 778 599.75 -7169.406 -0.657 3.8486 0.0 
481000 781 587.201 -7150.132 -0.278 3.7482 0.0 
482000 782 595.457 -7151.462 -0.249 3.8191 0.0 
483000 783 595.528 -7148.469 -0.051 3.809 0.0 
484000 784 603.617 -7149.376 -0.117 3.8381 0.0 
485000 786 601.552 -7134.245 0.237 3.7987 0.0 
486000 787 609.521 -7125.306 0.22 3.8667 0.0 
487000 788 611.19 -7127.22 0.453 3.8657 0.0 
488000 789 618.967 -7126.109 0.351 3.9236 0.0 
489000 790 624.327 -7123.179 0.484 3.9709 0.0 
490000 791 631.841 -7126.347 0.478 4.0256 0.0 
491000 792 639.204 -7131.976 0.395 4.0663 0.0 
492000 794 647.606 -7112.438 0.472 4.1316 0.0 
493000 795 654.654 -7109.831 0.538 4.1767 0.0 
494000 796 661.561 -7104.368 0.62 4.2267 0.0 
495000 797 668.33 -7110.483 0.528 4.2501 0.0 
496000 798 674.963 -7108.443 0.483 4.28 0.0 
497000 799 681.464 -7102.383 0.598 4.3194 0.0 
498000 800 687.835 -7100.219 0.671 4.3402 0.0 
499000 801 693.538 -7101.113 0.618 4.3697 0.0 
500000 802 699.667 -7099.706 0.589 4.4199 0.0 
501000 803 705.674 -7096.661 0.688 4.4672 0.0 
502000 804 711.56 -7103.5 0.564 4.5028 0.0 
503000 805 717.329 -7105.274 0.45 4.5192 0.0 
504000 807 713.901 -7096.65 0.85 4.4866 0.0 
505000 808 719.623 -7090.693 0.952 4.5307 0.0 
506000 809 725.231 -7096.563 0.816 4.5914 0.0 
507000 810 719.346 -7078.19 1.058 4.5482 0.0 
508000 811 724.959 -7075.447 1.097 4.5799 0.0 
509000 812 724.04 -7064.906 1.202 4.5724 0.0 
510000 814 732.468 -7064.647 1.35 4.6122 0.0 
511000 815 728.979 -7050.823 1.41 4.5897 0.0 
512000 816 725.739 -7043.303 1.625 4.5493 0.0 
513000 818 722.46 -7014.744 1.983 4.5512 0.0 
514000 819 728.011 -7011.717 2.077 4.6022 0.0 
515000 821 724.177 -6986.654 2.394 4.5503 0.0 
516000 822 729.694 -6977.318 2.596 4.5689 0.0 
517000 823 731.06 -6962.593 2.79 4.5924 0.0 
518000 825 731.41 -6950.198 3.052 4.6059 0.0 
519000 826 726.902 -6933.699 3.173 4.5809 0.0 
520000 827 732.364 -6936.775 3.271 4.612 0.0 
521000 828 737.717 -6941.663 3.117 4.6351 0.0 
522000 829 742.962 -6938.88 2.898 4.6569 0.0 
523000 831 737.021 -6930.191 2.973 4.6256 0.0 
524000 833 730.334 -6913.647 3.208 4.5817 0.0 
525000 834 735.728 -6906.843 3.295 4.6125 0.0 
526000 835 741.013 -6910.461 3.125 4.6396 0.0 
527000 837 733.439 -6911.966 3.157 4.5783 0.0 
528000 839 723.579 -6895.079 3.26 4.4983 0.0 
529000 840 717.867 -6886.983 3.276 4.4538 0.0 
530000 841 723.51 -6884.23 3.436 4.4609 0.0 
531000 842 723.679 -6873.616 3.434 4.4779 0.0 
532000 843 729.206 -6861.761 3.557 4.5158 0.0 
533000 847 708.055 -6826.917 4.001 4.3578 0.0 
534000 848 713.894 -6822.749 4.056 4.3896 0.0 
535000 849 719.616 -6813.457 4.186 4.4136 0.0 
536000 850 715.904 -6807.25 4.217 4.3828 0.0 
537000 853 700.067 -6788.059 4.3 4.273 0.0 
538000 854 704.226 -6777.892 4.413 4.2903 0.0 
539000 856 699.998 -6752.514 4.702 4.2528 0.0 
540000 857 692.458 -6750.328 4.867 4.1998 0.0 
541000 860 683.875 -6711.481 5.139 4.1529 0.0 
542000 861 676.738 -6699.861 5.228 4.1045 0.0 
543000 863 680.799 -6683.676 5.371 4.1098 0.0 
544000 867 650.5 -6660.07 5.446 3.9022 0.0 
545000 869 646.768 -6653.099 5.551 3.8803 0.0 
546000 872 618.916 -6640.775 5.226 3.7008 0.0 
547000 875 609.7 -6621.67 5.364 3.63 0.0 
548000 877 602.175 -6602.96 5.601 3.5771 0.0 
549000 880 591.289 -6589.866 5.617 3.4966 0.0 
550000 881 594.083 -6572.103 5.653 3.5043 0.0 
551000 885 569.218 -6509.848 6.288 3.3402 0.0 
552000 888 555.445 -6488.24 6.486 3.2466 0.0 
553000 889 564.336 -6472.517 6.588 3.2962 0.0 
554000 894 532.31 -6422.578 7.173 3.089 0.0 
555000 895 541.663 -6410.792 7.204 3.1315 0.0 
556000 896 534.25 -6395.237 7.233 3.0851 0.0 
557000 899 534.052 -6355.214 7.553 3.0695 0.0 
558000 900 537.211 -6348.732 7.72 3.0853 0.0 
559000 902 539.671 -6324.949 7.721 3.0919 0.0 
560000 904 529.889 -6309.482 7.642 3.0272 0.0 
561000 906 533.746 -6285.423 7.894 3.0373 0.0 
562000 907 543.071 -6273.737 7.947 3.0856 0.0 
563000 909 548.705 -6252.806 8.042 3.1019 0.0 
564000 911 537.528 -6226.633 8.205 3.0347 0.0 
565000 912 543.897 -6224.669 8.367 3.0825 0.0 
566000 914 546.079 -6215.193 7.996 3.1062 0.0 
567000 916 552.954 -6198.526 8.095 3.1409 0.0 
568000 918 551.48 -6181.088 8.23 3.1317 0.0 
569000 919 546.291 -6154.023 8.376 3.098 0.0 
570000 920 555.365 -6140.672 8.469 3.1643 0.0 
571000 921 564.257 -6124.642 8.58 3.2126 0.0 
572000 923 575.933 -6106.458 8.825 3.2759 0.0 
573000 924 583.354 -6086.065 8.989 3.299 0.0 
574000 927 563.353 -6045.274 9.25 3.1752 0.0 
575000 929 567.025 -6035.954 9.171 3.1911 0.0 
576000 931 559.405 -6017.094 9.076 3.1393 0.0 
577000 933 557.745 -5996.541 9.084 3.1167 0.0 
578000 936 544.473 -5956.927 9.269 3.0313 0.0 
579000 939 535.453 -5930.275 9.389 2.9784 0.0 
580000 941 535.26 -5916.712 9.447 2.971 0.0 
581000 944 517.367 -5857.732 9.822 2.8584 0.0 
582000 945 513.72 -5843.039 9.833 2.8345 0.0 
583000 948 513.223 -5805.078 10.055 2.8195 0.0 
584000 952 501.138 -5768.595 10.206 2.7409 0.0 
585000 954 500.476 -5732.792 10.444 2.7456 0.0 
586000 958 477.954 -5703.407 10.041 2.6113 0.0 
587000 961 466.741 -5661.786 10.303 2.5436 0.0 
588000 963 471.259 -5641.276 10.315 2.5702 0.0 
589000 965 466.835 -5601.909 10.61 2.5313 0.0 
590000 968 464.393 -5597.808 10.098 2.5115 0.0 
591000 969 466.465 -5595.567 10.145 2.5208 0.0 
592000 971 478.953 -5591.981 9.874 2.6157 0.0 
593000 972 489.374 -5581.677 9.801 2.6813 0.0 
594000 973 499.587 -5572.306 9.838 2.7404 0.0 
595000 974 499.815 -5547.624 9.919 2.7404 0.0 
596000 975 509.819 -5537.893 9.875 2.8263 0.0 
597000 977 519.83 -5523.78 9.994 2.8841 0.0 
598000 978 529.433 -5511.792 10.035 2.9491 0.0 
599000 980 526.109 -5478.439 10.144 2.9278 0.0 
600000 981 527.007 -5475.24 10.105 2.9345 0.0 
601000 983 526.611 -5455.089 9.932 2.9382 0.0 
602000 984 536.079 -5450.158 9.963 3.01 0.0 
603000 986 537.062 -5441.223 9.598 3.0476 0.0 
604000 988 539.582 -5416.505 9.73 3.0454 0.0 
605000 992 518.328 -5361.568 10.129 2.914 0.0 
606000 994 514.216 -5325.564 10.267 2.8863 0.0 
607000 996 509.563 -5299.994 10.587 2.856 0.0 
608000 998 516.925 -5283.535 10.452 2.9016 0.0 
609000 1001 506.077 -5250.661 10.562 2.8321 0.0 
610000 1003 501.98 -5213.63 10.728 2.804 0.0 
611000 1005 501.032 -5184.053 10.771 2.7987 0.0 
612000 1007 504.664 -5157.714 11.029 2.8105 0.0 
613000 1008 500.871 -5150.251 11.093 2.7865 0.0 
614000 1010 514.937 -5129.579 10.91 2.885 0.0 
615000 1012 513.31 -5109.73 10.877 2.8913 0.0 
616000 1013 520.724 -5096.852 10.838 2.9457 0.0 
617000 1014 530.309 -5089.862 10.846 2.9909 0.0 
618000 1015 539.703 -5098.082 10.493 3.047 0.0 
619000 1016 548.909 -5102.339 10.182 3.097 0.0 
620000 1017 554.231 -5097.461 10.131 3.1344 0.0 
621000 1019 558.283 -5088.418 9.847 3.1819 0.0 
622000 1020 558.858 -5081.161 9.902 3.1859 0.0 
623000 1021 563.44 -5064.362 9.787 3.2196 0.0 
624000 1024 554.432 -5039.973 9.838 3.1546 0.0 
625000 1026 557.629 -5016.738 9.926 3.1612 0.0 
626000 1027 558.076 -5013.407 9.877 3.1652 0.0 
627000 1029 560.474 -4977.439 9.956 3.1731 0.0 
628000 1032 549.069 -4933.81 10.306 3.1013 0.0 
629000 1034 545.468 -4905.685 10.409 3.0766 0.0 
630000 1035 543.479 -4897.275 10.512 3.0568 0.0 
631000 1036 552.609 -4897.947 10.449 3.1487 0.0 
632000 1038 554.426 -4871.453 10.319 3.1557 0.0 
633000 1041 552.683 -4845.443 10.263 3.1436 0.0 
634000 1044 540.45 -4817.715 10.284 3.0567 0.0 
635000 1045 549.641 -4815.922 9.963 3.1094 0.0 
636000 1047 543.646 -4785.732 10.207 3.0612 0.0 
637000 1049 544.658 -4779.533 9.893 3.0638 0.0 
638000 1051 545.169 -4790.839 9.509 3.0603 0.0 
639000 1052 554.266 -4793.611 9.232 3.1596 0.0 
640000 1053 553.181 -4778.986 9.265 3.156 0.0 
641000 1055 561.195 -4774.715 9.043 3.2073 0.0 
642000 1056 569.971 -4769.647 8.936 3.2666 0.0 
643000 1057 566.251 -4757.357 9.073 3.2399 0.0 
644000 1058 574.926 -4757.284 8.739 3.3204 0.0 
645000 1060 579.079 -4735.907 8.769 3.347 0.0 
646000 1062 580.636 -4722.319 8.774 3.3476 0.0 
647000 1065 563.14 -4695.053 8.807 3.24 0.0 
648000 1066 566.877 -4687.883 8.701 3.2706 0.0 
649000 1068 572.889 -4689.692 8.535 3.3116 0.0 
650000 1069 578.891 -4669.273 8.571 3.3433 0.0 
651000 1070 577.913 -4661.487 8.568 3.3368 0.0 
652000 1071 586.355 -4660.739 8.513 3.3894 0.0 
653000 1072 594.308 -4660.255 8.317 3.4552 0.0 
654000 1074 599.565 -4636.734 8.306 3.4943 0.0 
655000 1075 595.874 -4630.638 8.383 3.4731 0.0 
656000 1076 603.956 -4636.204 8.345 3.5315 0.0 
657000 1077 611.877 -4636.59 7.981 3.599 0.0 
658000 1079 620.607 -4623.791 7.916 3.6462 0.0 
659000 1080 628.195 -4628.835 7.66 3.7385 0.0 
660000 1081 626.251 -4627.028 7.61 3.7242 0.0 
661000 1083 630.811 -4609.2 7.542 3.7736 0.0 
662000 1084 638.195 -4606.453 7.527 3.8163 0.0 
663000 1086 629.446 -4591.698 7.401 3.7589 0.0 
664000 1087 632.897 -4587.386 7.463 3.7739 0.0 
665000 1089 630.614 -4588.367 6.953 3.7722 0.0 
666000 1090 626.082 -4590.329 7.123 3.7386 0.0 
667000 1093 617.604 -4591.806 6.511 3.6882 0.0 
668000 1095 619.027 -4585.69 6.288 3.682 0.0 
669000 1097 613.026 -4571.006 6.455 3.6339 0.0 
670000 1098 604.325 -4576.575 6.345 3.5755 0.0 
671000 1099 612.239 -4581.127 6.131 3.6557 0.0 
672000 1101 613.974 -4570.298 6.012 3.6894 0.0 
673000 1102 621.695 -4562.306 5.741 3.7449 0.0 
674000 1104 625.74 -4541.557 5.988 3.7509 0.0 
675000 1105 633.225 -4529.782 6.127 3.7853 0.0 
676000 1107 624.845 -4509.298 6.133 3.7207 0.0 
677000 1108 622.488 -4510.21 6.408 3.6916 0.0 
678000 1110 618.898 -4496.343 6.25 3.6651 0.0 
679000 1111 626.52 -4499.418 6.237 3.7048 0.0 
680000 1113 626.49 -4482.819 6.129 3.7049 0.0 
681000 1115 622.661 -4481.695 6.009 3.7001 0.0 
682000 1116 630.207 -4488.906 5.763 3.7706 0.0 
683000 1119 618.487 -4473.417 5.645 3.6963 0.0 
684000 1121 602.884 -4477.74 5.467 3.5895 0.0 
685000 1122 610.827 -4485.319 5.258 3.6313 0.0 
686000 1127 578.304 -4459.374 5.078 3.4203 0.0 
687000 1130 567.11 -4462.52 4.764 3.3621 0.0 
688000 1131 559.408 -4468.927 4.699 3.3105 0.0 
689000 1133 559.856 -4471.703 4.469 3.2941 0.0 
690000 1134 568.658 -4472.554 4.241 3.3356 0.0 
691000 1135 577.285 -4482.261 4.151 3.3994 0.0 
692000 1138 567.137 -4462.724 4.101 3.3305 0.0 
693000 1139 575.794 -4459.318 3.899 3.3812 0.0 
694000 1144 548.085 -4426.506 4.271 3.2011 0.0 
695000 1145 548.323 -4426.57 4.345 3.1947 0.0 
696000 1147 549.09 -4432.263 3.945 3.1972 0.0 
697000 1151 532.683 -4414.104 4.038 3.0778 0.0 
698000 1152 542.029 -4421.277 3.806 3.1404 0.0 
699000 1153 551.189 -4428.796 3.639 3.1845 0.0 
700000 1154 560.165 -4433.04 3.46 3.2331 0.0 
701000 1155 568.962 -4423.338 3.567 3.2971 0.0 
702000 1158 555.186 -4418.721 3.519 3.2103 0.0 
703000 1159 562.142 -4408.881 3.508 3.2626 0.0 
704000 1161 555.493 -4393.148 3.646 3.2111 0.0 
705000 1163 556.376 -4397.184 3.414 3.2274 0.0 
706000 1164 565.248 -4404.742 3.205 3.2941 0.0 
707000 1165 573.943 -4396.169 3.237 3.3592 0.0 
708000 1166 582.465 -4399.334 3.09 3.4033 0.0 
709000 1167 580.815 -4401.371 3.288 3.3851 0.0 
710000 1168 589.199 -4405.017 3.04 3.4392 0.0 
711000 1170 588.687 -4390.818 3.131 3.4355 0.0 
712000 1171 593.373 -4387.841 3.16 3.4685 0.0 
713000 1173 598.815 -4367.704 3.325 3.5132 0.0 
714000 1174 606.839 -4371.755 3.151 3.5455 0.0 
715000 1175 614.702 -4373.636 3.015 3.5799 0.0 
716000 1176 622.408 -4365.893 3.165 3.6245 0.0 
717000 1177 627.2 -4365.949 3.184 3.6775 0.0 
718000 1178 634.656 -4371.742 3.003 3.7499 0.0 
719000 1179 641.963 -4374.673 2.848 3.7964 0.0 
720000 1180 649.124 -4377.596 2.728 3.8466 0.0 
721000 1181 656.141 -4377.906 2.621 3.8805 0.0 
722000 1182 663.018 -4381.055 2.535 3.9468 0.0 
723000 1183 669.758 -4379.422 2.458 3.976 0.0 
724000 1184 676.363 -4371.055 2.639 3.9942 0.0 
725000 1187 661.382 -4374.61 2.477 3.9176 0.0 
726000 1189 655.947 -4369.693 2.57 3.8792 0.0 
727000 1190 662.828 -4372.655 2.433 3.9496 0.0 
728000 1191 658.571 -4363.929 2.37 3.921 0.0 
729000 1192 661.84 -4363.226 2.549 3.9435 0.0 
730000 1195 646.291 -4343.771 2.583 3.8444 0.0 
731000 1196 646.286 -4333.937 2.771 3.8327 0.0 
732000 1197 653.36 -4337.517 2.89 3.8793 0.0 
733000 1198 660.293 -4342.23 2.716 3.9349 0.0 
734000 1200 666.865 -4321.653 2.796 3.9936 0.0 
735000 1201 670.748 -4310.338 2.985 4.0055 0.0 
736000 1202 677.333 -4308.05 2.853 4.0406 0.0 
737000 1204 677.79 -4295.802 3.26 4.0265 0.0 
738000 1205 670.955 -4279.6 3.515 3.9823 0.0 
739000 1206 677.536 -4288.122 3.335 4.0104 0.0 
740000 1207 683.985 -4290.161 3.124 4.0442 0.0 
741000 1208 690.305 -4285.47 3.001 4.0804 0.0 
742000 1210 688.369 -4269.353 3.292 4.0606 0.0 
743000 1211 694.602 -4274.002 3.103 4.1123 0.0 
744000 1216 653.984 -4253.713 3.317 3.8496 0.0 
745000 1217 645.145 -4257.211 3.241 3.7926 0.0 
746000 1219 641.137 -4239.444 3.148 3.7781 0.0 
747000 1221 632.869 -4232.072 3.424 3.7319 0.0 
748000 1222 640.212 -4229.637 3.274 3.761 0.0 
749000 1226 614.001 -4211.285 3.481 3.631 0.0 
750000 1227 621.721 -4214.112 3.34 3.7022 0.0 
751000 1228 629.286 -4219.91 3.185 3.7663 0.0 
752000 1229 636.701 -4214.5 3.027 3.816 0.0 
753000 1230 636.007 -4216.488 3.21 3.8105 0.0 
754000 1231 643.286 -4219.922 3.078 3.842 0.0 
755000 1234 627.777 -4208.637 3.094 3.7354 0.0 
756000 1235 635.221 -4212.833 2.956 3.7723 0.0 
757000 1236 642.517 -4214.861 2.813 3.8391 0.0 
758000 1237 649.667 -4202.831 2.714 3.9109 0.0 
759000 1239 645.46 -4195.713 3.053 3.8582 0.0 
760000 1240 652.551 -4199.032 2.919 3.9024 0.0 
761000 1244 632.74 -4183.969 2.796 3.7668 0.0 
762000 1246 617.86 -4165.664 3.156 3.6677 0.0 
763000 1248 624.493 -4166.675 3.1 3.7006 0.0 
764000 1249 632.003 -4164.28 3.012 3.7469 0.0 
765000 1250 622.183 -4166.679 2.974 3.6852 0.0 
766000 1251 629.739 -4166.232 2.864 3.7344 0.0 
767000 1253 627.682 -4152.148 2.783 3.7273 0.0 
768000 1256 613.745 -4140.641 3.07 3.6267 0.0 
769000 1259 604.662 -4128.688 2.974 3.5651 0.0 
770000 1262 586.756 -4094.682 3.436 3.4481 0.0 
771000 1264 583.747 -4081.539 3.732 3.434 0.0 
772000 1266 584.797 -4082.033 3.634 3.449 0.0 
773000 1268 575.543 -4055.066 3.957 3.3808 0.0 
774000 1269 577.832 -4047.741 3.984 3.3895 0.0 
775000 1271 581.65 -4040.985 3.84 3.4324 0.0 
776000 1272 590.017 -4042.416 3.789 3.4792 0.0 
777000 1273 592.696 -4042.988 3.884 3.4958 0.0 
778000 1274 600.842 -4039.423 3.711 3.5354 0.0 
779000 1275 602.965 -4035.882 3.816 3.5416 0.0 
780000 1276 609.726 -4029.947 3.838 3.5757 0.0 
781000 1277 617.532 -4028.778 3.839 3.6411 0.0 
782000 1278 625.181 -4023.973 3.786 3.6909 0.0 
783000 1281 616.681 -4010.099 3.764 3.6384 0.0 
784000 1283 613.62 -3998.841 3.818 3.6139 0.0 
785000 1284 621.348 -4001.645 3.813 3.6467 0.0 
786000 1285 628.921 -3999.913 3.723 3.6783 0.0 
787000 1286 636.343 -4006.946 3.426 3.7359 0.0 
788000 1289 621.787 -3994.379 3.543 3.6603 0.0 
789000 1290 624.491 -3991.883 3.602 3.6684 0.0 
790000 1293 607.072 -3981.576 3.434 3.5568 0.0 
791000 1296 595.891 -3965.628 3.626 3.4739 0.0 
792000 1297 599.713 -3954.153 3.688 3.5156 0.0 
793000 1300 584.104 -3946.172 3.799 3.4107 0.0 
794000 1303 564.434 -3929.1 3.871 3.2772 0.0 
795000 1304 567.846 -3914.635 3.887 3.3008 0.0 
796000 1307 564.728 -3883.985 4.343 3.2795 0.0 
797000 1312 532.05 -3868.783 4.318 3.0742 0.0 
798000 1314 533.388 -3872.36 4.143 3.0775 0.0 
799000 1317 517.625 -3851.112 4.251 2.9729 0.0 
800000 1318 526.933 -3853.47 4.144 3.0203 0.0 
801000 1320 526.754 -3826.156 4.333 3.0217 0.0 
802000 1321 536.219 -3822.063 4.509 3.0892 0.0 
803000 1323 527.865 -3822.726 4.286 3.0279 0.0 
804000 1326 518.726 -3818.47 4.148 2.9736 0.0 
805000 1327 528.352 -3804.791 4.235 3.0129 0.0 
806000 1329 529.769 -3810.914 4.035 3.0392 0.0 
807000 1331 528.918 -3797.214 4.008 3.0282 0.0 
808000 1335 511.354 -3766.097 4.427 2.9085 0.0 
809000 1337 508.58 -3740.606 4.732 2.8876 0.0 
810000 1339 505.301 -3727.583 4.85 2.859 0.0 
811000 1342 495.881 -3689.805 5.157 2.7897 0.0 
812000 1343 493.263 -3682.618 5.298 2.7694 0.0 
813000 1346 496.558 -3641.125 5.659 2.7773 0.0 
814000 1347 495.326 -3633.137 5.798 2.763 0.0 
815000 1350 499.341 -3619.683 5.825 2.7782 0.0 
816000 1352 497.787 -3590.752 5.97 2.7583 0.0 
817000 1354 492.897 -3561.908 6.481 2.7294 0.0 
818000 1355 501.319 -3550.62 6.533 2.7789 0.0 
819000 1356 511.292 -3537.961 6.522 2.8338 0.0 
820000 1358 517.405 -3517.877 6.825 2.8554 0.0 
821000 1360 518.51 -3498.011 6.91 2.8598 0.0 
822000 1361 528.139 -3488.353 6.939 2.9168 0.0 
823000 1363 525.445 -3467.55 7.133 2.8991 0.0 
824000 1364 528.516 -3454.351 7.196 2.9059 0.0 
825000 1366 534.942 -3430.243 7.334 2.9427 0.0 
826000 1367 531.683 -3412.318 7.5 2.9254 0.0 
827000 1369 544.568 -3396.823 7.748 2.9964 0.0 
828000 1370 552.977 -3388.954 7.689 3.0429 0.0 
829000 1371 561.917 -3381.126 7.696 3.0883 0.0 
830000 1372 557.079 -3364.359 7.828 3.0595 0.0 
831000 1374 561.979 -3339.596 7.984 3.0702 0.0 
832000 1375 568.979 -3331.716 8.027 3.1005 0.0 
833000 1377 571.181 -3315.457 7.989 3.1169 0.0 
834000 1379 568.295 -3293.94 8.062 3.1034 0.0 
835000 1380 575.489 -3285.424 8.038 3.1537 0.0 
836000 1382 565.643 -3266.55 8.218 3.089 0.0 
837000 1384 570.074 -3245.029 8.166 3.1159 0.0 
838000 1385 578.673 -3236.143 8.292 3.1685 0.0 
839000 1387 574.839 -3211.632 8.464 3.1495 0.0 
840000 1390 562.344 -3175.473 8.674 3.0838 0.0 
841000 1392 563.405 -3157.874 8.747 3.0865 0.0 
842000 1395 550.959 -3113.412 9.166 3.0088 0.0 
843000 1396 548.94 -3082.815 9.367 2.9926 0.0 
844000 1398 552.562 -3060.513 9.517 3.0335 0.0 
845000 1399 561.51 -3058.618 9.291 3.1191 0.0 
846000 1402 552.244 -3031.656 9.473 3.0562 0.0 
847000 1403 548.239 -3012.099 9.457 3.03 0.0 
848000 1406 546.377 -2977.269 9.627 3.0183 0.0 
849000 1407 555.449 -2986.484 9.32 3.08 0.0 
850000 1408 564.341 -2978.36 9.323 3.1132 0.0 
851000 1410 564.469 -2975.175 9.164 3.1109 0.0 
852000 1411 573.18 -2966.266 9.099 3.1689 0.0 
853000 1412 569.696 -2940.576 9.176 3.1506 0.0 
854000 1413 578.302 -2925.976 9.246 3.1953 0.0 
855000 1414 586.736 -2913.906 9.342 3.2509 0.0 
856000 1416 591.401 -2888.134 9.5 3.2858 0.0 
857000 1418 581.505 -2860.825 9.799 3.2184 0.0 
858000 1420 575.139 -2829.166 9.955 3.1693 0.0 
859000 1423 572.962 -2797.611 10.11 3.1589 0.0 
860000 1424 572.203 -2784.599 10.083 3.1543 0.0 
861000 1427 566.355 -2755.183 10.225 3.1129 0.0 
862000 1430 549.666 -2727.852 9.923 3.0074 0.0 
863000 1431 558.673 -2719.472 9.999 3.0647 0.0 
864000 1433 555.04 -2694.3 10.112 3.0549 0.0 
865000 1434 563.939 -2683.541 10.02 3.105 0.0 
866000 1436 564.908 -2662.914 10.049 3.1026 0.0 
867000 1437 573.61 -2660.479 9.923 3.162 0.0 
868000 1439 566.803 -2634.905 10.017 3.1215 0.0 
869000 1440 573.787 -2627.732 9.982 3.1741 0.0 
870000 1442 577.825 -2608.167 10.079 3.1756 0.0 
871000 1444 573.449 -2582.751 10.08 3.1463 0.0 
872000 1447 559.456 -2549.217 10.22 3.0635 0.0 
873000 1448 568.267 -2537.972 10.252 3.1194 0.0 
874000 1450 567.536 -2514.773 10.327 3.1162 0.0 
875000 1452 560.558 -2479.309 10.359 3.0779 0.0 
876000 1454 553.136 -2454.418 10.535 3.0325 0.0 
877000 1456 558.018 -2431.464 10.602 3.0723 0.0 
878000 1458 552.475 -2406.209 10.699 3.0315 0.0 
879000 1459 561.425 -2406.287 10.452 3.0824 0.0 
880000 1461 553.535 -2381.112 10.555 3.0304 0.0 
881000 1463 555.247 -2357.163 10.585 3.0374 0.0 
882000 1464 564.142 -2355.864 10.436 3.102 0.0 
883000 1466 562.324 -2334.248 10.42 3.0913 0.0 
884000 1467 571.078 -2329.786 10.29 3.169 0.0 
885000 1468 579.656 -2327.596 10.124 3.2406 0.0 
886000 1469 578.063 -2325.853 10.179 3.223 0.0 
887000 1472 579.316 -2301.74 10.027 3.2329 0.0 
888000 1474 572.264 -2270.006 10.099 3.1796 0.0 
889000 1476 563.056 -2244.912 10.256 3.1168 0.0 
890000 1478 567.259 -2234.9 10.023 3.1491 0.0 
891000 1481 554.683 -2199.52 10.114 3.0675 0.0 
892000 1484 542.89 -2162.326 10.296 2.9889 0.0 
893000 1486 536.691 -2132.342 10.395 2.9509 0.0 
894000 1488 534.676 -2106.363 10.459 2.9277 0.0 
895000 1489 537.423 -2101.638 10.525 2.9455 0.0 
896000 1491 541.181 -2087.008 10.29 2.9598 0.0 
897000 1492 545.197 -2075.219 10.286 2.992 0.0 
898000 1494 554.627 -2056.137 10.381 3.0623 0.0 
899000 1496 551.272 -2022.239 10.489 3.0442 0.0 
900000 1498 546.986 -1997.231 10.656 3.0233 0.0 
901000 1499 556.047 -1997.104 10.43 3.0798 0.0 
902000 1500 564.926 -1992.509 10.233 3.1416 0.0 
903000 1503 556.547 -1968.66 10.351 3.0915 0.0 
904000 1504 565.416 -1966.944 10.178 3.1492 0.0 
905000 1505 569.767 -1944.961 10.29 3.1754 0.0 
906000 1506 566.212 -1925.923 10.301 3.1539 0.0 
907000 1509 566.691 -1900.209 10.394 3.1444 0.0 
908000 1510 575.358 -1884.538 10.409 3.1859 0.0 
909000 1511 568.13 -1866.736 10.534 3.1426 0.0 
910000 1513 582.22 -1853.556 10.582 3.2556 0.0 
911000 1515 575.023 -1819.309 10.623 3.2126 0.0 
912000 1516 583.523 -1818.859 10.419 3.2718 0.0 
913000 1517 591.852 -1815.511 10.317 3.33 0.0 
914000 1518 600.015 -1813.182 10.119 3.4038 0.0 
915000 1519 599.715 -1802.751 10.202 3.4008 0.0 
916000 1520 604.281 -1791.523 10.15 3.4245 0.0 
917000 1523 603.784 -1759.413 10.403 3.4251 0.0 
918000 1524 597.188 -1741.589 10.474 3.3848 0.0 
919000 1526 599.059 -1722.795 10.286 3.4039 0.0 
920000 1527 607.078 -1712.779 10.272 3.4538 0.0 
921000 1529 606.078 -1696.954 10.151 3.4568 0.0 
922000 1531 596.32 -1677.907 10.275 3.3938 0.0 
923000 1532 598.014 -1661.88 10.255 3.4087 0.0 
924000 1535 596.575 -1629.002 10.384 3.3949 0.0 
925000 1536 593.563 -1618.564 10.385 3.374 0.0 
926000 1537 601.692 -1609.089 10.316 3.4187 0.0 
927000 1539 601.722 -1587.623 10.315 3.4147 0.0 
928000 1540 609.687 -1581.452 10.318 3.4418 0.0 
929000 1542 610.644 -1568.549 10.145 3.4331 0.0 
930000 1544 600.16 -1538.993 10.241 3.369 0.0 
931000 1546 606.218 -1525.449 10.298 3.4031 0.0 
932000 1547 601.214 -1509.818 10.326 3.373 0.0 
933000 1548 609.19 -1503.762 10.23 3.4269 0.0 
934000 1550 614.006 -1488.027 10.12 3.4539 0.0 
935000 1552 605.386 -1460.059 10.252 3.395 0.0 
936000 1553 613.278 -1455.901 10.103 3.4617 0.0 
937000 1554 617.773 -1452.836 10.075 3.4964 0.0 
938000 1555 625.417 -1447.819 9.838 3.5325 0.0 
939000 1557 626.591 -1423.079 9.913 3.5331 0.0 
940000 1558 634.059 -1424.878 9.721 3.6007 0.0 
941000 1561 617.156 -1395.066 9.817 3.4977 0.0 
942000 1563 608.597 -1369.948 9.842 3.4448 0.0 
943000 1564 616.425 -1363.301 9.681 3.4911 0.0 
944000 1566 616.795 -1345.125 9.834 3.4907 0.0 
945000 1569 601.355 -1315.43 9.902 3.3963 0.0 
946000 1571 589.65 -1283.848 10.001 3.3239 0.0 
947000 1573 591.599 -1266.56 9.976 3.356 0.0 
948000 1576 577.967 -1227.937 10.23 3.2681 0.0 
949000 1577 572.928 -1202.847 10.324 3.2356 0.0 
950000 1578 581.469 -1191.807 10.398 3.2809 0.0 
951000 1580 587.303 -1166.458 10.487 3.3158 0.0 
952000 1581 595.557 -1153.377 10.489 3.3468 0.0 
953000 1582 603.646 -1144.786 10.538 3.3875 0.0 
954000 1583 611.573 -1135.759 10.497 3.43 0.0 
955000 1584 615.961 -1129.961 10.476 3.4518 0.0 
956000 1585 623.642 -1124.594 10.272 3.512 0.0 
957000 1586 631.169 -1122.448 10.079 3.5864 0.0 
958000 1588 630.56 -1095.426 10.265 3.577 0.0 
959000 1589 637.948 -1081.579 10.337 3.6344 0.0 
960000 1591 628.412 -1061.86 10.306 3.5719 0.0 
961000 1593 625.718 -1036.999 10.4 3.5616 0.0 
962000 1594 633.203 -1033.827 10.215 3.6363 0.0 
963000 1595 627.519 -1027.413 10.282 3.5948 0.0 
964000 1597 628.469 -1003.658 10.243 3.6094 0.0 
965000 1599 634.242 -982.162 10.32 3.6344 0.0 
966000 1600 641.557 -983.871 10.112 3.6797 0.0 
967000 1602 634.941 -960.445 10.145 3.6353 0.0 
968000 1605 617.138 -920.985 10.361 3.52 0.0 
969000 1608 600.945 -874.533 10.595 3.4153 0.0 
970000 1609 608.926 -872.65 10.449 3.4905 0.0 
971000 1612 589.717 -822.039 10.665 3.3686 0.0 
972000 1613 584.303 -819.282 10.796 3.3329 0.0 
973000 1616 582.512 -785.658 10.645 3.3056 0.0 
974000 1618 584.084 -771.379 10.653 3.3315 0.0 
975000 1620 575.113 -730.814 10.827 3.2767 0.0 
976000 1622 568.873 -707.064 10.937 3.2333 0.0 
977000 1624 571.846 -683.033 10.956 3.2401 0.0 
978000 1625 580.409 -682.072 10.837 3.2864 0.0 
979000 1626 577.661 -673.111 10.846 3.2696 0.0 
980000 1629 572.841 -632.076 10.951 3.2244 0.0 
981000 1630 581.384 -619.791 10.947 3.262 0.0 
982000 1631 589.757 -610.433 10.965 3.3049 0.0 
983000 1632 597.962 -598.852 10.92 3.3596 0.0 
984000 1633 598.162 -590.42 10.89 3.3587 0.0 
985000 1634 606.199 -580.323 10.861 3.3941 0.0 
986000 1636 607.584 -557.017 10.901 3.4018 0.0 
987000 1637 615.432 -542.346 10.917 3.4403 0.0 
988000 1640 604.005 -502.039 11.146 3.3674 0.0 
989000 1641 598.125 -484.752 11.223 3.3331 0.0 
990000 1643 605.139 -458.082 11.308 3.3695 0.0 
991000 1644 603.957 -454.191 11.301 3.3687 0.0 
992000 1647 600.513 -432.505 11.116 3.3464 0.0 
993000 1649 592.849 -398.299 11.203 3.2916 0.0 
994000 1650 600.992 -384.024 11.211 3.3211 0.0 
995000 1652 600.733 -370.712 11.228 3.3304 0.0 
996000 1653 606.978 -352.958 11.277 3.3612 0.0 
997000 1654 614.839 -351.485 11.048 3.407 0.0 
998000 1655 618.262 -329.419 11.094 3.4371 0.0 
999000 1656 625.897 -316.721 11.159 3.4776 0.0 
1000000 1658 626.791 -302.891 11.254 3.4728 0.0 
