10000 539 18.37 1993.971 3.618 0.0123 0.0 
20000 1089 18.37 4116.755 3.991 0.0131 0.0 
30000 1634 18.664 6178.434 3.973 0.0122 0.0 
40000 2178 18.629 8215.523 4.053 0.0124 0.0 
50000 2710 18.551 10268.989 3.414 0.0123 0.0 
60000 3251 19.292 12611.502 4.629 0.013 0.0 
70000 3785 18.874 14940.334 4.449 0.0126 0.0 
80000 4328 18.062 17116.382 4.119 0.0118 0.0 
90000 4865 18.425 19422.003 4.042 0.0124 0.0 
100000 5395 18.753 21738.622 4.512 0.0126 0.0 
110000 5898 18.892 26514.629 9.806 0.0528 0.0 
120000 6340 23.86 32973.982 16.778 0.065 0.0 
130000 6728 25.208 40620.004 20.463 0.0685 0.0 
140000 7105 27.712 48876.106 22.882 0.0765 0.0 
150000 7495 25.515 57000.611 20.288 0.0701 0.0 
160000 7865 28.675 65209.852 25.025 0.0788 0.0 
170000 8096 51.82 73522.901 42.065 0.1416 0.0 
180000 8212 82.39 81342.877 65.639 0.2252 0.0 
190000 8310 93.39 89423.776 77.3 0.2516 0.0 
200000 8422 92.847 98306.066 81.236 0.2571 0.0 
210000 8465 182.093 104399.682 119.352 0.498 0.0 
220000 8494 258.329 110076.002 157.244 0.7114 0.0 
230000 8568 149.308 117825.006 107.249 0.4111 0.0 
240000 8689 86.934 126869.079 77.306 0.2386 0.0 
250000 8826 76.253 136229.308 70.306 0.2098 0.0 
260000 8962 73.3 145842.315 71.44 0.198 0.0 
270000 9076 86.084 155019.338 79.393 0.2352 0.0 
280000 9184 91.931 164114.943 83.555 0.2517 0.0 
290000 9258 129.612 172456.864 109.102 0.3518 0.0 
300000 9298 189.665 180178.451 150.858 0.5172 0.0 
310000 9324 286.501 187605.649 218.235 0.785 0.0 
320000 9336 399.494 195346.289 306.767 1.0933 0.0 
330000 9347 496.141 203025.547 381.118 1.3571 0.0 
340000 9358 586.89 210623.28 448.973 1.5951 0.0 
350000 9369 650.47 218312.368 498.38 1.7706 0.0 
360000 9381 678.709 225783.9 516.616 1.8504 0.0 
370000 9393 720.098 233471.577 549.14 1.9615 0.0 
380000 9405 743.012 240865.327 562.578 2.0344 0.0 
390000 9415 789.277 248680.024 602.301 2.1663 0.0 
400000 9428 785.013 256195.044 596.215 2.1554 0.0 
410000 9444 745.008 263696.625 564.928 2.0504 0.0 
420000 9459 717.309 271789.214 552.739 1.9756 0.0 
430000 9499 437.75 280374.1 347.798 1.2016 0.0 
440000 9543 318.751 288301.541 253.268 0.8788 0.0 
450000 9583 294.346 296206.811 233.014 0.8017 0.0 
460000 9597 393.098 303915.927 307.979 1.0681 0.0 
470000 9610 485.003 311979.721 384.555 1.3195 0.0 
480000 9624 539.956 320448.633 437.187 1.4674 0.0 
490000 9640 551.497 329197.067 456.401 1.4959 0.0 
500000 9653 602.767 338536.477 519.248 1.6487 0.0 
510000 9665 652.899 347514.625 567.243 1.7842 0.0 
520000 9704 423.675 356152.81 366.328 1.1584 0.0 
530000 9730 392.443 364637.727 342.552 1.0691 0.0 
540000 9747 461.053 374222.342 412.16 1.2601 0.0 
550000 9763 498.08 383168.483 443.842 1.3522 0.0 
560000 9788 461.719 390942.399 397.177 1.2553 0.0 
570000 9798 560.186 396696.798 430.158 1.5251 0.0 
580000 9808 633.953 403307.793 467.817 1.7225 0.0 
590000 9819 684.159 409893.119 492.242 1.8471 0.0 
600000 9833 697.533 416415.69 488.344 1.8837 0.0 
610000 9846 708.989 423604.872 496.711 1.913 0.0 
620000 9861 702.138 432603.344 528.258 1.8924 0.0 
630000 9874 715.288 442666.776 583.496 1.9275 0.0 
640000 9896 622.938 451815.186 525.992 1.6793 0.0 
650000 9916 577.379 461451.198 505.386 1.5554 0.0 
660000 9936 548.791 469620.552 470.373 1.4847 0.0 
670000 9947 613.418 475691.178 483.782 1.665 0.0 
680000 9960 656.306 481927.532 486.235 1.781 0.0 
690000 9973 684.531 488475.166 492.091 1.8641 0.0 
700000 9993 613.935 494970.546 433.386 1.6641 0.0 
710000 10016 548.751 501582.4 378.685 1.4898 0.0 
720000 10035 553.597 509082.781 390.917 1.4996 0.0 
730000 10050 576.033 517024.561 421.249 1.5755 0.0 
740000 10063 629.152 526704.758 504.179 1.7224 0.0 
750000 10074 675.76 537750.234 596.028 1.8537 0.0 
760000 10085 728.298 547879.271 664.763 1.9899 0.0 
770000 10095 772.347 561500.362 783.471 2.1012 0.0 
780000 10105 813.991 574222.921 877.885 2.2217 0.0 
790000 10118 813.133 585624.048 886.827 2.2182 0.0 
800000 10138 705.786 595222.851 742.095 1.9191 0.0 
810000 10179 440.998 603211.646 440.294 1.2002 0.0 
820000 10197 490.08 612589.152 471.275 1.3357 0.0 
830000 10210 546.55 622301.745 528.847 1.4934 0.0 
840000 10224 589.199 631964.648 560.152 1.6031 0.0 
850000 10245 546.399 642239.545 540.491 1.4899 0.0 
860000 10268 500.468 649836.542 458.377 1.3755 0.0 
870000 10309 360.602 656134.689 290.206 0.9946 0.0 
880000 10324 433.215 663035.772 329.149 1.1868 0.0 
890000 10343 475.176 670061.039 351.617 1.2722 0.0 
900000 10360 504.447 678623.363 392.921 1.2321 0.0 
910000 10378 523.483 689778.954 467.416 1.1965 0.0 
920000 10390 588.426 703267.517 607.921 1.2869 0.0 
930000 10400 659.958 718307.012 766.332 1.4014 0.0 
940000 10415 652.771 731562.441 782.261 1.397 0.0 
950000 10428 687.407 745553.644 862.541 1.4859 0.0 
960000 10442 683.95 760393.6 893.196 1.4893 0.0 
970000 10453 739.245 774949.2 999.185 1.6174 0.0 
980000 10465 753.298 789611.107 1036.632 1.6529 0.0 
990000 10477 770.475 806116.692 1108.222 1.6967 0.0 
1000000 10489 778.53 822915.055 1162.177 1.7232 0.0 
1010000 10502 781.056 839771.732 1200.658 1.7272 0.0 
1020000 10513 800.289 857156.825 1265.601 1.7707 0.0 
1030000 10524 824.499 874823.78 1337.832 1.8228 0.0 
1040000 10535 842.357 892106.505 1384.922 1.8637 0.0 
1050000 10552 770.486 908358.71 1264.398 1.7078 0.0 
1060000 10579 599.699 924244.244 975.302 1.3331 0.0 
1070000 10597 583.271 940563.376 948.556 1.2936 0.0 
1080000 10612 613.483 956472.64 993.324 1.3632 0.0 
1090000 10638 527.275 972763.39 856.613 1.1694 0.0 
1100000 10657 522.269 988759.084 845.092 1.1579 0.0 
1110000 10670 567.06 1005125.232 919.133 1.2579 0.0 
1120000 10698 478.959 1021661.954 782.645 1.0623 0.0 
1130000 10713 532.882 1038649.248 887.907 1.1823 0.0 
1140000 10729 563.089 1054604.576 924.675 1.2541 0.0 
1150000 10747 554.642 1070588.903 899.617 1.2333 0.0 
1160000 10767 533.523 1087277.226 873.44 1.1855 0.0 
1170000 10786 544.553 1102825.731 878.611 1.2078 0.0 
1180000 10802 560.679 1120307.293 927.443 1.2456 0.0 
1190000 10815 605.258 1136337.971 994.336 1.3428 0.0 
1200000 10826 670.081 1151391.745 1073.457 1.4872 0.0 
1210000 10840 682.561 1167705.352 1098.231 1.512 0.0 
1220000 10855 679.474 1184196.603 1100.806 1.5013 0.0 
1230000 10867 710.512 1201637.752 1173.403 1.5767 0.0 
1240000 10880 710.273 1219458.907 1190.549 1.5793 0.0 
1250000 10896 691.596 1234551.02 1137.713 1.5374 0.0 
1260000 10909 708.656 1253015.345 1201.517 1.5776 0.0 
1270000 10926 666.304 1271134.768 1149.994 1.4801 0.0 
1280000 10958 501.311 1287209.021 844.711 1.1151 0.0 
1290000 11018 284.807 1300720.759 442.629 0.6341 0.0 
1300000 11036 361.738 1316470.482 565.762 0.8027 0.0 
1310000 11053 426.302 1331059.949 649.984 0.941 0.0 
1320000 11102 280.481 1343008.589 386.414 0.6216 0.0 
1330000 11147 247.529 1353075.2 281.822 0.5507 0.0 
1340000 11169 321.0 1367770.8 416.036 0.7175 0.0 
1350000 11184 396.958 1378221.661 472.221 0.8902 0.0 
1360000 11208 405.654 1386010.378 418.574 0.9092 0.0 
1370000 11225 465.825 1397556.388 501.145 1.0418 0.0 
1380000 11253 422.589 1410078.63 483.643 0.9438 0.0 
1390000 11272 449.743 1424686.172 564.873 1.0038 0.0 
1400000 11286 507.598 1438528.463 666.922 1.132 0.0 
1410000 11305 531.076 1453653.582 731.753 1.187 0.0 
1420000 11318 577.336 1469452.323 828.82 1.2901 0.0 
1430000 11338 554.062 1485488.619 821.257 1.2356 0.0 
1440000 11359 527.947 1499894.93 774.761 1.1772 0.0 
1450000 11389 431.417 1516237.43 654.356 0.956 0.0 
1460000 11417 392.856 1531649.281 590.807 0.8696 0.0 
1470000 11442 410.06 1549475.001 667.03 0.908 0.0 
1480000 11455 493.518 1565258.438 796.286 1.0899 0.0 
1490000 11469 540.849 1583120.81 901.919 1.1979 0.0 
1500000 11490 511.462 1600888.291 866.686 1.1394 0.0 
1510000 11506 538.947 1615852.41 876.909 1.2017 0.0 
1520000 11526 533.358 1630902.943 846.331 1.1841 0.0 
1530000 11547 509.794 1643926.814 761.09 1.1346 0.0 
1540000 11563 539.809 1657541.429 785.553 1.208 0.0 
1550000 11580 551.058 1674894.49 845.401 1.2306 0.0 
1560000 11593 607.079 1691132.839 950.705 1.3526 0.0 
1570000 11604 658.225 1709989.714 1085.539 1.4682 0.0 
1580000 11620 652.142 1728207.623 1106.778 1.4513 0.0 
1590000 11634 674.143 1745960.913 1159.81 1.4964 0.0 
1600000 11651 653.405 1763768.652 1134.689 1.4511 0.0 
1610000 11664 661.728 1782625.861 1175.644 1.4666 0.0 
1620000 11680 661.898 1800944.825 1184.037 1.4688 0.0 
1630000 11692 689.747 1820458.611 1262.234 1.5298 0.0 
1640000 11706 697.211 1839058.95 1280.894 1.5456 0.0 
1650000 11721 685.714 1855960.042 1234.217 1.5208 0.0 
1660000 11732 730.021 1874475.445 1323.972 1.6214 0.0 
1670000 11746 734.027 1891932.59 1318.8 1.6349 0.0 
1680000 11758 761.856 1908042.79 1333.494 1.697 0.0 
1690000 11774 712.628 1924291.15 1226.64 1.5878 0.0 
1700000 11792 670.755 1937756.813 1089.395 1.5 0.0 
1710000 11804 705.426 1953435.039 1136.113 1.5735 0.0 
1720000 11822 663.007 1968995.274 1058.263 1.4782 0.0 
1730000 11838 652.18 1983757.749 1019.068 1.4504 0.0 
1740000 11855 633.457 1998453.113 974.101 1.4125 0.0 
1750000 11874 591.849 2014525.96 919.395 1.3183 0.0 
1760000 11892 573.154 2030379.969 895.006 1.2756 0.0 
1770000 11905 616.085 2046829.136 987.574 1.368 0.0 
1780000 11931 527.863 2058062.137 759.376 1.1758 0.0 
1790000 11946 554.074 2066413.499 692.696 1.2379 0.0 
1800000 11970 500.922 2075221.782 573.779 1.119 0.0 
1810000 11987 516.52 2084268.721 554.2 1.158 0.0 
1820000 12004 542.349 2094489.408 563.758 1.217 0.0 
1830000 12025 525.193 2109049.779 615.268 1.177 0.0 
1840000 12039 572.245 2124913.962 742.44 1.2826 0.0 
1850000 12054 594.796 2137007.498 763.489 1.3313 0.0 
1860000 12067 629.336 2150055.219 818.937 1.4099 0.0 
1870000 12080 670.679 2168150.745 952.049 1.4989 0.0 
1880000 12092 698.173 2181122.225 979.94 1.5609 0.0 
1890000 12106 702.998 2196654.293 1006.433 1.5685 0.0 
1900000 12118 735.724 2212467.964 1082.261 1.6428 0.0 
1910000 12131 743.243 2228321.574 1114.87 1.658 0.0 
1920000 12146 732.996 2244257.487 1115.471 1.6362 0.0 
1930000 12170 615.26 2260380.877 953.265 1.3698 0.0 
1940000 12189 583.494 2273935.604 869.823 1.2995 0.0 
1950000 12208 556.823 2285062.32 763.953 1.2437 0.0 
1960000 12221 604.479 2298813.499 827.891 1.349 0.0 
1970000 12234 641.551 2314533.193 918.46 1.4339 0.0 
1980000 12247 679.623 2329054.646 977.952 1.5184 0.0 
1990000 12262 680.768 2344514.338 1001.717 1.5272 0.0 
2000000 12291 524.265 2359449.126 770.028 1.1755 0.0 
2010000 12312 503.14 2373157.25 722.351 1.1252 0.0 
2020000 12329 540.394 2388956.996 801.622 1.2053 0.0 
2030000 12345 562.954 2404381.307 845.452 1.2526 0.0 
2040000 12365 532.822 2419303.683 796.517 1.1841 0.0 
2050000 12384 534.795 2434055.809 797.452 1.1867 0.0 
2060000 12411 473.195 2448548.989 697.661 1.0534 0.0 
2070000 12438 422.814 2462653.691 616.074 0.9377 0.0 
2080000 12470 372.821 2477114.667 541.994 0.8295 0.0 
2090000 12488 435.393 2493634.219 668.121 0.969 0.0 
2100000 12499 514.289 2508013.402 766.256 1.1481 0.0 
2110000 12512 586.355 2523690.029 893.867 1.3049 0.0 
2120000 12528 601.979 2536105.212 868.52 1.3473 0.0 
2130000 12540 647.747 2548757.281 902.611 1.4491 0.0 
2140000 12557 624.39 2560070.629 822.445 1.3952 0.0 
2150000 12576 596.005 2569961.254 729.246 1.3327 0.0 
2160000 12596 557.757 2584068.742 714.567 1.2442 0.0 
2170000 12616 536.737 2595884.009 661.498 1.1991 0.0 
2180000 12635 547.289 2607595.589 667.107 1.2213 0.0 
2190000 12645 618.306 2621565.384 783.485 1.3817 0.0 
2200000 12661 627.507 2633878.848 789.091 1.4032 0.0 
2210000 12676 627.463 2643363.66 735.023 1.4042 0.0 
2220000 12695 604.505 2654149.809 692.278 1.3517 0.0 
2230000 12710 622.304 2667078.133 738.671 1.392 0.0 
2240000 12726 623.1 2680724.811 769.006 1.3906 0.0 
2250000 12737 680.386 2696841.294 910.092 1.5205 0.0 
2260000 12747 735.126 2712776.495 1027.65 1.6399 0.0 
2270000 12759 760.223 2728701.028 1097.581 1.6968 0.0 
2280000 12774 728.458 2743439.652 1057.933 1.6255 0.0 
2290000 12791 678.657 2757595.025 976.216 1.5163 0.0 
2300000 12809 650.533 2771247.46 926.065 1.4551 0.0 
2310000 12827 614.593 2783143.502 837.724 1.3715 0.0 
2320000 12849 558.684 2794887.82 729.982 1.2471 0.0 
2330000 12875 492.468 2805473.761 601.369 1.1038 0.0 
2340000 12918 330.228 2815273.435 376.425 0.738 0.0 
2350000 12938 383.094 2827784.557 450.706 0.8525 0.0 
2360000 12955 453.683 2841091.5 564.972 1.0072 0.0 
2370000 12968 521.749 2854242.427 660.194 1.1614 0.0 
2380000 12981 567.52 2868541.364 743.597 1.2658 0.0 
2390000 12995 609.45 2882933.241 822.982 1.3581 0.0 
2400000 13010 621.096 2897062.172 849.189 1.3803 0.0 
2410000 13027 605.186 2910514.642 824.247 1.3446 0.0 
2420000 13039 660.202 2924907.013 919.331 1.4665 0.0 
2430000 13052 684.752 2938752.347 946.512 1.5284 0.0 
2440000 13067 684.078 2952561.831 943.331 1.528 0.0 
2450000 13084 647.536 2964745.558 867.823 1.4432 0.0 
2460000 13103 621.321 2972720.354 735.34 1.3874 0.0 
2470000 13117 639.898 2980039.917 679.643 1.4298 0.0 
2480000 13132 639.418 2991096.619 686.528 1.4283 0.0 
2490000 13146 667.452 3002582.21 731.877 1.494 0.0 
2500000 13160 682.002 3011816.453 718.144 1.5311 0.0 
2510000 13176 666.447 3023787.771 728.438 1.494 0.0 
2520000 13192 641.53 3031570.661 650.148 1.4383 0.0 
2530000 13212 602.638 3041185.624 596.699 1.3527 0.0 
2540000 13225 640.668 3050525.894 628.48 1.4378 0.0 
2550000 13239 661.178 3063909.997 710.934 1.482 0.0 
2560000 13253 678.299 3078628.89 801.639 1.5148 0.0 
2570000 13271 643.761 3092903.375 803.278 1.4363 0.0 
2580000 13286 646.567 3105160.112 802.37 1.4419 0.0 
2590000 13309 569.594 3116448.829 689.897 1.2697 0.0 
2600000 13326 575.125 3128950.528 704.104 1.2802 0.0 
2610000 13342 582.03 3141637.758 720.314 1.2979 0.0 
2620000 13360 571.488 3154938.675 720.643 1.2717 0.0 
2630000 13388 477.075 3166612.952 586.31 1.0641 0.0 
2640000 13463 209.458 3177377.913 241.89 0.4676 0.0 
2650000 13535 171.328 3187970.042 193.613 0.3801 0.0 
2660000 13562 254.087 3196423.617 241.253 0.5661 0.0 
2670000 13583 328.382 3203582.776 274.328 0.7425 0.0 
2680000 13602 391.957 3211458.076 318.151 0.885 0.0 
2690000 13622 427.788 3221710.984 382.786 0.9594 0.0 
2700000 13636 493.3 3231716.054 460.484 1.1054 0.0 
2710000 13647 577.498 3242706.942 566.501 1.2923 0.0 
2720000 13659 636.308 3254907.62 669.003 1.4185 0.0 
2730000 13671 675.869 3265369.999 709.623 1.5124 0.0 
2740000 13687 658.342 3275936.31 691.702 1.4733 0.0 
2750000 13711 575.687 3286164.076 600.917 1.2937 0.0 
2760000 13741 459.524 3296199.491 474.796 1.0306 0.0 
2770000 13764 443.967 3305680.948 444.594 0.9971 0.0 
2780000 13785 459.773 3316466.608 472.171 1.0267 0.0 
2790000 13805 479.35 3326733.714 491.694 1.0764 0.0 
2800000 13818 545.111 3337650.092 571.63 1.2186 0.0 
2810000 13834 567.953 3349221.645 614.603 1.2668 0.0 
2820000 13855 531.112 3360033.14 575.694 1.1846 0.0 
2830000 13872 551.085 3370822.987 596.992 1.2277 0.0 
2840000 13890 555.212 3381021.443 591.292 1.2399 0.0 
2850000 13906 573.399 3393020.383 632.174 1.2807 0.0 
2860000 13947 374.845 3402713.389 395.152 0.8436 0.0 
2870000 13976 361.701 3413047.748 374.019 0.811 0.0 
2880000 13996 410.785 3425550.027 464.672 0.9182 0.0 
2890000 14016 437.243 3437684.06 510.546 0.9794 0.0 
2900000 14037 450.578 3449614.937 531.097 1.0107 0.0 
2910000 14064 419.059 3458577.796 450.051 0.9347 0.0 
2920000 14096 363.808 3468186.613 373.672 0.8128 0.0 
2930000 14130 325.328 3477403.324 318.383 0.7284 0.0 
2940000 14151 385.33 3486667.435 368.659 0.8606 0.0 
2950000 14165 453.17 3496676.31 435.649 1.0102 0.0 
2960000 14186 470.004 3505691.437 444.915 1.0523 0.0 
2970000 14200 524.475 3515486.172 504.379 1.1739 0.0 
2980000 14217 533.551 3526907.275 541.683 1.1927 0.0 
2990000 14235 544.612 3538626.875 581.483 1.2149 0.0 
3000000 14262 468.088 3549319.7 499.332 1.0434 0.0 
3010000 14276 528.097 3560393.553 569.632 1.1782 0.0 
3020000 14290 580.115 3571708.27 635.475 1.2932 0.0 
3030000 14340 332.372 3583545.933 375.089 0.7397 0.0 
3040000 14379 303.026 3595285.393 349.615 0.678 0.0 
3050000 14392 400.355 3607572.617 471.687 0.8941 0.0 
3060000 14404 507.075 3619285.719 598.703 1.1322 0.0 
3070000 14414 589.932 3630176.501 682.212 1.3166 0.0 
3080000 14425 651.49 3641091.127 745.891 1.4558 0.0 
3090000 14446 584.584 3651388.547 652.034 1.306 0.0 
3100000 14461 613.806 3662301.127 677.012 1.3694 0.0 
3110000 14482 569.41 3673718.537 631.47 1.2708 0.0 
3120000 14502 557.546 3681383.178 555.312 1.2468 0.0 
3130000 14516 581.826 3690034.657 562.513 1.3036 0.0 
3140000 14533 587.095 3699282.428 559.758 1.3162 0.0 
3150000 14554 548.295 3706976.291 490.704 1.2306 0.0 
3160000 14569 580.879 3716501.698 526.729 1.3018 0.0 
3170000 14583 616.962 3724944.628 552.135 1.3811 0.0 
3180000 14603 567.233 3733440.32 502.463 1.2704 0.0 
3190000 14635 450.246 3742776.97 405.717 1.0088 0.0 
3200000 14652 487.37 3751572.699 430.88 1.0968 0.0 
3210000 14679 432.47 3761690.679 400.591 0.9823 0.0 
3220000 14714 353.587 3768949.082 297.282 0.7972 0.0 
3230000 14729 432.202 3777354.506 363.666 0.9709 0.0 
3240000 14743 506.838 3788183.67 470.55 1.1342 0.0 
3250000 14767 469.205 3800555.414 482.46 1.0515 0.0 
3260000 14784 495.308 3813180.302 548.323 1.1091 0.0 
3270000 14802 516.008 3824927.508 579.877 1.1512 0.0 
3280000 14815 578.188 3835666.741 641.1 1.2975 0.0 
3290000 14834 567.008 3846959.887 633.505 1.2756 0.0 
3300000 14847 601.881 3858579.687 678.812 1.3488 0.0 
3310000 14859 654.185 3869545.871 732.963 1.4625 0.0 
3320000 14873 670.179 3879201.012 728.237 1.4986 0.0 
3330000 14888 676.309 3889560.742 721.094 1.5143 0.0 
3340000 14904 650.09 3899240.602 672.905 1.463 0.0 
3350000 14926 591.042 3911196.881 642.739 1.3275 0.0 
3360000 14942 590.564 3922882.881 653.916 1.3222 0.0 
3370000 14958 603.907 3936061.817 713.209 1.3472 0.0 
3380000 14970 647.734 3950499.609 801.638 1.441 0.0 
3390000 14983 684.516 3964511.525 879.554 1.5235 0.0 
3400000 14996 693.452 3978134.671 901.616 1.5468 0.0 
3410000 15009 719.593 3992861.161 965.878 1.6073 0.0 
3420000 15020 751.378 4007627.954 1032.261 1.6769 0.0 
3430000 15037 697.07 4023655.92 993.65 1.554 0.0 
3440000 15050 716.757 4040728.739 1076.227 1.6004 0.0 
3450000 15064 715.918 4057620.659 1104.618 1.5928 0.0 
3460000 15078 723.723 4073827.66 1132.968 1.609 0.0 
3470000 15097 661.191 4088666.549 1022.249 1.4701 0.0 
3480000 15111 666.178 4103076.726 1008.786 1.4808 0.0 
3490000 15122 710.862 4118535.083 1083.065 1.5858 0.0 
3500000 15134 746.056 4133244.017 1127.701 1.668 0.0 
3510000 15145 775.03 4148942.958 1179.793 1.7333 0.0 
3520000 15158 768.34 4164798.086 1181.721 1.7157 0.0 
3530000 15171 779.558 4179702.905 1191.559 1.7393 0.0 
3540000 15184 764.553 4194847.546 1162.95 1.707 0.0 
3550000 15200 721.243 4207949.825 1076.388 1.6124 0.0 
3560000 15216 698.946 4222206.726 1028.937 1.5646 0.0 
3570000 15229 717.633 4236821.621 1044.486 1.6117 0.0 
3580000 15241 747.529 4251485.707 1094.427 1.6746 0.0 
3590000 15255 746.026 4264143.905 1057.089 1.67 0.0 
3600000 15268 739.267 4277928.969 1039.648 1.6555 0.0 
3610000 15289 658.77 4290834.995 907.633 1.4754 0.0 
3620000 15316 543.232 4304858.496 752.636 1.221 0.0 
3630000 15346 443.333 4319943.712 631.127 0.9929 0.0 
3640000 15368 453.315 4334599.28 653.149 1.0198 0.0 
3650000 15391 448.564 4348675.747 641.735 1.0074 0.0 
3660000 15411 462.238 4363716.78 667.896 1.0407 0.0 
3670000 15424 537.779 4377744.804 768.125 1.2096 0.0 
3680000 15436 589.43 4393814.121 870.968 1.3208 0.0 
3690000 15450 633.73 4409301.8 950.582 1.4161 0.0 
3700000 15463 666.865 4424785.916 1008.899 1.4877 0.0 
3710000 15477 667.316 4437817.149 972.982 1.4883 0.0 
3720000 15489 710.65 4451502.117 1018.718 1.593 0.0 
3730000 15505 692.135 4466580.884 1006.685 1.5531 0.0 
3740000 15522 651.757 4483327.339 979.455 1.4631 0.0 
3750000 15539 636.868 4499218.07 974.139 1.4235 0.0 
3760000 15556 619.02 4515154.162 957.183 1.385 0.0 
3770000 15579 558.604 4531582.297 880.092 1.2475 0.0 
3780000 15604 495.009 4547899.816 788.751 1.1016 0.0 
3790000 15624 508.736 4564162.062 820.463 1.1272 0.0 
3800000 15648 472.167 4580540.833 763.128 1.0537 0.0 
3810000 15669 471.719 4596629.94 761.698 1.0509 0.0 
3820000 15687 491.634 4612820.952 792.777 1.0933 0.0 
3830000 15702 532.916 4630152.812 881.36 1.184 0.0 
3840000 15716 588.774 4647459.959 988.772 1.3075 0.0 
3850000 15728 641.058 4662716.693 1050.178 1.4299 0.0 
3860000 15741 667.867 4678089.649 1077.56 1.4913 0.0 
3870000 15755 670.811 4693364.327 1074.445 1.5049 0.0 
3880000 15775 612.64 4707469.634 946.46 1.3725 0.0 
3890000 15804 498.952 4722790.292 772.45 1.1129 0.0 
3900000 15818 557.861 4738942.427 874.131 1.2456 0.0 
3910000 15831 605.271 4756029.298 972.464 1.3518 0.0 
3920000 15852 556.386 4772329.002 898.177 1.2386 0.0 
3930000 15870 554.194 4789404.305 911.317 1.2331 0.0 
3940000 15885 588.091 4805672.559 962.876 1.3078 0.0 
3950000 15901 589.676 4821168.536 952.398 1.313 0.0 
3960000 15915 626.237 4835761.292 983.349 1.3939 0.0 
3970000 15932 596.639 4851053.503 929.945 1.3245 0.0 
3980000 15958 508.57 4864452.761 759.682 1.1287 0.0 
3990000 15979 496.094 4877291.933 705.959 1.1123 0.0 
4000000 15999 480.906 4890323.549 668.32 1.0766 0.0 
4010000 16014 536.939 4903899.055 736.883 1.204 0.0 
4020000 16027 589.777 4917113.25 802.684 1.3178 0.0 
4030000 16043 605.244 4930903.585 825.252 1.3501 0.0 
4040000 16059 599.852 4945467.928 834.479 1.3337 0.0 
4050000 16077 595.762 4959586.344 829.733 1.326 0.0 
4060000 16090 630.648 4973969.77 885.239 1.4019 0.0 
4070000 16104 659.353 4986647.903 902.076 1.4712 0.0 
4080000 16136 468.748 4999851.744 628.148 1.0475 0.0 
4090000 16176 351.373 5009682.084 427.17 0.7846 0.0 
4100000 16188 466.713 5022346.895 568.534 1.0402 0.0 
4110000 16202 521.814 5035447.753 650.181 1.1625 0.0 
4120000 16213 606.742 5050544.335 805.337 1.35 0.0 
4130000 16223 667.289 5066939.939 940.259 1.4823 0.0 
4140000 16234 717.797 5083582.002 1058.585 1.5964 0.0 
4150000 16247 733.779 5100160.04 1114.545 1.6295 0.0 
4160000 16259 746.375 5116603.033 1159.213 1.6591 0.0 
4170000 16272 753.418 5132205.646 1168.601 1.681 0.0 
4180000 16286 744.168 5148024.77 1154.991 1.6601 0.0 
4190000 16300 734.341 5165521.371 1174.492 1.6363 0.0 
4200000 16313 751.66 5183759.457 1245.136 1.6795 0.0 
4210000 16324 783.326 5202065.87 1330.187 1.76 0.0 
4220000 16339 742.875 5219144.374 1259.562 1.6662 0.0 
4230000 16353 736.351 5236086.918 1248.326 1.6458 0.0 
4240000 16372 662.433 5250676.349 1086.286 1.4811 0.0 
4250000 16411 438.708 5263031.365 663.266 0.9825 0.0 
4260000 16433 442.411 5276413.786 640.147 0.987 0.0 
4270000 16447 508.353 5293118.261 775.992 1.1374 0.0 
4280000 16468 499.999 5307814.907 755.479 1.1227 0.0 
4290000 16492 467.72 5323137.676 710.788 1.0493 0.0 
4300000 16507 513.616 5339139.903 793.459 1.1502 0.0 
4310000 16520 568.928 5356149.555 907.649 1.2714 0.0 
4320000 16533 621.521 5372718.889 1002.755 1.3867 0.0 
4330000 16545 653.544 5389055.415 1055.281 1.4581 0.0 
4340000 16556 703.471 5405763.891 1148.365 1.5728 0.0 
4350000 16571 706.772 5422504.475 1160.842 1.5764 0.0 
4360000 16584 719.426 5441415.585 1225.052 1.6171 0.0 
4370000 16607 602.805 5458590.1 1025.726 1.3531 0.0 
4380000 16623 608.271 5470214.318 949.567 1.3617 0.0 
4390000 16641 587.603 5480354.223 823.145 1.3197 0.0 
4400000 16663 539.001 5496592.087 792.132 1.2123 0.0 
4410000 16695 429.599 5512290.464 641.843 0.9623 0.0 
4420000 16724 393.647 5529600.311 625.305 0.8792 0.0 
4430000 16765 306.249 5545413.396 483.056 0.6853 0.0 
4440000 16798 300.915 5561180.149 473.563 0.6714 0.0 
4450000 16822 353.638 5572350.031 478.675 0.7941 0.0 
4460000 16842 402.658 5584167.095 522.366 0.9015 0.0 
4470000 16869 377.71 5598409.094 503.919 0.8455 0.0 
4480000 16900 361.148 5613150.911 508.38 0.8069 0.0 
4490000 16921 397.166 5629171.927 590.282 0.8827 0.0 
4500000 16937 461.146 5644172.42 689.525 1.0225 0.0 
4510000 16956 489.267 5657813.051 704.614 1.0892 0.0 
4520000 16976 503.042 5669752.22 683.369 1.1243 0.0 
4530000 16992 531.696 5683446.769 724.508 1.193 0.0 
4540000 17003 609.78 5694705.109 789.356 1.3641 0.0 
4550000 17021 595.006 5704242.567 711.227 1.34 0.0 
4560000 17041 559.035 5711864.861 599.858 1.2564 0.0 
4570000 17059 554.598 5724287.181 623.806 1.2498 0.0 
4580000 17084 492.461 5735368.657 550.564 1.1082 0.0 
4590000 17103 502.424 5745426.328 542.954 1.1294 0.0 
4600000 17124 502.526 5758010.691 580.104 1.1249 0.0 
4610000 17154 423.466 5772255.959 529.162 0.9444 0.0 
4620000 17170 468.785 5788888.267 654.666 1.0449 0.0 
4630000 17189 494.533 5804201.69 711.322 1.1144 0.0 
4640000 17201 555.129 5821040.61 840.95 1.2473 0.0 
4650000 17217 588.027 5836686.819 897.421 1.3167 0.0 
4660000 17229 628.753 5852154.684 974.518 1.4051 0.0 
4670000 17246 624.536 5867712.742 961.928 1.3947 0.0 
4680000 17263 610.983 5884184.064 956.405 1.3641 0.0 
4690000 17284 565.467 5901098.557 907.127 1.2588 0.0 
4700000 17307 526.457 5917974.059 860.105 1.1686 0.0 
4710000 17321 570.694 5933977.144 927.04 1.266 0.0 
4720000 17333 618.35 5952342.327 1042.378 1.3758 0.0 
4730000 17350 612.29 5969531.511 1036.615 1.3617 0.0 
4740000 17369 596.087 5984765.126 982.202 1.3254 0.0 
4750000 17389 560.213 5999752.932 897.818 1.2545 0.0 
4760000 17408 557.748 6011759.589 822.107 1.2534 0.0 
4770000 17423 591.466 6020840.917 768.31 1.3253 0.0 
4780000 17436 624.713 6029340.968 737.638 1.4023 0.0 
4790000 17449 647.825 6039064.132 713.329 1.4572 0.0 
4800000 17466 645.197 6049102.632 706.737 1.4548 0.0 
4810000 17480 668.319 6064126.269 802.397 1.5018 0.0 
4820000 17495 662.487 6078024.494 826.241 1.492 0.0 
4830000 17509 670.847 6092585.997 875.894 1.5045 0.0 
4840000 17522 706.82 6103054.102 877.539 1.5886 0.0 
4850000 17534 716.786 6117301.949 914.089 1.6082 0.0 
4860000 17548 732.409 6129391.308 930.903 1.6431 0.0 
4870000 17561 729.052 6142748.189 930.054 1.6326 0.0 
4880000 17576 721.395 6155105.123 922.281 1.6201 0.0 
4890000 17590 710.354 6168914.638 916.035 1.5958 0.0 
4900000 17604 713.427 6187464.947 1022.074 1.5996 0.0 
4910000 17618 724.162 6204189.777 1083.633 1.631 0.0 
4920000 17640 617.544 6215529.74 870.273 1.3858 0.0 
4930000 17672 467.331 6222588.582 558.585 1.0504 0.0 
4940000 17686 515.891 6231362.719 561.894 1.1624 0.0 
4950000 17702 548.563 6236975.396 512.482 1.2364 0.0 
4960000 17728 473.86 6244397.131 411.441 1.0671 0.0 
4970000 17757 415.025 6259437.393 453.655 0.9324 0.0 
4980000 17792 349.433 6274864.24 446.141 0.7829 0.0 
4990000 17813 383.121 6292877.019 569.082 0.8556 0.0 
5000000 17836 409.997 6307875.962 616.984 0.9117 0.0 
5010000 17861 405.582 6324967.003 640.561 0.9015 0.0 
5020000 17888 390.934 6338601.262 587.37 0.8735 0.0 
5030000 17902 466.592 6351908.817 668.502 1.041 0.0 
5040000 17914 537.562 6363303.458 725.906 1.201 0.0 
5050000 17931 560.251 6375421.063 727.173 1.2522 0.0 
5060000 17946 580.98 6388443.752 753.963 1.2981 0.0 
5070000 17969 522.542 6398929.266 648.489 1.1677 0.0 
5080000 17990 511.075 6407585.636 567.014 1.1435 0.0 
5090000 18010 511.086 6415972.391 524.197 1.1433 0.0 
5100000 18027 532.137 6422340.162 480.867 1.1922 0.0 
5110000 18056 448.163 6430452.085 392.235 1.005 0.0 
5120000 18086 393.336 6440312.941 364.476 0.8816 0.0 
5130000 18097 490.567 6448434.027 438.379 1.1027 0.0 
5140000 18110 560.91 6458114.25 516.394 1.262 0.0 
5150000 18131 532.65 6467126.476 477.768 1.1995 0.0 
5160000 18154 505.935 6480935.427 539.26 1.1376 0.0 
5170000 18173 508.367 6495914.745 610.73 1.1416 0.0 
5180000 18202 435.761 6511307.117 578.687 0.9774 0.0 
5190000 18225 429.073 6525687.223 594.08 0.9591 0.0 
5200000 18463 37.729 6527997.507 0.508 0.0835 0.0 
5210000 18489 169.193 6540754.736 182.341 0.3734 0.0 
5220000 18527 208.815 6553133.616 247.814 0.4624 0.0 
5230000 18552 275.54 6567176.559 355.772 0.6167 0.0 
5240000 18609 199.91 6581125.555 267.351 0.45 0.0 
5250000 18635 275.848 6597005.6 410.834 0.6201 0.0 
5260000 18651 369.34 6614156.754 588.776 0.8241 0.0 
5270000 18665 452.634 6630708.044 735.23 1.0105 0.0 
5280000 18676 535.987 6647512.01 878.266 1.2079 0.0 
5290000 18690 588.632 6663501.24 959.282 1.3248 0.0 
5300000 18702 633.954 6680632.539 1045.764 1.4216 0.0 
5310000 18718 626.417 6697371.974 1036.887 1.373 0.0 
5320000 18729 689.202 6712522.711 1117.91 1.4631 0.0 
5330000 18739 746.055 6726139.809 1159.982 1.5475 0.0 
5340000 18755 703.085 6741244.783 1083.818 1.4359 0.0 
5350000 18770 695.384 6755904.001 1059.237 1.4709 0.0 
5360000 18786 677.421 6770416.086 1020.652 1.5354 0.0 
5370000 18805 615.524 6783182.429 887.868 1.4653 0.0 
5380000 18818 650.004 6791237.099 829.555 1.6078 0.0 
5390000 18832 674.219 6802475.941 833.638 1.7151 0.0 
5400000 18850 623.91 6811488.407 716.805 1.6169 0.0 
5410000 18871 575.049 6823892.731 680.579 1.5085 0.0 
5420000 18891 540.646 6838985.799 690.643 1.4323 0.0 
5430000 18909 555.479 6854594.344 761.904 1.4786 0.0 
5440000 18921 615.874 6871672.027 904.846 1.6449 0.0 
5450000 18938 597.535 6882678.991 828.329 1.5994 0.0 
5460000 18950 654.227 6897221.675 912.94 1.7524 0.0 
5470000 18969 619.002 6907916.831 804.205 1.6672 0.0 
5480000 19004 449.973 6920541.802 579.85 1.2087 0.0 
5490000 19032 416.916 6934502.979 555.294 1.1234 0.0 
5500000 19047 471.491 6947137.187 620.56 1.2742 0.0 
5510000 19062 532.924 6962249.633 730.785 1.4358 0.0 
5520000 19078 553.455 6976893.493 774.613 1.4974 0.0 
5530000 19092 596.16 6992366.397 861.676 1.6141 0.0 
5540000 19105 634.622 7008363.414 942.896 1.7144 0.0 
5550000 19118 670.137 7024268.681 1016.893 1.8184 0.0 
5560000 19145 546.132 7038680.597 817.705 1.4827 0.0 
5570000 19171 484.346 7051756.035 693.341 1.3043 0.0 
5580000 19186 527.143 7061347.649 675.299 1.4301 0.0 
5590000 19202 545.467 7073429.4 676.891 1.4816 0.0 
5600000 19218 575.481 7088792.78 774.3 1.5554 0.0 
5610000 19230 630.572 7103518.548 867.778 1.708 0.0 
5620000 19242 664.691 7119060.963 943.032 1.7935 0.0 
5630000 19258 655.605 7134866.756 965.031 1.7654 0.0 
5640000 19285 523.879 7149661.079 769.49 1.4084 0.0 
5650000 19303 538.629 7165575.277 809.181 1.4456 0.0 
5660000 19322 539.297 7180588.871 811.079 1.4546 0.0 
5670000 19343 519.859 7192848.551 736.496 1.4102 0.0 
5680000 19378 386.665 7201841.768 482.481 1.0477 0.0 
5690000 19410 354.933 7211153.46 395.527 0.9703 0.0 
5700000 19432 391.568 7220821.604 414.434 1.0743 0.0 
5710000 19451 434.606 7233689.359 500.478 1.1961 0.0 
5720000 19465 493.212 7246456.446 589.701 1.3634 0.0 
5730000 19486 494.016 7261788.887 648.418 1.3692 0.0 
5740000 19514 437.528 7275912.585 590.034 1.2146 0.0 
5750000 19530 488.311 7290253.088 673.014 1.3479 0.0 
5760000 19545 523.039 7304047.963 717.689 1.4667 0.0 
5770000 19560 564.448 7316036.743 749.937 1.8161 0.0 
5780000 19581 533.078 7326659.001 668.852 1.8531 0.0 
5790000 19596 576.332 7338464.654 710.294 2.1712 0.0 
5800000 19610 611.27 7349599.092 731.334 2.4326 0.0 
5810000 19625 629.978 7359711.387 722.556 2.6126 0.0 
5820000 19638 651.849 7370963.482 739.685 2.6395 0.0 
5830000 19652 667.668 7382953.95 767.688 2.4888 0.0 
5840000 19665 691.114 7395856.471 819.89 2.5735 0.0 
5850000 19684 648.043 7408701.324 788.5 2.4772 0.0 
5860000 19697 664.759 7420490.711 796.954 2.6149 0.0 
5870000 19711 675.226 7430832.921 794.438 2.4875 0.0 
5880000 19733 588.456 7440581.898 662.413 2.162 0.0 
5890000 19752 573.223 7454606.678 684.04 2.1775 0.0 
5900000 19778 497.339 7468010.581 623.944 1.9483 0.0 
5910000 19793 530.642 7484369.279 727.358 2.1814 0.0 
5920000 19813 529.829 7498520.84 739.639 2.246 0.0 
5930000 19826 582.133 7513983.525 838.306 2.5153 0.0 
5940000 19841 595.964 7528559.546 864.413 2.5995 0.0 
5950000 19862 554.483 7541806.086 788.427 2.4423 0.0 
5960000 19880 560.994 7554432.443 764.127 2.3028 0.0 
5970000 19893 600.234 7568082.607 816.533 2.3807 0.0 
5980000 19908 625.864 7582217.15 861.129 2.4987 0.0 
5990000 19920 677.415 7598064.392 970.341 2.6846 0.0 
6000000 19938 618.744 7606604.349 804.961 2.2816 0.0 
6010000 19957 602.106 7617430.518 738.509 2.0598 0.0 
6020000 19987 482.597 7627833.574 560.589 1.5544 0.0 
6030000 20008 475.933 7638452.354 534.474 1.4602 0.0 
6040000 20024 518.268 7651853.004 616.931 1.5398 0.0 
6050000 20053 429.573 7663738.946 512.992 1.2433 0.0 
6060000 20083 383.058 7675805.396 457.215 1.0873 0.0 
6070000 20112 366.09 7689326.948 464.22 1.0277 0.0 
6080000 20149 322.723 7701940.779 406.548 0.9001 0.0 
6090000 20169 378.904 7715759.574 496.002 1.0609 0.0 
6100000 20200 347.276 7727627.974 429.231 0.9635 0.0 
6110000 20215 425.387 7742641.189 571.108 1.1777 0.0 
6120000 20242 415.797 7757161.174 578.721 1.1365 0.0 
6130000 20257 480.471 7770843.816 666.485 1.3175 0.0 
6140000 20278 482.855 7784205.342 660.503 1.3235 0.0 
6150000 20296 514.519 7796183.682 673.636 1.4201 0.0 
6160000 20307 583.252 7806459.335 718.607 1.6038 0.0 
6170000 20324 589.51 7816264.136 679.508 1.6325 0.0 
6180000 20343 567.625 7826449.246 630.1 1.5726 0.0 
6190000 20359 575.955 7839142.726 666.426 1.5906 0.0 
6200000 20377 578.77 7849978.526 654.837 1.5946 0.0 
6210000 20395 570.091 7863756.988 687.571 1.574 0.0 
6220000 20413 559.797 7878177.65 712.22 1.5481 0.0 
6230000 20427 596.17 7894446.092 818.97 1.6444 0.0 
6240000 20440 635.259 7909133.377 888.763 1.7453 0.0 
6250000 20453 676.143 7920438.27 900.926 1.8664 0.0 
6260000 20467 680.552 7933512.23 899.918 1.8894 0.0 
6270000 20490 576.604 7943550.032 718.852 1.5989 0.0 
6280000 20510 556.673 7956163.066 694.509 1.6332 0.0 
6290000 20527 557.698 7969456.544 721.738 1.8268 0.0 
6300000 20539 629.479 7980341.828 764.343 2.2351 0.0 
6310000 20552 664.795 7992619.932 809.45 2.2983 0.0 
6320000 20563 708.423 8007853.436 915.026 2.3597 0.0 
6330000 20576 716.673 8023792.241 977.06 2.519 0.0 
6340000 20590 704.489 8039634.964 997.319 2.5579 0.0 
6350000 20603 715.888 8054799.443 1029.482 2.7235 0.0 
6360000 20626 616.038 8069145.137 881.814 2.4664 0.0 
6370000 20669 391.407 8083871.857 563.369 1.6319 0.0 
6380000 20684 457.926 8098618.049 662.567 1.98 0.0 
6390000 20705 476.491 8111069.193 655.592 2.1008 0.0 
6400000 20731 433.439 8122993.65 570.578 1.9348 0.0 
6410000 20754 427.697 8134265.625 521.76 1.7003 0.0 
6420000 20780 413.173 8148649.641 540.852 1.4565 0.0 
6430000 20805 410.849 8160546.762 518.24 1.5303 0.0 
6440000 20822 454.068 8175774.97 610.772 1.7722 0.0 
6450000 20837 514.854 8188506.016 682.85 1.924 0.0 
6460000 20850 569.731 8204948.263 814.709 1.9589 0.0 
6470000 20869 556.539 8219347.202 796.466 1.988 0.0 
6480000 20886 561.926 8234396.127 812.092 2.0854 0.0 
6490000 20899 613.071 8251436.275 933.588 2.3845 0.0 
6500000 20912 653.395 8267881.222 1019.704 2.4518 0.0 
6510000 20926 661.48 8284183.258 1042.638 2.3192 0.0 
6520000 20941 652.299 8298334.451 1001.654 2.1693 0.0 
6530000 20957 658.152 8307462.722 901.923 2.1868 0.0 
6540000 20978 587.204 8320536.906 800.928 2.0786 0.0 
6550000 20990 636.502 8333343.379 842.642 2.3659 0.0 
6560000 21010 602.57 8345938.588 790.676 2.4027 0.0 
6570000 21023 632.735 8356690.534 786.372 2.526 0.0 
6580000 21035 682.17 8369999.828 867.803 2.5009 0.0 
6590000 21055 617.473 8383116.638 793.951 2.1254 0.0 
6600000 21069 634.967 8394232.974 784.182 2.196 0.0 
6610000 21084 635.714 8405119.761 755.797 2.313 0.0 
6620000 21104 600.347 8416106.816 697.78 2.243 0.0 
6630000 21115 652.932 8425141.298 722.277 2.2848 0.0 
6640000 21131 652.26 8436114.704 722.73 2.2462 0.0 
6650000 21151 607.479 8448467.488 689.898 2.2084 0.0 
6660000 21166 610.364 8461252.248 713.803 2.2921 0.0 
6670000 21180 649.988 8474781.527 800.682 2.2766 0.0 
6680000 21190 714.015 8488548.911 909.116 2.3794 0.0 
6690000 21205 693.91 8501903.489 890.528 2.4072 0.0 
6700000 21220 678.175 8517736.488 918.942 2.4495 0.0 
6710000 21238 643.584 8532907.335 899.761 2.3158 0.0 
6720000 21265 528.232 8548243.28 759.913 1.7699 0.0 
6730000 21287 503.199 8564030.499 749.214 1.5856 0.0 
6740000 21307 499.8 8580410.406 767.736 1.5152 0.0 
6750000 21322 556.319 8596438.4 868.487 1.6447 0.0 
6760000 21346 510.641 8612286.122 803.024 1.4841 0.0 
6770000 21360 559.619 8623897.73 801.847 1.7264 0.0 
6780000 21374 589.269 8636020.484 807.248 1.9941 0.0 
6790000 21392 586.742 8647886.188 775.23 2.1116 0.0 
6800000 21411 560.317 8657814.62 685.461 1.8921 0.0 
6810000 21432 538.911 8666723.23 601.236 1.7236 0.0 
6820000 21462 454.135 8676080.54 469.851 1.3908 0.0 
6830000 21515 274.154 8683149.021 244.093 0.8092 0.0 
6840000 21529 372.101 8689568.23 290.754 1.0854 0.0 
6850000 21547 442.348 8695260.442 307.529 1.3231 0.0 
6860000 21558 520.264 8701800.761 356.452 1.7546 0.0 
6870000 21572 569.563 8711427.769 429.158 2.0538 0.0 
6880000 21588 595.782 8720823.459 486.22 2.0634 0.0 
6890000 21614 510.365 8732397.939 467.718 1.6727 0.0 
6900000 21645 412.5 8743703.822 403.657 1.2795 0.0 
6910000 21692 288.211 8752423.818 271.841 0.8554 0.0 
6920000 21723 293.328 8763228.358 295.793 0.8439 0.0 
6930000 21760 296.589 8772433.91 285.205 0.841 0.0 
6940000 21782 358.799 8784690.23 387.279 1.1691 0.0 
6950000 21796 453.906 8800721.135 587.589 1.6156 0.0 
6960000 21811 504.94 8817924.313 726.726 1.8831 0.0 
6970000 21826 537.661 8831237.793 745.335 1.8505 0.0 
6980000 21844 552.315 8841842.319 712.801 1.7827 0.0 
6990000 21868 501.255 8854246.606 639.231 1.6727 0.0 
7000000 21900 402.389 8865951.477 509.895 1.4299 0.0 
7010000 21921 420.875 8879769.754 540.29 1.58 0.0 
7020000 21938 480.334 8894118.172 651.743 1.9154 0.0 
7030000 21960 471.443 8905926.421 616.02 1.8949 0.0 
7040000 21990 402.61 8919816.572 535.692 1.6331 0.0 
7050000 22017 378.587 8932472.498 494.481 1.5822 0.0 
7060000 22047 357.795 8944496.915 451.934 1.5463 0.0 
7070000 22070 371.213 8958041.462 477.784 1.6388 0.0 
7080000 22086 452.045 8973731.761 646.325 1.7071 0.0 
7090000 22101 513.83 8987675.723 722.376 1.9432 0.0 
7100000 22119 524.207 8999964.278 708.659 2.0348 0.0 
7110000 22133 558.662 9008605.182 670.554 2.2349 0.0 
7120000 22153 545.078 9019681.013 635.588 2.2844 0.0 
7130000 22171 559.318 9032637.074 678.361 2.4323 0.0 
7140000 22187 579.033 9044958.159 702.884 2.5696 0.0 
7150000 22208 541.287 9054651.894 620.143 2.4358 0.0 
7160000 22227 536.574 9065282.722 604.958 2.3795 0.0 
7170000 22253 479.797 9076870.803 539.185 1.9091 0.0 
7180000 22266 548.574 9088279.29 615.44 2.225 0.0 
7190000 22282 562.044 9098503.276 611.429 2.306 0.0 
7200000 22296 610.276 9110422.921 692.156 2.5779 0.0 
7210000 22314 583.598 9126336.183 731.198 2.5171 0.0 
7220000 22329 612.656 9143580.633 855.398 2.6901 0.0 
7230000 22345 618.03 9159661.396 899.871 2.6234 0.0 
7240000 22362 594.784 9171629.213 819.115 2.2949 0.0 
7250000 22385 542.121 9185602.978 758.631 1.9117 0.0 
7260000 22407 510.591 9201005.356 737.118 1.8067 0.0 
7270000 22428 499.355 9214906.008 713.098 1.8643 0.0 
7280000 22446 506.413 9228431.982 703.316 1.9827 0.0 
7290000 22465 522.385 9244786.672 770.766 2.264 0.0 
7300000 22490 463.719 9260101.605 693.35 2.142 0.0 
7310000 22508 487.091 9276575.51 752.559 2.3386 0.0 
7320000 22536 442.251 9290870.836 667.878 2.1909 0.0 
7330000 22561 406.389 9303528.425 588.01 2.0488 0.0 
7340000 22582 438.896 9317857.959 629.237 2.2409 0.0 
7350000 22597 491.77 9333479.251 721.645 2.5347 0.0 
7360000 22617 502.139 9350135.065 772.603 2.6024 0.0 
7370000 22636 507.894 9366453.134 796.187 2.638 0.0 
7380000 22651 552.457 9382488.994 872.819 2.8636 0.0 
7390000 22662 617.064 9399239.316 991.935 3.1932 0.0 
7400000 22674 663.367 9415495.414 1070.341 3.4336 0.0 
7410000 22691 647.777 9429433.512 1010.018 3.3539 0.0 
7420000 22709 618.186 9444096.838 944.584 3.2114 0.0 
7430000 22722 645.782 9461235.293 1014.012 3.348 0.0 
7440000 22741 597.02 9477759.256 949.829 3.0919 0.0 
7450000 22773 469.625 9491819.443 717.441 2.4358 0.0 
7460000 22785 545.516 9504677.506 789.255 2.8478 0.0 
7470000 22802 551.326 9516786.995 758.616 2.8825 0.0 
7480000 22824 522.284 9531645.627 738.536 2.7242 0.0 
7490000 22842 525.027 9547829.947 774.313 2.7387 0.0 
7500000 22856 576.299 9564464.968 885.105 2.997 0.0 
7510000 22884 485.469 9577539.084 713.377 2.5317 0.0 
7520000 22913 415.082 9587889.75 545.689 2.17 0.0 
7530000 22936 427.297 9601536.405 576.912 2.2241 0.0 
7540000 22953 464.67 9617793.74 670.434 2.4059 0.0 
7550000 22965 549.973 9635683.074 857.923 2.8346 0.0 
7560000 22977 605.258 9652951.23 975.597 3.1399 0.0 
7570000 22993 611.587 9670848.883 1013.167 3.1669 0.0 
7580000 23010 605.118 9688059.748 1015.048 3.1407 0.0 
7590000 23023 652.706 9704986.935 1100.579 3.3872 0.0 
7600000 23037 658.417 9721593.843 1102.269 3.4138 0.0 
7610000 23051 679.818 9738350.136 1141.086 3.5307 0.0 
7620000 23065 685.148 9755557.415 1155.325 3.5588 0.0 
7630000 23086 608.17 9771128.117 1006.653 3.1675 0.0 
7640000 23119 455.585 9785463.507 719.879 2.3701 0.0 
7650000 23147 405.888 9799993.719 619.692 2.1184 0.0 
7660000 23167 443.21 9816154.016 694.702 2.3024 0.0 
7670000 23183 483.45 9832839.22 772.664 2.5023 0.0 
7680000 23217 396.345 9846349.245 595.675 2.0555 0.0 
7690000 23248 360.957 9859844.321 521.125 1.8776 0.0 
7700000 23270 392.109 9873465.676 552.375 2.0486 0.0 
7710000 23298 368.558 9886119.007 497.733 1.9274 0.0 
7720000 23320 409.665 9901227.74 581.301 2.122 0.0 
7730000 23341 429.057 9916892.298 633.769 2.2229 0.0 
7740000 23356 486.798 9933635.855 751.188 2.5165 0.0 
7750000 23381 457.315 9948244.421 694.401 2.3619 0.0 
7760000 23397 503.488 9963435.746 764.082 2.6019 0.0 
7770000 23414 521.037 9978648.946 789.709 2.6894 0.0 
7780000 23426 594.638 9995606.705 938.577 3.0755 0.0 
7790000 23441 616.89 10012141.191 984.445 3.1881 0.0 
7800000 23458 603.386 10027293.22 947.844 3.1114 0.0 
7810000 23473 626.969 10041670.129 962.431 3.2346 0.0 
7820000 23487 643.347 10056218.073 974.631 3.3199 0.0 
7830000 23498 689.401 10071025.379 1037.064 3.5514 0.0 
7840000 23513 689.758 10085826.455 1030.131 3.5572 0.0 
7850000 23525 717.888 10099565.283 1050.363 3.7239 0.0 
7860000 23536 755.957 10112027.524 1064.241 3.9168 0.0 
7870000 23554 695.699 10124382.312 952.284 3.6059 0.0 
7880000 23572 652.281 10139000.504 908.483 3.4042 0.0 
7890000 23586 661.736 10155834.478 969.883 3.4478 0.0 
7900000 23601 649.915 10170932.752 961.154 3.3867 0.0 
7910000 23624 580.079 10186199.137 865.664 3.005 0.0 
7920000 23647 508.98 10201941.823 770.372 2.6343 0.0 
7930000 23671 464.769 10217125.333 702.066 2.4026 0.0 
7940000 23694 472.409 10232189.761 717.195 2.4479 0.0 
7950000 23707 527.597 10248549.578 827.244 2.7443 0.0 
7960000 23720 589.092 10263946.121 911.763 3.0657 0.0 
7970000 23734 622.034 10279368.67 962.233 3.2422 0.0 
7980000 23758 543.269 10294411.41 831.686 2.8108 0.0 
7990000 23775 550.806 10309492.036 838.616 2.8462 0.0 
8000000 23789 597.862 10326129.351 938.741 3.0738 0.0 
8010000 23808 576.324 10341927.82 906.093 2.9577 0.0 
8020000 23819 640.571 10359156.7 1034.644 3.293 0.0 
8030000 23840 571.682 10375534.095 926.888 2.9391 0.0 
8040000 23864 523.385 10390888.91 835.151 2.701 0.0 
8050000 23891 464.628 10405070.945 715.296 2.3956 0.0 
8060000 23907 496.502 10421559.845 780.11 2.5518 0.0 
8070000 23927 500.266 10437467.275 791.058 2.5739 0.0 
8080000 23947 496.746 10454542.748 806.126 2.5518 0.0 
8090000 23985 378.854 10464660.302 516.536 1.9444 0.0 
8100000 23997 477.071 10471810.782 534.565 2.4612 0.0 
8110000 24014 507.693 10477428.811 478.92 2.6135 0.0 
8120000 24078 242.758 10489169.51 246.41 1.2502 0.0 
8130000 24113 266.902 10499187.924 271.159 1.3961 0.0 
8140000 24143 288.693 10505631.41 239.925 1.5039 0.0 
8150000 24162 371.487 10510433.751 247.114 1.9502 0.0 
8160000 24176 455.235 10515427.648 274.842 2.381 0.0 
8170000 24199 443.27 10519643.214 238.503 2.3206 0.0 
8180000 24238 340.28 10525931.128 197.097 1.7859 0.0 
8190000 24264 363.743 10532256.482 220.679 1.9113 0.0 
8200000 24294 344.899 10538469.848 213.044 1.8183 0.0 
8210000 24316 385.294 10545928.157 258.221 2.0188 0.0 
8220000 24351 322.373 10552812.895 216.221 1.6837 0.0 
8230000 24376 350.895 10560728.55 256.969 1.844 0.0 
8240000 24407 343.184 10569321.188 265.233 1.8035 0.0 
8250000 24434 349.474 10579420.711 302.031 1.8358 0.0 
8260000 24459 368.409 10593285.913 397.998 1.9127 0.0 
8270000 24473 451.282 10606857.938 537.437 2.3393 0.0 
8280000 24493 461.691 10620613.545 578.24 2.3924 0.0 
8290000 24514 473.873 10634170.24 611.058 2.4531 0.0 
8300000 24561 320.615 10647484.329 421.134 1.6663 0.0 
8310000 24590 326.436 10662472.056 453.294 1.7039 0.0 
8320000 24607 414.229 10677799.926 602.713 2.1466 0.0 
8330000 24625 457.719 10692906.439 672.911 2.369 0.0 
8340000 24647 458.277 10706987.696 664.085 2.3706 0.0 
8350000 24672 435.663 10719796.794 610.987 2.2578 0.0 
8360000 24699 407.383 10733291.278 562.088 2.1125 0.0 
8370000 24719 433.16 10749158.307 630.135 2.2438 0.0 
8380000 24737 476.706 10764527.91 710.326 2.4667 0.0 
8390000 24753 508.833 10780634.114 776.739 2.6348 0.0 
8400000 24770 528.539 10795467.943 797.611 2.7522 0.0 
8410000 24801 432.177 10809546.215 638.045 2.2458 0.0 
8420000 24832 375.684 10824078.828 553.126 1.9489 0.0 
8430000 24848 448.672 10840899.892 695.693 2.3302 0.0 
8440000 24867 468.722 10854813.357 701.566 2.4368 0.0 
8450000 24886 478.034 10871549.658 742.727 2.4835 0.0 
8460000 24905 500.147 10887951.341 792.26 2.5928 0.0 
8470000 24928 476.703 10901442.442 718.575 2.4621 0.0 
8480000 24946 495.818 10918005.085 771.459 2.5534 0.0 
8490000 24963 525.341 10934012.473 826.01 2.7078 0.0 
8500000 24977 578.57 10950732.301 926.784 2.9821 0.0 
8510000 24996 556.557 10966105.763 887.32 2.8717 0.0 
8520000 25011 584.459 10981716.342 921.776 3.0202 0.0 
8530000 25043 460.804 10995748.54 700.956 2.3802 0.0 
8540000 25069 426.545 11010270.258 637.607 2.2017 0.0 
8550000 25086 472.136 11025246.24 706.878 2.4281 0.0 
8560000 25116 404.415 11039503.722 594.12 2.0872 0.0 
8570000 25147 368.991 11054653.156 549.88 1.8859 0.0 
8580000 25181 310.522 11069400.315 457.473 1.6011 0.0 
8590000 25213 309.59 11084631.566 464.0 1.6011 0.0 
8600000 25232 374.74 11100551.278 574.208 1.9356 0.0 
8610000 25246 458.483 11117827.908 736.931 2.3572 0.0 
8620000 25265 483.868 11134715.639 791.674 2.4902 0.0 
8630000 25283 492.734 11150879.895 800.7 2.5372 0.0 
8640000 25300 526.963 11167946.918 871.832 2.7091 0.0 
8650000 25315 570.529 11184246.449 941.671 2.9214 0.0 
8660000 25330 591.418 11200892.06 977.075 3.0362 0.0 
8670000 25348 578.905 11216016.76 942.996 2.9789 0.0 
8680000 25362 614.927 11229150.598 937.131 3.187 0.0 
8690000 25385 544.793 11243673.703 820.109 2.8429 0.0 
8700000 25407 508.544 11259069.481 769.595 2.6634 0.0 
8710000 25432 475.885 11272227.217 687.879 2.499 0.0 
8720000 25460 428.907 11286419.79 618.356 2.2502 0.0 
8730000 25492 379.752 11300310.38 539.778 2.007 0.0 
8740000 25521 367.895 11313624.613 509.262 1.9256 0.0 
8750000 25539 419.919 11322863.588 505.899 2.1962 0.0 
8760000 25554 487.281 11332580.749 542.135 2.5528 0.0 
8770000 25577 471.128 11345494.108 554.62 2.4774 0.0 
8780000 25592 519.91 11358102.094 627.704 2.7226 0.0 
8790000 25610 530.579 11372872.117 686.932 2.7557 0.0 
8800000 25628 535.136 11388582.006 740.453 2.7715 0.0 
8810000 25643 564.975 11403715.612 802.503 2.9333 0.0 
8820000 25661 550.842 11418014.832 782.997 2.8531 0.0 
8830000 25687 476.921 11431485.503 665.555 2.4687 0.0 
8840000 25705 509.594 11446346.617 727.807 2.6316 0.0 
8850000 25722 530.275 11461809.52 776.572 2.7528 0.0 
8860000 25740 538.632 11476243.475 786.807 2.804 0.0 
8870000 25757 531.722 11490752.379 768.74 2.7599 0.0 
8880000 25791 433.437 11504408.716 619.139 2.2416 0.0 
8890000 25811 460.328 11518815.476 660.085 2.366 0.0 
8900000 25842 394.817 11533464.685 570.587 2.0355 0.0 
8910000 25873 348.552 11546892.561 490.398 1.7909 0.0 
8920000 25900 372.717 11559830.735 502.913 1.9214 0.0 
8930000 25910 476.074 11573914.943 647.871 2.4619 0.0 
8940000 25923 557.016 11588465.687 780.665 2.9031 0.0 
8950000 25935 611.324 11605912.853 916.248 3.1815 0.0 
8960000 25946 668.334 11622771.658 1034.891 3.4578 0.0 
8970000 25961 666.517 11638499.479 1036.659 3.4508 0.0 
8980000 25980 612.834 11654790.794 964.026 3.1693 0.0 
8990000 26004 542.033 11670503.175 853.28 2.7998 0.0 
9000000 26027 492.975 11685487.076 762.077 2.5503 0.0 
9010000 26048 470.962 11699787.859 706.877 2.4336 0.0 
9020000 26064 520.358 11714009.096 770.326 2.709 0.0 
9030000 26085 508.334 11729350.073 760.782 2.6346 0.0 
9040000 26131 322.402 11740905.185 435.178 1.6682 0.0 
9050000 26169 292.089 11753043.912 379.828 1.5065 0.0 
9060000 26189 364.845 11767979.754 507.868 1.8906 0.0 
9070000 26212 399.691 11782394.727 565.326 2.0726 0.0 
9080000 26234 416.268 11798429.95 617.883 2.1387 0.0 
9090000 26256 431.661 11812563.843 625.056 2.2175 0.0 
9100000 26269 501.747 11825491.561 711.853 2.5819 0.0 
9110000 26290 503.664 11840396.854 720.683 2.5967 0.0 
9120000 26308 513.755 11858183.044 791.692 2.6455 0.0 
9130000 26331 488.649 11875737.226 787.295 2.5189 0.0 
9140000 26346 524.956 11893734.837 874.626 2.6985 0.0 
9150000 26368 504.022 11910818.737 848.3 2.5997 0.0 
9160000 26386 524.883 11929066.017 908.006 2.7093 0.0 
9170000 26398 576.712 11947170.52 1009.446 2.9793 0.0 
9180000 26415 589.636 11964046.903 1024.449 3.049 0.0 
9190000 26425 654.46 11984122.599 1186.066 3.3864 0.0 
9200000 26440 665.842 12003183.257 1222.45 3.4488 0.0 
9210000 26456 647.386 12018635.044 1134.334 3.3515 0.0 
9220000 26472 650.897 12033776.678 1106.206 3.3659 0.0 
9230000 26489 633.421 12042859.459 939.417 3.2822 0.0 
9240000 26504 631.842 12047456.97 769.606 3.2984 0.0 
9250000 26534 503.09 12058231.526 596.136 2.6297 0.0 
9260000 26559 459.211 12074227.933 607.177 2.3942 0.0 
9270000 26576 496.177 12091050.433 719.08 2.5907 0.0 
9280000 26599 469.778 12108656.909 728.09 2.4356 0.0 
9290000 26622 452.278 12126038.68 728.629 2.3488 0.0 
9300000 26644 458.383 12142565.065 743.479 2.3708 0.0 
9310000 26736 156.573 12154041.48 193.645 0.8112 0.0 
9320000 26874 124.158 12155153.105 40.393 0.6542 0.0 
9330000 26995 51.278 12157447.862 3.087 0.2681 0.0 
9340000 27377 21.218 12153124.067 -12.314 0.1104 0.0 
9350000 27601 52.26 12151404.848 -8.751 0.2748 0.0 
9360000 27707 103.372 12153106.911 29.017 0.5426 0.0 
9370000 27813 99.766 12158650.592 57.011 0.5195 0.0 
9380000 27859 153.19 12169230.276 140.441 0.7905 0.0 
9390000 27888 236.116 12184894.087 321.497 1.2155 0.0 
9400000 27977 117.884 12197298.05 142.948 0.6102 0.0 
9410000 28071 98.701 12201829.93 58.252 0.5159 0.0 
9420000 28104 211.521 12205245.455 85.602 1.108 0.0 
9430000 28131 280.826 12208622.584 102.145 1.472 0.0 
9440000 28151 337.235 12212356.623 124.291 1.764 0.0 
9450000 28174 381.046 12216069.969 141.07 1.994 0.0 
9460000 28191 438.079 12219804.054 162.577 2.2963 0.0 
9470000 28209 476.658 12223644.716 179.36 2.4926 0.0 
9480000 28225 514.604 12227533.749 195.677 2.6895 0.0 
9490000 28241 540.29 12231301.785 205.093 2.8158 0.0 
9500000 28270 456.082 12235728.312 183.742 2.3666 0.0 
9510000 28290 470.21 12240306.162 197.447 2.4457 0.0 
9520000 28304 525.077 12244517.682 221.831 2.7227 0.0 
9530000 28320 560.191 12248297.855 227.634 2.9044 0.0 
9540000 28342 523.748 12252895.621 222.025 2.7136 0.0 
9550000 28363 506.703 12257634.905 224.157 2.6225 0.0 
9560000 28377 556.123 12262073.553 246.139 2.8887 0.0 
9570000 28394 569.064 12267074.336 263.06 2.9687 0.0 
9580000 28410 589.563 12272639.86 288.777 3.0845 0.0 
9590000 28422 628.35 12278212.351 318.019 3.2909 0.0 
9600000 28638 35.192 12282634.024 11.287 0.184 0.0 
9610000 29111 20.636 12283734.638 3.215 0.1073 0.0 
9620000 29526 30.878 12286352.104 12.567 0.1553 0.0 
9630000 29718 67.297 12290764.47 32.137 0.3605 0.0 
9640000 29750 189.031 12295371.655 88.448 1.0018 0.0 
9650000 29767 306.772 12299940.967 141.698 1.6244 0.0 
9660000 29782 408.267 12304642.213 190.101 2.1459 0.0 
9670000 29793 491.265 12309169.818 225.458 2.574 0.0 
9680000 29893 133.043 12313127.951 56.107 0.6974 0.0 
9690000 29943 177.076 12317990.558 83.303 0.924 0.0 
9700000 29965 277.687 12322872.494 133.533 1.4612 0.0 
9710000 29991 324.379 12327267.115 149.428 1.681 0.0 
9720000 30012 387.212 12331813.739 177.339 2.0191 0.0 
9730000 30037 393.43 12336823.247 186.947 2.0478 0.0 
9740000 30058 417.198 12341673.335 199.873 2.1681 0.0 
9750000 30083 411.832 12346369.82 195.717 2.1404 0.0 
9760000 30109 410.045 12350937.354 192.451 2.1296 0.0 
9770000 30132 422.499 12355579.763 196.715 2.1947 0.0 
9780000 30147 476.545 12359685.388 212.37 2.4865 0.0 
9790000 30177 411.989 12364315.723 185.845 2.165 0.0 
9800000 30221 288.508 12368859.007 132.133 1.5165 0.0 
9810000 30243 344.271 12373139.713 152.644 1.8001 0.0 
9820000 30256 449.77 12377447.915 197.079 2.3608 0.0 
9830000 30267 547.503 12381396.812 232.101 2.8725 0.0 
9840000 30278 609.119 12384368.939 236.459 3.211 0.0 
9850000 30296 593.069 12389285.929 248.572 3.1101 0.0 
9860000 30314 579.517 12394232.014 255.231 3.0438 0.0 
9870000 30326 629.296 12398918.808 282.495 3.31 0.0 
9880000 30337 687.78 12402981.858 301.065 3.6053 0.0 
9890000 30347 744.893 12407522.185 329.097 3.9092 0.0 
9900000 30357 786.797 12413065.074 367.066 4.1312 0.0 
9910000 30377 692.8 12418280.186 332.413 3.6267 0.0 
9920000 30393 677.485 12422814.888 320.556 3.555 0.0 
9930000 30410 644.221 12427068.968 296.408 3.3803 0.0 
9940000 30450 417.655 12432759.733 207.719 2.1983 0.0 
9950000 30506 251.698 12439023.16 141.013 1.3262 0.0 
9960000 30551 256.99 12445355.905 151.554 1.3417 0.0 
9970000 30591 259.755 12451910.726 162.581 1.3591 0.0 
9980000 30622 285.544 12457307.079 166.386 1.4936 0.0 
9990000 30643 356.3 12462462.1 194.999 1.8638 0.0 
10000000 30657 447.548 12467514.508 237.282 2.3432 0.0 
