10000 50 128.112 2865.984 37.618 0.1074 0 0 0 
20000 91 192.926 5721.339 55.089 0.162 0 0 0 
30000 163 117.675 8793.585 38.023 0.3719 0 0 0 
40000 205 167.084 14431.526 83.047 0.7008 0 0 0 
50000 220 309.061 20710.352 176.182 1.3908 0 0 0 
60000 230 435.453 25960.726 239.538 1.9836 0 0 0 
70000 241 530.949 30900.122 283.583 2.4512 0 0 0 
80000 283 371.621 35737.832 187.078 1.7077 0 0 0 
90000 297 463.153 41392.653 244.75 2.1568 0 0 0 
100000 307 555.988 46725.296 293.646 2.5848 0 0 0 
110000 319 621.093 52661.116 340.81 2.8945 0 0 0 
120000 329 685.904 57604.65 365.967 3.2001 0 0 0 
130000 339 743.361 63060.107 398.999 3.4707 0 0 0 
140000 349 790.307 68873.913 433.091 3.6634 0 0 0 
150000 359 828.666 73925.198 445.204 3.8378 0 0 0 
160000 369 860.007 79034.411 456.828 3.9877 0 0 0 
170000 380 873.314 84029.911 458.805 4.0511 0 0 0 
180000 390 896.488 89222.441 469.078 4.1556 0 0 0 
190000 401 901.748 94775.722 478.167 4.1885 0 0 0 
200000 412 899.301 99623.487 469.389 4.1774 0 0 0 
210000 423 909.209 104313.296 463.281 4.2074 0 0 0 
220000 433 924.619 109601.802 474.302 4.291 0 0 0 
230000 445 910.143 114950.136 471.573 4.2254 0 0 0 
240000 456 902.698 120409.64 472.546 4.2149 0 0 0 
250000 468 895.833 126705.81 488.495 4.1879 0 0 0 
260000 479 892.924 132978.65 500.563 4.189 0 0 0 
270000 491 879.889 138532.362 492.05 4.1204 0 0 0 
280000 502 890.873 144692.652 508.556 4.1664 0 0 0 
290000 512 906.963 151021.799 528.131 4.242 0 0 0 
300000 522 923.982 157989.101 560.183 4.3259 0 0 0 
310000 532 937.888 163688.191 561.867 4.3896 0 0 0 
320000 542 949.25 169654.989 568.687 4.4429 0 0 0 
330000 553 928.154 175900.177 558.557 4.3648 0 0 0 
340000 563 941.296 181916.375 571.018 4.4244 0 0 0 
350000 573 952.035 188426.692 580.261 4.4744 0 0 0 
360000 583 960.809 194627.446 588.748 4.5117 0 0 0 
370000 593 967.978 201482.473 602.943 4.551 0 0 0 
380000 603 973.836 208900.747 628.148 4.5798 0 0 0 
390000 613 978.622 214705.121 624.94 4.597 0 0 0 
400000 623 982.533 221827.641 636.352 4.6185 0 0 0 
410000 633 985.728 227736.309 629.332 4.6344 0 0 0 
420000 643 988.339 234588.324 640.576 4.6515 0 0 0 
430000 653 990.472 240946.908 642.631 4.6721 0 0 0 
440000 663 992.215 248064.114 650.014 4.6915 0 0 0 
450000 673 993.639 255459.503 662.528 4.6953 0 0 0 
460000 683 994.803 263002.133 683.642 4.7021 0 0 0 
470000 693 995.753 270008.404 688.657 4.7054 0 0 0 
480000 703 996.53 277328.011 696.961 4.7147 0 0 0 
490000 713 997.165 285030.318 710.691 4.738 0 0 0 
500000 723 997.683 293983.074 740.472 4.7902 0 0 0 
510000 734 988.1 302887.916 767.169 4.746 0 0 0 
520000 744 990.277 309792.918 751.786 4.75 0 0 0 
530000 754 992.055 318834.504 773.244 4.7552 0 0 0 
540000 764 993.509 328149.633 807.571 4.7553 0 0 0 
550000 774 994.696 336925.768 823.236 4.755 0 0 0 
560000 784 995.666 345737.277 830.809 4.7485 0 0 0 
570000 794 996.459 355331.907 853.363 4.7536 0 0 0 
580000 804 997.107 366446.73 898.744 4.757 0 0 0 
590000 814 997.636 376657.382 922.42 4.7632 0 0 0 
600000 824 998.068 385284.426 912.634 4.7798 0 0 0 
610000 834 998.422 395017.111 923.186 4.7695 0 0 0 
620000 844 998.71 405723.049 954.436 4.7659 0 0 0 
630000 854 998.946 417137.12 981.661 4.7614 0 0 0 
640000 864 999.139 428015.478 1003.324 4.7686 0 0 0 
650000 874 999.297 438791.584 1016.558 4.7495 0 0 0 
660000 884 999.425 448266.112 1002.508 4.7132 0 0 0 
670000 894 999.53 457942.385 1002.136 4.7062 0 0 0 
680000 904 999.616 466931.113 976.521 4.7419 0 0 0 
690000 914 999.686 477414.786 991.309 4.7391 0 0 0 
700000 924 999.744 489574.301 1035.319 4.7352 0 0 0 
710000 934 999.791 500916.96 1049.432 4.7215 0 0 0 
720000 944 999.829 515321.233 1121.224 4.708 0 0 0 
730000 954 999.86 528876.744 1166.975 4.7141 0 0 0 
740000 964 999.886 543219.954 1209.253 4.7126 0 0 0 
750000 974 999.907 553690.722 1182.78 4.7057 0 0 0 
760000 984 999.924 565014.229 1169.084 4.7141 0 0 0 
770000 994 999.938 579392.333 1223.554 4.7081 0 0 0 
780000 1004 999.949 595696.54 1294.802 4.7083 0 0 0 
790000 1014 999.958 610543.618 1329.029 4.6983 0 0 0 
800000 1024 999.966 626566.719 1381.879 4.6925 0 0 0 
810000 1034 999.972 639572.397 1362.631 4.6942 0 0 0 
820000 1044 999.977 652675.018 1354.961 4.6947 0 0 0 
830000 1054 999.981 666427.586 1356.66 4.6911 0 0 0 
840000 1064 999.985 678250.614 1328.581 4.6731 0 0 0 
850000 1074 999.988 692417.915 1353.857 4.6693 0 0 0 
860000 1084 999.99 701967.589 1272.57 4.6776 0 0 0 
870000 1094 999.992 716896.206 1311.415 4.6688 0 0 0 
880000 1104 999.993 730583.7 1323.511 4.6728 0 0 0 
890000 1114 999.994 746441.513 1368.244 4.6685 0 0 0 
900000 1124 999.995 765892.909 1473.352 4.6796 0 0 0 
910000 1134 999.996 784387.331 1543.998 4.683 0 0 0 
920000 1144 999.997 801796.402 1579.912 4.6872 0 0 0 
930000 1154 999.998 817614.988 1577.904 4.6843 0 0 0 
940000 1164 999.998 831288.297 1543.415 4.6919 0 0 0 
950000 1174 999.998 849171.195 1585.322 4.6942 0 0 0 
960000 1184 999.999 865320.847 1593.356 4.7021 0 0 0 
970000 1194 999.999 880034.148 1570.75 4.7211 0 0 0 
980000 1204 999.999 895028.652 1556.9 4.7081 0 0 0 
990000 1214 999.999 912974.478 1600.124 4.6855 0 0 0 
1000000 1224 999.999 926571.434 1561.293 4.6927 0 0 0 
1010000 1234 1000.0 941783.742 1552.236 4.7012 0 0 0 
1020000 1244 1000.0 961693.585 1630.059 4.7121 0 0 0 
1030000 1254 1000.0 980643.878 1679.793 4.7134 0 0 0 
1040000 1264 1000.0 999883.565 1723.398 4.6938 0 0 0 
1050000 1274 1000.0 1019870.255 1773.638 4.7017 0 0 0 
1060000 1284 1000.0 1037041.363 1758.96 4.7007 0 0 0 
1070000 1294 1000.0 1057605.351 1815.138 4.6788 0 0 0 
1080000 1304 1000.0 1078756.212 1867.47 4.6925 0 0 0 
1090000 1314 1000.0 1098433.744 1884.001 4.6885 0 0 0 
1100000 1324 1000.0 1116901.739 1876.746 4.6777 0 0 0 
1110000 1334 1000.0 1134939.717 1861.222 4.6965 0 0 0 
1120000 1344 1000.0 1153618.945 1858.745 4.696 0 0 0 
1130000 1354 1000.0 1171584.62 1848.617 4.6893 0 0 0 
1140000 1364 1000.0 1187912.412 1806.849 4.6887 0 0 0 
1150000 1374 1000.0 1205317.455 1795.958 4.7036 0 0 0 
1160000 1384 1000.0 1223823.715 1804.61 4.7137 0 0 0 
1170000 1394 1000.0 1241618.679 1801.753 4.7086 0 0 0 
1180000 1404 1000.0 1257695.45 1765.63 4.7068 0 0 0 
1190000 1414 1000.0 1272346.858 1714.652 4.7148 0 0 0 
1200000 1424 1000.0 1284028.188 1609.099 4.7096 0 0 0 
1210000 1434 1000.0 1301519.048 1636.163 4.7146 0 0 0 
1220000 1444 1000.0 1319544.61 1663.524 4.7222 0 0 0 
1230000 1454 1000.0 1333776.115 1631.913 4.7386 0 0 0 
1240000 1464 1000.0 1351679.603 1649.005 4.7325 0 0 0 
1250000 1474 1000.0 1371645.983 1712.978 4.7329 0 0 0 
1260000 1484 1000.0 1387991.692 1701.884 4.7363 0 0 0 
1270000 1494 1000.0 1406336.341 1721.366 4.7364 0 0 0 
1280000 1504 1000.0 1425145.745 1751.337 4.7429 0 0 0 
1290000 1514 1000.0 1443889.039 1775.836 4.725 0 0 0 
1300000 1524 1000.0 1461678.058 1781.798 4.7254 0 0 0 
1310000 1534 1000.0 1481584.678 1820.102 4.7273 0 0 0 
1320000 1544 1000.0 1496236.985 1750.169 4.7238 0 0 0 
1330000 1554 1000.0 1513683.41 1759.236 4.7206 0 0 0 
1340000 1564 1000.0 1529916.245 1727.656 4.7308 0 0 0 
1350000 1574 1000.0 1548998.456 1769.242 4.7343 0 0 0 
1360000 1584 1000.0 1565167.345 1737.521 4.7451 0 0 0 
1370000 1594 1000.0 1582287.782 1728.018 4.7541 0 0 0 
1380000 1604 994.896 1594780.243 1629.006 4.7335 0 0 0 
1390000 1614 995.829 1608392.958 1587.392 4.7399 0 0 0 
1400000 1624 996.592 1625803.048 1607.536 4.7326 0 0 0 
1410000 1634 997.216 1644066.523 1649.313 4.722 0 0 0 
1420000 1644 997.725 1664694.022 1725.502 4.7145 0 0 0 
1430000 1654 998.141 1684845.067 1777.96 4.7298 0 0 0 
1440000 1664 998.481 1706023.523 1835.363 4.7337 0 0 0 
1450000 1674 998.759 1726360.459 1875.773 4.7306 0 0 0 
1460000 1684 998.986 1747082.724 1911.03 4.7242 0 0 0 
1470000 1694 999.172 1766414.095 1919.172 4.7067 0 0 0 
1480000 1704 999.323 1785867.246 1920.47 4.7131 0 0 0 
1490000 1714 999.447 1806722.915 1952.347 4.7233 0 0 0 
1500000 1724 999.548 1827687.609 1983.005 4.7061 0 0 0 
1510000 1734 999.631 1845917.428 1956.438 4.712 0 0 0 
1520000 1744 999.698 1866055.643 1978.356 4.7023 0 0 0 
1530000 1754 999.753 1886406.362 1973.976 4.7082 0 0 0 
1540000 1764 999.799 1904315.048 1945.126 4.6932 0 0 0 
1550000 1774 999.835 1923615.903 1934.137 4.6948 0 0 0 
1560000 1784 999.866 1945631.276 1982.763 4.6979 0 0 0 
1570000 1794 999.89 1966282.886 2000.992 4.6955 0 0 0 
1580000 1804 999.91 1987291.597 2024.137 4.7002 0 0 0 
1590000 1814 999.927 2007066.716 2010.546 4.692 0 0 0 
1600000 1824 999.94 2028688.847 2035.079 4.6911 0 0 0 
1610000 1834 999.951 2049803.076 2049.026 4.6786 0 0 0 
1620000 1844 999.96 2069524.333 2041.473 4.6734 0 0 0 
1630000 1854 999.967 2088292.802 2009.869 4.6938 0 0 0 
1640000 1864 999.973 2104483.363 1964.335 4.6952 0 0 0 
1650000 1874 999.978 2121312.298 1893.449 4.6941 0 0 0 
1660000 1884 999.982 2143483.274 1950.328 4.7097 0 0 0 
1670000 1894 999.985 2162047.008 1933.305 4.7074 0 0 0 
1680000 1904 999.988 2181736.566 1941.12 4.718 0 0 0 
1690000 1914 999.99 2201849.441 1950.966 4.708 0 0 0 
1700000 1924 999.992 2218624.709 1902.663 4.7101 0 0 0 
1710000 1934 999.994 2238725.546 1920.099 4.7063 0 0 0 
1720000 1944 999.995 2256741.927 1902.816 4.7051 0 0 0 
1730000 1954 999.996 2272693.25 1841.115 4.7141 0 0 0 
1740000 1964 996.449 2291385.437 1838.55 4.6846 0 0 0 
1750000 1974 997.098 2308811.835 1820.021 4.7035 0 0 0 
1760000 1984 997.629 2325595.954 1793.853 4.7166 0 0 0 
1770000 1994 998.063 2343166.423 1805.535 4.7075 0 0 0 
1780000 2004 998.417 2359245.521 1778.485 4.7037 0 0 0 
1790000 2014 998.707 2374166.46 1720.251 4.7133 0 0 0 
1800000 2024 998.943 2385166.172 1595.327 4.7192 0 0 0 
1810000 2034 999.137 2397729.214 1518.551 4.7209 0 0 0 
1820000 2044 999.295 2413974.504 1540.164 4.7209 0 0 0 
1830000 2054 999.424 2427296.19 1505.744 4.726 0 0 0 
1840000 2064 999.529 2443294.89 1540.695 4.7279 0 0 0 
1850000 2075 984.113 2457746.76 1500.89 4.6604 0 0 0 
1860000 2085 987.019 2477122.178 1571.792 4.6684 0 0 0 
1870000 2095 989.394 2495398.45 1631.985 4.6829 0 0 0 
1880000 2105 991.334 2515557.118 1683.887 4.6821 0 0 0 
1890000 2115 992.919 2538067.203 1788.739 4.6703 0 0 0 
1900000 2125 994.214 2559524.856 1864.756 4.6693 0 0 0 
1910000 2135 995.273 2580383.052 1890.962 4.6948 0 0 0 
1920000 2145 996.138 2602764.856 1956.412 4.6977 0 0 0 
1930000 2155 996.844 2624800.209 2006.816 4.7008 0 0 0 
1940000 2165 997.421 2644192.163 2001.516 4.7082 0 0 0 
1950000 2175 997.893 2661485.528 1939.813 4.7121 0 0 0 
1960000 2185 998.278 2682279.763 1967.722 4.7065 0 0 0 
1970000 2195 998.593 2701731.62 1962.08 4.7004 0 0 0 
1980000 2205 998.851 2723501.815 2002.366 4.7021 0 0 0 
1990000 2215 999.061 2745443.559 2039.46 4.692 0 0 0 
2000000 2225 999.233 2764523.477 2010.768 4.6994 0 0 0 
2010000 2235 999.373 2784256.104 2006.418 4.6818 0 0 0 
2020000 2245 999.488 2804974.738 2015.115 4.6868 0 0 0 
2030000 2255 999.581 2826830.572 2048.517 4.7017 0 0 0 
2040000 2265 999.658 2845239.85 2020.458 4.702 0 0 0 
2050000 2275 999.721 2862491.181 1958.317 4.7166 0 0 0 
2060000 2285 999.772 2881653.345 1951.972 4.7145 0 0 0 
2070000 2295 999.813 2902199.377 1969.759 4.7013 0 0 0 
2080000 2305 999.848 2921706.594 1965.351 4.688 0 0 0 
2090000 2315 999.875 2943709.736 2007.231 4.6973 0 0 0 
2100000 2325 999.898 2960538.086 1960.226 4.6863 0 0 0 
2110000 2335 999.917 2975332.029 1858.279 4.6879 0 0 0 
2120000 2345 999.932 2994627.653 1872.609 4.687 0 0 0 
2130000 2355 999.944 3012160.22 1846.119 4.69 0 0 0 
2140000 2365 999.955 3028594.582 1807.84 4.6896 0 0 0 
2150000 2375 999.963 3044083.215 1758.194 4.6761 0 0 0 
2160000 2385 999.97 3065571.012 1831.63 4.6909 0 0 0 
2170000 2395 999.975 3084865.495 1847.273 4.6937 0 0 0 
2180000 2405 999.98 3105347.131 1905.557 4.6922 0 0 0 
2190000 2415 999.983 3125129.923 1917.54 4.6848 0 0 0 
2200000 2429 933.385 3143495.591 1767.476 4.3783 0 0 0 
2210000 2439 945.571 3163734.771 1812.404 4.4427 0 0 0 
2220000 2449 955.527 3185126.231 1872.641 4.4751 0 0 0 
2230000 2459 963.663 3205509.937 1902.634 4.5115 0 0 0 
2240000 2469 970.31 3225194.851 1918.983 4.5341 0 0 0 
2250000 2479 975.741 3244910.94 1925.837 4.5545 0 0 0 
2260000 2489 980.179 3265445.892 1948.512 4.5911 0 0 0 
2270000 2499 983.804 3281917.007 1896.832 4.6115 0 0 0 
2280000 2509 986.767 3301324.45 1902.081 4.6293 0 0 0 
2290000 2519 989.188 3321818.398 1930.681 4.6396 0 0 0 
2300000 2529 991.166 3340109.051 1907.555 4.6553 0 0 0 
2310000 2539 992.782 3360584.272 1934.771 4.6499 0 0 0 
2320000 2549 994.102 3380563.767 1944.515 4.652 0 0 0 
2330000 2559 995.181 3401400.062 1967.017 4.6565 0 0 0 
2340000 2569 996.062 3419821.741 1950.893 4.6699 0 0 0 
2350000 2579 996.783 3440592.379 1970.723 4.6786 0 0 0 
2360000 2589 997.371 3461364.375 1991.089 4.6953 0 0 0 
2370000 2599 997.852 3480499.4 1975.96 4.6904 0 0 0 
2380000 2609 998.245 3502218.993 2010.303 4.6897 0 0 0 
2390000 2619 998.566 3521636.839 1996.331 4.686 0 0 0 
2400000 2629 998.828 3537820.311 1932.941 4.6982 0 0 0 
2410000 2639 999.043 3553542.998 1863.974 4.7103 0 0 0 
2420000 2649 999.218 3574195.902 1898.081 4.6967 0 0 0 
2430000 2659 999.361 3594121.282 1916.784 4.6856 0 0 0 
2440000 2669 999.478 3614689.824 1939.939 4.6869 0 0 0 
2450000 2679 999.573 3633724.068 1933.642 4.6897 0 0 0 
2460000 2689 999.651 3653292.398 1940.786 4.6826 0 0 0 
2470000 2699 999.715 3674694.662 1976.038 4.6867 0 0 0 
2480000 2709 999.767 3695867.905 2003.005 4.6932 0 0 0 
2490000 2719 999.81 3714880.814 1979.088 4.6967 0 0 0 
2500000 2729 999.845 3736628.361 2020.487 4.6994 0 0 0 
2510000 2739 999.873 3756606.21 2014.066 4.6981 0 0 0 
2520000 2749 999.896 3776080.998 2000.37 4.7012 0 0 0 
2530000 2759 999.915 3796430.197 2005.368 4.7028 0 0 0 
2540000 2769 999.931 3816449.252 2004.737 4.7155 0 0 0 
2550000 2779 999.943 3838012.034 2031.554 4.7207 0 0 0 
2560000 2789 999.954 3857841.569 2028.186 4.7193 0 0 0 
2570000 2799 999.962 3879360.821 2046.005 4.7081 0 0 0 
2580000 2809 999.969 3900417.846 2058.111 4.7128 0 0 0 
2590000 2819 999.975 3922665.296 2086.631 4.698 0 0 0 
2600000 2829 999.979 3944050.312 2093.539 4.6901 0 0 0 
2610000 2839 999.983 3962508.185 2049.219 4.6874 0 0 0 
2620000 2849 999.064 3982405.068 2033.624 4.6823 0 0 0 
2630000 2859 999.235 3998515.61 1957.011 4.681 0 0 0 
2640000 2869 999.375 4017609.657 1958.725 4.6747 0 0 0 
2650000 2879 999.49 4034297.734 1897.223 4.6496 0 0 0 
2660000 2889 996.439 4047239.778 1782.802 4.6356 0 0 0 
2670000 2899 997.091 4066174.98 1802.623 4.64 0 0 0 
2680000 2909 997.623 4084494.94 1808.995 4.6539 0 0 0 
2690000 2919 998.058 4101078.889 1779.587 4.6638 0 0 0 
2700000 2929 998.413 4119469.357 1796.819 4.6748 0 0 0 
2710000 2939 998.703 4135131.691 1747.493 4.6768 0 0 0 
2720000 2949 998.941 4154516.037 1781.184 4.6743 0 0 0 
2730000 2959 999.134 4175851.293 1842.025 4.6699 0 0 0 
2740000 2969 999.293 4193870.291 1835.722 4.6714 0 0 0 
2750000 2979 999.422 4216464.557 1911.794 4.6812 0 0 0 
2760000 2989 999.528 4236985.028 1938.874 4.7001 0 0 0 
2770000 2999 999.614 4258504.618 1978.681 4.6994 0 0 0 
2780000 3009 999.685 4280506.356 2018.391 4.6893 0 0 0 
2790000 3019 999.742 4300618.333 2018.563 4.6805 0 0 0 
2800000 3029 999.79 4318911.079 1982.355 4.6688 0 0 0 
2810000 3039 999.828 4337585.484 1962.478 4.6761 0 0 0 
2820000 3049 999.859 4355857.084 1940.435 4.6817 0 0 0 
2830000 3059 997.469 4373453.277 1918.924 4.6744 0 0 0 
2840000 3069 997.932 4390913.896 1874.329 4.6772 0 0 0 
2850000 3079 998.31 4410669.818 1890.91 4.6341 0 0 0 
2860000 3089 998.619 4429960.939 1902.6 4.6587 0 0 0 
2870000 3099 998.872 4448405.742 1893.752 4.6688 0 0 0 
2880000 3109 999.078 4466027.61 1881.291 4.6797 0 0 0 
2890000 3119 999.247 4486169.356 1893.089 4.6812 0 0 0 
2900000 3129 999.385 4507744.761 1946.696 4.6811 0 0 0 
2910000 3139 999.497 4525726.985 1937.801 4.6927 0 0 0 
2920000 3149 999.589 4542844.121 1880.705 4.6833 0 0 0 
2930000 3159 997.246 4562067.018 1893.461 4.6895 0 0 0 
2940000 3169 997.75 4580987.964 1883.041 4.7072 0 0 0 
2950000 3179 998.162 4594768.055 1792.845 4.708 0 0 0 
2960000 3189 998.498 4612669.61 1792.242 4.7125 0 0 0 
2970000 3199 998.773 4632489.952 1821.411 4.7116 0 0 0 
2980000 3210 992.316 4652345.63 1841.177 4.677 0 0 0 
2990000 3220 993.722 4671321.148 1852.118 4.6746 0 0 0 
3000000 3230 994.87 4692428.394 1900.926 4.6878 0 0 0 
3010000 3240 995.809 4712470.59 1919.458 4.7008 0 0 0 
3020000 3250 996.575 4733074.243 1947.268 4.6979 0 0 0 
3030000 3260 997.202 4751797.797 1932.657 4.6909 0 0 0 
3040000 3270 995.813 4768478.08 1880.784 4.6884 0 0 0 
3050000 3281 983.029 4786680.774 1845.758 4.6141 0 0 0 
3060000 3291 986.133 4802634.869 1800.032 4.6313 0 0 0 
3070000 3301 988.67 4818726.925 1762.983 4.6364 0 0 0 
3080000 3311 990.742 4835536.466 1744.248 4.6433 0 0 0 
3090000 3321 992.436 4851563.792 1718.565 4.6466 0 0 0 
3100000 3331 993.82 4869285.236 1731.22 4.6552 0 0 0 
3110000 3341 994.95 4889167.522 1777.874 4.6525 0 0 0 
3120000 3351 995.874 4908151.621 1800.551 4.651 0 0 0 
3130000 3361 996.629 4925770.638 1796.277 4.6545 0 0 0 
3140000 3371 997.245 4945624.481 1832.622 4.6642 0 0 0 
3150000 3381 997.749 4966371.938 1876.702 4.6835 0 0 0 
3160000 3391 998.161 4985321.749 1882.465 4.6848 0 0 0 
3170000 3402 980.774 5005966.56 1880.849 4.5881 0 0 0 
3180000 3412 984.291 5025061.224 1886.98 4.6101 0 0 0 
3190000 3422 987.165 5044241.949 1892.31 4.6184 0 0 0 
3200000 3432 989.513 5065982.605 1943.471 4.6283 0 0 0 
3210000 3442 988.531 5083813.112 1905.817 4.6131 0 0 0 
3220000 3452 990.629 5105128.226 1944.397 4.629 0 0 0 
3230000 3463 970.967 5125087.179 1909.85 4.527 0 0 0 
3240000 3473 976.278 5143024.305 1892.988 4.5685 0 0 0 
3250000 3483 980.617 5165442.737 1956.058 4.5837 0 0 0 
3260000 3493 984.163 5187477.369 2003.534 4.5992 0 0 0 
3270000 3504 970.002 5206119.69 1944.526 4.5204 0 0 0 
3280000 3514 975.49 5226039.482 1951.096 4.5642 0 0 0 
3290000 3524 979.973 5239315.022 1836.567 4.5965 0 0 0 
3300000 3534 983.637 5252426.504 1742.933 4.5802 0 0 0 
3310000 3544 975.468 5272220.458 1761.063 4.5529 0 0 0 
3320000 3554 979.956 5289532.478 1780.642 4.5791 0 0 0 
3330000 3564 983.623 5308662.041 1782.936 4.5841 0 0 0 
3340000 3574 986.618 5328097.435 1813.174 4.5976 0 0 0 
3350000 3584 989.066 5349092.477 1866.727 4.6266 0 0 0 
3360000 3595 985.397 5370218.157 1902.903 4.6139 0 0 0 
3370000 3605 988.068 5386753.937 1854.079 4.6201 0 0 0 
3380000 3615 977.171 5404608.778 1820.633 4.5658 0 0 0 
3390000 3625 981.347 5422368.185 1801.65 4.5912 0 0 0 
3400000 3635 984.759 5444469.983 1887.463 4.602 0 0 0 
3410000 3645 987.547 5462986.836 1875.235 4.6388 0 0 0 
3420000 3655 989.825 5481832.254 1879.341 4.6467 0 0 0 
3430000 3665 991.686 5500980.736 1886.562 4.6677 0 0 0 
3440000 3676 979.559 5519917.035 1858.191 4.6243 0 0 0 
3450000 3686 983.298 5541510.709 1914.608 4.6229 0 0 0 
3460000 3696 986.354 5562622.264 1947.227 4.6359 0 0 0 
3470000 3706 988.85 5582776.819 1964.339 4.6543 0 0 0 
3480000 3716 990.89 5603751.806 1990.802 4.669 0 0 0 
3490000 3726 992.556 5622937.938 1977.082 4.6853 0 0 0 
3500000 3736 993.918 5635492.366 1842.247 4.6761 0 0 0 
3510000 3747 981.705 5650312.955 1756.113 4.6039 0 0 0 
3520000 3757 985.052 5661554.712 1636.43 4.6165 0 0 0 
3530000 3767 987.786 5673745.431 1564.952 4.6353 0 0 0 
3540000 3777 990.02 5683727.272 1455.375 4.6607 0 0 0 
3550000 3788 977.517 5699589.358 1464.517 4.591 0 0 0 
3560000 3798 981.629 5717507.958 1522.901 4.5899 0 0 0 
3570000 3808 984.99 5731784.601 1509.686 4.6197 0 0 0 
3580000 3818 987.736 5745931.638 1489.308 4.6121 0 0 0 
3590000 3828 989.979 5761306.462 1499.22 4.6256 0 0 0 
3600000 3838 991.812 5779341.05 1556.736 4.6378 0 0 0 
3610000 3848 993.31 5796527.376 1583.462 4.643 0 0 0 
3620000 3858 994.534 5814242.612 1621.147 4.656 0 0 0 
3630000 3868 995.534 5829207.575 1598.306 4.6683 0 0 0 
3640000 3878 996.351 5846813.811 1628.249 4.6697 0 0 0 
3650000 3888 997.018 5866067.843 1683.286 4.6741 0 0 0 
3660000 3898 997.564 5884599.557 1712.863 4.522 0 0 0 
3670000 3908 998.009 5902956.568 1734.861 4.6339 0 0 0 
3680000 3918 998.374 5921826.506 1762.587 4.8758 0 0 0 
3690000 3928 998.671 5941735.388 1801.149 5.066 0 0 0 
3700000 3938 998.914 5963356.611 1867.396 5.2179 0 0 0 
3710000 3948 999.113 5985307.97 1928.345 5.3342 0 0 0 
3720000 3958 999.275 6005396.108 1944.621 5.4759 0 0 0 
3730000 3968 999.408 6026735.89 1979.246 5.5698 0 0 0 
3740000 3978 999.516 6045542.61 1959.229 5.6489 0 0 0 
3750000 3988 999.605 6065824.434 1974.366 5.6999 0 0 0 
3760000 3998 999.677 6083588.916 1931.364 5.7509 0 0 0 
3770000 4008 999.736 6103965.797 1959.385 5.7903 0 0 0 
3780000 4018 999.784 6124715.746 1979.902 5.8145 0 0 0 
3790000 4028 999.824 6139591.372 1885.072 5.8511 0 0 0 
3800000 4038 999.856 6158273.336 1882.123 5.8816 0 0 0 
3810000 4048 999.882 6175214.342 1847.289 5.8892 0 0 0 
3820000 4058 999.904 6195540.987 1881.05 5.8992 0 0 0 
3830000 4068 999.921 6215823.879 1908.771 5.9007 0 0 0 
3840000 4078 999.936 6235917.625 1925.739 5.9136 0 0 0 
3850000 4088 999.948 6255168.859 1929.234 5.9222 0 0 0 
3860000 4098 999.957 6273668.708 1911.865 5.9259 0 0 0 
3870000 4108 999.965 6294764.935 1948.854 5.93 0 0 0 
3880000 4118 999.971 6312417.21 1916.962 5.9306 0 0 0 
3890000 4128 999.977 6332405.463 1930.48 5.9308 0 0 0 
3900000 4138 999.981 6353680.964 1965.998 5.9293 0 0 0 
3910000 4148 999.984 6370404.513 1920.386 5.9464 0 0 0 
3920000 4158 999.987 6388091.331 1885.935 5.9542 0 0 0 
3930000 4168 999.99 6406625.885 1881.294 5.9582 0 0 0 
3940000 4178 999.991 6422892.049 1833.473 5.9526 0 0 0 
3950000 4188 999.993 6441194.606 1832.299 5.961 0 0 0 
3960000 4198 999.994 6458200.628 1806.049 5.9498 0 0 0 
3970000 4208 999.995 6478148.061 1841.615 5.9483 0 0 0 
3980000 4218 999.996 6498746.146 1882.526 5.9206 0 0 0 
3990000 4228 999.997 6518017.943 1890.575 5.9237 0 0 0 
4000000 4238 999.997 6537631.141 1901.694 5.9291 0 0 0 
