10000 63 111.048 376.0 4.093 0.271 21 4947.0 187.2647 
20000 120 153.204 845.0 6.698 0.3691 40 10230.0 256.2146 
30000 184 155.781 1252.0 6.487 0.3714 61 14916.0 223.8803 
40000 245 159.459 1690.0 6.888 0.9491 81 20085.0 242.0827 
50000 304 167.956 2167.0 8.034 1.3451 101 25926.0 303.2828 
60000 362 168.469 2640.0 8.075 1.4533 120 31408.0 282.9315 
70000 425 161.115 3082.0 7.27 1.4099 141 36395.0 235.87 
80000 489 157.544 3524.0 6.985 1.3895 163 41851.0 255.8196 
90000 553 155.726 3997.0 7.148 1.383 184 47157.0 243.9531 
100000 618 154.159 4498.0 7.687 1.3619 206 52982.0 268.953 
110000 670 176.986 5028.0 9.246 1.5701 223 58980.0 337.0813 
120000 731 169.496 5546.0 8.763 1.5056 243 65629.0 339.7459 
130000 792 165.951 6016.0 7.994 1.476 264 71308.0 273.106 
140000 850 171.734 6574.0 9.052 1.5244 283 77640.0 302.6321 
150000 912 163.247 7128.0 8.745 1.4429 304 83778.0 286.0997 
160000 970 168.359 7680.0 9.122 1.4901 323 90410.0 325.6239 
170000 1032 160.428 8200.0 8.232 1.4165 344 96168.0 263.5064 
180000 1089 167.874 8671.0 7.993 1.4877 363 101711.0 278.4228 
190000 1144 176.164 9280.0 9.739 1.5444 381 110046.0 395.6991 
200000 1200 175.686 9776.0 9.222 1.541 400 115820.0 315.9313 
210000 1258 174.543 10290.0 9.022 1.52 419 121712.0 306.9426 
220000 1320 165.088 10829.0 8.804 1.4502 440 127890.0 308.4567 
230000 1375 179.954 11388.0 10.0 1.5734 458 134475.0 371.9576 
240000 1428 187.439 11992.0 11.068 1.5789 476 142232.0 492.7361 
250000 1482 186.797 12610.0 11.499 1.5381 494 149668.0 437.1987 
260000 1537 184.535 13212.0 11.104 1.5108 512 157633.0 422.8447 
270000 1591 186.227 13821.0 11.466 1.526 530 164449.0 388.1092 
280000 1646 181.241 14386.0 10.36 1.5077 548 171254.0 370.913 
290000 1700 181.819 14995.0 10.767 1.516 566 179540.0 360.27 
300000 1750 191.51 15649.0 11.944 1.6365 583 187640.0 474.197 
310000 1800 194.831 16320.0 12.723 1.6866 600 196010.0 476.4044 
320000 1850 199.241 17006.0 13.507 1.7314 616 204130.0 500.5113 
330000 1900 204.627 17713.0 14.553 1.7846 633 214810.0 741.4427 
340000 1947 214.297 18424.0 15.397 1.86 649 225533.0 738.2714 
350000 1996 203.044 19150.0 14.576 1.7671 665 235804.0 566.035 
360000 2044 204.43 19866.0 14.753 1.7725 681 246446.0 612.0834 
370000 2091 208.9 20577.0 14.931 1.8223 697 256959.0 682.4985 
380000 2136 215.548 21326.0 15.617 1.8871 712 268094.0 712.1346 
390000 2180 223.887 22031.0 16.098 1.9516 726 279380.0 775.9422 
400000 2223 228.846 22788.0 16.648 1.9902 741 291927.0 864.8079 
410000 2276 200.35 23457.0 13.805 1.7514 758 301184.0 534.4145 
420000 2320 214.68 24142.0 14.595 1.871 773 311110.0 591.8514 
430000 2364 221.393 24855.0 15.409 1.9288 788 321206.0 663.8094 
440000 2405 241.241 25574.0 17.36 2.1014 801 332445.0 771.8453 
450000 2452 223.57 26296.0 16.297 1.9524 817 343408.0 680.9543 
460000 2494 228.265 27066.0 17.068 1.9906 831 355016.0 808.945 
470000 2538 226.708 27781.0 16.655 1.9869 846 365172.0 704.6137 
480000 2580 232.718 28484.0 16.451 2.0295 860 376280.0 759.6846 
490000 2619 247.491 29307.0 18.943 2.1603 873 392461.0 1176.5793 
500000 2660 245.444 30128.0 19.755 2.1374 886 403990.0 891.6755 
510000 2706 228.955 30940.0 18.815 1.995 902 416304.0 843.2886 
520000 2748 231.518 31817.0 19.566 2.0179 916 430162.0 975.3034 
530000 2793 230.15 32610.0 18.919 2.0907 931 443467.0 923.7717 
540000 2835 236.19 33413.0 19.054 2.36 945 454435.0 829.2445 
550000 2877 233.013 34216.0 18.839 2.4143 959 467393.0 842.4549 
560000 2925 215.286 35016.0 17.261 2.2571 975 478005.0 662.3548 
570000 2968 224.514 35888.0 18.84 2.3859 989 491872.0 856.2425 
580000 3010 237.931 36672.0 19.395 2.5147 1003 504520.0 935.1125 
590000 3051 245.04 37511.0 20.419 2.5888 1017 517959.0 1062.0016 
600000 3089 252.06 38286.0 20.104 2.6605 1029 533281.0 1158.2806 
610000 3129 248.38 38997.0 18.195 2.6175 1043 542651.0 755.9254 
620000 3169 252.151 39810.0 19.716 2.6691 1056 556031.0 1017.3745 
630000 3212 242.622 40681.0 20.483 2.5755 1070 569908.0 980.7458 
640000 3246 263.088 41517.0 21.805 2.8164 1082 582074.0 998.4177 
650000 3288 253.201 42359.0 21.307 2.6908 1096 594922.0 995.6428 
660000 3324 261.502 43265.0 22.701 2.7706 1108 610376.0 1140.0398 
670000 3360 276.469 44109.0 23.724 2.9193 1120 624160.0 1202.2272 
680000 3399 262.479 44940.0 22.218 2.7724 1133 636281.0 963.5274 
690000 3441 245.472 45727.0 20.136 2.5961 1147 650549.0 952.3144 
700000 3477 261.385 46590.0 21.908 2.7675 1159 665853.0 1197.1096 
710000 3519 247.032 47478.0 21.359 2.6156 1173 678571.0 976.0112 
720000 3560 252.9 48349.0 22.225 2.6801 1186 691840.0 1043.3337 
730000 3600 247.618 49251.0 21.805 2.6232 1200 704440.0 942.314 
740000 3639 251.867 50168.0 22.644 2.6549 1213 719481.0 1067.1815 
750000 3678 257.301 51044.0 22.885 2.7186 1226 731812.0 1037.1043 
760000 3714 268.375 51927.0 23.494 2.8471 1238 750076.0 1317.9992 
770000 3756 249.393 52737.0 21.132 2.6562 1252 761944.0 980.9628 
780000 3794 256.778 53622.0 22.41 2.7445 1264 775856.0 1066.2177 
790000 3833 256.534 54531.0 22.774 2.7256 1277 789537.0 1097.5348 
800000 3879 233.325 55445.0 20.979 2.4762 1293 804281.0 1006.0852 
810000 3921 233.439 56319.0 20.589 2.4599 1307 816289.0 896.4169 
820000 3962 236.359 57278.0 21.99 2.5122 1320 831698.0 1113.0042 
830000 3999 248.443 58115.0 21.655 2.6345 1333 845631.0 1021.4305 
840000 4039 246.521 59009.0 21.896 2.5858 1346 859701.0 997.1524 
850000 4079 247.786 59983.0 23.139 2.6049 1359 876361.0 1217.2716 
860000 4117 257.199 60896.0 23.93 2.7049 1372 892593.0 1200.0964 
870000 4160 243.728 61910.0 23.731 2.5479 1386 910600.0 1302.7852 
880000 4203 238.225 62814.0 22.257 2.4903 1401 924837.0 1122.3276 
890000 4246 237.259 63796.0 22.59 2.4976 1415 939184.0 1067.6422 
900000 4287 239.689 64830.0 23.779 2.5325 1429 955093.0 1081.0263 
910000 4329 238.772 65920.0 24.947 2.5111 1443 970311.0 1091.1364 
920000 4367 253.204 66811.0 24.407 2.6541 1455 984053.0 1091.3587 
930000 4405 258.278 67832.0 25.702 2.7103 1468 1000975.0 1290.2942 
940000 4443 263.672 68707.0 24.269 2.7738 1481 1014847.0 1186.9809 
950000 4485 246.857 69753.0 24.437 2.6079 1495 1030875.0 1130.8356 
960000 4522 260.91 70717.0 25.62 2.7733 1507 1047028.0 1261.6045 
970000 4561 258.705 71797.0 26.49 2.7282 1520 1064829.0 1289.4542 
980000 4604 243.517 72901.0 26.289 2.5676 1534 1080826.0 1134.3711 
990000 4639 263.742 73942.0 27.84 2.7839 1546 1102651.0 1571.724 
1000000 4678 261.231 75004.0 27.882 2.7614 1559 1117782.0 1350.3669 
1010000 4715 264.731 75974.0 26.977 2.7807 1571 1135845.0 1458.823 
1020000 4756 254.748 76948.0 25.45 2.6756 1585 1150384.0 1147.6291 
1030000 4793 265.119 78026.0 27.556 2.803 1597 1167397.0 1278.2877 
1040000 4830 266.315 79166.0 28.709 2.8223 1610 1187340.0 1513.0199 
1050000 4870 259.824 80240.0 28.154 2.7533 1623 1205600.0 1454.3528 
1060000 4909 258.953 81323.0 28.024 2.7522 1636 1223591.0 1410.9277 
1070000 4952 243.243 82338.0 25.942 2.5836 1650 1239508.0 1253.0573 
1080000 4993 242.448 83350.0 25.249 2.5669 1664 1254937.0 1098.4523 
1090000 5031 249.782 84400.0 25.463 2.6469 1677 1272949.0 1266.0751 
1100000 5069 262.753 85559.0 29.224 2.7944 1689 1292651.0 1528.2864 
1110000 5109 254.819 86710.0 28.74 2.6991 1703 1311081.0 1498.0512 
1120000 5150 251.669 87912.0 29.289 2.655 1716 1331060.0 1449.1391 
1130000 5187 260.198 89051.0 29.999 2.7433 1729 1348403.0 1436.7203 
1140000 5225 262.687 90179.0 29.98 2.7749 1741 1367645.0 1499.5165 
1150000 5264 259.513 91320.0 29.329 2.7556 1754 1387176.0 1559.9298 
1160000 5304 253.034 92503.0 29.233 2.6936 1768 1406396.0 1446.6799 
1170000 5343 250.236 93630.0 28.474 2.6387 1781 1426527.0 1538.9283 
1180000 5380 258.555 94695.0 28.415 2.7243 1793 1447350.0 1582.7131 
1190000 5417 268.401 95795.0 29.935 2.8365 1805 1466543.0 1656.4975 
1200000 5452 276.956 96912.0 31.011 2.9216 1817 1486348.0 1633.8151 
1210000 5487 280.273 97952.0 29.917 2.9551 1829 1503703.0 1518.7467 
1220000 5529 255.481 99053.0 27.799 2.6907 1843 1521311.0 1310.2946 
1230000 5565 261.135 100138.0 27.912 2.7542 1855 1539855.0 1376.3278 
1240000 5604 265.35 101160.0 27.885 2.7992 1868 1556366.0 1368.599 
1250000 5640 271.511 102262.0 29.108 2.8621 1880 1576610.0 1567.814 
1260000 5679 264.662 103431.0 29.84 2.7894 1893 1594521.0 1442.5642 
1270000 5716 263.074 104600.0 30.341 2.7656 1905 1614734.0 1578.3068 
1280000 5753 266.179 105733.0 30.772 2.8017 1917 1634047.0 1598.8793 
1290000 5790 269.325 106804.0 29.949 2.838 1930 1655700.0 1711.4728 
1300000 5830 256.052 107998.0 29.575 2.7233 1943 1678080.0 1608.0831 
1310000 5867 264.619 109079.0 29.748 2.7991 1955 1696473.0 1542.4817 
1320000 5901 276.228 110189.0 30.321 2.9115 1967 1716169.0 1656.6833 
1330000 5937 271.554 111333.0 30.182 2.8827 1979 1740053.0 1769.8959 
1340000 5971 289.56 112358.0 31.183 3.0699 1990 1759379.0 1770.4305 
1350000 6006 283.994 113435.0 29.899 3.0056 2002 1779444.0 1685.216 
1360000 6042 283.549 114560.0 31.072 2.9969 2014 1799098.0 1682.5177 
1370000 6077 283.648 115619.0 30.481 2.9866 2025 1815693.0 1448.022 
1380000 6114 277.236 116595.0 28.394 2.9401 2038 1830176.0 1264.5118 
1390000 6150 270.883 117669.0 28.261 2.8707 2050 1849310.0 1348.8522 
1400000 6182 288.017 118621.0 29.135 3.0528 2060 1866248.0 1492.4786 
1410000 6218 284.765 119735.0 30.248 3.0154 2072 1883652.0 1415.0872 
1420000 6255 275.845 120878.0 30.426 2.9201 2085 1901745.0 1509.6902 
1430000 6295 261.911 121997.0 29.149 2.7669 2098 1920065.0 1368.905 
1440000 6331 269.397 123081.0 29.897 2.8487 2110 1937789.0 1471.9539 
1450000 6366 277.185 124188.0 30.638 2.9384 2122 1957544.0 1688.5237 
1460000 6403 273.46 125301.0 30.195 2.8927 2134 1976757.0 1572.6044 
1470000 6438 279.654 126420.0 30.821 2.953 2146 1997982.0 1726.5182 
1480000 6473 283.034 127478.0 30.557 3.002 2157 2015307.0 1523.7928 
1490000 6510 272.903 128580.0 29.372 2.8865 2170 2035950.0 1635.2585 
1500000 6548 269.282 129658.0 29.434 2.8423 2182 2056412.0 1564.9622 
1510000 6588 258.962 130659.0 27.247 2.7328 2196 2075662.0 1561.0485 
1520000 6621 277.959 131726.0 28.967 2.9439 2207 2093219.0 1594.2477 
1530000 6654 289.663 132759.0 30.174 3.0681 2218 2111706.0 1688.9516 
1540000 6694 266.813 133911.0 29.403 2.8173 2231 2134736.0 1679.1638 
1550000 6730 274.204 135028.0 30.541 2.8964 2243 2157350.0 1833.5578 
1560000 6767 274.661 136101.0 30.134 2.9014 2255 2176803.0 1685.0958 
1570000 6805 263.009 137272.0 30.016 2.7791 2268 2196715.0 1565.1765 
1580000 6843 262.376 138403.0 29.677 2.7746 2281 2216787.0 1573.9823 
1590000 6883 257.649 139512.0 28.939 2.7221 2294 2236387.0 1513.8647 
1600000 6919 269.807 140603.0 29.949 2.8508 2306 2263131.0 2093.775 
1610000 6953 283.285 141675.0 30.88 2.9951 2317 2281857.0 1829.224 
1620000 6988 279.404 142761.0 30.139 2.8473 2329 2303152.0 1823.856 
1630000 7026 269.545 143942.0 30.143 2.5287 2342 2326784.0 1781.0119 
1640000 7065 261.715 145128.0 30.501 2.4457 2355 2346235.0 1610.0045 
1650000 7098 277.138 146150.0 29.79 2.8647 2366 2366312.0 1605.6201 
1660000 7134 278.958 147273.0 30.427 3.0229 2378 2383916.0 1498.8646 
1670000 7173 266.313 148306.0 28.637 2.9484 2391 2403497.0 1508.1818 
1680000 7212 262.285 149351.0 28.088 2.9249 2404 2423018.0 1530.862 
1690000 7246 275.122 150429.0 29.973 3.0873 2415 2441554.0 1465.5194 
1700000 7284 266.334 151513.0 28.224 2.9822 2428 2460776.0 1486.5554 
1710000 7322 267.121 152580.0 29.002 2.982 2440 2478918.0 1500.83 
1720000 7362 255.032 153733.0 28.532 2.8678 2454 2498948.0 1529.4981 
1730000 7401 252.824 154855.0 28.337 2.8484 2467 2519369.0 1550.1604 
1740000 7440 256.085 155979.0 28.946 2.8747 2480 2538070.0 1515.9577 
1750000 7475 269.895 157101.0 30.55 3.031 2491 2557405.0 1625.8456 
1760000 7515 259.534 158185.0 28.306 2.9331 2505 2576325.0 1450.1534 
1770000 7551 269.533 159247.0 28.93 3.0435 2517 2597149.0 1576.8526 
1780000 7588 270.017 160454.0 30.718 3.0485 2529 2617652.0 1510.1382 
1790000 7622 275.846 161596.0 31.594 3.1091 2540 2637838.0 1727.9512 
1800000 7659 271.617 162718.0 30.496 3.0667 2553 2655961.0 1552.8086 
1810000 7698 266.642 163816.0 29.711 3.019 2566 2674822.0 1568.5911 
1820000 7736 266.182 164915.0 29.973 2.9925 2578 2695694.0 1656.4302 
1830000 7779 249.295 166093.0 28.59 2.8 2593 2716151.0 1537.7745 
1840000 7816 260.574 167228.0 29.682 2.9365 2605 2736124.0 1485.1068 
1850000 7856 251.613 168395.0 29.042 2.8205 2618 2755334.0 1509.7987 
1860000 7898 248.116 169555.0 28.931 2.7663 2632 2774332.0 1390.5597 
1870000 7936 257.267 170686.0 29.273 2.8834 2645 2795004.0 1608.5866 
1880000 7977 245.909 171771.0 27.196 2.7591 2659 2815803.0 1501.36 
1890000 8020 240.549 172855.0 25.899 2.7133 2673 2833780.0 1234.6798 
1900000 8059 251.886 173978.0 27.922 2.831 2686 2852951.0 1511.9403 
1910000 8097 255.299 175101.0 28.679 2.7375 2699 2871333.0 1574.3371 
1920000 8134 263.733 176178.0 29.412 2.7404 2711 2890236.0 1581.9691 
1930000 8173 258.851 177305.0 28.832 2.8464 2724 2910517.0 1560.96 
1940000 8207 275.635 178373.0 30.364 3.1372 2735 2929363.0 1662.7959 
1950000 8242 282.977 179424.0 30.538 3.274 2747 2947668.0 1622.752 
1960000 8277 278.261 180599.0 31.246 3.2514 2759 2969943.0 1836.2618 
1970000 8316 269.448 181603.0 28.882 3.1567 2772 2989134.0 1649.2611 
1980000 8352 265.108 182738.0 28.655 3.1163 2784 3008508.0 1470.8987 
1990000 8389 271.922 183873.0 30.487 3.1961 2796 3025961.0 1457.9697 
2000000 8427 269.778 184997.0 30.579 3.1685 2809 3045403.0 1590.8232 
2010000 8460 282.314 186065.0 30.271 3.3269 2820 3064320.0 1628.2356 
2020000 8493 289.375 187159.0 31.527 3.4082 2831 3083877.0 1775.768 
2030000 8529 284.471 188235.0 30.415 3.3562 2843 3102441.0 1614.969 
2040000 8565 285.038 189269.0 30.772 3.3608 2855 3120635.0 1678.6538 
2050000 8604 268.969 190394.0 29.563 3.1705 2868 3140676.0 1603.3235 
2060000 8638 281.922 191552.0 31.506 3.3097 2879 3162392.0 1835.9213 
2070000 8676 267.071 192690.0 29.719 3.1391 2892 3181874.0 1529.5605 
2080000 8711 276.862 193766.0 31.013 3.2502 2903 3198779.0 1534.604 
2090000 8747 280.739 194909.0 31.466 3.2893 2915 3217303.0 1547.7635 
2100000 8784 269.504 196031.0 29.943 3.163 2928 3236846.0 1473.8717 
2110000 8820 276.045 197165.0 30.621 3.2436 2940 3256280.0 1624.4414 
2120000 8862 257.371 198315.0 29.58 3.0164 2954 3277338.0 1626.3953 
2130000 8901 256.858 199409.0 28.452 3.009 2967 3294699.0 1389.4232 
2140000 8941 253.523 200609.0 29.26 2.9802 2980 3315229.0 1487.1829 
2150000 8977 268.42 201720.0 30.377 3.1657 2992 3335523.0 1595.9892 
2160000 9017 261.28 202779.0 28.454 3.0863 3005 3351363.0 1270.3411 
2170000 9055 259.028 203947.0 29.031 3.0472 3018 3369795.0 1305.1291 
2180000 9088 282.866 204908.0 29.613 3.3249 3029 3386512.0 1544.6283 
2190000 9122 288.622 205959.0 30.632 3.3924 3040 3405558.0 1654.785 
2200000 9155 297.426 206951.0 30.322 3.4939 3051 3424375.0 1724.0292 
2210000 9189 294.12 207953.0 29.987 3.4593 3063 3440071.0 1549.361 
2220000 9225 280.397 209018.0 29.235 3.292 3075 3458885.0 1477.6562 
2230000 9258 282.255 210088.0 29.475 3.315 3086 3477262.0 1508.7044 
2240000 9297 274.831 211219.0 30.058 3.2372 3099 3494833.0 1472.1987 
2250000 9331 287.57 212239.0 30.675 3.3762 3110 3512299.0 1555.0182 
2260000 9367 281.704 213436.0 31.824 3.3117 3122 3534333.0 1730.1825 
2270000 9404 275.133 214535.0 30.498 3.2334 3134 3553456.0 1641.4616 
2280000 9438 279.873 215588.0 29.578 3.2976 3146 3571742.0 1498.7276 
2290000 9471 290.524 216605.0 30.394 3.4167 3157 3590769.0 1690.1371 
2300000 9506 288.402 217627.0 30.094 3.4031 3168 3610914.0 1749.8718 
2310000 9540 290.644 218711.0 30.544 3.4169 3180 3630240.0 1710.4146 
2320000 9576 287.898 219807.0 30.718 3.387 3192 3650794.0 1772.9743 
2330000 9613 279.954 220814.0 28.88 3.2981 3204 3670137.0 1615.0394 
2340000 9648 280.132 221856.0 29.103 3.2774 3216 3689132.0 1648.7302 
2350000 9682 286.405 222912.0 29.845 3.3549 3227 3708108.0 1635.8344 
2360000 9717 281.342 223930.0 28.681 3.3029 3239 3726093.0 1532.4125 
2370000 9751 292.087 224910.0 29.547 3.4386 3250 3741889.0 1441.0864 
2380000 9787 286.727 226061.0 31.123 3.3797 3262 3761153.0 1543.156 
2390000 9822 278.544 227205.0 30.95 3.2778 3274 3779188.0 1512.229 
2400000 9858 279.581 228331.0 31.28 3.2865 3286 3799802.0 1680.5915 
2410000 9895 277.849 229560.0 32.805 3.2695 3298 3820715.0 1640.0333 
2420000 9929 283.549 230705.0 33.334 3.336 3309 3840551.0 1737.9966 
2430000 9964 283.177 231883.0 33.241 3.3247 3321 3863726.0 1856.5963 
2440000 10000 280.428 233119.0 33.897 3.2942 3333 3885990.0 1782.5119 
2450000 10035 281.127 234338.0 33.595 3.3026 3345 3907955.0 1827.3823 
2460000 10068 291.263 235513.0 34.734 3.4292 3356 3928852.0 1925.6438 
2470000 10105 280.721 236684.0 33.564 3.305 3368 3947755.0 1638.0536 
2480000 10145 266.897 237818.0 30.975 3.1329 3381 3966565.0 1414.6438 
2490000 10179 275.818 239015.0 32.264 3.2351 3393 3985811.0 1629.6039 
2500000 10215 276.194 240190.0 32.316 3.2416 3405 4005635.0 1622.9767 
2510000 10253 268.77 241345.0 31.768 3.1574 3417 4026997.0 1709.4883 
2520000 10287 284.007 242463.0 31.845 3.3562 3429 4047913.0 1797.0729 
2530000 10320 288.663 243616.0 32.672 3.3962 3440 4068530.0 1811.0867 
2540000 10355 292.993 244674.0 32.394 3.4324 3451 4086195.0 1678.1256 
2550000 10388 297.966 245863.0 34.201 3.5059 3462 4107342.0 1770.6598 
2560000 10424 289.266 247021.0 33.32 3.3963 3474 4127636.0 1705.4166 
2570000 10458 285.556 248207.0 32.657 3.3618 3486 4150412.0 1749.5025 
2580000 10497 269.308 249266.0 29.886 3.168 3499 4168973.0 1542.8648 
2590000 10536 262.782 250437.0 30.115 3.1031 3512 4188504.0 1554.1717 
2600000 10571 276.712 251617.0 32.29 3.2709 3523 4209949.0 1706.0427 
2610000 10608 273.956 252768.0 31.808 3.2392 3536 4230192.0 1741.0223 
2620000 10644 269.393 254083.0 32.797 3.1758 3548 4254076.0 1825.3029 
2630000 10683 259.923 255320.0 31.814 3.072 3561 4277067.0 1710.0507 
2640000 10719 267.955 256537.0 32.249 3.1675 3573 4302671.0 1966.6397 
2650000 10754 282.662 257658.0 33.629 3.3387 3584 4325426.0 1963.529 
2660000 10790 282.885 258677.0 31.126 3.3344 3596 4343220.0 1630.8157 
2670000 10822 294.463 259816.0 32.926 3.4627 3607 4364378.0 1857.0425 
2680000 10854 299.032 261019.0 33.742 3.5204 3618 4386506.0 1911.571 
2690000 10888 298.169 262195.0 34.952 3.5196 3629 4409542.0 2037.9909 
2700000 10925 283.647 263360.0 33.219 3.3429 3641 4428825.0 1714.3537 
2710000 10965 266.013 264497.0 30.417 3.1298 3655 4448105.0 1500.9946 
2720000 10999 282.447 265668.0 32.701 3.3232 3666 4470961.0 1882.8594 
2730000 11034 282.235 266810.0 32.057 3.3113 3678 4492666.0 1843.8088 
2740000 11066 299.407 267932.0 33.753 3.5291 3688 4513804.0 1925.9057 
2750000 11100 291.152 269067.0 32.682 3.44 3700 4535560.0 1889.5804 
2760000 11137 280.704 270136.0 30.65 3.2999 3712 4551903.0 1466.4658 
2770000 11172 277.907 271295.0 31.017 3.271 3724 4569748.0 1457.7204 
2780000 11207 284.804 272407.0 32.372 3.3493 3735 4587323.0 1556.8673 
2790000 11242 282.273 273492.0 31.374 3.3186 3747 4604428.0 1452.1972 
2800000 11277 284.459 274627.0 31.749 3.3384 3759 4623893.0 1647.8942 
2810000 11313 283.787 275681.0 30.283 3.3481 3771 4642447.0 1546.6145 
2820000 11348 288.633 276839.0 32.43 3.3992 3782 4662212.0 1689.4559 
2830000 11386 276.593 278028.0 32.013 3.2498 3795 4683374.0 1702.1433 
2840000 11423 275.939 279179.0 31.806 3.24 3807 4708717.0 1934.5921 
2850000 11457 282.555 280329.0 32.42 3.3261 3819 4727123.0 1733.3168 
2860000 11493 279.716 281437.0 31.568 3.2875 3831 4745067.0 1635.0749 
2870000 11526 288.721 282644.0 33.575 3.3855 3842 4766104.0 1779.5828 
2880000 11562 276.483 283734.0 30.813 3.2475 3854 4785298.0 1577.0144 
2890000 11599 275.466 284874.0 31.556 3.2398 3866 4804111.0 1591.6108 
2900000 11636 276.044 286028.0 31.982 3.2399 3878 4823324.0 1611.2179 
2910000 11672 276.259 287147.0 31.385 3.2449 3890 4841838.0 1614.7644 
2920000 11707 283.038 288384.0 33.716 3.3333 3902 4863663.0 1802.9757 
2930000 11745 272.446 289596.0 32.717 3.2076 3915 4887385.0 1921.2979 
2940000 11780 271.655 290764.0 32.116 3.1884 3926 4906490.0 1636.7474 
2950000 11817 273.324 292001.0 32.459 3.2016 3939 4929933.0 1799.5111 
2960000 11850 282.668 293146.0 32.439 3.2985 3950 4952830.0 1907.458 
2970000 11888 279.331 294321.0 33.045 3.2745 3962 4972202.0 1807.0037 
2980000 11922 286.039 295494.0 33.744 3.35 3974 4993778.0 1849.6899 
2990000 11960 272.079 296628.0 31.185 3.1934 3986 5012450.0 1531.9315 
3000000 11994 282.428 297720.0 31.678 3.328 3998 5031106.0 1589.6824 
3010000 12027 282.599 298818.0 30.415 3.3339 4009 5050353.0 1549.4729 
3020000 12064 284.143 299996.0 32.889 3.3364 4021 5072836.0 1789.3617 
3030000 12102 268.248 301201.0 31.515 3.1542 4034 5093388.0 1669.9426 
3040000 12141 258.152 302387.0 30.046 3.0246 4047 5114769.0 1517.1174 
3050000 12175 279.809 303507.0 32.031 3.2659 4058 5135575.0 1819.5546 
3060000 12207 292.039 304691.0 33.501 3.4204 4069 5155923.0 1839.5515 
3070000 12241 298.817 305851.0 34.951 3.4927 4080 5178299.0 1881.3808 
3080000 12277 287.549 306944.0 32.688 3.3711 4092 5196003.0 1698.541 
3090000 12314 274.877 308077.0 31.21 3.2275 4104 5215576.0 1607.3534 
3100000 12345 299.228 309179.0 33.018 3.5198 4115 5235455.0 1847.2583 
3110000 12381 289.071 310227.0 31.122 3.3944 4127 5253039.0 1600.6556 
3120000 12417 281.284 311330.0 30.118 3.3171 4139 5272463.0 1568.3287 
3130000 12451 292.483 312499.0 33.331 3.4391 4150 5294059.0 1825.052 
3140000 12486 293.226 313483.0 31.06 3.4509 4162 5311534.0 1749.7089 
3150000 12522 277.194 314774.0 31.895 3.2599 4174 5335928.0 1849.6401 
3160000 12558 281.577 315883.0 32.095 3.3119 4186 5354762.0 1707.5949 
3170000 12591 288.807 316915.0 31.187 3.3962 4197 5371959.0 1602.195 
3180000 12627 282.846 318006.0 30.738 3.3173 4209 5390683.0 1556.7046 
3190000 12661 292.093 319121.0 32.47 3.4331 4220 5411709.0 1798.0829 
3200000 12695 294.937 320246.0 33.128 3.4695 4231 5432545.0 1832.3488 
3210000 12732 278.847 321487.0 32.692 3.2781 4244 5455998.0 1884.0151 
3220000 12768 279.346 322699.0 33.434 3.2824 4256 5476532.0 1785.8458 
3230000 12802 287.545 323814.0 33.275 3.3757 4267 5496898.0 1794.7264 
3240000 12837 287.147 324960.0 33.05 3.3816 4279 5517823.0 1833.074 
3250000 12870 293.562 326101.0 33.648 3.4436 4290 5540670.0 1987.6449 
3260000 12904 297.826 327283.0 34.925 3.4949 4301 5563036.0 1911.5503 
3270000 12940 286.525 328423.0 33.35 3.372 4313 5584400.0 1788.5548 
3280000 12973 293.205 329559.0 33.685 3.4519 4324 5604747.0 1869.2217 
3290000 13008 292.49 330683.0 33.049 3.443 4336 5623432.0 1708.8859 
3300000 13043 289.021 331822.0 33.074 3.3828 4347 5647187.0 2039.158 
3310000 13077 288.177 332992.0 32.756 3.3804 4359 5668793.0 1873.7617 
3320000 13111 296.143 334089.0 33.576 3.4774 4370 5686709.0 1632.3585 
3330000 13146 285.934 335213.0 31.471 3.3599 4382 5709724.0 1764.5558 
3340000 13184 277.791 336396.0 32.342 3.2719 4394 5730126.0 1773.5631 
3350000 13218 281.793 337591.0 32.707 3.322 4406 5756052.0 1956.3886 
3360000 13252 288.058 338731.0 33.916 3.3965 4417 5778108.0 1977.5057 
3370000 13284 293.644 339890.0 33.922 3.4583 4428 5800406.0 2024.0415 
3380000 13323 279.149 340985.0 31.712 3.2906 4441 5819777.0 1726.6293 
3390000 13357 288.073 342165.0 33.313 3.393 4452 5841243.0 1812.6733 
3400000 13389 298.707 343268.0 33.444 3.5165 4463 5861771.0 1866.0772 
3410000 13422 301.35 344379.0 33.675 3.5532 4474 5879218.0 1677.1205 
3420000 13456 296.892 345567.0 34.383 3.4856 4485 5900264.0 1804.3047 
3430000 13493 278.365 346698.0 31.708 3.2735 4497 5921097.0 1684.9038 
3440000 13527 287.604 347818.0 32.572 3.3828 4509 5940613.0 1748.2034 
3450000 13560 293.769 349032.0 33.912 3.444 4520 5961270.0 1819.4846 
3460000 13594 291.138 350200.0 33.749 3.4114 4531 5982696.0 1858.0965 
3470000 13627 302.867 351335.0 34.636 3.5491 4542 6003453.0 1990.8289 
3480000 13660 298.955 352465.0 33.701 3.5114 4553 6023320.0 1748.3866 
3490000 13695 292.719 353675.0 34.416 3.4376 4565 6044375.0 1797.3964 
3500000 13728 292.882 354920.0 35.137 3.4368 4576 6070992.0 2097.0484 
3510000 13766 278.312 356057.0 32.916 3.2566 4588 6091204.0 1676.8712 
3520000 13801 280.636 357237.0 32.81 3.2891 4600 6113359.0 1884.6286 
3530000 13836 280.671 358428.0 33.307 3.2921 4612 6136464.0 1879.3385 
3540000 13871 279.127 359577.0 32.634 3.2596 4623 6158389.0 1955.524 
3550000 13905 286.049 360736.0 33.304 3.349 4635 6178495.0 1798.9874 
3560000 13940 284.562 361894.0 33.167 3.3289 4646 6199820.0 1773.2249 
3570000 13977 271.917 363082.0 31.789 3.1954 4659 6221273.0 1703.0287 
3580000 14011 285.09 364229.0 33.106 3.348 4670 6242679.0 1852.3789 
3590000 14046 284.534 365428.0 33.27 3.3418 4682 6264704.0 1828.0556 
3600000 14082 276.669 366653.0 32.713 3.2501 4694 6287778.0 1788.4678 
3610000 14119 274.866 367885.0 32.998 3.2288 4706 6314881.0 2117.8303 
3620000 14154 274.622 369100.0 32.601 3.2331 4718 6336776.0 1819.5332 
3630000 14189 282.817 370271.0 33.701 3.3238 4729 6359311.0 1966.1604 
3640000 14226 276.515 371476.0 32.959 3.2554 4742 6382924.0 1954.8705 
3650000 14259 282.615 372655.0 32.834 3.3356 4753 6407491.0 2045.2336 
3660000 14292 289.668 373812.0 33.581 3.4123 4764 6430478.0 2051.1494 
3670000 14326 300.138 374908.0 34.088 3.5309 4775 6453654.0 2144.086 
3680000 14361 292.607 376048.0 33.316 3.4498 4787 6476159.0 2022.9196 
3690000 14398 275.672 377180.0 31.187 3.2531 4799 6500482.0 1877.2099 
3700000 14432 287.458 378254.0 31.861 3.3767 4810 6523268.0 1909.7537 
3710000 14468 282.193 379478.0 32.619 3.3228 4822 6550702.0 2180.4459 
3720000 14504 280.879 380633.0 32.544 3.2903 4834 6574816.0 2029.607 
3730000 14540 279.213 381809.0 32.454 3.2664 4846 6597430.0 1871.418 
3740000 14576 272.524 382910.0 30.882 3.2007 4858 6618224.0 1772.0426 
3750000 14614 272.892 384030.0 30.994 3.2063 4871 6638966.0 1592.6693 
3760000 14650 275.891 385161.0 31.399 3.2402 4883 6662340.0 1803.3768 
3770000 14686 278.241 386304.0 32.113 3.2666 4895 6685004.0 1875.357 
3780000 14723 275.189 387514.0 32.281 3.2436 4907 6708027.0 1980.5057 
3790000 14756 286.631 388667.0 33.213 3.3628 4918 6728974.0 1855.3145 
3800000 14790 289.768 389751.0 32.659 3.3991 4930 6748340.0 1796.5803 
3810000 14827 279.026 390930.0 32.447 3.2743 4942 6771763.0 1732.478 
3820000 14863 278.34 392140.0 33.191 3.269 4954 6793387.0 1796.3625 
3830000 14901 268.709 393330.0 31.999 3.1576 4967 6816889.0 2009.3867 
3840000 14937 271.012 394533.0 32.025 3.1822 4979 6839623.0 1890.9044 
3850000 14976 263.101 395649.0 30.313 3.0942 4992 6859094.0 1652.2239 
3860000 15012 268.261 396793.0 30.532 3.1606 5004 6882798.0 1862.5195 
3870000 15048 274.752 397954.0 31.658 3.2383 5016 6904552.0 1910.0652 
3880000 15083 278.906 399020.0 30.958 3.2746 5027 6924297.0 1769.7606 
3890000 15119 274.832 400134.0 30.851 3.2381 5039 6944131.0 1763.1268 
3900000 15154 280.349 401241.0 31.091 3.3124 5051 6965886.0 1866.7396 
3910000 15186 292.273 402425.0 33.014 3.4384 5062 6989034.0 1956.8871 
3920000 15221 291.849 403494.0 32.332 3.4407 5073 7007219.0 1729.2288 
3930000 15258 275.066 404647.0 30.977 3.2404 5086 7025982.0 1539.4786 
3940000 15292 288.043 405835.0 33.901 3.3836 5097 7047248.0 1769.3915 
3950000 15327 281.991 407030.0 33.238 3.3148 5109 7069703.0 1890.9183 
3960000 15360 290.723 408237.0 34.639 3.4187 5120 7093550.0 2088.6823 
3970000 15394 295.19 409387.0 34.955 3.4734 5131 7114826.0 2005.9859 
3980000 15430 285.248 410580.0 34.076 3.3549 5143 7136440.0 1878.6988 
3990000 15465 285.87 411816.0 34.493 3.3662 5155 7158755.0 1913.2579 
4000000 15501 278.912 412889.0 31.315 3.2768 5167 7176799.0 1568.3213 
4010000 15534 289.649 414005.0 32.332 3.3982 5178 7198966.0 1812.62 
4020000 15570 285.17 415050.0 31.001 3.3286 5190 7218950.0 1763.8659 
4030000 15605 285.37 416205.0 31.783 3.3316 5201 7239925.0 1663.0945 
4040000 15643 274.288 417332.0 30.548 3.1971 5214 7260617.0 1701.1454 
4050000 15677 284.119 418439.0 31.801 3.3319 5225 7283833.0 1912.1122 
4060000 15711 284.681 419470.0 30.419 3.3422 5237 7302299.0 1703.3787 
4070000 15745 289.506 420557.0 31.391 3.3979 5248 7324675.0 1900.9339 
4080000 15779 297.264 421646.0 32.479 3.4921 5259 7345781.0 2035.0478 
4090000 15813 293.491 422820.0 32.693 3.4376 5271 7367977.0 1908.1964 
4100000 15850 284.769 423934.0 32.104 3.3328 5283 7388360.0 1685.1539 
4110000 15888 269.311 425098.0 30.547 3.154 5296 7408502.0 1598.7843 
4120000 15927 263.96 426269.0 30.243 3.0994 5309 7431013.0 1751.5611 
4130000 15963 268.93 427392.0 30.287 3.1564 5321 7451247.0 1680.761 
4140000 16001 271.034 428462.0 29.885 3.1875 5333 7469819.0 1550.7903 
4150000 16036 278.502 429554.0 30.692 3.2685 5345 7486994.0 1447.8169 
4160000 16072 282.548 430664.0 31.505 3.3242 5357 7505578.0 1523.8946 
4170000 16107 280.633 431788.0 31.435 3.29 5369 7524383.0 1611.9284 
4180000 16141 288.948 432877.0 32.337 3.3878 5380 7546089.0 1754.6354 
4190000 16176 286.681 434058.0 32.858 3.3655 5392 7566324.0 1786.7826 
4200000 16213 278.865 435218.0 32.034 3.2718 5404 7586377.0 1680.8982 
4210000 16251 270.327 436437.0 31.871 3.173 5417 7608499.0 1762.9802 
4220000 16282 293.229 437436.0 32.133 3.4434 5427 7626388.0 1761.248 
4230000 16317 291.042 438568.0 32.443 3.4061 5439 7646413.0 1774.1094 
4240000 16350 293.633 439632.0 31.608 3.4496 5450 7666940.0 1814.5642 
4250000 16387 282.378 440762.0 31.087 3.3075 5462 7690873.0 1989.6095 
4260000 16424 280.045 441865.0 30.927 3.2868 5474 7710596.0 1777.6804 
4270000 16460 279.582 443002.0 31.438 3.2825 5486 7731080.0 1757.5587 
4280000 16494 284.847 444102.0 31.427 3.3388 5498 7749596.0 1687.0381 
4290000 16530 281.012 445262.0 31.627 3.316 5510 7772130.0 1786.4892 
4300000 16566 280.584 446294.0 30.426 3.3153 5522 7792714.0 1753.4439 
4310000 16603 274.787 447480.0 31.095 3.2424 5534 7813787.0 1751.4008 
4320000 16638 277.847 448601.0 31.027 3.2779 5546 7833182.0 1633.9949 
4330000 16674 281.04 449734.0 31.89 3.3114 5558 7852926.0 1707.5421 
4340000 16710 275.248 450858.0 31.174 3.2314 5570 7871410.0 1559.6309 
4350000 16746 275.137 452013.0 30.977 3.2309 5582 7891444.0 1608.1039 
4360000 16783 277.897 453177.0 32.11 3.2687 5594 7910807.0 1669.3137 
4370000 16816 289.626 454330.0 33.689 3.409 5605 7930734.0 1696.6698 
4380000 16852 283.522 455424.0 32.182 3.3482 5617 7951688.0 1771.5234 
4390000 16887 283.915 456608.0 33.004 3.3255 5629 7975383.0 1989.4467 
4400000 16926 267.923 457756.0 30.75 3.1385 5642 7996384.0 1703.4359 
4410000 16959 281.653 458848.0 30.997 3.2975 5653 8014221.0 1571.2593 
4420000 16996 283.311 459907.0 30.567 3.3167 5665 8035634.0 1894.1235 
4430000 17030 290.758 461003.0 31.419 3.4024 5676 8056490.0 1824.6205 
4440000 17062 300.941 462143.0 33.101 3.5495 5687 8079608.0 2033.2132 
4450000 17097 288.364 463286.0 32.131 3.394 5699 8098353.0 1717.7222 
4460000 17133 284.771 464452.0 32.625 3.3557 5711 8121327.0 1843.1348 
4470000 17169 282.366 465589.0 31.986 3.335 5723 8141401.0 1703.2606 
4480000 17205 275.265 466626.0 29.517 3.2409 5735 8160385.0 1549.6931 
4490000 17241 276.475 467728.0 29.756 3.2685 5747 8181699.0 1750.1709 
4500000 17280 266.908 468943.0 31.033 3.1467 5760 8203890.0 1752.3721 
4510000 17316 272.485 470131.0 31.869 3.2272 5772 8226504.0 1857.69 
4520000 17351 276.946 471164.0 30.812 3.2638 5783 8242329.0 1524.7735 
4530000 17388 275.346 472392.0 32.208 3.2455 5796 8264912.0 1804.9852 
4540000 17421 286.765 473505.0 32.597 3.382 5807 8286979.0 1899.1194 
4550000 17454 293.337 474766.0 34.76 3.4559 5818 8310806.0 2062.9029 
4560000 17487 292.44 475846.0 32.584 3.4326 5829 8330693.0 1738.4117 
4570000 17519 306.504 476927.0 34.251 3.6039 5839 8348691.0 1829.2025 
4580000 17553 290.931 478129.0 33.533 3.4044 5851 8369287.0 1741.9061 
4590000 17588 291.676 479138.0 31.742 3.4179 5862 8386302.0 1645.9838 
4600000 17625 279.697 480196.0 30.141 3.2861 5875 8403445.0 1476.2822 
4610000 17658 287.051 481332.0 31.537 3.378 5886 8422602.0 1614.0981 
4620000 17691 289.813 482570.0 33.643 3.4052 5897 8445619.0 1820.8138 
4630000 17728 285.353 483830.0 34.623 3.3673 5909 8466342.0 1809.3503 
4640000 17765 277.901 485035.0 33.496 3.2675 5921 8487285.0 1653.4995 
4650000 17800 279.42 486247.0 33.611 3.2947 5933 8510110.0 1777.6203 
4660000 17838 268.769 487452.0 31.795 3.1615 5946 8528882.0 1547.7283 
4670000 17874 273.254 488622.0 32.297 3.2162 5958 8548076.0 1574.7421 
4680000 17910 279.395 489653.0 31.147 3.2922 5970 8564010.0 1520.3253 
4690000 17942 293.273 490758.0 32.478 3.4648 5980 8585368.0 1865.4751 
4700000 17980 276.983 491974.0 32.423 3.2796 5993 8606800.0 1626.9256 
4710000 18015 279.19 493158.0 32.569 3.2995 6005 8626045.0 1718.9281 
4720000 18051 278.802 494312.0 32.7 3.2818 6017 8645959.0 1667.0958 
4730000 18087 276.643 495509.0 32.723 3.2415 6029 8667973.0 1792.3256 
4740000 18122 279.183 496650.0 32.421 3.2816 6040 8688468.0 1815.6599 
4750000 18159 272.606 497747.0 30.965 3.202 6053 8706541.0 1557.159 
4760000 18194 276.802 498842.0 30.905 3.2541 6064 8727566.0 1693.904 
4770000 18231 273.348 499982.0 30.807 3.2029 6077 8751989.0 1909.32 
4780000 18264 282.977 501167.0 32.075 3.3055 6088 8773926.0 1888.7444 
4790000 18297 286.119 502299.0 32.481 3.3597 6099 8791473.0 1650.3802 
4800000 18335 281.596 503420.0 32.377 3.3038 6111 8810675.0 1617.8326 
4810000 18369 288.596 504723.0 34.962 3.3828 6123 8835831.0 2055.2507 
4820000 18405 283.574 505956.0 34.88 3.328 6135 8858775.0 1994.4868 
4830000 18438 285.95 507146.0 34.325 3.3579 6146 8880442.0 1853.8103 
4840000 18476 272.918 508383.0 33.655 3.1962 6158 8902244.0 1757.2112 
4850000 18510 281.626 509571.0 33.651 3.303 6170 8922310.0 1732.3767 
4860000 18543 288.516 510828.0 35.115 3.3872 6181 8944797.0 1901.201 
4870000 18578 294.588 512051.0 36.233 3.4598 6192 8966792.0 1846.2154 
4880000 18613 285.653 513270.0 35.022 3.3678 6204 8989377.0 1890.3488 
4890000 18650 282.107 514435.0 33.471 3.3197 6216 9011060.0 1759.4216 
4900000 18687 274.564 515643.0 33.273 3.2354 6229 9033863.0 1914.2915 
4910000 18720 284.685 516824.0 33.939 3.3494 6240 9056590.0 1995.6736 
4920000 18754 288.99 517997.0 33.839 3.3982 6251 9078506.0 1773.2475 
4930000 18789 285.031 519132.0 32.826 3.3505 6263 9099911.0 1921.0574 
4940000 18825 281.77 520321.0 32.942 3.3105 6275 9119635.0 1756.2706 
4950000 18859 285.279 521477.0 33.06 3.3552 6286 9141671.0 1824.6206 
4960000 18897 276.013 522647.0 32.283 3.2508 6299 9160653.0 1660.1478 
4970000 18930 288.706 523741.0 32.391 3.4049 6310 9178880.0 1669.8046 
4980000 18966 282.165 525030.0 33.639 3.3076 6322 9201664.0 1790.046 
4990000 19002 278.122 526259.0 33.504 3.2711 6334 9225168.0 1909.6529 
5000000 19037 284.703 527440.0 34.0 3.3511 6345 9247313.0 1782.7308 
5010000 19071 287.325 528480.0 31.467 3.3654 6357 9264869.0 1579.352 
5020000 19104 292.913 529756.0 34.098 3.4364 6368 9289106.0 1942.4422 
5030000 19140 287.099 530853.0 32.914 3.3648 6380 9309140.0 1855.1159 
5040000 19173 295.175 531976.0 33.323 3.4699 6391 9332457.0 1990.4145 
5050000 19208 291.738 533053.0 32.264 3.4344 6402 9353812.0 1874.5355 
5060000 19242 293.028 534295.0 34.231 3.444 6414 9375808.0 1921.654 
5070000 19274 302.101 535410.0 34.699 3.5545 6424 9397226.0 1977.6662 
5080000 19308 296.758 536592.0 34.173 3.4986 6436 9418622.0 1922.7888 
5090000 19342 294.5 537787.0 35.098 3.4584 6447 9441848.0 1901.7985 
5100000 19374 300.06 538975.0 34.841 3.5265 6458 9463236.0 1978.3075 
5110000 19407 305.183 540158.0 35.45 3.5777 6469 9483713.0 1930.3361 
5120000 19445 286.214 541397.0 34.819 3.3573 6481 9503235.0 1737.4527 
5130000 19477 300.382 542557.0 35.785 3.5344 6492 9525313.0 1914.2775 
5140000 19510 302.718 543731.0 35.59 3.5545 6503 9545720.0 1905.5794 
5150000 19543 302.128 544906.0 35.777 3.534 6514 9567327.0 1885.0129 
5160000 19580 285.046 546075.0 33.643 3.3479 6526 9592170.0 2030.1967 
5170000 19618 275.274 547201.0 31.515 3.2394 6539 9610892.0 1613.6383 
5180000 19656 268.157 548366.0 30.784 3.1419 6552 9632814.0 1682.0546 
5190000 19691 276.189 549516.0 31.754 3.239 6563 9656349.0 1904.2594 
5200000 19725 277.581 550616.0 31.313 3.2516 6575 9675285.0 1761.8922 
5210000 19761 277.331 551750.0 30.752 3.2559 6587 9696479.0 1780.0983 
5220000 19797 276.2 552896.0 30.983 3.25 6599 9717063.0 1695.022 
5230000 19833 280.22 554021.0 31.528 3.317 6611 9736857.0 1678.6186 
5240000 19867 287.214 555149.0 32.365 3.3885 6622 9758313.0 1740.7049 
5250000 19903 284.156 556274.0 32.094 3.3419 6634 9781177.0 1895.2129 
5260000 19941 269.423 557380.0 29.935 3.1756 6647 9802209.0 1716.4341 
5270000 19977 271.255 558586.0 31.471 3.1832 6659 9823413.0 1748.9455 
5280000 20009 290.211 559669.0 32.56 3.4121 6669 9844851.0 1798.131 
5290000 20043 296.1 560820.0 33.534 3.474 6681 9869237.0 2134.2417 
5300000 20075 301.671 561967.0 34.353 3.5343 6691 9890315.0 2010.3374 
5310000 20111 292.553 563070.0 32.6 3.4308 6703 9909109.0 1692.5659 
5320000 20146 289.362 564279.0 33.933 3.3893 6715 9932384.0 1806.3865 
5330000 20184 274.472 565401.0 31.635 3.2254 6728 9953256.0 1793.9388 
5340000 20218 284.048 566573.0 32.944 3.3331 6739 9973912.0 1795.6188 
5350000 20251 291.747 567723.0 34.194 3.4289 6750 9993779.0 1814.7741 
5360000 20289 273.944 568862.0 31.31 3.215 6763 10017041.0 1825.3506 
5370000 20322 284.862 570025.0 32.926 3.3409 6774 10041388.0 2136.8165 
5380000 20355 294.611 571069.0 32.471 3.4604 6785 10059675.0 1846.2531 
5390000 20391 281.007 572188.0 30.634 3.2892 6797 10081519.0 1739.9249 
5400000 20425 292.98 573264.0 32.311 3.4259 6808 10101845.0 1787.2254 
5410000 20461 289.608 574477.0 33.819 3.4033 6820 10126269.0 1976.4296 
5420000 20496 288.073 575599.0 32.406 3.3838 6832 10147464.0 1883.7843 
5430000 20529 289.646 576830.0 33.521 3.3963 6843 10173481.0 2125.4571 
5440000 20563 297.478 577925.0 34.112 3.4832 6854 10193667.0 1913.8293 
5450000 20598 286.586 579092.0 32.78 3.3717 6866 10215602.0 1823.3961 
5460000 20631 295.667 580181.0 33.74 3.481 6877 10235569.0 1953.5068 
5470000 20667 287.276 581409.0 34.207 3.3778 6889 10258153.0 1919.3002 
5480000 20703 278.746 582699.0 34.006 3.2823 6901 10281377.0 1892.5744 
5490000 20737 288.782 583848.0 34.477 3.3858 6912 10304063.0 1973.8063 
5500000 20771 293.922 584865.0 32.369 3.4449 6923 10322209.0 1635.2479 
5510000 20807 286.409 586093.0 33.73 3.3588 6935 10345243.0 1879.384 
5520000 20844 270.227 587337.0 32.162 3.1797 6948 10370096.0 1894.0622 
5530000 20878 286.226 588462.0 33.901 3.3612 6959 10389292.0 1730.2174 
5540000 20914 280.929 589614.0 32.713 3.3089 6971 10410996.0 1797.649 
5550000 20951 274.938 590815.0 32.88 3.2435 6983 10433369.0 1783.3364 
5560000 20983 295.006 591948.0 34.476 3.4822 6994 10453527.0 1874.4929 
5570000 21016 298.573 593077.0 34.339 3.513 7005 10472504.0 1772.1309 
5580000 21051 288.623 594183.0 32.276 3.3849 7017 10493609.0 1696.4055 
5590000 21087 285.172 595320.0 32.226 3.3462 7029 10514243.0 1735.5209 
5600000 21121 288.052 596431.0 32.337 3.3859 7040 10534649.0 1657.3035 
5610000 21157 286.699 597562.0 32.348 3.3742 7052 10556163.0 1676.4732 
5620000 21189 290.586 598652.0 31.68 3.4255 7063 10575141.0 1669.7351 
5630000 21226 284.204 599713.0 30.786 3.3513 7075 10594984.0 1602.7787 
5640000 21260 289.527 600740.0 31.03 3.4098 7086 10612690.0 1618.8941 
5650000 21295 286.077 601867.0 31.58 3.3646 7098 10631205.0 1620.733 
5660000 21330 285.543 603026.0 32.437 3.3422 7110 10653630.0 1906.6072 
5670000 21363 290.701 604217.0 33.166 3.4015 7121 10678227.0 2126.4358 
5680000 21399 285.165 605342.0 32.559 3.3339 7133 10698541.0 1843.7575 
5690000 21439 267.064 606494.0 30.913 3.1171 7146 10720571.0 1632.8738 
5700000 21471 281.734 607536.0 30.184 3.2977 7157 10740689.0 1684.5096 
5710000 21505 290.605 608666.0 32.806 3.4082 7168 10762165.0 1829.6305 
5720000 21541 283.61 609877.0 33.505 3.3335 7180 10785629.0 1985.1546 
5730000 21579 274.495 610926.0 30.377 3.2225 7193 10805631.0 1712.7992 
5740000 21614 279.509 612071.0 31.664 3.2811 7204 10828276.0 1898.9048 
5750000 21650 277.992 613280.0 32.903 3.2585 7216 10852120.0 1959.603 
5760000 21687 268.007 614485.0 31.538 3.1571 7229 10875713.0 1855.9456 
5770000 21723 277.019 615578.0 31.547 3.2657 7241 10896007.0 1845.6681 
5780000 21759 279.886 616829.0 33.301 3.305 7253 10919541.0 1964.3433 
5790000 21794 285.62 617967.0 32.985 3.363 7264 10938676.0 1749.5376 
5800000 21829 284.782 619231.0 34.744 3.3425 7276 10962551.0 1872.2617 
5810000 21863 288.684 620380.0 34.45 3.3938 7287 10982907.0 1879.4626 
5820000 21898 285.963 621578.0 34.006 3.3579 7299 11004522.0 1888.5826 
5830000 21936 274.809 622822.0 33.172 3.2384 7312 11028584.0 1956.0453 
5840000 21971 281.757 624071.0 34.932 3.3183 7323 11051969.0 1996.5619 
5850000 22008 276.723 625323.0 34.354 3.2663 7336 11073752.0 1883.9743 
5860000 22044 272.762 626573.0 33.633 3.2044 7348 11097776.0 1907.681 
5870000 22080 278.047 627806.0 34.08 3.2694 7360 11121880.0 2031.2624 
5880000 22118 271.78 629084.0 34.007 3.1796 7372 11146392.0 1902.8279 
5890000 22150 294.847 630244.0 35.333 3.4586 7383 11168130.0 1934.6252 
5900000 22186 282.074 631415.0 33.246 3.3109 7395 11189714.0 1860.3083 
5910000 22221 283.364 632564.0 33.245 3.3325 7407 11209589.0 1779.4194 
5920000 22251 298.991 633678.0 33.468 3.5087 7417 11232009.0 1929.3027 
5930000 22287 292.625 634774.0 32.534 3.4554 7429 11254643.0 2037.9043 
5940000 22320 292.052 635913.0 32.69 3.455 7440 11275840.0 1889.0984 
5950000 22356 283.543 637125.0 32.459 3.3493 7452 11298804.0 1837.4121 
5960000 22390 293.321 638222.0 32.909 3.4628 7463 11319110.0 1849.8783 
5970000 22422 297.922 639390.0 33.889 3.4485 7474 11340968.0 1995.3374 
5980000 22456 299.004 640478.0 33.79 3.4272 7485 11360074.0 1855.9869 
5990000 22491 286.6 641723.0 33.874 3.2578 7497 11383169.0 1926.5358 
6000000 22524 293.331 642941.0 35.441 3.3215 7508 11405806.0 2019.0646 
6010000 22557 298.434 644119.0 35.616 3.3855 7519 11425953.0 1885.8766 
6020000 22591 296.093 645408.0 36.708 3.3581 7530 11448889.0 1981.6747 
6030000 22626 288.719 646559.0 34.828 3.2752 7542 11469004.0 1878.677 
6040000 22659 292.233 647726.0 34.52 3.3338 7553 11493351.0 2102.4095 
6050000 22693 294.096 648890.0 34.639 3.3557 7564 11516857.0 2089.1479 
6060000 22729 287.051 650162.0 35.362 3.2468 7576 11539421.0 1882.3258 
6070000 22764 283.553 651333.0 34.222 3.2073 7588 11562366.0 2042.861 
6080000 22798 288.601 652449.0 33.837 3.2679 7599 11584582.0 1908.1559 
6090000 22834 284.509 653644.0 33.869 3.2211 7611 11607296.0 1970.4066 
6100000 22870 283.243 654837.0 33.832 3.1998 7623 11632330.0 2062.6796 
6110000 22908 270.827 656028.0 32.44 3.06 7636 11653792.0 1858.5976 
6120000 22944 273.565 657214.0 32.552 3.0936 7648 11676316.0 1930.5576 
6130000 22977 281.087 658286.0 31.934 3.1829 7659 11695913.0 1767.1283 
6140000 23009 296.972 659402.0 33.71 3.3734 7669 11716261.0 1904.128 
6150000 23045 290.489 660534.0 32.784 3.2904 7681 11737675.0 1767.9557 
6160000 23079 287.796 661662.0 32.046 3.2504 7693 11759501.0 1815.7717 
6170000 23115 281.878 662806.0 31.748 3.1863 7705 11780115.0 1752.0601 
6180000 23148 286.96 663892.0 31.255 3.2491 7716 11800742.0 1752.0747 
6190000 23188 270.56 665058.0 31.184 3.0661 7729 11822252.0 1701.7366 
6200000 23225 268.838 666251.0 31.542 3.0348 7741 11845215.0 1795.467 
6210000 23262 263.175 667425.0 30.324 2.9846 7754 11869158.0 1823.5693 
6220000 23302 262.419 668624.0 31.358 2.9811 7767 11892538.0 1731.1427 
6230000 23340 262.029 669745.0 30.404 2.9622 7780 11913640.0 1800.2539 
6240000 23376 267.635 670885.0 30.855 3.0325 7792 11935714.0 1842.9631 
6250000 23407 292.755 671962.0 32.713 3.3162 7802 11955083.0 1783.7294 
6260000 23442 288.932 673063.0 31.788 3.197 7814 11974728.0 1742.539 
6270000 23479 285.172 674236.0 32.334 3.0868 7826 11996411.0 1851.7431 
6280000 23514 285.693 675399.0 32.921 3.0513 7838 12017486.0 1913.2419 
6290000 23550 281.058 676558.0 32.574 2.989 7850 12036330.0 1691.9154 
6300000 23586 276.731 677756.0 32.294 2.9316 7862 12058094.0 1790.35 
6310000 23620 290.69 678913.0 33.857 3.0779 7873 12078090.0 1751.4031 
6320000 23654 291.065 680066.0 33.879 3.0805 7884 12099616.0 1903.1881 
6330000 23688 292.91 681200.0 33.13 3.0968 7896 12120192.0 1855.9518 
6340000 23721 301.335 682299.0 33.842 3.1829 7907 12140779.0 1997.9062 
6350000 23754 300.083 683445.0 33.66 3.1649 7918 12161516.0 1900.0282 
6360000 23785 311.566 684466.0 33.462 3.2764 7928 12181425.0 1881.5509 
6370000 23823 286.698 685529.0 30.61 3.021 7941 12199757.0 1579.6915 
6380000 23859 280.799 686714.0 31.303 2.9602 7953 12221471.0 1759.0223 
6390000 23898 266.081 687939.0 31.22 2.8075 7966 12241312.0 1559.5612 
6400000 23929 287.923 689082.0 33.227 3.0377 7976 12264721.0 1923.9155 
6410000 23965 282.146 690274.0 32.795 2.9759 7988 12285935.0 1800.3884 
6420000 24000 287.87 691480.0 34.123 3.0334 8000 12307490.0 1901.6011 
6430000 24032 296.069 692564.0 33.807 3.1206 8010 12326008.0 1752.2952 
6440000 24066 294.663 693644.0 32.725 3.1071 8022 12344904.0 1713.4397 
6450000 24099 297.879 694801.0 33.683 3.1345 8033 12365261.0 1792.5329 
6460000 24137 280.982 695903.0 31.461 2.9555 8045 12384693.0 1540.0175 
6470000 24171 282.029 697082.0 32.155 2.9697 8057 12405089.0 1657.6247 
6480000 24206 285.695 698274.0 33.521 3.0176 8068 12426374.0 1816.1434 
6490000 24240 286.659 699452.0 33.205 3.0437 8080 12448630.0 1880.0546 
6500000 24273 293.073 700635.0 34.041 3.0952 8091 12469957.0 1892.0425 
6510000 24308 294.997 701651.0 32.817 3.1145 8102 12487752.0 1648.5033 
6520000 24342 293.178 702714.0 32.083 3.0911 8114 12508608.0 1854.7446 
6530000 24380 275.726 703910.0 31.688 2.9049 8126 12529680.0 1665.8832 
6540000 24415 283.845 705081.0 32.825 2.9921 8138 12549535.0 1633.1261 
6550000 24448 289.112 706191.0 32.597 3.0582 8149 12570122.0 1813.1732 
6560000 24483 286.234 707363.0 32.816 3.026 8161 12592847.0 1862.8538 
6570000 24519 280.265 708516.0 31.633 2.9554 8173 12615331.0 1717.1505 
6580000 24553 289.059 709602.0 32.697 3.04 8184 12633217.0 1768.477 
6590000 24587 294.214 710720.0 33.003 3.0829 8195 12653263.0 1770.3995 
6600000 24622 293.29 711799.0 32.246 3.0608 8207 12672998.0 1720.2187 
6610000 24657 285.479 712908.0 31.383 2.9795 8219 12692143.0 1674.6809 
6620000 24690 291.974 713988.0 31.496 2.8349 8230 12715310.0 1920.0388 
6630000 24726 284.487 715132.0 31.514 2.5508 8242 12735334.0 1710.9438 
6640000 24762 286.542 716295.0 32.813 2.463 8254 12755638.0 1845.3236 
6650000 24795 288.709 717395.0 32.433 2.438 8265 12778935.0 1934.4557 
6660000 24828 290.33 718538.0 32.848 2.4329 8276 12800562.0 1956.7077 
6670000 24866 282.237 719704.0 32.688 2.6112 8288 12820644.0 1769.2345 
6680000 24902 281.297 720818.0 32.036 2.8433 8300 12840598.0 1685.5795 
6690000 24938 276.564 721980.0 31.9 2.9232 8312 12862022.0 1663.4998 
6700000 24972 284.185 723207.0 33.27 3.0598 8324 12885738.0 1914.1121 
6710000 25005 291.872 724376.0 34.048 3.1673 8335 12907635.0 1989.2901 
6720000 25038 294.266 725584.0 34.355 3.2069 8346 12931072.0 2068.5249 
6730000 25075 286.117 726807.0 35.099 2.8695 8358 12955025.0 1978.5519 
6740000 25114 269.754 728042.0 33.397 2.4636 8371 12976416.0 1731.6282 
6750000 25149 274.355 729136.0 31.182 2.5478 8383 12995481.0 1605.7494 
6760000 25185 280.106 730323.0 32.771 2.8366 8395 13019825.0 1979.8341 
6770000 25218 292.372 731465.0 33.633 3.0812 8406 13042522.0 2081.0029 
6780000 25257 269.744 732611.0 31.112 2.6495 8419 13062523.0 1653.5751 
6790000 25293 272.535 733844.0 32.655 2.458 8431 13087007.0 1959.3241 
6800000 25326 281.946 734944.0 31.641 2.5157 8442 13105404.0 1701.8322 
6810000 25362 282.583 736110.0 32.963 2.8111 8454 13130418.0 2030.227 
6820000 25398 272.504 737314.0 31.554 2.8038 8466 13153542.0 1816.3274 
6830000 25436 274.9 738407.0 31.212 2.9167 8478 13173554.0 1726.1296 
6840000 25471 277.049 739614.0 32.308 2.9838 8490 13194789.0 1760.0262 
6850000 25509 268.789 740851.0 31.86 2.9236 8503 13219211.0 1869.5178 
6860000 25545 276.55 741941.0 31.875 3.013 8515 13241605.0 1994.7066 
6870000 25580 281.892 743090.0 32.446 3.0902 8526 13263130.0 1874.4105 
6880000 25616 279.607 744203.0 31.612 3.0621 8538 13285624.0 1874.8053 
6890000 25653 272.993 745391.0 31.492 2.983 8551 13309457.0 1996.9727 
6900000 25687 282.427 746529.0 32.335 3.0859 8562 13330643.0 1823.707 
6910000 25725 274.181 747634.0 31.183 3.0006 8575 13349845.0 1746.6906 
6920000 25758 283.521 748782.0 31.524 3.1064 8586 13371952.0 1834.9886 
6930000 25792 288.663 749934.0 33.299 3.1555 8597 13392648.0 1873.2456 
6940000 25829 278.73 751081.0 32.18 3.0426 8609 13415141.0 1890.6373 
6950000 25864 280.494 752185.0 31.309 3.0568 8621 13436136.0 1782.7699 
6960000 25901 278.078 753299.0 31.441 3.0357 8633 13457039.0 1772.8756 
6970000 25935 282.785 754488.0 32.453 3.088 8645 13479985.0 1937.6435 
6980000 25974 266.792 755661.0 31.03 2.9101 8658 13503576.0 1794.4381 
6990000 26006 290.524 756751.0 32.771 3.1702 8668 13522184.0 1731.8728 
7000000 26037 296.758 757833.0 32.589 3.2394 8679 13540573.0 1664.916 
7010000 26073 287.367 758995.0 32.903 3.1371 8691 13561907.0 1838.1821 
7020000 26108 286.797 760246.0 34.632 3.1223 8702 13584622.0 1898.9165 
7030000 26142 288.558 761390.0 33.616 3.1471 8714 13603118.0 1726.3707 
7040000 26177 290.097 762494.0 33.381 3.1649 8725 13623383.0 1703.0723 
7050000 26212 286.729 763650.0 33.022 3.1267 8737 13646348.0 1955.8078 
7060000 26246 294.624 764711.0 32.694 3.2201 8748 13664094.0 1667.2709 
7070000 26283 279.063 765846.0 30.959 3.0489 8761 13685017.0 1701.855 
7080000 26316 290.078 766973.0 32.472 3.172 8772 13704334.0 1795.7753 
7090000 26351 285.735 768100.0 32.244 3.1238 8783 13726099.0 1901.3133 
7100000 26388 275.959 769206.0 30.823 3.0207 8796 13746882.0 1715.9714 
7110000 26426 274.177 770342.0 31.056 2.996 8808 13768324.0 1633.6169 
7120000 26457 292.553 771490.0 32.546 3.1933 8819 13792673.0 2056.8369 
7130000 26496 275.846 772575.0 30.731 3.0149 8832 13813404.0 1826.8977 
7140000 26536 264.845 773734.0 30.117 2.8908 8845 13834314.0 1666.5392 
7150000 26569 279.206 774790.0 30.73 3.0373 8856 13852231.0 1620.9903 
7160000 26605 277.318 775841.0 29.682 3.0208 8868 13871405.0 1631.7536 
7170000 26641 279.624 776903.0 30.017 3.0424 8880 13889279.0 1573.9621 
7180000 26676 280.433 777951.0 29.6 3.0526 8892 13907474.0 1595.1561 
7190000 26712 279.272 779143.0 31.598 3.0453 8904 13930568.0 1862.2802 
7200000 26746 287.09 780314.0 32.749 3.1324 8915 13952574.0 1839.0241 
7210000 26784 273.778 781492.0 31.562 2.9842 8928 13972136.0 1628.4623 
7220000 26822 267.854 782525.0 29.387 2.9201 8940 13992168.0 1606.3405 
7230000 26857 274.944 783654.0 30.096 2.9908 8952 14009753.0 1516.1868 
7240000 26892 280.269 784713.0 30.173 3.0539 8964 14027678.0 1567.454 
7250000 26925 294.671 785687.0 30.434 3.2139 8975 14045215.0 1621.8758 
7260000 26958 297.925 786740.0 31.058 3.2512 8986 14064192.0 1708.9365 
7270000 26990 302.954 787720.0 31.159 3.311 8996 14081780.0 1715.8724 
7280000 27025 296.144 788780.0 30.703 3.2373 9008 14101625.0 1654.7904 
7290000 27060 287.179 789823.0 29.663 3.136 9020 14120820.0 1654.1104 
7300000 27096 280.652 790910.0 29.511 3.0649 9032 14140394.0 1614.5193 
7310000 27133 275.001 791972.0 29.352 2.9997 9044 14156877.0 1441.0425 
7320000 27166 288.62 792879.0 28.322 3.156 9055 14173594.0 1502.172 
7330000 27204 272.665 793943.0 27.741 2.9839 9068 14194756.0 1600.9027 
7340000 27242 269.146 794912.0 26.387 2.937 9080 14211708.0 1373.8672 
7350000 27279 270.232 795992.0 27.886 2.9495 9093 14230261.0 1475.5449 
7360000 27314 277.97 797070.0 29.389 3.0378 9104 14247236.0 1453.3084 
7370000 27349 278.84 798078.0 29.061 3.0441 9116 14263461.0 1414.0898 
7380000 27383 287.37 799172.0 30.677 3.1368 9127 14282327.0 1489.225 
7390000 27420 279.116 800198.0 29.008 3.0453 9140 14299600.0 1498.389 
7400000 27458 268.861 801340.0 29.695 2.9436 9152 14320292.0 1545.7296 
7410000 27496 266.229 802466.0 29.838 2.9084 9165 14338814.0 1497.4533 
7420000 27531 271.994 803546.0 29.547 2.972 9177 14357539.0 1532.8568 
7430000 27567 272.927 804670.0 30.07 2.9814 9189 14375723.0 1543.7183 
7440000 27603 279.64 805783.0 30.831 3.0553 9201 14396597.0 1708.0228 
7450000 27642 266.692 806846.0 29.117 2.9099 9214 14415508.0 1588.5391 
7460000 27681 260.882 807934.0 28.487 2.8487 9227 14435379.0 1584.7533 
7470000 27717 268.857 808988.0 28.773 2.9353 9239 14454983.0 1614.4873 
7480000 27750 272.985 810048.0 28.408 2.9816 9250 14475910.0 1620.9537 
7490000 27791 260.63 811020.0 26.449 2.8494 9263 14489879.0 1200.1112 
7500000 27829 264.528 812093.0 27.633 2.8886 9276 14511431.0 1601.9511 
7510000 27868 253.679 813165.0 27.256 2.7726 9289 14531512.0 1510.6682 
7520000 27905 262.948 814212.0 28.034 2.8704 9301 14549605.0 1574.7079 
7530000 27941 273.017 815286.0 28.775 2.9806 9313 14568299.0 1534.7213 
7540000 27977 275.335 816312.0 28.563 3.0075 9325 14584773.0 1396.8138 
7550000 28013 275.401 817437.0 29.62 3.0159 9337 14603107.0 1518.0022 
7560000 28049 277.668 818587.0 31.005 3.0303 9349 14626481.0 1715.7569 
7570000 28089 259.498 819744.0 28.972 2.8305 9363 14646871.0 1545.5644 
7580000 28124 272.741 820792.0 29.753 2.977 9374 14665686.0 1677.8002 
7590000 28161 259.558 821888.0 28.205 2.8315 9387 14686789.0 1538.8171 
7600000 28199 269.197 822957.0 29.352 2.9375 9399 14705681.0 1665.4942 
7610000 28236 267.206 824103.0 29.641 2.9239 9412 14725824.0 1631.301 
7620000 28275 263.77 825155.0 28.599 2.8851 9425 14743405.0 1479.1634 
7630000 28313 259.533 826278.0 28.578 2.8342 9437 14763897.0 1535.1166 
7640000 28350 260.898 827389.0 28.373 2.851 9450 14783630.0 1551.0688 
7650000 28387 275.237 828504.0 30.56 3.007 9462 14803403.0 1708.7955 
7660000 28424 271.702 829586.0 29.722 2.9611 9474 14822656.0 1587.4004 
7670000 28459 277.876 830712.0 30.489 3.0282 9486 14843371.0 1668.5684 
7680000 28493 284.943 831819.0 31.978 3.1059 9497 14865427.0 1819.0212 
7690000 28529 278.098 832973.0 31.299 3.0338 9509 14887671.0 1808.4752 
7700000 28567 267.058 834178.0 31.261 2.9105 9522 14909333.0 1718.6099 
7710000 28604 266.829 835292.0 30.369 2.6391 9534 14927866.0 1544.3168 
7720000 28641 269.565 836418.0 30.192 2.4223 9547 14947879.0 1639.6496 
7730000 28680 260.724 837520.0 29.137 2.2275 9560 14967700.0 1616.6467 
7740000 28718 265.948 838656.0 30.159 2.2142 9572 14987492.0 1585.9668 
7750000 28753 275.85 839787.0 31.573 2.2792 9584 15006337.0 1544.5975 
7760000 28791 269.6 840914.0 30.777 2.3255 9597 15025029.0 1620.2352 
7770000 28827 272.469 842077.0 30.865 2.5431 9609 15046583.0 1653.45 
7780000 28864 274.049 843222.0 31.402 2.7895 9621 15068696.0 1848.1374 
7790000 28898 284.138 844282.0 31.092 2.9965 9632 15086792.0 1726.9595 
7800000 28936 274.663 845395.0 30.183 2.9512 9645 15107144.0 1656.2646 
7810000 28977 254.195 846496.0 27.873 2.7517 9659 15126603.0 1456.8714 
7820000 29013 261.991 847638.0 29.31 2.8442 9671 15147237.0 1598.6971 
7830000 29047 278.796 848722.0 30.926 3.03 9682 15166043.0 1632.4948 
7840000 29082 281.737 849750.0 29.974 3.0726 9694 15184618.0 1675.8072 
7850000 29118 276.582 850904.0 30.334 3.0114 9706 15205312.0 1617.7256 
7860000 29154 277.511 852056.0 31.238 3.031 9718 15226156.0 1784.2304 
7870000 29192 274.853 853169.0 30.837 2.998 9730 15246918.0 1760.6003 
7880000 29226 279.661 854338.0 31.428 3.0547 9742 15270114.0 1905.6792 
7890000 29263 277.074 855370.0 30.099 3.0287 9754 15289817.0 1774.8601 
7900000 29298 277.184 856474.0 30.191 3.0253 9766 15309422.0 1650.4923 
7910000 29337 266.092 857607.0 30.125 2.8977 9779 15333033.0 1854.8241 
7920000 29373 271.408 858854.0 31.796 2.9593 9791 15357557.0 1995.8989 
7930000 29409 274.12 860037.0 31.908 2.9952 9803 15379771.0 1855.1164 
7940000 29443 286.093 861146.0 32.862 3.1266 9814 15399717.0 1821.7612 
7950000 29478 284.486 862262.0 31.787 3.1087 9826 15422512.0 1847.4133 
7960000 29512 289.415 863407.0 32.985 3.1648 9837 15444118.0 1916.9455 
7970000 29547 278.727 864515.0 30.912 3.0469 9849 15464683.0 1675.6344 
7980000 29583 282.189 865642.0 31.974 3.0798 9861 15491947.0 2233.1389 
7990000 29616 287.321 866755.0 31.536 3.1383 9872 15512154.0 1840.6867 
8000000 29652 282.876 867931.0 32.334 3.0983 9884 15532398.0 1836.9175 
8010000 29688 279.782 869100.0 32.28 3.0667 9896 15554382.0 1843.5566 
8020000 29724 276.365 870271.0 31.705 3.0166 9908 15576416.0 1774.2329 
8030000 29759 282.331 871461.0 33.459 3.0914 9919 15598291.0 1827.0149 
8040000 29793 289.8 872519.0 32.624 3.1647 9931 15618867.0 1954.2975 
8050000 29832 269.366 873727.0 30.897 2.9371 9944 15641998.0 1710.9109 
8060000 29866 284.514 874855.0 32.585 3.1069 9955 15664494.0 1944.0918 
8070000 29903 280.258 875951.0 31.647 3.0552 9967 15684227.0 1822.0014 
8080000 29940 276.588 877070.0 31.046 3.015 9980 15705040.0 1779.2203 
8090000 29973 287.07 878171.0 31.945 3.1344 9991 15725957.0 1840.1509 
8100000 30004 302.658 879248.0 33.034 3.303 10001 15745236.0 1848.3596 
8110000 30038 303.272 880337.0 33.121 3.3099 10012 15765132.0 1879.5831 
8120000 30074 289.177 881500.0 32.739 3.1542 10024 15785696.0 1795.2118 
8130000 30108 284.053 882716.0 32.391 3.1079 10036 15805312.0 1625.713 
8140000 30141 293.453 883846.0 33.664 3.2084 10047 15822899.0 1663.9339 
8150000 30177 284.822 884953.0 31.945 3.1116 10059 15841673.0 1503.5828 
8160000 30210 290.719 886047.0 32.135 3.1708 10070 15862120.0 1765.3462 
8170000 30244 298.042 887163.0 33.399 3.2534 10081 15883986.0 1878.0099 
8180000 30280 290.239 888279.0 32.533 3.1671 10093 15901120.0 1611.4608 
8190000 30316 286.959 889489.0 33.55 3.1375 10105 15922864.0 1775.0414 
8200000 30349 290.128 890579.0 32.86 3.1704 10116 15942711.0 1740.9229 
8210000 30385 288.293 891691.0 32.306 3.153 10128 15962845.0 1692.7733 
8220000 30421 280.495 892728.0 30.058 3.0658 10140 15980269.0 1506.4278 
8230000 30458 278.266 893865.0 31.081 3.0361 10152 15999072.0 1576.6242 
8240000 30491 291.549 895047.0 33.555 3.1899 10163 16021269.0 1901.2085 
8250000 30527 282.953 896185.0 32.552 3.0932 10175 16045243.0 1954.7894 
8260000 30567 267.24 897300.0 30.052 2.9221 10189 16065973.0 1659.2308 
8270000 30600 281.073 898311.0 29.607 3.07 10200 16083390.0 1540.908 
8280000 30640 270.078 899373.0 29.022 2.9479 10213 16101550.0 1512.5823 
8290000 30675 280.792 900438.0 29.614 3.0538 10225 16121525.0 1660.7968 
8300000 30713 271.854 901550.0 29.464 2.9627 10237 16141997.0 1582.1491 
8310000 30746 287.408 902634.0 31.394 3.1349 10248 16165814.0 1969.1313 
8320000 30783 273.397 903814.0 30.969 2.9759 10261 16185547.0 1695.811 
8330000 30821 270.735 904887.0 29.86 2.9472 10273 16206249.0 1624.8458 
8340000 30857 269.81 905972.0 29.651 2.9409 10285 16224823.0 1605.8863 
8350000 30891 275.351 906983.0 28.621 3.0076 10297 16243699.0 1528.8495 
8360000 30927 272.326 908071.0 29.066 2.9818 10309 16262483.0 1489.6059 
8370000 30966 263.818 909192.0 28.514 2.8907 10322 16282004.0 1476.1659 
8380000 31004 267.379 910286.0 29.555 2.9297 10334 16302656.0 1650.1296 
8390000 31040 273.577 911395.0 30.21 2.9893 10346 16323260.0 1779.8359 
8400000 31077 272.193 912446.0 29.2 2.9725 10359 16341903.0 1585.4511 
8410000 31113 275.133 913491.0 29.037 3.0073 10371 16362397.0 1694.207 
8420000 31146 286.194 914518.0 29.505 3.12 10382 16382854.0 1748.2807 
8430000 31182 285.692 915501.0 28.677 3.1103 10394 16398768.0 1505.456 
8440000 31218 275.19 916530.0 27.642 3.0028 10406 16418402.0 1468.0257 
8450000 31255 276.21 917494.0 27.409 3.0196 10418 16433745.0 1346.6247 
8460000 31287 289.568 918487.0 28.212 3.1635 10429 16456433.0 1806.774 
8470000 31323 286.514 919519.0 29.134 3.1292 10441 16476257.0 1764.1119 
8480000 31359 281.02 920559.0 28.519 3.0723 10453 16496051.0 1666.4082 
8490000 31392 292.423 921556.0 29.72 3.1999 10464 16513418.0 1637.7867 
8500000 31428 281.732 922607.0 28.695 3.0807 10476 16532162.0 1521.7368 
8510000 31463 282.815 923597.0 28.772 3.0927 10487 16551957.0 1643.8334 
8520000 31498 284.677 924636.0 29.067 3.1189 10499 16570052.0 1477.6855 
8530000 31533 281.135 925687.0 29.005 3.0776 10511 16588407.0 1531.8727 
8540000 31569 282.04 926704.0 28.622 3.0821 10523 16606021.0 1559.3864 
8550000 31607 275.809 927726.0 28.023 3.0135 10535 16621903.0 1428.2257 
8560000 31641 281.163 928773.0 28.596 3.0735 10547 16640119.0 1426.6058 
8570000 31672 299.745 929802.0 30.937 3.2768 10557 16658908.0 1698.0101 
8580000 31707 297.266 930910.0 31.608 3.2509 10569 16677383.0 1699.376 
8590000 31743 283.266 932042.0 30.937 3.0919 10581 16693717.0 1446.6626 
8600000 31779 273.382 933245.0 30.896 2.9825 10593 16712021.0 1388.0358 
8610000 31810 303.476 934277.0 32.993 3.3173 10603 16732210.0 1762.738 
8620000 31845 293.206 935311.0 31.288 3.2073 10615 16748295.0 1532.5289 
8630000 31881 286.782 936343.0 30.042 3.1298 10627 16765049.0 1419.8111 
8640000 31916 287.149 937461.0 31.366 3.1387 10638 16787324.0 1611.4017 
8650000 31948 299.403 938541.0 32.182 3.2672 10649 16806022.0 1733.1901 
8660000 31983 292.781 939634.0 31.171 3.1986 10661 16825217.0 1613.5922 
8670000 32021 279.444 940671.0 29.616 3.0548 10673 16842299.0 1487.908 
8680000 32059 268.93 941758.0 28.916 2.9393 10686 16861581.0 1549.4019 
8690000 32097 265.872 942900.0 29.735 2.9017 10699 16878163.0 1399.5061 
8700000 32131 278.431 944038.0 31.175 3.0042 10710 16901129.0 1797.055 
8710000 32167 277.101 945180.0 31.369 2.6604 10722 16920593.0 1661.7589 
8720000 32202 278.356 946306.0 31.278 2.7441 10734 16938818.0 1578.2244 
8730000 32236 285.081 947432.0 32.235 2.9626 10745 16957864.0 1595.9603 
8740000 32270 295.376 948552.0 33.368 3.1478 10756 16978540.0 1786.8504 
8750000 32307 278.942 949721.0 31.962 3.0152 10769 16997463.0 1602.9702 
8760000 32340 289.561 950876.0 32.67 3.1508 10780 17016080.0 1612.7629 
8770000 32373 296.152 951838.0 31.147 3.2288 10791 17032247.0 1488.3254 
8780000 32409 284.415 952835.0 29.229 3.102 10803 17049571.0 1462.1647 
8790000 32443 287.661 953929.0 30.751 3.1344 10814 17067737.0 1487.268 
8800000 32478 290.086 955053.0 31.338 3.165 10826 17088052.0 1737.3204 
8810000 32514 280.216 956180.0 30.672 3.0648 10838 17109466.0 1728.8382 
8820000 32547 292.403 957315.0 32.737 3.1904 10849 17129573.0 1863.0166 
8830000 32582 286.526 958417.0 32.379 3.1268 10860 17148788.0 1738.8049 
8840000 32616 286.424 959572.0 31.899 3.1308 10872 17167974.0 1621.2236 
8850000 32650 288.926 960610.0 31.983 3.1626 10883 17186240.0 1590.0114 
8860000 32689 274.598 961688.0 29.693 3.0035 10896 17203911.0 1467.5081 
8870000 32727 268.038 962781.0 29.062 2.9301 10909 17222203.0 1480.6629 
8880000 32765 266.213 963939.0 29.928 2.9134 10921 17241695.0 1514.3206 
8890000 32801 273.991 965052.0 30.624 2.9974 10933 17260999.0 1616.8393 
8900000 32836 281.066 966240.0 32.624 3.0695 10945 17281584.0 1702.1112 
8910000 32871 279.706 967439.0 32.515 3.0545 10957 17303609.0 1854.3864 
8920000 32907 280.69 968578.0 32.632 3.066 10969 17322043.0 1746.1723 
8930000 32940 285.252 969664.0 31.577 3.1152 10980 17342280.0 1822.2161 
8940000 32977 281.893 970786.0 31.902 3.0798 10992 17358923.0 1523.221 
8950000 33014 275.501 971857.0 30.461 3.0005 11004 17376626.0 1465.3425 
8960000 33049 282.241 972972.0 31.734 3.0866 11016 17397701.0 1705.4403 
8970000 33081 288.294 974045.0 31.429 3.1484 11027 17420459.0 1893.2718 
8980000 33117 284.522 975152.0 30.913 3.1114 11039 17440353.0 1717.2181 
8990000 33150 289.422 976240.0 30.913 3.1623 11050 17459890.0 1714.6388 
9000000 33186 289.998 977342.0 31.656 3.1723 11062 17477614.0 1664.2807 
9010000 33219 291.134 978499.0 32.298 3.1832 11073 17497111.0 1674.2181 
9020000 33254 292.899 979617.0 33.134 3.2021 11084 17520496.0 1873.727 
9030000 33289 287.944 980797.0 33.103 3.1418 11096 17541871.0 1828.3825 
9040000 33323 287.578 981803.0 31.412 3.1355 11107 17558877.0 1634.2688 
9050000 33356 292.147 982927.0 32.719 3.1873 11118 17577094.0 1645.6357 
9060000 33396 270.221 984138.0 31.332 2.9525 11132 17600624.0 1829.0775 
9070000 33432 271.162 985258.0 30.892 2.9564 11144 17618038.0 1525.3885 
9080000 33466 283.933 986323.0 30.845 3.0993 11155 17635814.0 1564.5861 
9090000 33502 277.534 987411.0 29.975 3.0295 11167 17653158.0 1509.6454 
9100000 33539 277.522 988437.0 29.316 3.0338 11179 17670521.0 1471.7341 
9110000 33570 295.421 989399.0 29.222 3.2254 11190 17687290.0 1564.7432 
9120000 33607 284.074 990345.0 28.077 3.1039 11202 17707253.0 1474.2817 
9130000 33646 268.472 991394.0 27.257 2.9291 11215 17725874.0 1479.6082 
9140000 33683 271.391 992416.0 27.792 2.9636 11227 17744297.0 1501.3629 
9150000 33714 290.064 993415.0 29.127 3.1697 11238 17763406.0 1743.3906 
9160000 33752 277.448 994370.0 27.581 3.0289 11250 17780698.0 1499.4416 
9170000 33783 292.73 995377.0 28.698 3.1913 11261 17798017.0 1483.6804 
9180000 33817 297.56 996351.0 29.937 3.2431 11272 17813143.0 1453.3656 
9190000 33853 282.001 997356.0 29.027 3.0731 11284 17831217.0 1409.1345 
9200000 33891 268.446 998337.0 25.793 2.9194 11297 17845929.0 1135.1798 
9210000 33927 279.05 999364.0 27.974 3.0421 11309 17865803.0 1624.4041 
9220000 33960 289.936 1000401.0 29.342 3.1712 11320 17884080.0 1622.6454 
9230000 33996 274.907 1001512.0 28.681 2.9996 11332 17904724.0 1563.0722 
9240000 34031 286.665 1002546.0 30.507 3.1211 11343 17924049.0 1728.6776 
9250000 34068 271.428 1003637.0 29.068 2.9602 11356 17943162.0 1539.598 
9260000 34102 287.119 1004673.0 30.203 3.1357 11367 17958468.0 1458.529 
9270000 34137 284.038 1005713.0 29.746 3.1068 11379 17976093.0 1536.5373 
9280000 34170 292.585 1006793.0 31.056 3.1972 11390 17994900.0 1632.1088 
9290000 34204 293.63 1007879.0 31.188 3.2099 11401 18014566.0 1653.5304 
9300000 34244 270.885 1008894.0 28.312 2.9601 11414 18031156.0 1344.4309 
9310000 34278 282.301 1009958.0 29.658 3.0782 11426 18048772.0 1559.8225 
9320000 34314 282.861 1011070.0 30.193 3.083 11438 18066016.0 1516.8312 
9330000 34352 273.004 1012148.0 29.31 2.9764 11450 18083238.0 1402.3552 
9340000 34385 287.661 1013169.0 30.226 3.1328 11461 18100425.0 1524.3563 
9350000 34421 279.504 1014339.0 30.725 3.0446 11473 18118999.0 1548.0726 
9360000 34456 285.699 1015525.0 32.719 3.1154 11485 18138744.0 1662.2205 
9370000 34489 295.406 1016648.0 33.632 3.225 11496 18156741.0 1633.2565 
9380000 34523 290.57 1017674.0 31.78 3.1656 11507 18173547.0 1528.0459 
9390000 34559 287.184 1018718.0 30.362 3.1253 11519 18189281.0 1450.386 
9400000 34593 283.731 1019851.0 30.816 3.0947 11531 18207867.0 1535.3635 
9410000 34628 286.887 1020837.0 30.039 3.13 11542 18227432.0 1573.7392 
9420000 34661 293.141 1021883.0 30.771 3.2019 11553 18245399.0 1684.9543 
9430000 34698 276.649 1022987.0 29.705 3.0155 11566 18264572.0 1543.7898 
9440000 34730 296.049 1024001.0 31.405 3.2289 11576 18281230.0 1514.7442 
9450000 34766 288.303 1025147.0 31.521 3.143 11588 18302524.0 1780.339 
9460000 34800 291.442 1026275.0 32.376 3.1779 11600 18321220.0 1726.4398 
9470000 34833 293.739 1027485.0 33.536 3.2 11611 18342787.0 1844.7427 
9480000 34869 289.009 1028630.0 33.02 3.1534 11623 18363561.0 1821.4782 
9490000 34905 275.744 1029783.0 31.205 3.0149 11635 18383055.0 1566.5212 
9500000 34941 278.492 1030916.0 31.867 3.0466 11647 18400629.0 1560.9979 
9510000 34973 294.15 1032041.0 33.304 3.2102 11657 18419897.0 1757.4299 
9520000 35006 301.262 1033198.0 34.388 3.28 11668 18436654.0 1578.3853 
9530000 35040 290.756 1034429.0 33.815 3.171 11680 18454810.0 1524.7192 
9540000 35079 267.636 1035638.0 31.616 2.9229 11693 18473611.0 1422.3894 
9550000 35114 280.739 1036738.0 32.849 3.0686 11704 18490846.0 1488.1255 
9560000 35151 274.296 1037869.0 31.377 3.0024 11717 18509739.0 1566.6998 
9570000 35186 277.78 1039007.0 31.832 3.0377 11728 18528094.0 1571.6213 
9580000 35223 268.314 1040075.0 29.453 2.9309 11741 18546167.0 1418.1332 
9590000 35260 270.257 1040985.0 27.128 2.952 11753 18562820.0 1465.8107 
9600000 35297 269.243 1042064.0 28.302 2.9443 11765 18579863.0 1392.8424 
9610000 35335 266.83 1043077.0 27.38 2.9155 11778 18599725.0 1551.724 
9620000 35370 279.483 1044098.0 28.733 3.0591 11790 18616060.0 1498.3127 
9630000 35407 272.516 1045282.0 30.531 2.9831 11802 18634763.0 1489.4155 
9640000 35443 273.91 1046449.0 31.442 2.9986 11814 18652797.0 1488.1845 
9650000 35478 281.645 1047539.0 31.566 3.072 11826 18671572.0 1629.7998 
9660000 35511 288.826 1048603.0 31.506 3.1538 11837 18689499.0 1609.5689 
9670000 35546 288.007 1049726.0 31.929 3.139 11848 18708494.0 1678.3373 
9680000 35580 281.837 1050782.0 30.073 3.0762 11860 18728340.0 1567.4673 
9690000 35612 298.975 1051923.0 33.49 3.2687 11870 18746728.0 1676.5931 
9700000 35646 291.264 1053052.0 32.463 3.1857 11882 18764834.0 1621.0602 
9710000 35682 285.31 1054197.0 32.323 3.1115 11894 18784278.0 1569.6611 
9720000 35715 289.219 1055439.0 33.228 3.1528 11905 18804825.0 1697.1433 
9730000 35751 284.083 1056546.0 32.606 3.0948 11917 18822629.0 1605.6138 
9740000 35784 284.662 1057684.0 31.923 3.1069 11928 18842736.0 1694.3671 
9750000 35820 287.844 1058842.0 33.528 3.1355 11940 18862770.0 1825.5396 
9760000 35852 298.841 1059969.0 33.999 3.2598 11950 18883098.0 1956.6464 
9770000 35894 267.524 1060951.0 28.274 2.9176 11964 18900266.0 1355.7218 
9780000 35930 273.688 1062031.0 29.484 2.9868 11976 18919630.0 1590.7853 
9790000 35965 279.463 1063063.0 29.246 3.0509 11988 18938115.0 1570.9309 
9800000 36000 279.777 1064158.0 29.937 3.0485 12000 18954780.0 1446.2298 
9810000 36039 269.267 1065195.0 28.672 2.9383 12013 18971751.0 1404.9271 
9820000 36072 276.374 1066322.0 29.541 3.0164 12024 18990088.0 1454.8557 
9830000 36111 267.213 1067329.0 28.135 2.9188 12037 19007259.0 1402.3322 
9840000 36147 268.137 1068401.0 27.801 2.9302 12049 19024893.0 1357.8669 
9850000 36180 282.304 1069499.0 30.082 3.0818 12060 19044830.0 1661.6296 
9860000 36219 269.934 1070611.0 29.727 2.9521 12073 19064341.0 1673.0057 
9870000 36255 277.414 1071750.0 31.258 3.0239 12085 19081855.0 1593.3395 
9880000 36291 269.61 1072895.0 29.724 2.9378 12097 19100129.0 1405.3017 
9890000 36323 296.294 1073961.0 33.094 3.2285 12107 19119727.0 1752.9146 
9900000 36360 278.917 1075037.0 30.569 3.0405 12120 19136650.0 1535.2628 
9910000 36400 266.476 1076082.0 28.613 2.905 12133 19155030.0 1446.4248 
9920000 36435 270.925 1077162.0 29.093 2.9478 12145 19172705.0 1482.0139 
9930000 36471 272.47 1078366.0 31.477 2.9705 12157 19191639.0 1573.4032 
9940000 36506 276.779 1079295.0 29.157 3.0156 12168 19206604.0 1396.2389 
9950000 36543 274.122 1080347.0 28.71 2.989 12181 19222617.0 1368.0062 
9960000 36579 276.594 1081308.0 27.519 3.0142 12193 19237271.0 1299.3626 
9970000 36616 272.466 1082377.0 28.091 2.9698 12205 19253744.0 1236.6783 
9980000 36652 274.482 1083346.0 27.427 2.9827 12217 19269128.0 1303.2248 
9990000 36693 255.108 1084426.0 26.822 2.7786 12231 19285857.0 1259.3724 
10000000 36730 264.458 1085509.0 28.096 2.8813 12243 19303300.0 1366.9216 
