10000 526 18.839 3057.287 5.648 0.0121 0.0 
20000 1055 18.9 6175.445 6.024 0.0122 0.0 
30000 1578 19.315 9359.778 6.292 0.0124 0.0 
40000 2112 18.662 12522.316 5.735 0.012 0.0 
50000 2637 19.49 15819.755 6.398 0.0125 0.0 
60000 3165 18.857 19009.741 5.846 0.0121 0.0 
70000 3691 18.803 22371.291 5.872 0.0121 0.0 
80000 4214 19.353 25711.09 6.506 0.0125 0.0 
90000 4742 19.171 29124.133 5.904 0.0124 0.0 
100000 5269 19.052 32531.214 7.153 0.0123 0.0 
110000 5774 21.295 36520.774 13.197 0.0441 0.0 
120000 6209 21.339 43566.072 15.344 0.0438 0.0 
130000 6719 18.638 51019.622 13.826 0.0382 0.0 
140000 7229 20.018 58203.692 14.455 0.0407 0.0 
150000 7700 21.42 65216.208 14.607 0.0442 0.0 
160000 8177 20.905 72074.776 14.574 0.0426 0.0 
170000 8586 26.198 79821.301 20.955 0.0544 0.0 
180000 8838 49.25 87795.212 38.724 0.1007 0.0 
190000 8979 70.215 94751.988 48.749 0.1434 0.0 
200000 9114 76.744 101596.315 51.081 0.1577 0.0 
210000 9230 83.058 108096.263 55.447 0.1699 0.0 
220000 9322 109.259 114715.262 72.327 0.2239 0.0 
230000 9403 120.578 122191.746 89.129 0.251 0.0 
240000 9519 88.239 131433.624 80.182 0.1867 0.0 
250000 9661 72.32 141674.955 72.906 0.1484 0.0 
260000 9782 85.192 151516.444 82.78 0.1748 0.0 
270000 9861 127.456 160047.726 108.542 0.261 0.0 
280000 9882 245.274 166919.516 182.354 0.5035 0.0 
290000 9905 327.667 174093.598 238.526 0.6769 0.0 
300000 9920 401.11 180283.367 274.473 0.8286 0.0 
310000 9935 469.078 187192.675 322.416 0.9661 0.0 
320000 9946 557.356 193378.304 371.214 1.1431 0.0 
330000 9957 636.679 199516.619 414.101 1.3046 0.0 
340000 9967 702.721 205855.656 453.727 1.4388 0.0 
350000 9980 716.286 212597.021 467.814 1.4642 0.0 
360000 9991 757.408 219596.153 502.818 1.5493 0.0 
370000 10002 791.142 226549.368 531.343 1.6157 0.0 
380000 10013 807.578 233394.851 544.715 1.6511 0.0 
390000 10023 842.778 240532.64 575.553 1.7194 0.0 
400000 10037 806.344 247497.692 553.307 1.6462 0.0 
410000 10047 841.769 254325.876 577.003 1.722 0.0 
420000 10061 801.801 261184.789 550.051 1.6488 0.0 
430000 10078 745.105 268187.276 513.145 1.5354 0.0 
440000 10090 765.174 275088.026 526.809 1.5737 0.0 
450000 10102 784.893 282121.773 543.301 1.6121 0.0 
460000 10112 813.397 289206.078 566.715 1.6679 0.0 
470000 10123 836.843 296483.249 587.826 1.7165 0.0 
480000 10133 862.501 304080.128 616.808 1.7671 0.0 
490000 10143 887.654 310952.165 628.433 1.8149 0.0 
500000 10153 907.91 318757.805 656.31 1.8557 0.0 
510000 10166 875.273 325882.831 632.663 1.7869 0.0 
520000 10192 663.823 332122.201 465.447 1.3533 0.0 
530000 10206 681.296 338925.302 474.342 1.3886 0.0 
540000 10216 739.596 345821.03 513.934 1.5085 0.0 
550000 10228 764.151 352985.521 533.182 1.5556 0.0 
560000 10251 627.586 360342.919 444.775 1.2784 0.0 
570000 10274 569.735 368172.356 417.136 1.1608 0.0 
580000 10286 626.901 375923.82 467.059 1.2767 0.0 
590000 10299 654.228 384966.184 515.02 1.3328 0.0 
600000 10310 705.792 393312.819 564.301 1.4337 0.0 
610000 10321 744.766 400730.978 586.229 1.5129 0.0 
620000 10338 696.657 410334.115 574.843 1.4146 0.0 
630000 10380 436.032 417135.634 333.675 0.8873 0.0 
640000 10495 142.198 423922.918 94.354 0.2903 0.0 
650000 10699 52.063 428120.381 21.498 0.1055 0.0 
660000 10900 49.796 432391.226 24.849 0.1017 0.0 
670000 11078 81.966 438640.413 51.094 0.1689 0.0 
680000 11123 168.197 445030.554 107.391 0.3469 0.0 
690000 11145 259.112 451105.318 160.519 0.5331 0.0 
700000 11168 330.115 456789.769 195.47 0.6792 0.0 
710000 11191 365.207 462628.276 214.775 0.7466 0.0 
720000 11207 445.624 468636.389 265.046 0.9086 0.0 
730000 11220 514.016 475384.039 318.61 1.0523 0.0 
740000 11238 520.326 482320.216 335.002 1.0659 0.0 
750000 11253 562.547 487979.715 349.24 1.1519 0.0 
760000 11265 623.798 495320.952 407.151 1.2768 0.0 
770000 11277 660.217 502476.827 441.374 1.3499 0.0 
780000 11324 376.944 508891.44 250.149 0.7714 0.0 
790000 11385 245.728 515386.952 159.473 0.5037 0.0 
800000 11409 318.722 522559.394 218.7 0.6501 0.0 
810000 11426 392.384 529346.654 268.517 0.7991 0.0 
820000 11439 471.142 536558.325 328.277 0.9592 0.0 
830000 11449 565.247 544283.684 407.775 1.1504 0.0 
840000 11472 522.624 551793.678 382.614 1.0637 0.0 
850000 11508 393.354 557074.493 256.948 0.8033 0.0 
860000 11520 502.068 563960.318 333.325 1.0238 0.0 
870000 11532 566.154 570607.478 376.347 1.1566 0.0 
880000 11544 630.319 577029.485 414.714 1.2835 0.0 
890000 11554 685.049 584101.278 461.199 1.3909 0.0 
900000 11564 742.562 590834.447 499.774 1.5088 0.0 
910000 11575 788.042 597615.913 530.014 1.6035 0.0 
920000 11586 810.787 603729.125 534.483 1.652 0.0 
930000 11597 830.147 609350.759 529.478 1.6982 0.0 
940000 11607 855.392 614869.898 530.472 1.7527 0.0 
950000 11619 852.2 620576.173 519.395 1.7446 0.0 
960000 11632 837.037 626082.277 500.065 1.7123 0.0 
970000 11643 845.167 631769.897 500.508 1.7312 0.0 
980000 11654 857.415 637125.211 497.036 1.7575 0.0 
990000 11668 823.498 642889.16 476.29 1.6874 0.0 
1000000 11684 770.007 648972.995 450.523 1.5763 0.0 
1010000 11696 783.076 654954.744 460.925 1.6018 0.0 
1020000 11715 704.13 660388.605 406.82 1.4376 0.0 
1030000 11727 730.207 666064.562 419.989 1.4911 0.0 
1040000 11737 779.559 672542.427 461.945 1.5932 0.0 
1050000 11748 803.015 678714.036 480.611 1.6426 0.0 
1060000 11758 827.371 684605.671 494.886 1.6921 0.0 
1070000 11792 551.833 689865.19 318.425 1.1282 0.0 
1080000 11811 549.157 695717.368 318.403 1.1227 0.0 
1090000 11824 608.505 701852.047 359.48 1.2443 0.0 
1100000 11837 635.254 707937.868 377.302 1.2981 0.0 
1110000 11848 688.079 714373.892 417.248 1.4091 0.0 
1120000 11860 733.036 720849.81 452.99 1.4977 0.0 
1130000 11871 754.553 727425.411 472.944 1.5437 0.0 
1140000 11884 763.835 732984.603 467.799 1.5644 0.0 
1150000 11895 801.137 738245.564 474.623 1.6452 0.0 
1160000 11907 802.42 744244.941 476.357 1.6461 0.0 
1170000 11918 829.855 750534.862 499.408 1.7004 0.0 
1180000 11928 847.888 756793.462 514.626 1.7379 0.0 
1190000 11942 821.401 762806.781 497.989 1.6839 0.0 
1200000 11956 791.033 768655.835 476.417 1.623 0.0 
1210000 11968 802.356 774486.611 478.928 1.647 0.0 
1220000 12003 534.689 779869.174 312.256 1.0963 0.0 
1230000 12020 563.956 785084.25 317.653 1.1635 0.0 
1240000 12031 631.767 790622.668 353.752 1.3075 0.0 
1250000 12043 677.303 795904.694 373.26 1.402 0.0 
1260000 12053 729.229 801445.738 402.782 1.5081 0.0 
1270000 12065 760.733 806967.652 419.911 1.5745 0.0 
1280000 12075 790.089 812739.899 440.388 1.6319 0.0 
1290000 12091 757.246 818212.598 420.184 1.5627 0.0 
1300000 12105 741.033 823370.06 404.569 1.5284 0.0 
1310000 12119 741.706 828211.542 393.868 1.5292 0.0 
1320000 12131 755.822 833090.28 393.727 1.5602 0.0 
1330000 12160 560.575 838297.384 293.189 1.1549 0.0 
1340000 12176 577.58 843658.4 304.017 1.1896 0.0 
1350000 12229 335.283 848551.381 171.3 0.691 0.0 
1360000 12265 288.142 853720.221 147.774 0.5932 0.0 
1370000 12288 339.446 858956.281 175.666 0.6995 0.0 
1380000 12301 443.442 865048.496 245.886 0.9122 0.0 
1390000 12313 529.385 870781.891 296.995 1.0885 0.0 
1400000 12325 600.266 876834.801 344.982 1.2323 0.0 
1410000 12340 617.836 882764.251 358.238 1.2683 0.0 
1420000 12352 659.407 888294.404 377.725 1.3545 0.0 
1430000 12368 641.084 894263.093 369.067 1.3177 0.0 
1440000 12380 692.233 900424.508 407.259 1.4222 0.0 
1450000 12392 722.521 906946.67 436.194 1.4839 0.0 
1460000 12407 697.817 912920.732 420.947 1.4348 0.0 
1470000 12418 743.124 919082.62 449.926 1.5266 0.0 
1480000 12429 785.22 925065.88 474.967 1.6145 0.0 
1490000 12440 803.639 932093.287 503.189 1.6504 0.0 
1500000 12453 786.982 938351.521 493.145 1.6191 0.0 
1510000 12465 800.835 944107.011 492.247 1.6496 0.0 
1520000 12476 831.01 949885.069 503.296 1.7125 0.0 
1530000 12493 755.576 955606.136 452.577 1.5553 0.0 
1540000 12508 721.371 961358.374 427.234 1.4836 0.0 
1550000 12522 721.564 967238.214 428.345 1.4818 0.0 
1560000 12537 708.84 973531.689 426.624 1.4539 0.0 
1570000 12549 736.209 980142.537 453.58 1.5082 0.0 
1580000 12570 646.008 985743.212 389.014 1.3234 0.0 
1590000 12617 361.592 991088.997 208.562 0.7426 0.0 
1600000 12639 401.294 996873.545 231.571 0.8274 0.0 
1610000 12651 491.045 1001556.45 264.966 1.0112 0.0 
1620000 12663 565.797 1007532.824 314.017 1.1633 0.0 
1630000 12676 618.951 1013428.434 350.256 1.2684 0.0 
1640000 12691 631.659 1019075.932 356.488 1.2946 0.0 
1650000 12704 655.268 1024478.022 366.281 1.3433 0.0 
1660000 12717 690.287 1029522.488 375.866 1.4167 0.0 
1670000 12729 722.184 1035185.066 396.896 1.4836 0.0 
1680000 12801 286.309 1040666.315 160.178 0.5876 0.0 
1690000 12818 372.242 1046540.126 212.759 0.767 0.0 
1700000 12833 452.053 1052496.92 263.279 0.9303 0.0 
1710000 12851 481.021 1058189.896 278.179 0.987 0.0 
1720000 12863 543.731 1063218.929 303.413 1.1174 0.0 
1730000 12879 580.912 1068167.74 311.498 1.1949 0.0 
1740000 12896 579.591 1073471.99 309.3 1.1897 0.0 
1750000 12913 584.037 1078943.987 314.167 1.2008 0.0 
1760000 12929 597.375 1084585.982 325.405 1.2276 0.0 
1770000 12943 628.946 1090623.048 353.474 1.2928 0.0 
1780000 12956 656.994 1096881.403 380.257 1.3476 0.0 
1790000 12971 666.872 1103167.285 395.06 1.3696 0.0 
1800000 12996 538.856 1109439.461 325.078 1.1072 0.0 
1810000 13013 547.314 1115175.88 326.105 1.1229 0.0 
1820000 13058 364.41 1120898.263 212.545 0.7487 0.0 
1830000 13074 430.778 1127441.645 262.995 0.8862 0.0 
1840000 13087 520.616 1133263.593 312.742 1.0711 0.0 
1850000 13100 575.231 1138782.904 337.23 1.1829 0.0 
1860000 13115 596.097 1145290.39 360.075 1.2316 0.0 
1870000 13125 669.982 1151596.815 409.554 1.3838 0.0 
1880000 13138 700.644 1158366.889 441.247 1.4467 0.0 
1890000 13152 701.567 1164646.62 441.191 1.4477 0.0 
1900000 13167 679.14 1170284.009 415.686 1.4009 0.0 
1910000 13182 689.422 1176216.285 418.569 1.4195 0.0 
1920000 13210 553.237 1181419.063 323.65 1.1396 0.0 
1930000 13227 566.569 1187025.534 326.341 1.1687 0.0 
1940000 13240 604.763 1193331.823 357.573 1.2465 0.0 
1950000 13251 659.476 1199744.662 399.04 1.3598 0.0 
1960000 13263 705.265 1205804.195 427.153 1.4545 0.0 
1970000 13274 740.857 1212036.057 451.411 1.526 0.0 
1980000 13285 773.282 1218055.794 470.445 1.5914 0.0 
1990000 13299 750.661 1223901.445 452.89 1.5449 0.0 
2000000 13321 639.105 1229796.642 383.939 1.313 0.0 
2010000 13334 679.499 1235901.162 409.119 1.4004 0.0 
2020000 13344 738.127 1242321.77 451.233 1.5225 0.0 
2030000 13354 779.713 1248568.26 480.278 1.6052 0.0 
2040000 13368 764.3 1254904.093 472.577 1.5732 0.0 
2050000 13385 712.806 1261248.788 444.069 1.4688 0.0 
2060000 13397 724.032 1267637.675 452.566 1.4908 0.0 
2070000 13415 685.096 1273401.44 420.904 1.4115 0.0 
2080000 13429 691.054 1278964.313 415.424 1.4236 0.0 
2090000 13439 747.569 1284543.074 441.085 1.542 0.0 
2100000 13452 746.534 1290461.823 440.23 1.5363 0.0 
2110000 13470 686.256 1296068.491 399.786 1.4111 0.0 
2120000 13484 691.61 1301588.085 399.538 1.4228 0.0 
2130000 13501 665.555 1306569.532 368.654 1.3698 0.0 
2140000 13513 703.363 1312007.669 387.74 1.449 0.0 
2150000 13532 652.097 1317811.747 365.12 1.3418 0.0 
2160000 13547 650.647 1323580.729 366.876 1.3389 0.0 
2170000 13560 674.743 1329538.52 386.804 1.3862 0.0 
2180000 13571 714.042 1335286.401 409.826 1.4686 0.0 
2190000 13583 742.239 1341682.326 437.239 1.5265 0.0 
2200000 13595 767.185 1347982.635 459.203 1.5772 0.0 
2210000 13609 756.627 1354724.335 466.718 1.555 0.0 
2220000 13619 794.809 1360895.697 490.059 1.6368 0.0 
2230000 13630 819.21 1367217.839 507.732 1.6853 0.0 
2240000 13644 791.39 1373665.306 494.759 1.6294 0.0 
2250000 13656 805.063 1380053.538 506.221 1.6588 0.0 
2260000 13666 838.1 1386335.822 528.041 1.7293 0.0 
2270000 13680 800.803 1392432.823 500.709 1.6549 0.0 
2280000 13693 792.487 1398744.459 497.247 1.6369 0.0 
2290000 13713 708.866 1404857.983 442.385 1.4646 0.0 
2300000 13727 708.629 1411227.386 444.115 1.4646 0.0 
2310000 13741 708.438 1417437.733 442.384 1.4635 0.0 
2320000 13771 543.432 1423387.375 334.296 1.1245 0.0 
2330000 13802 451.294 1429291.059 273.234 0.9311 0.0 
2340000 13814 534.454 1435967.873 334.615 1.1019 0.0 
2350000 13827 584.288 1441605.89 354.594 1.2016 0.0 
2360000 13839 641.549 1447327.334 382.372 1.319 0.0 
2370000 13853 652.088 1453605.382 394.094 1.3413 0.0 
2380000 13866 674.896 1459907.144 411.968 1.3859 0.0 
2390000 13883 656.017 1466543.174 409.195 1.3492 0.0 
2400000 13895 684.548 1472331.508 416.835 1.4072 0.0 
2410000 13918 594.17 1477659.741 351.962 1.2216 0.0 
2420000 13941 533.246 1484217.175 325.019 1.0985 0.0 
2430000 13960 536.883 1490949.535 338.558 1.1065 0.0 
2440000 13974 577.985 1496623.447 351.777 1.1925 0.0 
2450000 13986 633.963 1502353.313 380.743 1.3062 0.0 
2460000 14008 572.491 1508780.236 351.191 1.1761 0.0 
2470000 14029 543.771 1515191.341 337.883 1.1173 0.0 
2480000 14042 591.25 1522090.81 378.98 1.2126 0.0 
2490000 14058 597.615 1528455.915 381.46 1.2283 0.0 
2500000 14076 587.597 1535335.936 383.45 1.2069 0.0 
2510000 14092 608.719 1541646.745 394.404 1.251 0.0 
2520000 14105 644.356 1548798.068 429.295 1.3242 0.0 
2530000 14116 687.654 1555535.389 459.606 1.4145 0.0 
2540000 14126 744.791 1562568.444 503.081 1.5295 0.0 
2550000 14136 786.776 1569790.117 540.171 1.6159 0.0 
2560000 14146 825.78 1576978.94 572.639 1.6948 0.0 
2570000 14157 847.89 1584762.108 605.265 1.7394 0.0 
2580000 14168 866.179 1592207.632 623.675 1.7786 0.0 
2590000 14179 871.273 1599752.806 633.434 1.7885 0.0 
2600000 14201 701.909 1606477.202 502.183 1.4403 0.0 
2610000 14214 729.948 1611689.433 486.851 1.4985 0.0 
2620000 14224 779.348 1617971.457 512.628 1.6031 0.0 
2630000 14236 784.334 1624065.7 507.15 1.6112 0.0 
2640000 14251 739.382 1631142.114 487.795 1.5175 0.0 
2650000 14277 611.17 1637210.857 394.771 1.2574 0.0 
2660000 14307 468.214 1643057.208 293.574 0.9627 0.0 
2670000 14334 430.85 1648813.179 261.258 0.889 0.0 
2680000 14368 378.066 1654138.298 218.73 0.7773 0.0 
2690000 14403 318.05 1659852.361 182.334 0.6543 0.0 
2700000 14416 415.347 1664831.556 223.139 0.8575 0.0 
2710000 14434 470.918 1670310.349 256.825 0.9724 0.0 
2720000 14458 436.846 1676819.605 254.049 0.9012 0.0 
2730000 14503 288.984 1681885.692 160.274 0.5946 0.0 
2740000 14536 289.88 1687150.333 156.285 0.5958 0.0 
2750000 14612 157.821 1692070.326 81.71 0.326 0.0 
2760000 14655 204.779 1697581.456 108.609 0.4193 0.0 
2770000 14679 272.493 1702205.456 133.207 0.5586 0.0 
2780000 14694 382.621 1707613.044 197.592 0.7879 0.0 
2790000 14710 434.472 1713701.802 238.249 0.8919 0.0 
2800000 14725 511.751 1719640.531 290.591 1.0515 0.0 
2810000 14735 601.065 1726294.375 359.29 1.2358 0.0 
2820000 14749 620.931 1732663.96 377.048 1.2746 0.0 
2830000 14766 609.861 1737388.907 347.194 1.2521 0.0 
2840000 14780 634.701 1742314.42 346.988 1.3083 0.0 
2850000 14791 694.127 1748763.993 398.233 1.4277 0.0 
2860000 14806 677.947 1754546.734 388.463 1.3941 0.0 
2870000 14818 709.87 1760860.411 417.24 1.4614 0.0 
2880000 14830 742.62 1767046.15 442.16 1.5267 0.0 
2890000 14845 717.758 1773405.14 434.038 1.4795 0.0 
2900000 14873 561.325 1778460.254 324.081 1.1583 0.0 
2910000 14892 550.963 1784567.912 324.485 1.1362 0.0 
2920000 14907 572.834 1790302.196 334.158 1.1863 0.0 
2930000 14923 580.899 1795351.23 326.63 1.2023 0.0 
2940000 14965 361.273 1802437.794 220.518 0.7495 0.0 
2950000 14990 369.03 1809050.571 233.379 0.7645 0.0 
2960000 15005 445.333 1815843.11 289.965 0.9192 0.0 
2970000 15023 472.254 1822186.101 305.229 0.9723 0.0 
2980000 15038 522.586 1828508.824 334.978 1.0761 0.0 
2990000 15052 558.276 1834819.258 355.681 1.1468 0.0 
3000000 15073 538.624 1841661.055 350.172 1.1058 0.0 
3010000 15089 566.921 1848517.304 375.586 1.1641 0.0 
3020000 15104 596.671 1855516.235 402.46 1.2259 0.0 
3030000 15117 635.505 1862292.766 429.021 1.3054 0.0 
3040000 15136 599.356 1868595.397 396.536 1.2335 0.0 
3050000 15156 567.468 1875576.82 382.117 1.1693 0.0 
3060000 15172 565.763 1882747.034 386.89 1.166 0.0 
3070000 15200 478.155 1890112.233 335.964 0.9864 0.0 
3080000 15224 459.385 1896967.663 320.637 0.9465 0.0 
3090000 15234 558.278 1903839.702 387.338 1.1529 0.0 
3100000 15249 585.914 1910716.489 405.065 1.2097 0.0 
3110000 15267 568.289 1916423.28 372.727 1.1729 0.0 
3120000 15280 624.611 1922582.211 402.946 1.29 0.0 
3130000 15299 587.285 1928880.71 376.18 1.2129 0.0 
3140000 15324 522.006 1935328.506 334.976 1.0725 0.0 
3150000 15343 526.359 1941644.503 335.972 1.0801 0.0 
3160000 15357 571.796 1948419.449 371.462 1.1777 0.0 
3170000 15391 438.272 1955066.659 287.308 0.9017 0.0 
3180000 15403 524.062 1961289.297 337.296 1.079 0.0 
3190000 15419 552.875 1967643.347 354.008 1.1386 0.0 
3200000 15429 623.691 1974066.208 398.82 1.2839 0.0 
3210000 15443 654.099 1980236.709 416.455 1.3465 0.0 
3220000 15479 459.761 1986392.432 288.94 0.9457 0.0 
3230000 15512 376.181 1992710.458 235.809 0.7791 0.0 
3240000 15524 477.272 1999682.569 313.101 0.9914 0.0 
3250000 15542 507.541 2005928.866 328.342 1.0524 0.0 
3260000 15570 443.734 2012725.331 291.072 0.9186 0.0 
3270000 15591 451.636 2019822.045 304.641 0.9329 0.0 
3280000 15611 461.056 2025915.208 300.754 0.9514 0.0 
3290000 15655 309.824 2030527.154 178.396 0.6369 0.0 
3300000 15677 363.031 2036008.006 205.776 0.7466 0.0 
3310000 15693 432.579 2042479.291 256.912 0.89 0.0 
3320000 15710 468.636 2048053.847 273.419 0.9667 0.0 
3330000 15737 427.272 2053898.552 249.657 0.8798 0.0 
3340000 15751 493.267 2060137.804 293.825 1.0173 0.0 
3350000 15813 261.096 2066107.314 155.379 0.538 0.0 
3360000 15839 304.448 2072295.545 184.095 0.626 0.0 
3370000 15854 393.918 2078120.628 233.802 0.8131 0.0 
3380000 15868 475.879 2084040.289 281.381 0.9835 0.0 
3390000 15885 517.931 2090261.547 312.892 1.0702 0.0 
3400000 15898 571.902 2096987.2 357.266 1.1792 0.0 
3410000 15919 537.17 2104431.305 355.077 1.1066 0.0 
3420000 15931 600.842 2110865.865 394.748 1.2386 0.0 
3430000 15945 626.741 2117074.63 404.778 1.2924 0.0 
3440000 15965 580.311 2125055.754 398.138 1.1961 0.0 
3450000 15999 428.284 2133266.528 310.83 0.8822 0.0 
3460000 16033 365.344 2141268.28 276.856 0.754 0.0 
3470000 16051 420.855 2147868.178 301.23 0.8693 0.0 
3480000 16064 502.699 2154037.121 343.827 1.0401 0.0 
3490000 16090 450.51 2160639.404 305.629 0.9307 0.0 
3500000 16109 466.757 2167847.787 324.748 0.9607 0.0 
3510000 16121 545.664 2173527.003 356.896 1.1262 0.0 
3520000 16135 588.67 2181249.53 404.718 1.2143 0.0 
3530000 16161 503.053 2190515.662 378.351 1.0329 0.0 
3540000 16187 455.474 2199585.504 367.63 0.9321 0.0 
3550000 16202 510.697 2206637.264 396.567 1.0465 0.0 
3560000 16225 484.813 2213759.646 367.745 0.9966 0.0 
3570000 16247 482.922 2220003.864 341.144 0.9927 0.0 
3580000 16267 471.248 2226360.137 323.752 0.97 0.0 
3590000 16284 511.909 2234006.644 364.881 1.0501 0.0 
3600000 16309 473.008 2240872.365 333.457 0.9699 0.0 
3610000 16328 473.527 2248377.261 342.393 0.9705 0.0 
3620000 16372 333.343 2254273.62 223.73 0.6839 0.0 
3630000 16396 365.482 2260378.374 232.235 0.7507 0.0 
3640000 16409 455.085 2268633.133 326.218 0.9333 0.0 
3650000 16427 486.156 2276224.216 354.36 0.9955 0.0 
3660000 16447 504.271 2282804.776 355.879 1.0353 0.0 
3670000 16458 573.9 2289386.918 395.991 1.1822 0.0 
3680000 16470 624.124 2296239.08 431.03 1.2839 0.0 
3690000 16492 586.545 2301808.389 380.422 1.2073 0.0 
3700000 16542 320.369 2306231.783 182.993 0.6589 0.0 
3710000 16594 249.732 2310263.387 121.743 0.5169 0.0 
3720000 16620 294.509 2315527.255 147.484 0.6064 0.0 
3730000 16654 300.547 2321099.965 159.298 0.623 0.0 
3740000 16689 290.272 2326513.092 155.806 0.6004 0.0 
3750000 16723 277.933 2332111.623 150.375 0.5716 0.0 
3760000 16773 241.065 2338016.676 138.055 0.4966 0.0 
3770000 16829 209.521 2344049.506 125.054 0.4298 0.0 
3780000 16852 290.57 2349698.533 168.337 0.5978 0.0 
3790000 16893 265.455 2355586.396 154.597 0.5449 0.0 
3800000 16928 277.717 2360744.122 151.031 0.5726 0.0 
3810000 16960 288.114 2366034.143 154.539 0.5946 0.0 
3820000 16981 350.145 2371307.326 186.854 0.7244 0.0 
3830000 17012 345.185 2376805.988 187.134 0.7164 0.0 
3840000 17028 421.076 2383056.201 243.327 0.8721 0.0 
3850000 17044 474.532 2391064.546 311.046 0.9825 0.0 
3860000 17064 474.683 2398734.963 328.15 0.98 0.0 
3870000 17086 472.828 2405510.182 324.629 0.9744 0.0 
3880000 17106 481.128 2413080.025 340.402 0.9927 0.0 
3890000 17140 361.321 2419921.465 251.661 0.7444 0.0 
3900000 17164 392.863 2426706.55 266.814 0.8084 0.0 
3910000 17187 402.485 2434063.777 284.124 0.8287 0.0 
3920000 17225 334.231 2440694.588 229.251 0.6881 0.0 
3930000 17263 305.429 2447523.581 209.866 0.6291 0.0 
3940000 17283 363.219 2454647.639 251.194 0.7455 0.0 
3950000 17297 448.56 2461075.483 302.902 0.9244 0.0 
3960000 17333 347.644 2467320.392 227.445 0.7164 0.0 
3970000 17359 367.274 2473288.246 231.61 0.7596 0.0 
3980000 17380 404.636 2479614.494 254.68 0.8361 0.0 
3990000 17400 434.034 2485342.416 263.634 0.8964 0.0 
4000000 17416 486.906 2492934.527 321.375 1.0086 0.0 
4010000 17437 477.525 2502562.208 365.512 0.9876 0.0 
4020000 17460 471.795 2510067.49 359.325 0.9763 0.0 
4030000 17474 528.378 2519812.925 437.555 1.0938 0.0 
4040000 17489 570.672 2531135.194 525.706 1.1754 0.0 
4050000 17507 567.298 2539201.453 499.065 1.1703 0.0 
4060000 17522 593.553 2549179.833 545.954 1.225 0.0 
4070000 17546 524.183 2561201.523 529.197 1.0806 0.0 
4080000 17588 352.509 2572161.577 365.649 0.7263 0.0 
4090000 17651 217.569 2581159.506 206.948 0.4486 0.0 
4100000 17691 227.232 2589868.678 206.558 0.4672 0.0 
4110000 17730 236.897 2597193.916 191.031 0.4898 0.0 
4120000 17800 175.938 2602618.307 110.745 0.364 0.0 
4130000 17829 252.757 2608671.235 159.869 0.5228 0.0 
4140000 17854 304.652 2616849.024 220.103 0.6261 0.0 
4150000 17873 376.765 2623865.909 270.197 0.7783 0.0 
4160000 17887 454.48 2630207.63 312.347 0.9428 0.0 
4170000 17915 408.657 2637374.033 287.461 0.8466 0.0 
4180000 17930 479.751 2643656.009 324.2 0.9945 0.0 
4190000 17948 500.403 2649919.865 329.335 1.0375 0.0 
4200000 17961 571.459 2655608.267 358.741 1.1858 0.0 
4210000 17974 614.326 2661740.957 383.283 1.278 0.0 
4220000 17987 637.997 2668011.94 398.6 1.3263 0.0 
4230000 18003 643.474 2674179.292 397.812 1.3323 0.0 
4240000 18024 581.882 2679628.418 347.929 1.2052 0.0 
4250000 18049 504.803 2687751.726 337.97 1.0462 0.0 
4260000 18066 540.707 2696699.445 401.66 1.1176 0.0 
4270000 18104 372.151 2705841.723 294.351 0.7669 0.0 
4280000 18164 228.285 2715036.461 199.366 0.4682 0.0 
4290000 18179 353.405 2723933.847 311.497 0.7317 0.0 
4300000 18197 420.59 2731612.67 351.24 0.8718 0.0 
4310000 18214 475.857 2737861.611 359.703 0.9886 0.0 
4320000 18231 490.372 2747037.047 392.009 1.015 0.0 
4330000 18250 520.117 2757091.642 458.811 1.07 0.0 
4340000 18264 556.461 2765721.927 488.228 1.1482 0.0 
4350000 18277 604.677 2775093.894 542.711 1.2465 0.0 
4360000 18289 661.69 2785051.224 612.533 1.3618 0.0 
4370000 18304 666.705 2796335.772 651.023 1.3712 0.0 
4380000 18317 684.006 2807193.196 689.462 1.4059 0.0 
4390000 18336 640.705 2815926.039 621.851 1.318 0.0 
4400000 18350 645.917 2823919.32 600.888 1.3286 0.0 
4410000 18367 625.769 2831058.688 544.699 1.2858 0.0 
4420000 18381 653.281 2836346.117 506.473 1.3462 0.0 
4430000 18401 591.716 2843207.092 441.507 1.2213 0.0 
4440000 18424 531.607 2848598.011 366.449 1.0955 0.0 
4450000 18438 567.6 2855248.24 389.246 1.1719 0.0 
4460000 18451 616.855 2860980.589 401.1 1.2749 0.0 
4470000 18466 625.605 2866003.753 380.846 1.3 0.0 
4480000 18477 683.57 2871506.021 407.521 1.4233 0.0 
4490000 18491 696.585 2876688.691 401.256 1.4534 0.0 
4500000 18505 693.835 2882188.537 395.44 1.4465 0.0 
4510000 18522 661.59 2886923.994 360.762 1.3783 0.0 
4520000 18547 550.01 2891486.784 285.528 1.1453 0.0 
4530000 18577 442.043 2895483.526 212.423 0.9201 0.0 
4540000 18595 471.417 2900173.088 224.108 0.9787 0.0 
4550000 18612 507.645 2905345.202 248.802 1.0528 0.0 
4560000 18627 534.364 2910313.622 262.701 1.1111 0.0 
4570000 18657 451.165 2916123.01 236.678 0.9375 0.0 
4580000 18676 464.376 2921290.04 241.906 0.9673 0.0 
4590000 18708 405.019 2927235.79 222.123 0.8451 0.0 
4600000 18723 469.056 2933737.734 274.639 0.9791 0.0 
4610000 18738 524.132 2940359.935 321.238 1.0939 0.0 
4620000 18757 517.51 2947043.916 326.733 1.0849 0.0 
4630000 18785 450.523 2953601.076 288.245 0.9428 0.0 
4640000 18798 517.831 2958483.32 304.017 1.0824 0.0 
4650000 18816 531.901 2963647.752 300.743 1.1116 0.0 
4660000 18826 602.454 2968331.329 321.453 1.2589 0.0 
4670000 18839 649.817 2972728.542 330.697 1.3551 0.0 
4680000 18855 649.47 2978521.229 343.83 1.3576 0.0 
4690000 18870 649.339 2983799.972 342.661 1.3559 0.0 
4700000 18892 569.533 2989049.581 299.96 1.186 0.0 
4710000 18918 512.656 2994231.001 269.613 1.0648 0.0 
4720000 18930 576.692 2999239.972 298.794 1.1985 0.0 
4730000 18948 570.674 3004509.284 296.712 1.1832 0.0 
4740000 18964 587.381 3010361.145 317.97 1.2241 0.0 
4750000 18984 563.599 3016200.151 312.243 1.1757 0.0 
4760000 19000 574.099 3022216.372 326.73 1.2006 0.0 
4770000 19027 486.7 3028408.0 285.663 1.0158 0.0 
4780000 19063 374.729 3035210.547 234.403 0.7803 0.0 
4790000 19096 338.633 3041271.13 209.418 0.7018 0.0 
4800000 19123 341.2 3047404.872 209.61 0.7057 0.0 
4810000 19142 402.72 3052972.32 237.5 0.8307 0.0 
4820000 19163 426.913 3058256.909 241.084 0.8849 0.0 
4830000 19176 497.276 3063910.822 281.366 1.0304 0.0 
4840000 19188 579.601 3068966.968 317.131 1.2029 0.0 
4850000 19199 640.165 3073714.76 337.105 1.3307 0.0 
4860000 19209 705.989 3079916.65 388.259 1.4694 0.0 
4870000 19221 721.183 3085892.537 406.205 1.5015 0.0 
4880000 19245 602.95 3091570.891 338.517 1.2533 0.0 
4890000 19262 609.14 3096939.452 337.522 1.2644 0.0 
4900000 19280 597.416 3103054.274 340.492 1.2398 0.0 
4910000 19298 573.06 3108707.589 325.14 1.1904 0.0 
4920000 19312 609.723 3114300.307 343.42 1.265 0.0 
4930000 19324 652.095 3119181.634 357.396 1.3559 0.0 
4940000 19341 642.415 3124187.152 342.823 1.3374 0.0 
4950000 19371 496.738 3129628.319 266.842 1.0375 0.0 
4960000 19393 483.122 3135184.44 263.208 1.009 0.0 
4970000 19407 538.395 3139787.376 279.317 1.1261 0.0 
4980000 19432 485.805 3145725.219 262.829 1.0104 0.0 
4990000 19446 530.289 3151982.846 300.143 1.0989 0.0 
5000000 19500 337.778 3157755.786 193.146 0.6999 0.0 
5010000 19513 428.949 3163849.954 252.097 0.8885 0.0 
5020000 19524 538.113 3169873.128 320.553 1.1154 0.0 
5030000 19554 430.878 3175418.264 250.712 0.8943 0.0 
5040000 19606 289.331 3180986.553 165.434 0.5998 0.0 
5050000 19625 368.496 3186790.213 210.752 0.7652 0.0 
5060000 19643 416.872 3192505.027 238.822 0.8652 0.0 
5070000 19662 457.193 3197947.36 257.979 0.9512 0.0 
5080000 19686 431.467 3203020.956 235.276 0.8968 0.0 
5090000 19704 471.351 3209670.923 278.216 0.9798 0.0 
5100000 19717 536.211 3216817.927 337.945 1.1151 0.0 
5110000 19730 589.206 3223632.355 382.052 1.2289 0.0 
5120000 19755 512.376 3227323.445 288.107 1.0682 0.0 
5130000 19779 487.936 3231389.843 247.805 1.016 0.0 
5140000 19796 518.88 3236702.723 267.833 1.079 0.0 
5150000 19813 535.611 3242274.65 283.02 1.11 0.0 
5160000 19828 560.488 3247431.299 296.991 1.1609 0.0 
5170000 19839 629.245 3252515.443 328.522 1.3051 0.0 
5180000 19863 548.912 3258103.375 291.186 1.1396 0.0 
5190000 19879 574.8 3263670.097 310.068 1.1955 0.0 
5200000 19902 513.071 3269400.296 280.909 1.0688 0.0 
5210000 19934 430.047 3274266.918 225.811 0.8982 0.0 
5220000 19956 444.465 3279331.492 230.615 0.9246 0.0 
5230000 19979 436.671 3284487.423 225.559 0.9089 0.0 
5240000 19994 483.252 3289729.777 249.194 1.005 0.0 
5250000 20012 514.957 3295232.708 272.677 1.072 0.0 
5260000 20024 578.919 3301311.848 320.717 1.2045 0.0 
5270000 20045 548.329 3307413.466 314.781 1.1411 0.0 
5280000 20060 570.098 3313037.114 325.771 1.1891 0.0 
5290000 20099 408.775 3317784.391 219.008 0.8495 0.0 
5300000 20118 458.548 3322313.688 230.211 0.9568 0.0 
5310000 20145 423.589 3327594.632 217.139 0.8777 0.0 
5320000 20166 454.79 3332900.97 236.821 0.9453 0.0 
5330000 20183 502.078 3338140.819 262.631 1.043 0.0 
5340000 20195 560.856 3343759.55 299.531 1.1622 0.0 
5350000 20217 532.161 3349295.535 287.577 1.0997 0.0 
5360000 20289 258.838 3354288.5 135.565 0.5387 0.0 
5370000 20321 279.148 3359669.542 149.836 0.5814 0.0 
5380000 20339 353.108 3364616.937 182.977 0.7369 0.0 
5390000 20362 380.081 3369900.787 198.651 0.7956 0.0 
5400000 20379 438.565 3375274.785 231.605 0.9185 0.0 
5410000 20389 541.267 3380516.494 284.239 1.1363 0.0 
5420000 20404 578.258 3386633.859 319.242 1.2088 0.0 
5430000 20433 471.076 3392705.537 267.901 0.9841 0.0 
5440000 20448 509.905 3397885.335 283.174 1.0642 0.0 
5450000 20474 456.74 3402503.226 239.035 0.9502 0.0 
5460000 20490 500.917 3407538.901 260.022 1.0412 0.0 
5470000 20500 592.212 3412123.033 296.438 1.2301 0.0 
5480000 20512 640.864 3416485.453 313.078 1.3313 0.0 
5490000 20525 672.901 3420906.306 316.668 1.3965 0.0 
5500000 20535 730.006 3426119.278 352.296 1.5168 0.0 
5510000 20546 773.772 3431607.019 385.854 1.6068 0.0 
5520000 20560 757.311 3436921.11 382.746 1.5697 0.0 
5530000 20573 762.152 3441228.721 371.929 1.576 0.0 
5540000 20603 559.625 3445214.353 259.851 1.158 0.0 
5550000 20664 259.268 3448834.71 106.168 0.5371 0.0 
5560000 20706 255.076 3452980.447 106.062 0.5298 0.0 
5570000 20735 289.722 3457141.968 119.114 0.5999 0.0 
5580000 20768 283.578 3461140.087 113.536 0.5896 0.0 
5590000 20805 291.272 3465254.766 120.821 0.606 0.0 
5600000 20829 337.651 3469780.441 146.782 0.7051 0.0 
5610000 20844 427.16 3475337.723 207.875 0.8936 0.0 
5620000 20861 479.172 3480198.984 232.365 1.0012 0.0 
5630000 20883 484.167 3485473.428 241.87 1.0154 0.0 
5640000 20897 540.438 3490730.459 274.979 1.1317 0.0 
5650000 20920 501.852 3495964.072 257.524 1.0498 0.0 
5660000 20936 542.547 3501624.641 288.698 1.1362 0.0 
5670000 20958 505.104 3506787.47 266.981 1.0584 0.0 
5680000 20985 449.397 3511390.923 227.315 0.9368 0.0 
5690000 21008 430.326 3516337.642 215.2 0.897 0.0 
5700000 21030 448.341 3521031.849 219.383 0.9312 0.0 
5710000 21047 486.923 3524897.725 221.565 1.013 0.0 
5720000 21067 494.871 3528799.271 214.645 1.0257 0.0 
5730000 21079 575.75 3533545.171 256.135 1.1948 0.0 
5740000 21093 605.715 3537978.822 269.786 1.2584 0.0 
5750000 21105 641.417 3542769.955 290.533 1.336 0.0 
5760000 21121 644.996 3547686.825 298.27 1.3457 0.0 
5770000 21134 666.818 3552680.687 316.138 1.3877 0.0 
5780000 21190 333.01 3556853.625 149.747 0.6935 0.0 
5790000 21232 280.493 3561663.348 130.523 0.5828 0.0 
5800000 21258 322.899 3566662.415 153.596 0.675 0.0 
5810000 21301 266.329 3571646.981 130.951 0.5531 0.0 
5820000 21326 342.469 3576893.924 174.463 0.7116 0.0 
5830000 21360 311.573 3581359.521 149.477 0.6482 0.0 
5840000 21373 410.767 3585896.421 192.066 0.8583 0.0 
5850000 21404 360.6 3590905.227 171.88 0.7491 0.0 
5860000 21443 316.691 3595810.115 153.805 0.6566 0.0 
5870000 21469 341.042 3600224.527 158.736 0.7087 0.0 
5880000 21496 360.677 3604852.445 168.268 0.7529 0.0 
5890000 21510 446.453 3609784.995 213.037 0.9321 0.0 
5900000 21524 502.628 3614625.975 241.701 1.0506 0.0 
5910000 21541 530.347 3619255.354 250.905 1.1076 0.0 
5920000 21555 582.327 3623594.344 269.806 1.2153 0.0 
5930000 21571 591.734 3628476.671 277.687 1.2361 0.0 
5940000 21611 415.576 3633765.847 204.278 0.8688 0.0 
5950000 21640 395.199 3638763.669 194.811 0.8234 0.0 
5960000 21657 450.299 3643600.801 220.645 0.9365 0.0 
5970000 21671 509.879 3648151.936 243.928 1.0618 0.0 
5980000 21724 282.268 3652993.346 135.911 0.5857 0.0 
5990000 21751 326.61 3658046.982 161.447 0.6791 0.0 
6000000 21773 357.3 3663144.838 178.903 0.7443 0.0 
6010000 21833 207.399 3667809.627 99.656 0.4296 0.0 
6020000 21869 250.327 3672396.632 116.709 0.5202 0.0 
6030000 21895 305.876 3676753.748 138.819 0.6374 0.0 
6040000 21955 175.154 3680602.335 70.802 0.3664 0.0 
6050000 22032 151.409 3683651.692 51.799 0.3172 0.0 
6060000 22057 258.094 3688296.571 110.848 0.5375 0.0 
6070000 22072 362.477 3693633.334 172.803 0.7575 0.0 
6080000 22086 444.992 3699007.642 222.132 0.93 0.0 
6090000 22101 495.835 3704051.293 248.311 1.0367 0.0 
6100000 22116 552.257 3708749.901 270.972 1.1564 0.0 
6110000 22129 603.845 3713968.257 302.517 1.2653 0.0 
6120000 22140 648.742 3719575.797 334.597 1.3599 0.0 
6130000 22151 701.794 3725169.39 370.221 1.4698 0.0 
6140000 22166 695.063 3731166.503 378.565 1.4523 0.0 
6150000 22209 442.513 3736708.206 243.202 0.9249 0.0 
6160000 22253 334.339 3741336.911 169.74 0.6998 0.0 
6170000 22278 344.416 3746019.949 169.383 0.7202 0.0 
6180000 22309 319.266 3751109.349 159.154 0.666 0.0 
6190000 22326 401.163 3756720.047 210.115 0.8347 0.0 
6200000 22347 420.948 3762544.145 230.294 0.8757 0.0 
6210000 22368 444.347 3768663.723 253.309 0.9276 0.0 
6220000 22384 498.752 3774533.949 288.544 1.0476 0.0 
6230000 22401 527.909 3780077.137 301.424 1.1087 0.0 
6240000 22415 567.43 3785506.143 319.68 1.1938 0.0 
6250000 22434 556.19 3791281.108 314.65 1.1696 0.0 
6260000 22455 545.091 3796614.03 303.787 1.15 0.0 
6270000 22483 453.372 3802139.462 251.542 0.9568 0.0 
6280000 22512 403.366 3807616.121 222.412 0.8497 0.0 
6290000 22528 467.536 3812181.618 241.388 0.9834 0.0 
6300000 22544 502.908 3816342.665 243.248 1.0591 0.0 
6310000 22557 572.449 3820403.093 262.237 1.2073 0.0 
6320000 22644 173.36 3823252.549 61.336 0.3643 0.0 
6330000 22977 32.921 3820785.607 -3.998 0.0686 0.0 
6340000 23046 127.025 3824155.547 40.081 0.2659 0.0 
6350000 23081 209.976 3827341.09 66.312 0.4389 0.0 
6360000 23130 190.366 3830113.329 55.41 0.3996 0.0 
6370000 23143 331.119 3833139.136 98.593 0.6979 0.0 
6380000 23174 318.251 3836230.282 96.622 0.6708 0.0 
6390000 23187 417.43 3839882.708 137.118 0.8783 0.0 
6400000 23197 523.998 3843734.399 182.541 1.1039 0.0 
6410000 23208 602.1 3847996.27 224.613 1.2651 0.0 
6420000 23230 541.793 3851686.297 200.948 1.138 0.0 
6430000 23241 614.652 3855801.659 235.257 1.2903 0.0 
6440000 23257 601.266 3860244.094 239.388 1.259 0.0 
6450000 23294 424.318 3864531.217 172.716 0.8871 0.0 
6460000 23321 402.213 3868820.965 166.972 0.8408 0.0 
6470000 23335 473.835 3873194.718 200.673 0.9932 0.0 
6480000 23348 550.54 3877707.313 238.08 1.1547 0.0 
6490000 23358 632.758 3882419.372 280.636 1.3267 0.0 
6500000 23368 699.937 3886663.484 307.114 1.4654 0.0 
6510000 23378 753.366 3891266.095 334.36 1.5795 0.0 
6520000 23388 798.482 3895951.236 359.026 1.672 0.0 
6530000 23398 817.47 3900616.064 369.046 1.7159 0.0 
6540000 23410 824.11 3904925.407 370.079 1.7273 0.0 
6550000 23430 714.839 3909118.991 315.786 1.4979 0.0 
6560000 23442 740.596 3913674.626 329.446 1.5509 0.0 
6570000 23456 739.947 3917987.837 327.111 1.5481 0.0 
6580000 23472 709.962 3922718.156 319.081 1.483 0.0 
6590000 23484 737.232 3927559.165 337.604 1.542 0.0 
6600000 23497 744.292 3932323.579 344.417 1.5621 0.0 
6610000 23521 612.54 3937328.542 288.661 1.286 0.0 
6620000 23580 313.79 3940956.934 134.695 0.656 0.0 
6630000 23636 245.128 3944383.96 93.118 0.5068 0.0 
6640000 23658 319.424 3949018.461 135.124 0.6616 0.0 
6650000 23694 285.861 3954125.755 131.851 0.5924 0.0 
6660000 23757 180.359 3958977.766 84.699 0.3744 0.0 
6670000 23823 173.563 3963054.438 73.662 0.364 0.0 
6680000 23850 271.698 3969158.453 148.7 0.5686 0.0 
6690000 23863 380.851 3975165.602 218.269 0.7952 0.0 
6700000 23877 465.278 3980448.692 258.797 0.9719 0.0 
6710000 23887 547.773 3986210.332 306.453 1.1451 0.0 
6720000 23905 555.158 3990948.897 297.665 1.1585 0.0 
6730000 23915 625.634 3996425.831 336.135 1.306 0.0 
6740000 23927 672.993 4002080.459 367.495 1.4054 0.0 
6750000 23941 697.715 4008391.008 396.871 1.4582 0.0 
6760000 23952 723.417 4014413.627 417.471 1.5108 0.0 
6770000 23974 644.021 4020298.046 375.304 1.3463 0.0 
6780000 24001 506.642 4026739.512 304.672 1.0566 0.0 
6790000 24021 510.59 4033183.407 311.751 1.068 0.0 
6800000 24036 545.751 4039805.353 342.074 1.1432 0.0 
6810000 24066 469.175 4045059.065 278.794 0.982 0.0 
6820000 24088 455.369 4049561.91 246.464 0.9542 0.0 
6830000 24107 478.54 4055745.528 272.455 0.9987 0.0 
6840000 24119 565.861 4062100.402 335.082 1.1809 0.0 
6850000 24134 596.152 4066936.148 333.307 1.2428 0.0 
6860000 24148 623.062 4072401.792 346.586 1.2992 0.0 
6870000 24159 677.936 4077586.05 369.458 1.415 0.0 
6880000 24169 736.85 4084244.354 423.024 1.5405 0.0 
6890000 24181 758.364 4090619.526 448.907 1.5832 0.0 
6900000 24195 750.405 4096764.941 447.227 1.5675 0.0 
6910000 24218 611.622 4101599.885 349.432 1.2794 0.0 
6920000 24238 584.923 4106157.522 312.618 1.2233 0.0 
6930000 24259 554.292 4111070.694 289.069 1.1569 0.0 
6940000 24271 616.195 4116816.02 330.723 1.2875 0.0 
6950000 24295 542.322 4122240.481 292.123 1.1319 0.0 
6960000 24316 518.781 4127337.696 275.252 1.0843 0.0 
6970000 24332 544.227 4132383.345 283.705 1.1379 0.0 
6980000 24345 600.103 4137647.069 314.035 1.2559 0.0 
6990000 24357 649.467 4142822.076 339.606 1.3603 0.0 
7000000 24371 652.052 4148710.543 351.631 1.3651 0.0 
7010000 24389 639.743 4154115.882 346.085 1.3425 0.0 
7020000 24402 662.931 4159175.776 352.709 1.3914 0.0 
7030000 24420 623.398 4164314.172 329.13 1.3058 0.0 
7040000 24439 595.46 4169556.945 312.5 1.2489 0.0 
7050000 24462 534.569 4174465.616 274.722 1.1229 0.0 
7060000 24477 575.318 4179750.358 297.885 1.209 0.0 
7070000 24494 578.248 4184930.216 299.839 1.2161 0.0 
7080000 24511 587.603 4190281.889 307.989 1.2378 0.0 
7090000 24523 654.61 4195399.345 341.252 1.3801 0.0 
7100000 24535 693.454 4200704.078 363.167 1.4626 0.0 
7110000 24547 707.594 4206125.585 374.918 1.4938 0.0 
7120000 24564 667.695 4211157.939 348.293 1.4075 0.0 
7130000 24606 401.05 4216046.515 205.95 0.8471 0.0 
7140000 24618 482.871 4221115.875 247.542 1.0219 0.0 
7150000 24636 519.474 4225930.057 260.502 1.0982 0.0 
7160000 24650 569.079 4230938.525 285.996 1.2032 0.0 
7170000 24668 547.455 4236447.527 282.099 1.1549 0.0 
7180000 24682 600.142 4241952.597 315.657 1.2642 0.0 
7190000 24707 510.956 4247825.429 277.046 1.0768 0.0 
7200000 24747 366.596 4253325.594 199.432 0.7729 0.0 
7210000 24861 127.251 4257544.246 56.439 0.2672 0.0 
7220000 25059 33.285 4260602.731 6.988 0.0709 0.0 
7230000 25076 190.243 4265798.933 91.319 0.4027 0.0 
7240000 25090 322.543 4271099.857 163.272 0.6802 0.0 
7250000 25119 329.172 4276486.644 171.35 0.6943 0.0 
7260000 25138 379.352 4281313.239 192.057 0.8002 0.0 
7270000 25180 299.238 4286112.902 146.314 0.6281 0.0 
7280000 25311 93.368 4289324.957 33.261 0.1941 0.0 
7290000 25341 201.524 4294970.458 104.058 0.4238 0.0 
7300000 25357 329.757 4301075.31 186.866 0.6927 0.0 
7310000 25369 423.912 4306139.948 231.147 0.8887 0.0 
7320000 25383 501.128 4311626.961 273.316 1.0509 0.0 
7330000 25395 573.568 4317625.425 321.661 1.2055 0.0 
7340000 25407 629.957 4323339.585 355.946 1.3225 0.0 
7350000 25422 651.273 4329197.188 371.392 1.3691 0.0 
7360000 25436 670.645 4334808.497 380.895 1.4072 0.0 
7370000 25454 616.333 4340898.182 356.187 1.2907 0.0 
7380000 25493 423.834 4344583.027 213.783 0.8892 0.0 
7390000 25560 193.016 4348689.373 87.988 0.4042 0.0 
7400000 25622 213.841 4353687.73 108.35 0.4478 0.0 
7410000 25634 346.632 4359572.585 190.187 0.7255 0.0 
7420000 25663 343.803 4365432.389 194.29 0.718 0.0 
7430000 25674 452.922 4371960.322 271.762 0.9434 0.0 
7440000 25686 530.249 4378157.559 320.714 1.1036 0.0 
7450000 25699 590.472 4384751.428 368.105 1.225 0.0 
7460000 25714 604.7 4390268.002 364.19 1.2612 0.0 
7470000 25727 656.93 4396096.485 392.035 1.3749 0.0 
7480000 25751 553.93 4401333.379 318.899 1.16 0.0 
7490000 25788 413.846 4406017.41 223.692 0.8655 0.0 
7500000 25813 400.097 4410043.235 194.003 0.8366 0.0 
7510000 25841 376.142 4415019.546 184.269 0.7882 0.0 
7520000 25863 399.509 4420675.47 207.299 0.8381 0.0 
7530000 25904 290.294 4426243.948 153.119 0.6062 0.0 
7540000 25938 287.733 4431628.613 153.671 0.6027 0.0 
7550000 25995 237.266 4436393.751 121.183 0.4947 0.0 
7560000 26015 325.371 4441648.551 167.769 0.6879 0.0 
7570000 26028 420.262 4446051.926 204.236 0.8857 0.0 
7580000 26040 512.745 4451404.765 256.893 1.0763 0.0 
7590000 26066 459.665 4456373.565 229.63 0.9633 0.0 
7600000 26092 437.871 4461443.985 220.601 0.9147 0.0 
7610000 26103 532.724 4467478.389 285.818 1.1107 0.0 
7620000 26125 499.843 4472575.322 264.106 1.0414 0.0 
7630000 26176 295.159 4476274.976 135.18 0.6156 0.0 
7640000 26216 269.348 4479764.18 110.041 0.5606 0.0 
7650000 26239 342.275 4483484.558 133.898 0.7132 0.0 
7660000 26266 347.179 4487917.65 142.69 0.7238 0.0 
7670000 26305 294.43 4492120.258 122.257 0.6134 0.0 
7680000 26360 227.228 4496110.532 93.084 0.4715 0.0 
7690000 26388 282.788 4500813.488 124.865 0.5874 0.0 
7700000 26410 339.359 4505888.944 159.39 0.7074 0.0 
7710000 26431 382.953 4511246.36 190.616 0.802 0.0 
7720000 26460 348.336 4515709.594 165.419 0.7285 0.0 
7730000 26524 194.565 4519488.338 80.896 0.4063 0.0 
7740000 26578 195.792 4523493.473 83.649 0.4048 0.0 
7750000 26606 266.796 4528632.978 128.718 0.5524 0.0 
7760000 26622 360.002 4533761.624 180.331 0.7498 0.0 
7770000 26638 442.993 4539266.463 230.044 0.928 0.0 
7780000 26654 481.657 4544642.613 254.651 1.0094 0.0 
7790000 26676 474.95 4549790.241 247.626 0.9934 0.0 
7800000 26691 535.042 4555081.653 281.501 1.1158 0.0 
7810000 26714 483.836 4560709.314 258.936 1.0095 0.0 
7820000 26736 472.012 4566210.823 256.547 0.9818 0.0 
7830000 26763 416.325 4571691.927 225.297 0.8666 0.0 
7840000 26790 396.966 4577237.642 218.149 0.8267 0.0 
7850000 26810 425.263 4582249.453 225.585 0.8898 0.0 
7860000 26834 422.04 4587219.226 217.803 0.8841 0.0 
7870000 26850 479.421 4592310.583 246.667 1.008 0.0 
7880000 26876 441.4 4596759.282 216.094 0.9254 0.0 
7890000 26890 505.716 4601619.537 246.968 1.0621 0.0 
7900000 26901 585.643 4606281.613 282.406 1.2324 0.0 
7910000 26920 561.006 4611598.748 279.807 1.1794 0.0 
7920000 26945 493.291 4616906.417 252.576 1.0368 0.0 
7930000 26975 432.267 4622579.422 229.236 0.9076 0.0 
7940000 27006 370.222 4627915.408 197.104 0.7783 0.0 
7950000 27025 426.854 4633060.208 223.992 0.8983 0.0 
7960000 27042 468.99 4638335.788 246.967 0.9834 0.0 
7970000 27067 438.703 4642827.891 217.99 0.9181 0.0 
7980000 27102 358.624 4647263.422 171.05 0.7519 0.0 
7990000 27124 385.412 4652526.252 191.373 0.8113 0.0 
8000000 27140 452.526 4658312.24 239.203 0.9542 0.0 
8010000 27154 514.232 4664302.822 283.747 1.0849 0.0 
8020000 27168 566.653 4670006.772 315.871 1.1961 0.0 
8030000 27182 599.441 4675264.171 330.357 1.2629 0.0 
8040000 27196 633.093 4680785.952 349.165 1.3339 0.0 
8050000 27210 644.078 4686518.615 360.119 1.3556 0.0 
8060000 27227 636.225 4692185.459 356.106 1.3338 0.0 
8070000 27256 497.842 4697792.419 277.782 1.0435 0.0 
8080000 27278 467.618 4703285.237 259.368 0.9813 0.0 
8090000 27299 476.837 4708805.905 264.835 1.003 0.0 
8100000 27336 369.643 4714104.657 201.102 0.7751 0.0 
8110000 27366 349.923 4719481.728 189.082 0.7341 0.0 
8120000 27411 263.529 4725469.326 149.791 0.5533 0.0 
8130000 27459 230.755 4730786.054 125.5 0.4813 0.0 
8140000 27507 195.981 4735902.013 103.59 0.41 0.0 
8150000 27565 178.725 4741282.373 96.535 0.3742 0.0 
8160000 27598 229.84 4746683.413 123.87 0.4789 0.0 
8170000 27650 205.288 4751489.857 103.898 0.4284 0.0 
8180000 27671 296.339 4756629.316 150.573 0.6226 0.0 
8190000 27694 362.055 4761535.75 181.46 0.7564 0.0 
8200000 27710 426.113 4765837.996 201.002 0.8911 0.0 
8210000 27724 490.034 4771192.989 241.345 1.026 0.0 
8220000 27740 532.52 4776841.217 275.49 1.1101 0.0 
8230000 27754 573.173 4781551.851 290.613 1.1954 0.0 
8240000 27778 518.072 4785632.66 246.257 1.082 0.0 
8250000 27796 530.127 4790243.672 249.082 1.1077 0.0 
8260000 27810 576.173 4795161.408 274.461 1.2048 0.0 
8270000 27830 553.08 4800240.943 268.701 1.1578 0.0 
8280000 27857 484.62 4804639.4 227.706 1.0153 0.0 
8290000 27871 539.716 4809352.834 253.894 1.1292 0.0 
8300000 27883 599.864 4814082.134 282.085 1.2585 0.0 
8310000 27893 673.06 4819292.65 326.05 1.4125 0.0 
8320000 27904 722.96 4824176.086 350.629 1.5172 0.0 
8330000 27916 739.536 4829344.178 364.271 1.5508 0.0 
8340000 27928 762.451 4834194.283 375.008 1.5965 0.0 
8350000 27940 779.163 4839025.348 380.655 1.6312 0.0 
8360000 27954 764.927 4844183.257 378.228 1.6014 0.0 
8370000 27973 682.247 4849246.399 339.834 1.4264 0.0 
8380000 27992 639.706 4853889.736 312.502 1.3382 0.0 
8390000 28013 587.93 4858357.623 280.033 1.2282 0.0 
8400000 28043 465.974 4863514.396 229.081 0.9719 0.0 
8410000 28075 394.39 4868126.58 189.917 0.8231 0.0 
8420000 28098 423.07 4873219.116 208.528 0.8833 0.0 
8430000 28113 485.451 4878186.964 239.758 1.0133 0.0 
8440000 28125 555.7 4882839.634 270.045 1.1619 0.0 
8450000 28139 586.579 4888012.224 291.333 1.228 0.0 
8460000 28169 459.258 4892792.1 224.547 0.9625 0.0 
8470000 28246 204.591 4896891.266 94.727 0.4269 0.0 
8480000 28289 219.663 4901418.642 100.345 0.4569 0.0 
8490000 28319 259.426 4906090.113 119.019 0.5383 0.0 
8500000 28375 216.499 4910133.389 92.715 0.4492 0.0 
8510000 28393 314.243 4914290.04 132.698 0.6576 0.0 
8520000 28409 404.274 4918883.562 176.582 0.8493 0.0 
8530000 28432 409.213 4923084.539 176.79 0.8608 0.0 
8540000 28456 415.54 4926542.149 165.144 0.8752 0.0 
8550000 28467 512.291 4930795.548 208.811 1.0774 0.0 
8560000 28478 581.071 4935382.786 245.758 1.2212 0.0 
8570000 28499 546.143 4939744.383 233.24 1.1453 0.0 
8580000 28513 603.587 4944502.146 267.101 1.2657 0.0 
8590000 28537 527.993 4948925.548 233.739 1.1064 0.0 
8600000 28574 388.569 4953048.801 167.328 0.8121 0.0 
8610000 28610 337.209 4957869.968 153.793 0.7021 0.0 
8620000 28635 361.628 4963189.661 177.469 0.7558 0.0 
8630000 28672 312.47 4968587.433 160.028 0.6549 0.0 
8640000 28699 337.163 4973540.31 169.664 0.7075 0.0 
8650000 28713 430.834 4978023.561 207.357 0.9047 0.0 
8660000 28747 364.911 4981834.502 161.653 0.7691 0.0 
8670000 28777 349.365 4986072.625 151.982 0.7373 0.0 
8680000 28818 283.911 4990646.114 126.345 0.5985 0.0 
8690000 28847 323.822 4995630.276 153.986 0.6813 0.0 
8700000 28871 352.496 4999947.181 161.393 0.7436 0.0 
8710000 28893 390.687 5005170.733 189.37 0.8212 0.0 
8720000 28912 435.731 5010518.167 219.31 0.9154 0.0 
8730000 28937 420.91 5015828.496 215.311 0.8838 0.0 
8740000 28962 404.539 5020686.483 201.974 0.8501 0.0 
8750000 28985 422.543 5025744.344 211.838 0.8886 0.0 
8760000 29010 414.175 5031032.842 211.009 0.8738 0.0 
8770000 29046 336.129 5036110.53 171.804 0.7083 0.0 
8780000 29082 312.506 5041428.648 162.654 0.6543 0.0 
8790000 29099 385.159 5046680.716 201.556 0.8054 0.0 
8800000 29140 303.376 5052087.451 162.085 0.6349 0.0 
8810000 29185 254.961 5056636.224 126.032 0.5333 0.0 
8820000 29219 266.124 5061326.174 128.903 0.5585 0.0 
8830000 29237 367.689 5066034.874 175.472 0.7733 0.0 
8840000 29253 426.781 5071196.68 210.085 0.8941 0.0 
8850000 29271 461.196 5076164.384 228.643 0.9669 0.0 
8860000 29293 457.117 5081399.145 229.539 0.9575 0.0 
8870000 29306 531.533 5086715.4 272.676 1.1132 0.0 
8880000 29321 560.099 5091921.319 288.034 1.1724 0.0 
8890000 29336 585.606 5097563.384 310.302 1.225 0.0 
8900000 29356 573.042 5103093.534 308.159 1.2007 0.0 
8910000 29367 631.13 5107974.318 331.526 1.3218 0.0 
8920000 29378 684.134 5112648.341 347.128 1.4363 0.0 
8930000 29393 692.056 5117471.58 347.19 1.4508 0.0 
8940000 29408 682.523 5123212.355 354.978 1.431 0.0 
8950000 29420 719.349 5129372.192 391.714 1.5065 0.0 
8960000 29433 727.739 5134253.462 386.795 1.526 0.0 
8970000 29447 724.197 5139515.021 383.731 1.5164 0.0 
8980000 29464 684.835 5144142.335 351.628 1.4344 0.0 
8990000 29475 721.91 5149367.242 372.313 1.51 0.0 
9000000 29490 710.152 5154280.2 361.693 1.4844 0.0 
9010000 29507 661.473 5159083.593 332.103 1.3834 0.0 
9020000 29543 474.16 5163955.407 235.329 0.9964 0.0 
9030000 29570 430.479 5168487.242 206.775 0.907 0.0 
9040000 29585 500.015 5173515.912 244.575 1.0509 0.0 
9050000 29602 525.278 5178877.706 265.018 1.103 0.0 
9060000 29625 481.989 5184867.9 257.639 1.008 0.0 
9070000 29643 492.692 5190745.285 271.841 1.0295 0.0 
9080000 29671 436.088 5196839.386 249.53 0.9178 0.0 
9090000 29698 419.777 5200731.662 207.95 0.8837 0.0 
9100000 29723 416.999 5206536.687 220.652 0.8809 0.0 
9110000 29745 428.358 5212506.18 237.809 0.9089 0.0 
9120000 29804 247.799 5217898.008 135.593 0.5263 0.0 
9130000 29827 311.561 5223699.29 175.623 0.6603 0.0 
9140000 29845 382.26 5228807.42 207.416 0.8064 0.0 
9150000 29859 461.649 5234282.816 249.794 0.9749 0.0 
9160000 29875 516.761 5239537.065 277.074 1.0936 0.0 
9170000 29886 581.781 5244436.604 304.708 1.2311 0.0 
9180000 29896 658.285 5248754.395 328.047 1.3933 0.0 
9190000 29913 627.774 5253626.389 312.385 1.328 0.0 
9200000 29935 580.865 5258747.475 289.77 1.2265 0.0 
9210000 29956 543.566 5263390.122 264.874 1.1481 0.0 
9220000 29993 379.713 5267754.659 178.168 0.801 0.0 
9230000 30047 252.61 5271678.109 106.264 0.5338 0.0 
9240000 30058 380.504 5277116.764 181.844 0.8028 0.0 
9250000 30073 457.849 5282419.477 230.958 0.9613 0.0 
9260000 30084 550.743 5286654.851 262.675 1.1601 0.0 
9270000 30095 624.486 5290445.721 279.959 1.3171 0.0 
9280000 30111 628.325 5294591.663 276.551 1.3251 0.0 
9290000 30124 659.192 5299294.841 294.725 1.3926 0.0 
9300000 30134 703.076 5302662.647 296.231 1.487 0.0 
9310000 30165 524.87 5306744.572 219.197 1.1086 0.0 
9320000 30184 528.956 5311160.229 225.124 1.1162 0.0 
9330000 30221 375.709 5316354.925 172.179 0.7912 0.0 
9340000 30253 342.025 5321889.496 170.918 0.7215 0.0 
9350000 30285 330.891 5326289.092 157.247 0.6964 0.0 
9360000 30315 335.479 5331246.184 162.932 0.7106 0.0 
9370000 30336 378.334 5335337.783 170.947 0.798 0.0 
9380000 30353 435.554 5340519.444 206.349 0.921 0.0 
9390000 30375 442.646 5345793.489 219.151 0.9357 0.0 
9400000 30394 470.376 5351484.266 245.304 0.9946 0.0 
9410000 30411 509.47 5357140.411 273.548 1.0765 0.0 
9420000 30454 337.09 5361679.774 169.148 0.7098 0.0 
9430000 30480 352.309 5364945.964 149.188 0.7428 0.0 
9440000 30501 387.243 5368239.765 149.215 0.8166 0.0 
9450000 30518 441.968 5371527.641 163.042 0.9318 0.0 
9460000 30539 442.781 5374423.375 150.913 0.9332 0.0 
9470000 30556 504.307 5377026.477 156.964 1.0639 0.0 
9480000 30573 521.248 5379643.264 153.751 1.0967 0.0 
9490000 30589 552.336 5382612.69 161.895 1.1616 0.0 
9500000 30603 597.832 5386252.446 189.154 1.2565 0.0 
9510000 30619 598.416 5390198.972 201.624 1.2576 0.0 
9520000 30643 537.709 5394106.525 190.492 1.1309 0.0 
9530000 30658 574.241 5398097.172 210.575 1.2086 0.0 
9540000 30670 624.893 5402336.405 240.029 1.3115 0.0 
9550000 30681 689.393 5406667.223 273.739 1.4441 0.0 
9560000 30692 726.952 5411026.149 295.39 1.5234 0.0 
9570000 30702 772.646 5415047.596 313.571 1.6219 0.0 
9580000 30713 802.176 5418971.125 322.701 1.6838 0.0 
9590000 30729 750.947 5422858.902 300.076 1.5751 0.0 
9600000 30743 747.911 5426854.372 298.525 1.5693 0.0 
9610000 30756 753.666 5431140.4 306.242 1.5836 0.0 
9620000 30775 674.104 5435350.182 276.097 1.418 0.0 
9630000 30819 412.089 5439164.734 164.189 0.8655 0.0 
9640000 30904 177.328 5442011.469 59.727 0.372 0.0 
9650000 30938 225.266 5446147.068 85.519 0.4729 0.0 
9660000 30972 267.655 5450700.853 112.059 0.5624 0.0 
9670000 30985 393.017 5454801.037 163.281 0.8258 0.0 
9680000 30998 481.125 5458999.148 200.325 1.0114 0.0 
9690000 31077 173.03 5461088.562 50.613 0.3636 0.0 
9700000 31113 247.602 5464461.692 81.216 0.5239 0.0 
9710000 31169 206.827 5469175.447 86.007 0.4357 0.0 
9720000 31186 314.786 5473373.36 131.789 0.6635 0.0 
9730000 31218 302.986 5477548.245 125.939 0.6398 0.0 
9740000 31234 404.358 5481752.008 169.149 0.8525 0.0 
9750000 31256 420.578 5485671.879 171.314 0.8863 0.0 
9760000 31275 452.463 5488818.003 169.596 0.9525 0.0 
9770000 31289 521.744 5492516.977 194.765 1.1013 0.0 
9780000 31300 600.503 5496990.948 237.685 1.2657 0.0 
9790000 31317 589.247 5501034.748 236.637 1.2424 0.0 
9800000 31342 513.891 5505440.817 212.04 1.0819 0.0 
9810000 31389 324.336 5510837.091 150.58 0.6847 0.0 
9820000 31438 264.001 5516536.47 136.353 0.5568 0.0 
9830000 31457 338.291 5521559.04 172.472 0.7143 0.0 
9840000 31468 457.009 5527208.532 242.52 0.9659 0.0 
9850000 31478 556.337 5532610.477 297.131 1.1787 0.0 
9860000 31497 529.052 5537783.255 279.673 1.1205 0.0 
9870000 31561 253.219 5542718.384 130.202 0.5341 0.0 
9880000 31587 325.999 5548218.259 174.656 0.6869 0.0 
9890000 31601 424.778 5553549.025 227.262 0.8968 0.0 
9900000 31623 417.716 5558651.195 219.79 0.8797 0.0 
9910000 31650 400.593 5564281.409 216.121 0.8445 0.0 
9920000 31664 468.152 5570050.279 259.693 0.9881 0.0 
9930000 31675 556.93 5575896.435 313.592 1.1761 0.0 
9940000 31685 637.979 5581637.273 361.763 1.347 0.0 
9950000 31714 503.779 5586980.481 280.372 1.0632 0.0 
9960000 31738 454.865 5592166.256 246.802 0.9603 0.0 
9970000 31756 486.857 5597303.46 259.67 1.0285 0.0 
9980000 31769 545.865 5602989.847 296.217 1.1523 0.0 
9990000 31782 612.822 5608805.848 340.588 1.2946 0.0 
10000000 31792 683.648 5614415.981 380.593 1.4409 0.0 
