10000 522 19.173 7556.772 14.945 0.0143 0 0 0 
20000 1045 19.186 15162.818 14.675 0.0143 0 0 0 
30000 1575 20.86 19676.235 15.924 0.3706 0 0 0 
40000 2062 19.342 28196.032 16.953 0.3487 0 0 0 
50000 2564 22.439 36559.12 18.546 0.3965 0 0 0 
60000 2958 26.49 44160.91 19.723 0.4692 0 0 0 
70000 3305 32.249 51755.928 24.534 0.5595 0 0 0 
80000 3640 27.986 59923.523 24.983 0.4965 0 0 0 
90000 3862 55.106 66946.769 37.256 0.9662 0 0 0 
100000 4033 56.478 75082.783 47.836 0.9932 0 0 0 
110000 4272 37.181 84266.954 33.077 0.6629 0 0 0 
120000 4500 46.18 93076.465 40.582 0.8024 0 0 0 
130000 4725 52.077 101977.812 44.713 0.9025 0 0 0 
140000 4848 78.176 110231.377 66.906 1.4443 0 0 0 
150000 4953 99.683 118392.149 79.875 2.3236 0 0 0 
160000 5027 136.91 125282.653 94.712 3.2381 0 0 0 
170000 5062 203.742 131543.087 132.0 4.86 0 0 0 
180000 5112 203.948 138392.923 136.147 4.8753 0 0 0 
190000 5166 195.983 145124.393 131.307 4.6812 0 0 0 
200000 5248 144.732 152738.397 104.968 3.4512 0 0 0 
210000 5352 104.508 160305.905 78.679 2.4879 0 0 0 
220000 5512 50.488 167940.599 39.769 1.2094 0 0 0 
230000 5642 80.273 175941.412 65.309 1.916 0 0 0 
240000 5786 66.828 184298.914 56.137 1.6088 0 0 0 
250000 5848 143.586 191705.719 106.969 3.4583 0 0 0 
260000 5881 216.637 198545.929 154.54 5.2124 0 0 0 
270000 5948 159.395 206541.106 123.397 3.8564 0 0 0 
280000 5996 199.613 213995.665 149.011 4.8164 0 0 0 
290000 6017 297.172 220636.362 208.036 7.1422 0 0 0 
300000 6038 355.414 226772.998 234.466 8.5624 0 0 0 
310000 6054 430.233 232394.517 267.245 10.3502 0 0 0 
320000 6070 478.156 238810.556 300.882 11.5273 0 0 0 
330000 6085 535.592 245329.08 340.736 12.8938 0 0 0 
340000 6113 457.24 252468.637 302.705 11.0119 0 0 0 
350000 6125 542.195 259359.754 364.696 13.033 0 0 0 
360000 6135 625.94 266336.184 425.242 15.0545 0 0 0 
370000 6145 687.981 273272.27 469.814 16.5465 0 0 0 
380000 6156 738.86 280056.019 503.542 17.7929 0 0 0 
390000 6168 748.536 286121.473 497.624 18.0374 0 0 0 
400000 6179 794.74 292408.97 520.971 19.1995 0 0 0 
410000 6190 805.202 299316.215 534.011 19.4765 0 0 0 
420000 6201 835.696 305996.252 555.228 20.2261 0 0 0 
430000 6211 861.191 313351.724 584.657 20.8537 0 0 0 
440000 6221 886.583 320818.628 613.233 21.4207 0 0 0 
450000 6231 897.984 329501.849 651.945 21.7171 0 0 0 
460000 6254 719.261 337025.156 527.261 17.3927 0 0 0 
470000 6289 491.96 343476.032 348.774 11.8901 0 0 0 
480000 6350 232.262 350187.288 160.783 5.6258 0 0 0 
490000 6386 262.384 357062.417 180.364 6.3941 0 0 0 
500000 6404 354.607 364838.998 259.071 8.6441 0 0 0 
510000 6417 450.73 372647.713 338.292 10.9632 0 0 0 
520000 6441 440.091 380397.506 333.98 10.6347 0 0 0 
530000 6458 485.233 387393.458 358.457 11.6848 0 0 0 
540000 6471 554.428 394680.578 407.218 11.3573 0 0 0 
550000 6499 456.421 402365.618 340.997 8.3329 0 0 0 
560000 6518 473.854 410664.546 367.206 7.9259 0 0 0 
570000 6535 513.288 418893.146 405.62 8.2629 0 0 0 
580000 6546 585.604 426243.811 454.199 9.5346 0 0 0 
590000 6557 652.502 433035.072 488.723 10.7569 0 0 0 
600000 6589 489.001 439898.263 358.651 8.1399 0 0 0 
610000 6610 479.61 447018.644 348.46 8.0506 0 0 0 
620000 6628 506.923 453573.114 356.212 8.5253 0 0 0 
630000 6641 566.218 460477.266 395.844 9.5352 0 0 0 
640000 6655 596.319 467660.092 420.119 10.0927 0 0 0 
650000 6680 518.566 475204.587 373.691 8.7779 0 0 0 
660000 6695 539.606 482448.485 389.779 9.1445 0 0 0 
670000 6714 548.929 489756.125 397.415 9.2935 0 0 0 
680000 6725 611.792 497318.54 449.778 10.3609 0 0 0 
690000 6736 674.181 504297.472 488.912 11.39 0 0 0 
700000 6762 551.137 510977.738 390.401 9.3099 0 0 0 
710000 6803 368.082 517325.898 252.719 6.2003 0 0 0 
720000 6819 434.896 524739.244 304.903 7.2949 0 0 0 
730000 6844 421.78 532808.619 313.489 7.0946 0 0 0 
740000 6874 380.935 540559.468 287.571 6.3723 0 0 0 
750000 6888 464.378 547898.582 346.363 7.7857 0 0 0 
760000 6907 486.779 556014.642 374.715 8.17 0 0 0 
770000 6923 522.546 564391.188 412.772 8.801 0 0 0 
780000 6943 523.126 573172.303 428.895 8.8188 0 0 0 
790000 6955 585.343 581971.057 490.837 9.8585 0 0 0 
800000 6967 633.155 589949.768 524.223 10.6873 0 0 0 
810000 6980 666.607 596841.539 527.417 11.2392 0 0 0 
820000 7006 553.602 604941.212 439.672 9.3565 0 0 0 
830000 7033 472.24 613260.929 381.579 7.9723 0 0 0 
840000 7049 517.88 620671.714 406.195 8.745 0 0 0 
850000 7064 552.112 628062.678 425.24 9.2954 0 0 0 
860000 7127 271.332 635059.833 201.068 4.5846 0 0 0 
870000 7167 258.121 642835.849 196.397 4.344 0 0 0 
880000 7201 296.988 649461.631 207.496 5.0137 0 0 0 
890000 7220 358.227 656290.838 248.06 6.0412 0 0 0 
900000 7245 371.766 662632.164 247.924 6.2804 0 0 0 
910000 7312 199.221 667821.763 116.096 3.3737 0 0 0 
920000 7360 229.517 673760.181 136.477 3.8815 0 0 0 
930000 7370 370.459 679485.436 216.27 6.2421 0 0 0 
940000 7385 440.662 685686.074 263.268 7.4237 0 0 0 
950000 7395 536.434 691967.969 325.791 9.073 0 0 0 
960000 7406 618.77 698099.328 378.068 10.4671 0 0 0 
970000 7419 644.667 703708.281 384.835 10.8986 0 0 0 
980000 7455 463.035 710569.211 289.841 7.8093 0 0 0 
990000 7479 444.001 717219.292 283.983 7.5028 0 0 0 
1000000 7494 505.218 723884.729 327.093 8.546 0 0 0 
1010000 7511 524.112 730587.286 343.394 8.8791 0 0 0 
1020000 7555 349.327 736968.967 226.799 5.896 0 0 0 
1030000 7613 231.817 743442.244 151.012 3.8933 0 0 0 
1040000 7677 176.97 750313.491 120.454 2.9824 0 0 0 
1050000 7734 189.044 757194.031 129.484 3.1981 0 0 0 
1060000 7751 303.738 763917.214 206.438 5.1411 0 0 0 
1070000 7785 283.726 769938.597 181.682 4.804 0 0 0 
1080000 7819 302.989 776283.547 192.991 5.1136 0 0 0 
1090000 7841 339.151 783001.214 220.089 5.7332 0 0 0 
1100000 7908 204.942 789353.785 132.53 3.4687 0 0 0 
1110000 7968 212.518 795487.238 134.482 3.57 0 0 0 
1120000 8004 241.051 801386.564 146.001 4.0593 0 0 0 
1130000 8078 134.571 807117.091 78.142 2.2705 0 0 0 
1140000 8106 229.324 813338.63 139.609 3.8697 0 0 0 
1150000 8122 342.328 819862.647 215.992 5.7372 0 0 0 
1160000 8139 419.224 826443.804 270.216 7.0416 0 0 0 
1170000 8163 415.543 832416.806 259.83 6.9846 0 0 0 
1180000 8180 458.392 838159.867 277.809 7.7181 0 0 0 
1190000 8198 496.905 844085.898 298.628 8.3767 0 0 0 
1200000 8213 548.621 850578.908 339.584 9.2688 0 0 0 
1210000 8225 607.231 856875.692 376.76 10.2405 0 0 0 
1220000 8239 626.892 863368.438 394.657 10.5515 0 0 0 
1230000 8252 655.804 870027.716 418.249 11.0362 0 0 0 
1240000 8264 705.212 877053.829 462.458 11.8751 0 0 0 
1250000 8284 633.196 883942.921 420.829 10.6619 0 0 0 
1260000 8320 440.81 890381.477 290.903 7.4098 0 0 0 
1270000 8336 499.778 897037.198 330.407 8.4 0 0 0 
1280000 8351 547.325 903681.976 362.324 9.1882 0 0 0 
1290000 8371 533.485 909345.929 336.604 8.9498 0 0 0 
1300000 8383 585.578 914819.317 356.986 9.8254 0 0 0 
1310000 8397 629.353 919434.02 355.921 10.5704 0 0 0 
1320000 8410 660.115 925674.197 384.26 11.1092 0 0 0 
1330000 8427 634.576 931851.773 375.086 10.6906 0 0 0 
1340000 8446 599.827 937950.796 356.212 10.1045 0 0 0 
1350000 8461 608.915 945724.022 392.106 10.2497 0 0 0 
1360000 8473 657.134 953891.109 453.612 11.082 0 0 0 
1370000 8484 703.755 962068.539 507.79 11.8878 0 0 0 
1380000 8510 584.62 968534.866 410.579 9.8826 0 0 0 
1390000 8542 441.927 974065.879 290.142 7.4854 0 0 0 
1400000 8569 407.156 979826.163 255.218 6.9187 0 0 0 
1410000 8605 330.868 985952.229 206.712 5.5829 0 0 0 
1420000 8633 333.711 992504.808 214.701 5.6635 0 0 0 
1430000 8684 259.634 998613.705 162.669 4.4022 0 0 0 
1440000 8705 329.584 1006030.87 225.529 5.5624 0 0 0 
1450000 8717 427.881 1014138.246 312.445 7.209 0 0 0 
1460000 8736 470.741 1021904.414 353.772 7.9358 0 0 0 
1470000 8752 510.697 1029270.308 381.164 8.6166 0 0 0 
1480000 8765 562.105 1036164.135 412.559 9.4754 0 0 0 
1490000 8783 562.871 1043756.032 414.525 9.4635 0 0 0 
1500000 8800 571.825 1051385.671 427.558 9.6569 0 0 0 
1510000 8814 607.784 1059297.365 461.283 10.241 0 0 0 
1520000 8835 545.515 1066413.731 407.946 9.1684 0 0 0 
1530000 8861 488.138 1073270.907 353.522 8.2017 0 0 0 
1540000 8879 496.587 1079516.017 345.288 8.3426 0 0 0 
1550000 8901 481.926 1086285.247 330.968 8.0938 0 0 0 
1560000 8918 515.26 1093175.235 354.065 8.657 0 0 0 
1570000 8949 407.868 1099530.382 272.987 6.8719 0 0 0 
1580000 8979 373.777 1105924.036 245.525 6.3078 0 0 0 
1590000 8991 475.67 1112937.711 320.296 8.0202 0 0 0 
1600000 9006 521.95 1119886.335 357.188 8.7825 0 0 0 
1610000 9020 580.793 1125625.148 376.94 9.7288 0 0 0 
1620000 9037 585.358 1131131.598 363.282 9.7881 0 0 0 
1630000 9052 595.573 1136995.786 363.564 9.9934 0 0 0 
1640000 9084 473.053 1142245.684 276.066 7.9669 0 0 0 
1650000 9099 516.688 1148201.291 303.264 8.5584 0 0 0 
1660000 9113 564.584 1154632.68 341.62 8.2868 0 0 0 
1670000 9132 548.812 1160492.412 328.69 10.295 0 0 0 
1680000 9170 388.984 1166093.781 226.916 6.8428 0 0 0 
1690000 9195 416.052 1171804.028 241.3 10.4816 0 0 0 
1700000 9220 397.191 1177635.05 230.987 10.4001 0 0 0 
1710000 9269 294.987 1183079.289 166.247 12.3554 0 0 0 
1720000 9286 388.885 1188681.738 219.004 19.1068 0 0 0 
1730000 9307 412.64 1194582.198 236.329 21.4778 0 0 0 
1740000 9327 441.704 1200245.611 252.142 23.9348 0 0 0 
1750000 9342 489.488 1206288.551 284.387 27.0472 0 0 0 
1760000 9386 328.069 1211745.707 186.119 18.5049 0 0 0 
1770000 9434 238.911 1217071.093 130.769 13.6738 0 0 0 
1780000 9483 219.439 1222561.979 120.665 12.6137 0 0 0 
1790000 9547 176.918 1228431.053 101.439 10.1759 0 0 0 
1800000 9591 210.942 1233788.374 115.019 12.2059 0 0 0 
1810000 9619 264.678 1239557.873 148.965 15.2961 0 0 0 
1820000 9644 316.123 1245913.704 189.021 18.1791 0 0 0 
1830000 9688 255.182 1251693.843 150.585 14.6327 0 0 0 
1840000 9730 244.6 1257738.422 146.746 14.1065 0 0 0 
1850000 9778 215.661 1264314.988 137.772 12.4637 0 0 0 
1860000 9801 302.581 1270764.339 193.269 17.4993 0 0 0 
1870000 9844 241.523 1275850.845 137.464 13.9059 0 0 0 
1880000 9872 297.533 1281119.179 161.996 17.2345 0 0 0 
1890000 9897 337.893 1286375.275 181.507 19.5985 0 0 0 
1900000 9921 377.892 1291596.145 200.744 21.8608 0 0 0 
1910000 9940 429.443 1297168.029 232.313 24.8502 0 0 0 
1920000 9961 446.09 1302652.865 242.934 25.8794 0 0 0 
1930000 9989 407.315 1308300.129 224.381 23.5945 0 0 0 
1940000 10008 442.963 1313080.169 230.79 25.7579 0 0 0 
1950000 10028 462.722 1318119.406 239.423 26.94 0 0 0 
1960000 10039 546.589 1323094.649 279.305 31.9198 0 0 0 
1970000 10052 598.799 1327805.484 298.827 34.9633 0 0 0 
1980000 10070 581.225 1332699.054 287.678 33.9426 0 0 0 
1990000 10087 580.487 1338939.188 309.572 33.8296 0 0 0 
2000000 10100 630.125 1345263.766 353.169 36.4637 0 0 0 
2010000 10113 670.442 1351728.136 391.259 38.9017 0 0 0 
2020000 10125 703.882 1358489.076 427.626 40.8249 0 0 0 
2030000 10141 669.416 1364717.848 409.984 38.8844 0 0 0 
2040000 10159 638.905 1370693.94 390.031 37.2246 0 0 0 
2050000 10179 602.092 1376614.977 363.994 35.1246 0 0 0 
2060000 10194 619.001 1381867.237 361.175 36.0322 0 0 0 
2070000 10205 668.9 1388292.429 400.495 38.9582 0 0 0 
2080000 10226 600.17 1395164.429 373.256 34.9102 0 0 0 
2090000 10240 646.623 1401926.068 412.859 37.563 0 0 0 
2100000 10252 680.35 1408129.087 431.874 39.5041 0 0 0 
2110000 10267 677.894 1414642.633 432.231 39.3334 0 0 0 
2120000 10289 599.736 1420081.522 366.329 34.9778 0 0 0 
2130000 10310 552.537 1425672.932 329.423 32.2787 0 0 0 
2140000 10329 543.258 1431682.645 324.646 31.7831 0 0 0 
2150000 10343 574.74 1438112.485 350.917 33.6435 0 0 0 
2160000 10370 489.932 1444227.505 298.973 28.6258 0 0 0 
2170000 10394 462.071 1450107.433 280.191 27.002 0 0 0 
2180000 10418 428.606 1455913.175 254.729 25.1031 0 0 0 
2190000 10446 410.451 1461838.752 244.505 23.9046 0 0 0 
2200000 10461 469.946 1468197.749 287.87 27.2782 0 0 0 
2210000 10483 466.119 1474816.98 292.032 26.9931 0 0 0 
2220000 10503 473.65 1481828.808 309.551 27.4084 0 0 0 
2230000 10520 508.364 1488899.781 342.415 29.8937 0 0 0 
2240000 10562 359.368 1495756.383 241.877 21.0854 0 0 0 
2250000 10583 403.012 1502635.323 271.542 23.6542 0 0 0 
2260000 10600 454.705 1509676.958 312.045 26.7678 0 0 0 
2270000 10614 510.094 1515725.962 335.991 30.0302 0 0 0 
2280000 10631 538.221 1520971.281 332.007 31.5709 0 0 0 
2290000 10645 569.921 1525976.715 333.451 33.4169 0 0 0 
2300000 10665 556.216 1529876.905 290.81 32.596 0 0 0 
2310000 10738 208.011 1533735.704 94.526 12.1675 0 0 0 
2320000 10812 156.158 1537630.223 65.266 9.1069 0 0 0 
2330000 10836 268.941 1542977.028 134.266 15.7244 0 0 0 
2340000 10868 287.923 1548202.049 148.382 16.8283 0 0 0 
2350000 10918 229.307 1553449.732 120.776 8.7792 0 0 0 
2360000 10955 244.123 1558723.232 128.578 6.3822 0 0 0 
2370000 10970 347.315 1564058.46 183.597 7.9686 0 0 0 
2380000 10984 441.338 1569621.127 237.633 9.5434 0 0 0 
2390000 11001 491.819 1575840.03 280.189 10.2586 0 0 0 
2400000 11017 517.541 1581890.078 301.408 10.6098 0 0 0 
2410000 11036 513.635 1588350.364 308.973 10.3473 0 0 0 
2420000 11075 366.023 1594631.601 223.678 7.2941 0 0 0 
2430000 11102 367.176 1600834.421 225.739 7.2783 0 0 0 
2440000 11113 481.124 1606554.089 288.022 9.4932 0 0 0 
2450000 11125 549.877 1612143.466 322.44 10.8507 0 0 0 
2460000 11136 631.366 1618089.859 371.508 12.4298 0 0 0 
2470000 11146 698.799 1624419.427 418.967 13.7054 0 0 0 
2480000 11175 536.79 1630700.79 326.151 10.5056 0 0 0 
2490000 11203 464.733 1636164.155 272.488 9.0947 0 0 0 
2500000 11225 463.571 1641247.163 258.763 9.0564 0 0 0 
2510000 11258 395.337 1645288.356 201.24 7.7244 0 0 0 
2520000 11285 385.438 1650589.886 199.887 7.503 0 0 0 
2530000 11305 404.587 1655487.309 205.202 7.8766 0 0 0 
2540000 11337 373.048 1660408.226 186.823 7.2412 0 0 0 
2550000 11355 431.192 1666163.362 229.613 8.4218 0 0 0 
2560000 11374 448.928 1671790.81 243.375 8.7862 0 0 0 
2570000 11399 422.205 1676831.508 223.562 8.2721 0 0 0 
2580000 11417 469.127 1682557.575 254.918 9.2403 0 0 0 
2590000 11440 459.266 1688521.963 258.78 9.0312 0 0 0 
2600000 11460 462.863 1694430.43 264.529 9.1027 0 0 0 
2610000 11489 401.339 1700672.018 235.948 7.9057 0 0 0 
2620000 11510 431.024 1706549.19 254.809 8.4438 0 0 0 
2630000 11533 433.764 1713689.689 274.936 8.4881 0 0 0 
2640000 11570 345.774 1720664.021 228.18 6.7673 0 0 0 
2650000 11608 312.715 1727726.827 214.982 6.0972 0 0 0 
2660000 11629 371.697 1734656.24 256.118 7.2397 0 0 0 
2670000 11651 387.019 1741412.276 264.267 6.9146 0 0 0 
2680000 11680 364.663 1748194.036 248.411 5.574 0 0 0 
2690000 11700 412.397 1755620.808 291.144 5.9485 0 0 0 
2700000 11718 445.706 1762729.279 318.969 6.3095 0 0 0 
2710000 11734 499.324 1769273.069 347.403 7.9208 0 0 0 
2720000 11763 426.69 1775225.412 280.751 7.3248 0 0 0 
2730000 11786 444.465 1780604.618 272.387 8.0859 0 0 0 
2740000 11806 450.156 1786469.488 272.341 8.4107 0 0 0 
2750000 11822 494.34 1792891.094 299.902 9.4012 0 0 0 
2760000 11848 456.035 1800395.28 302.261 8.7593 0 0 0 
2770000 11878 402.918 1807514.631 275.438 7.8065 0 0 0 
2780000 11914 324.086 1814140.521 219.16 6.2935 0 0 0 
2790000 11957 272.723 1822344.353 206.692 5.2834 0 0 0 
2800000 11979 339.238 1830524.278 267.366 6.6072 0 0 0 
2810000 11997 395.556 1836789.344 284.202 7.7349 0 0 0 
2820000 12024 382.563 1843570.213 269.139 7.4635 0 0 0 
2830000 12070 292.313 1849806.772 194.345 5.7151 0 0 0 
2840000 12090 357.919 1857507.403 255.215 7.0228 0 0 0 
2850000 12112 392.616 1864469.569 274.639 7.6739 0 0 0 
2860000 12123 483.735 1871286.055 335.937 9.4371 0 0 0 
2870000 12143 488.433 1879880.537 364.715 9.5378 0 0 0 
2880000 12158 537.46 1887544.304 405.393 10.4872 0 0 0 
2890000 12174 556.773 1895372.478 426.871 10.8568 0 0 0 
2900000 12189 580.222 1902168.794 429.683 11.2714 0 0 0 
2910000 12214 511.848 1908573.903 362.661 9.9348 0 0 0 
2920000 12231 540.981 1916363.02 395.244 10.424 0 0 0 
2930000 12252 518.766 1922377.728 357.612 10.0407 0 0 0 
2940000 12265 571.061 1929949.505 406.29 11.1002 0 0 0 
2950000 12280 603.764 1937638.964 439.443 11.7726 0 0 0 
2960000 12304 520.629 1944641.162 377.755 10.1712 0 0 0 
2970000 12319 564.345 1952123.748 411.595 11.0609 0 0 0 
2980000 12345 485.314 1959126.989 349.604 9.5107 0 0 0 
2990000 12368 470.597 1965094.659 319.166 9.1989 0 0 0 
3000000 12385 487.651 1972190.275 334.134 9.5417 0 0 0 
3010000 12401 536.952 1977471.938 339.795 10.4858 0 0 0 
3020000 12422 522.488 1983328.891 325.324 10.1975 0 0 0 
3030000 12449 452.726 1990849.045 300.109 8.8592 0 0 0 
3040000 12472 447.134 1998123.329 308.396 8.792 0 0 0 
3050000 12499 415.783 2006043.592 303.319 8.1602 0 0 0 
3060000 12524 414.123 2014297.837 316.451 8.1183 0 0 0 
3070000 12546 429.23 2022306.946 337.802 8.3818 0 0 0 
3080000 12570 419.646 2030848.923 340.86 8.187 0 0 0 
3090000 12596 400.862 2039748.925 337.596 7.8338 0 0 0 
3100000 12637 321.065 2047208.627 256.157 6.3044 0 0 0 
3110000 12663 339.961 2054761.668 263.622 6.6607 0 0 0 
3120000 12691 352.89 2061898.681 264.457 6.9139 0 0 0 
3130000 12722 338.531 2069668.471 258.694 6.6171 0 0 0 
3140000 12744 372.594 2077415.49 284.005 7.2595 0 0 0 
3150000 12770 387.304 2086271.479 318.102 7.5554 0 0 0 
3160000 12787 442.803 2096904.621 404.843 8.651 0 0 0 
3170000 12803 494.509 2106984.403 471.542 9.6982 0 0 0 
3180000 12838 373.302 2114569.625 327.82 7.2835 0 0 0 
3190000 12865 371.785 2121159.175 293.327 7.2371 0 0 0 
3200000 12914 253.877 2128381.988 192.625 4.9735 0 0 0 
3210000 12953 257.246 2134755.926 178.081 5.058 0 0 0 
3220000 12975 334.969 2140872.69 218.264 6.6028 0 0 0 
3230000 13006 323.702 2147584.38 214.159 6.3899 0 0 0 
3240000 13034 347.146 2154672.467 236.576 6.8293 0 0 0 
3250000 13062 345.601 2161694.314 239.159 6.8006 0 0 0 
3260000 13088 357.998 2168358.222 243.447 7.0516 0 0 0 
3270000 13113 373.159 2174724.268 248.192 7.3646 0 0 0 
3280000 13151 305.633 2180806.961 197.877 6.0218 0 0 0 
3290000 13173 372.922 2186677.799 227.874 7.3525 0 0 0 
3300000 13193 415.608 2195082.808 295.654 8.2137 0 0 0 
3310000 13212 438.046 2204390.286 341.282 8.6494 0 0 0 
3320000 13228 482.689 2214964.256 429.428 9.4708 0 0 0 
3330000 13247 509.362 2222225.889 422.715 10.0107 0 0 0 
3340000 13266 504.382 2232470.11 448.367 9.8916 0 0 0 
3350000 13288 487.634 2240967.697 429.22 9.5378 0 0 0 
3360000 13308 491.132 2247875.504 400.038 9.6469 0 0 0 
3370000 13353 332.663 2253761.776 238.59 6.5458 0 0 0 
3380000 13423 228.636 2260473.146 166.086 4.4863 0 0 0 
3390000 13449 305.933 2268010.909 227.724 5.9637 0 0 0 
3400000 13467 374.684 2275021.4 273.443 7.3274 0 0 0 
3410000 13485 437.396 2281737.127 307.76 8.5358 0 0 0 
3420000 13509 427.825 2288869.001 302.376 8.3441 0 0 0 
3430000 13525 477.15 2295781.348 333.169 9.3391 0 0 0 
3440000 13537 560.086 2302335.293 384.781 10.9582 0 0 0 
3450000 13549 602.826 2311169.234 450.87 11.8189 0 0 0 
3460000 13562 647.281 2320737.524 516.776 12.663 0 0 0 
3470000 13574 676.01 2329541.134 553.653 13.2167 0 0 0 
3480000 13591 657.343 2337176.45 528.026 12.8218 0 0 0 
3490000 13610 625.567 2343425.525 476.887 12.2061 0 0 0 
3500000 13626 626.849 2349771.676 456.926 12.2196 0 0 0 
3510000 13645 593.666 2356528.763 425.456 11.5724 0 0 0 
3520000 13666 558.634 2365376.484 426.93 10.8907 0 0 0 
3530000 13687 530.421 2373512.642 416.21 10.3655 0 0 0 
3540000 13721 418.306 2381113.264 327.428 8.177 0 0 0 
3550000 13746 401.326 2389935.234 333.163 7.8289 0 0 0 
3560000 13765 445.314 2397713.073 357.662 8.6966 0 0 0 
3570000 13785 462.574 2407414.321 399.541 9.0473 0 0 0 
3580000 13797 536.348 2412881.741 411.657 10.4907 0 0 0 
3590000 13819 495.999 2417927.875 342.328 9.6883 0 0 0 
3600000 13838 504.686 2424820.277 352.046 9.8557 0 0 0 
3610000 13864 455.69 2431249.733 301.207 8.9239 0 0 0 
3620000 13880 505.902 2438203.07 340.931 9.9581 0 0 0 
3630000 13910 428.857 2445720.355 304.81 8.4412 0 0 0 
3640000 13945 348.914 2455255.181 279.613 6.8787 0 0 0 
3650000 13969 370.291 2461283.518 267.967 7.2848 0 0 0 
3660000 13987 415.417 2468611.172 302.959 8.1366 0 0 0 
3670000 14016 377.071 2476174.256 279.642 7.3456 0 0 0 
3680000 14035 426.058 2485211.957 333.86 8.2884 0 0 0 
3690000 14052 474.447 2493148.132 376.88 9.2656 0 0 0 
3700000 14072 475.836 2503352.324 411.923 9.2721 0 0 0 
3710000 14104 395.963 2513069.65 359.389 7.6909 0 0 0 
3720000 14129 398.145 2522947.22 376.968 7.7705 0 0 0 
3730000 14146 452.223 2533988.321 453.165 8.8199 0 0 0 
3740000 14165 477.563 2541962.71 441.305 8.4301 0 0 0 
3750000 14180 518.877 2549966.421 453.972 8.1457 0 0 0 
3760000 14192 590.574 2555772.216 466.632 8.9106 0 0 0 
3770000 14209 583.144 2561418.236 424.246 9.0314 0 0 0 
3780000 14241 464.923 2566979.236 308.216 7.7783 0 0 0 
3790000 14256 515.449 2572235.319 320.18 9.0136 0 0 0 
3800000 14268 593.469 2577959.066 358.723 10.6625 0 0 0 
3810000 14283 599.883 2583242.758 350.402 10.9504 0 0 0 
3820000 14296 631.333 2588660.719 361.147 11.6429 0 0 0 
3830000 14315 603.217 2594079.071 339.054 11.2244 0 0 0 
3840000 14326 658.601 2600074.085 375.935 12.3184 0 0 0 
3850000 14346 603.328 2605547.966 341.23 11.3203 0 0 0 
3860000 14386 398.498 2610556.305 215.667 7.4916 0 0 0 
3870000 14443 225.208 2614835.58 108.215 4.2472 0 0 0 
3880000 14507 171.0 2619181.927 78.107 3.2193 0 0 0 
3890000 14532 254.677 2625286.241 140.833 4.7942 0 0 0 
3900000 14568 274.264 2629904.258 137.04 5.1637 0 0 0 
3910000 14595 319.521 2634858.413 159.389 6.0538 0 0 0 
3920000 14611 401.441 2640462.592 211.092 7.6071 0 0 0 
3930000 14642 359.879 2646799.265 202.941 6.8018 0 0 0 
3940000 14668 375.74 2654884.022 251.961 7.0873 0 0 0 
3950000 14692 391.839 2663815.956 298.127 7.3794 0 0 0 
3960000 14715 406.502 2673160.857 339.672 7.668 0 0 0 
3970000 14746 357.952 2682357.844 314.443 6.7719 0 0 0 
3980000 14766 412.326 2689414.053 328.303 7.8031 0 0 0 
3990000 14783 457.968 2696423.184 352.549 8.6785 0 0 0 
4000000 14799 502.292 2702391.99 357.873 9.5046 0 0 0 
