10000 62 114.882 442.0 4.998 0.5841 20 7978.0 344.7956 
20000 122 151.016 905.0 6.898 0.7714 40 13768.0 286.3052 
30000 184 155.257 1336.0 6.565 0.7952 61 18716.0 224.5992 
40000 244 162.85 1757.0 7.034 2.2627 81 23466.0 242.312 
50000 309 154.799 2161.0 6.223 2.8214 103 28091.0 207.911 
60000 367 164.941 2646.0 7.447 3.204 122 33963.0 259.373 
70000 427 166.441 3107.0 7.539 3.3036 142 39883.0 288.2779 
80000 490 157.717 3598.0 7.414 3.1381 163 45360.0 248.9935 
90000 554 158.434 4084.0 7.806 3.1565 184 50796.0 274.8325 
100000 613 168.093 4561.0 8.022 3.3538 204 56177.0 264.4591 
110000 677 159.918 5009.0 7.232 3.1917 225 61233.0 233.196 
120000 740 158.485 5480.0 7.34 3.1664 246 66510.0 243.315 
130000 797 170.766 5995.0 8.732 3.4148 265 72643.0 356.409 
140000 859 164.572 6497.0 8.264 3.2845 286 79071.0 288.3391 
150000 913 177.947 6970.0 8.78 3.5599 304 84367.0 305.7312 
160000 969 182.09 7521.0 9.829 3.6457 323 91361.0 392.0538 
170000 1027 174.459 8031.0 9.012 3.4862 342 97293.0 314.8295 
180000 1085 171.613 8550.0 8.865 3.4258 361 103315.0 300.0728 
190000 1143 173.686 9079.0 9.053 3.4707 381 109667.0 340.3068 
200000 1201 172.693 9572.0 8.741 3.4537 400 115429.0 297.8267 
210000 1260 166.472 10130.0 8.805 3.327 420 122210.0 305.5066 
220000 1320 168.556 10707.0 9.463 3.3751 440 129680.0 377.3097 
230000 1385 155.339 11245.0 8.316 3.1162 461 135685.0 266.0308 
240000 1446 161.22 11763.0 8.418 3.2359 482 141414.0 282.1924 
250000 1504 167.947 12346.0 9.635 3.3556 501 147766.0 317.191 
260000 1559 173.161 12865.0 9.308 3.46 519 154261.0 345.8157 
270000 1613 179.538 13360.0 9.001 3.5924 537 160707.0 358.9326 
280000 1675 167.416 13862.0 8.289 3.3553 558 166365.0 277.2461 
290000 1731 175.083 14321.0 8.317 3.5054 577 172309.0 335.7225 
300000 1788 177.883 14824.0 8.819 3.5617 596 178472.0 346.3849 
310000 1846 174.04 15339.0 8.869 3.4883 615 184994.0 337.7125 
320000 1904 172.37 15835.0 8.623 3.4556 634 191206.0 296.7632 
330000 1956 184.957 16365.0 9.569 3.702 652 198684.0 405.7071 
340000 2015 178.405 16844.0 8.889 3.5625 671 204505.0 336.4845 
350000 2071 182.37 17310.0 8.701 3.6457 690 211219.0 397.8388 
360000 2125 188.078 17779.0 8.942 3.7632 708 218615.0 452.3195 
370000 2174 197.052 18298.0 10.097 3.9463 724 224876.0 384.2526 
380000 2224 200.045 18789.0 10.023 4.0129 741 231166.0 401.3241 
390000 2277 192.875 19324.0 10.083 3.8655 759 238963.0 426.021 
400000 2330 193.405 19819.0 9.959 3.8854 776 246020.0 365.7361 
410000 2387 184.848 20330.0 9.648 3.709 795 251913.0 352.9425 
420000 2439 186.636 20799.0 8.978 3.7383 813 257891.0 321.9811 
430000 2496 180.339 21200.0 7.924 3.6129 832 262914.0 283.0698 
440000 2549 184.157 21660.0 8.352 3.6925 849 268151.0 292.3631 
450000 2595 202.444 22211.0 10.531 4.052 865 276195.0 457.171 
460000 2651 182.903 22716.0 9.061 3.6751 883 282489.0 316.636 
470000 2709 172.652 23170.0 7.923 3.4627 903 288711.0 285.6154 
480000 2755 196.74 23737.0 10.499 3.945 918 296145.0 439.2723 
490000 2805 198.817 24292.0 11.058 3.9838 935 304125.0 499.4276 
500000 2850 213.4 24869.0 11.948 4.2714 950 311370.0 492.3621 
510000 2900 202.925 25454.0 11.871 4.0723 966 318330.0 421.7324 
520000 2952 196.621 26027.0 11.557 3.9439 984 327488.0 562.6952 
530000 3005 190.801 26631.0 11.482 3.8302 1001 334935.0 433.4482 
540000 3051 207.964 27180.0 11.919 4.1671 1017 342589.0 499.3837 
550000 3101 203.129 27833.0 12.686 4.0757 1033 352879.0 625.3065 
560000 3147 205.848 28422.0 12.153 4.1311 1049 360583.0 471.9683 
570000 3194 209.417 29073.0 13.214 4.1989 1064 369446.0 544.7682 
580000 3240 215.469 29690.0 13.263 4.3215 1080 377580.0 525.0797 
590000 3285 216.773 30324.0 13.651 4.3526 1095 385885.0 528.5719 
600000 3335 207.638 30921.0 12.688 4.171 1111 393875.0 501.66 
610000 3380 217.998 31517.0 13.162 4.3724 1126 402790.0 550.9559 
620000 3419 233.91 32048.0 13.169 4.6834 1139 410431.0 581.4208 
630000 3464 229.042 32606.0 13.005 4.5934 1154 418976.0 593.1282 
640000 3506 227.933 33087.0 11.843 4.5643 1168 425014.0 455.259 
650000 3545 249.976 33656.0 13.635 5.0041 1181 433405.0 617.0911 
660000 3582 260.167 34294.0 15.444 5.2172 1194 442708.0 734.9247 
670000 3625 243.357 34877.0 14.593 4.8764 1208 449665.0 558.5128 
680000 3675 217.459 35517.0 13.609 4.3576 1225 457825.0 517.0624 
690000 3717 219.34 36085.0 12.917 4.4019 1239 466643.0 540.9718 
700000 3761 226.409 36650.0 13.11 4.5441 1253 477139.0 697.1597 
710000 3803 233.647 37224.0 13.417 4.6927 1267 486357.0 652.9854 
720000 3846 230.323 37711.0 12.015 4.63 1282 494394.0 570.6931 
730000 3890 229.537 38328.0 13.342 4.6076 1296 502990.0 566.2274 
740000 3939 215.582 38949.0 13.132 4.3261 1313 512321.0 600.9278 
750000 3981 221.358 39582.0 13.571 4.4452 1327 522259.0 638.7304 
760000 4024 225.796 40171.0 13.661 4.5245 1341 531046.0 577.9582 
770000 4068 229.662 40842.0 14.816 4.601 1356 541132.0 664.4465 
780000 4111 232.813 41474.0 14.779 4.6606 1370 550819.0 630.7108 
790000 4155 231.246 42151.0 15.406 4.6284 1385 559855.0 660.4934 
800000 4195 240.811 42795.0 15.921 4.8193 1398 571265.0 805.1206 
810000 4239 239.076 43513.0 16.603 4.7922 1413 581791.0 772.9345 
820000 4278 248.837 44175.0 16.762 4.9823 1426 591112.0 724.3159 
830000 4320 239.272 44850.0 16.02 4.7977 1440 601870.0 695.9541 
840000 4362 234.69 45563.0 16.438 4.6969 1454 611948.0 674.6798 
850000 4403 242.034 46270.0 17.224 4.849 1467 621247.0 689.7407 
860000 4450 228.191 46886.0 14.989 4.5795 1483 629430.0 584.8132 
870000 4488 243.975 47509.0 15.442 4.8936 1496 638052.0 629.1262 
880000 4524 259.08 48093.0 15.92 5.1885 1508 647066.0 696.2211 
890000 4560 267.109 48650.0 15.502 5.3453 1520 655360.0 677.1634 
900000 4599 259.862 49306.0 16.143 5.1993 1533 666251.0 762.0923 
910000 4640 254.059 49946.0 16.318 5.0891 1546 676600.0 718.2673 
920000 4680 248.51 50611.0 16.361 4.9825 1560 685620.0 682.9329 
930000 4716 266.359 51262.0 17.368 5.3476 1572 695734.0 821.8653 
940000 4756 253.684 51959.0 17.209 5.0929 1585 705134.0 728.6736 
950000 4794 264.435 52557.0 16.77 5.3069 1598 715746.0 837.2557 
960000 4835 253.057 53229.0 16.629 5.0778 1611 725795.0 777.6108 
970000 4874 254.11 53940.0 17.557 5.0953 1624 735356.0 712.8599 
980000 4911 261.829 54627.0 17.921 5.2538 1637 746429.0 862.7029 
990000 4953 252.296 55294.0 17.024 5.0653 1651 756907.0 789.5262 
1000000 4991 258.865 56051.0 18.796 5.194 1663 767039.0 796.3286 
1010000 5027 264.774 56810.0 19.992 5.3112 1675 777453.0 846.0937 
1020000 5064 269.49 57532.0 19.856 5.3991 1688 787906.0 873.398 
1030000 5103 259.096 58345.0 20.02 5.1921 1701 798997.0 837.7185 
