1000 10 17.159 -294.692 -5.234 0.0146 0 0 0 
2000 22 32.315 -515.164 -8.24 0.0649 0 0 0 
3000 31 43.147 -629.457 -8.873 0.1544 0 0 0 
4000 35 56.086 -736.676 -10.093 0.2518 0 0 0 
5000 36 74.965 -744.012 -10.091 0.4256 0 0 0 
6000 37 93.465 -747.631 -10.158 0.607 0 0 0 
7000 38 111.596 -763.62 -10.289 1.0348 0 0 0 
8000 39 129.364 -774.51 -10.233 1.2703 0 0 0 
9000 41 148.921 -787.384 -10.158 1.4791 0 0 0 
10000 43 158.467 -826.974 -10.363 1.5465 0 0 0 
11000 47 169.227 -913.629 -11.27 1.6079 0 0 0 
12000 53 168.245 -998.769 -11.591 1.5739 0 0 0 
13000 58 170.603 -1090.934 -12.26 1.5859 0 0 0 
14000 63 172.726 -1196.798 -13.176 1.5718 0 0 0 
15000 68 176.719 -1322.421 -14.256 1.5661 0 0 0 
16000 73 175.585 -1436.586 -14.799 1.554 0 0 0 
17000 78 180.906 -1560.246 -15.968 1.594 0 0 0 
18000 82 184.503 -1661.834 -16.296 1.6266 0 0 0 
19000 88 184.266 -1777.244 -17.095 1.6772 0 0 0 
20000 94 183.846 -1891.126 -17.377 1.6284 0 0 0 
21000 97 188.581 -1944.434 -17.109 1.6707 0 0 0 
22000 101 193.881 -1987.126 -16.547 1.8619 0 0 0 
23000 106 198.081 -2068.985 -16.879 1.9068 0 0 0 
24000 110 196.828 -2086.233 -15.939 1.89 0 0 0 
25000 111 204.531 -2099.551 -15.783 1.9642 0 0 0 
26000 113 219.332 -2133.074 -15.791 2.1699 0 0 0 
27000 114 234.945 -2143.578 -15.667 2.3392 0 0 0 
28000 116 251.921 -2169.619 -15.664 2.685 0 0 0 
29000 117 266.883 -2180.261 -15.598 2.8535 0 0 0 
30000 118 281.545 -2193.553 -15.552 3.0626 0 0 0 
31000 119 295.914 -2205.703 -15.46 3.2543 0 0 0 
32000 120 309.996 -2215.203 -15.39 3.4203 0 0 0 
33000 121 323.796 -2229.68 -15.275 3.5728 0 0 0 
34000 122 337.32 -2237.467 -15.269 3.6738 0 0 0 
35000 123 350.574 -2248.142 -15.117 3.7569 0 0 0 
36000 124 363.562 -2258.364 -15.022 3.8648 0 0 0 
37000 125 376.291 -2265.089 -14.919 3.9598 0 0 0 
38000 126 388.765 -2278.064 -14.774 4.1189 0 0 0 
39000 127 400.99 -2290.036 -14.737 4.2669 0 0 0 
40000 128 412.97 -2297.033 -14.656 4.3369 0 0 0 
41000 129 424.711 -2310.637 -14.506 4.411 0 0 0 
42000 130 436.217 -2315.82 -14.49 4.49 0 0 0 
43000 131 447.492 -2326.251 -14.282 4.6206 0 0 0 
44000 132 458.542 -2335.786 -14.211 4.7066 0 0 0 
45000 133 469.372 -2338.756 -14.124 4.7969 0 0 0 
46000 134 479.984 -2348.379 -13.921 4.9293 0 0 0 
47000 135 490.384 -2355.678 -13.851 5.0257 0 0 0 
48000 136 500.577 -2366.27 -13.65 5.1277 0 0 0 
49000 137 510.565 -2377.366 -13.64 5.2283 0 0 0 
50000 138 520.354 -2391.35 -13.571 5.3031 0 0 0 
51000 139 529.947 -2398.037 -13.571 5.4372 0 0 0 
52000 140 539.348 -2405.42 -13.453 5.4834 0 0 0 
53000 141 548.561 -2409.802 -13.328 5.5879 0 0 0 
54000 142 557.59 -2422.432 -13.2 5.7583 0 0 0 
55000 143 566.438 -2433.716 -13.159 5.8781 0 0 0 
56000 144 575.109 -2440.75 -13.102 5.9746 0 0 0 
57000 145 583.607 -2448.954 -12.95 6.0696 0 0 0 
58000 146 591.935 -2456.54 -12.889 6.1097 0 0 0 
59000 147 600.096 -2465.524 -12.754 6.1689 0 0 0 
60000 148 608.094 -2476.097 -12.678 6.2389 0 0 0 
61000 149 615.932 -2485.108 -12.652 6.3152 0 0 0 
62000 150 623.614 -2494.806 -12.585 6.4031 0 0 0 
63000 151 631.141 -2501.213 -12.527 6.4523 0 0 0 
64000 152 638.519 -2510.166 -12.386 6.4984 0 0 0 
65000 153 645.748 -2518.949 -12.323 6.5582 0 0 0 
66000 154 652.833 -2526.397 -12.267 6.6445 0 0 0 
67000 155 659.777 -2535.19 -12.177 6.6784 0 0 0 
68000 156 666.581 -2548.701 -12.09 6.8044 0 0 0 
69000 157 673.249 -2559.988 -12.13 6.8959 0 0 0 
70000 158 679.784 -2568.292 -12.095 6.9527 0 0 0 
71000 159 686.189 -2580.306 -12.031 6.9888 0 0 0 
72000 160 692.465 -2589.236 -12.025 7.1454 0 0 0 
73000 161 698.616 -2593.023 -11.986 7.2099 0 0 0 
74000 162 698.863 -2613.031 -11.877 7.2138 0 0 0 
75000 163 704.886 -2618.261 -11.894 7.3105 0 0 0 
76000 164 710.788 -2628.891 -11.758 7.3183 0 0 0 
77000 165 716.573 -2635.689 -11.726 7.3317 0 0 0 
78000 166 722.241 -2642.49 -11.619 7.3293 0 0 0 
79000 167 727.796 -2649.438 -11.552 7.3549 0 0 0 
80000 168 733.24 -2657.634 -11.447 7.4229 0 0 0 
81000 169 738.576 -2665.661 -11.371 7.4735 0 0 0 
82000 170 743.804 -2671.529 -11.289 7.4772 0 0 0 
83000 171 748.928 -2680.63 -11.208 7.5226 0 0 0 
84000 172 753.949 -2687.527 -11.154 7.5494 0 0 0 
85000 173 758.87 -2702.367 -11.111 7.6075 0 0 0 
86000 174 763.693 -2707.709 -11.149 7.6875 0 0 0 
87000 175 768.419 -2720.745 -11.072 7.7069 0 0 0 
88000 176 773.051 -2733.574 -11.123 7.7131 0 0 0 
89000 178 766.098 -2742.093 -10.857 7.5849 0 0 0 
90000 179 770.776 -2751.355 -10.867 7.5991 0 0 0 
91000 180 762.46 -2760.355 -10.707 7.4936 0 0 0 
92000 182 757.347 -2765.348 -10.455 7.4061 0 0 0 
93000 183 762.2 -2774.572 -10.412 7.425 0 0 0 
94000 184 766.956 -2779.717 -10.356 7.4546 0 0 0 
95000 186 764.485 -2790.918 -10.204 7.3668 0 0 0 
96000 187 769.195 -2797.845 -10.182 7.3805 0 0 0 
97000 189 762.755 -2813.286 -10.056 7.2588 0 0 0 
98000 190 767.5 -2818.673 -9.996 7.2613 0 0 0 
99000 191 772.15 -2828.89 -9.961 7.3016 0 0 0 
100000 194 745.426 -2838.624 -9.525 6.9914 0 0 0 
101000 195 737.498 -2849.88 -9.462 6.8983 0 0 0 
102000 196 742.748 -2856.839 -9.478 6.9362 0 0 0 
103000 197 747.893 -2861.444 -9.414 6.935 0 0 0 
104000 200 729.057 -2879.338 -9.209 6.7584 0 0 0 
105000 203 711.864 -2877.42 -8.694 6.5424 0 0 0 
106000 204 717.627 -2884.768 -8.588 6.5496 0 0 0 
107000 205 707.835 -2896.729 -8.585 6.446 0 0 0 
108000 208 692.469 -2919.034 -8.585 6.2562 0 0 0 
109000 211 679.455 -2946.452 -8.651 6.1413 0 0 0 
110000 213 658.101 -2966.392 -8.662 5.9337 0 0 0 
111000 214 664.939 -2973.266 -8.592 5.9771 0 0 0 
112000 215 671.64 -2976.84 -8.566 6.0404 0 0 0 
113000 216 678.207 -2977.404 -8.472 6.108 0 0 0 
114000 217 680.863 -2983.274 -8.224 6.153 0 0 0 
115000 219 683.841 -2993.299 -8.167 6.1667 0 0 0 
116000 220 690.164 -2997.72 -8.196 6.2232 0 0 0 
117000 222 687.913 -3009.464 -8.021 6.164 0 0 0 
118000 224 683.292 -3022.243 -8.045 6.1105 0 0 0 
119000 225 689.626 -3026.744 -7.948 6.1431 0 0 0 
120000 226 678.914 -3033.069 -7.785 6.039 0 0 0 
121000 228 675.249 -3046.137 -7.776 6.001 0 0 0 
122000 231 659.381 -3060.08 -7.717 5.8403 0 0 0 
123000 233 655.99 -3062.614 -7.47 5.7974 0 0 0 
124000 234 662.87 -3067.287 -7.406 5.8563 0 0 0 
125000 235 665.692 -3064.965 -7.221 5.8918 0 0 0 
126000 238 653.464 -3081.703 -7.044 5.7336 0 0 0 
127000 239 643.695 -3087.703 -6.955 5.6393 0 0 0 
128000 240 650.821 -3092.936 -6.89 5.7248 0 0 0 
129000 241 657.805 -3088.752 -6.878 5.7994 0 0 0 
130000 243 654.596 -3088.335 -6.598 5.7545 0 0 0 
131000 244 661.504 -3093.985 -6.458 5.8454 0 0 0 
132000 245 668.274 -3098.123 -6.419 5.9749 0 0 0 
133000 246 674.908 -3097.732 -6.39 6.0996 0 0 0 
134000 248 671.202 -3086.482 -5.972 6.0792 0 0 0 
135000 249 677.778 -3085.132 -5.829 6.1092 0 0 0 
136000 250 684.222 -3081.402 -5.58 6.1672 0 0 0 
137000 251 690.538 -3081.369 -5.434 6.2274 0 0 0 
138000 254 676.013 -3079.876 -5.169 6.0885 0 0 0 
139000 255 669.553 -3083.86 -5.047 6.014 0 0 0 
140000 258 658.559 -3083.719 -4.909 5.8738 0 0 0 
141000 259 665.148 -3079.286 -4.63 5.8932 0 0 0 
142000 261 661.008 -3070.396 -4.394 5.8318 0 0 0 
143000 262 660.848 -3062.706 -3.987 5.8218 0 0 0 
144000 263 665.771 -3061.938 -3.843 5.8416 0 0 0 
145000 264 670.415 -3057.442 -3.72 5.88 0 0 0 
146000 265 677.007 -3053.46 -3.581 5.922 0 0 0 
147000 266 683.467 -3050.188 -3.454 5.9743 0 0 0 
148000 267 689.798 -3055.318 -3.332 6.006 0 0 0 
149000 268 696.002 -3062.566 -3.35 6.0474 0 0 0 
150000 269 702.082 -3063.204 -3.424 6.1131 0 0 0 
151000 270 708.04 -3067.876 -3.35 6.1722 0 0 0 
152000 271 713.879 -3067.449 -3.389 6.3029 0 0 0 
153000 273 715.21 -3065.731 -3.19 6.2713 0 0 0 
154000 274 720.905 -3069.449 -3.282 6.3412 0 0 0 
155000 275 726.487 -3071.099 -3.265 6.3666 0 0 0 
156000 276 731.958 -3067.523 -3.239 6.3828 0 0 0 
157000 277 730.598 -3072.851 -3.014 6.3543 0 0 0 
158000 278 735.986 -3075.149 -3.078 6.4864 0 0 0 
159000 279 741.267 -3081.446 -3.09 6.6246 0 0 0 
160000 280 746.441 -3083.538 -3.135 6.7491 0 0 0 
161000 281 751.513 -3089.651 -3.121 6.8099 0 0 0 
162000 282 756.482 -3093.901 -3.161 6.842 0 0 0 
163000 283 761.353 -3099.067 -3.219 6.8763 0 0 0 
164000 284 766.126 -3104.636 -3.219 6.8996 0 0 0 
165000 285 770.803 -3111.986 -3.281 6.942 0 0 0 
166000 286 775.387 -3117.883 -3.358 6.9764 0 0 0 
167000 287 779.879 -3115.673 -3.386 7.0052 0 0 0 
168000 288 784.282 -3117.279 -3.303 7.0175 0 0 0 
169000 289 788.596 -3125.012 -3.285 7.065 0 0 0 
170000 290 792.824 -3128.148 -3.363 7.1037 0 0 0 
171000 291 796.968 -3136.581 -3.384 7.1409 0 0 0 
172000 292 801.028 -3144.752 -3.478 7.1875 0 0 0 
173000 293 805.008 -3149.391 -3.563 7.239 0 0 0 
174000 294 808.908 -3150.947 -3.576 7.2529 0 0 0 
175000 295 812.729 -3156.016 -3.546 7.2955 0 0 0 
176000 296 816.475 -3162.94 -3.573 7.3205 0 0 0 
177000 297 820.145 -3171.062 -3.682 7.37 0 0 0 
178000 298 823.742 -3175.04 -3.709 7.4119 0 0 0 
179000 299 827.268 -3183.367 -3.743 7.4233 0 0 0 
180000 300 830.722 -3191.676 -3.838 7.4883 0 0 0 
181000 301 834.108 -3199.702 -3.902 7.5177 0 0 0 
182000 302 837.426 -3202.503 -3.966 7.5422 0 0 0 
183000 303 840.677 -3206.38 -3.979 7.5438 0 0 0 
184000 304 843.864 -3212.466 -3.99 7.5744 0 0 0 
185000 305 846.986 -3216.988 -4.014 7.6433 0 0 0 
186000 306 850.047 -3224.14 -3.995 7.6534 0 0 0 
187000 307 853.046 -3228.44 -4.078 7.7382 0 0 0 
188000 309 843.445 -3229.008 -3.972 7.6557 0 0 0 
189000 311 832.625 -3236.826 -3.931 7.5775 0 0 0 
190000 312 835.972 -3246.315 -4.025 7.5732 0 0 0 
191000 313 839.253 -3249.751 -4.143 7.6341 0 0 0 
192000 314 842.468 -3257.299 -4.152 7.6785 0 0 0 
193000 315 845.618 -3265.17 -4.186 7.8926 0 0 0 
194000 317 834.732 -3268.027 -4.086 7.8184 0 0 0 
195000 318 838.037 -3276.35 -4.225 7.8411 0 0 0 
196000 319 841.276 -3277.757 -4.227 7.8794 0 0 0 
197000 320 844.451 -3287.839 -4.256 7.9367 0 0 0 
198000 321 847.562 -3296.708 -4.337 7.9874 0 0 0 
199000 322 850.611 -3302.819 -4.405 8.0357 0 0 0 
200000 323 846.418 -3302.617 -4.275 8.0053 0 0 0 
201000 324 849.49 -3309.488 -4.395 8.0126 0 0 0 
202000 326 846.45 -3310.623 -4.173 7.9645 0 0 0 
203000 327 849.521 -3312.122 -4.096 7.9626 0 0 0 
204000 328 852.531 -3313.837 -4.052 8.0472 0 0 0 
205000 329 855.48 -3314.384 -4.003 8.0496 0 0 0 
206000 330 858.371 -3317.79 -3.981 8.0627 0 0 0 
207000 331 861.203 -3323.273 -4.002 8.0927 0 0 0 
208000 332 863.339 -3320.27 -3.924 8.1325 0 0 0 
209000 333 855.692 -3315.098 -3.643 8.0401 0 0 0 
210000 335 844.247 -3309.659 -3.527 7.9631 0 0 0 
211000 336 845.422 -3310.056 -3.408 7.9507 0 0 0 
212000 337 848.514 -3313.061 -3.343 7.9852 0 0 0 
213000 339 840.812 -3308.571 -3.247 7.8902 0 0 0 
214000 341 827.841 -3293.139 -2.835 7.7359 0 0 0 
215000 342 831.284 -3295.66 -2.809 7.7467 0 0 0 
216000 344 820.665 -3301.803 -2.718 7.6532 0 0 0 
217000 345 824.252 -3305.422 -2.77 7.6892 0 0 0 
218000 347 807.622 -3296.801 -2.549 7.4959 0 0 0 
219000 350 783.631 -3292.298 -2.206 7.2174 0 0 0 
220000 351 787.958 -3292.027 -2.162 7.2141 0 0 0 
221000 352 792.199 -3294.447 -2.246 7.2623 0 0 0 
222000 353 796.355 -3302.404 -2.254 7.2676 0 0 0 
223000 354 800.428 -3298.463 -2.125 7.2937 0 0 0 
224000 355 804.42 -3305.431 -2.273 7.3694 0 0 0 
225000 356 793.771 -3304.209 -2.071 7.2577 0 0 0 
226000 358 790.018 -3297.196 -1.945 7.2036 0 0 0 
227000 360 783.853 -3290.26 -1.829 7.1578 0 0 0 
228000 361 788.176 -3284.152 -1.662 7.168 0 0 0 
229000 362 790.393 -3280.484 -1.48 7.1958 0 0 0 
230000 363 794.265 -3279.855 -1.519 7.2395 0 0 0 
231000 364 798.379 -3277.134 -1.491 7.2801 0 0 0 
232000 367 770.04 -3271.994 -1.337 6.9707 0 0 0 
233000 369 758.672 -3260.526 -0.922 6.8261 0 0 0 
234000 370 763.498 -3252.228 -0.833 6.8927 0 0 0 
235000 371 768.228 -3242.354 -0.616 6.9088 0 0 0 
236000 372 762.544 -3233.168 -0.412 6.8394 0 0 0 
237000 374 761.007 -3208.331 -0.029 6.8035 0 0 0 
238000 375 765.787 -3204.409 0.191 6.8177 0 0 0 
239000 377 760.198 -3195.774 0.385 6.7224 0 0 0 
240000 378 764.994 -3192.573 0.419 6.7654 0 0 0 
241000 379 769.694 -3197.505 0.327 6.7898 0 0 0 
242000 380 772.7 -3186.143 0.455 6.8372 0 0 0 
243000 381 777.246 -3190.055 0.396 6.8705 0 0 0 
244000 382 781.701 -3189.649 0.392 6.9199 0 0 0 
245000 383 786.067 -3196.014 0.241 6.9145 0 0 0 
246000 384 790.346 -3199.064 0.186 6.9463 0 0 0 
247000 385 789.039 -3191.477 0.339 6.9159 0 0 0 
248000 386 793.258 -3184.572 0.463 7.0682 0 0 0 
249000 387 797.393 -3184.779 0.448 7.2047 0 0 0 
250000 388 801.445 -3191.418 0.388 7.2841 0 0 0 
251000 389 805.416 -3197.389 0.248 7.3335 0 0 0 
252000 391 801.562 -3199.328 0.32 7.3349 0 0 0 
253000 392 797.79 -3190.747 0.351 7.2923 0 0 0 
254000 393 801.835 -3199.212 0.212 7.3667 0 0 0 
255000 395 796.858 -3187.421 0.477 7.3289 0 0 0 
256000 396 790.341 -3178.202 0.595 7.2627 0 0 0 
257000 398 786.783 -3160.637 0.816 7.2375 0 0 0 
258000 399 779.028 -3151.132 1.067 7.1542 0 0 0 
259000 401 778.278 -3137.586 1.298 7.0972 0 0 0 
260000 403 765.871 -3126.6 1.444 6.958 0 0 0 
261000 405 750.889 -3115.533 1.623 6.7879 0 0 0 
262000 406 755.871 -3116.222 1.586 6.8492 0 0 0 
263000 407 760.753 -3117.815 1.554 6.8547 0 0 0 
264000 408 765.538 -3116.34 1.499 6.9404 0 0 0 
265000 411 747.854 -3083.046 2.105 6.8248 0 0 0 
266000 412 752.897 -3061.99 2.419 6.8583 0 0 0 
267000 414 736.061 -3030.711 2.765 6.6825 0 0 0 
268000 417 720.382 -3002.617 3.447 6.5175 0 0 0 
269000 419 702.455 -2966.835 3.718 6.3378 0 0 0 
270000 422 688.374 -2935.543 4.345 6.2072 0 0 0 
271000 423 680.766 -2917.353 4.482 6.1317 0 0 0 
272000 427 659.22 -2864.526 5.197 5.892 0 0 0 
273000 428 666.035 -2852.227 5.441 5.9605 0 0 0 
274000 429 672.714 -2838.619 5.661 5.9912 0 0 0 
275000 431 663.592 -2803.793 6.067 5.8759 0 0 0 
276000 433 661.424 -2786.833 6.206 5.8342 0 0 0 
277000 436 643.415 -2741.648 6.794 5.727 0 0 0 
278000 437 643.246 -2712.617 6.962 5.7398 0 0 0 
279000 438 645.581 -2699.37 7.125 5.7364 0 0 0 
280000 439 652.67 -2683.281 7.219 5.9953 0 0 0 
281000 442 643.155 -2647.565 7.532 5.8582 0 0 0 
282000 443 635.512 -2632.116 7.72 5.7796 0 0 0 
283000 445 636.546 -2620.085 7.947 5.8077 0 0 0 
284000 447 628.624 -2597.393 8.06 5.6886 0 0 0 
285000 448 630.692 -2578.25 7.967 5.7084 0 0 0 
286000 451 626.222 -2543.32 8.313 5.6669 0 0 0 
287000 452 633.698 -2541.018 8.195 5.7558 0 0 0 
288000 454 628.383 -2523.999 8.22 5.7353 0 0 0 
289000 457 613.214 -2477.274 8.639 5.5989 0 0 0 
290000 458 606.449 -2471.218 8.777 5.5345 0 0 0 
291000 460 619.134 -2464.371 8.58 5.6725 0 0 0 
292000 461 626.751 -2466.867 8.345 5.7275 0 0 0 
293000 463 616.002 -2433.836 8.465 5.5981 0 0 0 
294000 465 606.828 -2429.859 8.285 5.496 0 0 0 
295000 467 605.85 -2412.939 8.247 5.4463 0 0 0 
296000 468 613.733 -2405.901 8.185 5.5266 0 0 0 
297000 469 621.459 -2408.064 8.029 5.5858 0 0 0 
298000 470 624.31 -2403.377 7.991 5.6189 0 0 0 
299000 471 631.823 -2406.101 7.82 5.6797 0 0 0 
300000 472 639.187 -2412.693 7.593 5.737 0 0 0 
301000 473 646.403 -2414.889 7.325 5.8428 0 0 0 
302000 474 653.475 -2418.781 7.128 5.9414 0 0 0 
303000 476 657.417 -2410.354 7.05 5.9594 0 0 0 
304000 477 648.649 -2399.642 6.906 5.8683 0 0 0 
305000 478 655.676 -2400.34 7.035 5.9638 0 0 0 
306000 479 662.563 -2403.452 6.832 6.0426 0 0 0 
307000 481 665.205 -2391.719 6.616 6.1024 0 0 0 
308000 482 671.901 -2395.595 6.391 6.1448 0 0 0 
309000 483 678.463 -2398.628 6.195 6.2065 0 0 0 
310000 484 684.894 -2401.132 6.048 6.2176 0 0 0 
311000 485 691.196 -2406.294 5.857 6.25 0 0 0 
312000 486 697.372 -2403.087 5.634 6.2636 0 0 0 
313000 487 698.225 -2400.855 5.805 6.243 0 0 0 
314000 488 704.26 -2405.191 5.599 6.2698 0 0 0 
315000 489 710.175 -2408.283 5.378 6.281 0 0 0 
316000 490 715.971 -2410.775 5.244 6.3071 0 0 0 
317000 491 721.652 -2413.299 5.074 6.3695 0 0 0 
318000 492 727.219 -2416.536 4.943 6.3958 0 0 0 
319000 493 732.674 -2422.716 4.779 6.4518 0 0 0 
320000 495 733.441 -2405.706 4.69 6.4245 0 0 0 
321000 496 738.772 -2415.135 4.512 6.443 0 0 0 
322000 497 727.816 -2412.303 4.641 6.3455 0 0 0 
323000 498 733.26 -2412.594 4.492 6.375 0 0 0 
324000 500 731.923 -2383.3 4.639 6.3391 0 0 0 
325000 501 734.384 -2381.331 4.832 6.3416 0 0 0 
326000 502 739.697 -2389.41 4.688 6.3939 0 0 0 
327000 504 740.895 -2374.274 4.606 6.3774 0 0 0 
328000 505 746.077 -2380.816 4.403 6.4203 0 0 0 
329000 507 738.492 -2396.405 3.975 6.379 0 0 0 
330000 508 743.722 -2406.608 3.766 6.4138 0 0 0 
331000 509 740.608 -2387.991 3.973 6.3592 0 0 0 
332000 510 745.796 -2395.711 3.774 6.3917 0 0 0 
333000 512 737.782 -2394.015 3.615 6.3614 0 0 0 
334000 515 719.297 -2395.002 3.421 6.2139 0 0 0 
335000 516 724.911 -2403.331 3.191 6.2678 0 0 0 
336000 518 701.566 -2398.639 2.903 6.0508 0 0 0 
337000 519 707.535 -2398.408 3.119 6.0647 0 0 0 
338000 520 713.384 -2403.534 2.956 6.0842 0 0 0 
339000 521 719.116 -2408.638 2.827 6.1525 0 0 0 
340000 522 724.734 -2415.31 2.672 6.1914 0 0 0 
341000 523 730.239 -2416.073 2.524 6.2104 0 0 0 
342000 525 723.1 -2390.191 2.763 6.1242 0 0 0 
343000 527 719.545 -2378.651 2.996 6.0864 0 0 0 
344000 528 725.154 -2387.677 2.817 6.2168 0 0 0 
345000 529 730.651 -2399.231 2.589 6.2615 0 0 0 
346000 532 709.951 -2370.405 2.828 6.0448 0 0 0 
347000 533 711.952 -2369.79 2.757 6.0453 0 0 0 
348000 535 707.938 -2353.397 3.055 6.0022 0 0 0 
349000 536 713.78 -2359.344 2.861 6.0274 0 0 0 
350000 537 719.504 -2362.349 2.699 6.0711 0 0 0 
351000 538 725.114 -2371.644 2.441 6.0935 0 0 0 
352000 539 730.612 -2372.237 2.312 6.1765 0 0 0 
353000 540 735.999 -2381.608 2.184 6.2523 0 0 0 
354000 541 741.279 -2388.89 2.017 6.308 0 0 0 
355000 542 746.454 -2391.652 1.852 6.3391 0 0 0 
356000 543 751.525 -2402.039 1.72 6.4584 0 0 0 
357000 544 756.494 -2400.188 1.541 6.5891 0 0 0 
358000 545 761.364 -2410.718 1.471 6.6753 0 0 0 
359000 546 766.137 -2410.765 1.274 6.7105 0 0 0 
360000 547 770.814 -2407.952 1.244 6.7448 0 0 0 
361000 548 775.398 -2413.691 1.285 6.7568 0 0 0 
362000 549 779.89 -2413.989 1.104 6.7765 0 0 0 
363000 550 780.252 -2415.194 1.265 6.7848 0 0 0 
364000 552 776.314 -2395.441 1.469 6.738 0 0 0 
365000 553 780.788 -2402.438 1.446 6.7292 0 0 0 
366000 554 785.172 -2409.924 1.219 6.7391 0 0 0 
367000 555 789.469 -2411.041 1.15 6.8153 0 0 0 
368000 556 779.679 -2397.775 1.5 6.7162 0 0 0 
369000 557 784.086 -2399.436 1.41 6.7261 0 0 0 
370000 558 788.404 -2392.436 1.348 6.7626 0 0 0 
371000 559 792.636 -2397.552 1.527 6.878 0 0 0 
372000 560 796.783 -2398.899 1.327 6.9256 0 0 0 
373000 561 800.848 -2395.855 1.347 7.0621 0 0 0 
374000 562 804.831 -2390.58 1.416 7.1795 0 0 0 
375000 563 808.734 -2398.471 1.382 7.2669 0 0 0 
376000 564 812.559 -2401.583 1.213 7.2907 0 0 0 
377000 565 816.308 -2410.846 1.131 7.3411 0 0 0 
378000 566 819.982 -2413.197 0.919 7.3618 0 0 0 
379000 567 823.582 -2418.883 0.831 7.3927 0 0 0 
380000 568 827.111 -2420.244 0.719 7.4601 0 0 0 
381000 569 830.569 -2420.134 0.685 7.6949 0 0 0 
382000 570 833.957 -2423.363 0.668 8.002 0 0 0 
383000 571 837.278 -2427.5 0.557 8.045 0 0 0 
384000 572 840.532 -2431.784 0.456 8.0257 0 0 0 
385000 573 843.722 -2431.61 0.377 8.0613 0 0 0 
386000 574 844.087 -2431.795 0.486 8.0599 0 0 0 
387000 575 847.206 -2430.494 0.435 8.0882 0 0 0 
388000 576 850.262 -2426.605 0.507 8.1259 0 0 0 
389000 578 845.351 -2430.846 0.459 8.0184 0 0 0 
390000 579 842.724 -2437.313 0.307 7.9631 0 0 0 
391000 580 845.87 -2437.9 0.231 7.9748 0 0 0 
392000 581 848.952 -2447.203 0.22 7.9845 0 0 0 
393000 582 851.973 -2453.968 0.024 7.9675 0 0 0 
394000 583 854.934 -2456.505 -0.129 7.9654 0 0 0 
395000 584 857.835 -2465.14 -0.16 7.9351 0 0 0 
396000 585 860.678 -2470.362 -0.311 7.9129 0 0 0 
397000 586 863.465 -2480.12 -0.481 7.908 0 0 0 
398000 587 866.196 -2481.637 -0.635 7.9199 0 0 0 
399000 588 868.872 -2489.846 -0.645 7.9062 0 0 0 
400000 589 871.494 -2489.814 -0.789 7.9249 0 0 0 
401000 590 874.064 -2490.759 -0.775 7.9292 0 0 0 
402000 591 876.583 -2486.507 -0.712 7.9118 0 0 0 
403000 592 879.051 -2492.242 -0.686 7.9009 0 0 0 
404000 593 881.47 -2500.97 -0.813 7.8941 0 0 0 
405000 595 868.854 -2493.011 -0.782 7.7676 0 0 0 
406000 597 856.427 -2481.779 -0.584 7.6361 0 0 0 
407000 598 859.299 -2482.153 -0.574 7.6836 0 0 0 
408000 599 862.113 -2480.481 -0.508 7.8084 0 0 0 
409000 600 864.871 -2483.01 -0.494 7.8878 0 0 0 
410000 601 867.573 -2492.84 -0.602 7.917 0 0 0 
411000 602 870.222 -2492.338 -0.732 7.9222 0 0 0 
412000 603 872.817 -2500.365 -0.727 8.0329 0 0 0 
413000 604 875.361 -2502.016 -0.855 8.0443 0 0 0 
414000 605 877.854 -2500.698 -0.883 8.0897 0 0 0 
415000 606 880.297 -2500.23 -0.77 8.186 0 0 0 
416000 607 879.931 -2499.069 -0.714 8.217 0 0 0 
417000 608 882.332 -2500.074 -0.77 8.2671 0 0 0 
418000 610 872.312 -2496.474 -0.671 8.2099 0 0 0 
419000 611 874.866 -2505.036 -0.763 8.2416 0 0 0 
420000 612 877.368 -2506.618 -0.875 8.2377 0 0 0 
421000 613 879.821 -2505.16 -0.862 8.3115 0 0 0 
422000 614 882.224 -2499.125 -0.784 8.3239 0 0 0 
423000 615 872.2 -2498.389 -0.5 8.2453 0 0 0 
424000 616 874.756 -2505.5 -0.494 8.4809 0 0 0 
425000 618 864.176 -2488.964 -0.385 8.4682 0 0 0 
426000 619 866.892 -2485.314 -0.299 8.5007 0 0 0 
427000 620 869.554 -2489.472 -0.274 8.5269 0 0 0 
428000 621 872.163 -2484.466 -0.289 8.6161 0 0 0 
429000 622 874.72 -2478.8 -0.213 8.6105 0 0 0 
430000 623 877.226 -2477.266 -0.071 8.6624 0 0 0 
431000 624 879.681 -2483.924 -0.078 8.7191 0 0 0 
432000 626 879.486 -2485.783 -0.178 8.7162 0 0 0 
433000 627 881.896 -2489.681 -0.285 8.7818 0 0 0 
434000 628 884.258 -2485.956 -0.196 8.8536 0 0 0 
435000 629 886.573 -2488.147 -0.218 8.9276 0 0 0 
436000 630 888.841 -2482.753 -0.099 9.0581 0 0 0 
437000 631 891.065 -2485.135 -0.132 9.0542 0 0 0 
438000 632 893.243 -2483.174 -0.071 9.0886 0 0 0 
439000 633 886.818 -2464.984 0.073 9.0451 0 0 0 
440000 634 889.082 -2461.079 0.242 9.1797 0 0 0 
441000 635 891.3 -2464.135 0.195 9.195 0 0 0 
442000 636 888.614 -2463.559 0.18 9.1229 0 0 0 
443000 637 886.982 -2462.594 0.282 9.0662 0 0 0 
444000 640 866.362 -2439.544 0.529 8.7865 0 0 0 
445000 641 869.035 -2441.425 0.503 8.7936 0 0 0 
446000 642 860.174 -2426.32 0.704 8.6782 0 0 0 
447000 644 854.971 -2411.241 1.122 8.5577 0 0 0 
448000 645 851.932 -2412.523 1.098 8.4976 0 0 0 
449000 646 854.893 -2404.452 1.143 8.4968 0 0 0 
450000 647 857.795 -2399.004 1.273 8.5206 0 0 0 
451000 649 855.016 -2382.982 1.567 8.4407 0 0 0 
452000 650 846.516 -2374.915 1.715 8.3401 0 0 0 
453000 651 849.585 -2369.812 1.725 8.3474 0 0 0 
454000 654 825.902 -2341.511 2.091 8.0671 0 0 0 
455000 655 816.924 -2327.593 2.318 7.9601 0 0 0 
456000 656 819.966 -2320.555 2.55 7.9586 0 0 0 
457000 658 820.435 -2308.375 2.734 7.8922 0 0 0 
458000 660 809.906 -2291.983 2.903 7.776 0 0 0 
459000 662 796.847 -2271.77 3.056 7.6127 0 0 0 
460000 664 776.427 -2243.66 3.474 7.397 0 0 0 
461000 665 778.839 -2237.875 3.693 7.4023 0 0 0 
462000 667 771.858 -2224.165 3.84 7.3347 0 0 0 
463000 670 755.262 -2207.008 3.996 7.1335 0 0 0 
464000 673 730.538 -2178.634 4.309 6.8444 0 0 0 
465000 674 735.927 -2165.342 4.506 6.8606 0 0 0 
466000 676 725.246 -2134.487 4.79 6.7238 0 0 0 
467000 679 703.282 -2102.599 5.244 6.4682 0 0 0 
468000 680 706.417 -2094.398 5.206 6.4767 0 0 0 
469000 682 695.799 -2078.282 5.296 6.339 0 0 0 
470000 683 701.883 -2074.339 5.252 6.3836 0 0 0 
471000 684 707.845 -2063.907 5.31 6.4176 0 0 0 
472000 687 689.205 -2023.049 5.805 6.1953 0 0 0 
473000 688 681.141 -2015.001 6.008 6.1098 0 0 0 
474000 690 677.847 -1989.789 6.089 6.1009 0 0 0 
475000 691 684.29 -1986.993 6.208 6.1299 0 0 0 
476000 694 676.674 -1960.668 6.443 6.0023 0 0 0 
477000 696 666.897 -1927.988 6.629 5.8886 0 0 0 
478000 697 673.559 -1930.035 6.557 5.9165 0 0 0 
479000 700 656.157 -1894.222 6.971 5.7272 0 0 0 
480000 701 650.534 -1879.464 7.032 5.6631 0 0 0 
481000 703 651.632 -1864.403 6.978 5.6277 0 0 0 
482000 705 643.499 -1838.012 7.158 5.5307 0 0 0 
483000 708 630.586 -1804.476 7.56 5.3732 0 0 0 
484000 709 627.074 -1794.704 7.554 5.3317 0 0 0 
485000 711 622.137 -1767.582 7.705 5.2708 0 0 0 
486000 712 628.334 -1754.294 7.776 5.2963 0 0 0 
487000 714 624.547 -1734.392 7.939 5.2391 0 0 0 
488000 715 632.056 -1722.08 7.97 5.2925 0 0 0 
489000 716 639.415 -1712.311 8.04 5.3486 0 0 0 
490000 719 633.393 -1694.443 8.136 5.2967 0 0 0 
491000 720 640.725 -1683.211 8.206 5.3528 0 0 0 
492000 722 633.346 -1650.753 8.235 5.2592 0 0 0 
493000 723 640.679 -1651.845 8.185 5.3261 0 0 0 
494000 725 629.546 -1629.695 8.328 5.2124 0 0 0 
495000 727 622.676 -1609.74 8.295 5.1312 0 0 0 
496000 729 626.778 -1601.436 8.351 5.1304 0 0 0 
497000 730 634.243 -1590.413 8.397 5.2075 0 0 0 
498000 731 639.278 -1572.46 8.381 5.2326 0 0 0 
499000 732 646.492 -1567.439 8.306 5.3412 0 0 0 
500000 734 634.657 -1543.329 8.505 5.2262 0 0 0 
501000 735 630.924 -1533.121 8.503 5.1799 0 0 0 
502000 737 633.36 -1508.907 8.646 5.1799 0 0 0 
503000 738 639.752 -1497.409 8.688 5.2212 0 0 0 
504000 740 635.808 -1476.102 8.799 5.1758 0 0 0 
505000 742 640.534 -1466.99 8.81 5.187 0 0 0 
506000 743 644.123 -1447.554 8.842 5.2134 0 0 0 
507000 744 651.241 -1442.937 8.766 5.2796 0 0 0 
508000 746 640.166 -1424.981 8.796 5.171 0 0 0 
509000 748 637.903 -1402.143 8.87 5.1316 0 0 0 
510000 750 630.445 -1378.621 8.989 5.0532 0 0 0 
511000 751 635.856 -1377.171 8.822 5.0979 0 0 0 
512000 754 626.777 -1343.008 9.13 4.9873 0 0 0 
513000 755 634.242 -1343.829 8.919 5.0362 0 0 0 
514000 756 641.557 -1339.201 8.762 5.0749 0 0 0 
515000 758 630.714 -1307.291 8.977 4.9758 0 0 0 
516000 759 628.04 -1306.801 8.966 4.9456 0 0 0 
517000 760 635.479 -1303.547 8.77 5.0386 0 0 0 
518000 762 640.714 -1286.193 8.668 5.0804 0 0 0 
519000 763 642.16 -1282.987 8.617 5.1172 0 0 0 
520000 765 642.102 -1255.682 8.711 5.1226 0 0 0 
521000 766 642.28 -1250.991 8.72 5.1207 0 0 0 
522000 767 649.434 -1247.866 8.663 5.2068 0 0 0 
523000 768 656.446 -1242.582 8.538 5.3101 0 0 0 
524000 770 658.691 -1218.034 8.619 5.3305 0 0 0 
525000 771 665.517 -1209.797 8.61 5.3692 0 0 0 
526000 772 672.207 -1196.833 8.71 5.5432 0 0 0 
527000 773 678.763 -1183.892 8.678 5.6683 0 0 0 
528000 774 671.787 -1169.452 8.86 5.6498 0 0 0 
529000 777 663.688 -1131.727 9.125 5.5798 0 0 0 
530000 778 659.814 -1114.93 9.224 5.569 0 0 0 
531000 780 666.106 -1098.626 9.236 5.6044 0 0 0 
532000 783 646.287 -1054.678 9.497 5.3995 0 0 0 
533000 785 635.087 -1025.284 9.763 5.2849 0 0 0 
534000 787 636.117 -1001.077 9.92 5.2753 0 0 0 
535000 790 617.999 -952.479 10.295 5.1029 0 0 0 
536000 792 607.985 -920.135 10.437 5.0093 0 0 0 
537000 795 596.072 -881.87 10.608 4.8841 0 0 0 
538000 796 604.151 -880.019 10.466 4.9895 0 0 0 
539000 798 597.725 -847.706 10.615 4.9143 0 0 0 
540000 799 605.77 -835.413 10.54 4.9971 0 0 0 
541000 801 598.238 -816.227 10.684 4.9322 0 0 0 
542000 804 591.197 -789.342 10.733 4.9131 0 0 0 
543000 806 578.605 -743.673 10.958 4.8048 0 0 0 
544000 807 577.712 -732.392 11.041 4.8001 0 0 0 
545000 809 580.655 -705.644 11.12 4.9749 0 0 0 
546000 812 576.463 -663.853 11.374 5.1887 0 0 0 
547000 814 561.898 -632.115 11.433 5.0354 0 0 0 
548000 815 570.66 -624.501 11.447 5.0708 0 0 0 
549000 816 579.247 -613.414 11.374 5.1688 0 0 0 
550000 818 582.521 -583.937 11.513 5.2444 0 0 0 
551000 821 571.827 -536.216 11.78 5.1559 0 0 0 
552000 822 564.931 -530.147 11.845 5.1115 0 0 0 
553000 824 574.42 -510.22 11.583 5.1772 0 0 0 
554000 826 570.727 -482.443 11.547 5.1065 0 0 0 
555000 830 551.793 -441.996 11.791 4.8735 0 0 0 
556000 831 549.958 -416.855 11.83 4.8356 0 0 0 
557000 833 554.479 -392.871 11.847 4.8297 0 0 0 
558000 834 553.03 -376.913 11.833 4.7993 0 0 0 
559000 836 554.734 -350.911 11.923 4.7718 0 0 0 
560000 838 562.567 -336.28 11.98 4.7876 0 0 0 
561000 841 547.214 -276.505 12.279 4.6161 0 0 0 
562000 842 556.27 -272.177 12.06 4.6927 0 0 0 
563000 843 565.145 -268.312 11.967 4.7823 0 0 0 
564000 844 571.462 -256.289 11.902 4.8111 0 0 0 
565000 847 553.692 -218.68 12.028 4.6304 0 0 0 
566000 849 548.922 -194.55 12.103 4.5624 0 0 0 
567000 850 557.943 -185.912 11.945 4.6041 0 0 0 
568000 852 564.189 -172.933 11.712 4.6398 0 0 0 
569000 853 572.905 -159.014 11.704 4.6925 0 0 0 
570000 854 581.447 -164.556 11.366 4.8816 0 0 0 
571000 855 581.898 -149.728 11.281 4.9026 0 0 0 
572000 856 590.26 -133.004 11.428 4.9671 0 0 0 
573000 858 590.886 -103.381 11.634 4.9602 0 0 0 
574000 859 585.988 -103.535 11.748 4.9111 0 0 0 
575000 861 588.423 -82.113 11.585 4.9571 0 0 0 
576000 864 582.804 -42.121 11.51 4.9431 0 0 0 
577000 865 591.148 -44.889 11.218 5.0294 0 0 0 
578000 866 585.265 -36.132 11.334 4.9683 0 0 0 
579000 869 585.975 -7.699 11.235 5.0211 0 0 0 
580000 871 582.731 11.652 11.254 5.0182 0 0 0 
581000 872 584.257 43.558 11.393 5.0422 0 0 0 
582000 873 592.572 60.586 11.414 5.1164 0 0 0 
583000 875 594.367 77.315 11.451 5.1011 0 0 0 
584000 876 601.12 96.983 11.481 5.1323 0 0 0 
585000 877 609.098 108.706 11.566 5.1847 0 0 0 
586000 878 604.736 114.597 11.624 5.1356 0 0 0 
587000 879 612.641 128.466 11.398 5.2185 0 0 0 
588000 881 621.62 148.122 11.547 5.3215 0 0 0 
589000 882 615.608 162.866 11.68 5.2659 0 0 0 
590000 883 623.296 158.736 11.46 5.3546 0 0 0 
591000 884 629.07 171.493 11.247 5.3927 0 0 0 
592000 887 623.802 211.918 11.251 5.3536 0 0 0 
593000 890 608.057 259.05 11.558 5.2235 0 0 0 
594000 894 584.007 310.583 11.945 4.9832 0 0 0 
595000 895 592.327 324.196 11.982 5.0442 0 0 0 
596000 896 598.261 329.201 11.736 5.0796 0 0 0 
597000 899 579.787 388.398 12.055 4.8879 0 0 0 
598000 900 588.192 391.372 11.909 4.9668 0 0 0 
599000 902 583.879 417.86 11.922 4.9337 0 0 0 
600000 904 584.263 440.603 12.112 4.9226 0 0 0 
601000 908 559.867 506.947 12.525 4.6756 0 0 0 
602000 909 568.669 514.853 12.446 4.7774 0 0 0 
603000 910 577.296 518.62 12.243 4.9082 0 0 0 
604000 912 570.671 557.299 12.286 4.857 0 0 0 
605000 914 570.665 572.645 12.306 4.8758 0 0 0 
606000 915 563.472 593.358 12.347 4.8078 0 0 0 
607000 917 577.218 593.683 12.09 4.9904 0 0 0 
608000 918 585.674 612.297 12.106 5.0827 0 0 0 
609000 921 569.058 663.125 12.217 5.0702 0 0 0 
610000 923 555.658 696.902 12.355 4.9338 0 0 0 
611000 925 552.351 717.916 12.43 4.9033 0 0 0 
612000 926 561.304 724.204 12.219 4.9928 0 0 0 
613000 929 556.393 769.232 12.286 4.8905 0 0 0 
614000 930 552.145 767.069 12.369 4.8371 0 0 0 
615000 934 544.642 808.18 12.247 4.742 0 0 0 
616000 935 541.969 841.216 12.316 4.7168 0 0 0 
617000 937 553.327 849.232 12.239 4.8565 0 0 0 
618000 938 562.26 846.554 11.944 4.9252 0 0 0 
619000 939 571.015 861.9 12.008 5.011 0 0 0 
620000 941 566.257 893.524 12.043 4.9758 0 0 0 
621000 943 560.192 924.145 12.064 4.9319 0 0 0 
622000 944 559.769 940.001 12.027 4.9123 0 0 0 
623000 946 564.322 966.897 12.24 4.9216 0 0 0 
624000 948 569.055 984.543 12.28 4.9669 0 0 0 
625000 951 551.605 1046.052 12.599 4.8032 0 0 0 
626000 953 543.227 1073.877 12.643 4.7302 0 0 0 
627000 955 543.889 1100.793 12.677 4.7698 0 0 0 
628000 957 546.191 1127.728 12.652 4.7637 0 0 0 
629000 958 540.947 1141.148 12.712 4.7048 0 0 0 
630000 961 539.878 1182.301 12.743 4.6507 0 0 0 
631000 962 549.08 1195.877 12.692 4.704 0 0 0 
632000 964 551.016 1210.226 12.733 4.695 0 0 0 
633000 966 542.618 1252.173 12.879 4.5995 0 0 0 
634000 968 538.554 1277.041 12.89 4.5843 0 0 0 
635000 969 547.783 1285.479 12.845 4.6863 0 0 0 
636000 972 545.528 1313.355 12.777 4.6787 0 0 0 
637000 975 528.829 1377.09 13.03 4.4991 0 0 0 
638000 976 525.332 1381.053 13.04 4.488 0 0 0 
639000 977 534.826 1391.842 12.837 4.6743 0 0 0 
640000 981 527.706 1451.069 13.035 4.6477 0 0 0 
641000 983 514.677 1490.976 13.138 4.522 0 0 0 
642000 985 518.896 1519.983 13.294 4.5935 0 0 0 
643000 987 524.308 1544.468 13.323 4.6754 0 0 0 
644000 988 527.122 1567.175 13.326 4.6904 0 0 0 
645000 992 509.567 1626.415 13.541 4.481 0 0 0 
646000 994 499.274 1659.751 13.637 4.3668 0 0 0 
647000 997 499.715 1708.822 13.816 4.3462 0 0 0 
648000 998 496.881 1712.4 13.913 4.3114 0 0 0 
649000 1001 502.256 1749.134 13.726 4.3286 0 0 0 
650000 1005 479.791 1823.758 13.899 4.095 0 0 0 
651000 1007 472.296 1855.448 13.995 4.0094 0 0 0 
652000 1009 477.313 1890.94 14.073 4.0195 0 0 0 
653000 1010 476.547 1904.327 14.146 3.9966 0 0 0 
654000 1012 483.397 1923.998 14.07 4.0479 0 0 0 
655000 1013 487.689 1924.434 13.96 4.1153 0 0 0 
656000 1015 506.397 1935.538 13.547 4.3152 0 0 0 
657000 1016 514.669 1954.053 13.522 4.467 0 0 0 
658000 1019 500.952 1995.53 13.583 4.4061 0 0 0 
659000 1020 510.933 1991.325 13.172 4.5744 0 0 0 
660000 1021 520.714 1984.878 12.825 4.6362 0 0 0 
661000 1023 523.088 2001.467 12.654 4.716 0 0 0 
662000 1025 522.762 2033.836 12.735 4.7455 0 0 0 
663000 1027 523.836 2051.6 12.774 4.7641 0 0 0 
664000 1029 518.189 2102.935 12.948 4.7012 0 0 0 
665000 1031 520.485 2122.368 13.152 4.6871 0 0 0 
666000 1033 515.285 2162.79 13.299 4.6088 0 0 0 
667000 1035 519.339 2183.895 13.251 4.6293 0 0 0 
668000 1036 514.032 2202.83 13.282 4.5962 0 0 0 
669000 1039 515.562 2244.871 13.267 4.6299 0 0 0 
670000 1040 525.25 2256.629 13.196 4.6891 0 0 0 
671000 1043 511.109 2303.565 13.385 4.5211 0 0 0 
672000 1046 504.646 2344.705 13.464 4.4159 0 0 0 
673000 1047 514.553 2341.801 13.114 4.4808 0 0 0 
674000 1049 510.936 2386.651 13.328 4.4121 0 0 0 
675000 1051 500.551 2410.553 13.463 4.2962 0 0 0 
676000 1052 510.54 2420.412 13.355 4.3888 0 0 0 
677000 1055 510.732 2460.583 13.303 4.3305 0 0 0 
678000 1058 497.698 2513.494 13.455 4.1787 0 0 0 
679000 1061 492.908 2545.252 13.597 4.0927 0 0 0 
680000 1063 486.187 2584.189 13.744 4.0077 0 0 0 
681000 1065 491.734 2608.607 13.614 4.0304 0 0 0 
682000 1067 486.891 2629.458 13.585 3.9573 0 0 0 
683000 1069 491.05 2646.906 13.291 3.9946 0 0 0 
684000 1070 497.049 2650.468 13.142 4.0425 0 0 0 
685000 1072 505.026 2666.885 12.975 4.0589 0 0 0 
686000 1074 496.888 2706.099 13.062 3.9714 0 0 0 
687000 1078 486.417 2754.785 13.328 3.8336 0 0 0 
688000 1080 479.829 2798.562 13.384 3.7595 0 0 0 
689000 1082 484.931 2812.375 13.267 3.792 0 0 0 
690000 1085 477.609 2859.485 13.41 3.7073 0 0 0 
691000 1086 479.077 2876.138 13.353 3.7176 0 0 0 
692000 1088 490.045 2887.492 13.277 3.8262 0 0 0 
693000 1089 486.544 2906.475 13.342 3.8007 0 0 0 
694000 1091 500.157 2910.505 12.961 3.9051 0 0 0 
695000 1093 497.422 2953.689 13.082 3.8666 0 0 0 
696000 1095 499.313 2965.182 13.032 3.8726 0 0 0 
697000 1098 490.393 3007.538 13.056 3.7815 0 0 0 
698000 1099 500.585 3022.032 13.018 3.8651 0 0 0 
699000 1102 488.438 3077.75 13.25 3.7677 0 0 0 
700000 1105 476.063 3126.025 13.467 3.6508 0 0 0 
701000 1106 486.542 3137.552 13.224 3.7363 0 0 0 
702000 1108 491.921 3146.976 13.231 3.8405 0 0 0 
703000 1111 475.433 3200.514 13.328 3.7294 0 0 0 
704000 1112 485.924 3214.538 13.198 3.8143 0 0 0 
705000 1113 496.206 3226.029 13.174 3.8885 0 0 0 
706000 1116 494.057 3252.413 13.233 3.9031 0 0 0 
707000 1118 482.973 3285.775 13.21 3.8016 0 0 0 
708000 1120 486.207 3318.871 13.279 3.9051 0 0 0 
709000 1121 496.483 3322.347 13.062 4.0276 0 0 0 
710000 1123 498.271 3345.93 13.049 4.1314 0 0 0 
711000 1125 499.091 3372.134 13.059 4.161 0 0 0 
712000 1127 504.987 3389.071 13.049 4.2635 0 0 0 
713000 1129 499.512 3413.793 12.836 4.2281 0 0 0 
714000 1131 503.371 3428.191 12.708 4.2763 0 0 0 
715000 1132 513.304 3444.147 12.65 4.3773 0 0 0 
716000 1133 508.678 3463.144 12.717 4.3297 0 0 0 
717000 1137 502.573 3520.356 13.045 4.2394 0 0 0 
718000 1138 495.061 3533.906 12.999 4.1703 0 0 0 
719000 1141 494.347 3572.312 12.929 4.1477 0 0 0 
720000 1143 501.991 3595.565 12.976 4.1833 0 0 0 
721000 1144 500.591 3615.281 13.022 4.1655 0 0 0 
722000 1145 506.96 3625.272 12.966 4.2314 0 0 0 
723000 1147 522.244 3643.024 12.934 4.3673 0 0 0 
724000 1149 510.743 3679.89 13.024 4.2561 0 0 0 
725000 1150 513.188 3689.649 12.963 4.2738 0 0 0 
726000 1151 522.925 3702.901 12.878 4.3511 0 0 0 
727000 1154 526.187 3747.28 12.982 4.3347 0 0 0 
728000 1159 499.02 3810.195 13.194 4.0751 0 0 0 
729000 1162 485.357 3872.848 13.397 3.9408 0 0 0 
730000 1165 478.269 3909.312 13.421 3.8597 0 0 0 
731000 1167 480.28 3939.504 13.584 3.8698 0 0 0 
732000 1169 475.79 3976.909 13.633 3.834 0 0 0 
733000 1170 475.594 3989.338 13.604 3.8301 0 0 0 
734000 1172 491.3 4014.855 13.644 3.9447 0 0 0 
735000 1174 483.743 4059.036 13.829 3.8733 0 0 0 
736000 1177 481.036 4102.904 14.001 3.8748 0 0 0 
737000 1178 488.215 4114.308 13.9 3.9492 0 0 0 
738000 1180 492.242 4138.312 13.784 3.9904 0 0 0 
739000 1183 482.903 4180.669 13.902 3.9014 0 0 0 
740000 1184 493.245 4188.951 13.8 4.0065 0 0 0 
741000 1185 492.52 4209.59 13.804 4.0125 0 0 0 
742000 1188 494.734 4252.325 13.946 4.2223 0 0 0 
743000 1191 486.083 4289.105 13.931 4.1785 0 0 0 
744000 1192 495.061 4301.439 13.831 4.267 0 0 0 
745000 1195 483.686 4354.315 14.025 4.1491 0 0 0 
746000 1196 489.732 4364.774 13.904 4.2076 0 0 0 
747000 1197 499.938 4382.47 13.844 4.2857 0 0 0 
748000 1200 490.649 4423.023 13.952 4.1793 0 0 0 
749000 1204 477.444 4471.492 13.87 4.0327 0 0 0 
750000 1206 476.562 4501.661 13.88 4.0129 0 0 0 
751000 1207 471.711 4513.948 13.853 3.9652 0 0 0 
752000 1209 488.651 4531.412 13.675 4.0921 0 0 0 
753000 1210 483.158 4546.307 13.692 4.0402 0 0 0 
754000 1214 480.832 4598.094 13.705 3.9864 0 0 0 
755000 1218 462.214 4670.319 13.949 3.8051 0 0 0 
756000 1219 466.69 4679.779 13.907 3.8262 0 0 0 
757000 1224 448.773 4739.563 13.928 3.6535 0 0 0 
758000 1225 459.797 4752.944 13.854 3.7453 0 0 0 
759000 1226 455.701 4780.929 13.896 3.7049 0 0 0 
760000 1229 456.915 4829.811 13.981 3.7029 0 0 0 
761000 1231 453.828 4851.925 14.045 3.6677 0 0 0 
762000 1234 456.406 4880.217 13.847 3.7016 0 0 0 
763000 1236 448.79 4927.794 14.0 3.6373 0 0 0 
764000 1238 458.629 4954.149 14.023 3.7089 0 0 0 
765000 1242 442.579 5005.887 14.027 3.558 0 0 0 
766000 1246 428.042 5058.189 13.974 3.4156 0 0 0 
767000 1249 420.762 5104.486 13.968 3.3394 0 0 0 
768000 1250 431.427 5107.581 13.795 3.4333 0 0 0 
769000 1252 433.518 5138.744 13.786 3.4852 0 0 0 
770000 1255 428.196 5174.406 13.753 3.5907 0 0 0 
771000 1256 439.632 5191.556 13.686 3.8831 0 0 0 
772000 1257 449.24 5197.773 13.669 4.0454 0 0 0 
773000 1258 459.455 5203.019 13.399 4.1576 0 0 0 
774000 1259 470.266 5215.609 13.414 4.2534 0 0 0 
775000 1262 463.757 5258.714 13.455 4.155 0 0 0 
776000 1263 474.482 5272.089 13.456 4.2402 0 0 0 
777000 1264 484.992 5279.067 13.299 4.3347 0 0 0 
778000 1266 484.531 5289.411 13.151 4.3042 0 0 0 
779000 1267 484.1 5297.076 13.034 4.2863 0 0 0 
780000 1268 494.418 5306.736 12.905 4.3538 0 0 0 
781000 1269 504.53 5317.95 12.84 4.4687 0 0 0 
782000 1270 514.439 5329.061 12.804 4.5393 0 0 0 
783000 1271 522.61 5336.22 12.797 4.6026 0 0 0 
784000 1273 539.095 5353.764 12.536 4.7203 0 0 0 
785000 1274 548.313 5357.686 12.339 4.785 0 0 0 
786000 1275 557.347 5362.792 12.311 4.8826 0 0 0 
787000 1276 566.2 5360.066 12.01 4.9649 0 0 0 
788000 1277 563.596 5374.332 12.074 4.935 0 0 0 
789000 1278 572.324 5374.006 11.828 4.9956 0 0 0 
790000 1279 580.877 5373.416 11.626 5.0588 0 0 0 
791000 1281 583.655 5389.397 11.401 5.0792 0 0 0 
792000 1282 582.062 5395.817 11.343 5.053 0 0 0 
793000 1283 590.42 5389.338 11.17 5.1268 0 0 0 
794000 1285 602.02 5394.058 10.703 5.2671 0 0 0 
795000 1286 602.739 5410.745 10.679 5.2567 0 0 0 
796000 1288 602.024 5432.331 10.626 5.2325 0 0 0 
797000 1289 605.224 5439.738 10.66 5.3288 0 0 0 
798000 1290 613.119 5438.702 10.49 5.6242 0 0 0 
799000 1291 620.857 5437.566 10.206 5.7213 0 0 0 
800000 1292 628.44 5438.436 9.992 5.8376 0 0 0 
801000 1293 635.871 5440.865 9.826 5.9661 0 0 0 
802000 1294 643.154 5436.424 9.612 6.0934 0 0 0 
803000 1295 650.291 5431.96 9.335 6.2215 0 0 0 
804000 1296 652.245 5441.455 9.306 6.2244 0 0 0 
805000 1298 658.176 5459.645 9.179 6.2721 0 0 0 
806000 1299 665.012 5465.701 9.21 6.4286 0 0 0 
807000 1300 671.712 5464.572 8.996 6.4838 0 0 0 
808000 1301 669.578 5474.239 8.983 6.4579 0 0 0 
809000 1303 671.724 5490.284 8.986 6.56 0 0 0 
810000 1304 667.63 5497.125 8.98 6.5476 0 0 0 
811000 1306 665.844 5523.141 9.033 6.5054 0 0 0 
812000 1307 672.527 5529.997 9.025 6.638 0 0 0 
813000 1308 675.517 5538.073 9.07 6.6565 0 0 0 
814000 1309 682.006 5543.765 8.89 6.6583 0 0 0 
815000 1310 688.366 5551.341 8.935 6.7315 0 0 0 
816000 1314 663.055 5607.008 9.307 6.4065 0 0 0 
817000 1316 654.602 5626.433 9.337 6.2739 0 0 0 
818000 1318 646.737 5652.066 9.449 6.1472 0 0 0 
819000 1319 653.802 5649.999 9.229 6.2007 0 0 0 
820000 1320 660.726 5646.08 8.978 6.2575 0 0 0 
821000 1321 662.611 5659.715 8.986 6.2458 0 0 0 
822000 1325 636.416 5710.674 9.346 5.9338 0 0 0 
823000 1326 640.488 5718.093 9.346 5.9467 0 0 0 
824000 1329 626.996 5760.211 9.587 5.7822 0 0 0 
825000 1331 617.819 5784.981 9.694 5.6725 0 0 0 
826000 1332 624.483 5788.421 9.505 5.7017 0 0 0 
827000 1334 623.87 5817.292 9.729 5.7458 0 0 0 
828000 1335 631.393 5815.751 9.493 5.9327 0 0 0 
829000 1337 622.46 5833.987 9.546 5.838 0 0 0 
830000 1340 612.215 5872.48 9.884 5.7172 0 0 0 
831000 1341 619.971 5882.788 9.901 5.8003 0 0 0 
832000 1342 627.571 5888.382 9.715 5.9361 0 0 0 
833000 1344 621.37 5918.63 9.904 5.8725 0 0 0 
834000 1345 614.123 5925.841 9.98 5.8034 0 0 0 
835000 1350 586.04 5985.746 10.015 5.5516 0 0 0 
836000 1352 584.584 6010.57 10.055 5.5321 0 0 0 
837000 1354 574.219 6036.829 10.255 5.4098 0 0 0 
838000 1356 577.56 6052.981 10.157 5.4891 0 0 0 
839000 1361 543.925 6106.54 10.387 5.1737 0 0 0 
840000 1365 515.442 6163.182 10.428 4.8904 0 0 0 
841000 1366 525.133 6173.781 10.486 5.0033 0 0 0 
842000 1368 513.184 6196.269 10.526 4.8719 0 0 0 
843000 1373 496.057 6241.941 10.406 4.6734 0 0 0 
844000 1380 449.475 6314.602 10.411 4.1868 0 0 0 
845000 1387 409.335 6367.012 10.034 3.8064 0 0 0 
846000 1391 387.643 6404.069 9.826 3.5977 0 0 0 
847000 1397 371.499 6456.45 9.855 3.5287 0 0 0 
848000 1403 347.96 6505.63 9.722 3.3102 0 0 0 
849000 1409 325.942 6565.506 9.671 3.0697 0 0 0 
850000 1412 322.276 6602.301 9.713 3.0222 0 0 0 
851000 1413 325.27 6615.718 9.821 3.0698 0 0 0 
852000 1416 332.555 6640.521 9.86 3.186 0 0 0 
853000 1419 339.985 6666.019 9.692 3.2728 0 0 0 
