10000 59 117.539 433.0 5.1 0.1997 58.1152 
20000 121 147.123 854.0 6.196 0.2454 70.6817 
30000 182 158.381 1296.0 6.869 0.2651 77.6116 
40000 248 155.919 1735.0 6.769 1.6159 79.2326 
50000 308 164.833 2157.0 7.082 2.3853 85.0814 
60000 365 170.138 2615.0 7.616 2.6555 88.0448 
70000 428 160.769 3083.0 7.591 2.5478 87.5338 
80000 489 165.233 3557.0 7.778 2.6415 88.7186 
90000 549 169.797 4016.0 8.081 2.7195 104.8725 
100000 611 163.974 4484.0 7.743 2.6472 93.4037 
110000 670 165.531 4977.0 8.1 2.654 96.1937 
120000 731 165.214 5517.0 8.699 2.6385 98.1948 
130000 790 167.261 6043.0 8.913 2.6932 105.8363 
140000 847 172.138 6575.0 9.269 2.7567 118.482 
150000 910 159.825 7062.0 8.014 2.5614 94.853 
160000 969 166.552 7583.0 8.592 2.6822 97.8077 
170000 1026 174.94 8148.0 9.586 2.8148 110.907 
180000 1085 169.812 8694.0 9.216 2.7183 110.912 
190000 1148 159.375 9203.0 8.44 2.5513 96.3623 
200000 1208 168.587 9749.0 9.189 2.6935 119.2958 
210000 1265 172.989 10290.0 9.413 2.7779 117.3768 
220000 1324 172.651 10830.0 9.369 2.7761 107.7562 
230000 1383 170.444 11437.0 10.021 2.7253 135.6153 
240000 1444 167.02 12059.0 10.078 2.6785 129.6523 
250000 1499 177.325 12643.0 10.51 2.849 126.0042 
260000 1555 177.548 13243.0 10.761 2.8472 125.2899 
270000 1613 175.747 13842.0 10.572 2.8158 124.2872 
280000 1662 194.213 14505.0 12.594 3.1039 145.7412 
290000 1723 172.666 15088.0 10.288 2.756 117.0165 
300000 1778 180.557 15744.0 11.634 2.892 129.3878 
310000 1838 170.852 16349.0 10.532 2.7366 119.9531 
320000 1896 171.45 16998.0 10.631 2.7432 126.2535 
330000 1950 177.023 17646.0 11.176 2.8284 129.1688 
340000 2004 188.431 18245.0 11.559 3.0179 149.4111 
350000 2059 183.741 18937.0 12.329 2.9318 156.1727 
360000 2117 174.39 19563.0 11.225 2.8026 133.2896 
370000 2168 184.135 20222.0 12.029 2.9625 146.1614 
380000 2217 195.976 20964.0 13.485 3.1301 164.8073 
390000 2274 183.213 21612.0 12.241 2.9338 176.3674 
400000 2326 189.55 22253.0 12.251 2.9713 168.2162 
410000 2381 182.338 22960.0 12.697 2.8594 152.1789 
420000 2437 179.429 23688.0 12.822 2.848 162.4669 
430000 2497 168.549 24365.0 11.622 2.6932 135.0813 
440000 2544 190.801 25055.0 12.938 3.0455 173.8701 
450000 2604 170.899 25764.0 12.181 2.7368 149.1966 
460000 2654 195.076 26500.0 14.302 3.1347 186.863 
470000 2708 188.364 27267.0 14.091 3.0214 190.9856 
480000 2763 183.279 28063.0 13.869 2.9444 173.0338 
490000 2811 200.874 28881.0 16.242 3.2207 239.3815 
500000 2861 200.275 29629.0 15.509 3.2136 201.576 
510000 2912 199.449 30385.0 15.096 3.1947 199.0037 
520000 2959 205.61 31215.0 16.304 3.2836 199.3546 
530000 3009 203.156 31946.0 15.391 3.2411 198.9393 
540000 3053 214.294 32723.0 16.504 3.4312 251.2085 
550000 3098 219.198 33604.0 18.518 3.5105 266.879 
560000 3148 207.551 34388.0 16.469 3.3134 230.2973 
570000 3188 233.656 35167.0 18.192 3.7361 250.8473 
580000 3233 228.894 35974.0 18.132 3.6607 286.4786 
590000 3276 232.685 36800.0 18.906 3.7264 279.7056 
600000 3324 219.675 37513.0 16.425 3.5281 235.8853 
610000 3368 219.934 38366.0 17.98 3.5193 248.7108 
620000 3414 219.948 39200.0 18.186 3.5308 260.6466 
630000 3455 231.384 40033.0 19.177 3.7072 276.9967 
640000 3499 229.32 40882.0 19.579 3.67 292.8636 
650000 3544 224.756 41743.0 19.141 3.5902 281.7556 
660000 3582 238.814 42590.0 20.025 3.811 339.2472 
670000 3621 246.623 43442.0 20.5 3.9397 337.6336 
680000 3664 235.963 44306.0 20.177 3.7737 334.9618 
690000 3704 243.175 45180.0 21.249 3.8925 338.8289 
700000 3750 226.328 46082.0 20.236 3.6292 303.5277 
710000 3796 223.797 46966.0 19.995 3.579 304.447 
720000 3839 228.225 47869.0 20.639 3.6438 317.8769 
730000 3882 226.074 48786.0 20.398 3.6096 286.4817 
740000 3920 242.198 49674.0 21.365 3.8629 310.8496 
750000 3960 246.784 50625.0 22.868 3.9465 335.0382 
760000 3999 256.834 51495.0 22.807 4.104 336.1934 
770000 4039 256.445 52433.0 23.65 4.0984 345.7471 
780000 4078 254.521 53389.0 23.775 4.0693 351.1523 
790000 4122 238.98 54355.0 22.564 3.8208 319.7879 
800000 4163 243.948 55256.0 22.525 3.9025 323.8779 
810000 4203 248.589 56214.0 23.237 3.9773 363.3868 
820000 4246 238.005 57194.0 22.575 3.8204 328.2247 
830000 4287 243.741 58133.0 22.862 3.8993 342.2914 
840000 4323 258.249 59126.0 25.058 4.121 359.245 
850000 4366 247.588 60142.0 24.454 3.9577 346.3277 
860000 4403 261.003 61133.0 26.179 4.1742 412.1529 
870000 4440 266.414 62161.0 26.714 4.2643 436.5062 
880000 4475 279.617 63205.0 28.905 4.4738 492.7703 
890000 4512 271.486 64304.0 28.772 4.3314 477.4734 
900000 4549 272.305 65362.0 28.921 4.352 460.0958 
910000 4584 271.0 66360.0 27.323 4.3194 395.2161 
920000 4622 271.884 67393.0 28.242 4.3518 390.1366 
930000 4659 266.516 68458.0 27.8 4.2666 431.1566 
940000 4701 255.105 69483.0 26.797 4.071 400.7226 
950000 4736 269.317 70574.0 29.073 4.3011 471.5077 
960000 4776 257.77 71652.0 27.854 4.1098 412.7727 
970000 4814 263.06 72752.0 28.861 4.1938 424.5344 
980000 4848 279.743 73831.0 29.887 4.464 453.5508 
990000 4887 268.967 74997.0 30.323 4.299 484.6381 
1000000 4920 281.617 76134.0 31.701 4.514 516.6047 
1010000 4954 288.788 77259.0 32.747 4.6357 511.687 
1020000 4993 271.002 78387.0 30.639 4.3505 463.4612 
1030000 5027 282.963 79452.0 31.442 4.5344 560.2025 
1040000 5061 281.1 80621.0 31.781 4.4907 513.3121 
1050000 5098 279.089 81781.0 32.259 4.4722 538.6369 
1060000 5129 298.698 82796.0 32.23 4.7745 520.6938 
1070000 5162 301.932 83899.0 32.981 4.8259 528.1555 
1080000 5197 293.92 85098.0 33.354 4.711 563.0585 
1090000 5233 286.148 86274.0 33.361 4.5752 527.1331 
1100000 5268 279.035 87511.0 32.961 4.466 502.917 
1110000 5300 298.126 88603.0 34.366 4.762 547.802 
1120000 5331 309.102 89763.0 34.961 4.9456 530.9447 
1130000 5367 287.626 90907.0 32.703 4.5969 481.073 
1140000 5403 284.393 92006.0 31.825 4.5496 484.026 
1150000 5437 290.097 93138.0 32.741 4.6439 509.5835 
1160000 5471 289.887 94323.0 33.692 4.635 521.3263 
1170000 5504 297.941 95540.0 35.554 4.7615 591.0808 
1180000 5539 290.837 96729.0 33.952 4.646 539.306 
1190000 5574 287.517 97969.0 34.898 4.6081 540.2636 
1200000 5611 278.656 99231.0 35.006 4.4608 547.2706 
1210000 5646 279.699 100368.0 33.283 4.4799 513.2164 
1220000 5684 268.291 101461.0 30.642 4.2954 486.3808 
1230000 5720 277.306 102590.0 31.698 4.4389 498.289 
1240000 5756 272.574 103834.0 32.656 4.3557 493.6961 
1250000 5793 273.122 105000.0 32.297 4.3539 456.0412 
1260000 5826 288.163 106221.0 34.45 4.5915 509.2809 
1270000 5856 301.214 107412.0 35.117 4.8119 532.3444 
1280000 5892 287.999 108555.0 33.028 4.61 520.9001 
1290000 5927 292.342 109754.0 35.014 4.6854 548.6229 
1300000 5964 279.888 110954.0 33.439 4.4786 514.2754 
1310000 5995 301.739 112133.0 35.65 4.8209 595.3525 
1320000 6031 287.306 113340.0 34.522 4.6004 537.219 
1330000 6065 291.519 114471.0 33.999 4.665 511.3861 
1340000 6099 292.527 115660.0 34.37 4.6878 529.5027 
1350000 6132 297.961 116821.0 34.571 4.7637 522.1567 
1360000 6168 288.889 117931.0 32.863 4.6283 496.6254 
1370000 6204 277.802 119137.0 32.119 4.4528 480.1256 
1380000 6242 271.814 120338.0 32.102 4.3539 475.9498 
1390000 6279 268.167 121465.0 30.983 4.2993 497.203 
1400000 6313 279.895 122594.0 32.303 4.4794 482.5695 
1410000 6347 290.497 123709.0 33.099 4.6494 507.1262 
1420000 6381 287.706 124913.0 33.189 4.6056 518.7747 
1430000 6414 296.097 126118.0 35.084 4.7343 543.6344 
1440000 6444 308.275 127394.0 37.275 4.9266 618.2326 
1450000 6477 300.402 128619.0 36.338 4.7992 619.196 
1460000 6511 303.839 129771.0 36.663 4.8581 616.3685 
1470000 6547 289.911 130894.0 33.626 4.6363 548.2426 
1480000 6585 276.544 131976.0 31.299 4.4232 526.9207 
1490000 6618 286.548 133125.0 32.22 4.5912 507.7013 
1500000 6653 288.751 134338.0 34.165 4.6165 543.7084 
1510000 6687 280.894 135526.0 32.653 4.5012 521.3449 
1520000 6725 278.565 136704.0 33.175 4.4527 513.9549 
1530000 6759 279.914 137924.0 32.953 4.47 513.1426 
1540000 6795 277.645 138951.0 30.983 4.4332 483.0092 
1550000 6831 281.687 140098.0 31.835 4.503 485.5444 
1560000 6862 299.794 141232.0 33.267 4.7858 510.1715 
1570000 6894 306.095 142349.0 34.085 4.8895 530.0132 
1580000 6930 292.569 143485.0 33.179 4.6705 517.1346 
1590000 6960 310.3 144549.0 34.012 4.9636 522.8166 
1600000 6996 290.806 145634.0 31.623 4.6548 481.5987 
1610000 7030 294.607 146678.0 31.176 4.7178 494.1677 
1620000 7067 282.476 147764.0 30.493 4.5382 508.3853 
1630000 7098 296.4 148789.0 31.073 4.7668 507.218 
1640000 7135 284.711 149912.0 30.874 4.5667 531.5838 
1650000 7167 295.565 150984.0 31.969 4.7312 515.8943 
1660000 7201 299.115 152033.0 31.697 4.7789 502.3245 
1670000 7240 274.209 153068.0 28.433 4.3994 464.0137 
1680000 7272 294.096 154129.0 31.024 4.704 508.8012 
1690000 7306 291.219 155200.0 30.7 4.6567 497.8864 
1700000 7339 298.624 156227.0 31.117 4.7711 470.0439 
1710000 7377 274.539 157241.0 28.053 4.3957 411.3614 
1720000 7411 285.654 158171.0 28.006 4.5746 402.3607 
1730000 7442 303.356 159161.0 29.903 4.8578 449.2951 
1740000 7476 295.278 160272.0 30.455 4.7326 511.6204 
1750000 7512 285.726 161405.0 31.094 4.5663 496.9952 
1760000 7544 300.5 162481.0 32.473 4.8025 579.9475 
1770000 7578 295.036 163603.0 32.494 4.72 542.2101 
1780000 7611 295.253 164654.0 31.441 4.7216 528.1413 
1790000 7641 317.175 165658.0 32.881 5.0658 525.5478 
1800000 7674 304.487 166789.0 32.408 4.8746 474.1353 
1810000 7706 315.845 167771.0 32.904 5.0578 511.1811 
1820000 7740 306.117 168761.0 31.33 4.9059 511.8835 
1830000 7776 293.081 169835.0 30.395 4.6924 485.98 
1840000 7811 289.683 170974.0 31.354 4.6303 537.6729 
1850000 7843 301.137 172031.0 32.259 4.815 519.415 
1860000 7878 293.352 173100.0 31.506 4.701 495.4611 
1870000 7912 289.082 174190.0 31.333 4.6272 480.3285 
1880000 7950 273.738 175252.0 29.012 4.3873 435.5225 
1890000 7985 284.117 176332.0 30.941 4.5505 498.4877 
1900000 8018 295.18 177442.0 32.356 4.7327 497.3221 
1910000 8052 290.429 178352.0 29.203 4.6555 426.0694 
1920000 8085 293.579 179424.0 30.127 4.7239 466.4373 
1930000 8120 290.148 180395.0 29.193 4.6548 471.9299 
1940000 8154 285.543 181487.0 29.28 4.5864 449.0037 
1950000 8187 299.092 182451.0 30.363 4.806 433.8737 
1960000 8222 290.611 183559.0 30.793 4.6593 432.125 
1970000 8257 280.244 184734.0 31.011 4.4821 448.2928 
1980000 8296 270.804 185901.0 31.237 4.3367 490.6117 
1990000 8331 274.874 186974.0 30.153 4.4096 483.6842 
2000000 8367 276.72 188040.0 30.528 4.4236 460.9058 
2010000 8403 278.134 189137.0 30.676 4.45 468.572 
2020000 8440 268.848 190250.0 29.528 4.3005 439.1845 
2030000 8473 289.69 191374.0 32.361 4.6354 513.5856 
2040000 8508 286.848 192445.0 30.941 4.5978 500.746 
2050000 8542 294.382 193442.0 30.899 4.7132 474.8805 
2060000 8581 270.673 194564.0 29.239 4.3273 474.8678 
2070000 8618 268.053 195697.0 29.501 4.2785 491.1994 
2080000 8655 269.764 196767.0 29.105 4.3075 480.7691 
2090000 8688 279.318 197844.0 29.35 4.4641 489.9252 
2100000 8722 289.186 198870.0 30.724 4.6235 555.3764 
2110000 8755 291.509 199989.0 31.433 4.6681 521.1346 
2120000 8793 277.327 201063.0 30.121 4.4451 494.1157 
2130000 8830 275.502 202176.0 30.338 4.4149 488.1681 
2140000 8869 266.74 203359.0 30.386 4.2588 475.8036 
2150000 8906 268.903 204509.0 30.568 4.2869 480.2477 
2160000 8941 277.03 205613.0 31.098 4.4226 498.8092 
2170000 8979 268.426 206695.0 29.299 4.2841 481.4642 
2180000 9017 264.904 207809.0 29.035 4.2296 461.0748 
2190000 9051 273.355 208957.0 30.162 4.3621 460.0512 
2200000 9089 276.112 210044.0 30.567 4.413 495.725 
2210000 9121 290.132 211072.0 31.253 4.6336 511.5219 
2220000 9157 284.731 212127.0 30.369 4.5471 462.9599 
2230000 9190 291.931 213086.0 29.558 4.674 442.0086 
2240000 9225 288.292 214164.0 29.901 4.6209 438.8844 
2250000 9261 275.593 215195.0 28.476 4.409 404.4304 
2260000 9294 293.871 216114.0 28.771 4.7026 458.9388 
2270000 9330 284.293 217112.0 28.169 4.5549 431.1542 
2280000 9369 268.621 217997.0 25.399 4.3068 368.5515 
2290000 9405 273.737 218868.0 24.813 4.3678 368.7084 
2300000 9442 263.088 219823.0 24.173 4.2111 355.5776 
2310000 9480 265.715 220704.0 23.987 4.2541 346.7127 
2320000 9514 274.334 221587.0 24.445 4.385 333.8666 
2330000 9551 272.101 222446.0 24.008 4.35 364.8533 
2340000 9583 288.313 223358.0 25.732 4.6155 388.4237 
2350000 9624 264.36 224202.0 22.908 4.2271 348.4029 
2360000 9661 270.916 225105.0 23.786 4.3275 341.5773 
2370000 9699 267.168 225985.0 23.242 4.2674 329.6527 
2380000 9733 277.124 226878.0 24.188 4.4295 331.8548 
2390000 9774 257.784 227802.0 23.349 4.134 319.7727 
2400000 9816 247.372 228784.0 23.178 3.9606 326.9834 
2410000 9852 261.284 229755.0 24.623 4.1866 351.7127 
2420000 9891 255.792 230701.0 24.112 4.0915 358.1082 
2430000 9927 265.022 231634.0 24.708 4.2389 380.0852 
2440000 9964 266.736 232508.0 24.452 4.2693 374.1368 
2450000 10002 264.855 233488.0 24.767 4.233 381.4531 
2460000 10041 262.426 234459.0 25.062 4.2078 380.1434 
2470000 10078 267.373 235390.0 24.996 4.2856 390.0151 
2480000 10116 263.439 236271.0 23.821 4.2161 364.1162 
2490000 10155 259.271 237182.0 23.323 4.1473 371.0893 
2500000 10190 274.721 238013.0 24.103 4.4018 382.298 
2510000 10227 270.842 238965.0 24.505 4.3408 362.2858 
2520000 10265 262.413 239878.0 24.302 4.2033 352.411 
2530000 10300 279.422 240797.0 25.518 4.4791 379.3101 
2540000 10336 279.281 241783.0 26.578 4.4796 395.4483 
2550000 10371 281.352 242628.0 25.053 4.5053 369.8756 
2560000 10404 293.046 243560.0 26.546 4.6946 406.4294 
2570000 10439 290.871 244525.0 27.26 4.6516 402.1535 
2580000 10478 272.41 245478.0 25.762 4.3503 411.7409 
2590000 10513 278.252 246331.0 24.952 4.4435 406.9276 
2600000 10552 265.06 247260.0 24.032 4.2371 360.5367 
2610000 10591 255.562 248184.0 23.573 4.0936 346.7819 
2620000 10632 250.887 249099.0 23.001 4.0084 337.9002 
2630000 10672 253.074 250125.0 24.823 4.0439 364.4254 
2640000 10707 267.081 250975.0 24.256 4.2719 344.6308 
2650000 10742 278.165 251882.0 25.534 4.4425 364.1343 
2660000 10780 270.605 252836.0 25.422 4.3257 368.182 
2670000 10818 263.659 253768.0 24.521 4.2199 352.449 
2680000 10855 272.637 254719.0 26.017 4.3562 379.4155 
2690000 10891 271.035 255672.0 25.649 4.335 380.8796 
2700000 10929 268.395 256553.0 24.438 4.3077 371.1382 
2710000 10964 270.973 257478.0 24.933 4.3405 380.058 
2720000 10998 283.994 258386.0 25.431 4.5429 396.1869 
2730000 11037 272.484 259241.0 23.941 4.3636 383.0982 
2740000 11076 260.871 260081.0 22.426 4.1793 348.8907 
2750000 11115 259.183 260937.0 22.355 4.1564 336.5035 
2760000 11151 266.947 261782.0 22.523 4.2749 370.866 
2770000 11190 263.411 262620.0 22.371 4.2236 367.4831 
2780000 11229 258.691 263477.0 21.902 4.1497 363.0327 
2790000 11268 255.628 264309.0 21.709 4.0881 323.5897 
2800000 11307 252.969 265090.0 20.077 4.0431 296.0877 
2810000 11352 233.841 265978.0 20.081 3.7463 268.082 
2820000 11391 241.003 266995.0 22.792 3.8643 334.1781 
2830000 11433 238.302 267912.0 22.114 3.8086 334.7448 
2840000 11475 236.969 268940.0 23.085 3.7936 370.9061 
2850000 11514 249.138 269863.0 23.533 3.9897 362.8651 
2860000 11553 250.125 270739.0 22.449 4.0067 342.1814 
2870000 11596 236.404 271673.0 21.58 3.7882 332.2591 
2880000 11634 246.403 272646.0 23.449 3.9494 339.4479 
2890000 11676 244.574 273585.0 23.257 3.9164 324.2706 
2900000 11715 246.98 274565.0 23.31 3.965 338.5882 
2910000 11757 241.68 275408.0 21.094 3.8736 294.3991 
2920000 11800 238.378 276338.0 21.812 3.814 318.5703 
2930000 11842 240.321 277255.0 22.077 3.8537 314.026 
2940000 11884 242.143 278217.0 22.927 3.8767 325.3238 
2950000 11922 251.388 279165.0 23.567 4.0147 355.8148 
2960000 11962 254.255 280042.0 23.133 4.0647 321.7979 
2970000 12003 250.797 280992.0 23.161 4.0131 321.5191 
2980000 12046 243.459 281930.0 22.83 3.8905 325.3617 
2990000 12086 245.808 282878.0 23.617 3.9453 360.0446 
3000000 12125 252.259 283769.0 23.226 4.0359 357.6531 
3010000 12162 258.609 284633.0 22.502 4.1364 344.3301 
3020000 12202 257.717 285532.0 23.282 4.1279 355.5466 
3030000 12241 258.03 286525.0 24.639 4.1333 338.927 
3040000 12282 251.353 287507.0 24.312 4.0206 328.7336 
3050000 12320 255.584 288429.0 24.143 4.0795 328.7764 
3060000 12357 258.265 289287.0 22.982 4.1284 317.7398 
3070000 12393 265.425 290152.0 22.985 4.2524 325.8418 
3080000 12430 270.549 291016.0 23.708 4.3434 374.7466 
3090000 12474 243.037 291855.0 20.694 3.8891 317.8133 
3100000 12513 251.077 292826.0 23.011 4.0287 355.5877 
3110000 12549 261.743 293800.0 24.757 4.1946 370.3988 
3120000 12588 257.228 294759.0 24.179 4.1218 360.3315 
3130000 12627 257.261 295687.0 24.35 4.1096 348.4832 
3140000 12665 259.28 296555.0 23.255 4.1457 316.5867 
3150000 12701 265.939 297506.0 24.706 4.2509 349.3204 
3160000 12739 263.203 298432.0 24.495 4.2105 353.8212 
3170000 12777 261.605 299355.0 24.022 4.1824 376.8974 
3180000 12813 272.604 300336.0 25.792 4.3641 396.9849 
3190000 12852 261.844 301386.0 26.374 4.1876 469.8387 
3200000 12886 271.432 302376.0 27.147 4.3453 433.4807 
3210000 12926 262.181 303389.0 26.491 4.2128 411.2275 
3220000 12963 264.84 304442.0 27.278 4.251 415.7843 
3230000 13005 251.596 305421.0 24.836 4.0359 363.091 
3240000 13044 255.172 306317.0 24.11 4.0766 327.3653 
3250000 13078 277.504 307311.0 27.042 4.4358 360.474 
3260000 13119 255.098 308327.0 25.491 4.0828 351.5542 
3270000 13158 255.612 309323.0 25.602 4.0927 354.0583 
3280000 13195 262.994 310395.0 26.991 4.2159 404.8564 
3290000 13236 252.991 311397.0 25.704 4.0532 394.6387 
3300000 13276 254.345 312330.0 24.762 4.0681 373.8295 
3310000 13312 268.212 313401.0 27.688 4.2835 420.1731 
3320000 13348 277.887 314333.0 27.079 4.4403 427.6129 
3330000 13386 263.825 315349.0 25.977 4.2213 393.0304 
3340000 13424 264.767 316314.0 26.368 4.2325 394.064 
3350000 13458 271.416 317362.0 27.791 4.3499 416.2178 
3360000 13491 292.599 318373.0 29.121 4.6941 431.4078 
3370000 13524 291.539 319397.0 28.939 4.6767 432.2788 
3380000 13562 281.59 320299.0 27.452 4.5073 402.2366 
3390000 13602 259.352 321406.0 26.831 4.1513 397.0684 
3400000 13635 274.489 322415.0 28.098 4.392 430.9411 
3410000 13674 269.267 323419.0 27.531 4.3107 406.166 
3420000 13707 280.64 324510.0 29.232 4.4879 439.7796 
3430000 13743 285.741 325588.0 30.353 4.5714 471.371 
3440000 13777 291.56 326677.0 31.258 4.675 492.348 
3450000 13810 295.444 327687.0 31.229 4.7573 506.1211 
3460000 13846 291.466 328691.0 29.982 4.6882 483.9154 
3470000 13880 292.689 329734.0 30.583 4.6977 516.1872 
3480000 13914 293.477 330861.0 31.637 4.708 522.9142 
3490000 13948 297.095 331911.0 31.426 4.7583 488.6424 
3500000 13985 284.194 332974.0 30.185 4.5472 454.7438 
3510000 14019 288.685 333881.0 28.28 4.6168 422.6577 
3520000 14055 286.202 334873.0 28.155 4.5762 424.4495 
3530000 14094 271.714 335828.0 26.631 4.3306 411.0713 
3540000 14128 280.049 336959.0 29.766 4.4737 475.9573 
3550000 14165 272.852 337975.0 28.173 4.3547 448.5175 
3560000 14202 264.629 338957.0 26.253 4.2325 423.6197 
3570000 14240 269.132 340020.0 28.356 4.2995 454.941 
3580000 14274 273.662 341142.0 29.6 4.3776 443.9782 
3590000 14310 278.966 342132.0 29.026 4.4628 442.7907 
3600000 14346 276.372 343288.0 29.959 4.4127 442.3716 
3610000 14383 270.358 344448.0 29.99 4.32 484.9511 
3620000 14418 279.084 345465.0 30.129 4.4585 478.3499 
3630000 14451 288.087 346492.0 29.93 4.5999 476.1937 
3640000 14484 293.73 347529.0 30.46 4.69 470.3455 
3650000 14519 292.128 348556.0 30.337 4.6638 470.0924 
3660000 14550 297.424 349718.0 32.116 4.7414 543.158 
3670000 14589 277.634 350803.0 30.754 4.4278 500.9259 
3680000 14625 273.802 352024.0 31.528 4.369 463.2484 
3690000 14661 273.881 353230.0 32.021 4.3629 473.0412 
3700000 14693 290.893 354301.0 33.163 4.6502 484.9117 
3710000 14729 283.699 355457.0 33.019 4.5473 517.9699 
3720000 14763 281.713 356579.0 31.542 4.506 492.994 
3730000 14798 287.339 357647.0 32.285 4.5881 518.4559 
3740000 14830 298.607 358745.0 33.246 4.7655 555.8669 
3750000 14870 271.75 359871.0 30.58 4.3495 485.9436 
3760000 14909 263.208 360996.0 29.53 4.2105 456.8311 
3770000 14941 286.527 362092.0 32.171 4.5709 517.6935 
3780000 14974 295.332 363082.0 31.104 4.7181 485.5412 
3790000 15009 291.993 364168.0 30.836 4.6718 477.3392 
3800000 15043 295.161 365300.0 32.411 4.7218 490.5662 
3810000 15078 287.697 366478.0 32.42 4.602 514.1785 
3820000 15113 289.632 367603.0 32.894 4.638 515.2282 
3830000 15148 286.425 368721.0 32.114 4.5857 510.6284 
3840000 15183 285.306 369784.0 31.112 4.5645 517.7764 
3850000 15213 305.579 370849.0 32.788 4.9 518.3319 
3860000 15246 301.55 371916.0 32.408 4.8343 494.5426 
3870000 15280 295.793 372987.0 31.205 4.7467 490.3663 
3880000 15315 291.365 374085.0 31.429 4.6735 474.202 
3890000 15348 294.228 375246.0 32.537 4.7123 459.9534 
3900000 15381 299.809 376343.0 33.16 4.8011 519.1874 
3910000 15416 292.934 377455.0 32.986 4.6868 519.4734 
3920000 15451 290.74 378576.0 32.467 4.6473 505.7266 
3930000 15486 285.272 379707.0 32.163 4.5569 474.6049 
3940000 15519 294.491 380836.0 33.039 4.721 496.7 
3950000 15555 285.778 381948.0 31.271 4.5842 454.6908 
3960000 15594 272.658 383119.0 30.86 4.3655 504.3603 
3970000 15630 273.821 384251.0 30.77 4.381 484.7798 
3980000 15663 280.918 385397.0 31.853 4.5166 484.717 
3990000 15702 272.07 386435.0 29.405 4.3773 413.0932 
4000000 15739 271.46 387521.0 29.162 4.3619 415.3618 
4010000 15772 290.382 388593.0 31.236 4.6654 454.8472 
4020000 15808 286.26 389653.0 30.507 4.5831 470.2898 
4030000 15844 282.735 390777.0 31.017 4.5278 488.4848 
4040000 15883 269.55 391810.0 28.905 4.3141 440.8327 
4050000 15916 282.21 392888.0 30.399 4.5143 501.8008 
4060000 15951 286.276 393843.0 29.025 4.5776 458.7608 
4070000 15989 268.231 394954.0 28.712 4.3008 452.3514 
4080000 16023 277.685 395994.0 29.114 4.4394 439.8613 
4090000 16056 293.24 397020.0 30.789 4.6889 469.9907 
4100000 16092 282.423 398183.0 31.33 4.5219 479.2045 
4110000 16128 275.229 399332.0 30.929 4.4015 490.528 
4120000 16165 279.167 400403.0 30.956 4.4553 491.424 
4130000 16201 275.547 401457.0 29.843 4.4116 442.4398 
4140000 16236 272.828 402641.0 30.674 4.3579 455.3564 
4150000 16272 278.497 403765.0 31.403 4.4596 451.7742 
4160000 16312 257.944 404874.0 28.652 4.1194 410.0808 
4170000 16350 260.673 405893.0 27.63 4.1688 419.5242 
4180000 16388 262.523 406915.0 27.235 4.205 409.8937 
4190000 16424 271.332 408012.0 29.291 4.3478 471.7485 
4200000 16458 278.126 409136.0 29.853 4.4533 531.0877 
4210000 16494 276.289 410224.0 29.691 4.4239 516.5275 
4220000 16530 277.074 411200.0 28.524 4.4408 465.806 
4230000 16564 286.708 412271.0 30.985 4.5904 489.1709 
4240000 16599 283.172 413298.0 29.662 4.529 458.2473 
4250000 16634 285.065 414331.0 29.689 4.5543 437.0127 
4260000 16674 260.353 415556.0 29.31 4.1557 442.8023 
4270000 16711 270.385 416690.0 30.928 4.3219 537.2299 
4280000 16747 268.012 417846.0 30.449 4.2766 475.3787 
4290000 16783 278.031 419009.0 32.036 4.4516 492.242 
4300000 16819 278.148 420108.0 31.449 4.4453 471.8659 
4310000 16860 257.938 421112.0 27.344 4.1195 400.4805 
4320000 16899 257.625 422185.0 27.306 4.1245 403.3635 
4330000 16935 267.243 423159.0 27.399 4.2742 406.0057 
4340000 16971 270.475 424266.0 28.272 4.2237 431.2347 
4350000 17010 263.479 425323.0 27.907 4.0275 426.6448 
4360000 17049 257.283 426494.0 28.203 3.8937 443.7703 
4370000 17088 260.362 427463.0 27.203 3.918 415.9838 
4380000 17126 257.311 428483.0 26.475 3.8634 384.6173 
4390000 17171 237.305 429457.0 23.708 3.5598 343.6531 
4400000 17210 248.494 430495.0 25.463 3.7025 357.8424 
4410000 17249 249.435 431623.0 26.64 3.6999 370.1976 
4420000 17286 258.769 432722.0 28.137 3.8509 415.7324 
4430000 17319 273.944 433753.0 28.361 4.0889 414.0057 
4440000 17355 277.403 434861.0 30.184 4.1494 423.0399 
4450000 17394 262.256 435979.0 28.64 3.9352 417.9997 
4460000 17433 259.457 437074.0 28.044 3.8869 392.5053 
4470000 17470 269.851 438108.0 28.597 4.0352 398.341 
4480000 17505 276.344 439150.0 28.937 4.1292 401.7014 
4490000 17544 265.497 440183.0 27.44 3.9725 374.9971 
4500000 17579 277.36 441115.0 27.351 4.1684 386.4938 
4510000 17618 265.274 442144.0 26.656 3.9988 367.926 
4520000 17654 265.983 443175.0 27.416 4.0137 375.8311 
4530000 17693 263.608 444177.0 26.557 3.9629 357.6945 
4540000 17730 267.693 445170.0 26.777 4.0064 384.7553 
4550000 17766 271.181 446253.0 27.86 4.0519 396.7525 
4560000 17803 272.354 447268.0 27.981 4.0612 406.8744 
4570000 17843 256.158 448331.0 26.693 3.8176 388.6045 
4580000 17881 256.025 449319.0 25.749 3.8164 383.4445 
4590000 17914 286.39 450280.0 28.147 4.2677 410.6805 
4600000 17953 271.164 451307.0 27.438 4.0436 402.9606 
4610000 17987 279.143 452199.0 27.049 4.166 397.9305 
4620000 18021 285.294 453209.0 28.089 4.2563 395.1915 
4630000 18054 290.896 454210.0 28.889 4.3387 415.0599 
4640000 18088 286.057 455304.0 29.608 4.2767 469.7432 
4650000 18126 274.49 456356.0 28.484 4.11 442.8454 
4660000 18162 278.225 457369.0 28.509 4.1701 410.4769 
4670000 18198 278.561 458420.0 28.31 4.165 434.6744 
4680000 18231 290.808 459434.0 30.032 4.3422 461.1261 
4690000 18264 293.814 460536.0 31.172 4.3813 502.5627 
4700000 18298 296.598 461613.0 31.961 4.421 509.7934 
4710000 18334 286.239 462663.0 30.346 4.2629 477.048 
4720000 18367 292.244 463701.0 30.688 4.3518 478.3896 
4730000 18399 299.345 464789.0 31.438 4.4539 517.9206 
4740000 18437 280.469 465794.0 29.506 4.1745 471.0354 
4750000 18472 284.502 466881.0 30.316 4.2328 454.6831 
4760000 18507 277.575 468066.0 30.582 4.1302 446.9609 
4770000 18543 276.128 469128.0 30.325 4.1153 423.9327 
4780000 18579 273.605 470272.0 30.062 4.0793 438.1631 
4790000 18619 263.902 471353.0 29.069 3.9354 423.0877 
4800000 18657 261.71 472462.0 28.479 3.9048 402.9274 
4810000 18693 273.784 473497.0 29.137 4.0819 423.6747 
4820000 18731 267.468 474583.0 29.114 3.9927 405.1086 
4830000 18768 268.027 475595.0 28.0 4.0075 399.2968 
4840000 18804 272.558 476669.0 28.55 4.0613 406.198 
4850000 18840 276.615 477764.0 29.631 4.1122 410.6876 
4860000 18877 275.115 478936.0 30.999 4.0805 432.3658 
4870000 18912 278.847 480033.0 30.672 4.1202 461.0907 
4880000 18950 270.448 481154.0 30.418 3.9929 458.8267 
4890000 18989 262.026 482271.0 29.199 3.8766 428.8998 
4900000 19023 272.671 483358.0 29.441 4.0305 427.6798 
4910000 19058 280.792 484431.0 30.416 4.15 462.6107 
4920000 19095 277.944 485464.0 29.368 4.1257 475.9642 
4930000 19132 271.018 486488.0 28.031 4.0327 449.4607 
4940000 19169 266.458 487465.0 26.891 3.959 395.3041 
4950000 19205 273.417 488429.0 26.826 4.0696 398.4946 
4960000 19244 268.05 489405.0 26.115 3.9955 383.5512 
4970000 19285 255.503 490371.0 24.877 3.8186 367.85 
4980000 19327 246.125 491313.0 23.634 3.677 326.2131 
4990000 19369 238.714 492385.0 23.932 3.5618 331.2518 
5000000 19405 260.563 493477.0 27.892 3.885 383.1141 
5010000 19440 267.313 494524.0 27.653 3.9852 396.6977 
5020000 19480 260.968 495576.0 27.645 3.899 437.3818 
5030000 19519 258.955 496570.0 27.023 3.8681 442.417 
5040000 19554 273.275 497556.0 27.558 4.081 422.9306 
5050000 19593 261.978 498494.0 25.054 3.9107 374.667 
5060000 19629 269.025 499506.0 26.835 4.0131 369.5771 
5070000 19665 272.424 500585.0 28.07 4.0663 401.1596 
5080000 19696 294.611 501522.0 28.707 4.3982 408.1674 
5090000 19730 292.991 502597.0 30.22 4.3705 444.1589 
5100000 19762 301.757 503617.0 31.046 4.4995 515.1251 
5110000 19797 290.482 504698.0 30.159 4.3319 475.642 
5120000 19834 278.279 505866.0 31.114 4.1518 466.8123 
5130000 19868 289.167 506958.0 31.419 4.314 480.64 
5140000 19904 279.003 508066.0 30.36 4.1607 480.3023 
5150000 19938 287.01 509059.0 29.806 4.2773 466.9458 
5160000 19974 276.533 510185.0 29.363 4.1211 475.4097 
5170000 20010 276.868 511318.0 30.885 4.1219 474.6274 
5180000 20042 292.671 512393.0 32.298 4.3602 536.1576 
5190000 20076 283.506 513512.0 30.967 4.224 510.85 
5200000 20113 278.971 514729.0 32.972 4.1565 543.3506 
5210000 20150 274.116 515776.0 30.459 4.0857 464.6848 
5220000 20186 276.127 516861.0 30.392 4.1348 482.8055 
5230000 20226 250.27 517827.0 25.339 3.7442 381.1444 
5240000 20268 249.64 518809.0 25.15 3.722 366.3469 
5250000 20304 263.257 519939.0 27.885 3.9234 402.3991 
5260000 20338 280.05 521011.0 30.235 4.1757 495.0904 
5270000 20373 280.096 522141.0 30.661 4.1892 462.03 
5280000 20408 283.494 523204.0 30.723 4.2485 484.7792 
5290000 20445 269.852 524227.0 27.767 4.0455 432.3627 
5300000 20485 263.456 525228.0 27.048 3.9531 378.6102 
5310000 20526 250.758 526300.0 25.939 3.7477 357.2849 
5320000 20561 271.607 527390.0 29.273 4.0496 414.4614 
5330000 20596 283.88 528451.0 29.761 4.228 470.1761 
5340000 20631 282.522 529478.0 29.026 4.2035 474.2519 
5350000 20668 279.582 530508.0 29.373 4.1619 463.4576 
5360000 20703 281.404 531438.0 27.945 4.1975 435.5545 
5370000 20736 288.207 532473.0 29.223 4.318 431.4302 
5380000 20772 281.878 533497.0 28.848 4.2286 464.7259 
5390000 20810 272.361 534554.0 28.364 4.088 437.1761 
5400000 20847 271.86 535644.0 28.617 4.0836 455.7746 
5410000 20880 279.332 536663.0 28.656 4.1957 465.3869 
5420000 20916 279.601 537765.0 29.514 4.2003 469.2576 
5430000 20951 286.971 538885.0 31.99 4.3119 482.3672 
5440000 20984 294.666 539936.0 31.669 4.4372 457.2204 
5450000 21019 291.18 541020.0 31.352 4.3732 460.5912 
5460000 21051 297.591 542103.0 31.933 4.4589 448.0663 
5470000 21086 295.012 543156.0 31.75 4.4079 445.7716 
5480000 21123 282.537 544149.0 29.076 4.2169 428.8448 
5490000 21156 291.288 545262.0 30.912 4.3448 446.5317 
5500000 21187 304.673 546282.0 31.917 4.5422 457.7101 
5510000 21222 288.011 547374.0 30.454 4.2946 435.6407 
5520000 21259 281.896 548491.0 31.265 4.2028 447.3987 
5530000 21293 286.563 549466.0 29.858 4.2727 444.9949 
5540000 21327 290.791 550554.0 30.661 4.3375 492.2497 
5550000 21360 295.091 551678.0 31.638 4.3996 504.7843 
5560000 21394 297.548 552701.0 31.751 4.4338 502.7926 
5570000 21427 295.383 553805.0 31.808 4.4029 539.3896 
5580000 21465 281.64 554924.0 31.236 4.1988 521.1644 
5590000 21501 275.706 556049.0 30.587 4.1055 510.0604 
5600000 21535 282.536 557124.0 30.664 4.2054 494.4635 
5610000 21572 281.799 558196.0 30.918 4.1985 495.8726 
5620000 21606 282.35 559397.0 32.196 4.2053 485.4431 
5630000 21643 277.398 560530.0 31.873 4.1326 484.3224 
5640000 21678 281.393 561610.0 30.639 4.1918 464.073 
5650000 21713 283.095 562739.0 31.679 4.2258 512.8618 
5660000 21746 294.211 563882.0 33.168 4.4053 512.3165 
5670000 21779 293.35 564947.0 32.049 4.3999 497.8097 
5680000 21812 299.175 566079.0 33.274 4.4949 512.203 
5690000 21851 273.714 567144.0 29.686 4.1179 504.3348 
5700000 21891 260.104 568345.0 29.975 3.9087 488.7408 
5710000 21924 277.603 569504.0 32.241 4.1583 531.5262 
5720000 21958 285.329 570591.0 32.062 4.2664 520.1908 
5730000 21993 285.222 571688.0 31.532 4.2617 537.3328 
5740000 22024 305.125 572742.0 33.001 4.552 559.7321 
5750000 22056 308.062 573742.0 31.997 4.5916 538.8453 
5760000 22094 281.668 574856.0 29.924 4.1931 498.1573 
5770000 22125 289.129 575869.0 29.526 4.3067 473.8272 
5780000 22163 281.73 576955.0 30.165 4.1995 497.6512 
5790000 22196 292.276 577939.0 29.95 4.3567 464.4298 
5800000 22230 287.622 578918.0 28.581 4.2875 438.3915 
5810000 22268 279.304 580003.0 29.21 4.1646 407.4567 
5820000 22305 270.793 581013.0 27.355 4.0314 443.6946 
5830000 22339 285.458 581956.0 28.337 4.2417 437.3086 
5840000 22375 283.881 582993.0 29.304 4.2392 444.2323 
5850000 22411 284.141 584123.0 30.683 4.2574 474.1735 
5860000 22445 284.137 585125.0 29.928 4.2637 510.2323 
5870000 22480 287.804 586196.0 30.876 4.3185 547.5029 
5880000 22522 262.366 587242.0 27.706 3.9279 419.8437 
5890000 22558 272.275 588277.0 28.386 4.0654 419.9979 
5900000 22595 275.275 589204.0 26.897 4.1078 391.7556 
5910000 22633 265.888 590235.0 26.943 3.9652 408.112 
5920000 22670 271.742 591326.0 28.838 4.0584 469.8405 
5930000 22712 256.303 592233.0 24.928 3.8401 381.1043 
5940000 22752 253.181 593106.0 23.53 3.7915 346.1274 
5950000 22789 267.549 593884.0 22.824 3.9961 333.9903 
5960000 22823 279.481 594770.0 24.31 4.171 357.5144 
5970000 22863 264.521 595754.0 24.872 3.9501 349.2259 
5980000 22895 289.04 596777.0 28.38 4.3355 420.496 
5990000 22925 307.592 597740.0 30.151 4.6107 468.534 
6000000 22958 306.984 598779.0 31.05 4.5889 473.9866 
6010000 22998 273.431 599798.0 27.698 4.085 385.0041 
6020000 23032 280.709 600838.0 28.994 4.1885 438.3382 
6030000 23066 284.829 601845.0 28.86 4.2438 419.5278 
6040000 23103 278.404 602907.0 28.666 4.1478 413.1466 
6050000 23141 272.752 604027.0 29.98 4.0632 481.1072 
6060000 23182 255.718 605063.0 27.295 3.8131 410.7936 
6070000 23220 256.783 606164.0 27.479 3.8345 419.3775 
6080000 23259 256.271 607251.0 27.729 3.8347 424.065 
6090000 23296 264.508 608398.0 29.661 3.9514 468.1577 
6100000 23334 264.446 609400.0 27.752 3.9462 443.093 
6110000 23376 243.872 610473.0 25.885 3.6395 380.8758 
6120000 23410 270.016 611498.0 28.26 4.027 425.0989 
6130000 23447 270.507 612535.0 27.972 4.0329 428.0593 
6140000 23488 252.783 613568.0 26.389 3.7677 464.6679 
6150000 23520 285.38 614621.0 29.72 4.2561 518.3757 
6160000 23556 279.23 615723.0 30.05 4.1657 496.1217 
6170000 23593 273.78 616787.0 29.312 4.0827 460.1651 
6180000 23630 268.868 617765.0 27.82 4.0116 408.9312 
6190000 23666 273.73 618814.0 28.422 4.0827 454.4601 
6200000 23700 284.893 619855.0 29.559 4.2503 464.6211 
6210000 23737 277.209 620862.0 28.223 4.1354 442.0497 
6220000 23775 272.723 621903.0 28.053 4.0672 456.2672 
6230000 23811 273.706 622968.0 28.714 4.0827 456.6767 
6240000 23849 265.811 624017.0 27.947 3.9663 465.249 
6250000 23886 267.56 625055.0 27.775 3.9937 448.7504 
6260000 23922 268.761 626178.0 28.693 4.0198 471.7572 
6270000 23961 263.365 627257.0 28.339 3.9496 447.6334 
6280000 24001 253.774 628273.0 26.484 3.8002 400.4763 
6290000 24036 268.749 629293.0 27.948 4.0152 426.7783 
6300000 24074 270.267 630431.0 29.632 4.0329 450.7811 
6310000 24113 263.49 631484.0 28.29 3.9275 448.5784 
6320000 24148 269.926 632487.0 28.171 4.0223 423.8889 
6330000 24183 281.95 633564.0 29.885 4.2076 457.706 
6340000 24219 276.091 634645.0 29.358 4.1409 466.4029 
6350000 24256 274.055 635717.0 29.632 4.1084 450.8839 
6360000 24292 278.361 636741.0 29.23 4.1788 443.6525 
6370000 24330 269.629 637855.0 29.021 4.0433 431.8695 
6380000 24366 272.748 638932.0 29.261 4.0795 448.6399 
6390000 24404 270.002 639926.0 28.29 4.0284 458.4279 
6400000 24441 268.385 640910.0 27.159 4.0038 407.9996 
6410000 24477 272.946 641958.0 28.069 4.0646 409.4221 
6420000 24514 275.246 642989.0 28.577 4.1021 430.9997 
6430000 24553 265.003 644107.0 28.569 3.9461 428.8131 
6440000 24587 278.042 645028.0 27.607 4.1379 410.8381 
6450000 24618 295.321 645908.0 27.24 4.3979 416.0613 
6460000 24657 274.824 646821.0 24.987 4.0985 378.6421 
6470000 24690 287.616 647792.0 27.139 4.2939 405.2675 
6480000 24730 264.238 648636.0 23.652 3.9557 354.8028 
6490000 24762 284.06 649466.0 24.683 4.2534 387.4179 
6500000 24798 278.123 650344.0 24.056 4.1559 402.6933 
6510000 24831 286.747 651242.0 25.032 4.2826 420.752 
6520000 24871 269.222 652184.0 24.834 4.0343 366.3047 
6530000 24906 273.995 653214.0 26.316 4.1105 411.7322 
6540000 24946 263.696 654230.0 26.215 3.944 373.6999 
6550000 24982 266.818 655206.0 26.388 3.9853 372.3229 
6560000 25017 272.887 656138.0 26.052 4.0703 398.7652 
6570000 25052 273.921 657034.0 25.623 4.0877 381.7402 
6580000 25089 272.482 657841.0 23.367 4.0645 343.9629 
6590000 25125 280.575 658695.0 24.295 4.1874 376.5952 
6600000 25166 259.889 659649.0 23.911 3.879 356.6071 
6610000 25198 283.25 660452.0 24.327 4.2252 361.8328 
6620000 25240 261.188 661363.0 23.302 3.8967 315.5332 
6630000 25276 272.218 662236.0 23.829 4.0611 329.6868 
6640000 25314 265.063 663235.0 24.761 3.966 338.4904 
6650000 25348 275.611 664086.0 24.545 4.1255 354.6445 
6660000 25383 284.152 665009.0 26.041 4.2647 424.3464 
6670000 25418 284.691 665882.0 25.678 4.2626 413.0706 
6680000 25451 292.912 666874.0 27.959 4.3748 441.3775 
6690000 25487 284.942 667835.0 27.381 4.2566 435.3238 
6700000 25524 273.381 668881.0 26.716 4.093 433.7827 
6710000 25563 268.78 669852.0 26.338 4.0137 440.0856 
6720000 25603 257.13 670846.0 25.304 3.834 395.5526 
6730000 25638 267.334 671899.0 26.968 3.9856 413.1746 
6740000 25672 284.029 672827.0 27.735 4.2511 422.3608 
6750000 25708 278.546 673775.0 26.534 4.1705 401.0797 
6760000 25744 277.638 674782.0 27.52 4.1516 414.1105 
6770000 25781 276.523 675700.0 26.395 4.1322 441.0988 
6780000 25818 266.925 676637.0 24.777 3.9867 375.5918 
6790000 25855 271.045 677643.0 26.636 4.0464 398.0491 
6800000 25893 260.742 678604.0 24.774 3.891 386.0453 
6810000 25929 276.16 679446.0 25.003 4.1192 382.6712 
6820000 25965 275.562 680415.0 25.998 4.111 398.6576 
6830000 26001 276.514 681372.0 25.588 4.1407 409.5897 
6840000 26040 264.949 682342.0 25.421 3.979 445.0662 
6850000 26080 257.544 683365.0 25.608 3.8713 411.5063 
6860000 26116 265.374 684335.0 26.326 3.9851 426.5765 
6870000 26153 266.316 685279.0 25.802 3.9873 392.0099 
6880000 26187 280.495 686211.0 26.54 4.1988 422.3199 
6890000 26224 276.898 687206.0 27.133 4.1585 432.3602 
6900000 26258 281.664 688175.0 27.765 4.2317 467.3838 
6910000 26296 271.081 689159.0 26.569 4.0725 433.9859 
6920000 26337 258.114 689981.0 23.033 3.8785 339.3365 
6930000 26368 282.394 690907.0 25.379 4.2468 380.4402 
6940000 26403 289.554 691887.0 27.579 4.3567 404.5034 
6950000 26439 280.192 692805.0 26.318 4.192 377.0488 
6960000 26472 286.116 693790.0 27.519 4.2654 418.7844 
6970000 26508 283.489 694749.0 26.806 4.2463 383.2894 
6980000 26549 267.139 695735.0 25.744 4.021 380.6266 
6990000 26586 266.62 696690.0 25.525 4.0144 387.2654 
7000000 26625 257.777 697717.0 25.06 3.8797 391.9768 
7010000 26665 257.636 698817.0 27.286 3.8751 479.6051 
7020000 26707 249.552 699797.0 25.325 3.755 434.3209 
7030000 26745 249.858 700782.0 24.901 3.7691 368.1711 
7040000 26781 270.044 701768.0 27.158 4.0666 421.0767 
7050000 26817 268.864 702875.0 28.194 4.046 423.272 
7060000 26855 269.214 703977.0 29.555 4.0336 472.398 
7070000 26892 269.561 704998.0 28.598 4.0302 486.809 
7080000 26927 277.342 706083.0 29.6 4.1386 472.6377 
7090000 26967 262.747 707160.0 27.814 3.9227 432.4799 
7100000 27003 268.607 708135.0 26.966 4.0085 423.9322 
7110000 27039 273.209 709157.0 27.639 4.0712 421.0767 
7120000 27076 270.765 710168.0 27.378 4.0509 407.9481 
7130000 27111 273.596 711215.0 27.637 4.1107 438.8281 
7140000 27148 274.471 712240.0 28.202 4.1142 436.3114 
7150000 27186 271.826 713282.0 28.174 4.0655 450.7021 
7160000 27224 266.078 714400.0 29.103 3.9677 462.2146 
7170000 27263 259.491 715421.0 27.544 3.8852 432.7783 
7180000 27294 290.681 716440.0 29.44 4.3594 469.5752 
7190000 27329 289.419 717487.0 30.083 4.3384 475.7843 
7200000 27366 280.91 718601.0 30.099 4.2098 442.5701 
7210000 27400 282.512 719524.0 28.483 4.2395 449.6083 
7220000 27432 287.267 720548.0 28.929 4.3039 441.5026 
7230000 27473 268.459 721485.0 26.017 4.0124 385.6789 
7240000 27509 275.055 722458.0 26.874 4.108 403.0206 
7250000 27544 283.679 723446.0 27.813 4.2335 421.8866 
7260000 27577 291.681 724453.0 29.315 4.3497 487.7867 
7270000 27613 283.007 725436.0 28.177 4.2201 456.0964 
7280000 27649 280.576 726414.0 28.132 4.1968 426.2824 
7290000 27682 293.959 727395.0 29.069 4.401 476.3129 
7300000 27722 268.195 728330.0 25.862 4.0238 408.4775 
7310000 27756 276.86 729245.0 26.024 4.1718 392.628 
7320000 27795 265.632 730151.0 24.399 4.0091 367.7391 
7330000 27830 272.536 731047.0 25.368 4.1003 370.2604 
7340000 27863 284.849 731926.0 25.712 4.2704 421.3867 
7350000 27901 267.306 732887.0 24.92 3.9835 394.1581 
7360000 27939 261.398 733786.0 23.446 3.8782 350.5096 
7370000 27979 260.716 734706.0 24.087 3.8565 368.0001 
7380000 28017 260.48 735541.0 22.468 3.8713 328.1541 
7390000 28054 263.522 736436.0 23.099 3.9227 348.3995 
7400000 28093 259.904 737239.0 22.007 3.8725 333.8933 
7410000 28126 281.367 738111.0 24.259 4.1993 375.4034 
7420000 28161 284.954 739022.0 25.129 4.2518 356.3229 
7430000 28194 293.961 739909.0 25.773 4.3935 382.6079 
7440000 28229 288.99 740868.0 26.589 4.3262 411.9435 
7450000 28266 278.812 741796.0 26.002 4.1666 389.7315 
7460000 28304 269.788 742738.0 25.282 4.0295 376.3517 
