10000 315 30.281 -233.0 -0.773 0.1074 63 -230.0 -3.7978 
20000 635 33.866 -468.0 -0.654 0.1199 127 -465.0 -3.2767 
30000 949 31.352 -700.0 -0.761 0.1113 189 -697.0 -3.7239 
40000 1267 30.292 -938.0 -0.768 0.3506 253 -935.0 -3.7963 
50000 1541 35.412 -1119.0 -0.672 0.4829 308 -1110.0 -3.2789 
60000 1822 34.74 -1303.0 -0.677 0.81 364 -1294.0 -3.5292 
70000 2085 41.43 -1457.0 -0.455 0.9643 417 -1442.0 -1.6971 
80000 2221 74.782 -1409.0 0.395 1.7352 444 -1370.0 2.2557 
90000 2322 95.294 -1290.0 1.047 1.7379 464 -1194.0 8.6074 
100000 2421 102.313 -1181.0 1.156 1.8895 484 -1052.0 7.4854 
110000 2505 119.861 -1040.0 1.731 2.3216 501 -860.0 12.2235 
120000 2578 135.946 -879.0 2.136 2.7085 515 -645.0 14.6819 
130000 2662 122.036 -743.0 1.689 2.3094 532 -470.0 10.8854 
140000 2730 135.379 -566.0 2.245 2.5406 546 -194.0 17.6619 
150000 2794 150.529 -382.0 2.691 2.7982 558 116.0 22.7032 
160000 2859 142.431 -204.0 2.431 2.656 571 381.0 18.9431 
170000 2922 152.386 -29.0 2.654 2.852 584 622.0 18.6915 
180000 2981 160.961 169.0 3.028 2.9963 596 964.0 24.9304 
190000 3040 167.012 365.0 3.189 3.1014 608 1289.0 25.9883 
200000 3096 177.844 570.0 3.65 3.2966 619 1596.0 28.3196 
210000 3152 177.701 771.0 3.594 3.3332 630 1914.0 28.8526 
220000 3210 177.905 969.0 3.577 3.4027 642 2214.0 27.766 
230000 3260 190.839 1175.0 3.888 3.7006 652 2552.0 31.1665 
240000 3309 200.53 1395.0 4.272 4.0446 661 2934.0 34.3209 
250000 3365 191.194 1619.0 4.286 3.841 673 3362.0 40.2141 
260000 3417 190.775 1817.0 3.956 3.8424 683 3662.0 32.3044 
270000 3470 192.166 2009.0 3.804 3.8933 694 3959.0 31.0247 
280000 3521 193.816 2217.0 3.924 3.931 704 4320.0 32.4665 
290000 3570 193.943 2418.0 3.854 3.9565 714 4641.0 31.0713 
300000 3622 196.539 2623.0 3.992 4.0012 724 4993.0 34.6901 
310000 3667 213.84 2846.0 4.645 4.348 733 5366.0 37.7641 
320000 3718 192.395 3058.0 4.03 3.9587 743 5734.0 34.2065 
330000 3770 191.192 3269.0 3.986 3.9196 754 6074.0 32.2409 
340000 3814 213.904 3483.0 4.551 4.3858 762 6447.0 37.238 
350000 3862 213.374 3700.0 4.594 4.3751 772 6832.0 39.2003 
360000 3915 197.234 3907.0 4.123 4.0309 783 7201.0 36.4451 
370000 3965 202.727 4110.0 4.199 4.1525 793 7503.0 33.4887 
380000 4014 200.328 4324.0 4.215 4.116 802 7843.0 35.5781 
390000 4056 221.153 4558.0 4.978 4.5322 811 8272.0 43.8804 
400000 4105 203.341 4790.0 4.609 4.2162 821 8705.0 41.9491 
410000 4151 212.44 5017.0 4.812 4.4413 830 9133.0 43.0603 
420000 4203 204.178 5233.0 4.54 4.3163 840 9514.0 39.2125 
430000 4249 215.417 5461.0 4.89 4.5587 849 9901.0 41.341 
440000 4288 232.878 5692.0 5.327 4.9413 857 10312.0 49.7683 
450000 4332 236.204 5920.0 5.442 5.0174 866 10720.0 45.5892 
460000 4375 237.004 6176.0 5.854 5.0006 875 11246.0 57.0044 
470000 4417 235.632 6427.0 5.824 4.9717 883 11734.0 57.4382 
480000 4463 223.708 6651.0 5.24 4.7461 892 12162.0 50.4443 
490000 4500 245.625 6894.0 5.853 5.1869 900 12606.0 55.651 
500000 4544 239.431 7117.0 5.489 5.047 908 13003.0 50.7844 
510000 4582 249.92 7364.0 5.947 5.3418 916 13454.0 54.2305 
520000 4621 256.271 7620.0 6.368 5.4454 924 13932.0 57.9075 
530000 4660 251.887 7881.0 6.41 5.3491 932 14466.0 62.9392 
540000 4701 233.525 8140.0 5.92 4.969 940 15073.0 64.7369 
550000 4740 252.149 8385.0 6.298 5.3753 948 15543.0 63.2962 
560000 4776 262.945 8658.0 7.04 5.6909 955 16221.0 86.7127 
570000 4821 240.742 8893.0 6.015 5.2138 964 16648.0 61.9793 
580000 4856 263.345 9185.0 7.209 5.6605 971 17405.0 80.6842 
590000 4899 247.954 9420.0 6.287 5.3365 979 17856.0 63.4461 
600000 4938 254.207 9661.0 6.27 5.518 987 18328.0 68.2261 
610000 4985 230.279 9896.0 5.562 5.0434 997 18755.0 54.0734 
620000 5025 236.773 10147.0 5.816 5.1893 1005 19228.0 56.3234 
630000 5062 252.35 10418.0 6.491 5.5241 1012 19862.0 71.3729 
640000 5099 266.029 10672.0 6.774 5.8565 1019 20410.0 70.0928 
650000 5144 239.511 10919.0 5.876 5.285 1028 20948.0 60.5604 
660000 5183 249.229 11180.0 6.394 5.5226 1036 21461.0 62.5098 
670000 5224 246.567 11446.0 6.452 5.4807 1044 22123.0 76.672 
680000 5265 239.162 11673.0 5.767 5.3029 1053 22524.0 57.1752 
690000 5301 260.543 11932.0 6.582 5.8441 1060 23053.0 68.8199 
700000 5339 258.767 12215.0 6.632 5.8019 1067 23756.0 66.0419 
710000 5373 276.465 12506.0 7.919 6.0507 1074 24494.0 104.0541 
720000 5406 279.9 12807.0 8.166 6.2312 1081 25299.0 108.544 
730000 5442 279.98 13105.0 8.177 6.2081 1088 26158.0 112.8889 
740000 5480 270.641 13386.0 7.692 5.9727 1096 26904.0 100.9743 
750000 5521 257.908 13659.0 7.231 5.7157 1104 27495.0 86.1312 
760000 5555 270.693 13913.0 7.192 6.0325 1111 28034.0 81.6847 
770000 5601 234.187 14149.0 5.766 5.207 1120 28471.0 59.3323 
780000 5640 252.075 14428.0 6.784 5.6662 1128 29206.0 83.363 
790000 5676 260.949 14720.0 7.381 5.8267 1135 29921.0 93.0302 
800000 5715 260.988 15008.0 7.515 5.924 1143 30671.0 97.6854 
810000 5751 272.153 15293.0 7.784 6.2151 1150 31301.0 90.1937 
820000 5790 262.954 15566.0 7.245 5.9806 1158 31988.0 86.3309 
830000 5822 291.584 15847.0 8.144 6.6807 1164 32635.0 92.9383 
840000 5863 264.277 16097.0 6.963 6.0481 1172 33176.0 81.158 
850000 5898 271.586 16381.0 7.485 6.2042 1179 33814.0 81.9954 
860000 5936 260.896 16668.0 7.212 5.9359 1187 34533.0 83.9591 
870000 5973 263.852 16947.0 7.303 6.015 1194 35157.0 85.7498 
880000 6010 260.722 17197.0 6.812 5.9477 1202 35659.0 71.7382 
890000 6042 285.884 17476.0 7.736 6.5716 1208 36319.0 85.6957 
900000 6085 250.687 17722.0 6.49 5.8089 1217 36811.0 69.0302 
910000 6125 245.981 17969.0 6.15 5.6984 1225 37343.0 64.3217 
920000 6163 253.952 18227.0 6.389 5.8391 1232 37895.0 67.2395 
930000 6199 266.56 18481.0 6.794 6.108 1239 38422.0 72.4188 
940000 6235 270.198 18755.0 7.18 6.1938 1247 39035.0 79.8551 
950000 6270 270.98 19028.0 7.298 6.2763 1254 39689.0 86.9502 
960000 6306 281.774 19358.0 8.307 6.5569 1261 40721.0 110.5778 
970000 6340 278.451 19620.0 7.689 6.4842 1268 41271.0 92.6429 
980000 6382 256.499 19897.0 6.987 5.956 1276 41992.0 86.5222 
990000 6418 265.354 20190.0 7.482 6.1664 1283 42702.0 91.9009 
1000000 6456 266.42 20471.0 7.497 6.1936 1291 43370.0 84.6483 
1010000 6492 272.31 20741.0 7.51 6.3572 1298 43973.0 89.0921 
1020000 6528 276.324 21006.0 7.465 6.448 1305 44553.0 86.6368 
1030000 6562 289.374 21302.0 8.195 6.7037 1312 45290.0 90.5896 
1040000 6604 255.434 21555.0 6.773 5.9227 1320 45834.0 77.8232 
1050000 6641 262.134 21839.0 7.224 6.1146 1328 46511.0 84.9934 
1060000 6676 276.282 22119.0 7.717 6.4477 1335 47094.0 83.5129 
1070000 6712 280.361 22428.0 8.313 6.5377 1342 47850.0 97.5911 
1080000 6750 267.27 22714.0 7.735 6.2212 1350 48553.0 91.3397 
1090000 6783 282.226 23021.0 8.374 6.5535 1356 49394.0 112.8653 
1100000 6817 289.222 23312.0 8.546 6.7503 1363 50051.0 100.5145 
1110000 6856 269.994 23649.0 8.534 6.2973 1371 51174.0 128.2033 
1120000 6893 271.448 23924.0 8.017 6.3297 1378 51737.0 98.9131 
1130000 6930 269.841 24227.0 8.128 6.3057 1386 52562.0 107.0963 
1140000 6962 286.223 24545.0 8.919 6.715 1392 53471.0 128.3919 
1150000 6999 278.593 24859.0 8.664 6.5762 1399 54301.0 123.7039 
1160000 7030 296.315 25187.0 9.622 6.9986 1406 55265.0 139.7971 
1170000 7062 305.031 25530.0 10.098 7.2228 1412 56382.0 157.5526 
1180000 7096 285.807 25804.0 8.572 6.7846 1419 57007.0 116.0608 
1190000 7132 288.277 26109.0 8.908 6.8366 1426 57849.0 120.9301 
1200000 7163 307.937 26448.0 9.954 7.3105 1432 58938.0 153.4108 
1210000 7195 296.566 26758.0 9.342 6.9832 1439 59800.0 136.7875 
1220000 7231 294.858 27068.0 9.232 6.8639 1446 60641.0 131.2344 
1230000 7266 288.338 27353.0 8.633 6.7596 1453 61283.0 111.3689 
1240000 7301 289.998 27631.0 8.354 6.8218 1460 61897.0 96.6487 
1250000 7344 252.069 27933.0 7.5 5.8676 1468 62805.0 111.7982 
1260000 7378 276.383 28249.0 8.494 6.4259 1475 63688.0 120.6519 
1270000 7415 272.276 28518.0 7.801 6.3485 1483 64293.0 96.9388 
1280000 7450 278.497 28804.0 7.994 6.4048 1490 65029.0 102.3893 
1290000 7484 282.786 29082.0 7.923 6.4818 1496 65643.0 94.5263 
1300000 7516 290.244 29413.0 8.924 6.6949 1503 66577.0 120.1141 
1310000 7553 283.126 29695.0 8.335 6.5446 1510 67168.0 98.374 
1320000 7585 292.037 30071.0 9.761 6.6082 1517 68453.0 145.7553 
1330000 7618 296.921 30430.0 10.109 6.7111 1523 69700.0 161.865 
1340000 7650 303.922 30759.0 10.167 6.9829 1530 70695.0 155.2211 
1350000 7680 303.649 31090.0 10.064 7.0103 1536 71635.0 151.2169 
1360000 7712 322.622 31388.0 10.205 7.4804 1542 72365.0 129.8893 
1370000 7749 294.417 31693.0 8.962 6.8509 1549 73192.0 111.4292 
1380000 7783 292.214 31989.0 8.976 6.7964 1556 73929.0 109.9439 
1390000 7818 292.421 32291.0 9.03 6.7827 1563 74714.0 119.6329 
1400000 7851 294.012 32639.0 9.566 6.292 1570 75767.0 135.9274 
1410000 7895 244.808 32902.0 7.063 4.8984 1579 76354.0 87.1027 
1420000 7936 243.542 33160.0 6.617 4.6608 1587 77023.0 85.6305 
1430000 7969 281.851 33508.0 8.941 5.2906 1593 78157.0 116.6493 
1440000 8013 252.805 33753.0 7.106 4.7208 1602 78600.0 84.8029 
1450000 8051 265.777 34030.0 7.493 4.9465 1610 79198.0 80.6136 
1460000 8086 270.056 34374.0 8.596 5.0119 1617 80307.0 126.1674 
1470000 8118 294.765 34723.0 9.843 5.462 1623 81388.0 148.0624 
1480000 8150 300.232 35141.0 11.159 5.5566 1630 82991.0 191.5189 
1490000 8182 302.337 35502.0 10.893 5.6083 1636 84147.0 181.4332 
1500000 8215 303.156 35841.0 10.626 5.6586 1643 85221.0 171.1961 
1510000 8250 290.529 36144.0 9.409 5.5887 1650 86049.0 138.6884 
1520000 8295 242.797 36428.0 7.209 4.7636 1659 86831.0 97.5724 
1530000 8325 271.209 36764.0 8.689 5.3564 1665 87761.0 125.1625 
1540000 8359 289.694 37058.0 8.812 5.7203 1671 88523.0 117.4869 
1550000 8386 313.741 37426.0 10.324 6.2278 1677 89743.0 155.4101 
1560000 8421 304.235 37767.0 10.035 5.9177 1684 90816.0 148.9676 
1570000 8454 305.171 38079.0 9.766 5.9713 1690 91689.0 136.773 
1580000 8485 309.262 38456.0 10.865 6.1544 1697 93002.0 177.7834 
1590000 8519 295.918 38766.0 9.865 5.9016 1703 93840.0 152.5561 
1600000 8547 325.886 39113.0 11.042 6.5233 1709 94925.0 165.7702 
1610000 8576 333.674 39518.0 12.343 6.7003 1715 96506.0 218.9036 
1620000 8615 296.869 39781.0 9.501 5.9702 1723 97081.0 139.5397 
1630000 8666 232.077 39986.0 5.955 4.663 1733 97415.0 69.1552 
1640000 8697 272.602 40295.0 7.694 5.4823 1739 98309.0 102.9169 
1650000 8728 293.383 40653.0 9.363 5.8935 1745 99471.0 142.9992 
1660000 8764 282.906 40992.0 9.327 5.7112 1752 100467.0 142.257 
1670000 8796 287.211 41322.0 9.399 5.8242 1759 101385.0 134.8313 
1680000 8831 285.549 41647.0 9.264 5.7955 1766 102403.0 139.891 
1690000 8865 290.306 41970.0 9.47 5.9257 1773 103374.0 142.2886 
1700000 8901 284.226 42280.0 8.904 5.8184 1780 104212.0 125.9159 
1710000 8932 301.693 42656.0 10.413 6.1742 1786 105509.0 163.8914 
1720000 8962 319.03 43025.0 11.151 6.5413 1792 106763.0 177.5592 
1730000 8992 326.11 43396.0 11.585 6.704 1798 108091.0 191.6808 
1740000 9032 282.036 43676.0 8.894 5.8225 1806 108722.0 127.607 
1750000 9077 252.937 43928.0 7.279 5.2486 1815 109325.0 97.9691 
1760000 9111 270.514 44225.0 7.903 5.6881 1822 110114.0 105.8206 
1770000 9142 297.87 44544.0 9.142 6.2512 1828 111084.0 136.5202 
1780000 9175 302.434 44904.0 9.988 6.4105 1835 112296.0 155.462 
1790000 9200 333.043 45285.0 11.879 7.047 1840 113748.0 211.4264 
1800000 9235 314.435 45581.0 10.215 6.6415 1847 114503.0 156.2321 
1810000 9276 274.086 45810.0 7.619 5.8042 1855 114915.0 96.8425 
1820000 9310 282.905 46084.0 7.843 5.9919 1862 115597.0 98.5514 
1830000 9340 298.12 46401.0 8.787 6.2601 1868 116490.0 117.8425 
1840000 9370 306.395 46743.0 9.705 6.4919 1874 117492.0 139.5201 
1850000 9405 302.228 47068.0 9.736 6.5828 1881 118519.0 146.2407 
1860000 9439 300.816 47401.0 9.887 6.6349 1887 119590.0 161.3701 
1870000 9472 298.015 47763.0 10.283 6.5596 1894 120714.0 166.5185 
1880000 9502 314.385 48056.0 10.094 6.8715 1900 121451.0 143.7705 
1890000 9530 331.95 48457.0 11.886 7.2791 1906 122965.0 198.1789 
1900000 9557 346.84 48798.0 12.11 7.5943 1911 123963.0 183.9159 
1910000 9586 337.408 49165.0 12.101 7.3746 1917 125287.0 206.9561 
1920000 9625 292.653 49448.0 9.504 6.4099 1925 125936.0 136.9295 
1930000 9655 312.087 49765.0 9.93 6.8561 1931 126919.0 147.348 
1940000 9685 322.041 50126.0 11.137 7.0245 1937 128177.0 185.3027 
1950000 9714 332.867 50511.0 11.997 7.2159 1942 129630.0 219.0081 
1960000 9743 327.902 50888.0 11.969 7.146 1948 130901.0 216.5921 
1970000 9774 331.269 51228.0 11.833 6.7491 1954 132018.0 201.8697 
1980000 9810 301.651 51502.0 9.625 5.7354 1962 132634.0 136.9063 
1990000 9840 307.166 51893.0 10.734 5.6427 1968 134024.0 172.156 
2000000 9871 320.186 52314.0 12.234 5.8108 1974 135534.0 199.5987 
2010000 9904 315.482 52649.0 11.498 5.7895 1980 136646.0 199.4464 
2020000 9934 325.248 53027.0 12.051 6.0055 1986 137969.0 199.1582 
2030000 9965 312.297 53377.0 11.422 6.1257 1993 139123.0 197.1062 
2040000 9996 323.867 53784.0 12.47 7.1606 1999 140607.0 225.78 
2050000 10030 315.016 54146.0 11.905 7.362 2006 141815.0 210.0266 
2060000 10060 314.233 54481.0 11.227 7.5407 2012 142861.0 187.4866 
2070000 10096 297.02 54778.0 9.892 7.2378 2019 143674.0 157.2299 
2080000 10127 309.259 55132.0 10.517 7.5961 2025 144790.0 165.5363 
2090000 10160 308.212 55478.0 10.608 7.6093 2032 145916.0 169.7624 
2100000 10191 308.171 55856.0 11.153 7.6094 2038 147251.0 194.489 
2110000 10224 307.984 56169.0 10.429 7.6255 2044 148134.0 163.3427 
2120000 10257 300.926 56492.0 9.962 7.4403 2051 149069.0 155.6092 
2130000 10286 317.477 56829.0 10.577 7.8546 2057 150144.0 162.8914 
2140000 10314 336.136 57225.0 11.956 8.3085 2062 151698.0 205.8756 
2150000 10345 330.281 57599.0 12.205 8.1733 2069 153023.0 215.3716 
2160000 10370 356.645 57958.0 13.023 8.8357 2074 154273.0 232.1746 
2170000 10401 342.963 58332.0 12.48 8.4917 2080 155604.0 220.9459 
2180000 10430 342.071 58688.0 12.257 8.4849 2086 156797.0 208.238 
2190000 10460 338.104 59021.0 11.902 8.3647 2092 157832.0 197.6531 
2200000 10495 311.962 59381.0 11.02 7.7103 2099 159092.0 185.1529 
2210000 10525 321.804 59729.0 11.331 7.9501 2105 160301.0 193.4764 
2220000 10555 324.115 60086.0 11.539 8.0118 2111 161552.0 201.849 
2230000 10585 327.296 60439.0 11.553 8.0958 2117 162694.0 192.7771 
2240000 10614 340.504 60835.0 12.822 8.4272 2122 164176.0 211.7463 
2250000 10648 294.129 61225.0 10.797 7.2685 2129 165676.0 203.0858 
2260000 10685 296.015 61533.0 10.38 7.3254 2137 166647.0 180.4168 
2270000 10712 331.773 61952.0 12.583 8.216 2142 168257.0 209.9149 
2280000 10742 332.802 62257.0 11.595 8.2424 2148 169162.0 196.6926 
2290000 10771 329.685 62625.0 11.624 8.1653 2154 170502.0 200.9374 
2300000 10802 336.169 63027.0 12.643 8.3324 2160 171987.0 197.0459 
2310000 10833 319.662 63301.0 10.702 7.9153 2166 172810.0 190.1029 
2320000 10880 256.186 63633.0 8.919 6.3487 2176 173904.0 154.7048 
2330000 10911 282.953 64022.0 10.313 7.0065 2182 175238.0 177.2609 
2340000 10939 315.199 64405.0 11.74 7.8209 2187 176662.0 196.9191 
2350000 10970 315.51 64764.0 11.563 7.8327 2194 177918.0 204.0502 
2360000 11000 321.3 65117.0 11.446 7.9772 2200 179072.0 192.4708 
2370000 11028 341.268 65504.0 12.725 8.4512 2205 180539.0 233.7889 
2380000 11056 345.619 65882.0 12.9 8.5741 2211 181928.0 236.981 
2390000 11086 330.663 66282.0 12.901 8.1938 2217 183363.0 240.7061 
2400000 11120 317.285 66674.0 12.59 7.8583 2224 184733.0 229.239 
2410000 11154 313.55 66984.0 11.013 7.7643 2230 185760.0 199.6707 
2420000 11181 330.983 67400.0 12.131 8.2039 2236 187325.0 208.1073 
2430000 11210 343.623 67788.0 13.346 8.514 2242 188910.0 260.63 
2440000 11241 331.503 68160.0 12.554 8.2055 2248 190233.0 238.8183 
2450000 11268 351.579 68554.0 13.415 8.7044 2253 191758.0 266.8821 
2460000 11296 339.864 68947.0 13.283 8.4079 2259 193231.0 260.258 
2470000 11326 346.486 69373.0 13.949 8.5729 2265 194866.0 263.4879 
2480000 11352 359.952 69727.0 13.776 8.9087 2270 196174.0 263.5138 
2490000 11386 335.253 70059.0 12.021 8.2901 2277 197115.0 195.0358 
2500000 11415 332.483 70445.0 12.362 8.2248 2283 198524.0 213.8669 
2510000 11441 358.115 70809.0 13.122 8.8678 2288 199776.0 224.1418 
2520000 11475 322.202 71185.0 11.85 7.9613 2295 201091.0 203.9428 
2530000 11506 314.327 71510.0 11.03 7.7644 2301 202058.0 182.3742 
2540000 11530 358.684 71846.0 12.29 8.8749 2306 203339.0 212.8755 
2550000 11557 356.736 72238.0 12.82 8.8229 2311 204691.0 225.7404 
2560000 11584 371.347 72651.0 14.259 9.1952 2316 206472.0 265.519 
2570000 11615 346.17 72992.0 12.645 8.5564 2323 207596.0 228.2062 
2580000 11644 344.902 73441.0 13.901 8.5414 2328 209440.0 269.979 
2590000 11669 362.357 73832.0 14.384 8.9623 2333 210938.0 285.3029 
2600000 11693 379.953 74249.0 15.678 9.3935 2338 212600.0 290.8928 
2610000 11720 368.486 74608.0 14.263 9.1087 2344 213856.0 269.5538 
2620000 11750 354.553 74951.0 12.973 8.76 2350 215024.0 231.3763 
2630000 11780 342.052 75324.0 12.589 8.4545 2356 216372.0 224.9821 
2640000 11811 337.303 75733.0 12.859 8.3517 2362 217918.0 234.6764 
2650000 11840 332.356 76100.0 12.419 8.227 2368 219185.0 218.1076 
2660000 11875 309.959 76468.0 11.445 7.6757 2375 220450.0 197.1012 
2670000 11904 322.418 76876.0 12.435 7.984 2380 221887.0 221.5998 
2680000 11934 329.03 77269.0 12.685 8.1435 2386 223348.0 217.0611 
2690000 11963 334.638 77697.0 13.519 8.286 2392 225069.0 241.2988 
2700000 11990 350.292 78073.0 13.864 8.6637 2398 226438.0 265.6271 
2710000 12016 367.15 78463.0 14.265 9.0912 2403 227959.0 279.4273 
2720000 12045 340.021 78836.0 13.038 8.412 2409 229226.0 245.6489 
2730000 12078 332.873 79209.0 12.581 8.2386 2415 230673.0 247.6587 
2740000 12114 294.572 79517.0 10.011 7.3007 2422 231644.0 181.8816 
2750000 12163 245.844 79748.0 7.034 6.0932 2432 232106.0 92.8088 
2760000 12205 245.866 80068.0 7.665 6.0971 2441 233122.0 117.0231 
2770000 12235 291.884 80389.0 9.244 7.24 2447 234145.0 143.2163 
2780000 12262 320.169 80796.0 11.471 7.9328 2452 235695.0 204.7725 
2790000 12285 366.22 81188.0 13.727 9.066 2457 237323.0 261.6088 
2800000 12311 375.612 81608.0 14.83 9.3071 2462 238934.0 286.3524 
2810000 12342 338.194 81974.0 13.01 8.3793 2468 240341.0 259.4668 
2820000 12376 311.129 82368.0 12.09 7.713 2475 241803.0 232.0622 
2830000 12412 299.551 82695.0 10.517 7.4137 2482 242868.0 175.6247 
2840000 12442 321.611 83055.0 11.612 7.9571 2488 243993.0 190.8809 
2850000 12475 311.455 83437.0 11.679 7.7118 2495 245260.0 195.2791 
2860000 12507 313.865 83858.0 12.465 7.7648 2501 246893.0 232.0896 
2870000 12541 294.152 84201.0 11.085 7.2828 2508 248013.0 197.2579 
2880000 12574 310.14 84563.0 11.602 7.6839 2514 249254.0 191.9654 
2890000 12602 330.678 84930.0 12.272 8.1913 2520 250554.0 215.0027 
2900000 12630 337.561 85328.0 12.954 8.3451 2526 252080.0 236.0701 
2910000 12661 326.714 85723.0 12.687 8.0836 2532 253483.0 233.8131 
2920000 12693 323.618 86093.0 12.121 8.0114 2538 254774.0 222.393 
2930000 12721 328.79 86477.0 12.325 8.1435 2544 256052.0 219.0038 
2940000 12750 339.552 86842.0 12.474 8.402 2550 257383.0 216.5023 
2950000 12780 326.509 87200.0 11.985 8.0814 2556 258542.0 205.7944 
2960000 12815 313.028 87526.0 10.744 7.7515 2563 259498.0 167.547 
2970000 12841 331.371 87878.0 11.433 8.1997 2568 260648.0 185.8246 
2980000 12866 364.327 88228.0 12.636 9.0088 2573 261940.0 221.8328 
2990000 12915 255.005 88501.0 7.734 6.3236 2583 262492.0 106.4599 
3000000 12943 290.209 88835.0 9.098 7.2031 2588 263411.0 130.1954 
3010000 12971 321.842 89254.0 11.865 7.967 2594 265042.0 203.305 
3020000 13002 316.084 89660.0 12.359 7.8298 2600 266627.0 236.7125 
3030000 13030 336.177 90075.0 13.532 8.3242 2606 268194.0 252.9921 
3040000 13055 356.324 90477.0 14.43 8.8185 2611 269769.0 280.0887 
3050000 13088 330.712 90834.0 12.717 8.1923 2617 270948.0 242.1649 
3060000 13114 353.804 91231.0 13.713 8.7467 2622 272455.0 251.6016 
3070000 13140 357.84 91618.0 13.921 8.8498 2628 274003.0 267.8509 
3080000 13166 379.665 92036.0 15.125 9.3814 2633 275789.0 305.5114 
3090000 13190 386.537 92410.0 15.218 9.5558 2638 277246.0 302.2227 
3100000 13216 378.223 92809.0 14.833 9.3427 2643 278854.0 300.5375 
3110000 13241 388.361 93189.0 15.046 9.6169 2648 280257.0 294.4831 
3120000 13271 372.154 93546.0 13.928 9.2247 2654 281421.0 249.1063 
3130000 13303 343.015 93933.0 13.064 8.4899 2660 282813.0 242.5669 
3140000 13335 321.567 94297.0 12.054 7.9512 2667 284161.0 218.5307 
3150000 13370 305.455 94700.0 11.834 7.5676 2674 285671.0 219.015 
3160000 13405 292.5 95066.0 10.968 7.2493 2681 286937.0 193.8681 
3170000 13431 327.749 95411.0 11.832 8.1194 2686 288098.0 207.5273 
3180000 13460 324.552 95785.0 11.947 8.0446 2692 289339.0 206.8174 
3190000 13492 324.675 96157.0 11.811 8.048 2698 290650.0 206.0428 
3200000 13521 329.645 96561.0 12.564 8.1677 2704 292218.0 227.8878 
3210000 13544 366.045 96963.0 13.956 9.0531 2708 293811.0 257.776 
3220000 13574 342.537 97309.0 12.748 8.4819 2714 294916.0 240.6584 
3230000 13603 350.256 97771.0 14.181 8.6729 2720 296800.0 259.1662 
3240000 13635 335.326 98130.0 13.124 8.3079 2727 298023.0 239.2424 
3250000 13667 317.267 98504.0 12.069 7.863 2733 299387.0 227.5775 
3260000 13707 279.05 98806.0 9.428 6.9281 2741 300250.0 154.0381 
3270000 13732 321.025 99199.0 11.507 7.957 2746 301732.0 200.5093 
3280000 13761 341.501 99588.0 12.948 8.4682 2752 303171.0 236.9337 
3290000 13782 391.8 99957.0 14.654 9.7032 2756 304551.0 260.5126 
3300000 13813 366.878 100330.0 13.708 9.0923 2762 305893.0 219.19 
3310000 13846 329.985 100627.0 11.262 8.1775 2769 306682.0 185.8768 
3320000 13874 339.985 101073.0 13.367 8.4344 2774 308436.0 220.2574 
3330000 13910 295.975 101366.0 10.211 7.3257 2782 309197.0 162.3936 
3340000 13946 286.445 101736.0 10.422 7.0851 2789 310494.0 185.6912 
3350000 13971 337.866 102133.0 12.81 8.3584 2794 312073.0 240.3425 
3360000 13998 347.609 102480.0 12.536 8.6132 2799 313275.0 229.6563 
3370000 14020 388.516 102868.0 14.351 9.6267 2804 314899.0 275.8107 
3380000 14046 383.017 103259.0 14.411 9.4775 2809 316397.0 279.6132 
3390000 14094 264.68 103526.0 8.379 6.5611 2818 317132.0 146.0233 
3400000 14125 287.553 103856.0 9.314 7.1257 2825 318089.0 145.5688 
3410000 14149 337.475 104192.0 11.005 8.3605 2829 319259.0 189.3286 
3420000 14183 321.062 104506.0 10.325 7.9533 2836 320050.0 153.004 
3430000 14212 321.464 104854.0 10.761 7.9527 2842 321169.0 174.7069 
3440000 14237 361.211 105247.0 13.023 8.9314 2847 322675.0 230.5967 
3450000 14268 341.779 105598.0 12.125 8.4574 2853 323782.0 206.659 
3460000 14297 339.36 105983.0 12.335 8.4018 2859 325196.0 214.8156 
3470000 14321 357.113 106360.0 13.192 8.8313 2864 326524.0 238.0948 
3480000 14350 361.909 106775.0 14.006 8.9352 2870 328229.0 260.794 
3490000 14377 367.14 107138.0 13.589 9.0567 2875 329489.0 240.029 
3500000 14429 234.306 107369.0 7.062 5.7907 2885 330026.0 117.2893 
3510000 14467 250.839 107707.0 8.132 6.1901 2893 331126.0 134.7567 
3520000 14488 335.508 108127.0 12.535 8.2922 2897 332941.0 220.2981 
3530000 14514 351.072 108480.0 12.651 8.6689 2902 334179.0 241.393 
3540000 14541 354.399 108846.0 12.85 8.7525 2908 335346.0 228.0228 
3550000 14571 351.322 109205.0 12.566 8.6818 2914 336689.0 223.0421 
3560000 14597 358.752 109620.0 13.126 8.8825 2919 338238.0 232.0326 
3570000 14625 365.135 109922.0 12.879 9.0487 2925 339257.0 229.4855 
3580000 14653 361.512 110328.0 13.569 8.9475 2930 340827.0 261.3457 
3590000 14685 337.474 110712.0 12.922 8.3554 2937 342228.0 242.4224 
3600000 14715 327.645 111087.0 12.445 8.0977 2943 343512.0 224.6026 
3610000 14748 312.879 111451.0 11.481 7.7363 2949 344782.0 206.644 
3620000 14770 350.85 111790.0 12.355 8.6774 2954 346021.0 220.0845 
3630000 14806 307.112 112126.0 10.375 7.5979 2961 347125.0 177.3901 
3640000 14839 299.49 112455.0 9.926 7.3885 2967 348231.0 175.8598 
3650000 14864 340.662 112852.0 12.225 8.3978 2972 349738.0 206.489 
3660000 14888 365.953 113224.0 13.509 9.0239 2977 351145.0 218.4476 
3670000 14915 368.263 113597.0 13.55 9.0977 2983 352520.0 249.6521 
3680000 14952 318.509 113933.0 10.888 7.8663 2990 353558.0 181.208 
3690000 14989 294.097 114282.0 10.172 7.2854 2997 354615.0 164.9267 
3700000 15023 293.743 114619.0 10.14 7.2673 3004 355597.0 158.1596 
3710000 15051 313.568 115021.0 11.752 7.7533 3010 357055.0 201.3506 
3720000 15078 345.887 115419.0 13.218 8.5493 3015 358569.0 214.1283 
3730000 15107 353.587 115798.0 13.438 8.7466 3021 359983.0 245.5554 
3740000 15135 352.723 116181.0 13.217 8.7255 3027 361482.0 246.6358 
3750000 15168 326.198 116538.0 12.028 8.0629 3033 362688.0 226.4898 
3760000 15195 347.777 116955.0 13.657 8.6084 3039 364296.0 254.4022 
3770000 15224 346.024 117341.0 13.456 8.5623 3044 365681.0 259.4766 
3780000 15247 377.445 117693.0 14.033 9.3526 3049 367053.0 275.1885 
3790000 15277 345.558 118010.0 11.948 8.5511 3055 367991.0 210.7445 
3800000 15305 355.227 118381.0 12.457 8.7903 3061 369505.0 227.8739 
3810000 15330 370.634 118748.0 13.17 9.1647 3066 370976.0 251.4928 
3820000 15355 371.33 119139.0 13.904 9.1774 3071 372462.0 269.3586 
3830000 15385 356.775 119570.0 14.251 8.8107 3077 374141.0 274.135 
3840000 15415 348.529 119967.0 13.929 8.6019 3083 375657.0 269.116 
3850000 15446 334.949 120367.0 13.445 8.2696 3089 377209.0 264.52 
3860000 15479 318.118 120745.0 12.542 7.864 3095 378523.0 246.2971 
3870000 15505 333.528 121158.0 13.437 8.232 3101 380025.0 250.8148 
3880000 15535 333.962 121483.0 12.173 8.2612 3107 381022.0 205.2884 
3890000 15561 352.441 121888.0 13.413 8.7028 3112 382651.0 250.4129 
3900000 15598 299.719 122244.0 10.946 7.3943 3119 383877.0 204.0112 
3910000 15622 348.947 122662.0 13.635 8.6095 3124 385513.0 229.375 
3920000 15654 328.226 123016.0 12.374 8.1271 3130 386845.0 252.0723 
3930000 15682 336.156 123394.0 12.675 8.3189 3136 388153.0 240.8519 
3940000 15711 336.209 123791.0 12.823 8.3077 3142 389657.0 244.7857 
3950000 15747 309.118 124128.0 11.16 7.63 3149 390756.0 196.0658 
3960000 15781 303.353 124435.0 10.343 7.4805 3156 391708.0 174.3473 
3970000 15810 318.984 124823.0 11.435 7.8663 3162 393197.0 199.9057 
3980000 15837 336.41 125224.0 12.74 8.2796 3167 394654.0 235.9908 
3990000 15866 331.955 125614.0 12.674 8.1936 3173 396109.0 240.3642 
4000000 15895 344.597 126043.0 13.837 8.5114 3179 397810.0 263.6512 
4010000 15928 308.648 126412.0 11.824 7.6396 3185 399115.0 228.5682 
4020000 15958 313.305 126797.0 12.068 7.7482 3191 400508.0 234.091 
4030000 15985 335.388 127198.0 13.161 8.2859 3197 401926.0 238.059 
4040000 16010 357.91 127617.0 14.57 8.8438 3202 403593.0 279.2108 
4050000 16035 377.963 128004.0 15.004 9.3547 3207 405189.0 297.8403 
4060000 16060 380.095 128409.0 15.26 9.4042 3212 406620.0 292.4654 
4070000 16085 393.069 128805.0 15.671 9.6994 3217 408225.0 308.6102 
4080000 16113 378.577 129152.0 14.095 9.3543 3222 409442.0 273.856 
4090000 16134 412.937 129561.0 15.964 10.1897 3226 411195.0 297.4986 
4100000 16157 411.128 129936.0 15.589 10.1467 3231 412626.0 320.1294 
4110000 16191 359.562 130324.0 13.821 8.8645 3238 414028.0 264.52 
4120000 16220 354.002 130718.0 13.83 8.7294 3244 415601.0 267.2341 
4130000 16241 385.177 131126.0 15.065 9.5122 3248 417182.0 282.6499 
4140000 16272 363.869 131449.0 13.377 9.0055 3254 418255.0 253.3157 
4150000 16301 352.59 131825.0 13.166 8.7162 3260 419615.0 239.8425 
4160000 16354 234.036 132062.0 6.935 5.771 3270 420218.0 114.9261 
4170000 16389 265.347 132409.0 8.621 6.5582 3277 421417.0 150.1003 
4180000 16417 307.166 132792.0 10.908 7.5882 3283 422766.0 192.2335 
4190000 16451 299.75 133105.0 10.109 7.4195 3290 423832.0 174.3326 
4200000 16482 303.644 133483.0 10.937 7.5266 3296 425092.0 179.3718 
4210000 16504 366.335 133839.0 13.06 9.0746 3300 426486.0 246.0118 
4220000 16530 372.094 134249.0 14.096 9.2151 3306 428096.0 267.0872 
4230000 16554 384.37 134653.0 14.832 9.4867 3310 429670.0 298.4498 
4240000 16579 389.032 135027.0 14.889 9.6069 3315 431070.0 272.376 
4250000 16605 380.771 135423.0 14.733 9.3927 3321 432510.0 278.7183 
4260000 16628 409.844 135771.0 15.191 10.1123 3325 433860.0 296.8214 
4270000 16701 190.209 135961.0 5.14 4.7002 3340 434272.0 78.4632 
4280000 16747 225.961 136302.0 7.627 5.5802 3349 435453.0 127.2815 
4290000 16771 304.486 136694.0 11.116 7.5447 3354 436889.0 193.1019 
4300000 16802 310.265 137059.0 11.348 7.6777 3360 438211.0 210.198 
4310000 16827 349.101 137512.0 14.273 8.6432 3365 440101.0 253.0561 
4320000 16858 341.332 137881.0 13.368 8.4254 3371 441397.0 254.2328 
4330000 16880 381.891 138240.0 14.445 9.4285 3376 442854.0 281.6849 
4340000 16905 383.968 138662.0 15.09 9.4896 3381 444491.0 295.5363 
4350000 16932 377.001 139052.0 14.651 9.2866 3386 445874.0 278.7575 
4360000 16953 418.433 139416.0 15.743 10.3055 3390 447378.0 291.8171 
4370000 16982 385.059 139762.0 14.025 9.4925 3396 448621.0 265.511 
4380000 17010 365.051 140102.0 12.958 8.9874 3402 449906.0 244.6313 
4390000 17033 385.364 140509.0 14.292 9.4793 3406 451543.0 292.3504 
4400000 17069 337.219 140838.0 11.933 8.2884 3413 452574.0 216.6536 
4410000 17097 342.588 141220.0 12.614 8.3975 3419 454036.0 242.9938 
4420000 17123 363.32 141639.0 14.012 8.9235 3424 455550.0 254.6809 
4430000 17152 351.362 142022.0 13.528 8.6563 3430 457031.0 264.3021 
4440000 17175 382.263 142435.0 15.136 9.4097 3435 458737.0 297.1154 
4450000 17201 385.021 142833.0 15.261 9.4922 3440 460155.0 289.0309 
4460000 17226 387.969 143196.0 14.857 9.5622 3445 461556.0 290.06 
4470000 17252 378.463 143583.0 14.473 9.324 3450 462999.0 288.2504 
4480000 17286 333.113 143882.0 11.465 8.2187 3457 463928.0 202.7092 
4490000 17320 314.989 144192.0 10.343 7.7681 3464 464877.0 169.655 
4500000 17344 349.923 144579.0 12.485 8.6157 3468 466386.0 222.6206 
4510000 17370 362.757 144976.0 13.548 8.9258 3474 467968.0 258.9021 
4520000 17395 365.921 145365.0 13.893 8.9998 3479 469377.0 260.8148 
4530000 17420 388.727 145775.0 15.199 9.5842 3484 471065.0 295.586 
4540000 17446 374.453 146180.0 14.901 9.2583 3489 472595.0 294.2299 
4550000 17476 355.012 146578.0 14.032 8.7893 3495 474088.0 270.1595 
4560000 17504 352.72 146941.0 13.358 8.6944 3500 475432.0 258.5947 
4570000 17531 352.305 147338.0 13.629 8.6947 3506 476882.0 254.4246 
4580000 17554 387.7 147700.0 14.533 9.5816 3510 478330.0 275.6659 
4590000 17576 410.563 148090.0 15.615 10.1345 3515 479902.0 307.5747 
4600000 17601 400.001 148473.0 15.217 9.872 3520 481380.0 300.6696 
4610000 17630 363.521 148813.0 12.976 8.9783 3526 482590.0 242.2041 
4620000 17657 369.646 149187.0 13.46 9.1127 3531 484047.0 258.6899 
4630000 17691 331.67 149495.0 11.206 8.171 3538 484856.0 181.8609 
4640000 17716 364.742 149879.0 13.031 8.9731 3543 486368.0 235.5749 
4650000 17743 368.023 150247.0 13.282 9.0611 3548 487681.0 236.2084 
4660000 17770 367.943 150662.0 14.1 9.0773 3554 489407.0 269.368 
4670000 17795 379.084 151063.0 14.826 9.3383 3559 490975.0 289.3706 
4680000 17824 364.81 151427.0 13.772 8.9671 3564 492263.0 273.8901 
4690000 17849 370.508 151794.0 14.079 9.1143 3569 493626.0 243.2807 
4700000 17876 383.817 152217.0 15.046 9.4345 3575 495231.0 279.1378 
4710000 17918 299.541 152500.0 10.088 7.3709 3583 495991.0 172.0183 
4720000 17952 297.222 152845.0 10.119 7.3331 3590 497110.0 165.5936 
4730000 17977 332.764 153217.0 11.771 8.2185 3595 498628.0 220.8585 
4740000 17998 373.496 153509.0 12.259 9.2272 3599 499658.0 224.7716 
4750000 18022 388.452 153889.0 13.438 9.5969 3604 501004.0 234.5143 
4760000 18053 354.291 154292.0 13.159 8.7553 3610 502562.0 257.3359 
4770000 18084 339.445 154671.0 12.591 8.3754 3616 503886.0 236.374 
4780000 18105 380.355 155035.0 13.96 9.3956 3621 505273.0 261.7947 
4790000 18126 420.105 155449.0 16.065 10.3563 3625 506926.0 292.9136 
4800000 18153 403.716 155815.0 15.322 9.9628 3630 508288.0 285.8696 
4810000 18176 416.322 156180.0 15.593 10.2789 3635 509679.0 299.1873 
4820000 18204 390.014 156579.0 14.9 9.6191 3640 511176.0 296.9446 
4830000 18230 373.033 156947.0 13.996 9.1781 3646 512495.0 259.6476 
4840000 18257 383.187 157350.0 15.085 9.4275 3651 514098.0 257.0918 
4850000 18278 420.12 157651.0 14.856 10.309 3655 515194.0 288.1854 
4860000 18303 402.778 158066.0 15.111 9.888 3660 516746.0 293.2372 
4870000 18325 416.807 158434.0 15.629 10.2533 3665 518077.0 291.8216 
