1000 61 11.666 102.285 1.154 0.0282 0.0 
2000 125 14.467 197.868 1.474 0.0346 0.0 
3000 186 15.886 299.3 1.544 0.0378 0.0 
4000 245 16.559 362.706 1.153 0.0394 0.0 
5000 304 16.77 454.011 1.291 0.0398 0.0 
6000 366 16.347 567.349 1.65 0.0387 0.0 
7000 428 16.203 619.818 1.148 0.0383 0.0 
8000 491 15.973 659.907 0.764 0.0378 0.0 
9000 551 16.449 763.51 1.71 0.0391 0.0 
10000 614 16.198 871.264 1.424 0.0385 0.0 
11000 675 16.505 973.931 1.603 0.0392 0.0 
12000 734 16.819 1106.748 2.1 0.0399 0.0 
13000 795 16.402 1170.941 1.551 0.039 0.0 
14000 856 16.465 1255.331 1.271 0.039 0.0 
15000 913 17.325 1366.618 1.749 0.041 0.0 
16000 973 16.852 1486.003 1.748 0.04 0.0 
17000 1035 16.635 1545.082 1.198 0.0396 0.0 
18000 1095 16.526 1655.891 1.708 0.0394 0.0 
19000 1157 16.433 1736.371 1.399 0.0392 0.0 
20000 1219 16.12 1850.975 1.889 0.0385 0.0 
21000 1282 15.941 1913.122 1.197 0.0381 0.0 
22000 1342 16.428 1984.168 1.058 0.0392 0.0 
23000 1407 15.67 2091.492 1.504 0.0372 0.0 
24000 1467 16.333 2176.026 1.556 0.0389 0.0 
25000 1531 15.812 2276.217 1.705 0.0377 0.0 
26000 1594 15.85 2384.241 1.648 0.0378 0.0 
27000 1656 16.386 2473.658 1.617 0.0389 0.0 
28000 1714 17.014 2563.232 1.604 0.0405 0.0 
29000 1773 16.928 2694.484 2.24 0.0404 0.0 
30000 1835 16.279 2773.624 1.515 0.0392 0.0 
31000 1896 16.232 2896.973 1.892 0.0387 0.0 
32000 1957 16.239 2954.228 1.299 0.0387 0.0 
33000 2018 16.443 3046.063 1.435 0.0391 0.0 
34000 2079 16.242 3160.107 1.671 0.0387 0.0 
35000 2138 16.994 3256.325 1.636 0.0404 0.0 
36000 2199 16.623 3360.392 1.804 0.0396 0.0 
37000 2259 16.41 3442.987 1.446 0.039 0.0 
38000 2320 16.278 3566.28 1.942 0.0387 0.0 
39000 2379 16.912 3655.908 1.557 0.0401 0.0 
40000 2440 16.687 3778.4 1.779 0.0396 0.0 
41000 2501 16.449 3846.739 1.447 0.0392 0.0 
42000 2561 16.703 3910.52 1.242 0.0399 0.0 
43000 2622 16.355 3972.396 0.904 0.0389 0.0 
44000 2686 15.897 4030.51 1.041 0.0377 0.0 
45000 2745 16.617 4125.495 1.436 0.0395 0.0 
46000 2804 16.796 4199.354 1.253 0.04 0.0 
47000 2867 16.282 4318.795 1.818 0.0387 0.0 
48000 2929 16.274 4393.663 1.207 0.0385 0.0 
49000 2991 16.223 4466.817 1.182 0.0386 0.0 
50000 3049 16.821 4592.388 1.658 0.0402 0.0 
51000 3108 16.639 4699.09 1.608 0.0395 0.0 
52000 3171 16.032 4771.508 1.33 0.0381 0.0 
53000 3233 16.01 4877.93 1.581 0.0382 0.0 
54000 3293 16.333 4971.314 1.405 0.0388 0.0 
55000 3352 16.878 5064.623 1.435 0.04 0.0 
56000 3414 16.377 5153.093 1.55 0.0389 0.0 
57000 3474 16.817 5279.263 2.038 0.0401 0.0 
58000 3535 16.334 5365.984 1.594 0.0389 0.0 
59000 3599 15.92 5456.172 1.646 0.0379 0.0 
60000 3660 16.251 5536.811 1.514 0.0388 0.0 
61000 3723 15.922 5631.973 1.481 0.0381 0.0 
62000 3783 16.072 5758.676 1.894 0.0384 0.0 
63000 3843 16.468 5858.827 1.731 0.0393 0.0 
64000 3905 16.399 5970.302 1.688 0.0393 0.0 
65000 3967 16.223 6080.292 1.672 0.0388 0.0 
66000 4029 16.032 6162.31 1.348 0.0382 0.0 
67000 4089 16.734 6258.862 1.51 0.0398 0.0 
68000 4150 16.384 6339.574 1.389 0.0391 0.0 
69000 4213 15.914 6440.772 1.6 0.038 0.0 
70000 4274 16.131 6514.881 1.293 0.0385 0.0 
71000 4332 16.894 6586.784 1.348 0.0403 0.0 
72000 4393 16.843 6704.866 1.722 0.0413 0.0 
73000 4454 16.438 6777.897 1.178 0.04 0.0 
74000 4514 16.327 6874.575 1.469 0.0394 0.0 
75000 4577 16.122 6972.263 1.695 0.0386 0.0 
76000 4639 15.825 7090.472 1.747 0.0382 0.0 
77000 4701 16.022 7155.546 1.054 0.0387 0.0 
78000 4763 16.529 7251.067 1.41 0.0399 0.0 
79000 4822 16.799 7325.829 1.449 0.0405 0.0 
80000 4885 16.218 7425.534 1.694 0.0391 0.0 
81000 4944 16.575 7502.43 1.38 0.0401 0.0 
82000 5003 16.693 7603.57 1.592 0.0404 0.0 
83000 5061 16.887 7684.842 1.451 0.0407 0.0 
84000 5121 16.619 7815.285 1.886 0.0398 0.0 
85000 5182 16.306 7935.779 2.109 0.0391 0.0 
86000 5244 16.175 8026.239 1.583 0.0389 0.0 
87000 5306 16.108 8129.261 1.587 0.0394 0.0 
88000 5369 16.125 8235.139 1.737 0.0389 0.0 
89000 5430 16.199 8338.157 1.716 0.0389 0.0 
90000 5491 16.511 8425.253 1.779 0.0398 0.0 
91000 5551 16.523 8521.556 1.508 0.0398 0.0 
92000 5613 16.038 8592.075 1.226 0.0385 0.0 
93000 5672 16.853 8721.126 2.084 0.0408 0.0 
94000 5736 16.163 8801.796 1.463 0.0393 0.0 
95000 5795 16.245 8920.862 1.612 0.0393 0.0 
96000 5856 16.526 9014.681 1.603 0.0396 0.0 
97000 5912 17.388 9071.335 1.246 0.0418 0.0 
98000 5974 16.362 9136.71 1.023 0.0396 0.0 
99000 6033 16.842 9260.342 1.903 0.0407 0.0 
100000 6097 15.937 9353.821 1.628 0.0383 0.0 
101000 6180 12.253 9197.962 -1.791 0.088 0.0 
102000 6246 13.991 9006.276 -2.774 0.1206 0.0 
103000 6302 16.303 9086.77 0.524 0.1436 0.0 
104000 6366 15.932 9387.837 3.663 0.1404 0.0 
105000 6426 16.517 9745.094 5.334 0.1441 0.0 
106000 6483 17.292 10178.106 6.942 0.1535 0.0 
107000 6544 16.817 10613.285 7.147 0.148 0.0 
108000 6599 17.551 11122.328 8.398 0.1558 0.0 
109000 6653 18.315 11677.384 9.748 0.163 0.0 
110000 6708 18.343 12218.126 9.971 0.1655 0.0 
111000 6755 20.101 12856.854 12.082 0.1796 0.0 
112000 6803 20.561 13532.535 13.251 0.1751 0.0 
113000 6847 21.518 14191.296 13.962 0.183 0.0 
114000 6894 21.372 14852.733 14.067 0.1885 0.0 
115000 6940 21.318 15537.621 14.425 0.19 0.0 
116000 6984 22.249 16218.025 15.216 0.2047 0.0 
117000 7027 22.624 16923.426 15.784 0.2071 0.0 
118000 7072 22.131 17614.447 15.292 0.2025 0.0 
119000 7120 21.471 18296.951 14.672 0.1938 0.0 
120000 7163 21.948 19018.823 15.448 0.209 0.0 
121000 7208 22.268 19721.123 15.692 0.2003 0.0 
122000 7253 22.121 20433.424 15.751 0.1993 0.0 
123000 7294 23.515 21177.342 17.266 0.2081 0.0 
124000 7336 23.599 21870.206 16.698 0.2097 0.0 
125000 7379 23.098 22572.858 16.181 0.207 0.0 
126000 7422 23.509 23306.798 16.91 0.2074 0.0 
127000 7463 23.993 24041.848 17.412 0.2133 0.0 
128000 7504 23.972 24803.131 17.786 0.2145 0.0 
129000 7543 24.757 25558.396 18.689 0.2175 0.0 
130000 7588 22.836 26278.624 16.737 0.202 0.0 
131000 7632 22.772 27076.917 17.645 0.2056 0.0 
132000 7676 22.9 27814.32 17.239 0.2057 0.0 
133000 7718 23.485 28574.068 17.856 0.2179 0.0 
134000 7762 23.059 29313.235 17.208 0.2177 0.0 
135000 7804 23.511 30082.204 17.938 0.2154 0.0 
136000 7846 23.707 30849.502 18.197 0.216 0.0 
137000 7887 23.999 31612.034 18.416 0.2173 0.0 
138000 7931 23.297 32397.445 18.227 0.2114 0.0 
139000 7972 23.681 33166.18 18.176 0.219 0.0 
140000 8016 23.555 33880.981 17.52 0.2132 0.0 
141000 8063 22.121 34590.18 16.063 0.2014 0.0 
142000 8107 22.48 35357.216 16.784 0.2037 0.0 
143000 8151 22.911 36123.278 17.425 0.2081 0.0 
144000 8195 22.565 36847.291 16.561 0.2026 0.0 
145000 8238 22.809 37559.714 16.425 0.2065 0.0 
146000 8282 23.0 38280.068 16.708 0.2047 0.0 
147000 8327 22.479 38985.703 16.105 0.2039 0.0 
148000 8373 22.18 39684.461 15.748 0.1993 0.0 
149000 8417 22.371 40396.911 15.936 0.2014 0.0 
150000 8462 22.37 41116.263 15.996 0.2033 0.0 
151000 8506 22.334 41813.286 15.764 0.2007 0.0 
152000 8551 21.972 42544.675 15.633 0.1995 0.0 
153000 8594 23.192 43279.932 16.876 0.2166 0.0 
154000 8639 22.468 43992.701 15.982 0.2071 0.0 
155000 8681 23.314 44729.766 16.991 0.2089 0.0 
156000 8720 24.504 45526.35 18.718 0.221 0.0 
157000 8764 23.635 46284.232 18.015 0.2178 0.0 
158000 8810 22.531 47017.921 16.804 0.2059 0.0 
159000 8851 23.109 47778.263 17.527 0.2097 0.0 
160000 8892 23.712 48584.51 18.57 0.2132 0.0 
161000 8932 24.153 49361.069 18.779 0.2265 0.0 
162000 8973 23.968 50130.861 18.465 0.2236 0.0 
163000 9017 23.525 50871.213 17.776 0.2141 0.0 
164000 9059 23.977 51628.298 18.245 0.2158 0.0 
165000 9098 24.657 52410.67 18.963 0.2246 0.0 
166000 9135 25.558 53172.007 19.544 0.2329 0.0 
167000 9171 27.114 54024.853 22.084 0.2508 0.0 
168000 9207 27.303 54800.339 21.569 0.2498 0.0 
169000 9237 29.815 55555.12 23.207 0.2733 0.0 
170000 9271 30.192 56366.611 24.054 0.2773 0.0 
171000 9299 32.84 57096.174 25.061 0.3007 0.0 
172000 9336 30.273 57902.427 23.788 0.2771 0.0 
173000 9361 32.952 58632.155 25.371 0.2994 0.0 
174000 9384 37.351 59309.738 27.105 0.3386 0.0 
175000 9402 42.995 59938.774 29.463 0.3891 0.0 
176000 9429 39.963 60739.177 29.062 0.3615 0.0 
177000 9457 38.707 61532.217 29.373 0.3529 0.0 
178000 9481 39.4 62300.991 30.263 0.36 0.0 
179000 9500 43.384 62953.063 31.404 0.4026 0.0 
180000 9522 44.383 63629.414 31.258 0.4066 0.0 
181000 9546 44.151 64360.197 31.499 0.4078 0.0 
182000 9555 54.231 64927.245 36.275 0.4954 0.0 
183000 9578 51.541 65698.547 35.881 0.4687 0.0 
184000 9599 50.034 66353.736 34.077 0.457 0.0 
185000 9617 51.203 66989.476 34.267 0.4663 0.0 
186000 9633 55.793 67641.191 36.839 0.4996 0.0 
187000 9651 55.119 68237.702 35.164 0.4902 0.0 
188000 9661 61.687 68864.403 39.032 0.5565 0.0 
189000 9680 59.151 69520.445 37.907 0.5345 0.0 
190000 9696 60.689 70135.025 38.286 0.5531 0.0 
191000 9711 60.639 70661.847 36.423 0.5541 0.0 
192000 9722 67.504 71199.604 39.498 0.6109 0.0 
193000 9735 69.847 71887.837 42.777 0.6358 0.0 
194000 9744 76.676 72578.659 48.362 0.7001 0.0 
195000 9757 75.673 73304.706 49.301 0.6942 0.0 
196000 9768 75.68 73999.205 50.051 0.6909 0.0 
197000 9777 85.064 74592.988 55.122 0.7714 0.0 
198000 9783 94.758 75218.128 61.006 0.8583 0.0 
199000 9791 98.674 75859.19 63.392 0.8876 0.0 
200000 9796 108.925 76496.579 69.969 0.9788 0.0 
201000 9800 117.206 77086.973 74.012 1.0578 0.0 
202000 9804 130.077 77718.3 82.492 1.1749 0.0 
203000 9809 135.814 78334.65 85.793 1.2281 0.0 
204000 9812 147.241 78923.141 92.107 1.333 0.0 
205000 9820 144.895 79641.538 92.411 1.3146 0.0 
206000 9823 150.791 80253.26 95.835 1.3636 0.0 
207000 9831 151.661 80934.97 97.246 1.3785 0.0 
208000 9835 158.272 81628.011 102.34 1.4387 0.0 
209000 9839 165.278 82261.215 106.785 1.502 0.0 
210000 9847 160.169 83008.413 105.371 1.4535 0.0 
211000 9854 157.611 83765.408 105.554 1.4344 0.0 
212000 9862 147.665 84500.768 100.476 1.3432 0.0 
213000 9869 145.754 85146.296 99.465 1.3222 0.0 
214000 9876 150.072 85762.771 99.716 1.3567 0.0 
215000 9884 145.731 86466.746 97.994 1.313 0.0 
216000 9892 143.238 87148.29 96.249 1.2902 0.0 
217000 9899 143.427 87784.031 95.646 1.2939 0.0 
218000 9905 141.503 88466.562 95.321 1.2785 0.0 
219000 9914 140.136 89264.38 95.95 1.2739 0.0 
220000 9923 136.328 90021.212 94.854 1.2341 0.0 
221000 9929 137.183 90561.262 92.863 1.2397 0.0 
222000 9935 141.909 91170.664 94.532 1.284 0.0 
223000 9942 141.323 91852.018 94.329 1.279 0.0 
224000 9948 145.1 92459.028 95.506 1.3122 0.0 
225000 9955 145.937 93187.962 97.542 1.3339 0.0 
226000 9961 147.689 93844.248 98.225 1.3511 0.0 
227000 9967 149.12 94608.876 101.028 1.3679 0.0 
228000 9976 143.584 95368.871 98.881 1.3179 0.0 
229000 9985 138.328 96236.882 98.509 1.2657 0.0 
230000 9992 134.386 97037.915 97.982 1.2316 0.0 
231000 9999 138.873 97879.909 102.513 1.2715 0.0 
232000 10006 138.832 98597.458 102.105 1.2655 0.0 
233000 10016 130.655 99411.055 98.388 1.183 0.0 
234000 10024 131.79 100247.867 100.216 1.2005 0.0 
235000 10031 133.485 101052.691 102.39 1.2124 0.0 
236000 10040 129.336 101916.539 101.064 1.1754 0.0 
237000 10047 130.63 102691.061 101.503 1.1883 0.0 
238000 10056 127.861 103495.424 100.145 1.1685 0.0 
239000 10062 130.846 104240.645 101.523 1.1954 0.0 
240000 10069 133.41 105064.193 104.525 1.2212 0.0 
241000 10076 135.461 105807.583 105.55 1.2402 0.0 
242000 10084 134.47 106656.235 106.059 1.2288 0.0 
243000 10095 125.664 107538.531 100.789 1.1436 0.0 
244000 10105 119.471 108474.776 98.093 1.0903 0.0 
245000 10116 115.245 109349.752 95.578 1.0515 0.0 
246000 10127 110.606 110269.227 93.527 1.0085 0.0 
247000 10139 104.695 111227.477 90.535 0.9547 0.0 
248000 10149 103.32 112155.879 90.417 0.9413 0.0 
249000 10159 100.75 113030.796 89.165 0.9209 0.0 
250000 10166 107.015 113838.775 92.333 0.977 0.0 
251000 10178 102.637 114773.093 90.0 0.933 0.0 
252000 10190 98.613 115690.062 87.106 0.8979 0.0 
253000 10199 100.462 116499.553 87.387 0.9136 0.0 
254000 10204 109.74 117201.823 92.448 0.989 0.0 
255000 10208 118.808 117928.206 97.771 1.0695 0.0 
256000 10220 112.107 118857.803 93.972 1.0154 0.0 
257000 10231 108.828 119757.12 92.735 0.9842 0.0 
258000 10242 104.266 120670.19 90.368 0.94 0.0 
259000 10246 116.242 121378.343 97.306 1.0494 0.0 
260000 10256 112.651 122301.738 95.622 1.0158 0.0 
261000 10257 112.558 122907.103 95.818 1.0134 0.0 
262000 10269 121.366 123848.466 101.098 1.0935 0.0 
263000 10275 116.863 124634.664 98.879 1.0514 0.0 
264000 10278 139.307 125253.615 110.825 1.2638 0.0 
265000 10291 124.909 126184.997 101.808 1.1323 0.0 
266000 10304 113.446 127137.085 94.851 1.0285 0.0 
267000 10310 118.755 127912.75 98.044 1.0815 0.0 
268000 10322 112.271 128837.058 94.695 1.018 0.0 
269000 10335 103.646 129814.502 89.718 0.936 0.0 
270000 10345 100.882 130690.386 88.541 0.9137 0.0 
271000 10355 101.295 131619.728 88.899 0.9165 0.0 
272000 10367 98.47 132529.74 87.031 0.888 0.0 
273000 10376 100.03 133408.591 88.227 0.903 0.0 
274000 10388 96.333 134318.859 85.453 0.8779 0.0 
275000 10400 93.884 135245.599 83.976 0.8612 0.0 
276000 10413 90.435 136211.993 82.247 0.8352 0.0 
277000 10424 89.469 137163.136 81.967 0.8296 0.0 
278000 10436 88.827 138096.4 81.878 0.8237 0.0 
279000 10446 89.862 139017.988 82.632 0.8356 0.0 
280000 10458 90.077 139942.466 83.044 0.8365 0.0 
281000 10469 89.151 140889.645 82.58 0.8223 0.0 
282000 10481 87.927 141822.116 81.582 0.8087 0.0 
283000 10493 87.215 142762.191 81.004 0.7949 0.0 
284000 10507 83.844 143722.0 78.602 0.7647 0.0 
285000 10520 82.265 144637.586 76.61 0.7521 0.0 
286000 10535 78.658 145643.093 74.565 0.7182 0.0 
287000 10547 78.597 146622.628 74.898 0.7164 0.0 
288000 10561 77.004 147609.067 74.154 0.703 0.0 
289000 10575 75.889 148577.683 73.203 0.6913 0.0 
290000 10590 73.838 149563.555 71.596 0.6752 0.0 
291000 10605 71.247 150588.657 69.838 0.653 0.0 
292000 10620 70.642 151604.444 70.064 0.649 0.0 
293000 10633 72.177 152584.995 71.365 0.6599 0.0 
294000 10647 71.39 153605.867 71.102 0.6468 0.0 
295000 10661 71.518 154625.441 71.636 0.6447 0.0 
296000 10676 70.4 155651.765 70.955 0.6333 0.0 
297000 10690 70.507 156653.027 70.908 0.6344 0.0 
298000 10705 69.833 157674.033 70.533 0.6268 0.0 
299000 10718 71.098 158656.356 71.365 0.6389 0.0 
300000 10730 73.825 159611.708 73.258 0.6634 0.0 
301000 10743 74.557 160580.799 73.608 0.6642 0.0 
302000 10751 78.003 161419.597 75.594 0.6965 0.0 
303000 10760 87.854 162301.622 82.372 0.7813 0.0 
304000 10768 93.42 163161.018 86.161 0.8331 0.0 
305000 10774 98.765 163973.958 89.655 0.8828 0.0 
306000 10779 107.234 164762.161 95.195 0.9612 0.0 
307000 10781 124.967 165457.326 106.605 1.1178 0.0 
308000 10787 130.246 166228.034 109.473 1.1695 0.0 
309000 10788 142.762 166882.54 117.361 1.2811 0.0 
310000 10790 162.059 167575.353 129.804 1.4571 0.0 
311000 10791 168.538 168216.326 133.809 1.5124 0.0 
312000 10792 183.607 168723.241 141.3 1.6445 0.0 
313000 10793 199.935 169224.667 148.196 1.7959 0.0 
314000 10794 215.937 169719.036 155.155 1.9404 0.0 
315000 10795 231.098 170282.714 161.664 2.0679 0.0 
316000 10798 243.107 170999.747 170.401 2.1711 0.0 
317000 10799 258.245 171513.795 177.346 2.309 0.0 
318000 10803 263.685 172216.368 181.001 2.364 0.0 
319000 10805 270.682 172863.406 184.98 2.431 0.0 
320000 10806 269.709 173487.765 184.573 2.4221 0.0 
321000 10808 292.388 174146.23 198.081 2.6299 0.0 
322000 10810 294.61 174805.366 199.611 2.6494 0.0 
323000 10813 305.226 175406.088 204.865 2.7457 0.0 
324000 10814 316.481 176088.704 212.68 2.8505 0.0 
325000 10816 324.666 176778.978 218.454 2.9257 0.0 
326000 10817 325.972 177434.883 219.727 2.9403 0.0 
327000 10819 340.284 178087.416 228.554 3.0586 0.0 
328000 10820 353.478 178728.366 236.934 3.1819 0.0 
329000 10821 366.409 179310.041 243.615 3.2938 0.0 
330000 10822 379.08 179911.688 251.457 3.4166 0.0 
331000 10823 391.099 180543.407 258.358 3.5262 0.0 
332000 10826 395.167 181153.284 259.931 3.5699 0.0 
333000 10827 407.264 181756.002 266.764 3.6784 0.0 
334000 10828 419.119 182360.188 273.546 3.7859 0.0 
335000 10829 430.736 182969.058 280.221 3.8899 0.0 
336000 10830 442.122 183581.541 286.812 3.991 0.0 
337000 10832 442.633 184185.396 286.711 3.9954 0.0 
338000 10839 400.067 184763.527 257.858 3.6129 0.0 
339000 10846 369.727 185245.235 235.112 3.3361 0.0 
340000 10851 351.943 185923.489 224.159 3.1738 0.0 
341000 10861 308.106 186538.471 196.064 2.7784 0.0 
342000 10864 298.579 187130.112 189.443 2.6912 0.0 
343000 10868 302.34 187787.444 192.19 2.7237 0.0 
344000 10870 302.961 188416.402 192.425 2.727 0.0 
345000 10872 319.724 189016.816 202.375 2.8725 0.0 
346000 10874 322.948 189624.708 203.857 2.8985 0.0 
347000 10875 324.069 190268.896 204.953 2.9107 0.0 
348000 10879 334.713 190885.739 211.021 3.0091 0.0 
349000 10880 337.139 191511.486 212.86 3.0302 0.0 
350000 10883 347.029 192205.451 219.861 3.121 0.0 
351000 10884 354.269 192849.362 224.672 3.1871 0.0 
352000 10886 357.97 193510.716 227.624 3.2155 0.0 
353000 10889 364.042 194170.338 231.825 3.2684 0.0 
354000 10892 361.061 194836.03 230.448 3.2416 0.0 
355000 10893 359.18 195476.766 229.734 3.226 0.0 
356000 10894 371.996 196133.713 237.825 3.3445 0.0 
357000 10896 390.783 196810.186 250.73 3.5132 0.0 
358000 10897 396.868 197465.187 254.821 3.5691 0.0 
359000 10899 403.925 198133.999 260.044 3.6276 0.0 
360000 10900 413.706 198797.758 266.75 3.7213 0.0 
361000 10902 421.458 199468.717 272.134 3.7912 0.0 
362000 10904 420.681 200142.698 272.246 3.7799 0.0 
363000 10905 425.987 200775.577 275.789 3.8283 0.0 
364000 10906 433.267 201433.437 280.341 3.8907 0.0 
365000 10908 448.752 202087.802 290.495 4.0287 0.0 
366000 10909 459.777 202697.624 297.015 4.1297 0.0 
367000 10910 463.462 203347.255 299.338 4.1669 0.0 
368000 10911 474.192 203963.304 305.899 4.2661 0.0 
369000 10912 484.709 204579.777 312.281 4.3649 0.0 
370000 10913 492.054 205204.89 316.59 4.4294 0.0 
371000 10915 504.009 205876.103 324.265 4.5394 0.0 
372000 10916 512.429 206512.09 329.758 4.6149 0.0 
373000 10917 522.18 207125.755 335.499 4.7087 0.0 
374000 10919 523.162 207772.276 335.99 4.7176 0.0 
375000 10920 532.698 208390.571 341.674 4.8063 0.0 
376000 10922 521.718 209064.96 335.689 4.7102 0.0 
377000 10925 517.494 209749.205 333.458 4.6765 0.0 
378000 10928 506.429 210463.886 327.48 4.5744 0.0 
379000 10933 481.625 211266.077 314.496 4.3519 0.0 
380000 10940 435.652 212120.579 288.085 3.9382 0.0 
381000 10944 422.813 212879.745 281.714 3.8175 0.0 
382000 10950 393.002 213709.483 264.832 3.5477 0.0 
383000 10953 389.833 214408.662 263.127 3.5179 0.0 
384000 10958 364.273 215188.466 248.638 3.2857 0.0 
385000 10960 363.909 215832.773 248.527 3.2828 0.0 
386000 10965 354.077 216563.16 241.969 3.1934 0.0 
387000 10972 330.768 217447.943 229.099 2.9782 0.0 
388000 10973 327.992 218033.37 227.582 2.9517 0.0 
389000 10979 325.388 218813.002 225.209 2.9265 0.0 
390000 10986 297.718 219697.953 209.721 2.6764 0.0 
391000 10988 306.425 220285.609 213.869 2.7601 0.0 
392000 10989 320.297 220854.261 220.925 2.8926 0.0 
393000 10992 323.21 221601.962 223.683 2.9091 0.0 
394000 10993 336.485 222162.727 230.263 3.0268 0.0 
395000 10994 349.756 222781.741 238.004 3.1446 0.0 
396000 10995 345.501 223346.7 235.576 3.1093 0.0 
397000 11003 329.036 224187.538 225.299 2.9646 0.0 
398000 11010 303.927 225075.929 211.683 2.7434 0.0 
399000 11014 289.083 225860.22 203.392 2.6142 0.0 
400000 11015 303.301 226483.061 212.981 2.7405 0.0 
401000 11017 322.03 226991.768 220.88 2.9086 0.0 
402000 11020 308.414 227784.602 213.308 2.7848 0.0 
403000 11024 311.246 228506.275 216.778 2.8032 0.0 
404000 11029 306.277 229229.652 213.377 2.7547 0.0 
405000 11035 282.164 230066.118 199.668 2.5344 0.0 
406000 11037 293.231 230728.732 206.407 2.6392 0.0 
407000 11041 294.777 231442.31 207.284 2.6534 0.0 
408000 11042 308.881 232121.208 216.484 2.7791 0.0 
409000 11048 287.809 232926.41 204.286 2.5876 0.0 
410000 11053 282.206 233680.306 200.704 2.5364 0.0 
411000 11054 296.562 234231.658 207.541 2.6715 0.0 
412000 11055 310.63 234786.054 214.713 2.7981 0.0 
413000 11056 324.418 235312.696 220.784 2.9231 0.0 
414000 11062 308.224 236150.827 213.109 2.7791 0.0 
415000 11066 303.082 236926.275 210.919 2.7335 0.0 
416000 11067 311.84 237613.733 216.873 2.8142 0.0 
417000 11070 315.61 238339.246 220.179 2.8508 0.0 
418000 11071 325.717 239063.801 227.796 2.9395 0.0 
419000 11073 329.499 239792.789 231.232 2.9752 0.0 
420000 11075 341.751 240514.098 239.895 3.0799 0.0 
421000 11076 347.856 241202.287 244.155 3.1386 0.0 
422000 11077 360.899 241894.405 252.978 3.2578 0.0 
423000 11078 369.001 242573.58 258.99 3.3326 0.0 
424000 11079 381.621 243216.913 266.954 3.445 0.0 
425000 11080 393.989 243872.988 274.375 3.5536 0.0 
426000 11083 403.556 244604.653 280.954 3.6391 0.0 
427000 11085 407.904 245303.837 284.08 3.6775 0.0 
428000 11086 419.746 245993.126 292.044 3.7863 0.0 
429000 11087 431.351 246683.995 300.045 3.8958 0.0 
430000 11089 432.489 247386.397 301.371 3.9026 0.0 
431000 11092 424.922 248116.966 297.047 3.8325 0.0 
432000 11093 423.464 248794.921 295.78 3.82 0.0 
433000 11094 434.995 249480.577 303.308 3.9202 0.0 
434000 11095 445.315 250152.597 310.445 4.0139 0.0 
435000 11096 456.409 250806.308 317.328 4.1126 0.0 
436000 11097 467.28 251495.626 324.307 4.2132 0.0 
437000 11099 481.336 252180.303 333.759 4.3458 0.0 
438000 11104 458.302 252973.803 319.459 4.1424 0.0 
439000 11107 446.356 253735.9 312.46 4.0327 0.0 
440000 11110 440.448 254508.205 309.528 3.9734 0.0 
441000 11113 435.482 255259.149 307.163 3.9279 0.0 
442000 11114 434.473 255948.026 306.873 3.9164 0.0 
443000 11116 441.428 256641.887 311.322 3.9765 0.0 
444000 11117 449.999 257282.456 315.981 4.0458 0.0 
445000 11120 451.165 258036.293 317.265 4.0515 0.0 
446000 11125 432.322 258803.246 305.615 3.8863 0.0 
447000 11126 435.276 259513.042 307.847 3.9123 0.0 
448000 11127 440.27 260226.491 311.457 3.9617 0.0 
449000 11128 450.205 260941.858 318.678 4.0458 0.0 
450000 11132 449.352 261710.246 319.155 4.0382 0.0 
451000 11133 458.985 262339.088 324.183 4.1191 0.0 
