1000 1 20.0 280.612 5.612 0.0477 0.0 
2000 2 39.6 534.825 10.584 0.094 0.0 
3000 3 58.808 813.907 15.954 0.1395 0.0 
4000 4 77.632 1090.374 21.164 0.1842 0.0 
5000 5 96.079 1362.799 26.19 0.2278 0.0 
6000 6 114.158 1610.48 30.619 0.2708 0.0 
7000 7 131.874 1847.392 34.745 0.3128 0.0 
8000 8 149.237 2148.824 40.079 0.3537 0.0 
9000 9 166.252 2418.536 44.672 0.394 0.0 
10000 10 182.927 2699.636 49.4 0.4337 0.0 
11000 11 189.909 3031.928 52.028 0.4501 0.0 
12000 12 206.11 3264.135 56.346 0.4886 0.0 
13000 13 221.988 3569.862 59.93 0.5263 0.0 
14000 14 237.549 3949.095 64.897 0.5633 0.0 
15000 15 252.798 4246.181 71.482 0.5991 0.0 
16000 16 267.742 4533.809 75.746 0.6345 0.0 
17000 17 282.387 4776.067 79.739 0.6693 0.0 
18000 18 296.739 5050.289 83.474 0.7033 0.0 
19000 19 310.804 5375.604 87.137 0.7368 0.0 
20000 20 324.588 5719.558 92.477 0.7694 0.0 
21000 21 332.596 6067.386 95.898 0.7882 0.0 
22000 22 345.944 6324.321 100.511 0.8197 0.0 
23000 23 359.026 6574.764 103.69 0.8509 0.0 
24000 24 371.845 6846.713 106.827 0.8815 0.0 
25000 26 383.4 7113.073 109.7 0.9091 0.0 
26000 27 395.732 7391.872 112.464 0.9385 0.0 
27000 28 407.817 7656.303 115.887 0.9672 0.0 
28000 29 419.661 7923.876 118.608 0.9955 0.0 
29000 30 431.268 8202.592 121.383 1.0232 0.0 
30000 31 440.502 8508.99 125.269 1.0449 0.0 
31000 32 451.692 8764.795 127.903 1.0714 0.0 
32000 33 462.659 9057.789 130.809 1.0974 0.0 
33000 34 473.405 9415.793 134.023 1.1229 0.0 
34000 35 483.937 9680.217 138.569 1.1478 0.0 
35000 36 494.259 9949.119 140.515 1.1723 0.0 
36000 37 504.373 10223.096 143.474 1.1963 0.0 
37000 38 514.286 10567.257 146.567 1.2198 0.0 
38000 39 524.0 10817.6 149.628 1.2429 0.0 
39000 40 533.52 11084.008 151.642 1.2655 0.0 
40000 41 542.85 11367.122 154.193 1.2879 0.0 
41000 42 551.993 11670.416 156.896 1.3097 0.0 
42000 43 560.953 11955.685 159.932 1.3309 0.0 
43000 44 569.734 12224.812 162.281 1.3516 0.0 
44000 45 578.339 12468.572 164.056 1.372 0.0 
45000 46 586.772 12760.105 165.876 1.3921 0.0 
46000 48 585.836 13073.509 166.121 1.3904 0.0 
47000 49 594.119 13430.588 169.264 1.4103 0.0 
48000 50 602.237 13735.421 173.219 1.4295 0.0 
49000 52 605.228 14076.426 175.383 1.4363 0.0 
50000 53 613.124 14399.25 178.345 1.455 0.0 
51000 54 620.861 14781.727 182.44 1.473 0.0 
52000 55 628.444 15062.77 184.384 1.4909 0.0 
53000 56 635.875 15335.388 186.207 1.5086 0.0 
54000 57 643.158 15616.001 188.076 1.5259 0.0 
55000 58 650.295 15871.527 189.409 1.5433 0.0 
56000 59 657.289 16136.252 190.968 1.5599 0.0 
57000 60 664.143 16438.239 193.145 1.576 0.0 
58000 61 670.86 16719.188 194.902 1.592 0.0 
59000 62 677.443 17008.331 196.799 1.6076 0.0 
60000 63 683.894 17307.673 198.84 1.623 0.0 
61000 64 690.216 17730.437 203.318 1.638 0.0 
62000 65 696.412 18009.477 204.733 1.6528 0.0 
63000 66 702.484 18280.274 206.128 1.6673 0.0 
64000 67 708.434 18569.291 207.747 1.6814 0.0 
65000 68 714.265 18822.677 208.698 1.6954 0.0 
66000 69 719.98 19192.219 211.936 1.7088 0.0 
67000 70 725.58 19417.944 212.185 1.7222 0.0 
68000 71 731.069 19645.826 212.457 1.7353 0.0 
69000 72 736.447 20010.474 215.579 1.748 0.0 
70000 73 741.718 20294.041 216.904 1.7604 0.0 
71000 74 746.884 20555.26 217.779 1.7728 0.0 
72000 75 751.946 20931.778 220.995 1.7848 0.0 
73000 76 756.907 21293.958 223.792 1.7965 0.0 
74000 77 761.769 21544.208 224.353 1.8081 0.0 
75000 78 756.454 21812.479 223.137 1.7954 0.0 
76000 79 761.325 22081.918 222.571 1.8073 0.0 
77000 80 766.098 22376.721 223.772 1.8187 0.0 
78000 81 770.776 22649.465 225.203 1.8298 0.0 
79000 82 775.361 22931.52 226.314 1.8408 0.0 
80000 83 779.854 23245.4 227.565 1.8517 0.0 
81000 84 784.257 23494.421 228.836 1.8646 0.0 
82000 86 779.2 23778.59 226.315 1.8584 0.0 
83000 87 783.616 24059.267 227.875 1.8713 0.0 
84000 88 787.944 24366.632 229.335 1.8839 0.0 
85000 89 792.185 24659.14 230.59 1.8963 0.0 
86000 90 796.341 24922.858 231.656 1.9084 0.0 
87000 91 786.234 25251.974 228.982 1.8849 0.0 
88000 92 790.51 25580.483 231.051 1.897 0.0 
89000 93 794.699 25833.333 232.91 1.9087 0.0 
90000 94 798.805 26143.981 233.224 1.9203 0.0 
91000 95 802.829 26401.04 234.869 1.9316 0.0 
92000 96 806.773 26709.405 235.302 1.9428 0.0 
93000 98 807.245 27088.466 237.165 1.9464 0.0 
94000 99 811.1 27370.684 237.113 1.9573 0.0 
95000 100 814.878 27787.356 240.55 1.9675 0.0 
96000 101 818.58 28033.943 242.37 1.9776 0.0 
97000 102 822.208 28318.295 242.207 1.9879 0.0 
98000 103 825.764 28581.412 242.717 1.9979 0.0 
99000 104 829.249 28859.881 243.729 2.008 0.0 
100000 105 832.664 29140.101 244.398 2.0179 0.0 
101000 106 836.011 29430.112 245.349 2.8499 0.0 
102000 107 839.291 29694.184 246.164 3.9597 0.0 
103000 108 842.505 29999.218 246.915 5.0745 0.0 
104000 109 845.655 30292.966 248.292 6.1435 0.0 
105000 110 848.742 30584.453 249.083 7.1993 0.0 
106000 111 851.767 30918.939 250.371 8.2275 0.0 
107000 112 854.731 31251.992 252.347 9.2367 0.0 
108000 119 764.636 31498.847 224.977 9.3502 0.0 
109000 163 327.865 31552.586 93.29 4.6443 0.0 
110000 198 172.616 31660.738 46.662 2.9422 0.0 
111000 200 189.081 32002.281 52.317 4.2013 0.0 
112000 202 201.593 32460.48 59.328 5.2345 0.0 
113000 217 160.327 32869.11 47.915 4.541 0.0 
114000 226 155.046 33272.632 49.075 5.0593 0.0 
115000 227 157.965 33743.407 50.673 5.3215 0.0 
116000 231 167.567 34189.381 57.032 6.1968 0.0 
117000 247 147.373 34570.296 51.786 6.0315 0.0 
118000 259 131.125 35028.28 47.47 5.6449 0.0 
119000 260 148.502 35496.86 56.247 6.7154 0.0 
120000 262 150.548 36003.677 57.38 6.9256 0.0 
121000 268 164.622 36453.953 66.029 8.0016 0.0 
122000 273 161.29 36856.548 64.542 7.9772 0.0 
123000 290 134.503 37224.524 53.43 6.8515 0.0 
124000 298 132.823 37659.269 53.21 6.9199 0.0 
125000 300 135.974 38214.756 54.917 7.1493 0.0 
126000 312 134.092 38667.793 57.206 7.2437 0.0 
127000 314 133.486 39145.587 56.987 7.2411 0.0 
128000 316 148.88 39543.656 64.517 8.1911 0.0 
129000 328 146.948 39966.526 62.995 8.2217 0.0 
130000 331 150.318 40407.728 64.369 8.4512 0.0 
131000 332 167.312 40890.498 71.786 9.4821 0.0 
132000 333 183.966 41295.548 79.774 10.487 0.0 
133000 334 200.287 41717.323 86.498 11.4632 0.0 
134000 335 216.281 42151.966 92.605 12.4217 0.0 
135000 336 231.955 42707.899 101.917 13.3588 0.0 
136000 337 247.316 43209.887 109.937 14.2829 0.0 
137000 338 262.37 43652.618 117.19 15.1955 0.0 
138000 339 277.122 44073.628 123.248 16.0724 0.0 
139000 340 291.58 44530.548 129.139 16.9478 0.0 
140000 341 305.748 44986.709 135.757 17.7943 0.0 
141000 342 319.633 45411.692 142.133 18.626 0.0 
142000 343 333.241 45853.487 147.875 19.4527 0.0 
143000 344 346.576 46312.298 153.791 20.2551 0.0 
144000 345 359.644 46755.444 159.351 21.0324 0.0 
145000 346 372.451 47220.495 166.69 21.7968 0.0 
146000 347 385.002 47671.685 171.201 22.5542 0.0 
147000 348 397.302 48121.82 176.508 23.2888 0.0 
148000 349 409.356 48558.451 182.514 24.025 0.0 
149000 350 421.169 48966.19 187.36 24.7354 0.0 
150000 351 432.746 49390.065 192.275 25.4353 0.0 
151000 352 444.091 49866.506 196.985 26.1166 0.0 
152000 353 455.209 50281.301 202.222 26.7811 0.0 
153000 355 459.563 50687.331 203.539 27.0474 0.0 
154000 356 470.372 51010.508 205.684 27.7131 0.0 
155000 357 480.964 51400.482 208.442 28.3508 0.0 
156000 358 491.345 51953.835 215.364 28.9852 0.0 
157000 359 501.518 52306.034 219.039 29.6072 0.0 
158000 360 511.488 52613.236 221.13 30.2135 0.0 
159000 361 521.258 52994.845 223.556 30.8074 0.0 
160000 362 530.833 53528.574 230.161 31.3798 0.0 
161000 363 540.216 54077.954 236.069 31.9523 0.0 
162000 364 549.412 54589.053 242.148 32.5038 0.0 
163000 365 558.423 55132.396 247.695 33.0396 0.0 
164000 366 567.255 55760.609 255.299 33.565 0.0 
165000 367 568.21 56266.067 257.888 33.6243 0.0 
166000 368 576.846 56744.451 259.94 34.1385 0.0 
167000 369 585.309 57190.061 265.842 34.6336 0.0 
168000 370 593.603 57558.461 268.128 35.1236 0.0 
169000 371 601.731 57992.256 270.416 35.61 0.0 
170000 372 609.696 58333.22 273.428 36.085 0.0 
171000 373 617.502 58877.157 275.128 36.5524 0.0 
172000 374 625.152 59289.275 280.399 37.0187 0.0 
173000 375 632.649 59660.451 282.996 37.4576 0.0 
174000 376 639.996 60163.467 284.978 37.8975 0.0 
175000 377 647.196 60457.594 288.255 38.3302 0.0 
176000 378 654.252 60939.425 288.793 38.7699 0.0 
177000 379 661.167 61357.434 294.706 39.183 0.0 
178000 380 667.944 61704.743 295.478 39.5812 0.0 
179000 381 674.585 62074.522 295.992 39.979 0.0 
180000 382 681.093 62565.358 298.397 40.3736 0.0 
181000 383 687.471 63010.004 302.113 40.7705 0.0 
182000 384 693.722 63509.617 305.169 41.1489 0.0 
183000 385 699.847 63986.467 308.838 41.5169 0.0 
184000 386 705.851 64365.73 313.048 41.8827 0.0 
185000 387 711.733 64821.257 313.098 42.2496 0.0 
186000 388 717.499 65238.132 317.498 42.5992 0.0 
187000 389 723.149 65582.56 317.771 42.9458 0.0 
188000 390 728.686 65941.138 318.901 43.2765 0.0 
189000 391 734.112 66454.645 319.557 43.5936 0.0 
190000 392 739.43 66966.251 325.957 43.9067 0.0 
191000 393 744.641 67328.101 327.045 44.2198 0.0 
192000 394 749.748 67760.931 327.955 44.522 0.0 
193000 395 754.754 68175.061 330.701 44.8263 0.0 
194000 396 759.658 68706.082 331.651 45.1224 0.0 
195000 397 764.465 69105.069 336.045 45.4153 0.0 
196000 398 769.176 69574.231 336.72 45.7004 0.0 
197000 400 761.777 70120.105 336.541 45.2555 0.0 
198000 401 766.541 70616.564 339.639 45.5353 0.0 
199000 402 771.21 71128.84 342.998 45.8261 0.0 
200000 403 775.786 71611.358 346.594 46.1093 0.0 
201000 404 780.27 72104.801 348.283 46.3765 0.0 
202000 405 784.665 72531.942 350.125 46.6441 0.0 
203000 406 788.972 72926.677 351.48 46.8981 0.0 
204000 407 793.192 73370.954 354.089 47.1584 0.0 
205000 408 797.328 73697.733 353.681 47.4015 0.0 
206000 409 801.382 74172.213 355.248 47.6342 0.0 
207000 411 792.207 74775.286 353.402 47.0907 0.0 
208000 412 796.363 75220.998 356.812 47.3457 0.0 
209000 413 800.436 75586.92 355.711 47.593 0.0 
210000 414 804.427 76066.011 359.801 47.8335 0.0 
211000 415 808.338 76318.765 357.804 48.0675 0.0 
212000 416 812.172 76584.613 356.269 48.2881 0.0 
213000 417 815.928 76936.001 353.798 48.5163 0.0 
214000 418 819.61 77449.736 358.063 48.7271 0.0 
215000 419 823.217 77944.869 361.08 48.9538 0.0 
216000 420 826.753 78316.251 360.914 49.1602 0.0 
217000 421 830.218 78699.412 361.69 49.3586 0.0 
218000 422 833.614 79113.632 362.706 49.5775 0.0 
219000 423 836.941 79534.365 364.085 49.7897 0.0 
220000 424 840.203 79966.191 365.278 49.9844 0.0 
221000 425 843.399 80402.394 365.883 50.1692 0.0 
222000 426 846.531 80899.684 369.855 50.3608 0.0 
223000 427 849.6 81273.18 369.849 50.5486 0.0 
224000 428 852.608 81693.952 369.93 50.7208 0.0 
225000 429 855.556 82282.585 373.712 50.8995 0.0 
226000 430 858.445 82848.856 378.317 51.0751 0.0 
227000 431 851.176 83306.163 375.326 50.6383 0.0 
228000 432 854.152 83676.08 376.978 50.8144 0.0 
229000 433 857.069 84103.448 376.63 50.985 0.0 
230000 434 859.928 84649.821 377.818 51.1709 0.0 
231000 435 862.729 85255.665 381.758 51.3391 0.0 
232000 436 865.475 85848.59 386.262 51.5093 0.0 
233000 437 868.165 86417.963 390.573 51.6829 0.0 
234000 438 870.802 86977.758 394.504 51.8385 0.0 
235000 439 873.386 87466.83 396.902 51.9904 0.0 
236000 440 875.918 88101.814 399.434 52.1314 0.0 
237000 441 878.4 88718.992 403.786 52.2937 0.0 
238000 442 880.832 89353.547 408.216 52.441 0.0 
239000 443 883.215 89966.373 413.108 52.5766 0.0 
240000 444 885.551 90551.91 416.507 52.7291 0.0 
241000 445 887.84 91197.317 419.627 52.8661 0.0 
242000 446 890.083 91808.581 424.888 52.9981 0.0 
243000 447 892.281 92449.951 428.289 53.0895 0.0 
244000 448 894.436 93058.366 432.809 53.1635 0.0 
245000 449 896.547 93725.989 435.807 53.2332 0.0 
246000 450 898.616 94367.351 440.52 53.3116 0.0 
247000 451 900.644 95006.688 444.847 53.3717 0.0 
248000 452 902.631 95558.528 448.513 53.4317 0.0 
249000 453 904.578 96008.908 450.27 53.4836 0.0 
250000 454 906.487 96612.798 450.166 53.5371 0.0 
251000 455 908.357 97295.574 454.91 53.6159 0.0 
252000 456 910.19 97777.102 457.748 53.6923 0.0 
253000 457 911.986 98338.305 457.723 53.7856 0.0 
254000 458 913.746 98928.107 460.466 53.8854 0.0 
255000 459 915.471 99638.326 463.391 53.9865 0.0 
256000 460 917.162 100291.503 468.415 54.0777 0.0 
257000 461 918.819 101000.775 471.994 54.1652 0.0 
258000 462 920.442 101666.434 477.054 54.2553 0.0 
259000 463 922.033 102383.688 480.81 54.3503 0.0 
260000 464 923.593 103037.019 485.776 54.4369 0.0 
261000 465 925.121 103784.453 488.881 54.5233 0.0 
262000 466 926.619 104450.365 493.999 54.6114 0.0 
263000 467 928.086 105058.71 497.163 54.6928 0.0 
264000 468 929.524 105641.084 499.1 54.7722 0.0 
265000 469 930.934 106227.037 500.799 54.8568 0.0 
266000 470 932.315 106888.122 502.42 54.9401 0.0 
267000 472 926.036 107431.282 501.801 54.5686 0.0 
268000 473 927.515 107873.383 500.339 54.6592 0.0 
269000 474 928.965 108585.752 503.421 54.7426 0.0 
270000 475 930.385 109142.078 504.64 54.8213 0.0 
271000 476 931.778 109835.799 509.065 54.9037 0.0 
272000 477 933.142 110384.315 509.6 54.9856 0.0 
273000 478 934.479 111060.007 512.275 55.063 0.0 
274000 479 935.79 111739.182 516.07 55.1398 0.0 
275000 480 937.074 112400.857 519.068 55.2134 0.0 
276000 481 938.332 113085.896 522.249 55.2864 0.0 
277000 482 939.566 113729.921 525.013 55.3552 0.0 
278000 483 940.774 114412.817 527.659 55.4266 0.0 
279000 484 941.959 115073.058 530.2 55.491 0.0 
280000 485 943.12 115663.348 531.911 55.554 0.0 
281000 486 944.257 116364.226 535.22 55.6246 0.0 
282000 487 945.372 116890.161 534.897 55.6907 0.0 
283000 488 946.465 117571.062 537.528 55.7538 0.0 
284000 489 947.535 118248.603 541.012 55.8141 0.0 
285000 490 948.585 118820.889 541.15 55.8738 0.0 
286000 491 949.613 119521.442 544.508 55.9276 0.0 
287000 492 950.621 120160.925 546.119 55.98 0.0 
288000 493 951.608 120868.562 549.455 56.0348 0.0 
289000 494 952.576 121487.934 551.558 56.0803 0.0 
290000 496 936.934 121982.754 541.331 55.1527 0.0 
291000 497 938.195 122580.496 541.707 55.2319 0.0 
292000 498 939.432 123246.148 543.696 55.3061 0.0 
293000 499 940.643 123925.323 547.267 55.3808 0.0 
294000 500 941.83 124628.999 550.023 55.4518 0.0 
295000 501 942.993 125351.032 553.241 55.5206 0.0 
296000 502 944.134 125929.179 552.837 55.584 0.0 
297000 503 945.251 126631.696 556.878 55.6552 0.0 
298000 504 946.346 127448.791 562.13 55.7139 0.0 
299000 505 947.419 128043.852 562.476 55.778 0.0 
300000 506 948.471 128774.727 566.59 55.8323 0.0 
301000 507 949.501 129456.076 569.05 55.8932 0.0 
302000 508 950.511 130234.396 572.223 55.9439 0.0 
303000 509 951.501 130859.715 573.359 56.002 0.0 
304000 510 952.471 131614.597 577.269 56.0624 0.0 
305000 511 953.422 132267.638 579.643 56.118 0.0 
306000 512 954.353 132907.026 579.793 56.1738 0.0 
307000 513 955.266 133575.089 581.934 56.2293 0.0 
308000 514 956.161 134195.983 582.622 56.289 0.0 
309000 515 957.038 134870.95 584.479 56.3371 0.0 
310000 516 957.897 135498.654 585.724 56.3859 0.0 
311000 517 958.739 135884.535 581.551 56.4369 0.0 
312000 518 959.564 136337.346 579.05 56.4873 0.0 
313000 519 960.373 136933.665 579.204 56.5361 0.0 
314000 520 961.165 137641.067 581.872 56.5792 0.0 
315000 521 961.942 138314.237 583.199 56.6275 0.0 
316000 522 962.703 138993.093 585.128 56.6694 0.0 
317000 523 963.449 139533.51 584.922 56.7157 0.0 
318000 524 964.18 140313.581 588.472 56.7594 0.0 
319000 525 964.897 140952.404 589.377 56.8022 0.0 
320000 526 965.599 141694.56 592.415 56.8415 0.0 
321000 527 966.287 142408.971 594.55 56.8813 0.0 
322000 528 966.961 143131.677 597.21 56.9201 0.0 
323000 529 967.622 143919.934 600.819 56.9594 0.0 
324000 530 968.269 144728.34 605.256 56.9985 0.0 
325000 531 968.904 145365.923 606.164 57.0406 0.0 
326000 532 969.526 146115.3 608.468 57.0806 0.0 
327000 533 970.135 146808.227 610.362 57.1149 0.0 
328000 534 970.733 147392.699 609.945 57.1474 0.0 
329000 535 971.318 148007.833 609.914 57.1776 0.0 
330000 536 971.892 148578.231 609.461 57.2049 0.0 
331000 537 972.454 149297.511 611.233 57.2379 0.0 
332000 538 973.005 150012.18 613.856 57.2655 0.0 
333000 539 973.545 150725.175 615.646 57.2961 0.0 
334000 540 974.074 151540.5 619.333 57.3242 0.0 
335000 541 974.592 152289.842 622.026 57.3603 0.0 
336000 542 975.1 152932.646 622.427 57.3916 0.0 
337000 543 975.598 153551.909 622.616 57.4181 0.0 
338000 544 976.086 154040.598 619.938 57.4463 0.0 
339000 545 976.565 154572.775 617.333 57.4776 0.0 
340000 546 977.033 155029.186 615.377 57.5072 0.0 
341000 547 977.493 155706.909 616.724 57.534 0.0 
342000 548 977.943 156081.186 611.627 57.5575 0.0 
343000 549 978.384 156595.909 610.053 57.5858 0.0 
344000 550 978.816 157281.413 610.768 57.6135 0.0 
345000 551 979.24 157949.404 612.003 57.6394 0.0 
346000 552 979.655 158652.508 613.707 57.6631 0.0 
347000 553 980.062 159347.228 615.421 57.6911 0.0 
348000 554 980.461 159956.062 615.259 57.7118 0.0 
349000 555 980.852 160600.681 615.825 57.7302 0.0 
350000 556 981.235 161323.311 618.36 57.7529 0.0 
351000 557 981.61 162118.057 621.633 57.7693 0.0 
352000 558 981.978 162711.145 621.103 57.7901 0.0 
353000 559 982.338 163472.2 623.784 57.8052 0.0 
354000 560 982.691 164122.907 624.157 57.8228 0.0 
355000 561 983.038 164666.829 622.908 57.8413 0.0 
356000 562 983.377 165343.868 623.691 57.8597 0.0 
357000 563 983.709 165905.215 622.191 57.8834 0.0 
358000 564 984.035 166592.64 623.788 57.9005 0.0 
359000 565 984.354 167297.036 626.085 57.9156 0.0 
360000 566 984.667 167943.826 625.455 57.9352 0.0 
361000 567 984.974 168702.176 629.038 57.9509 0.0 
362000 568 985.274 169360.48 630.04 57.9711 0.0 
363000 569 985.569 170165.665 632.458 57.9871 0.0 
364000 570 985.858 170768.884 631.997 58.0011 0.0 
365000 571 986.14 171461.824 633.79 58.0226 0.0 
366000 572 986.418 172182.871 635.285 58.0401 0.0 
367000 573 986.689 172880.518 635.867 58.0601 0.0 
368000 574 986.955 173652.11 638.851 58.0815 0.0 
369000 575 987.216 174390.028 640.558 58.0972 0.0 
370000 576 987.472 175139.828 642.764 58.1081 0.0 
371000 577 987.723 175829.411 644.064 58.1276 0.0 
372000 578 987.968 176350.945 641.181 58.139 0.0 
373000 579 988.209 176774.481 636.925 58.1478 0.0 
374000 580 988.445 177390.543 636.906 58.1611 0.0 
375000 581 988.676 178160.445 639.604 58.1743 0.0 
376000 582 988.902 178941.883 641.782 58.1864 0.0 
377000 583 989.124 179739.042 645.088 58.2002 0.0 
378000 584 989.342 180533.261 648.263 58.2101 0.0 
379000 585 989.555 181260.093 649.52 58.2219 0.0 
380000 586 989.764 182147.972 655.266 58.228 0.0 
381000 587 989.968 182579.964 650.383 58.245 0.0 
382000 588 990.169 182985.947 645.324 58.2546 0.0 
383000 589 990.366 183709.815 646.916 58.2668 0.0 
384000 590 990.558 184627.922 651.923 58.276 0.0 
385000 591 990.747 185417.072 654.674 58.2815 0.0 
386000 592 990.932 186164.392 657.308 58.291 0.0 
387000 593 991.114 186938.273 659.214 58.3061 0.0 
388000 594 991.291 187616.14 659.843 58.3099 0.0 
389000 595 991.466 188353.584 661.207 58.3224 0.0 
390000 596 991.636 189076.196 661.968 58.3342 0.0 
391000 597 991.804 189792.271 663.778 58.3451 0.0 
392000 598 991.967 190480.094 664.58 58.353 0.0 
393000 599 992.128 191047.601 662.253 58.357 0.0 
394000 600 992.286 191633.204 660.393 58.367 0.0 
395000 601 992.44 192414.086 662.207 58.3737 0.0 
396000 602 992.591 193252.108 666.171 58.3801 0.0 
397000 603 992.739 194103.113 670.187 58.3877 0.0 
398000 604 992.884 195087.228 676.42 58.4 0.0 
399000 605 993.027 195902.788 678.645 58.4086 0.0 
400000 606 993.166 196757.333 682.252 58.4152 0.0 
401000 607 993.303 197674.478 687.006 58.4227 0.0 
402000 608 993.437 198536.102 690.604 58.4254 0.0 
403000 609 993.568 199519.305 696.621 58.4317 0.0 
404000 610 993.697 200382.516 700.134 58.4403 0.0 
405000 611 993.823 201276.645 704.519 58.4452 0.0 
406000 612 993.946 202054.622 706.746 58.4531 0.0 
407000 613 994.067 202705.022 703.885 58.4556 0.0 
408000 614 994.186 203583.27 707.847 58.4553 0.0 
409000 615 994.302 204506.11 712.17 58.4609 0.0 
410000 616 994.416 205496.071 717.342 58.4685 0.0 
411000 617 994.528 206372.069 720.371 58.4666 0.0 
412000 618 994.637 207161.204 722.916 58.4778 0.0 
413000 619 994.745 208105.372 726.453 58.4818 0.0 
414000 620 994.85 209032.133 730.127 58.4913 0.0 
415000 621 994.953 209904.757 733.348 58.4988 0.0 
416000 622 995.054 210822.783 737.137 58.5018 0.0 
417000 623 995.153 211749.577 740.54 58.5015 0.0 
418000 624 995.25 212532.235 742.643 58.5066 0.0 
419000 625 995.345 213454.257 745.603 58.5147 0.0 
420000 626 995.438 214138.837 744.433 58.5217 0.0 
421000 627 995.529 215035.427 747.43 58.5331 0.0 
422000 628 995.618 215870.177 748.746 58.5412 0.0 
423000 629 995.706 216819.196 752.936 58.5503 0.0 
424000 630 995.792 217667.833 755.838 58.5499 0.0 
425000 631 995.876 218485.574 755.719 58.5601 0.0 
426000 632 995.959 219304.468 756.793 58.5663 0.0 
427000 633 996.039 220163.626 759.36 58.5643 0.0 
428000 634 996.119 220881.252 759.076 58.5678 0.0 
429000 635 996.196 221786.943 760.852 58.574 0.0 
430000 636 996.272 222654.407 763.26 58.5877 0.0 
431000 637 996.347 223533.93 765.329 58.5977 0.0 
432000 638 996.42 224434.209 769.385 58.6039 0.0 
433000 639 996.491 225370.046 771.769 58.61 0.0 
434000 640 996.562 226362.346 776.463 58.6196 0.0 
435000 641 996.63 227196.299 777.372 58.6159 0.0 
436000 642 996.698 228200.277 781.586 58.6184 0.0 
437000 643 996.764 229166.104 785.496 58.614 0.0 
438000 644 996.829 229959.713 785.773 58.6214 0.0 
439000 645 996.892 230948.782 789.824 58.6208 0.0 
440000 646 996.954 231460.886 783.691 58.6261 0.0 
441000 647 997.015 232443.786 789.013 58.6292 0.0 
442000 648 997.075 233377.503 791.385 58.6315 0.0 
443000 649 997.133 234241.781 792.149 58.6318 0.0 
444000 650 997.191 235319.939 797.84 58.6424 0.0 
445000 651 997.247 235938.455 794.789 58.6481 0.0 
446000 652 997.302 236884.302 797.794 58.6553 0.0 
447000 653 997.356 237927.561 802.643 58.6611 0.0 
448000 654 997.409 239018.238 807.905 58.6604 0.0 
449000 655 997.461 239818.54 808.051 58.6592 0.0 
450000 656 997.511 240891.822 812.714 58.6601 0.0 
451000 657 997.561 241733.456 814.65 58.6644 0.0 
452000 658 997.61 242841.874 819.51 58.6668 0.0 
453000 659 997.658 243958.282 825.894 58.6727 0.0 
454000 660 997.705 244871.929 827.758 58.6789 0.0 
455000 661 997.75 245985.643 832.591 58.6832 0.0 
456000 662 997.795 246882.191 833.849 58.6853 0.0 
457000 663 997.84 247772.159 835.834 58.6873 0.0 
458000 664 997.883 248870.243 840.696 58.6938 0.0 
459000 665 997.925 249954.852 845.744 58.6948 0.0 
460000 666 997.967 250874.677 847.054 58.6983 0.0 
461000 667 998.007 251767.577 847.868 58.6994 0.0 
462000 668 998.047 252534.496 846.99 58.7008 0.0 
463000 669 998.086 253471.315 848.526 58.6997 0.0 
464000 670 998.124 254469.4 851.973 58.7014 0.0 
465000 671 998.162 255572.648 855.826 58.7051 0.0 
466000 672 998.199 256708.699 861.944 58.7123 0.0 
467000 673 998.235 257822.877 866.646 58.7127 0.0 
468000 674 998.27 258814.128 869.03 58.7037 0.0 
469000 675 998.305 259987.55 875.075 58.7051 0.0 
470000 676 998.339 260963.447 877.878 58.7031 0.0 
471000 677 998.372 262088.506 881.447 58.7028 0.0 
472000 678 998.404 263160.116 885.789 58.7057 0.0 
473000 679 998.436 264141.835 887.815 58.7074 0.0 
474000 680 998.468 265244.08 891.278 58.7047 0.0 
475000 681 998.498 266063.316 890.309 58.7061 0.0 
476000 682 998.528 266986.954 892.244 58.7129 0.0 
477000 683 998.558 267395.793 881.499 58.7126 0.0 
478000 684 998.586 268462.679 885.244 58.71 0.0 
479000 685 998.615 269454.738 887.572 58.7164 0.0 
480000 686 998.642 270597.235 892.665 58.7216 0.0 
481000 687 998.67 271703.509 896.582 58.7181 0.0 
482000 688 998.696 272788.058 900.681 58.715 0.0 
483000 689 998.722 273862.214 904.208 58.7203 0.0 
484000 690 998.748 274868.655 906.306 58.7235 0.0 
485000 691 998.773 275674.29 904.294 58.7207 0.0 
486000 692 998.797 276603.443 904.713 58.7186 0.0 
487000 693 998.821 277506.1 904.619 58.7148 0.0 
488000 694 998.845 278603.859 909.128 58.7131 0.0 
489000 695 998.868 279042.653 899.059 58.7198 0.0 
490000 696 998.891 280088.372 902.025 58.7218 0.0 
491000 697 998.913 281056.243 903.293 58.7214 0.0 
492000 698 998.935 282023.608 904.18 58.7173 0.0 
493000 699 998.956 283034.751 908.026 58.7146 0.0 
494000 700 998.977 283625.414 900.46 58.7175 0.0 
495000 701 998.997 284116.213 891.932 58.7222 0.0 
496000 702 999.017 285112.069 894.042 58.7249 0.0 
497000 703 999.037 286044.661 895.746 58.729 0.0 
498000 704 999.056 287279.785 901.728 58.7238 0.0 
499000 705 999.075 288255.989 903.925 58.7172 0.0 
500000 706 999.094 289176.696 903.371 58.7152 0.0 
501000 707 999.112 290143.148 904.792 58.7151 0.0 
502000 708 999.13 290915.416 903.092 58.708 0.0 
503000 709 999.147 291821.803 902.322 58.7048 0.0 
504000 710 999.164 292942.665 907.018 58.6982 0.0 
505000 711 999.181 293813.814 906.87 58.6984 0.0 
506000 712 999.197 294701.829 905.177 58.704 0.0 
507000 713 999.213 295562.869 904.034 58.7089 0.0 
508000 714 999.229 296638.782 908.054 58.7142 0.0 
509000 715 999.244 297602.334 908.825 58.7161 0.0 
510000 716 999.259 298567.223 910.54 58.7189 0.0 
511000 717 999.274 299403.518 908.989 58.7208 0.0 
512000 718 999.289 300385.367 911.845 58.7176 0.0 
513000 719 999.303 301048.074 906.449 58.724 0.0 
514000 720 999.317 301713.003 901.688 58.7218 0.0 
515000 721 999.331 302577.046 900.39 58.7186 0.0 
516000 722 999.344 303508.097 902.093 58.7232 0.0 
517000 723 999.357 304238.056 897.04 58.7273 0.0 
518000 724 999.37 305115.84 898.232 58.7296 0.0 
519000 725 999.383 306140.072 898.883 58.7359 0.0 
520000 726 999.395 307132.939 902.92 58.7375 0.0 
521000 727 999.407 308095.38 902.728 58.7348 0.0 
522000 728 999.419 308849.67 899.737 58.7354 0.0 
523000 729 999.431 309989.819 905.354 58.7351 0.0 
524000 730 999.442 310956.512 905.586 58.737 0.0 
525000 731 999.453 312222.643 912.055 58.7444 0.0 
526000 732 999.464 313082.303 912.229 58.7479 0.0 
527000 733 999.475 313976.487 911.149 58.7472 0.0 
528000 734 999.485 315214.336 917.264 58.7482 0.0 
529000 735 999.496 316362.158 922.021 58.7483 0.0 
530000 736 999.506 317591.119 929.829 58.7472 0.0 
531000 737 999.516 318084.127 921.071 58.7493 0.0 
532000 738 999.525 318598.388 912.848 58.752 0.0 
533000 739 999.535 319834.097 918.224 58.7528 0.0 
534000 740 999.544 321073.133 925.965 58.7454 0.0 
535000 741 999.553 322085.659 927.662 58.7414 0.0 
536000 742 999.562 323346.027 932.841 58.7398 0.0 
537000 743 999.571 324314.267 933.303 58.7427 0.0 
538000 744 999.579 325195.869 933.313 58.7379 0.0 
539000 745 999.588 326113.618 931.396 58.738 0.0 
540000 746 999.596 327285.523 936.72 58.7444 0.0 
541000 747 999.604 328452.131 941.012 58.7458 0.0 
542000 748 999.612 329733.366 947.428 58.7466 0.0 
543000 749 999.62 330768.681 949.404 58.7416 0.0 
544000 750 999.627 332046.576 956.565 58.746 0.0 
545000 751 999.635 333242.219 960.73 58.7462 0.0 
546000 752 999.642 334559.534 967.922 58.7457 0.0 
547000 753 999.649 335829.73 974.199 58.7434 0.0 
548000 754 999.656 337206.644 982.486 58.7467 0.0 
549000 755 999.663 338579.55 990.468 58.7526 0.0 
550000 756 999.67 339569.143 991.083 58.7497 0.0 
551000 757 999.677 340907.486 997.472 58.7546 0.0 
552000 758 999.683 342215.111 1003.227 58.7544 0.0 
553000 759 999.689 343379.416 1006.232 58.7545 0.0 
554000 760 999.696 344780.867 1014.451 58.7482 0.0 
555000 761 999.702 346129.477 1022.103 58.7433 0.0 
556000 762 999.708 347256.941 1023.65 58.7442 0.0 
557000 763 999.713 348133.959 1020.55 58.7492 0.0 
558000 764 999.719 348983.242 1017.135 58.7492 0.0 
559000 765 999.725 349876.336 1014.636 58.7461 0.0 
560000 766 999.73 351025.62 1017.364 58.7406 0.0 
561000 767 999.736 352383.002 1023.462 58.7396 0.0 
562000 768 999.741 353712.73 1031.533 58.7408 0.0 
563000 769 999.746 354941.336 1034.825 58.7483 0.0 
564000 770 999.751 356147.056 1038.512 58.7501 0.0 
565000 771 999.756 357543.001 1045.243 58.7407 0.0 
566000 772 999.761 358843.183 1051.534 58.742 0.0 
567000 773 999.766 360190.549 1055.794 58.7403 0.0 
568000 774 999.771 361302.011 1057.124 58.7406 0.0 
569000 775 999.775 362291.131 1054.781 58.7353 0.0 
570000 776 999.78 363711.094 1061.841 58.7387 0.0 
571000 777 999.784 365181.423 1071.335 58.7344 0.0 
572000 778 999.788 366421.471 1074.358 58.7337 0.0 
573000 779 999.793 367744.416 1079.757 58.7245 0.0 
574000 780 999.797 369151.693 1086.441 58.7205 0.0 
575000 781 999.801 370449.018 1091.13 58.7228 0.0 
576000 782 999.805 371494.52 1088.714 58.7207 0.0 
577000 783 999.809 372966.812 1097.727 58.7171 0.0 
578000 784 999.813 374432.306 1103.725 58.7191 0.0 
579000 785 999.816 375725.545 1109.327 58.7258 0.0 
580000 786 999.82 377006.09 1112.627 58.7291 0.0 
581000 787 999.824 377604.915 1100.849 58.7331 0.0 
582000 788 999.827 379030.595 1107.652 58.7238 0.0 
583000 789 999.831 379820.9 1102.67 58.7248 0.0 
584000 790 999.834 380346.638 1089.385 58.72 0.0 
585000 791 999.837 381671.765 1096.137 58.7238 0.0 
586000 792 999.841 382245.415 1083.455 58.7215 0.0 
587000 793 999.844 383611.57 1089.261 58.7223 0.0 
588000 794 999.847 385035.458 1095.874 58.722 0.0 
589000 795 999.85 386344.572 1100.605 58.7234 0.0 
590000 796 999.853 387789.718 1107.452 58.7224 0.0 
591000 797 999.856 388690.164 1103.031 58.7189 0.0 
592000 798 999.859 390039.511 1108.259 58.7163 0.0 
593000 799 999.862 391306.245 1113.353 58.7156 0.0 
594000 800 999.864 391823.752 1099.526 58.7115 0.0 
595000 801 999.867 393280.349 1107.136 58.7046 0.0 
596000 802 999.87 394559.889 1110.008 58.701 0.0 
597000 803 999.872 395667.899 1111.887 58.6974 0.0 
598000 804 999.875 396195.027 1098.535 58.7007 0.0 
599000 805 999.877 397441.311 1101.434 58.6979 0.0 
600000 806 999.88 398758.77 1105.572 58.6957 0.0 
601000 807 999.882 400207.768 1113.199 58.6918 0.0 
602000 808 999.885 400862.285 1102.902 58.6847 0.0 
603000 809 999.887 402186.887 1107.56 58.6826 0.0 
604000 810 999.889 403397.84 1110.229 58.6851 0.0 
605000 811 999.891 404369.998 1107.773 58.683 0.0 
606000 812 999.894 405656.076 1110.814 58.6811 0.0 
607000 813 999.896 406791.055 1111.988 58.6757 0.0 
608000 814 999.898 407254.058 1099.374 58.6739 0.0 
609000 815 999.9 407655.599 1083.921 58.6745 0.0 
610000 816 999.902 409015.692 1089.215 58.6789 0.0 
611000 817 999.904 410391.536 1095.144 58.6778 0.0 
612000 818 999.906 411838.058 1102.103 58.6754 0.0 
613000 819 999.908 412929.957 1103.001 58.6759 0.0 
614000 820 999.909 414070.377 1102.88 58.6741 0.0 
615000 821 999.911 415392.612 1107.487 58.6721 0.0 
616000 822 999.913 416707.486 1112.06 58.6663 0.0 
617000 823 999.915 418000.968 1114.642 58.6679 0.0 
618000 824 999.916 419175.221 1116.22 58.6667 0.0 
619000 825 999.918 420212.791 1114.729 58.6628 0.0 
620000 826 999.92 421481.383 1117.661 58.6655 0.0 
621000 827 999.921 422388.097 1114.011 58.6638 0.0 
622000 828 999.923 423612.185 1115.569 58.6644 0.0 
623000 829 999.924 425066.7 1122.346 58.6636 0.0 
624000 830 999.926 426216.517 1124.724 58.6676 0.0 
625000 831 999.927 427068.584 1119.31 58.6661 0.0 
626000 832 999.929 427586.93 1106.017 58.6687 0.0 
627000 833 999.93 428892.884 1109.339 58.6694 0.0 
628000 834 999.932 430273.136 1114.412 58.6696 0.0 
629000 835 999.933 431557.135 1117.686 58.6619 0.0 
630000 836 999.934 433065.678 1125.647 58.6546 0.0 
631000 837 999.936 434204.911 1125.501 58.6478 0.0 
632000 838 999.937 435160.206 1124.363 58.6529 0.0 
633000 839 999.938 436385.723 1124.722 58.6517 0.0 
634000 840 999.94 437840.477 1131.228 58.6493 0.0 
635000 841 999.941 439223.083 1136.718 58.6487 0.0 
636000 842 999.942 440312.127 1135.942 58.6498 0.0 
637000 843 999.943 441689.881 1140.005 58.6533 0.0 
638000 844 999.944 442911.766 1141.664 58.6489 0.0 
639000 845 999.945 444320.5 1147.238 58.647 0.0 
640000 846 999.946 445742.235 1152.235 58.6443 0.0 
641000 847 999.948 447158.321 1157.981 58.6471 0.0 
642000 848 999.949 448587.78 1163.769 58.6519 0.0 
643000 849 999.95 449762.641 1163.532 58.6501 0.0 
644000 850 999.951 451195.226 1169.627 58.651 0.0 
645000 851 999.952 452326.852 1167.887 58.6505 0.0 
646000 852 999.953 453777.235 1173.737 58.655 0.0 
647000 853 999.953 455275.378 1181.151 58.6486 0.0 
648000 854 999.954 456813.725 1186.925 58.6514 0.0 
649000 855 999.955 458247.279 1192.416 58.651 0.0 
650000 856 999.956 459295.619 1188.687 58.6561 0.0 
651000 857 999.957 460126.066 1181.67 58.6543 0.0 
652000 858 999.958 460924.335 1177.179 58.6462 0.0 
653000 859 999.959 462019.87 1173.084 58.643 0.0 
654000 860 999.96 463723.608 1183.659 58.6449 0.0 
655000 861 999.96 465174.607 1189.145 58.6524 0.0 
656000 862 999.961 466819.432 1198.287 58.6487 0.0 
657000 863 999.962 468174.324 1200.659 58.6457 0.0 
658000 864 999.963 469798.132 1208.913 58.644 0.0 
659000 865 999.964 471024.099 1211.04 58.6497 0.0 
660000 866 999.964 472548.419 1217.373 58.6491 0.0 
661000 867 999.965 473138.285 1203.75 58.6538 0.0 
662000 868 999.966 473743.727 1191.367 58.6524 0.0 
663000 869 999.966 474659.535 1187.25 58.6482 0.0 
664000 870 999.967 476215.435 1195.795 58.6448 0.0 
665000 871 999.968 477073.858 1186.591 58.6448 0.0 
666000 872 999.968 477842.211 1178.296 58.6442 0.0 
667000 873 999.969 479316.283 1184.623 58.6424 0.0 
668000 874 999.97 480765.341 1190.01 58.6401 0.0 
669000 875 999.97 482293.792 1196.641 58.6432 0.0 
670000 876 999.971 483543.827 1198.501 58.6483 0.0 
671000 877 999.971 485159.762 1205.626 58.6435 0.0 
672000 878 999.972 486352.368 1204.82 58.6417 0.0 
673000 879 999.972 487619.699 1209.1 58.6369 0.0 
674000 880 999.973 488124.151 1192.414 58.6352 0.0 
675000 881 999.974 489719.344 1201.038 58.6325 0.0 
676000 882 999.974 491032.149 1203.046 58.6288 0.0 
677000 883 999.975 492417.927 1209.346 58.6259 0.0 
678000 884 999.975 493860.489 1211.924 58.6306 0.0 
679000 885 999.976 495447.423 1219.4 58.6355 0.0 
680000 886 999.976 497096.117 1228.725 58.6395 0.0 
681000 887 999.977 498415.219 1229.792 58.6397 0.0 
682000 888 999.977 499905.73 1234.103 58.6421 0.0 
683000 889 999.978 501441.906 1240.703 58.6335 0.0 
684000 890 999.978 503057.412 1248.033 58.6305 0.0 
685000 891 999.978 504536.463 1253.001 58.631 0.0 
686000 892 999.979 505822.379 1254.663 58.6303 0.0 
687000 893 999.979 507323.602 1259.055 58.6261 0.0 
688000 894 999.98 508645.849 1259.82 58.6205 0.0 
689000 895 999.98 510054.335 1264.165 58.6179 0.0 
690000 896 999.98 511151.781 1261.353 58.6201 0.0 
691000 897 999.981 512387.856 1259.715 58.6231 0.0 
692000 898 999.981 513842.219 1263.021 58.6245 0.0 
693000 899 999.982 515384.721 1268.99 58.6248 0.0 
694000 900 999.982 516711.263 1270.114 58.624 0.0 
695000 901 999.982 518350.894 1276.544 58.6244 0.0 
696000 902 999.983 519879.497 1283.524 58.6238 0.0 
697000 903 999.983 521155.008 1283.534 58.6211 0.0 
698000 904 999.983 522324.1 1280.017 58.6227 0.0 
699000 905 999.984 523759.946 1282.736 58.6225 0.0 
700000 906 999.984 525300.385 1288.332 58.6108 0.0 
701000 907 999.984 526874.441 1292.984 58.6065 0.0 
702000 908 999.985 528524.087 1301.664 58.5978 0.0 
703000 909 999.985 529824.725 1299.899 58.5999 0.0 
704000 910 999.985 531413.912 1306.751 58.5972 0.0 
705000 911 999.986 532970.21 1311.44 58.5956 0.0 
706000 912 999.986 534464.793 1315.274 58.5968 0.0 
707000 913 999.986 536006.346 1319.367 58.5996 0.0 
708000 914 999.986 537549.924 1326.118 58.5966 0.0 
709000 915 999.987 538887.702 1324.401 58.5974 0.0 
710000 916 999.987 540215.367 1324.464 58.5932 0.0 
711000 917 999.987 541562.805 1325.349 58.5864 0.0 
712000 918 999.987 542809.716 1322.971 58.5789 0.0 
713000 919 999.988 544062.498 1322.055 58.5739 0.0 
714000 920 999.988 545358.082 1322.011 58.5731 0.0 
715000 921 999.988 546607.95 1319.97 58.5691 0.0 
716000 922 999.988 548028.315 1321.489 58.5714 0.0 
717000 923 999.989 549506.187 1324.349 58.5617 0.0 
718000 924 999.989 550949.417 1327.191 58.5581 0.0 
719000 925 999.989 552432.641 1330.39 58.5612 0.0 
720000 926 999.989 553904.744 1332.766 58.5632 0.0 
721000 927 999.99 555432.908 1336.996 58.5659 0.0 
722000 928 999.99 556543.643 1333.751 58.5643 0.0 
723000 929 999.99 557324.062 1321.803 58.5632 0.0 
724000 930 999.99 558695.301 1323.452 58.5593 0.0 
725000 931 999.99 559464.344 1312.238 58.5655 0.0 
726000 932 999.991 560359.576 1303.416 58.5655 0.0 
727000 933 999.991 561905.325 1307.32 58.5657 0.0 
728000 934 999.991 563511.251 1313.32 58.5672 0.0 
729000 935 999.991 565080.119 1318.985 58.57 0.0 
730000 936 999.991 566673.415 1324.239 58.5726 0.0 
731000 937 999.991 568217.905 1329.513 58.5728 0.0 
732000 938 999.992 569830.817 1334.848 58.5696 0.0 
733000 939 999.992 571441.836 1339.733 58.5737 0.0 
734000 940 999.992 572776.909 1340.638 58.5755 0.0 
735000 941 999.992 574347.946 1344.602 58.5726 0.0 
736000 942 999.992 575897.943 1348.643 58.5751 0.0 
737000 943 999.992 577223.609 1348.186 58.5749 0.0 
738000 944 999.993 578447.902 1345.389 58.5752 0.0 
739000 945 999.993 580032.371 1349.956 58.5735 0.0 
740000 946 999.993 581460.987 1352.673 58.5722 0.0 
741000 947 999.993 582908.487 1356.025 58.5703 0.0 
742000 948 999.993 584068.864 1352.063 58.5669 0.0 
743000 949 999.993 585683.101 1355.158 58.5704 0.0 
744000 950 999.993 587288.154 1360.117 58.5674 0.0 
745000 951 999.994 588786.619 1362.495 58.5649 0.0 
746000 952 999.994 590256.578 1364.744 58.5699 0.0 
747000 953 999.994 591854.474 1369.782 58.5688 0.0 
748000 954 999.994 593455.116 1373.883 58.5662 0.0 
749000 955 999.994 595013.598 1377.548 58.5673 0.0 
750000 956 999.994 595978.857 1369.562 58.5688 0.0 
751000 957 999.994 597328.639 1369.154 58.5708 0.0 
752000 958 999.994 598485.333 1365.898 58.5662 0.0 
753000 959 999.995 599771.198 1362.994 58.5605 0.0 
754000 960 999.995 601245.756 1365.246 58.5555 0.0 
755000 961 999.995 602869.515 1370.483 58.5609 0.0 
756000 962 999.995 604356.258 1373.18 58.5632 0.0 
757000 963 999.995 605784.949 1373.942 58.5635 0.0 
758000 964 999.995 607378.046 1378.64 58.569 0.0 
759000 965 999.995 608900.791 1381.303 58.5714 0.0 
760000 966 999.995 610575.038 1386.733 58.5724 0.0 
761000 967 999.995 612070.759 1389.083 58.5723 0.0 
762000 968 999.995 613731.5 1395.442 58.5807 0.0 
763000 969 999.996 615472.982 1401.443 58.5791 0.0 
764000 970 999.996 617023.741 1405.249 58.5815 0.0 
765000 971 999.996 618726.613 1410.234 58.5805 0.0 
766000 972 999.996 620419.341 1416.337 58.5796 0.0 
767000 973 999.996 621976.946 1419.638 58.5802 0.0 
768000 974 999.996 623536.435 1422.328 58.586 0.0 
769000 975 999.996 625228.749 1427.129 58.5945 0.0 
770000 976 999.996 626865.832 1432.412 58.5904 0.0 
771000 977 999.996 628472.978 1435.346 58.5884 0.0 
772000 978 999.996 630226.517 1441.306 58.5892 0.0 
773000 979 999.996 631172.126 1432.215 58.5942 0.0 
774000 980 999.996 632487.854 1429.742 58.5923 0.0 
775000 981 999.996 634028.876 1431.285 58.5931 0.0 
776000 982 999.997 635592.878 1436.63 58.5943 0.0 
777000 983 999.997 636830.716 1430.524 58.5937 0.0 
778000 984 999.997 638472.119 1435.108 58.5863 0.0 
779000 985 999.997 640037.356 1436.765 58.5858 0.0 
780000 986 999.997 641684.584 1442.216 58.5799 0.0 
781000 987 999.997 643339.472 1445.169 58.5754 0.0 
782000 988 999.997 644904.854 1447.62 58.5709 0.0 
783000 989 999.997 646554.291 1451.513 58.568 0.0 
784000 990 999.997 648247.46 1456.248 58.5706 0.0 
785000 991 999.997 649794.187 1459.803 58.5691 0.0 
786000 992 999.997 650660.826 1446.767 58.5625 0.0 
787000 993 999.997 652161.81 1450.366 58.5599 0.0 
788000 994 999.997 652773.96 1430.849 58.5599 0.0 
789000 995 999.997 654452.524 1436.345 58.5655 0.0 
790000 996 999.997 656006.321 1438.321 58.5668 0.0 
791000 997 999.997 657751.519 1444.449 58.5676 0.0 
792000 998 999.998 659332.925 1447.505 58.5757 0.0 
793000 999 999.998 660961.401 1451.942 58.5777 0.0 
794000 1000 999.998 662613.996 1454.576 58.5912 0.0 
795000 1001 999.998 663986.823 1455.027 58.5989 0.0 
796000 1002 999.998 665527.113 1455.875 58.6009 0.0 
797000 1003 999.998 667237.968 1459.975 58.6031 0.0 
798000 1004 999.998 668901.767 1465.699 58.6064 0.0 
799000 1005 999.998 670715.298 1470.731 58.6073 0.0 
800000 1006 999.998 672380.288 1477.46 58.615 0.0 
801000 1007 999.998 674049.494 1479.098 58.6147 0.0 
802000 1008 999.998 675692.171 1484.113 58.6128 0.0 
803000 1009 999.998 677218.129 1483.195 58.6129 0.0 
804000 1010 999.998 678901.379 1486.41 58.6155 0.0 
805000 1011 999.998 680634.39 1491.45 58.6163 0.0 
806000 1012 999.998 682380.268 1497.578 58.6142 0.0 
807000 1013 999.998 683985.98 1499.592 58.6184 0.0 
808000 1014 999.998 685652.518 1503.496 58.6238 0.0 
809000 1015 999.998 687250.23 1503.371 58.6319 0.0 
810000 1016 999.998 688990.038 1508.965 58.6292 0.0 
811000 1017 999.998 690780.716 1514.173 58.6337 0.0 
812000 1018 999.998 692433.054 1517.146 58.6373 0.0 
813000 1019 999.998 694099.296 1520.778 58.6403 0.0 
814000 1020 999.998 695814.7 1524.132 58.6458 0.0 
815000 1021 999.998 697424.381 1526.28 58.6499 0.0 
816000 1022 999.998 699172.255 1531.275 58.6545 0.0 
817000 1023 999.999 700721.753 1531.146 58.6497 0.0 
818000 1024 999.999 702321.497 1532.34 58.6467 0.0 
819000 1025 999.999 704006.542 1535.14 58.6466 0.0 
820000 1026 999.999 705688.017 1538.43 58.6446 0.0 
821000 1027 999.999 706457.762 1523.732 58.6471 0.0 
822000 1028 999.999 708216.519 1527.199 58.6459 0.0 
823000 1029 999.999 709938.362 1530.507 58.6468 0.0 
824000 1030 999.999 711647.167 1534.954 58.6488 0.0 
825000 1031 999.999 713407.92 1539.085 58.6416 0.0 
826000 1032 999.999 714755.513 1535.685 58.6409 0.0 
827000 1033 999.999 716495.12 1538.901 58.6416 0.0 
828000 1034 999.999 718135.929 1541.414 58.6423 0.0 
829000 1035 999.999 719801.878 1544.618 58.643 0.0 
830000 1036 999.999 720946.011 1535.842 58.6415 0.0 
831000 1037 999.999 722690.403 1540.185 58.6414 0.0 
832000 1038 999.999 724119.669 1539.772 58.6358 0.0 
833000 1039 999.999 725324.229 1531.102 58.6301 0.0 
834000 1040 999.999 727076.072 1535.321 58.6264 0.0 
835000 1041 999.999 728603.749 1536.008 58.623 0.0 
836000 1042 999.999 730148.672 1535.465 58.6171 0.0 
837000 1043 999.999 731568.341 1536.001 58.613 0.0 
838000 1044 999.999 732260.973 1516.377 58.6125 0.0 
839000 1045 999.999 734030.625 1521.447 58.6218 0.0 
840000 1046 999.999 735486.419 1520.262 58.6182 0.0 
841000 1047 999.999 737214.355 1523.786 58.6149 0.0 
842000 1048 999.999 738637.759 1523.355 58.6192 0.0 
843000 1049 999.999 740311.806 1525.14 58.6212 0.0 
844000 1050 999.999 741372.828 1516.238 58.6229 0.0 
845000 1051 999.999 743058.211 1519.603 58.6161 0.0 
846000 1052 999.999 744717.487 1524.898 58.6138 0.0 
847000 1053 999.999 745909.168 1515.868 58.6181 0.0 
848000 1054 999.999 747165.888 1513.349 58.6101 0.0 
849000 1055 999.999 747631.45 1489.588 58.61 0.0 
850000 1056 999.999 749242.433 1491.466 58.6124 0.0 
851000 1057 999.999 750901.502 1494.508 58.6106 0.0 
852000 1058 999.999 752720.805 1501.359 58.6096 0.0 
853000 1059 999.999 753509.041 1489.721 58.6126 0.0 
854000 1060 999.999 753926.393 1468.143 58.605 0.0 
855000 1061 999.999 754433.974 1446.972 58.6032 0.0 
856000 1062 999.999 756107.387 1451.045 58.602 0.0 
857000 1063 999.999 757833.456 1456.562 58.603 0.0 
858000 1064 999.999 759442.963 1460.162 58.6049 0.0 
859000 1065 999.999 760829.127 1460.746 58.6101 0.0 
860000 1066 999.999 761982.352 1453.606 58.6121 0.0 
861000 1067 999.999 763697.398 1457.457 58.6103 0.0 
862000 1068 999.999 765285.752 1460.963 58.6065 0.0 
863000 1069 999.999 766857.212 1462.622 58.6056 0.0 
864000 1070 999.999 768534.446 1466.52 58.6074 0.0 
865000 1071 999.999 770224.309 1470.958 58.6121 0.0 
866000 1072 999.999 771969.71 1476.107 58.6171 0.0 
867000 1073 999.999 773680.062 1481.076 58.6169 0.0 
868000 1074 999.999 775293.442 1484.05 58.618 0.0 
869000 1075 999.999 776942.441 1486.769 58.617 0.0 
870000 1076 999.999 778739.76 1494.107 58.639 0.0 
871000 1077 999.999 780501.535 1498.375 58.6389 0.0 
872000 1078 1000.0 782201.512 1502.789 58.6381 0.0 
873000 1079 1000.0 783819.589 1506.228 58.6341 0.0 
874000 1080 1000.0 785521.186 1509.219 58.6322 0.0 
875000 1081 1000.0 787130.199 1511.709 58.6313 0.0 
876000 1082 1000.0 787620.166 1491.312 58.6327 0.0 
877000 1083 1000.0 788635.537 1480.566 58.6307 0.0 
878000 1084 1000.0 790179.973 1483.708 58.6332 0.0 
879000 1085 1000.0 792061.786 1490.741 58.6261 0.0 
880000 1086 1000.0 793873.734 1495.964 58.6248 0.0 
881000 1087 1000.0 795601.789 1501.083 58.6222 0.0 
882000 1088 1000.0 797176.592 1505.404 58.6196 0.0 
883000 1089 1000.0 797859.727 1487.725 58.6187 0.0 
884000 1090 1000.0 799487.494 1488.839 58.6116 0.0 
885000 1091 1000.0 801203.422 1495.061 58.6098 0.0 
886000 1092 1000.0 803023.892 1499.802 58.6089 0.0 
887000 1093 1000.0 804793.53 1505.967 58.6097 0.0 
888000 1094 1000.0 806536.047 1510.069 58.6038 0.0 
889000 1095 1000.0 808361.485 1516.838 58.601 0.0 
890000 1096 1000.0 810073.22 1520.374 58.5971 0.0 
891000 1097 1000.0 811664.033 1522.22 58.5938 0.0 
892000 1098 1000.0 813384.787 1527.14 58.5959 0.0 
893000 1099 1000.0 814955.345 1527.35 58.5936 0.0 
894000 1100 1000.0 816695.073 1531.458 58.5928 0.0 
895000 1101 1000.0 818326.164 1533.261 58.5913 0.0 
896000 1102 1000.0 819942.262 1535.236 58.5977 0.0 
897000 1103 1000.0 821567.066 1536.924 58.5942 0.0 
898000 1104 1000.0 823206.168 1538.936 58.5956 0.0 
899000 1105 1000.0 824853.712 1540.793 58.5943 0.0 
900000 1106 1000.0 826366.69 1540.346 58.5916 0.0 
901000 1107 1000.0 827153.172 1525.771 58.5879 0.0 
902000 1108 1000.0 828705.845 1525.624 58.5936 0.0 
903000 1109 1000.0 830276.319 1527.059 58.6009 0.0 
904000 1110 1000.0 831868.056 1529.145 58.6029 0.0 
905000 1111 1000.0 833432.919 1529.16 58.605 0.0 
906000 1112 1000.0 834571.594 1521.436 58.6037 0.0 
907000 1113 1000.0 835562.013 1513.107 58.6093 0.0 
908000 1114 1000.0 836062.418 1490.405 58.6102 0.0 
909000 1115 1000.0 837737.838 1493.891 58.607 0.0 
910000 1116 1000.0 839326.656 1496.508 58.6112 0.0 
911000 1117 1000.0 839817.292 1477.312 58.615 0.0 
912000 1118 1000.0 841349.836 1477.774 58.6162 0.0 
913000 1119 1000.0 842363.936 1469.419 58.6141 0.0 
914000 1120 1000.0 843790.108 1468.903 58.6158 0.0 
915000 1121 1000.0 845020.898 1461.798 58.6154 0.0 
916000 1122 1000.0 846716.911 1467.157 58.6194 0.0 
917000 1123 1000.0 847806.899 1460.966 58.6207 0.0 
918000 1124 1000.0 849211.604 1457.372 58.621 0.0 
919000 1125 1000.0 850691.71 1460.469 58.622 0.0 
920000 1126 1000.0 851915.285 1454.44 58.6247 0.0 
921000 1127 1000.0 853303.691 1452.988 58.6235 0.0 
922000 1128 1000.0 853858.099 1434.396 58.6194 0.0 
923000 1129 1000.0 854869.666 1426.177 58.6197 0.0 
924000 1130 1000.0 856327.471 1426.197 58.6167 0.0 
925000 1131 1000.0 857401.122 1419.478 58.6229 0.0 
926000 1132 1000.0 858236.395 1407.67 58.6224 0.0 
927000 1133 1000.0 858876.991 1392.837 58.6212 0.0 
928000 1134 1000.0 860467.579 1395.536 58.6251 0.0 
929000 1135 1000.0 861888.71 1396.859 58.6269 0.0 
930000 1136 1000.0 863508.775 1401.178 58.6241 0.0 
931000 1137 1000.0 864933.912 1402.521 58.6246 0.0 
932000 1138 1000.0 866407.646 1403.883 58.6199 0.0 
933000 1139 1000.0 868006.007 1406.723 58.6174 0.0 
934000 1140 1000.0 868834.249 1396.809 58.6163 0.0 
935000 1141 1000.0 870118.17 1393.483 58.6125 0.0 
936000 1142 1000.0 871309.627 1390.45 58.6068 0.0 
937000 1143 1000.0 872851.554 1392.004 58.606 0.0 
938000 1144 1000.0 873539.166 1378.321 58.6115 0.0 
939000 1145 1000.0 874956.652 1382.079 58.6087 0.0 
940000 1146 1000.0 875641.496 1365.569 58.6088 0.0 
941000 1147 1000.0 877073.084 1366.891 58.6008 0.0 
942000 1148 1000.0 878485.165 1366.88 58.6069 0.0 
943000 1149 1000.0 880084.641 1372.025 58.6101 0.0 
944000 1150 1000.0 881082.368 1363.749 58.6048 0.0 
945000 1151 1000.0 882690.922 1368.973 58.6064 0.0 
946000 1152 1000.0 883847.766 1365.111 58.6022 0.0 
947000 1153 1000.0 885072.365 1362.753 58.6018 0.0 
948000 1154 1000.0 885784.931 1349.186 58.5964 0.0 
949000 1155 1000.0 887245.224 1351.439 58.5956 0.0 
950000 1156 1000.0 888828.34 1356.703 58.5927 0.0 
951000 1157 1000.0 889856.034 1349.249 58.5985 0.0 
952000 1158 1000.0 890897.264 1343.056 58.5954 0.0 
953000 1159 1000.0 892031.801 1338.327 58.6009 0.0 
954000 1160 1000.0 893553.673 1342.688 58.6 0.0 
955000 1161 1000.0 895027.094 1346.334 58.5944 0.0 
956000 1162 1000.0 896642.967 1350.812 58.5966 0.0 
957000 1163 1000.0 898331.425 1357.211 58.6004 0.0 
958000 1164 1000.0 900036.967 1364.429 58.5975 0.0 
959000 1165 1000.0 900830.569 1353.058 58.5996 0.0 
960000 1166 1000.0 902437.365 1357.63 58.6002 0.0 
961000 1167 1000.0 903544.665 1352.984 58.5977 0.0 
962000 1168 1000.0 904953.212 1354.542 58.6011 0.0 
963000 1169 1000.0 906604.021 1359.654 58.5958 0.0 
964000 1170 1000.0 908181.064 1366.707 58.6022 0.0 
965000 1171 1000.0 908955.075 1352.872 58.6004 0.0 
966000 1172 1000.0 910673.585 1359.523 58.5928 0.0 
967000 1173 1000.0 911415.487 1346.973 58.5985 0.0 
968000 1174 1000.0 913140.933 1355.502 58.602 0.0 
969000 1175 1000.0 914587.229 1357.044 58.6069 0.0 
970000 1176 1000.0 915976.322 1357.866 58.6032 0.0 
971000 1177 1000.0 917525.618 1361.166 58.6107 0.0 
972000 1178 1000.0 919130.665 1365.59 58.6117 0.0 
973000 1179 1000.0 920801.606 1371.657 58.6078 0.0 
974000 1180 1000.0 922568.19 1380.284 58.6095 0.0 
975000 1181 1000.0 924326.937 1388.204 58.6158 0.0 
976000 1182 1000.0 925962.382 1392.495 58.6177 0.0 
977000 1183 1000.0 927536.3 1395.795 58.6208 0.0 
978000 1184 1000.0 928721.232 1392.482 58.6185 0.0 
979000 1185 1000.0 930515.04 1400.768 58.6213 0.0 
980000 1186 1000.0 932191.129 1405.209 58.6244 0.0 
981000 1187 1000.0 933873.14 1410.99 58.6302 0.0 
982000 1188 1000.0 935417.964 1413.222 58.6367 0.0 
983000 1189 1000.0 936976.139 1419.283 58.6398 0.0 
984000 1190 1000.0 938541.268 1420.982 58.639 0.0 
985000 1191 1000.0 940251.878 1425.194 58.639 0.0 
986000 1192 1000.0 941853.482 1429.122 58.6407 0.0 
987000 1193 1000.0 943548.403 1433.88 58.6388 0.0 
988000 1194 1000.0 945239.15 1439.274 58.6362 0.0 
989000 1195 1000.0 946721.153 1441.652 58.6348 0.0 
990000 1196 1000.0 948478.683 1446.051 58.6385 0.0 
991000 1197 1000.0 950084.7 1451.023 58.6433 0.0 
992000 1198 1000.0 951853.324 1456.669 58.6402 0.0 
993000 1199 1000.0 953623.318 1462.928 58.639 0.0 
994000 1200 1000.0 955531.767 1471.307 58.6413 0.0 
995000 1201 1000.0 957270.296 1478.303 58.6393 0.0 
996000 1202 1000.0 958183.829 1465.569 58.6411 0.0 
997000 1203 1000.0 960028.337 1472.416 58.6418 0.0 
998000 1204 1000.0 961693.628 1478.317 58.6401 0.0 
999000 1205 1000.0 963191.132 1479.862 58.6353 0.0 
1000000 1206 1000.0 965043.913 1484.267 58.6373 0.0 
1001000 1207 1000.0 966826.306 1491.117 58.6288 0.0 
1002000 1208 1000.0 968615.087 1496.729 58.631 0.0 
1003000 1209 1000.0 970503.051 1505.645 58.6291 0.0 
1004000 1210 1000.0 972399.562 1512.201 58.6201 0.0 
1005000 1211 1000.0 974344.309 1520.264 58.616 0.0 
1006000 1212 1000.0 975809.663 1521.127 58.6101 0.0 
1007000 1213 1000.0 976708.561 1507.51 58.6039 0.0 
1008000 1214 1000.0 978568.599 1514.736 58.6061 0.0 
1009000 1215 1000.0 980200.334 1517.181 58.6038 0.0 
1010000 1216 1000.0 982026.369 1522.865 58.604 0.0 
1011000 1217 1000.0 983926.098 1530.966 58.5958 0.0 
1012000 1218 1000.0 985727.289 1536.043 58.6047 0.0 
1013000 1219 1000.0 987119.525 1532.869 58.6042 0.0 
1014000 1220 1000.0 988571.503 1533.903 58.6062 0.0 
1015000 1221 1000.0 989539.166 1519.813 58.6087 0.0 
1016000 1222 1000.0 991371.766 1527.041 58.6052 0.0 
1017000 1223 1000.0 992675.742 1521.987 58.6028 0.0 
1018000 1224 1000.0 993848.859 1515.219 58.5974 0.0 
1019000 1225 1000.0 995690.843 1521.405 58.6027 0.0 
1020000 1226 1000.0 996540.16 1508.621 58.6078 0.0 
1021000 1227 1000.0 998076.005 1509.758 58.6051 0.0 
1022000 1228 1000.0 999296.456 1503.931 58.6087 0.0 
1023000 1229 1000.0 1001092.72 1510.298 58.6125 0.0 
1024000 1230 1000.0 1002151.804 1499.937 58.6145 0.0 
1025000 1231 1000.0 1003747.809 1503.612 58.6183 0.0 
1026000 1232 1000.0 1004895.343 1495.716 58.6141 0.0 
1027000 1233 1000.0 1006377.526 1493.92 58.6155 0.0 
1028000 1234 1000.0 1007434.629 1487.654 58.614 0.0 
1029000 1235 1000.0 1008259.969 1471.763 58.6177 0.0 
1030000 1236 1000.0 1010054.082 1479.204 58.6186 0.0 
1031000 1237 1000.0 1011688.323 1484.498 58.6153 0.0 
1032000 1238 1000.0 1012225.114 1464.539 58.6111 0.0 
1033000 1239 1000.0 1013890.936 1469.725 58.6122 0.0 
1034000 1240 1000.0 1015040.148 1461.595 58.607 0.0 
1035000 1241 1000.0 1016479.164 1462.482 58.6055 0.0 
1036000 1242 1000.0 1017189.65 1445.425 58.6124 0.0 
1037000 1243 1000.0 1018925.95 1450.736 58.6151 0.0 
1038000 1244 1000.0 1020670.841 1457.17 58.616 0.0 
1039000 1245 1000.0 1022432.207 1463.712 58.6177 0.0 
