1000 11 16.684 -107.876 -1.863 0.037 0.0 
2000 22 32.266 -162.277 -2.525 0.0488 0.0 
3000 34 43.68 -251.309 -3.612 0.0802 0.0 
4000 44 52.821 -344.983 -4.624 0.0896 0.0 
5000 56 60.614 -454.482 -5.659 0.1002 0.0 
6000 66 68.065 -570.165 -6.733 0.1008 0.0 
7000 75 73.321 -683.586 -7.575 0.1009 0.0 
8000 86 78.393 -852.193 -9.321 0.1019 0.0 
9000 96 81.762 -990.438 -10.126 0.1026 0.0 
10000 108 83.024 -1045.484 -8.932 0.0995 0.0 
11000 121 81.664 -1090.224 -7.708 0.0989 0.0 
12000 132 82.993 -1166.201 -7.51 0.1057 0.0 
13000 143 84.572 -1233.705 -7.245 0.1041 0.0 
14000 155 84.194 -1268.153 -6.259 0.1005 0.0 
15000 167 83.614 -1301.083 -5.565 0.0991 0.0 
16000 169 84.04 -1319.852 -5.589 0.099 0.0 
17000 180 98.694 -1349.378 -5.1 0.1231 0.0 
18000 193 93.061 -1387.743 -4.571 0.118 0.0 
19000 204 93.604 -1410.881 -4.162 0.1183 0.0 
20000 214 94.673 -1469.66 -4.419 0.1232 0.0 
21000 223 96.706 -1575.681 -5.688 0.1242 0.0 
22000 233 96.696 -1675.473 -6.49 0.1209 0.0 
23000 243 98.969 -1736.085 -6.406 0.1221 0.0 
24000 253 98.68 -1810.399 -6.554 0.1254 0.0 
25000 263 98.409 -1849.445 -6.051 0.1239 0.0 
26000 274 97.448 -1880.131 -5.435 0.1218 0.0 
27000 285 95.2 -1916.078 -4.874 0.118 0.0 
28000 296 95.463 -1935.478 -4.32 0.1207 0.0 
29000 305 98.498 -1960.104 -4.077 0.1227 0.0 
30000 315 97.997 -1999.358 -4.008 0.1214 0.0 
31000 326 96.271 -2053.106 -4.135 0.1194 0.0 
32000 337 95.322 -2091.306 -3.979 0.1158 0.0 
33000 349 93.296 -2140.38 -4.029 0.1121 0.0 
34000 361 91.343 -2213.439 -4.495 0.1082 0.0 
35000 373 88.837 -2242.307 -4.011 0.109 0.0 
36000 385 88.633 -2276.034 -3.784 0.1116 0.0 
37000 395 90.359 -2316.0 -3.849 0.1151 0.0 
38000 406 91.013 -2335.103 -3.45 0.1144 0.0 
39000 417 89.858 -2363.643 -3.278 0.1092 0.0 
40000 430 87.71 -2387.55 -2.904 0.1044 0.0 
41000 441 87.644 -2406.282 -2.698 0.1048 0.0 
42000 452 88.278 -2461.097 -3.197 0.1069 0.0 
43000 463 88.175 -2512.319 -3.376 0.1085 0.0 
44000 475 88.423 -2528.961 -3.03 0.1059 0.0 
45000 488 86.258 -2579.384 -3.273 0.1092 0.0 
46000 499 86.597 -2617.644 -3.265 0.1132 0.0 
47000 510 87.22 -2640.66 -3.036 0.1141 0.0 
48000 520 89.002 -2663.487 -2.77 0.1134 0.0 
49000 530 91.089 -2735.94 -3.751 0.1126 0.0 
50000 540 92.787 -2751.867 -3.445 0.1165 0.0 
51000 550 94.013 -2778.847 -3.175 0.1141 0.0 
52000 561 93.91 -2795.948 -2.873 0.1125 0.0 
53000 572 92.979 -2804.283 -2.37 0.1078 0.0 
54000 581 95.647 -2845.734 -2.806 0.1089 0.0 
55000 591 96.522 -2885.031 -2.789 0.1085 0.0 
56000 602 96.788 -2890.395 -2.523 0.108 0.0 
57000 611 98.268 -2918.004 -2.653 0.1093 0.0 
58000 621 98.938 -2951.469 -2.718 0.1161 0.0 
59000 630 100.145 -2975.112 -2.708 0.1257 0.0 
60000 640 100.694 -2981.28 -2.347 0.1405 0.0 
61000 649 102.849 -3029.999 -2.871 0.1427 0.0 
62000 659 102.251 -3057.459 -2.799 0.138 0.0 
63000 668 102.63 -3074.252 -2.625 0.1377 0.0 
64000 677 104.84 -3101.955 -2.702 0.151 0.0 
65000 686 106.359 -3111.866 -2.422 0.1478 0.0 
66000 694 108.874 -3163.563 -3.052 0.1479 0.0 
67000 704 107.495 -3206.485 -3.293 0.1597 0.0 
68000 713 108.593 -3211.026 -2.806 0.1554 0.0 
69000 724 104.937 -3212.479 -2.278 0.1444 0.0 
70000 733 104.308 -3199.712 -1.649 0.1385 0.0 
71000 744 103.153 -3202.427 -1.383 0.1325 0.0 
72000 753 103.894 -3251.829 -2.002 0.1308 0.0 
73000 762 104.417 -3267.527 -1.942 0.1289 0.0 
74000 771 105.167 -3291.735 -1.954 0.1303 0.0 
75000 782 103.686 -3298.182 -1.794 0.1274 0.0 
76000 792 102.642 -3276.657 -1.089 0.1242 0.0 
77000 803 100.825 -3301.228 -1.312 0.1208 0.0 
78000 812 101.326 -3319.326 -1.366 0.1243 0.0 
79000 821 103.425 -3379.269 -2.324 0.1279 0.0 
80000 828 102.955 -3381.764 -2.232 0.1248 0.0 
81000 832 120.632 -3379.397 -1.875 0.1648 0.0 
82000 841 118.879 -3408.126 -2.135 0.1564 0.0 
83000 850 117.553 -3400.603 -1.578 0.1503 0.0 
84000 858 116.932 -3366.119 -0.853 0.1457 0.0 
85000 867 116.476 -3367.94 -0.552 0.1416 0.0 
86000 876 116.541 -3386.064 -0.825 0.1388 0.0 
87000 886 113.407 -3372.355 -0.438 0.1323 0.0 
88000 895 112.219 -3363.954 -0.116 0.129 0.0 
89000 904 111.508 -3347.706 0.172 0.1328 0.0 
90000 913 111.273 -3342.195 0.194 0.1452 0.0 
91000 922 112.724 -3338.515 0.271 0.1558 0.0 
92000 931 111.636 -3317.37 0.616 0.1625 0.0 
93000 940 111.426 -3290.565 1.032 0.1648 0.0 
94000 951 108.337 -3297.848 0.668 0.1591 0.0 
95000 961 106.072 -3322.957 0.019 0.1567 0.0 
96000 971 104.763 -3311.345 0.302 0.1511 0.0 
97000 981 104.87 -3282.826 0.773 0.1565 0.0 
98000 990 105.641 -3260.141 1.076 0.1633 0.0 
99000 999 105.79 -3209.601 1.775 0.1621 0.0 
100000 1007 109.011 -3176.693 2.147 0.1614 0.0 
101000 1010 110.61 -3169.173 2.127 0.1621 0.0 
102000 1013 126.519 -3188.705 1.617 0.2009 0.0 
103000 1017 144.935 -3197.829 1.439 0.266 0.0 
104000 1018 144.536 -3180.241 1.629 0.2682 0.0 
105000 1024 162.038 -3148.418 2.21 0.3195 0.0 
106000 1031 160.426 -3139.967 2.029 0.3023 0.0 
107000 1032 160.538 -3133.275 2.105 0.3019 0.0 
108000 1039 172.853 -3110.59 2.277 0.3318 0.0 
109000 1045 170.083 -3147.645 1.292 0.3232 0.0 
110000 1053 164.357 -3135.603 1.32 0.2989 0.0 
111000 1054 181.07 -3134.705 1.364 0.3307 0.0 
112000 1063 168.857 -3098.411 1.879 0.3002 0.0 
113000 1073 157.322 -3032.49 2.641 0.2693 0.0 
114000 1081 151.16 -3014.626 2.56 0.2535 0.0 
115000 1088 150.001 -2981.901 2.847 0.2502 0.0 
116000 1095 150.735 -3017.787 1.854 0.2405 0.0 
117000 1096 152.02 -3007.234 2.043 0.2407 0.0 
118000 1101 170.291 -3042.213 1.187 0.2761 0.0 
119000 1106 170.652 -3085.579 0.102 0.2734 0.0 
120000 1109 172.862 -3132.182 -0.798 0.2725 0.0 
121000 1110 183.864 -3143.048 -1.009 0.2931 0.0 
122000 1114 203.942 -3204.12 -2.018 0.3373 0.0 
123000 1118 203.946 -3239.229 -2.721 0.3315 0.0 
124000 1119 219.867 -3247.252 -2.764 0.3828 0.0 
125000 1121 224.495 -3296.131 -3.566 0.3849 0.0 
126000 1124 239.942 -3354.705 -4.473 0.4295 0.0 
127000 1125 253.343 -3371.436 -4.671 0.4636 0.0 
128000 1130 250.788 -3389.743 -4.642 0.4465 0.0 
129000 1133 254.103 -3441.008 -5.402 0.4429 0.0 
130000 1136 259.369 -3453.871 -5.318 0.4475 0.0 
131000 1140 260.406 -3482.431 -5.421 0.4396 0.0 
132000 1142 259.305 -3478.993 -5.172 0.4334 0.0 
133000 1144 272.337 -3473.221 -4.821 0.4725 0.0 
134000 1146 283.483 -3478.116 -4.792 0.5048 0.0 
135000 1149 288.392 -3511.329 -5.142 0.5068 0.0 
136000 1153 286.157 -3503.821 -4.639 0.4912 0.0 
137000 1155 280.685 -3496.007 -4.292 0.478 0.0 
138000 1160 284.951 -3466.55 -3.33 0.4933 0.0 
139000 1165 274.608 -3497.272 -3.681 0.4651 0.0 
140000 1167 286.374 -3505.869 -3.505 0.4975 0.0 
141000 1169 281.081 -3484.203 -3.112 0.4852 0.0 
142000 1174 283.102 -3447.247 -2.274 0.5076 0.0 
143000 1177 289.978 -3431.991 -1.533 0.5294 0.0 
144000 1185 264.615 -3390.623 -0.523 0.4734 0.0 
145000 1193 243.097 -3340.812 0.469 0.4272 0.0 
146000 1202 221.008 -3315.774 0.869 0.3841 0.0 
147000 1211 203.491 -3302.719 0.894 0.3424 0.0 
148000 1218 194.522 -3249.361 1.666 0.3192 0.0 
149000 1225 187.846 -3218.558 2.134 0.3005 0.0 
150000 1233 179.897 -3193.83 2.31 0.2818 0.0 
151000 1240 173.702 -3168.695 2.412 0.267 0.0 
152000 1248 166.997 -3117.598 3.031 0.2479 0.0 
153000 1255 164.067 -3087.272 3.274 0.2359 0.0 
154000 1262 161.914 -3070.721 3.202 0.2346 0.0 
155000 1268 163.251 -3067.506 2.827 0.2402 0.0 
156000 1270 162.84 -3086.103 2.426 0.2565 0.0 
157000 1272 178.832 -3082.933 2.241 0.3392 0.0 
158000 1277 190.729 -3086.143 2.069 0.3849 0.0 
159000 1283 188.192 -3082.974 1.884 0.3658 0.0 
160000 1289 184.773 -3043.053 2.423 0.3472 0.0 
161000 1294 184.616 -3031.988 2.329 0.34 0.0 
162000 1299 188.201 -3034.352 2.157 0.3431 0.0 
163000 1304 188.811 -3017.732 2.274 0.339 0.0 
164000 1305 188.595 -3009.5 2.372 0.3363 0.0 
165000 1306 204.823 -3003.317 2.29 0.3897 0.0 
166000 1308 218.372 -3010.413 2.425 0.43 0.0 
167000 1310 231.444 -2991.36 2.306 0.4595 0.0 
168000 1315 238.23 -2994.179 2.589 0.4631 0.0 
169000 1321 230.229 -2996.34 1.83 0.4322 0.0 
170000 1328 220.651 -2997.982 1.665 0.3989 0.0 
171000 1336 204.762 -2960.666 2.072 0.3588 0.0 
172000 1337 220.667 -2967.82 2.024 0.3983 0.0 
173000 1346 202.666 -2922.039 2.446 0.3619 0.0 
174000 1353 195.253 -2913.076 2.292 0.3465 0.0 
175000 1356 193.569 -2896.59 2.552 0.3429 0.0 
176000 1360 207.811 -2906.817 2.12 0.378 0.0 
177000 1366 199.93 -2858.937 2.559 0.3576 0.0 
178000 1368 214.573 -2856.126 2.767 0.4034 0.0 
179000 1369 213.101 -2854.588 2.84 0.4008 0.0 
180000 1375 223.763 -2855.463 2.345 0.4251 0.0 
181000 1382 212.093 -2801.961 3.052 0.3945 0.0 
182000 1390 198.684 -2756.107 3.535 0.3653 0.0 
183000 1398 187.214 -2699.544 4.031 0.3355 0.0 
184000 1400 185.92 -2675.4 4.119 0.3312 0.0 
185000 1405 201.572 -2679.176 3.859 0.3799 0.0 
186000 1406 200.64 -2672.916 3.762 0.3774 0.0 
187000 1412 212.745 -2627.034 4.348 0.4183 0.0 
188000 1418 206.659 -2582.666 4.705 0.4029 0.0 
189000 1424 201.664 -2542.915 5.0 0.3859 0.0 
190000 1432 191.288 -2495.359 5.016 0.3543 0.0 
191000 1433 190.062 -2495.867 5.034 0.3517 0.0 
192000 1436 204.058 -2492.295 4.811 0.396 0.0 
193000 1441 211.21 -2480.83 4.462 0.4111 0.0 
194000 1443 225.126 -2497.389 4.044 0.4554 0.0 
195000 1445 225.338 -2487.903 3.949 0.4502 0.0 
196000 1446 240.832 -2493.191 3.889 0.4946 0.0 
197000 1448 253.135 -2491.928 3.742 0.5309 0.0 
198000 1454 250.028 -2475.601 3.649 0.5116 0.0 
199000 1458 241.411 -2451.837 3.802 0.4837 0.0 
200000 1460 260.151 -2464.008 3.492 0.5238 0.0 
201000 1461 274.948 -2464.273 3.312 0.5693 0.0 
202000 1468 257.926 -2423.984 3.62 0.5289 0.0 
203000 1475 243.258 -2393.427 3.788 0.4881 0.0 
204000 1480 233.975 -2361.234 3.882 0.4593 0.0 
205000 1481 249.296 -2356.353 3.786 0.4878 0.0 
206000 1484 258.993 -2345.866 4.104 0.5159 0.0 
207000 1491 244.289 -2313.303 4.162 0.4724 0.0 
208000 1498 229.007 -2263.198 4.342 0.4297 0.0 
209000 1499 244.427 -2260.629 4.392 0.4695 0.0 
210000 1505 235.723 -2219.032 4.757 0.4378 0.0 
211000 1513 220.388 -2169.398 5.018 0.3969 0.0 
212000 1517 213.257 -2133.111 5.228 0.378 0.0 
213000 1521 223.507 -2116.583 5.239 0.4268 0.0 
214000 1525 218.659 -2083.265 5.328 0.414 0.0 
215000 1530 224.557 -2056.523 5.473 0.4418 0.0 
216000 1533 220.824 -2026.96 5.652 0.4298 0.0 
217000 1538 228.104 -2010.819 5.497 0.464 0.0 
218000 1543 217.876 -1978.915 5.538 0.4336 0.0 
219000 1547 227.554 -1952.0 5.658 0.4701 0.0 
220000 1553 214.685 -1882.208 6.164 0.4443 0.0 
221000 1557 223.868 -1869.543 6.163 0.491 0.0 
222000 1564 211.419 -1819.17 6.211 0.4533 0.0 
223000 1567 206.793 -1786.16 6.394 0.4359 0.0 
224000 1573 213.741 -1744.606 6.56 0.4445 0.0 
225000 1580 204.674 -1707.629 6.5 0.4103 0.0 
226000 1585 197.014 -1646.365 6.722 0.3839 0.0 
227000 1589 207.733 -1624.504 6.916 0.4097 0.0 
228000 1590 223.578 -1623.82 6.767 0.4504 0.0 
229000 1595 215.026 -1577.959 6.787 0.4227 0.0 
230000 1599 224.489 -1564.134 6.793 0.4405 0.0 
231000 1606 212.705 -1510.56 6.924 0.4075 0.0 
232000 1614 200.017 -1441.645 7.193 0.367 0.0 
233000 1622 188.271 -1371.491 7.425 0.3332 0.0 
234000 1631 176.594 -1312.003 7.234 0.2991 0.0 
235000 1638 170.077 -1267.506 6.98 0.2796 0.0 
236000 1645 164.866 -1230.139 6.693 0.263 0.0 
237000 1647 180.357 -1223.544 6.729 0.2999 0.0 
238000 1656 170.411 -1153.702 6.947 0.2724 0.0 
239000 1664 163.266 -1086.003 7.155 0.2546 0.0 
240000 1671 159.175 -1030.183 7.293 0.2423 0.0 
241000 1679 154.634 -962.602 7.489 0.2287 0.0 
242000 1688 147.992 -911.085 7.152 0.2116 0.0 
243000 1696 143.699 -854.665 7.085 0.2012 0.0 
244000 1700 141.563 -830.142 6.949 0.1973 0.0 
245000 1706 154.231 -806.108 6.76 0.2246 0.0 
246000 1716 144.955 -738.055 6.706 0.2081 0.0 
247000 1725 139.599 -681.507 6.665 0.1959 0.0 
248000 1734 133.939 -625.504 6.504 0.1854 0.0 
249000 1744 128.454 -571.808 6.389 0.1749 0.0 
250000 1752 126.469 -507.65 6.538 0.1697 0.0 
251000 1760 127.171 -457.282 6.639 0.1693 0.0 
252000 1762 127.559 -448.845 6.558 0.1697 0.0 
253000 1769 142.787 -397.047 6.623 0.204 0.0 
254000 1777 138.75 -342.201 6.678 0.1945 0.0 
255000 1784 141.259 -287.901 6.794 0.2139 0.0 
256000 1789 142.08 -223.54 7.144 0.2328 0.0 
257000 1791 158.654 -217.062 7.097 0.2989 0.0 
258000 1792 159.041 -204.899 7.082 0.2986 0.0 
259000 1796 182.37 -186.885 7.159 0.3847 0.0 
260000 1797 198.723 -182.503 7.057 0.4523 0.0 
261000 1798 214.748 -167.156 7.292 0.5185 0.0 
262000 1802 217.086 -144.605 6.964 0.5137 0.0 
263000 1803 215.344 -136.755 6.942 0.5064 0.0 
264000 1806 228.12 -119.11 7.079 0.5417 0.0 
265000 1808 241.606 -127.214 6.652 0.571 0.0 
266000 1809 256.774 -125.086 6.317 0.5953 0.0 
267000 1810 271.639 -116.371 6.411 0.6294 0.0 
268000 1811 286.206 -109.263 6.36 0.6627 0.0 
269000 1814 295.82 -95.063 6.391 0.6699 0.0 
270000 1815 293.523 -91.968 6.377 0.6604 0.0 
271000 1822 290.979 -40.623 6.574 0.6325 0.0 
272000 1829 270.145 9.41 6.54 0.5676 0.0 
273000 1836 254.126 77.92 7.023 0.5167 0.0 
274000 1843 237.702 139.844 7.223 0.48 0.0 
275000 1851 223.063 175.852 6.871 0.4356 0.0 
276000 1852 222.182 193.615 6.964 0.4317 0.0 
277000 1854 235.564 216.536 6.95 0.4915 0.0 
278000 1859 243.469 243.696 7.142 0.4945 0.0 
279000 1860 242.179 253.638 7.205 0.489 0.0 
280000 1861 257.336 263.034 7.032 0.5325 0.0 
281000 1862 272.189 264.07 7.092 0.6128 0.0 
282000 1868 274.77 304.969 7.066 0.6371 0.0 
283000 1870 270.268 330.706 7.087 0.6193 0.0 
284000 1876 271.271 370.258 7.235 0.6297 0.0 
285000 1880 260.091 405.46 7.279 0.5967 0.0 
286000 1884 266.562 436.719 7.302 0.608 0.0 
287000 1891 249.719 503.254 7.532 0.5588 0.0 
288000 1898 236.524 544.85 7.464 0.523 0.0 
289000 1906 220.864 610.715 7.615 0.4836 0.0 
290000 1913 209.208 673.21 7.634 0.4537 0.0 
291000 1921 196.553 733.842 7.615 0.4082 0.0 
292000 1929 185.418 814.164 8.068 0.3682 0.0 
293000 1937 178.59 878.834 8.136 0.3442 0.0 
294000 1938 177.038 899.35 8.18 0.3406 0.0 
295000 1945 188.13 960.483 8.404 0.3707 0.0 
296000 1952 181.398 1021.75 8.375 0.35 0.0 
297000 1959 174.841 1082.541 8.3 0.3333 0.0 
298000 1968 167.147 1162.254 8.604 0.3161 0.0 
299000 1975 162.377 1216.791 8.491 0.3103 0.0 
300000 1976 179.129 1224.569 8.492 0.3796 0.0 
301000 1977 195.546 1219.051 8.18 0.4397 0.0 
302000 1978 195.076 1245.882 8.252 0.4372 0.0 
303000 1979 211.174 1259.434 8.404 0.4938 0.0 
304000 1980 226.951 1259.858 8.481 0.5547 0.0 
305000 1981 242.412 1268.177 8.356 0.5891 0.0 
306000 1982 257.563 1288.852 8.347 0.6274 0.0 
307000 1983 272.412 1297.284 8.596 0.6601 0.0 
308000 1985 284.065 1322.961 8.615 0.6964 0.0 
309000 1989 288.748 1361.692 8.75 0.7053 0.0 
310000 1992 297.318 1382.829 8.844 0.7197 0.0 
311000 1993 311.371 1391.992 8.939 0.7541 0.0 
312000 1994 325.144 1394.295 8.83 0.792 0.0 
313000 2001 301.616 1447.681 8.649 0.7142 0.0 
314000 2009 275.381 1529.352 8.858 0.6385 0.0 
315000 2015 261.56 1571.667 8.583 0.6004 0.0 
316000 2016 276.329 1585.582 8.698 0.6451 0.0 
317000 2024 253.187 1659.657 8.687 0.5736 0.0 
318000 2033 231.603 1729.436 8.688 0.5015 0.0 
319000 2034 229.77 1749.054 8.701 0.4946 0.0 
320000 2040 236.898 1809.465 8.915 0.486 0.0 
321000 2041 252.16 1802.73 8.684 0.5131 0.0 
322000 2042 267.117 1807.932 8.582 0.5407 0.0 
323000 2043 281.774 1814.967 8.549 0.5716 0.0 
324000 2044 296.139 1820.258 8.559 0.609 0.0 
325000 2045 310.216 1825.643 8.424 0.6457 0.0 
326000 2051 292.602 1894.795 8.692 0.5911 0.0 
327000 2052 306.749 1903.865 8.756 0.6175 0.0 
328000 2053 304.214 1928.547 8.811 0.6091 0.0 
329000 2056 312.482 1945.364 8.946 0.6205 0.0 
330000 2060 316.987 1980.494 8.943 0.6267 0.0 
331000 2061 330.647 1988.013 8.916 0.6674 0.0 
332000 2065 318.576 2044.296 9.07 0.6304 0.0 
333000 2066 332.205 2053.188 9.159 0.7011 0.0 
334000 2068 343.089 2064.932 9.111 0.7503 0.0 
335000 2069 356.228 2084.357 9.238 0.7829 0.0 
336000 2072 344.342 2121.21 9.319 0.7474 0.0 
337000 2075 350.798 2139.535 9.428 0.7533 0.0 
338000 2079 340.431 2178.196 9.248 0.715 0.0 
339000 2083 341.336 2206.964 9.308 0.7089 0.0 
340000 2089 319.419 2258.559 9.093 0.6468 0.0 
341000 2094 302.715 2304.354 9.078 0.6007 0.0 
342000 2097 310.381 2324.501 9.063 0.6255 0.0 
343000 2104 288.976 2402.068 9.346 0.5717 0.0 
344000 2105 303.196 2411.522 9.347 0.6039 0.0 
345000 2106 317.132 2410.328 9.198 0.6322 0.0 
346000 2110 309.525 2433.983 8.671 0.6063 0.0 
347000 2111 306.635 2446.472 8.712 0.5984 0.0 
348000 2112 320.502 2459.849 8.809 0.6306 0.0 
349000 2116 328.044 2480.595 8.582 0.6451 0.0 
350000 2118 330.728 2489.903 8.36 0.6459 0.0 
351000 2120 340.391 2516.552 8.489 0.6673 0.0 
352000 2122 349.572 2544.409 8.745 0.701 0.0 
353000 2124 358.829 2550.649 8.78 0.7391 0.0 
354000 2125 355.452 2574.042 8.836 0.729 0.0 
355000 2127 373.836 2590.177 8.873 0.7877 0.0 
356000 2128 371.0 2610.765 8.985 0.7781 0.0 
357000 2129 383.58 2623.277 9.129 0.8252 0.0 
358000 2131 391.21 2632.696 9.159 0.8383 0.0 
359000 2132 403.386 2629.968 8.944 0.8814 0.0 
360000 2133 415.318 2633.22 8.727 0.9148 0.0 
361000 2135 421.711 2647.202 8.721 0.9282 0.0 
362000 2136 433.277 2662.358 8.677 0.9567 0.0 
363000 2138 437.999 2681.233 8.695 0.9835 0.0 
364000 2140 443.295 2696.754 8.696 0.9928 0.0 
365000 2141 454.429 2698.623 8.615 1.0197 0.0 
366000 2143 459.533 2714.985 8.523 1.027 0.0 
367000 2148 432.487 2763.739 8.564 0.9484 0.0 
368000 2150 439.801 2765.269 8.625 0.9786 0.0 
369000 2153 433.963 2774.101 8.273 0.9741 0.0 
370000 2155 423.999 2804.105 8.311 0.9448 0.0 
371000 2156 435.519 2823.961 8.411 0.9735 0.0 
372000 2158 441.752 2854.661 8.698 0.9788 0.0 
373000 2159 452.917 2863.489 8.832 1.0078 0.0 
374000 2160 463.859 2876.423 8.794 1.035 0.0 
375000 2162 471.485 2882.225 8.784 1.044 0.0 
376000 2163 465.455 2906.054 8.834 1.0268 0.0 
377000 2169 448.023 2951.215 8.989 0.967 0.0 
378000 2171 436.824 2997.403 9.182 0.9358 0.0 
379000 2172 448.087 3011.347 9.427 0.9683 0.0 
380000 2177 434.709 3059.754 9.449 0.9601 0.0 
381000 2178 446.014 3060.054 9.321 0.9826 0.0 
382000 2186 398.358 3135.545 9.349 0.864 0.0 
383000 2187 393.591 3142.452 9.335 0.8511 0.0 
384000 2195 368.886 3203.598 9.058 0.7848 0.0 
385000 2202 335.571 3276.256 9.096 0.7008 0.0 
386000 2205 339.526 3291.227 9.134 0.7028 0.0 
387000 2214 302.152 3365.784 9.005 0.6093 0.0 
388000 2215 316.109 3387.895 9.244 0.6443 0.0 
389000 2222 290.809 3453.911 9.15 0.5891 0.0 
390000 2229 270.85 3515.203 9.085 0.549 0.0 
391000 2237 251.065 3584.035 9.198 0.5046 0.0 
392000 2245 233.372 3659.637 9.21 0.455 0.0 
393000 2253 217.224 3724.379 9.055 0.4107 0.0 
394000 2260 205.841 3795.943 9.087 0.3813 0.0 
395000 2265 198.731 3833.778 8.958 0.3653 0.0 
396000 2269 209.765 3855.878 8.821 0.4066 0.0 
397000 2274 202.439 3908.603 8.691 0.384 0.0 
398000 2278 212.673 3934.882 8.814 0.4292 0.0 
399000 2286 199.332 4016.978 8.98 0.3928 0.0 
400000 2292 189.528 4079.596 9.109 0.3625 0.0 
401000 2295 202.833 4091.382 8.892 0.3955 0.0 
402000 2303 190.314 4174.067 8.982 0.3591 0.0 
403000 2311 180.636 4243.036 8.856 0.3393 0.0 
404000 2315 176.7 4288.129 8.958 0.3287 0.0 
405000 2317 192.023 4319.711 9.214 0.3724 0.0 
406000 2320 207.142 4334.858 9.182 0.4082 0.0 
407000 2328 196.229 4407.175 9.26 0.3746 0.0 
408000 2335 188.282 4451.146 8.813 0.3615 0.0 
409000 2344 175.762 4533.584 8.921 0.3314 0.0 
410000 2351 169.984 4614.04 9.165 0.31 0.0 
411000 2353 167.896 4639.309 9.082 0.3038 0.0 
412000 2361 176.22 4705.166 9.276 0.3164 0.0 
413000 2369 169.342 4773.415 9.162 0.3063 0.0 
414000 2376 164.389 4855.642 9.365 0.2911 0.0 
415000 2384 159.022 4925.038 9.394 0.2739 0.0 
416000 2391 156.353 4999.812 9.48 0.2693 0.0 
417000 2393 155.195 5020.341 9.446 0.2691 0.0 
418000 2401 164.269 5090.032 9.511 0.3071 0.0 
419000 2410 156.139 5174.528 9.478 0.2771 0.0 
420000 2420 144.595 5249.845 9.091 0.2448 0.0 
421000 2429 139.66 5321.911 9.002 0.2256 0.0 
422000 2430 139.267 5353.629 8.974 0.2238 0.0 
423000 2438 152.199 5412.713 9.042 0.2561 0.0 
424000 2446 148.17 5475.616 8.917 0.2398 0.0 
425000 2454 145.598 5554.174 9.032 0.2268 0.0 
426000 2458 144.202 5614.051 9.219 0.2202 0.0 
427000 2462 160.24 5653.599 9.589 0.2612 0.0 
428000 2468 159.271 5720.189 9.58 0.2505 0.0 
429000 2470 158.889 5753.794 9.648 0.2476 0.0 
430000 2471 175.711 5759.96 9.798 0.2938 0.0 
431000 2478 185.956 5812.049 9.694 0.3066 0.0 
432000 2485 179.158 5882.866 9.64 0.2854 0.0 
433000 2492 175.788 5948.768 9.657 0.2698 0.0 
434000 2498 173.714 6019.336 9.821 0.2605 0.0 
435000 2499 190.24 6027.3 9.847 0.3051 0.0 
436000 2500 206.435 6035.822 9.768 0.356 0.0 
437000 2507 197.76 6103.312 9.829 0.3309 0.0 
438000 2509 196.379 6132.018 9.851 0.3254 0.0 
439000 2511 211.483 6159.179 9.789 0.3643 0.0 
440000 2516 220.653 6199.825 10.026 0.3773 0.0 
441000 2518 218.333 6227.739 10.026 0.3726 0.0 
442000 2523 227.821 6279.45 10.144 0.3932 0.0 
443000 2524 243.265 6289.574 10.165 0.4292 0.0 
444000 2526 240.16 6318.093 10.119 0.4198 0.0 
445000 2529 251.47 6343.88 10.073 0.4487 0.0 
446000 2531 264.751 6366.853 10.057 0.4795 0.0 
447000 2532 279.456 6377.86 9.989 0.5103 0.0 
448000 2534 290.79 6382.054 9.952 0.539 0.0 
449000 2535 288.374 6399.583 9.93 0.5319 0.0 
450000 2538 296.547 6420.955 9.909 0.5511 0.0 
451000 2540 302.741 6432.776 9.672 0.5652 0.0 
452000 2543 308.213 6452.695 9.491 0.5728 0.0 
453000 2546 314.451 6482.601 9.516 0.6011 0.0 
454000 2549 320.214 6502.415 9.518 0.6262 0.0 
455000 2556 296.977 6573.985 9.625 0.5672 0.0 
456000 2562 278.429 6641.754 9.644 0.521 0.0 
457000 2563 292.86 6661.022 9.76 0.5671 0.0 
458000 2565 303.763 6673.598 9.83 0.5973 0.0 
459000 2566 300.347 6697.917 9.861 0.5887 0.0 
460000 2569 307.584 6736.957 10.106 0.6106 0.0 
461000 2573 312.413 6781.216 10.17 0.6237 0.0 
462000 2575 322.301 6789.782 10.204 0.6514 0.0 
463000 2576 335.855 6799.449 10.195 0.7035 0.0 
464000 2578 327.405 6831.49 10.168 0.6844 0.0 
465000 2580 336.46 6843.01 9.997 0.7157 0.0 
466000 2584 338.774 6886.463 10.177 0.7218 0.0 
467000 2586 332.07 6907.732 10.088 0.7023 0.0 
468000 2590 333.874 6954.001 10.12 0.7051 0.0 
469000 2591 347.197 6963.23 10.201 0.7417 0.0 
470000 2593 355.868 6984.368 10.212 0.7615 0.0 
471000 2595 364.276 7002.479 10.337 0.7869 0.0 
472000 2596 376.99 7006.781 10.205 0.836 0.0 
473000 2603 344.852 7074.334 10.072 0.7472 0.0 
474000 2609 323.957 7144.383 10.079 0.6853 0.0 
475000 2611 332.929 7166.635 10.432 0.7122 0.0 
476000 2619 301.809 7248.518 10.394 0.6342 0.0 
477000 2625 282.193 7325.23 10.434 0.5833 0.0 
478000 2626 296.55 7337.899 10.43 0.6368 0.0 
479000 2629 303.361 7364.133 10.634 0.6741 0.0 
480000 2636 281.326 7434.993 10.499 0.6127 0.0 
481000 2643 263.031 7509.333 10.556 0.5554 0.0 
482000 2652 238.265 7591.354 10.281 0.4839 0.0 
483000 2659 224.427 7664.925 10.193 0.4405 0.0 
484000 2668 207.111 7743.597 10.098 0.3898 0.0 
485000 2676 193.186 7814.86 9.842 0.3508 0.0 
