1000 10 17.069 -179.455 -3.342 0.0172 0 0 0 
2000 20 32.446 -346.657 -5.505 0.0325 0 0 0 
3000 30 45.835 -471.077 -7.01 0.0501 0 0 0 
4000 39 55.252 -585.581 -7.669 0.0579 0 0 0 
5000 53 60.196 -728.249 -8.343 0.065 0 0 0 
6000 66 63.963 -815.767 -7.978 0.0723 0 0 0 
7000 78 68.152 -931.901 -8.389 0.0782 0 0 0 
8000 93 68.089 -997.882 -7.392 0.0889 0 0 0 
9000 106 69.398 -1077.663 -7.037 0.0991 0 0 0 
10000 119 70.81 -1137.41 -6.49 0.0957 0 0 0 
11000 132 71.851 -1202.64 -6.155 0.094 0 0 0 
12000 146 73.117 -1252.267 -5.609 0.0921 0 0 0 
13000 158 73.858 -1324.516 -5.577 0.0907 0 0 0 
14000 172 74.27 -1381.418 -5.283 0.088 0 0 0 
15000 185 74.497 -1458.886 -5.418 0.0847 0 0 0 
16000 199 73.839 -1533.002 -5.481 0.0823 0 0 0 
17000 212 75.071 -1586.466 -5.174 0.0819 0 0 0 
18000 224 76.601 -1644.56 -5.085 0.0881 0 0 0 
19000 238 75.413 -1698.001 -4.764 0.0843 0 0 0 
20000 252 74.041 -1734.906 -4.237 0.081 0 0 0 
21000 266 73.678 -1786.193 -4.114 0.0793 0 0 0 
22000 279 73.763 -1844.994 -4.182 0.0783 0 0 0 
23000 292 74.62 -1905.643 -4.331 0.0784 0 0 0 
24000 306 74.015 -1930.644 -3.683 0.0775 0 0 0 
25000 316 77.596 -1935.953 -3.084 0.0817 0 0 0 
26000 326 82.167 -1991.809 -3.575 0.0883 0 0 0 
27000 339 82.023 -2037.201 -3.533 0.0899 0 0 0 
28000 350 83.493 -2049.341 -3.036 0.1042 0 0 0 
29000 361 85.224 -2066.22 -2.754 0.1179 0 0 0 
30000 372 84.727 -2082.243 -2.469 0.1233 0 0 0 
31000 383 87.392 -2102.132 -2.418 0.1223 0 0 0 
32000 393 88.188 -2113.571 -2.169 0.1234 0 0 0 
33000 404 89.627 -2124.478 -1.91 0.1244 0 0 0 
34000 415 89.241 -2175.163 -2.481 0.131 0 0 0 
35000 427 89.459 -2226.702 -2.87 0.1257 0 0 0 
36000 438 89.299 -2241.663 -2.555 0.121 0 0 0 
37000 449 88.524 -2257.159 -2.292 0.1165 0 0 0 
38000 460 90.241 -2253.676 -1.757 0.1155 0 0 0 
39000 470 91.532 -2271.417 -1.797 0.1143 0 0 0 
40000 480 91.387 -2307.443 -2.112 0.1115 0 0 0 
41000 490 93.795 -2362.878 -2.689 0.1126 0 0 0 
42000 501 93.185 -2404.312 -2.904 0.1097 0 0 0 
43000 514 90.096 -2446.883 -3.025 0.1047 0 0 0 
44000 527 87.225 -2483.304 -2.986 0.1093 0 0 0 
45000 541 83.556 -2502.156 -2.618 0.108 0 0 0 
46000 554 81.693 -2547.926 -2.81 0.1025 0 0 0 
47000 565 83.042 -2562.616 -2.536 0.1003 0 0 0 
48000 576 85.222 -2560.263 -2.109 0.0999 0 0 0 
49000 586 87.062 -2574.004 -1.899 0.1003 0 0 0 
50000 596 89.105 -2610.109 -2.223 0.1017 0 0 0 
51000 603 96.352 -2631.201 -2.342 0.1096 0 0 0 
52000 610 103.062 -2668.061 -2.732 0.1176 0 0 0 
53000 618 105.476 -2732.977 -3.509 0.1195 0 0 0 
54000 628 104.896 -2715.567 -2.55 0.1235 0 0 0 
55000 637 105.58 -2774.909 -3.053 0.1259 0 0 0 
56000 647 105.478 -2837.657 -3.708 0.1246 0 0 0 
57000 658 102.018 -2869.356 -3.531 0.1193 0 0 0 
58000 668 101.283 -2842.759 -2.455 0.1184 0 0 0 
59000 678 101.169 -2842.967 -1.953 0.1181 0 0 0 
60000 689 98.473 -2852.65 -1.858 0.1158 0 0 0 
61000 701 96.558 -2843.649 -1.201 0.1143 0 0 0 
62000 713 93.391 -2856.718 -1.135 0.112 0 0 0 
63000 726 89.814 -2869.402 -1.102 0.1068 0 0 0 
64000 739 86.406 -2868.391 -0.779 0.1018 0 0 0 
65000 752 84.679 -2886.366 -0.98 0.1016 0 0 0 
66000 765 82.583 -2921.771 -1.326 0.0965 0 0 0 
67000 779 79.811 -2947.892 -1.474 0.0934 0 0 0 
68000 792 78.466 -2975.296 -1.6 0.0939 0 0 0 
69000 804 79.833 -2959.181 -0.941 0.0959 0 0 0 
70000 817 79.85 -2961.852 -0.805 0.1012 0 0 0 
71000 829 79.91 -2977.802 -0.877 0.1012 0 0 0 
72000 841 80.983 -2970.085 -0.509 0.1039 0 0 0 
73000 852 81.499 -2963.82 -0.394 0.106 0 0 0 
74000 862 86.3 -2934.553 0.298 0.117 0 0 0 
75000 873 86.899 -2945.365 0.086 0.117 0 0 0 
76000 883 88.82 -2946.849 0.072 0.12 0 0 0 
77000 895 88.643 -2951.552 -0.072 0.1207 0 0 0 
78000 906 88.202 -2943.436 0.135 0.1189 0 0 0 
79000 919 85.471 -2981.135 -0.568 0.1125 0 0 0 
80000 930 86.505 -2977.942 -0.392 0.1114 0 0 0 
81000 941 87.154 -2971.2 -0.31 0.1091 0 0 0 
82000 950 91.846 -2972.124 -0.172 0.1126 0 0 0 
83000 959 95.3 -2995.691 -0.54 0.1153 0 0 0 
84000 963 96.213 -3000.606 -0.788 0.1157 0 0 0 
85000 968 116.528 -3013.341 -0.772 0.1594 0 0 0 
86000 977 115.066 -3050.944 -1.282 0.1593 0 0 0 
87000 986 113.988 -3053.515 -1.173 0.1663 0 0 0 
88000 995 113.905 -3062.718 -1.206 0.1657 0 0 0 
89000 1004 113.868 -3085.274 -1.378 0.1673 0 0 0 
90000 1014 108.424 -3109.48 -1.6 0.1644 0 0 0 
91000 1017 124.521 -3101.213 -1.375 0.2241 0 0 0 
92000 1029 115.777 -3094.678 -0.979 0.2099 0 0 0 
93000 1040 110.544 -3055.823 -0.096 0.217 0 0 0 
94000 1050 108.583 -3063.677 -0.195 0.2193 0 0 0 
95000 1064 99.485 -3077.206 -0.393 0.2236 0 0 0 
96000 1077 94.299 -3105.205 -0.784 0.2011 0 0 0 
97000 1089 91.521 -3108.068 -0.614 0.181 0 0 0 
98000 1102 88.948 -3098.196 -0.366 0.1655 0 0 0 
99000 1113 88.384 -3097.269 -0.241 0.1604 0 0 0 
100000 1124 87.758 -3062.869 0.266 0.149 0 0 0 
101000 1136 88.629 -3087.095 -0.131 0.1427 0 0 0 
102000 1146 89.091 -3073.265 -0.092 0.1918 0 0 0 
103000 1156 91.75 -3051.423 0.491 0.1998 0 0 0 
104000 1167 92.413 -3049.497 0.488 0.2016 0 0 0 
105000 1179 90.762 -3063.304 0.097 0.1909 0 0 0 
106000 1189 91.858 -3034.282 0.638 0.1872 0 0 0 
107000 1200 92.237 -3048.899 0.195 0.1881 0 0 0 
108000 1213 88.708 -3049.02 0.115 0.1778 0 0 0 
109000 1226 85.649 -3061.612 -0.119 0.1613 0 0 0 
110000 1237 85.984 -3035.069 0.254 0.1557 0 0 0 
111000 1250 84.64 -3024.929 0.496 0.1523 0 0 0 
112000 1261 84.983 -3004.621 0.73 0.162 0 0 0 
113000 1269 85.848 -2998.075 0.569 0.1621 0 0 0 
114000 1274 102.081 -3002.394 0.698 0.1921 0 0 0 
115000 1276 102.207 -2975.641 0.849 0.1894 0 0 0 
116000 1286 115.374 -2976.923 0.935 0.2167 0 0 0 
117000 1297 110.494 -2958.849 1.012 0.1979 0 0 0 
118000 1309 104.372 -2928.431 1.403 0.1822 0 0 0 
119000 1321 99.58 -2938.562 0.963 0.1649 0 0 0 
120000 1333 96.001 -2905.632 1.315 0.149 0 0 0 
121000 1346 91.881 -2860.682 1.836 0.1345 0 0 0 
122000 1358 90.044 -2826.705 2.05 0.1824 0 0 0 
123000 1368 91.46 -2785.95 2.277 0.202 0 0 0 
124000 1372 91.037 -2768.846 2.567 0.2046 0 0 0 
125000 1376 107.72 -2763.51 2.412 0.2605 0 0 0 
126000 1377 125.565 -2764.89 2.309 0.3176 0 0 0 
127000 1380 141.015 -2768.837 2.075 0.3564 0 0 0 
128000 1382 144.43 -2771.399 1.874 0.3585 0 0 0 
129000 1391 152.565 -2757.865 1.992 0.3707 0 0 0 
130000 1399 147.494 -2745.922 1.9 0.3594 0 0 0 
131000 1403 145.055 -2717.83 2.122 0.3471 0 0 0 
132000 1410 154.578 -2721.469 1.884 0.3622 0 0 0 
133000 1414 150.828 -2712.462 1.872 0.3459 0 0 0 
134000 1417 165.231 -2691.061 2.104 0.3698 0 0 0 
135000 1419 180.528 -2687.464 2.044 0.4122 0 0 0 
136000 1423 190.15 -2705.678 1.813 0.4294 0 0 0 
137000 1429 178.744 -2688.102 1.801 0.3916 0 0 0 
138000 1436 181.679 -2697.635 1.456 0.3778 0 0 0 
139000 1448 160.522 -2695.121 1.171 0.3165 0 0 0 
140000 1457 148.652 -2633.311 1.929 0.2815 0 0 0 
141000 1461 160.62 -2626.151 2.141 0.3033 0 0 0 
142000 1467 159.048 -2632.404 1.487 0.2903 0 0 0 
143000 1469 173.81 -2655.838 1.265 0.316 0 0 0 
144000 1480 156.944 -2617.391 1.737 0.2725 0 0 0 
145000 1491 143.446 -2578.834 1.979 0.2375 0 0 0 
146000 1504 128.896 -2543.045 2.24 0.2036 0 0 0 
147000 1515 121.239 -2511.083 2.347 0.1828 0 0 0 
148000 1521 117.478 -2471.37 2.541 0.1733 0 0 0 
149000 1526 132.465 -2466.788 2.49 0.2058 0 0 0 
150000 1535 129.464 -2418.925 2.995 0.1931 0 0 0 
151000 1545 125.061 -2378.263 3.335 0.1797 0 0 0 
152000 1549 123.271 -2352.092 3.394 0.1745 0 0 0 
153000 1555 137.496 -2332.103 3.486 0.2043 0 0 0 
154000 1564 132.75 -2310.456 3.312 0.1908 0 0 0 
155000 1574 127.45 -2283.019 3.35 0.1768 0 0 0 
156000 1584 123.35 -2243.395 3.417 0.166 0 0 0 
157000 1590 122.64 -2180.472 3.83 0.1623 0 0 0 
158000 1591 140.187 -2161.215 4.251 0.2035 0 0 0 
159000 1592 157.383 -2156.637 4.23 0.2382 0 0 0 
160000 1595 171.845 -2168.895 3.958 0.2704 0 0 0 
161000 1596 188.408 -2153.476 4.212 0.3118 0 0 0 
162000 1605 176.244 -2133.908 4.0 0.2815 0 0 0 
163000 1615 161.757 -2074.444 4.274 0.25 0 0 0 
164000 1626 147.26 -2027.551 4.226 0.22 0 0 0 
165000 1636 140.04 -1997.292 4.012 0.2022 0 0 0 
166000 1647 129.053 -2036.9 2.701 0.1809 0 0 0 
167000 1659 119.942 -2025.417 2.251 0.1636 0 0 0 
168000 1668 114.799 -1975.5 2.517 0.1531 0 0 0 
169000 1671 130.679 -1963.531 2.78 0.1813 0 0 0 
170000 1684 119.291 -1985.646 1.771 0.1602 0 0 0 
171000 1698 107.353 -1960.973 1.746 0.14 0 0 0 
172000 1711 100.193 -1953.972 1.469 0.1268 0 0 0 
173000 1722 97.605 -1901.459 1.959 0.121 0 0 0 
174000 1734 94.614 -1874.271 2.166 0.1154 0 0 0 
175000 1747 91.766 -1840.653 2.26 0.1101 0 0 0 
176000 1759 88.711 -1810.701 2.281 0.1056 0 0 0 
177000 1770 90.005 -1769.117 2.633 0.1056 0 0 0 
178000 1779 92.491 -1721.62 2.968 0.1072 0 0 0 
179000 1782 107.418 -1704.312 3.214 0.1327 0 0 0 
180000 1792 106.167 -1689.123 2.894 0.1292 0 0 0 
181000 1803 103.481 -1640.648 3.164 0.1239 0 0 0 
182000 1816 97.175 -1605.9 3.043 0.1147 0 0 0 
183000 1829 92.173 -1584.219 2.728 0.1073 0 0 0 
184000 1842 88.072 -1561.914 2.375 0.1021 0 0 0 
185000 1854 87.31 -1552.04 2.066 0.1004 0 0 0 
186000 1866 86.759 -1533.158 2.051 0.1001 0 0 0 
187000 1879 84.733 -1494.78 2.245 0.0972 0 0 0 
188000 1889 84.384 -1428.709 2.763 0.0967 0 0 0 
189000 1892 101.858 -1417.449 3.132 0.1371 0 0 0 
190000 1893 101.981 -1403.359 3.244 0.1369 0 0 0 
191000 1897 119.44 -1363.702 3.507 0.1721 0 0 0 
192000 1903 134.64 -1329.267 4.111 0.2013 0 0 0 
193000 1904 151.948 -1307.445 4.427 0.2461 0 0 0 
194000 1911 149.103 -1225.374 5.19 0.2339 0 0 0 
195000 1912 166.121 -1213.416 5.321 0.2812 0 0 0 
196000 1919 160.04 -1143.412 5.838 0.2626 0 0 0 
197000 1920 176.839 -1135.997 5.937 0.3089 0 0 0 
198000 1921 193.303 -1115.448 6.183 0.3482 0 0 0 
199000 1924 206.542 -1093.552 6.532 0.3742 0 0 0 
200000 1925 205.111 -1073.043 6.573 0.3698 0 0 0 
201000 1927 219.428 -1048.965 6.708 0.4091 0 0 0 
202000 1931 232.192 -1001.33 7.19 0.44 0 0 0 
203000 1932 247.548 -986.66 7.4 0.4893 0 0 0 
204000 1933 262.597 -971.678 7.516 0.5306 0 0 0 
205000 1935 275.238 -964.811 7.572 0.5588 0 0 0 
206000 1936 289.733 -957.956 7.559 0.5872 0 0 0 
207000 1938 290.947 -953.34 7.16 0.5824 0 0 0 
208000 1941 297.075 -931.522 7.214 0.6069 0 0 0 
209000 1944 288.002 -904.682 7.13 0.5818 0 0 0 
210000 1945 302.242 -890.024 7.341 0.6168 0 0 0 
211000 1946 316.197 -884.089 7.372 0.646 0 0 0 
212000 1950 318.079 -845.55 7.496 0.6625 0 0 0 
213000 1952 328.203 -823.431 7.709 0.6877 0 0 0 
214000 1954 336.867 -817.06 7.672 0.7102 0 0 0 
215000 1955 350.129 -806.002 7.675 0.7365 0 0 0 
216000 1956 363.127 -795.121 7.763 0.7661 0 0 0 
217000 1957 375.864 -785.103 7.767 0.8035 0 0 0 
218000 1959 365.654 -754.104 7.879 0.7781 0 0 0 
219000 1960 378.341 -742.626 7.985 0.8151 0 0 0 
220000 1962 385.419 -718.944 8.196 0.8384 0 0 0 
221000 1964 391.976 -709.347 8.14 0.8553 0 0 0 
222000 1966 398.494 -690.197 8.15 0.8832 0 0 0 
223000 1967 410.524 -684.361 8.07 0.9158 0 0 0 
224000 1971 405.433 -651.363 8.163 0.8963 0 0 0 
225000 1972 417.324 -645.79 8.209 0.9231 0 0 0 
226000 1975 401.165 -610.016 8.204 0.879 0 0 0 
227000 1977 407.459 -580.745 8.403 0.8929 0 0 0 
228000 1982 396.531 -542.862 8.688 0.8691 0 0 0 
229000 1990 355.467 -475.587 8.645 0.7608 0 0 0 
230000 1992 345.956 -455.343 8.427 0.7364 0 0 0 
231000 1994 354.056 -435.193 8.439 0.7562 0 0 0 
232000 1995 366.975 -426.112 8.502 0.7813 0 0 0 
233000 1996 379.636 -422.883 8.611 0.815 0 0 0 
234000 1999 380.336 -385.723 8.532 0.8125 0 0 0 
235000 2001 387.735 -357.353 8.811 0.8365 0 0 0 
236000 2002 399.98 -348.285 8.93 0.8784 0 0 0 
237000 2005 401.321 -327.26 8.848 0.8796 0 0 0 
238000 2006 413.295 -328.431 8.706 0.9102 0 0 0 
239000 2007 408.549 -315.612 8.699 0.8962 0 0 0 
240000 2009 414.01 -306.099 8.673 0.9121 0 0 0 
241000 2010 422.89 -294.688 8.541 0.9273 0 0 0 
242000 2011 434.432 -282.249 8.626 0.9629 0 0 0 
243000 2013 439.049 -258.877 8.652 0.9737 0 0 0 
244000 2017 431.242 -222.91 8.702 0.9493 0 0 0 
245000 2019 436.645 -206.858 8.759 0.9619 0 0 0 
246000 2022 425.432 -178.798 8.758 0.9251 0 0 0 
247000 2024 431.325 -160.779 8.709 0.9402 0 0 0 
248000 2025 442.698 -148.018 8.823 0.9741 0 0 0 
249000 2027 451.747 -158.48 8.458 0.9915 0 0 0 
250000 2028 462.712 -150.456 8.443 1.0251 0 0 0 
251000 2030 452.029 -125.862 8.585 0.9942 0 0 0 
252000 2033 452.912 -103.774 8.434 0.993 0 0 0 
253000 2035 459.077 -109.957 8.149 0.9991 0 0 0 
254000 2036 469.895 -94.964 8.279 1.053 0 0 0 
255000 2037 480.497 -85.152 8.246 1.1072 0 0 0 
256000 2040 460.563 -44.049 8.366 1.0677 0 0 0 
257000 2041 471.352 -29.106 8.349 1.158 0 0 0 
258000 2045 462.541 1.588 8.545 1.2105 0 0 0 
259000 2046 473.29 18.865 8.719 1.3671 0 0 0 
260000 2047 483.824 29.068 8.803 1.4639 0 0 0 
261000 2048 494.147 39.234 8.801 1.5266 0 0 0 
262000 2050 483.568 55.596 8.81 1.4855 0 0 0 
263000 2052 486.779 79.443 8.798 1.5391 0 0 0 
264000 2053 497.043 86.807 8.781 1.598 0 0 0 
265000 2057 485.934 123.672 8.814 1.6004 0 0 0 
266000 2061 458.068 156.415 8.793 1.4987 0 0 0 
