10000 576 17.331 3080.167 5.397 0.0113 0.0 
20000 1153 17.079 6157.993 5.185 0.0113 0.0 
30000 1732 17.123 9227.323 4.883 0.0115 0.0 
40000 2321 16.8 12332.961 5.385 0.0113 0.0 
50000 2906 16.578 15380.086 4.274 0.0111 0.0 
60000 3486 17.05 18393.933 5.386 0.0115 0.0 
70000 4074 17.218 21396.97 5.139 0.0115 0.0 
80000 4653 17.35 24472.174 5.236 0.0116 0.0 
90000 5238 17.136 27667.3 5.577 0.0115 0.0 
100000 5816 17.587 30935.18 5.412 0.0118 0.0 
110000 6308 20.184 35678.899 12.027 0.2027 0.0 
120000 6770 22.109 42332.298 15.572 0.2229 0.0 
130000 7174 24.457 49398.873 17.082 0.2463 0.0 
140000 7604 22.249 56472.18 15.579 0.2202 0.0 
150000 8063 21.527 63433.665 14.838 0.2112 0.0 
160000 8490 24.868 70608.367 18.64 0.2511 0.0 
170000 8763 43.068 78391.27 35.633 0.4341 0.0 
180000 8897 86.706 85836.191 60.766 0.8658 0.0 
190000 8968 131.16 92712.727 90.933 1.3073 0.0 
200000 9018 170.913 99937.606 123.029 1.7065 0.0 
210000 9061 201.617 107274.981 147.374 2.0055 0.0 
220000 9120 171.884 114873.529 128.923 1.7154 0.0 
230000 9204 125.716 123661.426 107.829 1.2564 0.0 
240000 9314 94.256 133010.661 87.77 0.9537 0.0 
250000 9432 81.999 142950.212 82.284 0.8369 0.0 
260000 9572 70.43 153077.779 71.0 0.7204 0.0 
270000 9731 62.541 163523.916 65.174 0.6367 0.0 
280000 9869 75.829 173375.462 74.576 0.7578 0.0 
290000 9945 124.44 182130.152 109.666 1.2581 0.0 
300000 10011 140.234 190627.803 121.034 1.4102 0.0 
310000 10039 232.471 197523.8 173.849 2.3286 0.0 
320000 10078 239.006 204988.944 179.589 2.4089 0.0 
330000 10103 306.709 212775.523 234.555 3.0679 0.0 
340000 10117 404.176 219572.509 294.656 4.0365 0.0 
350000 10129 500.085 227629.949 378.501 5.0092 0.0 
360000 10140 572.636 236230.892 452.124 5.7338 0.0 
370000 10154 614.319 244755.995 496.961 6.1525 0.0 
380000 10166 654.856 253772.443 546.288 6.5486 0.0 
390000 10179 688.342 262353.122 578.777 6.8848 0.0 
400000 10191 722.348 270868.945 609.683 7.2366 0.0 
410000 10212 633.107 279236.979 532.49 6.3324 0.0 
420000 10258 368.006 287989.562 316.904 3.6786 0.0 
430000 10323 209.648 297979.049 195.407 2.0999 0.0 
440000 10363 237.713 308413.288 237.194 2.3865 0.0 
450000 10382 320.453 318787.817 324.786 3.2206 0.0 
460000 10396 434.881 329417.915 452.273 4.3407 0.0 
470000 10408 519.617 340146.412 547.045 5.1791 0.0 
480000 10423 556.397 351802.681 605.365 5.5467 0.0 
490000 10434 619.179 363807.991 693.636 6.1745 0.0 
500000 10445 680.489 376634.867 790.938 6.7979 0.0 
510000 10456 726.99 389748.863 872.157 7.2633 0.0 
520000 10470 709.293 402810.283 867.484 7.0911 0.0 
530000 10485 704.103 416364.56 884.368 7.0454 0.0 
540000 10496 741.465 429717.638 946.148 7.43 0.0 
550000 10506 781.154 442822.013 1001.305 7.8011 0.0 
560000 10526 682.904 456210.139 884.311 6.8287 0.0 
570000 10546 620.069 465888.106 751.534 6.2106 0.0 
580000 10594 373.358 474893.583 408.133 3.7595 0.0 
590000 10613 418.025 483807.348 419.604 4.1879 0.0 
600000 10627 496.149 493647.785 497.588 4.9914 0.0 
610000 10642 544.226 506170.153 590.253 5.4709 0.0 
620000 10664 510.751 517386.683 560.083 5.151 0.0 
630000 10676 573.655 531478.579 681.904 5.7711 0.0 
640000 10686 645.932 546180.859 817.993 6.4979 0.0 
650000 10699 686.461 560774.865 906.48 6.8941 0.0 
660000 10711 711.323 574828.874 954.151 7.1467 0.0 
670000 10726 694.582 587887.751 930.084 6.9647 0.0 
680000 10737 731.629 596866.018 902.955 7.3351 0.0 
690000 10748 769.619 605788.737 888.344 7.7274 0.0 
700000 10770 660.871 615119.014 725.552 6.6403 0.0 
710000 10787 631.807 624416.155 661.938 6.3536 0.0 
720000 10800 662.604 635249.035 699.978 6.6515 0.0 
730000 10813 692.054 645399.08 729.894 6.9407 0.0 
740000 10825 720.194 657774.191 791.951 7.2329 0.0 
750000 10835 765.047 669359.157 846.448 7.6778 0.0 
760000 10846 795.992 682407.967 917.475 7.9799 0.0 
770000 10857 829.312 696931.696 1014.38 8.3058 0.0 
780000 10867 860.536 710246.75 1073.507 8.6263 0.0 
790000 10877 875.159 721126.83 1067.047 8.7836 0.0 
800000 10888 887.617 734030.735 1092.785 8.9033 0.0 
810000 10902 846.913 746521.724 1042.959 8.486 0.0 
820000 10913 850.507 756901.886 1013.159 8.5287 0.0 
830000 10926 825.847 767798.604 963.289 8.2777 0.0 
840000 10942 784.581 781312.617 950.994 7.8633 0.0 
850000 10963 673.31 794919.839 835.199 6.7615 0.0 
860000 10983 619.094 810215.236 816.883 6.2082 0.0 
870000 11005 572.225 821009.282 710.993 5.7563 0.0 
880000 11025 542.684 832224.854 651.246 5.4537 0.0 
890000 11039 583.24 844160.283 696.029 5.8706 0.0 
900000 11056 573.973 854700.15 669.307 5.7826 0.0 
910000 11068 640.394 864820.191 713.961 6.4591 0.0 
920000 11078 695.513 877644.661 799.63 7.0078 0.0 
930000 11089 740.377 888620.88 845.825 7.4521 0.0 
940000 11100 783.296 898709.914 872.78 7.9187 0.0 
950000 11110 822.937 913665.657 985.84 8.2926 0.0 
960000 11120 846.952 926107.345 1015.659 8.5205 0.0 
970000 11131 851.361 936952.838 1012.793 8.5656 0.0 
980000 11146 809.621 946430.437 908.664 8.1311 0.0 
990000 11160 788.687 953842.599 823.609 7.9293 0.0 
1000000 11172 801.587 963686.001 827.852 8.096 0.0 
1010000 11182 824.493 977324.869 904.044 8.3105 0.0 
1020000 11193 845.097 991499.872 986.09 8.5018 0.0 
1030000 11205 836.434 1003629.91 978.151 8.417 0.0 
1040000 11220 797.312 1015043.352 930.163 8.0158 0.0 
1050000 11237 737.935 1024207.365 822.44 7.4057 0.0 
1060000 11252 714.645 1031875.023 737.561 7.1687 0.0 
1070000 11265 734.908 1040475.415 724.614 7.3886 0.0 
1080000 11275 778.364 1047312.768 710.925 7.8346 0.0 
1090000 11288 773.335 1054685.742 675.866 7.7842 0.0 
1100000 11306 707.656 1063843.301 623.915 7.1111 0.0 
1110000 11321 707.779 1074929.894 667.123 7.1178 0.0 
1120000 11332 735.56 1084794.399 701.86 7.4144 0.0 
1130000 11343 784.914 1094769.929 755.853 7.8808 0.0 
1140000 11353 815.335 1105945.621 808.762 8.1996 0.0 
1150000 11364 843.145 1120585.129 926.314 8.4716 0.0 
1160000 11374 867.04 1134886.025 1011.786 8.6835 0.0 
1170000 11386 863.316 1148516.962 1042.286 8.6407 0.0 
1180000 11396 888.32 1162159.282 1100.351 8.8967 0.0 
1190000 11407 879.254 1172173.245 1052.978 8.7974 0.0 
1200000 11421 849.651 1183735.447 1003.73 8.5224 0.0 
1210000 11432 862.151 1192658.272 967.112 8.6739 0.0 
1220000 11445 840.922 1202619.474 918.241 8.4726 0.0 
1230000 11458 820.768 1212498.105 884.396 8.2789 0.0 
1240000 11469 839.571 1222242.818 882.696 8.4691 0.0 
1250000 11479 856.882 1233460.559 908.689 8.6358 0.0 
1260000 11496 778.384 1244849.087 843.097 7.8344 0.0 
1270000 11512 742.949 1257850.951 846.142 7.4676 0.0 
1280000 11523 771.736 1273284.115 948.824 7.7426 0.0 
1290000 11535 786.33 1285228.575 969.509 7.8974 0.0 
1300000 11548 794.438 1298523.159 992.146 7.9739 0.0 
1310000 11559 817.645 1309729.06 997.066 8.2131 0.0 
1320000 11571 813.573 1321197.034 981.401 8.1796 0.0 
1330000 11584 800.847 1332838.269 959.097 8.0564 0.0 
1340000 11606 677.753 1344400.126 801.072 6.8048 0.0 
1350000 11626 620.924 1356073.065 736.81 6.245 0.0 
1360000 11636 690.267 1364795.547 759.22 6.9554 0.0 
1370000 11648 715.863 1376933.84 806.193 7.1942 0.0 
1380000 11659 762.862 1386475.431 830.282 7.6724 0.0 
1390000 11669 793.401 1400103.465 908.027 7.9826 0.0 
1400000 11682 798.288 1411399.406 914.719 8.03 0.0 
1410000 11693 825.16 1422487.567 941.106 8.2936 0.0 
1420000 11703 857.143 1432854.938 957.903 8.6186 0.0 
1430000 11718 805.396 1443969.508 897.779 8.092 0.0 
1440000 11729 829.431 1454887.449 922.895 8.3432 0.0 
1450000 11739 845.058 1465271.267 935.529 8.5006 0.0 
1460000 11754 804.54 1477578.36 904.987 8.0909 0.0 
1470000 11764 840.295 1492241.2 1004.384 8.4547 0.0 
1480000 11778 813.594 1505530.545 999.561 8.1883 0.0 
1490000 11789 825.344 1521212.609 1070.77 8.2947 0.0 
1500000 11800 834.188 1537057.865 1132.616 8.362 0.0 
1510000 11812 836.771 1548058.489 1098.58 8.3972 0.0 
1520000 11827 795.782 1558349.479 995.367 7.974 0.0 
1530000 11848 683.447 1567440.932 800.79 6.8838 0.0 
1540000 11866 647.312 1578841.1 753.598 6.5185 0.0 
1550000 11881 650.83 1592235.051 784.244 6.5482 0.0 
1560000 11893 688.25 1605364.681 847.215 6.9128 0.0 
1570000 11906 710.311 1620374.554 924.194 7.1379 0.0 
1580000 11919 729.693 1635901.278 996.399 7.3512 0.0 
1590000 11930 766.473 1648821.274 1030.936 7.7249 0.0 
1600000 11943 770.035 1659100.167 982.562 7.7721 0.0 
1610000 11956 765.579 1670990.858 959.416 7.7076 0.0 
1620000 11967 786.259 1682444.169 961.654 7.9075 0.0 
1630000 11979 806.932 1695299.004 1002.713 8.1205 0.0 
1640000 11990 817.361 1709478.717 1040.514 8.2345 0.0 
1650000 12002 814.873 1723413.08 1057.927 8.1974 0.0 
1660000 12015 814.109 1736364.381 1057.841 8.1964 0.0 
1670000 12027 817.684 1746087.536 1004.887 8.2311 0.0 
1680000 12040 805.45 1757571.719 977.309 8.0986 0.0 
1690000 12052 810.13 1771391.011 1008.658 8.1285 0.0 
1700000 12064 819.479 1781596.085 981.901 8.2458 0.0 
1710000 12075 836.792 1794504.432 1018.051 8.3972 0.0 
1720000 12087 839.823 1807470.203 1039.094 8.4289 0.0 
1730000 12104 768.146 1819758.257 946.693 7.7102 0.0 
1740000 12119 736.174 1832659.413 921.14 7.4012 0.0 
1750000 12132 745.249 1843302.054 896.732 7.4941 0.0 
1760000 12144 752.734 1853926.406 890.054 7.5613 0.0 
1770000 12157 768.616 1865810.943 905.296 7.6956 0.0 
1780000 12170 764.841 1878541.833 916.206 7.6548 0.0 
1790000 12182 777.172 1892547.169 964.859 7.785 0.0 
1800000 12193 797.244 1903102.947 967.499 7.995 0.0 
1810000 12206 797.245 1914748.835 955.862 7.9884 0.0 
1820000 12218 806.178 1928640.262 997.395 8.0837 0.0 
1830000 12232 779.952 1943498.707 1005.675 7.8118 0.0 
1840000 12244 791.146 1957134.765 1033.099 7.9422 0.0 
1850000 12256 806.317 1971272.801 1072.67 8.0948 0.0 
1860000 12267 816.611 1985760.97 1102.356 8.2055 0.0 
1870000 12281 805.185 1999844.27 1102.868 8.1171 0.0 
1880000 12291 840.822 2013373.582 1148.581 8.4531 0.0 
1890000 12301 855.778 2028112.345 1194.41 8.5807 0.0 
1900000 12319 764.447 2041634.435 1061.595 7.6634 0.0 
1910000 12330 793.694 2053420.775 1049.009 7.9716 0.0 
1920000 12342 812.441 2063761.463 1029.014 8.1503 0.0 
1930000 12355 794.909 2074875.778 983.84 7.9695 0.0 
1940000 12370 771.802 2086390.415 936.368 7.7635 0.0 
1950000 12384 748.76 2097516.064 891.924 7.5259 0.0 
1960000 12399 732.855 2109033.691 861.844 7.3658 0.0 
1970000 12422 602.457 2119789.31 698.8 6.0787 0.0 
1980000 12439 601.962 2134605.939 748.11 6.0603 0.0 
1990000 12456 599.978 2150594.054 805.911 6.0506 0.0 
2000000 12470 623.638 2167433.71 897.846 6.2828 0.0 
2010000 12487 619.834 2179447.512 849.187 6.2578 0.0 
2020000 12498 678.772 2187141.845 825.187 6.8583 0.0 
2030000 12510 709.355 2193834.887 764.182 7.1517 0.0 
2040000 12521 750.895 2200967.895 743.381 7.5788 0.0 
2050000 12531 784.341 2211326.464 783.298 7.907 0.0 
2060000 12545 773.022 2225606.618 843.874 7.7612 0.0 
2070000 12558 773.336 2239052.119 890.827 7.7916 0.0 
2080000 12569 802.496 2253760.095 984.303 8.085 0.0 
2090000 12579 825.821 2268909.747 1074.287 8.3114 0.0 
2100000 12589 857.683 2284360.865 1144.041 8.6526 0.0 
2110000 12600 870.92 2301823.951 1241.334 8.7807 0.0 
2120000 12611 887.283 2318456.003 1308.651 8.9493 0.0 
2130000 12622 895.172 2335129.96 1356.354 9.0274 0.0 
2140000 12633 888.445 2351813.163 1371.014 8.9475 0.0 
2150000 12646 875.886 2368191.107 1371.93 8.8352 0.0 
2160000 12656 894.364 2385124.923 1421.804 9.0008 0.0 
2170000 12666 906.095 2401814.706 1468.69 9.1047 0.0 
2180000 12678 903.351 2418018.928 1453.952 9.0816 0.0 
2190000 12695 803.34 2432971.083 1272.596 8.0915 0.0 
2200000 12706 815.659 2448797.093 1293.078 8.2207 0.0 
2210000 12722 771.727 2465122.691 1230.562 7.7801 0.0 
2220000 12735 776.948 2483511.819 1284.25 7.8222 0.0 
2230000 12746 790.154 2502137.264 1340.306 7.954 0.0 
2240000 12760 777.732 2519037.348 1320.554 7.8117 0.0 
2250000 12774 762.576 2535283.428 1280.626 7.6621 0.0 
2260000 12787 752.886 2549119.378 1221.665 7.5459 0.0 
2270000 12801 758.126 2563476.793 1190.936 7.5822 0.0 
2280000 12814 765.263 2578943.688 1200.04 7.6606 0.0 
2290000 12831 715.97 2590448.895 1051.467 7.1767 0.0 
2300000 12845 699.537 2604731.097 1029.785 6.9906 0.0 
2310000 12870 585.997 2619025.198 848.913 5.8636 0.0 
2320000 12884 606.798 2631467.864 838.836 6.0859 0.0 
2330000 12899 630.894 2643336.389 843.49 6.3318 0.0 
2340000 12910 684.243 2657685.884 930.499 6.8867 0.0 
2350000 12921 721.753 2673195.048 1013.273 7.2592 0.0 
2360000 12933 751.01 2687950.209 1069.145 7.5441 0.0 
2370000 12944 780.561 2704344.675 1151.379 7.819 0.0 
2380000 12956 795.445 2719109.553 1172.301 7.9645 0.0 
2390000 12966 832.864 2732164.577 1197.271 8.3541 0.0 
2400000 12984 747.702 2740991.864 978.183 7.5138 0.0 
2410000 12996 751.731 2753022.674 963.612 7.5448 0.0 
2420000 13012 727.044 2767745.891 967.213 7.3128 0.0 
2430000 13029 682.936 2782995.103 940.525 6.8885 0.0 
2440000 13043 693.04 2797013.516 960.411 6.9958 0.0 
2450000 13057 690.582 2815139.174 1026.802 6.9483 0.0 
2460000 13070 714.583 2830969.117 1081.796 7.1901 0.0 
2470000 13081 754.086 2849604.846 1205.184 7.5847 0.0 
2480000 13091 790.548 2866926.122 1296.847 7.9402 0.0 
2490000 13102 825.582 2884317.006 1364.549 8.2864 0.0 
2500000 13113 839.158 2900349.06 1376.37 8.422 0.0 
2510000 13123 868.581 2916804.363 1424.167 8.7051 0.0 
2520000 13133 882.621 2933753.067 1462.921 8.8294 0.0 
2530000 13145 887.214 2950045.252 1461.096 8.8796 0.0 
2540000 13155 889.926 2967603.222 1489.198 8.9078 0.0 
2550000 13167 875.096 2985280.108 1486.758 8.7587 0.0 
2560000 13179 872.984 2995908.904 1361.519 8.7324 0.0 
2570000 13192 854.831 3008798.252 1280.367 8.5585 0.0 
2580000 13202 878.638 3022827.6 1296.645 8.7898 0.0 
2590000 13213 888.784 3040057.561 1359.769 8.8996 0.0 
2600000 13227 840.496 3055837.599 1292.415 8.3982 0.0 
2610000 13240 815.745 3071922.457 1271.894 8.165 0.0 
2620000 13253 815.856 3087631.178 1272.714 8.1792 0.0 
2630000 13264 830.642 3105373.876 1333.691 8.3263 0.0 
2640000 13275 852.381 3123365.381 1404.385 8.5532 0.0 
2650000 13285 879.384 3141655.337 1482.153 8.8178 0.0 
2660000 13297 861.189 3159595.835 1469.077 8.639 0.0 
2670000 13307 881.334 3175476.815 1479.225 8.8302 0.0 
2680000 13321 853.067 3193416.23 1457.271 8.5727 0.0 
2690000 13333 844.076 3209332.839 1417.802 8.4755 0.0 
2700000 13345 836.794 3224955.989 1381.595 8.4078 0.0 
2710000 13358 822.25 3241261.662 1355.831 8.2709 0.0 
2720000 13371 802.885 3257756.583 1334.587 8.072 0.0 
2730000 13382 834.525 3272881.887 1350.202 8.3899 0.0 
2740000 13395 819.464 3287227.384 1295.023 8.2212 0.0 
2750000 13407 826.317 3301328.079 1272.947 8.2742 0.0 
2760000 13421 786.565 3318862.171 1243.259 7.861 0.0 
2770000 13435 782.866 3331714.512 1186.746 7.8296 0.0 
2780000 13449 756.764 3341753.776 1055.851 7.5928 0.0 
2790000 13461 765.039 3354528.917 1053.141 7.6609 0.0 
2800000 13475 766.583 3367354.905 1036.481 7.687 0.0 
2810000 13485 809.281 3381684.162 1108.413 8.1214 0.0 
2820000 13495 844.169 3397638.829 1198.869 8.4613 0.0 
2830000 13509 802.602 3413152.455 1160.152 8.0396 0.0 
2840000 13525 754.178 3422325.87 1003.648 7.5715 0.0 
2850000 13535 799.146 3439225.175 1124.614 8.0181 0.0 
2860000 13545 828.429 3455777.373 1207.814 8.2977 0.0 
2870000 13556 856.108 3472695.499 1294.523 8.5675 0.0 
2880000 13567 867.157 3489056.371 1334.148 8.6816 0.0 
2890000 13577 875.901 3504205.949 1339.547 8.783 0.0 
2900000 13593 824.068 3519867.577 1269.79 8.2577 0.0 
2910000 13605 807.932 3534565.884 1229.994 8.0859 0.0 
2920000 13623 737.38 3548203.208 1091.137 7.3888 0.0 
2930000 13634 771.362 3561275.618 1110.514 7.7273 0.0 
2940000 13646 782.224 3576614.491 1147.291 7.8407 0.0 
2950000 13659 783.333 3589287.69 1109.147 7.8817 0.0 
2960000 13671 803.237 3601156.503 1096.281 8.0593 0.0 
2970000 13681 839.23 3611916.161 1092.695 8.4237 0.0 
2980000 13692 840.254 3626665.436 1130.924 8.4362 0.0 
2990000 13703 851.853 3640645.482 1151.594 8.5711 0.0 
3000000 13716 833.993 3656832.742 1172.58 8.3576 0.0 
3010000 13727 856.3 3673895.852 1261.93 8.5896 0.0 
3020000 13738 869.97 3690463.038 1314.949 8.7311 0.0 
3030000 13749 877.636 3706416.103 1342.599 8.8224 0.0 
3040000 13759 890.025 3723367.009 1388.394 8.9417 0.0 
3050000 13770 897.453 3740568.936 1429.472 9.0227 0.0 
3060000 13781 903.525 3757961.564 1465.291 9.0647 0.0 
3070000 13791 921.173 3776915.89 1544.899 9.2341 0.0 
3080000 13801 925.22 3795876.835 1588.67 9.2543 0.0 
3090000 13813 912.648 3812428.495 1560.212 9.1345 0.0 
3100000 13823 925.097 3828895.256 1570.847 9.2358 0.0 
3110000 13835 900.453 3844364.633 1502.314 8.9907 0.0 
3120000 13849 869.568 3859371.874 1419.39 8.701 0.0 
3130000 13860 868.505 3873899.404 1385.154 8.7017 0.0 
3140000 13876 796.652 3888239.276 1243.87 7.9753 0.0 
3150000 13889 789.41 3903128.657 1218.497 7.8969 0.0 
3160000 13907 725.472 3917307.598 1098.972 7.2632 0.0 
3170000 13923 701.356 3933364.347 1079.683 7.0151 0.0 
3180000 13939 671.544 3949652.939 1047.12 6.7143 0.0 
3190000 13958 635.1 3965572.601 997.606 6.3546 0.0 
3200000 13970 676.915 3982390.048 1083.954 6.7692 0.0 
3210000 13986 651.127 3997727.25 1034.201 6.504 0.0 
3220000 14005 620.04 4013806.758 988.141 6.1948 0.0 
3230000 14024 593.469 4030956.154 964.457 5.9382 0.0 
3240000 14037 635.054 4048511.879 1056.779 6.3548 0.0 
3250000 14049 669.154 4067892.935 1159.988 6.7172 0.0 
3260000 14062 683.067 4084780.006 1177.204 6.8418 0.0 
3270000 14086 581.428 4094794.721 897.047 5.8247 0.0 
3280000 14105 556.719 4105776.197 779.62 5.6046 0.0 
3290000 14118 611.585 4119471.527 853.301 6.1509 0.0 
3300000 14128 673.182 4136472.125 990.232 6.7582 0.0 
3310000 14140 716.708 4153628.43 1099.43 7.1861 0.0 
3320000 14150 764.25 4170715.099 1204.017 7.6596 0.0 
3330000 14161 792.73 4186841.911 1256.187 7.9297 0.0 
3340000 14172 819.838 4203177.275 1308.124 8.1968 0.0 
3350000 14183 834.218 4218349.682 1315.526 8.35 0.0 
3360000 14194 854.635 4233215.173 1333.589 8.5325 0.0 
3370000 14205 854.127 4245931.946 1280.942 8.5462 0.0 
3380000 14216 870.789 4258435.882 1258.447 8.7107 0.0 
3390000 14226 889.252 4271586.976 1257.881 8.9066 0.0 
3400000 14239 872.855 4287163.513 1260.882 8.7343 0.0 
3410000 14249 883.927 4302139.479 1289.319 8.8361 0.0 
3420000 14263 847.424 4316776.297 1233.363 8.491 0.0 
3430000 14275 848.421 4331950.873 1249.159 8.5175 0.0 
3440000 14288 820.546 4346515.562 1204.044 8.2414 0.0 
3450000 14301 817.065 4358375.759 1147.062 8.2039 0.0 
3460000 14312 843.954 4373039.658 1199.521 8.4807 0.0 
3470000 14322 872.499 4387269.578 1240.73 8.7624 0.0 
3480000 14332 885.584 4404000.337 1301.318 8.8724 0.0 
3490000 14343 890.218 4420932.795 1352.935 8.9286 0.0 
3500000 14354 895.381 4435636.08 1348.284 8.9734 0.0 
3510000 14369 824.875 4450196.411 1248.057 8.2584 0.0 
3520000 14386 756.758 4465148.938 1128.079 7.5617 0.0 
3530000 14399 773.041 4480668.923 1163.674 7.7397 0.0 
3540000 14410 792.579 4495602.605 1188.073 7.9454 0.0 
3550000 14423 781.896 4509784.515 1154.785 7.8467 0.0 
3560000 14436 781.288 4524827.44 1163.751 7.8326 0.0 
3570000 14448 785.081 4539284.292 1159.329 7.88 0.0 
3580000 14464 756.75 4555559.024 1146.674 7.5972 0.0 
3590000 14479 735.561 4569593.861 1095.663 7.3801 0.0 
3600000 14490 758.666 4585616.618 1150.633 7.6001 0.0 
3610000 14505 745.886 4600879.958 1130.518 7.4742 0.0 
3620000 14519 735.991 4612847.031 1058.611 7.3509 0.0 
3630000 14536 688.407 4627512.331 993.281 6.859 0.0 
3640000 14548 730.166 4643607.828 1085.973 7.2825 0.0 
3650000 14558 779.526 4659514.64 1178.937 7.7584 0.0 
3660000 14568 807.668 4675189.657 1229.393 8.0365 0.0 
3670000 14583 775.322 4690333.121 1180.358 7.7234 0.0 
3680000 14595 777.926 4702837.272 1144.339 7.7514 0.0 
3690000 14606 811.413 4717925.109 1189.106 8.0949 0.0 
3700000 14617 833.127 4734790.216 1262.205 8.343 0.0 
3710000 14627 858.583 4753151.742 1356.752 8.5942 0.0 
3720000 14637 884.452 4769785.439 1413.877 8.848 0.0 
3730000 14654 797.889 4786047.946 1280.567 7.9772 0.0 
3740000 14670 756.845 4801106.924 1197.878 7.5688 0.0 
3750000 14685 733.163 4815675.952 1140.101 7.3407 0.0 
3760000 14700 709.804 4829621.038 1077.483 7.1174 0.0 
3770000 14715 702.88 4842425.016 1025.036 7.0463 0.0 
3780000 14729 697.663 4853791.133 963.168 7.0097 0.0 
3790000 14741 738.201 4862132.908 920.186 7.4067 0.0 
3800000 14752 757.174 4872752.263 918.618 7.6082 0.0 
3810000 14762 801.593 4880371.053 879.558 8.0359 0.0 
3820000 14772 837.045 4888397.118 868.513 8.3759 0.0 
3830000 14783 858.231 4895622.891 839.933 8.5911 0.0 
3840000 14797 833.343 4902919.368 769.323 8.3614 0.0 
3850000 14817 712.111 4910566.324 634.828 7.1517 0.0 
3860000 14836 654.249 4917059.355 540.656 6.572 0.0 
3870000 14856 599.697 4925041.937 490.621 6.0324 0.0 
3880000 14889 457.886 4934850.012 398.576 4.617 0.0 
3890000 14901 539.576 4942641.045 450.125 5.4399 0.0 
3900000 14912 597.579 4949705.7 481.087 6.0208 0.0 
3910000 14925 641.589 4956745.989 497.343 6.4957 0.0 
3920000 14941 645.82 4965088.579 506.355 6.5312 0.0 
3930000 14960 600.332 4974322.162 497.595 6.063 0.0 
3940000 14984 512.494 4981612.809 412.303 5.1737 0.0 
3950000 15012 464.322 4991012.929 391.653 4.6813 0.0 
3960000 15029 508.064 4999734.101 431.944 5.1105 0.0 
3970000 15040 590.504 5009594.299 528.642 5.9119 0.0 
3980000 15052 632.35 5020187.265 596.002 6.3404 0.0 
3990000 15065 670.886 5030740.425 652.786 6.7479 0.0 
4000000 15077 707.508 5040502.827 686.441 7.1112 0.0 
4010000 15091 707.542 5049165.62 667.408 7.1135 0.0 
4020000 15107 681.49 5060097.876 668.979 6.8479 0.0 
4030000 15121 695.496 5072450.077 729.09 6.9882 0.0 
4040000 15134 710.191 5085565.384 791.309 7.1237 0.0 
4050000 15144 751.011 5095125.879 807.639 7.5417 0.0 
4060000 15156 781.104 5103625.562 801.436 7.8304 0.0 
4070000 15170 768.187 5114186.315 794.509 7.7079 0.0 
4080000 15181 790.295 5127270.85 863.585 7.9157 0.0 
4090000 15197 742.564 5141540.02 868.396 7.4495 0.0 
4100000 15208 779.881 5156698.158 975.611 7.7995 0.0 
4110000 15219 799.689 5172077.277 1050.608 8.0007 0.0 
4120000 15229 836.331 5187483.041 1141.382 8.353 0.0 
4130000 15239 866.271 5201667.708 1192.161 8.6665 0.0 
4140000 15250 877.274 5216473.104 1227.102 8.7879 0.0 
4150000 15260 891.887 5230871.667 1253.575 8.9077 0.0 
4160000 15273 868.277 5244649.581 1218.135 8.6569 0.0 
4170000 15284 873.0 5259128.063 1231.956 8.7027 0.0 
4180000 15297 845.082 5269425.617 1134.835 8.4101 0.0 
4190000 15311 823.446 5282502.985 1093.056 8.2098 0.0 
4200000 15338 624.066 5296193.054 832.187 6.2209 0.0 
4210000 15356 596.569 5310904.629 818.726 5.9418 0.0 
4220000 15370 631.574 5324342.044 863.272 6.2809 0.0 
4230000 15382 662.99 5334298.699 841.703 6.6018 0.0 
4240000 15397 670.137 5342378.896 775.053 6.6637 0.0 
4250000 15417 619.014 5351805.718 679.7 6.1768 0.0 
4260000 15431 638.971 5363346.762 710.389 6.3692 0.0 
4270000 15446 633.54 5375509.544 725.431 6.3115 0.0 
4280000 15462 642.503 5386615.002 727.134 6.4304 0.0 
4290000 15477 648.798 5396375.517 707.318 6.4974 0.0 
4300000 15498 585.149 5407969.948 648.884 5.8637 0.0 
4310000 15515 585.844 5421801.086 695.438 5.8608 0.0 
4320000 15526 636.186 5433396.602 758.582 6.3726 0.0 
4330000 15536 702.737 5444567.137 809.376 7.0234 0.0 
4340000 15549 725.609 5457463.399 862.89 7.2604 0.0 
4350000 15559 765.237 5472093.928 957.097 7.6686 0.0 
4360000 15571 794.522 5486787.531 1036.99 7.9511 0.0 
4370000 15581 824.455 5501773.6 1108.933 8.2731 0.0 
4380000 15592 836.463 5515797.379 1138.456 8.4071 0.0 
4390000 15604 831.495 5527506.348 1102.173 8.3525 0.0 
4400000 15617 822.121 5539440.053 1061.627 8.246 0.0 
4410000 15629 818.053 5552232.303 1054.157 8.178 0.0 
4420000 15646 754.834 5565632.832 979.214 7.5663 0.0 
4430000 15659 751.644 5580433.411 1006.199 7.5379 0.0 
4440000 15673 750.847 5594807.812 1024.224 7.5409 0.0 
4450000 15686 749.851 5609179.828 1035.118 7.5537 0.0 
4460000 15698 771.736 5621143.262 1033.561 7.7658 0.0 
4470000 15710 788.648 5634762.449 1061.342 7.918 0.0 
4480000 15723 771.34 5649023.681 1051.005 7.7435 0.0 
4490000 15740 726.025 5663178.441 1000.077 7.3003 0.0 
4500000 15751 768.322 5677477.522 1068.625 7.7177 0.0 
4510000 15762 791.093 5692433.558 1119.635 7.9532 0.0 
4520000 15777 763.829 5707536.274 1097.256 7.6796 0.0 
4530000 15790 750.961 5721154.032 1063.546 7.5207 0.0 
4540000 15801 788.304 5733985.892 1094.564 7.8819 0.0 
4550000 15813 790.122 5747805.626 1093.525 7.8998 0.0 
4560000 15826 785.57 5761448.121 1091.971 7.8561 0.0 
4570000 15838 804.748 5774233.423 1092.633 8.0517 0.0 
4580000 15851 788.189 5788162.924 1074.541 7.8814 0.0 
4590000 15863 802.764 5801258.506 1085.973 8.0289 0.0 
4600000 15874 822.476 5812835.425 1077.721 8.2458 0.0 
4610000 15886 819.374 5825021.581 1051.506 8.2394 0.0 
4620000 15896 852.415 5837716.92 1107.485 8.5572 0.0 
4630000 15906 879.412 5851187.756 1137.791 8.8062 0.0 
4640000 15916 901.471 5863942.272 1163.201 9.0332 0.0 
4650000 15927 903.145 5875739.834 1151.668 9.0589 0.0 
4660000 15939 898.503 5887591.007 1126.085 9.0417 0.0 
4670000 15949 911.334 5898220.895 1106.035 9.1786 0.0 
4680000 15959 927.553 5910485.642 1130.419 9.3431 0.0 
4690000 15971 913.636 5922968.61 1116.392 9.1823 0.0 
4700000 15981 921.693 5935074.648 1124.803 9.2497 0.0 
4710000 15993 909.434 5945476.549 1076.784 9.1023 0.0 
4720000 16003 908.874 5956190.511 1059.181 9.0941 0.0 
4730000 16018 860.636 5966955.771 983.335 8.6006 0.0 
4740000 16028 882.0 5976256.921 966.581 8.8279 0.0 
4750000 16040 861.152 5986450.357 938.876 8.6256 0.0 
4760000 16062 722.513 5997092.235 783.364 7.237 0.0 
4770000 16075 730.487 6010017.734 826.955 7.3357 0.0 
4780000 16091 684.925 6020931.623 766.724 6.8867 0.0 
4790000 16103 727.875 6032463.977 820.692 7.3174 0.0 
4800000 16113 772.814 6042721.739 854.274 7.7647 0.0 
4810000 16138 629.95 6055021.95 717.918 6.3255 0.0 
4820000 16161 564.47 6069348.677 693.382 5.6797 0.0 
4830000 16174 604.969 6083441.892 773.768 6.0726 0.0 
4840000 16187 646.481 6095561.64 820.746 6.4982 0.0 
4850000 16211 549.769 6107353.302 681.515 5.516 0.0 
4860000 16249 402.095 6119113.121 490.783 4.0277 0.0 
4870000 16267 447.011 6131394.884 546.796 4.4898 0.0 
4880000 16280 518.529 6145191.262 661.711 5.1855 0.0 
4890000 16293 576.483 6158312.933 742.206 5.7595 0.0 
4900000 16304 633.452 6172137.265 832.498 6.339 0.0 
4910000 16315 691.62 6186894.001 935.966 6.947 0.0 
4920000 16328 712.089 6198140.564 930.597 7.1472 0.0 
4930000 16341 731.936 6212010.996 966.326 7.3477 0.0 
4940000 16355 721.447 6227426.906 989.611 7.2242 0.0 
4950000 16382 580.129 6239102.181 754.978 5.8087 0.0 
4960000 16410 466.254 6246368.528 534.453 4.676 0.0 
4970000 16434 463.311 6253237.191 448.798 4.6415 0.0 
4980000 16454 466.276 6258973.94 390.761 4.6816 0.0 
4990000 16470 509.718 6264800.12 383.079 5.1223 0.0 
5000000 16480 598.504 6270256.569 412.25 5.9809 0.0 
5010000 16492 651.129 6275820.093 424.357 6.5404 0.0 
5020000 16509 642.589 6281728.393 407.028 6.4632 0.0 
5030000 16526 622.362 6288136.503 395.502 6.2758 0.0 
5040000 16548 568.851 6294778.92 366.261 5.7299 0.0 
5050000 16558 634.921 6302475.637 433.195 6.4031 0.0 
5060000 16583 547.366 6309436.752 375.384 5.5216 0.0 
5070000 16601 542.88 6315834.089 365.924 5.4831 0.0 
5080000 16657 290.49 6322267.792 192.34 2.9314 0.0 
5090000 16692 288.506 6328458.533 184.368 2.9214 0.0 
5100000 16706 405.328 6335178.902 266.425 4.1159 0.0 
5110000 16721 467.181 6343570.476 337.387 4.7034 0.0 
5120000 16737 500.793 6351307.478 371.319 5.0517 0.0 
5130000 16751 557.586 6358632.333 410.727 5.6189 0.0 
5140000 16766 593.234 6365477.526 427.768 5.9662 0.0 
5150000 16778 649.522 6370788.185 433.972 6.553 0.0 
5160000 16788 713.634 6375127.316 434.46 7.1991 0.0 
5170000 16799 737.568 6380412.137 434.906 7.4653 0.0 
5180000 16813 744.119 6386934.869 451.358 7.5289 0.0 
5190000 16827 734.04 6394772.298 476.269 7.413 0.0 
5200000 16842 706.663 6403631.389 497.202 7.1293 0.0 
5210000 16861 646.78 6411440.963 469.087 6.5033 0.0 
5220000 16882 585.431 6420164.202 447.392 5.8793 0.0 
5230000 16903 546.634 6428070.346 422.983 5.4931 0.0 
5240000 16931 455.157 6435149.22 341.77 4.5743 0.0 
5250000 16942 547.661 6441547.985 391.244 5.5028 0.0 
5260000 16967 477.384 6448555.943 339.517 4.7961 0.0 
5270000 16983 529.205 6456965.167 399.989 5.3264 0.0 
5280000 16993 608.138 6465093.323 466.707 6.1219 0.0 
5290000 17003 679.821 6473172.546 534.172 6.8546 0.0 
5300000 17013 738.39 6480385.976 567.413 7.4619 0.0 
5310000 17023 786.246 6488459.334 609.885 7.9454 0.0 
5320000 17039 750.619 6496164.729 581.634 7.5902 0.0 
5330000 17050 766.168 6504449.24 601.155 7.7192 0.0 
5340000 17063 771.618 6512592.223 617.095 7.7893 0.0 
5350000 17079 740.508 6523635.899 642.887 7.4837 0.0 
5360000 17107 560.956 6532169.19 484.744 5.6497 0.0 
5370000 17118 621.4 6539807.22 516.372 6.2699 0.0 
5380000 17133 630.375 6545928.684 490.541 6.3695 0.0 
5390000 17146 654.808 6551654.553 476.519 6.601 0.0 
5400000 17159 691.969 6557035.572 465.703 6.9741 0.0 
5410000 17171 723.026 6562633.706 467.823 7.2598 0.0 
5420000 17181 760.302 6568726.255 484.707 7.6224 0.0 
5430000 17191 804.15 6574363.565 500.057 8.0475 0.0 
5440000 17203 817.834 6580706.233 508.967 8.1895 0.0 
5450000 17213 846.853 6587534.569 538.302 8.5012 0.0 
5460000 17223 874.867 6593598.873 553.337 8.7842 0.0 
5470000 17234 879.329 6604090.999 631.795 8.8012 0.0 
5480000 17249 827.079 6612685.874 615.958 8.2796 0.0 
5490000 17259 856.597 6620356.814 642.135 8.5886 0.0 
5500000 17273 824.776 6627809.156 619.033 8.2588 0.0 
5510000 17283 856.829 6633217.017 603.887 8.5917 0.0 
5520000 17300 770.694 6638967.089 523.143 7.7376 0.0 
5530000 17314 771.873 6644595.272 501.489 7.7684 0.0 
5540000 17329 731.738 6649608.125 451.758 7.3557 0.0 
5550000 17343 731.164 6654601.862 430.332 7.3564 0.0 
5560000 17355 756.38 6660185.923 439.608 7.6288 0.0 
5570000 17365 793.897 6665483.623 452.898 7.9923 0.0 
5580000 17381 757.039 6670477.998 418.215 7.6131 0.0 
5590000 17393 757.407 6675731.854 412.85 7.6386 0.0 
5600000 17413 686.614 6681725.733 384.79 6.9202 0.0 
5610000 17425 714.523 6687627.255 405.248 7.2112 0.0 
5620000 17435 766.744 6693953.19 444.739 7.4767 0.0 
5630000 17453 701.382 6700644.555 423.528 6.106 0.0 
5640000 17470 665.663 6707328.894 413.103 6.4759 0.0 
5650000 17481 710.815 6713861.578 448.433 7.449 0.0 
5660000 17498 681.087 6720041.569 427.423 7.5401 0.0 
5670000 17518 615.459 6725770.63 379.058 7.1013 0.0 
5680000 17534 605.234 6731977.85 371.977 7.1922 0.0 
5690000 17551 613.864 6738436.39 383.065 7.4589 0.0 
5700000 17571 572.369 6744869.459 357.734 7.059 0.0 
5710000 17585 606.946 6751632.515 391.29 7.5425 0.0 
5720000 17598 644.322 6758539.837 423.21 8.0788 0.0 
5730000 17610 679.612 6764281.593 431.734 8.5367 0.0 
5740000 17620 738.219 6770740.955 467.199 9.2904 0.0 
5750000 17632 767.926 6778781.18 519.71 9.6699 0.0 
5760000 17646 756.51 6787236.226 541.319 9.5278 0.0 
5770000 17656 801.051 6794086.284 567.129 10.1088 0.0 
5780000 17667 818.888 6800946.182 576.56 10.3288 0.0 
5790000 17697 600.273 6808263.155 426.92 7.5877 0.0 
5800000 17711 616.573 6814964.793 425.837 7.8096 0.0 
5810000 17724 663.35 6823818.083 498.119 8.3765 0.0 
5820000 17752 537.095 6830873.352 395.587 6.7946 0.0 
5830000 17772 526.794 6839114.612 401.739 6.6591 0.0 
5840000 17807 386.595 6846159.559 285.62 4.9057 0.0 
5850000 17845 326.758 6852116.492 221.425 4.1417 0.0 
5860000 17864 389.193 6858072.054 250.32 4.9408 0.0 
5870000 17882 441.883 6864237.682 280.022 5.604 0.0 
5880000 17903 452.234 6870123.6 280.009 5.7355 0.0 
5890000 17918 513.385 6876675.93 324.081 6.5593 0.0 
5900000 17928 586.84 6883032.085 369.365 7.4789 0.0 
5910000 17940 640.943 6889576.013 407.396 8.1189 0.0 
5920000 17955 652.553 6897301.183 438.768 8.2536 0.0 
5930000 17965 716.11 6905961.521 514.766 9.0467 0.0 
5940000 17977 742.274 6915711.472 579.544 9.3881 0.0 
5950000 17988 774.736 6924005.665 614.097 9.7647 0.0 
5960000 18004 732.748 6930798.704 561.456 9.2491 0.0 
5970000 18014 773.889 6936220.926 553.783 9.7579 0.0 
5980000 18027 768.603 6941679.531 520.779 9.6828 0.0 
5990000 18042 757.831 6947222.379 490.263 9.5417 0.0 
6000000 18060 690.709 6954251.352 452.643 8.706 0.0 
6010000 18071 742.153 6962632.466 523.56 9.3758 0.0 
6020000 18086 727.404 6972597.638 565.419 9.2155 0.0 
6030000 18096 773.589 6981876.001 628.93 9.8057 0.0 
6040000 18106 815.005 6993546.056 729.877 10.3263 0.0 
6050000 18116 848.846 7003449.562 774.847 10.7512 0.0 
6060000 18126 876.496 7012328.697 797.422 11.097 0.0 
6070000 18139 839.169 7020440.601 753.758 10.6194 0.0 
6080000 18163 687.689 7028649.432 599.567 8.6924 0.0 
6090000 18180 651.969 7038350.524 588.437 8.2253 0.0 
6100000 18199 628.022 7047537.898 569.41 7.9135 0.0 
6110000 18211 675.395 7056810.248 616.423 8.5229 0.0 
6120000 18223 704.662 7065352.621 630.85 8.9156 0.0 
6130000 18240 671.198 7075085.154 613.553 8.4717 0.0 
6140000 18254 679.498 7084600.956 625.63 8.5953 0.0 
6150000 18269 674.037 7094666.526 636.467 8.5348 0.0 
6160000 18288 617.905 7104098.296 580.936 7.8191 0.0 
6170000 18307 596.93 7112020.42 538.998 7.5624 0.0 
6180000 18325 575.678 7122287.021 538.329 7.2862 0.0 
6190000 18352 482.897 7130778.796 437.145 6.1039 0.0 
6200000 18369 527.6 7139903.428 476.449 6.6596 0.0 
6210000 18382 590.478 7149128.141 539.022 7.472 0.0 
6220000 18392 655.963 7158264.892 598.569 8.3119 0.0 
6230000 18402 711.894 7167986.571 659.75 9.0198 0.0 
6240000 18413 768.112 7177974.89 726.644 9.7374 0.0 
6250000 18423 808.513 7187214.317 760.448 10.2369 0.0 
6260000 18434 814.889 7195527.299 749.69 10.3329 0.0 
6270000 18450 770.177 7202761.608 672.423 9.7659 0.0 
6280000 18471 665.581 7209371.984 547.228 8.4237 0.0 
6290000 18486 669.776 7215765.471 517.811 8.5006 0.0 
6300000 18500 678.513 7222202.433 501.885 8.6051 0.0 
6310000 18510 734.278 7228360.369 520.913 9.2957 0.0 
6320000 18521 761.674 7234123.307 517.594 9.6362 0.0 
6330000 18534 779.41 7242011.574 548.806 9.8582 0.0 
6340000 18547 769.281 7249138.202 540.947 9.7268 0.0 
6350000 18561 765.773 7255686.388 532.124 9.6927 0.0 
6360000 18571 802.973 7261307.96 535.145 10.1504 0.0 
6370000 18582 811.883 7268045.651 540.788 10.2587 0.0 
6380000 18595 807.094 7273399.978 517.513 10.232 0.0 
6390000 18607 815.449 7279179.138 506.636 10.3353 0.0 
6400000 18619 817.575 7284394.298 492.269 10.3735 0.0 
6410000 18630 838.96 7289833.361 494.407 10.6317 0.0 
6420000 18640 868.419 7294575.424 491.0 11.0071 0.0 
6430000 18652 851.78 7299749.057 471.159 10.7921 0.0 
6440000 18663 867.773 7306555.987 503.956 10.9788 0.0 
6450000 18673 889.844 7314277.988 552.317 11.26 0.0 
6460000 18687 858.962 7321368.976 548.889 10.8538 0.0 
6470000 18697 875.907 7328035.82 565.165 11.0686 0.0 
6480000 18708 894.135 7334732.077 580.973 11.2951 0.0 
6490000 18719 895.268 7340344.685 566.378 11.2992 0.0 
6500000 18729 914.427 7346655.467 578.423 11.5837 0.0 
6510000 18742 870.996 7352481.009 541.903 11.0518 0.0 
6520000 18754 866.91 7358459.275 534.839 11.0062 0.0 
6530000 18771 779.968 7364401.867 477.745 9.9104 0.0 
6540000 18788 720.082 7370030.443 432.413 9.1742 0.0 
6550000 18823 504.051 7374590.76 282.303 6.4281 0.0 
6560000 18836 563.312 7379153.308 297.726 7.2002 0.0 
6570000 18857 532.998 7384127.3 275.66 6.8134 0.0 
6580000 18872 569.64 7389295.847 295.592 7.2372 0.0 
6590000 18889 560.327 7394940.147 295.622 7.1115 0.0 
6600000 18908 550.828 7401083.414 305.338 6.9619 0.0 
6610000 18930 503.035 7407135.981 288.183 6.3416 0.0 
6620000 18951 500.77 7412593.215 282.685 6.3175 0.0 
6630000 18964 556.511 7417488.557 301.374 7.0432 0.0 
6640000 18975 631.845 7423000.873 342.636 8.0056 0.0 
6650000 18986 688.131 7428017.938 365.667 8.7 0.0 
6660000 18999 711.871 7432887.118 370.611 8.9939 0.0 
6670000 19009 764.577 7436950.07 377.119 9.6996 0.0 
6680000 19019 794.692 7440822.458 373.909 10.0772 0.0 
6690000 19043 659.774 7445187.286 303.891 8.3934 0.0 
6700000 19082 440.037 7450456.706 214.444 5.6164 0.0 
6710000 19103 459.733 7456037.784 236.142 5.8502 0.0 
6720000 19146 323.935 7460931.286 163.804 4.1513 0.0 
6730000 19204 220.142 7466379.751 117.448 2.8161 0.0 
6740000 19230 285.934 7471675.751 150.758 3.6418 0.0 
6750000 19255 338.729 7477266.19 183.752 4.3051 0.0 
6760000 19275 406.488 7482681.73 219.229 5.1546 0.0 
6770000 19289 476.047 7487853.175 252.434 6.0183 0.0 
6780000 19299 565.937 7493810.622 311.689 7.1873 0.0 
6790000 19311 634.577 7499941.783 361.649 8.0779 0.0 
6800000 19323 675.963 7504975.964 374.221 8.5925 0.0 
6810000 19335 701.804 7510507.297 388.468 8.9104 0.0 
6820000 19348 718.244 7515828.794 394.997 9.0931 0.0 
6830000 19366 662.215 7521569.24 367.894 8.3943 0.0 
6840000 19379 685.623 7527437.529 385.366 8.677 0.0 
6850000 19398 636.196 7533648.846 367.05 8.0601 0.0 
6860000 19424 530.304 7539495.353 309.31 6.7286 0.0 
6870000 19442 526.359 7544717.811 298.213 6.6903 0.0 
6880000 19460 543.406 7550469.475 308.373 6.9185 0.0 
6890000 19470 624.642 7556148.826 354.5 7.9263 0.0 
6900000 19486 620.781 7562287.912 360.874 7.8892 0.0 
6910000 19502 627.313 7567849.188 361.522 7.9925 0.0 
6920000 19518 628.432 7572965.986 350.466 8.0224 0.0 
6930000 19532 642.03 7578029.999 349.561 8.2063 0.0 
6940000 19547 649.059 7583669.903 356.797 8.3088 0.0 
6950000 19569 578.161 7589257.263 320.974 7.3749 0.0 
6960000 19586 578.306 7594130.333 308.297 7.3737 0.0 
6970000 19604 574.778 7598387.393 284.686 7.3187 0.0 
6980000 19617 618.851 7603365.022 311.233 7.8627 0.0 
6990000 19630 663.576 7609687.723 355.497 8.4166 0.0 
7000000 19644 666.889 7616668.789 384.094 8.4823 0.0 
7010000 19666 591.761 7622943.874 349.107 7.5361 0.0 
7020000 19683 590.194 7629092.591 352.931 7.5199 0.0 
7030000 19696 630.04 7636477.372 402.072 8.0402 0.0 
7040000 19714 597.049 7643126.794 383.606 7.5792 0.0 
7050000 19738 524.62 7649498.268 336.679 6.6716 0.0 
7060000 19752 559.135 7654304.314 333.355 7.1141 0.0 
7070000 19770 569.012 7659489.314 325.077 7.2379 0.0 
7080000 19788 564.231 7665602.258 330.158 7.1465 0.0 
7090000 19802 595.351 7670699.031 338.021 7.5225 0.0 
7100000 19818 613.923 7675913.182 337.624 7.7538 0.0 
7110000 19835 610.363 7681586.202 338.26 7.7203 0.0 
7120000 19849 640.852 7687604.521 364.214 8.1015 0.0 
7130000 19859 706.55 7694400.996 421.887 8.9047 0.0 
7140000 19878 630.727 7701634.208 395.9 7.9627 0.0 
7150000 19890 684.013 7708108.963 433.443 8.6453 0.0 
7160000 19900 734.16 7715044.921 475.115 9.3107 0.0 
7170000 19910 776.836 7721379.612 501.994 9.8538 0.0 
7180000 19920 817.659 7728424.97 537.461 10.3762 0.0 
7190000 19932 831.102 7737090.03 584.627 10.5241 0.0 
7200000 19945 808.029 7745233.84 587.013 10.2155 0.0 
7210000 19958 807.792 7752163.177 580.427 10.2128 0.0 
7220000 19969 817.937 7760140.066 598.88 10.3595 0.0 
7230000 19983 788.57 7769165.903 607.388 9.9896 0.0 
7240000 20001 723.95 7779473.502 601.985 9.1447 0.0 
7250000 20016 700.178 7788129.759 587.506 8.8303 0.0 
7260000 20032 677.85 7794682.359 541.27 8.5579 0.0 
7270000 20053 619.202 7802185.282 480.162 7.8208 0.0 
7280000 20068 610.919 7810439.566 478.591 7.7119 0.0 
7290000 20083 625.665 7816286.524 460.077 7.8961 0.0 
7300000 20099 646.227 7821633.14 435.037 8.1989 0.0 
7310000 20121 566.374 7826718.656 355.09 7.209 0.0 
7320000 20158 403.633 7831637.566 234.136 5.1276 0.0 
7330000 20172 489.123 7837254.588 280.604 6.1875 0.0 
7340000 20192 496.984 7841631.995 261.736 6.2701 0.0 
7350000 20204 558.376 7847174.753 300.637 7.0612 0.0 
7360000 20223 543.591 7853861.799 305.044 6.8821 0.0 
7370000 20236 599.519 7858796.629 331.337 7.6171 0.0 
7380000 20246 672.778 7864392.176 373.754 8.5305 0.0 
7390000 20260 692.17 7869334.079 372.962 8.7969 0.0 
7400000 20272 709.709 7874496.001 378.367 9.0217 0.0 
7410000 20300 567.426 7879415.948 295.712 7.1915 0.0 
7420000 20353 304.928 7884172.722 151.688 3.862 0.0 
7430000 20376 354.541 7889353.503 179.326 4.4872 0.0 
7440000 20389 454.444 7894796.373 237.358 5.7327 0.0 
7450000 20417 397.582 7900566.876 215.922 5.0416 0.0 
7460000 20465 274.053 7907142.322 163.925 3.4735 0.0 
7470000 20479 383.016 7912848.69 224.649 4.8585 0.0 
7480000 20508 372.357 7918602.039 215.808 4.7425 0.0 
7490000 20530 394.47 7923521.531 213.182 5.0189 0.0 
7500000 20548 442.325 7928808.218 236.757 5.5982 0.0 
7510000 20573 424.967 7934091.814 226.97 5.3819 0.0 
7520000 20595 440.131 7939502.671 236.396 5.5779 0.0 
7530000 20612 476.616 7944845.255 255.326 6.0252 0.0 
7540000 20631 492.344 7950515.27 267.707 6.2532 0.0 
7550000 20644 552.649 7955404.045 292.976 7.0103 0.0 
7560000 20666 528.25 7960242.157 271.039 6.7177 0.0 
7570000 20687 498.209 7965623.865 259.639 6.3057 0.0 
7580000 20721 395.706 7970806.007 204.648 4.9992 0.0 
7590000 20750 370.986 7975147.387 178.589 4.6958 0.0 
7600000 20774 384.858 7980002.016 183.672 4.8897 0.0 
7610000 20786 470.454 7984502.068 221.405 5.9926 0.0 
7620000 20811 443.311 7989133.004 207.353 5.642 0.0 
7630000 20841 393.806 7993987.122 186.847 5.0041 0.0 
7640000 20898 234.099 7998696.925 111.622 2.9551 0.0 
7650000 20939 249.759 8004064.1 127.66 3.1645 0.0 
7660000 20966 287.407 8009374.912 150.148 3.6548 0.0 
7670000 20983 389.602 8013883.467 189.706 4.9645 0.0 
7680000 20993 500.281 8018949.116 246.42 6.3843 0.0 
7690000 21019 452.088 8024698.506 236.852 5.7367 0.0 
7700000 21052 379.557 8031079.383 216.896 4.8206 0.0 
7710000 21091 293.909 8038105.36 185.046 3.7152 0.0 
7720000 21168 152.952 8045128.573 102.688 1.9263 0.0 
7730000 21237 164.125 8052461.786 117.83 2.0759 0.0 
7740000 21296 153.057 8059113.289 105.644 1.9356 0.0 
7750000 21363 159.36 8065697.919 104.843 2.0242 0.0 
7760000 21388 263.389 8071422.782 158.143 3.3792 0.0 
7770000 21400 394.49 8077513.4 238.677 5.0463 0.0 
7780000 21411 500.214 8082545.384 284.934 6.4038 0.0 
7790000 21425 549.679 8088300.804 314.344 7.0099 0.0 
7800000 21435 626.748 8094107.122 359.99 7.9737 0.0 
7810000 21447 670.983 8099459.577 378.731 8.5269 0.0 
7820000 21463 662.762 8104539.204 362.85 8.4209 0.0 
7830000 21475 705.971 8110084.597 387.657 8.9398 0.0 
7840000 21492 674.331 8114968.567 359.756 8.5477 0.0 
7850000 21504 703.892 8119871.341 366.796 8.9153 0.0 
7860000 21519 688.543 8125098.783 358.439 8.7369 0.0 
7870000 21542 605.291 8131447.304 336.797 7.6498 0.0 
7880000 21561 564.825 8139056.876 347.564 7.1458 0.0 
7890000 21593 455.58 8145870.939 288.814 5.7618 0.0 
7900000 21609 497.672 8151986.278 310.642 6.2884 0.0 
7910000 21625 543.41 8157471.427 327.208 6.8588 0.0 
7920000 21640 580.971 8162604.385 334.538 7.3344 0.0 
7930000 21660 536.823 8166852.113 285.466 6.7806 0.0 
7940000 21690 454.3 8171292.972 229.12 5.7444 0.0 
7950000 21710 465.2 8176968.015 246.858 5.8921 0.0 
7960000 21729 484.92 8181781.176 247.594 6.1168 0.0 
7970000 21742 561.62 8187805.232 304.592 7.0761 0.0 
7980000 21757 585.719 8193650.045 324.243 7.3943 0.0 
7990000 21768 647.493 8199407.445 362.323 8.231 0.0 
8000000 21783 650.077 8204319.52 352.73 8.2152 0.0 
8010000 21804 600.334 8209197.669 316.378 7.5774 0.0 
8020000 21824 563.127 8213864.744 287.208 7.1028 0.0 
8030000 21834 643.043 8217737.245 305.388 8.1642 0.0 
8040000 21852 611.251 8221481.783 274.375 7.7661 0.0 
8050000 21863 684.406 8225304.212 294.259 8.663 0.0 
8060000 21875 712.649 8229727.848 308.726 9.0169 0.0 
8070000 21890 704.414 8233665.501 297.682 8.9198 0.0 
8080000 21907 672.094 8238329.512 290.599 8.5285 0.0 
8090000 21925 618.546 8242956.372 270.555 7.8509 0.0 
8100000 21940 634.68 8247175.439 277.436 8.0638 0.0 
8110000 21955 650.578 8251951.432 291.996 8.2611 0.0 
8120000 22011 311.044 8255936.529 131.76 3.9427 0.0 
8130000 22051 277.551 8259830.416 112.65 3.5413 0.0 
8140000 22102 222.166 8263459.513 85.155 2.8466 0.0 
8150000 22136 261.253 8268097.957 112.062 3.3259 0.0 
8160000 22177 253.987 8273008.755 118.585 3.2233 0.0 
8170000 22208 282.714 8276862.216 118.765 3.5897 0.0 
8180000 22238 317.44 8280447.741 123.784 4.0094 0.0 
8190000 22256 379.847 8285187.455 160.94 4.8163 0.0 
8200000 22273 454.832 8290360.665 210.341 5.7626 0.0 
8210000 22291 483.132 8294967.715 222.86 6.1065 0.0 
8220000 22312 482.456 8298999.53 213.152 6.0893 0.0 
8230000 22330 504.579 8302940.871 213.898 6.379 0.0 
8240000 22346 530.564 8307367.345 228.407 6.7071 0.0 
8250000 22363 544.128 8311524.519 231.334 6.8754 0.0 
8260000 22382 545.304 8315446.276 225.992 6.8732 0.0 
8270000 22399 551.468 8320062.368 234.967 6.9736 0.0 
8280000 22418 545.446 8324943.605 243.957 6.9063 0.0 
8290000 22437 539.931 8330267.048 255.949 6.8389 0.0 
8300000 22461 489.461 8335373.188 238.103 6.1841 0.0 
8310000 22480 496.068 8340218.733 240.434 6.2856 0.0 
8320000 22495 535.281 8345236.844 263.951 6.7879 0.0 
8330000 22525 449.731 8350184.621 222.266 5.688 0.0 
8340000 22543 471.707 8355436.037 237.172 5.9475 0.0 
8350000 22560 503.607 8360203.56 248.439 6.3394 0.0 
8360000 22577 540.251 8365577.516 276.185 6.8085 0.0 
8370000 22595 536.737 8371224.162 281.885 6.7971 0.0 
8380000 22613 546.719 8376163.381 281.724 6.9337 0.0 
8390000 22633 526.449 8380916.797 264.981 6.6718 0.0 
8400000 22646 583.2 8386240.507 298.041 7.3979 0.0 
8410000 22659 620.126 8391102.851 311.459 7.8823 0.0 
8420000 22685 528.891 8396475.084 272.002 6.6993 0.0 
8430000 22705 511.883 8402878.224 281.847 6.4855 0.0 
8440000 22724 531.68 8409308.338 310.254 6.7552 0.0 
8450000 22745 514.802 8414056.126 281.531 6.5561 0.0 
8460000 22762 534.664 8419384.257 289.853 6.8098 0.0 
8470000 22780 540.665 8424654.961 290.849 6.8732 0.0 
8480000 22795 565.77 8430070.057 305.695 7.2081 0.0 
8490000 22810 597.757 8435331.931 320.435 7.6035 0.0 
8500000 22823 629.81 8440403.218 332.358 8.0105 0.0 
8510000 22862 414.396 8446396.391 228.83 5.267 0.0 
8520000 22935 199.062 8452410.003 116.255 2.5265 0.0 
8530000 22978 239.874 8458548.169 141.884 3.0489 0.0 
8540000 22999 320.787 8464216.093 184.914 4.0547 0.0 
8550000 23013 411.327 8469043.243 222.963 5.2352 0.0 
8560000 23032 455.742 8473469.071 229.317 5.7809 0.0 
8570000 23060 409.209 8477400.663 190.677 5.1971 0.0 
8580000 23093 362.136 8482040.268 169.28 4.5889 0.0 
8590000 23131 290.308 8487985.95 152.156 3.6731 0.0 
8600000 23149 360.524 8493535.644 191.969 4.5704 0.0 
8610000 23159 477.502 8498778.338 254.207 6.0565 0.0 
8620000 23189 400.973 8504272.159 215.822 5.0977 0.0 
8630000 23209 442.153 8509218.913 230.245 5.6233 0.0 
8640000 23239 405.405 8513742.639 199.956 5.1809 0.0 
8650000 23250 505.795 8518252.832 241.772 6.4585 0.0 
8660000 23261 578.484 8522929.828 276.905 7.3798 0.0 
8670000 23274 621.608 8526830.327 280.934 6.8243 0.0 
8680000 23290 613.745 8530948.02 269.75 5.7263 0.0 
8690000 23338 349.913 8535721.925 157.119 2.736 0.0 
8700000 23405 218.137 8541010.149 109.485 1.3127 0.0 
8710000 23430 301.775 8546278.875 156.03 1.6091 0.0 
8720000 23450 367.946 8551342.682 187.708 1.8669 0.0 
8730000 23464 448.909 8556966.857 238.785 2.2179 0.0 
8740000 23476 531.765 8562459.644 286.004 2.6002 0.0 
8750000 23487 593.393 8568064.096 322.368 2.8858 0.0 
8760000 23502 623.232 8573980.558 346.56 3.0191 0.0 
8770000 23513 684.52 8579304.025 376.784 3.3063 0.0 
8780000 23530 655.927 8584919.134 362.741 3.1653 0.0 
8790000 23559 510.21 8590521.7 283.754 2.4586 0.0 
8800000 23591 406.496 8596538.932 232.09 1.9507 0.0 
8810000 23618 392.886 8601883.694 219.106 1.8767 0.0 
8820000 23632 469.24 8607121.304 256.447 2.2355 0.0 
8830000 23649 502.366 8612481.12 271.839 2.3895 0.0 
8840000 23677 436.433 8618001.609 239.199 2.0772 0.0 
8850000 23739 243.082 8622930.662 126.976 1.1604 0.0 
8860000 23764 296.633 8628357.421 158.57 1.4164 0.0 
8870000 23777 407.835 8633891.295 221.346 1.9507 0.0 
8880000 23795 463.496 8639282.627 250.43 2.2249 0.0 
8890000 23819 429.501 8645168.696 239.199 2.0581 0.0 
8900000 23832 502.282 8650568.633 276.464 2.4046 0.0 
8910000 23852 514.773 8655775.473 278.233 2.4625 0.0 
8920000 23886 386.601 8661107.919 208.281 1.8459 0.0 
8930000 23912 370.213 8666023.418 195.396 1.766 0.0 
8940000 23996 158.938 8671675.783 86.779 0.7576 0.0 
8950000 24030 236.784 8676751.036 123.056 1.1291 0.0 
8960000 24052 307.314 8681861.777 158.256 1.4743 0.0 
8970000 24068 393.528 8687079.167 202.915 1.8912 0.0 
8980000 24084 447.961 8692119.929 229.552 2.1561 0.0 
8990000 24107 454.813 8696929.134 225.383 2.1873 0.0 
9000000 24139 391.013 8702888.148 208.524 1.8764 0.0 
9010000 24153 474.98 8708117.599 252.515 2.2779 0.0 
9020000 24166 542.791 8713666.293 292.955 2.5981 0.0 
9030000 24178 593.505 8719144.014 322.083 2.838 0.0 
9040000 24196 587.133 8724689.46 320.51 2.8046 0.0 
9050000 24210 621.412 8730883.57 350.603 2.9693 0.0 
9060000 24221 685.412 8737096.668 398.199 3.2787 0.0 
9070000 24231 729.551 8742413.961 415.842 3.4891 0.0 
9080000 24241 779.023 8748399.183 449.361 3.7264 0.0 
9090000 24253 794.511 8754208.171 456.901 3.8069 0.0 
9100000 24268 760.853 8760135.75 441.857 3.6424 0.0 
9110000 24278 804.6 8765591.587 460.449 3.8498 0.0 
9120000 24293 775.815 8771287.782 443.762 3.7104 0.0 
9130000 24315 650.3 8777469.689 380.086 3.1081 0.0 
9140000 24331 651.324 8784101.462 394.27 3.1101 0.0 
9150000 24344 667.266 8790576.027 410.327 3.1892 0.0 
9160000 24361 654.812 8796294.504 394.848 3.1301 0.0 
9170000 24374 675.759 8801623.965 396.244 3.2222 0.0 
9180000 24386 712.101 8806516.132 400.187 3.4025 0.0 
9190000 24409 601.649 8811686.925 331.193 2.8773 0.0 
9200000 24431 554.046 8816770.67 297.307 2.648 0.0 
9210000 24527 163.119 8822200.104 87.181 0.7798 0.0 
9220000 24546 286.816 8827687.221 156.334 1.3804 0.0 
9230000 24565 348.421 8833870.998 202.043 1.6648 0.0 
9240000 24581 430.381 8838646.83 230.511 2.0565 0.0 
9250000 24597 484.025 8845111.296 278.183 2.3121 0.0 
9260000 24613 521.35 8850951.895 299.703 2.4921 0.0 
9270000 24626 573.192 8855580.11 310.072 2.7399 0.0 
9280000 24641 586.161 8860303.976 306.949 2.8044 0.0 
9290000 24685 400.315 8866165.321 221.578 1.9119 0.0 
9300000 24730 289.685 8871455.213 156.01 1.3843 0.0 
9310000 24747 383.388 8876858.963 207.071 1.8321 0.0 
9320000 24757 481.449 8881815.578 253.171 2.3079 0.0 
9330000 24776 502.937 8887148.599 264.659 2.4104 0.0 
9340000 24793 525.84 8892361.39 275.991 2.5176 0.0 
9350000 24804 601.863 8897770.591 318.433 2.8785 0.0 
9360000 24822 589.23 8903552.704 320.208 2.8126 0.0 
9370000 24834 638.371 8908716.501 342.773 3.0445 0.0 
9380000 24854 591.416 8914265.222 318.923 2.8178 0.0 
9390000 24888 430.134 8920080.474 237.736 2.0509 0.0 
9400000 24924 359.054 8925963.214 204.328 1.7139 0.0 
9410000 24938 443.685 8932729.334 270.2 2.1228 0.0 
9420000 24950 531.684 8939358.235 334.386 2.5452 0.0 
9430000 24965 557.547 8945375.76 346.904 2.6644 0.0 
9440000 24982 566.859 8952207.732 362.702 2.7092 0.0 
9450000 24993 641.634 8958263.999 404.005 3.0643 0.0 
9460000 25003 707.189 8964383.011 442.07 3.3759 0.0 
9470000 25019 685.489 8970553.452 427.122 3.2799 0.0 
9480000 25030 716.738 8977162.9 452.594 3.4223 0.0 
9490000 25064 507.338 8982676.943 308.966 2.4197 0.0 
9500000 25079 551.352 8988241.942 328.847 2.6285 0.0 
9510000 25102 509.768 8993505.524 291.413 2.4313 0.0 
9520000 25145 356.112 8999187.657 202.796 1.7078 0.0 
9530000 25172 363.138 9005082.076 209.72 1.7356 0.0 
9540000 25202 343.629 9010630.782 195.283 1.6378 0.0 
9550000 25221 404.373 9016603.09 234.154 1.9313 0.0 
9560000 25234 472.39 9022157.202 269.466 2.2555 0.0 
9570000 25245 559.156 9027668.35 314.582 2.67 0.0 
9580000 25266 524.361 9033430.732 298.31 2.5007 0.0 
9590000 25295 449.583 9039415.476 260.443 2.1461 0.0 
9600000 25314 470.698 9045449.551 276.428 2.2528 0.0 
9610000 25344 409.378 9051467.248 241.336 1.9592 0.0 
9620000 25375 379.071 9057279.097 222.013 1.8094 0.0 
9630000 25397 409.028 9062827.037 234.328 1.9549 0.0 
9640000 25412 475.418 9068586.835 272.947 2.2709 0.0 
9650000 25422 555.719 9074494.579 321.733 2.6547 0.0 
9660000 25437 594.679 9080392.539 346.525 2.8419 0.0 
9670000 25449 634.658 9085824.745 363.443 3.0321 0.0 
9680000 25461 680.908 9091302.406 384.572 3.2497 0.0 
9690000 25474 701.696 9096976.648 396.03 3.353 0.0 
9700000 25488 710.19 9102373.802 397.333 3.3932 0.0 
9710000 25507 652.676 9108334.473 371.846 3.1175 0.0 
9720000 25519 689.3 9114451.569 399.558 3.2952 0.0 
9730000 25535 657.837 9120125.99 379.348 3.1458 0.0 
9740000 25551 664.091 9126685.857 397.895 3.1738 0.0 
9750000 25567 651.643 9133322.089 400.838 3.1193 0.0 
9760000 25591 560.979 9139900.812 352.062 2.6854 0.0 
9770000 25625 430.734 9146227.299 270.034 2.0569 0.0 
9780000 25654 407.469 9151788.484 242.022 1.9442 0.0 
9790000 25672 454.42 9156973.844 256.262 2.1728 0.0 
9800000 25686 510.672 9162013.443 278.767 2.447 0.0 
9810000 25699 579.11 9167352.252 312.837 2.7799 0.0 
9820000 25716 574.947 9172939.547 314.195 2.7592 0.0 
9830000 25734 566.786 9178929.972 318.216 2.7229 0.0 
9840000 25746 618.512 9185041.104 357.116 2.9664 0.0 
9850000 25769 535.644 9190029.792 299.299 2.569 0.0 
9860000 25792 510.212 9195277.221 276.315 2.4402 0.0 
9870000 25808 547.935 9200239.162 290.007 2.6154 0.0 
9880000 25820 594.566 9205008.398 307.642 2.8383 0.0 
9890000 25832 643.453 9210387.007 336.887 3.0791 0.0 
9900000 25855 573.626 9215269.453 293.948 2.7452 0.0 
9910000 25868 611.861 9219747.0 302.409 2.9361 0.0 
9920000 25883 634.791 9224287.703 305.163 3.0473 0.0 
9930000 25896 654.49 9229360.479 318.545 3.1356 0.0 
9940000 25908 695.748 9234171.956 340.415 3.3258 0.0 
9950000 25925 675.748 9238729.633 323.309 3.2302 0.0 
9960000 25941 662.501 9243375.549 314.018 3.1652 0.0 
9970000 25963 588.014 9248132.517 278.97 2.8098 0.0 
9980000 25981 579.057 9252827.926 274.187 2.7653 0.0 
9990000 25997 579.615 9257903.325 277.462 2.7656 0.0 
10000000 26017 549.87 9263270.089 275.414 2.6259 0.0 
