1000 8 17.625 -389.034 -6.95 0.0106 0.0 
2000 16 32.608 -740.458 -11.845 0.0196 0.0 
3000 26 46.593 -1219.096 -19.132 0.0271 0.0 
4000 36 55.608 -1616.069 -22.958 0.0315 0.0 
5000 46 63.552 -2100.008 -27.372 0.0353 0.0 
6000 56 71.528 -2445.329 -29.076 0.0393 0.0 
7000 65 77.182 -2811.061 -30.916 0.0422 0.0 
8000 74 82.884 -3249.058 -33.695 0.0453 0.0 
9000 84 87.004 -3605.628 -34.366 0.0474 0.0 
10000 93 89.642 -3996.293 -34.916 0.049 0.0 
11000 104 91.366 -4443.486 -36.973 0.0497 0.0 
12000 115 90.975 -4925.371 -38.323 0.0492 0.0 
13000 123 94.85 -5279.72 -39.066 0.0514 0.0 
14000 132 98.059 -5782.546 -41.541 0.0531 0.0 
15000 142 97.903 -6283.87 -42.968 0.0528 0.0 
16000 152 98.141 -6563.517 -40.53 0.0528 0.0 
17000 163 98.143 -6887.27 -38.376 0.0719 0.0 
18000 175 94.177 -7240.943 -36.358 0.0933 0.0 
19000 183 99.295 -7284.055 -31.818 0.1241 0.0 
20000 185 115.334 -7299.602 -30.844 0.1824 0.0 
21000 188 124.832 -7441.931 -31.561 0.2148 0.0 
22000 189 131.596 -7465.916 -31.459 0.2401 0.0 
23000 190 148.964 -7473.332 -31.101 0.3054 0.0 
24000 192 174.365 -7488.174 -30.263 0.4122 0.0 
25000 193 181.398 -7501.487 -29.822 0.4349 0.0 
26000 194 191.87 -7518.41 -29.359 0.4789 0.0 
27000 195 208.032 -7529.566 -29.087 0.5551 0.0 
28000 197 230.094 -7544.859 -28.454 0.6247 0.0 
29000 198 245.492 -7555.267 -28.063 0.6821 0.0 
30000 200 261.011 -7595.305 -27.794 0.7613 0.0 
31000 201 275.791 -7610.076 -27.412 0.8261 0.0 
32000 202 274.735 -7637.409 -27.325 0.8218 0.0 
33000 206 285.896 -7698.49 -26.555 0.8916 0.0 
34000 207 300.178 -7709.694 -26.259 0.9726 0.0 
35000 208 314.175 -7753.122 -26.019 1.0457 0.0 
36000 213 306.198 -7865.949 -26.25 1.007 0.0 
37000 218 293.356 -8029.846 -26.587 0.9509 0.0 
38000 224 281.381 -8173.168 -26.598 0.8954 0.0 
39000 229 273.114 -8333.954 -27.013 0.8565 0.0 
40000 234 265.259 -8433.012 -26.303 0.8207 0.0 
41000 240 255.474 -8544.201 -25.468 0.7769 0.0 
42000 243 257.227 -8614.764 -25.214 0.7771 0.0 
43000 246 256.244 -8671.365 -24.752 0.7682 0.0 
44000 250 264.421 -8715.145 -23.926 0.7932 0.0 
45000 253 266.739 -8759.117 -23.397 0.8003 0.0 
46000 256 268.089 -8797.88 -22.756 0.7949 0.0 
47000 257 282.728 -8816.009 -22.516 0.8685 0.0 
48000 258 283.753 -8836.149 -22.353 0.8696 0.0 
49000 259 298.078 -8844.762 -22.199 0.9505 0.0 
50000 260 312.117 -8857.173 -21.963 1.0087 0.0 
51000 261 325.874 -8874.149 -21.734 1.0945 0.0 
52000 262 337.557 -8889.725 -21.661 1.1419 0.0 
53000 263 350.806 -8896.944 -21.504 1.2048 0.0 
54000 264 363.789 -8907.547 -21.214 1.2899 0.0 
55000 265 376.514 -8920.253 -21.0 1.3641 0.0 
56000 266 388.983 -8930.861 -20.842 1.4136 0.0 
57000 267 401.204 -8936.726 -20.652 1.4713 0.0 
58000 268 413.18 -8945.788 -20.339 1.5273 0.0 
59000 269 424.916 -8949.921 -20.097 1.605 0.0 
60000 271 445.369 -8958.159 -19.635 1.658 0.0 
61000 272 456.462 -8967.191 -19.408 1.7166 0.0 
62000 273 467.333 -8974.131 -19.191 1.7699 0.0 
63000 274 477.986 -8982.942 -18.951 1.8058 0.0 
64000 275 488.426 -8991.327 -18.717 1.8475 0.0 
65000 276 498.658 -9001.345 -18.591 1.906 0.0 
66000 277 508.685 -9010.32 -18.365 1.9378 0.0 
67000 278 518.511 -9020.183 -18.2 1.981 0.0 
68000 279 528.141 -9030.749 -18.001 2.0276 0.0 
69000 280 537.578 -9044.152 -17.861 2.0936 0.0 
70000 281 546.826 -9052.885 -17.754 2.1518 0.0 
71000 282 555.89 -9060.782 -17.609 2.1968 0.0 
72000 283 564.772 -9066.109 -17.405 2.235 0.0 
73000 284 573.477 -9073.481 -17.142 2.2569 0.0 
74000 285 582.007 -9080.839 -16.963 2.2901 0.0 
75000 286 590.367 -9086.745 -16.788 2.3221 0.0 
76000 287 598.56 -9094.521 -16.566 2.3752 0.0 
77000 288 604.668 -9107.781 -16.446 2.4067 0.0 
78000 289 612.575 -9114.107 -16.292 2.4415 0.0 
79000 290 620.324 -9122.358 -16.143 2.4618 0.0 
80000 291 627.917 -9127.425 -15.897 2.4898 0.0 
81000 292 635.359 -9132.605 -15.697 2.5072 0.0 
82000 293 642.652 -9141.316 -15.49 2.5279 0.0 
83000 294 649.799 -9149.525 -15.356 2.5581 0.0 
84000 295 656.803 -9152.261 -15.205 2.5804 0.0 
85000 296 663.667 -9155.177 -14.93 2.6007 0.0 
86000 297 670.393 -9162.584 -14.677 2.64 0.0 
87000 298 676.985 -9171.16 -14.552 2.6736 0.0 
88000 299 683.446 -9176.308 -14.453 2.7022 0.0 
89000 300 689.777 -9183.591 -14.243 2.7073 0.0 
90000 301 695.981 -9188.544 -14.122 2.7509 0.0 
91000 302 702.062 -9191.5 -13.911 2.7718 0.0 
92000 303 708.02 -9200.979 -13.682 2.7914 0.0 
93000 304 713.86 -9208.088 -13.62 2.8383 0.0 
94000 305 719.583 -9210.62 -13.516 2.8573 0.0 
95000 306 725.191 -9221.561 -13.338 2.8826 0.0 
96000 307 730.687 -9229.557 -13.221 2.9286 0.0 
97000 308 730.413 -9237.471 -13.149 2.9207 0.0 
98000 309 735.805 -9252.117 -13.04 2.9308 0.0 
99000 310 737.529 -9265.708 -13.026 2.9283 0.0 
100000 311 741.139 -9274.996 -12.995 2.9223 0.0 
101000 312 746.316 -9281.809 -12.876 2.9511 0.0 
102000 313 751.389 -9287.965 -12.742 2.9818 0.0 
103000 314 756.362 -9296.689 -12.605 2.9973 0.0 
104000 315 761.234 -9304.253 -12.539 3.031 0.0 
105000 316 766.01 -9311.181 -12.445 3.0271 0.0 
106000 317 770.69 -9316.704 -12.305 3.0285 0.0 
107000 318 775.276 -9322.57 -12.189 3.0648 0.0 
108000 319 779.77 -9330.668 -12.068 3.1034 0.0 
109000 320 784.175 -9337.711 -11.973 3.1165 0.0 
110000 321 788.491 -9344.573 -11.876 3.1587 0.0 
111000 322 792.722 -9354.602 -11.792 3.1578 0.0 
112000 323 796.867 -9357.946 -11.739 3.1734 0.0 
113000 324 800.93 -9357.851 -11.56 3.187 0.0 
114000 325 804.911 -9357.287 -11.361 3.1921 0.0 
115000 327 797.857 -9356.689 -10.916 3.1462 0.0 
116000 328 796.18 -9368.247 -10.618 3.122 0.0 
117000 330 788.831 -9380.364 -10.457 3.0887 0.0 
118000 334 757.095 -9392.977 -10.089 2.9352 0.0 
119000 337 729.282 -9416.828 -10.026 2.8104 0.0 
120000 340 705.831 -9430.714 -9.671 2.6992 0.0 
121000 343 681.229 -9450.344 -9.431 2.5935 0.0 
122000 347 651.915 -9478.052 -9.245 2.4631 0.0 
123000 350 624.182 -9494.671 -9.095 2.3435 0.0 
124000 353 613.989 -9507.592 -8.775 2.3124 0.0 
125000 356 598.81 -9529.684 -8.66 2.2391 0.0 
126000 358 580.858 -9532.175 -8.433 2.1642 0.0 
127000 363 558.638 -9539.949 -7.795 2.0471 0.0 
128000 364 564.005 -9537.3 -7.524 2.0688 0.0 
129000 367 551.202 -9557.758 -7.487 2.0156 0.0 
130000 371 529.275 -9584.183 -7.428 1.9149 0.0 
131000 374 513.028 -9597.653 -7.211 1.8381 0.0 
132000 378 496.435 -9618.493 -7.06 1.7814 0.0 
133000 380 497.564 -9616.747 -6.782 1.8101 0.0 
134000 383 486.536 -9627.458 -6.6 1.7515 0.0 
135000 384 496.806 -9621.745 -6.372 1.8037 0.0 
136000 388 477.548 -9622.503 -5.836 1.7084 0.0 
137000 389 487.997 -9621.063 -5.754 1.7641 0.0 
138000 390 497.777 -9616.049 -5.578 1.8116 0.0 
139000 391 507.822 -9615.431 -5.372 1.8627 0.0 
140000 392 507.765 -9611.804 -5.325 1.8547 0.0 
141000 393 510.65 -9607.307 -5.041 1.8577 0.0 
142000 395 526.708 -9599.531 -4.605 1.9493 0.0 
143000 398 506.644 -9600.042 -4.267 1.8615 0.0 
144000 400 512.033 -9593.043 -4.12 1.8841 0.0 
145000 401 520.112 -9591.43 -4.011 1.9323 0.0 
146000 402 519.25 -9596.495 -3.87 1.9202 0.0 
147000 403 528.865 -9600.452 -3.928 1.9532 0.0 
148000 405 539.662 -9590.456 -3.742 1.9992 0.0 
149000 406 541.209 -9587.693 -3.616 1.9939 0.0 
150000 408 552.383 -9584.364 -3.297 2.0104 0.0 
151000 409 561.335 -9578.495 -3.136 2.0535 0.0 
152000 411 552.463 -9565.913 -2.829 2.0061 0.0 
153000 413 556.117 -9549.297 -2.357 2.0206 0.0 
154000 414 564.835 -9539.855 -2.144 2.0547 0.0 
155000 415 568.718 -9528.674 -1.842 2.0681 0.0 
156000 416 574.744 -9526.286 -1.707 2.1161 0.0 
157000 417 583.249 -9530.402 -1.748 2.1812 0.0 
158000 418 591.584 -9537.191 -1.856 2.2328 0.0 
159000 419 599.752 -9539.7 -1.938 2.2597 0.0 
160000 420 607.757 -9537.903 -1.808 2.3012 0.0 
161000 421 615.102 -9536.571 -1.756 2.3519 0.0 
162000 422 622.8 -9533.333 -1.747 2.393 0.0 
163000 423 630.344 -9532.364 -1.582 2.4474 0.0 
164000 424 636.497 -9538.757 -1.723 2.4772 0.0 
165000 425 643.767 -9543.382 -1.654 2.5427 0.0 
166000 426 650.892 -9543.689 -1.787 2.5713 0.0 
167000 427 657.874 -9542.735 -1.663 2.5849 0.0 
168000 428 664.716 -9542.728 -1.694 2.6038 0.0 
169000 429 665.482 -9542.929 -1.567 2.6007 0.0 
170000 430 672.172 -9548.231 -1.605 2.6429 0.0 
171000 431 678.729 -9553.323 -1.646 2.6645 0.0 
172000 432 685.154 -9553.989 -1.69 2.6979 0.0 
173000 433 691.451 -9559.18 -1.693 2.7162 0.0 
174000 434 697.622 -9564.2 -1.758 2.775 0.0 
175000 435 703.67 -9567.542 -1.824 2.7843 0.0 
176000 436 709.596 -9574.327 -1.856 2.8288 0.0 
177000 437 715.405 -9577.976 -1.943 2.8702 0.0 
178000 438 721.096 -9582.431 -1.997 2.9219 0.0 
179000 439 726.674 -9585.465 -2.024 2.9646 0.0 
180000 440 732.141 -9592.895 -2.088 3.0119 0.0 
181000 441 737.498 -9599.745 -2.158 3.0489 0.0 
182000 442 742.748 -9603.664 -2.243 3.1088 0.0 
183000 443 747.893 -9607.308 -2.284 3.113 0.0 
184000 444 752.935 -9612.07 -2.299 3.1352 0.0 
185000 445 757.877 -9610.885 -2.35 3.1628 0.0 
186000 446 762.719 -9613.075 -2.303 3.1589 0.0 
187000 447 767.465 -9618.738 -2.277 3.2011 0.0 
188000 448 772.115 -9621.751 -2.348 3.2399 0.0 
189000 449 776.673 -9623.956 -2.386 3.2505 0.0 
190000 450 781.14 -9627.728 -2.37 3.2739 0.0 
191000 451 785.517 -9634.381 -2.394 3.3098 0.0 
192000 452 789.807 -9636.218 -2.482 3.3272 0.0 
193000 453 794.01 -9637.467 -2.473 3.3771 0.0 
194000 454 798.13 -9640.014 -2.441 3.3911 0.0 
195000 455 802.168 -9642.529 -2.432 3.3992 0.0 
196000 456 806.124 -9641.925 -2.439 3.403 0.0 
197000 458 810.402 -9644.916 -2.372 3.3978 0.0 
198000 459 814.194 -9648.813 -2.406 3.45 0.0 
199000 460 817.91 -9652.075 -2.402 3.494 0.0 
200000 461 821.552 -9652.61 -2.441 3.5014 0.0 
201000 462 825.121 -9658.75 -2.436 3.5095 0.0 
202000 463 828.618 -9662.985 -2.497 3.5142 0.0 
203000 464 832.046 -9661.4 -2.41 3.5146 0.0 
204000 465 835.405 -9665.171 -2.459 3.5147 0.0 
205000 466 838.697 -9665.963 -2.437 3.5315 0.0 
206000 467 840.883 -9667.189 -2.407 3.5181 0.0 
207000 468 839.745 -9671.066 -2.481 3.5066 0.0 
208000 469 840.27 -9665.871 -2.361 3.498 0.0 
209000 472 813.847 -9666.108 -2.131 3.3573 0.0 
210000 475 789.55 -9670.867 -2.083 3.2318 0.0 
211000 476 787.599 -9655.448 -1.883 3.2088 0.0 
212000 479 766.518 -9651.37 -1.598 3.1046 0.0 
213000 480 771.188 -9654.563 -1.65 3.129 0.0 
214000 481 771.924 -9653.441 -1.583 3.1169 0.0 
215000 483 761.196 -9639.565 -1.337 3.0559 0.0 
216000 484 757.432 -9644.47 -1.292 3.0331 0.0 
217000 485 762.283 -9642.288 -1.291 3.0259 0.0 
218000 487 764.057 -9634.482 -1.017 3.0083 0.0 
219000 488 756.176 -9624.273 -0.806 2.9653 0.0 
220000 489 761.052 -9622.162 -0.857 2.9655 0.0 
221000 493 730.874 -9620.943 -0.576 2.8335 0.0 
222000 496 710.802 -9604.559 -0.262 2.7373 0.0 
223000 497 716.586 -9592.412 -0.005 2.7711 0.0 
224000 499 699.32 -9580.325 0.011 2.6883 0.0 
225000 500 695.654 -9570.112 0.299 2.6591 0.0 
226000 502 698.906 -9555.711 0.619 2.6479 0.0 
227000 503 703.908 -9548.071 0.685 2.6484 0.0 
228000 506 687.978 -9530.361 0.978 2.5637 0.0 
229000 507 685.078 -9519.334 1.161 2.545 0.0 
230000 509 680.829 -9509.02 1.314 2.5395 0.0 
231000 510 687.212 -9503.512 1.438 2.5747 0.0 
232000 511 683.968 -9491.954 1.62 2.5578 0.0 
233000 514 673.906 -9477.271 1.845 2.53 0.0 
234000 517 647.888 -9464.342 1.925 2.4112 0.0 
235000 521 627.959 -9450.27 2.223 2.3398 0.0 
236000 523 615.264 -9434.401 2.252 2.2819 0.0 
237000 525 613.9 -9417.99 2.55 2.2634 0.0 
238000 528 601.016 -9405.844 2.771 2.1934 0.0 
239000 530 594.313 -9390.186 2.988 2.1525 0.0 
240000 532 594.207 -9375.027 3.178 2.1416 0.0 
241000 534 590.158 -9356.903 3.436 2.1218 0.0 
242000 535 586.255 -9335.055 3.482 2.0991 0.0 
243000 537 590.636 -9312.583 3.951 2.1054 0.0 
244000 538 586.803 -9302.087 4.02 2.0833 0.0 
245000 541 583.768 -9283.964 4.256 2.0494 0.0 
246000 544 567.596 -9253.158 4.485 1.9736 0.0 
247000 547 552.035 -9226.436 4.722 1.9016 0.0 
248000 551 533.483 -9203.884 4.91 1.8147 0.0 
249000 555 512.94 -9191.316 4.868 1.7194 0.0 
250000 558 501.647 -9171.837 4.943 1.6661 0.0 
251000 559 511.615 -9157.864 5.063 1.693 0.0 
252000 561 503.399 -9128.139 5.23 1.658 0.0 
253000 563 509.284 -9118.111 5.361 1.6753 0.0 
254000 566 496.519 -9079.158 5.775 1.6237 0.0 
255000 568 490.477 -9054.972 6.05 1.5998 0.0 
256000 571 487.702 -9027.412 6.267 1.5816 0.0 
257000 572 497.948 -9013.842 6.354 1.6314 0.0 
258000 574 496.545 -8993.996 6.518 1.6201 0.0 
259000 577 489.453 -8978.747 6.469 1.5922 0.0 
260000 578 499.664 -8965.713 6.63 1.6262 0.0 
261000 581 490.934 -8947.848 6.661 1.5879 0.0 
262000 583 487.591 -8926.547 6.75 1.5738 0.0 
263000 586 480.76 -8894.368 6.985 1.5398 0.0 
264000 588 474.523 -8871.56 7.123 1.5087 0.0 
265000 590 481.304 -8844.273 7.286 1.5357 0.0 
266000 594 467.507 -8814.891 7.477 1.4739 0.0 
267000 597 457.475 -8789.607 7.478 1.4275 0.0 
268000 598 465.046 -8777.118 7.526 1.4445 0.0 
269000 600 467.128 -8755.589 7.549 1.45 0.0 
270000 601 464.165 -8744.329 7.683 1.4397 0.0 
271000 604 470.086 -8723.578 7.704 1.4781 0.0 
272000 607 465.22 -8708.256 7.587 1.4591 0.0 
273000 610 457.837 -8701.887 7.293 1.4299 0.0 
274000 612 457.897 -8679.338 7.471 1.4368 0.0 
275000 613 457.959 -8673.682 7.445 1.4343 0.0 
276000 614 468.8 -8663.08 7.313 1.52 0.0 
277000 617 469.73 -8645.904 7.354 1.5375 0.0 
278000 619 473.929 -8629.296 7.438 1.5377 0.0 
279000 622 466.554 -8611.334 7.392 1.4978 0.0 
280000 624 464.19 -8589.368 7.361 1.4909 0.0 
281000 627 457.1 -8584.13 7.102 1.4593 0.0 
282000 630 452.809 -8564.884 7.177 1.4341 0.0 
283000 632 452.678 -8567.941 6.773 1.4393 0.0 
284000 634 450.732 -8548.631 6.864 1.4329 0.0 
285000 637 450.247 -8539.494 6.708 1.4356 0.0 
286000 638 450.622 -8534.399 6.627 1.4366 0.0 
287000 640 458.583 -8531.055 6.328 1.4904 0.0 
288000 643 450.16 -8516.75 6.263 1.451 0.0 
289000 645 449.102 -8515.782 6.133 1.4507 0.0 
290000 648 449.306 -8506.534 5.906 1.4541 0.0 
291000 651 440.457 -8480.43 6.006 1.4167 0.0 
292000 653 444.571 -8482.823 5.816 1.4205 0.0 
293000 655 443.984 -8472.252 5.725 1.4226 0.0 
294000 657 449.601 -8470.599 5.521 1.4433 0.0 
295000 658 452.929 -8460.534 5.713 1.4616 0.0 
296000 661 451.782 -8445.228 5.523 1.4477 0.0 
297000 662 456.706 -8446.042 5.476 1.4718 0.0 
298000 664 463.194 -8435.034 5.406 1.4987 0.0 
299000 665 464.69 -8431.455 5.612 1.4981 0.0 
300000 667 479.209 -8436.75 5.216 1.5852 0.0 
301000 668 489.625 -8438.775 5.086 1.6374 0.0 
302000 669 499.832 -8440.078 4.924 1.6773 0.0 
303000 670 507.335 -8436.371 4.796 1.7159 0.0 
304000 671 517.189 -8439.601 4.609 1.7761 0.0 
305000 672 524.665 -8444.517 4.416 1.7979 0.0 
306000 673 534.172 -8437.47 4.433 1.8598 0.0 
307000 674 542.688 -8432.595 4.468 1.9106 0.0 
308000 675 551.834 -8431.989 4.413 1.936 0.0 
309000 677 550.453 -8420.846 4.434 1.9153 0.0 
310000 678 548.644 -8419.392 4.505 1.902 0.0 
311000 680 561.138 -8414.634 4.403 1.9279 0.0 
312000 681 561.795 -8404.2 4.487 1.9261 0.0 
313000 682 570.559 -8408.946 4.299 1.9567 0.0 
314000 684 575.645 -8408.772 4.177 2.0092 0.0 
315000 685 582.952 -8406.147 4.124 2.0263 0.0 
316000 686 591.293 -8399.719 4.117 2.0622 0.0 
317000 687 595.567 -8399.22 4.031 2.0767 0.0 
318000 689 597.683 -8393.604 4.123 2.0599 0.0 
319000 690 605.73 -8394.124 4.021 2.1309 0.0 
320000 691 613.615 -8397.871 3.884 2.1547 0.0 
321000 692 621.343 -8401.736 3.703 2.1904 0.0 
322000 693 628.916 -8407.046 3.534 2.2333 0.0 
323000 694 626.458 -8388.105 3.765 2.2179 0.0 
324000 695 633.928 -8381.924 3.62 2.2687 0.0 
325000 696 634.55 -8384.453 3.827 2.2707 0.0 
326000 697 641.859 -8388.419 3.662 2.286 0.0 
327000 698 649.022 -8394.371 3.495 2.31 0.0 
328000 699 653.601 -8398.205 3.389 2.3207 0.0 
329000 701 653.839 -8378.692 3.474 2.3438 0.0 
330000 702 660.762 -8380.602 3.404 2.3528 0.0 
331000 703 667.547 -8381.772 3.286 2.3659 0.0 
332000 704 674.196 -8382.688 3.155 2.4052 0.0 
333000 705 674.512 -8388.39 3.152 2.4075 0.0 
334000 706 681.022 -8396.3 2.991 2.4409 0.0 
335000 707 687.401 -8399.693 2.805 2.4901 0.0 
336000 708 693.653 -8405.748 2.644 2.522 0.0 
337000 709 699.78 -8408.586 2.484 2.5591 0.0 
338000 710 705.784 -8413.809 2.362 2.5879 0.0 
339000 711 711.669 -8413.816 2.23 2.6181 0.0 
340000 712 717.355 -8416.334 2.222 2.6501 0.0 
341000 713 723.008 -8419.527 2.096 2.7001 0.0 
342000 714 728.548 -8422.872 1.986 2.728 0.0 
343000 715 733.977 -8427.778 1.88 2.7458 0.0 
344000 716 739.298 -8431.779 1.74 2.7754 0.0 
345000 717 744.512 -8436.35 1.629 2.7783 0.0 
346000 718 749.621 -8435.899 1.506 2.7998 0.0 
347000 719 754.629 -8427.65 1.475 2.8383 0.0 
348000 720 759.536 -8431.741 1.633 2.8638 0.0 
349000 722 754.839 -8413.219 1.771 2.8415 0.0 
350000 723 758.282 -8418.009 1.721 2.8705 0.0 
351000 724 763.116 -8420.028 1.63 2.8757 0.0 
352000 725 767.854 -8426.312 1.559 2.905 0.0 
353000 726 772.497 -8430.331 1.395 2.9103 0.0 
354000 727 777.047 -8430.295 1.274 2.9368 0.0 
355000 728 781.506 -8437.897 1.217 2.9461 0.0 
356000 730 778.998 -8431.364 1.167 2.9233 0.0 
357000 731 783.418 -8434.913 1.052 2.9559 0.0 
358000 732 787.75 -8438.521 0.958 3.0007 0.0 
359000 733 791.995 -8438.656 0.892 3.0045 0.0 
360000 734 796.155 -8440.319 0.841 3.0096 0.0 
361000 735 800.232 -8437.934 0.795 3.024 0.0 
362000 736 804.227 -8436.858 0.789 3.049 0.0 
363000 737 804.043 -8437.1 0.969 3.0467 0.0 
364000 738 804.642 -8427.286 1.113 3.0518 0.0 
365000 739 808.549 -8426.952 1.192 3.0869 0.0 
366000 741 798.471 -8435.716 0.941 3.0748 0.0 
367000 742 799.181 -8422.781 1.034 3.0659 0.0 
368000 743 803.198 -8417.335 1.161 3.0701 0.0 
369000 745 802.692 -8401.564 1.481 3.0789 0.0 
370000 746 806.638 -8399.962 1.36 3.1232 0.0 
371000 747 810.506 -8403.631 1.318 3.1374 0.0 
372000 748 814.295 -8410.142 1.218 3.1332 0.0 
373000 749 818.01 -8409.323 1.085 3.1418 0.0 
374000 750 821.649 -8412.359 1.113 3.1762 0.0 
375000 751 815.516 -8400.451 1.393 3.1457 0.0 
376000 753 807.562 -8392.067 1.363 3.1345 0.0 
377000 754 807.691 -8383.35 1.557 3.1477 0.0 
378000 756 806.046 -8375.397 1.816 3.1242 0.0 
379000 757 809.925 -8375.675 1.713 3.1316 0.0 
380000 758 804.307 -8368.549 1.748 3.1047 0.0 
381000 759 808.221 -8373.329 1.635 3.1443 0.0 
382000 761 799.655 -8358.837 1.688 3.1228 0.0 
383000 762 792.762 -8353.198 1.999 3.0858 0.0 
384000 763 796.907 -8340.379 1.922 3.1099 0.0 
385000 764 800.969 -8340.652 2.202 3.1144 0.0 
386000 766 796.91 -8316.633 2.334 3.1145 0.0 
387000 768 783.163 -8280.221 2.883 3.0441 0.0 
388000 770 771.438 -8263.259 3.371 2.9902 0.0 
389000 773 754.072 -8238.134 3.561 2.9156 0.0 
390000 774 758.991 -8247.273 3.402 2.9492 0.0 
391000 775 763.811 -8250.506 3.266 2.9672 0.0 
392000 778 739.672 -8214.397 3.826 2.8447 0.0 
393000 780 722.776 -8176.137 4.182 2.7609 0.0 
394000 784 694.036 -8134.003 4.962 2.6164 0.0 
395000 786 678.672 -8108.733 5.161 2.5473 0.0 
396000 787 685.099 -8098.804 5.058 2.5792 0.0 
397000 788 691.397 -8094.348 5.167 2.6013 0.0 
398000 789 697.569 -8090.456 5.14 2.6295 0.0 
399000 790 703.617 -8079.79 5.193 2.6523 0.0 
400000 792 700.434 -8063.948 5.458 2.6358 0.0 
401000 793 706.426 -8043.678 5.691 2.6509 0.0 
402000 794 712.297 -8024.372 5.889 2.6716 0.0 
403000 797 690.957 -7981.795 6.446 2.5779 0.0 
404000 799 683.933 -7958.93 6.736 2.552 0.0 
405000 800 677.894 -7930.04 6.903 2.5254 0.0 
406000 802 679.209 -7898.27 7.203 2.5191 0.0 
407000 804 667.319 -7878.472 7.646 2.4612 0.0 
408000 805 673.973 -7882.987 7.387 2.4954 0.0 
409000 807 675.364 -7873.115 7.251 2.5174 0.0 
410000 808 681.856 -7869.641 7.192 2.5308 0.0 
411000 809 688.219 -7873.804 7.0 2.561 0.0 
412000 810 681.115 -7865.914 7.097 2.5302 0.0 
413000 812 688.543 -7870.64 6.72 2.5771 0.0 
414000 813 682.052 -7841.599 6.833 2.5476 0.0 
415000 814 688.411 -7836.298 6.991 2.5607 0.0 
416000 816 689.77 -7823.348 6.95 2.5714 0.0 
417000 817 695.974 -7819.725 6.805 2.6286 0.0 
418000 818 697.775 -7809.088 6.953 2.6304 0.0 
419000 819 703.819 -7799.386 6.99 2.6445 0.0 
420000 820 709.743 -7785.993 6.995 2.7057 0.0 
421000 821 704.188 -7776.028 7.163 2.6798 0.0 
422000 822 710.104 -7772.051 7.198 2.7055 0.0 
423000 823 715.902 -7772.043 7.135 2.744 0.0 
424000 825 722.533 -7755.907 7.039 2.7831 0.0 
425000 826 728.082 -7753.765 6.932 2.8311 0.0 
426000 827 733.52 -7750.541 6.772 2.8646 0.0 
427000 828 726.55 -7747.784 6.839 2.8288 0.0 
428000 829 732.019 -7747.357 6.728 2.8568 0.0 
429000 830 737.379 -7751.933 6.606 2.8746 0.0 
430000 831 742.631 -7755.895 6.387 2.9014 0.0 
431000 832 747.778 -7753.167 6.168 2.9454 0.0 
432000 833 752.823 -7752.659 6.117 3.0003 0.0 
433000 836 743.719 -7732.507 6.237 2.9523 0.0 
434000 837 739.245 -7707.774 6.236 2.9283 0.0 
435000 838 736.06 -7712.701 6.474 2.9065 0.0 
436000 839 741.339 -7715.095 6.225 2.9249 0.0 
437000 840 746.512 -7719.218 6.028 2.928 0.0 
438000 842 749.816 -7710.942 5.622 2.9258 0.0 
439000 843 754.819 -7717.293 5.517 2.926 0.0 
440000 844 759.723 -7719.862 5.286 2.9369 0.0 
441000 845 764.529 -7719.816 5.139 2.9362 0.0 
442000 846 755.478 -7720.931 5.38 2.8939 0.0 
443000 848 751.757 -7701.596 5.378 2.8844 0.0 
444000 851 737.726 -7675.763 5.514 2.801 0.0 
445000 852 742.972 -7680.451 5.368 2.8033 0.0 
446000 853 734.532 -7672.043 5.545 2.7637 0.0 
447000 855 738.905 -7671.794 5.17 2.7644 0.0 
448000 857 723.939 -7634.105 5.547 2.6944 0.0 
449000 858 727.7 -7626.502 5.733 2.7032 0.0 
450000 859 733.146 -7635.146 5.512 2.7289 0.0 
451000 862 706.444 -7617.281 5.536 2.6169 0.0 
452000 864 706.189 -7596.964 5.58 2.6276 0.0 
453000 865 712.065 -7608.036 5.351 2.6399 0.0 
454000 866 701.984 -7611.834 5.447 2.5975 0.0 
455000 869 694.914 -7580.992 5.348 2.5695 0.0 
456000 872 672.287 -7549.375 5.7 2.47 0.0 
457000 873 678.841 -7557.719 5.468 2.4876 0.0 
458000 875 674.299 -7555.679 5.308 2.4608 0.0 
459000 880 631.256 -7523.673 5.544 2.2736 0.0 
460000 882 619.445 -7486.798 5.797 2.2167 0.0 
461000 886 593.832 -7443.596 6.235 2.0973 0.0 
462000 889 571.128 -7425.38 6.415 2.0017 0.0 
463000 893 556.737 -7414.757 6.111 1.918 0.0 
464000 896 541.849 -7370.956 6.544 1.8463 0.0 
465000 899 528.08 -7326.245 6.96 1.7825 0.0 
466000 903 508.302 -7295.466 7.092 1.6949 0.0 
467000 905 499.291 -7280.477 7.103 1.6574 0.0 
468000 906 500.385 -7265.425 7.084 1.6605 0.0 
469000 911 487.952 -7225.646 7.355 1.6065 0.0 
470000 914 477.113 -7188.911 7.523 1.5646 0.0 
471000 917 469.901 -7156.273 7.723 1.5287 0.0 
472000 920 456.17 -7133.948 7.816 1.4696 0.0 
473000 922 457.549 -7109.87 7.881 1.4583 0.0 
474000 926 444.516 -7066.17 8.137 1.4032 0.0 
475000 927 455.626 -7054.713 8.208 1.4655 0.0 
476000 928 466.514 -7051.671 8.111 1.5125 0.0 
477000 930 461.295 -7045.494 8.019 1.4929 0.0 
478000 931 472.069 -7053.376 7.714 1.5397 0.0 
479000 932 482.628 -7046.47 7.517 1.5915 0.0 
480000 933 491.275 -7047.68 7.605 1.634 0.0 
481000 936 490.994 -7021.92 7.389 1.6261 0.0 
482000 938 492.797 -7005.627 7.539 1.6241 0.0 
483000 940 484.455 -6994.672 7.623 1.5882 0.0 
484000 942 483.989 -6994.665 7.322 1.5769 0.0 
485000 943 494.309 -6994.185 7.132 1.6209 0.0 
486000 947 485.669 -6954.316 7.243 1.5781 0.0 
487000 948 488.556 -6958.576 7.087 1.5816 0.0 
488000 949 492.105 -6952.392 6.909 1.5863 0.0 
489000 951 503.817 -6944.684 6.806 1.6068 0.0 
490000 954 495.016 -6925.204 6.809 1.5686 0.0 
491000 955 501.996 -6921.669 6.716 1.6095 0.0 
492000 957 503.81 -6900.761 6.871 1.6141 0.0 
493000 958 505.114 -6909.827 6.699 1.6155 0.0 
494000 961 504.022 -6889.413 6.608 1.6098 0.0 
495000 963 506.244 -6894.583 6.419 1.6094 0.0 
496000 965 493.061 -6870.903 6.459 1.562 0.0 
497000 968 495.377 -6849.684 6.589 1.5732 0.0 
498000 972 476.338 -6817.452 6.75 1.5013 0.0 
499000 976 456.113 -6777.963 6.868 1.4283 0.0 
500000 978 446.315 -6753.522 6.889 1.3927 0.0 
501000 983 432.9 -6704.604 7.35 1.3402 0.0 
502000 985 426.539 -6694.702 7.415 1.3164 0.0 
503000 987 433.368 -6680.457 7.121 1.3414 0.0 
504000 988 441.56 -6672.2 7.202 1.3624 0.0 
505000 990 448.695 -6650.157 7.267 1.3767 0.0 
506000 992 458.186 -6639.512 7.463 1.4062 0.0 
507000 995 450.416 -6606.751 7.666 1.3702 0.0 
508000 997 443.479 -6568.019 7.796 1.3433 0.0 
509000 999 452.677 -6547.884 8.086 1.3617 0.0 
510000 1001 442.056 -6521.646 8.241 1.3235 0.0 
511000 1005 439.59 -6483.592 8.431 1.318 0.0 
512000 1006 447.738 -6485.079 8.077 1.3463 0.0 
513000 1007 445.784 -6490.22 8.205 1.3405 0.0 
514000 1009 458.711 -6470.569 7.955 1.3991 0.0 
515000 1012 457.643 -6455.919 7.912 1.3974 0.0 
516000 1013 455.83 -6431.109 8.067 1.3915 0.0 
517000 1015 466.757 -6410.183 8.187 1.4178 0.0 
518000 1017 468.622 -6396.689 8.255 1.4341 0.0 
519000 1020 459.57 -6347.888 8.603 1.3961 0.0 
520000 1022 450.774 -6326.322 8.597 1.3641 0.0 
521000 1024 457.26 -6307.82 8.683 1.3838 0.0 
522000 1025 468.114 -6289.232 8.733 1.4306 0.0 
523000 1026 478.752 -6284.723 8.864 1.4644 0.0 
524000 1027 489.177 -6279.412 8.906 1.5086 0.0 
525000 1029 495.306 -6269.278 8.61 1.5393 0.0 
526000 1030 505.4 -6276.311 8.328 1.5828 0.0 
527000 1031 515.292 -6264.524 8.39 1.612 0.0 
528000 1035 493.939 -6217.121 8.637 1.5294 0.0 
529000 1037 497.099 -6204.372 8.622 1.5657 0.0 
530000 1040 487.534 -6188.426 8.536 1.5324 0.0 
531000 1041 483.323 -6177.854 8.593 1.5173 0.0 
532000 1044 487.891 -6152.009 8.418 1.5479 0.0 
533000 1046 480.97 -6136.494 8.618 1.5202 0.0 
534000 1047 484.731 -6130.455 8.404 1.5286 0.0 
535000 1048 491.196 -6129.329 8.38 1.5552 0.0 
536000 1050 510.505 -6126.727 8.117 1.6629 0.0 
537000 1051 520.295 -6129.074 7.823 1.7168 0.0 
538000 1052 529.889 -6138.843 7.56 1.7437 0.0 
539000 1053 539.291 -6141.22 7.254 1.7973 0.0 
540000 1055 535.774 -6119.398 7.272 1.7701 0.0 
541000 1056 545.058 -6130.956 7.029 1.8157 0.0 
542000 1057 541.697 -6115.618 7.298 1.7981 0.0 
543000 1058 550.863 -6118.993 7.017 1.8245 0.0 
544000 1060 563.209 -6110.781 6.961 1.8928 0.0 
545000 1062 549.737 -6116.217 6.536 1.8376 0.0 
546000 1063 558.742 -6116.458 6.318 1.8923 0.0 
547000 1064 563.468 -6115.762 6.317 1.9211 0.0 
548000 1065 570.898 -6114.553 6.232 1.969 0.0 
549000 1067 577.651 -6108.279 5.989 2.0234 0.0 
550000 1069 581.456 -6099.565 6.004 2.0493 0.0 
551000 1070 587.847 -6083.275 6.066 2.0746 0.0 
552000 1071 596.09 -6094.49 5.858 2.1257 0.0 
553000 1072 604.168 -6098.795 5.6 2.1781 0.0 
554000 1073 612.084 -6109.903 5.353 2.1952 0.0 
555000 1074 619.843 -6113.104 5.15 2.2316 0.0 
556000 1075 627.446 -6109.515 4.953 2.2518 0.0 
557000 1076 634.897 -6116.892 4.744 2.2848 0.0 
558000 1077 642.199 -6119.002 4.604 2.3184 0.0 
559000 1078 635.655 -6115.888 4.72 2.2907 0.0 
560000 1079 642.942 -6112.353 4.574 2.3292 0.0 
561000 1080 650.083 -6114.041 4.616 2.3731 0.0 
562000 1081 657.081 -6120.318 4.421 2.408 0.0 
563000 1082 663.94 -6124.928 4.22 2.4581 0.0 
564000 1083 670.661 -6118.745 4.046 2.4971 0.0 
565000 1084 673.568 -6119.399 4.172 2.5083 0.0 
566000 1086 680.835 -6101.293 4.174 2.537 0.0 
567000 1087 687.218 -6102.083 3.972 2.5953 0.0 
568000 1088 688.413 -6103.228 4.033 2.599 0.0 
569000 1089 694.645 -6102.802 3.889 2.6118 0.0 
570000 1090 700.752 -6111.16 3.811 2.6466 0.0 
571000 1091 706.737 -6113.409 3.6 2.6636 0.0 
572000 1092 712.603 -6117.679 3.474 2.6986 0.0 
573000 1093 718.35 -6122.687 3.292 2.7336 0.0 
574000 1094 721.223 -6126.805 3.185 2.7517 0.0 
575000 1095 726.799 -6133.62 3.024 2.7828 0.0 
576000 1096 731.303 -6124.746 2.953 2.7837 0.0 
577000 1101 692.007 -6075.84 3.727 2.5969 0.0 
578000 1102 691.847 -6056.438 3.955 2.5824 0.0 
579000 1105 667.383 -6027.27 4.13 2.4811 0.0 
580000 1108 655.993 -6001.026 4.516 2.4265 0.0 
581000 1111 632.304 -5955.139 5.079 2.3262 0.0 
582000 1115 598.416 -5943.951 5.077 2.19 0.0 
583000 1116 606.447 -5946.828 4.959 2.2203 0.0 
584000 1117 614.318 -5946.432 4.814 2.2566 0.0 
585000 1119 611.911 -5937.436 4.772 2.2386 0.0 
586000 1121 609.44 -5926.623 4.626 2.2154 0.0 
587000 1122 617.251 -5915.473 4.865 2.2317 0.0 
588000 1123 617.226 -5914.969 4.957 2.2251 0.0 
589000 1125 620.184 -5888.938 5.069 2.2309 0.0 
590000 1126 620.6 -5882.816 5.052 2.2394 0.0 
591000 1127 628.188 -5874.48 5.199 2.2516 0.0 
592000 1128 631.904 -5879.973 5.259 2.2505 0.0 
593000 1129 639.266 -5876.987 4.996 2.2768 0.0 
594000 1131 637.231 -5866.269 5.092 2.2878 0.0 
595000 1134 630.927 -5846.574 5.114 2.2404 0.0 
596000 1135 634.788 -5836.534 5.088 2.2492 0.0 
597000 1136 640.513 -5829.566 5.224 2.2745 0.0 
598000 1137 647.702 -5829.2 5.047 2.2945 0.0 
599000 1138 654.748 -5830.837 4.922 2.3372 0.0 
600000 1140 653.718 -5816.91 5.103 2.3301 0.0 
601000 1142 648.34 -5798.284 5.356 2.2923 0.0 
602000 1143 644.853 -5782.151 5.471 2.2736 0.0 
603000 1144 650.576 -5773.128 5.463 2.3215 0.0 
604000 1145 657.565 -5768.091 5.523 2.3478 0.0 
605000 1148 644.293 -5726.463 5.86 2.2919 0.0 
606000 1150 631.718 -5713.96 6.127 2.2364 0.0 
607000 1151 639.084 -5714.777 5.905 2.2749 0.0 
608000 1153 638.602 -5697.954 5.962 2.258 0.0 
609000 1154 645.83 -5696.655 5.903 2.3277 0.0 
610000 1156 640.322 -5682.142 5.931 2.3046 0.0 
611000 1157 643.795 -5680.552 5.892 2.3078 0.0 
612000 1159 645.941 -5672.834 5.775 2.3078 0.0 
613000 1160 653.022 -5669.699 5.592 2.3445 0.0 
614000 1161 648.482 -5672.218 5.697 2.3263 0.0 
615000 1162 655.512 -5680.164 5.477 2.3693 0.0 
616000 1163 662.402 -5679.025 5.225 2.4043 0.0 
617000 1164 669.154 -5678.44 5.255 2.4609 0.0 
618000 1165 675.771 -5685.207 5.02 2.5025 0.0 
619000 1167 679.71 -5674.726 4.807 2.5232 0.0 
620000 1168 686.116 -5677.902 4.648 2.5748 0.0 
621000 1169 681.654 -5679.913 4.715 2.5515 0.0 
622000 1170 688.021 -5688.361 4.514 2.6132 0.0 
623000 1171 694.26 -5693.777 4.272 2.656 0.0 
624000 1173 697.788 -5685.8 4.1 2.6569 0.0 
625000 1174 703.832 -5680.865 4.13 2.6563 0.0 
626000 1176 699.056 -5690.883 3.951 2.6276 0.0 
627000 1177 705.075 -5690.973 3.814 2.6622 0.0 
628000 1178 710.973 -5698.387 3.619 2.6771 0.0 
629000 1179 716.754 -5703.669 3.426 2.7061 0.0 
630000 1180 719.898 -5684.008 3.566 2.733 0.0 
631000 1181 725.501 -5687.204 3.354 2.7786 0.0 
632000 1182 730.991 -5682.745 3.466 2.8002 0.0 
633000 1183 736.371 -5689.879 3.255 2.8273 0.0 
634000 1184 741.643 -5692.686 3.111 2.8637 0.0 
635000 1185 746.81 -5695.854 2.952 2.9019 0.0 
636000 1186 751.874 -5692.949 3.011 2.9447 0.0 
637000 1187 756.837 -5694.662 2.858 2.9786 0.0 
638000 1188 761.7 -5700.844 2.735 3.0141 0.0 
639000 1189 766.466 -5707.726 2.576 3.0354 0.0 
640000 1190 764.117 -5713.316 2.461 3.0207 0.0 
641000 1191 762.234 -5719.932 2.391 3.0129 0.0 
642000 1192 766.99 -5727.139 2.248 3.0151 0.0 
643000 1193 771.65 -5732.984 2.058 3.037 0.0 
644000 1194 776.217 -5721.84 1.905 3.0448 0.0 
645000 1197 761.33 -5687.277 2.472 2.9626 0.0 
646000 1198 766.103 -5684.621 2.597 2.9922 0.0 
647000 1199 770.781 -5688.372 2.382 3.0142 0.0 
648000 1200 775.365 -5690.828 2.395 3.0467 0.0 
649000 1201 779.858 -5693.93 2.252 3.0471 0.0 
650000 1203 772.696 -5703.517 2.115 3.028 0.0 
651000 1204 777.242 -5690.716 2.378 3.0365 0.0 
652000 1205 766.177 -5676.691 2.642 2.9856 0.0 
653000 1207 761.436 -5659.338 2.728 2.9736 0.0 
654000 1208 766.207 -5653.924 2.622 2.978 0.0 
655000 1209 770.883 -5647.621 2.813 2.979 0.0 
656000 1210 775.466 -5636.54 2.902 3.0036 0.0 
657000 1211 779.956 -5630.107 3.077 3.0344 0.0 
658000 1214 757.06 -5620.604 3.049 2.9325 0.0 
659000 1218 722.159 -5601.276 3.281 2.7839 0.0 
660000 1219 727.716 -5592.191 3.387 2.8021 0.0 
661000 1220 725.602 -5579.097 3.549 2.7897 0.0 
662000 1222 719.768 -5570.689 3.445 2.7627 0.0 
663000 1223 725.372 -5565.437 3.575 2.7754 0.0 
664000 1225 719.288 -5560.595 3.562 2.7759 0.0 
665000 1227 713.264 -5564.622 3.492 2.7521 0.0 
666000 1229 694.347 -5542.461 3.718 2.6681 0.0 
667000 1230 700.46 -5547.332 3.526 2.6774 0.0 
668000 1233 688.693 -5537.591 3.631 2.619 0.0 
669000 1234 677.519 -5538.32 3.575 2.5717 0.0 
670000 1242 609.355 -5497.682 3.693 2.2847 0.0 
671000 1243 617.168 -5502.268 3.514 2.3268 0.0 
672000 1244 624.825 -5504.738 3.331 2.3399 0.0 
673000 1245 632.328 -5494.07 3.553 2.3526 0.0 
674000 1246 622.141 -5501.063 3.57 2.3105 0.0 
675000 1249 621.192 -5483.397 3.394 2.2786 0.0 
676000 1252 594.492 -5470.146 3.622 2.165 0.0 
677000 1254 592.547 -5461.387 3.374 2.1414 0.0 
678000 1257 586.789 -5443.429 3.798 2.103 0.0 
679000 1258 584.634 -5427.894 4.062 2.0916 0.0 
680000 1260 588.402 -5430.293 3.693 2.1145 0.0 
681000 1262 587.381 -5431.266 3.558 2.0957 0.0 
682000 1265 572.05 -5433.417 3.304 2.0209 0.0 
683000 1268 552.871 -5413.744 3.431 1.936 0.0 
684000 1271 537.869 -5384.79 3.693 1.8657 0.0 
685000 1274 533.737 -5399.741 3.442 1.8519 0.0 
686000 1278 511.109 -5357.031 3.874 1.7568 0.0 
687000 1282 488.216 -5340.172 3.949 1.6568 0.0 
688000 1287 463.83 -5338.154 3.705 1.5492 0.0 
689000 1289 463.267 -5339.448 3.417 1.5424 0.0 
690000 1296 420.103 -5293.998 3.743 1.3746 0.0 
691000 1297 429.341 -5312.384 3.456 1.403 0.0 
692000 1302 411.44 -5300.064 3.327 1.3205 0.0 
693000 1305 400.731 -5298.567 3.227 1.2733 0.0 
694000 1306 403.756 -5312.287 3.04 1.2812 0.0 
695000 1309 412.813 -5307.835 2.731 1.3142 0.0 
696000 1310 424.557 -5309.959 2.526 1.3853 0.0 
697000 1311 436.065 -5312.606 2.379 1.4308 0.0 
698000 1312 443.144 -5304.485 2.584 1.4563 0.0 
699000 1313 454.281 -5315.148 2.409 1.503 0.0 
700000 1314 465.196 -5313.767 2.187 1.545 0.0 
701000 1315 462.612 -5318.461 2.407 1.5336 0.0 
702000 1317 482.392 -5325.173 2.0 1.6263 0.0 
703000 1318 492.744 -5327.804 1.921 1.676 0.0 
704000 1322 473.77 -5288.306 2.508 1.5915 0.0 
705000 1324 464.338 -5260.023 2.884 1.5492 0.0 
706000 1325 475.051 -5262.653 2.988 1.5913 0.0 
707000 1326 485.55 -5272.6 2.729 1.6344 0.0 
708000 1329 487.156 -5257.324 2.749 1.6373 0.0 
709000 1330 497.413 -5254.129 2.681 1.7136 0.0 
710000 1331 491.525 -5255.396 2.964 1.6897 0.0 
711000 1332 501.694 -5262.899 2.655 1.737 0.0 
712000 1336 493.92 -5233.153 2.746 1.7103 0.0 
713000 1337 504.041 -5244.291 2.483 1.7485 0.0 
714000 1338 513.96 -5249.407 2.379 1.7868 0.0 
715000 1339 523.681 -5252.358 2.164 1.8248 0.0 
716000 1340 533.208 -5246.747 2.329 1.8539 0.0 
717000 1341 536.043 -5256.593 2.159 1.8733 0.0 
718000 1343 543.376 -5253.037 2.108 1.9127 0.0 
719000 1344 552.509 -5243.824 2.239 1.9468 0.0 
720000 1345 561.458 -5238.675 2.291 1.9764 0.0 
721000 1346 555.109 -5236.289 2.475 1.9497 0.0 
722000 1348 565.007 -5208.314 2.583 1.9683 0.0 
723000 1349 573.707 -5197.566 2.741 1.9988 0.0 
724000 1350 570.413 -5200.437 3.023 1.9817 0.0 
725000 1352 576.184 -5195.027 2.814 2.0116 0.0 
726000 1353 584.661 -5205.21 2.594 2.0496 0.0 
727000 1354 592.967 -5207.251 2.46 2.0722 0.0 
728000 1356 593.906 -5191.551 2.593 2.0619 0.0 
729000 1358 591.312 -5163.133 3.118 2.0452 0.0 
730000 1359 587.126 -5153.036 3.387 2.0277 0.0 
731000 1362 585.578 -5131.511 3.614 2.0194 0.0 
732000 1363 593.866 -5123.113 3.732 2.0454 0.0 
733000 1364 588.789 -5108.719 3.976 2.022 0.0 
734000 1366 589.753 -5082.716 3.99 2.015 0.0 
735000 1367 597.958 -5076.076 4.232 2.0627 0.0 
736000 1368 605.999 -5078.467 4.118 2.0909 0.0 
737000 1370 609.401 -5071.966 4.148 2.1063 0.0 
738000 1371 605.713 -5056.383 4.412 2.0892 0.0 
739000 1372 613.599 -5047.023 4.215 2.1353 0.0 
740000 1373 621.327 -5045.305 4.398 2.1565 0.0 
741000 1374 628.901 -5033.46 4.273 2.1892 0.0 
742000 1375 635.782 -5031.045 4.542 2.2211 0.0 
743000 1376 643.067 -5029.543 4.403 2.2781 0.0 
744000 1377 650.206 -5019.493 4.428 2.3198 0.0 
745000 1378 657.201 -5017.749 4.485 2.3415 0.0 
746000 1379 664.057 -5004.247 4.499 2.3973 0.0 
747000 1380 669.816 -4995.086 4.694 2.4112 0.0 
748000 1381 676.42 -4990.789 4.76 2.4378 0.0 
749000 1382 682.891 -4985.593 4.774 2.4601 0.0 
750000 1383 689.234 -4972.986 4.774 2.5116 0.0 
751000 1385 690.152 -4955.314 5.034 2.531 0.0 
752000 1386 696.349 -4942.578 5.049 2.5515 0.0 
753000 1388 691.453 -4931.851 5.251 2.5151 0.0 
754000 1389 690.144 -4917.802 5.311 2.5085 0.0 
755000 1391 689.404 -4899.766 5.517 2.5116 0.0 
756000 1392 695.616 -4891.133 5.522 2.5387 0.0 
757000 1393 701.703 -4885.848 5.521 2.5758 0.0 
758000 1394 704.029 -4877.762 5.616 2.5773 0.0 
759000 1395 709.469 -4870.041 5.583 2.6011 0.0 
760000 1396 715.279 -4867.055 5.588 2.6311 0.0 
761000 1397 713.634 -4858.597 5.701 2.6281 0.0 
762000 1399 709.551 -4830.394 5.951 2.6026 0.0 
763000 1401 710.733 -4815.827 6.153 2.6268 0.0 
764000 1403 697.868 -4770.421 6.607 2.5671 0.0 
765000 1406 679.868 -4727.982 7.217 2.4773 0.0 
766000 1408 668.402 -4691.18 7.593 2.4203 0.0 
767000 1410 666.502 -4676.349 7.708 2.401 0.0 
768000 1412 654.892 -4635.654 8.025 2.3458 0.0 
769000 1413 661.794 -4641.176 7.844 2.3642 0.0 
770000 1416 643.21 -4594.905 8.159 2.2818 0.0 
771000 1418 637.243 -4563.241 8.521 2.2447 0.0 
772000 1419 644.498 -4548.833 8.585 2.2767 0.0 
773000 1422 628.327 -4505.741 8.909 2.2124 0.0 
774000 1424 619.664 -4486.914 8.861 2.1758 0.0 
775000 1425 626.09 -4472.589 9.026 2.1938 0.0 
776000 1427 628.896 -4458.293 9.237 2.2077 0.0 
777000 1428 628.378 -4428.303 9.371 2.2102 0.0 
778000 1429 630.35 -4413.674 9.479 2.2235 0.0 
779000 1430 637.743 -4402.935 9.56 2.2482 0.0 
780000 1432 642.574 -4376.716 9.646 2.2695 0.0 
781000 1434 639.735 -4369.545 9.71 2.2415 0.0 
782000 1435 631.021 -4345.212 9.765 2.206 0.0 
783000 1437 641.492 -4329.315 9.886 2.2195 0.0 
784000 1438 643.082 -4300.533 9.99 2.2277 0.0 
785000 1439 650.221 -4286.596 10.072 2.2573 0.0 
786000 1441 645.722 -4261.824 10.214 2.2287 0.0 
787000 1442 640.848 -4252.446 10.318 2.2086 0.0 
788000 1443 648.031 -4250.149 10.154 2.2386 0.0 
789000 1444 655.07 -4247.519 10.004 2.2917 0.0 
790000 1446 657.01 -4231.837 9.819 2.2972 0.0 
791000 1447 663.869 -4219.115 9.861 2.3323 0.0 
792000 1450 649.776 -4185.236 9.898 2.2694 0.0 
793000 1452 642.594 -4159.477 10.128 2.2301 0.0 
794000 1453 647.143 -4146.34 10.0 2.2593 0.0 
795000 1454 649.6 -4140.266 10.163 2.2688 0.0 
796000 1455 656.608 -4140.265 9.884 2.33 0.0 
797000 1456 658.976 -4137.328 9.85 2.3426 0.0 
798000 1458 657.48 -4123.395 9.7 2.3457 0.0 
799000 1459 664.33 -4117.119 9.616 2.3802 0.0 
800000 1460 670.224 -4110.716 9.579 2.4098 0.0 
801000 1463 659.017 -4076.229 9.553 2.3424 0.0 
802000 1464 655.757 -4078.071 9.519 2.3274 0.0 
803000 1466 656.937 -4061.465 9.317 2.3139 0.0 
804000 1467 663.798 -4063.97 9.099 2.3729 0.0 
805000 1468 670.522 -4057.157 9.01 2.3986 0.0 
806000 1471 651.813 -4023.486 9.196 2.3128 0.0 
807000 1472 644.277 -4014.543 9.222 2.2794 0.0 
808000 1475 636.348 -3984.624 9.278 2.2518 0.0 
809000 1476 643.621 -3974.526 9.181 2.3079 0.0 
810000 1477 648.048 -3968.205 9.22 2.3349 0.0 
811000 1478 655.087 -3974.471 8.952 2.3613 0.0 
812000 1479 656.465 -3961.992 8.922 2.3585 0.0 
813000 1481 659.789 -3933.464 9.042 2.3922 0.0 
814000 1482 666.594 -3919.893 9.177 2.4334 0.0 
815000 1483 671.982 -3903.615 9.271 2.4523 0.0 
816000 1486 658.506 -3876.837 9.534 2.3945 0.0 
817000 1487 665.336 -3861.293 9.642 2.4263 0.0 
818000 1489 653.605 -3821.734 9.814 2.3756 0.0 
819000 1490 649.653 -3811.603 9.853 2.3581 0.0 
820000 1491 656.66 -3805.277 9.905 2.418 0.0 
821000 1492 663.527 -3795.426 9.86 2.4506 0.0 
822000 1493 670.256 -3786.613 9.791 2.4989 0.0 
823000 1494 676.851 -3783.065 9.783 2.5302 0.0 
824000 1495 683.314 -3770.628 9.716 2.5755 0.0 
825000 1496 689.648 -3759.815 9.706 2.5966 0.0 
826000 1497 695.855 -3756.803 9.712 2.6231 0.0 
827000 1498 701.938 -3741.106 9.63 2.6614 0.0 
828000 1499 707.899 -3724.781 9.753 2.6798 0.0 
829000 1500 713.741 -3714.905 9.854 2.698 0.0 
830000 1501 719.466 -3701.997 9.811 2.7297 0.0 
831000 1502 725.077 -3696.032 9.929 2.7551 0.0 
832000 1503 730.575 -3687.79 9.839 2.7704 0.0 
833000 1504 735.964 -3673.008 9.828 2.7846 0.0 
834000 1506 732.66 -3642.885 9.997 2.7656 0.0 
835000 1507 738.006 -3635.952 10.05 2.7934 0.0 
836000 1509 733.221 -3601.919 10.145 2.7577 0.0 
837000 1513 697.859 -3534.27 10.831 2.593 0.0 
838000 1515 690.6 -3506.22 11.007 2.543 0.0 
839000 1518 671.023 -3460.358 11.415 2.4475 0.0 
840000 1519 669.243 -3429.073 11.529 2.4341 0.0 
841000 1520 675.858 -3416.971 11.604 2.4506 0.0 
842000 1523 663.26 -3384.629 11.688 2.3844 0.0 
843000 1526 644.494 -3342.114 11.88 2.298 0.0 
844000 1528 635.235 -3305.22 11.964 2.2517 0.0 
845000 1531 616.854 -3250.869 12.236 2.1671 0.0 
846000 1535 591.751 -3197.78 12.556 2.054 0.0 
847000 1538 575.493 -3142.13 12.769 1.9818 0.0 
848000 1542 551.833 -3075.901 13.206 1.8772 0.0 
849000 1545 535.904 -3022.47 13.362 1.8074 0.0 
850000 1549 517.16 -2970.85 13.543 1.7233 0.0 
851000 1552 503.6 -2904.17 13.799 1.6629 0.0 
852000 1555 493.15 -2854.997 13.953 1.6152 0.0 
853000 1559 475.364 -2792.779 14.1 1.5382 0.0 
854000 1562 465.535 -2742.26 14.153 1.4918 0.0 
855000 1565 455.982 -2693.521 14.401 1.4474 0.0 
856000 1567 462.685 -2668.848 14.43 1.4717 0.0 
857000 1569 454.764 -2624.91 14.591 1.4387 0.0 
858000 1570 460.209 -2611.723 14.542 1.4541 0.0 
859000 1573 464.495 -2561.014 14.653 1.4546 0.0 
860000 1574 475.205 -2551.981 14.672 1.4847 0.0 
861000 1576 476.697 -2527.63 14.428 1.4851 0.0 
862000 1579 466.179 -2479.087 14.605 1.4402 0.0 
863000 1582 462.556 -2454.515 14.417 1.4209 0.0 
864000 1584 459.159 -2419.825 14.359 1.4051 0.0 
865000 1585 469.976 -2399.674 14.296 1.4359 0.0 
866000 1588 466.699 -2368.556 14.437 1.4172 0.0 
867000 1589 477.365 -2354.214 14.337 1.4518 0.0 
868000 1590 476.818 -2336.468 14.277 1.4516 0.0 
869000 1592 485.056 -2308.184 14.17 1.4898 0.0 
870000 1595 474.663 -2263.825 14.292 1.4555 0.0 
871000 1597 467.467 -2237.283 14.261 1.426 0.0 
872000 1599 471.481 -2219.765 14.116 1.4504 0.0 
873000 1601 482.27 -2207.347 13.865 1.5072 0.0 
874000 1602 492.625 -2193.65 13.818 1.5575 0.0 
875000 1603 502.773 -2186.121 13.728 1.6102 0.0 
876000 1605 498.995 -2159.929 13.629 1.5959 0.0 
877000 1607 498.146 -2134.198 13.591 1.5849 0.0 
878000 1609 497.015 -2112.217 13.535 1.5733 0.0 
879000 1610 496.175 -2101.958 13.448 1.5652 0.0 
880000 1612 505.306 -2088.338 13.204 1.5827 0.0 
881000 1615 501.032 -2047.155 13.131 1.5546 0.0 
882000 1616 511.011 -2047.756 12.916 1.63 0.0 
883000 1618 505.656 -2028.822 12.853 1.6097 0.0 
884000 1620 511.119 -2010.781 12.648 1.6313 0.0 
885000 1621 513.697 -2006.949 12.533 1.6409 0.0 
886000 1622 523.423 -2012.337 12.179 1.6722 0.0 
887000 1624 523.87 -1978.405 12.234 1.6687 0.0 
888000 1625 533.392 -1976.664 11.967 1.6986 0.0 
889000 1626 535.784 -1961.028 12.066 1.7018 0.0 
890000 1627 545.069 -1948.944 12.09 1.7222 0.0 
891000 1629 548.404 -1926.462 12.108 1.7131 0.0 
892000 1631 554.587 -1910.66 12.036 1.737 0.0 
893000 1633 544.271 -1876.1 12.117 1.6968 0.0 
894000 1636 538.247 -1842.221 12.092 1.6618 0.0 
895000 1637 540.522 -1840.556 11.95 1.6697 0.0 
896000 1639 534.502 -1821.292 11.811 1.6468 0.0 
897000 1641 537.277 -1804.317 11.774 1.6582 0.0 
898000 1643 539.463 -1789.99 11.524 1.6644 0.0 
899000 1644 541.954 -1789.669 11.337 1.6748 0.0 
900000 1647 536.49 -1761.305 11.191 1.659 0.0 
901000 1649 537.673 -1739.143 11.177 1.6678 0.0 
902000 1650 546.919 -1742.68 10.852 1.6964 0.0 
903000 1654 526.45 -1701.492 10.974 1.6162 0.0 
904000 1656 521.448 -1668.152 10.995 1.5959 0.0 
905000 1658 520.435 -1650.286 10.95 1.5904 0.0 
906000 1660 512.959 -1632.554 11.004 1.5615 0.0 
907000 1662 519.306 -1614.322 10.725 1.5932 0.0 
908000 1663 514.42 -1610.11 10.796 1.5768 0.0 
909000 1665 530.909 -1599.351 10.54 1.6372 0.0 
910000 1666 531.57 -1594.21 10.458 1.6379 0.0 
911000 1667 540.939 -1597.879 10.156 1.6781 0.0 
912000 1668 540.8 -1583.442 10.076 1.6772 0.0 
913000 1670 555.305 -1571.815 9.95 1.7334 0.0 
914000 1672 552.771 -1554.053 9.903 1.7198 0.0 
915000 1673 561.716 -1542.119 9.97 1.7443 0.0 
916000 1675 558.409 -1523.534 9.927 1.7383 0.0 
917000 1677 553.901 -1510.497 9.845 1.7236 0.0 
918000 1678 556.303 -1508.671 9.73 1.7376 0.0 
919000 1679 565.177 -1512.92 9.5 1.7865 0.0 
920000 1681 573.261 -1504.174 9.217 1.836 0.0 
921000 1682 581.795 -1491.487 9.278 1.8741 0.0 
922000 1683 590.159 -1488.767 9.187 1.9329 0.0 
923000 1684 598.356 -1493.365 8.862 1.9568 0.0 
924000 1685 606.389 -1497.58 8.6 1.9907 0.0 
925000 1686 611.281 -1489.943 8.605 2.0245 0.0 
926000 1687 615.696 -1489.912 8.486 2.0572 0.0 
927000 1688 617.722 -1491.125 8.378 2.06 0.0 
928000 1690 618.56 -1477.578 8.18 2.0513 0.0 
929000 1691 623.609 -1467.864 8.122 2.0856 0.0 
930000 1692 631.137 -1466.464 8.169 2.1098 0.0 
931000 1694 631.364 -1446.809 8.062 2.11 0.0 
932000 1695 624.796 -1437.232 8.149 2.0845 0.0 
933000 1698 622.084 -1408.387 8.258 2.0837 0.0 
934000 1699 629.642 -1415.032 7.917 2.1163 0.0 
935000 1700 637.049 -1413.226 7.795 2.1741 0.0 
936000 1701 644.308 -1419.185 7.584 2.1933 0.0 
937000 1702 643.282 -1410.178 7.52 2.1827 0.0 
938000 1704 648.008 -1413.474 7.227 2.1929 0.0 
939000 1705 652.488 -1397.93 7.331 2.2098 0.0 
940000 1706 659.438 -1397.273 7.144 2.2416 0.0 
941000 1707 658.929 -1393.524 7.256 2.2335 0.0 
942000 1708 665.751 -1396.743 7.032 2.263 0.0 
943000 1709 672.436 -1389.523 7.005 2.3009 0.0 
944000 1711 672.207 -1371.933 7.086 2.2993 0.0 
945000 1712 678.763 -1364.68 7.04 2.3197 0.0 
946000 1713 685.188 -1363.706 6.912 2.342 0.0 
947000 1714 691.484 -1365.923 6.685 2.3654 0.0 
948000 1715 697.655 -1357.91 6.745 2.402 0.0 
949000 1716 703.701 -1367.922 6.441 2.4221 0.0 
950000 1717 705.267 -1361.567 6.337 2.4182 0.0 
951000 1719 695.877 -1337.338 6.466 2.3747 0.0 
952000 1720 701.96 -1332.535 6.685 2.4095 0.0 
953000 1722 697.936 -1306.276 6.9 2.3921 0.0 
954000 1723 701.217 -1301.393 6.748 2.3889 0.0 
955000 1724 701.573 -1298.214 6.884 2.3835 0.0 
956000 1726 702.211 -1284.752 6.751 2.4084 0.0 
957000 1728 697.822 -1270.432 6.696 2.3904 0.0 
958000 1730 692.531 -1271.055 6.649 2.3754 0.0 
959000 1731 698.681 -1276.695 6.451 2.4153 0.0 
960000 1732 704.707 -1265.632 6.497 2.4413 0.0 
961000 1734 695.206 -1224.849 6.889 2.392 0.0 
962000 1735 695.382 -1207.614 7.0 2.401 0.0 
963000 1737 694.662 -1187.651 7.395 2.4054 0.0 
964000 1739 682.327 -1147.039 7.632 2.3595 0.0 
965000 1740 676.84 -1146.477 7.78 2.3367 0.0 
966000 1742 685.477 -1134.91 7.628 2.3551 0.0 
967000 1743 678.968 -1119.939 7.587 2.3243 0.0 
968000 1744 685.388 -1117.65 7.662 2.3635 0.0 
969000 1746 690.574 -1110.468 7.54 2.3831 0.0 
970000 1747 692.923 -1100.594 7.427 2.3896 0.0 
971000 1748 685.144 -1108.574 7.436 2.3559 0.0 
972000 1749 691.441 -1093.569 7.134 2.3987 0.0 
973000 1750 697.612 -1080.392 7.311 2.434 0.0 
974000 1751 703.66 -1086.894 7.425 2.475 0.0 
975000 1752 709.587 -1087.517 7.132 2.52 0.0 
976000 1754 712.687 -1066.931 7.135 2.5235 0.0 
977000 1755 718.434 -1069.832 6.907 2.561 0.0 
978000 1756 711.825 -1067.468 6.95 2.5341 0.0 
979000 1758 718.037 -1045.999 6.902 2.5631 0.0 
980000 1760 708.163 -1016.122 7.204 2.5236 0.0 
981000 1762 702.27 -996.721 7.349 2.4972 0.0 
982000 1763 699.665 -985.809 7.458 2.4834 0.0 
983000 1765 702.358 -971.953 7.524 2.5078 0.0 
984000 1766 703.291 -962.643 7.367 2.5035 0.0 
985000 1768 691.834 -936.272 7.675 2.4567 0.0 
986000 1769 697.997 -934.264 7.7 2.4744 0.0 
987000 1770 704.037 -929.339 7.538 2.4939 0.0 
988000 1772 704.237 -924.106 7.439 2.5026 0.0 
989000 1773 702.832 -908.719 7.461 2.5011 0.0 
990000 1774 708.776 -911.936 7.293 2.5139 0.0 
991000 1775 714.6 -905.112 7.257 2.5245 0.0 
992000 1776 720.308 -911.968 7.068 2.5597 0.0 
993000 1777 725.902 -902.733 6.954 2.6099 0.0 
994000 1778 730.344 -898.497 7.055 2.6251 0.0 
995000 1780 724.632 -869.251 7.263 2.5972 0.0 
996000 1781 730.139 -855.098 7.393 2.6333 0.0 
997000 1782 735.537 -850.763 7.403 2.6443 0.0 
998000 1783 740.826 -839.244 7.352 2.6856 0.0 
999000 1784 745.669 -831.169 7.446 2.7129 0.0 
1000000 1785 750.756 -816.614 7.468 2.7463 0.0 
